2025-06-13 22:42:38,105 - Namespace(data_dir='data/self_processed/', output_dir='hparam_search/', data_name='Diginetica', train_name='BSARec_Diginetica', num_items=10, num_users=14829, lr=0.001, batch_size=256, epochs=200, no_cuda=False, log_freq=1, patience=10, num_workers=4, seed=42, weight_decay=0.0, adam_beta1=0.9, adam_beta2=0.999, gpu_id='0', variance=5, model_type='BSARec', max_seq_length=50, hidden_size=64, num_hidden_layers=2, hidden_act='gelu', num_attention_heads=1, attention_probs_dropout_prob=0.5, hidden_dropout_prob=0.5, initializer_range=0.02, c=1, alpha=0.3, cuda_condition=True, data_file='data/self_processed/Diginetica.txt', item_size=9441, checkpoint_path=PosixPath('/gpfs/home3/scur2771/BSARec/BSARec/src/hparam_search/BSARec_Diginetica/12367757_2/model.pt'), same_target_path='data/self_processed/Diginetica_same_target.npy')
2025-06-13 22:42:38,141 - BSARecModel(
  (item_embeddings): Embedding(9441, 64, padding_idx=0)
  (position_embeddings): Embedding(50, 64)
  (LayerNorm): LayerNorm()
  (dropout): Dropout(p=0.5, inplace=False)
  (item_encoder): BSARecEncoder(
    (blocks): ModuleList(
      (0): BSARecBlock(
        (layer): BSARecLayer(
          (filter_layer): FrequencyLayer(
            (out_dropout): Dropout(p=0.5, inplace=False)
            (LayerNorm): LayerNorm()
          )
          (attention_layer): MultiHeadAttention(
            (query): Linear(in_features=64, out_features=64, bias=True)
            (key): Linear(in_features=64, out_features=64, bias=True)
            (value): Linear(in_features=64, out_features=64, bias=True)
            (softmax): Softmax(dim=-1)
            (attn_dropout): Dropout(p=0.5, inplace=False)
            (dense): Linear(in_features=64, out_features=64, bias=True)
            (LayerNorm): LayerNorm((64,), eps=1e-12, elementwise_affine=True)
            (out_dropout): Dropout(p=0.5, inplace=False)
          )
        )
        (feed_forward): FeedForward(
          (dense_1): Linear(in_features=64, out_features=256, bias=True)
          (dense_2): Linear(in_features=256, out_features=64, bias=True)
          (LayerNorm): LayerNorm()
          (dropout): Dropout(p=0.5, inplace=False)
        )
      )
      (1): BSARecBlock(
        (layer): BSARecLayer(
          (filter_layer): FrequencyLayer(
            (out_dropout): Dropout(p=0.5, inplace=False)
            (LayerNorm): LayerNorm()
          )
          (attention_layer): MultiHeadAttention(
            (query): Linear(in_features=64, out_features=64, bias=True)
            (key): Linear(in_features=64, out_features=64, bias=True)
            (value): Linear(in_features=64, out_features=64, bias=True)
            (softmax): Softmax(dim=-1)
            (attn_dropout): Dropout(p=0.5, inplace=False)
            (dense): Linear(in_features=64, out_features=64, bias=True)
            (LayerNorm): LayerNorm((64,), eps=1e-12, elementwise_affine=True)
            (out_dropout): Dropout(p=0.5, inplace=False)
          )
        )
        (feed_forward): FeedForward(
          (dense_1): Linear(in_features=64, out_features=256, bias=True)
          (dense_2): Linear(in_features=256, out_features=64, bias=True)
          (LayerNorm): LayerNorm()
          (dropout): Dropout(p=0.5, inplace=False)
        )
      )
    )
  )
)
2025-06-13 22:42:42,066 - Total Parameters: 707904
2025-06-13 22:42:51,028 - {'epoch': 0, 'rec_loss': '8.6752'}
2025-06-13 22:42:55,263 - {'Epoch': 0, 'HR@5': '0.0345', 'NDCG@5': '0.0239', 'HR@10': '0.0475', 'NDCG@10': '0.0281', 'HR@20': '0.0667', 'NDCG@20': '0.0329'}
2025-06-13 22:42:55,264 - Validation score increased.  Saving model ...
2025-06-13 22:43:02,697 - {'epoch': 1, 'rec_loss': '7.5071'}
2025-06-13 22:43:07,076 - {'Epoch': 1, 'HR@5': '0.0999', 'NDCG@5': '0.0655', 'HR@10': '0.1507', 'NDCG@10': '0.0818', 'HR@20': '0.2107', 'NDCG@20': '0.0969'}
2025-06-13 22:43:07,077 - Validation score increased.  Saving model ...
2025-06-13 22:43:14,540 - {'epoch': 2, 'rec_loss': '6.2625'}
2025-06-13 22:43:18,917 - {'Epoch': 2, 'HR@5': '0.1339', 'NDCG@5': '0.0877', 'HR@10': '0.2005', 'NDCG@10': '0.1092', 'HR@20': '0.2842', 'NDCG@20': '0.1303'}
2025-06-13 22:43:18,919 - Validation score increased.  Saving model ...
2025-06-13 22:43:26,302 - {'epoch': 3, 'rec_loss': '5.5559'}
2025-06-13 22:43:30,587 - {'Epoch': 3, 'HR@5': '0.1523', 'NDCG@5': '0.1003', 'HR@10': '0.2264', 'NDCG@10': '0.1240', 'HR@20': '0.3203', 'NDCG@20': '0.1478'}
2025-06-13 22:43:30,589 - Validation score increased.  Saving model ...
2025-06-13 22:43:38,197 - {'epoch': 4, 'rec_loss': '5.2181'}
2025-06-13 22:43:42,518 - {'Epoch': 4, 'HR@5': '0.1586', 'NDCG@5': '0.1042', 'HR@10': '0.2414', 'NDCG@10': '0.1309', 'HR@20': '0.3394', 'NDCG@20': '0.1557'}
2025-06-13 22:43:42,519 - Validation score increased.  Saving model ...
2025-06-13 22:43:50,001 - {'epoch': 5, 'rec_loss': '5.0515'}
2025-06-13 22:43:54,358 - {'Epoch': 5, 'HR@5': '0.1648', 'NDCG@5': '0.1072', 'HR@10': '0.2471', 'NDCG@10': '0.1337', 'HR@20': '0.3457', 'NDCG@20': '0.1586'}
2025-06-13 22:43:54,360 - Validation score increased.  Saving model ...
2025-06-13 22:44:01,847 - {'epoch': 6, 'rec_loss': '4.9607'}
2025-06-13 22:44:06,283 - {'Epoch': 6, 'HR@5': '0.1687', 'NDCG@5': '0.1112', 'HR@10': '0.2530', 'NDCG@10': '0.1385', 'HR@20': '0.3525', 'NDCG@20': '0.1637'}
2025-06-13 22:44:06,284 - Validation score increased.  Saving model ...
2025-06-13 22:44:13,834 - {'epoch': 7, 'rec_loss': '4.8992'}
2025-06-13 22:44:18,114 - {'Epoch': 7, 'HR@5': '0.1693', 'NDCG@5': '0.1112', 'HR@10': '0.2542', 'NDCG@10': '0.1385', 'HR@20': '0.3538', 'NDCG@20': '0.1637'}
2025-06-13 22:44:18,117 - Validation score increased.  Saving model ...
2025-06-13 22:44:25,680 - {'epoch': 8, 'rec_loss': '4.8529'}
2025-06-13 22:44:30,092 - {'Epoch': 8, 'HR@5': '0.1671', 'NDCG@5': '0.1097', 'HR@10': '0.2555', 'NDCG@10': '0.1382', 'HR@20': '0.3560', 'NDCG@20': '0.1636'}
2025-06-13 22:44:30,093 - EarlyStopping counter: 1 out of 10
2025-06-13 22:44:37,543 - {'epoch': 9, 'rec_loss': '4.8137'}
2025-06-13 22:44:42,009 - {'Epoch': 9, 'HR@5': '0.1714', 'NDCG@5': '0.1118', 'HR@10': '0.2538', 'NDCG@10': '0.1383', 'HR@20': '0.3579', 'NDCG@20': '0.1647'}
2025-06-13 22:44:42,012 - Validation score increased.  Saving model ...
2025-06-13 22:44:49,603 - {'epoch': 10, 'rec_loss': '4.7862'}
2025-06-13 22:44:53,971 - {'Epoch': 10, 'HR@5': '0.1671', 'NDCG@5': '0.1094', 'HR@10': '0.2549', 'NDCG@10': '0.1377', 'HR@20': '0.3599', 'NDCG@20': '0.1643'}
2025-06-13 22:44:53,973 - EarlyStopping counter: 1 out of 10
2025-06-13 22:45:01,380 - {'epoch': 11, 'rec_loss': '4.7596'}
2025-06-13 22:45:05,758 - {'Epoch': 11, 'HR@5': '0.1691', 'NDCG@5': '0.1114', 'HR@10': '0.2561', 'NDCG@10': '0.1394', 'HR@20': '0.3591', 'NDCG@20': '0.1654'}
2025-06-13 22:45:05,760 - Validation score increased.  Saving model ...
2025-06-13 22:45:13,230 - {'epoch': 12, 'rec_loss': '4.7384'}
2025-06-13 22:45:17,563 - {'Epoch': 12, 'HR@5': '0.1706', 'NDCG@5': '0.1109', 'HR@10': '0.2584', 'NDCG@10': '0.1392', 'HR@20': '0.3601', 'NDCG@20': '0.1648'}
2025-06-13 22:45:17,565 - EarlyStopping counter: 1 out of 10
2025-06-13 22:45:24,995 - {'epoch': 13, 'rec_loss': '4.7240'}
2025-06-13 22:45:29,355 - {'Epoch': 13, 'HR@5': '0.1714', 'NDCG@5': '0.1115', 'HR@10': '0.2600', 'NDCG@10': '0.1400', 'HR@20': '0.3619', 'NDCG@20': '0.1656'}
2025-06-13 22:45:29,356 - Validation score increased.  Saving model ...
2025-06-13 22:45:36,890 - {'epoch': 14, 'rec_loss': '4.7031'}
2025-06-13 22:45:41,212 - {'Epoch': 14, 'HR@5': '0.1709', 'NDCG@5': '0.1119', 'HR@10': '0.2579', 'NDCG@10': '0.1400', 'HR@20': '0.3588', 'NDCG@20': '0.1655'}
2025-06-13 22:45:41,213 - EarlyStopping counter: 1 out of 10
2025-06-13 22:45:48,677 - {'epoch': 15, 'rec_loss': '4.6930'}
2025-06-13 22:45:53,108 - {'Epoch': 15, 'HR@5': '0.1698', 'NDCG@5': '0.1112', 'HR@10': '0.2597', 'NDCG@10': '0.1402', 'HR@20': '0.3611', 'NDCG@20': '0.1659'}
2025-06-13 22:45:53,110 - Validation score increased.  Saving model ...
2025-06-13 22:46:00,660 - {'epoch': 16, 'rec_loss': '4.6737'}
2025-06-13 22:46:05,055 - {'Epoch': 16, 'HR@5': '0.1702', 'NDCG@5': '0.1105', 'HR@10': '0.2581', 'NDCG@10': '0.1388', 'HR@20': '0.3580', 'NDCG@20': '0.1640'}
2025-06-13 22:46:05,057 - EarlyStopping counter: 1 out of 10
2025-06-13 22:46:12,599 - {'epoch': 17, 'rec_loss': '4.6618'}
2025-06-13 22:46:16,978 - {'Epoch': 17, 'HR@5': '0.1718', 'NDCG@5': '0.1121', 'HR@10': '0.2580', 'NDCG@10': '0.1399', 'HR@20': '0.3591', 'NDCG@20': '0.1654'}
2025-06-13 22:46:16,979 - EarlyStopping counter: 2 out of 10
2025-06-13 22:46:24,488 - {'epoch': 18, 'rec_loss': '4.6494'}
2025-06-13 22:46:28,864 - {'Epoch': 18, 'HR@5': '0.1712', 'NDCG@5': '0.1118', 'HR@10': '0.2567', 'NDCG@10': '0.1395', 'HR@20': '0.3586', 'NDCG@20': '0.1653'}
2025-06-13 22:46:28,866 - EarlyStopping counter: 3 out of 10
2025-06-13 22:46:36,340 - {'epoch': 19, 'rec_loss': '4.6419'}
2025-06-13 22:46:40,726 - {'Epoch': 19, 'HR@5': '0.1708', 'NDCG@5': '0.1110', 'HR@10': '0.2567', 'NDCG@10': '0.1388', 'HR@20': '0.3604', 'NDCG@20': '0.1649'}
2025-06-13 22:46:40,727 - EarlyStopping counter: 4 out of 10
2025-06-13 22:46:48,239 - {'epoch': 20, 'rec_loss': '4.6302'}
2025-06-13 22:46:52,707 - {'Epoch': 20, 'HR@5': '0.1731', 'NDCG@5': '0.1136', 'HR@10': '0.2582', 'NDCG@10': '0.1409', 'HR@20': '0.3628', 'NDCG@20': '0.1673'}
2025-06-13 22:46:52,708 - Validation score increased.  Saving model ...
2025-06-13 22:47:00,140 - {'epoch': 21, 'rec_loss': '4.6231'}
2025-06-13 22:47:04,524 - {'Epoch': 21, 'HR@5': '0.1707', 'NDCG@5': '0.1108', 'HR@10': '0.2582', 'NDCG@10': '0.1390', 'HR@20': '0.3622', 'NDCG@20': '0.1654'}
2025-06-13 22:47:04,526 - EarlyStopping counter: 1 out of 10
2025-06-13 22:47:11,966 - {'epoch': 22, 'rec_loss': '4.6186'}
2025-06-13 22:47:16,299 - {'Epoch': 22, 'HR@5': '0.1732', 'NDCG@5': '0.1123', 'HR@10': '0.2613', 'NDCG@10': '0.1406', 'HR@20': '0.3626', 'NDCG@20': '0.1663'}
2025-06-13 22:47:16,301 - EarlyStopping counter: 2 out of 10
2025-06-13 22:47:23,710 - {'epoch': 23, 'rec_loss': '4.6027'}
2025-06-13 22:47:28,091 - {'Epoch': 23, 'HR@5': '0.1702', 'NDCG@5': '0.1098', 'HR@10': '0.2570', 'NDCG@10': '0.1378', 'HR@20': '0.3595', 'NDCG@20': '0.1638'}
2025-06-13 22:47:28,094 - EarlyStopping counter: 3 out of 10
2025-06-13 22:47:35,585 - {'epoch': 24, 'rec_loss': '4.5996'}
2025-06-13 22:47:39,843 - {'Epoch': 24, 'HR@5': '0.1695', 'NDCG@5': '0.1112', 'HR@10': '0.2586', 'NDCG@10': '0.1400', 'HR@20': '0.3623', 'NDCG@20': '0.1662'}
2025-06-13 22:47:39,844 - EarlyStopping counter: 4 out of 10
2025-06-13 22:47:47,351 - {'epoch': 25, 'rec_loss': '4.5835'}
2025-06-13 22:47:51,644 - {'Epoch': 25, 'HR@5': '0.1745', 'NDCG@5': '0.1134', 'HR@10': '0.2589', 'NDCG@10': '0.1407', 'HR@20': '0.3601', 'NDCG@20': '0.1662'}
2025-06-13 22:47:51,646 - EarlyStopping counter: 5 out of 10
2025-06-13 22:47:59,160 - {'epoch': 26, 'rec_loss': '4.5835'}
2025-06-13 22:48:03,607 - {'Epoch': 26, 'HR@5': '0.1731', 'NDCG@5': '0.1126', 'HR@10': '0.2596', 'NDCG@10': '0.1405', 'HR@20': '0.3593', 'NDCG@20': '0.1656'}
2025-06-13 22:48:03,609 - EarlyStopping counter: 6 out of 10
2025-06-13 22:48:11,017 - {'epoch': 27, 'rec_loss': '4.5735'}
2025-06-13 22:48:15,399 - {'Epoch': 27, 'HR@5': '0.1714', 'NDCG@5': '0.1128', 'HR@10': '0.2601', 'NDCG@10': '0.1415', 'HR@20': '0.3620', 'NDCG@20': '0.1672'}
2025-06-13 22:48:15,400 - EarlyStopping counter: 7 out of 10
2025-06-13 22:48:22,886 - {'epoch': 28, 'rec_loss': '4.5684'}
2025-06-13 22:48:27,270 - {'Epoch': 28, 'HR@5': '0.1740', 'NDCG@5': '0.1140', 'HR@10': '0.2633', 'NDCG@10': '0.1428', 'HR@20': '0.3634', 'NDCG@20': '0.1681'}
2025-06-13 22:48:27,273 - Validation score increased.  Saving model ...
2025-06-13 22:48:34,750 - {'epoch': 29, 'rec_loss': '4.5580'}
2025-06-13 22:48:39,078 - {'Epoch': 29, 'HR@5': '0.1695', 'NDCG@5': '0.1119', 'HR@10': '0.2588', 'NDCG@10': '0.1405', 'HR@20': '0.3583', 'NDCG@20': '0.1657'}
2025-06-13 22:48:39,080 - EarlyStopping counter: 1 out of 10
2025-06-13 22:48:46,529 - {'epoch': 30, 'rec_loss': '4.5554'}
2025-06-13 22:48:50,861 - {'Epoch': 30, 'HR@5': '0.1719', 'NDCG@5': '0.1122', 'HR@10': '0.2580', 'NDCG@10': '0.1400', 'HR@20': '0.3599', 'NDCG@20': '0.1658'}
2025-06-13 22:48:50,863 - EarlyStopping counter: 2 out of 10
2025-06-13 22:48:58,339 - {'epoch': 31, 'rec_loss': '4.5503'}
2025-06-13 22:49:02,646 - {'Epoch': 31, 'HR@5': '0.1700', 'NDCG@5': '0.1119', 'HR@10': '0.2593', 'NDCG@10': '0.1407', 'HR@20': '0.3611', 'NDCG@20': '0.1665'}
2025-06-13 22:49:02,648 - EarlyStopping counter: 3 out of 10
2025-06-13 22:49:10,094 - {'epoch': 32, 'rec_loss': '4.5435'}
2025-06-13 22:49:14,454 - {'Epoch': 32, 'HR@5': '0.1697', 'NDCG@5': '0.1110', 'HR@10': '0.2595', 'NDCG@10': '0.1399', 'HR@20': '0.3596', 'NDCG@20': '0.1653'}
2025-06-13 22:49:14,456 - EarlyStopping counter: 4 out of 10
2025-06-13 22:49:21,869 - {'epoch': 33, 'rec_loss': '4.5345'}
2025-06-13 22:49:26,216 - {'Epoch': 33, 'HR@5': '0.1702', 'NDCG@5': '0.1116', 'HR@10': '0.2606', 'NDCG@10': '0.1406', 'HR@20': '0.3620', 'NDCG@20': '0.1662'}
2025-06-13 22:49:26,218 - EarlyStopping counter: 5 out of 10
2025-06-13 22:49:33,632 - {'epoch': 34, 'rec_loss': '4.5330'}
2025-06-13 22:49:37,987 - {'Epoch': 34, 'HR@5': '0.1739', 'NDCG@5': '0.1135', 'HR@10': '0.2603', 'NDCG@10': '0.1414', 'HR@20': '0.3607', 'NDCG@20': '0.1667'}
2025-06-13 22:49:37,989 - EarlyStopping counter: 6 out of 10
2025-06-13 22:49:45,489 - {'epoch': 35, 'rec_loss': '4.5263'}
2025-06-13 22:49:49,860 - {'Epoch': 35, 'HR@5': '0.1693', 'NDCG@5': '0.1104', 'HR@10': '0.2582', 'NDCG@10': '0.1391', 'HR@20': '0.3594', 'NDCG@20': '0.1647'}
2025-06-13 22:49:49,861 - EarlyStopping counter: 7 out of 10
2025-06-13 22:49:57,372 - {'epoch': 36, 'rec_loss': '4.5252'}
2025-06-13 22:50:01,764 - {'Epoch': 36, 'HR@5': '0.1702', 'NDCG@5': '0.1120', 'HR@10': '0.2588', 'NDCG@10': '0.1405', 'HR@20': '0.3609', 'NDCG@20': '0.1663'}
2025-06-13 22:50:01,765 - EarlyStopping counter: 8 out of 10
2025-06-13 22:50:09,392 - {'epoch': 37, 'rec_loss': '4.5185'}
2025-06-13 22:50:13,766 - {'Epoch': 37, 'HR@5': '0.1721', 'NDCG@5': '0.1122', 'HR@10': '0.2609', 'NDCG@10': '0.1409', 'HR@20': '0.3603', 'NDCG@20': '0.1661'}
2025-06-13 22:50:13,768 - EarlyStopping counter: 9 out of 10
2025-06-13 22:50:21,224 - {'epoch': 38, 'rec_loss': '4.5087'}
2025-06-13 22:50:25,631 - {'Epoch': 38, 'HR@5': '0.1683', 'NDCG@5': '0.1108', 'HR@10': '0.2577', 'NDCG@10': '0.1396', 'HR@20': '0.3607', 'NDCG@20': '0.1656'}
2025-06-13 22:50:25,633 - EarlyStopping counter: 10 out of 10
2025-06-13 22:50:25,633 - Early stopping
2025-06-13 22:50:25,633 - ---------------Validation Score---------------
2025-06-13 22:50:30,028 - {'Epoch': 0, 'HR@5': '0.1740', 'NDCG@5': '0.1140', 'HR@10': '0.2633', 'NDCG@10': '0.1428', 'HR@20': '0.3634', 'NDCG@20': '0.1681'}
2025-06-13 22:50:30,029 - BSARec_Diginetica
2025-06-13 22:50:30,029 - {'Epoch': 0, 'HR@5': '0.1740', 'NDCG@5': '0.1140', 'HR@10': '0.2633', 'NDCG@10': '0.1428', 'HR@20': '0.3634', 'NDCG@20': '0.1681'}
