2025-06-13 20:21:13,783 - Namespace(data_dir='./data/', output_dir='hparam_search/', data_name='LastFM', train_name='SASRec_LastFM', num_items=10, num_users=1091, lr=0.001, batch_size=256, epochs=200, no_cuda=False, log_freq=1, patience=10, num_workers=4, seed=42, weight_decay=0.0, adam_beta1=0.9, adam_beta2=0.999, gpu_id='0', variance=5, model_type='SASRec', max_seq_length=50, hidden_size=64, num_hidden_layers=2, hidden_act='gelu', num_attention_heads=1, attention_probs_dropout_prob=0.5, hidden_dropout_prob=0.5, initializer_range=0.02, cuda_condition=True, data_file='./data/LastFM.txt', item_size=3647, checkpoint_path=PosixPath('/gpfs/home3/scur2771/BSARec/BSARec/src/hparam_search/SASRec_LastFM/12364634_1/model.pt'), same_target_path='./data/LastFM_same_target.npy')
2025-06-13 20:21:13,800 - SASRecModel(
  (item_embeddings): Embedding(3647, 64, padding_idx=0)
  (position_embeddings): Embedding(50, 64)
  (LayerNorm): LayerNorm()
  (dropout): Dropout(p=0.5, inplace=False)
  (item_encoder): TransformerEncoder(
    (blocks): ModuleList(
      (0): TransformerBlock(
        (layer): MultiHeadAttention(
          (query): Linear(in_features=64, out_features=64, bias=True)
          (key): Linear(in_features=64, out_features=64, bias=True)
          (value): Linear(in_features=64, out_features=64, bias=True)
          (softmax): Softmax(dim=-1)
          (attn_dropout): Dropout(p=0.5, inplace=False)
          (dense): Linear(in_features=64, out_features=64, bias=True)
          (LayerNorm): LayerNorm((64,), eps=1e-12, elementwise_affine=True)
          (out_dropout): Dropout(p=0.5, inplace=False)
        )
        (feed_forward): FeedForward(
          (dense_1): Linear(in_features=64, out_features=256, bias=True)
          (dense_2): Linear(in_features=256, out_features=64, bias=True)
          (LayerNorm): LayerNorm()
          (dropout): Dropout(p=0.5, inplace=False)
        )
      )
      (1): TransformerBlock(
        (layer): MultiHeadAttention(
          (query): Linear(in_features=64, out_features=64, bias=True)
          (key): Linear(in_features=64, out_features=64, bias=True)
          (value): Linear(in_features=64, out_features=64, bias=True)
          (softmax): Softmax(dim=-1)
          (attn_dropout): Dropout(p=0.5, inplace=False)
          (dense): Linear(in_features=64, out_features=64, bias=True)
          (LayerNorm): LayerNorm((64,), eps=1e-12, elementwise_affine=True)
          (out_dropout): Dropout(p=0.5, inplace=False)
        )
        (feed_forward): FeedForward(
          (dense_1): Linear(in_features=64, out_features=256, bias=True)
          (dense_2): Linear(in_features=256, out_features=64, bias=True)
          (LayerNorm): LayerNorm()
          (dropout): Dropout(p=0.5, inplace=False)
        )
      )
    )
  )
)
2025-06-13 20:21:17,223 - Total Parameters: 336704
2025-06-13 20:21:20,301 - {'epoch': 0, 'rec_loss': '1.3356'}
2025-06-13 20:21:21,142 - {'Epoch': 0, 'HR@5': '0.0211', 'NDCG@5': '0.0126', 'HR@10': '0.0349', 'NDCG@10': '0.0171', 'HR@20': '0.0633', 'NDCG@20': '0.0243'}
2025-06-13 20:21:21,143 - Validation score increased.  Saving model ...
2025-06-13 20:21:23,365 - {'epoch': 1, 'rec_loss': '1.2192'}
2025-06-13 20:21:24,133 - {'Epoch': 1, 'HR@5': '0.0193', 'NDCG@5': '0.0103', 'HR@10': '0.0349', 'NDCG@10': '0.0153', 'HR@20': '0.0560', 'NDCG@20': '0.0205'}
2025-06-13 20:21:24,134 - EarlyStopping counter: 1 out of 10
2025-06-13 20:21:26,317 - {'epoch': 2, 'rec_loss': '1.1467'}
2025-06-13 20:21:27,027 - {'Epoch': 2, 'HR@5': '0.0202', 'NDCG@5': '0.0124', 'HR@10': '0.0394', 'NDCG@10': '0.0185', 'HR@20': '0.0560', 'NDCG@20': '0.0226'}
2025-06-13 20:21:27,027 - EarlyStopping counter: 2 out of 10
2025-06-13 20:21:29,268 - {'epoch': 3, 'rec_loss': '1.0891'}
2025-06-13 20:21:30,069 - {'Epoch': 3, 'HR@5': '0.0257', 'NDCG@5': '0.0153', 'HR@10': '0.0349', 'NDCG@10': '0.0182', 'HR@20': '0.0532', 'NDCG@20': '0.0228'}
2025-06-13 20:21:30,069 - EarlyStopping counter: 3 out of 10
2025-06-13 20:21:32,290 - {'epoch': 4, 'rec_loss': '1.0292'}
2025-06-13 20:21:33,077 - {'Epoch': 4, 'HR@5': '0.0239', 'NDCG@5': '0.0149', 'HR@10': '0.0404', 'NDCG@10': '0.0202', 'HR@20': '0.0661', 'NDCG@20': '0.0266'}
2025-06-13 20:21:33,078 - Validation score increased.  Saving model ...
2025-06-13 20:21:35,299 - {'epoch': 5, 'rec_loss': '0.9812'}
2025-06-13 20:21:36,015 - {'Epoch': 5, 'HR@5': '0.0239', 'NDCG@5': '0.0139', 'HR@10': '0.0422', 'NDCG@10': '0.0198', 'HR@20': '0.0606', 'NDCG@20': '0.0244'}
2025-06-13 20:21:36,016 - EarlyStopping counter: 1 out of 10
2025-06-13 20:21:38,245 - {'epoch': 6, 'rec_loss': '0.9267'}
2025-06-13 20:21:38,983 - {'Epoch': 6, 'HR@5': '0.0229', 'NDCG@5': '0.0153', 'HR@10': '0.0486', 'NDCG@10': '0.0233', 'HR@20': '0.0697', 'NDCG@20': '0.0286'}
2025-06-13 20:21:38,983 - Validation score increased.  Saving model ...
2025-06-13 20:21:41,258 - {'epoch': 7, 'rec_loss': '0.8757'}
2025-06-13 20:21:42,028 - {'Epoch': 7, 'HR@5': '0.0303', 'NDCG@5': '0.0172', 'HR@10': '0.0514', 'NDCG@10': '0.0240', 'HR@20': '0.0688', 'NDCG@20': '0.0283'}
2025-06-13 20:21:42,029 - EarlyStopping counter: 1 out of 10
2025-06-13 20:21:44,229 - {'epoch': 8, 'rec_loss': '0.8316'}
2025-06-13 20:21:45,003 - {'Epoch': 8, 'HR@5': '0.0294', 'NDCG@5': '0.0176', 'HR@10': '0.0523', 'NDCG@10': '0.0249', 'HR@20': '0.0853', 'NDCG@20': '0.0332'}
2025-06-13 20:21:45,004 - Validation score increased.  Saving model ...
2025-06-13 20:21:47,178 - {'epoch': 9, 'rec_loss': '0.7948'}
2025-06-13 20:21:47,909 - {'Epoch': 9, 'HR@5': '0.0330', 'NDCG@5': '0.0201', 'HR@10': '0.0550', 'NDCG@10': '0.0270', 'HR@20': '0.0844', 'NDCG@20': '0.0343'}
2025-06-13 20:21:47,910 - Validation score increased.  Saving model ...
2025-06-13 20:21:50,223 - {'epoch': 10, 'rec_loss': '0.7458'}
2025-06-13 20:21:51,015 - {'Epoch': 10, 'HR@5': '0.0275', 'NDCG@5': '0.0190', 'HR@10': '0.0615', 'NDCG@10': '0.0299', 'HR@20': '0.1009', 'NDCG@20': '0.0398'}
2025-06-13 20:21:51,015 - Validation score increased.  Saving model ...
2025-06-13 20:21:53,269 - {'epoch': 11, 'rec_loss': '0.7202'}
2025-06-13 20:21:53,972 - {'Epoch': 11, 'HR@5': '0.0284', 'NDCG@5': '0.0169', 'HR@10': '0.0505', 'NDCG@10': '0.0240', 'HR@20': '0.1055', 'NDCG@20': '0.0376'}
2025-06-13 20:21:53,973 - EarlyStopping counter: 1 out of 10
2025-06-13 20:21:56,268 - {'epoch': 12, 'rec_loss': '0.6805'}
2025-06-13 20:21:56,986 - {'Epoch': 12, 'HR@5': '0.0294', 'NDCG@5': '0.0196', 'HR@10': '0.0569', 'NDCG@10': '0.0284', 'HR@20': '0.0982', 'NDCG@20': '0.0386'}
2025-06-13 20:21:56,987 - EarlyStopping counter: 2 out of 10
2025-06-13 20:21:59,248 - {'epoch': 13, 'rec_loss': '0.6535'}
2025-06-13 20:21:59,985 - {'Epoch': 13, 'HR@5': '0.0321', 'NDCG@5': '0.0211', 'HR@10': '0.0578', 'NDCG@10': '0.0294', 'HR@20': '0.0982', 'NDCG@20': '0.0397'}
2025-06-13 20:21:59,985 - EarlyStopping counter: 3 out of 10
2025-06-13 20:22:02,288 - {'epoch': 14, 'rec_loss': '0.6172'}
2025-06-13 20:22:03,084 - {'Epoch': 14, 'HR@5': '0.0358', 'NDCG@5': '0.0229', 'HR@10': '0.0587', 'NDCG@10': '0.0302', 'HR@20': '0.0963', 'NDCG@20': '0.0397'}
2025-06-13 20:22:03,085 - EarlyStopping counter: 4 out of 10
2025-06-13 20:22:05,302 - {'epoch': 15, 'rec_loss': '0.6055'}
2025-06-13 20:22:06,120 - {'Epoch': 15, 'HR@5': '0.0312', 'NDCG@5': '0.0212', 'HR@10': '0.0569', 'NDCG@10': '0.0292', 'HR@20': '0.1083', 'NDCG@20': '0.0421'}
2025-06-13 20:22:06,121 - Validation score increased.  Saving model ...
2025-06-13 20:22:08,386 - {'epoch': 16, 'rec_loss': '0.5800'}
2025-06-13 20:22:09,122 - {'Epoch': 16, 'HR@5': '0.0266', 'NDCG@5': '0.0168', 'HR@10': '0.0569', 'NDCG@10': '0.0268', 'HR@20': '0.0963', 'NDCG@20': '0.0366'}
2025-06-13 20:22:09,123 - EarlyStopping counter: 1 out of 10
2025-06-13 20:22:11,389 - {'epoch': 17, 'rec_loss': '0.5529'}
2025-06-13 20:22:12,172 - {'Epoch': 17, 'HR@5': '0.0284', 'NDCG@5': '0.0196', 'HR@10': '0.0514', 'NDCG@10': '0.0270', 'HR@20': '0.0972', 'NDCG@20': '0.0385'}
2025-06-13 20:22:12,173 - EarlyStopping counter: 2 out of 10
2025-06-13 20:22:14,403 - {'epoch': 18, 'rec_loss': '0.5444'}
2025-06-13 20:22:15,178 - {'Epoch': 18, 'HR@5': '0.0321', 'NDCG@5': '0.0214', 'HR@10': '0.0587', 'NDCG@10': '0.0299', 'HR@20': '0.1037', 'NDCG@20': '0.0411'}
2025-06-13 20:22:15,178 - EarlyStopping counter: 3 out of 10
2025-06-13 20:22:17,427 - {'epoch': 19, 'rec_loss': '0.5278'}
2025-06-13 20:22:18,249 - {'Epoch': 19, 'HR@5': '0.0339', 'NDCG@5': '0.0210', 'HR@10': '0.0560', 'NDCG@10': '0.0281', 'HR@20': '0.1055', 'NDCG@20': '0.0406'}
2025-06-13 20:22:18,250 - EarlyStopping counter: 4 out of 10
2025-06-13 20:22:20,508 - {'epoch': 20, 'rec_loss': '0.5131'}
2025-06-13 20:22:21,262 - {'Epoch': 20, 'HR@5': '0.0376', 'NDCG@5': '0.0234', 'HR@10': '0.0679', 'NDCG@10': '0.0331', 'HR@20': '0.1055', 'NDCG@20': '0.0427'}
2025-06-13 20:22:21,263 - Validation score increased.  Saving model ...
2025-06-13 20:22:23,498 - {'epoch': 21, 'rec_loss': '0.4993'}
2025-06-13 20:22:24,303 - {'Epoch': 21, 'HR@5': '0.0367', 'NDCG@5': '0.0220', 'HR@10': '0.0734', 'NDCG@10': '0.0338', 'HR@20': '0.1092', 'NDCG@20': '0.0427'}
2025-06-13 20:22:24,304 - EarlyStopping counter: 1 out of 10
2025-06-13 20:22:26,593 - {'epoch': 22, 'rec_loss': '0.4844'}
2025-06-13 20:22:27,379 - {'Epoch': 22, 'HR@5': '0.0358', 'NDCG@5': '0.0228', 'HR@10': '0.0642', 'NDCG@10': '0.0320', 'HR@20': '0.1037', 'NDCG@20': '0.0419'}
2025-06-13 20:22:27,379 - EarlyStopping counter: 2 out of 10
2025-06-13 20:22:29,608 - {'epoch': 23, 'rec_loss': '0.4773'}
2025-06-13 20:22:30,391 - {'Epoch': 23, 'HR@5': '0.0321', 'NDCG@5': '0.0207', 'HR@10': '0.0606', 'NDCG@10': '0.0299', 'HR@20': '0.1064', 'NDCG@20': '0.0412'}
2025-06-13 20:22:30,391 - EarlyStopping counter: 3 out of 10
2025-06-13 20:22:32,697 - {'epoch': 24, 'rec_loss': '0.4621'}
2025-06-13 20:22:33,425 - {'Epoch': 24, 'HR@5': '0.0376', 'NDCG@5': '0.0229', 'HR@10': '0.0679', 'NDCG@10': '0.0325', 'HR@20': '0.1046', 'NDCG@20': '0.0416'}
2025-06-13 20:22:33,425 - EarlyStopping counter: 4 out of 10
2025-06-13 20:22:35,628 - {'epoch': 25, 'rec_loss': '0.4643'}
2025-06-13 20:22:36,354 - {'Epoch': 25, 'HR@5': '0.0431', 'NDCG@5': '0.0239', 'HR@10': '0.0651', 'NDCG@10': '0.0308', 'HR@20': '0.1046', 'NDCG@20': '0.0408'}
2025-06-13 20:22:36,354 - EarlyStopping counter: 5 out of 10
2025-06-13 20:22:38,566 - {'epoch': 26, 'rec_loss': '0.4545'}
2025-06-13 20:22:39,352 - {'Epoch': 26, 'HR@5': '0.0385', 'NDCG@5': '0.0228', 'HR@10': '0.0642', 'NDCG@10': '0.0311', 'HR@20': '0.1101', 'NDCG@20': '0.0427'}
2025-06-13 20:22:39,353 - Validation score increased.  Saving model ...
2025-06-13 20:22:41,633 - {'epoch': 27, 'rec_loss': '0.4415'}
2025-06-13 20:22:42,369 - {'Epoch': 27, 'HR@5': '0.0349', 'NDCG@5': '0.0221', 'HR@10': '0.0688', 'NDCG@10': '0.0332', 'HR@20': '0.1220', 'NDCG@20': '0.0465'}
2025-06-13 20:22:42,369 - Validation score increased.  Saving model ...
2025-06-13 20:22:44,590 - {'epoch': 28, 'rec_loss': '0.4327'}
2025-06-13 20:22:45,354 - {'Epoch': 28, 'HR@5': '0.0468', 'NDCG@5': '0.0275', 'HR@10': '0.0642', 'NDCG@10': '0.0333', 'HR@20': '0.0991', 'NDCG@20': '0.0422'}
2025-06-13 20:22:45,354 - EarlyStopping counter: 1 out of 10
2025-06-13 20:22:47,644 - {'epoch': 29, 'rec_loss': '0.4283'}
2025-06-13 20:22:48,371 - {'Epoch': 29, 'HR@5': '0.0431', 'NDCG@5': '0.0278', 'HR@10': '0.0661', 'NDCG@10': '0.0352', 'HR@20': '0.1037', 'NDCG@20': '0.0446'}
2025-06-13 20:22:48,372 - EarlyStopping counter: 2 out of 10
2025-06-13 20:22:50,642 - {'epoch': 30, 'rec_loss': '0.4231'}
2025-06-13 20:22:51,357 - {'Epoch': 30, 'HR@5': '0.0394', 'NDCG@5': '0.0277', 'HR@10': '0.0706', 'NDCG@10': '0.0379', 'HR@20': '0.1156', 'NDCG@20': '0.0493'}
2025-06-13 20:22:51,358 - Validation score increased.  Saving model ...
2025-06-13 20:22:53,605 - {'epoch': 31, 'rec_loss': '0.4162'}
2025-06-13 20:22:54,360 - {'Epoch': 31, 'HR@5': '0.0385', 'NDCG@5': '0.0247', 'HR@10': '0.0596', 'NDCG@10': '0.0314', 'HR@20': '0.1110', 'NDCG@20': '0.0442'}
2025-06-13 20:22:54,361 - EarlyStopping counter: 1 out of 10
2025-06-13 20:22:56,602 - {'epoch': 32, 'rec_loss': '0.4130'}
2025-06-13 20:22:57,329 - {'Epoch': 32, 'HR@5': '0.0321', 'NDCG@5': '0.0220', 'HR@10': '0.0633', 'NDCG@10': '0.0322', 'HR@20': '0.1000', 'NDCG@20': '0.0414'}
2025-06-13 20:22:57,329 - EarlyStopping counter: 2 out of 10
2025-06-13 20:22:59,624 - {'epoch': 33, 'rec_loss': '0.4071'}
2025-06-13 20:23:00,388 - {'Epoch': 33, 'HR@5': '0.0376', 'NDCG@5': '0.0255', 'HR@10': '0.0661', 'NDCG@10': '0.0346', 'HR@20': '0.1101', 'NDCG@20': '0.0456'}
2025-06-13 20:23:00,389 - EarlyStopping counter: 3 out of 10
2025-06-13 20:23:02,640 - {'epoch': 34, 'rec_loss': '0.4072'}
2025-06-13 20:23:03,362 - {'Epoch': 34, 'HR@5': '0.0376', 'NDCG@5': '0.0232', 'HR@10': '0.0688', 'NDCG@10': '0.0331', 'HR@20': '0.1101', 'NDCG@20': '0.0434'}
2025-06-13 20:23:03,362 - EarlyStopping counter: 4 out of 10
2025-06-13 20:23:05,706 - {'epoch': 35, 'rec_loss': '0.3930'}
2025-06-13 20:23:06,456 - {'Epoch': 35, 'HR@5': '0.0385', 'NDCG@5': '0.0234', 'HR@10': '0.0688', 'NDCG@10': '0.0331', 'HR@20': '0.1174', 'NDCG@20': '0.0452'}
2025-06-13 20:23:06,456 - EarlyStopping counter: 5 out of 10
2025-06-13 20:23:08,690 - {'epoch': 36, 'rec_loss': '0.3923'}
2025-06-13 20:23:09,428 - {'Epoch': 36, 'HR@5': '0.0404', 'NDCG@5': '0.0248', 'HR@10': '0.0670', 'NDCG@10': '0.0333', 'HR@20': '0.1101', 'NDCG@20': '0.0443'}
2025-06-13 20:23:09,429 - EarlyStopping counter: 6 out of 10
2025-06-13 20:23:11,664 - {'epoch': 37, 'rec_loss': '0.3957'}
2025-06-13 20:23:12,454 - {'Epoch': 37, 'HR@5': '0.0367', 'NDCG@5': '0.0235', 'HR@10': '0.0697', 'NDCG@10': '0.0341', 'HR@20': '0.1128', 'NDCG@20': '0.0450'}
2025-06-13 20:23:12,455 - EarlyStopping counter: 7 out of 10
2025-06-13 20:23:14,714 - {'epoch': 38, 'rec_loss': '0.3898'}
2025-06-13 20:23:15,395 - {'Epoch': 38, 'HR@5': '0.0394', 'NDCG@5': '0.0241', 'HR@10': '0.0624', 'NDCG@10': '0.0316', 'HR@20': '0.1092', 'NDCG@20': '0.0433'}
2025-06-13 20:23:15,396 - EarlyStopping counter: 8 out of 10
2025-06-13 20:23:17,706 - {'epoch': 39, 'rec_loss': '0.3830'}
2025-06-13 20:23:18,409 - {'Epoch': 39, 'HR@5': '0.0358', 'NDCG@5': '0.0233', 'HR@10': '0.0697', 'NDCG@10': '0.0342', 'HR@20': '0.1064', 'NDCG@20': '0.0433'}
2025-06-13 20:23:18,410 - EarlyStopping counter: 9 out of 10
2025-06-13 20:23:20,709 - {'epoch': 40, 'rec_loss': '0.3755'}
2025-06-13 20:23:21,434 - {'Epoch': 40, 'HR@5': '0.0339', 'NDCG@5': '0.0207', 'HR@10': '0.0642', 'NDCG@10': '0.0305', 'HR@20': '0.1073', 'NDCG@20': '0.0411'}
2025-06-13 20:23:21,435 - EarlyStopping counter: 10 out of 10
2025-06-13 20:23:21,435 - Early stopping
2025-06-13 20:23:21,435 - ---------------Validation Score---------------
2025-06-13 20:23:22,193 - {'Epoch': 0, 'HR@5': '0.0394', 'NDCG@5': '0.0277', 'HR@10': '0.0706', 'NDCG@10': '0.0379', 'HR@20': '0.1156', 'NDCG@20': '0.0493'}
2025-06-13 20:23:22,194 - SASRec_LastFM
2025-06-13 20:23:22,194 - {'Epoch': 0, 'HR@5': '0.0394', 'NDCG@5': '0.0277', 'HR@10': '0.0706', 'NDCG@10': '0.0379', 'HR@20': '0.1156', 'NDCG@20': '0.0493'}
