2025-06-13 19:29:15,877 - Namespace(data_dir='data/self_processed/', output_dir='hparam_search/', data_name='Diginetica', train_name='SASRec_Diginetica', num_items=10, num_users=14829, lr=0.001, batch_size=256, epochs=200, no_cuda=False, log_freq=1, patience=10, num_workers=4, seed=42, weight_decay=0.0, adam_beta1=0.9, adam_beta2=0.999, gpu_id='0', variance=5, model_type='SASRec', max_seq_length=50, hidden_size=64, num_hidden_layers=2, hidden_act='gelu', num_attention_heads=1, attention_probs_dropout_prob=0.5, hidden_dropout_prob=0.5, initializer_range=0.02, cuda_condition=True, data_file='data/self_processed/Diginetica.txt', item_size=9441, checkpoint_path=PosixPath('/gpfs/home3/scur2771/BSARec/BSARec/src/hparam_search/SASRec_Diginetica/12362200_1/model.pt'), same_target_path='data/self_processed/Diginetica_same_target.npy')
2025-06-13 19:29:15,922 - SASRecModel(
  (item_embeddings): Embedding(9441, 64, padding_idx=0)
  (position_embeddings): Embedding(50, 64)
  (LayerNorm): LayerNorm()
  (dropout): Dropout(p=0.5, inplace=False)
  (item_encoder): TransformerEncoder(
    (blocks): ModuleList(
      (0): TransformerBlock(
        (layer): MultiHeadAttention(
          (query): Linear(in_features=64, out_features=64, bias=True)
          (key): Linear(in_features=64, out_features=64, bias=True)
          (value): Linear(in_features=64, out_features=64, bias=True)
          (softmax): Softmax(dim=-1)
          (attn_dropout): Dropout(p=0.5, inplace=False)
          (dense): Linear(in_features=64, out_features=64, bias=True)
          (LayerNorm): LayerNorm((64,), eps=1e-12, elementwise_affine=True)
          (out_dropout): Dropout(p=0.5, inplace=False)
        )
        (feed_forward): FeedForward(
          (dense_1): Linear(in_features=64, out_features=256, bias=True)
          (dense_2): Linear(in_features=256, out_features=64, bias=True)
          (LayerNorm): LayerNorm()
          (dropout): Dropout(p=0.5, inplace=False)
        )
      )
      (1): TransformerBlock(
        (layer): MultiHeadAttention(
          (query): Linear(in_features=64, out_features=64, bias=True)
          (key): Linear(in_features=64, out_features=64, bias=True)
          (value): Linear(in_features=64, out_features=64, bias=True)
          (softmax): Softmax(dim=-1)
          (attn_dropout): Dropout(p=0.5, inplace=False)
          (dense): Linear(in_features=64, out_features=64, bias=True)
          (LayerNorm): LayerNorm((64,), eps=1e-12, elementwise_affine=True)
          (out_dropout): Dropout(p=0.5, inplace=False)
        )
        (feed_forward): FeedForward(
          (dense_1): Linear(in_features=64, out_features=256, bias=True)
          (dense_2): Linear(in_features=256, out_features=64, bias=True)
          (LayerNorm): LayerNorm()
          (dropout): Dropout(p=0.5, inplace=False)
        )
      )
    )
  )
)
2025-06-13 19:29:19,606 - Total Parameters: 707520
2025-06-13 19:29:27,370 - {'epoch': 0, 'rec_loss': '1.2636'}
2025-06-13 19:29:31,638 - {'Epoch': 0, 'HR@5': '0.0107', 'NDCG@5': '0.0071', 'HR@10': '0.0172', 'NDCG@10': '0.0092', 'HR@20': '0.0268', 'NDCG@20': '0.0117'}
2025-06-13 19:29:31,640 - Validation score increased.  Saving model ...
2025-06-13 19:29:38,374 - {'epoch': 1, 'rec_loss': '1.0610'}
2025-06-13 19:29:42,653 - {'Epoch': 1, 'HR@5': '0.0383', 'NDCG@5': '0.0258', 'HR@10': '0.0558', 'NDCG@10': '0.0314', 'HR@20': '0.0780', 'NDCG@20': '0.0370'}
2025-06-13 19:29:42,654 - Validation score increased.  Saving model ...
2025-06-13 19:29:49,257 - {'epoch': 2, 'rec_loss': '0.8997'}
2025-06-13 19:29:53,487 - {'Epoch': 2, 'HR@5': '0.0593', 'NDCG@5': '0.0397', 'HR@10': '0.0889', 'NDCG@10': '0.0492', 'HR@20': '0.1270', 'NDCG@20': '0.0587'}
2025-06-13 19:29:53,489 - Validation score increased.  Saving model ...
2025-06-13 19:30:00,348 - {'epoch': 3, 'rec_loss': '0.7655'}
2025-06-13 19:30:04,438 - {'Epoch': 3, 'HR@5': '0.0709', 'NDCG@5': '0.0465', 'HR@10': '0.1112', 'NDCG@10': '0.0595', 'HR@20': '0.1654', 'NDCG@20': '0.0731'}
2025-06-13 19:30:04,440 - Validation score increased.  Saving model ...
2025-06-13 19:30:11,108 - {'epoch': 4, 'rec_loss': '0.6492'}
2025-06-13 19:30:15,143 - {'Epoch': 4, 'HR@5': '0.0856', 'NDCG@5': '0.0555', 'HR@10': '0.1392', 'NDCG@10': '0.0728', 'HR@20': '0.2064', 'NDCG@20': '0.0897'}
2025-06-13 19:30:15,146 - Validation score increased.  Saving model ...
2025-06-13 19:30:21,814 - {'epoch': 5, 'rec_loss': '0.5628'}
2025-06-13 19:30:25,728 - {'Epoch': 5, 'HR@5': '0.0981', 'NDCG@5': '0.0631', 'HR@10': '0.1533', 'NDCG@10': '0.0809', 'HR@20': '0.2266', 'NDCG@20': '0.0994'}
2025-06-13 19:30:25,729 - Validation score increased.  Saving model ...
2025-06-13 19:30:32,357 - {'epoch': 6, 'rec_loss': '0.5010'}
2025-06-13 19:30:36,234 - {'Epoch': 6, 'HR@5': '0.1036', 'NDCG@5': '0.0664', 'HR@10': '0.1666', 'NDCG@10': '0.0865', 'HR@20': '0.2438', 'NDCG@20': '0.1060'}
2025-06-13 19:30:36,236 - Validation score increased.  Saving model ...
2025-06-13 19:30:42,937 - {'epoch': 7, 'rec_loss': '0.4557'}
2025-06-13 19:30:46,812 - {'Epoch': 7, 'HR@5': '0.1115', 'NDCG@5': '0.0716', 'HR@10': '0.1726', 'NDCG@10': '0.0912', 'HR@20': '0.2521', 'NDCG@20': '0.1112'}
2025-06-13 19:30:46,814 - Validation score increased.  Saving model ...
2025-06-13 19:30:53,405 - {'epoch': 8, 'rec_loss': '0.4259'}
2025-06-13 19:30:57,297 - {'Epoch': 8, 'HR@5': '0.1099', 'NDCG@5': '0.0695', 'HR@10': '0.1793', 'NDCG@10': '0.0919', 'HR@20': '0.2641', 'NDCG@20': '0.1133'}
2025-06-13 19:30:57,298 - Validation score increased.  Saving model ...
2025-06-13 19:31:04,017 - {'epoch': 9, 'rec_loss': '0.4002'}
2025-06-13 19:31:07,937 - {'Epoch': 9, 'HR@5': '0.1112', 'NDCG@5': '0.0715', 'HR@10': '0.1749', 'NDCG@10': '0.0920', 'HR@20': '0.2604', 'NDCG@20': '0.1135'}
2025-06-13 19:31:07,939 - Validation score increased.  Saving model ...
2025-06-13 19:31:14,646 - {'epoch': 10, 'rec_loss': '0.3852'}
2025-06-13 19:31:18,579 - {'Epoch': 10, 'HR@5': '0.1083', 'NDCG@5': '0.0698', 'HR@10': '0.1763', 'NDCG@10': '0.0916', 'HR@20': '0.2642', 'NDCG@20': '0.1136'}
2025-06-13 19:31:18,582 - Validation score increased.  Saving model ...
2025-06-13 19:31:25,279 - {'epoch': 11, 'rec_loss': '0.3692'}
2025-06-13 19:31:29,123 - {'Epoch': 11, 'HR@5': '0.1108', 'NDCG@5': '0.0709', 'HR@10': '0.1737', 'NDCG@10': '0.0912', 'HR@20': '0.2591', 'NDCG@20': '0.1128'}
2025-06-13 19:31:29,125 - EarlyStopping counter: 1 out of 10
2025-06-13 19:31:35,874 - {'epoch': 12, 'rec_loss': '0.3594'}
2025-06-13 19:31:39,765 - {'Epoch': 12, 'HR@5': '0.1115', 'NDCG@5': '0.0714', 'HR@10': '0.1758', 'NDCG@10': '0.0920', 'HR@20': '0.2642', 'NDCG@20': '0.1143'}
2025-06-13 19:31:39,767 - Validation score increased.  Saving model ...
2025-06-13 19:31:46,562 - {'epoch': 13, 'rec_loss': '0.3429'}
2025-06-13 19:31:50,494 - {'Epoch': 13, 'HR@5': '0.1063', 'NDCG@5': '0.0675', 'HR@10': '0.1737', 'NDCG@10': '0.0891', 'HR@20': '0.2631', 'NDCG@20': '0.1117'}
2025-06-13 19:31:50,495 - EarlyStopping counter: 1 out of 10
2025-06-13 19:31:57,159 - {'epoch': 14, 'rec_loss': '0.3394'}
2025-06-13 19:32:00,953 - {'Epoch': 14, 'HR@5': '0.1064', 'NDCG@5': '0.0665', 'HR@10': '0.1755', 'NDCG@10': '0.0888', 'HR@20': '0.2652', 'NDCG@20': '0.1114'}
2025-06-13 19:32:00,955 - EarlyStopping counter: 2 out of 10
2025-06-13 19:32:07,614 - {'epoch': 15, 'rec_loss': '0.3353'}
2025-06-13 19:32:11,506 - {'Epoch': 15, 'HR@5': '0.1094', 'NDCG@5': '0.0691', 'HR@10': '0.1761', 'NDCG@10': '0.0905', 'HR@20': '0.2699', 'NDCG@20': '0.1141'}
2025-06-13 19:32:11,508 - EarlyStopping counter: 3 out of 10
2025-06-13 19:32:18,109 - {'epoch': 16, 'rec_loss': '0.3308'}
2025-06-13 19:32:21,925 - {'Epoch': 16, 'HR@5': '0.1073', 'NDCG@5': '0.0680', 'HR@10': '0.1753', 'NDCG@10': '0.0899', 'HR@20': '0.2644', 'NDCG@20': '0.1124'}
2025-06-13 19:32:21,926 - EarlyStopping counter: 4 out of 10
2025-06-13 19:32:28,540 - {'epoch': 17, 'rec_loss': '0.3229'}
2025-06-13 19:32:32,335 - {'Epoch': 17, 'HR@5': '0.1078', 'NDCG@5': '0.0679', 'HR@10': '0.1735', 'NDCG@10': '0.0890', 'HR@20': '0.2670', 'NDCG@20': '0.1126'}
2025-06-13 19:32:32,337 - EarlyStopping counter: 5 out of 10
2025-06-13 19:32:38,946 - {'epoch': 18, 'rec_loss': '0.3205'}
2025-06-13 19:32:42,728 - {'Epoch': 18, 'HR@5': '0.1120', 'NDCG@5': '0.0717', 'HR@10': '0.1774', 'NDCG@10': '0.0926', 'HR@20': '0.2700', 'NDCG@20': '0.1159'}
2025-06-13 19:32:42,730 - Validation score increased.  Saving model ...
2025-06-13 19:32:49,336 - {'epoch': 19, 'rec_loss': '0.3145'}
2025-06-13 19:32:53,072 - {'Epoch': 19, 'HR@5': '0.1109', 'NDCG@5': '0.0699', 'HR@10': '0.1777', 'NDCG@10': '0.0913', 'HR@20': '0.2672', 'NDCG@20': '0.1139'}
2025-06-13 19:32:53,073 - EarlyStopping counter: 1 out of 10
2025-06-13 19:32:59,741 - {'epoch': 20, 'rec_loss': '0.3131'}
2025-06-13 19:33:03,566 - {'Epoch': 20, 'HR@5': '0.1069', 'NDCG@5': '0.0676', 'HR@10': '0.1729', 'NDCG@10': '0.0888', 'HR@20': '0.2675', 'NDCG@20': '0.1126'}
2025-06-13 19:33:03,569 - EarlyStopping counter: 2 out of 10
2025-06-13 19:33:10,281 - {'epoch': 21, 'rec_loss': '0.3048'}
2025-06-13 19:33:14,092 - {'Epoch': 21, 'HR@5': '0.1100', 'NDCG@5': '0.0691', 'HR@10': '0.1764', 'NDCG@10': '0.0904', 'HR@20': '0.2697', 'NDCG@20': '0.1140'}
2025-06-13 19:33:14,093 - EarlyStopping counter: 3 out of 10
2025-06-13 19:33:20,777 - {'epoch': 22, 'rec_loss': '0.3036'}
2025-06-13 19:33:24,550 - {'Epoch': 22, 'HR@5': '0.1100', 'NDCG@5': '0.0695', 'HR@10': '0.1791', 'NDCG@10': '0.0917', 'HR@20': '0.2743', 'NDCG@20': '0.1156'}
2025-06-13 19:33:24,551 - EarlyStopping counter: 4 out of 10
2025-06-13 19:33:31,285 - {'epoch': 23, 'rec_loss': '0.3048'}
2025-06-13 19:33:35,014 - {'Epoch': 23, 'HR@5': '0.1134', 'NDCG@5': '0.0726', 'HR@10': '0.1799', 'NDCG@10': '0.0940', 'HR@20': '0.2677', 'NDCG@20': '0.1161'}
2025-06-13 19:33:35,016 - Validation score increased.  Saving model ...
2025-06-13 19:33:41,741 - {'epoch': 24, 'rec_loss': '0.3002'}
2025-06-13 19:33:45,621 - {'Epoch': 24, 'HR@5': '0.1106', 'NDCG@5': '0.0703', 'HR@10': '0.1725', 'NDCG@10': '0.0901', 'HR@20': '0.2680', 'NDCG@20': '0.1142'}
2025-06-13 19:33:45,622 - EarlyStopping counter: 1 out of 10
2025-06-13 19:33:52,234 - {'epoch': 25, 'rec_loss': '0.2953'}
2025-06-13 19:33:55,959 - {'Epoch': 25, 'HR@5': '0.1101', 'NDCG@5': '0.0698', 'HR@10': '0.1790', 'NDCG@10': '0.0920', 'HR@20': '0.2716', 'NDCG@20': '0.1153'}
2025-06-13 19:33:55,961 - EarlyStopping counter: 2 out of 10
2025-06-13 19:34:02,619 - {'epoch': 26, 'rec_loss': '0.2960'}
2025-06-13 19:34:06,427 - {'Epoch': 26, 'HR@5': '0.1056', 'NDCG@5': '0.0663', 'HR@10': '0.1745', 'NDCG@10': '0.0885', 'HR@20': '0.2692', 'NDCG@20': '0.1123'}
2025-06-13 19:34:06,429 - EarlyStopping counter: 3 out of 10
2025-06-13 19:34:13,071 - {'epoch': 27, 'rec_loss': '0.2879'}
2025-06-13 19:34:16,826 - {'Epoch': 27, 'HR@5': '0.1097', 'NDCG@5': '0.0695', 'HR@10': '0.1791', 'NDCG@10': '0.0917', 'HR@20': '0.2691', 'NDCG@20': '0.1144'}
2025-06-13 19:34:16,829 - EarlyStopping counter: 4 out of 10
2025-06-13 19:34:23,589 - {'epoch': 28, 'rec_loss': '0.2904'}
2025-06-13 19:34:27,231 - {'Epoch': 28, 'HR@5': '0.1144', 'NDCG@5': '0.0712', 'HR@10': '0.1813', 'NDCG@10': '0.0928', 'HR@20': '0.2704', 'NDCG@20': '0.1151'}
2025-06-13 19:34:27,232 - EarlyStopping counter: 5 out of 10
2025-06-13 19:34:33,796 - {'epoch': 29, 'rec_loss': '0.2902'}
2025-06-13 19:34:37,551 - {'Epoch': 29, 'HR@5': '0.1124', 'NDCG@5': '0.0721', 'HR@10': '0.1793', 'NDCG@10': '0.0936', 'HR@20': '0.2708', 'NDCG@20': '0.1167'}
2025-06-13 19:34:37,552 - Validation score increased.  Saving model ...
2025-06-13 19:34:44,218 - {'epoch': 30, 'rec_loss': '0.2887'}
2025-06-13 19:34:47,840 - {'Epoch': 30, 'HR@5': '0.1111', 'NDCG@5': '0.0708', 'HR@10': '0.1782', 'NDCG@10': '0.0923', 'HR@20': '0.2701', 'NDCG@20': '0.1154'}
2025-06-13 19:34:47,842 - EarlyStopping counter: 1 out of 10
2025-06-13 19:34:54,425 - {'epoch': 31, 'rec_loss': '0.2848'}
2025-06-13 19:34:58,197 - {'Epoch': 31, 'HR@5': '0.1088', 'NDCG@5': '0.0688', 'HR@10': '0.1795', 'NDCG@10': '0.0916', 'HR@20': '0.2695', 'NDCG@20': '0.1144'}
2025-06-13 19:34:58,199 - EarlyStopping counter: 2 out of 10
2025-06-13 19:35:04,846 - {'epoch': 32, 'rec_loss': '0.2863'}
2025-06-13 19:35:08,485 - {'Epoch': 32, 'HR@5': '0.1105', 'NDCG@5': '0.0707', 'HR@10': '0.1807', 'NDCG@10': '0.0932', 'HR@20': '0.2738', 'NDCG@20': '0.1166'}
2025-06-13 19:35:08,488 - EarlyStopping counter: 3 out of 10
2025-06-13 19:35:15,152 - {'epoch': 33, 'rec_loss': '0.2812'}
2025-06-13 19:35:18,864 - {'Epoch': 33, 'HR@5': '0.1104', 'NDCG@5': '0.0697', 'HR@10': '0.1832', 'NDCG@10': '0.0931', 'HR@20': '0.2748', 'NDCG@20': '0.1161'}
2025-06-13 19:35:18,864 - EarlyStopping counter: 4 out of 10
2025-06-13 19:35:25,520 - {'epoch': 34, 'rec_loss': '0.2831'}
2025-06-13 19:35:29,300 - {'Epoch': 34, 'HR@5': '0.1125', 'NDCG@5': '0.0709', 'HR@10': '0.1795', 'NDCG@10': '0.0925', 'HR@20': '0.2752', 'NDCG@20': '0.1165'}
2025-06-13 19:35:29,301 - EarlyStopping counter: 5 out of 10
2025-06-13 19:35:35,943 - {'epoch': 35, 'rec_loss': '0.2815'}
2025-06-13 19:35:39,811 - {'Epoch': 35, 'HR@5': '0.1111', 'NDCG@5': '0.0705', 'HR@10': '0.1816', 'NDCG@10': '0.0931', 'HR@20': '0.2765', 'NDCG@20': '0.1170'}
2025-06-13 19:35:39,813 - Validation score increased.  Saving model ...
2025-06-13 19:35:46,571 - {'epoch': 36, 'rec_loss': '0.2776'}
2025-06-13 19:35:50,475 - {'Epoch': 36, 'HR@5': '0.1095', 'NDCG@5': '0.0690', 'HR@10': '0.1790', 'NDCG@10': '0.0913', 'HR@20': '0.2725', 'NDCG@20': '0.1149'}
2025-06-13 19:35:50,477 - EarlyStopping counter: 1 out of 10
2025-06-13 19:35:57,134 - {'epoch': 37, 'rec_loss': '0.2781'}
2025-06-13 19:36:00,978 - {'Epoch': 37, 'HR@5': '0.1055', 'NDCG@5': '0.0673', 'HR@10': '0.1769', 'NDCG@10': '0.0902', 'HR@20': '0.2735', 'NDCG@20': '0.1145'}
2025-06-13 19:36:00,979 - EarlyStopping counter: 2 out of 10
2025-06-13 19:36:07,682 - {'epoch': 38, 'rec_loss': '0.2776'}
2025-06-13 19:36:11,533 - {'Epoch': 38, 'HR@5': '0.1082', 'NDCG@5': '0.0687', 'HR@10': '0.1805', 'NDCG@10': '0.0919', 'HR@20': '0.2753', 'NDCG@20': '0.1157'}
2025-06-13 19:36:11,534 - EarlyStopping counter: 3 out of 10
2025-06-13 19:36:18,266 - {'epoch': 39, 'rec_loss': '0.2796'}
2025-06-13 19:36:22,143 - {'Epoch': 39, 'HR@5': '0.1108', 'NDCG@5': '0.0698', 'HR@10': '0.1798', 'NDCG@10': '0.0919', 'HR@20': '0.2731', 'NDCG@20': '0.1154'}
2025-06-13 19:36:22,147 - EarlyStopping counter: 4 out of 10
2025-06-13 19:36:28,850 - {'epoch': 40, 'rec_loss': '0.2736'}
2025-06-13 19:36:32,687 - {'Epoch': 40, 'HR@5': '0.1100', 'NDCG@5': '0.0693', 'HR@10': '0.1789', 'NDCG@10': '0.0915', 'HR@20': '0.2723', 'NDCG@20': '0.1151'}
2025-06-13 19:36:32,688 - EarlyStopping counter: 5 out of 10
2025-06-13 19:36:39,428 - {'epoch': 41, 'rec_loss': '0.2718'}
2025-06-13 19:36:43,346 - {'Epoch': 41, 'HR@5': '0.1120', 'NDCG@5': '0.0711', 'HR@10': '0.1822', 'NDCG@10': '0.0935', 'HR@20': '0.2755', 'NDCG@20': '0.1170'}
2025-06-13 19:36:43,348 - Validation score increased.  Saving model ...
2025-06-13 19:36:49,982 - {'epoch': 42, 'rec_loss': '0.2709'}
2025-06-13 19:36:53,770 - {'Epoch': 42, 'HR@5': '0.1104', 'NDCG@5': '0.0707', 'HR@10': '0.1818', 'NDCG@10': '0.0936', 'HR@20': '0.2779', 'NDCG@20': '0.1177'}
2025-06-13 19:36:53,773 - Validation score increased.  Saving model ...
2025-06-13 19:37:00,526 - {'epoch': 43, 'rec_loss': '0.2734'}
2025-06-13 19:37:04,182 - {'Epoch': 43, 'HR@5': '0.1095', 'NDCG@5': '0.0694', 'HR@10': '0.1799', 'NDCG@10': '0.0921', 'HR@20': '0.2745', 'NDCG@20': '0.1160'}
2025-06-13 19:37:04,184 - EarlyStopping counter: 1 out of 10
2025-06-13 19:37:10,793 - {'epoch': 44, 'rec_loss': '0.2704'}
2025-06-13 19:37:14,537 - {'Epoch': 44, 'HR@5': '0.1110', 'NDCG@5': '0.0705', 'HR@10': '0.1803', 'NDCG@10': '0.0928', 'HR@20': '0.2773', 'NDCG@20': '0.1172'}
2025-06-13 19:37:14,538 - EarlyStopping counter: 2 out of 10
2025-06-13 19:37:21,150 - {'epoch': 45, 'rec_loss': '0.2684'}
2025-06-13 19:37:24,934 - {'Epoch': 45, 'HR@5': '0.1102', 'NDCG@5': '0.0699', 'HR@10': '0.1793', 'NDCG@10': '0.0922', 'HR@20': '0.2809', 'NDCG@20': '0.1178'}
2025-06-13 19:37:24,936 - Validation score increased.  Saving model ...
2025-06-13 19:37:31,609 - {'epoch': 46, 'rec_loss': '0.2688'}
2025-06-13 19:37:35,393 - {'Epoch': 46, 'HR@5': '0.1124', 'NDCG@5': '0.0716', 'HR@10': '0.1850', 'NDCG@10': '0.0949', 'HR@20': '0.2800', 'NDCG@20': '0.1188'}
2025-06-13 19:37:35,393 - Validation score increased.  Saving model ...
2025-06-13 19:37:42,075 - {'epoch': 47, 'rec_loss': '0.2634'}
2025-06-13 19:37:45,797 - {'Epoch': 47, 'HR@5': '0.1121', 'NDCG@5': '0.0704', 'HR@10': '0.1844', 'NDCG@10': '0.0937', 'HR@20': '0.2821', 'NDCG@20': '0.1184'}
2025-06-13 19:37:45,799 - EarlyStopping counter: 1 out of 10
2025-06-13 19:37:52,565 - {'epoch': 48, 'rec_loss': '0.2673'}
2025-06-13 19:37:56,342 - {'Epoch': 48, 'HR@5': '0.1122', 'NDCG@5': '0.0704', 'HR@10': '0.1855', 'NDCG@10': '0.0939', 'HR@20': '0.2815', 'NDCG@20': '0.1181'}
2025-06-13 19:37:56,342 - EarlyStopping counter: 2 out of 10
2025-06-13 19:38:02,949 - {'epoch': 49, 'rec_loss': '0.2637'}
2025-06-13 19:38:06,726 - {'Epoch': 49, 'HR@5': '0.1138', 'NDCG@5': '0.0722', 'HR@10': '0.1847', 'NDCG@10': '0.0950', 'HR@20': '0.2803', 'NDCG@20': '0.1190'}
2025-06-13 19:38:06,731 - Validation score increased.  Saving model ...
2025-06-13 19:38:13,479 - {'epoch': 50, 'rec_loss': '0.2644'}
2025-06-13 19:38:17,119 - {'Epoch': 50, 'HR@5': '0.1122', 'NDCG@5': '0.0710', 'HR@10': '0.1813', 'NDCG@10': '0.0932', 'HR@20': '0.2787', 'NDCG@20': '0.1177'}
2025-06-13 19:38:17,122 - EarlyStopping counter: 1 out of 10
2025-06-13 19:38:23,775 - {'epoch': 51, 'rec_loss': '0.2648'}
2025-06-13 19:38:27,424 - {'Epoch': 51, 'HR@5': '0.1101', 'NDCG@5': '0.0694', 'HR@10': '0.1819', 'NDCG@10': '0.0924', 'HR@20': '0.2779', 'NDCG@20': '0.1166'}
2025-06-13 19:38:27,427 - EarlyStopping counter: 2 out of 10
2025-06-13 19:38:34,057 - {'epoch': 52, 'rec_loss': '0.2624'}
2025-06-13 19:38:37,772 - {'Epoch': 52, 'HR@5': '0.1138', 'NDCG@5': '0.0716', 'HR@10': '0.1842', 'NDCG@10': '0.0942', 'HR@20': '0.2818', 'NDCG@20': '0.1189'}
2025-06-13 19:38:37,774 - EarlyStopping counter: 3 out of 10
2025-06-13 19:38:44,401 - {'epoch': 53, 'rec_loss': '0.2613'}
2025-06-13 19:38:48,139 - {'Epoch': 53, 'HR@5': '0.1140', 'NDCG@5': '0.0720', 'HR@10': '0.1862', 'NDCG@10': '0.0952', 'HR@20': '0.2861', 'NDCG@20': '0.1203'}
2025-06-13 19:38:48,142 - Validation score increased.  Saving model ...
2025-06-13 19:38:54,844 - {'epoch': 54, 'rec_loss': '0.2597'}
2025-06-13 19:38:58,769 - {'Epoch': 54, 'HR@5': '0.1121', 'NDCG@5': '0.0709', 'HR@10': '0.1836', 'NDCG@10': '0.0938', 'HR@20': '0.2812', 'NDCG@20': '0.1184'}
2025-06-13 19:38:58,771 - EarlyStopping counter: 1 out of 10
2025-06-13 19:39:05,501 - {'epoch': 55, 'rec_loss': '0.2602'}
2025-06-13 19:39:09,322 - {'Epoch': 55, 'HR@5': '0.1120', 'NDCG@5': '0.0709', 'HR@10': '0.1804', 'NDCG@10': '0.0929', 'HR@20': '0.2801', 'NDCG@20': '0.1180'}
2025-06-13 19:39:09,324 - EarlyStopping counter: 2 out of 10
2025-06-13 19:39:16,064 - {'epoch': 56, 'rec_loss': '0.2586'}
2025-06-13 19:39:19,926 - {'Epoch': 56, 'HR@5': '0.1127', 'NDCG@5': '0.0708', 'HR@10': '0.1838', 'NDCG@10': '0.0937', 'HR@20': '0.2810', 'NDCG@20': '0.1182'}
2025-06-13 19:39:19,927 - EarlyStopping counter: 3 out of 10
2025-06-13 19:39:26,518 - {'epoch': 57, 'rec_loss': '0.2599'}
2025-06-13 19:39:30,378 - {'Epoch': 57, 'HR@5': '0.1124', 'NDCG@5': '0.0706', 'HR@10': '0.1848', 'NDCG@10': '0.0939', 'HR@20': '0.2836', 'NDCG@20': '0.1188'}
2025-06-13 19:39:30,380 - EarlyStopping counter: 4 out of 10
2025-06-13 19:39:36,946 - {'epoch': 58, 'rec_loss': '0.2613'}
2025-06-13 19:39:40,692 - {'Epoch': 58, 'HR@5': '0.1109', 'NDCG@5': '0.0695', 'HR@10': '0.1849', 'NDCG@10': '0.0932', 'HR@20': '0.2837', 'NDCG@20': '0.1180'}
2025-06-13 19:39:40,693 - EarlyStopping counter: 5 out of 10
2025-06-13 19:39:47,456 - {'epoch': 59, 'rec_loss': '0.2584'}
2025-06-13 19:39:51,077 - {'Epoch': 59, 'HR@5': '0.1086', 'NDCG@5': '0.0682', 'HR@10': '0.1818', 'NDCG@10': '0.0916', 'HR@20': '0.2799', 'NDCG@20': '0.1164'}
2025-06-13 19:39:51,078 - EarlyStopping counter: 6 out of 10
2025-06-13 19:39:57,644 - {'epoch': 60, 'rec_loss': '0.2544'}
2025-06-13 19:40:01,335 - {'Epoch': 60, 'HR@5': '0.1095', 'NDCG@5': '0.0682', 'HR@10': '0.1825', 'NDCG@10': '0.0916', 'HR@20': '0.2793', 'NDCG@20': '0.1159'}
2025-06-13 19:40:01,336 - EarlyStopping counter: 7 out of 10
2025-06-13 19:40:08,049 - {'epoch': 61, 'rec_loss': '0.2534'}
2025-06-13 19:40:11,682 - {'Epoch': 61, 'HR@5': '0.1109', 'NDCG@5': '0.0702', 'HR@10': '0.1850', 'NDCG@10': '0.0940', 'HR@20': '0.2793', 'NDCG@20': '0.1178'}
2025-06-13 19:40:11,684 - EarlyStopping counter: 8 out of 10
2025-06-13 19:40:18,248 - {'epoch': 62, 'rec_loss': '0.2539'}
2025-06-13 19:40:22,035 - {'Epoch': 62, 'HR@5': '0.1149', 'NDCG@5': '0.0719', 'HR@10': '0.1853', 'NDCG@10': '0.0945', 'HR@20': '0.2832', 'NDCG@20': '0.1191'}
2025-06-13 19:40:22,036 - EarlyStopping counter: 9 out of 10
2025-06-13 19:40:28,536 - {'epoch': 63, 'rec_loss': '0.2556'}
2025-06-13 19:40:32,157 - {'Epoch': 63, 'HR@5': '0.1120', 'NDCG@5': '0.0702', 'HR@10': '0.1835', 'NDCG@10': '0.0931', 'HR@20': '0.2850', 'NDCG@20': '0.1187'}
2025-06-13 19:40:32,160 - EarlyStopping counter: 10 out of 10
2025-06-13 19:40:32,160 - Early stopping
2025-06-13 19:40:32,160 - ---------------Validation Score---------------
2025-06-13 19:40:35,933 - {'Epoch': 0, 'HR@5': '0.1140', 'NDCG@5': '0.0720', 'HR@10': '0.1862', 'NDCG@10': '0.0952', 'HR@20': '0.2861', 'NDCG@20': '0.1203'}
2025-06-13 19:40:35,934 - SASRec_Diginetica
2025-06-13 19:40:35,934 - {'Epoch': 0, 'HR@5': '0.1140', 'NDCG@5': '0.0720', 'HR@10': '0.1862', 'NDCG@10': '0.0952', 'HR@20': '0.2861', 'NDCG@20': '0.1203'}
