2025-06-13 23:41:35,705 - Namespace(data_dir='data/self_processed/', output_dir='hparam_search/', data_name='Diginetica', train_name='BSARec_Diginetica', num_items=10, num_users=14829, lr=0.001, batch_size=256, epochs=200, no_cuda=False, log_freq=1, patience=10, num_workers=4, seed=42, weight_decay=0.0, adam_beta1=0.9, adam_beta2=0.999, gpu_id='0', variance=5, model_type='BSARec', max_seq_length=50, hidden_size=64, num_hidden_layers=2, hidden_act='gelu', num_attention_heads=4, attention_probs_dropout_prob=0.5, hidden_dropout_prob=0.5, initializer_range=0.02, c=7, alpha=0.5, cuda_condition=True, data_file='data/self_processed/Diginetica.txt', item_size=9441, checkpoint_path=PosixPath('/gpfs/home3/scur2771/BSARec/BSARec/src/hparam_search/BSARec_Diginetica/12367757_68/model.pt'), same_target_path='data/self_processed/Diginetica_same_target.npy')
2025-06-13 23:41:35,723 - BSARecModel(
  (item_embeddings): Embedding(9441, 64, padding_idx=0)
  (position_embeddings): Embedding(50, 64)
  (LayerNorm): LayerNorm()
  (dropout): Dropout(p=0.5, inplace=False)
  (item_encoder): BSARecEncoder(
    (blocks): ModuleList(
      (0): BSARecBlock(
        (layer): BSARecLayer(
          (filter_layer): FrequencyLayer(
            (out_dropout): Dropout(p=0.5, inplace=False)
            (LayerNorm): LayerNorm()
          )
          (attention_layer): MultiHeadAttention(
            (query): Linear(in_features=64, out_features=64, bias=True)
            (key): Linear(in_features=64, out_features=64, bias=True)
            (value): Linear(in_features=64, out_features=64, bias=True)
            (softmax): Softmax(dim=-1)
            (attn_dropout): Dropout(p=0.5, inplace=False)
            (dense): Linear(in_features=64, out_features=64, bias=True)
            (LayerNorm): LayerNorm((64,), eps=1e-12, elementwise_affine=True)
            (out_dropout): Dropout(p=0.5, inplace=False)
          )
        )
        (feed_forward): FeedForward(
          (dense_1): Linear(in_features=64, out_features=256, bias=True)
          (dense_2): Linear(in_features=256, out_features=64, bias=True)
          (LayerNorm): LayerNorm()
          (dropout): Dropout(p=0.5, inplace=False)
        )
      )
      (1): BSARecBlock(
        (layer): BSARecLayer(
          (filter_layer): FrequencyLayer(
            (out_dropout): Dropout(p=0.5, inplace=False)
            (LayerNorm): LayerNorm()
          )
          (attention_layer): MultiHeadAttention(
            (query): Linear(in_features=64, out_features=64, bias=True)
            (key): Linear(in_features=64, out_features=64, bias=True)
            (value): Linear(in_features=64, out_features=64, bias=True)
            (softmax): Softmax(dim=-1)
            (attn_dropout): Dropout(p=0.5, inplace=False)
            (dense): Linear(in_features=64, out_features=64, bias=True)
            (LayerNorm): LayerNorm((64,), eps=1e-12, elementwise_affine=True)
            (out_dropout): Dropout(p=0.5, inplace=False)
          )
        )
        (feed_forward): FeedForward(
          (dense_1): Linear(in_features=64, out_features=256, bias=True)
          (dense_2): Linear(in_features=256, out_features=64, bias=True)
          (LayerNorm): LayerNorm()
          (dropout): Dropout(p=0.5, inplace=False)
        )
      )
    )
  )
)
2025-06-13 23:41:37,949 - Total Parameters: 707904
2025-06-13 23:41:46,549 - {'epoch': 0, 'rec_loss': '8.6746'}
2025-06-13 23:41:50,848 - {'Epoch': 0, 'HR@5': '0.0320', 'NDCG@5': '0.0226', 'HR@10': '0.0473', 'NDCG@10': '0.0275', 'HR@20': '0.0646', 'NDCG@20': '0.0318'}
2025-06-13 23:41:50,849 - Validation score increased.  Saving model ...
2025-06-13 23:41:58,511 - {'epoch': 1, 'rec_loss': '7.5249'}
2025-06-13 23:42:02,834 - {'Epoch': 1, 'HR@5': '0.1017', 'NDCG@5': '0.0664', 'HR@10': '0.1492', 'NDCG@10': '0.0817', 'HR@20': '0.2122', 'NDCG@20': '0.0976'}
2025-06-13 23:42:02,835 - Validation score increased.  Saving model ...
2025-06-13 23:42:10,339 - {'epoch': 2, 'rec_loss': '6.2537'}
2025-06-13 23:42:14,668 - {'Epoch': 2, 'HR@5': '0.1323', 'NDCG@5': '0.0873', 'HR@10': '0.1997', 'NDCG@10': '0.1091', 'HR@20': '0.2828', 'NDCG@20': '0.1301'}
2025-06-13 23:42:14,669 - Validation score increased.  Saving model ...
2025-06-13 23:42:22,202 - {'epoch': 3, 'rec_loss': '5.5365'}
2025-06-13 23:42:26,570 - {'Epoch': 3, 'HR@5': '0.1531', 'NDCG@5': '0.0999', 'HR@10': '0.2274', 'NDCG@10': '0.1239', 'HR@20': '0.3227', 'NDCG@20': '0.1479'}
2025-06-13 23:42:26,576 - Validation score increased.  Saving model ...
2025-06-13 23:42:34,117 - {'epoch': 4, 'rec_loss': '5.1878'}
2025-06-13 23:42:38,517 - {'Epoch': 4, 'HR@5': '0.1607', 'NDCG@5': '0.1046', 'HR@10': '0.2409', 'NDCG@10': '0.1304', 'HR@20': '0.3398', 'NDCG@20': '0.1553'}
2025-06-13 23:42:38,519 - Validation score increased.  Saving model ...
2025-06-13 23:42:46,084 - {'epoch': 5, 'rec_loss': '5.0188'}
2025-06-13 23:42:50,606 - {'Epoch': 5, 'HR@5': '0.1664', 'NDCG@5': '0.1093', 'HR@10': '0.2476', 'NDCG@10': '0.1354', 'HR@20': '0.3463', 'NDCG@20': '0.1604'}
2025-06-13 23:42:50,607 - Validation score increased.  Saving model ...
2025-06-13 23:42:58,237 - {'epoch': 6, 'rec_loss': '4.9281'}
2025-06-13 23:43:02,630 - {'Epoch': 6, 'HR@5': '0.1675', 'NDCG@5': '0.1099', 'HR@10': '0.2548', 'NDCG@10': '0.1380', 'HR@20': '0.3510', 'NDCG@20': '0.1623'}
2025-06-13 23:43:02,632 - Validation score increased.  Saving model ...
2025-06-13 23:43:10,280 - {'epoch': 7, 'rec_loss': '4.8694'}
2025-06-13 23:43:14,612 - {'Epoch': 7, 'HR@5': '0.1683', 'NDCG@5': '0.1102', 'HR@10': '0.2530', 'NDCG@10': '0.1375', 'HR@20': '0.3536', 'NDCG@20': '0.1629'}
2025-06-13 23:43:14,614 - Validation score increased.  Saving model ...
2025-06-13 23:43:22,186 - {'epoch': 8, 'rec_loss': '4.8206'}
2025-06-13 23:43:26,534 - {'Epoch': 8, 'HR@5': '0.1693', 'NDCG@5': '0.1110', 'HR@10': '0.2551', 'NDCG@10': '0.1386', 'HR@20': '0.3573', 'NDCG@20': '0.1644'}
2025-06-13 23:43:26,536 - Validation score increased.  Saving model ...
2025-06-13 23:43:34,087 - {'epoch': 9, 'rec_loss': '4.7843'}
2025-06-13 23:43:38,466 - {'Epoch': 9, 'HR@5': '0.1707', 'NDCG@5': '0.1120', 'HR@10': '0.2545', 'NDCG@10': '0.1390', 'HR@20': '0.3572', 'NDCG@20': '0.1650'}
2025-06-13 23:43:38,468 - Validation score increased.  Saving model ...
2025-06-13 23:43:46,045 - {'epoch': 10, 'rec_loss': '4.7556'}
2025-06-13 23:43:50,511 - {'Epoch': 10, 'HR@5': '0.1685', 'NDCG@5': '0.1115', 'HR@10': '0.2561', 'NDCG@10': '0.1398', 'HR@20': '0.3599', 'NDCG@20': '0.1660'}
2025-06-13 23:43:50,513 - Validation score increased.  Saving model ...
2025-06-13 23:43:58,038 - {'epoch': 11, 'rec_loss': '4.7332'}
2025-06-13 23:44:02,408 - {'Epoch': 11, 'HR@5': '0.1722', 'NDCG@5': '0.1126', 'HR@10': '0.2580', 'NDCG@10': '0.1403', 'HR@20': '0.3590', 'NDCG@20': '0.1658'}
2025-06-13 23:44:02,410 - EarlyStopping counter: 1 out of 10
2025-06-13 23:44:09,980 - {'epoch': 12, 'rec_loss': '4.7123'}
2025-06-13 23:44:14,366 - {'Epoch': 12, 'HR@5': '0.1713', 'NDCG@5': '0.1122', 'HR@10': '0.2565', 'NDCG@10': '0.1397', 'HR@20': '0.3611', 'NDCG@20': '0.1662'}
2025-06-13 23:44:14,367 - Validation score increased.  Saving model ...
2025-06-13 23:44:21,894 - {'epoch': 13, 'rec_loss': '4.6947'}
2025-06-13 23:44:26,349 - {'Epoch': 13, 'HR@5': '0.1708', 'NDCG@5': '0.1127', 'HR@10': '0.2588', 'NDCG@10': '0.1410', 'HR@20': '0.3617', 'NDCG@20': '0.1670'}
2025-06-13 23:44:26,351 - Validation score increased.  Saving model ...
2025-06-13 23:44:33,929 - {'epoch': 14, 'rec_loss': '4.6728'}
2025-06-13 23:44:38,371 - {'Epoch': 14, 'HR@5': '0.1718', 'NDCG@5': '0.1125', 'HR@10': '0.2570', 'NDCG@10': '0.1400', 'HR@20': '0.3617', 'NDCG@20': '0.1665'}
2025-06-13 23:44:38,373 - EarlyStopping counter: 1 out of 10
2025-06-13 23:44:45,871 - {'epoch': 15, 'rec_loss': '4.6626'}
2025-06-13 23:44:50,333 - {'Epoch': 15, 'HR@5': '0.1704', 'NDCG@5': '0.1127', 'HR@10': '0.2565', 'NDCG@10': '0.1405', 'HR@20': '0.3617', 'NDCG@20': '0.1671'}
2025-06-13 23:44:50,334 - Validation score increased.  Saving model ...
2025-06-13 23:44:57,822 - {'epoch': 16, 'rec_loss': '4.6497'}
2025-06-13 23:45:02,207 - {'Epoch': 16, 'HR@5': '0.1697', 'NDCG@5': '0.1114', 'HR@10': '0.2544', 'NDCG@10': '0.1386', 'HR@20': '0.3623', 'NDCG@20': '0.1660'}
2025-06-13 23:45:02,209 - EarlyStopping counter: 1 out of 10
2025-06-13 23:45:09,663 - {'epoch': 17, 'rec_loss': '4.6388'}
2025-06-13 23:45:14,046 - {'Epoch': 17, 'HR@5': '0.1720', 'NDCG@5': '0.1129', 'HR@10': '0.2571', 'NDCG@10': '0.1403', 'HR@20': '0.3587', 'NDCG@20': '0.1661'}
2025-06-13 23:45:14,048 - EarlyStopping counter: 2 out of 10
2025-06-13 23:45:21,413 - {'epoch': 18, 'rec_loss': '4.6251'}
2025-06-13 23:45:25,830 - {'Epoch': 18, 'HR@5': '0.1718', 'NDCG@5': '0.1133', 'HR@10': '0.2574', 'NDCG@10': '0.1409', 'HR@20': '0.3573', 'NDCG@20': '0.1661'}
2025-06-13 23:45:25,832 - EarlyStopping counter: 3 out of 10
2025-06-13 23:45:33,438 - {'epoch': 19, 'rec_loss': '4.6106'}
2025-06-13 23:45:37,842 - {'Epoch': 19, 'HR@5': '0.1734', 'NDCG@5': '0.1130', 'HR@10': '0.2585', 'NDCG@10': '0.1404', 'HR@20': '0.3610', 'NDCG@20': '0.1662'}
2025-06-13 23:45:37,844 - EarlyStopping counter: 4 out of 10
2025-06-13 23:45:45,385 - {'epoch': 20, 'rec_loss': '4.6041'}
2025-06-13 23:45:49,856 - {'Epoch': 20, 'HR@5': '0.1735', 'NDCG@5': '0.1125', 'HR@10': '0.2573', 'NDCG@10': '0.1397', 'HR@20': '0.3619', 'NDCG@20': '0.1661'}
2025-06-13 23:45:49,858 - EarlyStopping counter: 5 out of 10
2025-06-13 23:45:57,370 - {'epoch': 21, 'rec_loss': '4.5954'}
2025-06-13 23:46:01,849 - {'Epoch': 21, 'HR@5': '0.1714', 'NDCG@5': '0.1118', 'HR@10': '0.2582', 'NDCG@10': '0.1397', 'HR@20': '0.3620', 'NDCG@20': '0.1659'}
2025-06-13 23:46:01,850 - EarlyStopping counter: 6 out of 10
2025-06-13 23:46:09,361 - {'epoch': 22, 'rec_loss': '4.5855'}
2025-06-13 23:46:13,804 - {'Epoch': 22, 'HR@5': '0.1745', 'NDCG@5': '0.1143', 'HR@10': '0.2603', 'NDCG@10': '0.1418', 'HR@20': '0.3621', 'NDCG@20': '0.1676'}
2025-06-13 23:46:13,806 - Validation score increased.  Saving model ...
2025-06-13 23:46:21,376 - {'epoch': 23, 'rec_loss': '4.5796'}
2025-06-13 23:46:25,741 - {'Epoch': 23, 'HR@5': '0.1706', 'NDCG@5': '0.1112', 'HR@10': '0.2575', 'NDCG@10': '0.1392', 'HR@20': '0.3584', 'NDCG@20': '0.1648'}
2025-06-13 23:46:25,742 - EarlyStopping counter: 1 out of 10
2025-06-13 23:46:33,274 - {'epoch': 24, 'rec_loss': '4.5706'}
2025-06-13 23:46:37,754 - {'Epoch': 24, 'HR@5': '0.1732', 'NDCG@5': '0.1139', 'HR@10': '0.2598', 'NDCG@10': '0.1418', 'HR@20': '0.3613', 'NDCG@20': '0.1674'}
2025-06-13 23:46:37,756 - EarlyStopping counter: 2 out of 10
2025-06-13 23:46:45,304 - {'epoch': 25, 'rec_loss': '4.5605'}
2025-06-13 23:46:49,657 - {'Epoch': 25, 'HR@5': '0.1769', 'NDCG@5': '0.1158', 'HR@10': '0.2596', 'NDCG@10': '0.1424', 'HR@20': '0.3603', 'NDCG@20': '0.1679'}
2025-06-13 23:46:49,659 - Validation score increased.  Saving model ...
2025-06-13 23:46:57,204 - {'epoch': 26, 'rec_loss': '4.5577'}
2025-06-13 23:47:01,589 - {'Epoch': 26, 'HR@5': '0.1720', 'NDCG@5': '0.1126', 'HR@10': '0.2600', 'NDCG@10': '0.1410', 'HR@20': '0.3590', 'NDCG@20': '0.1661'}
2025-06-13 23:47:01,590 - EarlyStopping counter: 1 out of 10
2025-06-13 23:47:09,151 - {'epoch': 27, 'rec_loss': '4.5478'}
2025-06-13 23:47:13,490 - {'Epoch': 27, 'HR@5': '0.1731', 'NDCG@5': '0.1140', 'HR@10': '0.2598', 'NDCG@10': '0.1419', 'HR@20': '0.3628', 'NDCG@20': '0.1680'}
2025-06-13 23:47:13,492 - Validation score increased.  Saving model ...
2025-06-13 23:47:21,045 - {'epoch': 28, 'rec_loss': '4.5413'}
2025-06-13 23:47:25,448 - {'Epoch': 28, 'HR@5': '0.1714', 'NDCG@5': '0.1131', 'HR@10': '0.2606', 'NDCG@10': '0.1419', 'HR@20': '0.3624', 'NDCG@20': '0.1676'}
2025-06-13 23:47:25,451 - EarlyStopping counter: 1 out of 10
2025-06-13 23:47:32,854 - {'epoch': 29, 'rec_loss': '4.5336'}
2025-06-13 23:47:37,244 - {'Epoch': 29, 'HR@5': '0.1710', 'NDCG@5': '0.1130', 'HR@10': '0.2563', 'NDCG@10': '0.1405', 'HR@20': '0.3591', 'NDCG@20': '0.1665'}
2025-06-13 23:47:37,246 - EarlyStopping counter: 2 out of 10
2025-06-13 23:47:44,804 - {'epoch': 30, 'rec_loss': '4.5291'}
2025-06-13 23:47:49,157 - {'Epoch': 30, 'HR@5': '0.1720', 'NDCG@5': '0.1128', 'HR@10': '0.2585', 'NDCG@10': '0.1408', 'HR@20': '0.3633', 'NDCG@20': '0.1673'}
2025-06-13 23:47:49,159 - EarlyStopping counter: 3 out of 10
2025-06-13 23:47:56,733 - {'epoch': 31, 'rec_loss': '4.5164'}
2025-06-13 23:48:01,072 - {'Epoch': 31, 'HR@5': '0.1728', 'NDCG@5': '0.1138', 'HR@10': '0.2599', 'NDCG@10': '0.1419', 'HR@20': '0.3597', 'NDCG@20': '0.1671'}
2025-06-13 23:48:01,073 - EarlyStopping counter: 4 out of 10
2025-06-13 23:48:08,592 - {'epoch': 32, 'rec_loss': '4.5174'}
2025-06-13 23:48:12,933 - {'Epoch': 32, 'HR@5': '0.1704', 'NDCG@5': '0.1116', 'HR@10': '0.2588', 'NDCG@10': '0.1401', 'HR@20': '0.3605', 'NDCG@20': '0.1659'}
2025-06-13 23:48:12,935 - EarlyStopping counter: 5 out of 10
2025-06-13 23:48:20,503 - {'epoch': 33, 'rec_loss': '4.5121'}
2025-06-13 23:48:24,900 - {'Epoch': 33, 'HR@5': '0.1727', 'NDCG@5': '0.1131', 'HR@10': '0.2585', 'NDCG@10': '0.1408', 'HR@20': '0.3613', 'NDCG@20': '0.1668'}
2025-06-13 23:48:24,902 - EarlyStopping counter: 6 out of 10
2025-06-13 23:48:32,472 - {'epoch': 34, 'rec_loss': '4.5057'}
2025-06-13 23:48:36,865 - {'Epoch': 34, 'HR@5': '0.1729', 'NDCG@5': '0.1147', 'HR@10': '0.2606', 'NDCG@10': '0.1430', 'HR@20': '0.3615', 'NDCG@20': '0.1685'}
2025-06-13 23:48:36,866 - Validation score increased.  Saving model ...
2025-06-13 23:48:44,353 - {'epoch': 35, 'rec_loss': '4.5011'}
2025-06-13 23:48:48,851 - {'Epoch': 35, 'HR@5': '0.1699', 'NDCG@5': '0.1120', 'HR@10': '0.2588', 'NDCG@10': '0.1407', 'HR@20': '0.3609', 'NDCG@20': '0.1665'}
2025-06-13 23:48:48,853 - EarlyStopping counter: 1 out of 10
2025-06-13 23:48:56,293 - {'epoch': 36, 'rec_loss': '4.4968'}
2025-06-13 23:49:00,607 - {'Epoch': 36, 'HR@5': '0.1716', 'NDCG@5': '0.1127', 'HR@10': '0.2594', 'NDCG@10': '0.1411', 'HR@20': '0.3628', 'NDCG@20': '0.1671'}
2025-06-13 23:49:00,609 - EarlyStopping counter: 2 out of 10
2025-06-13 23:49:08,231 - {'epoch': 37, 'rec_loss': '4.4880'}
2025-06-13 23:49:12,654 - {'Epoch': 37, 'HR@5': '0.1704', 'NDCG@5': '0.1114', 'HR@10': '0.2596', 'NDCG@10': '0.1402', 'HR@20': '0.3620', 'NDCG@20': '0.1661'}
2025-06-13 23:49:12,656 - EarlyStopping counter: 3 out of 10
2025-06-13 23:49:20,150 - {'epoch': 38, 'rec_loss': '4.4823'}
2025-06-13 23:49:24,525 - {'Epoch': 38, 'HR@5': '0.1711', 'NDCG@5': '0.1133', 'HR@10': '0.2592', 'NDCG@10': '0.1417', 'HR@20': '0.3619', 'NDCG@20': '0.1677'}
2025-06-13 23:49:24,526 - EarlyStopping counter: 4 out of 10
2025-06-13 23:49:32,065 - {'epoch': 39, 'rec_loss': '4.4830'}
2025-06-13 23:49:36,464 - {'Epoch': 39, 'HR@5': '0.1699', 'NDCG@5': '0.1115', 'HR@10': '0.2592', 'NDCG@10': '0.1403', 'HR@20': '0.3613', 'NDCG@20': '0.1661'}
2025-06-13 23:49:36,465 - EarlyStopping counter: 5 out of 10
2025-06-13 23:49:43,973 - {'epoch': 40, 'rec_loss': '4.4735'}
2025-06-13 23:49:48,314 - {'Epoch': 40, 'HR@5': '0.1713', 'NDCG@5': '0.1121', 'HR@10': '0.2574', 'NDCG@10': '0.1400', 'HR@20': '0.3599', 'NDCG@20': '0.1659'}
2025-06-13 23:49:48,316 - EarlyStopping counter: 6 out of 10
2025-06-13 23:49:55,845 - {'epoch': 41, 'rec_loss': '4.4689'}
2025-06-13 23:50:00,146 - {'Epoch': 41, 'HR@5': '0.1724', 'NDCG@5': '0.1129', 'HR@10': '0.2588', 'NDCG@10': '0.1408', 'HR@20': '0.3613', 'NDCG@20': '0.1666'}
2025-06-13 23:50:00,148 - EarlyStopping counter: 7 out of 10
2025-06-13 23:50:07,720 - {'epoch': 42, 'rec_loss': '4.4601'}
2025-06-13 23:50:12,073 - {'Epoch': 42, 'HR@5': '0.1704', 'NDCG@5': '0.1117', 'HR@10': '0.2578', 'NDCG@10': '0.1401', 'HR@20': '0.3618', 'NDCG@20': '0.1664'}
2025-06-13 23:50:12,074 - EarlyStopping counter: 8 out of 10
2025-06-13 23:50:19,513 - {'epoch': 43, 'rec_loss': '4.4562'}
2025-06-13 23:50:23,903 - {'Epoch': 43, 'HR@5': '0.1713', 'NDCG@5': '0.1124', 'HR@10': '0.2588', 'NDCG@10': '0.1407', 'HR@20': '0.3605', 'NDCG@20': '0.1664'}
2025-06-13 23:50:23,904 - EarlyStopping counter: 9 out of 10
2025-06-13 23:50:31,388 - {'epoch': 44, 'rec_loss': '4.4519'}
2025-06-13 23:50:35,852 - {'Epoch': 44, 'HR@5': '0.1722', 'NDCG@5': '0.1127', 'HR@10': '0.2588', 'NDCG@10': '0.1406', 'HR@20': '0.3611', 'NDCG@20': '0.1665'}
2025-06-13 23:50:35,854 - EarlyStopping counter: 10 out of 10
2025-06-13 23:50:35,854 - Early stopping
2025-06-13 23:50:35,854 - ---------------Validation Score---------------
2025-06-13 23:50:40,281 - {'Epoch': 0, 'HR@5': '0.1729', 'NDCG@5': '0.1147', 'HR@10': '0.2606', 'NDCG@10': '0.1430', 'HR@20': '0.3615', 'NDCG@20': '0.1685'}
2025-06-13 23:50:40,283 - BSARec_Diginetica
2025-06-13 23:50:40,283 - {'Epoch': 0, 'HR@5': '0.1729', 'NDCG@5': '0.1147', 'HR@10': '0.2606', 'NDCG@10': '0.1430', 'HR@20': '0.3615', 'NDCG@20': '0.1685'}
