2025-06-14 00:05:07,612 - Namespace(data_dir='data/self_processed/', output_dir='hparam_search/', data_name='Diginetica', train_name='BSARec_Diginetica', num_items=10, num_users=14829, lr=0.0005, batch_size=256, epochs=200, no_cuda=False, log_freq=1, patience=10, num_workers=4, seed=42, weight_decay=0.0, adam_beta1=0.9, adam_beta2=0.999, gpu_id='0', variance=5, model_type='BSARec', max_seq_length=50, hidden_size=64, num_hidden_layers=2, hidden_act='gelu', num_attention_heads=1, attention_probs_dropout_prob=0.5, hidden_dropout_prob=0.5, initializer_range=0.02, c=7, alpha=0.7, cuda_condition=True, data_file='data/self_processed/Diginetica.txt', item_size=9441, checkpoint_path=PosixPath('/gpfs/home3/scur2771/BSARec/BSARec/src/hparam_search/BSARec_Diginetica/12367757_94/model.pt'), same_target_path='data/self_processed/Diginetica_same_target.npy')
2025-06-14 00:05:07,661 - BSARecModel(
  (item_embeddings): Embedding(9441, 64, padding_idx=0)
  (position_embeddings): Embedding(50, 64)
  (LayerNorm): LayerNorm()
  (dropout): Dropout(p=0.5, inplace=False)
  (item_encoder): BSARecEncoder(
    (blocks): ModuleList(
      (0): BSARecBlock(
        (layer): BSARecLayer(
          (filter_layer): FrequencyLayer(
            (out_dropout): Dropout(p=0.5, inplace=False)
            (LayerNorm): LayerNorm()
          )
          (attention_layer): MultiHeadAttention(
            (query): Linear(in_features=64, out_features=64, bias=True)
            (key): Linear(in_features=64, out_features=64, bias=True)
            (value): Linear(in_features=64, out_features=64, bias=True)
            (softmax): Softmax(dim=-1)
            (attn_dropout): Dropout(p=0.5, inplace=False)
            (dense): Linear(in_features=64, out_features=64, bias=True)
            (LayerNorm): LayerNorm((64,), eps=1e-12, elementwise_affine=True)
            (out_dropout): Dropout(p=0.5, inplace=False)
          )
        )
        (feed_forward): FeedForward(
          (dense_1): Linear(in_features=64, out_features=256, bias=True)
          (dense_2): Linear(in_features=256, out_features=64, bias=True)
          (LayerNorm): LayerNorm()
          (dropout): Dropout(p=0.5, inplace=False)
        )
      )
      (1): BSARecBlock(
        (layer): BSARecLayer(
          (filter_layer): FrequencyLayer(
            (out_dropout): Dropout(p=0.5, inplace=False)
            (LayerNorm): LayerNorm()
          )
          (attention_layer): MultiHeadAttention(
            (query): Linear(in_features=64, out_features=64, bias=True)
            (key): Linear(in_features=64, out_features=64, bias=True)
            (value): Linear(in_features=64, out_features=64, bias=True)
            (softmax): Softmax(dim=-1)
            (attn_dropout): Dropout(p=0.5, inplace=False)
            (dense): Linear(in_features=64, out_features=64, bias=True)
            (LayerNorm): LayerNorm((64,), eps=1e-12, elementwise_affine=True)
            (out_dropout): Dropout(p=0.5, inplace=False)
          )
        )
        (feed_forward): FeedForward(
          (dense_1): Linear(in_features=64, out_features=256, bias=True)
          (dense_2): Linear(in_features=256, out_features=64, bias=True)
          (LayerNorm): LayerNorm()
          (dropout): Dropout(p=0.5, inplace=False)
        )
      )
    )
  )
)
2025-06-14 00:05:11,169 - Total Parameters: 707904
2025-06-14 00:05:19,956 - {'epoch': 0, 'rec_loss': '8.8234'}
2025-06-14 00:05:24,159 - {'Epoch': 0, 'HR@5': '0.0061', 'NDCG@5': '0.0040', 'HR@10': '0.0096', 'NDCG@10': '0.0052', 'HR@20': '0.0151', 'NDCG@20': '0.0065'}
2025-06-14 00:05:24,160 - Validation score increased.  Saving model ...
2025-06-14 00:05:31,609 - {'epoch': 1, 'rec_loss': '8.3838'}
2025-06-14 00:05:35,852 - {'Epoch': 1, 'HR@5': '0.0318', 'NDCG@5': '0.0219', 'HR@10': '0.0473', 'NDCG@10': '0.0269', 'HR@20': '0.0671', 'NDCG@20': '0.0319'}
2025-06-14 00:05:35,854 - Validation score increased.  Saving model ...
2025-06-14 00:05:43,211 - {'epoch': 2, 'rec_loss': '7.7850'}
2025-06-14 00:05:47,500 - {'Epoch': 2, 'HR@5': '0.0755', 'NDCG@5': '0.0493', 'HR@10': '0.1146', 'NDCG@10': '0.0620', 'HR@20': '0.1585', 'NDCG@20': '0.0730'}
2025-06-14 00:05:47,502 - Validation score increased.  Saving model ...
2025-06-14 00:05:54,949 - {'epoch': 3, 'rec_loss': '7.0180'}
2025-06-14 00:05:59,299 - {'Epoch': 3, 'HR@5': '0.1030', 'NDCG@5': '0.0674', 'HR@10': '0.1572', 'NDCG@10': '0.0848', 'HR@20': '0.2202', 'NDCG@20': '0.1007'}
2025-06-14 00:05:59,301 - Validation score increased.  Saving model ...
2025-06-14 00:06:06,714 - {'epoch': 4, 'rec_loss': '6.3494'}
2025-06-14 00:06:11,102 - {'Epoch': 4, 'HR@5': '0.1218', 'NDCG@5': '0.0799', 'HR@10': '0.1859', 'NDCG@10': '0.1005', 'HR@20': '0.2613', 'NDCG@20': '0.1195'}
2025-06-14 00:06:11,103 - Validation score increased.  Saving model ...
2025-06-14 00:06:18,481 - {'epoch': 5, 'rec_loss': '5.8504'}
2025-06-14 00:06:22,822 - {'Epoch': 5, 'HR@5': '0.1371', 'NDCG@5': '0.0902', 'HR@10': '0.2078', 'NDCG@10': '0.1130', 'HR@20': '0.2894', 'NDCG@20': '0.1336'}
2025-06-14 00:06:22,824 - Validation score increased.  Saving model ...
2025-06-14 00:06:30,217 - {'epoch': 6, 'rec_loss': '5.5051'}
2025-06-14 00:06:34,634 - {'Epoch': 6, 'HR@5': '0.1482', 'NDCG@5': '0.0978', 'HR@10': '0.2237', 'NDCG@10': '0.1221', 'HR@20': '0.3124', 'NDCG@20': '0.1444'}
2025-06-14 00:06:34,636 - Validation score increased.  Saving model ...
2025-06-14 00:06:42,032 - {'epoch': 7, 'rec_loss': '5.2578'}
2025-06-14 00:06:46,398 - {'Epoch': 7, 'HR@5': '0.1563', 'NDCG@5': '0.1028', 'HR@10': '0.2355', 'NDCG@10': '0.1284', 'HR@20': '0.3304', 'NDCG@20': '0.1523'}
2025-06-14 00:06:46,399 - Validation score increased.  Saving model ...
2025-06-14 00:06:53,753 - {'epoch': 8, 'rec_loss': '5.0827'}
2025-06-14 00:06:58,091 - {'Epoch': 8, 'HR@5': '0.1636', 'NDCG@5': '0.1076', 'HR@10': '0.2443', 'NDCG@10': '0.1336', 'HR@20': '0.3391', 'NDCG@20': '0.1576'}
2025-06-14 00:06:58,093 - Validation score increased.  Saving model ...
2025-06-14 00:07:05,579 - {'epoch': 9, 'rec_loss': '4.9597'}
2025-06-14 00:07:09,895 - {'Epoch': 9, 'HR@5': '0.1663', 'NDCG@5': '0.1095', 'HR@10': '0.2491', 'NDCG@10': '0.1361', 'HR@20': '0.3483', 'NDCG@20': '0.1611'}
2025-06-14 00:07:09,897 - Validation score increased.  Saving model ...
2025-06-14 00:07:17,281 - {'epoch': 10, 'rec_loss': '4.8733'}
2025-06-14 00:07:21,736 - {'Epoch': 10, 'HR@5': '0.1683', 'NDCG@5': '0.1105', 'HR@10': '0.2526', 'NDCG@10': '0.1375', 'HR@20': '0.3522', 'NDCG@20': '0.1628'}
2025-06-14 00:07:21,737 - Validation score increased.  Saving model ...
2025-06-14 00:07:29,249 - {'epoch': 11, 'rec_loss': '4.8044'}
2025-06-14 00:07:33,638 - {'Epoch': 11, 'HR@5': '0.1687', 'NDCG@5': '0.1119', 'HR@10': '0.2580', 'NDCG@10': '0.1405', 'HR@20': '0.3564', 'NDCG@20': '0.1654'}
2025-06-14 00:07:33,640 - Validation score increased.  Saving model ...
2025-06-14 00:07:41,042 - {'epoch': 12, 'rec_loss': '4.7573'}
2025-06-14 00:07:45,383 - {'Epoch': 12, 'HR@5': '0.1736', 'NDCG@5': '0.1136', 'HR@10': '0.2586', 'NDCG@10': '0.1409', 'HR@20': '0.3605', 'NDCG@20': '0.1666'}
2025-06-14 00:07:45,385 - Validation score increased.  Saving model ...
2025-06-14 00:07:52,774 - {'epoch': 13, 'rec_loss': '4.7224'}
2025-06-14 00:07:57,146 - {'Epoch': 13, 'HR@5': '0.1737', 'NDCG@5': '0.1146', 'HR@10': '0.2598', 'NDCG@10': '0.1423', 'HR@20': '0.3595', 'NDCG@20': '0.1676'}
2025-06-14 00:07:57,148 - Validation score increased.  Saving model ...
2025-06-14 00:08:04,533 - {'epoch': 14, 'rec_loss': '4.6892'}
2025-06-14 00:08:08,917 - {'Epoch': 14, 'HR@5': '0.1741', 'NDCG@5': '0.1148', 'HR@10': '0.2615', 'NDCG@10': '0.1429', 'HR@20': '0.3617', 'NDCG@20': '0.1682'}
2025-06-14 00:08:08,919 - Validation score increased.  Saving model ...
2025-06-14 00:08:16,327 - {'epoch': 15, 'rec_loss': '4.6668'}
2025-06-14 00:08:20,683 - {'Epoch': 15, 'HR@5': '0.1705', 'NDCG@5': '0.1133', 'HR@10': '0.2613', 'NDCG@10': '0.1426', 'HR@20': '0.3635', 'NDCG@20': '0.1684'}
2025-06-14 00:08:20,685 - Validation score increased.  Saving model ...
2025-06-14 00:08:28,161 - {'epoch': 16, 'rec_loss': '4.6447'}
2025-06-14 00:08:32,467 - {'Epoch': 16, 'HR@5': '0.1736', 'NDCG@5': '0.1135', 'HR@10': '0.2601', 'NDCG@10': '0.1413', 'HR@20': '0.3626', 'NDCG@20': '0.1672'}
2025-06-14 00:08:32,470 - EarlyStopping counter: 1 out of 10
2025-06-14 00:08:39,882 - {'epoch': 17, 'rec_loss': '4.6258'}
2025-06-14 00:08:44,273 - {'Epoch': 17, 'HR@5': '0.1740', 'NDCG@5': '0.1137', 'HR@10': '0.2596', 'NDCG@10': '0.1414', 'HR@20': '0.3639', 'NDCG@20': '0.1677'}
2025-06-14 00:08:44,275 - EarlyStopping counter: 2 out of 10
2025-06-14 00:08:51,699 - {'epoch': 18, 'rec_loss': '4.6078'}
2025-06-14 00:08:56,106 - {'Epoch': 18, 'HR@5': '0.1755', 'NDCG@5': '0.1150', 'HR@10': '0.2613', 'NDCG@10': '0.1425', 'HR@20': '0.3640', 'NDCG@20': '0.1686'}
2025-06-14 00:08:56,108 - Validation score increased.  Saving model ...
2025-06-14 00:09:03,593 - {'epoch': 19, 'rec_loss': '4.5960'}
2025-06-14 00:09:07,923 - {'Epoch': 19, 'HR@5': '0.1755', 'NDCG@5': '0.1143', 'HR@10': '0.2597', 'NDCG@10': '0.1414', 'HR@20': '0.3631', 'NDCG@20': '0.1675'}
2025-06-14 00:09:07,924 - EarlyStopping counter: 1 out of 10
2025-06-14 00:09:15,354 - {'epoch': 20, 'rec_loss': '4.5815'}
2025-06-14 00:09:19,741 - {'Epoch': 20, 'HR@5': '0.1762', 'NDCG@5': '0.1160', 'HR@10': '0.2617', 'NDCG@10': '0.1436', 'HR@20': '0.3656', 'NDCG@20': '0.1699'}
2025-06-14 00:09:19,743 - Validation score increased.  Saving model ...
2025-06-14 00:09:27,221 - {'epoch': 21, 'rec_loss': '4.5744'}
2025-06-14 00:09:31,604 - {'Epoch': 21, 'HR@5': '0.1760', 'NDCG@5': '0.1151', 'HR@10': '0.2614', 'NDCG@10': '0.1428', 'HR@20': '0.3668', 'NDCG@20': '0.1694'}
2025-06-14 00:09:31,605 - EarlyStopping counter: 1 out of 10
2025-06-14 00:09:39,116 - {'epoch': 22, 'rec_loss': '4.5625'}
2025-06-14 00:09:43,492 - {'Epoch': 22, 'HR@5': '0.1764', 'NDCG@5': '0.1158', 'HR@10': '0.2642', 'NDCG@10': '0.1442', 'HR@20': '0.3680', 'NDCG@20': '0.1704'}
2025-06-14 00:09:43,494 - Validation score increased.  Saving model ...
2025-06-14 00:09:50,960 - {'epoch': 23, 'rec_loss': '4.5533'}
2025-06-14 00:09:55,344 - {'Epoch': 23, 'HR@5': '0.1760', 'NDCG@5': '0.1144', 'HR@10': '0.2625', 'NDCG@10': '0.1423', 'HR@20': '0.3651', 'NDCG@20': '0.1682'}
2025-06-14 00:09:55,346 - EarlyStopping counter: 1 out of 10
2025-06-14 00:10:02,935 - {'epoch': 24, 'rec_loss': '4.5449'}
2025-06-14 00:10:07,300 - {'Epoch': 24, 'HR@5': '0.1741', 'NDCG@5': '0.1146', 'HR@10': '0.2617', 'NDCG@10': '0.1428', 'HR@20': '0.3636', 'NDCG@20': '0.1686'}
2025-06-14 00:10:07,302 - EarlyStopping counter: 2 out of 10
2025-06-14 00:10:14,809 - {'epoch': 25, 'rec_loss': '4.5283'}
2025-06-14 00:10:19,140 - {'Epoch': 25, 'HR@5': '0.1756', 'NDCG@5': '0.1152', 'HR@10': '0.2646', 'NDCG@10': '0.1439', 'HR@20': '0.3654', 'NDCG@20': '0.1694'}
2025-06-14 00:10:19,141 - EarlyStopping counter: 3 out of 10
2025-06-14 00:10:26,682 - {'epoch': 26, 'rec_loss': '4.5296'}
2025-06-14 00:10:31,093 - {'Epoch': 26, 'HR@5': '0.1747', 'NDCG@5': '0.1147', 'HR@10': '0.2625', 'NDCG@10': '0.1430', 'HR@20': '0.3647', 'NDCG@20': '0.1690'}
2025-06-14 00:10:31,094 - EarlyStopping counter: 4 out of 10
2025-06-14 00:10:38,544 - {'epoch': 27, 'rec_loss': '4.5193'}
2025-06-14 00:10:42,871 - {'Epoch': 27, 'HR@5': '0.1767', 'NDCG@5': '0.1158', 'HR@10': '0.2634', 'NDCG@10': '0.1437', 'HR@20': '0.3665', 'NDCG@20': '0.1698'}
2025-06-14 00:10:42,873 - EarlyStopping counter: 5 out of 10
2025-06-14 00:10:50,265 - {'epoch': 28, 'rec_loss': '4.5062'}
2025-06-14 00:10:54,638 - {'Epoch': 28, 'HR@5': '0.1763', 'NDCG@5': '0.1153', 'HR@10': '0.2654', 'NDCG@10': '0.1441', 'HR@20': '0.3644', 'NDCG@20': '0.1691'}
2025-06-14 00:10:54,639 - EarlyStopping counter: 6 out of 10
2025-06-14 00:11:02,162 - {'epoch': 29, 'rec_loss': '4.5023'}
2025-06-14 00:11:06,450 - {'Epoch': 29, 'HR@5': '0.1749', 'NDCG@5': '0.1148', 'HR@10': '0.2625', 'NDCG@10': '0.1430', 'HR@20': '0.3614', 'NDCG@20': '0.1681'}
2025-06-14 00:11:06,451 - EarlyStopping counter: 7 out of 10
2025-06-14 00:11:13,785 - {'epoch': 30, 'rec_loss': '4.4949'}
2025-06-14 00:11:18,143 - {'Epoch': 30, 'HR@5': '0.1753', 'NDCG@5': '0.1149', 'HR@10': '0.2629', 'NDCG@10': '0.1431', 'HR@20': '0.3632', 'NDCG@20': '0.1684'}
2025-06-14 00:11:18,145 - EarlyStopping counter: 8 out of 10
2025-06-14 00:11:25,510 - {'epoch': 31, 'rec_loss': '4.4916'}
2025-06-14 00:11:29,920 - {'Epoch': 31, 'HR@5': '0.1738', 'NDCG@5': '0.1141', 'HR@10': '0.2634', 'NDCG@10': '0.1429', 'HR@20': '0.3644', 'NDCG@20': '0.1685'}
2025-06-14 00:11:29,921 - EarlyStopping counter: 9 out of 10
2025-06-14 00:11:37,269 - {'epoch': 32, 'rec_loss': '4.4855'}
2025-06-14 00:11:41,683 - {'Epoch': 32, 'HR@5': '0.1739', 'NDCG@5': '0.1139', 'HR@10': '0.2638', 'NDCG@10': '0.1429', 'HR@20': '0.3642', 'NDCG@20': '0.1683'}
2025-06-14 00:11:41,685 - EarlyStopping counter: 10 out of 10
2025-06-14 00:11:41,685 - Early stopping
2025-06-14 00:11:41,685 - ---------------Validation Score---------------
2025-06-14 00:11:46,053 - {'Epoch': 0, 'HR@5': '0.1764', 'NDCG@5': '0.1158', 'HR@10': '0.2642', 'NDCG@10': '0.1442', 'HR@20': '0.3680', 'NDCG@20': '0.1704'}
2025-06-14 00:11:46,055 - BSARec_Diginetica
2025-06-14 00:11:46,055 - {'Epoch': 0, 'HR@5': '0.1764', 'NDCG@5': '0.1158', 'HR@10': '0.2642', 'NDCG@10': '0.1442', 'HR@20': '0.3680', 'NDCG@20': '0.1704'}
