2025-06-14 00:30:37,225 - Namespace(data_dir='data/self_processed/', output_dir='hparam_search/', data_name='Diginetica', train_name='BSARec_Diginetica', num_items=10, num_users=14829, lr=0.0005, batch_size=256, epochs=200, no_cuda=False, log_freq=1, patience=10, num_workers=4, seed=42, weight_decay=0.0, adam_beta1=0.9, adam_beta2=0.999, gpu_id='0', variance=5, model_type='BSARec', max_seq_length=50, hidden_size=64, num_hidden_layers=2, hidden_act='gelu', num_attention_heads=2, attention_probs_dropout_prob=0.5, hidden_dropout_prob=0.5, initializer_range=0.02, c=7, alpha=0.7, cuda_condition=True, data_file='data/self_processed/Diginetica.txt', item_size=9441, checkpoint_path=PosixPath('/gpfs/home3/scur2771/BSARec/BSARec/src/hparam_search/BSARec_Diginetica/12367757_119/model.pt'), same_target_path='data/self_processed/Diginetica_same_target.npy')
2025-06-14 00:30:37,243 - BSARecModel(
  (item_embeddings): Embedding(9441, 64, padding_idx=0)
  (position_embeddings): Embedding(50, 64)
  (LayerNorm): LayerNorm()
  (dropout): Dropout(p=0.5, inplace=False)
  (item_encoder): BSARecEncoder(
    (blocks): ModuleList(
      (0): BSARecBlock(
        (layer): BSARecLayer(
          (filter_layer): FrequencyLayer(
            (out_dropout): Dropout(p=0.5, inplace=False)
            (LayerNorm): LayerNorm()
          )
          (attention_layer): MultiHeadAttention(
            (query): Linear(in_features=64, out_features=64, bias=True)
            (key): Linear(in_features=64, out_features=64, bias=True)
            (value): Linear(in_features=64, out_features=64, bias=True)
            (softmax): Softmax(dim=-1)
            (attn_dropout): Dropout(p=0.5, inplace=False)
            (dense): Linear(in_features=64, out_features=64, bias=True)
            (LayerNorm): LayerNorm((64,), eps=1e-12, elementwise_affine=True)
            (out_dropout): Dropout(p=0.5, inplace=False)
          )
        )
        (feed_forward): FeedForward(
          (dense_1): Linear(in_features=64, out_features=256, bias=True)
          (dense_2): Linear(in_features=256, out_features=64, bias=True)
          (LayerNorm): LayerNorm()
          (dropout): Dropout(p=0.5, inplace=False)
        )
      )
      (1): BSARecBlock(
        (layer): BSARecLayer(
          (filter_layer): FrequencyLayer(
            (out_dropout): Dropout(p=0.5, inplace=False)
            (LayerNorm): LayerNorm()
          )
          (attention_layer): MultiHeadAttention(
            (query): Linear(in_features=64, out_features=64, bias=True)
            (key): Linear(in_features=64, out_features=64, bias=True)
            (value): Linear(in_features=64, out_features=64, bias=True)
            (softmax): Softmax(dim=-1)
            (attn_dropout): Dropout(p=0.5, inplace=False)
            (dense): Linear(in_features=64, out_features=64, bias=True)
            (LayerNorm): LayerNorm((64,), eps=1e-12, elementwise_affine=True)
            (out_dropout): Dropout(p=0.5, inplace=False)
          )
        )
        (feed_forward): FeedForward(
          (dense_1): Linear(in_features=64, out_features=256, bias=True)
          (dense_2): Linear(in_features=256, out_features=64, bias=True)
          (LayerNorm): LayerNorm()
          (dropout): Dropout(p=0.5, inplace=False)
        )
      )
    )
  )
)
2025-06-14 00:30:39,393 - Total Parameters: 707904
2025-06-14 00:30:47,949 - {'epoch': 0, 'rec_loss': '8.8234'}
2025-06-14 00:30:52,060 - {'Epoch': 0, 'HR@5': '0.0060', 'NDCG@5': '0.0037', 'HR@10': '0.0102', 'NDCG@10': '0.0050', 'HR@20': '0.0153', 'NDCG@20': '0.0063'}
2025-06-14 00:30:52,061 - Validation score increased.  Saving model ...
2025-06-14 00:30:59,671 - {'epoch': 1, 'rec_loss': '8.3854'}
2025-06-14 00:31:03,843 - {'Epoch': 1, 'HR@5': '0.0332', 'NDCG@5': '0.0225', 'HR@10': '0.0487', 'NDCG@10': '0.0275', 'HR@20': '0.0666', 'NDCG@20': '0.0320'}
2025-06-14 00:31:03,857 - Validation score increased.  Saving model ...
2025-06-14 00:31:11,361 - {'epoch': 2, 'rec_loss': '7.7746'}
2025-06-14 00:31:15,541 - {'Epoch': 2, 'HR@5': '0.0724', 'NDCG@5': '0.0476', 'HR@10': '0.1107', 'NDCG@10': '0.0599', 'HR@20': '0.1542', 'NDCG@20': '0.0709'}
2025-06-14 00:31:15,543 - Validation score increased.  Saving model ...
2025-06-14 00:31:23,057 - {'epoch': 3, 'rec_loss': '7.0073'}
2025-06-14 00:31:27,274 - {'Epoch': 3, 'HR@5': '0.1017', 'NDCG@5': '0.0673', 'HR@10': '0.1567', 'NDCG@10': '0.0850', 'HR@20': '0.2206', 'NDCG@20': '0.1011'}
2025-06-14 00:31:27,276 - Validation score increased.  Saving model ...
2025-06-14 00:31:34,740 - {'epoch': 4, 'rec_loss': '6.3387'}
2025-06-14 00:31:38,985 - {'Epoch': 4, 'HR@5': '0.1221', 'NDCG@5': '0.0802', 'HR@10': '0.1849', 'NDCG@10': '0.1004', 'HR@20': '0.2611', 'NDCG@20': '0.1197'}
2025-06-14 00:31:38,988 - Validation score increased.  Saving model ...
2025-06-14 00:31:46,429 - {'epoch': 5, 'rec_loss': '5.8399'}
2025-06-14 00:31:50,769 - {'Epoch': 5, 'HR@5': '0.1360', 'NDCG@5': '0.0898', 'HR@10': '0.2068', 'NDCG@10': '0.1126', 'HR@20': '0.2892', 'NDCG@20': '0.1334'}
2025-06-14 00:31:50,771 - Validation score increased.  Saving model ...
2025-06-14 00:31:58,275 - {'epoch': 6, 'rec_loss': '5.4888'}
2025-06-14 00:32:02,629 - {'Epoch': 6, 'HR@5': '0.1467', 'NDCG@5': '0.0969', 'HR@10': '0.2222', 'NDCG@10': '0.1212', 'HR@20': '0.3118', 'NDCG@20': '0.1438'}
2025-06-14 00:32:02,632 - Validation score increased.  Saving model ...
2025-06-14 00:32:10,142 - {'epoch': 7, 'rec_loss': '5.2437'}
2025-06-14 00:32:14,543 - {'Epoch': 7, 'HR@5': '0.1552', 'NDCG@5': '0.1022', 'HR@10': '0.2337', 'NDCG@10': '0.1275', 'HR@20': '0.3270', 'NDCG@20': '0.1510'}
2025-06-14 00:32:14,545 - Validation score increased.  Saving model ...
2025-06-14 00:32:22,019 - {'epoch': 8, 'rec_loss': '5.0777'}
2025-06-14 00:32:26,396 - {'Epoch': 8, 'HR@5': '0.1599', 'NDCG@5': '0.1055', 'HR@10': '0.2441', 'NDCG@10': '0.1327', 'HR@20': '0.3366', 'NDCG@20': '0.1561'}
2025-06-14 00:32:26,399 - Validation score increased.  Saving model ...
2025-06-14 00:32:34,018 - {'epoch': 9, 'rec_loss': '4.9512'}
2025-06-14 00:32:38,349 - {'Epoch': 9, 'HR@5': '0.1679', 'NDCG@5': '0.1098', 'HR@10': '0.2485', 'NDCG@10': '0.1357', 'HR@20': '0.3489', 'NDCG@20': '0.1610'}
2025-06-14 00:32:38,351 - Validation score increased.  Saving model ...
2025-06-14 00:32:45,932 - {'epoch': 10, 'rec_loss': '4.8647'}
2025-06-14 00:32:50,357 - {'Epoch': 10, 'HR@5': '0.1685', 'NDCG@5': '0.1102', 'HR@10': '0.2522', 'NDCG@10': '0.1372', 'HR@20': '0.3528', 'NDCG@20': '0.1627'}
2025-06-14 00:32:50,358 - Validation score increased.  Saving model ...
2025-06-14 00:32:57,784 - {'epoch': 11, 'rec_loss': '4.7965'}
2025-06-14 00:33:02,153 - {'Epoch': 11, 'HR@5': '0.1692', 'NDCG@5': '0.1114', 'HR@10': '0.2555', 'NDCG@10': '0.1393', 'HR@20': '0.3554', 'NDCG@20': '0.1645'}
2025-06-14 00:33:02,156 - Validation score increased.  Saving model ...
2025-06-14 00:33:09,651 - {'epoch': 12, 'rec_loss': '4.7463'}
2025-06-14 00:33:13,978 - {'Epoch': 12, 'HR@5': '0.1726', 'NDCG@5': '0.1131', 'HR@10': '0.2564', 'NDCG@10': '0.1401', 'HR@20': '0.3595', 'NDCG@20': '0.1660'}
2025-06-14 00:33:13,980 - Validation score increased.  Saving model ...
2025-06-14 00:33:21,441 - {'epoch': 13, 'rec_loss': '4.7182'}
2025-06-14 00:33:25,817 - {'Epoch': 13, 'HR@5': '0.1726', 'NDCG@5': '0.1136', 'HR@10': '0.2578', 'NDCG@10': '0.1411', 'HR@20': '0.3584', 'NDCG@20': '0.1666'}
2025-06-14 00:33:25,818 - Validation score increased.  Saving model ...
2025-06-14 00:33:33,353 - {'epoch': 14, 'rec_loss': '4.6797'}
2025-06-14 00:33:37,729 - {'Epoch': 14, 'HR@5': '0.1738', 'NDCG@5': '0.1147', 'HR@10': '0.2600', 'NDCG@10': '0.1425', 'HR@20': '0.3611', 'NDCG@20': '0.1681'}
2025-06-14 00:33:37,731 - Validation score increased.  Saving model ...
2025-06-14 00:33:45,261 - {'epoch': 15, 'rec_loss': '4.6640'}
2025-06-14 00:33:49,616 - {'Epoch': 15, 'HR@5': '0.1727', 'NDCG@5': '0.1137', 'HR@10': '0.2613', 'NDCG@10': '0.1422', 'HR@20': '0.3626', 'NDCG@20': '0.1678'}
2025-06-14 00:33:49,618 - EarlyStopping counter: 1 out of 10
2025-06-14 00:33:57,171 - {'epoch': 16, 'rec_loss': '4.6363'}
2025-06-14 00:34:01,575 - {'Epoch': 16, 'HR@5': '0.1722', 'NDCG@5': '0.1142', 'HR@10': '0.2611', 'NDCG@10': '0.1426', 'HR@20': '0.3632', 'NDCG@20': '0.1684'}
2025-06-14 00:34:01,576 - Validation score increased.  Saving model ...
2025-06-14 00:34:09,057 - {'epoch': 17, 'rec_loss': '4.6197'}
2025-06-14 00:34:13,478 - {'Epoch': 17, 'HR@5': '0.1742', 'NDCG@5': '0.1147', 'HR@10': '0.2623', 'NDCG@10': '0.1431', 'HR@20': '0.3626', 'NDCG@20': '0.1684'}
2025-06-14 00:34:13,480 - Validation score increased.  Saving model ...
2025-06-14 00:34:21,026 - {'epoch': 18, 'rec_loss': '4.6026'}
2025-06-14 00:34:25,414 - {'Epoch': 18, 'HR@5': '0.1747', 'NDCG@5': '0.1156', 'HR@10': '0.2627', 'NDCG@10': '0.1439', 'HR@20': '0.3650', 'NDCG@20': '0.1698'}
2025-06-14 00:34:25,416 - Validation score increased.  Saving model ...
2025-06-14 00:34:32,937 - {'epoch': 19, 'rec_loss': '4.5909'}
2025-06-14 00:34:37,353 - {'Epoch': 19, 'HR@5': '0.1736', 'NDCG@5': '0.1145', 'HR@10': '0.2615', 'NDCG@10': '0.1429', 'HR@20': '0.3636', 'NDCG@20': '0.1687'}
2025-06-14 00:34:37,355 - EarlyStopping counter: 1 out of 10
2025-06-14 00:34:44,760 - {'epoch': 20, 'rec_loss': '4.5799'}
2025-06-14 00:34:49,103 - {'Epoch': 20, 'HR@5': '0.1755', 'NDCG@5': '0.1160', 'HR@10': '0.2619', 'NDCG@10': '0.1439', 'HR@20': '0.3665', 'NDCG@20': '0.1703'}
2025-06-14 00:34:49,105 - Validation score increased.  Saving model ...
2025-06-14 00:34:56,553 - {'epoch': 21, 'rec_loss': '4.5637'}
2025-06-14 00:35:00,991 - {'Epoch': 21, 'HR@5': '0.1751', 'NDCG@5': '0.1151', 'HR@10': '0.2626', 'NDCG@10': '0.1433', 'HR@20': '0.3661', 'NDCG@20': '0.1696'}
2025-06-14 00:35:00,993 - EarlyStopping counter: 1 out of 10
2025-06-14 00:35:08,567 - {'epoch': 22, 'rec_loss': '4.5585'}
2025-06-14 00:35:12,929 - {'Epoch': 22, 'HR@5': '0.1762', 'NDCG@5': '0.1163', 'HR@10': '0.2631', 'NDCG@10': '0.1443', 'HR@20': '0.3680', 'NDCG@20': '0.1708'}
2025-06-14 00:35:12,932 - Validation score increased.  Saving model ...
2025-06-14 00:35:20,381 - {'epoch': 23, 'rec_loss': '4.5454'}
2025-06-14 00:35:24,728 - {'Epoch': 23, 'HR@5': '0.1747', 'NDCG@5': '0.1154', 'HR@10': '0.2600', 'NDCG@10': '0.1428', 'HR@20': '0.3650', 'NDCG@20': '0.1694'}
2025-06-14 00:35:24,729 - EarlyStopping counter: 1 out of 10
2025-06-14 00:35:32,172 - {'epoch': 24, 'rec_loss': '4.5408'}
2025-06-14 00:35:36,506 - {'Epoch': 24, 'HR@5': '0.1754', 'NDCG@5': '0.1149', 'HR@10': '0.2628', 'NDCG@10': '0.1431', 'HR@20': '0.3651', 'NDCG@20': '0.1689'}
2025-06-14 00:35:36,509 - EarlyStopping counter: 2 out of 10
2025-06-14 00:35:43,933 - {'epoch': 25, 'rec_loss': '4.5273'}
2025-06-14 00:35:48,270 - {'Epoch': 25, 'HR@5': '0.1765', 'NDCG@5': '0.1161', 'HR@10': '0.2626', 'NDCG@10': '0.1438', 'HR@20': '0.3644', 'NDCG@20': '0.1695'}
2025-06-14 00:35:48,271 - EarlyStopping counter: 3 out of 10
2025-06-14 00:35:55,790 - {'epoch': 26, 'rec_loss': '4.5206'}
2025-06-14 00:36:00,177 - {'Epoch': 26, 'HR@5': '0.1753', 'NDCG@5': '0.1156', 'HR@10': '0.2621', 'NDCG@10': '0.1436', 'HR@20': '0.3654', 'NDCG@20': '0.1697'}
2025-06-14 00:36:00,178 - EarlyStopping counter: 4 out of 10
2025-06-14 00:36:07,705 - {'epoch': 27, 'rec_loss': '4.5173'}
2025-06-14 00:36:12,072 - {'Epoch': 27, 'HR@5': '0.1745', 'NDCG@5': '0.1142', 'HR@10': '0.2613', 'NDCG@10': '0.1422', 'HR@20': '0.3648', 'NDCG@20': '0.1684'}
2025-06-14 00:36:12,075 - EarlyStopping counter: 5 out of 10
2025-06-14 00:36:19,568 - {'epoch': 28, 'rec_loss': '4.5047'}
2025-06-14 00:36:23,932 - {'Epoch': 28, 'HR@5': '0.1745', 'NDCG@5': '0.1150', 'HR@10': '0.2632', 'NDCG@10': '0.1436', 'HR@20': '0.3636', 'NDCG@20': '0.1690'}
2025-06-14 00:36:23,933 - EarlyStopping counter: 6 out of 10
2025-06-14 00:36:31,321 - {'epoch': 29, 'rec_loss': '4.5001'}
2025-06-14 00:36:35,719 - {'Epoch': 29, 'HR@5': '0.1744', 'NDCG@5': '0.1152', 'HR@10': '0.2613', 'NDCG@10': '0.1432', 'HR@20': '0.3624', 'NDCG@20': '0.1687'}
2025-06-14 00:36:35,721 - EarlyStopping counter: 7 out of 10
2025-06-14 00:36:43,147 - {'epoch': 30, 'rec_loss': '4.4983'}
2025-06-14 00:36:47,429 - {'Epoch': 30, 'HR@5': '0.1742', 'NDCG@5': '0.1151', 'HR@10': '0.2631', 'NDCG@10': '0.1438', 'HR@20': '0.3646', 'NDCG@20': '0.1694'}
2025-06-14 00:36:47,431 - EarlyStopping counter: 8 out of 10
2025-06-14 00:36:54,928 - {'epoch': 31, 'rec_loss': '4.4884'}
2025-06-14 00:36:59,356 - {'Epoch': 31, 'HR@5': '0.1749', 'NDCG@5': '0.1156', 'HR@10': '0.2620', 'NDCG@10': '0.1438', 'HR@20': '0.3657', 'NDCG@20': '0.1700'}
2025-06-14 00:36:59,358 - EarlyStopping counter: 9 out of 10
2025-06-14 00:37:06,793 - {'epoch': 32, 'rec_loss': '4.4783'}
2025-06-14 00:37:11,185 - {'Epoch': 32, 'HR@5': '0.1744', 'NDCG@5': '0.1141', 'HR@10': '0.2628', 'NDCG@10': '0.1425', 'HR@20': '0.3621', 'NDCG@20': '0.1677'}
2025-06-14 00:37:11,187 - EarlyStopping counter: 10 out of 10
2025-06-14 00:37:11,187 - Early stopping
2025-06-14 00:37:11,187 - ---------------Validation Score---------------
2025-06-14 00:37:15,557 - {'Epoch': 0, 'HR@5': '0.1762', 'NDCG@5': '0.1163', 'HR@10': '0.2631', 'NDCG@10': '0.1443', 'HR@20': '0.3680', 'NDCG@20': '0.1708'}
2025-06-14 00:37:15,559 - BSARec_Diginetica
2025-06-14 00:37:15,559 - {'Epoch': 0, 'HR@5': '0.1762', 'NDCG@5': '0.1163', 'HR@10': '0.2631', 'NDCG@10': '0.1443', 'HR@20': '0.3680', 'NDCG@20': '0.1708'}
