2025-06-13 22:50:38,752 - Namespace(data_dir='data/self_processed/', output_dir='hparam_search/', data_name='Diginetica', train_name='BSARec_Diginetica', num_items=10, num_users=14829, lr=0.001, batch_size=256, epochs=200, no_cuda=False, log_freq=1, patience=10, num_workers=4, seed=42, weight_decay=0.0, adam_beta1=0.9, adam_beta2=0.999, gpu_id='0', variance=5, model_type='BSARec', max_seq_length=50, hidden_size=64, num_hidden_layers=2, hidden_act='gelu', num_attention_heads=1, attention_probs_dropout_prob=0.5, hidden_dropout_prob=0.5, initializer_range=0.02, c=7, alpha=0.1, cuda_condition=True, data_file='data/self_processed/Diginetica.txt', item_size=9441, checkpoint_path=PosixPath('/gpfs/home3/scur2771/BSARec/BSARec/src/hparam_search/BSARec_Diginetica/12367757_16/model.pt'), same_target_path='data/self_processed/Diginetica_same_target.npy')
2025-06-13 22:50:38,769 - BSARecModel(
  (item_embeddings): Embedding(9441, 64, padding_idx=0)
  (position_embeddings): Embedding(50, 64)
  (LayerNorm): LayerNorm()
  (dropout): Dropout(p=0.5, inplace=False)
  (item_encoder): BSARecEncoder(
    (blocks): ModuleList(
      (0): BSARecBlock(
        (layer): BSARecLayer(
          (filter_layer): FrequencyLayer(
            (out_dropout): Dropout(p=0.5, inplace=False)
            (LayerNorm): LayerNorm()
          )
          (attention_layer): MultiHeadAttention(
            (query): Linear(in_features=64, out_features=64, bias=True)
            (key): Linear(in_features=64, out_features=64, bias=True)
            (value): Linear(in_features=64, out_features=64, bias=True)
            (softmax): Softmax(dim=-1)
            (attn_dropout): Dropout(p=0.5, inplace=False)
            (dense): Linear(in_features=64, out_features=64, bias=True)
            (LayerNorm): LayerNorm((64,), eps=1e-12, elementwise_affine=True)
            (out_dropout): Dropout(p=0.5, inplace=False)
          )
        )
        (feed_forward): FeedForward(
          (dense_1): Linear(in_features=64, out_features=256, bias=True)
          (dense_2): Linear(in_features=256, out_features=64, bias=True)
          (LayerNorm): LayerNorm()
          (dropout): Dropout(p=0.5, inplace=False)
        )
      )
      (1): BSARecBlock(
        (layer): BSARecLayer(
          (filter_layer): FrequencyLayer(
            (out_dropout): Dropout(p=0.5, inplace=False)
            (LayerNorm): LayerNorm()
          )
          (attention_layer): MultiHeadAttention(
            (query): Linear(in_features=64, out_features=64, bias=True)
            (key): Linear(in_features=64, out_features=64, bias=True)
            (value): Linear(in_features=64, out_features=64, bias=True)
            (softmax): Softmax(dim=-1)
            (attn_dropout): Dropout(p=0.5, inplace=False)
            (dense): Linear(in_features=64, out_features=64, bias=True)
            (LayerNorm): LayerNorm((64,), eps=1e-12, elementwise_affine=True)
            (out_dropout): Dropout(p=0.5, inplace=False)
          )
        )
        (feed_forward): FeedForward(
          (dense_1): Linear(in_features=64, out_features=256, bias=True)
          (dense_2): Linear(in_features=256, out_features=64, bias=True)
          (LayerNorm): LayerNorm()
          (dropout): Dropout(p=0.5, inplace=False)
        )
      )
    )
  )
)
2025-06-13 22:50:40,929 - Total Parameters: 707904
2025-06-13 22:50:49,558 - {'epoch': 0, 'rec_loss': '8.6660'}
2025-06-13 22:50:53,750 - {'Epoch': 0, 'HR@5': '0.0357', 'NDCG@5': '0.0247', 'HR@10': '0.0509', 'NDCG@10': '0.0295', 'HR@20': '0.0704', 'NDCG@20': '0.0344'}
2025-06-13 22:50:53,752 - Validation score increased.  Saving model ...
2025-06-13 22:51:01,238 - {'epoch': 1, 'rec_loss': '7.4572'}
2025-06-13 22:51:05,523 - {'Epoch': 1, 'HR@5': '0.1033', 'NDCG@5': '0.0676', 'HR@10': '0.1576', 'NDCG@10': '0.0851', 'HR@20': '0.2171', 'NDCG@20': '0.1001'}
2025-06-13 22:51:05,524 - Validation score increased.  Saving model ...
2025-06-13 22:51:13,053 - {'epoch': 2, 'rec_loss': '6.2128'}
2025-06-13 22:51:17,379 - {'Epoch': 2, 'HR@5': '0.1371', 'NDCG@5': '0.0893', 'HR@10': '0.2033', 'NDCG@10': '0.1106', 'HR@20': '0.2877', 'NDCG@20': '0.1319'}
2025-06-13 22:51:17,379 - Validation score increased.  Saving model ...
2025-06-13 22:51:24,855 - {'epoch': 3, 'rec_loss': '5.5226'}
2025-06-13 22:51:29,226 - {'Epoch': 3, 'HR@5': '0.1521', 'NDCG@5': '0.1003', 'HR@10': '0.2286', 'NDCG@10': '0.1248', 'HR@20': '0.3240', 'NDCG@20': '0.1490'}
2025-06-13 22:51:29,230 - Validation score increased.  Saving model ...
2025-06-13 22:51:36,706 - {'epoch': 4, 'rec_loss': '5.1975'}
2025-06-13 22:51:41,086 - {'Epoch': 4, 'HR@5': '0.1611', 'NDCG@5': '0.1053', 'HR@10': '0.2420', 'NDCG@10': '0.1313', 'HR@20': '0.3391', 'NDCG@20': '0.1558'}
2025-06-13 22:51:41,087 - Validation score increased.  Saving model ...
2025-06-13 22:51:48,473 - {'epoch': 5, 'rec_loss': '5.0375'}
2025-06-13 22:51:52,867 - {'Epoch': 5, 'HR@5': '0.1646', 'NDCG@5': '0.1080', 'HR@10': '0.2488', 'NDCG@10': '0.1350', 'HR@20': '0.3461', 'NDCG@20': '0.1596'}
2025-06-13 22:51:52,869 - Validation score increased.  Saving model ...
2025-06-13 22:52:00,520 - {'epoch': 6, 'rec_loss': '4.9490'}
2025-06-13 22:52:04,817 - {'Epoch': 6, 'HR@5': '0.1691', 'NDCG@5': '0.1103', 'HR@10': '0.2530', 'NDCG@10': '0.1373', 'HR@20': '0.3526', 'NDCG@20': '0.1625'}
2025-06-13 22:52:04,819 - Validation score increased.  Saving model ...
2025-06-13 22:52:12,269 - {'epoch': 7, 'rec_loss': '4.8906'}
2025-06-13 22:52:16,618 - {'Epoch': 7, 'HR@5': '0.1692', 'NDCG@5': '0.1112', 'HR@10': '0.2545', 'NDCG@10': '0.1386', 'HR@20': '0.3551', 'NDCG@20': '0.1641'}
2025-06-13 22:52:16,619 - Validation score increased.  Saving model ...
2025-06-13 22:52:23,993 - {'epoch': 8, 'rec_loss': '4.8470'}
2025-06-13 22:52:28,395 - {'Epoch': 8, 'HR@5': '0.1693', 'NDCG@5': '0.1106', 'HR@10': '0.2561', 'NDCG@10': '0.1386', 'HR@20': '0.3578', 'NDCG@20': '0.1643'}
2025-06-13 22:52:28,396 - Validation score increased.  Saving model ...
2025-06-13 22:52:35,852 - {'epoch': 9, 'rec_loss': '4.8093'}
2025-06-13 22:52:40,132 - {'Epoch': 9, 'HR@5': '0.1716', 'NDCG@5': '0.1120', 'HR@10': '0.2542', 'NDCG@10': '0.1386', 'HR@20': '0.3588', 'NDCG@20': '0.1651'}
2025-06-13 22:52:40,134 - Validation score increased.  Saving model ...
2025-06-13 22:52:47,470 - {'epoch': 10, 'rec_loss': '4.7804'}
2025-06-13 22:52:51,797 - {'Epoch': 10, 'HR@5': '0.1672', 'NDCG@5': '0.1097', 'HR@10': '0.2559', 'NDCG@10': '0.1384', 'HR@20': '0.3605', 'NDCG@20': '0.1647'}
2025-06-13 22:52:51,798 - EarlyStopping counter: 1 out of 10
2025-06-13 22:52:59,246 - {'epoch': 11, 'rec_loss': '4.7553'}
2025-06-13 22:53:03,671 - {'Epoch': 11, 'HR@5': '0.1704', 'NDCG@5': '0.1123', 'HR@10': '0.2580', 'NDCG@10': '0.1406', 'HR@20': '0.3579', 'NDCG@20': '0.1658'}
2025-06-13 22:53:03,676 - Validation score increased.  Saving model ...
2025-06-13 22:53:11,162 - {'epoch': 12, 'rec_loss': '4.7352'}
2025-06-13 22:53:15,574 - {'Epoch': 12, 'HR@5': '0.1706', 'NDCG@5': '0.1105', 'HR@10': '0.2564', 'NDCG@10': '0.1383', 'HR@20': '0.3609', 'NDCG@20': '0.1647'}
2025-06-13 22:53:15,576 - EarlyStopping counter: 1 out of 10
2025-06-13 22:53:22,910 - {'epoch': 13, 'rec_loss': '4.7200'}
2025-06-13 22:53:27,188 - {'Epoch': 13, 'HR@5': '0.1718', 'NDCG@5': '0.1126', 'HR@10': '0.2582', 'NDCG@10': '0.1405', 'HR@20': '0.3603', 'NDCG@20': '0.1663'}
2025-06-13 22:53:27,189 - Validation score increased.  Saving model ...
2025-06-13 22:53:34,661 - {'epoch': 14, 'rec_loss': '4.7014'}
2025-06-13 22:53:39,054 - {'Epoch': 14, 'HR@5': '0.1726', 'NDCG@5': '0.1124', 'HR@10': '0.2580', 'NDCG@10': '0.1399', 'HR@20': '0.3600', 'NDCG@20': '0.1657'}
2025-06-13 22:53:39,056 - EarlyStopping counter: 1 out of 10
2025-06-13 22:53:46,537 - {'epoch': 15, 'rec_loss': '4.6906'}
2025-06-13 22:53:50,944 - {'Epoch': 15, 'HR@5': '0.1706', 'NDCG@5': '0.1114', 'HR@10': '0.2585', 'NDCG@10': '0.1398', 'HR@20': '0.3608', 'NDCG@20': '0.1657'}
2025-06-13 22:53:50,946 - EarlyStopping counter: 2 out of 10
2025-06-13 22:53:58,518 - {'epoch': 16, 'rec_loss': '4.6754'}
2025-06-13 22:54:02,867 - {'Epoch': 16, 'HR@5': '0.1690', 'NDCG@5': '0.1103', 'HR@10': '0.2573', 'NDCG@10': '0.1387', 'HR@20': '0.3602', 'NDCG@20': '0.1647'}
2025-06-13 22:54:02,868 - EarlyStopping counter: 3 out of 10
2025-06-13 22:54:10,407 - {'epoch': 17, 'rec_loss': '4.6632'}
2025-06-13 22:54:14,788 - {'Epoch': 17, 'HR@5': '0.1726', 'NDCG@5': '0.1121', 'HR@10': '0.2577', 'NDCG@10': '0.1395', 'HR@20': '0.3601', 'NDCG@20': '0.1653'}
2025-06-13 22:54:14,789 - EarlyStopping counter: 4 out of 10
2025-06-13 22:54:22,212 - {'epoch': 18, 'rec_loss': '4.6499'}
2025-06-13 22:54:26,521 - {'Epoch': 18, 'HR@5': '0.1728', 'NDCG@5': '0.1126', 'HR@10': '0.2569', 'NDCG@10': '0.1397', 'HR@20': '0.3590', 'NDCG@20': '0.1655'}
2025-06-13 22:54:26,521 - EarlyStopping counter: 5 out of 10
2025-06-13 22:54:33,948 - {'epoch': 19, 'rec_loss': '4.6438'}
2025-06-13 22:54:38,380 - {'Epoch': 19, 'HR@5': '0.1714', 'NDCG@5': '0.1104', 'HR@10': '0.2579', 'NDCG@10': '0.1383', 'HR@20': '0.3599', 'NDCG@20': '0.1640'}
2025-06-13 22:54:38,385 - EarlyStopping counter: 6 out of 10
2025-06-13 22:54:45,856 - {'epoch': 20, 'rec_loss': '4.6309'}
2025-06-13 22:54:50,195 - {'Epoch': 20, 'HR@5': '0.1716', 'NDCG@5': '0.1119', 'HR@10': '0.2592', 'NDCG@10': '0.1402', 'HR@20': '0.3616', 'NDCG@20': '0.1661'}
2025-06-13 22:54:50,197 - EarlyStopping counter: 7 out of 10
2025-06-13 22:54:57,648 - {'epoch': 21, 'rec_loss': '4.6230'}
2025-06-13 22:55:01,981 - {'Epoch': 21, 'HR@5': '0.1724', 'NDCG@5': '0.1121', 'HR@10': '0.2601', 'NDCG@10': '0.1403', 'HR@20': '0.3608', 'NDCG@20': '0.1658'}
2025-06-13 22:55:01,983 - EarlyStopping counter: 8 out of 10
2025-06-13 22:55:09,421 - {'epoch': 22, 'rec_loss': '4.6201'}
2025-06-13 22:55:13,769 - {'Epoch': 22, 'HR@5': '0.1721', 'NDCG@5': '0.1119', 'HR@10': '0.2591', 'NDCG@10': '0.1400', 'HR@20': '0.3644', 'NDCG@20': '0.1667'}
2025-06-13 22:55:13,771 - Validation score increased.  Saving model ...
2025-06-13 22:55:21,264 - {'epoch': 23, 'rec_loss': '4.6067'}
2025-06-13 22:55:25,634 - {'Epoch': 23, 'HR@5': '0.1704', 'NDCG@5': '0.1102', 'HR@10': '0.2575', 'NDCG@10': '0.1384', 'HR@20': '0.3596', 'NDCG@20': '0.1642'}
2025-06-13 22:55:25,635 - EarlyStopping counter: 1 out of 10
2025-06-13 22:55:33,087 - {'epoch': 24, 'rec_loss': '4.6004'}
2025-06-13 22:55:37,500 - {'Epoch': 24, 'HR@5': '0.1714', 'NDCG@5': '0.1108', 'HR@10': '0.2618', 'NDCG@10': '0.1400', 'HR@20': '0.3626', 'NDCG@20': '0.1654'}
2025-06-13 22:55:37,503 - EarlyStopping counter: 2 out of 10
2025-06-13 22:55:45,039 - {'epoch': 25, 'rec_loss': '4.5864'}
2025-06-13 22:55:49,411 - {'Epoch': 25, 'HR@5': '0.1745', 'NDCG@5': '0.1145', 'HR@10': '0.2599', 'NDCG@10': '0.1421', 'HR@20': '0.3632', 'NDCG@20': '0.1682'}
2025-06-13 22:55:49,411 - Validation score increased.  Saving model ...
2025-06-13 22:55:56,884 - {'epoch': 26, 'rec_loss': '4.5850'}
2025-06-13 22:56:01,310 - {'Epoch': 26, 'HR@5': '0.1718', 'NDCG@5': '0.1130', 'HR@10': '0.2611', 'NDCG@10': '0.1418', 'HR@20': '0.3605', 'NDCG@20': '0.1669'}
2025-06-13 22:56:01,311 - EarlyStopping counter: 1 out of 10
2025-06-13 22:56:08,893 - {'epoch': 27, 'rec_loss': '4.5774'}
2025-06-13 22:56:13,341 - {'Epoch': 27, 'HR@5': '0.1737', 'NDCG@5': '0.1135', 'HR@10': '0.2594', 'NDCG@10': '0.1410', 'HR@20': '0.3617', 'NDCG@20': '0.1669'}
2025-06-13 22:56:13,345 - EarlyStopping counter: 2 out of 10
2025-06-13 22:56:20,805 - {'epoch': 28, 'rec_loss': '4.5711'}
2025-06-13 22:56:25,185 - {'Epoch': 28, 'HR@5': '0.1725', 'NDCG@5': '0.1137', 'HR@10': '0.2609', 'NDCG@10': '0.1421', 'HR@20': '0.3623', 'NDCG@20': '0.1678'}
2025-06-13 22:56:25,189 - EarlyStopping counter: 3 out of 10
2025-06-13 22:56:32,620 - {'epoch': 29, 'rec_loss': '4.5607'}
2025-06-13 22:56:36,975 - {'Epoch': 29, 'HR@5': '0.1704', 'NDCG@5': '0.1130', 'HR@10': '0.2578', 'NDCG@10': '0.1411', 'HR@20': '0.3586', 'NDCG@20': '0.1665'}
2025-06-13 22:56:36,978 - EarlyStopping counter: 4 out of 10
2025-06-13 22:56:44,464 - {'epoch': 30, 'rec_loss': '4.5594'}
2025-06-13 22:56:48,833 - {'Epoch': 30, 'HR@5': '0.1695', 'NDCG@5': '0.1109', 'HR@10': '0.2594', 'NDCG@10': '0.1400', 'HR@20': '0.3628', 'NDCG@20': '0.1661'}
2025-06-13 22:56:48,835 - EarlyStopping counter: 5 out of 10
2025-06-13 22:56:56,283 - {'epoch': 31, 'rec_loss': '4.5505'}
2025-06-13 22:57:00,637 - {'Epoch': 31, 'HR@5': '0.1712', 'NDCG@5': '0.1127', 'HR@10': '0.2608', 'NDCG@10': '0.1416', 'HR@20': '0.3605', 'NDCG@20': '0.1668'}
2025-06-13 22:57:00,638 - EarlyStopping counter: 6 out of 10
2025-06-13 22:57:08,122 - {'epoch': 32, 'rec_loss': '4.5455'}
2025-06-13 22:57:12,600 - {'Epoch': 32, 'HR@5': '0.1696', 'NDCG@5': '0.1108', 'HR@10': '0.2570', 'NDCG@10': '0.1390', 'HR@20': '0.3617', 'NDCG@20': '0.1655'}
2025-06-13 22:57:12,603 - EarlyStopping counter: 7 out of 10
2025-06-13 22:57:20,135 - {'epoch': 33, 'rec_loss': '4.5391'}
2025-06-13 22:57:24,557 - {'Epoch': 33, 'HR@5': '0.1720', 'NDCG@5': '0.1125', 'HR@10': '0.2603', 'NDCG@10': '0.1409', 'HR@20': '0.3644', 'NDCG@20': '0.1671'}
2025-06-13 22:57:24,558 - EarlyStopping counter: 8 out of 10
2025-06-13 22:57:32,082 - {'epoch': 34, 'rec_loss': '4.5357'}
2025-06-13 22:57:36,438 - {'Epoch': 34, 'HR@5': '0.1751', 'NDCG@5': '0.1139', 'HR@10': '0.2619', 'NDCG@10': '0.1418', 'HR@20': '0.3625', 'NDCG@20': '0.1671'}
2025-06-13 22:57:36,440 - EarlyStopping counter: 9 out of 10
2025-06-13 22:57:43,899 - {'epoch': 35, 'rec_loss': '4.5303'}
2025-06-13 22:57:48,386 - {'Epoch': 35, 'HR@5': '0.1690', 'NDCG@5': '0.1107', 'HR@10': '0.2589', 'NDCG@10': '0.1396', 'HR@20': '0.3616', 'NDCG@20': '0.1655'}
2025-06-13 22:57:48,388 - EarlyStopping counter: 10 out of 10
2025-06-13 22:57:48,388 - Early stopping
2025-06-13 22:57:48,388 - ---------------Validation Score---------------
2025-06-13 22:57:52,832 - {'Epoch': 0, 'HR@5': '0.1745', 'NDCG@5': '0.1145', 'HR@10': '0.2599', 'NDCG@10': '0.1421', 'HR@20': '0.3632', 'NDCG@20': '0.1682'}
2025-06-13 22:57:52,835 - BSARec_Diginetica
2025-06-13 22:57:52,835 - {'Epoch': 0, 'HR@5': '0.1745', 'NDCG@5': '0.1145', 'HR@10': '0.2599', 'NDCG@10': '0.1421', 'HR@20': '0.3632', 'NDCG@20': '0.1682'}
