2025-06-14 00:43:13,657 - Namespace(data_dir='data/self_processed/', output_dir='hparam_search/', data_name='Diginetica', train_name='BSARec_Diginetica', num_items=10, num_users=14829, lr=0.0005, batch_size=256, epochs=200, no_cuda=False, log_freq=1, patience=10, num_workers=4, seed=42, weight_decay=0.0, adam_beta1=0.9, adam_beta2=0.999, gpu_id='0', variance=5, model_type='BSARec', max_seq_length=50, hidden_size=64, num_hidden_layers=2, hidden_act='gelu', num_attention_heads=4, attention_probs_dropout_prob=0.5, hidden_dropout_prob=0.5, initializer_range=0.02, c=3, alpha=0.1, cuda_condition=True, data_file='data/self_processed/Diginetica.txt', item_size=9441, checkpoint_path=PosixPath('/gpfs/home3/scur2771/BSARec/BSARec/src/hparam_search/BSARec_Diginetica/12367757_131/model.pt'), same_target_path='data/self_processed/Diginetica_same_target.npy')
2025-06-14 00:43:13,675 - BSARecModel(
  (item_embeddings): Embedding(9441, 64, padding_idx=0)
  (position_embeddings): Embedding(50, 64)
  (LayerNorm): LayerNorm()
  (dropout): Dropout(p=0.5, inplace=False)
  (item_encoder): BSARecEncoder(
    (blocks): ModuleList(
      (0): BSARecBlock(
        (layer): BSARecLayer(
          (filter_layer): FrequencyLayer(
            (out_dropout): Dropout(p=0.5, inplace=False)
            (LayerNorm): LayerNorm()
          )
          (attention_layer): MultiHeadAttention(
            (query): Linear(in_features=64, out_features=64, bias=True)
            (key): Linear(in_features=64, out_features=64, bias=True)
            (value): Linear(in_features=64, out_features=64, bias=True)
            (softmax): Softmax(dim=-1)
            (attn_dropout): Dropout(p=0.5, inplace=False)
            (dense): Linear(in_features=64, out_features=64, bias=True)
            (LayerNorm): LayerNorm((64,), eps=1e-12, elementwise_affine=True)
            (out_dropout): Dropout(p=0.5, inplace=False)
          )
        )
        (feed_forward): FeedForward(
          (dense_1): Linear(in_features=64, out_features=256, bias=True)
          (dense_2): Linear(in_features=256, out_features=64, bias=True)
          (LayerNorm): LayerNorm()
          (dropout): Dropout(p=0.5, inplace=False)
        )
      )
      (1): BSARecBlock(
        (layer): BSARecLayer(
          (filter_layer): FrequencyLayer(
            (out_dropout): Dropout(p=0.5, inplace=False)
            (LayerNorm): LayerNorm()
          )
          (attention_layer): MultiHeadAttention(
            (query): Linear(in_features=64, out_features=64, bias=True)
            (key): Linear(in_features=64, out_features=64, bias=True)
            (value): Linear(in_features=64, out_features=64, bias=True)
            (softmax): Softmax(dim=-1)
            (attn_dropout): Dropout(p=0.5, inplace=False)
            (dense): Linear(in_features=64, out_features=64, bias=True)
            (LayerNorm): LayerNorm((64,), eps=1e-12, elementwise_affine=True)
            (out_dropout): Dropout(p=0.5, inplace=False)
          )
        )
        (feed_forward): FeedForward(
          (dense_1): Linear(in_features=64, out_features=256, bias=True)
          (dense_2): Linear(in_features=256, out_features=64, bias=True)
          (LayerNorm): LayerNorm()
          (dropout): Dropout(p=0.5, inplace=False)
        )
      )
    )
  )
)
2025-06-14 00:43:15,845 - Total Parameters: 707904
2025-06-14 00:43:24,600 - {'epoch': 0, 'rec_loss': '8.7993'}
2025-06-14 00:43:28,709 - {'Epoch': 0, 'HR@5': '0.0074', 'NDCG@5': '0.0047', 'HR@10': '0.0115', 'NDCG@10': '0.0061', 'HR@20': '0.0180', 'NDCG@20': '0.0077'}
2025-06-14 00:43:28,711 - Validation score increased.  Saving model ...
2025-06-14 00:43:36,266 - {'epoch': 1, 'rec_loss': '8.3161'}
2025-06-14 00:43:40,522 - {'Epoch': 1, 'HR@5': '0.0499', 'NDCG@5': '0.0343', 'HR@10': '0.0720', 'NDCG@10': '0.0415', 'HR@20': '0.0989', 'NDCG@20': '0.0483'}
2025-06-14 00:43:40,523 - Validation score increased.  Saving model ...
2025-06-14 00:43:48,314 - {'epoch': 2, 'rec_loss': '7.6011'}
2025-06-14 00:43:52,613 - {'Epoch': 2, 'HR@5': '0.0871', 'NDCG@5': '0.0579', 'HR@10': '0.1303', 'NDCG@10': '0.0718', 'HR@20': '0.1862', 'NDCG@20': '0.0859'}
2025-06-14 00:43:52,615 - Validation score increased.  Saving model ...
2025-06-14 00:44:00,189 - {'epoch': 3, 'rec_loss': '6.8011'}
2025-06-14 00:44:04,521 - {'Epoch': 3, 'HR@5': '0.1116', 'NDCG@5': '0.0743', 'HR@10': '0.1705', 'NDCG@10': '0.0932', 'HR@20': '0.2389', 'NDCG@20': '0.1105'}
2025-06-14 00:44:04,522 - Validation score increased.  Saving model ...
2025-06-14 00:44:12,098 - {'epoch': 4, 'rec_loss': '6.1710'}
2025-06-14 00:44:16,418 - {'Epoch': 4, 'HR@5': '0.1293', 'NDCG@5': '0.0852', 'HR@10': '0.1960', 'NDCG@10': '0.1067', 'HR@20': '0.2745', 'NDCG@20': '0.1265'}
2025-06-14 00:44:16,420 - Validation score increased.  Saving model ...
2025-06-14 00:44:24,003 - {'epoch': 5, 'rec_loss': '5.7258'}
2025-06-14 00:44:28,305 - {'Epoch': 5, 'HR@5': '0.1438', 'NDCG@5': '0.0946', 'HR@10': '0.2143', 'NDCG@10': '0.1172', 'HR@20': '0.2984', 'NDCG@20': '0.1384'}
2025-06-14 00:44:28,306 - Validation score increased.  Saving model ...
2025-06-14 00:44:35,952 - {'epoch': 6, 'rec_loss': '5.4182'}
2025-06-14 00:44:40,318 - {'Epoch': 6, 'HR@5': '0.1499', 'NDCG@5': '0.0993', 'HR@10': '0.2261', 'NDCG@10': '0.1239', 'HR@20': '0.3153', 'NDCG@20': '0.1465'}
2025-06-14 00:44:40,321 - Validation score increased.  Saving model ...
2025-06-14 00:44:47,872 - {'epoch': 7, 'rec_loss': '5.2066'}
2025-06-14 00:44:52,201 - {'Epoch': 7, 'HR@5': '0.1561', 'NDCG@5': '0.1028', 'HR@10': '0.2352', 'NDCG@10': '0.1283', 'HR@20': '0.3282', 'NDCG@20': '0.1519'}
2025-06-14 00:44:52,202 - Validation score increased.  Saving model ...
2025-06-14 00:44:59,787 - {'epoch': 8, 'rec_loss': '5.0548'}
2025-06-14 00:45:04,161 - {'Epoch': 8, 'HR@5': '0.1623', 'NDCG@5': '0.1067', 'HR@10': '0.2445', 'NDCG@10': '0.1333', 'HR@20': '0.3402', 'NDCG@20': '0.1575'}
2025-06-14 00:45:04,163 - Validation score increased.  Saving model ...
2025-06-14 00:45:11,772 - {'epoch': 9, 'rec_loss': '4.9469'}
2025-06-14 00:45:16,158 - {'Epoch': 9, 'HR@5': '0.1675', 'NDCG@5': '0.1095', 'HR@10': '0.2482', 'NDCG@10': '0.1354', 'HR@20': '0.3460', 'NDCG@20': '0.1601'}
2025-06-14 00:45:16,160 - Validation score increased.  Saving model ...
2025-06-14 00:45:23,796 - {'epoch': 10, 'rec_loss': '4.8695'}
2025-06-14 00:45:28,124 - {'Epoch': 10, 'HR@5': '0.1676', 'NDCG@5': '0.1097', 'HR@10': '0.2523', 'NDCG@10': '0.1370', 'HR@20': '0.3515', 'NDCG@20': '0.1621'}
2025-06-14 00:45:28,127 - Validation score increased.  Saving model ...
2025-06-14 00:45:35,673 - {'epoch': 11, 'rec_loss': '4.8144'}
2025-06-14 00:45:40,075 - {'Epoch': 11, 'HR@5': '0.1685', 'NDCG@5': '0.1117', 'HR@10': '0.2540', 'NDCG@10': '0.1394', 'HR@20': '0.3520', 'NDCG@20': '0.1641'}
2025-06-14 00:45:40,077 - Validation score increased.  Saving model ...
2025-06-14 00:45:47,705 - {'epoch': 12, 'rec_loss': '4.7673'}
2025-06-14 00:45:52,100 - {'Epoch': 12, 'HR@5': '0.1704', 'NDCG@5': '0.1118', 'HR@10': '0.2574', 'NDCG@10': '0.1398', 'HR@20': '0.3572', 'NDCG@20': '0.1650'}
2025-06-14 00:45:52,102 - Validation score increased.  Saving model ...
2025-06-14 00:45:59,791 - {'epoch': 13, 'rec_loss': '4.7337'}
2025-06-14 00:46:04,111 - {'Epoch': 13, 'HR@5': '0.1699', 'NDCG@5': '0.1127', 'HR@10': '0.2571', 'NDCG@10': '0.1408', 'HR@20': '0.3597', 'NDCG@20': '0.1667'}
2025-06-14 00:46:04,113 - Validation score increased.  Saving model ...
2025-06-14 00:46:11,761 - {'epoch': 14, 'rec_loss': '4.7053'}
2025-06-14 00:46:16,182 - {'Epoch': 14, 'HR@5': '0.1699', 'NDCG@5': '0.1122', 'HR@10': '0.2600', 'NDCG@10': '0.1412', 'HR@20': '0.3597', 'NDCG@20': '0.1663'}
2025-06-14 00:46:16,184 - EarlyStopping counter: 1 out of 10
2025-06-14 00:46:23,849 - {'epoch': 15, 'rec_loss': '4.6853'}
2025-06-14 00:46:28,248 - {'Epoch': 15, 'HR@5': '0.1704', 'NDCG@5': '0.1124', 'HR@10': '0.2595', 'NDCG@10': '0.1412', 'HR@20': '0.3591', 'NDCG@20': '0.1664'}
2025-06-14 00:46:28,250 - EarlyStopping counter: 2 out of 10
2025-06-14 00:46:35,976 - {'epoch': 16, 'rec_loss': '4.6628'}
2025-06-14 00:46:40,391 - {'Epoch': 16, 'HR@5': '0.1714', 'NDCG@5': '0.1127', 'HR@10': '0.2580', 'NDCG@10': '0.1407', 'HR@20': '0.3623', 'NDCG@20': '0.1670'}
2025-06-14 00:46:40,393 - Validation score increased.  Saving model ...
2025-06-14 00:46:47,950 - {'epoch': 17, 'rec_loss': '4.6489'}
2025-06-14 00:46:52,345 - {'Epoch': 17, 'HR@5': '0.1732', 'NDCG@5': '0.1134', 'HR@10': '0.2596', 'NDCG@10': '0.1412', 'HR@20': '0.3619', 'NDCG@20': '0.1670'}
2025-06-14 00:46:52,347 - Validation score increased.  Saving model ...
2025-06-14 00:46:59,970 - {'epoch': 18, 'rec_loss': '4.6324'}
2025-06-14 00:47:04,376 - {'Epoch': 18, 'HR@5': '0.1719', 'NDCG@5': '0.1133', 'HR@10': '0.2598', 'NDCG@10': '0.1416', 'HR@20': '0.3595', 'NDCG@20': '0.1669'}
2025-06-14 00:47:04,378 - EarlyStopping counter: 1 out of 10
2025-06-14 00:47:12,096 - {'epoch': 19, 'rec_loss': '4.6176'}
2025-06-14 00:47:16,428 - {'Epoch': 19, 'HR@5': '0.1724', 'NDCG@5': '0.1134', 'HR@10': '0.2590', 'NDCG@10': '0.1413', 'HR@20': '0.3608', 'NDCG@20': '0.1671'}
2025-06-14 00:47:16,430 - Validation score increased.  Saving model ...
2025-06-14 00:47:23,980 - {'epoch': 20, 'rec_loss': '4.6084'}
2025-06-14 00:47:28,382 - {'Epoch': 20, 'HR@5': '0.1737', 'NDCG@5': '0.1139', 'HR@10': '0.2600', 'NDCG@10': '0.1418', 'HR@20': '0.3628', 'NDCG@20': '0.1678'}
2025-06-14 00:47:28,383 - Validation score increased.  Saving model ...
2025-06-14 00:47:36,023 - {'epoch': 21, 'rec_loss': '4.6001'}
2025-06-14 00:47:40,394 - {'Epoch': 21, 'HR@5': '0.1737', 'NDCG@5': '0.1140', 'HR@10': '0.2592', 'NDCG@10': '0.1417', 'HR@20': '0.3644', 'NDCG@20': '0.1683'}
2025-06-14 00:47:40,397 - Validation score increased.  Saving model ...
2025-06-14 00:47:48,015 - {'epoch': 22, 'rec_loss': '4.5963'}
2025-06-14 00:47:52,332 - {'Epoch': 22, 'HR@5': '0.1745', 'NDCG@5': '0.1146', 'HR@10': '0.2616', 'NDCG@10': '0.1427', 'HR@20': '0.3651', 'NDCG@20': '0.1689'}
2025-06-14 00:47:52,334 - Validation score increased.  Saving model ...
2025-06-14 00:47:59,871 - {'epoch': 23, 'rec_loss': '4.5808'}
2025-06-14 00:48:04,258 - {'Epoch': 23, 'HR@5': '0.1721', 'NDCG@5': '0.1124', 'HR@10': '0.2615', 'NDCG@10': '0.1412', 'HR@20': '0.3631', 'NDCG@20': '0.1668'}
2025-06-14 00:48:04,260 - EarlyStopping counter: 1 out of 10
2025-06-14 00:48:11,796 - {'epoch': 24, 'rec_loss': '4.5787'}
2025-06-14 00:48:16,117 - {'Epoch': 24, 'HR@5': '0.1729', 'NDCG@5': '0.1136', 'HR@10': '0.2622', 'NDCG@10': '0.1424', 'HR@20': '0.3645', 'NDCG@20': '0.1682'}
2025-06-14 00:48:16,119 - EarlyStopping counter: 2 out of 10
2025-06-14 00:48:23,777 - {'epoch': 25, 'rec_loss': '4.5605'}
2025-06-14 00:48:28,177 - {'Epoch': 25, 'HR@5': '0.1731', 'NDCG@5': '0.1149', 'HR@10': '0.2605', 'NDCG@10': '0.1432', 'HR@20': '0.3637', 'NDCG@20': '0.1693'}
2025-06-14 00:48:28,179 - Validation score increased.  Saving model ...
2025-06-14 00:48:35,792 - {'epoch': 26, 'rec_loss': '4.5583'}
2025-06-14 00:48:40,121 - {'Epoch': 26, 'HR@5': '0.1749', 'NDCG@5': '0.1150', 'HR@10': '0.2621', 'NDCG@10': '0.1432', 'HR@20': '0.3637', 'NDCG@20': '0.1688'}
2025-06-14 00:48:40,122 - EarlyStopping counter: 1 out of 10
2025-06-14 00:48:47,798 - {'epoch': 27, 'rec_loss': '4.5539'}
2025-06-14 00:48:52,179 - {'Epoch': 27, 'HR@5': '0.1726', 'NDCG@5': '0.1138', 'HR@10': '0.2607', 'NDCG@10': '0.1422', 'HR@20': '0.3642', 'NDCG@20': '0.1685'}
2025-06-14 00:48:52,181 - EarlyStopping counter: 2 out of 10
2025-06-14 00:48:59,773 - {'epoch': 28, 'rec_loss': '4.5469'}
2025-06-14 00:49:04,156 - {'Epoch': 28, 'HR@5': '0.1748', 'NDCG@5': '0.1149', 'HR@10': '0.2620', 'NDCG@10': '0.1430', 'HR@20': '0.3658', 'NDCG@20': '0.1692'}
2025-06-14 00:49:04,158 - EarlyStopping counter: 3 out of 10
2025-06-14 00:49:11,684 - {'epoch': 29, 'rec_loss': '4.5391'}
2025-06-14 00:49:16,023 - {'Epoch': 29, 'HR@5': '0.1745', 'NDCG@5': '0.1157', 'HR@10': '0.2609', 'NDCG@10': '0.1435', 'HR@20': '0.3648', 'NDCG@20': '0.1697'}
2025-06-14 00:49:16,024 - Validation score increased.  Saving model ...
2025-06-14 00:49:23,636 - {'epoch': 30, 'rec_loss': '4.5349'}
2025-06-14 00:49:28,058 - {'Epoch': 30, 'HR@5': '0.1737', 'NDCG@5': '0.1136', 'HR@10': '0.2629', 'NDCG@10': '0.1424', 'HR@20': '0.3664', 'NDCG@20': '0.1685'}
2025-06-14 00:49:28,061 - EarlyStopping counter: 1 out of 10
2025-06-14 00:49:35,544 - {'epoch': 31, 'rec_loss': '4.5273'}
2025-06-14 00:49:39,837 - {'Epoch': 31, 'HR@5': '0.1740', 'NDCG@5': '0.1146', 'HR@10': '0.2627', 'NDCG@10': '0.1432', 'HR@20': '0.3638', 'NDCG@20': '0.1687'}
2025-06-14 00:49:39,839 - EarlyStopping counter: 2 out of 10
2025-06-14 00:49:47,388 - {'epoch': 32, 'rec_loss': '4.5242'}
2025-06-14 00:49:51,766 - {'Epoch': 32, 'HR@5': '0.1739', 'NDCG@5': '0.1139', 'HR@10': '0.2617', 'NDCG@10': '0.1422', 'HR@20': '0.3620', 'NDCG@20': '0.1675'}
2025-06-14 00:49:51,769 - EarlyStopping counter: 3 out of 10
2025-06-14 00:49:59,462 - {'epoch': 33, 'rec_loss': '4.5134'}
2025-06-14 00:50:03,814 - {'Epoch': 33, 'HR@5': '0.1728', 'NDCG@5': '0.1137', 'HR@10': '0.2625', 'NDCG@10': '0.1426', 'HR@20': '0.3640', 'NDCG@20': '0.1683'}
2025-06-14 00:50:03,816 - EarlyStopping counter: 4 out of 10
2025-06-14 00:50:11,443 - {'epoch': 34, 'rec_loss': '4.5108'}
2025-06-14 00:50:15,870 - {'Epoch': 34, 'HR@5': '0.1742', 'NDCG@5': '0.1147', 'HR@10': '0.2635', 'NDCG@10': '0.1436', 'HR@20': '0.3639', 'NDCG@20': '0.1689'}
2025-06-14 00:50:15,873 - EarlyStopping counter: 5 out of 10
2025-06-14 00:50:23,521 - {'epoch': 35, 'rec_loss': '4.5068'}
2025-06-14 00:50:27,877 - {'Epoch': 35, 'HR@5': '0.1743', 'NDCG@5': '0.1142', 'HR@10': '0.2613', 'NDCG@10': '0.1423', 'HR@20': '0.3634', 'NDCG@20': '0.1681'}
2025-06-14 00:50:27,879 - EarlyStopping counter: 6 out of 10
2025-06-14 00:50:35,474 - {'epoch': 36, 'rec_loss': '4.5065'}
2025-06-14 00:50:39,829 - {'Epoch': 36, 'HR@5': '0.1741', 'NDCG@5': '0.1141', 'HR@10': '0.2617', 'NDCG@10': '0.1424', 'HR@20': '0.3652', 'NDCG@20': '0.1685'}
2025-06-14 00:50:39,832 - EarlyStopping counter: 7 out of 10
2025-06-14 00:50:47,583 - {'epoch': 37, 'rec_loss': '4.4992'}
2025-06-14 00:50:51,986 - {'Epoch': 37, 'HR@5': '0.1757', 'NDCG@5': '0.1151', 'HR@10': '0.2635', 'NDCG@10': '0.1433', 'HR@20': '0.3644', 'NDCG@20': '0.1688'}
2025-06-14 00:50:51,987 - EarlyStopping counter: 8 out of 10
2025-06-14 00:50:59,560 - {'epoch': 38, 'rec_loss': '4.4955'}
2025-06-14 00:51:03,971 - {'Epoch': 38, 'HR@5': '0.1743', 'NDCG@5': '0.1147', 'HR@10': '0.2627', 'NDCG@10': '0.1431', 'HR@20': '0.3624', 'NDCG@20': '0.1684'}
2025-06-14 00:51:03,973 - EarlyStopping counter: 9 out of 10
2025-06-14 00:51:11,686 - {'epoch': 39, 'rec_loss': '4.4945'}
2025-06-14 00:51:16,063 - {'Epoch': 39, 'HR@5': '0.1723', 'NDCG@5': '0.1129', 'HR@10': '0.2611', 'NDCG@10': '0.1416', 'HR@20': '0.3632', 'NDCG@20': '0.1674'}
2025-06-14 00:51:16,065 - EarlyStopping counter: 10 out of 10
2025-06-14 00:51:16,065 - Early stopping
2025-06-14 00:51:16,065 - ---------------Validation Score---------------
2025-06-14 00:51:20,394 - {'Epoch': 0, 'HR@5': '0.1745', 'NDCG@5': '0.1157', 'HR@10': '0.2609', 'NDCG@10': '0.1435', 'HR@20': '0.3648', 'NDCG@20': '0.1697'}
2025-06-14 00:51:20,395 - BSARec_Diginetica
2025-06-14 00:51:20,395 - {'Epoch': 0, 'HR@5': '0.1745', 'NDCG@5': '0.1157', 'HR@10': '0.2609', 'NDCG@10': '0.1435', 'HR@20': '0.3648', 'NDCG@20': '0.1697'}
