2025-06-14 15:28:08,197 - Namespace(data_dir='./data/', output_dir='hparam_search/', data_name='LastFM', train_name='BERT4Rec_LastFM', num_items=10, num_users=1091, lr=0.001, batch_size=256, epochs=200, no_cuda=False, log_freq=1, patience=10, num_workers=4, seed=42, weight_decay=0.0, adam_beta1=0.9, adam_beta2=0.999, gpu_id='0', variance=5, model_type='Bert4Rec', max_seq_length=50, hidden_size=64, num_hidden_layers=2, hidden_act='gelu', num_attention_heads=4, attention_probs_dropout_prob=0.5, hidden_dropout_prob=0.5, initializer_range=0.02, mask_ratio=0.6, cuda_condition=True, data_file='./data/LastFM.txt', item_size=3647, checkpoint_path=PosixPath('/gpfs/home3/scur2771/BSARec/BSARec/src/hparam_search/BERT4Rec_LastFM/12373134_9/model.pt'), same_target_path='./data/LastFM_same_target.npy')
2025-06-14 15:28:08,214 - BERT4RecModel(
  (item_embeddings): Embedding(3648, 64, padding_idx=0)
  (position_embeddings): Embedding(50, 64)
  (item_encoder): TransformerEncoder(
    (blocks): ModuleList(
      (0): TransformerBlock(
        (layer): MultiHeadAttention(
          (query): Linear(in_features=64, out_features=64, bias=True)
          (key): Linear(in_features=64, out_features=64, bias=True)
          (value): Linear(in_features=64, out_features=64, bias=True)
          (softmax): Softmax(dim=-1)
          (attn_dropout): Dropout(p=0.5, inplace=False)
          (dense): Linear(in_features=64, out_features=64, bias=True)
          (LayerNorm): LayerNorm((64,), eps=1e-12, elementwise_affine=True)
          (out_dropout): Dropout(p=0.5, inplace=False)
        )
        (feed_forward): FeedForward(
          (dense_1): Linear(in_features=64, out_features=256, bias=True)
          (dense_2): Linear(in_features=256, out_features=64, bias=True)
          (LayerNorm): LayerNorm()
          (dropout): Dropout(p=0.5, inplace=False)
        )
      )
      (1): TransformerBlock(
        (layer): MultiHeadAttention(
          (query): Linear(in_features=64, out_features=64, bias=True)
          (key): Linear(in_features=64, out_features=64, bias=True)
          (value): Linear(in_features=64, out_features=64, bias=True)
          (softmax): Softmax(dim=-1)
          (attn_dropout): Dropout(p=0.5, inplace=False)
          (dense): Linear(in_features=64, out_features=64, bias=True)
          (LayerNorm): LayerNorm((64,), eps=1e-12, elementwise_affine=True)
          (out_dropout): Dropout(p=0.5, inplace=False)
        )
        (feed_forward): FeedForward(
          (dense_1): Linear(in_features=64, out_features=256, bias=True)
          (dense_2): Linear(in_features=256, out_features=64, bias=True)
          (LayerNorm): LayerNorm()
          (dropout): Dropout(p=0.5, inplace=False)
        )
      )
    )
  )
  (LayerNorm): LayerNorm()
  (dropout): Dropout(p=0.5, inplace=False)
)
2025-06-14 15:28:11,546 - Total Parameters: 336768
2025-06-14 15:28:16,042 - {'epoch': 0, 'rec_loss': '7.9880'}
2025-06-14 15:28:16,726 - {'Epoch': 0, 'HR@5': '0.0101', 'NDCG@5': '0.0069', 'HR@10': '0.0229', 'NDCG@10': '0.0110', 'HR@20': '0.0468', 'NDCG@20': '0.0170'}
2025-06-14 15:28:16,727 - Validation score increased.  Saving model ...
2025-06-14 15:28:20,327 - {'epoch': 1, 'rec_loss': '7.7589'}
2025-06-14 15:28:20,922 - {'Epoch': 1, 'HR@5': '0.0165', 'NDCG@5': '0.0095', 'HR@10': '0.0294', 'NDCG@10': '0.0137', 'HR@20': '0.0523', 'NDCG@20': '0.0194'}
2025-06-14 15:28:20,923 - Validation score increased.  Saving model ...
2025-06-14 15:28:24,537 - {'epoch': 2, 'rec_loss': '7.6898'}
2025-06-14 15:28:25,202 - {'Epoch': 2, 'HR@5': '0.0266', 'NDCG@5': '0.0163', 'HR@10': '0.0394', 'NDCG@10': '0.0204', 'HR@20': '0.0624', 'NDCG@20': '0.0262'}
2025-06-14 15:28:25,203 - Validation score increased.  Saving model ...
2025-06-14 15:28:28,785 - {'epoch': 3, 'rec_loss': '7.6314'}
2025-06-14 15:28:29,437 - {'Epoch': 3, 'HR@5': '0.0266', 'NDCG@5': '0.0179', 'HR@10': '0.0422', 'NDCG@10': '0.0229', 'HR@20': '0.0679', 'NDCG@20': '0.0293'}
2025-06-14 15:28:29,438 - Validation score increased.  Saving model ...
2025-06-14 15:28:33,025 - {'epoch': 4, 'rec_loss': '7.5768'}
2025-06-14 15:28:33,710 - {'Epoch': 4, 'HR@5': '0.0294', 'NDCG@5': '0.0183', 'HR@10': '0.0523', 'NDCG@10': '0.0255', 'HR@20': '0.0716', 'NDCG@20': '0.0303'}
2025-06-14 15:28:33,711 - Validation score increased.  Saving model ...
2025-06-14 15:28:37,273 - {'epoch': 5, 'rec_loss': '7.5333'}
2025-06-14 15:28:37,892 - {'Epoch': 5, 'HR@5': '0.0312', 'NDCG@5': '0.0194', 'HR@10': '0.0459', 'NDCG@10': '0.0242', 'HR@20': '0.0734', 'NDCG@20': '0.0311'}
2025-06-14 15:28:37,892 - Validation score increased.  Saving model ...
2025-06-14 15:28:41,440 - {'epoch': 6, 'rec_loss': '7.4849'}
2025-06-14 15:28:42,080 - {'Epoch': 6, 'HR@5': '0.0239', 'NDCG@5': '0.0162', 'HR@10': '0.0468', 'NDCG@10': '0.0236', 'HR@20': '0.0706', 'NDCG@20': '0.0296'}
2025-06-14 15:28:42,081 - EarlyStopping counter: 1 out of 10
2025-06-14 15:28:45,733 - {'epoch': 7, 'rec_loss': '7.4480'}
2025-06-14 15:28:46,385 - {'Epoch': 7, 'HR@5': '0.0239', 'NDCG@5': '0.0152', 'HR@10': '0.0376', 'NDCG@10': '0.0196', 'HR@20': '0.0624', 'NDCG@20': '0.0259'}
2025-06-14 15:28:46,386 - EarlyStopping counter: 2 out of 10
2025-06-14 15:28:49,998 - {'epoch': 8, 'rec_loss': '7.4111'}
2025-06-14 15:28:50,631 - {'Epoch': 8, 'HR@5': '0.0284', 'NDCG@5': '0.0189', 'HR@10': '0.0404', 'NDCG@10': '0.0228', 'HR@20': '0.0642', 'NDCG@20': '0.0286'}
2025-06-14 15:28:50,632 - EarlyStopping counter: 3 out of 10
2025-06-14 15:28:54,244 - {'epoch': 9, 'rec_loss': '7.3714'}
2025-06-14 15:28:54,889 - {'Epoch': 9, 'HR@5': '0.0229', 'NDCG@5': '0.0168', 'HR@10': '0.0413', 'NDCG@10': '0.0227', 'HR@20': '0.0642', 'NDCG@20': '0.0284'}
2025-06-14 15:28:54,890 - EarlyStopping counter: 4 out of 10
2025-06-14 15:28:58,473 - {'epoch': 10, 'rec_loss': '7.3386'}
2025-06-14 15:28:59,110 - {'Epoch': 10, 'HR@5': '0.0275', 'NDCG@5': '0.0186', 'HR@10': '0.0440', 'NDCG@10': '0.0240', 'HR@20': '0.0651', 'NDCG@20': '0.0292'}
2025-06-14 15:28:59,111 - EarlyStopping counter: 5 out of 10
2025-06-14 15:29:02,701 - {'epoch': 11, 'rec_loss': '7.2944'}
2025-06-14 15:29:03,388 - {'Epoch': 11, 'HR@5': '0.0275', 'NDCG@5': '0.0169', 'HR@10': '0.0376', 'NDCG@10': '0.0201', 'HR@20': '0.0670', 'NDCG@20': '0.0276'}
2025-06-14 15:29:03,388 - EarlyStopping counter: 6 out of 10
2025-06-14 15:29:06,922 - {'epoch': 12, 'rec_loss': '7.2662'}
2025-06-14 15:29:07,596 - {'Epoch': 12, 'HR@5': '0.0266', 'NDCG@5': '0.0157', 'HR@10': '0.0367', 'NDCG@10': '0.0190', 'HR@20': '0.0578', 'NDCG@20': '0.0242'}
2025-06-14 15:29:07,597 - EarlyStopping counter: 7 out of 10
2025-06-14 15:29:11,093 - {'epoch': 13, 'rec_loss': '7.2348'}
2025-06-14 15:29:11,742 - {'Epoch': 13, 'HR@5': '0.0183', 'NDCG@5': '0.0117', 'HR@10': '0.0422', 'NDCG@10': '0.0192', 'HR@20': '0.0642', 'NDCG@20': '0.0248'}
2025-06-14 15:29:11,743 - EarlyStopping counter: 8 out of 10
2025-06-14 15:29:15,359 - {'epoch': 14, 'rec_loss': '7.2037'}
2025-06-14 15:29:15,957 - {'Epoch': 14, 'HR@5': '0.0220', 'NDCG@5': '0.0127', 'HR@10': '0.0339', 'NDCG@10': '0.0165', 'HR@20': '0.0523', 'NDCG@20': '0.0210'}
2025-06-14 15:29:15,958 - EarlyStopping counter: 9 out of 10
2025-06-14 15:29:19,582 - {'epoch': 15, 'rec_loss': '7.1825'}
2025-06-14 15:29:20,297 - {'Epoch': 15, 'HR@5': '0.0138', 'NDCG@5': '0.0089', 'HR@10': '0.0339', 'NDCG@10': '0.0152', 'HR@20': '0.0633', 'NDCG@20': '0.0228'}
2025-06-14 15:29:20,297 - EarlyStopping counter: 10 out of 10
2025-06-14 15:29:20,298 - Early stopping
2025-06-14 15:29:20,298 - ---------------Validation Score---------------
2025-06-14 15:29:21,082 - {'Epoch': 0, 'HR@5': '0.0312', 'NDCG@5': '0.0194', 'HR@10': '0.0459', 'NDCG@10': '0.0242', 'HR@20': '0.0734', 'NDCG@20': '0.0311'}
2025-06-14 15:29:21,082 - BERT4Rec_LastFM
2025-06-14 15:29:21,083 - {'Epoch': 0, 'HR@5': '0.0312', 'NDCG@5': '0.0194', 'HR@10': '0.0459', 'NDCG@10': '0.0242', 'HR@20': '0.0734', 'NDCG@20': '0.0311'}
