2025-06-14 00:27:41,606 - Namespace(data_dir='data/self_processed/', output_dir='hparam_search/', data_name='Diginetica', train_name='BSARec_Diginetica', num_items=10, num_users=14829, lr=0.0005, batch_size=256, epochs=200, no_cuda=False, log_freq=1, patience=10, num_workers=4, seed=42, weight_decay=0.0, adam_beta1=0.9, adam_beta2=0.999, gpu_id='0', variance=5, model_type='BSARec', max_seq_length=50, hidden_size=64, num_hidden_layers=2, hidden_act='gelu', num_attention_heads=2, attention_probs_dropout_prob=0.5, hidden_dropout_prob=0.5, initializer_range=0.02, c=7, alpha=0.1, cuda_condition=True, data_file='data/self_processed/Diginetica.txt', item_size=9441, checkpoint_path=PosixPath('/gpfs/home3/scur2771/BSARec/BSARec/src/hparam_search/BSARec_Diginetica/12367757_116/model.pt'), same_target_path='data/self_processed/Diginetica_same_target.npy')
2025-06-14 00:27:41,623 - BSARecModel(
  (item_embeddings): Embedding(9441, 64, padding_idx=0)
  (position_embeddings): Embedding(50, 64)
  (LayerNorm): LayerNorm()
  (dropout): Dropout(p=0.5, inplace=False)
  (item_encoder): BSARecEncoder(
    (blocks): ModuleList(
      (0): BSARecBlock(
        (layer): BSARecLayer(
          (filter_layer): FrequencyLayer(
            (out_dropout): Dropout(p=0.5, inplace=False)
            (LayerNorm): LayerNorm()
          )
          (attention_layer): MultiHeadAttention(
            (query): Linear(in_features=64, out_features=64, bias=True)
            (key): Linear(in_features=64, out_features=64, bias=True)
            (value): Linear(in_features=64, out_features=64, bias=True)
            (softmax): Softmax(dim=-1)
            (attn_dropout): Dropout(p=0.5, inplace=False)
            (dense): Linear(in_features=64, out_features=64, bias=True)
            (LayerNorm): LayerNorm((64,), eps=1e-12, elementwise_affine=True)
            (out_dropout): Dropout(p=0.5, inplace=False)
          )
        )
        (feed_forward): FeedForward(
          (dense_1): Linear(in_features=64, out_features=256, bias=True)
          (dense_2): Linear(in_features=256, out_features=64, bias=True)
          (LayerNorm): LayerNorm()
          (dropout): Dropout(p=0.5, inplace=False)
        )
      )
      (1): BSARecBlock(
        (layer): BSARecLayer(
          (filter_layer): FrequencyLayer(
            (out_dropout): Dropout(p=0.5, inplace=False)
            (LayerNorm): LayerNorm()
          )
          (attention_layer): MultiHeadAttention(
            (query): Linear(in_features=64, out_features=64, bias=True)
            (key): Linear(in_features=64, out_features=64, bias=True)
            (value): Linear(in_features=64, out_features=64, bias=True)
            (softmax): Softmax(dim=-1)
            (attn_dropout): Dropout(p=0.5, inplace=False)
            (dense): Linear(in_features=64, out_features=64, bias=True)
            (LayerNorm): LayerNorm((64,), eps=1e-12, elementwise_affine=True)
            (out_dropout): Dropout(p=0.5, inplace=False)
          )
        )
        (feed_forward): FeedForward(
          (dense_1): Linear(in_features=64, out_features=256, bias=True)
          (dense_2): Linear(in_features=256, out_features=64, bias=True)
          (LayerNorm): LayerNorm()
          (dropout): Dropout(p=0.5, inplace=False)
        )
      )
    )
  )
)
2025-06-14 00:27:43,791 - Total Parameters: 707904
2025-06-14 00:27:52,365 - {'epoch': 0, 'rec_loss': '8.8016'}
2025-06-14 00:27:56,472 - {'Epoch': 0, 'HR@5': '0.0071', 'NDCG@5': '0.0048', 'HR@10': '0.0123', 'NDCG@10': '0.0065', 'HR@20': '0.0183', 'NDCG@20': '0.0080'}
2025-06-14 00:27:56,474 - Validation score increased.  Saving model ...
2025-06-14 00:28:03,960 - {'epoch': 1, 'rec_loss': '8.3091'}
2025-06-14 00:28:08,209 - {'Epoch': 1, 'HR@5': '0.0499', 'NDCG@5': '0.0342', 'HR@10': '0.0727', 'NDCG@10': '0.0415', 'HR@20': '0.0978', 'NDCG@20': '0.0478'}
2025-06-14 00:28:08,210 - Validation score increased.  Saving model ...
2025-06-14 00:28:15,700 - {'epoch': 2, 'rec_loss': '7.5824'}
2025-06-14 00:28:19,904 - {'Epoch': 2, 'HR@5': '0.0873', 'NDCG@5': '0.0575', 'HR@10': '0.1326', 'NDCG@10': '0.0721', 'HR@20': '0.1850', 'NDCG@20': '0.0853'}
2025-06-14 00:28:19,905 - Validation score increased.  Saving model ...
2025-06-14 00:28:27,452 - {'epoch': 3, 'rec_loss': '6.7841'}
2025-06-14 00:28:31,742 - {'Epoch': 3, 'HR@5': '0.1128', 'NDCG@5': '0.0743', 'HR@10': '0.1711', 'NDCG@10': '0.0931', 'HR@20': '0.2390', 'NDCG@20': '0.1102'}
2025-06-14 00:28:31,743 - Validation score increased.  Saving model ...
2025-06-14 00:28:39,235 - {'epoch': 4, 'rec_loss': '6.1493'}
2025-06-14 00:28:43,568 - {'Epoch': 4, 'HR@5': '0.1291', 'NDCG@5': '0.0853', 'HR@10': '0.1942', 'NDCG@10': '0.1063', 'HR@20': '0.2758', 'NDCG@20': '0.1269'}
2025-06-14 00:28:43,573 - Validation score increased.  Saving model ...
2025-06-14 00:28:51,114 - {'epoch': 5, 'rec_loss': '5.7018'}
2025-06-14 00:28:55,413 - {'Epoch': 5, 'HR@5': '0.1399', 'NDCG@5': '0.0925', 'HR@10': '0.2124', 'NDCG@10': '0.1159', 'HR@20': '0.2985', 'NDCG@20': '0.1376'}
2025-06-14 00:28:55,415 - Validation score increased.  Saving model ...
2025-06-14 00:29:02,955 - {'epoch': 6, 'rec_loss': '5.3933'}
2025-06-14 00:29:07,329 - {'Epoch': 6, 'HR@5': '0.1499', 'NDCG@5': '0.0990', 'HR@10': '0.2269', 'NDCG@10': '0.1237', 'HR@20': '0.3174', 'NDCG@20': '0.1465'}
2025-06-14 00:29:07,331 - Validation score increased.  Saving model ...
2025-06-14 00:29:14,878 - {'epoch': 7, 'rec_loss': '5.1791'}
2025-06-14 00:29:19,228 - {'Epoch': 7, 'HR@5': '0.1581', 'NDCG@5': '0.1038', 'HR@10': '0.2366', 'NDCG@10': '0.1290', 'HR@20': '0.3313', 'NDCG@20': '0.1530'}
2025-06-14 00:29:19,230 - Validation score increased.  Saving model ...
2025-06-14 00:29:26,675 - {'epoch': 8, 'rec_loss': '5.0349'}
2025-06-14 00:29:31,081 - {'Epoch': 8, 'HR@5': '0.1611', 'NDCG@5': '0.1066', 'HR@10': '0.2445', 'NDCG@10': '0.1334', 'HR@20': '0.3394', 'NDCG@20': '0.1574'}
2025-06-14 00:29:31,082 - Validation score increased.  Saving model ...
2025-06-14 00:29:38,600 - {'epoch': 9, 'rec_loss': '4.9258'}
2025-06-14 00:29:43,023 - {'Epoch': 9, 'HR@5': '0.1649', 'NDCG@5': '0.1081', 'HR@10': '0.2501', 'NDCG@10': '0.1355', 'HR@20': '0.3493', 'NDCG@20': '0.1606'}
2025-06-14 00:29:43,026 - Validation score increased.  Saving model ...
2025-06-14 00:29:50,540 - {'epoch': 10, 'rec_loss': '4.8506'}
2025-06-14 00:29:54,949 - {'Epoch': 10, 'HR@5': '0.1668', 'NDCG@5': '0.1091', 'HR@10': '0.2530', 'NDCG@10': '0.1369', 'HR@20': '0.3524', 'NDCG@20': '0.1620'}
2025-06-14 00:29:54,952 - Validation score increased.  Saving model ...
2025-06-14 00:30:02,398 - {'epoch': 11, 'rec_loss': '4.7917'}
2025-06-14 00:30:06,746 - {'Epoch': 11, 'HR@5': '0.1664', 'NDCG@5': '0.1104', 'HR@10': '0.2563', 'NDCG@10': '0.1394', 'HR@20': '0.3557', 'NDCG@20': '0.1645'}
2025-06-14 00:30:06,747 - Validation score increased.  Saving model ...
2025-06-14 00:30:14,315 - {'epoch': 12, 'rec_loss': '4.7454'}
2025-06-14 00:30:18,682 - {'Epoch': 12, 'HR@5': '0.1713', 'NDCG@5': '0.1124', 'HR@10': '0.2585', 'NDCG@10': '0.1404', 'HR@20': '0.3580', 'NDCG@20': '0.1655'}
2025-06-14 00:30:18,683 - Validation score increased.  Saving model ...
2025-06-14 00:30:26,276 - {'epoch': 13, 'rec_loss': '4.7188'}
2025-06-14 00:30:30,614 - {'Epoch': 13, 'HR@5': '0.1706', 'NDCG@5': '0.1130', 'HR@10': '0.2590', 'NDCG@10': '0.1414', 'HR@20': '0.3601', 'NDCG@20': '0.1669'}
2025-06-14 00:30:30,617 - Validation score increased.  Saving model ...
2025-06-14 00:30:38,110 - {'epoch': 14, 'rec_loss': '4.6892'}
2025-06-14 00:30:42,576 - {'Epoch': 14, 'HR@5': '0.1714', 'NDCG@5': '0.1127', 'HR@10': '0.2586', 'NDCG@10': '0.1408', 'HR@20': '0.3600', 'NDCG@20': '0.1664'}
2025-06-14 00:30:42,577 - EarlyStopping counter: 1 out of 10
2025-06-14 00:30:50,093 - {'epoch': 15, 'rec_loss': '4.6702'}
2025-06-14 00:30:54,575 - {'Epoch': 15, 'HR@5': '0.1710', 'NDCG@5': '0.1129', 'HR@10': '0.2605', 'NDCG@10': '0.1417', 'HR@20': '0.3621', 'NDCG@20': '0.1674'}
2025-06-14 00:30:54,576 - Validation score increased.  Saving model ...
2025-06-14 00:31:02,114 - {'epoch': 16, 'rec_loss': '4.6479'}
2025-06-14 00:31:06,501 - {'Epoch': 16, 'HR@5': '0.1726', 'NDCG@5': '0.1140', 'HR@10': '0.2590', 'NDCG@10': '0.1417', 'HR@20': '0.3617', 'NDCG@20': '0.1676'}
2025-06-14 00:31:06,503 - Validation score increased.  Saving model ...
2025-06-14 00:31:14,145 - {'epoch': 17, 'rec_loss': '4.6339'}
2025-06-14 00:31:18,576 - {'Epoch': 17, 'HR@5': '0.1733', 'NDCG@5': '0.1132', 'HR@10': '0.2606', 'NDCG@10': '0.1414', 'HR@20': '0.3616', 'NDCG@20': '0.1669'}
2025-06-14 00:31:18,579 - EarlyStopping counter: 1 out of 10
2025-06-14 00:31:26,025 - {'epoch': 18, 'rec_loss': '4.6159'}
2025-06-14 00:31:30,398 - {'Epoch': 18, 'HR@5': '0.1735', 'NDCG@5': '0.1141', 'HR@10': '0.2613', 'NDCG@10': '0.1424', 'HR@20': '0.3631', 'NDCG@20': '0.1681'}
2025-06-14 00:31:30,399 - Validation score increased.  Saving model ...
2025-06-14 00:31:37,877 - {'epoch': 19, 'rec_loss': '4.6039'}
2025-06-14 00:31:42,302 - {'Epoch': 19, 'HR@5': '0.1733', 'NDCG@5': '0.1132', 'HR@10': '0.2603', 'NDCG@10': '0.1413', 'HR@20': '0.3617', 'NDCG@20': '0.1669'}
2025-06-14 00:31:42,303 - EarlyStopping counter: 1 out of 10
2025-06-14 00:31:49,672 - {'epoch': 20, 'rec_loss': '4.5950'}
2025-06-14 00:31:54,067 - {'Epoch': 20, 'HR@5': '0.1757', 'NDCG@5': '0.1150', 'HR@10': '0.2628', 'NDCG@10': '0.1430', 'HR@20': '0.3636', 'NDCG@20': '0.1684'}
2025-06-14 00:31:54,068 - Validation score increased.  Saving model ...
2025-06-14 00:32:01,574 - {'epoch': 21, 'rec_loss': '4.5842'}
2025-06-14 00:32:06,017 - {'Epoch': 21, 'HR@5': '0.1748', 'NDCG@5': '0.1146', 'HR@10': '0.2632', 'NDCG@10': '0.1431', 'HR@20': '0.3662', 'NDCG@20': '0.1691'}
2025-06-14 00:32:06,022 - Validation score increased.  Saving model ...
2025-06-14 00:32:13,443 - {'epoch': 22, 'rec_loss': '4.5753'}
2025-06-14 00:32:17,825 - {'Epoch': 22, 'HR@5': '0.1758', 'NDCG@5': '0.1151', 'HR@10': '0.2635', 'NDCG@10': '0.1433', 'HR@20': '0.3642', 'NDCG@20': '0.1687'}
2025-06-14 00:32:17,826 - EarlyStopping counter: 1 out of 10
2025-06-14 00:32:25,310 - {'epoch': 23, 'rec_loss': '4.5628'}
2025-06-14 00:32:29,709 - {'Epoch': 23, 'HR@5': '0.1718', 'NDCG@5': '0.1125', 'HR@10': '0.2592', 'NDCG@10': '0.1408', 'HR@20': '0.3657', 'NDCG@20': '0.1676'}
2025-06-14 00:32:29,710 - EarlyStopping counter: 2 out of 10
2025-06-14 00:32:37,180 - {'epoch': 24, 'rec_loss': '4.5584'}
2025-06-14 00:32:41,596 - {'Epoch': 24, 'HR@5': '0.1748', 'NDCG@5': '0.1145', 'HR@10': '0.2616', 'NDCG@10': '0.1425', 'HR@20': '0.3646', 'NDCG@20': '0.1685'}
2025-06-14 00:32:41,598 - EarlyStopping counter: 3 out of 10
2025-06-14 00:32:49,175 - {'epoch': 25, 'rec_loss': '4.5489'}
2025-06-14 00:32:53,517 - {'Epoch': 25, 'HR@5': '0.1755', 'NDCG@5': '0.1155', 'HR@10': '0.2602', 'NDCG@10': '0.1429', 'HR@20': '0.3642', 'NDCG@20': '0.1692'}
2025-06-14 00:32:53,518 - Validation score increased.  Saving model ...
2025-06-14 00:33:01,019 - {'epoch': 26, 'rec_loss': '4.5428'}
2025-06-14 00:33:05,475 - {'Epoch': 26, 'HR@5': '0.1748', 'NDCG@5': '0.1147', 'HR@10': '0.2631', 'NDCG@10': '0.1431', 'HR@20': '0.3651', 'NDCG@20': '0.1689'}
2025-06-14 00:33:05,478 - EarlyStopping counter: 1 out of 10
2025-06-14 00:33:12,948 - {'epoch': 27, 'rec_loss': '4.5390'}
2025-06-14 00:33:17,322 - {'Epoch': 27, 'HR@5': '0.1739', 'NDCG@5': '0.1141', 'HR@10': '0.2635', 'NDCG@10': '0.1429', 'HR@20': '0.3646', 'NDCG@20': '0.1685'}
2025-06-14 00:33:17,323 - EarlyStopping counter: 2 out of 10
2025-06-14 00:33:24,807 - {'epoch': 28, 'rec_loss': '4.5269'}
2025-06-14 00:33:29,255 - {'Epoch': 28, 'HR@5': '0.1773', 'NDCG@5': '0.1162', 'HR@10': '0.2622', 'NDCG@10': '0.1435', 'HR@20': '0.3632', 'NDCG@20': '0.1691'}
2025-06-14 00:33:29,259 - EarlyStopping counter: 3 out of 10
2025-06-14 00:33:36,871 - {'epoch': 29, 'rec_loss': '4.5262'}
2025-06-14 00:33:41,285 - {'Epoch': 29, 'HR@5': '0.1766', 'NDCG@5': '0.1152', 'HR@10': '0.2587', 'NDCG@10': '0.1417', 'HR@20': '0.3626', 'NDCG@20': '0.1679'}
2025-06-14 00:33:41,287 - EarlyStopping counter: 4 out of 10
2025-06-14 00:33:48,785 - {'epoch': 30, 'rec_loss': '4.5241'}
2025-06-14 00:33:53,161 - {'Epoch': 30, 'HR@5': '0.1731', 'NDCG@5': '0.1141', 'HR@10': '0.2617', 'NDCG@10': '0.1427', 'HR@20': '0.3652', 'NDCG@20': '0.1689'}
2025-06-14 00:33:53,163 - EarlyStopping counter: 5 out of 10
2025-06-14 00:34:00,829 - {'epoch': 31, 'rec_loss': '4.5140'}
2025-06-14 00:34:05,232 - {'Epoch': 31, 'HR@5': '0.1741', 'NDCG@5': '0.1148', 'HR@10': '0.2633', 'NDCG@10': '0.1435', 'HR@20': '0.3668', 'NDCG@20': '0.1696'}
2025-06-14 00:34:05,235 - Validation score increased.  Saving model ...
2025-06-14 00:34:12,829 - {'epoch': 32, 'rec_loss': '4.5061'}
2025-06-14 00:34:17,169 - {'Epoch': 32, 'HR@5': '0.1739', 'NDCG@5': '0.1139', 'HR@10': '0.2626', 'NDCG@10': '0.1425', 'HR@20': '0.3644', 'NDCG@20': '0.1683'}
2025-06-14 00:34:17,171 - EarlyStopping counter: 1 out of 10
2025-06-14 00:34:24,733 - {'epoch': 33, 'rec_loss': '4.5023'}
2025-06-14 00:34:29,292 - {'Epoch': 33, 'HR@5': '0.1728', 'NDCG@5': '0.1147', 'HR@10': '0.2640', 'NDCG@10': '0.1440', 'HR@20': '0.3652', 'NDCG@20': '0.1696'}
2025-06-14 00:34:29,295 - EarlyStopping counter: 2 out of 10
2025-06-14 00:34:36,894 - {'epoch': 34, 'rec_loss': '4.4961'}
2025-06-14 00:34:41,290 - {'Epoch': 34, 'HR@5': '0.1764', 'NDCG@5': '0.1164', 'HR@10': '0.2658', 'NDCG@10': '0.1451', 'HR@20': '0.3647', 'NDCG@20': '0.1701'}
2025-06-14 00:34:41,292 - Validation score increased.  Saving model ...
2025-06-14 00:34:48,689 - {'epoch': 35, 'rec_loss': '4.4944'}
2025-06-14 00:34:53,168 - {'Epoch': 35, 'HR@5': '0.1726', 'NDCG@5': '0.1141', 'HR@10': '0.2638', 'NDCG@10': '0.1435', 'HR@20': '0.3647', 'NDCG@20': '0.1690'}
2025-06-14 00:34:53,170 - EarlyStopping counter: 1 out of 10
2025-06-14 00:35:00,658 - {'epoch': 36, 'rec_loss': '4.4857'}
2025-06-14 00:35:05,089 - {'Epoch': 36, 'HR@5': '0.1737', 'NDCG@5': '0.1140', 'HR@10': '0.2617', 'NDCG@10': '0.1424', 'HR@20': '0.3649', 'NDCG@20': '0.1686'}
2025-06-14 00:35:05,090 - EarlyStopping counter: 2 out of 10
2025-06-14 00:35:12,619 - {'epoch': 37, 'rec_loss': '4.4832'}
2025-06-14 00:35:17,024 - {'Epoch': 37, 'HR@5': '0.1750', 'NDCG@5': '0.1145', 'HR@10': '0.2634', 'NDCG@10': '0.1431', 'HR@20': '0.3640', 'NDCG@20': '0.1685'}
2025-06-14 00:35:17,026 - EarlyStopping counter: 3 out of 10
2025-06-14 00:35:24,521 - {'epoch': 38, 'rec_loss': '4.4811'}
2025-06-14 00:35:28,975 - {'Epoch': 38, 'HR@5': '0.1752', 'NDCG@5': '0.1150', 'HR@10': '0.2637', 'NDCG@10': '0.1434', 'HR@20': '0.3654', 'NDCG@20': '0.1691'}
2025-06-14 00:35:28,976 - EarlyStopping counter: 4 out of 10
2025-06-14 00:35:36,450 - {'epoch': 39, 'rec_loss': '4.4729'}
2025-06-14 00:35:40,976 - {'Epoch': 39, 'HR@5': '0.1741', 'NDCG@5': '0.1149', 'HR@10': '0.2625', 'NDCG@10': '0.1434', 'HR@20': '0.3648', 'NDCG@20': '0.1693'}
2025-06-14 00:35:40,976 - EarlyStopping counter: 5 out of 10
2025-06-14 00:35:48,451 - {'epoch': 40, 'rec_loss': '4.4736'}
2025-06-14 00:35:52,918 - {'Epoch': 40, 'HR@5': '0.1745', 'NDCG@5': '0.1146', 'HR@10': '0.2605', 'NDCG@10': '0.1422', 'HR@20': '0.3665', 'NDCG@20': '0.1691'}
2025-06-14 00:35:52,924 - EarlyStopping counter: 6 out of 10
2025-06-14 00:36:00,436 - {'epoch': 41, 'rec_loss': '4.4678'}
2025-06-14 00:36:04,841 - {'Epoch': 41, 'HR@5': '0.1735', 'NDCG@5': '0.1141', 'HR@10': '0.2611', 'NDCG@10': '0.1423', 'HR@20': '0.3638', 'NDCG@20': '0.1683'}
2025-06-14 00:36:04,843 - EarlyStopping counter: 7 out of 10
2025-06-14 00:36:12,321 - {'epoch': 42, 'rec_loss': '4.4559'}
2025-06-14 00:36:16,832 - {'Epoch': 42, 'HR@5': '0.1730', 'NDCG@5': '0.1141', 'HR@10': '0.2613', 'NDCG@10': '0.1426', 'HR@20': '0.3655', 'NDCG@20': '0.1690'}
2025-06-14 00:36:16,834 - EarlyStopping counter: 8 out of 10
2025-06-14 00:36:24,438 - {'epoch': 43, 'rec_loss': '4.4538'}
2025-06-14 00:36:28,880 - {'Epoch': 43, 'HR@5': '0.1740', 'NDCG@5': '0.1146', 'HR@10': '0.2605', 'NDCG@10': '0.1425', 'HR@20': '0.3640', 'NDCG@20': '0.1687'}
2025-06-14 00:36:28,881 - EarlyStopping counter: 9 out of 10
2025-06-14 00:36:36,392 - {'epoch': 44, 'rec_loss': '4.4588'}
2025-06-14 00:36:40,789 - {'Epoch': 44, 'HR@5': '0.1725', 'NDCG@5': '0.1133', 'HR@10': '0.2654', 'NDCG@10': '0.1432', 'HR@20': '0.3642', 'NDCG@20': '0.1682'}
2025-06-14 00:36:40,790 - EarlyStopping counter: 10 out of 10
2025-06-14 00:36:40,790 - Early stopping
2025-06-14 00:36:40,790 - ---------------Validation Score---------------
2025-06-14 00:36:45,166 - {'Epoch': 0, 'HR@5': '0.1764', 'NDCG@5': '0.1164', 'HR@10': '0.2658', 'NDCG@10': '0.1451', 'HR@20': '0.3647', 'NDCG@20': '0.1701'}
2025-06-14 00:36:45,170 - BSARec_Diginetica
2025-06-14 00:36:45,170 - {'Epoch': 0, 'HR@5': '0.1764', 'NDCG@5': '0.1164', 'HR@10': '0.2658', 'NDCG@10': '0.1451', 'HR@20': '0.3647', 'NDCG@20': '0.1701'}
