2025-06-13 21:57:37,574 - Namespace(data_dir='data/self_processed/', output_dir='hparam_search/', data_name='Diginetica', train_name='BSARec_Diginetica', num_items=10, num_users=14829, lr=0.001, batch_size=256, epochs=200, no_cuda=False, log_freq=1, patience=10, num_workers=4, seed=42, weight_decay=0.0, adam_beta1=0.9, adam_beta2=0.999, gpu_id='0', variance=5, model_type='BSARec', max_seq_length=50, hidden_size=64, num_hidden_layers=2, hidden_act='gelu', num_attention_heads=1, attention_probs_dropout_prob=0.5, hidden_dropout_prob=0.5, initializer_range=0.02, c=1, alpha=0.1, cuda_condition=True, data_file='data/self_processed/Diginetica.txt', item_size=9441, checkpoint_path=PosixPath('/gpfs/home3/scur2771/BSARec/BSARec/src/hparam_search/BSARec_Diginetica/12367504_1/model.pt'), same_target_path='data/self_processed/Diginetica_same_target.npy')
2025-06-13 21:57:37,593 - BSARecModel(
  (item_embeddings): Embedding(9441, 64, padding_idx=0)
  (position_embeddings): Embedding(50, 64)
  (LayerNorm): LayerNorm()
  (dropout): Dropout(p=0.5, inplace=False)
  (item_encoder): BSARecEncoder(
    (blocks): ModuleList(
      (0): BSARecBlock(
        (layer): BSARecLayer(
          (filter_layer): FrequencyLayer(
            (out_dropout): Dropout(p=0.5, inplace=False)
            (LayerNorm): LayerNorm()
          )
          (attention_layer): MultiHeadAttention(
            (query): Linear(in_features=64, out_features=64, bias=True)
            (key): Linear(in_features=64, out_features=64, bias=True)
            (value): Linear(in_features=64, out_features=64, bias=True)
            (softmax): Softmax(dim=-1)
            (attn_dropout): Dropout(p=0.5, inplace=False)
            (dense): Linear(in_features=64, out_features=64, bias=True)
            (LayerNorm): LayerNorm((64,), eps=1e-12, elementwise_affine=True)
            (out_dropout): Dropout(p=0.5, inplace=False)
          )
        )
        (feed_forward): FeedForward(
          (dense_1): Linear(in_features=64, out_features=256, bias=True)
          (dense_2): Linear(in_features=256, out_features=64, bias=True)
          (LayerNorm): LayerNorm()
          (dropout): Dropout(p=0.5, inplace=False)
        )
      )
      (1): BSARecBlock(
        (layer): BSARecLayer(
          (filter_layer): FrequencyLayer(
            (out_dropout): Dropout(p=0.5, inplace=False)
            (LayerNorm): LayerNorm()
          )
          (attention_layer): MultiHeadAttention(
            (query): Linear(in_features=64, out_features=64, bias=True)
            (key): Linear(in_features=64, out_features=64, bias=True)
            (value): Linear(in_features=64, out_features=64, bias=True)
            (softmax): Softmax(dim=-1)
            (attn_dropout): Dropout(p=0.5, inplace=False)
            (dense): Linear(in_features=64, out_features=64, bias=True)
            (LayerNorm): LayerNorm((64,), eps=1e-12, elementwise_affine=True)
            (out_dropout): Dropout(p=0.5, inplace=False)
          )
        )
        (feed_forward): FeedForward(
          (dense_1): Linear(in_features=64, out_features=256, bias=True)
          (dense_2): Linear(in_features=256, out_features=64, bias=True)
          (LayerNorm): LayerNorm()
          (dropout): Dropout(p=0.5, inplace=False)
        )
      )
    )
  )
)
2025-06-13 21:57:39,732 - Total Parameters: 707904
2025-06-13 21:57:48,553 - {'epoch': 0, 'rec_loss': '8.6608'}
2025-06-13 21:57:52,823 - {'Epoch': 0, 'HR@5': '0.0401', 'NDCG@5': '0.0268', 'HR@10': '0.0556', 'NDCG@10': '0.0318', 'HR@20': '0.0790', 'NDCG@20': '0.0377'}
2025-06-13 21:57:52,824 - Validation score increased.  Saving model ...
2025-06-13 21:58:00,393 - {'epoch': 1, 'rec_loss': '7.4400'}
2025-06-13 21:58:04,752 - {'Epoch': 1, 'HR@5': '0.1021', 'NDCG@5': '0.0672', 'HR@10': '0.1534', 'NDCG@10': '0.0837', 'HR@20': '0.2155', 'NDCG@20': '0.0994'}
2025-06-13 21:58:04,754 - Validation score increased.  Saving model ...
2025-06-13 21:58:12,302 - {'epoch': 2, 'rec_loss': '6.2043'}
2025-06-13 21:58:16,608 - {'Epoch': 2, 'HR@5': '0.1331', 'NDCG@5': '0.0884', 'HR@10': '0.2040', 'NDCG@10': '0.1112', 'HR@20': '0.2865', 'NDCG@20': '0.1320'}
2025-06-13 21:58:16,611 - Validation score increased.  Saving model ...
2025-06-13 21:58:24,176 - {'epoch': 3, 'rec_loss': '5.5270'}
2025-06-13 21:58:28,561 - {'Epoch': 3, 'HR@5': '0.1505', 'NDCG@5': '0.0991', 'HR@10': '0.2280', 'NDCG@10': '0.1240', 'HR@20': '0.3208', 'NDCG@20': '0.1474'}
2025-06-13 21:58:28,563 - Validation score increased.  Saving model ...
2025-06-13 21:58:36,143 - {'epoch': 4, 'rec_loss': '5.2045'}
2025-06-13 21:58:40,551 - {'Epoch': 4, 'HR@5': '0.1570', 'NDCG@5': '0.1029', 'HR@10': '0.2407', 'NDCG@10': '0.1299', 'HR@20': '0.3393', 'NDCG@20': '0.1548'}
2025-06-13 21:58:40,553 - Validation score increased.  Saving model ...
2025-06-13 21:58:48,081 - {'epoch': 5, 'rec_loss': '5.0535'}
2025-06-13 21:58:52,472 - {'Epoch': 5, 'HR@5': '0.1615', 'NDCG@5': '0.1055', 'HR@10': '0.2466', 'NDCG@10': '0.1329', 'HR@20': '0.3479', 'NDCG@20': '0.1585'}
2025-06-13 21:58:52,474 - Validation score increased.  Saving model ...
2025-06-13 21:59:00,040 - {'epoch': 6, 'rec_loss': '4.9576'}
2025-06-13 21:59:04,420 - {'Epoch': 6, 'HR@5': '0.1652', 'NDCG@5': '0.1076', 'HR@10': '0.2508', 'NDCG@10': '0.1352', 'HR@20': '0.3526', 'NDCG@20': '0.1608'}
2025-06-13 21:59:04,422 - Validation score increased.  Saving model ...
2025-06-13 21:59:12,095 - {'epoch': 7, 'rec_loss': '4.9043'}
2025-06-13 21:59:16,501 - {'Epoch': 7, 'HR@5': '0.1665', 'NDCG@5': '0.1085', 'HR@10': '0.2531', 'NDCG@10': '0.1363', 'HR@20': '0.3552', 'NDCG@20': '0.1620'}
2025-06-13 21:59:16,502 - Validation score increased.  Saving model ...
2025-06-13 21:59:24,052 - {'epoch': 8, 'rec_loss': '4.8618'}
2025-06-13 21:59:28,492 - {'Epoch': 8, 'HR@5': '0.1680', 'NDCG@5': '0.1098', 'HR@10': '0.2542', 'NDCG@10': '0.1376', 'HR@20': '0.3548', 'NDCG@20': '0.1631'}
2025-06-13 21:59:28,493 - Validation score increased.  Saving model ...
2025-06-13 21:59:36,089 - {'epoch': 9, 'rec_loss': '4.8262'}
2025-06-13 21:59:40,530 - {'Epoch': 9, 'HR@5': '0.1695', 'NDCG@5': '0.1103', 'HR@10': '0.2562', 'NDCG@10': '0.1382', 'HR@20': '0.3596', 'NDCG@20': '0.1643'}
2025-06-13 21:59:40,532 - Validation score increased.  Saving model ...
2025-06-13 21:59:48,104 - {'epoch': 10, 'rec_loss': '4.8047'}
2025-06-13 21:59:52,501 - {'Epoch': 10, 'HR@5': '0.1680', 'NDCG@5': '0.1101', 'HR@10': '0.2562', 'NDCG@10': '0.1385', 'HR@20': '0.3591', 'NDCG@20': '0.1645'}
2025-06-13 21:59:52,502 - Validation score increased.  Saving model ...
2025-06-13 22:00:00,088 - {'epoch': 11, 'rec_loss': '4.7784'}
2025-06-13 22:00:04,556 - {'Epoch': 11, 'HR@5': '0.1681', 'NDCG@5': '0.1100', 'HR@10': '0.2586', 'NDCG@10': '0.1392', 'HR@20': '0.3599', 'NDCG@20': '0.1647'}
2025-06-13 22:00:04,578 - Validation score increased.  Saving model ...
2025-06-13 22:00:12,217 - {'epoch': 12, 'rec_loss': '4.7539'}
2025-06-13 22:00:16,578 - {'Epoch': 12, 'HR@5': '0.1683', 'NDCG@5': '0.1100', 'HR@10': '0.2574', 'NDCG@10': '0.1387', 'HR@20': '0.3599', 'NDCG@20': '0.1645'}
2025-06-13 22:00:16,579 - EarlyStopping counter: 1 out of 10
2025-06-13 22:00:24,174 - {'epoch': 13, 'rec_loss': '4.7423'}
2025-06-13 22:00:28,543 - {'Epoch': 13, 'HR@5': '0.1681', 'NDCG@5': '0.1102', 'HR@10': '0.2584', 'NDCG@10': '0.1394', 'HR@20': '0.3606', 'NDCG@20': '0.1653'}
2025-06-13 22:00:28,545 - Validation score increased.  Saving model ...
2025-06-13 22:00:36,110 - {'epoch': 14, 'rec_loss': '4.7199'}
2025-06-13 22:00:40,470 - {'Epoch': 14, 'HR@5': '0.1699', 'NDCG@5': '0.1101', 'HR@10': '0.2565', 'NDCG@10': '0.1380', 'HR@20': '0.3595', 'NDCG@20': '0.1640'}
2025-06-13 22:00:40,472 - EarlyStopping counter: 1 out of 10
2025-06-13 22:00:48,098 - {'epoch': 15, 'rec_loss': '4.7094'}
2025-06-13 22:00:52,495 - {'Epoch': 15, 'HR@5': '0.1680', 'NDCG@5': '0.1109', 'HR@10': '0.2569', 'NDCG@10': '0.1395', 'HR@20': '0.3595', 'NDCG@20': '0.1654'}
2025-06-13 22:00:52,497 - Validation score increased.  Saving model ...
2025-06-13 22:01:00,079 - {'epoch': 16, 'rec_loss': '4.6968'}
2025-06-13 22:01:04,496 - {'Epoch': 16, 'HR@5': '0.1664', 'NDCG@5': '0.1088', 'HR@10': '0.2569', 'NDCG@10': '0.1380', 'HR@20': '0.3582', 'NDCG@20': '0.1635'}
2025-06-13 22:01:04,498 - EarlyStopping counter: 1 out of 10
2025-06-13 22:01:12,008 - {'epoch': 17, 'rec_loss': '4.6829'}
2025-06-13 22:01:16,361 - {'Epoch': 17, 'HR@5': '0.1717', 'NDCG@5': '0.1111', 'HR@10': '0.2571', 'NDCG@10': '0.1387', 'HR@20': '0.3605', 'NDCG@20': '0.1648'}
2025-06-13 22:01:16,362 - EarlyStopping counter: 2 out of 10
2025-06-13 22:01:23,864 - {'epoch': 18, 'rec_loss': '4.6691'}
2025-06-13 22:01:28,288 - {'Epoch': 18, 'HR@5': '0.1712', 'NDCG@5': '0.1123', 'HR@10': '0.2600', 'NDCG@10': '0.1410', 'HR@20': '0.3582', 'NDCG@20': '0.1658'}
2025-06-13 22:01:28,289 - Validation score increased.  Saving model ...
2025-06-13 22:01:35,861 - {'epoch': 19, 'rec_loss': '4.6611'}
2025-06-13 22:01:40,179 - {'Epoch': 19, 'HR@5': '0.1705', 'NDCG@5': '0.1113', 'HR@10': '0.2567', 'NDCG@10': '0.1391', 'HR@20': '0.3601', 'NDCG@20': '0.1652'}
2025-06-13 22:01:40,181 - EarlyStopping counter: 1 out of 10
2025-06-13 22:01:47,740 - {'epoch': 20, 'rec_loss': '4.6491'}
2025-06-13 22:01:52,133 - {'Epoch': 20, 'HR@5': '0.1718', 'NDCG@5': '0.1123', 'HR@10': '0.2594', 'NDCG@10': '0.1406', 'HR@20': '0.3605', 'NDCG@20': '0.1662'}
2025-06-13 22:01:52,134 - Validation score increased.  Saving model ...
2025-06-13 22:01:59,623 - {'epoch': 21, 'rec_loss': '4.6428'}
2025-06-13 22:02:04,084 - {'Epoch': 21, 'HR@5': '0.1699', 'NDCG@5': '0.1113', 'HR@10': '0.2601', 'NDCG@10': '0.1403', 'HR@20': '0.3619', 'NDCG@20': '0.1660'}
2025-06-13 22:02:04,086 - EarlyStopping counter: 1 out of 10
2025-06-13 22:02:11,629 - {'epoch': 22, 'rec_loss': '4.6333'}
2025-06-13 22:02:16,044 - {'Epoch': 22, 'HR@5': '0.1742', 'NDCG@5': '0.1137', 'HR@10': '0.2594', 'NDCG@10': '0.1411', 'HR@20': '0.3650', 'NDCG@20': '0.1678'}
2025-06-13 22:02:16,046 - Validation score increased.  Saving model ...
2025-06-13 22:02:23,594 - {'epoch': 23, 'rec_loss': '4.6224'}
2025-06-13 22:02:27,977 - {'Epoch': 23, 'HR@5': '0.1710', 'NDCG@5': '0.1116', 'HR@10': '0.2586', 'NDCG@10': '0.1398', 'HR@20': '0.3618', 'NDCG@20': '0.1658'}
2025-06-13 22:02:27,979 - EarlyStopping counter: 1 out of 10
2025-06-13 22:02:35,528 - {'epoch': 24, 'rec_loss': '4.6226'}
2025-06-13 22:02:39,830 - {'Epoch': 24, 'HR@5': '0.1708', 'NDCG@5': '0.1117', 'HR@10': '0.2596', 'NDCG@10': '0.1404', 'HR@20': '0.3616', 'NDCG@20': '0.1661'}
2025-06-13 22:02:39,831 - EarlyStopping counter: 2 out of 10
2025-06-13 22:02:47,403 - {'epoch': 25, 'rec_loss': '4.6069'}
2025-06-13 22:02:51,744 - {'Epoch': 25, 'HR@5': '0.1734', 'NDCG@5': '0.1136', 'HR@10': '0.2580', 'NDCG@10': '0.1409', 'HR@20': '0.3622', 'NDCG@20': '0.1672'}
2025-06-13 22:02:51,746 - EarlyStopping counter: 3 out of 10
2025-06-13 22:02:59,328 - {'epoch': 26, 'rec_loss': '4.6060'}
2025-06-13 22:03:03,726 - {'Epoch': 26, 'HR@5': '0.1708', 'NDCG@5': '0.1117', 'HR@10': '0.2600', 'NDCG@10': '0.1403', 'HR@20': '0.3599', 'NDCG@20': '0.1656'}
2025-06-13 22:03:03,728 - EarlyStopping counter: 4 out of 10
2025-06-13 22:03:11,340 - {'epoch': 27, 'rec_loss': '4.5973'}
2025-06-13 22:03:15,697 - {'Epoch': 27, 'HR@5': '0.1724', 'NDCG@5': '0.1134', 'HR@10': '0.2617', 'NDCG@10': '0.1422', 'HR@20': '0.3631', 'NDCG@20': '0.1677'}
2025-06-13 22:03:15,699 - EarlyStopping counter: 5 out of 10
2025-06-13 22:03:23,282 - {'epoch': 28, 'rec_loss': '4.5881'}
2025-06-13 22:03:27,647 - {'Epoch': 28, 'HR@5': '0.1719', 'NDCG@5': '0.1126', 'HR@10': '0.2603', 'NDCG@10': '0.1412', 'HR@20': '0.3638', 'NDCG@20': '0.1673'}
2025-06-13 22:03:27,648 - EarlyStopping counter: 6 out of 10
2025-06-13 22:03:35,289 - {'epoch': 29, 'rec_loss': '4.5772'}
2025-06-13 22:03:39,592 - {'Epoch': 29, 'HR@5': '0.1717', 'NDCG@5': '0.1129', 'HR@10': '0.2580', 'NDCG@10': '0.1407', 'HR@20': '0.3557', 'NDCG@20': '0.1653'}
2025-06-13 22:03:39,594 - EarlyStopping counter: 7 out of 10
2025-06-13 22:03:47,137 - {'epoch': 30, 'rec_loss': '4.5733'}
2025-06-13 22:03:51,433 - {'Epoch': 30, 'HR@5': '0.1716', 'NDCG@5': '0.1120', 'HR@10': '0.2585', 'NDCG@10': '0.1400', 'HR@20': '0.3629', 'NDCG@20': '0.1663'}
2025-06-13 22:03:51,435 - EarlyStopping counter: 8 out of 10
2025-06-13 22:03:58,930 - {'epoch': 31, 'rec_loss': '4.5656'}
2025-06-13 22:04:03,285 - {'Epoch': 31, 'HR@5': '0.1728', 'NDCG@5': '0.1136', 'HR@10': '0.2607', 'NDCG@10': '0.1420', 'HR@20': '0.3601', 'NDCG@20': '0.1672'}
2025-06-13 22:04:03,287 - EarlyStopping counter: 9 out of 10
2025-06-13 22:04:10,883 - {'epoch': 32, 'rec_loss': '4.5622'}
2025-06-13 22:04:15,179 - {'Epoch': 32, 'HR@5': '0.1714', 'NDCG@5': '0.1109', 'HR@10': '0.2612', 'NDCG@10': '0.1398', 'HR@20': '0.3613', 'NDCG@20': '0.1651'}
2025-06-13 22:04:15,180 - EarlyStopping counter: 10 out of 10
2025-06-13 22:04:15,181 - Early stopping
2025-06-13 22:04:15,181 - ---------------Validation Score---------------
2025-06-13 22:04:19,586 - {'Epoch': 0, 'HR@5': '0.1742', 'NDCG@5': '0.1137', 'HR@10': '0.2594', 'NDCG@10': '0.1411', 'HR@20': '0.3650', 'NDCG@20': '0.1678'}
2025-06-13 22:04:19,588 - BSARec_Diginetica
2025-06-13 22:04:19,588 - {'Epoch': 0, 'HR@5': '0.1742', 'NDCG@5': '0.1137', 'HR@10': '0.2594', 'NDCG@10': '0.1411', 'HR@20': '0.3650', 'NDCG@20': '0.1678'}
