2025-06-13 23:05:43,160 - Namespace(data_dir='data/self_processed/', output_dir='hparam_search/', data_name='Diginetica', train_name='BSARec_Diginetica', num_items=10, num_users=14829, lr=0.001, batch_size=256, epochs=200, no_cuda=False, log_freq=1, patience=10, num_workers=4, seed=42, weight_decay=0.0, adam_beta1=0.9, adam_beta2=0.999, gpu_id='0', variance=5, model_type='BSARec', max_seq_length=50, hidden_size=64, num_hidden_layers=2, hidden_act='gelu', num_attention_heads=2, attention_probs_dropout_prob=0.5, hidden_dropout_prob=0.5, initializer_range=0.02, c=3, alpha=0.1, cuda_condition=True, data_file='data/self_processed/Diginetica.txt', item_size=9441, checkpoint_path=PosixPath('/gpfs/home3/scur2771/BSARec/BSARec/src/hparam_search/BSARec_Diginetica/12367757_31/model.pt'), same_target_path='data/self_processed/Diginetica_same_target.npy')
2025-06-13 23:05:43,184 - BSARecModel(
  (item_embeddings): Embedding(9441, 64, padding_idx=0)
  (position_embeddings): Embedding(50, 64)
  (LayerNorm): LayerNorm()
  (dropout): Dropout(p=0.5, inplace=False)
  (item_encoder): BSARecEncoder(
    (blocks): ModuleList(
      (0): BSARecBlock(
        (layer): BSARecLayer(
          (filter_layer): FrequencyLayer(
            (out_dropout): Dropout(p=0.5, inplace=False)
            (LayerNorm): LayerNorm()
          )
          (attention_layer): MultiHeadAttention(
            (query): Linear(in_features=64, out_features=64, bias=True)
            (key): Linear(in_features=64, out_features=64, bias=True)
            (value): Linear(in_features=64, out_features=64, bias=True)
            (softmax): Softmax(dim=-1)
            (attn_dropout): Dropout(p=0.5, inplace=False)
            (dense): Linear(in_features=64, out_features=64, bias=True)
            (LayerNorm): LayerNorm((64,), eps=1e-12, elementwise_affine=True)
            (out_dropout): Dropout(p=0.5, inplace=False)
          )
        )
        (feed_forward): FeedForward(
          (dense_1): Linear(in_features=64, out_features=256, bias=True)
          (dense_2): Linear(in_features=256, out_features=64, bias=True)
          (LayerNorm): LayerNorm()
          (dropout): Dropout(p=0.5, inplace=False)
        )
      )
      (1): BSARecBlock(
        (layer): BSARecLayer(
          (filter_layer): FrequencyLayer(
            (out_dropout): Dropout(p=0.5, inplace=False)
            (LayerNorm): LayerNorm()
          )
          (attention_layer): MultiHeadAttention(
            (query): Linear(in_features=64, out_features=64, bias=True)
            (key): Linear(in_features=64, out_features=64, bias=True)
            (value): Linear(in_features=64, out_features=64, bias=True)
            (softmax): Softmax(dim=-1)
            (attn_dropout): Dropout(p=0.5, inplace=False)
            (dense): Linear(in_features=64, out_features=64, bias=True)
            (LayerNorm): LayerNorm((64,), eps=1e-12, elementwise_affine=True)
            (out_dropout): Dropout(p=0.5, inplace=False)
          )
        )
        (feed_forward): FeedForward(
          (dense_1): Linear(in_features=64, out_features=256, bias=True)
          (dense_2): Linear(in_features=256, out_features=64, bias=True)
          (LayerNorm): LayerNorm()
          (dropout): Dropout(p=0.5, inplace=False)
        )
      )
    )
  )
)
2025-06-13 23:05:46,293 - Total Parameters: 707904
2025-06-13 23:05:55,042 - {'epoch': 0, 'rec_loss': '8.6608'}
2025-06-13 23:05:59,322 - {'Epoch': 0, 'HR@5': '0.0386', 'NDCG@5': '0.0265', 'HR@10': '0.0548', 'NDCG@10': '0.0317', 'HR@20': '0.0747', 'NDCG@20': '0.0367'}
2025-06-13 23:05:59,323 - Validation score increased.  Saving model ...
2025-06-13 23:06:06,899 - {'epoch': 1, 'rec_loss': '7.4367'}
2025-06-13 23:06:11,152 - {'Epoch': 1, 'HR@5': '0.1028', 'NDCG@5': '0.0669', 'HR@10': '0.1549', 'NDCG@10': '0.0837', 'HR@20': '0.2177', 'NDCG@20': '0.0995'}
2025-06-13 23:06:11,154 - Validation score increased.  Saving model ...
2025-06-13 23:06:18,517 - {'epoch': 2, 'rec_loss': '6.1927'}
2025-06-13 23:06:22,823 - {'Epoch': 2, 'HR@5': '0.1368', 'NDCG@5': '0.0893', 'HR@10': '0.2049', 'NDCG@10': '0.1112', 'HR@20': '0.2864', 'NDCG@20': '0.1318'}
2025-06-13 23:06:22,825 - Validation score increased.  Saving model ...
2025-06-13 23:06:30,263 - {'epoch': 3, 'rec_loss': '5.5092'}
2025-06-13 23:06:34,590 - {'Epoch': 3, 'HR@5': '0.1528', 'NDCG@5': '0.1000', 'HR@10': '0.2279', 'NDCG@10': '0.1242', 'HR@20': '0.3205', 'NDCG@20': '0.1475'}
2025-06-13 23:06:34,593 - Validation score increased.  Saving model ...
2025-06-13 23:06:42,121 - {'epoch': 4, 'rec_loss': '5.1839'}
2025-06-13 23:06:46,548 - {'Epoch': 4, 'HR@5': '0.1569', 'NDCG@5': '0.1040', 'HR@10': '0.2402', 'NDCG@10': '0.1308', 'HR@20': '0.3369', 'NDCG@20': '0.1553'}
2025-06-13 23:06:46,550 - Validation score increased.  Saving model ...
2025-06-13 23:06:54,127 - {'epoch': 5, 'rec_loss': '5.0320'}
2025-06-13 23:06:58,494 - {'Epoch': 5, 'HR@5': '0.1623', 'NDCG@5': '0.1068', 'HR@10': '0.2478', 'NDCG@10': '0.1344', 'HR@20': '0.3463', 'NDCG@20': '0.1592'}
2025-06-13 23:06:58,496 - Validation score increased.  Saving model ...
2025-06-13 23:07:06,018 - {'epoch': 6, 'rec_loss': '4.9423'}
2025-06-13 23:07:10,423 - {'Epoch': 6, 'HR@5': '0.1648', 'NDCG@5': '0.1080', 'HR@10': '0.2509', 'NDCG@10': '0.1358', 'HR@20': '0.3525', 'NDCG@20': '0.1615'}
2025-06-13 23:07:10,424 - Validation score increased.  Saving model ...
2025-06-13 23:07:18,028 - {'epoch': 7, 'rec_loss': '4.8866'}
2025-06-13 23:07:22,453 - {'Epoch': 7, 'HR@5': '0.1650', 'NDCG@5': '0.1087', 'HR@10': '0.2545', 'NDCG@10': '0.1375', 'HR@20': '0.3548', 'NDCG@20': '0.1628'}
2025-06-13 23:07:22,455 - Validation score increased.  Saving model ...
2025-06-13 23:07:29,898 - {'epoch': 8, 'rec_loss': '4.8422'}
2025-06-13 23:07:34,286 - {'Epoch': 8, 'HR@5': '0.1685', 'NDCG@5': '0.1099', 'HR@10': '0.2540', 'NDCG@10': '0.1374', 'HR@20': '0.3579', 'NDCG@20': '0.1637'}
2025-06-13 23:07:34,287 - Validation score increased.  Saving model ...
2025-06-13 23:07:41,815 - {'epoch': 9, 'rec_loss': '4.8098'}
2025-06-13 23:07:46,216 - {'Epoch': 9, 'HR@5': '0.1699', 'NDCG@5': '0.1105', 'HR@10': '0.2549', 'NDCG@10': '0.1379', 'HR@20': '0.3587', 'NDCG@20': '0.1641'}
2025-06-13 23:07:46,218 - Validation score increased.  Saving model ...
2025-06-13 23:07:53,672 - {'epoch': 10, 'rec_loss': '4.7832'}
2025-06-13 23:07:58,088 - {'Epoch': 10, 'HR@5': '0.1672', 'NDCG@5': '0.1100', 'HR@10': '0.2555', 'NDCG@10': '0.1385', 'HR@20': '0.3612', 'NDCG@20': '0.1652'}
2025-06-13 23:07:58,090 - Validation score increased.  Saving model ...
2025-06-13 23:08:05,653 - {'epoch': 11, 'rec_loss': '4.7555'}
2025-06-13 23:08:10,064 - {'Epoch': 11, 'HR@5': '0.1684', 'NDCG@5': '0.1109', 'HR@10': '0.2561', 'NDCG@10': '0.1392', 'HR@20': '0.3578', 'NDCG@20': '0.1648'}
2025-06-13 23:08:10,065 - EarlyStopping counter: 1 out of 10
2025-06-13 23:08:17,571 - {'epoch': 12, 'rec_loss': '4.7348'}
2025-06-13 23:08:21,934 - {'Epoch': 12, 'HR@5': '0.1701', 'NDCG@5': '0.1113', 'HR@10': '0.2569', 'NDCG@10': '0.1392', 'HR@20': '0.3599', 'NDCG@20': '0.1653'}
2025-06-13 23:08:21,935 - Validation score increased.  Saving model ...
2025-06-13 23:08:29,392 - {'epoch': 13, 'rec_loss': '4.7224'}
2025-06-13 23:08:33,745 - {'Epoch': 13, 'HR@5': '0.1714', 'NDCG@5': '0.1121', 'HR@10': '0.2598', 'NDCG@10': '0.1406', 'HR@20': '0.3592', 'NDCG@20': '0.1657'}
2025-06-13 23:08:33,747 - Validation score increased.  Saving model ...
2025-06-13 23:08:41,267 - {'epoch': 14, 'rec_loss': '4.7024'}
2025-06-13 23:08:45,772 - {'Epoch': 14, 'HR@5': '0.1711', 'NDCG@5': '0.1122', 'HR@10': '0.2558', 'NDCG@10': '0.1394', 'HR@20': '0.3604', 'NDCG@20': '0.1659'}
2025-06-13 23:08:45,774 - Validation score increased.  Saving model ...
2025-06-13 23:08:53,283 - {'epoch': 15, 'rec_loss': '4.6923'}
2025-06-13 23:08:57,721 - {'Epoch': 15, 'HR@5': '0.1693', 'NDCG@5': '0.1116', 'HR@10': '0.2589', 'NDCG@10': '0.1403', 'HR@20': '0.3604', 'NDCG@20': '0.1661'}
2025-06-13 23:08:57,723 - Validation score increased.  Saving model ...
2025-06-13 23:09:05,255 - {'epoch': 16, 'rec_loss': '4.6724'}
2025-06-13 23:09:09,634 - {'Epoch': 16, 'HR@5': '0.1679', 'NDCG@5': '0.1101', 'HR@10': '0.2577', 'NDCG@10': '0.1389', 'HR@20': '0.3577', 'NDCG@20': '0.1642'}
2025-06-13 23:09:09,635 - EarlyStopping counter: 1 out of 10
2025-06-13 23:09:17,094 - {'epoch': 17, 'rec_loss': '4.6611'}
2025-06-13 23:09:21,484 - {'Epoch': 17, 'HR@5': '0.1684', 'NDCG@5': '0.1104', 'HR@10': '0.2600', 'NDCG@10': '0.1400', 'HR@20': '0.3604', 'NDCG@20': '0.1654'}
2025-06-13 23:09:21,486 - EarlyStopping counter: 2 out of 10
2025-06-13 23:09:28,889 - {'epoch': 18, 'rec_loss': '4.6514'}
2025-06-13 23:09:33,314 - {'Epoch': 18, 'HR@5': '0.1715', 'NDCG@5': '0.1124', 'HR@10': '0.2586', 'NDCG@10': '0.1404', 'HR@20': '0.3596', 'NDCG@20': '0.1660'}
2025-06-13 23:09:33,316 - EarlyStopping counter: 3 out of 10
2025-06-13 23:09:40,788 - {'epoch': 19, 'rec_loss': '4.6400'}
2025-06-13 23:09:45,160 - {'Epoch': 19, 'HR@5': '0.1689', 'NDCG@5': '0.1104', 'HR@10': '0.2567', 'NDCG@10': '0.1387', 'HR@20': '0.3586', 'NDCG@20': '0.1646'}
2025-06-13 23:09:45,162 - EarlyStopping counter: 4 out of 10
2025-06-13 23:09:52,618 - {'epoch': 20, 'rec_loss': '4.6286'}
2025-06-13 23:09:57,018 - {'Epoch': 20, 'HR@5': '0.1716', 'NDCG@5': '0.1117', 'HR@10': '0.2600', 'NDCG@10': '0.1402', 'HR@20': '0.3612', 'NDCG@20': '0.1658'}
2025-06-13 23:09:57,019 - EarlyStopping counter: 5 out of 10
2025-06-13 23:10:04,410 - {'epoch': 21, 'rec_loss': '4.6221'}
2025-06-13 23:10:08,829 - {'Epoch': 21, 'HR@5': '0.1743', 'NDCG@5': '0.1128', 'HR@10': '0.2609', 'NDCG@10': '0.1406', 'HR@20': '0.3591', 'NDCG@20': '0.1655'}
2025-06-13 23:10:08,831 - EarlyStopping counter: 6 out of 10
2025-06-13 23:10:16,206 - {'epoch': 22, 'rec_loss': '4.6169'}
2025-06-13 23:10:20,625 - {'Epoch': 22, 'HR@5': '0.1722', 'NDCG@5': '0.1135', 'HR@10': '0.2602', 'NDCG@10': '0.1418', 'HR@20': '0.3604', 'NDCG@20': '0.1672'}
2025-06-13 23:10:20,627 - Validation score increased.  Saving model ...
2025-06-13 23:10:28,036 - {'epoch': 23, 'rec_loss': '4.6030'}
2025-06-13 23:10:32,470 - {'Epoch': 23, 'HR@5': '0.1704', 'NDCG@5': '0.1106', 'HR@10': '0.2571', 'NDCG@10': '0.1384', 'HR@20': '0.3603', 'NDCG@20': '0.1645'}
2025-06-13 23:10:32,472 - EarlyStopping counter: 1 out of 10
2025-06-13 23:10:39,914 - {'epoch': 24, 'rec_loss': '4.5974'}
2025-06-13 23:10:44,353 - {'Epoch': 24, 'HR@5': '0.1702', 'NDCG@5': '0.1114', 'HR@10': '0.2592', 'NDCG@10': '0.1401', 'HR@20': '0.3609', 'NDCG@20': '0.1659'}
2025-06-13 23:10:44,355 - EarlyStopping counter: 2 out of 10
2025-06-13 23:10:51,824 - {'epoch': 25, 'rec_loss': '4.5855'}
2025-06-13 23:10:56,216 - {'Epoch': 25, 'HR@5': '0.1750', 'NDCG@5': '0.1149', 'HR@10': '0.2586', 'NDCG@10': '0.1419', 'HR@20': '0.3594', 'NDCG@20': '0.1674'}
2025-06-13 23:10:56,217 - Validation score increased.  Saving model ...
2025-06-13 23:11:03,604 - {'epoch': 26, 'rec_loss': '4.5815'}
2025-06-13 23:11:07,978 - {'Epoch': 26, 'HR@5': '0.1710', 'NDCG@5': '0.1127', 'HR@10': '0.2578', 'NDCG@10': '0.1407', 'HR@20': '0.3597', 'NDCG@20': '0.1665'}
2025-06-13 23:11:07,980 - EarlyStopping counter: 1 out of 10
2025-06-13 23:11:15,505 - {'epoch': 27, 'rec_loss': '4.5773'}
2025-06-13 23:11:19,914 - {'Epoch': 27, 'HR@5': '0.1718', 'NDCG@5': '0.1119', 'HR@10': '0.2587', 'NDCG@10': '0.1399', 'HR@20': '0.3616', 'NDCG@20': '0.1659'}
2025-06-13 23:11:19,915 - EarlyStopping counter: 2 out of 10
2025-06-13 23:11:27,389 - {'epoch': 28, 'rec_loss': '4.5680'}
2025-06-13 23:11:31,794 - {'Epoch': 28, 'HR@5': '0.1745', 'NDCG@5': '0.1146', 'HR@10': '0.2619', 'NDCG@10': '0.1427', 'HR@20': '0.3625', 'NDCG@20': '0.1680'}
2025-06-13 23:11:31,797 - Validation score increased.  Saving model ...
2025-06-13 23:11:39,284 - {'epoch': 29, 'rec_loss': '4.5641'}
2025-06-13 23:11:43,659 - {'Epoch': 29, 'HR@5': '0.1702', 'NDCG@5': '0.1123', 'HR@10': '0.2567', 'NDCG@10': '0.1401', 'HR@20': '0.3580', 'NDCG@20': '0.1657'}
2025-06-13 23:11:43,661 - EarlyStopping counter: 1 out of 10
2025-06-13 23:11:51,032 - {'epoch': 30, 'rec_loss': '4.5598'}
2025-06-13 23:11:55,417 - {'Epoch': 30, 'HR@5': '0.1714', 'NDCG@5': '0.1122', 'HR@10': '0.2582', 'NDCG@10': '0.1402', 'HR@20': '0.3627', 'NDCG@20': '0.1666'}
2025-06-13 23:11:55,419 - EarlyStopping counter: 2 out of 10
2025-06-13 23:12:02,845 - {'epoch': 31, 'rec_loss': '4.5485'}
2025-06-13 23:12:07,260 - {'Epoch': 31, 'HR@5': '0.1720', 'NDCG@5': '0.1123', 'HR@10': '0.2619', 'NDCG@10': '0.1413', 'HR@20': '0.3624', 'NDCG@20': '0.1666'}
2025-06-13 23:12:07,261 - EarlyStopping counter: 3 out of 10
2025-06-13 23:12:14,775 - {'epoch': 32, 'rec_loss': '4.5422'}
2025-06-13 23:12:19,211 - {'Epoch': 32, 'HR@5': '0.1718', 'NDCG@5': '0.1122', 'HR@10': '0.2598', 'NDCG@10': '0.1405', 'HR@20': '0.3613', 'NDCG@20': '0.1662'}
2025-06-13 23:12:19,213 - EarlyStopping counter: 4 out of 10
2025-06-13 23:12:26,693 - {'epoch': 33, 'rec_loss': '4.5360'}
2025-06-13 23:12:31,156 - {'Epoch': 33, 'HR@5': '0.1691', 'NDCG@5': '0.1118', 'HR@10': '0.2594', 'NDCG@10': '0.1409', 'HR@20': '0.3606', 'NDCG@20': '0.1666'}
2025-06-13 23:12:31,157 - EarlyStopping counter: 5 out of 10
2025-06-13 23:12:38,566 - {'epoch': 34, 'rec_loss': '4.5354'}
2025-06-13 23:12:42,997 - {'Epoch': 34, 'HR@5': '0.1753', 'NDCG@5': '0.1141', 'HR@10': '0.2607', 'NDCG@10': '0.1416', 'HR@20': '0.3585', 'NDCG@20': '0.1663'}
2025-06-13 23:12:43,000 - EarlyStopping counter: 6 out of 10
2025-06-13 23:12:50,331 - {'epoch': 35, 'rec_loss': '4.5304'}
2025-06-13 23:12:54,694 - {'Epoch': 35, 'HR@5': '0.1712', 'NDCG@5': '0.1121', 'HR@10': '0.2582', 'NDCG@10': '0.1401', 'HR@20': '0.3589', 'NDCG@20': '0.1656'}
2025-06-13 23:12:54,695 - EarlyStopping counter: 7 out of 10
2025-06-13 23:13:02,171 - {'epoch': 36, 'rec_loss': '4.5165'}
2025-06-13 23:13:06,530 - {'Epoch': 36, 'HR@5': '0.1731', 'NDCG@5': '0.1136', 'HR@10': '0.2589', 'NDCG@10': '0.1412', 'HR@20': '0.3616', 'NDCG@20': '0.1671'}
2025-06-13 23:13:06,532 - EarlyStopping counter: 8 out of 10
2025-06-13 23:13:13,997 - {'epoch': 37, 'rec_loss': '4.5171'}
2025-06-13 23:13:18,422 - {'Epoch': 37, 'HR@5': '0.1717', 'NDCG@5': '0.1118', 'HR@10': '0.2591', 'NDCG@10': '0.1400', 'HR@20': '0.3614', 'NDCG@20': '0.1659'}
2025-06-13 23:13:18,424 - EarlyStopping counter: 9 out of 10
2025-06-13 23:13:25,879 - {'epoch': 38, 'rec_loss': '4.5143'}
2025-06-13 23:13:30,278 - {'Epoch': 38, 'HR@5': '0.1710', 'NDCG@5': '0.1122', 'HR@10': '0.2587', 'NDCG@10': '0.1405', 'HR@20': '0.3613', 'NDCG@20': '0.1665'}
2025-06-13 23:13:30,280 - EarlyStopping counter: 10 out of 10
2025-06-13 23:13:30,280 - Early stopping
2025-06-13 23:13:30,280 - ---------------Validation Score---------------
2025-06-13 23:13:34,706 - {'Epoch': 0, 'HR@5': '0.1745', 'NDCG@5': '0.1146', 'HR@10': '0.2619', 'NDCG@10': '0.1427', 'HR@20': '0.3625', 'NDCG@20': '0.1680'}
2025-06-13 23:13:34,707 - BSARec_Diginetica
2025-06-13 23:13:34,708 - {'Epoch': 0, 'HR@5': '0.1745', 'NDCG@5': '0.1146', 'HR@10': '0.2619', 'NDCG@10': '0.1427', 'HR@20': '0.3625', 'NDCG@20': '0.1680'}
