2025-06-13 23:06:20,016 - Namespace(data_dir='data/self_processed/', output_dir='hparam_search/', data_name='Diginetica', train_name='BSARec_Diginetica', num_items=10, num_users=14829, lr=0.001, batch_size=256, epochs=200, no_cuda=False, log_freq=1, patience=10, num_workers=4, seed=42, weight_decay=0.0, adam_beta1=0.9, adam_beta2=0.999, gpu_id='0', variance=5, model_type='BSARec', max_seq_length=50, hidden_size=64, num_hidden_layers=2, hidden_act='gelu', num_attention_heads=2, attention_probs_dropout_prob=0.5, hidden_dropout_prob=0.5, initializer_range=0.02, c=3, alpha=0.5, cuda_condition=True, data_file='data/self_processed/Diginetica.txt', item_size=9441, checkpoint_path=PosixPath('/gpfs/home3/scur2771/BSARec/BSARec/src/hparam_search/BSARec_Diginetica/12367757_33/model.pt'), same_target_path='data/self_processed/Diginetica_same_target.npy')
2025-06-13 23:06:20,034 - BSARecModel(
  (item_embeddings): Embedding(9441, 64, padding_idx=0)
  (position_embeddings): Embedding(50, 64)
  (LayerNorm): LayerNorm()
  (dropout): Dropout(p=0.5, inplace=False)
  (item_encoder): BSARecEncoder(
    (blocks): ModuleList(
      (0): BSARecBlock(
        (layer): BSARecLayer(
          (filter_layer): FrequencyLayer(
            (out_dropout): Dropout(p=0.5, inplace=False)
            (LayerNorm): LayerNorm()
          )
          (attention_layer): MultiHeadAttention(
            (query): Linear(in_features=64, out_features=64, bias=True)
            (key): Linear(in_features=64, out_features=64, bias=True)
            (value): Linear(in_features=64, out_features=64, bias=True)
            (softmax): Softmax(dim=-1)
            (attn_dropout): Dropout(p=0.5, inplace=False)
            (dense): Linear(in_features=64, out_features=64, bias=True)
            (LayerNorm): LayerNorm((64,), eps=1e-12, elementwise_affine=True)
            (out_dropout): Dropout(p=0.5, inplace=False)
          )
        )
        (feed_forward): FeedForward(
          (dense_1): Linear(in_features=64, out_features=256, bias=True)
          (dense_2): Linear(in_features=256, out_features=64, bias=True)
          (LayerNorm): LayerNorm()
          (dropout): Dropout(p=0.5, inplace=False)
        )
      )
      (1): BSARecBlock(
        (layer): BSARecLayer(
          (filter_layer): FrequencyLayer(
            (out_dropout): Dropout(p=0.5, inplace=False)
            (LayerNorm): LayerNorm()
          )
          (attention_layer): MultiHeadAttention(
            (query): Linear(in_features=64, out_features=64, bias=True)
            (key): Linear(in_features=64, out_features=64, bias=True)
            (value): Linear(in_features=64, out_features=64, bias=True)
            (softmax): Softmax(dim=-1)
            (attn_dropout): Dropout(p=0.5, inplace=False)
            (dense): Linear(in_features=64, out_features=64, bias=True)
            (LayerNorm): LayerNorm((64,), eps=1e-12, elementwise_affine=True)
            (out_dropout): Dropout(p=0.5, inplace=False)
          )
        )
        (feed_forward): FeedForward(
          (dense_1): Linear(in_features=64, out_features=256, bias=True)
          (dense_2): Linear(in_features=256, out_features=64, bias=True)
          (LayerNorm): LayerNorm()
          (dropout): Dropout(p=0.5, inplace=False)
        )
      )
    )
  )
)
2025-06-13 23:06:22,206 - Total Parameters: 707904
2025-06-13 23:06:30,895 - {'epoch': 0, 'rec_loss': '8.6847'}
2025-06-13 23:06:35,052 - {'Epoch': 0, 'HR@5': '0.0297', 'NDCG@5': '0.0203', 'HR@10': '0.0424', 'NDCG@10': '0.0244', 'HR@20': '0.0598', 'NDCG@20': '0.0288'}
2025-06-13 23:06:35,054 - Validation score increased.  Saving model ...
2025-06-13 23:06:42,627 - {'epoch': 1, 'rec_loss': '7.5501'}
2025-06-13 23:06:46,867 - {'Epoch': 1, 'HR@5': '0.0962', 'NDCG@5': '0.0627', 'HR@10': '0.1448', 'NDCG@10': '0.0783', 'HR@20': '0.2043', 'NDCG@20': '0.0934'}
2025-06-13 23:06:46,870 - Validation score increased.  Saving model ...
2025-06-13 23:06:54,413 - {'epoch': 2, 'rec_loss': '6.2791'}
2025-06-13 23:06:58,780 - {'Epoch': 2, 'HR@5': '0.1314', 'NDCG@5': '0.0867', 'HR@10': '0.2000', 'NDCG@10': '0.1087', 'HR@20': '0.2784', 'NDCG@20': '0.1285'}
2025-06-13 23:06:58,782 - Validation score increased.  Saving model ...
2025-06-13 23:07:06,292 - {'epoch': 3, 'rec_loss': '5.5461'}
2025-06-13 23:07:10,581 - {'Epoch': 3, 'HR@5': '0.1508', 'NDCG@5': '0.0988', 'HR@10': '0.2265', 'NDCG@10': '0.1232', 'HR@20': '0.3224', 'NDCG@20': '0.1473'}
2025-06-13 23:07:10,583 - Validation score increased.  Saving model ...
2025-06-13 23:07:18,060 - {'epoch': 4, 'rec_loss': '5.1907'}
2025-06-13 23:07:22,456 - {'Epoch': 4, 'HR@5': '0.1554', 'NDCG@5': '0.1022', 'HR@10': '0.2406', 'NDCG@10': '0.1296', 'HR@20': '0.3396', 'NDCG@20': '0.1545'}
2025-06-13 23:07:22,458 - Validation score increased.  Saving model ...
2025-06-13 23:07:29,869 - {'epoch': 5, 'rec_loss': '5.0247'}
2025-06-13 23:07:34,206 - {'Epoch': 5, 'HR@5': '0.1629', 'NDCG@5': '0.1068', 'HR@10': '0.2468', 'NDCG@10': '0.1337', 'HR@20': '0.3460', 'NDCG@20': '0.1588'}
2025-06-13 23:07:34,208 - Validation score increased.  Saving model ...
2025-06-13 23:07:41,902 - {'epoch': 6, 'rec_loss': '4.9270'}
2025-06-13 23:07:46,210 - {'Epoch': 6, 'HR@5': '0.1677', 'NDCG@5': '0.1094', 'HR@10': '0.2511', 'NDCG@10': '0.1363', 'HR@20': '0.3524', 'NDCG@20': '0.1619'}
2025-06-13 23:07:46,212 - Validation score increased.  Saving model ...
2025-06-13 23:07:53,811 - {'epoch': 7, 'rec_loss': '4.8647'}
2025-06-13 23:07:58,261 - {'Epoch': 7, 'HR@5': '0.1660', 'NDCG@5': '0.1089', 'HR@10': '0.2552', 'NDCG@10': '0.1376', 'HR@20': '0.3541', 'NDCG@20': '0.1627'}
2025-06-13 23:07:58,263 - Validation score increased.  Saving model ...
2025-06-13 23:08:05,831 - {'epoch': 8, 'rec_loss': '4.8248'}
2025-06-13 23:08:10,224 - {'Epoch': 8, 'HR@5': '0.1683', 'NDCG@5': '0.1097', 'HR@10': '0.2553', 'NDCG@10': '0.1376', 'HR@20': '0.3576', 'NDCG@20': '0.1635'}
2025-06-13 23:08:10,227 - Validation score increased.  Saving model ...
2025-06-13 23:08:17,851 - {'epoch': 9, 'rec_loss': '4.7868'}
2025-06-13 23:08:22,164 - {'Epoch': 9, 'HR@5': '0.1705', 'NDCG@5': '0.1114', 'HR@10': '0.2567', 'NDCG@10': '0.1391', 'HR@20': '0.3580', 'NDCG@20': '0.1647'}
2025-06-13 23:08:22,166 - Validation score increased.  Saving model ...
2025-06-13 23:08:29,654 - {'epoch': 10, 'rec_loss': '4.7582'}
2025-06-13 23:08:34,122 - {'Epoch': 10, 'HR@5': '0.1678', 'NDCG@5': '0.1101', 'HR@10': '0.2558', 'NDCG@10': '0.1385', 'HR@20': '0.3595', 'NDCG@20': '0.1648'}
2025-06-13 23:08:34,124 - Validation score increased.  Saving model ...
2025-06-13 23:08:41,601 - {'epoch': 11, 'rec_loss': '4.7297'}
2025-06-13 23:08:45,935 - {'Epoch': 11, 'HR@5': '0.1691', 'NDCG@5': '0.1110', 'HR@10': '0.2555', 'NDCG@10': '0.1388', 'HR@20': '0.3576', 'NDCG@20': '0.1646'}
2025-06-13 23:08:45,936 - EarlyStopping counter: 1 out of 10
2025-06-13 23:08:53,598 - {'epoch': 12, 'rec_loss': '4.7052'}
2025-06-13 23:08:57,891 - {'Epoch': 12, 'HR@5': '0.1686', 'NDCG@5': '0.1114', 'HR@10': '0.2586', 'NDCG@10': '0.1403', 'HR@20': '0.3600', 'NDCG@20': '0.1659'}
2025-06-13 23:08:57,892 - Validation score increased.  Saving model ...
2025-06-13 23:09:05,505 - {'epoch': 13, 'rec_loss': '4.6953'}
2025-06-13 23:09:09,943 - {'Epoch': 13, 'HR@5': '0.1690', 'NDCG@5': '0.1111', 'HR@10': '0.2599', 'NDCG@10': '0.1403', 'HR@20': '0.3588', 'NDCG@20': '0.1654'}
2025-06-13 23:09:09,945 - EarlyStopping counter: 1 out of 10
2025-06-13 23:09:17,501 - {'epoch': 14, 'rec_loss': '4.6710'}
2025-06-13 23:09:21,920 - {'Epoch': 14, 'HR@5': '0.1706', 'NDCG@5': '0.1121', 'HR@10': '0.2574', 'NDCG@10': '0.1401', 'HR@20': '0.3591', 'NDCG@20': '0.1658'}
2025-06-13 23:09:21,922 - EarlyStopping counter: 2 out of 10
2025-06-13 23:09:29,425 - {'epoch': 15, 'rec_loss': '4.6620'}
2025-06-13 23:09:33,766 - {'Epoch': 15, 'HR@5': '0.1720', 'NDCG@5': '0.1127', 'HR@10': '0.2590', 'NDCG@10': '0.1407', 'HR@20': '0.3609', 'NDCG@20': '0.1664'}
2025-06-13 23:09:33,768 - Validation score increased.  Saving model ...
2025-06-13 23:09:41,342 - {'epoch': 16, 'rec_loss': '4.6426'}
2025-06-13 23:09:45,659 - {'Epoch': 16, 'HR@5': '0.1688', 'NDCG@5': '0.1113', 'HR@10': '0.2549', 'NDCG@10': '0.1390', 'HR@20': '0.3614', 'NDCG@20': '0.1660'}
2025-06-13 23:09:45,661 - EarlyStopping counter: 1 out of 10
2025-06-13 23:09:53,220 - {'epoch': 17, 'rec_loss': '4.6306'}
2025-06-13 23:09:57,559 - {'Epoch': 17, 'HR@5': '0.1723', 'NDCG@5': '0.1120', 'HR@10': '0.2592', 'NDCG@10': '0.1400', 'HR@20': '0.3601', 'NDCG@20': '0.1655'}
2025-06-13 23:09:57,561 - EarlyStopping counter: 2 out of 10
2025-06-13 23:10:05,136 - {'epoch': 18, 'rec_loss': '4.6154'}
2025-06-13 23:10:09,530 - {'Epoch': 18, 'HR@5': '0.1717', 'NDCG@5': '0.1130', 'HR@10': '0.2603', 'NDCG@10': '0.1414', 'HR@20': '0.3596', 'NDCG@20': '0.1665'}
2025-06-13 23:10:09,532 - Validation score increased.  Saving model ...
2025-06-13 23:10:17,122 - {'epoch': 19, 'rec_loss': '4.6065'}
2025-06-13 23:10:21,447 - {'Epoch': 19, 'HR@5': '0.1712', 'NDCG@5': '0.1116', 'HR@10': '0.2587', 'NDCG@10': '0.1397', 'HR@20': '0.3578', 'NDCG@20': '0.1647'}
2025-06-13 23:10:21,449 - EarlyStopping counter: 1 out of 10
2025-06-13 23:10:28,923 - {'epoch': 20, 'rec_loss': '4.5912'}
2025-06-13 23:10:33,224 - {'Epoch': 20, 'HR@5': '0.1727', 'NDCG@5': '0.1133', 'HR@10': '0.2606', 'NDCG@10': '0.1415', 'HR@20': '0.3626', 'NDCG@20': '0.1673'}
2025-06-13 23:10:33,226 - Validation score increased.  Saving model ...
2025-06-13 23:10:40,736 - {'epoch': 21, 'rec_loss': '4.5834'}
2025-06-13 23:10:45,130 - {'Epoch': 21, 'HR@5': '0.1728', 'NDCG@5': '0.1132', 'HR@10': '0.2603', 'NDCG@10': '0.1413', 'HR@20': '0.3622', 'NDCG@20': '0.1671'}
2025-06-13 23:10:45,132 - EarlyStopping counter: 1 out of 10
2025-06-13 23:10:52,678 - {'epoch': 22, 'rec_loss': '4.5783'}
2025-06-13 23:10:57,057 - {'Epoch': 22, 'HR@5': '0.1718', 'NDCG@5': '0.1135', 'HR@10': '0.2619', 'NDCG@10': '0.1425', 'HR@20': '0.3628', 'NDCG@20': '0.1680'}
2025-06-13 23:10:57,058 - Validation score increased.  Saving model ...
2025-06-13 23:11:04,523 - {'epoch': 23, 'rec_loss': '4.5651'}
2025-06-13 23:11:08,892 - {'Epoch': 23, 'HR@5': '0.1721', 'NDCG@5': '0.1121', 'HR@10': '0.2596', 'NDCG@10': '0.1402', 'HR@20': '0.3605', 'NDCG@20': '0.1657'}
2025-06-13 23:11:08,894 - EarlyStopping counter: 1 out of 10
2025-06-13 23:11:16,369 - {'epoch': 24, 'rec_loss': '4.5591'}
2025-06-13 23:11:20,708 - {'Epoch': 24, 'HR@5': '0.1705', 'NDCG@5': '0.1115', 'HR@10': '0.2609', 'NDCG@10': '0.1407', 'HR@20': '0.3599', 'NDCG@20': '0.1657'}
2025-06-13 23:11:20,709 - EarlyStopping counter: 2 out of 10
2025-06-13 23:11:28,125 - {'epoch': 25, 'rec_loss': '4.5465'}
2025-06-13 23:11:32,487 - {'Epoch': 25, 'HR@5': '0.1756', 'NDCG@5': '0.1160', 'HR@10': '0.2622', 'NDCG@10': '0.1439', 'HR@20': '0.3606', 'NDCG@20': '0.1687'}
2025-06-13 23:11:32,490 - Validation score increased.  Saving model ...
2025-06-13 23:11:39,981 - {'epoch': 26, 'rec_loss': '4.5405'}
2025-06-13 23:11:44,251 - {'Epoch': 26, 'HR@5': '0.1725', 'NDCG@5': '0.1133', 'HR@10': '0.2594', 'NDCG@10': '0.1413', 'HR@20': '0.3601', 'NDCG@20': '0.1667'}
2025-06-13 23:11:44,254 - EarlyStopping counter: 1 out of 10
2025-06-13 23:11:51,681 - {'epoch': 27, 'rec_loss': '4.5378'}
2025-06-13 23:11:55,977 - {'Epoch': 27, 'HR@5': '0.1718', 'NDCG@5': '0.1131', 'HR@10': '0.2590', 'NDCG@10': '0.1412', 'HR@20': '0.3596', 'NDCG@20': '0.1667'}
2025-06-13 23:11:55,979 - EarlyStopping counter: 2 out of 10
2025-06-13 23:12:03,470 - {'epoch': 28, 'rec_loss': '4.5210'}
2025-06-13 23:12:07,792 - {'Epoch': 28, 'HR@5': '0.1741', 'NDCG@5': '0.1153', 'HR@10': '0.2593', 'NDCG@10': '0.1428', 'HR@20': '0.3611', 'NDCG@20': '0.1686'}
2025-06-13 23:12:07,794 - EarlyStopping counter: 3 out of 10
2025-06-13 23:12:15,419 - {'epoch': 29, 'rec_loss': '4.5186'}
2025-06-13 23:12:19,799 - {'Epoch': 29, 'HR@5': '0.1707', 'NDCG@5': '0.1136', 'HR@10': '0.2554', 'NDCG@10': '0.1409', 'HR@20': '0.3576', 'NDCG@20': '0.1667'}
2025-06-13 23:12:19,801 - EarlyStopping counter: 4 out of 10
2025-06-13 23:12:27,344 - {'epoch': 30, 'rec_loss': '4.5127'}
2025-06-13 23:12:31,701 - {'Epoch': 30, 'HR@5': '0.1722', 'NDCG@5': '0.1128', 'HR@10': '0.2565', 'NDCG@10': '0.1401', 'HR@20': '0.3619', 'NDCG@20': '0.1667'}
2025-06-13 23:12:31,703 - EarlyStopping counter: 5 out of 10
2025-06-13 23:12:39,189 - {'epoch': 31, 'rec_loss': '4.5041'}
2025-06-13 23:12:43,514 - {'Epoch': 31, 'HR@5': '0.1718', 'NDCG@5': '0.1133', 'HR@10': '0.2592', 'NDCG@10': '0.1415', 'HR@20': '0.3603', 'NDCG@20': '0.1671'}
2025-06-13 23:12:43,516 - EarlyStopping counter: 6 out of 10
2025-06-13 23:12:51,085 - {'epoch': 32, 'rec_loss': '4.4976'}
2025-06-13 23:12:55,486 - {'Epoch': 32, 'HR@5': '0.1714', 'NDCG@5': '0.1120', 'HR@10': '0.2593', 'NDCG@10': '0.1404', 'HR@20': '0.3639', 'NDCG@20': '0.1667'}
2025-06-13 23:12:55,488 - EarlyStopping counter: 7 out of 10
2025-06-13 23:13:03,153 - {'epoch': 33, 'rec_loss': '4.4913'}
2025-06-13 23:13:07,551 - {'Epoch': 33, 'HR@5': '0.1700', 'NDCG@5': '0.1123', 'HR@10': '0.2611', 'NDCG@10': '0.1417', 'HR@20': '0.3626', 'NDCG@20': '0.1673'}
2025-06-13 23:13:07,552 - EarlyStopping counter: 8 out of 10
2025-06-13 23:13:15,106 - {'epoch': 34, 'rec_loss': '4.4862'}
2025-06-13 23:13:19,455 - {'Epoch': 34, 'HR@5': '0.1741', 'NDCG@5': '0.1149', 'HR@10': '0.2620', 'NDCG@10': '0.1433', 'HR@20': '0.3598', 'NDCG@20': '0.1680'}
2025-06-13 23:13:19,456 - EarlyStopping counter: 9 out of 10
2025-06-13 23:13:26,899 - {'epoch': 35, 'rec_loss': '4.4832'}
2025-06-13 23:13:31,222 - {'Epoch': 35, 'HR@5': '0.1710', 'NDCG@5': '0.1121', 'HR@10': '0.2599', 'NDCG@10': '0.1408', 'HR@20': '0.3603', 'NDCG@20': '0.1661'}
2025-06-13 23:13:31,225 - EarlyStopping counter: 10 out of 10
2025-06-13 23:13:31,225 - Early stopping
2025-06-13 23:13:31,225 - ---------------Validation Score---------------
2025-06-13 23:13:35,512 - {'Epoch': 0, 'HR@5': '0.1756', 'NDCG@5': '0.1160', 'HR@10': '0.2622', 'NDCG@10': '0.1439', 'HR@20': '0.3606', 'NDCG@20': '0.1687'}
2025-06-13 23:13:35,513 - BSARec_Diginetica
2025-06-13 23:13:35,513 - {'Epoch': 0, 'HR@5': '0.1756', 'NDCG@5': '0.1160', 'HR@10': '0.2622', 'NDCG@10': '0.1439', 'HR@20': '0.3606', 'NDCG@20': '0.1687'}
