2025-06-13 20:21:20,079 - Namespace(data_dir='./data/', output_dir='hparam_search/', data_name='LastFM', train_name='DuoRec_LastFM', num_items=10, num_users=1091, lr=0.0005, batch_size=256, epochs=200, no_cuda=False, log_freq=1, patience=10, num_workers=4, seed=42, weight_decay=0.0, adam_beta1=0.9, adam_beta2=0.999, gpu_id='0', variance=5, model_type='DuoRec', max_seq_length=50, hidden_size=64, num_hidden_layers=2, hidden_act='gelu', num_attention_heads=4, attention_probs_dropout_prob=0.5, hidden_dropout_prob=0.5, initializer_range=0.02, tau=1.0, lmd=0.1, lmd_sem=0.1, ssl='us_x', sim='dot', cuda_condition=True, data_file='./data/LastFM.txt', item_size=3647, checkpoint_path=PosixPath('/gpfs/home3/scur2771/BSARec/BSARec/src/hparam_search/DuoRec_LastFM/12364640_6/model.pt'), same_target_path='./data/LastFM_same_target.npy')
2025-06-13 20:21:20,098 - DuoRecModel(
  (item_embeddings): Embedding(3647, 64, padding_idx=0)
  (position_embeddings): Embedding(50, 64)
  (LayerNorm): LayerNorm()
  (dropout): Dropout(p=0.5, inplace=False)
  (item_encoder): TransformerEncoder(
    (blocks): ModuleList(
      (0): TransformerBlock(
        (layer): MultiHeadAttention(
          (query): Linear(in_features=64, out_features=64, bias=True)
          (key): Linear(in_features=64, out_features=64, bias=True)
          (value): Linear(in_features=64, out_features=64, bias=True)
          (softmax): Softmax(dim=-1)
          (attn_dropout): Dropout(p=0.5, inplace=False)
          (dense): Linear(in_features=64, out_features=64, bias=True)
          (LayerNorm): LayerNorm((64,), eps=1e-12, elementwise_affine=True)
          (out_dropout): Dropout(p=0.5, inplace=False)
        )
        (feed_forward): FeedForward(
          (dense_1): Linear(in_features=64, out_features=256, bias=True)
          (dense_2): Linear(in_features=256, out_features=64, bias=True)
          (LayerNorm): LayerNorm()
          (dropout): Dropout(p=0.5, inplace=False)
        )
      )
      (1): TransformerBlock(
        (layer): MultiHeadAttention(
          (query): Linear(in_features=64, out_features=64, bias=True)
          (key): Linear(in_features=64, out_features=64, bias=True)
          (value): Linear(in_features=64, out_features=64, bias=True)
          (softmax): Softmax(dim=-1)
          (attn_dropout): Dropout(p=0.5, inplace=False)
          (dense): Linear(in_features=64, out_features=64, bias=True)
          (LayerNorm): LayerNorm((64,), eps=1e-12, elementwise_affine=True)
          (out_dropout): Dropout(p=0.5, inplace=False)
        )
        (feed_forward): FeedForward(
          (dense_1): Linear(in_features=64, out_features=256, bias=True)
          (dense_2): Linear(in_features=256, out_features=64, bias=True)
          (LayerNorm): LayerNorm()
          (dropout): Dropout(p=0.5, inplace=False)
        )
      )
    )
  )
  (aug_nce_fct): CrossEntropyLoss()
)
2025-06-13 20:21:23,143 - Total Parameters: 336704
2025-06-13 20:21:27,744 - {'epoch': 0, 'rec_loss': '9.0359'}
2025-06-13 20:21:28,456 - {'Epoch': 0, 'HR@5': '0.0174', 'NDCG@5': '0.0108', 'HR@10': '0.0339', 'NDCG@10': '0.0160', 'HR@20': '0.0578', 'NDCG@20': '0.0220'}
2025-06-13 20:21:28,456 - Validation score increased.  Saving model ...
2025-06-13 20:21:32,199 - {'epoch': 1, 'rec_loss': '8.5996'}
2025-06-13 20:21:32,970 - {'Epoch': 1, 'HR@5': '0.0220', 'NDCG@5': '0.0147', 'HR@10': '0.0376', 'NDCG@10': '0.0197', 'HR@20': '0.0606', 'NDCG@20': '0.0255'}
2025-06-13 20:21:32,970 - Validation score increased.  Saving model ...
2025-06-13 20:21:36,635 - {'epoch': 2, 'rec_loss': '8.5085'}
2025-06-13 20:21:37,287 - {'Epoch': 2, 'HR@5': '0.0220', 'NDCG@5': '0.0145', 'HR@10': '0.0367', 'NDCG@10': '0.0192', 'HR@20': '0.0606', 'NDCG@20': '0.0252'}
2025-06-13 20:21:37,288 - EarlyStopping counter: 1 out of 10
2025-06-13 20:21:41,040 - {'epoch': 3, 'rec_loss': '8.4757'}
2025-06-13 20:21:41,703 - {'Epoch': 3, 'HR@5': '0.0193', 'NDCG@5': '0.0134', 'HR@10': '0.0394', 'NDCG@10': '0.0199', 'HR@20': '0.0624', 'NDCG@20': '0.0256'}
2025-06-13 20:21:41,705 - Validation score increased.  Saving model ...
2025-06-13 20:21:45,424 - {'epoch': 4, 'rec_loss': '8.4590'}
2025-06-13 20:21:46,142 - {'Epoch': 4, 'HR@5': '0.0248', 'NDCG@5': '0.0155', 'HR@10': '0.0367', 'NDCG@10': '0.0193', 'HR@20': '0.0633', 'NDCG@20': '0.0260'}
2025-06-13 20:21:46,142 - Validation score increased.  Saving model ...
2025-06-13 20:21:49,942 - {'epoch': 5, 'rec_loss': '8.4471'}
2025-06-13 20:21:50,706 - {'Epoch': 5, 'HR@5': '0.0229', 'NDCG@5': '0.0135', 'HR@10': '0.0385', 'NDCG@10': '0.0186', 'HR@20': '0.0615', 'NDCG@20': '0.0243'}
2025-06-13 20:21:50,707 - EarlyStopping counter: 1 out of 10
2025-06-13 20:21:54,422 - {'epoch': 6, 'rec_loss': '8.4375'}
2025-06-13 20:21:55,281 - {'Epoch': 6, 'HR@5': '0.0211', 'NDCG@5': '0.0138', 'HR@10': '0.0376', 'NDCG@10': '0.0192', 'HR@20': '0.0642', 'NDCG@20': '0.0257'}
2025-06-13 20:21:55,282 - EarlyStopping counter: 2 out of 10
2025-06-13 20:21:59,131 - {'epoch': 7, 'rec_loss': '8.4298'}
2025-06-13 20:21:59,891 - {'Epoch': 7, 'HR@5': '0.0239', 'NDCG@5': '0.0133', 'HR@10': '0.0385', 'NDCG@10': '0.0179', 'HR@20': '0.0624', 'NDCG@20': '0.0239'}
2025-06-13 20:21:59,891 - EarlyStopping counter: 3 out of 10
2025-06-13 20:22:03,640 - {'epoch': 8, 'rec_loss': '8.4231'}
2025-06-13 20:22:04,388 - {'Epoch': 8, 'HR@5': '0.0229', 'NDCG@5': '0.0145', 'HR@10': '0.0376', 'NDCG@10': '0.0191', 'HR@20': '0.0651', 'NDCG@20': '0.0259'}
2025-06-13 20:22:04,389 - EarlyStopping counter: 4 out of 10
2025-06-13 20:22:08,194 - {'epoch': 9, 'rec_loss': '8.4118'}
2025-06-13 20:22:08,941 - {'Epoch': 9, 'HR@5': '0.0220', 'NDCG@5': '0.0144', 'HR@10': '0.0349', 'NDCG@10': '0.0185', 'HR@20': '0.0615', 'NDCG@20': '0.0252'}
2025-06-13 20:22:08,942 - EarlyStopping counter: 5 out of 10
2025-06-13 20:22:12,711 - {'epoch': 10, 'rec_loss': '8.3909'}
2025-06-13 20:22:13,440 - {'Epoch': 10, 'HR@5': '0.0202', 'NDCG@5': '0.0120', 'HR@10': '0.0367', 'NDCG@10': '0.0174', 'HR@20': '0.0615', 'NDCG@20': '0.0236'}
2025-06-13 20:22:13,441 - EarlyStopping counter: 6 out of 10
2025-06-13 20:22:17,258 - {'epoch': 11, 'rec_loss': '8.3641'}
2025-06-13 20:22:18,020 - {'Epoch': 11, 'HR@5': '0.0239', 'NDCG@5': '0.0146', 'HR@10': '0.0367', 'NDCG@10': '0.0188', 'HR@20': '0.0633', 'NDCG@20': '0.0256'}
2025-06-13 20:22:18,020 - EarlyStopping counter: 7 out of 10
2025-06-13 20:22:21,824 - {'epoch': 12, 'rec_loss': '8.3318'}
2025-06-13 20:22:22,569 - {'Epoch': 12, 'HR@5': '0.0248', 'NDCG@5': '0.0161', 'HR@10': '0.0413', 'NDCG@10': '0.0215', 'HR@20': '0.0642', 'NDCG@20': '0.0273'}
2025-06-13 20:22:22,570 - Validation score increased.  Saving model ...
2025-06-13 20:22:26,461 - {'epoch': 13, 'rec_loss': '8.3002'}
2025-06-13 20:22:27,169 - {'Epoch': 13, 'HR@5': '0.0275', 'NDCG@5': '0.0153', 'HR@10': '0.0422', 'NDCG@10': '0.0200', 'HR@20': '0.0670', 'NDCG@20': '0.0261'}
2025-06-13 20:22:27,170 - EarlyStopping counter: 1 out of 10
2025-06-13 20:22:30,969 - {'epoch': 14, 'rec_loss': '8.2727'}
2025-06-13 20:22:31,734 - {'Epoch': 14, 'HR@5': '0.0275', 'NDCG@5': '0.0172', 'HR@10': '0.0422', 'NDCG@10': '0.0219', 'HR@20': '0.0661', 'NDCG@20': '0.0278'}
2025-06-13 20:22:31,734 - Validation score increased.  Saving model ...
2025-06-13 20:22:35,506 - {'epoch': 15, 'rec_loss': '8.2430'}
2025-06-13 20:22:36,223 - {'Epoch': 15, 'HR@5': '0.0229', 'NDCG@5': '0.0147', 'HR@10': '0.0422', 'NDCG@10': '0.0210', 'HR@20': '0.0661', 'NDCG@20': '0.0270'}
2025-06-13 20:22:36,223 - EarlyStopping counter: 1 out of 10
2025-06-13 20:22:40,010 - {'epoch': 16, 'rec_loss': '8.2147'}
2025-06-13 20:22:40,749 - {'Epoch': 16, 'HR@5': '0.0294', 'NDCG@5': '0.0178', 'HR@10': '0.0431', 'NDCG@10': '0.0222', 'HR@20': '0.0642', 'NDCG@20': '0.0275'}
2025-06-13 20:22:40,750 - EarlyStopping counter: 2 out of 10
2025-06-13 20:22:44,524 - {'epoch': 17, 'rec_loss': '8.1850'}
2025-06-13 20:22:45,237 - {'Epoch': 17, 'HR@5': '0.0284', 'NDCG@5': '0.0177', 'HR@10': '0.0422', 'NDCG@10': '0.0223', 'HR@20': '0.0679', 'NDCG@20': '0.0288'}
2025-06-13 20:22:45,237 - Validation score increased.  Saving model ...
2025-06-13 20:22:49,102 - {'epoch': 18, 'rec_loss': '8.1477'}
2025-06-13 20:22:49,780 - {'Epoch': 18, 'HR@5': '0.0303', 'NDCG@5': '0.0189', 'HR@10': '0.0477', 'NDCG@10': '0.0247', 'HR@20': '0.0716', 'NDCG@20': '0.0306'}
2025-06-13 20:22:49,781 - Validation score increased.  Saving model ...
2025-06-13 20:22:53,519 - {'epoch': 19, 'rec_loss': '8.1087'}
2025-06-13 20:22:54,223 - {'Epoch': 19, 'HR@5': '0.0330', 'NDCG@5': '0.0214', 'HR@10': '0.0495', 'NDCG@10': '0.0267', 'HR@20': '0.0752', 'NDCG@20': '0.0331'}
2025-06-13 20:22:54,223 - Validation score increased.  Saving model ...
2025-06-13 20:22:57,936 - {'epoch': 20, 'rec_loss': '8.0692'}
2025-06-13 20:22:58,635 - {'Epoch': 20, 'HR@5': '0.0349', 'NDCG@5': '0.0215', 'HR@10': '0.0495', 'NDCG@10': '0.0262', 'HR@20': '0.0789', 'NDCG@20': '0.0337'}
2025-06-13 20:22:58,636 - Validation score increased.  Saving model ...
2025-06-13 20:23:02,405 - {'epoch': 21, 'rec_loss': '8.0292'}
2025-06-13 20:23:03,165 - {'Epoch': 21, 'HR@5': '0.0321', 'NDCG@5': '0.0210', 'HR@10': '0.0550', 'NDCG@10': '0.0285', 'HR@20': '0.0807', 'NDCG@20': '0.0349'}
2025-06-13 20:23:03,166 - Validation score increased.  Saving model ...
2025-06-13 20:23:07,019 - {'epoch': 22, 'rec_loss': '7.9907'}
2025-06-13 20:23:07,827 - {'Epoch': 22, 'HR@5': '0.0358', 'NDCG@5': '0.0217', 'HR@10': '0.0569', 'NDCG@10': '0.0284', 'HR@20': '0.0872', 'NDCG@20': '0.0359'}
2025-06-13 20:23:07,828 - Validation score increased.  Saving model ...
2025-06-13 20:23:11,544 - {'epoch': 23, 'rec_loss': '7.9518'}
2025-06-13 20:23:12,209 - {'Epoch': 23, 'HR@5': '0.0376', 'NDCG@5': '0.0236', 'HR@10': '0.0587', 'NDCG@10': '0.0303', 'HR@20': '0.0872', 'NDCG@20': '0.0373'}
2025-06-13 20:23:12,209 - Validation score increased.  Saving model ...
2025-06-13 20:23:15,916 - {'epoch': 24, 'rec_loss': '7.9097'}
2025-06-13 20:23:16,657 - {'Epoch': 24, 'HR@5': '0.0404', 'NDCG@5': '0.0251', 'HR@10': '0.0587', 'NDCG@10': '0.0311', 'HR@20': '0.0890', 'NDCG@20': '0.0387'}
2025-06-13 20:23:16,658 - Validation score increased.  Saving model ...
2025-06-13 20:23:20,466 - {'epoch': 25, 'rec_loss': '7.8699'}
2025-06-13 20:23:21,202 - {'Epoch': 25, 'HR@5': '0.0431', 'NDCG@5': '0.0271', 'HR@10': '0.0578', 'NDCG@10': '0.0317', 'HR@20': '0.0890', 'NDCG@20': '0.0395'}
2025-06-13 20:23:21,203 - Validation score increased.  Saving model ...
2025-06-13 20:23:24,907 - {'epoch': 26, 'rec_loss': '7.8313'}
2025-06-13 20:23:25,632 - {'Epoch': 26, 'HR@5': '0.0367', 'NDCG@5': '0.0241', 'HR@10': '0.0615', 'NDCG@10': '0.0322', 'HR@20': '0.0862', 'NDCG@20': '0.0385'}
2025-06-13 20:23:25,633 - EarlyStopping counter: 1 out of 10
2025-06-13 20:23:29,365 - {'epoch': 27, 'rec_loss': '7.7966'}
2025-06-13 20:23:30,073 - {'Epoch': 27, 'HR@5': '0.0394', 'NDCG@5': '0.0254', 'HR@10': '0.0578', 'NDCG@10': '0.0313', 'HR@20': '0.0908', 'NDCG@20': '0.0396'}
2025-06-13 20:23:30,074 - Validation score increased.  Saving model ...
2025-06-13 20:23:33,831 - {'epoch': 28, 'rec_loss': '7.7573'}
2025-06-13 20:23:34,677 - {'Epoch': 28, 'HR@5': '0.0394', 'NDCG@5': '0.0255', 'HR@10': '0.0606', 'NDCG@10': '0.0324', 'HR@20': '0.0927', 'NDCG@20': '0.0404'}
2025-06-13 20:23:34,678 - Validation score increased.  Saving model ...
2025-06-13 20:23:38,371 - {'epoch': 29, 'rec_loss': '7.7231'}
2025-06-13 20:23:39,109 - {'Epoch': 29, 'HR@5': '0.0404', 'NDCG@5': '0.0262', 'HR@10': '0.0642', 'NDCG@10': '0.0339', 'HR@20': '0.0890', 'NDCG@20': '0.0401'}
2025-06-13 20:23:39,110 - EarlyStopping counter: 1 out of 10
2025-06-13 20:23:42,743 - {'epoch': 30, 'rec_loss': '7.6868'}
2025-06-13 20:23:43,468 - {'Epoch': 30, 'HR@5': '0.0450', 'NDCG@5': '0.0286', 'HR@10': '0.0642', 'NDCG@10': '0.0347', 'HR@20': '0.0954', 'NDCG@20': '0.0424'}
2025-06-13 20:23:43,469 - Validation score increased.  Saving model ...
2025-06-13 20:23:47,206 - {'epoch': 31, 'rec_loss': '7.6531'}
2025-06-13 20:23:47,941 - {'Epoch': 31, 'HR@5': '0.0431', 'NDCG@5': '0.0278', 'HR@10': '0.0606', 'NDCG@10': '0.0334', 'HR@20': '0.0927', 'NDCG@20': '0.0415'}
2025-06-13 20:23:47,942 - EarlyStopping counter: 1 out of 10
2025-06-13 20:23:51,726 - {'epoch': 32, 'rec_loss': '7.6223'}
2025-06-13 20:23:52,433 - {'Epoch': 32, 'HR@5': '0.0431', 'NDCG@5': '0.0292', 'HR@10': '0.0642', 'NDCG@10': '0.0361', 'HR@20': '0.0908', 'NDCG@20': '0.0429'}
2025-06-13 20:23:52,434 - Validation score increased.  Saving model ...
2025-06-13 20:23:56,183 - {'epoch': 33, 'rec_loss': '7.5870'}
2025-06-13 20:23:56,976 - {'Epoch': 33, 'HR@5': '0.0431', 'NDCG@5': '0.0274', 'HR@10': '0.0642', 'NDCG@10': '0.0342', 'HR@20': '0.0917', 'NDCG@20': '0.0411'}
2025-06-13 20:23:56,977 - EarlyStopping counter: 1 out of 10
2025-06-13 20:24:00,691 - {'epoch': 34, 'rec_loss': '7.5545'}
2025-06-13 20:24:01,404 - {'Epoch': 34, 'HR@5': '0.0440', 'NDCG@5': '0.0286', 'HR@10': '0.0624', 'NDCG@10': '0.0344', 'HR@20': '0.0890', 'NDCG@20': '0.0411'}
2025-06-13 20:24:01,404 - EarlyStopping counter: 2 out of 10
2025-06-13 20:24:05,123 - {'epoch': 35, 'rec_loss': '7.5201'}
2025-06-13 20:24:05,875 - {'Epoch': 35, 'HR@5': '0.0422', 'NDCG@5': '0.0287', 'HR@10': '0.0642', 'NDCG@10': '0.0358', 'HR@20': '0.0917', 'NDCG@20': '0.0427'}
2025-06-13 20:24:05,876 - EarlyStopping counter: 3 out of 10
2025-06-13 20:24:09,593 - {'epoch': 36, 'rec_loss': '7.4890'}
2025-06-13 20:24:10,323 - {'Epoch': 36, 'HR@5': '0.0422', 'NDCG@5': '0.0274', 'HR@10': '0.0670', 'NDCG@10': '0.0353', 'HR@20': '0.0954', 'NDCG@20': '0.0425'}
2025-06-13 20:24:10,324 - EarlyStopping counter: 4 out of 10
2025-06-13 20:24:14,007 - {'epoch': 37, 'rec_loss': '7.4603'}
2025-06-13 20:24:14,790 - {'Epoch': 37, 'HR@5': '0.0450', 'NDCG@5': '0.0284', 'HR@10': '0.0651', 'NDCG@10': '0.0349', 'HR@20': '0.0982', 'NDCG@20': '0.0431'}
2025-06-13 20:24:14,791 - Validation score increased.  Saving model ...
2025-06-13 20:24:18,504 - {'epoch': 38, 'rec_loss': '7.4330'}
2025-06-13 20:24:19,243 - {'Epoch': 38, 'HR@5': '0.0468', 'NDCG@5': '0.0304', 'HR@10': '0.0661', 'NDCG@10': '0.0365', 'HR@20': '0.0963', 'NDCG@20': '0.0441'}
2025-06-13 20:24:19,244 - Validation score increased.  Saving model ...
2025-06-13 20:24:22,889 - {'epoch': 39, 'rec_loss': '7.3980'}
2025-06-13 20:24:23,655 - {'Epoch': 39, 'HR@5': '0.0450', 'NDCG@5': '0.0291', 'HR@10': '0.0661', 'NDCG@10': '0.0360', 'HR@20': '0.0972', 'NDCG@20': '0.0438'}
2025-06-13 20:24:23,656 - EarlyStopping counter: 1 out of 10
2025-06-13 20:24:27,439 - {'epoch': 40, 'rec_loss': '7.3752'}
2025-06-13 20:24:28,204 - {'Epoch': 40, 'HR@5': '0.0422', 'NDCG@5': '0.0269', 'HR@10': '0.0661', 'NDCG@10': '0.0348', 'HR@20': '0.0963', 'NDCG@20': '0.0424'}
2025-06-13 20:24:28,205 - EarlyStopping counter: 2 out of 10
2025-06-13 20:24:31,975 - {'epoch': 41, 'rec_loss': '7.3430'}
2025-06-13 20:24:32,723 - {'Epoch': 41, 'HR@5': '0.0459', 'NDCG@5': '0.0285', 'HR@10': '0.0679', 'NDCG@10': '0.0355', 'HR@20': '0.0972', 'NDCG@20': '0.0429'}
2025-06-13 20:24:32,724 - EarlyStopping counter: 3 out of 10
2025-06-13 20:24:36,421 - {'epoch': 42, 'rec_loss': '7.3191'}
2025-06-13 20:24:37,141 - {'Epoch': 42, 'HR@5': '0.0440', 'NDCG@5': '0.0278', 'HR@10': '0.0670', 'NDCG@10': '0.0354', 'HR@20': '0.1009', 'NDCG@20': '0.0437'}
2025-06-13 20:24:37,141 - EarlyStopping counter: 4 out of 10
2025-06-13 20:24:40,750 - {'epoch': 43, 'rec_loss': '7.2892'}
2025-06-13 20:24:41,423 - {'Epoch': 43, 'HR@5': '0.0450', 'NDCG@5': '0.0283', 'HR@10': '0.0716', 'NDCG@10': '0.0370', 'HR@20': '0.1028', 'NDCG@20': '0.0447'}
2025-06-13 20:24:41,424 - Validation score increased.  Saving model ...
2025-06-13 20:24:45,171 - {'epoch': 44, 'rec_loss': '7.2651'}
2025-06-13 20:24:45,932 - {'Epoch': 44, 'HR@5': '0.0468', 'NDCG@5': '0.0279', 'HR@10': '0.0670', 'NDCG@10': '0.0346', 'HR@20': '0.1018', 'NDCG@20': '0.0433'}
2025-06-13 20:24:45,932 - EarlyStopping counter: 1 out of 10
2025-06-13 20:24:49,757 - {'epoch': 45, 'rec_loss': '7.2383'}
2025-06-13 20:24:50,473 - {'Epoch': 45, 'HR@5': '0.0477', 'NDCG@5': '0.0283', 'HR@10': '0.0688', 'NDCG@10': '0.0352', 'HR@20': '0.1037', 'NDCG@20': '0.0440'}
2025-06-13 20:24:50,474 - EarlyStopping counter: 2 out of 10
2025-06-13 20:24:54,225 - {'epoch': 46, 'rec_loss': '7.2112'}
2025-06-13 20:24:54,938 - {'Epoch': 46, 'HR@5': '0.0440', 'NDCG@5': '0.0275', 'HR@10': '0.0688', 'NDCG@10': '0.0357', 'HR@20': '0.1037', 'NDCG@20': '0.0445'}
2025-06-13 20:24:54,939 - EarlyStopping counter: 3 out of 10
2025-06-13 20:24:58,817 - {'epoch': 47, 'rec_loss': '7.1869'}
2025-06-13 20:24:59,517 - {'Epoch': 47, 'HR@5': '0.0477', 'NDCG@5': '0.0299', 'HR@10': '0.0697', 'NDCG@10': '0.0369', 'HR@20': '0.1064', 'NDCG@20': '0.0462'}
2025-06-13 20:24:59,518 - Validation score increased.  Saving model ...
2025-06-13 20:25:03,199 - {'epoch': 48, 'rec_loss': '7.1657'}
2025-06-13 20:25:03,922 - {'Epoch': 48, 'HR@5': '0.0459', 'NDCG@5': '0.0286', 'HR@10': '0.0688', 'NDCG@10': '0.0360', 'HR@20': '0.1037', 'NDCG@20': '0.0448'}
2025-06-13 20:25:03,922 - EarlyStopping counter: 1 out of 10
2025-06-13 20:25:07,671 - {'epoch': 49, 'rec_loss': '7.1399'}
2025-06-13 20:25:08,445 - {'Epoch': 49, 'HR@5': '0.0422', 'NDCG@5': '0.0276', 'HR@10': '0.0734', 'NDCG@10': '0.0377', 'HR@20': '0.1055', 'NDCG@20': '0.0457'}
2025-06-13 20:25:08,446 - EarlyStopping counter: 2 out of 10
2025-06-13 20:25:12,120 - {'epoch': 50, 'rec_loss': '7.1191'}
2025-06-13 20:25:12,827 - {'Epoch': 50, 'HR@5': '0.0440', 'NDCG@5': '0.0284', 'HR@10': '0.0761', 'NDCG@10': '0.0389', 'HR@20': '0.1092', 'NDCG@20': '0.0472'}
2025-06-13 20:25:12,827 - Validation score increased.  Saving model ...
2025-06-13 20:25:16,495 - {'epoch': 51, 'rec_loss': '7.0893'}
2025-06-13 20:25:17,176 - {'Epoch': 51, 'HR@5': '0.0431', 'NDCG@5': '0.0265', 'HR@10': '0.0716', 'NDCG@10': '0.0356', 'HR@20': '0.1073', 'NDCG@20': '0.0446'}
2025-06-13 20:25:17,176 - EarlyStopping counter: 1 out of 10
2025-06-13 20:25:20,947 - {'epoch': 52, 'rec_loss': '7.0645'}
2025-06-13 20:25:21,676 - {'Epoch': 52, 'HR@5': '0.0422', 'NDCG@5': '0.0271', 'HR@10': '0.0743', 'NDCG@10': '0.0374', 'HR@20': '0.1055', 'NDCG@20': '0.0453'}
2025-06-13 20:25:21,677 - EarlyStopping counter: 2 out of 10
2025-06-13 20:25:25,406 - {'epoch': 53, 'rec_loss': '7.0481'}
2025-06-13 20:25:26,113 - {'Epoch': 53, 'HR@5': '0.0450', 'NDCG@5': '0.0282', 'HR@10': '0.0771', 'NDCG@10': '0.0386', 'HR@20': '0.1092', 'NDCG@20': '0.0466'}
2025-06-13 20:25:26,114 - EarlyStopping counter: 3 out of 10
2025-06-13 20:25:29,826 - {'epoch': 54, 'rec_loss': '7.0218'}
2025-06-13 20:25:30,484 - {'Epoch': 54, 'HR@5': '0.0477', 'NDCG@5': '0.0304', 'HR@10': '0.0789', 'NDCG@10': '0.0405', 'HR@20': '0.1119', 'NDCG@20': '0.0487'}
2025-06-13 20:25:30,484 - Validation score increased.  Saving model ...
2025-06-13 20:25:34,188 - {'epoch': 55, 'rec_loss': '6.9983'}
2025-06-13 20:25:34,937 - {'Epoch': 55, 'HR@5': '0.0450', 'NDCG@5': '0.0282', 'HR@10': '0.0798', 'NDCG@10': '0.0395', 'HR@20': '0.1128', 'NDCG@20': '0.0476'}
2025-06-13 20:25:34,938 - EarlyStopping counter: 1 out of 10
2025-06-13 20:25:38,668 - {'epoch': 56, 'rec_loss': '6.9767'}
2025-06-13 20:25:39,471 - {'Epoch': 56, 'HR@5': '0.0431', 'NDCG@5': '0.0284', 'HR@10': '0.0752', 'NDCG@10': '0.0390', 'HR@20': '0.1147', 'NDCG@20': '0.0487'}
2025-06-13 20:25:39,472 - EarlyStopping counter: 2 out of 10
2025-06-13 20:25:43,057 - {'epoch': 57, 'rec_loss': '6.9514'}
2025-06-13 20:25:43,806 - {'Epoch': 57, 'HR@5': '0.0486', 'NDCG@5': '0.0298', 'HR@10': '0.0761', 'NDCG@10': '0.0386', 'HR@20': '0.1138', 'NDCG@20': '0.0479'}
2025-06-13 20:25:43,807 - EarlyStopping counter: 3 out of 10
2025-06-13 20:25:47,495 - {'epoch': 58, 'rec_loss': '6.9323'}
2025-06-13 20:25:48,279 - {'Epoch': 58, 'HR@5': '0.0505', 'NDCG@5': '0.0313', 'HR@10': '0.0771', 'NDCG@10': '0.0399', 'HR@20': '0.1101', 'NDCG@20': '0.0483'}
2025-06-13 20:25:48,280 - EarlyStopping counter: 4 out of 10
2025-06-13 20:25:52,025 - {'epoch': 59, 'rec_loss': '6.9178'}
2025-06-13 20:25:52,792 - {'Epoch': 59, 'HR@5': '0.0486', 'NDCG@5': '0.0315', 'HR@10': '0.0780', 'NDCG@10': '0.0411', 'HR@20': '0.1183', 'NDCG@20': '0.0511'}
2025-06-13 20:25:52,793 - Validation score increased.  Saving model ...
2025-06-13 20:25:56,434 - {'epoch': 60, 'rec_loss': '6.8872'}
2025-06-13 20:25:57,190 - {'Epoch': 60, 'HR@5': '0.0495', 'NDCG@5': '0.0303', 'HR@10': '0.0761', 'NDCG@10': '0.0389', 'HR@20': '0.1138', 'NDCG@20': '0.0484'}
2025-06-13 20:25:57,191 - EarlyStopping counter: 1 out of 10
2025-06-13 20:26:00,995 - {'epoch': 61, 'rec_loss': '6.8691'}
2025-06-13 20:26:01,858 - {'Epoch': 61, 'HR@5': '0.0532', 'NDCG@5': '0.0337', 'HR@10': '0.0752', 'NDCG@10': '0.0409', 'HR@20': '0.1174', 'NDCG@20': '0.0515'}
2025-06-13 20:26:01,858 - Validation score increased.  Saving model ...
2025-06-13 20:26:05,478 - {'epoch': 62, 'rec_loss': '6.8536'}
2025-06-13 20:26:06,255 - {'Epoch': 62, 'HR@5': '0.0523', 'NDCG@5': '0.0326', 'HR@10': '0.0761', 'NDCG@10': '0.0404', 'HR@20': '0.1174', 'NDCG@20': '0.0508'}
2025-06-13 20:26:06,255 - EarlyStopping counter: 1 out of 10
2025-06-13 20:26:09,932 - {'epoch': 63, 'rec_loss': '6.8324'}
2025-06-13 20:26:10,651 - {'Epoch': 63, 'HR@5': '0.0514', 'NDCG@5': '0.0323', 'HR@10': '0.0743', 'NDCG@10': '0.0399', 'HR@20': '0.1174', 'NDCG@20': '0.0507'}
2025-06-13 20:26:10,651 - EarlyStopping counter: 2 out of 10
2025-06-13 20:26:14,425 - {'epoch': 64, 'rec_loss': '6.8187'}
2025-06-13 20:26:15,185 - {'Epoch': 64, 'HR@5': '0.0523', 'NDCG@5': '0.0328', 'HR@10': '0.0771', 'NDCG@10': '0.0407', 'HR@20': '0.1156', 'NDCG@20': '0.0504'}
2025-06-13 20:26:15,186 - EarlyStopping counter: 3 out of 10
2025-06-13 20:26:18,891 - {'epoch': 65, 'rec_loss': '6.7922'}
2025-06-13 20:26:19,640 - {'Epoch': 65, 'HR@5': '0.0523', 'NDCG@5': '0.0324', 'HR@10': '0.0780', 'NDCG@10': '0.0406', 'HR@20': '0.1156', 'NDCG@20': '0.0501'}
2025-06-13 20:26:19,641 - EarlyStopping counter: 4 out of 10
2025-06-13 20:26:23,343 - {'epoch': 66, 'rec_loss': '6.7756'}
2025-06-13 20:26:24,147 - {'Epoch': 66, 'HR@5': '0.0541', 'NDCG@5': '0.0341', 'HR@10': '0.0752', 'NDCG@10': '0.0410', 'HR@20': '0.1165', 'NDCG@20': '0.0515'}
2025-06-13 20:26:24,148 - EarlyStopping counter: 5 out of 10
2025-06-13 20:26:27,824 - {'epoch': 67, 'rec_loss': '6.7572'}
2025-06-13 20:26:28,590 - {'Epoch': 67, 'HR@5': '0.0523', 'NDCG@5': '0.0330', 'HR@10': '0.0780', 'NDCG@10': '0.0414', 'HR@20': '0.1220', 'NDCG@20': '0.0524'}
2025-06-13 20:26:28,591 - Validation score increased.  Saving model ...
2025-06-13 20:26:32,352 - {'epoch': 68, 'rec_loss': '6.7374'}
2025-06-13 20:26:33,096 - {'Epoch': 68, 'HR@5': '0.0560', 'NDCG@5': '0.0353', 'HR@10': '0.0817', 'NDCG@10': '0.0435', 'HR@20': '0.1183', 'NDCG@20': '0.0527'}
2025-06-13 20:26:33,097 - Validation score increased.  Saving model ...
2025-06-13 20:26:36,887 - {'epoch': 69, 'rec_loss': '6.7209'}
2025-06-13 20:26:37,657 - {'Epoch': 69, 'HR@5': '0.0532', 'NDCG@5': '0.0338', 'HR@10': '0.0761', 'NDCG@10': '0.0416', 'HR@20': '0.1183', 'NDCG@20': '0.0522'}
2025-06-13 20:26:37,658 - EarlyStopping counter: 1 out of 10
2025-06-13 20:26:41,363 - {'epoch': 70, 'rec_loss': '6.6971'}
2025-06-13 20:26:42,045 - {'Epoch': 70, 'HR@5': '0.0560', 'NDCG@5': '0.0336', 'HR@10': '0.0752', 'NDCG@10': '0.0398', 'HR@20': '0.1211', 'NDCG@20': '0.0513'}
2025-06-13 20:26:42,046 - EarlyStopping counter: 2 out of 10
2025-06-13 20:26:45,699 - {'epoch': 71, 'rec_loss': '6.6836'}
2025-06-13 20:26:46,417 - {'Epoch': 71, 'HR@5': '0.0550', 'NDCG@5': '0.0337', 'HR@10': '0.0771', 'NDCG@10': '0.0409', 'HR@20': '0.1193', 'NDCG@20': '0.0516'}
2025-06-13 20:26:46,417 - EarlyStopping counter: 3 out of 10
2025-06-13 20:26:50,224 - {'epoch': 72, 'rec_loss': '6.6671'}
2025-06-13 20:26:50,907 - {'Epoch': 72, 'HR@5': '0.0560', 'NDCG@5': '0.0349', 'HR@10': '0.0789', 'NDCG@10': '0.0423', 'HR@20': '0.1138', 'NDCG@20': '0.0511'}
2025-06-13 20:26:50,907 - EarlyStopping counter: 4 out of 10
2025-06-13 20:26:54,594 - {'epoch': 73, 'rec_loss': '6.6534'}
2025-06-13 20:26:55,378 - {'Epoch': 73, 'HR@5': '0.0550', 'NDCG@5': '0.0335', 'HR@10': '0.0761', 'NDCG@10': '0.0404', 'HR@20': '0.1138', 'NDCG@20': '0.0500'}
2025-06-13 20:26:55,379 - EarlyStopping counter: 5 out of 10
2025-06-13 20:26:59,222 - {'epoch': 74, 'rec_loss': '6.6368'}
2025-06-13 20:26:59,944 - {'Epoch': 74, 'HR@5': '0.0495', 'NDCG@5': '0.0315', 'HR@10': '0.0761', 'NDCG@10': '0.0403', 'HR@20': '0.1183', 'NDCG@20': '0.0510'}
2025-06-13 20:26:59,945 - EarlyStopping counter: 6 out of 10
2025-06-13 20:27:03,591 - {'epoch': 75, 'rec_loss': '6.6205'}
2025-06-13 20:27:04,314 - {'Epoch': 75, 'HR@5': '0.0541', 'NDCG@5': '0.0350', 'HR@10': '0.0771', 'NDCG@10': '0.0424', 'HR@20': '0.1220', 'NDCG@20': '0.0538'}
2025-06-13 20:27:04,315 - Validation score increased.  Saving model ...
2025-06-13 20:27:08,024 - {'epoch': 76, 'rec_loss': '6.6010'}
2025-06-13 20:27:08,805 - {'Epoch': 76, 'HR@5': '0.0569', 'NDCG@5': '0.0348', 'HR@10': '0.0826', 'NDCG@10': '0.0430', 'HR@20': '0.1147', 'NDCG@20': '0.0511'}
2025-06-13 20:27:08,806 - EarlyStopping counter: 1 out of 10
2025-06-13 20:27:12,527 - {'epoch': 77, 'rec_loss': '6.5870'}
2025-06-13 20:27:13,278 - {'Epoch': 77, 'HR@5': '0.0541', 'NDCG@5': '0.0346', 'HR@10': '0.0817', 'NDCG@10': '0.0435', 'HR@20': '0.1220', 'NDCG@20': '0.0537'}
2025-06-13 20:27:13,279 - EarlyStopping counter: 2 out of 10
2025-06-13 20:27:16,849 - {'epoch': 78, 'rec_loss': '6.5670'}
2025-06-13 20:27:17,513 - {'Epoch': 78, 'HR@5': '0.0550', 'NDCG@5': '0.0349', 'HR@10': '0.0780', 'NDCG@10': '0.0423', 'HR@20': '0.1202', 'NDCG@20': '0.0528'}
2025-06-13 20:27:17,514 - EarlyStopping counter: 3 out of 10
2025-06-13 20:27:21,250 - {'epoch': 79, 'rec_loss': '6.5513'}
2025-06-13 20:27:21,983 - {'Epoch': 79, 'HR@5': '0.0523', 'NDCG@5': '0.0349', 'HR@10': '0.0798', 'NDCG@10': '0.0439', 'HR@20': '0.1174', 'NDCG@20': '0.0533'}
2025-06-13 20:27:21,984 - EarlyStopping counter: 4 out of 10
2025-06-13 20:27:25,611 - {'epoch': 80, 'rec_loss': '6.5322'}
2025-06-13 20:27:26,381 - {'Epoch': 80, 'HR@5': '0.0550', 'NDCG@5': '0.0369', 'HR@10': '0.0817', 'NDCG@10': '0.0457', 'HR@20': '0.1193', 'NDCG@20': '0.0553'}
2025-06-13 20:27:26,382 - Validation score increased.  Saving model ...
2025-06-13 20:27:30,018 - {'epoch': 81, 'rec_loss': '6.5299'}
2025-06-13 20:27:30,722 - {'Epoch': 81, 'HR@5': '0.0569', 'NDCG@5': '0.0370', 'HR@10': '0.0789', 'NDCG@10': '0.0441', 'HR@20': '0.1183', 'NDCG@20': '0.0541'}
2025-06-13 20:27:30,723 - EarlyStopping counter: 1 out of 10
2025-06-13 20:27:34,387 - {'epoch': 82, 'rec_loss': '6.5042'}
2025-06-13 20:27:35,127 - {'Epoch': 82, 'HR@5': '0.0541', 'NDCG@5': '0.0354', 'HR@10': '0.0835', 'NDCG@10': '0.0448', 'HR@20': '0.1248', 'NDCG@20': '0.0551'}
2025-06-13 20:27:35,127 - EarlyStopping counter: 2 out of 10
2025-06-13 20:27:38,772 - {'epoch': 83, 'rec_loss': '6.4926'}
2025-06-13 20:27:39,400 - {'Epoch': 83, 'HR@5': '0.0578', 'NDCG@5': '0.0371', 'HR@10': '0.0826', 'NDCG@10': '0.0450', 'HR@20': '0.1202', 'NDCG@20': '0.0545'}
2025-06-13 20:27:39,400 - EarlyStopping counter: 3 out of 10
2025-06-13 20:27:43,038 - {'epoch': 84, 'rec_loss': '6.4813'}
2025-06-13 20:27:43,772 - {'Epoch': 84, 'HR@5': '0.0523', 'NDCG@5': '0.0351', 'HR@10': '0.0881', 'NDCG@10': '0.0467', 'HR@20': '0.1211', 'NDCG@20': '0.0549'}
2025-06-13 20:27:43,772 - EarlyStopping counter: 4 out of 10
2025-06-13 20:27:47,350 - {'epoch': 85, 'rec_loss': '6.4704'}
2025-06-13 20:27:48,105 - {'Epoch': 85, 'HR@5': '0.0578', 'NDCG@5': '0.0373', 'HR@10': '0.0853', 'NDCG@10': '0.0460', 'HR@20': '0.1229', 'NDCG@20': '0.0554'}
2025-06-13 20:27:48,106 - Validation score increased.  Saving model ...
2025-06-13 20:27:51,780 - {'epoch': 86, 'rec_loss': '6.4501'}
2025-06-13 20:27:52,513 - {'Epoch': 86, 'HR@5': '0.0596', 'NDCG@5': '0.0389', 'HR@10': '0.0826', 'NDCG@10': '0.0463', 'HR@20': '0.1229', 'NDCG@20': '0.0564'}
2025-06-13 20:27:52,514 - Validation score increased.  Saving model ...
2025-06-13 20:27:56,281 - {'epoch': 87, 'rec_loss': '6.4367'}
2025-06-13 20:27:57,004 - {'Epoch': 87, 'HR@5': '0.0587', 'NDCG@5': '0.0382', 'HR@10': '0.0789', 'NDCG@10': '0.0447', 'HR@20': '0.1229', 'NDCG@20': '0.0557'}
2025-06-13 20:27:57,005 - EarlyStopping counter: 1 out of 10
2025-06-13 20:28:00,680 - {'epoch': 88, 'rec_loss': '6.4287'}
2025-06-13 20:28:01,419 - {'Epoch': 88, 'HR@5': '0.0587', 'NDCG@5': '0.0386', 'HR@10': '0.0844', 'NDCG@10': '0.0467', 'HR@20': '0.1220', 'NDCG@20': '0.0562'}
2025-06-13 20:28:01,420 - EarlyStopping counter: 2 out of 10
2025-06-13 20:28:05,087 - {'epoch': 89, 'rec_loss': '6.4155'}
2025-06-13 20:28:05,748 - {'Epoch': 89, 'HR@5': '0.0569', 'NDCG@5': '0.0376', 'HR@10': '0.0798', 'NDCG@10': '0.0449', 'HR@20': '0.1202', 'NDCG@20': '0.0551'}
2025-06-13 20:28:05,748 - EarlyStopping counter: 3 out of 10
2025-06-13 20:28:09,464 - {'epoch': 90, 'rec_loss': '6.4004'}
2025-06-13 20:28:10,221 - {'Epoch': 90, 'HR@5': '0.0569', 'NDCG@5': '0.0373', 'HR@10': '0.0826', 'NDCG@10': '0.0455', 'HR@20': '0.1202', 'NDCG@20': '0.0550'}
2025-06-13 20:28:10,221 - EarlyStopping counter: 4 out of 10
2025-06-13 20:28:13,855 - {'epoch': 91, 'rec_loss': '6.3849'}
2025-06-13 20:28:14,573 - {'Epoch': 91, 'HR@5': '0.0578', 'NDCG@5': '0.0377', 'HR@10': '0.0872', 'NDCG@10': '0.0470', 'HR@20': '0.1211', 'NDCG@20': '0.0554'}
2025-06-13 20:28:14,573 - EarlyStopping counter: 5 out of 10
2025-06-13 20:28:18,205 - {'epoch': 92, 'rec_loss': '6.3688'}
2025-06-13 20:28:18,907 - {'Epoch': 92, 'HR@5': '0.0596', 'NDCG@5': '0.0380', 'HR@10': '0.0844', 'NDCG@10': '0.0458', 'HR@20': '0.1248', 'NDCG@20': '0.0559'}
2025-06-13 20:28:18,908 - EarlyStopping counter: 6 out of 10
2025-06-13 20:28:22,593 - {'epoch': 93, 'rec_loss': '6.3620'}
2025-06-13 20:28:23,266 - {'Epoch': 93, 'HR@5': '0.0578', 'NDCG@5': '0.0376', 'HR@10': '0.0853', 'NDCG@10': '0.0463', 'HR@20': '0.1229', 'NDCG@20': '0.0556'}
2025-06-13 20:28:23,267 - EarlyStopping counter: 7 out of 10
2025-06-13 20:28:26,951 - {'epoch': 94, 'rec_loss': '6.3486'}
2025-06-13 20:28:27,638 - {'Epoch': 94, 'HR@5': '0.0541', 'NDCG@5': '0.0366', 'HR@10': '0.0853', 'NDCG@10': '0.0466', 'HR@20': '0.1193', 'NDCG@20': '0.0552'}
2025-06-13 20:28:27,639 - EarlyStopping counter: 8 out of 10
2025-06-13 20:28:31,293 - {'epoch': 95, 'rec_loss': '6.3338'}
2025-06-13 20:28:32,048 - {'Epoch': 95, 'HR@5': '0.0569', 'NDCG@5': '0.0372', 'HR@10': '0.0853', 'NDCG@10': '0.0463', 'HR@20': '0.1211', 'NDCG@20': '0.0552'}
2025-06-13 20:28:32,049 - EarlyStopping counter: 9 out of 10
2025-06-13 20:28:35,604 - {'epoch': 96, 'rec_loss': '6.3297'}
2025-06-13 20:28:36,321 - {'Epoch': 96, 'HR@5': '0.0587', 'NDCG@5': '0.0380', 'HR@10': '0.0844', 'NDCG@10': '0.0461', 'HR@20': '0.1202', 'NDCG@20': '0.0551'}
2025-06-13 20:28:36,322 - EarlyStopping counter: 10 out of 10
2025-06-13 20:28:36,322 - Early stopping
2025-06-13 20:28:36,322 - ---------------Validation Score---------------
2025-06-13 20:28:37,062 - {'Epoch': 0, 'HR@5': '0.0596', 'NDCG@5': '0.0389', 'HR@10': '0.0826', 'NDCG@10': '0.0463', 'HR@20': '0.1229', 'NDCG@20': '0.0564'}
2025-06-13 20:28:37,063 - DuoRec_LastFM
2025-06-13 20:28:37,063 - {'Epoch': 0, 'HR@5': '0.0596', 'NDCG@5': '0.0389', 'HR@10': '0.0826', 'NDCG@10': '0.0463', 'HR@20': '0.1229', 'NDCG@20': '0.0564'}
