2025-06-13 23:49:00,903 - Namespace(data_dir='data/self_processed/', output_dir='hparam_search/', data_name='Diginetica', train_name='BSARec_Diginetica', num_items=10, num_users=14829, lr=0.0005, batch_size=256, epochs=200, no_cuda=False, log_freq=1, patience=10, num_workers=4, seed=42, weight_decay=0.0, adam_beta1=0.9, adam_beta2=0.999, gpu_id='0', variance=5, model_type='BSARec', max_seq_length=50, hidden_size=64, num_hidden_layers=2, hidden_act='gelu', num_attention_heads=1, attention_probs_dropout_prob=0.5, hidden_dropout_prob=0.5, initializer_range=0.02, c=1, alpha=0.1, cuda_condition=True, data_file='data/self_processed/Diginetica.txt', item_size=9441, checkpoint_path=PosixPath('/gpfs/home3/scur2771/BSARec/BSARec/src/hparam_search/BSARec_Diginetica/12367757_76/model.pt'), same_target_path='data/self_processed/Diginetica_same_target.npy')
2025-06-13 23:49:00,927 - BSARecModel(
  (item_embeddings): Embedding(9441, 64, padding_idx=0)
  (position_embeddings): Embedding(50, 64)
  (LayerNorm): LayerNorm()
  (dropout): Dropout(p=0.5, inplace=False)
  (item_encoder): BSARecEncoder(
    (blocks): ModuleList(
      (0): BSARecBlock(
        (layer): BSARecLayer(
          (filter_layer): FrequencyLayer(
            (out_dropout): Dropout(p=0.5, inplace=False)
            (LayerNorm): LayerNorm()
          )
          (attention_layer): MultiHeadAttention(
            (query): Linear(in_features=64, out_features=64, bias=True)
            (key): Linear(in_features=64, out_features=64, bias=True)
            (value): Linear(in_features=64, out_features=64, bias=True)
            (softmax): Softmax(dim=-1)
            (attn_dropout): Dropout(p=0.5, inplace=False)
            (dense): Linear(in_features=64, out_features=64, bias=True)
            (LayerNorm): LayerNorm((64,), eps=1e-12, elementwise_affine=True)
            (out_dropout): Dropout(p=0.5, inplace=False)
          )
        )
        (feed_forward): FeedForward(
          (dense_1): Linear(in_features=64, out_features=256, bias=True)
          (dense_2): Linear(in_features=256, out_features=64, bias=True)
          (LayerNorm): LayerNorm()
          (dropout): Dropout(p=0.5, inplace=False)
        )
      )
      (1): BSARecBlock(
        (layer): BSARecLayer(
          (filter_layer): FrequencyLayer(
            (out_dropout): Dropout(p=0.5, inplace=False)
            (LayerNorm): LayerNorm()
          )
          (attention_layer): MultiHeadAttention(
            (query): Linear(in_features=64, out_features=64, bias=True)
            (key): Linear(in_features=64, out_features=64, bias=True)
            (value): Linear(in_features=64, out_features=64, bias=True)
            (softmax): Softmax(dim=-1)
            (attn_dropout): Dropout(p=0.5, inplace=False)
            (dense): Linear(in_features=64, out_features=64, bias=True)
            (LayerNorm): LayerNorm((64,), eps=1e-12, elementwise_affine=True)
            (out_dropout): Dropout(p=0.5, inplace=False)
          )
        )
        (feed_forward): FeedForward(
          (dense_1): Linear(in_features=64, out_features=256, bias=True)
          (dense_2): Linear(in_features=256, out_features=64, bias=True)
          (LayerNorm): LayerNorm()
          (dropout): Dropout(p=0.5, inplace=False)
        )
      )
    )
  )
)
2025-06-13 23:49:03,527 - Total Parameters: 707904
2025-06-13 23:49:12,291 - {'epoch': 0, 'rec_loss': '8.8016'}
2025-06-13 23:49:16,422 - {'Epoch': 0, 'HR@5': '0.0083', 'NDCG@5': '0.0056', 'HR@10': '0.0132', 'NDCG@10': '0.0072', 'HR@20': '0.0192', 'NDCG@20': '0.0087'}
2025-06-13 23:49:16,424 - Validation score increased.  Saving model ...
2025-06-13 23:49:23,972 - {'epoch': 1, 'rec_loss': '8.3149'}
2025-06-13 23:49:28,166 - {'Epoch': 1, 'HR@5': '0.0513', 'NDCG@5': '0.0355', 'HR@10': '0.0751', 'NDCG@10': '0.0432', 'HR@20': '0.1015', 'NDCG@20': '0.0498'}
2025-06-13 23:49:28,167 - Validation score increased.  Saving model ...
2025-06-13 23:49:35,839 - {'epoch': 2, 'rec_loss': '7.6001'}
2025-06-13 23:49:40,009 - {'Epoch': 2, 'HR@5': '0.0903', 'NDCG@5': '0.0597', 'HR@10': '0.1379', 'NDCG@10': '0.0751', 'HR@20': '0.1921', 'NDCG@20': '0.0888'}
2025-06-13 23:49:40,012 - Validation score increased.  Saving model ...
2025-06-13 23:49:47,520 - {'epoch': 3, 'rec_loss': '6.8083'}
2025-06-13 23:49:51,775 - {'Epoch': 3, 'HR@5': '0.1148', 'NDCG@5': '0.0756', 'HR@10': '0.1742', 'NDCG@10': '0.0947', 'HR@20': '0.2408', 'NDCG@20': '0.1115'}
2025-06-13 23:49:51,777 - Validation score increased.  Saving model ...
2025-06-13 23:49:59,399 - {'epoch': 4, 'rec_loss': '6.1798'}
2025-06-13 23:50:03,669 - {'Epoch': 4, 'HR@5': '0.1289', 'NDCG@5': '0.0848', 'HR@10': '0.1969', 'NDCG@10': '0.1068', 'HR@20': '0.2756', 'NDCG@20': '0.1267'}
2025-06-13 23:50:03,672 - Validation score increased.  Saving model ...
2025-06-13 23:50:11,189 - {'epoch': 5, 'rec_loss': '5.7328'}
2025-06-13 23:50:15,478 - {'Epoch': 5, 'HR@5': '0.1436', 'NDCG@5': '0.0938', 'HR@10': '0.2141', 'NDCG@10': '0.1165', 'HR@20': '0.3008', 'NDCG@20': '0.1384'}
2025-06-13 23:50:15,481 - Validation score increased.  Saving model ...
2025-06-13 23:50:22,950 - {'epoch': 6, 'rec_loss': '5.4268'}
2025-06-13 23:50:27,162 - {'Epoch': 6, 'HR@5': '0.1517', 'NDCG@5': '0.0998', 'HR@10': '0.2271', 'NDCG@10': '0.1241', 'HR@20': '0.3192', 'NDCG@20': '0.1474'}
2025-06-13 23:50:27,164 - Validation score increased.  Saving model ...
2025-06-13 23:50:34,638 - {'epoch': 7, 'rec_loss': '5.2110'}
2025-06-13 23:50:38,902 - {'Epoch': 7, 'HR@5': '0.1569', 'NDCG@5': '0.1032', 'HR@10': '0.2376', 'NDCG@10': '0.1292', 'HR@20': '0.3336', 'NDCG@20': '0.1534'}
2025-06-13 23:50:38,904 - Validation score increased.  Saving model ...
2025-06-13 23:50:46,395 - {'epoch': 8, 'rec_loss': '5.0605'}
2025-06-13 23:50:50,716 - {'Epoch': 8, 'HR@5': '0.1636', 'NDCG@5': '0.1075', 'HR@10': '0.2452', 'NDCG@10': '0.1337', 'HR@20': '0.3410', 'NDCG@20': '0.1580'}
2025-06-13 23:50:50,719 - Validation score increased.  Saving model ...
2025-06-13 23:50:58,231 - {'epoch': 9, 'rec_loss': '4.9549'}
2025-06-13 23:51:02,537 - {'Epoch': 9, 'HR@5': '0.1680', 'NDCG@5': '0.1095', 'HR@10': '0.2500', 'NDCG@10': '0.1358', 'HR@20': '0.3475', 'NDCG@20': '0.1605'}
2025-06-13 23:51:02,539 - Validation score increased.  Saving model ...
2025-06-13 23:51:10,003 - {'epoch': 10, 'rec_loss': '4.8751'}
2025-06-13 23:51:14,357 - {'Epoch': 10, 'HR@5': '0.1677', 'NDCG@5': '0.1097', 'HR@10': '0.2533', 'NDCG@10': '0.1372', 'HR@20': '0.3519', 'NDCG@20': '0.1622'}
2025-06-13 23:51:14,359 - Validation score increased.  Saving model ...
2025-06-13 23:51:21,769 - {'epoch': 11, 'rec_loss': '4.8155'}
2025-06-13 23:51:26,104 - {'Epoch': 11, 'HR@5': '0.1668', 'NDCG@5': '0.1109', 'HR@10': '0.2575', 'NDCG@10': '0.1401', 'HR@20': '0.3547', 'NDCG@20': '0.1647'}
2025-06-13 23:51:26,107 - Validation score increased.  Saving model ...
2025-06-13 23:51:33,635 - {'epoch': 12, 'rec_loss': '4.7743'}
2025-06-13 23:51:37,988 - {'Epoch': 12, 'HR@5': '0.1703', 'NDCG@5': '0.1115', 'HR@10': '0.2605', 'NDCG@10': '0.1405', 'HR@20': '0.3574', 'NDCG@20': '0.1650'}
2025-06-13 23:51:37,990 - Validation score increased.  Saving model ...
2025-06-13 23:51:45,394 - {'epoch': 13, 'rec_loss': '4.7401'}
2025-06-13 23:51:49,695 - {'Epoch': 13, 'HR@5': '0.1696', 'NDCG@5': '0.1123', 'HR@10': '0.2587', 'NDCG@10': '0.1411', 'HR@20': '0.3604', 'NDCG@20': '0.1668'}
2025-06-13 23:51:49,697 - Validation score increased.  Saving model ...
2025-06-13 23:51:57,221 - {'epoch': 14, 'rec_loss': '4.7133'}
2025-06-13 23:52:01,481 - {'Epoch': 14, 'HR@5': '0.1713', 'NDCG@5': '0.1129', 'HR@10': '0.2612', 'NDCG@10': '0.1418', 'HR@20': '0.3604', 'NDCG@20': '0.1668'}
2025-06-13 23:52:01,484 - Validation score increased.  Saving model ...
2025-06-13 23:52:08,944 - {'epoch': 15, 'rec_loss': '4.6938'}
2025-06-13 23:52:13,298 - {'Epoch': 15, 'HR@5': '0.1700', 'NDCG@5': '0.1132', 'HR@10': '0.2589', 'NDCG@10': '0.1418', 'HR@20': '0.3626', 'NDCG@20': '0.1681'}
2025-06-13 23:52:13,300 - Validation score increased.  Saving model ...
2025-06-13 23:52:20,786 - {'epoch': 16, 'rec_loss': '4.6757'}
2025-06-13 23:52:25,086 - {'Epoch': 16, 'HR@5': '0.1717', 'NDCG@5': '0.1130', 'HR@10': '0.2609', 'NDCG@10': '0.1418', 'HR@20': '0.3621', 'NDCG@20': '0.1674'}
2025-06-13 23:52:25,087 - EarlyStopping counter: 1 out of 10
2025-06-13 23:52:32,589 - {'epoch': 17, 'rec_loss': '4.6561'}
2025-06-13 23:52:36,902 - {'Epoch': 17, 'HR@5': '0.1739', 'NDCG@5': '0.1137', 'HR@10': '0.2596', 'NDCG@10': '0.1414', 'HR@20': '0.3625', 'NDCG@20': '0.1674'}
2025-06-13 23:52:36,903 - EarlyStopping counter: 2 out of 10
2025-06-13 23:52:44,368 - {'epoch': 18, 'rec_loss': '4.6412'}
2025-06-13 23:52:48,652 - {'Epoch': 18, 'HR@5': '0.1735', 'NDCG@5': '0.1135', 'HR@10': '0.2605', 'NDCG@10': '0.1416', 'HR@20': '0.3630', 'NDCG@20': '0.1675'}
2025-06-13 23:52:48,654 - EarlyStopping counter: 3 out of 10
2025-06-13 23:52:56,094 - {'epoch': 19, 'rec_loss': '4.6327'}
2025-06-13 23:53:00,401 - {'Epoch': 19, 'HR@5': '0.1726', 'NDCG@5': '0.1127', 'HR@10': '0.2613', 'NDCG@10': '0.1412', 'HR@20': '0.3633', 'NDCG@20': '0.1671'}
2025-06-13 23:53:00,402 - EarlyStopping counter: 4 out of 10
2025-06-13 23:53:07,907 - {'epoch': 20, 'rec_loss': '4.6175'}
2025-06-13 23:53:12,282 - {'Epoch': 20, 'HR@5': '0.1741', 'NDCG@5': '0.1145', 'HR@10': '0.2634', 'NDCG@10': '0.1432', 'HR@20': '0.3651', 'NDCG@20': '0.1689'}
2025-06-13 23:53:12,284 - Validation score increased.  Saving model ...
2025-06-13 23:53:19,766 - {'epoch': 21, 'rec_loss': '4.6103'}
2025-06-13 23:53:24,121 - {'Epoch': 21, 'HR@5': '0.1749', 'NDCG@5': '0.1140', 'HR@10': '0.2620', 'NDCG@10': '0.1421', 'HR@20': '0.3653', 'NDCG@20': '0.1682'}
2025-06-13 23:53:24,124 - EarlyStopping counter: 1 out of 10
2025-06-13 23:53:31,611 - {'epoch': 22, 'rec_loss': '4.6026'}
2025-06-13 23:53:35,958 - {'Epoch': 22, 'HR@5': '0.1747', 'NDCG@5': '0.1141', 'HR@10': '0.2652', 'NDCG@10': '0.1432', 'HR@20': '0.3642', 'NDCG@20': '0.1683'}
2025-06-13 23:53:35,960 - EarlyStopping counter: 2 out of 10
2025-06-13 23:53:43,413 - {'epoch': 23, 'rec_loss': '4.5927'}
2025-06-13 23:53:47,743 - {'Epoch': 23, 'HR@5': '0.1739', 'NDCG@5': '0.1127', 'HR@10': '0.2610', 'NDCG@10': '0.1407', 'HR@20': '0.3638', 'NDCG@20': '0.1668'}
2025-06-13 23:53:47,745 - EarlyStopping counter: 3 out of 10
2025-06-13 23:53:55,120 - {'epoch': 24, 'rec_loss': '4.5872'}
2025-06-13 23:53:59,458 - {'Epoch': 24, 'HR@5': '0.1734', 'NDCG@5': '0.1131', 'HR@10': '0.2623', 'NDCG@10': '0.1418', 'HR@20': '0.3651', 'NDCG@20': '0.1678'}
2025-06-13 23:53:59,460 - EarlyStopping counter: 4 out of 10
2025-06-13 23:54:06,916 - {'epoch': 25, 'rec_loss': '4.5713'}
2025-06-13 23:54:11,183 - {'Epoch': 25, 'HR@5': '0.1760', 'NDCG@5': '0.1152', 'HR@10': '0.2633', 'NDCG@10': '0.1434', 'HR@20': '0.3672', 'NDCG@20': '0.1697'}
2025-06-13 23:54:11,185 - Validation score increased.  Saving model ...
2025-06-13 23:54:18,571 - {'epoch': 26, 'rec_loss': '4.5729'}
2025-06-13 23:54:22,848 - {'Epoch': 26, 'HR@5': '0.1754', 'NDCG@5': '0.1146', 'HR@10': '0.2619', 'NDCG@10': '0.1424', 'HR@20': '0.3663', 'NDCG@20': '0.1689'}
2025-06-13 23:54:22,849 - EarlyStopping counter: 1 out of 10
2025-06-13 23:54:30,321 - {'epoch': 27, 'rec_loss': '4.5646'}
2025-06-13 23:54:34,591 - {'Epoch': 27, 'HR@5': '0.1735', 'NDCG@5': '0.1137', 'HR@10': '0.2618', 'NDCG@10': '0.1423', 'HR@20': '0.3643', 'NDCG@20': '0.1682'}
2025-06-13 23:54:34,592 - EarlyStopping counter: 2 out of 10
2025-06-13 23:54:41,882 - {'epoch': 28, 'rec_loss': '4.5600'}
2025-06-13 23:54:46,238 - {'Epoch': 28, 'HR@5': '0.1739', 'NDCG@5': '0.1138', 'HR@10': '0.2636', 'NDCG@10': '0.1427', 'HR@20': '0.3665', 'NDCG@20': '0.1687'}
2025-06-13 23:54:46,240 - EarlyStopping counter: 3 out of 10
2025-06-13 23:54:53,597 - {'epoch': 29, 'rec_loss': '4.5490'}
2025-06-13 23:54:57,890 - {'Epoch': 29, 'HR@5': '0.1738', 'NDCG@5': '0.1147', 'HR@10': '0.2616', 'NDCG@10': '0.1429', 'HR@20': '0.3637', 'NDCG@20': '0.1687'}
2025-06-13 23:54:57,892 - EarlyStopping counter: 4 out of 10
2025-06-13 23:55:05,309 - {'epoch': 30, 'rec_loss': '4.5461'}
2025-06-13 23:55:09,580 - {'Epoch': 30, 'HR@5': '0.1755', 'NDCG@5': '0.1142', 'HR@10': '0.2623', 'NDCG@10': '0.1422', 'HR@20': '0.3670', 'NDCG@20': '0.1686'}
2025-06-13 23:55:09,581 - EarlyStopping counter: 5 out of 10
2025-06-13 23:55:17,116 - {'epoch': 31, 'rec_loss': '4.5421'}
2025-06-13 23:55:21,460 - {'Epoch': 31, 'HR@5': '0.1731', 'NDCG@5': '0.1135', 'HR@10': '0.2645', 'NDCG@10': '0.1430', 'HR@20': '0.3653', 'NDCG@20': '0.1685'}
2025-06-13 23:55:21,461 - EarlyStopping counter: 6 out of 10
2025-06-13 23:55:28,865 - {'epoch': 32, 'rec_loss': '4.5385'}
2025-06-13 23:55:33,181 - {'Epoch': 32, 'HR@5': '0.1748', 'NDCG@5': '0.1139', 'HR@10': '0.2627', 'NDCG@10': '0.1422', 'HR@20': '0.3635', 'NDCG@20': '0.1677'}
2025-06-13 23:55:33,182 - EarlyStopping counter: 7 out of 10
2025-06-13 23:55:40,562 - {'epoch': 33, 'rec_loss': '4.5293'}
2025-06-13 23:55:44,819 - {'Epoch': 33, 'HR@5': '0.1745', 'NDCG@5': '0.1138', 'HR@10': '0.2639', 'NDCG@10': '0.1425', 'HR@20': '0.3655', 'NDCG@20': '0.1681'}
2025-06-13 23:55:44,823 - EarlyStopping counter: 8 out of 10
2025-06-13 23:55:52,213 - {'epoch': 34, 'rec_loss': '4.5259'}
2025-06-13 23:55:56,494 - {'Epoch': 34, 'HR@5': '0.1755', 'NDCG@5': '0.1147', 'HR@10': '0.2639', 'NDCG@10': '0.1431', 'HR@20': '0.3628', 'NDCG@20': '0.1681'}
2025-06-13 23:55:56,496 - EarlyStopping counter: 9 out of 10
2025-06-13 23:56:03,820 - {'epoch': 35, 'rec_loss': '4.5216'}
2025-06-13 23:56:08,151 - {'Epoch': 35, 'HR@5': '0.1732', 'NDCG@5': '0.1136', 'HR@10': '0.2623', 'NDCG@10': '0.1423', 'HR@20': '0.3622', 'NDCG@20': '0.1676'}
2025-06-13 23:56:08,153 - EarlyStopping counter: 10 out of 10
2025-06-13 23:56:08,153 - Early stopping
2025-06-13 23:56:08,153 - ---------------Validation Score---------------
2025-06-13 23:56:12,458 - {'Epoch': 0, 'HR@5': '0.1760', 'NDCG@5': '0.1152', 'HR@10': '0.2633', 'NDCG@10': '0.1434', 'HR@20': '0.3672', 'NDCG@20': '0.1697'}
2025-06-13 23:56:12,461 - BSARec_Diginetica
2025-06-13 23:56:12,461 - {'Epoch': 0, 'HR@5': '0.1760', 'NDCG@5': '0.1152', 'HR@10': '0.2633', 'NDCG@10': '0.1434', 'HR@20': '0.3672', 'NDCG@20': '0.1697'}
