2025-06-13 23:18:59,047 - Namespace(data_dir='data/self_processed/', output_dir='hparam_search/', data_name='Diginetica', train_name='BSARec_Diginetica', num_items=10, num_users=14829, lr=0.001, batch_size=256, epochs=200, no_cuda=False, log_freq=1, patience=10, num_workers=4, seed=42, weight_decay=0.0, adam_beta1=0.9, adam_beta2=0.999, gpu_id='0', variance=5, model_type='BSARec', max_seq_length=50, hidden_size=64, num_hidden_layers=2, hidden_act='gelu', num_attention_heads=2, attention_probs_dropout_prob=0.5, hidden_dropout_prob=0.5, initializer_range=0.02, c=7, alpha=0.5, cuda_condition=True, data_file='data/self_processed/Diginetica.txt', item_size=9441, checkpoint_path=PosixPath('/gpfs/home3/scur2771/BSARec/BSARec/src/hparam_search/BSARec_Diginetica/12367757_43/model.pt'), same_target_path='data/self_processed/Diginetica_same_target.npy')
2025-06-13 23:18:59,064 - BSARecModel(
  (item_embeddings): Embedding(9441, 64, padding_idx=0)
  (position_embeddings): Embedding(50, 64)
  (LayerNorm): LayerNorm()
  (dropout): Dropout(p=0.5, inplace=False)
  (item_encoder): BSARecEncoder(
    (blocks): ModuleList(
      (0): BSARecBlock(
        (layer): BSARecLayer(
          (filter_layer): FrequencyLayer(
            (out_dropout): Dropout(p=0.5, inplace=False)
            (LayerNorm): LayerNorm()
          )
          (attention_layer): MultiHeadAttention(
            (query): Linear(in_features=64, out_features=64, bias=True)
            (key): Linear(in_features=64, out_features=64, bias=True)
            (value): Linear(in_features=64, out_features=64, bias=True)
            (softmax): Softmax(dim=-1)
            (attn_dropout): Dropout(p=0.5, inplace=False)
            (dense): Linear(in_features=64, out_features=64, bias=True)
            (LayerNorm): LayerNorm((64,), eps=1e-12, elementwise_affine=True)
            (out_dropout): Dropout(p=0.5, inplace=False)
          )
        )
        (feed_forward): FeedForward(
          (dense_1): Linear(in_features=64, out_features=256, bias=True)
          (dense_2): Linear(in_features=256, out_features=64, bias=True)
          (LayerNorm): LayerNorm()
          (dropout): Dropout(p=0.5, inplace=False)
        )
      )
      (1): BSARecBlock(
        (layer): BSARecLayer(
          (filter_layer): FrequencyLayer(
            (out_dropout): Dropout(p=0.5, inplace=False)
            (LayerNorm): LayerNorm()
          )
          (attention_layer): MultiHeadAttention(
            (query): Linear(in_features=64, out_features=64, bias=True)
            (key): Linear(in_features=64, out_features=64, bias=True)
            (value): Linear(in_features=64, out_features=64, bias=True)
            (softmax): Softmax(dim=-1)
            (attn_dropout): Dropout(p=0.5, inplace=False)
            (dense): Linear(in_features=64, out_features=64, bias=True)
            (LayerNorm): LayerNorm((64,), eps=1e-12, elementwise_affine=True)
            (out_dropout): Dropout(p=0.5, inplace=False)
          )
        )
        (feed_forward): FeedForward(
          (dense_1): Linear(in_features=64, out_features=256, bias=True)
          (dense_2): Linear(in_features=256, out_features=64, bias=True)
          (LayerNorm): LayerNorm()
          (dropout): Dropout(p=0.5, inplace=False)
        )
      )
    )
  )
)
2025-06-13 23:19:01,286 - Total Parameters: 707904
2025-06-13 23:19:09,856 - {'epoch': 0, 'rec_loss': '8.6737'}
2025-06-13 23:19:14,097 - {'Epoch': 0, 'HR@5': '0.0316', 'NDCG@5': '0.0214', 'HR@10': '0.0458', 'NDCG@10': '0.0260', 'HR@20': '0.0638', 'NDCG@20': '0.0305'}
2025-06-13 23:19:14,098 - Validation score increased.  Saving model ...
2025-06-13 23:19:21,531 - {'epoch': 1, 'rec_loss': '7.5035'}
2025-06-13 23:19:25,813 - {'Epoch': 1, 'HR@5': '0.0977', 'NDCG@5': '0.0635', 'HR@10': '0.1459', 'NDCG@10': '0.0790', 'HR@20': '0.2084', 'NDCG@20': '0.0948'}
2025-06-13 23:19:25,814 - Validation score increased.  Saving model ...
2025-06-13 23:19:33,256 - {'epoch': 2, 'rec_loss': '6.2427'}
2025-06-13 23:19:37,553 - {'Epoch': 2, 'HR@5': '0.1317', 'NDCG@5': '0.0870', 'HR@10': '0.2013', 'NDCG@10': '0.1094', 'HR@20': '0.2818', 'NDCG@20': '0.1298'}
2025-06-13 23:19:37,554 - Validation score increased.  Saving model ...
2025-06-13 23:19:44,933 - {'epoch': 3, 'rec_loss': '5.5225'}
2025-06-13 23:19:49,242 - {'Epoch': 3, 'HR@5': '0.1512', 'NDCG@5': '0.0996', 'HR@10': '0.2277', 'NDCG@10': '0.1243', 'HR@20': '0.3211', 'NDCG@20': '0.1478'}
2025-06-13 23:19:49,248 - Validation score increased.  Saving model ...
2025-06-13 23:19:56,670 - {'epoch': 4, 'rec_loss': '5.1760'}
2025-06-13 23:20:01,094 - {'Epoch': 4, 'HR@5': '0.1578', 'NDCG@5': '0.1036', 'HR@10': '0.2409', 'NDCG@10': '0.1304', 'HR@20': '0.3410', 'NDCG@20': '0.1557'}
2025-06-13 23:20:01,096 - Validation score increased.  Saving model ...
2025-06-13 23:20:08,554 - {'epoch': 5, 'rec_loss': '5.0117'}
2025-06-13 23:20:12,955 - {'Epoch': 5, 'HR@5': '0.1637', 'NDCG@5': '0.1077', 'HR@10': '0.2475', 'NDCG@10': '0.1347', 'HR@20': '0.3478', 'NDCG@20': '0.1601'}
2025-06-13 23:20:12,957 - Validation score increased.  Saving model ...
2025-06-13 23:20:20,429 - {'epoch': 6, 'rec_loss': '4.9184'}
2025-06-13 23:20:24,822 - {'Epoch': 6, 'HR@5': '0.1687', 'NDCG@5': '0.1107', 'HR@10': '0.2531', 'NDCG@10': '0.1378', 'HR@20': '0.3537', 'NDCG@20': '0.1632'}
2025-06-13 23:20:24,824 - Validation score increased.  Saving model ...
2025-06-13 23:20:32,304 - {'epoch': 7, 'rec_loss': '4.8573'}
2025-06-13 23:20:36,664 - {'Epoch': 7, 'HR@5': '0.1670', 'NDCG@5': '0.1090', 'HR@10': '0.2549', 'NDCG@10': '0.1374', 'HR@20': '0.3556', 'NDCG@20': '0.1628'}
2025-06-13 23:20:36,666 - EarlyStopping counter: 1 out of 10
2025-06-13 23:20:44,046 - {'epoch': 8, 'rec_loss': '4.8180'}
2025-06-13 23:20:48,422 - {'Epoch': 8, 'HR@5': '0.1704', 'NDCG@5': '0.1104', 'HR@10': '0.2561', 'NDCG@10': '0.1379', 'HR@20': '0.3586', 'NDCG@20': '0.1638'}
2025-06-13 23:20:48,424 - Validation score increased.  Saving model ...
2025-06-13 23:20:55,936 - {'epoch': 9, 'rec_loss': '4.7799'}
2025-06-13 23:21:00,430 - {'Epoch': 9, 'HR@5': '0.1704', 'NDCG@5': '0.1108', 'HR@10': '0.2566', 'NDCG@10': '0.1386', 'HR@20': '0.3590', 'NDCG@20': '0.1644'}
2025-06-13 23:21:00,431 - Validation score increased.  Saving model ...
2025-06-13 23:21:07,880 - {'epoch': 10, 'rec_loss': '4.7534'}
2025-06-13 23:21:12,293 - {'Epoch': 10, 'HR@5': '0.1674', 'NDCG@5': '0.1101', 'HR@10': '0.2565', 'NDCG@10': '0.1388', 'HR@20': '0.3601', 'NDCG@20': '0.1651'}
2025-06-13 23:21:12,294 - Validation score increased.  Saving model ...
2025-06-13 23:21:19,778 - {'epoch': 11, 'rec_loss': '4.7255'}
2025-06-13 23:21:24,241 - {'Epoch': 11, 'HR@5': '0.1687', 'NDCG@5': '0.1109', 'HR@10': '0.2569', 'NDCG@10': '0.1393', 'HR@20': '0.3591', 'NDCG@20': '0.1651'}
2025-06-13 23:21:24,245 - Validation score increased.  Saving model ...
2025-06-13 23:21:31,725 - {'epoch': 12, 'rec_loss': '4.7012'}
2025-06-13 23:21:36,108 - {'Epoch': 12, 'HR@5': '0.1703', 'NDCG@5': '0.1112', 'HR@10': '0.2592', 'NDCG@10': '0.1398', 'HR@20': '0.3620', 'NDCG@20': '0.1657'}
2025-06-13 23:21:36,110 - Validation score increased.  Saving model ...
2025-06-13 23:21:43,539 - {'epoch': 13, 'rec_loss': '4.6931'}
2025-06-13 23:21:48,013 - {'Epoch': 13, 'HR@5': '0.1679', 'NDCG@5': '0.1109', 'HR@10': '0.2584', 'NDCG@10': '0.1400', 'HR@20': '0.3618', 'NDCG@20': '0.1663'}
2025-06-13 23:21:48,015 - Validation score increased.  Saving model ...
2025-06-13 23:21:55,413 - {'epoch': 14, 'rec_loss': '4.6718'}
2025-06-13 23:21:59,871 - {'Epoch': 14, 'HR@5': '0.1710', 'NDCG@5': '0.1119', 'HR@10': '0.2578', 'NDCG@10': '0.1398', 'HR@20': '0.3599', 'NDCG@20': '0.1656'}
2025-06-13 23:21:59,873 - EarlyStopping counter: 1 out of 10
2025-06-13 23:22:07,316 - {'epoch': 15, 'rec_loss': '4.6626'}
2025-06-13 23:22:11,758 - {'Epoch': 15, 'HR@5': '0.1714', 'NDCG@5': '0.1123', 'HR@10': '0.2582', 'NDCG@10': '0.1403', 'HR@20': '0.3602', 'NDCG@20': '0.1662'}
2025-06-13 23:22:11,760 - EarlyStopping counter: 2 out of 10
2025-06-13 23:22:19,231 - {'epoch': 16, 'rec_loss': '4.6419'}
2025-06-13 23:22:23,656 - {'Epoch': 16, 'HR@5': '0.1699', 'NDCG@5': '0.1110', 'HR@10': '0.2554', 'NDCG@10': '0.1385', 'HR@20': '0.3596', 'NDCG@20': '0.1648'}
2025-06-13 23:22:23,657 - EarlyStopping counter: 3 out of 10
2025-06-13 23:22:31,097 - {'epoch': 17, 'rec_loss': '4.6311'}
2025-06-13 23:22:35,572 - {'Epoch': 17, 'HR@5': '0.1718', 'NDCG@5': '0.1123', 'HR@10': '0.2592', 'NDCG@10': '0.1404', 'HR@20': '0.3601', 'NDCG@20': '0.1659'}
2025-06-13 23:22:35,574 - EarlyStopping counter: 4 out of 10
2025-06-13 23:22:43,024 - {'epoch': 18, 'rec_loss': '4.6185'}
2025-06-13 23:22:47,440 - {'Epoch': 18, 'HR@5': '0.1740', 'NDCG@5': '0.1140', 'HR@10': '0.2607', 'NDCG@10': '0.1419', 'HR@20': '0.3607', 'NDCG@20': '0.1672'}
2025-06-13 23:22:47,441 - Validation score increased.  Saving model ...
2025-06-13 23:22:54,876 - {'epoch': 19, 'rec_loss': '4.6093'}
2025-06-13 23:22:59,353 - {'Epoch': 19, 'HR@5': '0.1687', 'NDCG@5': '0.1103', 'HR@10': '0.2578', 'NDCG@10': '0.1391', 'HR@20': '0.3602', 'NDCG@20': '0.1650'}
2025-06-13 23:22:59,354 - EarlyStopping counter: 1 out of 10
2025-06-13 23:23:06,729 - {'epoch': 20, 'rec_loss': '4.5976'}
2025-06-13 23:23:11,205 - {'Epoch': 20, 'HR@5': '0.1732', 'NDCG@5': '0.1126', 'HR@10': '0.2590', 'NDCG@10': '0.1403', 'HR@20': '0.3617', 'NDCG@20': '0.1663'}
2025-06-13 23:23:11,206 - EarlyStopping counter: 2 out of 10
2025-06-13 23:23:18,648 - {'epoch': 21, 'rec_loss': '4.5862'}
2025-06-13 23:23:23,083 - {'Epoch': 21, 'HR@5': '0.1737', 'NDCG@5': '0.1131', 'HR@10': '0.2626', 'NDCG@10': '0.1418', 'HR@20': '0.3607', 'NDCG@20': '0.1666'}
2025-06-13 23:23:23,084 - EarlyStopping counter: 3 out of 10
2025-06-13 23:23:30,510 - {'epoch': 22, 'rec_loss': '4.5841'}
2025-06-13 23:23:34,888 - {'Epoch': 22, 'HR@5': '0.1735', 'NDCG@5': '0.1143', 'HR@10': '0.2612', 'NDCG@10': '0.1426', 'HR@20': '0.3636', 'NDCG@20': '0.1685'}
2025-06-13 23:23:34,888 - Validation score increased.  Saving model ...
2025-06-13 23:23:42,277 - {'epoch': 23, 'rec_loss': '4.5704'}
2025-06-13 23:23:46,697 - {'Epoch': 23, 'HR@5': '0.1713', 'NDCG@5': '0.1116', 'HR@10': '0.2597', 'NDCG@10': '0.1401', 'HR@20': '0.3589', 'NDCG@20': '0.1652'}
2025-06-13 23:23:46,699 - EarlyStopping counter: 1 out of 10
2025-06-13 23:23:54,088 - {'epoch': 24, 'rec_loss': '4.5634'}
2025-06-13 23:23:58,574 - {'Epoch': 24, 'HR@5': '0.1722', 'NDCG@5': '0.1123', 'HR@10': '0.2599', 'NDCG@10': '0.1406', 'HR@20': '0.3611', 'NDCG@20': '0.1661'}
2025-06-13 23:23:58,577 - EarlyStopping counter: 2 out of 10
2025-06-13 23:24:06,043 - {'epoch': 25, 'rec_loss': '4.5532'}
2025-06-13 23:24:10,429 - {'Epoch': 25, 'HR@5': '0.1764', 'NDCG@5': '0.1158', 'HR@10': '0.2598', 'NDCG@10': '0.1428', 'HR@20': '0.3603', 'NDCG@20': '0.1682'}
2025-06-13 23:24:10,432 - EarlyStopping counter: 3 out of 10
2025-06-13 23:24:17,845 - {'epoch': 26, 'rec_loss': '4.5472'}
2025-06-13 23:24:22,253 - {'Epoch': 26, 'HR@5': '0.1735', 'NDCG@5': '0.1138', 'HR@10': '0.2602', 'NDCG@10': '0.1417', 'HR@20': '0.3589', 'NDCG@20': '0.1667'}
2025-06-13 23:24:22,256 - EarlyStopping counter: 4 out of 10
2025-06-13 23:24:29,769 - {'epoch': 27, 'rec_loss': '4.5452'}
2025-06-13 23:24:34,152 - {'Epoch': 27, 'HR@5': '0.1728', 'NDCG@5': '0.1128', 'HR@10': '0.2596', 'NDCG@10': '0.1408', 'HR@20': '0.3615', 'NDCG@20': '0.1666'}
2025-06-13 23:24:34,154 - EarlyStopping counter: 5 out of 10
2025-06-13 23:24:41,622 - {'epoch': 28, 'rec_loss': '4.5282'}
2025-06-13 23:24:46,020 - {'Epoch': 28, 'HR@5': '0.1751', 'NDCG@5': '0.1149', 'HR@10': '0.2611', 'NDCG@10': '0.1426', 'HR@20': '0.3609', 'NDCG@20': '0.1679'}
2025-06-13 23:24:46,022 - EarlyStopping counter: 6 out of 10
2025-06-13 23:24:53,435 - {'epoch': 29, 'rec_loss': '4.5264'}
2025-06-13 23:24:57,904 - {'Epoch': 29, 'HR@5': '0.1708', 'NDCG@5': '0.1131', 'HR@10': '0.2553', 'NDCG@10': '0.1403', 'HR@20': '0.3573', 'NDCG@20': '0.1661'}
2025-06-13 23:24:57,906 - EarlyStopping counter: 7 out of 10
2025-06-13 23:25:05,389 - {'epoch': 30, 'rec_loss': '4.5221'}
2025-06-13 23:25:09,739 - {'Epoch': 30, 'HR@5': '0.1726', 'NDCG@5': '0.1133', 'HR@10': '0.2581', 'NDCG@10': '0.1409', 'HR@20': '0.3613', 'NDCG@20': '0.1671'}
2025-06-13 23:25:09,741 - EarlyStopping counter: 8 out of 10
2025-06-13 23:25:17,145 - {'epoch': 31, 'rec_loss': '4.5134'}
2025-06-13 23:25:21,495 - {'Epoch': 31, 'HR@5': '0.1731', 'NDCG@5': '0.1136', 'HR@10': '0.2594', 'NDCG@10': '0.1413', 'HR@20': '0.3610', 'NDCG@20': '0.1669'}
2025-06-13 23:25:21,496 - EarlyStopping counter: 9 out of 10
2025-06-13 23:25:29,062 - {'epoch': 32, 'rec_loss': '4.5089'}
2025-06-13 23:25:33,541 - {'Epoch': 32, 'HR@5': '0.1715', 'NDCG@5': '0.1118', 'HR@10': '0.2607', 'NDCG@10': '0.1406', 'HR@20': '0.3611', 'NDCG@20': '0.1659'}
2025-06-13 23:25:33,542 - EarlyStopping counter: 10 out of 10
2025-06-13 23:25:33,542 - Early stopping
2025-06-13 23:25:33,542 - ---------------Validation Score---------------
2025-06-13 23:25:37,926 - {'Epoch': 0, 'HR@5': '0.1735', 'NDCG@5': '0.1143', 'HR@10': '0.2612', 'NDCG@10': '0.1426', 'HR@20': '0.3636', 'NDCG@20': '0.1685'}
2025-06-13 23:25:37,927 - BSARec_Diginetica
2025-06-13 23:25:37,927 - {'Epoch': 0, 'HR@5': '0.1735', 'NDCG@5': '0.1143', 'HR@10': '0.2612', 'NDCG@10': '0.1426', 'HR@20': '0.3636', 'NDCG@20': '0.1685'}
