2025-06-19 19:30:49,272 - Namespace(data_dir='data/', output_dir='output/DuoRec/', data_name='LastFM', do_eval=False, load_model=None, train_name='DuoRec_LastFM_43', num_items=10, num_users=1091, lr=0.001, batch_size=256, epochs=200, no_cuda=False, log_freq=1, patience=10, num_workers=4, seed=43, weight_decay=0.0, adam_beta1=0.9, adam_beta2=0.999, gpu_id='0', variance=5, model_type='DuoRec', max_seq_length=50, hidden_size=64, num_hidden_layers=2, hidden_act='gelu', num_attention_heads=4, attention_probs_dropout_prob=0.5, hidden_dropout_prob=0.5, initializer_range=0.02, tau=1.0, lmd=0.1, lmd_sem=0.1, ssl='us_x', sim='dot', cuda_condition=True, data_file='data/LastFM.txt', item_size=3647, checkpoint_path='output/DuoRec/DuoRec_LastFM_43.pt', same_target_path='data/LastFM_same_target.npy')
2025-06-19 19:30:49,287 - DuoRecModel(
  (item_embeddings): Embedding(3647, 64, padding_idx=0)
  (position_embeddings): Embedding(50, 64)
  (LayerNorm): LayerNorm()
  (dropout): Dropout(p=0.5, inplace=False)
  (item_encoder): TransformerEncoder(
    (blocks): ModuleList(
      (0): TransformerBlock(
        (layer): MultiHeadAttention(
          (query): Linear(in_features=64, out_features=64, bias=True)
          (key): Linear(in_features=64, out_features=64, bias=True)
          (value): Linear(in_features=64, out_features=64, bias=True)
          (softmax): Softmax(dim=-1)
          (attn_dropout): Dropout(p=0.5, inplace=False)
          (dense): Linear(in_features=64, out_features=64, bias=True)
          (LayerNorm): LayerNorm((64,), eps=1e-12, elementwise_affine=True)
          (out_dropout): Dropout(p=0.5, inplace=False)
        )
        (feed_forward): FeedForward(
          (dense_1): Linear(in_features=64, out_features=256, bias=True)
          (dense_2): Linear(in_features=256, out_features=64, bias=True)
          (LayerNorm): LayerNorm()
          (dropout): Dropout(p=0.5, inplace=False)
        )
      )
      (1): TransformerBlock(
        (layer): MultiHeadAttention(
          (query): Linear(in_features=64, out_features=64, bias=True)
          (key): Linear(in_features=64, out_features=64, bias=True)
          (value): Linear(in_features=64, out_features=64, bias=True)
          (softmax): Softmax(dim=-1)
          (attn_dropout): Dropout(p=0.5, inplace=False)
          (dense): Linear(in_features=64, out_features=64, bias=True)
          (LayerNorm): LayerNorm((64,), eps=1e-12, elementwise_affine=True)
          (out_dropout): Dropout(p=0.5, inplace=False)
        )
        (feed_forward): FeedForward(
          (dense_1): Linear(in_features=64, out_features=256, bias=True)
          (dense_2): Linear(in_features=256, out_features=64, bias=True)
          (LayerNorm): LayerNorm()
          (dropout): Dropout(p=0.5, inplace=False)
        )
      )
    )
  )
  (aug_nce_fct): CrossEntropyLoss()
)
2025-06-19 19:30:51,756 - Total Parameters: 336704
2025-06-19 19:30:55,335 - {'epoch': 0, 'rec_loss': '8.8524'}
2025-06-19 19:30:55,898 - {'Epoch': 0, 'HR@5': '0.0193', 'NDCG@5': '0.0130', 'HR@10': '0.0330', 'NDCG@10': '0.0173', 'HR@20': '0.0633', 'NDCG@20': '0.0248'}
2025-06-19 19:30:55,898 - Validation score increased.  Saving model ...
2025-06-19 19:30:58,781 - {'epoch': 1, 'rec_loss': '8.5135'}
2025-06-19 19:30:59,348 - {'Epoch': 1, 'HR@5': '0.0229', 'NDCG@5': '0.0138', 'HR@10': '0.0367', 'NDCG@10': '0.0182', 'HR@20': '0.0596', 'NDCG@20': '0.0240'}
2025-06-19 19:30:59,348 - EarlyStopping counter: 1 out of 10
2025-06-19 19:31:02,234 - {'epoch': 2, 'rec_loss': '8.4750'}
2025-06-19 19:31:02,816 - {'Epoch': 2, 'HR@5': '0.0156', 'NDCG@5': '0.0124', 'HR@10': '0.0321', 'NDCG@10': '0.0178', 'HR@20': '0.0633', 'NDCG@20': '0.0257'}
2025-06-19 19:31:02,816 - Validation score increased.  Saving model ...
2025-06-19 19:31:05,692 - {'epoch': 3, 'rec_loss': '8.4537'}
2025-06-19 19:31:06,269 - {'Epoch': 3, 'HR@5': '0.0257', 'NDCG@5': '0.0159', 'HR@10': '0.0367', 'NDCG@10': '0.0193', 'HR@20': '0.0624', 'NDCG@20': '0.0257'}
2025-06-19 19:31:06,270 - Validation score increased.  Saving model ...
2025-06-19 19:31:09,118 - {'epoch': 4, 'rec_loss': '8.4367'}
2025-06-19 19:31:09,709 - {'Epoch': 4, 'HR@5': '0.0193', 'NDCG@5': '0.0127', 'HR@10': '0.0367', 'NDCG@10': '0.0185', 'HR@20': '0.0624', 'NDCG@20': '0.0249'}
2025-06-19 19:31:09,710 - EarlyStopping counter: 1 out of 10
2025-06-19 19:31:12,576 - {'epoch': 5, 'rec_loss': '8.4017'}
2025-06-19 19:31:13,140 - {'Epoch': 5, 'HR@5': '0.0220', 'NDCG@5': '0.0142', 'HR@10': '0.0413', 'NDCG@10': '0.0205', 'HR@20': '0.0642', 'NDCG@20': '0.0261'}
2025-06-19 19:31:13,141 - Validation score increased.  Saving model ...
2025-06-19 19:31:16,120 - {'epoch': 6, 'rec_loss': '8.3438'}
2025-06-19 19:31:16,732 - {'Epoch': 6, 'HR@5': '0.0257', 'NDCG@5': '0.0161', 'HR@10': '0.0394', 'NDCG@10': '0.0206', 'HR@20': '0.0624', 'NDCG@20': '0.0263'}
2025-06-19 19:31:16,733 - Validation score increased.  Saving model ...
2025-06-19 19:31:19,666 - {'epoch': 7, 'rec_loss': '8.2845'}
2025-06-19 19:31:20,237 - {'Epoch': 7, 'HR@5': '0.0266', 'NDCG@5': '0.0164', 'HR@10': '0.0413', 'NDCG@10': '0.0212', 'HR@20': '0.0624', 'NDCG@20': '0.0265'}
2025-06-19 19:31:20,238 - Validation score increased.  Saving model ...
2025-06-19 19:31:23,145 - {'epoch': 8, 'rec_loss': '8.2279'}
2025-06-19 19:31:23,716 - {'Epoch': 8, 'HR@5': '0.0312', 'NDCG@5': '0.0197', 'HR@10': '0.0431', 'NDCG@10': '0.0236', 'HR@20': '0.0642', 'NDCG@20': '0.0289'}
2025-06-19 19:31:23,717 - Validation score increased.  Saving model ...
2025-06-19 19:31:26,570 - {'epoch': 9, 'rec_loss': '8.1672'}
2025-06-19 19:31:27,151 - {'Epoch': 9, 'HR@5': '0.0312', 'NDCG@5': '0.0201', 'HR@10': '0.0413', 'NDCG@10': '0.0235', 'HR@20': '0.0743', 'NDCG@20': '0.0318'}
2025-06-19 19:31:27,152 - Validation score increased.  Saving model ...
2025-06-19 19:31:30,033 - {'epoch': 10, 'rec_loss': '8.0950'}
2025-06-19 19:31:30,599 - {'Epoch': 10, 'HR@5': '0.0321', 'NDCG@5': '0.0205', 'HR@10': '0.0541', 'NDCG@10': '0.0274', 'HR@20': '0.0798', 'NDCG@20': '0.0338'}
2025-06-19 19:31:30,600 - Validation score increased.  Saving model ...
2025-06-19 19:31:33,488 - {'epoch': 11, 'rec_loss': '8.0171'}
2025-06-19 19:31:34,058 - {'Epoch': 11, 'HR@5': '0.0349', 'NDCG@5': '0.0214', 'HR@10': '0.0587', 'NDCG@10': '0.0290', 'HR@20': '0.0844', 'NDCG@20': '0.0353'}
2025-06-19 19:31:34,059 - Validation score increased.  Saving model ...
2025-06-19 19:31:36,936 - {'epoch': 12, 'rec_loss': '7.9400'}
2025-06-19 19:31:37,508 - {'Epoch': 12, 'HR@5': '0.0413', 'NDCG@5': '0.0249', 'HR@10': '0.0569', 'NDCG@10': '0.0300', 'HR@20': '0.0872', 'NDCG@20': '0.0377'}
2025-06-19 19:31:37,509 - Validation score increased.  Saving model ...
2025-06-19 19:31:40,371 - {'epoch': 13, 'rec_loss': '7.8617'}
2025-06-19 19:31:40,962 - {'Epoch': 13, 'HR@5': '0.0404', 'NDCG@5': '0.0249', 'HR@10': '0.0596', 'NDCG@10': '0.0310', 'HR@20': '0.0908', 'NDCG@20': '0.0389'}
2025-06-19 19:31:40,962 - Validation score increased.  Saving model ...
2025-06-19 19:31:43,790 - {'epoch': 14, 'rec_loss': '7.7893'}
2025-06-19 19:31:44,385 - {'Epoch': 14, 'HR@5': '0.0450', 'NDCG@5': '0.0270', 'HR@10': '0.0615', 'NDCG@10': '0.0322', 'HR@20': '0.0908', 'NDCG@20': '0.0397'}
2025-06-19 19:31:44,386 - Validation score increased.  Saving model ...
2025-06-19 19:31:47,270 - {'epoch': 15, 'rec_loss': '7.7178'}
2025-06-19 19:31:47,852 - {'Epoch': 15, 'HR@5': '0.0450', 'NDCG@5': '0.0294', 'HR@10': '0.0679', 'NDCG@10': '0.0367', 'HR@20': '0.0908', 'NDCG@20': '0.0426'}
2025-06-19 19:31:47,853 - Validation score increased.  Saving model ...
2025-06-19 19:31:50,732 - {'epoch': 16, 'rec_loss': '7.6445'}
2025-06-19 19:31:51,326 - {'Epoch': 16, 'HR@5': '0.0450', 'NDCG@5': '0.0302', 'HR@10': '0.0651', 'NDCG@10': '0.0368', 'HR@20': '0.0945', 'NDCG@20': '0.0442'}
2025-06-19 19:31:51,326 - Validation score increased.  Saving model ...
2025-06-19 19:31:54,207 - {'epoch': 17, 'rec_loss': '7.5740'}
2025-06-19 19:31:54,762 - {'Epoch': 17, 'HR@5': '0.0486', 'NDCG@5': '0.0302', 'HR@10': '0.0688', 'NDCG@10': '0.0366', 'HR@20': '0.0917', 'NDCG@20': '0.0424'}
2025-06-19 19:31:54,763 - EarlyStopping counter: 1 out of 10
2025-06-19 19:31:57,661 - {'epoch': 18, 'rec_loss': '7.5139'}
2025-06-19 19:31:58,215 - {'Epoch': 18, 'HR@5': '0.0468', 'NDCG@5': '0.0295', 'HR@10': '0.0651', 'NDCG@10': '0.0354', 'HR@20': '0.1018', 'NDCG@20': '0.0446'}
2025-06-19 19:31:58,216 - Validation score increased.  Saving model ...
2025-06-19 19:32:01,085 - {'epoch': 19, 'rec_loss': '7.4483'}
2025-06-19 19:32:01,679 - {'Epoch': 19, 'HR@5': '0.0514', 'NDCG@5': '0.0345', 'HR@10': '0.0734', 'NDCG@10': '0.0416', 'HR@20': '0.1009', 'NDCG@20': '0.0485'}
2025-06-19 19:32:01,680 - Validation score increased.  Saving model ...
2025-06-19 19:32:04,557 - {'epoch': 20, 'rec_loss': '7.3896'}
2025-06-19 19:32:05,145 - {'Epoch': 20, 'HR@5': '0.0477', 'NDCG@5': '0.0306', 'HR@10': '0.0670', 'NDCG@10': '0.0369', 'HR@20': '0.1064', 'NDCG@20': '0.0467'}
2025-06-19 19:32:05,145 - EarlyStopping counter: 1 out of 10
2025-06-19 19:32:08,072 - {'epoch': 21, 'rec_loss': '7.3183'}
2025-06-19 19:32:08,626 - {'Epoch': 21, 'HR@5': '0.0505', 'NDCG@5': '0.0332', 'HR@10': '0.0697', 'NDCG@10': '0.0394', 'HR@20': '0.1092', 'NDCG@20': '0.0493'}
2025-06-19 19:32:08,627 - Validation score increased.  Saving model ...
2025-06-19 19:32:11,491 - {'epoch': 22, 'rec_loss': '7.2726'}
2025-06-19 19:32:12,059 - {'Epoch': 22, 'HR@5': '0.0495', 'NDCG@5': '0.0322', 'HR@10': '0.0706', 'NDCG@10': '0.0391', 'HR@20': '0.1046', 'NDCG@20': '0.0477'}
2025-06-19 19:32:12,059 - EarlyStopping counter: 1 out of 10
2025-06-19 19:32:14,905 - {'epoch': 23, 'rec_loss': '7.2131'}
2025-06-19 19:32:15,593 - {'Epoch': 23, 'HR@5': '0.0459', 'NDCG@5': '0.0294', 'HR@10': '0.0743', 'NDCG@10': '0.0385', 'HR@20': '0.1110', 'NDCG@20': '0.0477'}
2025-06-19 19:32:15,594 - EarlyStopping counter: 2 out of 10
2025-06-19 19:32:18,464 - {'epoch': 24, 'rec_loss': '7.1614'}
2025-06-19 19:32:19,026 - {'Epoch': 24, 'HR@5': '0.0495', 'NDCG@5': '0.0322', 'HR@10': '0.0725', 'NDCG@10': '0.0394', 'HR@20': '0.1156', 'NDCG@20': '0.0502'}
2025-06-19 19:32:19,027 - Validation score increased.  Saving model ...
2025-06-19 19:32:21,944 - {'epoch': 25, 'rec_loss': '7.1103'}
2025-06-19 19:32:22,516 - {'Epoch': 25, 'HR@5': '0.0486', 'NDCG@5': '0.0319', 'HR@10': '0.0780', 'NDCG@10': '0.0414', 'HR@20': '0.1165', 'NDCG@20': '0.0510'}
2025-06-19 19:32:22,516 - Validation score increased.  Saving model ...
2025-06-19 19:32:25,464 - {'epoch': 26, 'rec_loss': '7.0618'}
2025-06-19 19:32:26,046 - {'Epoch': 26, 'HR@5': '0.0486', 'NDCG@5': '0.0321', 'HR@10': '0.0761', 'NDCG@10': '0.0410', 'HR@20': '0.1239', 'NDCG@20': '0.0530'}
2025-06-19 19:32:26,046 - Validation score increased.  Saving model ...
2025-06-19 19:32:28,959 - {'epoch': 27, 'rec_loss': '7.0147'}
2025-06-19 19:32:29,539 - {'Epoch': 27, 'HR@5': '0.0486', 'NDCG@5': '0.0308', 'HR@10': '0.0780', 'NDCG@10': '0.0402', 'HR@20': '0.1220', 'NDCG@20': '0.0513'}
2025-06-19 19:32:29,539 - EarlyStopping counter: 1 out of 10
2025-06-19 19:32:32,424 - {'epoch': 28, 'rec_loss': '6.9668'}
2025-06-19 19:32:33,001 - {'Epoch': 28, 'HR@5': '0.0459', 'NDCG@5': '0.0304', 'HR@10': '0.0853', 'NDCG@10': '0.0430', 'HR@20': '0.1211', 'NDCG@20': '0.0519'}
2025-06-19 19:32:33,002 - EarlyStopping counter: 2 out of 10
2025-06-19 19:32:35,908 - {'epoch': 29, 'rec_loss': '6.9274'}
2025-06-19 19:32:36,493 - {'Epoch': 29, 'HR@5': '0.0477', 'NDCG@5': '0.0312', 'HR@10': '0.0826', 'NDCG@10': '0.0427', 'HR@20': '0.1239', 'NDCG@20': '0.0531'}
2025-06-19 19:32:36,494 - Validation score increased.  Saving model ...
2025-06-19 19:32:39,638 - {'epoch': 30, 'rec_loss': '6.8784'}
2025-06-19 19:32:40,234 - {'Epoch': 30, 'HR@5': '0.0495', 'NDCG@5': '0.0326', 'HR@10': '0.0844', 'NDCG@10': '0.0437', 'HR@20': '0.1257', 'NDCG@20': '0.0540'}
2025-06-19 19:32:40,235 - Validation score increased.  Saving model ...
2025-06-19 19:32:43,329 - {'epoch': 31, 'rec_loss': '6.8434'}
2025-06-19 19:32:43,897 - {'Epoch': 31, 'HR@5': '0.0514', 'NDCG@5': '0.0339', 'HR@10': '0.0826', 'NDCG@10': '0.0438', 'HR@20': '0.1229', 'NDCG@20': '0.0540'}
2025-06-19 19:32:43,898 - EarlyStopping counter: 1 out of 10
2025-06-19 19:32:46,876 - {'epoch': 32, 'rec_loss': '6.7996'}
2025-06-19 19:32:47,434 - {'Epoch': 32, 'HR@5': '0.0477', 'NDCG@5': '0.0306', 'HR@10': '0.0789', 'NDCG@10': '0.0408', 'HR@20': '0.1202', 'NDCG@20': '0.0513'}
2025-06-19 19:32:47,434 - EarlyStopping counter: 2 out of 10
2025-06-19 19:32:50,319 - {'epoch': 33, 'rec_loss': '6.7619'}
2025-06-19 19:32:50,908 - {'Epoch': 33, 'HR@5': '0.0505', 'NDCG@5': '0.0325', 'HR@10': '0.0835', 'NDCG@10': '0.0434', 'HR@20': '0.1202', 'NDCG@20': '0.0525'}
2025-06-19 19:32:50,909 - EarlyStopping counter: 3 out of 10
2025-06-19 19:32:53,796 - {'epoch': 34, 'rec_loss': '6.7276'}
2025-06-19 19:32:54,383 - {'Epoch': 34, 'HR@5': '0.0523', 'NDCG@5': '0.0345', 'HR@10': '0.0890', 'NDCG@10': '0.0463', 'HR@20': '0.1229', 'NDCG@20': '0.0547'}
2025-06-19 19:32:54,384 - Validation score increased.  Saving model ...
2025-06-19 19:32:57,266 - {'epoch': 35, 'rec_loss': '6.6906'}
2025-06-19 19:32:57,819 - {'Epoch': 35, 'HR@5': '0.0550', 'NDCG@5': '0.0359', 'HR@10': '0.0853', 'NDCG@10': '0.0455', 'HR@20': '0.1183', 'NDCG@20': '0.0539'}
2025-06-19 19:32:57,820 - EarlyStopping counter: 1 out of 10
2025-06-19 19:33:00,764 - {'epoch': 36, 'rec_loss': '6.6564'}
2025-06-19 19:33:01,343 - {'Epoch': 36, 'HR@5': '0.0514', 'NDCG@5': '0.0359', 'HR@10': '0.0881', 'NDCG@10': '0.0475', 'HR@20': '0.1183', 'NDCG@20': '0.0550'}
2025-06-19 19:33:01,344 - Validation score increased.  Saving model ...
2025-06-19 19:33:04,261 - {'epoch': 37, 'rec_loss': '6.6218'}
2025-06-19 19:33:04,868 - {'Epoch': 37, 'HR@5': '0.0541', 'NDCG@5': '0.0368', 'HR@10': '0.0844', 'NDCG@10': '0.0464', 'HR@20': '0.1220', 'NDCG@20': '0.0559'}
2025-06-19 19:33:04,868 - Validation score increased.  Saving model ...
2025-06-19 19:33:07,799 - {'epoch': 38, 'rec_loss': '6.5839'}
2025-06-19 19:33:08,335 - {'Epoch': 38, 'HR@5': '0.0541', 'NDCG@5': '0.0378', 'HR@10': '0.0853', 'NDCG@10': '0.0479', 'HR@20': '0.1211', 'NDCG@20': '0.0570'}
2025-06-19 19:33:08,336 - Validation score increased.  Saving model ...
2025-06-19 19:33:11,237 - {'epoch': 39, 'rec_loss': '6.5559'}
2025-06-19 19:33:11,834 - {'Epoch': 39, 'HR@5': '0.0550', 'NDCG@5': '0.0389', 'HR@10': '0.0844', 'NDCG@10': '0.0483', 'HR@20': '0.1202', 'NDCG@20': '0.0572'}
2025-06-19 19:33:11,835 - Validation score increased.  Saving model ...
2025-06-19 19:33:14,729 - {'epoch': 40, 'rec_loss': '6.5210'}
2025-06-19 19:33:15,333 - {'Epoch': 40, 'HR@5': '0.0569', 'NDCG@5': '0.0397', 'HR@10': '0.0835', 'NDCG@10': '0.0483', 'HR@20': '0.1202', 'NDCG@20': '0.0574'}
2025-06-19 19:33:15,334 - Validation score increased.  Saving model ...
2025-06-19 19:33:18,218 - {'epoch': 41, 'rec_loss': '6.4947'}
2025-06-19 19:33:18,760 - {'Epoch': 41, 'HR@5': '0.0514', 'NDCG@5': '0.0370', 'HR@10': '0.0881', 'NDCG@10': '0.0486', 'HR@20': '0.1220', 'NDCG@20': '0.0569'}
2025-06-19 19:33:18,761 - EarlyStopping counter: 1 out of 10
2025-06-19 19:33:21,670 - {'epoch': 42, 'rec_loss': '6.4587'}
2025-06-19 19:33:22,252 - {'Epoch': 42, 'HR@5': '0.0578', 'NDCG@5': '0.0387', 'HR@10': '0.0890', 'NDCG@10': '0.0486', 'HR@20': '0.1211', 'NDCG@20': '0.0566'}
2025-06-19 19:33:22,252 - EarlyStopping counter: 2 out of 10
2025-06-19 19:33:25,129 - {'epoch': 43, 'rec_loss': '6.4316'}
2025-06-19 19:33:25,684 - {'Epoch': 43, 'HR@5': '0.0550', 'NDCG@5': '0.0375', 'HR@10': '0.0826', 'NDCG@10': '0.0461', 'HR@20': '0.1202', 'NDCG@20': '0.0557'}
2025-06-19 19:33:25,684 - EarlyStopping counter: 3 out of 10
2025-06-19 19:33:28,519 - {'epoch': 44, 'rec_loss': '6.4098'}
2025-06-19 19:33:29,081 - {'Epoch': 44, 'HR@5': '0.0541', 'NDCG@5': '0.0375', 'HR@10': '0.0826', 'NDCG@10': '0.0466', 'HR@20': '0.1275', 'NDCG@20': '0.0577'}
2025-06-19 19:33:29,082 - Validation score increased.  Saving model ...
2025-06-19 19:33:31,965 - {'epoch': 45, 'rec_loss': '6.3889'}
2025-06-19 19:33:32,537 - {'Epoch': 45, 'HR@5': '0.0560', 'NDCG@5': '0.0385', 'HR@10': '0.0844', 'NDCG@10': '0.0477', 'HR@20': '0.1202', 'NDCG@20': '0.0568'}
2025-06-19 19:33:32,538 - EarlyStopping counter: 1 out of 10
2025-06-19 19:33:35,430 - {'epoch': 46, 'rec_loss': '6.3594'}
2025-06-19 19:33:35,984 - {'Epoch': 46, 'HR@5': '0.0569', 'NDCG@5': '0.0393', 'HR@10': '0.0835', 'NDCG@10': '0.0479', 'HR@20': '0.1211', 'NDCG@20': '0.0573'}
2025-06-19 19:33:35,985 - EarlyStopping counter: 2 out of 10
2025-06-19 19:33:38,917 - {'epoch': 47, 'rec_loss': '6.3352'}
2025-06-19 19:33:39,483 - {'Epoch': 47, 'HR@5': '0.0606', 'NDCG@5': '0.0399', 'HR@10': '0.0817', 'NDCG@10': '0.0469', 'HR@20': '0.1156', 'NDCG@20': '0.0555'}
2025-06-19 19:33:39,483 - EarlyStopping counter: 3 out of 10
2025-06-19 19:33:42,374 - {'epoch': 48, 'rec_loss': '6.3086'}
2025-06-19 19:33:42,939 - {'Epoch': 48, 'HR@5': '0.0596', 'NDCG@5': '0.0401', 'HR@10': '0.0844', 'NDCG@10': '0.0481', 'HR@20': '0.1239', 'NDCG@20': '0.0581'}
2025-06-19 19:33:42,940 - Validation score increased.  Saving model ...
2025-06-19 19:33:45,869 - {'epoch': 49, 'rec_loss': '6.2913'}
2025-06-19 19:33:46,441 - {'Epoch': 49, 'HR@5': '0.0596', 'NDCG@5': '0.0386', 'HR@10': '0.0927', 'NDCG@10': '0.0490', 'HR@20': '0.1266', 'NDCG@20': '0.0574'}
2025-06-19 19:33:46,441 - EarlyStopping counter: 1 out of 10
2025-06-19 19:33:49,316 - {'epoch': 50, 'rec_loss': '6.2660'}
2025-06-19 19:33:49,879 - {'Epoch': 50, 'HR@5': '0.0550', 'NDCG@5': '0.0365', 'HR@10': '0.0844', 'NDCG@10': '0.0460', 'HR@20': '0.1229', 'NDCG@20': '0.0557'}
2025-06-19 19:33:49,880 - EarlyStopping counter: 2 out of 10
2025-06-19 19:33:52,782 - {'epoch': 51, 'rec_loss': '6.2470'}
2025-06-19 19:33:53,348 - {'Epoch': 51, 'HR@5': '0.0541', 'NDCG@5': '0.0370', 'HR@10': '0.0835', 'NDCG@10': '0.0465', 'HR@20': '0.1239', 'NDCG@20': '0.0567'}
2025-06-19 19:33:53,349 - EarlyStopping counter: 3 out of 10
2025-06-19 19:33:56,234 - {'epoch': 52, 'rec_loss': '6.2148'}
2025-06-19 19:33:56,819 - {'Epoch': 52, 'HR@5': '0.0560', 'NDCG@5': '0.0377', 'HR@10': '0.0826', 'NDCG@10': '0.0463', 'HR@20': '0.1193', 'NDCG@20': '0.0555'}
2025-06-19 19:33:56,820 - EarlyStopping counter: 4 out of 10
2025-06-19 19:33:59,720 - {'epoch': 53, 'rec_loss': '6.2089'}
2025-06-19 19:34:00,273 - {'Epoch': 53, 'HR@5': '0.0587', 'NDCG@5': '0.0390', 'HR@10': '0.0817', 'NDCG@10': '0.0464', 'HR@20': '0.1193', 'NDCG@20': '0.0560'}
2025-06-19 19:34:00,274 - EarlyStopping counter: 5 out of 10
2025-06-19 19:34:03,141 - {'epoch': 54, 'rec_loss': '6.1865'}
2025-06-19 19:34:03,722 - {'Epoch': 54, 'HR@5': '0.0596', 'NDCG@5': '0.0401', 'HR@10': '0.0853', 'NDCG@10': '0.0483', 'HR@20': '0.1202', 'NDCG@20': '0.0570'}
2025-06-19 19:34:03,723 - EarlyStopping counter: 6 out of 10
2025-06-19 19:34:06,576 - {'epoch': 55, 'rec_loss': '6.1637'}
2025-06-19 19:34:07,153 - {'Epoch': 55, 'HR@5': '0.0615', 'NDCG@5': '0.0417', 'HR@10': '0.0899', 'NDCG@10': '0.0507', 'HR@20': '0.1284', 'NDCG@20': '0.0603'}
2025-06-19 19:34:07,153 - Validation score increased.  Saving model ...
2025-06-19 19:34:10,068 - {'epoch': 56, 'rec_loss': '6.1393'}
2025-06-19 19:34:10,655 - {'Epoch': 56, 'HR@5': '0.0615', 'NDCG@5': '0.0405', 'HR@10': '0.0853', 'NDCG@10': '0.0480', 'HR@20': '0.1202', 'NDCG@20': '0.0567'}
2025-06-19 19:34:10,655 - EarlyStopping counter: 1 out of 10
2025-06-19 19:34:13,519 - {'epoch': 57, 'rec_loss': '6.1297'}
2025-06-19 19:34:14,107 - {'Epoch': 57, 'HR@5': '0.0569', 'NDCG@5': '0.0389', 'HR@10': '0.0844', 'NDCG@10': '0.0476', 'HR@20': '0.1229', 'NDCG@20': '0.0572'}
2025-06-19 19:34:14,108 - EarlyStopping counter: 2 out of 10
2025-06-19 19:34:16,995 - {'epoch': 58, 'rec_loss': '6.1067'}
2025-06-19 19:34:17,603 - {'Epoch': 58, 'HR@5': '0.0615', 'NDCG@5': '0.0408', 'HR@10': '0.0817', 'NDCG@10': '0.0473', 'HR@20': '0.1248', 'NDCG@20': '0.0581'}
2025-06-19 19:34:17,604 - EarlyStopping counter: 3 out of 10
2025-06-19 19:34:20,490 - {'epoch': 59, 'rec_loss': '6.0880'}
2025-06-19 19:34:21,110 - {'Epoch': 59, 'HR@5': '0.0624', 'NDCG@5': '0.0415', 'HR@10': '0.0853', 'NDCG@10': '0.0487', 'HR@20': '0.1248', 'NDCG@20': '0.0585'}
2025-06-19 19:34:21,110 - EarlyStopping counter: 4 out of 10
2025-06-19 19:34:24,042 - {'epoch': 60, 'rec_loss': '6.0663'}
2025-06-19 19:34:24,679 - {'Epoch': 60, 'HR@5': '0.0633', 'NDCG@5': '0.0417', 'HR@10': '0.0853', 'NDCG@10': '0.0487', 'HR@20': '0.1275', 'NDCG@20': '0.0592'}
2025-06-19 19:34:24,680 - EarlyStopping counter: 5 out of 10
2025-06-19 19:34:27,652 - {'epoch': 61, 'rec_loss': '6.0568'}
2025-06-19 19:34:28,279 - {'Epoch': 61, 'HR@5': '0.0587', 'NDCG@5': '0.0405', 'HR@10': '0.0881', 'NDCG@10': '0.0498', 'HR@20': '0.1257', 'NDCG@20': '0.0594'}
2025-06-19 19:34:28,280 - EarlyStopping counter: 6 out of 10
2025-06-19 19:34:31,232 - {'epoch': 62, 'rec_loss': '6.0411'}
2025-06-19 19:34:31,823 - {'Epoch': 62, 'HR@5': '0.0615', 'NDCG@5': '0.0420', 'HR@10': '0.0890', 'NDCG@10': '0.0508', 'HR@20': '0.1257', 'NDCG@20': '0.0601'}
2025-06-19 19:34:31,823 - EarlyStopping counter: 7 out of 10
2025-06-19 19:34:34,721 - {'epoch': 63, 'rec_loss': '6.0297'}
2025-06-19 19:34:35,348 - {'Epoch': 63, 'HR@5': '0.0578', 'NDCG@5': '0.0391', 'HR@10': '0.0881', 'NDCG@10': '0.0488', 'HR@20': '0.1275', 'NDCG@20': '0.0587'}
2025-06-19 19:34:35,349 - EarlyStopping counter: 8 out of 10
2025-06-19 19:34:38,233 - {'epoch': 64, 'rec_loss': '6.0058'}
2025-06-19 19:34:38,839 - {'Epoch': 64, 'HR@5': '0.0596', 'NDCG@5': '0.0406', 'HR@10': '0.0908', 'NDCG@10': '0.0505', 'HR@20': '0.1284', 'NDCG@20': '0.0598'}
2025-06-19 19:34:38,840 - EarlyStopping counter: 9 out of 10
2025-06-19 19:34:41,728 - {'epoch': 65, 'rec_loss': '5.9891'}
2025-06-19 19:34:42,364 - {'Epoch': 65, 'HR@5': '0.0596', 'NDCG@5': '0.0411', 'HR@10': '0.0899', 'NDCG@10': '0.0506', 'HR@20': '0.1312', 'NDCG@20': '0.0609'}
2025-06-19 19:34:42,365 - Validation score increased.  Saving model ...
2025-06-19 19:34:45,253 - {'epoch': 66, 'rec_loss': '5.9829'}
2025-06-19 19:34:45,857 - {'Epoch': 66, 'HR@5': '0.0569', 'NDCG@5': '0.0405', 'HR@10': '0.0881', 'NDCG@10': '0.0506', 'HR@20': '0.1257', 'NDCG@20': '0.0599'}
2025-06-19 19:34:45,857 - EarlyStopping counter: 1 out of 10
2025-06-19 19:34:48,776 - {'epoch': 67, 'rec_loss': '5.9654'}
2025-06-19 19:34:49,396 - {'Epoch': 67, 'HR@5': '0.0615', 'NDCG@5': '0.0413', 'HR@10': '0.0908', 'NDCG@10': '0.0507', 'HR@20': '0.1266', 'NDCG@20': '0.0594'}
2025-06-19 19:34:49,397 - EarlyStopping counter: 2 out of 10
2025-06-19 19:34:52,308 - {'epoch': 68, 'rec_loss': '5.9522'}
2025-06-19 19:34:52,955 - {'Epoch': 68, 'HR@5': '0.0615', 'NDCG@5': '0.0411', 'HR@10': '0.0890', 'NDCG@10': '0.0499', 'HR@20': '0.1248', 'NDCG@20': '0.0587'}
2025-06-19 19:34:52,956 - EarlyStopping counter: 3 out of 10
2025-06-19 19:34:55,864 - {'epoch': 69, 'rec_loss': '5.9460'}
2025-06-19 19:34:56,503 - {'Epoch': 69, 'HR@5': '0.0596', 'NDCG@5': '0.0405', 'HR@10': '0.0881', 'NDCG@10': '0.0495', 'HR@20': '0.1294', 'NDCG@20': '0.0598'}
2025-06-19 19:34:56,504 - EarlyStopping counter: 4 out of 10
2025-06-19 19:34:59,411 - {'epoch': 70, 'rec_loss': '5.9239'}
2025-06-19 19:35:00,026 - {'Epoch': 70, 'HR@5': '0.0606', 'NDCG@5': '0.0408', 'HR@10': '0.0908', 'NDCG@10': '0.0507', 'HR@20': '0.1248', 'NDCG@20': '0.0592'}
2025-06-19 19:35:00,026 - EarlyStopping counter: 5 out of 10
2025-06-19 19:35:02,919 - {'epoch': 71, 'rec_loss': '5.9144'}
2025-06-19 19:35:03,546 - {'Epoch': 71, 'HR@5': '0.0624', 'NDCG@5': '0.0415', 'HR@10': '0.0862', 'NDCG@10': '0.0492', 'HR@20': '0.1303', 'NDCG@20': '0.0603'}
2025-06-19 19:35:03,547 - EarlyStopping counter: 6 out of 10
2025-06-19 19:35:06,475 - {'epoch': 72, 'rec_loss': '5.8905'}
2025-06-19 19:35:07,092 - {'Epoch': 72, 'HR@5': '0.0642', 'NDCG@5': '0.0427', 'HR@10': '0.0881', 'NDCG@10': '0.0501', 'HR@20': '0.1257', 'NDCG@20': '0.0597'}
2025-06-19 19:35:07,092 - EarlyStopping counter: 7 out of 10
2025-06-19 19:35:09,999 - {'epoch': 73, 'rec_loss': '5.8917'}
2025-06-19 19:35:10,594 - {'Epoch': 73, 'HR@5': '0.0578', 'NDCG@5': '0.0393', 'HR@10': '0.0872', 'NDCG@10': '0.0488', 'HR@20': '0.1284', 'NDCG@20': '0.0592'}
2025-06-19 19:35:10,595 - EarlyStopping counter: 8 out of 10
2025-06-19 19:35:13,519 - {'epoch': 74, 'rec_loss': '5.8818'}
2025-06-19 19:35:14,141 - {'Epoch': 74, 'HR@5': '0.0596', 'NDCG@5': '0.0407', 'HR@10': '0.0890', 'NDCG@10': '0.0501', 'HR@20': '0.1248', 'NDCG@20': '0.0591'}
2025-06-19 19:35:14,141 - EarlyStopping counter: 9 out of 10
2025-06-19 19:35:17,052 - {'epoch': 75, 'rec_loss': '5.8629'}
2025-06-19 19:35:17,679 - {'Epoch': 75, 'HR@5': '0.0578', 'NDCG@5': '0.0384', 'HR@10': '0.0954', 'NDCG@10': '0.0505', 'HR@20': '0.1294', 'NDCG@20': '0.0589'}
2025-06-19 19:35:17,679 - EarlyStopping counter: 10 out of 10
2025-06-19 19:35:17,680 - Early stopping
2025-06-19 19:35:17,680 - ---------------Test Score---------------
2025-06-19 19:35:18,271 - {'Epoch': 0, 'HR@5': '0.0422', 'NDCG@5': '0.0324', 'HR@10': '0.0550', 'NDCG@10': '0.0365', 'HR@20': '0.0927', 'NDCG@20': '0.0458'}
2025-06-19 19:35:18,271 - DuoRec_LastFM_43
2025-06-19 19:35:18,271 - {'Epoch': 0, 'HR@5': '0.0422', 'NDCG@5': '0.0324', 'HR@10': '0.0550', 'NDCG@10': '0.0365', 'HR@20': '0.0927', 'NDCG@20': '0.0458'}
