2025-06-19 19:30:48,605 - Namespace(data_dir='data/', output_dir='output/DuoRec/', data_name='LastFM', do_eval=False, load_model=None, train_name='DuoRec_LastFM_46', num_items=10, num_users=1091, lr=0.001, batch_size=256, epochs=200, no_cuda=False, log_freq=1, patience=10, num_workers=4, seed=46, weight_decay=0.0, adam_beta1=0.9, adam_beta2=0.999, gpu_id='0', variance=5, model_type='DuoRec', max_seq_length=50, hidden_size=64, num_hidden_layers=2, hidden_act='gelu', num_attention_heads=4, attention_probs_dropout_prob=0.5, hidden_dropout_prob=0.5, initializer_range=0.02, tau=1.0, lmd=0.1, lmd_sem=0.1, ssl='us_x', sim='dot', cuda_condition=True, data_file='data/LastFM.txt', item_size=3647, checkpoint_path='output/DuoRec/DuoRec_LastFM_46.pt', same_target_path='data/LastFM_same_target.npy')
2025-06-19 19:30:48,619 - DuoRecModel(
  (item_embeddings): Embedding(3647, 64, padding_idx=0)
  (position_embeddings): Embedding(50, 64)
  (LayerNorm): LayerNorm()
  (dropout): Dropout(p=0.5, inplace=False)
  (item_encoder): TransformerEncoder(
    (blocks): ModuleList(
      (0): TransformerBlock(
        (layer): MultiHeadAttention(
          (query): Linear(in_features=64, out_features=64, bias=True)
          (key): Linear(in_features=64, out_features=64, bias=True)
          (value): Linear(in_features=64, out_features=64, bias=True)
          (softmax): Softmax(dim=-1)
          (attn_dropout): Dropout(p=0.5, inplace=False)
          (dense): Linear(in_features=64, out_features=64, bias=True)
          (LayerNorm): LayerNorm((64,), eps=1e-12, elementwise_affine=True)
          (out_dropout): Dropout(p=0.5, inplace=False)
        )
        (feed_forward): FeedForward(
          (dense_1): Linear(in_features=64, out_features=256, bias=True)
          (dense_2): Linear(in_features=256, out_features=64, bias=True)
          (LayerNorm): LayerNorm()
          (dropout): Dropout(p=0.5, inplace=False)
        )
      )
      (1): TransformerBlock(
        (layer): MultiHeadAttention(
          (query): Linear(in_features=64, out_features=64, bias=True)
          (key): Linear(in_features=64, out_features=64, bias=True)
          (value): Linear(in_features=64, out_features=64, bias=True)
          (softmax): Softmax(dim=-1)
          (attn_dropout): Dropout(p=0.5, inplace=False)
          (dense): Linear(in_features=64, out_features=64, bias=True)
          (LayerNorm): LayerNorm((64,), eps=1e-12, elementwise_affine=True)
          (out_dropout): Dropout(p=0.5, inplace=False)
        )
        (feed_forward): FeedForward(
          (dense_1): Linear(in_features=64, out_features=256, bias=True)
          (dense_2): Linear(in_features=256, out_features=64, bias=True)
          (LayerNorm): LayerNorm()
          (dropout): Dropout(p=0.5, inplace=False)
        )
      )
    )
  )
  (aug_nce_fct): CrossEntropyLoss()
)
2025-06-19 19:30:50,833 - Total Parameters: 336704
2025-06-19 19:30:54,250 - {'epoch': 0, 'rec_loss': '8.8379'}
2025-06-19 19:30:54,797 - {'Epoch': 0, 'HR@5': '0.0248', 'NDCG@5': '0.0176', 'HR@10': '0.0367', 'NDCG@10': '0.0216', 'HR@20': '0.0606', 'NDCG@20': '0.0275'}
2025-06-19 19:30:54,798 - Validation score increased.  Saving model ...
2025-06-19 19:30:57,667 - {'epoch': 1, 'rec_loss': '8.5104'}
2025-06-19 19:30:58,250 - {'Epoch': 1, 'HR@5': '0.0220', 'NDCG@5': '0.0156', 'HR@10': '0.0385', 'NDCG@10': '0.0209', 'HR@20': '0.0651', 'NDCG@20': '0.0275'}
2025-06-19 19:30:58,250 - EarlyStopping counter: 1 out of 10
2025-06-19 19:31:01,119 - {'epoch': 2, 'rec_loss': '8.4723'}
2025-06-19 19:31:01,707 - {'Epoch': 2, 'HR@5': '0.0193', 'NDCG@5': '0.0116', 'HR@10': '0.0358', 'NDCG@10': '0.0168', 'HR@20': '0.0624', 'NDCG@20': '0.0235'}
2025-06-19 19:31:01,708 - EarlyStopping counter: 2 out of 10
2025-06-19 19:31:04,593 - {'epoch': 3, 'rec_loss': '8.4517'}
2025-06-19 19:31:05,172 - {'Epoch': 3, 'HR@5': '0.0229', 'NDCG@5': '0.0121', 'HR@10': '0.0376', 'NDCG@10': '0.0167', 'HR@20': '0.0642', 'NDCG@20': '0.0233'}
2025-06-19 19:31:05,172 - EarlyStopping counter: 3 out of 10
2025-06-19 19:31:08,031 - {'epoch': 4, 'rec_loss': '8.4326'}
2025-06-19 19:31:08,607 - {'Epoch': 4, 'HR@5': '0.0183', 'NDCG@5': '0.0122', 'HR@10': '0.0385', 'NDCG@10': '0.0185', 'HR@20': '0.0624', 'NDCG@20': '0.0245'}
2025-06-19 19:31:08,607 - EarlyStopping counter: 4 out of 10
2025-06-19 19:31:11,433 - {'epoch': 5, 'rec_loss': '8.3895'}
2025-06-19 19:31:12,015 - {'Epoch': 5, 'HR@5': '0.0211', 'NDCG@5': '0.0115', 'HR@10': '0.0404', 'NDCG@10': '0.0176', 'HR@20': '0.0615', 'NDCG@20': '0.0229'}
2025-06-19 19:31:12,016 - EarlyStopping counter: 5 out of 10
2025-06-19 19:31:14,891 - {'epoch': 6, 'rec_loss': '8.3307'}
2025-06-19 19:31:15,451 - {'Epoch': 6, 'HR@5': '0.0220', 'NDCG@5': '0.0152', 'HR@10': '0.0394', 'NDCG@10': '0.0209', 'HR@20': '0.0624', 'NDCG@20': '0.0266'}
2025-06-19 19:31:15,452 - EarlyStopping counter: 6 out of 10
2025-06-19 19:31:18,314 - {'epoch': 7, 'rec_loss': '8.2713'}
2025-06-19 19:31:18,880 - {'Epoch': 7, 'HR@5': '0.0275', 'NDCG@5': '0.0174', 'HR@10': '0.0440', 'NDCG@10': '0.0229', 'HR@20': '0.0633', 'NDCG@20': '0.0277'}
2025-06-19 19:31:18,881 - Validation score increased.  Saving model ...
2025-06-19 19:31:21,718 - {'epoch': 8, 'rec_loss': '8.2146'}
2025-06-19 19:31:22,291 - {'Epoch': 8, 'HR@5': '0.0294', 'NDCG@5': '0.0173', 'HR@10': '0.0450', 'NDCG@10': '0.0225', 'HR@20': '0.0661', 'NDCG@20': '0.0278'}
2025-06-19 19:31:22,291 - Validation score increased.  Saving model ...
2025-06-19 19:31:25,106 - {'epoch': 9, 'rec_loss': '8.1493'}
2025-06-19 19:31:25,677 - {'Epoch': 9, 'HR@5': '0.0349', 'NDCG@5': '0.0202', 'HR@10': '0.0459', 'NDCG@10': '0.0237', 'HR@20': '0.0771', 'NDCG@20': '0.0315'}
2025-06-19 19:31:25,677 - Validation score increased.  Saving model ...
2025-06-19 19:31:28,536 - {'epoch': 10, 'rec_loss': '8.0754'}
2025-06-19 19:31:29,117 - {'Epoch': 10, 'HR@5': '0.0339', 'NDCG@5': '0.0214', 'HR@10': '0.0486', 'NDCG@10': '0.0261', 'HR@20': '0.0780', 'NDCG@20': '0.0336'}
2025-06-19 19:31:29,118 - Validation score increased.  Saving model ...
2025-06-19 19:31:31,982 - {'epoch': 11, 'rec_loss': '7.9991'}
2025-06-19 19:31:32,541 - {'Epoch': 11, 'HR@5': '0.0376', 'NDCG@5': '0.0242', 'HR@10': '0.0532', 'NDCG@10': '0.0293', 'HR@20': '0.0862', 'NDCG@20': '0.0374'}
2025-06-19 19:31:32,541 - Validation score increased.  Saving model ...
2025-06-19 19:31:35,404 - {'epoch': 12, 'rec_loss': '7.9276'}
2025-06-19 19:31:35,984 - {'Epoch': 12, 'HR@5': '0.0404', 'NDCG@5': '0.0259', 'HR@10': '0.0569', 'NDCG@10': '0.0311', 'HR@20': '0.0881', 'NDCG@20': '0.0389'}
2025-06-19 19:31:35,984 - Validation score increased.  Saving model ...
2025-06-19 19:31:38,847 - {'epoch': 13, 'rec_loss': '7.8467'}
2025-06-19 19:31:39,432 - {'Epoch': 13, 'HR@5': '0.0376', 'NDCG@5': '0.0250', 'HR@10': '0.0596', 'NDCG@10': '0.0323', 'HR@20': '0.0917', 'NDCG@20': '0.0404'}
2025-06-19 19:31:39,433 - Validation score increased.  Saving model ...
2025-06-19 19:31:42,282 - {'epoch': 14, 'rec_loss': '7.7784'}
2025-06-19 19:31:42,825 - {'Epoch': 14, 'HR@5': '0.0422', 'NDCG@5': '0.0279', 'HR@10': '0.0578', 'NDCG@10': '0.0331', 'HR@20': '0.0927', 'NDCG@20': '0.0420'}
2025-06-19 19:31:42,826 - Validation score increased.  Saving model ...
2025-06-19 19:31:45,711 - {'epoch': 15, 'rec_loss': '7.7084'}
2025-06-19 19:31:46,292 - {'Epoch': 15, 'HR@5': '0.0459', 'NDCG@5': '0.0301', 'HR@10': '0.0651', 'NDCG@10': '0.0362', 'HR@20': '0.0945', 'NDCG@20': '0.0437'}
2025-06-19 19:31:46,292 - Validation score increased.  Saving model ...
2025-06-19 19:31:49,142 - {'epoch': 16, 'rec_loss': '7.6364'}
2025-06-19 19:31:49,689 - {'Epoch': 16, 'HR@5': '0.0459', 'NDCG@5': '0.0292', 'HR@10': '0.0670', 'NDCG@10': '0.0359', 'HR@20': '0.0945', 'NDCG@20': '0.0428'}
2025-06-19 19:31:49,690 - EarlyStopping counter: 1 out of 10
2025-06-19 19:31:52,572 - {'epoch': 17, 'rec_loss': '7.5734'}
2025-06-19 19:31:53,145 - {'Epoch': 17, 'HR@5': '0.0431', 'NDCG@5': '0.0272', 'HR@10': '0.0716', 'NDCG@10': '0.0362', 'HR@20': '0.0972', 'NDCG@20': '0.0426'}
2025-06-19 19:31:53,145 - EarlyStopping counter: 2 out of 10
2025-06-19 19:31:56,023 - {'epoch': 18, 'rec_loss': '7.5132'}
2025-06-19 19:31:56,588 - {'Epoch': 18, 'HR@5': '0.0440', 'NDCG@5': '0.0286', 'HR@10': '0.0633', 'NDCG@10': '0.0348', 'HR@20': '0.0954', 'NDCG@20': '0.0430'}
2025-06-19 19:31:56,589 - EarlyStopping counter: 3 out of 10
2025-06-19 19:31:59,538 - {'epoch': 19, 'rec_loss': '7.4535'}
2025-06-19 19:32:00,092 - {'Epoch': 19, 'HR@5': '0.0440', 'NDCG@5': '0.0281', 'HR@10': '0.0679', 'NDCG@10': '0.0358', 'HR@20': '0.1009', 'NDCG@20': '0.0441'}
2025-06-19 19:32:00,093 - Validation score increased.  Saving model ...
2025-06-19 19:32:02,970 - {'epoch': 20, 'rec_loss': '7.3914'}
2025-06-19 19:32:03,526 - {'Epoch': 20, 'HR@5': '0.0495', 'NDCG@5': '0.0304', 'HR@10': '0.0661', 'NDCG@10': '0.0358', 'HR@20': '0.1055', 'NDCG@20': '0.0456'}
2025-06-19 19:32:03,526 - Validation score increased.  Saving model ...
2025-06-19 19:32:06,362 - {'epoch': 21, 'rec_loss': '7.3344'}
2025-06-19 19:32:06,909 - {'Epoch': 21, 'HR@5': '0.0459', 'NDCG@5': '0.0286', 'HR@10': '0.0679', 'NDCG@10': '0.0358', 'HR@20': '0.1064', 'NDCG@20': '0.0453'}
2025-06-19 19:32:06,910 - EarlyStopping counter: 1 out of 10
2025-06-19 19:32:09,790 - {'epoch': 22, 'rec_loss': '7.2819'}
2025-06-19 19:32:10,362 - {'Epoch': 22, 'HR@5': '0.0486', 'NDCG@5': '0.0290', 'HR@10': '0.0734', 'NDCG@10': '0.0371', 'HR@20': '0.1119', 'NDCG@20': '0.0466'}
2025-06-19 19:32:10,363 - Validation score increased.  Saving model ...
2025-06-19 19:32:13,252 - {'epoch': 23, 'rec_loss': '7.2326'}
2025-06-19 19:32:13,817 - {'Epoch': 23, 'HR@5': '0.0495', 'NDCG@5': '0.0307', 'HR@10': '0.0743', 'NDCG@10': '0.0387', 'HR@20': '0.1092', 'NDCG@20': '0.0474'}
2025-06-19 19:32:13,818 - Validation score increased.  Saving model ...
2025-06-19 19:32:16,756 - {'epoch': 24, 'rec_loss': '7.1760'}
2025-06-19 19:32:17,304 - {'Epoch': 24, 'HR@5': '0.0477', 'NDCG@5': '0.0302', 'HR@10': '0.0752', 'NDCG@10': '0.0392', 'HR@20': '0.1147', 'NDCG@20': '0.0490'}
2025-06-19 19:32:17,305 - Validation score increased.  Saving model ...
2025-06-19 19:32:20,170 - {'epoch': 25, 'rec_loss': '7.1281'}
2025-06-19 19:32:20,724 - {'Epoch': 25, 'HR@5': '0.0486', 'NDCG@5': '0.0307', 'HR@10': '0.0789', 'NDCG@10': '0.0406', 'HR@20': '0.1128', 'NDCG@20': '0.0491'}
2025-06-19 19:32:20,725 - Validation score increased.  Saving model ...
2025-06-19 19:32:23,629 - {'epoch': 26, 'rec_loss': '7.0747'}
2025-06-19 19:32:24,197 - {'Epoch': 26, 'HR@5': '0.0523', 'NDCG@5': '0.0316', 'HR@10': '0.0761', 'NDCG@10': '0.0396', 'HR@20': '0.1128', 'NDCG@20': '0.0488'}
2025-06-19 19:32:24,198 - EarlyStopping counter: 1 out of 10
2025-06-19 19:32:27,106 - {'epoch': 27, 'rec_loss': '7.0290'}
2025-06-19 19:32:27,664 - {'Epoch': 27, 'HR@5': '0.0514', 'NDCG@5': '0.0311', 'HR@10': '0.0835', 'NDCG@10': '0.0412', 'HR@20': '0.1138', 'NDCG@20': '0.0489'}
2025-06-19 19:32:27,665 - EarlyStopping counter: 2 out of 10
2025-06-19 19:32:30,495 - {'epoch': 28, 'rec_loss': '6.9818'}
2025-06-19 19:32:31,047 - {'Epoch': 28, 'HR@5': '0.0523', 'NDCG@5': '0.0338', 'HR@10': '0.0798', 'NDCG@10': '0.0427', 'HR@20': '0.1138', 'NDCG@20': '0.0512'}
2025-06-19 19:32:31,048 - Validation score increased.  Saving model ...
2025-06-19 19:32:33,916 - {'epoch': 29, 'rec_loss': '6.9395'}
2025-06-19 19:32:34,430 - {'Epoch': 29, 'HR@5': '0.0569', 'NDCG@5': '0.0352', 'HR@10': '0.0826', 'NDCG@10': '0.0435', 'HR@20': '0.1165', 'NDCG@20': '0.0520'}
2025-06-19 19:32:34,431 - Validation score increased.  Saving model ...
2025-06-19 19:32:37,350 - {'epoch': 30, 'rec_loss': '6.8984'}
2025-06-19 19:32:37,912 - {'Epoch': 30, 'HR@5': '0.0560', 'NDCG@5': '0.0357', 'HR@10': '0.0844', 'NDCG@10': '0.0447', 'HR@20': '0.1174', 'NDCG@20': '0.0530'}
2025-06-19 19:32:37,913 - Validation score increased.  Saving model ...
2025-06-19 19:32:40,792 - {'epoch': 31, 'rec_loss': '6.8543'}
2025-06-19 19:32:41,345 - {'Epoch': 31, 'HR@5': '0.0569', 'NDCG@5': '0.0357', 'HR@10': '0.0890', 'NDCG@10': '0.0460', 'HR@20': '0.1211', 'NDCG@20': '0.0539'}
2025-06-19 19:32:41,346 - Validation score increased.  Saving model ...
2025-06-19 19:32:44,187 - {'epoch': 32, 'rec_loss': '6.8165'}
2025-06-19 19:32:44,736 - {'Epoch': 32, 'HR@5': '0.0587', 'NDCG@5': '0.0369', 'HR@10': '0.0798', 'NDCG@10': '0.0437', 'HR@20': '0.1165', 'NDCG@20': '0.0529'}
2025-06-19 19:32:44,737 - EarlyStopping counter: 1 out of 10
2025-06-19 19:32:47,653 - {'epoch': 33, 'rec_loss': '6.7769'}
2025-06-19 19:32:48,236 - {'Epoch': 33, 'HR@5': '0.0587', 'NDCG@5': '0.0371', 'HR@10': '0.0835', 'NDCG@10': '0.0450', 'HR@20': '0.1183', 'NDCG@20': '0.0537'}
2025-06-19 19:32:48,237 - EarlyStopping counter: 2 out of 10
2025-06-19 19:32:51,120 - {'epoch': 34, 'rec_loss': '6.7355'}
2025-06-19 19:32:51,693 - {'Epoch': 34, 'HR@5': '0.0560', 'NDCG@5': '0.0354', 'HR@10': '0.0862', 'NDCG@10': '0.0452', 'HR@20': '0.1202', 'NDCG@20': '0.0536'}
2025-06-19 19:32:51,693 - EarlyStopping counter: 3 out of 10
2025-06-19 19:32:54,549 - {'epoch': 35, 'rec_loss': '6.7089'}
2025-06-19 19:32:55,097 - {'Epoch': 35, 'HR@5': '0.0541', 'NDCG@5': '0.0351', 'HR@10': '0.0844', 'NDCG@10': '0.0449', 'HR@20': '0.1211', 'NDCG@20': '0.0540'}
2025-06-19 19:32:55,098 - Validation score increased.  Saving model ...
2025-06-19 19:32:57,974 - {'epoch': 36, 'rec_loss': '6.6729'}
2025-06-19 19:32:58,567 - {'Epoch': 36, 'HR@5': '0.0587', 'NDCG@5': '0.0389', 'HR@10': '0.0844', 'NDCG@10': '0.0471', 'HR@20': '0.1257', 'NDCG@20': '0.0574'}
2025-06-19 19:32:58,567 - Validation score increased.  Saving model ...
2025-06-19 19:33:01,445 - {'epoch': 37, 'rec_loss': '6.6312'}
2025-06-19 19:33:01,987 - {'Epoch': 37, 'HR@5': '0.0550', 'NDCG@5': '0.0362', 'HR@10': '0.0826', 'NDCG@10': '0.0451', 'HR@20': '0.1257', 'NDCG@20': '0.0560'}
2025-06-19 19:33:01,988 - EarlyStopping counter: 1 out of 10
2025-06-19 19:33:04,887 - {'epoch': 38, 'rec_loss': '6.6022'}
2025-06-19 19:33:05,449 - {'Epoch': 38, 'HR@5': '0.0615', 'NDCG@5': '0.0380', 'HR@10': '0.0835', 'NDCG@10': '0.0450', 'HR@20': '0.1220', 'NDCG@20': '0.0548'}
2025-06-19 19:33:05,450 - EarlyStopping counter: 2 out of 10
2025-06-19 19:33:08,353 - {'epoch': 39, 'rec_loss': '6.5717'}
2025-06-19 19:33:08,902 - {'Epoch': 39, 'HR@5': '0.0615', 'NDCG@5': '0.0377', 'HR@10': '0.0862', 'NDCG@10': '0.0457', 'HR@20': '0.1193', 'NDCG@20': '0.0541'}
2025-06-19 19:33:08,903 - EarlyStopping counter: 3 out of 10
2025-06-19 19:33:11,722 - {'epoch': 40, 'rec_loss': '6.5380'}
2025-06-19 19:33:12,283 - {'Epoch': 40, 'HR@5': '0.0624', 'NDCG@5': '0.0386', 'HR@10': '0.0908', 'NDCG@10': '0.0476', 'HR@20': '0.1239', 'NDCG@20': '0.0558'}
2025-06-19 19:33:12,283 - EarlyStopping counter: 4 out of 10
2025-06-19 19:33:15,203 - {'epoch': 41, 'rec_loss': '6.5144'}
2025-06-19 19:33:15,785 - {'Epoch': 41, 'HR@5': '0.0624', 'NDCG@5': '0.0388', 'HR@10': '0.0872', 'NDCG@10': '0.0466', 'HR@20': '0.1266', 'NDCG@20': '0.0565'}
2025-06-19 19:33:15,786 - EarlyStopping counter: 5 out of 10
2025-06-19 19:33:18,694 - {'epoch': 42, 'rec_loss': '6.4743'}
2025-06-19 19:33:19,265 - {'Epoch': 42, 'HR@5': '0.0578', 'NDCG@5': '0.0370', 'HR@10': '0.0817', 'NDCG@10': '0.0448', 'HR@20': '0.1220', 'NDCG@20': '0.0549'}
2025-06-19 19:33:19,266 - EarlyStopping counter: 6 out of 10
2025-06-19 19:33:22,148 - {'epoch': 43, 'rec_loss': '6.4446'}
2025-06-19 19:33:22,734 - {'Epoch': 43, 'HR@5': '0.0541', 'NDCG@5': '0.0361', 'HR@10': '0.0844', 'NDCG@10': '0.0461', 'HR@20': '0.1266', 'NDCG@20': '0.0567'}
2025-06-19 19:33:22,734 - EarlyStopping counter: 7 out of 10
2025-06-19 19:33:25,614 - {'epoch': 44, 'rec_loss': '6.4294'}
2025-06-19 19:33:26,162 - {'Epoch': 44, 'HR@5': '0.0642', 'NDCG@5': '0.0399', 'HR@10': '0.0899', 'NDCG@10': '0.0481', 'HR@20': '0.1275', 'NDCG@20': '0.0575'}
2025-06-19 19:33:26,163 - Validation score increased.  Saving model ...
2025-06-19 19:33:29,058 - {'epoch': 45, 'rec_loss': '6.3986'}
2025-06-19 19:33:29,612 - {'Epoch': 45, 'HR@5': '0.0615', 'NDCG@5': '0.0385', 'HR@10': '0.0835', 'NDCG@10': '0.0456', 'HR@20': '0.1165', 'NDCG@20': '0.0539'}
2025-06-19 19:33:29,613 - EarlyStopping counter: 1 out of 10
2025-06-19 19:33:32,511 - {'epoch': 46, 'rec_loss': '6.3703'}
2025-06-19 19:33:33,080 - {'Epoch': 46, 'HR@5': '0.0606', 'NDCG@5': '0.0382', 'HR@10': '0.0872', 'NDCG@10': '0.0468', 'HR@20': '0.1220', 'NDCG@20': '0.0556'}
2025-06-19 19:33:33,081 - EarlyStopping counter: 2 out of 10
2025-06-19 19:33:36,006 - {'epoch': 47, 'rec_loss': '6.3482'}
2025-06-19 19:33:36,578 - {'Epoch': 47, 'HR@5': '0.0596', 'NDCG@5': '0.0390', 'HR@10': '0.0862', 'NDCG@10': '0.0475', 'HR@20': '0.1266', 'NDCG@20': '0.0578'}
2025-06-19 19:33:36,579 - Validation score increased.  Saving model ...
2025-06-19 19:33:39,443 - {'epoch': 48, 'rec_loss': '6.3321'}
2025-06-19 19:33:40,000 - {'Epoch': 48, 'HR@5': '0.0615', 'NDCG@5': '0.0396', 'HR@10': '0.0881', 'NDCG@10': '0.0480', 'HR@20': '0.1248', 'NDCG@20': '0.0571'}
2025-06-19 19:33:40,001 - EarlyStopping counter: 1 out of 10
2025-06-19 19:33:42,884 - {'epoch': 49, 'rec_loss': '6.3035'}
2025-06-19 19:33:43,447 - {'Epoch': 49, 'HR@5': '0.0633', 'NDCG@5': '0.0393', 'HR@10': '0.0881', 'NDCG@10': '0.0472', 'HR@20': '0.1220', 'NDCG@20': '0.0556'}
2025-06-19 19:33:43,448 - EarlyStopping counter: 2 out of 10
2025-06-19 19:33:46,399 - {'epoch': 50, 'rec_loss': '6.2818'}
2025-06-19 19:33:46,949 - {'Epoch': 50, 'HR@5': '0.0606', 'NDCG@5': '0.0394', 'HR@10': '0.0872', 'NDCG@10': '0.0478', 'HR@20': '0.1220', 'NDCG@20': '0.0566'}
2025-06-19 19:33:46,949 - EarlyStopping counter: 3 out of 10
2025-06-19 19:33:49,845 - {'epoch': 51, 'rec_loss': '6.2640'}
2025-06-19 19:33:50,398 - {'Epoch': 51, 'HR@5': '0.0560', 'NDCG@5': '0.0379', 'HR@10': '0.0844', 'NDCG@10': '0.0472', 'HR@20': '0.1239', 'NDCG@20': '0.0570'}
2025-06-19 19:33:50,399 - EarlyStopping counter: 4 out of 10
2025-06-19 19:33:53,270 - {'epoch': 52, 'rec_loss': '6.2311'}
2025-06-19 19:33:53,846 - {'Epoch': 52, 'HR@5': '0.0606', 'NDCG@5': '0.0389', 'HR@10': '0.0798', 'NDCG@10': '0.0450', 'HR@20': '0.1248', 'NDCG@20': '0.0563'}
2025-06-19 19:33:53,847 - EarlyStopping counter: 5 out of 10
2025-06-19 19:33:56,715 - {'epoch': 53, 'rec_loss': '6.2215'}
2025-06-19 19:33:57,284 - {'Epoch': 53, 'HR@5': '0.0606', 'NDCG@5': '0.0387', 'HR@10': '0.0826', 'NDCG@10': '0.0458', 'HR@20': '0.1239', 'NDCG@20': '0.0563'}
2025-06-19 19:33:57,285 - EarlyStopping counter: 6 out of 10
2025-06-19 19:34:00,178 - {'epoch': 54, 'rec_loss': '6.1941'}
2025-06-19 19:34:00,787 - {'Epoch': 54, 'HR@5': '0.0587', 'NDCG@5': '0.0399', 'HR@10': '0.0862', 'NDCG@10': '0.0488', 'HR@20': '0.1275', 'NDCG@20': '0.0591'}
2025-06-19 19:34:00,787 - Validation score increased.  Saving model ...
2025-06-19 19:34:03,695 - {'epoch': 55, 'rec_loss': '6.1777'}
2025-06-19 19:34:04,245 - {'Epoch': 55, 'HR@5': '0.0587', 'NDCG@5': '0.0392', 'HR@10': '0.0844', 'NDCG@10': '0.0474', 'HR@20': '0.1248', 'NDCG@20': '0.0576'}
2025-06-19 19:34:04,246 - EarlyStopping counter: 1 out of 10
2025-06-19 19:34:07,148 - {'epoch': 56, 'rec_loss': '6.1515'}
2025-06-19 19:34:07,754 - {'Epoch': 56, 'HR@5': '0.0578', 'NDCG@5': '0.0371', 'HR@10': '0.0835', 'NDCG@10': '0.0455', 'HR@20': '0.1257', 'NDCG@20': '0.0563'}
2025-06-19 19:34:07,755 - EarlyStopping counter: 2 out of 10
2025-06-19 19:34:10,620 - {'epoch': 57, 'rec_loss': '6.1362'}
2025-06-19 19:34:11,210 - {'Epoch': 57, 'HR@5': '0.0560', 'NDCG@5': '0.0368', 'HR@10': '0.0890', 'NDCG@10': '0.0473', 'HR@20': '0.1229', 'NDCG@20': '0.0559'}
2025-06-19 19:34:11,211 - EarlyStopping counter: 3 out of 10
2025-06-19 19:34:14,068 - {'epoch': 58, 'rec_loss': '6.1309'}
2025-06-19 19:34:14,670 - {'Epoch': 58, 'HR@5': '0.0596', 'NDCG@5': '0.0390', 'HR@10': '0.0890', 'NDCG@10': '0.0485', 'HR@20': '0.1275', 'NDCG@20': '0.0581'}
2025-06-19 19:34:14,670 - EarlyStopping counter: 4 out of 10
2025-06-19 19:34:17,534 - {'epoch': 59, 'rec_loss': '6.1002'}
2025-06-19 19:34:18,144 - {'Epoch': 59, 'HR@5': '0.0569', 'NDCG@5': '0.0378', 'HR@10': '0.0853', 'NDCG@10': '0.0469', 'HR@20': '0.1257', 'NDCG@20': '0.0570'}
2025-06-19 19:34:18,145 - EarlyStopping counter: 5 out of 10
2025-06-19 19:34:21,008 - {'epoch': 60, 'rec_loss': '6.0901'}
2025-06-19 19:34:21,607 - {'Epoch': 60, 'HR@5': '0.0541', 'NDCG@5': '0.0349', 'HR@10': '0.0890', 'NDCG@10': '0.0461', 'HR@20': '0.1294', 'NDCG@20': '0.0562'}
2025-06-19 19:34:21,608 - EarlyStopping counter: 6 out of 10
2025-06-19 19:34:24,505 - {'epoch': 61, 'rec_loss': '6.0654'}
2025-06-19 19:34:25,094 - {'Epoch': 61, 'HR@5': '0.0596', 'NDCG@5': '0.0390', 'HR@10': '0.0872', 'NDCG@10': '0.0479', 'HR@20': '0.1275', 'NDCG@20': '0.0582'}
2025-06-19 19:34:25,095 - EarlyStopping counter: 7 out of 10
2025-06-19 19:34:27,945 - {'epoch': 62, 'rec_loss': '6.0532'}
2025-06-19 19:34:28,567 - {'Epoch': 62, 'HR@5': '0.0578', 'NDCG@5': '0.0371', 'HR@10': '0.0890', 'NDCG@10': '0.0471', 'HR@20': '0.1367', 'NDCG@20': '0.0589'}
2025-06-19 19:34:28,568 - EarlyStopping counter: 8 out of 10
2025-06-19 19:34:31,466 - {'epoch': 63, 'rec_loss': '6.0340'}
2025-06-19 19:34:32,083 - {'Epoch': 63, 'HR@5': '0.0569', 'NDCG@5': '0.0375', 'HR@10': '0.0899', 'NDCG@10': '0.0480', 'HR@20': '0.1330', 'NDCG@20': '0.0588'}
2025-06-19 19:34:32,083 - EarlyStopping counter: 9 out of 10
2025-06-19 19:34:34,927 - {'epoch': 64, 'rec_loss': '6.0155'}
2025-06-19 19:34:35,521 - {'Epoch': 64, 'HR@5': '0.0587', 'NDCG@5': '0.0376', 'HR@10': '0.0862', 'NDCG@10': '0.0464', 'HR@20': '0.1321', 'NDCG@20': '0.0579'}
2025-06-19 19:34:35,522 - EarlyStopping counter: 10 out of 10
2025-06-19 19:34:35,522 - Early stopping
2025-06-19 19:34:35,522 - ---------------Test Score---------------
2025-06-19 19:34:36,114 - {'Epoch': 0, 'HR@5': '0.0422', 'NDCG@5': '0.0329', 'HR@10': '0.0560', 'NDCG@10': '0.0372', 'HR@20': '0.0835', 'NDCG@20': '0.0441'}
2025-06-19 19:34:36,115 - DuoRec_LastFM_46
2025-06-19 19:34:36,115 - {'Epoch': 0, 'HR@5': '0.0422', 'NDCG@5': '0.0329', 'HR@10': '0.0560', 'NDCG@10': '0.0372', 'HR@20': '0.0835', 'NDCG@20': '0.0441'}
