2025-06-19 19:31:22,039 - Namespace(data_dir='data/self_processed/', output_dir='output/DuoRec/', data_name='Diginetica', do_eval=False, load_model=None, train_name='DuoRec_Diginetica_42', num_items=10, num_users=14829, lr=0.001, batch_size=256, epochs=200, no_cuda=False, log_freq=1, patience=10, num_workers=4, seed=42, weight_decay=0.0, adam_beta1=0.9, adam_beta2=0.999, gpu_id='0', variance=5, model_type='DuoRec', max_seq_length=50, hidden_size=64, num_hidden_layers=2, hidden_act='gelu', num_attention_heads=4, attention_probs_dropout_prob=0.5, hidden_dropout_prob=0.5, initializer_range=0.02, tau=1.0, lmd=0.1, lmd_sem=0.1, ssl='us_x', sim='dot', cuda_condition=True, data_file='data/self_processed/Diginetica.txt', item_size=9441, checkpoint_path='output/DuoRec/DuoRec_Diginetica_42.pt', same_target_path='data/self_processed/Diginetica_same_target.npy')
2025-06-19 19:31:22,069 - DuoRecModel(
  (item_embeddings): Embedding(9441, 64, padding_idx=0)
  (position_embeddings): Embedding(50, 64)
  (LayerNorm): LayerNorm()
  (dropout): Dropout(p=0.5, inplace=False)
  (item_encoder): TransformerEncoder(
    (blocks): ModuleList(
      (0): TransformerBlock(
        (layer): MultiHeadAttention(
          (query): Linear(in_features=64, out_features=64, bias=True)
          (key): Linear(in_features=64, out_features=64, bias=True)
          (value): Linear(in_features=64, out_features=64, bias=True)
          (softmax): Softmax(dim=-1)
          (attn_dropout): Dropout(p=0.5, inplace=False)
          (dense): Linear(in_features=64, out_features=64, bias=True)
          (LayerNorm): LayerNorm((64,), eps=1e-12, elementwise_affine=True)
          (out_dropout): Dropout(p=0.5, inplace=False)
        )
        (feed_forward): FeedForward(
          (dense_1): Linear(in_features=64, out_features=256, bias=True)
          (dense_2): Linear(in_features=256, out_features=64, bias=True)
          (LayerNorm): LayerNorm()
          (dropout): Dropout(p=0.5, inplace=False)
        )
      )
      (1): TransformerBlock(
        (layer): MultiHeadAttention(
          (query): Linear(in_features=64, out_features=64, bias=True)
          (key): Linear(in_features=64, out_features=64, bias=True)
          (value): Linear(in_features=64, out_features=64, bias=True)
          (softmax): Softmax(dim=-1)
          (attn_dropout): Dropout(p=0.5, inplace=False)
          (dense): Linear(in_features=64, out_features=64, bias=True)
          (LayerNorm): LayerNorm((64,), eps=1e-12, elementwise_affine=True)
          (out_dropout): Dropout(p=0.5, inplace=False)
        )
        (feed_forward): FeedForward(
          (dense_1): Linear(in_features=64, out_features=256, bias=True)
          (dense_2): Linear(in_features=256, out_features=64, bias=True)
          (LayerNorm): LayerNorm()
          (dropout): Dropout(p=0.5, inplace=False)
        )
      )
    )
  )
  (aug_nce_fct): CrossEntropyLoss()
)
2025-06-19 19:31:25,140 - Total Parameters: 707520
2025-06-19 19:31:34,957 - {'epoch': 0, 'rec_loss': '9.6695'}
2025-06-19 19:31:38,844 - {'Epoch': 0, 'HR@5': '0.0033', 'NDCG@5': '0.0019', 'HR@10': '0.0055', 'NDCG@10': '0.0026', 'HR@20': '0.0095', 'NDCG@20': '0.0036'}
2025-06-19 19:31:38,845 - Validation score increased.  Saving model ...
2025-06-19 19:31:47,843 - {'epoch': 1, 'rec_loss': '9.3840'}
2025-06-19 19:31:51,781 - {'Epoch': 1, 'HR@5': '0.0039', 'NDCG@5': '0.0024', 'HR@10': '0.0074', 'NDCG@10': '0.0035', 'HR@20': '0.0139', 'NDCG@20': '0.0051'}
2025-06-19 19:31:51,783 - Validation score increased.  Saving model ...
2025-06-19 19:32:00,769 - {'epoch': 2, 'rec_loss': '9.1086'}
2025-06-19 19:32:04,707 - {'Epoch': 2, 'HR@5': '0.0185', 'NDCG@5': '0.0134', 'HR@10': '0.0276', 'NDCG@10': '0.0163', 'HR@20': '0.0436', 'NDCG@20': '0.0203'}
2025-06-19 19:32:04,709 - Validation score increased.  Saving model ...
2025-06-19 19:32:13,635 - {'epoch': 3, 'rec_loss': '8.6010'}
2025-06-19 19:32:17,553 - {'Epoch': 3, 'HR@5': '0.0669', 'NDCG@5': '0.0443', 'HR@10': '0.1011', 'NDCG@10': '0.0553', 'HR@20': '0.1429', 'NDCG@20': '0.0659'}
2025-06-19 19:32:17,555 - Validation score increased.  Saving model ...
2025-06-19 19:32:26,462 - {'epoch': 4, 'rec_loss': '8.0112'}
2025-06-19 19:32:30,335 - {'Epoch': 4, 'HR@5': '0.0920', 'NDCG@5': '0.0597', 'HR@10': '0.1425', 'NDCG@10': '0.0758', 'HR@20': '0.2089', 'NDCG@20': '0.0925'}
2025-06-19 19:32:30,337 - Validation score increased.  Saving model ...
2025-06-19 19:32:39,299 - {'epoch': 5, 'rec_loss': '7.5156'}
2025-06-19 19:32:43,118 - {'Epoch': 5, 'HR@5': '0.1069', 'NDCG@5': '0.0698', 'HR@10': '0.1660', 'NDCG@10': '0.0888', 'HR@20': '0.2420', 'NDCG@20': '0.1079'}
2025-06-19 19:32:43,119 - Validation score increased.  Saving model ...
2025-06-19 19:32:52,130 - {'epoch': 6, 'rec_loss': '7.1351'}
2025-06-19 19:32:55,951 - {'Epoch': 6, 'HR@5': '0.1171', 'NDCG@5': '0.0768', 'HR@10': '0.1819', 'NDCG@10': '0.0976', 'HR@20': '0.2623', 'NDCG@20': '0.1179'}
2025-06-19 19:32:55,953 - Validation score increased.  Saving model ...
2025-06-19 19:33:04,909 - {'epoch': 7, 'rec_loss': '6.8558'}
2025-06-19 19:33:08,727 - {'Epoch': 7, 'HR@5': '0.1269', 'NDCG@5': '0.0834', 'HR@10': '0.1952', 'NDCG@10': '0.1054', 'HR@20': '0.2812', 'NDCG@20': '0.1271'}
2025-06-19 19:33:08,729 - Validation score increased.  Saving model ...
2025-06-19 19:33:17,673 - {'epoch': 8, 'rec_loss': '6.6419'}
2025-06-19 19:33:21,483 - {'Epoch': 8, 'HR@5': '0.1331', 'NDCG@5': '0.0871', 'HR@10': '0.2034', 'NDCG@10': '0.1097', 'HR@20': '0.2917', 'NDCG@20': '0.1320'}
2025-06-19 19:33:21,485 - Validation score increased.  Saving model ...
2025-06-19 19:33:30,375 - {'epoch': 9, 'rec_loss': '6.4605'}
2025-06-19 19:33:34,205 - {'Epoch': 9, 'HR@5': '0.1380', 'NDCG@5': '0.0908', 'HR@10': '0.2126', 'NDCG@10': '0.1149', 'HR@20': '0.3023', 'NDCG@20': '0.1375'}
2025-06-19 19:33:34,207 - Validation score increased.  Saving model ...
2025-06-19 19:33:43,154 - {'epoch': 10, 'rec_loss': '6.3155'}
2025-06-19 19:33:47,017 - {'Epoch': 10, 'HR@5': '0.1441', 'NDCG@5': '0.0951', 'HR@10': '0.2192', 'NDCG@10': '0.1193', 'HR@20': '0.3101', 'NDCG@20': '0.1422'}
2025-06-19 19:33:47,019 - Validation score increased.  Saving model ...
2025-06-19 19:33:56,049 - {'epoch': 11, 'rec_loss': '6.1896'}
2025-06-19 19:33:59,919 - {'Epoch': 11, 'HR@5': '0.1467', 'NDCG@5': '0.0962', 'HR@10': '0.2247', 'NDCG@10': '0.1213', 'HR@20': '0.3162', 'NDCG@20': '0.1444'}
2025-06-19 19:33:59,921 - Validation score increased.  Saving model ...
2025-06-19 19:34:08,867 - {'epoch': 12, 'rec_loss': '6.0889'}
2025-06-19 19:34:12,692 - {'Epoch': 12, 'HR@5': '0.1530', 'NDCG@5': '0.1005', 'HR@10': '0.2255', 'NDCG@10': '0.1238', 'HR@20': '0.3211', 'NDCG@20': '0.1480'}
2025-06-19 19:34:12,694 - Validation score increased.  Saving model ...
2025-06-19 19:34:21,647 - {'epoch': 13, 'rec_loss': '5.9967'}
2025-06-19 19:34:25,477 - {'Epoch': 13, 'HR@5': '0.1546', 'NDCG@5': '0.1020', 'HR@10': '0.2331', 'NDCG@10': '0.1272', 'HR@20': '0.3267', 'NDCG@20': '0.1508'}
2025-06-19 19:34:25,479 - Validation score increased.  Saving model ...
2025-06-19 19:34:34,398 - {'epoch': 14, 'rec_loss': '5.9158'}
2025-06-19 19:34:38,181 - {'Epoch': 14, 'HR@5': '0.1546', 'NDCG@5': '0.1017', 'HR@10': '0.2358', 'NDCG@10': '0.1278', 'HR@20': '0.3284', 'NDCG@20': '0.1513'}
2025-06-19 19:34:38,184 - Validation score increased.  Saving model ...
2025-06-19 19:34:47,094 - {'epoch': 15, 'rec_loss': '5.8500'}
2025-06-19 19:34:50,909 - {'Epoch': 15, 'HR@5': '0.1584', 'NDCG@5': '0.1044', 'HR@10': '0.2386', 'NDCG@10': '0.1301', 'HR@20': '0.3327', 'NDCG@20': '0.1539'}
2025-06-19 19:34:50,910 - Validation score increased.  Saving model ...
2025-06-19 19:34:59,840 - {'epoch': 16, 'rec_loss': '5.7843'}
2025-06-19 19:35:03,640 - {'Epoch': 16, 'HR@5': '0.1579', 'NDCG@5': '0.1042', 'HR@10': '0.2404', 'NDCG@10': '0.1307', 'HR@20': '0.3352', 'NDCG@20': '0.1547'}
2025-06-19 19:35:03,642 - Validation score increased.  Saving model ...
2025-06-19 19:35:12,619 - {'epoch': 17, 'rec_loss': '5.7259'}
2025-06-19 19:35:16,463 - {'Epoch': 17, 'HR@5': '0.1604', 'NDCG@5': '0.1055', 'HR@10': '0.2425', 'NDCG@10': '0.1320', 'HR@20': '0.3379', 'NDCG@20': '0.1560'}
2025-06-19 19:35:16,463 - Validation score increased.  Saving model ...
2025-06-19 19:35:25,385 - {'epoch': 18, 'rec_loss': '5.6721'}
2025-06-19 19:35:29,191 - {'Epoch': 18, 'HR@5': '0.1620', 'NDCG@5': '0.1065', 'HR@10': '0.2438', 'NDCG@10': '0.1329', 'HR@20': '0.3397', 'NDCG@20': '0.1571'}
2025-06-19 19:35:29,194 - Validation score increased.  Saving model ...
2025-06-19 19:35:38,201 - {'epoch': 19, 'rec_loss': '5.6342'}
2025-06-19 19:35:42,030 - {'Epoch': 19, 'HR@5': '0.1617', 'NDCG@5': '0.1072', 'HR@10': '0.2468', 'NDCG@10': '0.1346', 'HR@20': '0.3423', 'NDCG@20': '0.1587'}
2025-06-19 19:35:42,031 - Validation score increased.  Saving model ...
2025-06-19 19:35:50,994 - {'epoch': 20, 'rec_loss': '5.5844'}
2025-06-19 19:35:54,825 - {'Epoch': 20, 'HR@5': '0.1634', 'NDCG@5': '0.1072', 'HR@10': '0.2457', 'NDCG@10': '0.1337', 'HR@20': '0.3414', 'NDCG@20': '0.1580'}
2025-06-19 19:35:54,825 - EarlyStopping counter: 1 out of 10
2025-06-19 19:36:03,736 - {'epoch': 21, 'rec_loss': '5.5432'}
2025-06-19 19:36:07,584 - {'Epoch': 21, 'HR@5': '0.1650', 'NDCG@5': '0.1087', 'HR@10': '0.2480', 'NDCG@10': '0.1355', 'HR@20': '0.3452', 'NDCG@20': '0.1600'}
2025-06-19 19:36:07,587 - Validation score increased.  Saving model ...
2025-06-19 19:36:16,531 - {'epoch': 22, 'rec_loss': '5.5097'}
2025-06-19 19:36:20,424 - {'Epoch': 22, 'HR@5': '0.1630', 'NDCG@5': '0.1076', 'HR@10': '0.2499', 'NDCG@10': '0.1355', 'HR@20': '0.3449', 'NDCG@20': '0.1596'}
2025-06-19 19:36:20,427 - EarlyStopping counter: 1 out of 10
2025-06-19 19:36:29,336 - {'epoch': 23, 'rec_loss': '5.4712'}
2025-06-19 19:36:33,161 - {'Epoch': 23, 'HR@5': '0.1647', 'NDCG@5': '0.1085', 'HR@10': '0.2508', 'NDCG@10': '0.1363', 'HR@20': '0.3469', 'NDCG@20': '0.1606'}
2025-06-19 19:36:33,162 - Validation score increased.  Saving model ...
2025-06-19 19:36:42,122 - {'epoch': 24, 'rec_loss': '5.4386'}
2025-06-19 19:36:45,957 - {'Epoch': 24, 'HR@5': '0.1659', 'NDCG@5': '0.1095', 'HR@10': '0.2522', 'NDCG@10': '0.1373', 'HR@20': '0.3499', 'NDCG@20': '0.1619'}
2025-06-19 19:36:45,960 - Validation score increased.  Saving model ...
2025-06-19 19:36:54,889 - {'epoch': 25, 'rec_loss': '5.4094'}
2025-06-19 19:36:58,759 - {'Epoch': 25, 'HR@5': '0.1668', 'NDCG@5': '0.1099', 'HR@10': '0.2518', 'NDCG@10': '0.1373', 'HR@20': '0.3513', 'NDCG@20': '0.1625'}
2025-06-19 19:36:58,760 - Validation score increased.  Saving model ...
2025-06-19 19:37:07,700 - {'epoch': 26, 'rec_loss': '5.3806'}
2025-06-19 19:37:11,537 - {'Epoch': 26, 'HR@5': '0.1650', 'NDCG@5': '0.1089', 'HR@10': '0.2523', 'NDCG@10': '0.1371', 'HR@20': '0.3510', 'NDCG@20': '0.1620'}
2025-06-19 19:37:11,539 - EarlyStopping counter: 1 out of 10
2025-06-19 19:37:20,535 - {'epoch': 27, 'rec_loss': '5.3547'}
2025-06-19 19:37:24,343 - {'Epoch': 27, 'HR@5': '0.1656', 'NDCG@5': '0.1101', 'HR@10': '0.2523', 'NDCG@10': '0.1381', 'HR@20': '0.3528', 'NDCG@20': '0.1635'}
2025-06-19 19:37:24,345 - Validation score increased.  Saving model ...
2025-06-19 19:37:33,306 - {'epoch': 28, 'rec_loss': '5.3326'}
2025-06-19 19:37:37,146 - {'Epoch': 28, 'HR@5': '0.1666', 'NDCG@5': '0.1103', 'HR@10': '0.2550', 'NDCG@10': '0.1388', 'HR@20': '0.3525', 'NDCG@20': '0.1634'}
2025-06-19 19:37:37,147 - EarlyStopping counter: 1 out of 10
2025-06-19 19:37:46,096 - {'epoch': 29, 'rec_loss': '5.3097'}
2025-06-19 19:37:50,027 - {'Epoch': 29, 'HR@5': '0.1672', 'NDCG@5': '0.1111', 'HR@10': '0.2542', 'NDCG@10': '0.1391', 'HR@20': '0.3552', 'NDCG@20': '0.1646'}
2025-06-19 19:37:50,031 - Validation score increased.  Saving model ...
2025-06-19 19:37:58,985 - {'epoch': 30, 'rec_loss': '5.2891'}
2025-06-19 19:38:02,818 - {'Epoch': 30, 'HR@5': '0.1670', 'NDCG@5': '0.1105', 'HR@10': '0.2551', 'NDCG@10': '0.1389', 'HR@20': '0.3540', 'NDCG@20': '0.1639'}
2025-06-19 19:38:02,819 - EarlyStopping counter: 1 out of 10
2025-06-19 19:38:11,747 - {'epoch': 31, 'rec_loss': '5.2681'}
2025-06-19 19:38:15,572 - {'Epoch': 31, 'HR@5': '0.1697', 'NDCG@5': '0.1114', 'HR@10': '0.2557', 'NDCG@10': '0.1390', 'HR@20': '0.3557', 'NDCG@20': '0.1643'}
2025-06-19 19:38:15,575 - EarlyStopping counter: 2 out of 10
2025-06-19 19:38:24,501 - {'epoch': 32, 'rec_loss': '5.2453'}
2025-06-19 19:38:28,319 - {'Epoch': 32, 'HR@5': '0.1704', 'NDCG@5': '0.1123', 'HR@10': '0.2553', 'NDCG@10': '0.1396', 'HR@20': '0.3549', 'NDCG@20': '0.1648'}
2025-06-19 19:38:28,320 - Validation score increased.  Saving model ...
2025-06-19 19:38:37,264 - {'epoch': 33, 'rec_loss': '5.2352'}
2025-06-19 19:38:41,087 - {'Epoch': 33, 'HR@5': '0.1708', 'NDCG@5': '0.1127', 'HR@10': '0.2576', 'NDCG@10': '0.1405', 'HR@20': '0.3564', 'NDCG@20': '0.1656'}
2025-06-19 19:38:41,089 - Validation score increased.  Saving model ...
2025-06-19 19:38:50,027 - {'epoch': 34, 'rec_loss': '5.2148'}
2025-06-19 19:38:53,865 - {'Epoch': 34, 'HR@5': '0.1702', 'NDCG@5': '0.1126', 'HR@10': '0.2584', 'NDCG@10': '0.1410', 'HR@20': '0.3558', 'NDCG@20': '0.1656'}
2025-06-19 19:38:53,866 - Validation score increased.  Saving model ...
2025-06-19 19:39:02,784 - {'epoch': 35, 'rec_loss': '5.2015'}
2025-06-19 19:39:06,570 - {'Epoch': 35, 'HR@5': '0.1709', 'NDCG@5': '0.1125', 'HR@10': '0.2589', 'NDCG@10': '0.1407', 'HR@20': '0.3563', 'NDCG@20': '0.1653'}
2025-06-19 19:39:06,571 - EarlyStopping counter: 1 out of 10
2025-06-19 19:39:15,537 - {'epoch': 36, 'rec_loss': '5.1811'}
2025-06-19 19:39:19,429 - {'Epoch': 36, 'HR@5': '0.1705', 'NDCG@5': '0.1124', 'HR@10': '0.2594', 'NDCG@10': '0.1410', 'HR@20': '0.3575', 'NDCG@20': '0.1658'}
2025-06-19 19:39:19,430 - Validation score increased.  Saving model ...
2025-06-19 19:39:28,337 - {'epoch': 37, 'rec_loss': '5.1655'}
2025-06-19 19:39:32,146 - {'Epoch': 37, 'HR@5': '0.1708', 'NDCG@5': '0.1126', 'HR@10': '0.2591', 'NDCG@10': '0.1409', 'HR@20': '0.3574', 'NDCG@20': '0.1658'}
2025-06-19 19:39:32,148 - Validation score increased.  Saving model ...
2025-06-19 19:39:41,039 - {'epoch': 38, 'rec_loss': '5.1531'}
2025-06-19 19:39:44,869 - {'Epoch': 38, 'HR@5': '0.1672', 'NDCG@5': '0.1112', 'HR@10': '0.2578', 'NDCG@10': '0.1404', 'HR@20': '0.3588', 'NDCG@20': '0.1659'}
2025-06-19 19:39:44,870 - Validation score increased.  Saving model ...
2025-06-19 19:39:53,935 - {'epoch': 39, 'rec_loss': '5.1386'}
2025-06-19 19:39:57,790 - {'Epoch': 39, 'HR@5': '0.1696', 'NDCG@5': '0.1127', 'HR@10': '0.2580', 'NDCG@10': '0.1412', 'HR@20': '0.3582', 'NDCG@20': '0.1666'}
2025-06-19 19:39:57,792 - Validation score increased.  Saving model ...
2025-06-19 19:40:06,761 - {'epoch': 40, 'rec_loss': '5.1271'}
2025-06-19 19:40:10,633 - {'Epoch': 40, 'HR@5': '0.1710', 'NDCG@5': '0.1135', 'HR@10': '0.2579', 'NDCG@10': '0.1415', 'HR@20': '0.3581', 'NDCG@20': '0.1669'}
2025-06-19 19:40:10,635 - Validation score increased.  Saving model ...
2025-06-19 19:40:19,570 - {'epoch': 41, 'rec_loss': '5.1149'}
2025-06-19 19:40:23,403 - {'Epoch': 41, 'HR@5': '0.1696', 'NDCG@5': '0.1124', 'HR@10': '0.2588', 'NDCG@10': '0.1412', 'HR@20': '0.3599', 'NDCG@20': '0.1668'}
2025-06-19 19:40:23,406 - EarlyStopping counter: 1 out of 10
2025-06-19 19:40:32,338 - {'epoch': 42, 'rec_loss': '5.1034'}
2025-06-19 19:40:36,194 - {'Epoch': 42, 'HR@5': '0.1704', 'NDCG@5': '0.1134', 'HR@10': '0.2591', 'NDCG@10': '0.1420', 'HR@20': '0.3597', 'NDCG@20': '0.1674'}
2025-06-19 19:40:36,195 - Validation score increased.  Saving model ...
2025-06-19 19:40:45,136 - {'epoch': 43, 'rec_loss': '5.0936'}
2025-06-19 19:40:48,972 - {'Epoch': 43, 'HR@5': '0.1704', 'NDCG@5': '0.1130', 'HR@10': '0.2574', 'NDCG@10': '0.1410', 'HR@20': '0.3581', 'NDCG@20': '0.1666'}
2025-06-19 19:40:48,974 - EarlyStopping counter: 1 out of 10
2025-06-19 19:40:57,873 - {'epoch': 44, 'rec_loss': '5.0843'}
2025-06-19 19:41:01,714 - {'Epoch': 44, 'HR@5': '0.1705', 'NDCG@5': '0.1133', 'HR@10': '0.2588', 'NDCG@10': '0.1417', 'HR@20': '0.3597', 'NDCG@20': '0.1672'}
2025-06-19 19:41:01,716 - EarlyStopping counter: 2 out of 10
2025-06-19 19:41:10,603 - {'epoch': 45, 'rec_loss': '5.0698'}
2025-06-19 19:41:14,430 - {'Epoch': 45, 'HR@5': '0.1698', 'NDCG@5': '0.1127', 'HR@10': '0.2595', 'NDCG@10': '0.1416', 'HR@20': '0.3597', 'NDCG@20': '0.1669'}
2025-06-19 19:41:14,431 - EarlyStopping counter: 3 out of 10
2025-06-19 19:41:23,471 - {'epoch': 46, 'rec_loss': '5.0613'}
2025-06-19 19:41:27,332 - {'Epoch': 46, 'HR@5': '0.1706', 'NDCG@5': '0.1131', 'HR@10': '0.2581', 'NDCG@10': '0.1414', 'HR@20': '0.3603', 'NDCG@20': '0.1672'}
2025-06-19 19:41:27,334 - EarlyStopping counter: 4 out of 10
2025-06-19 19:41:36,332 - {'epoch': 47, 'rec_loss': '5.0521'}
2025-06-19 19:41:40,167 - {'Epoch': 47, 'HR@5': '0.1720', 'NDCG@5': '0.1143', 'HR@10': '0.2591', 'NDCG@10': '0.1424', 'HR@20': '0.3612', 'NDCG@20': '0.1682'}
2025-06-19 19:41:40,169 - Validation score increased.  Saving model ...
2025-06-19 19:41:49,176 - {'epoch': 48, 'rec_loss': '5.0407'}
2025-06-19 19:41:53,038 - {'Epoch': 48, 'HR@5': '0.1730', 'NDCG@5': '0.1141', 'HR@10': '0.2609', 'NDCG@10': '0.1424', 'HR@20': '0.3613', 'NDCG@20': '0.1679'}
2025-06-19 19:41:53,041 - EarlyStopping counter: 1 out of 10
2025-06-19 19:42:01,967 - {'epoch': 49, 'rec_loss': '5.0347'}
2025-06-19 19:42:05,819 - {'Epoch': 49, 'HR@5': '0.1720', 'NDCG@5': '0.1143', 'HR@10': '0.2615', 'NDCG@10': '0.1432', 'HR@20': '0.3609', 'NDCG@20': '0.1683'}
2025-06-19 19:42:05,821 - Validation score increased.  Saving model ...
2025-06-19 19:42:14,791 - {'epoch': 50, 'rec_loss': '5.0228'}
2025-06-19 19:42:18,689 - {'Epoch': 50, 'HR@5': '0.1722', 'NDCG@5': '0.1136', 'HR@10': '0.2611', 'NDCG@10': '0.1422', 'HR@20': '0.3617', 'NDCG@20': '0.1676'}
2025-06-19 19:42:18,691 - EarlyStopping counter: 1 out of 10
2025-06-19 19:42:27,649 - {'epoch': 51, 'rec_loss': '5.0153'}
2025-06-19 19:42:31,487 - {'Epoch': 51, 'HR@5': '0.1731', 'NDCG@5': '0.1145', 'HR@10': '0.2608', 'NDCG@10': '0.1428', 'HR@20': '0.3622', 'NDCG@20': '0.1684'}
2025-06-19 19:42:31,489 - Validation score increased.  Saving model ...
2025-06-19 19:42:40,438 - {'epoch': 52, 'rec_loss': '5.0083'}
2025-06-19 19:42:44,305 - {'Epoch': 52, 'HR@5': '0.1728', 'NDCG@5': '0.1132', 'HR@10': '0.2620', 'NDCG@10': '0.1420', 'HR@20': '0.3611', 'NDCG@20': '0.1670'}
2025-06-19 19:42:44,307 - EarlyStopping counter: 1 out of 10
2025-06-19 19:42:53,371 - {'epoch': 53, 'rec_loss': '4.9987'}
2025-06-19 19:42:57,248 - {'Epoch': 53, 'HR@5': '0.1724', 'NDCG@5': '0.1141', 'HR@10': '0.2609', 'NDCG@10': '0.1426', 'HR@20': '0.3618', 'NDCG@20': '0.1681'}
2025-06-19 19:42:57,248 - EarlyStopping counter: 2 out of 10
2025-06-19 19:43:06,145 - {'epoch': 54, 'rec_loss': '4.9974'}
2025-06-19 19:43:10,022 - {'Epoch': 54, 'HR@5': '0.1726', 'NDCG@5': '0.1135', 'HR@10': '0.2603', 'NDCG@10': '0.1418', 'HR@20': '0.3609', 'NDCG@20': '0.1672'}
2025-06-19 19:43:10,023 - EarlyStopping counter: 3 out of 10
2025-06-19 19:43:18,997 - {'epoch': 55, 'rec_loss': '4.9804'}
2025-06-19 19:43:22,859 - {'Epoch': 55, 'HR@5': '0.1716', 'NDCG@5': '0.1133', 'HR@10': '0.2621', 'NDCG@10': '0.1424', 'HR@20': '0.3626', 'NDCG@20': '0.1679'}
2025-06-19 19:43:22,863 - EarlyStopping counter: 4 out of 10
2025-06-19 19:43:31,825 - {'epoch': 56, 'rec_loss': '4.9770'}
2025-06-19 19:43:35,688 - {'Epoch': 56, 'HR@5': '0.1716', 'NDCG@5': '0.1132', 'HR@10': '0.2616', 'NDCG@10': '0.1422', 'HR@20': '0.3622', 'NDCG@20': '0.1676'}
2025-06-19 19:43:35,688 - EarlyStopping counter: 5 out of 10
2025-06-19 19:43:44,609 - {'epoch': 57, 'rec_loss': '4.9738'}
2025-06-19 19:43:48,550 - {'Epoch': 57, 'HR@5': '0.1722', 'NDCG@5': '0.1138', 'HR@10': '0.2610', 'NDCG@10': '0.1423', 'HR@20': '0.3624', 'NDCG@20': '0.1679'}
2025-06-19 19:43:48,554 - EarlyStopping counter: 6 out of 10
2025-06-19 19:43:57,520 - {'epoch': 58, 'rec_loss': '4.9625'}
2025-06-19 19:44:01,394 - {'Epoch': 58, 'HR@5': '0.1699', 'NDCG@5': '0.1134', 'HR@10': '0.2624', 'NDCG@10': '0.1432', 'HR@20': '0.3629', 'NDCG@20': '0.1685'}
2025-06-19 19:44:01,396 - Validation score increased.  Saving model ...
2025-06-19 19:44:10,390 - {'epoch': 59, 'rec_loss': '4.9595'}
2025-06-19 19:44:14,275 - {'Epoch': 59, 'HR@5': '0.1736', 'NDCG@5': '0.1149', 'HR@10': '0.2616', 'NDCG@10': '0.1432', 'HR@20': '0.3630', 'NDCG@20': '0.1687'}
2025-06-19 19:44:14,278 - Validation score increased.  Saving model ...
2025-06-19 19:44:23,255 - {'epoch': 60, 'rec_loss': '4.9510'}
2025-06-19 19:44:27,169 - {'Epoch': 60, 'HR@5': '0.1724', 'NDCG@5': '0.1137', 'HR@10': '0.2631', 'NDCG@10': '0.1430', 'HR@20': '0.3632', 'NDCG@20': '0.1683'}
2025-06-19 19:44:27,170 - EarlyStopping counter: 1 out of 10
2025-06-19 19:44:36,135 - {'epoch': 61, 'rec_loss': '4.9445'}
2025-06-19 19:44:40,021 - {'Epoch': 61, 'HR@5': '0.1736', 'NDCG@5': '0.1149', 'HR@10': '0.2600', 'NDCG@10': '0.1428', 'HR@20': '0.3650', 'NDCG@20': '0.1693'}
2025-06-19 19:44:40,022 - Validation score increased.  Saving model ...
2025-06-19 19:44:48,974 - {'epoch': 62, 'rec_loss': '4.9388'}
2025-06-19 19:44:52,878 - {'Epoch': 62, 'HR@5': '0.1725', 'NDCG@5': '0.1140', 'HR@10': '0.2617', 'NDCG@10': '0.1428', 'HR@20': '0.3630', 'NDCG@20': '0.1683'}
2025-06-19 19:44:52,880 - EarlyStopping counter: 1 out of 10
2025-06-19 19:45:01,805 - {'epoch': 63, 'rec_loss': '4.9340'}
2025-06-19 19:45:05,664 - {'Epoch': 63, 'HR@5': '0.1732', 'NDCG@5': '0.1144', 'HR@10': '0.2624', 'NDCG@10': '0.1431', 'HR@20': '0.3628', 'NDCG@20': '0.1685'}
2025-06-19 19:45:05,666 - EarlyStopping counter: 2 out of 10
2025-06-19 19:45:14,640 - {'epoch': 64, 'rec_loss': '4.9242'}
2025-06-19 19:45:18,590 - {'Epoch': 64, 'HR@5': '0.1739', 'NDCG@5': '0.1144', 'HR@10': '0.2635', 'NDCG@10': '0.1433', 'HR@20': '0.3622', 'NDCG@20': '0.1682'}
2025-06-19 19:45:18,591 - EarlyStopping counter: 3 out of 10
2025-06-19 19:45:27,558 - {'epoch': 65, 'rec_loss': '4.9250'}
2025-06-19 19:45:31,447 - {'Epoch': 65, 'HR@5': '0.1743', 'NDCG@5': '0.1150', 'HR@10': '0.2621', 'NDCG@10': '0.1432', 'HR@20': '0.3622', 'NDCG@20': '0.1685'}
2025-06-19 19:45:31,449 - EarlyStopping counter: 4 out of 10
2025-06-19 19:45:40,394 - {'epoch': 66, 'rec_loss': '4.9221'}
2025-06-19 19:45:44,226 - {'Epoch': 66, 'HR@5': '0.1730', 'NDCG@5': '0.1144', 'HR@10': '0.2628', 'NDCG@10': '0.1432', 'HR@20': '0.3638', 'NDCG@20': '0.1687'}
2025-06-19 19:45:44,227 - EarlyStopping counter: 5 out of 10
2025-06-19 19:45:53,245 - {'epoch': 67, 'rec_loss': '4.9162'}
2025-06-19 19:45:57,139 - {'Epoch': 67, 'HR@5': '0.1747', 'NDCG@5': '0.1152', 'HR@10': '0.2627', 'NDCG@10': '0.1435', 'HR@20': '0.3630', 'NDCG@20': '0.1688'}
2025-06-19 19:45:57,142 - EarlyStopping counter: 6 out of 10
2025-06-19 19:46:06,063 - {'epoch': 68, 'rec_loss': '4.9085'}
2025-06-19 19:46:09,950 - {'Epoch': 68, 'HR@5': '0.1732', 'NDCG@5': '0.1144', 'HR@10': '0.2616', 'NDCG@10': '0.1429', 'HR@20': '0.3630', 'NDCG@20': '0.1685'}
2025-06-19 19:46:09,952 - EarlyStopping counter: 7 out of 10
2025-06-19 19:46:18,982 - {'epoch': 69, 'rec_loss': '4.9011'}
2025-06-19 19:46:22,866 - {'Epoch': 69, 'HR@5': '0.1736', 'NDCG@5': '0.1147', 'HR@10': '0.2619', 'NDCG@10': '0.1431', 'HR@20': '0.3649', 'NDCG@20': '0.1692'}
2025-06-19 19:46:22,869 - EarlyStopping counter: 8 out of 10
2025-06-19 19:46:31,775 - {'epoch': 70, 'rec_loss': '4.8988'}
2025-06-19 19:46:35,649 - {'Epoch': 70, 'HR@5': '0.1734', 'NDCG@5': '0.1138', 'HR@10': '0.2627', 'NDCG@10': '0.1426', 'HR@20': '0.3642', 'NDCG@20': '0.1682'}
2025-06-19 19:46:35,652 - EarlyStopping counter: 9 out of 10
2025-06-19 19:46:44,569 - {'epoch': 71, 'rec_loss': '4.8921'}
2025-06-19 19:46:48,509 - {'Epoch': 71, 'HR@5': '0.1725', 'NDCG@5': '0.1139', 'HR@10': '0.2629', 'NDCG@10': '0.1430', 'HR@20': '0.3646', 'NDCG@20': '0.1686'}
2025-06-19 19:46:48,511 - EarlyStopping counter: 10 out of 10
2025-06-19 19:46:48,512 - Early stopping
2025-06-19 19:46:48,512 - ---------------Test Score---------------
2025-06-19 19:46:52,404 - {'Epoch': 0, 'HR@5': '0.1507', 'NDCG@5': '0.0987', 'HR@10': '0.2290', 'NDCG@10': '0.1239', 'HR@20': '0.3221', 'NDCG@20': '0.1474'}
2025-06-19 19:46:52,405 - DuoRec_Diginetica_42
2025-06-19 19:46:52,405 - {'Epoch': 0, 'HR@5': '0.1507', 'NDCG@5': '0.0987', 'HR@10': '0.2290', 'NDCG@10': '0.1239', 'HR@20': '0.3221', 'NDCG@20': '0.1474'}
