2025-06-19 19:30:48,482 - Namespace(data_dir='data/', output_dir='output/DuoRec/', data_name='LastFM', do_eval=False, load_model=None, train_name='DuoRec_LastFM_45', num_items=10, num_users=1091, lr=0.001, batch_size=256, epochs=200, no_cuda=False, log_freq=1, patience=10, num_workers=4, seed=45, weight_decay=0.0, adam_beta1=0.9, adam_beta2=0.999, gpu_id='0', variance=5, model_type='DuoRec', max_seq_length=50, hidden_size=64, num_hidden_layers=2, hidden_act='gelu', num_attention_heads=4, attention_probs_dropout_prob=0.5, hidden_dropout_prob=0.5, initializer_range=0.02, tau=1.0, lmd=0.1, lmd_sem=0.1, ssl='us_x', sim='dot', cuda_condition=True, data_file='data/LastFM.txt', item_size=3647, checkpoint_path='output/DuoRec/DuoRec_LastFM_45.pt', same_target_path='data/LastFM_same_target.npy')
2025-06-19 19:30:48,500 - DuoRecModel(
  (item_embeddings): Embedding(3647, 64, padding_idx=0)
  (position_embeddings): Embedding(50, 64)
  (LayerNorm): LayerNorm()
  (dropout): Dropout(p=0.5, inplace=False)
  (item_encoder): TransformerEncoder(
    (blocks): ModuleList(
      (0): TransformerBlock(
        (layer): MultiHeadAttention(
          (query): Linear(in_features=64, out_features=64, bias=True)
          (key): Linear(in_features=64, out_features=64, bias=True)
          (value): Linear(in_features=64, out_features=64, bias=True)
          (softmax): Softmax(dim=-1)
          (attn_dropout): Dropout(p=0.5, inplace=False)
          (dense): Linear(in_features=64, out_features=64, bias=True)
          (LayerNorm): LayerNorm((64,), eps=1e-12, elementwise_affine=True)
          (out_dropout): Dropout(p=0.5, inplace=False)
        )
        (feed_forward): FeedForward(
          (dense_1): Linear(in_features=64, out_features=256, bias=True)
          (dense_2): Linear(in_features=256, out_features=64, bias=True)
          (LayerNorm): LayerNorm()
          (dropout): Dropout(p=0.5, inplace=False)
        )
      )
      (1): TransformerBlock(
        (layer): MultiHeadAttention(
          (query): Linear(in_features=64, out_features=64, bias=True)
          (key): Linear(in_features=64, out_features=64, bias=True)
          (value): Linear(in_features=64, out_features=64, bias=True)
          (softmax): Softmax(dim=-1)
          (attn_dropout): Dropout(p=0.5, inplace=False)
          (dense): Linear(in_features=64, out_features=64, bias=True)
          (LayerNorm): LayerNorm((64,), eps=1e-12, elementwise_affine=True)
          (out_dropout): Dropout(p=0.5, inplace=False)
        )
        (feed_forward): FeedForward(
          (dense_1): Linear(in_features=64, out_features=256, bias=True)
          (dense_2): Linear(in_features=256, out_features=64, bias=True)
          (LayerNorm): LayerNorm()
          (dropout): Dropout(p=0.5, inplace=False)
        )
      )
    )
  )
  (aug_nce_fct): CrossEntropyLoss()
)
2025-06-19 19:30:50,767 - Total Parameters: 336704
2025-06-19 19:30:54,199 - {'epoch': 0, 'rec_loss': '8.8383'}
2025-06-19 19:30:54,726 - {'Epoch': 0, 'HR@5': '0.0202', 'NDCG@5': '0.0142', 'HR@10': '0.0358', 'NDCG@10': '0.0192', 'HR@20': '0.0615', 'NDCG@20': '0.0256'}
2025-06-19 19:30:54,727 - Validation score increased.  Saving model ...
2025-06-19 19:30:57,552 - {'epoch': 1, 'rec_loss': '8.5087'}
2025-06-19 19:30:58,100 - {'Epoch': 1, 'HR@5': '0.0248', 'NDCG@5': '0.0159', 'HR@10': '0.0385', 'NDCG@10': '0.0203', 'HR@20': '0.0596', 'NDCG@20': '0.0256'}
2025-06-19 19:30:58,101 - Validation score increased.  Saving model ...
2025-06-19 19:31:00,928 - {'epoch': 2, 'rec_loss': '8.4731'}
2025-06-19 19:31:01,503 - {'Epoch': 2, 'HR@5': '0.0211', 'NDCG@5': '0.0149', 'HR@10': '0.0394', 'NDCG@10': '0.0208', 'HR@20': '0.0633', 'NDCG@20': '0.0267'}
2025-06-19 19:31:01,503 - Validation score increased.  Saving model ...
2025-06-19 19:31:04,309 - {'epoch': 3, 'rec_loss': '8.4517'}
2025-06-19 19:31:04,874 - {'Epoch': 3, 'HR@5': '0.0229', 'NDCG@5': '0.0149', 'HR@10': '0.0358', 'NDCG@10': '0.0190', 'HR@20': '0.0624', 'NDCG@20': '0.0257'}
2025-06-19 19:31:04,875 - EarlyStopping counter: 1 out of 10
2025-06-19 19:31:07,688 - {'epoch': 4, 'rec_loss': '8.4340'}
2025-06-19 19:31:08,222 - {'Epoch': 4, 'HR@5': '0.0165', 'NDCG@5': '0.0096', 'HR@10': '0.0367', 'NDCG@10': '0.0161', 'HR@20': '0.0596', 'NDCG@20': '0.0219'}
2025-06-19 19:31:08,222 - EarlyStopping counter: 2 out of 10
2025-06-19 19:31:11,031 - {'epoch': 5, 'rec_loss': '8.3966'}
2025-06-19 19:31:11,589 - {'Epoch': 5, 'HR@5': '0.0229', 'NDCG@5': '0.0151', 'HR@10': '0.0385', 'NDCG@10': '0.0202', 'HR@20': '0.0606', 'NDCG@20': '0.0256'}
2025-06-19 19:31:11,589 - EarlyStopping counter: 3 out of 10
2025-06-19 19:31:14,401 - {'epoch': 6, 'rec_loss': '8.3395'}
2025-06-19 19:31:14,965 - {'Epoch': 6, 'HR@5': '0.0239', 'NDCG@5': '0.0150', 'HR@10': '0.0413', 'NDCG@10': '0.0206', 'HR@20': '0.0633', 'NDCG@20': '0.0261'}
2025-06-19 19:31:14,965 - EarlyStopping counter: 4 out of 10
2025-06-19 19:31:17,785 - {'epoch': 7, 'rec_loss': '8.2786'}
2025-06-19 19:31:18,306 - {'Epoch': 7, 'HR@5': '0.0275', 'NDCG@5': '0.0177', 'HR@10': '0.0413', 'NDCG@10': '0.0222', 'HR@20': '0.0661', 'NDCG@20': '0.0283'}
2025-06-19 19:31:18,307 - Validation score increased.  Saving model ...
2025-06-19 19:31:21,166 - {'epoch': 8, 'rec_loss': '8.2207'}
2025-06-19 19:31:21,711 - {'Epoch': 8, 'HR@5': '0.0294', 'NDCG@5': '0.0183', 'HR@10': '0.0413', 'NDCG@10': '0.0223', 'HR@20': '0.0661', 'NDCG@20': '0.0285'}
2025-06-19 19:31:21,711 - Validation score increased.  Saving model ...
2025-06-19 19:31:24,515 - {'epoch': 9, 'rec_loss': '8.1593'}
2025-06-19 19:31:25,063 - {'Epoch': 9, 'HR@5': '0.0339', 'NDCG@5': '0.0193', 'HR@10': '0.0450', 'NDCG@10': '0.0229', 'HR@20': '0.0734', 'NDCG@20': '0.0300'}
2025-06-19 19:31:25,064 - Validation score increased.  Saving model ...
2025-06-19 19:31:27,916 - {'epoch': 10, 'rec_loss': '8.0898'}
2025-06-19 19:31:28,455 - {'Epoch': 10, 'HR@5': '0.0330', 'NDCG@5': '0.0203', 'HR@10': '0.0468', 'NDCG@10': '0.0248', 'HR@20': '0.0817', 'NDCG@20': '0.0335'}
2025-06-19 19:31:28,456 - Validation score increased.  Saving model ...
2025-06-19 19:31:31,247 - {'epoch': 11, 'rec_loss': '8.0134'}
2025-06-19 19:31:31,779 - {'Epoch': 11, 'HR@5': '0.0367', 'NDCG@5': '0.0234', 'HR@10': '0.0541', 'NDCG@10': '0.0290', 'HR@20': '0.0807', 'NDCG@20': '0.0356'}
2025-06-19 19:31:31,780 - Validation score increased.  Saving model ...
2025-06-19 19:31:34,615 - {'epoch': 12, 'rec_loss': '7.9366'}
2025-06-19 19:31:35,137 - {'Epoch': 12, 'HR@5': '0.0385', 'NDCG@5': '0.0236', 'HR@10': '0.0523', 'NDCG@10': '0.0281', 'HR@20': '0.0862', 'NDCG@20': '0.0366'}
2025-06-19 19:31:35,138 - Validation score increased.  Saving model ...
2025-06-19 19:31:37,981 - {'epoch': 13, 'rec_loss': '7.8583'}
2025-06-19 19:31:38,516 - {'Epoch': 13, 'HR@5': '0.0394', 'NDCG@5': '0.0247', 'HR@10': '0.0532', 'NDCG@10': '0.0292', 'HR@20': '0.0872', 'NDCG@20': '0.0377'}
2025-06-19 19:31:38,516 - Validation score increased.  Saving model ...
2025-06-19 19:31:41,377 - {'epoch': 14, 'rec_loss': '7.7858'}
2025-06-19 19:31:41,920 - {'Epoch': 14, 'HR@5': '0.0413', 'NDCG@5': '0.0251', 'HR@10': '0.0560', 'NDCG@10': '0.0298', 'HR@20': '0.0881', 'NDCG@20': '0.0379'}
2025-06-19 19:31:41,920 - Validation score increased.  Saving model ...
2025-06-19 19:31:44,757 - {'epoch': 15, 'rec_loss': '7.7100'}
2025-06-19 19:31:45,332 - {'Epoch': 15, 'HR@5': '0.0385', 'NDCG@5': '0.0247', 'HR@10': '0.0587', 'NDCG@10': '0.0312', 'HR@20': '0.0936', 'NDCG@20': '0.0401'}
2025-06-19 19:31:45,337 - Validation score increased.  Saving model ...
2025-06-19 19:31:48,177 - {'epoch': 16, 'rec_loss': '7.6391'}
2025-06-19 19:31:48,732 - {'Epoch': 16, 'HR@5': '0.0440', 'NDCG@5': '0.0274', 'HR@10': '0.0670', 'NDCG@10': '0.0346', 'HR@20': '0.0963', 'NDCG@20': '0.0420'}
2025-06-19 19:31:48,733 - Validation score increased.  Saving model ...
2025-06-19 19:31:51,587 - {'epoch': 17, 'rec_loss': '7.5724'}
2025-06-19 19:31:52,146 - {'Epoch': 17, 'HR@5': '0.0431', 'NDCG@5': '0.0267', 'HR@10': '0.0651', 'NDCG@10': '0.0338', 'HR@20': '0.0954', 'NDCG@20': '0.0414'}
2025-06-19 19:31:52,147 - EarlyStopping counter: 1 out of 10
2025-06-19 19:31:54,977 - {'epoch': 18, 'rec_loss': '7.5042'}
2025-06-19 19:31:55,516 - {'Epoch': 18, 'HR@5': '0.0450', 'NDCG@5': '0.0284', 'HR@10': '0.0661', 'NDCG@10': '0.0352', 'HR@20': '0.0945', 'NDCG@20': '0.0424'}
2025-06-19 19:31:55,517 - Validation score increased.  Saving model ...
2025-06-19 19:31:58,375 - {'epoch': 19, 'rec_loss': '7.4460'}
2025-06-19 19:31:58,922 - {'Epoch': 19, 'HR@5': '0.0486', 'NDCG@5': '0.0301', 'HR@10': '0.0670', 'NDCG@10': '0.0361', 'HR@20': '0.0982', 'NDCG@20': '0.0440'}
2025-06-19 19:31:58,923 - Validation score increased.  Saving model ...
2025-06-19 19:32:01,732 - {'epoch': 20, 'rec_loss': '7.3784'}
2025-06-19 19:32:02,271 - {'Epoch': 20, 'HR@5': '0.0477', 'NDCG@5': '0.0298', 'HR@10': '0.0716', 'NDCG@10': '0.0375', 'HR@20': '0.1028', 'NDCG@20': '0.0453'}
2025-06-19 19:32:02,272 - Validation score increased.  Saving model ...
2025-06-19 19:32:05,152 - {'epoch': 21, 'rec_loss': '7.3230'}
2025-06-19 19:32:05,693 - {'Epoch': 21, 'HR@5': '0.0505', 'NDCG@5': '0.0314', 'HR@10': '0.0706', 'NDCG@10': '0.0378', 'HR@20': '0.1073', 'NDCG@20': '0.0471'}
2025-06-19 19:32:05,694 - Validation score increased.  Saving model ...
2025-06-19 19:32:08,505 - {'epoch': 22, 'rec_loss': '7.2698'}
2025-06-19 19:32:09,069 - {'Epoch': 22, 'HR@5': '0.0477', 'NDCG@5': '0.0294', 'HR@10': '0.0743', 'NDCG@10': '0.0378', 'HR@20': '0.1064', 'NDCG@20': '0.0459'}
2025-06-19 19:32:09,070 - EarlyStopping counter: 1 out of 10
2025-06-19 19:32:11,912 - {'epoch': 23, 'rec_loss': '7.2152'}
2025-06-19 19:32:12,456 - {'Epoch': 23, 'HR@5': '0.0431', 'NDCG@5': '0.0272', 'HR@10': '0.0743', 'NDCG@10': '0.0372', 'HR@20': '0.1092', 'NDCG@20': '0.0461'}
2025-06-19 19:32:12,457 - EarlyStopping counter: 2 out of 10
2025-06-19 19:32:15,269 - {'epoch': 24, 'rec_loss': '7.1612'}
2025-06-19 19:32:15,807 - {'Epoch': 24, 'HR@5': '0.0440', 'NDCG@5': '0.0301', 'HR@10': '0.0734', 'NDCG@10': '0.0398', 'HR@20': '0.1037', 'NDCG@20': '0.0476'}
2025-06-19 19:32:15,808 - Validation score increased.  Saving model ...
2025-06-19 19:32:18,656 - {'epoch': 25, 'rec_loss': '7.1130'}
2025-06-19 19:32:19,235 - {'Epoch': 25, 'HR@5': '0.0486', 'NDCG@5': '0.0304', 'HR@10': '0.0734', 'NDCG@10': '0.0386', 'HR@20': '0.1083', 'NDCG@20': '0.0475'}
2025-06-19 19:32:19,235 - EarlyStopping counter: 1 out of 10
2025-06-19 19:32:22,063 - {'epoch': 26, 'rec_loss': '7.0629'}
2025-06-19 19:32:22,580 - {'Epoch': 26, 'HR@5': '0.0486', 'NDCG@5': '0.0310', 'HR@10': '0.0780', 'NDCG@10': '0.0405', 'HR@20': '0.1128', 'NDCG@20': '0.0493'}
2025-06-19 19:32:22,581 - Validation score increased.  Saving model ...
2025-06-19 19:32:25,450 - {'epoch': 27, 'rec_loss': '7.0176'}
2025-06-19 19:32:25,995 - {'Epoch': 27, 'HR@5': '0.0505', 'NDCG@5': '0.0328', 'HR@10': '0.0789', 'NDCG@10': '0.0420', 'HR@20': '0.1147', 'NDCG@20': '0.0511'}
2025-06-19 19:32:25,996 - Validation score increased.  Saving model ...
2025-06-19 19:32:28,862 - {'epoch': 28, 'rec_loss': '6.9734'}
2025-06-19 19:32:29,402 - {'Epoch': 28, 'HR@5': '0.0468', 'NDCG@5': '0.0295', 'HR@10': '0.0761', 'NDCG@10': '0.0390', 'HR@20': '0.1119', 'NDCG@20': '0.0481'}
2025-06-19 19:32:29,403 - EarlyStopping counter: 1 out of 10
2025-06-19 19:32:32,223 - {'epoch': 29, 'rec_loss': '6.9305'}
2025-06-19 19:32:32,770 - {'Epoch': 29, 'HR@5': '0.0486', 'NDCG@5': '0.0310', 'HR@10': '0.0826', 'NDCG@10': '0.0420', 'HR@20': '0.1128', 'NDCG@20': '0.0497'}
2025-06-19 19:32:32,771 - EarlyStopping counter: 2 out of 10
2025-06-19 19:32:35,581 - {'epoch': 30, 'rec_loss': '6.8828'}
2025-06-19 19:32:36,118 - {'Epoch': 30, 'HR@5': '0.0505', 'NDCG@5': '0.0320', 'HR@10': '0.0780', 'NDCG@10': '0.0408', 'HR@20': '0.1147', 'NDCG@20': '0.0501'}
2025-06-19 19:32:36,119 - EarlyStopping counter: 3 out of 10
2025-06-19 19:32:38,947 - {'epoch': 31, 'rec_loss': '6.8517'}
2025-06-19 19:32:39,523 - {'Epoch': 31, 'HR@5': '0.0523', 'NDCG@5': '0.0316', 'HR@10': '0.0798', 'NDCG@10': '0.0405', 'HR@20': '0.1202', 'NDCG@20': '0.0507'}
2025-06-19 19:32:39,524 - EarlyStopping counter: 4 out of 10
2025-06-19 19:32:42,352 - {'epoch': 32, 'rec_loss': '6.8018'}
2025-06-19 19:32:42,885 - {'Epoch': 32, 'HR@5': '0.0541', 'NDCG@5': '0.0340', 'HR@10': '0.0780', 'NDCG@10': '0.0415', 'HR@20': '0.1156', 'NDCG@20': '0.0510'}
2025-06-19 19:32:42,886 - EarlyStopping counter: 5 out of 10
2025-06-19 19:32:45,777 - {'epoch': 33, 'rec_loss': '6.7686'}
2025-06-19 19:32:46,329 - {'Epoch': 33, 'HR@5': '0.0523', 'NDCG@5': '0.0329', 'HR@10': '0.0844', 'NDCG@10': '0.0432', 'HR@20': '0.1128', 'NDCG@20': '0.0504'}
2025-06-19 19:32:46,329 - EarlyStopping counter: 6 out of 10
2025-06-19 19:32:49,176 - {'epoch': 34, 'rec_loss': '6.7340'}
2025-06-19 19:32:49,718 - {'Epoch': 34, 'HR@5': '0.0514', 'NDCG@5': '0.0337', 'HR@10': '0.0853', 'NDCG@10': '0.0447', 'HR@20': '0.1174', 'NDCG@20': '0.0527'}
2025-06-19 19:32:49,719 - Validation score increased.  Saving model ...
2025-06-19 19:32:52,535 - {'epoch': 35, 'rec_loss': '6.6848'}
2025-06-19 19:32:53,067 - {'Epoch': 35, 'HR@5': '0.0569', 'NDCG@5': '0.0366', 'HR@10': '0.0844', 'NDCG@10': '0.0454', 'HR@20': '0.1119', 'NDCG@20': '0.0523'}
2025-06-19 19:32:53,068 - EarlyStopping counter: 1 out of 10
2025-06-19 19:32:55,924 - {'epoch': 36, 'rec_loss': '6.6534'}
2025-06-19 19:32:56,450 - {'Epoch': 36, 'HR@5': '0.0569', 'NDCG@5': '0.0367', 'HR@10': '0.0817', 'NDCG@10': '0.0448', 'HR@20': '0.1119', 'NDCG@20': '0.0526'}
2025-06-19 19:32:56,451 - EarlyStopping counter: 2 out of 10
2025-06-19 19:32:59,286 - {'epoch': 37, 'rec_loss': '6.6317'}
2025-06-19 19:32:59,836 - {'Epoch': 37, 'HR@5': '0.0532', 'NDCG@5': '0.0357', 'HR@10': '0.0835', 'NDCG@10': '0.0455', 'HR@20': '0.1110', 'NDCG@20': '0.0524'}
2025-06-19 19:32:59,837 - EarlyStopping counter: 3 out of 10
2025-06-19 19:33:02,664 - {'epoch': 38, 'rec_loss': '6.5938'}
2025-06-19 19:33:03,201 - {'Epoch': 38, 'HR@5': '0.0550', 'NDCG@5': '0.0365', 'HR@10': '0.0853', 'NDCG@10': '0.0463', 'HR@20': '0.1183', 'NDCG@20': '0.0544'}
2025-06-19 19:33:03,202 - Validation score increased.  Saving model ...
2025-06-19 19:33:06,049 - {'epoch': 39, 'rec_loss': '6.5676'}
2025-06-19 19:33:06,590 - {'Epoch': 39, 'HR@5': '0.0550', 'NDCG@5': '0.0358', 'HR@10': '0.0780', 'NDCG@10': '0.0434', 'HR@20': '0.1138', 'NDCG@20': '0.0526'}
2025-06-19 19:33:06,591 - EarlyStopping counter: 1 out of 10
2025-06-19 19:33:09,439 - {'epoch': 40, 'rec_loss': '6.5304'}
2025-06-19 19:33:09,972 - {'Epoch': 40, 'HR@5': '0.0550', 'NDCG@5': '0.0366', 'HR@10': '0.0826', 'NDCG@10': '0.0454', 'HR@20': '0.1156', 'NDCG@20': '0.0538'}
2025-06-19 19:33:09,972 - EarlyStopping counter: 2 out of 10
2025-06-19 19:33:12,796 - {'epoch': 41, 'rec_loss': '6.5030'}
2025-06-19 19:33:13,339 - {'Epoch': 41, 'HR@5': '0.0541', 'NDCG@5': '0.0369', 'HR@10': '0.0835', 'NDCG@10': '0.0463', 'HR@20': '0.1128', 'NDCG@20': '0.0538'}
2025-06-19 19:33:13,340 - EarlyStopping counter: 3 out of 10
2025-06-19 19:33:16,202 - {'epoch': 42, 'rec_loss': '6.4726'}
2025-06-19 19:33:16,718 - {'Epoch': 42, 'HR@5': '0.0560', 'NDCG@5': '0.0383', 'HR@10': '0.0817', 'NDCG@10': '0.0465', 'HR@20': '0.1174', 'NDCG@20': '0.0554'}
2025-06-19 19:33:16,719 - Validation score increased.  Saving model ...
2025-06-19 19:33:19,572 - {'epoch': 43, 'rec_loss': '6.4490'}
2025-06-19 19:33:20,094 - {'Epoch': 43, 'HR@5': '0.0532', 'NDCG@5': '0.0365', 'HR@10': '0.0798', 'NDCG@10': '0.0452', 'HR@20': '0.1147', 'NDCG@20': '0.0543'}
2025-06-19 19:33:20,094 - EarlyStopping counter: 1 out of 10
2025-06-19 19:33:22,929 - {'epoch': 44, 'rec_loss': '6.4214'}
2025-06-19 19:33:23,465 - {'Epoch': 44, 'HR@5': '0.0560', 'NDCG@5': '0.0379', 'HR@10': '0.0807', 'NDCG@10': '0.0458', 'HR@20': '0.1165', 'NDCG@20': '0.0548'}
2025-06-19 19:33:23,466 - EarlyStopping counter: 2 out of 10
2025-06-19 19:33:26,297 - {'epoch': 45, 'rec_loss': '6.3900'}
2025-06-19 19:33:26,830 - {'Epoch': 45, 'HR@5': '0.0587', 'NDCG@5': '0.0396', 'HR@10': '0.0817', 'NDCG@10': '0.0468', 'HR@20': '0.1156', 'NDCG@20': '0.0555'}
2025-06-19 19:33:26,830 - Validation score increased.  Saving model ...
2025-06-19 19:33:29,719 - {'epoch': 46, 'rec_loss': '6.3703'}
2025-06-19 19:33:30,262 - {'Epoch': 46, 'HR@5': '0.0578', 'NDCG@5': '0.0393', 'HR@10': '0.0835', 'NDCG@10': '0.0475', 'HR@20': '0.1156', 'NDCG@20': '0.0556'}
2025-06-19 19:33:30,262 - Validation score increased.  Saving model ...
2025-06-19 19:33:33,090 - {'epoch': 47, 'rec_loss': '6.3416'}
2025-06-19 19:33:33,625 - {'Epoch': 47, 'HR@5': '0.0587', 'NDCG@5': '0.0399', 'HR@10': '0.0890', 'NDCG@10': '0.0494', 'HR@20': '0.1193', 'NDCG@20': '0.0569'}
2025-06-19 19:33:33,626 - Validation score increased.  Saving model ...
2025-06-19 19:33:36,491 - {'epoch': 48, 'rec_loss': '6.3242'}
2025-06-19 19:33:37,030 - {'Epoch': 48, 'HR@5': '0.0606', 'NDCG@5': '0.0407', 'HR@10': '0.0872', 'NDCG@10': '0.0491', 'HR@20': '0.1193', 'NDCG@20': '0.0572'}
2025-06-19 19:33:37,031 - Validation score increased.  Saving model ...
2025-06-19 19:33:39,879 - {'epoch': 49, 'rec_loss': '6.3009'}
2025-06-19 19:33:40,450 - {'Epoch': 49, 'HR@5': '0.0615', 'NDCG@5': '0.0405', 'HR@10': '0.0881', 'NDCG@10': '0.0489', 'HR@20': '0.1220', 'NDCG@20': '0.0575'}
2025-06-19 19:33:40,450 - Validation score increased.  Saving model ...
2025-06-19 19:33:43,293 - {'epoch': 50, 'rec_loss': '6.2722'}
2025-06-19 19:33:43,827 - {'Epoch': 50, 'HR@5': '0.0606', 'NDCG@5': '0.0399', 'HR@10': '0.0862', 'NDCG@10': '0.0480', 'HR@20': '0.1229', 'NDCG@20': '0.0572'}
2025-06-19 19:33:43,828 - EarlyStopping counter: 1 out of 10
2025-06-19 19:33:46,671 - {'epoch': 51, 'rec_loss': '6.2559'}
2025-06-19 19:33:47,201 - {'Epoch': 51, 'HR@5': '0.0578', 'NDCG@5': '0.0391', 'HR@10': '0.0872', 'NDCG@10': '0.0486', 'HR@20': '0.1156', 'NDCG@20': '0.0558'}
2025-06-19 19:33:47,201 - EarlyStopping counter: 2 out of 10
2025-06-19 19:33:50,044 - {'epoch': 52, 'rec_loss': '6.2321'}
2025-06-19 19:33:50,584 - {'Epoch': 52, 'HR@5': '0.0606', 'NDCG@5': '0.0409', 'HR@10': '0.0872', 'NDCG@10': '0.0494', 'HR@20': '0.1174', 'NDCG@20': '0.0570'}
2025-06-19 19:33:50,585 - EarlyStopping counter: 3 out of 10
2025-06-19 19:33:53,431 - {'epoch': 53, 'rec_loss': '6.2099'}
2025-06-19 19:33:53,970 - {'Epoch': 53, 'HR@5': '0.0541', 'NDCG@5': '0.0387', 'HR@10': '0.0844', 'NDCG@10': '0.0487', 'HR@20': '0.1183', 'NDCG@20': '0.0573'}
2025-06-19 19:33:53,971 - EarlyStopping counter: 4 out of 10
2025-06-19 19:33:56,824 - {'epoch': 54, 'rec_loss': '6.2008'}
2025-06-19 19:33:57,365 - {'Epoch': 54, 'HR@5': '0.0587', 'NDCG@5': '0.0401', 'HR@10': '0.0908', 'NDCG@10': '0.0504', 'HR@20': '0.1266', 'NDCG@20': '0.0592'}
2025-06-19 19:33:57,366 - Validation score increased.  Saving model ...
2025-06-19 19:34:00,247 - {'epoch': 55, 'rec_loss': '6.1789'}
2025-06-19 19:34:00,802 - {'Epoch': 55, 'HR@5': '0.0578', 'NDCG@5': '0.0381', 'HR@10': '0.0881', 'NDCG@10': '0.0477', 'HR@20': '0.1229', 'NDCG@20': '0.0564'}
2025-06-19 19:34:00,803 - EarlyStopping counter: 1 out of 10
2025-06-19 19:34:03,665 - {'epoch': 56, 'rec_loss': '6.1623'}
2025-06-19 19:34:04,244 - {'Epoch': 56, 'HR@5': '0.0560', 'NDCG@5': '0.0385', 'HR@10': '0.0826', 'NDCG@10': '0.0471', 'HR@20': '0.1211', 'NDCG@20': '0.0569'}
2025-06-19 19:34:04,245 - EarlyStopping counter: 2 out of 10
2025-06-19 19:34:07,078 - {'epoch': 57, 'rec_loss': '6.1346'}
2025-06-19 19:34:07,669 - {'Epoch': 57, 'HR@5': '0.0569', 'NDCG@5': '0.0411', 'HR@10': '0.0872', 'NDCG@10': '0.0507', 'HR@20': '0.1202', 'NDCG@20': '0.0590'}
2025-06-19 19:34:07,670 - EarlyStopping counter: 3 out of 10
2025-06-19 19:34:10,505 - {'epoch': 58, 'rec_loss': '6.1140'}
2025-06-19 19:34:11,098 - {'Epoch': 58, 'HR@5': '0.0615', 'NDCG@5': '0.0416', 'HR@10': '0.0881', 'NDCG@10': '0.0500', 'HR@20': '0.1248', 'NDCG@20': '0.0592'}
2025-06-19 19:34:11,099 - EarlyStopping counter: 4 out of 10
2025-06-19 19:34:13,911 - {'epoch': 59, 'rec_loss': '6.0973'}
2025-06-19 19:34:14,472 - {'Epoch': 59, 'HR@5': '0.0560', 'NDCG@5': '0.0387', 'HR@10': '0.0853', 'NDCG@10': '0.0483', 'HR@20': '0.1229', 'NDCG@20': '0.0577'}
2025-06-19 19:34:14,472 - EarlyStopping counter: 5 out of 10
2025-06-19 19:34:17,363 - {'epoch': 60, 'rec_loss': '6.0809'}
2025-06-19 19:34:17,952 - {'Epoch': 60, 'HR@5': '0.0606', 'NDCG@5': '0.0406', 'HR@10': '0.0899', 'NDCG@10': '0.0499', 'HR@20': '0.1239', 'NDCG@20': '0.0584'}
2025-06-19 19:34:17,952 - EarlyStopping counter: 6 out of 10
2025-06-19 19:34:20,789 - {'epoch': 61, 'rec_loss': '6.0711'}
2025-06-19 19:34:21,369 - {'Epoch': 61, 'HR@5': '0.0578', 'NDCG@5': '0.0377', 'HR@10': '0.0826', 'NDCG@10': '0.0455', 'HR@20': '0.1202', 'NDCG@20': '0.0550'}
2025-06-19 19:34:21,370 - EarlyStopping counter: 7 out of 10
2025-06-19 19:34:24,219 - {'epoch': 62, 'rec_loss': '6.0496'}
2025-06-19 19:34:24,795 - {'Epoch': 62, 'HR@5': '0.0578', 'NDCG@5': '0.0396', 'HR@10': '0.0881', 'NDCG@10': '0.0493', 'HR@20': '0.1174', 'NDCG@20': '0.0566'}
2025-06-19 19:34:24,796 - EarlyStopping counter: 8 out of 10
2025-06-19 19:34:27,643 - {'epoch': 63, 'rec_loss': '6.0367'}
2025-06-19 19:34:28,223 - {'Epoch': 63, 'HR@5': '0.0560', 'NDCG@5': '0.0380', 'HR@10': '0.0844', 'NDCG@10': '0.0472', 'HR@20': '0.1202', 'NDCG@20': '0.0563'}
2025-06-19 19:34:28,224 - EarlyStopping counter: 9 out of 10
2025-06-19 19:34:31,052 - {'epoch': 64, 'rec_loss': '6.0197'}
2025-06-19 19:34:31,633 - {'Epoch': 64, 'HR@5': '0.0587', 'NDCG@5': '0.0409', 'HR@10': '0.0862', 'NDCG@10': '0.0497', 'HR@20': '0.1321', 'NDCG@20': '0.0611'}
2025-06-19 19:34:31,634 - Validation score increased.  Saving model ...
2025-06-19 19:34:34,469 - {'epoch': 65, 'rec_loss': '6.0028'}
2025-06-19 19:34:35,068 - {'Epoch': 65, 'HR@5': '0.0569', 'NDCG@5': '0.0384', 'HR@10': '0.0881', 'NDCG@10': '0.0482', 'HR@20': '0.1257', 'NDCG@20': '0.0576'}
2025-06-19 19:34:35,069 - EarlyStopping counter: 1 out of 10
2025-06-19 19:34:37,918 - {'epoch': 66, 'rec_loss': '5.9930'}
2025-06-19 19:34:38,480 - {'Epoch': 66, 'HR@5': '0.0569', 'NDCG@5': '0.0400', 'HR@10': '0.0844', 'NDCG@10': '0.0488', 'HR@20': '0.1239', 'NDCG@20': '0.0587'}
2025-06-19 19:34:38,480 - EarlyStopping counter: 2 out of 10
2025-06-19 19:34:41,332 - {'epoch': 67, 'rec_loss': '5.9750'}
2025-06-19 19:34:41,896 - {'Epoch': 67, 'HR@5': '0.0569', 'NDCG@5': '0.0397', 'HR@10': '0.0917', 'NDCG@10': '0.0508', 'HR@20': '0.1275', 'NDCG@20': '0.0597'}
2025-06-19 19:34:41,897 - EarlyStopping counter: 3 out of 10
2025-06-19 19:34:44,716 - {'epoch': 68, 'rec_loss': '5.9672'}
2025-06-19 19:34:45,296 - {'Epoch': 68, 'HR@5': '0.0596', 'NDCG@5': '0.0404', 'HR@10': '0.0844', 'NDCG@10': '0.0484', 'HR@20': '0.1266', 'NDCG@20': '0.0589'}
2025-06-19 19:34:45,296 - EarlyStopping counter: 4 out of 10
2025-06-19 19:34:48,112 - {'epoch': 69, 'rec_loss': '5.9504'}
2025-06-19 19:34:48,679 - {'Epoch': 69, 'HR@5': '0.0587', 'NDCG@5': '0.0398', 'HR@10': '0.0890', 'NDCG@10': '0.0494', 'HR@20': '0.1248', 'NDCG@20': '0.0583'}
2025-06-19 19:34:48,680 - EarlyStopping counter: 5 out of 10
2025-06-19 19:34:51,526 - {'epoch': 70, 'rec_loss': '5.9438'}
2025-06-19 19:34:52,078 - {'Epoch': 70, 'HR@5': '0.0578', 'NDCG@5': '0.0409', 'HR@10': '0.0862', 'NDCG@10': '0.0499', 'HR@20': '0.1229', 'NDCG@20': '0.0591'}
2025-06-19 19:34:52,078 - EarlyStopping counter: 6 out of 10
2025-06-19 19:34:54,930 - {'epoch': 71, 'rec_loss': '5.9217'}
2025-06-19 19:34:55,490 - {'Epoch': 71, 'HR@5': '0.0569', 'NDCG@5': '0.0396', 'HR@10': '0.0862', 'NDCG@10': '0.0490', 'HR@20': '0.1220', 'NDCG@20': '0.0580'}
2025-06-19 19:34:55,491 - EarlyStopping counter: 7 out of 10
2025-06-19 19:34:58,311 - {'epoch': 72, 'rec_loss': '5.9104'}
2025-06-19 19:34:58,897 - {'Epoch': 72, 'HR@5': '0.0587', 'NDCG@5': '0.0417', 'HR@10': '0.0862', 'NDCG@10': '0.0506', 'HR@20': '0.1211', 'NDCG@20': '0.0593'}
2025-06-19 19:34:58,898 - EarlyStopping counter: 8 out of 10
2025-06-19 19:35:01,758 - {'epoch': 73, 'rec_loss': '5.8999'}
2025-06-19 19:35:02,334 - {'Epoch': 73, 'HR@5': '0.0606', 'NDCG@5': '0.0428', 'HR@10': '0.0853', 'NDCG@10': '0.0506', 'HR@20': '0.1248', 'NDCG@20': '0.0605'}
2025-06-19 19:35:02,335 - EarlyStopping counter: 9 out of 10
2025-06-19 19:35:05,243 - {'epoch': 74, 'rec_loss': '5.8808'}
2025-06-19 19:35:05,820 - {'Epoch': 74, 'HR@5': '0.0578', 'NDCG@5': '0.0408', 'HR@10': '0.0862', 'NDCG@10': '0.0499', 'HR@20': '0.1294', 'NDCG@20': '0.0607'}
2025-06-19 19:35:05,821 - EarlyStopping counter: 10 out of 10
2025-06-19 19:35:05,821 - Early stopping
2025-06-19 19:35:05,821 - ---------------Test Score---------------
2025-06-19 19:35:06,422 - {'Epoch': 0, 'HR@5': '0.0459', 'NDCG@5': '0.0321', 'HR@10': '0.0651', 'NDCG@10': '0.0382', 'HR@20': '0.0963', 'NDCG@20': '0.0460'}
2025-06-19 19:35:06,422 - DuoRec_LastFM_45
2025-06-19 19:35:06,422 - {'Epoch': 0, 'HR@5': '0.0459', 'NDCG@5': '0.0321', 'HR@10': '0.0651', 'NDCG@10': '0.0382', 'HR@20': '0.0963', 'NDCG@20': '0.0460'}
