2025-06-19 19:31:20,431 - Namespace(data_dir='data/self_processed/', output_dir='output/DuoRec/', data_name='Diginetica', do_eval=False, load_model=None, train_name='DuoRec_Diginetica_43', num_items=10, num_users=14829, lr=0.001, batch_size=256, epochs=200, no_cuda=False, log_freq=1, patience=10, num_workers=4, seed=43, weight_decay=0.0, adam_beta1=0.9, adam_beta2=0.999, gpu_id='0', variance=5, model_type='DuoRec', max_seq_length=50, hidden_size=64, num_hidden_layers=2, hidden_act='gelu', num_attention_heads=4, attention_probs_dropout_prob=0.5, hidden_dropout_prob=0.5, initializer_range=0.02, tau=1.0, lmd=0.1, lmd_sem=0.1, ssl='us_x', sim='dot', cuda_condition=True, data_file='data/self_processed/Diginetica.txt', item_size=9441, checkpoint_path='output/DuoRec/DuoRec_Diginetica_43.pt', same_target_path='data/self_processed/Diginetica_same_target.npy')
2025-06-19 19:31:20,460 - DuoRecModel(
  (item_embeddings): Embedding(9441, 64, padding_idx=0)
  (position_embeddings): Embedding(50, 64)
  (LayerNorm): LayerNorm()
  (dropout): Dropout(p=0.5, inplace=False)
  (item_encoder): TransformerEncoder(
    (blocks): ModuleList(
      (0): TransformerBlock(
        (layer): MultiHeadAttention(
          (query): Linear(in_features=64, out_features=64, bias=True)
          (key): Linear(in_features=64, out_features=64, bias=True)
          (value): Linear(in_features=64, out_features=64, bias=True)
          (softmax): Softmax(dim=-1)
          (attn_dropout): Dropout(p=0.5, inplace=False)
          (dense): Linear(in_features=64, out_features=64, bias=True)
          (LayerNorm): LayerNorm((64,), eps=1e-12, elementwise_affine=True)
          (out_dropout): Dropout(p=0.5, inplace=False)
        )
        (feed_forward): FeedForward(
          (dense_1): Linear(in_features=64, out_features=256, bias=True)
          (dense_2): Linear(in_features=256, out_features=64, bias=True)
          (LayerNorm): LayerNorm()
          (dropout): Dropout(p=0.5, inplace=False)
        )
      )
      (1): TransformerBlock(
        (layer): MultiHeadAttention(
          (query): Linear(in_features=64, out_features=64, bias=True)
          (key): Linear(in_features=64, out_features=64, bias=True)
          (value): Linear(in_features=64, out_features=64, bias=True)
          (softmax): Softmax(dim=-1)
          (attn_dropout): Dropout(p=0.5, inplace=False)
          (dense): Linear(in_features=64, out_features=64, bias=True)
          (LayerNorm): LayerNorm((64,), eps=1e-12, elementwise_affine=True)
          (out_dropout): Dropout(p=0.5, inplace=False)
        )
        (feed_forward): FeedForward(
          (dense_1): Linear(in_features=64, out_features=256, bias=True)
          (dense_2): Linear(in_features=256, out_features=64, bias=True)
          (LayerNorm): LayerNorm()
          (dropout): Dropout(p=0.5, inplace=False)
        )
      )
    )
  )
  (aug_nce_fct): CrossEntropyLoss()
)
2025-06-19 19:31:22,586 - Total Parameters: 707520
2025-06-19 19:31:31,996 - {'epoch': 0, 'rec_loss': '9.6726'}
2025-06-19 19:31:35,778 - {'Epoch': 0, 'HR@5': '0.0031', 'NDCG@5': '0.0019', 'HR@10': '0.0051', 'NDCG@10': '0.0026', 'HR@20': '0.0088', 'NDCG@20': '0.0035'}
2025-06-19 19:31:35,780 - Validation score increased.  Saving model ...
2025-06-19 19:31:44,612 - {'epoch': 1, 'rec_loss': '9.3935'}
2025-06-19 19:31:48,568 - {'Epoch': 1, 'HR@5': '0.0043', 'NDCG@5': '0.0026', 'HR@10': '0.0075', 'NDCG@10': '0.0036', 'HR@20': '0.0129', 'NDCG@20': '0.0050'}
2025-06-19 19:31:48,569 - Validation score increased.  Saving model ...
2025-06-19 19:31:57,454 - {'epoch': 2, 'rec_loss': '9.1102'}
2025-06-19 19:32:01,328 - {'Epoch': 2, 'HR@5': '0.0190', 'NDCG@5': '0.0126', 'HR@10': '0.0295', 'NDCG@10': '0.0160', 'HR@20': '0.0457', 'NDCG@20': '0.0201'}
2025-06-19 19:32:01,329 - Validation score increased.  Saving model ...
2025-06-19 19:32:10,141 - {'epoch': 3, 'rec_loss': '8.6079'}
2025-06-19 19:32:13,985 - {'Epoch': 3, 'HR@5': '0.0608', 'NDCG@5': '0.0401', 'HR@10': '0.0913', 'NDCG@10': '0.0500', 'HR@20': '0.1313', 'NDCG@20': '0.0601'}
2025-06-19 19:32:13,986 - Validation score increased.  Saving model ...
2025-06-19 19:32:22,848 - {'epoch': 4, 'rec_loss': '8.0456'}
2025-06-19 19:32:26,572 - {'Epoch': 4, 'HR@5': '0.0888', 'NDCG@5': '0.0571', 'HR@10': '0.1370', 'NDCG@10': '0.0726', 'HR@20': '0.2006', 'NDCG@20': '0.0886'}
2025-06-19 19:32:26,575 - Validation score increased.  Saving model ...
2025-06-19 19:32:35,393 - {'epoch': 5, 'rec_loss': '7.5515'}
2025-06-19 19:32:39,158 - {'Epoch': 5, 'HR@5': '0.1031', 'NDCG@5': '0.0673', 'HR@10': '0.1629', 'NDCG@10': '0.0865', 'HR@20': '0.2391', 'NDCG@20': '0.1057'}
2025-06-19 19:32:39,159 - Validation score increased.  Saving model ...
2025-06-19 19:32:48,019 - {'epoch': 6, 'rec_loss': '7.1793'}
2025-06-19 19:32:51,795 - {'Epoch': 6, 'HR@5': '0.1173', 'NDCG@5': '0.0766', 'HR@10': '0.1782', 'NDCG@10': '0.0962', 'HR@20': '0.2621', 'NDCG@20': '0.1173'}
2025-06-19 19:32:51,797 - Validation score increased.  Saving model ...
2025-06-19 19:33:00,686 - {'epoch': 7, 'rec_loss': '6.8851'}
2025-06-19 19:33:04,458 - {'Epoch': 7, 'HR@5': '0.1238', 'NDCG@5': '0.0823', 'HR@10': '0.1919', 'NDCG@10': '0.1042', 'HR@20': '0.2755', 'NDCG@20': '0.1253'}
2025-06-19 19:33:04,460 - Validation score increased.  Saving model ...
2025-06-19 19:33:13,285 - {'epoch': 8, 'rec_loss': '6.6607'}
2025-06-19 19:33:17,151 - {'Epoch': 8, 'HR@5': '0.1312', 'NDCG@5': '0.0861', 'HR@10': '0.2012', 'NDCG@10': '0.1086', 'HR@20': '0.2921', 'NDCG@20': '0.1315'}
2025-06-19 19:33:17,183 - Validation score increased.  Saving model ...
2025-06-19 19:33:26,052 - {'epoch': 9, 'rec_loss': '6.4818'}
2025-06-19 19:33:29,866 - {'Epoch': 9, 'HR@5': '0.1372', 'NDCG@5': '0.0906', 'HR@10': '0.2119', 'NDCG@10': '0.1146', 'HR@20': '0.3013', 'NDCG@20': '0.1372'}
2025-06-19 19:33:29,868 - Validation score increased.  Saving model ...
2025-06-19 19:33:38,693 - {'epoch': 10, 'rec_loss': '6.3318'}
2025-06-19 19:33:42,468 - {'Epoch': 10, 'HR@5': '0.1414', 'NDCG@5': '0.0938', 'HR@10': '0.2165', 'NDCG@10': '0.1179', 'HR@20': '0.3100', 'NDCG@20': '0.1416'}
2025-06-19 19:33:42,469 - Validation score increased.  Saving model ...
2025-06-19 19:33:51,372 - {'epoch': 11, 'rec_loss': '6.2130'}
2025-06-19 19:33:55,211 - {'Epoch': 11, 'HR@5': '0.1479', 'NDCG@5': '0.0974', 'HR@10': '0.2228', 'NDCG@10': '0.1214', 'HR@20': '0.3166', 'NDCG@20': '0.1451'}
2025-06-19 19:33:55,211 - Validation score increased.  Saving model ...
2025-06-19 19:34:04,040 - {'epoch': 12, 'rec_loss': '6.1068'}
2025-06-19 19:34:07,861 - {'Epoch': 12, 'HR@5': '0.1507', 'NDCG@5': '0.0994', 'HR@10': '0.2257', 'NDCG@10': '0.1235', 'HR@20': '0.3199', 'NDCG@20': '0.1473'}
2025-06-19 19:34:07,862 - Validation score increased.  Saving model ...
2025-06-19 19:34:16,783 - {'epoch': 13, 'rec_loss': '6.0108'}
2025-06-19 19:34:20,588 - {'Epoch': 13, 'HR@5': '0.1501', 'NDCG@5': '0.0993', 'HR@10': '0.2300', 'NDCG@10': '0.1251', 'HR@20': '0.3249', 'NDCG@20': '0.1491'}
2025-06-19 19:34:20,592 - Validation score increased.  Saving model ...
2025-06-19 19:34:29,491 - {'epoch': 14, 'rec_loss': '5.9322'}
2025-06-19 19:34:33,322 - {'Epoch': 14, 'HR@5': '0.1537', 'NDCG@5': '0.1015', 'HR@10': '0.2336', 'NDCG@10': '0.1273', 'HR@20': '0.3292', 'NDCG@20': '0.1515'}
2025-06-19 19:34:33,324 - Validation score increased.  Saving model ...
2025-06-19 19:34:42,200 - {'epoch': 15, 'rec_loss': '5.8577'}
2025-06-19 19:34:45,982 - {'Epoch': 15, 'HR@5': '0.1553', 'NDCG@5': '0.1028', 'HR@10': '0.2354', 'NDCG@10': '0.1286', 'HR@20': '0.3319', 'NDCG@20': '0.1529'}
2025-06-19 19:34:45,985 - Validation score increased.  Saving model ...
2025-06-19 19:34:54,880 - {'epoch': 16, 'rec_loss': '5.8023'}
2025-06-19 19:34:58,675 - {'Epoch': 16, 'HR@5': '0.1579', 'NDCG@5': '0.1037', 'HR@10': '0.2404', 'NDCG@10': '0.1301', 'HR@20': '0.3369', 'NDCG@20': '0.1545'}
2025-06-19 19:34:58,677 - Validation score increased.  Saving model ...
2025-06-19 19:35:07,523 - {'epoch': 17, 'rec_loss': '5.7347'}
2025-06-19 19:35:11,342 - {'Epoch': 17, 'HR@5': '0.1604', 'NDCG@5': '0.1055', 'HR@10': '0.2403', 'NDCG@10': '0.1312', 'HR@20': '0.3406', 'NDCG@20': '0.1566'}
2025-06-19 19:35:11,343 - Validation score increased.  Saving model ...
2025-06-19 19:35:20,177 - {'epoch': 18, 'rec_loss': '5.6858'}
2025-06-19 19:35:23,976 - {'Epoch': 18, 'HR@5': '0.1612', 'NDCG@5': '0.1062', 'HR@10': '0.2433', 'NDCG@10': '0.1327', 'HR@20': '0.3429', 'NDCG@20': '0.1578'}
2025-06-19 19:35:23,978 - Validation score increased.  Saving model ...
2025-06-19 19:35:32,844 - {'epoch': 19, 'rec_loss': '5.6376'}
2025-06-19 19:35:36,649 - {'Epoch': 19, 'HR@5': '0.1617', 'NDCG@5': '0.1069', 'HR@10': '0.2447', 'NDCG@10': '0.1336', 'HR@20': '0.3441', 'NDCG@20': '0.1588'}
2025-06-19 19:35:36,650 - Validation score increased.  Saving model ...
2025-06-19 19:35:45,531 - {'epoch': 20, 'rec_loss': '5.5908'}
2025-06-19 19:35:49,420 - {'Epoch': 20, 'HR@5': '0.1623', 'NDCG@5': '0.1077', 'HR@10': '0.2471', 'NDCG@10': '0.1350', 'HR@20': '0.3479', 'NDCG@20': '0.1604'}
2025-06-19 19:35:49,421 - Validation score increased.  Saving model ...
2025-06-19 19:35:58,269 - {'epoch': 21, 'rec_loss': '5.5490'}
2025-06-19 19:36:02,068 - {'Epoch': 21, 'HR@5': '0.1648', 'NDCG@5': '0.1086', 'HR@10': '0.2470', 'NDCG@10': '0.1350', 'HR@20': '0.3481', 'NDCG@20': '0.1606'}
2025-06-19 19:36:02,070 - Validation score increased.  Saving model ...
2025-06-19 19:36:10,914 - {'epoch': 22, 'rec_loss': '5.5168'}
2025-06-19 19:36:14,735 - {'Epoch': 22, 'HR@5': '0.1650', 'NDCG@5': '0.1082', 'HR@10': '0.2501', 'NDCG@10': '0.1356', 'HR@20': '0.3479', 'NDCG@20': '0.1604'}
2025-06-19 19:36:14,737 - EarlyStopping counter: 1 out of 10
2025-06-19 19:36:23,706 - {'epoch': 23, 'rec_loss': '5.4781'}
2025-06-19 19:36:27,495 - {'Epoch': 23, 'HR@5': '0.1655', 'NDCG@5': '0.1083', 'HR@10': '0.2507', 'NDCG@10': '0.1358', 'HR@20': '0.3490', 'NDCG@20': '0.1606'}
2025-06-19 19:36:27,498 - Validation score increased.  Saving model ...
2025-06-19 19:36:36,302 - {'epoch': 24, 'rec_loss': '5.4476'}
2025-06-19 19:36:40,111 - {'Epoch': 24, 'HR@5': '0.1657', 'NDCG@5': '0.1090', 'HR@10': '0.2516', 'NDCG@10': '0.1367', 'HR@20': '0.3508', 'NDCG@20': '0.1618'}
2025-06-19 19:36:40,112 - Validation score increased.  Saving model ...
2025-06-19 19:36:48,979 - {'epoch': 25, 'rec_loss': '5.4181'}
2025-06-19 19:36:52,749 - {'Epoch': 25, 'HR@5': '0.1650', 'NDCG@5': '0.1089', 'HR@10': '0.2518', 'NDCG@10': '0.1368', 'HR@20': '0.3514', 'NDCG@20': '0.1620'}
2025-06-19 19:36:52,750 - Validation score increased.  Saving model ...
2025-06-19 19:37:01,600 - {'epoch': 26, 'rec_loss': '5.3902'}
2025-06-19 19:37:05,391 - {'Epoch': 26, 'HR@5': '0.1670', 'NDCG@5': '0.1099', 'HR@10': '0.2530', 'NDCG@10': '0.1376', 'HR@20': '0.3516', 'NDCG@20': '0.1625'}
2025-06-19 19:37:05,391 - Validation score increased.  Saving model ...
2025-06-19 19:37:14,253 - {'epoch': 27, 'rec_loss': '5.3646'}
2025-06-19 19:37:18,079 - {'Epoch': 27, 'HR@5': '0.1691', 'NDCG@5': '0.1120', 'HR@10': '0.2534', 'NDCG@10': '0.1391', 'HR@20': '0.3545', 'NDCG@20': '0.1647'}
2025-06-19 19:37:18,082 - Validation score increased.  Saving model ...
2025-06-19 19:37:26,922 - {'epoch': 28, 'rec_loss': '5.3399'}
2025-06-19 19:37:30,753 - {'Epoch': 28, 'HR@5': '0.1687', 'NDCG@5': '0.1106', 'HR@10': '0.2548', 'NDCG@10': '0.1383', 'HR@20': '0.3557', 'NDCG@20': '0.1638'}
2025-06-19 19:37:30,757 - EarlyStopping counter: 1 out of 10
2025-06-19 19:37:39,563 - {'epoch': 29, 'rec_loss': '5.3180'}
2025-06-19 19:37:43,377 - {'Epoch': 29, 'HR@5': '0.1670', 'NDCG@5': '0.1109', 'HR@10': '0.2559', 'NDCG@10': '0.1396', 'HR@20': '0.3558', 'NDCG@20': '0.1648'}
2025-06-19 19:37:43,379 - Validation score increased.  Saving model ...
2025-06-19 19:37:52,242 - {'epoch': 30, 'rec_loss': '5.2996'}
2025-06-19 19:37:56,036 - {'Epoch': 30, 'HR@5': '0.1697', 'NDCG@5': '0.1115', 'HR@10': '0.2569', 'NDCG@10': '0.1395', 'HR@20': '0.3564', 'NDCG@20': '0.1647'}
2025-06-19 19:37:56,039 - EarlyStopping counter: 1 out of 10
2025-06-19 19:38:04,832 - {'epoch': 31, 'rec_loss': '5.2766'}
2025-06-19 19:38:08,619 - {'Epoch': 31, 'HR@5': '0.1696', 'NDCG@5': '0.1121', 'HR@10': '0.2560', 'NDCG@10': '0.1400', 'HR@20': '0.3571', 'NDCG@20': '0.1656'}
2025-06-19 19:38:08,621 - Validation score increased.  Saving model ...
2025-06-19 19:38:17,499 - {'epoch': 32, 'rec_loss': '5.2602'}
2025-06-19 19:38:21,261 - {'Epoch': 32, 'HR@5': '0.1696', 'NDCG@5': '0.1120', 'HR@10': '0.2582', 'NDCG@10': '0.1405', 'HR@20': '0.3570', 'NDCG@20': '0.1655'}
2025-06-19 19:38:21,263 - EarlyStopping counter: 1 out of 10
2025-06-19 19:38:30,030 - {'epoch': 33, 'rec_loss': '5.2384'}
2025-06-19 19:38:33,789 - {'Epoch': 33, 'HR@5': '0.1699', 'NDCG@5': '0.1122', 'HR@10': '0.2589', 'NDCG@10': '0.1408', 'HR@20': '0.3579', 'NDCG@20': '0.1658'}
2025-06-19 19:38:33,792 - Validation score increased.  Saving model ...
2025-06-19 19:38:42,603 - {'epoch': 34, 'rec_loss': '5.2203'}
2025-06-19 19:38:46,393 - {'Epoch': 34, 'HR@5': '0.1693', 'NDCG@5': '0.1121', 'HR@10': '0.2584', 'NDCG@10': '0.1407', 'HR@20': '0.3576', 'NDCG@20': '0.1658'}
2025-06-19 19:38:46,395 - EarlyStopping counter: 1 out of 10
2025-06-19 19:38:55,143 - {'epoch': 35, 'rec_loss': '5.2040'}
2025-06-19 19:38:58,935 - {'Epoch': 35, 'HR@5': '0.1720', 'NDCG@5': '0.1133', 'HR@10': '0.2587', 'NDCG@10': '0.1411', 'HR@20': '0.3595', 'NDCG@20': '0.1665'}
2025-06-19 19:38:58,937 - Validation score increased.  Saving model ...
2025-06-19 19:39:07,702 - {'epoch': 36, 'rec_loss': '5.1891'}
2025-06-19 19:39:11,509 - {'Epoch': 36, 'HR@5': '0.1715', 'NDCG@5': '0.1132', 'HR@10': '0.2605', 'NDCG@10': '0.1418', 'HR@20': '0.3598', 'NDCG@20': '0.1669'}
2025-06-19 19:39:11,509 - Validation score increased.  Saving model ...
2025-06-19 19:39:20,352 - {'epoch': 37, 'rec_loss': '5.1735'}
2025-06-19 19:39:24,156 - {'Epoch': 37, 'HR@5': '0.1698', 'NDCG@5': '0.1124', 'HR@10': '0.2591', 'NDCG@10': '0.1412', 'HR@20': '0.3579', 'NDCG@20': '0.1662'}
2025-06-19 19:39:24,156 - EarlyStopping counter: 1 out of 10
2025-06-19 19:39:32,963 - {'epoch': 38, 'rec_loss': '5.1563'}
2025-06-19 19:39:36,737 - {'Epoch': 38, 'HR@5': '0.1711', 'NDCG@5': '0.1125', 'HR@10': '0.2554', 'NDCG@10': '0.1396', 'HR@20': '0.3608', 'NDCG@20': '0.1662'}
2025-06-19 19:39:36,738 - EarlyStopping counter: 2 out of 10
2025-06-19 19:39:45,554 - {'epoch': 39, 'rec_loss': '5.1429'}
2025-06-19 19:39:49,394 - {'Epoch': 39, 'HR@5': '0.1704', 'NDCG@5': '0.1130', 'HR@10': '0.2573', 'NDCG@10': '0.1411', 'HR@20': '0.3613', 'NDCG@20': '0.1674'}
2025-06-19 19:39:49,396 - Validation score increased.  Saving model ...
2025-06-19 19:39:58,152 - {'epoch': 40, 'rec_loss': '5.1319'}
2025-06-19 19:40:01,937 - {'Epoch': 40, 'HR@5': '0.1724', 'NDCG@5': '0.1131', 'HR@10': '0.2603', 'NDCG@10': '0.1412', 'HR@20': '0.3613', 'NDCG@20': '0.1667'}
2025-06-19 19:40:01,939 - EarlyStopping counter: 1 out of 10
2025-06-19 19:40:10,764 - {'epoch': 41, 'rec_loss': '5.1232'}
2025-06-19 19:40:14,522 - {'Epoch': 41, 'HR@5': '0.1722', 'NDCG@5': '0.1130', 'HR@10': '0.2600', 'NDCG@10': '0.1412', 'HR@20': '0.3599', 'NDCG@20': '0.1664'}
2025-06-19 19:40:14,524 - EarlyStopping counter: 2 out of 10
2025-06-19 19:40:23,358 - {'epoch': 42, 'rec_loss': '5.1056'}
2025-06-19 19:40:27,129 - {'Epoch': 42, 'HR@5': '0.1722', 'NDCG@5': '0.1134', 'HR@10': '0.2630', 'NDCG@10': '0.1425', 'HR@20': '0.3619', 'NDCG@20': '0.1675'}
2025-06-19 19:40:27,130 - Validation score increased.  Saving model ...
2025-06-19 19:40:35,945 - {'epoch': 43, 'rec_loss': '5.0999'}
2025-06-19 19:40:39,736 - {'Epoch': 43, 'HR@5': '0.1714', 'NDCG@5': '0.1117', 'HR@10': '0.2634', 'NDCG@10': '0.1412', 'HR@20': '0.3638', 'NDCG@20': '0.1665'}
2025-06-19 19:40:39,738 - EarlyStopping counter: 1 out of 10
2025-06-19 19:40:48,592 - {'epoch': 44, 'rec_loss': '5.0888'}
2025-06-19 19:40:52,338 - {'Epoch': 44, 'HR@5': '0.1728', 'NDCG@5': '0.1134', 'HR@10': '0.2600', 'NDCG@10': '0.1414', 'HR@20': '0.3616', 'NDCG@20': '0.1671'}
2025-06-19 19:40:52,339 - EarlyStopping counter: 2 out of 10
2025-06-19 19:41:01,156 - {'epoch': 45, 'rec_loss': '5.0765'}
2025-06-19 19:41:04,907 - {'Epoch': 45, 'HR@5': '0.1731', 'NDCG@5': '0.1135', 'HR@10': '0.2604', 'NDCG@10': '0.1416', 'HR@20': '0.3620', 'NDCG@20': '0.1673'}
2025-06-19 19:41:04,909 - EarlyStopping counter: 3 out of 10
2025-06-19 19:41:13,733 - {'epoch': 46, 'rec_loss': '5.0653'}
2025-06-19 19:41:17,519 - {'Epoch': 46, 'HR@5': '0.1717', 'NDCG@5': '0.1132', 'HR@10': '0.2617', 'NDCG@10': '0.1422', 'HR@20': '0.3607', 'NDCG@20': '0.1672'}
2025-06-19 19:41:17,521 - EarlyStopping counter: 4 out of 10
2025-06-19 19:41:26,317 - {'epoch': 47, 'rec_loss': '5.0619'}
2025-06-19 19:41:30,084 - {'Epoch': 47, 'HR@5': '0.1734', 'NDCG@5': '0.1142', 'HR@10': '0.2611', 'NDCG@10': '0.1424', 'HR@20': '0.3630', 'NDCG@20': '0.1682'}
2025-06-19 19:41:30,085 - Validation score increased.  Saving model ...
2025-06-19 19:41:38,931 - {'epoch': 48, 'rec_loss': '5.0477'}
2025-06-19 19:41:42,734 - {'Epoch': 48, 'HR@5': '0.1738', 'NDCG@5': '0.1140', 'HR@10': '0.2629', 'NDCG@10': '0.1427', 'HR@20': '0.3617', 'NDCG@20': '0.1676'}
2025-06-19 19:41:42,736 - EarlyStopping counter: 1 out of 10
2025-06-19 19:41:51,540 - {'epoch': 49, 'rec_loss': '5.0377'}
2025-06-19 19:41:55,343 - {'Epoch': 49, 'HR@5': '0.1720', 'NDCG@5': '0.1132', 'HR@10': '0.2622', 'NDCG@10': '0.1422', 'HR@20': '0.3622', 'NDCG@20': '0.1675'}
2025-06-19 19:41:55,345 - EarlyStopping counter: 2 out of 10
2025-06-19 19:42:04,148 - {'epoch': 50, 'rec_loss': '5.0291'}
2025-06-19 19:42:07,968 - {'Epoch': 50, 'HR@5': '0.1733', 'NDCG@5': '0.1137', 'HR@10': '0.2626', 'NDCG@10': '0.1425', 'HR@20': '0.3619', 'NDCG@20': '0.1676'}
2025-06-19 19:42:07,969 - EarlyStopping counter: 3 out of 10
2025-06-19 19:42:16,826 - {'epoch': 51, 'rec_loss': '5.0202'}
2025-06-19 19:42:20,623 - {'Epoch': 51, 'HR@5': '0.1727', 'NDCG@5': '0.1135', 'HR@10': '0.2604', 'NDCG@10': '0.1417', 'HR@20': '0.3620', 'NDCG@20': '0.1674'}
2025-06-19 19:42:20,624 - EarlyStopping counter: 4 out of 10
2025-06-19 19:42:29,465 - {'epoch': 52, 'rec_loss': '5.0117'}
2025-06-19 19:42:33,298 - {'Epoch': 52, 'HR@5': '0.1742', 'NDCG@5': '0.1144', 'HR@10': '0.2621', 'NDCG@10': '0.1427', 'HR@20': '0.3628', 'NDCG@20': '0.1681'}
2025-06-19 19:42:33,303 - EarlyStopping counter: 5 out of 10
2025-06-19 19:42:42,124 - {'epoch': 53, 'rec_loss': '5.0057'}
2025-06-19 19:42:45,912 - {'Epoch': 53, 'HR@5': '0.1744', 'NDCG@5': '0.1142', 'HR@10': '0.2629', 'NDCG@10': '0.1427', 'HR@20': '0.3641', 'NDCG@20': '0.1682'}
2025-06-19 19:42:45,914 - Validation score increased.  Saving model ...
2025-06-19 19:42:54,736 - {'epoch': 54, 'rec_loss': '4.9995'}
2025-06-19 19:42:58,541 - {'Epoch': 54, 'HR@5': '0.1744', 'NDCG@5': '0.1142', 'HR@10': '0.2627', 'NDCG@10': '0.1426', 'HR@20': '0.3625', 'NDCG@20': '0.1678'}
2025-06-19 19:42:58,543 - EarlyStopping counter: 1 out of 10
2025-06-19 19:43:07,385 - {'epoch': 55, 'rec_loss': '4.9919'}
2025-06-19 19:43:11,200 - {'Epoch': 55, 'HR@5': '0.1731', 'NDCG@5': '0.1137', 'HR@10': '0.2629', 'NDCG@10': '0.1426', 'HR@20': '0.3618', 'NDCG@20': '0.1677'}
2025-06-19 19:43:11,201 - EarlyStopping counter: 2 out of 10
2025-06-19 19:43:20,034 - {'epoch': 56, 'rec_loss': '4.9829'}
2025-06-19 19:43:23,855 - {'Epoch': 56, 'HR@5': '0.1720', 'NDCG@5': '0.1130', 'HR@10': '0.2612', 'NDCG@10': '0.1417', 'HR@20': '0.3622', 'NDCG@20': '0.1672'}
2025-06-19 19:43:23,856 - EarlyStopping counter: 3 out of 10
2025-06-19 19:43:32,635 - {'epoch': 57, 'rec_loss': '4.9772'}
2025-06-19 19:43:36,459 - {'Epoch': 57, 'HR@5': '0.1728', 'NDCG@5': '0.1138', 'HR@10': '0.2616', 'NDCG@10': '0.1424', 'HR@20': '0.3627', 'NDCG@20': '0.1679'}
2025-06-19 19:43:36,460 - EarlyStopping counter: 4 out of 10
2025-06-19 19:43:45,316 - {'epoch': 58, 'rec_loss': '4.9680'}
2025-06-19 19:43:49,161 - {'Epoch': 58, 'HR@5': '0.1726', 'NDCG@5': '0.1133', 'HR@10': '0.2623', 'NDCG@10': '0.1422', 'HR@20': '0.3643', 'NDCG@20': '0.1680'}
2025-06-19 19:43:49,162 - EarlyStopping counter: 5 out of 10
2025-06-19 19:43:58,002 - {'epoch': 59, 'rec_loss': '4.9634'}
2025-06-19 19:44:01,835 - {'Epoch': 59, 'HR@5': '0.1745', 'NDCG@5': '0.1144', 'HR@10': '0.2627', 'NDCG@10': '0.1428', 'HR@20': '0.3626', 'NDCG@20': '0.1681'}
2025-06-19 19:44:01,836 - EarlyStopping counter: 6 out of 10
2025-06-19 19:44:10,624 - {'epoch': 60, 'rec_loss': '4.9562'}
2025-06-19 19:44:14,439 - {'Epoch': 60, 'HR@5': '0.1739', 'NDCG@5': '0.1142', 'HR@10': '0.2629', 'NDCG@10': '0.1429', 'HR@20': '0.3617', 'NDCG@20': '0.1679'}
2025-06-19 19:44:14,441 - EarlyStopping counter: 7 out of 10
2025-06-19 19:44:23,248 - {'epoch': 61, 'rec_loss': '4.9498'}
2025-06-19 19:44:27,074 - {'Epoch': 61, 'HR@5': '0.1741', 'NDCG@5': '0.1142', 'HR@10': '0.2611', 'NDCG@10': '0.1422', 'HR@20': '0.3604', 'NDCG@20': '0.1674'}
2025-06-19 19:44:27,077 - EarlyStopping counter: 8 out of 10
2025-06-19 19:44:35,874 - {'epoch': 62, 'rec_loss': '4.9449'}
2025-06-19 19:44:39,648 - {'Epoch': 62, 'HR@5': '0.1743', 'NDCG@5': '0.1137', 'HR@10': '0.2609', 'NDCG@10': '0.1417', 'HR@20': '0.3638', 'NDCG@20': '0.1676'}
2025-06-19 19:44:39,650 - EarlyStopping counter: 9 out of 10
2025-06-19 19:44:48,498 - {'epoch': 63, 'rec_loss': '4.9413'}
2025-06-19 19:44:52,270 - {'Epoch': 63, 'HR@5': '0.1740', 'NDCG@5': '0.1140', 'HR@10': '0.2625', 'NDCG@10': '0.1425', 'HR@20': '0.3624', 'NDCG@20': '0.1678'}
2025-06-19 19:44:52,272 - EarlyStopping counter: 10 out of 10
2025-06-19 19:44:52,272 - Early stopping
2025-06-19 19:44:52,272 - ---------------Test Score---------------
2025-06-19 19:44:56,072 - {'Epoch': 0, 'HR@5': '0.1508', 'NDCG@5': '0.0983', 'HR@10': '0.2273', 'NDCG@10': '0.1229', 'HR@20': '0.3205', 'NDCG@20': '0.1464'}
2025-06-19 19:44:56,073 - DuoRec_Diginetica_43
2025-06-19 19:44:56,073 - {'Epoch': 0, 'HR@5': '0.1508', 'NDCG@5': '0.0983', 'HR@10': '0.2273', 'NDCG@10': '0.1229', 'HR@20': '0.3205', 'NDCG@20': '0.1464'}
