2025-06-19 19:31:23,271 - Namespace(data_dir='data/self_processed/', output_dir='output/DuoRec/', data_name='Diginetica', do_eval=False, load_model=None, train_name='DuoRec_Diginetica_44', num_items=10, num_users=14829, lr=0.001, batch_size=256, epochs=200, no_cuda=False, log_freq=1, patience=10, num_workers=4, seed=44, weight_decay=0.0, adam_beta1=0.9, adam_beta2=0.999, gpu_id='0', variance=5, model_type='DuoRec', max_seq_length=50, hidden_size=64, num_hidden_layers=2, hidden_act='gelu', num_attention_heads=4, attention_probs_dropout_prob=0.5, hidden_dropout_prob=0.5, initializer_range=0.02, tau=1.0, lmd=0.1, lmd_sem=0.1, ssl='us_x', sim='dot', cuda_condition=True, data_file='data/self_processed/Diginetica.txt', item_size=9441, checkpoint_path='output/DuoRec/DuoRec_Diginetica_44.pt', same_target_path='data/self_processed/Diginetica_same_target.npy')
2025-06-19 19:31:23,296 - DuoRecModel(
  (item_embeddings): Embedding(9441, 64, padding_idx=0)
  (position_embeddings): Embedding(50, 64)
  (LayerNorm): LayerNorm()
  (dropout): Dropout(p=0.5, inplace=False)
  (item_encoder): TransformerEncoder(
    (blocks): ModuleList(
      (0): TransformerBlock(
        (layer): MultiHeadAttention(
          (query): Linear(in_features=64, out_features=64, bias=True)
          (key): Linear(in_features=64, out_features=64, bias=True)
          (value): Linear(in_features=64, out_features=64, bias=True)
          (softmax): Softmax(dim=-1)
          (attn_dropout): Dropout(p=0.5, inplace=False)
          (dense): Linear(in_features=64, out_features=64, bias=True)
          (LayerNorm): LayerNorm((64,), eps=1e-12, elementwise_affine=True)
          (out_dropout): Dropout(p=0.5, inplace=False)
        )
        (feed_forward): FeedForward(
          (dense_1): Linear(in_features=64, out_features=256, bias=True)
          (dense_2): Linear(in_features=256, out_features=64, bias=True)
          (LayerNorm): LayerNorm()
          (dropout): Dropout(p=0.5, inplace=False)
        )
      )
      (1): TransformerBlock(
        (layer): MultiHeadAttention(
          (query): Linear(in_features=64, out_features=64, bias=True)
          (key): Linear(in_features=64, out_features=64, bias=True)
          (value): Linear(in_features=64, out_features=64, bias=True)
          (softmax): Softmax(dim=-1)
          (attn_dropout): Dropout(p=0.5, inplace=False)
          (dense): Linear(in_features=64, out_features=64, bias=True)
          (LayerNorm): LayerNorm((64,), eps=1e-12, elementwise_affine=True)
          (out_dropout): Dropout(p=0.5, inplace=False)
        )
        (feed_forward): FeedForward(
          (dense_1): Linear(in_features=64, out_features=256, bias=True)
          (dense_2): Linear(in_features=256, out_features=64, bias=True)
          (LayerNorm): LayerNorm()
          (dropout): Dropout(p=0.5, inplace=False)
        )
      )
    )
  )
  (aug_nce_fct): CrossEntropyLoss()
)
2025-06-19 19:31:26,002 - Total Parameters: 707520
2025-06-19 19:31:35,548 - {'epoch': 0, 'rec_loss': '9.6693'}
2025-06-19 19:31:39,416 - {'Epoch': 0, 'HR@5': '0.0030', 'NDCG@5': '0.0018', 'HR@10': '0.0056', 'NDCG@10': '0.0027', 'HR@20': '0.0088', 'NDCG@20': '0.0035'}
2025-06-19 19:31:39,418 - Validation score increased.  Saving model ...
2025-06-19 19:31:48,276 - {'epoch': 1, 'rec_loss': '9.3812'}
2025-06-19 19:31:52,173 - {'Epoch': 1, 'HR@5': '0.0042', 'NDCG@5': '0.0025', 'HR@10': '0.0074', 'NDCG@10': '0.0035', 'HR@20': '0.0136', 'NDCG@20': '0.0051'}
2025-06-19 19:31:52,175 - Validation score increased.  Saving model ...
2025-06-19 19:32:01,022 - {'epoch': 2, 'rec_loss': '9.1071'}
2025-06-19 19:32:04,856 - {'Epoch': 2, 'HR@5': '0.0184', 'NDCG@5': '0.0126', 'HR@10': '0.0291', 'NDCG@10': '0.0160', 'HR@20': '0.0448', 'NDCG@20': '0.0199'}
2025-06-19 19:32:04,859 - Validation score increased.  Saving model ...
2025-06-19 19:32:13,679 - {'epoch': 3, 'rec_loss': '8.6160'}
2025-06-19 19:32:17,434 - {'Epoch': 3, 'HR@5': '0.0608', 'NDCG@5': '0.0402', 'HR@10': '0.0951', 'NDCG@10': '0.0512', 'HR@20': '0.1337', 'NDCG@20': '0.0610'}
2025-06-19 19:32:17,437 - Validation score increased.  Saving model ...
2025-06-19 19:32:26,214 - {'epoch': 4, 'rec_loss': '8.0547'}
2025-06-19 19:32:29,984 - {'Epoch': 4, 'HR@5': '0.0879', 'NDCG@5': '0.0570', 'HR@10': '0.1397', 'NDCG@10': '0.0737', 'HR@20': '0.1954', 'NDCG@20': '0.0877'}
2025-06-19 19:32:29,986 - Validation score increased.  Saving model ...
2025-06-19 19:32:38,815 - {'epoch': 5, 'rec_loss': '7.5653'}
2025-06-19 19:32:42,656 - {'Epoch': 5, 'HR@5': '0.1010', 'NDCG@5': '0.0657', 'HR@10': '0.1600', 'NDCG@10': '0.0847', 'HR@20': '0.2372', 'NDCG@20': '0.1042'}
2025-06-19 19:32:42,659 - Validation score increased.  Saving model ...
2025-06-19 19:32:51,505 - {'epoch': 6, 'rec_loss': '7.1866'}
2025-06-19 19:32:55,268 - {'Epoch': 6, 'HR@5': '0.1152', 'NDCG@5': '0.0746', 'HR@10': '0.1761', 'NDCG@10': '0.0941', 'HR@20': '0.2596', 'NDCG@20': '0.1151'}
2025-06-19 19:32:55,270 - Validation score increased.  Saving model ...
2025-06-19 19:33:04,090 - {'epoch': 7, 'rec_loss': '6.8984'}
2025-06-19 19:33:07,864 - {'Epoch': 7, 'HR@5': '0.1238', 'NDCG@5': '0.0806', 'HR@10': '0.1903', 'NDCG@10': '0.1020', 'HR@20': '0.2756', 'NDCG@20': '0.1234'}
2025-06-19 19:33:07,864 - Validation score increased.  Saving model ...
2025-06-19 19:33:16,629 - {'epoch': 8, 'rec_loss': '6.6736'}
2025-06-19 19:33:20,488 - {'Epoch': 8, 'HR@5': '0.1286', 'NDCG@5': '0.0843', 'HR@10': '0.2004', 'NDCG@10': '0.1074', 'HR@20': '0.2860', 'NDCG@20': '0.1290'}
2025-06-19 19:33:20,492 - Validation score increased.  Saving model ...
2025-06-19 19:33:29,262 - {'epoch': 9, 'rec_loss': '6.4968'}
2025-06-19 19:33:33,023 - {'Epoch': 9, 'HR@5': '0.1360', 'NDCG@5': '0.0889', 'HR@10': '0.2112', 'NDCG@10': '0.1130', 'HR@20': '0.2984', 'NDCG@20': '0.1350'}
2025-06-19 19:33:33,025 - Validation score increased.  Saving model ...
2025-06-19 19:33:41,797 - {'epoch': 10, 'rec_loss': '6.3441'}
2025-06-19 19:33:45,594 - {'Epoch': 10, 'HR@5': '0.1405', 'NDCG@5': '0.0928', 'HR@10': '0.2182', 'NDCG@10': '0.1177', 'HR@20': '0.3071', 'NDCG@20': '0.1401'}
2025-06-19 19:33:45,595 - Validation score increased.  Saving model ...
2025-06-19 19:33:54,492 - {'epoch': 11, 'rec_loss': '6.2235'}
2025-06-19 19:33:58,292 - {'Epoch': 11, 'HR@5': '0.1454', 'NDCG@5': '0.0953', 'HR@10': '0.2234', 'NDCG@10': '0.1204', 'HR@20': '0.3135', 'NDCG@20': '0.1432'}
2025-06-19 19:33:58,294 - Validation score increased.  Saving model ...
2025-06-19 19:34:07,117 - {'epoch': 12, 'rec_loss': '6.1124'}
2025-06-19 19:34:10,914 - {'Epoch': 12, 'HR@5': '0.1490', 'NDCG@5': '0.0976', 'HR@10': '0.2273', 'NDCG@10': '0.1229', 'HR@20': '0.3202', 'NDCG@20': '0.1464'}
2025-06-19 19:34:10,915 - Validation score increased.  Saving model ...
2025-06-19 19:34:19,779 - {'epoch': 13, 'rec_loss': '6.0253'}
2025-06-19 19:34:23,580 - {'Epoch': 13, 'HR@5': '0.1533', 'NDCG@5': '0.1000', 'HR@10': '0.2308', 'NDCG@10': '0.1250', 'HR@20': '0.3249', 'NDCG@20': '0.1486'}
2025-06-19 19:34:23,583 - Validation score increased.  Saving model ...
2025-06-19 19:34:32,423 - {'epoch': 14, 'rec_loss': '5.9366'}
2025-06-19 19:34:36,248 - {'Epoch': 14, 'HR@5': '0.1549', 'NDCG@5': '0.1016', 'HR@10': '0.2339', 'NDCG@10': '0.1270', 'HR@20': '0.3313', 'NDCG@20': '0.1516'}
2025-06-19 19:34:36,250 - Validation score increased.  Saving model ...
2025-06-19 19:34:45,069 - {'epoch': 15, 'rec_loss': '5.8680'}
2025-06-19 19:34:48,952 - {'Epoch': 15, 'HR@5': '0.1588', 'NDCG@5': '0.1038', 'HR@10': '0.2385', 'NDCG@10': '0.1293', 'HR@20': '0.3353', 'NDCG@20': '0.1537'}
2025-06-19 19:34:48,954 - Validation score increased.  Saving model ...
2025-06-19 19:34:57,749 - {'epoch': 16, 'rec_loss': '5.8058'}
2025-06-19 19:35:01,536 - {'Epoch': 16, 'HR@5': '0.1569', 'NDCG@5': '0.1033', 'HR@10': '0.2414', 'NDCG@10': '0.1305', 'HR@20': '0.3368', 'NDCG@20': '0.1546'}
2025-06-19 19:35:01,539 - Validation score increased.  Saving model ...
2025-06-19 19:35:10,378 - {'epoch': 17, 'rec_loss': '5.7470'}
2025-06-19 19:35:14,156 - {'Epoch': 17, 'HR@5': '0.1603', 'NDCG@5': '0.1050', 'HR@10': '0.2410', 'NDCG@10': '0.1310', 'HR@20': '0.3386', 'NDCG@20': '0.1557'}
2025-06-19 19:35:14,158 - Validation score increased.  Saving model ...
2025-06-19 19:35:23,045 - {'epoch': 18, 'rec_loss': '5.6934'}
2025-06-19 19:35:26,848 - {'Epoch': 18, 'HR@5': '0.1583', 'NDCG@5': '0.1049', 'HR@10': '0.2435', 'NDCG@10': '0.1324', 'HR@20': '0.3408', 'NDCG@20': '0.1570'}
2025-06-19 19:35:26,850 - Validation score increased.  Saving model ...
2025-06-19 19:35:35,662 - {'epoch': 19, 'rec_loss': '5.6437'}
2025-06-19 19:35:39,440 - {'Epoch': 19, 'HR@5': '0.1600', 'NDCG@5': '0.1057', 'HR@10': '0.2450', 'NDCG@10': '0.1331', 'HR@20': '0.3438', 'NDCG@20': '0.1581'}
2025-06-19 19:35:39,443 - Validation score increased.  Saving model ...
2025-06-19 19:35:48,334 - {'epoch': 20, 'rec_loss': '5.5973'}
2025-06-19 19:35:52,144 - {'Epoch': 20, 'HR@5': '0.1608', 'NDCG@5': '0.1055', 'HR@10': '0.2464', 'NDCG@10': '0.1330', 'HR@20': '0.3446', 'NDCG@20': '0.1578'}
2025-06-19 19:35:52,145 - EarlyStopping counter: 1 out of 10
2025-06-19 19:36:00,947 - {'epoch': 21, 'rec_loss': '5.5577'}
2025-06-19 19:36:04,732 - {'Epoch': 21, 'HR@5': '0.1633', 'NDCG@5': '0.1081', 'HR@10': '0.2498', 'NDCG@10': '0.1360', 'HR@20': '0.3464', 'NDCG@20': '0.1604'}
2025-06-19 19:36:04,733 - Validation score increased.  Saving model ...
2025-06-19 19:36:13,629 - {'epoch': 22, 'rec_loss': '5.5191'}
2025-06-19 19:36:17,443 - {'Epoch': 22, 'HR@5': '0.1641', 'NDCG@5': '0.1078', 'HR@10': '0.2519', 'NDCG@10': '0.1361', 'HR@20': '0.3477', 'NDCG@20': '0.1603'}
2025-06-19 19:36:17,446 - EarlyStopping counter: 1 out of 10
2025-06-19 19:36:26,279 - {'epoch': 23, 'rec_loss': '5.4864'}
2025-06-19 19:36:30,078 - {'Epoch': 23, 'HR@5': '0.1645', 'NDCG@5': '0.1083', 'HR@10': '0.2519', 'NDCG@10': '0.1364', 'HR@20': '0.3498', 'NDCG@20': '0.1612'}
2025-06-19 19:36:30,080 - Validation score increased.  Saving model ...
2025-06-19 19:36:38,890 - {'epoch': 24, 'rec_loss': '5.4560'}
2025-06-19 19:36:42,691 - {'Epoch': 24, 'HR@5': '0.1666', 'NDCG@5': '0.1095', 'HR@10': '0.2523', 'NDCG@10': '0.1371', 'HR@20': '0.3514', 'NDCG@20': '0.1622'}
2025-06-19 19:36:42,692 - Validation score increased.  Saving model ...
2025-06-19 19:36:51,545 - {'epoch': 25, 'rec_loss': '5.4256'}
2025-06-19 19:36:55,403 - {'Epoch': 25, 'HR@5': '0.1679', 'NDCG@5': '0.1104', 'HR@10': '0.2548', 'NDCG@10': '0.1384', 'HR@20': '0.3518', 'NDCG@20': '0.1629'}
2025-06-19 19:36:55,406 - Validation score increased.  Saving model ...
2025-06-19 19:37:04,226 - {'epoch': 26, 'rec_loss': '5.3952'}
2025-06-19 19:37:08,037 - {'Epoch': 26, 'HR@5': '0.1671', 'NDCG@5': '0.1106', 'HR@10': '0.2554', 'NDCG@10': '0.1390', 'HR@20': '0.3535', 'NDCG@20': '0.1638'}
2025-06-19 19:37:08,038 - Validation score increased.  Saving model ...
2025-06-19 19:37:16,830 - {'epoch': 27, 'rec_loss': '5.3721'}
2025-06-19 19:37:20,674 - {'Epoch': 27, 'HR@5': '0.1692', 'NDCG@5': '0.1107', 'HR@10': '0.2551', 'NDCG@10': '0.1383', 'HR@20': '0.3522', 'NDCG@20': '0.1628'}
2025-06-19 19:37:20,676 - EarlyStopping counter: 1 out of 10
2025-06-19 19:37:29,489 - {'epoch': 28, 'rec_loss': '5.3439'}
2025-06-19 19:37:33,279 - {'Epoch': 28, 'HR@5': '0.1687', 'NDCG@5': '0.1109', 'HR@10': '0.2547', 'NDCG@10': '0.1387', 'HR@20': '0.3544', 'NDCG@20': '0.1639'}
2025-06-19 19:37:33,281 - Validation score increased.  Saving model ...
2025-06-19 19:37:42,126 - {'epoch': 29, 'rec_loss': '5.3243'}
2025-06-19 19:37:45,966 - {'Epoch': 29, 'HR@5': '0.1693', 'NDCG@5': '0.1111', 'HR@10': '0.2574', 'NDCG@10': '0.1394', 'HR@20': '0.3560', 'NDCG@20': '0.1643'}
2025-06-19 19:37:45,967 - Validation score increased.  Saving model ...
2025-06-19 19:37:54,836 - {'epoch': 30, 'rec_loss': '5.3005'}
2025-06-19 19:37:58,689 - {'Epoch': 30, 'HR@5': '0.1691', 'NDCG@5': '0.1104', 'HR@10': '0.2565', 'NDCG@10': '0.1386', 'HR@20': '0.3555', 'NDCG@20': '0.1636'}
2025-06-19 19:37:58,692 - EarlyStopping counter: 1 out of 10
2025-06-19 19:38:07,430 - {'epoch': 31, 'rec_loss': '5.2814'}
2025-06-19 19:38:11,222 - {'Epoch': 31, 'HR@5': '0.1680', 'NDCG@5': '0.1102', 'HR@10': '0.2591', 'NDCG@10': '0.1395', 'HR@20': '0.3578', 'NDCG@20': '0.1644'}
2025-06-19 19:38:11,223 - Validation score increased.  Saving model ...
2025-06-19 19:38:20,042 - {'epoch': 32, 'rec_loss': '5.2610'}
2025-06-19 19:38:23,883 - {'Epoch': 32, 'HR@5': '0.1695', 'NDCG@5': '0.1111', 'HR@10': '0.2568', 'NDCG@10': '0.1392', 'HR@20': '0.3555', 'NDCG@20': '0.1643'}
2025-06-19 19:38:23,886 - EarlyStopping counter: 1 out of 10
2025-06-19 19:38:32,715 - {'epoch': 33, 'rec_loss': '5.2456'}
2025-06-19 19:38:36,531 - {'Epoch': 33, 'HR@5': '0.1707', 'NDCG@5': '0.1126', 'HR@10': '0.2570', 'NDCG@10': '0.1404', 'HR@20': '0.3568', 'NDCG@20': '0.1656'}
2025-06-19 19:38:36,533 - Validation score increased.  Saving model ...
2025-06-19 19:38:45,375 - {'epoch': 34, 'rec_loss': '5.2307'}
2025-06-19 19:38:49,239 - {'Epoch': 34, 'HR@5': '0.1694', 'NDCG@5': '0.1120', 'HR@10': '0.2562', 'NDCG@10': '0.1400', 'HR@20': '0.3593', 'NDCG@20': '0.1661'}
2025-06-19 19:38:49,241 - Validation score increased.  Saving model ...
2025-06-19 19:38:58,031 - {'epoch': 35, 'rec_loss': '5.2049'}
2025-06-19 19:39:01,842 - {'Epoch': 35, 'HR@5': '0.1712', 'NDCG@5': '0.1127', 'HR@10': '0.2574', 'NDCG@10': '0.1406', 'HR@20': '0.3586', 'NDCG@20': '0.1662'}
2025-06-19 19:39:01,843 - Validation score increased.  Saving model ...
2025-06-19 19:39:10,662 - {'epoch': 36, 'rec_loss': '5.1997'}
2025-06-19 19:39:14,503 - {'Epoch': 36, 'HR@5': '0.1711', 'NDCG@5': '0.1130', 'HR@10': '0.2570', 'NDCG@10': '0.1407', 'HR@20': '0.3585', 'NDCG@20': '0.1664'}
2025-06-19 19:39:14,507 - Validation score increased.  Saving model ...
2025-06-19 19:39:23,321 - {'epoch': 37, 'rec_loss': '5.1814'}
2025-06-19 19:39:27,168 - {'Epoch': 37, 'HR@5': '0.1691', 'NDCG@5': '0.1120', 'HR@10': '0.2597', 'NDCG@10': '0.1412', 'HR@20': '0.3591', 'NDCG@20': '0.1663'}
2025-06-19 19:39:27,170 - EarlyStopping counter: 1 out of 10
2025-06-19 19:39:35,986 - {'epoch': 38, 'rec_loss': '5.1688'}
2025-06-19 19:39:39,772 - {'Epoch': 38, 'HR@5': '0.1689', 'NDCG@5': '0.1121', 'HR@10': '0.2580', 'NDCG@10': '0.1409', 'HR@20': '0.3592', 'NDCG@20': '0.1665'}
2025-06-19 19:39:39,773 - Validation score increased.  Saving model ...
2025-06-19 19:39:48,668 - {'epoch': 39, 'rec_loss': '5.1532'}
2025-06-19 19:39:52,502 - {'Epoch': 39, 'HR@5': '0.1714', 'NDCG@5': '0.1131', 'HR@10': '0.2569', 'NDCG@10': '0.1406', 'HR@20': '0.3581', 'NDCG@20': '0.1662'}
2025-06-19 19:39:52,504 - EarlyStopping counter: 1 out of 10
2025-06-19 19:40:01,297 - {'epoch': 40, 'rec_loss': '5.1404'}
2025-06-19 19:40:05,139 - {'Epoch': 40, 'HR@5': '0.1717', 'NDCG@5': '0.1129', 'HR@10': '0.2598', 'NDCG@10': '0.1413', 'HR@20': '0.3607', 'NDCG@20': '0.1667'}
2025-06-19 19:40:05,140 - Validation score increased.  Saving model ...
2025-06-19 19:40:13,967 - {'epoch': 41, 'rec_loss': '5.1289'}
2025-06-19 19:40:17,849 - {'Epoch': 41, 'HR@5': '0.1728', 'NDCG@5': '0.1137', 'HR@10': '0.2592', 'NDCG@10': '0.1414', 'HR@20': '0.3622', 'NDCG@20': '0.1674'}
2025-06-19 19:40:17,854 - Validation score increased.  Saving model ...
2025-06-19 19:40:26,663 - {'epoch': 42, 'rec_loss': '5.1142'}
2025-06-19 19:40:30,497 - {'Epoch': 42, 'HR@5': '0.1714', 'NDCG@5': '0.1126', 'HR@10': '0.2577', 'NDCG@10': '0.1404', 'HR@20': '0.3620', 'NDCG@20': '0.1668'}
2025-06-19 19:40:30,500 - EarlyStopping counter: 1 out of 10
2025-06-19 19:40:39,295 - {'epoch': 43, 'rec_loss': '5.1047'}
2025-06-19 19:40:43,108 - {'Epoch': 43, 'HR@5': '0.1708', 'NDCG@5': '0.1131', 'HR@10': '0.2585', 'NDCG@10': '0.1414', 'HR@20': '0.3616', 'NDCG@20': '0.1674'}
2025-06-19 19:40:43,109 - Validation score increased.  Saving model ...
2025-06-19 19:40:52,000 - {'epoch': 44, 'rec_loss': '5.0901'}
2025-06-19 19:40:55,855 - {'Epoch': 44, 'HR@5': '0.1732', 'NDCG@5': '0.1144', 'HR@10': '0.2594', 'NDCG@10': '0.1422', 'HR@20': '0.3624', 'NDCG@20': '0.1681'}
2025-06-19 19:40:55,856 - Validation score increased.  Saving model ...
2025-06-19 19:41:04,625 - {'epoch': 45, 'rec_loss': '5.0810'}
2025-06-19 19:41:08,457 - {'Epoch': 45, 'HR@5': '0.1727', 'NDCG@5': '0.1143', 'HR@10': '0.2588', 'NDCG@10': '0.1420', 'HR@20': '0.3620', 'NDCG@20': '0.1681'}
2025-06-19 19:41:08,458 - EarlyStopping counter: 1 out of 10
2025-06-19 19:41:17,328 - {'epoch': 46, 'rec_loss': '5.0757'}
2025-06-19 19:41:21,213 - {'Epoch': 46, 'HR@5': '0.1704', 'NDCG@5': '0.1129', 'HR@10': '0.2603', 'NDCG@10': '0.1419', 'HR@20': '0.3629', 'NDCG@20': '0.1678'}
2025-06-19 19:41:21,217 - EarlyStopping counter: 2 out of 10
2025-06-19 19:41:29,991 - {'epoch': 47, 'rec_loss': '5.0663'}
2025-06-19 19:41:33,792 - {'Epoch': 47, 'HR@5': '0.1717', 'NDCG@5': '0.1129', 'HR@10': '0.2621', 'NDCG@10': '0.1420', 'HR@20': '0.3627', 'NDCG@20': '0.1673'}
2025-06-19 19:41:33,793 - EarlyStopping counter: 3 out of 10
2025-06-19 19:41:42,595 - {'epoch': 48, 'rec_loss': '5.0501'}
2025-06-19 19:41:46,484 - {'Epoch': 48, 'HR@5': '0.1711', 'NDCG@5': '0.1128', 'HR@10': '0.2596', 'NDCG@10': '0.1412', 'HR@20': '0.3621', 'NDCG@20': '0.1672'}
2025-06-19 19:41:46,487 - EarlyStopping counter: 4 out of 10
2025-06-19 19:41:55,302 - {'epoch': 49, 'rec_loss': '5.0475'}
2025-06-19 19:41:59,146 - {'Epoch': 49, 'HR@5': '0.1723', 'NDCG@5': '0.1131', 'HR@10': '0.2613', 'NDCG@10': '0.1418', 'HR@20': '0.3634', 'NDCG@20': '0.1675'}
2025-06-19 19:41:59,148 - EarlyStopping counter: 5 out of 10
2025-06-19 19:42:07,955 - {'epoch': 50, 'rec_loss': '5.0381'}
2025-06-19 19:42:11,788 - {'Epoch': 50, 'HR@5': '0.1723', 'NDCG@5': '0.1131', 'HR@10': '0.2596', 'NDCG@10': '0.1411', 'HR@20': '0.3629', 'NDCG@20': '0.1672'}
2025-06-19 19:42:11,790 - EarlyStopping counter: 6 out of 10
2025-06-19 19:42:20,689 - {'epoch': 51, 'rec_loss': '5.0245'}
2025-06-19 19:42:24,548 - {'Epoch': 51, 'HR@5': '0.1723', 'NDCG@5': '0.1134', 'HR@10': '0.2610', 'NDCG@10': '0.1420', 'HR@20': '0.3619', 'NDCG@20': '0.1675'}
2025-06-19 19:42:24,550 - EarlyStopping counter: 7 out of 10
2025-06-19 19:42:33,402 - {'epoch': 52, 'rec_loss': '5.0223'}
2025-06-19 19:42:37,241 - {'Epoch': 52, 'HR@5': '0.1721', 'NDCG@5': '0.1139', 'HR@10': '0.2619', 'NDCG@10': '0.1429', 'HR@20': '0.3630', 'NDCG@20': '0.1684'}
2025-06-19 19:42:37,243 - Validation score increased.  Saving model ...
2025-06-19 19:42:46,065 - {'epoch': 53, 'rec_loss': '5.0133'}
2025-06-19 19:42:49,958 - {'Epoch': 53, 'HR@5': '0.1716', 'NDCG@5': '0.1125', 'HR@10': '0.2616', 'NDCG@10': '0.1415', 'HR@20': '0.3633', 'NDCG@20': '0.1672'}
2025-06-19 19:42:49,959 - EarlyStopping counter: 1 out of 10
2025-06-19 19:42:58,750 - {'epoch': 54, 'rec_loss': '5.0050'}
2025-06-19 19:43:02,560 - {'Epoch': 54, 'HR@5': '0.1698', 'NDCG@5': '0.1126', 'HR@10': '0.2609', 'NDCG@10': '0.1420', 'HR@20': '0.3624', 'NDCG@20': '0.1677'}
2025-06-19 19:43:02,562 - EarlyStopping counter: 2 out of 10
2025-06-19 19:43:11,404 - {'epoch': 55, 'rec_loss': '5.0034'}
2025-06-19 19:43:15,231 - {'Epoch': 55, 'HR@5': '0.1725', 'NDCG@5': '0.1136', 'HR@10': '0.2619', 'NDCG@10': '0.1424', 'HR@20': '0.3632', 'NDCG@20': '0.1679'}
2025-06-19 19:43:15,232 - EarlyStopping counter: 3 out of 10
2025-06-19 19:43:24,081 - {'epoch': 56, 'rec_loss': '4.9918'}
2025-06-19 19:43:27,971 - {'Epoch': 56, 'HR@5': '0.1710', 'NDCG@5': '0.1133', 'HR@10': '0.2608', 'NDCG@10': '0.1423', 'HR@20': '0.3619', 'NDCG@20': '0.1678'}
2025-06-19 19:43:27,972 - EarlyStopping counter: 4 out of 10
2025-06-19 19:43:36,766 - {'epoch': 57, 'rec_loss': '4.9814'}
2025-06-19 19:43:40,671 - {'Epoch': 57, 'HR@5': '0.1708', 'NDCG@5': '0.1129', 'HR@10': '0.2607', 'NDCG@10': '0.1419', 'HR@20': '0.3622', 'NDCG@20': '0.1675'}
2025-06-19 19:43:40,674 - EarlyStopping counter: 5 out of 10
2025-06-19 19:43:49,557 - {'epoch': 58, 'rec_loss': '4.9770'}
2025-06-19 19:43:53,381 - {'Epoch': 58, 'HR@5': '0.1728', 'NDCG@5': '0.1135', 'HR@10': '0.2623', 'NDCG@10': '0.1423', 'HR@20': '0.3638', 'NDCG@20': '0.1680'}
2025-06-19 19:43:53,382 - EarlyStopping counter: 6 out of 10
2025-06-19 19:44:02,147 - {'epoch': 59, 'rec_loss': '4.9746'}
2025-06-19 19:44:05,956 - {'Epoch': 59, 'HR@5': '0.1728', 'NDCG@5': '0.1139', 'HR@10': '0.2614', 'NDCG@10': '0.1424', 'HR@20': '0.3642', 'NDCG@20': '0.1684'}
2025-06-19 19:44:05,959 - Validation score increased.  Saving model ...
2025-06-19 19:44:14,736 - {'epoch': 60, 'rec_loss': '4.9639'}
2025-06-19 19:44:18,583 - {'Epoch': 60, 'HR@5': '0.1724', 'NDCG@5': '0.1136', 'HR@10': '0.2605', 'NDCG@10': '0.1419', 'HR@20': '0.3626', 'NDCG@20': '0.1677'}
2025-06-19 19:44:18,585 - EarlyStopping counter: 1 out of 10
2025-06-19 19:44:27,413 - {'epoch': 61, 'rec_loss': '4.9593'}
2025-06-19 19:44:31,280 - {'Epoch': 61, 'HR@5': '0.1727', 'NDCG@5': '0.1132', 'HR@10': '0.2608', 'NDCG@10': '0.1416', 'HR@20': '0.3628', 'NDCG@20': '0.1674'}
2025-06-19 19:44:31,282 - EarlyStopping counter: 2 out of 10
2025-06-19 19:44:40,078 - {'epoch': 62, 'rec_loss': '4.9549'}
2025-06-19 19:44:43,915 - {'Epoch': 62, 'HR@5': '0.1718', 'NDCG@5': '0.1132', 'HR@10': '0.2621', 'NDCG@10': '0.1424', 'HR@20': '0.3644', 'NDCG@20': '0.1682'}
2025-06-19 19:44:43,916 - EarlyStopping counter: 3 out of 10
2025-06-19 19:44:52,760 - {'epoch': 63, 'rec_loss': '4.9477'}
2025-06-19 19:44:56,605 - {'Epoch': 63, 'HR@5': '0.1717', 'NDCG@5': '0.1134', 'HR@10': '0.2632', 'NDCG@10': '0.1428', 'HR@20': '0.3638', 'NDCG@20': '0.1682'}
2025-06-19 19:44:56,607 - EarlyStopping counter: 4 out of 10
2025-06-19 19:45:05,432 - {'epoch': 64, 'rec_loss': '4.9408'}
2025-06-19 19:45:09,256 - {'Epoch': 64, 'HR@5': '0.1710', 'NDCG@5': '0.1134', 'HR@10': '0.2609', 'NDCG@10': '0.1424', 'HR@20': '0.3632', 'NDCG@20': '0.1683'}
2025-06-19 19:45:09,258 - EarlyStopping counter: 5 out of 10
2025-06-19 19:45:18,099 - {'epoch': 65, 'rec_loss': '4.9339'}
2025-06-19 19:45:21,926 - {'Epoch': 65, 'HR@5': '0.1719', 'NDCG@5': '0.1136', 'HR@10': '0.2598', 'NDCG@10': '0.1420', 'HR@20': '0.3642', 'NDCG@20': '0.1684'}
2025-06-19 19:45:21,928 - EarlyStopping counter: 6 out of 10
2025-06-19 19:45:30,741 - {'epoch': 66, 'rec_loss': '4.9311'}
2025-06-19 19:45:34,560 - {'Epoch': 66, 'HR@5': '0.1710', 'NDCG@5': '0.1132', 'HR@10': '0.2600', 'NDCG@10': '0.1421', 'HR@20': '0.3640', 'NDCG@20': '0.1684'}
2025-06-19 19:45:34,562 - EarlyStopping counter: 7 out of 10
2025-06-19 19:45:43,327 - {'epoch': 67, 'rec_loss': '4.9262'}
2025-06-19 19:45:47,180 - {'Epoch': 67, 'HR@5': '0.1728', 'NDCG@5': '0.1140', 'HR@10': '0.2596', 'NDCG@10': '0.1420', 'HR@20': '0.3628', 'NDCG@20': '0.1681'}
2025-06-19 19:45:47,182 - EarlyStopping counter: 8 out of 10
2025-06-19 19:45:56,024 - {'epoch': 68, 'rec_loss': '4.9173'}
2025-06-19 19:45:59,921 - {'Epoch': 68, 'HR@5': '0.1751', 'NDCG@5': '0.1158', 'HR@10': '0.2617', 'NDCG@10': '0.1436', 'HR@20': '0.3640', 'NDCG@20': '0.1694'}
2025-06-19 19:45:59,923 - Validation score increased.  Saving model ...
2025-06-19 19:46:08,797 - {'epoch': 69, 'rec_loss': '4.9181'}
2025-06-19 19:46:12,620 - {'Epoch': 69, 'HR@5': '0.1739', 'NDCG@5': '0.1148', 'HR@10': '0.2618', 'NDCG@10': '0.1431', 'HR@20': '0.3637', 'NDCG@20': '0.1689'}
2025-06-19 19:46:12,623 - EarlyStopping counter: 1 out of 10
2025-06-19 19:46:21,435 - {'epoch': 70, 'rec_loss': '4.9120'}
2025-06-19 19:46:25,258 - {'Epoch': 70, 'HR@5': '0.1733', 'NDCG@5': '0.1142', 'HR@10': '0.2629', 'NDCG@10': '0.1431', 'HR@20': '0.3625', 'NDCG@20': '0.1683'}
2025-06-19 19:46:25,260 - EarlyStopping counter: 2 out of 10
2025-06-19 19:46:34,034 - {'epoch': 71, 'rec_loss': '4.9140'}
2025-06-19 19:46:37,871 - {'Epoch': 71, 'HR@5': '0.1726', 'NDCG@5': '0.1136', 'HR@10': '0.2620', 'NDCG@10': '0.1423', 'HR@20': '0.3628', 'NDCG@20': '0.1678'}
2025-06-19 19:46:37,874 - EarlyStopping counter: 3 out of 10
2025-06-19 19:46:46,711 - {'epoch': 72, 'rec_loss': '4.9029'}
2025-06-19 19:46:50,536 - {'Epoch': 72, 'HR@5': '0.1722', 'NDCG@5': '0.1137', 'HR@10': '0.2611', 'NDCG@10': '0.1424', 'HR@20': '0.3638', 'NDCG@20': '0.1684'}
2025-06-19 19:46:50,538 - EarlyStopping counter: 4 out of 10
2025-06-19 19:46:59,309 - {'epoch': 73, 'rec_loss': '4.8999'}
2025-06-19 19:47:03,152 - {'Epoch': 73, 'HR@5': '0.1722', 'NDCG@5': '0.1132', 'HR@10': '0.2621', 'NDCG@10': '0.1422', 'HR@20': '0.3629', 'NDCG@20': '0.1677'}
2025-06-19 19:47:03,153 - EarlyStopping counter: 5 out of 10
2025-06-19 19:47:11,979 - {'epoch': 74, 'rec_loss': '4.8946'}
2025-06-19 19:47:15,833 - {'Epoch': 74, 'HR@5': '0.1724', 'NDCG@5': '0.1137', 'HR@10': '0.2611', 'NDCG@10': '0.1422', 'HR@20': '0.3622', 'NDCG@20': '0.1678'}
2025-06-19 19:47:15,835 - EarlyStopping counter: 6 out of 10
2025-06-19 19:47:24,665 - {'epoch': 75, 'rec_loss': '4.8921'}
2025-06-19 19:47:28,511 - {'Epoch': 75, 'HR@5': '0.1711', 'NDCG@5': '0.1135', 'HR@10': '0.2623', 'NDCG@10': '0.1430', 'HR@20': '0.3635', 'NDCG@20': '0.1686'}
2025-06-19 19:47:28,513 - EarlyStopping counter: 7 out of 10
2025-06-19 19:47:37,375 - {'epoch': 76, 'rec_loss': '4.8831'}
2025-06-19 19:47:41,206 - {'Epoch': 76, 'HR@5': '0.1733', 'NDCG@5': '0.1138', 'HR@10': '0.2610', 'NDCG@10': '0.1422', 'HR@20': '0.3630', 'NDCG@20': '0.1680'}
2025-06-19 19:47:41,209 - EarlyStopping counter: 8 out of 10
2025-06-19 19:47:50,077 - {'epoch': 77, 'rec_loss': '4.8812'}
2025-06-19 19:47:53,868 - {'Epoch': 77, 'HR@5': '0.1716', 'NDCG@5': '0.1135', 'HR@10': '0.2627', 'NDCG@10': '0.1429', 'HR@20': '0.3643', 'NDCG@20': '0.1686'}
2025-06-19 19:47:53,870 - EarlyStopping counter: 9 out of 10
2025-06-19 19:48:02,642 - {'epoch': 78, 'rec_loss': '4.8715'}
2025-06-19 19:48:06,462 - {'Epoch': 78, 'HR@5': '0.1724', 'NDCG@5': '0.1133', 'HR@10': '0.2638', 'NDCG@10': '0.1427', 'HR@20': '0.3632', 'NDCG@20': '0.1678'}
2025-06-19 19:48:06,465 - EarlyStopping counter: 10 out of 10
2025-06-19 19:48:06,465 - Early stopping
2025-06-19 19:48:06,465 - ---------------Test Score---------------
2025-06-19 19:48:10,268 - {'Epoch': 0, 'HR@5': '0.1528', 'NDCG@5': '0.1001', 'HR@10': '0.2288', 'NDCG@10': '0.1245', 'HR@20': '0.3216', 'NDCG@20': '0.1479'}
2025-06-19 19:48:10,270 - DuoRec_Diginetica_44
2025-06-19 19:48:10,270 - {'Epoch': 0, 'HR@5': '0.1528', 'NDCG@5': '0.1001', 'HR@10': '0.2288', 'NDCG@10': '0.1245', 'HR@20': '0.3216', 'NDCG@20': '0.1479'}
