2025-06-19 19:31:20,609 - Namespace(data_dir='data/self_processed/', output_dir='output/DuoRec/', data_name='Diginetica', do_eval=False, load_model=None, train_name='DuoRec_Diginetica_46', num_items=10, num_users=14829, lr=0.001, batch_size=256, epochs=200, no_cuda=False, log_freq=1, patience=10, num_workers=4, seed=46, weight_decay=0.0, adam_beta1=0.9, adam_beta2=0.999, gpu_id='0', variance=5, model_type='DuoRec', max_seq_length=50, hidden_size=64, num_hidden_layers=2, hidden_act='gelu', num_attention_heads=4, attention_probs_dropout_prob=0.5, hidden_dropout_prob=0.5, initializer_range=0.02, tau=1.0, lmd=0.1, lmd_sem=0.1, ssl='us_x', sim='dot', cuda_condition=True, data_file='data/self_processed/Diginetica.txt', item_size=9441, checkpoint_path='output/DuoRec/DuoRec_Diginetica_46.pt', same_target_path='data/self_processed/Diginetica_same_target.npy')
2025-06-19 19:31:20,635 - DuoRecModel(
  (item_embeddings): Embedding(9441, 64, padding_idx=0)
  (position_embeddings): Embedding(50, 64)
  (LayerNorm): LayerNorm()
  (dropout): Dropout(p=0.5, inplace=False)
  (item_encoder): TransformerEncoder(
    (blocks): ModuleList(
      (0): TransformerBlock(
        (layer): MultiHeadAttention(
          (query): Linear(in_features=64, out_features=64, bias=True)
          (key): Linear(in_features=64, out_features=64, bias=True)
          (value): Linear(in_features=64, out_features=64, bias=True)
          (softmax): Softmax(dim=-1)
          (attn_dropout): Dropout(p=0.5, inplace=False)
          (dense): Linear(in_features=64, out_features=64, bias=True)
          (LayerNorm): LayerNorm((64,), eps=1e-12, elementwise_affine=True)
          (out_dropout): Dropout(p=0.5, inplace=False)
        )
        (feed_forward): FeedForward(
          (dense_1): Linear(in_features=64, out_features=256, bias=True)
          (dense_2): Linear(in_features=256, out_features=64, bias=True)
          (LayerNorm): LayerNorm()
          (dropout): Dropout(p=0.5, inplace=False)
        )
      )
      (1): TransformerBlock(
        (layer): MultiHeadAttention(
          (query): Linear(in_features=64, out_features=64, bias=True)
          (key): Linear(in_features=64, out_features=64, bias=True)
          (value): Linear(in_features=64, out_features=64, bias=True)
          (softmax): Softmax(dim=-1)
          (attn_dropout): Dropout(p=0.5, inplace=False)
          (dense): Linear(in_features=64, out_features=64, bias=True)
          (LayerNorm): LayerNorm((64,), eps=1e-12, elementwise_affine=True)
          (out_dropout): Dropout(p=0.5, inplace=False)
        )
        (feed_forward): FeedForward(
          (dense_1): Linear(in_features=64, out_features=256, bias=True)
          (dense_2): Linear(in_features=256, out_features=64, bias=True)
          (LayerNorm): LayerNorm()
          (dropout): Dropout(p=0.5, inplace=False)
        )
      )
    )
  )
  (aug_nce_fct): CrossEntropyLoss()
)
2025-06-19 19:31:22,791 - Total Parameters: 707520
2025-06-19 19:31:32,207 - {'epoch': 0, 'rec_loss': '9.6653'}
2025-06-19 19:31:35,999 - {'Epoch': 0, 'HR@5': '0.0036', 'NDCG@5': '0.0021', 'HR@10': '0.0053', 'NDCG@10': '0.0026', 'HR@20': '0.0090', 'NDCG@20': '0.0036'}
2025-06-19 19:31:36,001 - Validation score increased.  Saving model ...
2025-06-19 19:31:44,864 - {'epoch': 1, 'rec_loss': '9.3886'}
2025-06-19 19:31:48,666 - {'Epoch': 1, 'HR@5': '0.0040', 'NDCG@5': '0.0024', 'HR@10': '0.0075', 'NDCG@10': '0.0035', 'HR@20': '0.0121', 'NDCG@20': '0.0047'}
2025-06-19 19:31:48,667 - Validation score increased.  Saving model ...
2025-06-19 19:31:57,510 - {'epoch': 2, 'rec_loss': '9.1191'}
2025-06-19 19:32:01,240 - {'Epoch': 2, 'HR@5': '0.0190', 'NDCG@5': '0.0130', 'HR@10': '0.0299', 'NDCG@10': '0.0164', 'HR@20': '0.0428', 'NDCG@20': '0.0197'}
2025-06-19 19:32:01,242 - Validation score increased.  Saving model ...
2025-06-19 19:32:10,143 - {'epoch': 3, 'rec_loss': '8.6270'}
2025-06-19 19:32:13,804 - {'Epoch': 3, 'HR@5': '0.0679', 'NDCG@5': '0.0447', 'HR@10': '0.1026', 'NDCG@10': '0.0558', 'HR@20': '0.1401', 'NDCG@20': '0.0653'}
2025-06-19 19:32:13,806 - Validation score increased.  Saving model ...
2025-06-19 19:32:22,663 - {'epoch': 4, 'rec_loss': '8.0452'}
2025-06-19 19:32:26,378 - {'Epoch': 4, 'HR@5': '0.0898', 'NDCG@5': '0.0587', 'HR@10': '0.1434', 'NDCG@10': '0.0760', 'HR@20': '0.2098', 'NDCG@20': '0.0927'}
2025-06-19 19:32:26,381 - Validation score increased.  Saving model ...
2025-06-19 19:32:35,221 - {'epoch': 5, 'rec_loss': '7.5352'}
2025-06-19 19:32:38,919 - {'Epoch': 5, 'HR@5': '0.1042', 'NDCG@5': '0.0678', 'HR@10': '0.1652', 'NDCG@10': '0.0873', 'HR@20': '0.2400', 'NDCG@20': '0.1062'}
2025-06-19 19:32:38,921 - Validation score increased.  Saving model ...
2025-06-19 19:32:47,775 - {'epoch': 6, 'rec_loss': '7.1527'}
2025-06-19 19:32:51,474 - {'Epoch': 6, 'HR@5': '0.1158', 'NDCG@5': '0.0757', 'HR@10': '0.1811', 'NDCG@10': '0.0967', 'HR@20': '0.2603', 'NDCG@20': '0.1167'}
2025-06-19 19:32:51,476 - Validation score increased.  Saving model ...
2025-06-19 19:33:00,345 - {'epoch': 7, 'rec_loss': '6.8696'}
2025-06-19 19:33:04,100 - {'Epoch': 7, 'HR@5': '0.1262', 'NDCG@5': '0.0823', 'HR@10': '0.1915', 'NDCG@10': '0.1034', 'HR@20': '0.2730', 'NDCG@20': '0.1240'}
2025-06-19 19:33:04,102 - Validation score increased.  Saving model ...
2025-06-19 19:33:12,930 - {'epoch': 8, 'rec_loss': '6.6522'}
2025-06-19 19:33:16,668 - {'Epoch': 8, 'HR@5': '0.1325', 'NDCG@5': '0.0866', 'HR@10': '0.2012', 'NDCG@10': '0.1087', 'HR@20': '0.2890', 'NDCG@20': '0.1308'}
2025-06-19 19:33:16,670 - Validation score increased.  Saving model ...
2025-06-19 19:33:25,600 - {'epoch': 9, 'rec_loss': '6.4708'}
2025-06-19 19:33:29,334 - {'Epoch': 9, 'HR@5': '0.1377', 'NDCG@5': '0.0906', 'HR@10': '0.2096', 'NDCG@10': '0.1136', 'HR@20': '0.2983', 'NDCG@20': '0.1360'}
2025-06-19 19:33:29,336 - Validation score increased.  Saving model ...
2025-06-19 19:33:38,231 - {'epoch': 10, 'rec_loss': '6.3272'}
2025-06-19 19:33:41,982 - {'Epoch': 10, 'HR@5': '0.1414', 'NDCG@5': '0.0932', 'HR@10': '0.2172', 'NDCG@10': '0.1176', 'HR@20': '0.3077', 'NDCG@20': '0.1404'}
2025-06-19 19:33:41,984 - Validation score increased.  Saving model ...
2025-06-19 19:33:50,850 - {'epoch': 11, 'rec_loss': '6.2051'}
2025-06-19 19:33:54,609 - {'Epoch': 11, 'HR@5': '0.1451', 'NDCG@5': '0.0960', 'HR@10': '0.2217', 'NDCG@10': '0.1206', 'HR@20': '0.3156', 'NDCG@20': '0.1443'}
2025-06-19 19:33:54,612 - Validation score increased.  Saving model ...
2025-06-19 19:34:03,527 - {'epoch': 12, 'rec_loss': '6.0947'}
2025-06-19 19:34:07,286 - {'Epoch': 12, 'HR@5': '0.1475', 'NDCG@5': '0.0980', 'HR@10': '0.2281', 'NDCG@10': '0.1239', 'HR@20': '0.3224', 'NDCG@20': '0.1476'}
2025-06-19 19:34:07,288 - Validation score increased.  Saving model ...
2025-06-19 19:34:16,153 - {'epoch': 13, 'rec_loss': '6.0072'}
2025-06-19 19:34:19,982 - {'Epoch': 13, 'HR@5': '0.1528', 'NDCG@5': '0.1000', 'HR@10': '0.2319', 'NDCG@10': '0.1254', 'HR@20': '0.3259', 'NDCG@20': '0.1492'}
2025-06-19 19:34:19,983 - Validation score increased.  Saving model ...
2025-06-19 19:34:28,827 - {'epoch': 14, 'rec_loss': '5.9268'}
2025-06-19 19:34:32,600 - {'Epoch': 14, 'HR@5': '0.1538', 'NDCG@5': '0.1008', 'HR@10': '0.2329', 'NDCG@10': '0.1264', 'HR@20': '0.3310', 'NDCG@20': '0.1512'}
2025-06-19 19:34:32,601 - Validation score increased.  Saving model ...
2025-06-19 19:34:41,438 - {'epoch': 15, 'rec_loss': '5.8560'}
2025-06-19 19:34:45,234 - {'Epoch': 15, 'HR@5': '0.1565', 'NDCG@5': '0.1035', 'HR@10': '0.2383', 'NDCG@10': '0.1298', 'HR@20': '0.3359', 'NDCG@20': '0.1545'}
2025-06-19 19:34:45,237 - Validation score increased.  Saving model ...
2025-06-19 19:34:54,149 - {'epoch': 16, 'rec_loss': '5.7891'}
2025-06-19 19:34:57,978 - {'Epoch': 16, 'HR@5': '0.1567', 'NDCG@5': '0.1023', 'HR@10': '0.2397', 'NDCG@10': '0.1291', 'HR@20': '0.3379', 'NDCG@20': '0.1539'}
2025-06-19 19:34:57,980 - EarlyStopping counter: 1 out of 10
2025-06-19 19:35:06,831 - {'epoch': 17, 'rec_loss': '5.7356'}
2025-06-19 19:35:10,569 - {'Epoch': 17, 'HR@5': '0.1603', 'NDCG@5': '0.1050', 'HR@10': '0.2418', 'NDCG@10': '0.1313', 'HR@20': '0.3399', 'NDCG@20': '0.1562'}
2025-06-19 19:35:10,570 - Validation score increased.  Saving model ...
2025-06-19 19:35:19,479 - {'epoch': 18, 'rec_loss': '5.6769'}
2025-06-19 19:35:23,275 - {'Epoch': 18, 'HR@5': '0.1625', 'NDCG@5': '0.1064', 'HR@10': '0.2435', 'NDCG@10': '0.1324', 'HR@20': '0.3409', 'NDCG@20': '0.1571'}
2025-06-19 19:35:23,277 - Validation score increased.  Saving model ...
2025-06-19 19:35:32,172 - {'epoch': 19, 'rec_loss': '5.6298'}
2025-06-19 19:35:35,998 - {'Epoch': 19, 'HR@5': '0.1619', 'NDCG@5': '0.1065', 'HR@10': '0.2458', 'NDCG@10': '0.1335', 'HR@20': '0.3427', 'NDCG@20': '0.1580'}
2025-06-19 19:35:35,999 - Validation score increased.  Saving model ...
2025-06-19 19:35:44,829 - {'epoch': 20, 'rec_loss': '5.5874'}
2025-06-19 19:35:48,648 - {'Epoch': 20, 'HR@5': '0.1607', 'NDCG@5': '0.1065', 'HR@10': '0.2489', 'NDCG@10': '0.1349', 'HR@20': '0.3443', 'NDCG@20': '0.1590'}
2025-06-19 19:35:48,650 - Validation score increased.  Saving model ...
2025-06-19 19:35:57,503 - {'epoch': 21, 'rec_loss': '5.5467'}
2025-06-19 19:36:01,311 - {'Epoch': 21, 'HR@5': '0.1647', 'NDCG@5': '0.1082', 'HR@10': '0.2479', 'NDCG@10': '0.1350', 'HR@20': '0.3468', 'NDCG@20': '0.1600'}
2025-06-19 19:36:01,313 - Validation score increased.  Saving model ...
2025-06-19 19:36:10,171 - {'epoch': 22, 'rec_loss': '5.5134'}
2025-06-19 19:36:14,012 - {'Epoch': 22, 'HR@5': '0.1623', 'NDCG@5': '0.1071', 'HR@10': '0.2487', 'NDCG@10': '0.1350', 'HR@20': '0.3475', 'NDCG@20': '0.1600'}
2025-06-19 19:36:14,014 - EarlyStopping counter: 1 out of 10
2025-06-19 19:36:22,875 - {'epoch': 23, 'rec_loss': '5.4762'}
2025-06-19 19:36:26,662 - {'Epoch': 23, 'HR@5': '0.1646', 'NDCG@5': '0.1084', 'HR@10': '0.2495', 'NDCG@10': '0.1357', 'HR@20': '0.3483', 'NDCG@20': '0.1607'}
2025-06-19 19:36:26,664 - Validation score increased.  Saving model ...
2025-06-19 19:36:35,509 - {'epoch': 24, 'rec_loss': '5.4418'}
2025-06-19 19:36:39,383 - {'Epoch': 24, 'HR@5': '0.1637', 'NDCG@5': '0.1080', 'HR@10': '0.2516', 'NDCG@10': '0.1363', 'HR@20': '0.3513', 'NDCG@20': '0.1616'}
2025-06-19 19:36:39,386 - Validation score increased.  Saving model ...
2025-06-19 19:36:48,254 - {'epoch': 25, 'rec_loss': '5.4174'}
2025-06-19 19:36:52,023 - {'Epoch': 25, 'HR@5': '0.1654', 'NDCG@5': '0.1095', 'HR@10': '0.2531', 'NDCG@10': '0.1376', 'HR@20': '0.3505', 'NDCG@20': '0.1623'}
2025-06-19 19:36:52,024 - Validation score increased.  Saving model ...
2025-06-19 19:37:00,902 - {'epoch': 26, 'rec_loss': '5.3855'}
2025-06-19 19:37:04,682 - {'Epoch': 26, 'HR@5': '0.1655', 'NDCG@5': '0.1094', 'HR@10': '0.2540', 'NDCG@10': '0.1379', 'HR@20': '0.3519', 'NDCG@20': '0.1626'}
2025-06-19 19:37:04,684 - Validation score increased.  Saving model ...
2025-06-19 19:37:13,492 - {'epoch': 27, 'rec_loss': '5.3618'}
2025-06-19 19:37:17,281 - {'Epoch': 27, 'HR@5': '0.1665', 'NDCG@5': '0.1093', 'HR@10': '0.2527', 'NDCG@10': '0.1370', 'HR@20': '0.3525', 'NDCG@20': '0.1623'}
2025-06-19 19:37:17,283 - EarlyStopping counter: 1 out of 10
2025-06-19 19:37:26,182 - {'epoch': 28, 'rec_loss': '5.3360'}
2025-06-19 19:37:29,982 - {'Epoch': 28, 'HR@5': '0.1644', 'NDCG@5': '0.1094', 'HR@10': '0.2526', 'NDCG@10': '0.1379', 'HR@20': '0.3531', 'NDCG@20': '0.1633'}
2025-06-19 19:37:29,983 - Validation score increased.  Saving model ...
2025-06-19 19:37:38,900 - {'epoch': 29, 'rec_loss': '5.3149'}
2025-06-19 19:37:42,720 - {'Epoch': 29, 'HR@5': '0.1656', 'NDCG@5': '0.1101', 'HR@10': '0.2555', 'NDCG@10': '0.1391', 'HR@20': '0.3536', 'NDCG@20': '0.1639'}
2025-06-19 19:37:42,723 - Validation score increased.  Saving model ...
2025-06-19 19:37:51,626 - {'epoch': 30, 'rec_loss': '5.2932'}
2025-06-19 19:37:55,424 - {'Epoch': 30, 'HR@5': '0.1675', 'NDCG@5': '0.1109', 'HR@10': '0.2545', 'NDCG@10': '0.1389', 'HR@20': '0.3533', 'NDCG@20': '0.1640'}
2025-06-19 19:37:55,426 - Validation score increased.  Saving model ...
2025-06-19 19:38:04,204 - {'epoch': 31, 'rec_loss': '5.2795'}
2025-06-19 19:38:08,010 - {'Epoch': 31, 'HR@5': '0.1658', 'NDCG@5': '0.1098', 'HR@10': '0.2544', 'NDCG@10': '0.1384', 'HR@20': '0.3543', 'NDCG@20': '0.1637'}
2025-06-19 19:38:08,013 - EarlyStopping counter: 1 out of 10
2025-06-19 19:38:16,873 - {'epoch': 32, 'rec_loss': '5.2525'}
2025-06-19 19:38:20,689 - {'Epoch': 32, 'HR@5': '0.1677', 'NDCG@5': '0.1109', 'HR@10': '0.2557', 'NDCG@10': '0.1391', 'HR@20': '0.3546', 'NDCG@20': '0.1642'}
2025-06-19 19:38:20,690 - Validation score increased.  Saving model ...
2025-06-19 19:38:29,580 - {'epoch': 33, 'rec_loss': '5.2365'}
2025-06-19 19:38:33,405 - {'Epoch': 33, 'HR@5': '0.1685', 'NDCG@5': '0.1110', 'HR@10': '0.2569', 'NDCG@10': '0.1394', 'HR@20': '0.3563', 'NDCG@20': '0.1645'}
2025-06-19 19:38:33,408 - Validation score increased.  Saving model ...
2025-06-19 19:38:42,322 - {'epoch': 34, 'rec_loss': '5.2152'}
2025-06-19 19:38:46,175 - {'Epoch': 34, 'HR@5': '0.1688', 'NDCG@5': '0.1114', 'HR@10': '0.2576', 'NDCG@10': '0.1399', 'HR@20': '0.3565', 'NDCG@20': '0.1649'}
2025-06-19 19:38:46,177 - Validation score increased.  Saving model ...
2025-06-19 19:38:55,036 - {'epoch': 35, 'rec_loss': '5.2038'}
2025-06-19 19:38:58,848 - {'Epoch': 35, 'HR@5': '0.1699', 'NDCG@5': '0.1123', 'HR@10': '0.2560', 'NDCG@10': '0.1400', 'HR@20': '0.3567', 'NDCG@20': '0.1655'}
2025-06-19 19:38:58,850 - Validation score increased.  Saving model ...
2025-06-19 19:39:07,706 - {'epoch': 36, 'rec_loss': '5.1866'}
2025-06-19 19:39:11,488 - {'Epoch': 36, 'HR@5': '0.1699', 'NDCG@5': '0.1125', 'HR@10': '0.2562', 'NDCG@10': '0.1403', 'HR@20': '0.3575', 'NDCG@20': '0.1660'}
2025-06-19 19:39:11,489 - Validation score increased.  Saving model ...
2025-06-19 19:39:20,419 - {'epoch': 37, 'rec_loss': '5.1776'}
2025-06-19 19:39:24,242 - {'Epoch': 37, 'HR@5': '0.1702', 'NDCG@5': '0.1123', 'HR@10': '0.2590', 'NDCG@10': '0.1408', 'HR@20': '0.3593', 'NDCG@20': '0.1662'}
2025-06-19 19:39:24,243 - Validation score increased.  Saving model ...
2025-06-19 19:39:33,108 - {'epoch': 38, 'rec_loss': '5.1649'}
2025-06-19 19:39:36,954 - {'Epoch': 38, 'HR@5': '0.1716', 'NDCG@5': '0.1135', 'HR@10': '0.2593', 'NDCG@10': '0.1416', 'HR@20': '0.3572', 'NDCG@20': '0.1664'}
2025-06-19 19:39:36,954 - Validation score increased.  Saving model ...
2025-06-19 19:39:45,811 - {'epoch': 39, 'rec_loss': '5.1454'}
2025-06-19 19:39:49,634 - {'Epoch': 39, 'HR@5': '0.1709', 'NDCG@5': '0.1135', 'HR@10': '0.2575', 'NDCG@10': '0.1414', 'HR@20': '0.3588', 'NDCG@20': '0.1670'}
2025-06-19 19:39:49,636 - Validation score increased.  Saving model ...
2025-06-19 19:39:58,550 - {'epoch': 40, 'rec_loss': '5.1328'}
2025-06-19 19:40:02,373 - {'Epoch': 40, 'HR@5': '0.1710', 'NDCG@5': '0.1134', 'HR@10': '0.2586', 'NDCG@10': '0.1415', 'HR@20': '0.3596', 'NDCG@20': '0.1671'}
2025-06-19 19:40:02,374 - Validation score increased.  Saving model ...
2025-06-19 19:40:11,276 - {'epoch': 41, 'rec_loss': '5.1233'}
2025-06-19 19:40:15,086 - {'Epoch': 41, 'HR@5': '0.1698', 'NDCG@5': '0.1127', 'HR@10': '0.2566', 'NDCG@10': '0.1407', 'HR@20': '0.3580', 'NDCG@20': '0.1664'}
2025-06-19 19:40:15,088 - EarlyStopping counter: 1 out of 10
2025-06-19 19:40:23,972 - {'epoch': 42, 'rec_loss': '5.1121'}
2025-06-19 19:40:27,753 - {'Epoch': 42, 'HR@5': '0.1704', 'NDCG@5': '0.1127', 'HR@10': '0.2579', 'NDCG@10': '0.1409', 'HR@20': '0.3598', 'NDCG@20': '0.1667'}
2025-06-19 19:40:27,755 - EarlyStopping counter: 2 out of 10
2025-06-19 19:40:36,536 - {'epoch': 43, 'rec_loss': '5.0981'}
2025-06-19 19:40:40,319 - {'Epoch': 43, 'HR@5': '0.1715', 'NDCG@5': '0.1132', 'HR@10': '0.2595', 'NDCG@10': '0.1416', 'HR@20': '0.3588', 'NDCG@20': '0.1667'}
2025-06-19 19:40:40,321 - EarlyStopping counter: 3 out of 10
2025-06-19 19:40:49,215 - {'epoch': 44, 'rec_loss': '5.0924'}
2025-06-19 19:40:53,022 - {'Epoch': 44, 'HR@5': '0.1713', 'NDCG@5': '0.1130', 'HR@10': '0.2563', 'NDCG@10': '0.1405', 'HR@20': '0.3611', 'NDCG@20': '0.1670'}
2025-06-19 19:40:53,024 - EarlyStopping counter: 4 out of 10
2025-06-19 19:41:01,830 - {'epoch': 45, 'rec_loss': '5.0775'}
2025-06-19 19:41:05,673 - {'Epoch': 45, 'HR@5': '0.1727', 'NDCG@5': '0.1136', 'HR@10': '0.2590', 'NDCG@10': '0.1413', 'HR@20': '0.3613', 'NDCG@20': '0.1672'}
2025-06-19 19:41:05,675 - Validation score increased.  Saving model ...
2025-06-19 19:41:14,501 - {'epoch': 46, 'rec_loss': '5.0661'}
2025-06-19 19:41:18,293 - {'Epoch': 46, 'HR@5': '0.1720', 'NDCG@5': '0.1127', 'HR@10': '0.2601', 'NDCG@10': '0.1411', 'HR@20': '0.3612', 'NDCG@20': '0.1667'}
2025-06-19 19:41:18,294 - EarlyStopping counter: 1 out of 10
2025-06-19 19:41:27,095 - {'epoch': 47, 'rec_loss': '5.0547'}
2025-06-19 19:41:30,921 - {'Epoch': 47, 'HR@5': '0.1708', 'NDCG@5': '0.1125', 'HR@10': '0.2616', 'NDCG@10': '0.1418', 'HR@20': '0.3610', 'NDCG@20': '0.1670'}
2025-06-19 19:41:30,922 - EarlyStopping counter: 2 out of 10
2025-06-19 19:41:39,786 - {'epoch': 48, 'rec_loss': '5.0484'}
2025-06-19 19:41:43,590 - {'Epoch': 48, 'HR@5': '0.1718', 'NDCG@5': '0.1130', 'HR@10': '0.2603', 'NDCG@10': '0.1414', 'HR@20': '0.3615', 'NDCG@20': '0.1671'}
2025-06-19 19:41:43,591 - EarlyStopping counter: 3 out of 10
2025-06-19 19:41:52,458 - {'epoch': 49, 'rec_loss': '5.0429'}
2025-06-19 19:41:56,230 - {'Epoch': 49, 'HR@5': '0.1713', 'NDCG@5': '0.1128', 'HR@10': '0.2604', 'NDCG@10': '0.1415', 'HR@20': '0.3634', 'NDCG@20': '0.1676'}
2025-06-19 19:41:56,231 - Validation score increased.  Saving model ...
2025-06-19 19:42:05,065 - {'epoch': 50, 'rec_loss': '5.0268'}
2025-06-19 19:42:08,908 - {'Epoch': 50, 'HR@5': '0.1702', 'NDCG@5': '0.1122', 'HR@10': '0.2600', 'NDCG@10': '0.1412', 'HR@20': '0.3611', 'NDCG@20': '0.1668'}
2025-06-19 19:42:08,909 - EarlyStopping counter: 1 out of 10
2025-06-19 19:42:17,775 - {'epoch': 51, 'rec_loss': '5.0213'}
2025-06-19 19:42:21,604 - {'Epoch': 51, 'HR@5': '0.1719', 'NDCG@5': '0.1132', 'HR@10': '0.2609', 'NDCG@10': '0.1418', 'HR@20': '0.3622', 'NDCG@20': '0.1674'}
2025-06-19 19:42:21,605 - EarlyStopping counter: 2 out of 10
2025-06-19 19:42:30,399 - {'epoch': 52, 'rec_loss': '5.0093'}
2025-06-19 19:42:34,223 - {'Epoch': 52, 'HR@5': '0.1731', 'NDCG@5': '0.1140', 'HR@10': '0.2596', 'NDCG@10': '0.1418', 'HR@20': '0.3628', 'NDCG@20': '0.1679'}
2025-06-19 19:42:34,225 - Validation score increased.  Saving model ...
2025-06-19 19:42:43,039 - {'epoch': 53, 'rec_loss': '5.0064'}
2025-06-19 19:42:46,856 - {'Epoch': 53, 'HR@5': '0.1711', 'NDCG@5': '0.1130', 'HR@10': '0.2596', 'NDCG@10': '0.1415', 'HR@20': '0.3629', 'NDCG@20': '0.1676'}
2025-06-19 19:42:46,857 - EarlyStopping counter: 1 out of 10
2025-06-19 19:42:55,748 - {'epoch': 54, 'rec_loss': '4.9997'}
2025-06-19 19:42:59,606 - {'Epoch': 54, 'HR@5': '0.1724', 'NDCG@5': '0.1139', 'HR@10': '0.2596', 'NDCG@10': '0.1420', 'HR@20': '0.3628', 'NDCG@20': '0.1681'}
2025-06-19 19:42:59,608 - Validation score increased.  Saving model ...
2025-06-19 19:43:08,469 - {'epoch': 55, 'rec_loss': '4.9924'}
2025-06-19 19:43:12,318 - {'Epoch': 55, 'HR@5': '0.1713', 'NDCG@5': '0.1130', 'HR@10': '0.2615', 'NDCG@10': '0.1421', 'HR@20': '0.3624', 'NDCG@20': '0.1675'}
2025-06-19 19:43:12,320 - EarlyStopping counter: 1 out of 10
2025-06-19 19:43:21,189 - {'epoch': 56, 'rec_loss': '4.9821'}
2025-06-19 19:43:25,026 - {'Epoch': 56, 'HR@5': '0.1713', 'NDCG@5': '0.1129', 'HR@10': '0.2607', 'NDCG@10': '0.1417', 'HR@20': '0.3624', 'NDCG@20': '0.1675'}
2025-06-19 19:43:25,028 - EarlyStopping counter: 2 out of 10
2025-06-19 19:43:33,890 - {'epoch': 57, 'rec_loss': '4.9780'}
2025-06-19 19:43:37,751 - {'Epoch': 57, 'HR@5': '0.1695', 'NDCG@5': '0.1118', 'HR@10': '0.2597', 'NDCG@10': '0.1408', 'HR@20': '0.3615', 'NDCG@20': '0.1666'}
2025-06-19 19:43:37,752 - EarlyStopping counter: 3 out of 10
2025-06-19 19:43:46,598 - {'epoch': 58, 'rec_loss': '4.9771'}
2025-06-19 19:43:50,461 - {'Epoch': 58, 'HR@5': '0.1726', 'NDCG@5': '0.1127', 'HR@10': '0.2609', 'NDCG@10': '0.1411', 'HR@20': '0.3651', 'NDCG@20': '0.1674'}
2025-06-19 19:43:50,462 - EarlyStopping counter: 4 out of 10
2025-06-19 19:43:59,315 - {'epoch': 59, 'rec_loss': '4.9684'}
2025-06-19 19:44:03,167 - {'Epoch': 59, 'HR@5': '0.1712', 'NDCG@5': '0.1127', 'HR@10': '0.2615', 'NDCG@10': '0.1418', 'HR@20': '0.3651', 'NDCG@20': '0.1680'}
2025-06-19 19:44:03,169 - EarlyStopping counter: 5 out of 10
2025-06-19 19:44:12,044 - {'epoch': 60, 'rec_loss': '4.9616'}
2025-06-19 19:44:15,938 - {'Epoch': 60, 'HR@5': '0.1720', 'NDCG@5': '0.1130', 'HR@10': '0.2600', 'NDCG@10': '0.1414', 'HR@20': '0.3632', 'NDCG@20': '0.1675'}
2025-06-19 19:44:15,940 - EarlyStopping counter: 6 out of 10
2025-06-19 19:44:24,827 - {'epoch': 61, 'rec_loss': '4.9562'}
2025-06-19 19:44:28,627 - {'Epoch': 61, 'HR@5': '0.1733', 'NDCG@5': '0.1137', 'HR@10': '0.2616', 'NDCG@10': '0.1421', 'HR@20': '0.3649', 'NDCG@20': '0.1682'}
2025-06-19 19:44:28,628 - Validation score increased.  Saving model ...
2025-06-19 19:44:37,521 - {'epoch': 62, 'rec_loss': '4.9484'}
2025-06-19 19:44:41,355 - {'Epoch': 62, 'HR@5': '0.1717', 'NDCG@5': '0.1133', 'HR@10': '0.2621', 'NDCG@10': '0.1423', 'HR@20': '0.3651', 'NDCG@20': '0.1684'}
2025-06-19 19:44:41,356 - Validation score increased.  Saving model ...
2025-06-19 19:44:50,242 - {'epoch': 63, 'rec_loss': '4.9423'}
2025-06-19 19:44:54,088 - {'Epoch': 63, 'HR@5': '0.1729', 'NDCG@5': '0.1139', 'HR@10': '0.2617', 'NDCG@10': '0.1425', 'HR@20': '0.3681', 'NDCG@20': '0.1694'}
2025-06-19 19:44:54,089 - Validation score increased.  Saving model ...
2025-06-19 19:45:02,988 - {'epoch': 64, 'rec_loss': '4.9364'}
2025-06-19 19:45:06,814 - {'Epoch': 64, 'HR@5': '0.1731', 'NDCG@5': '0.1143', 'HR@10': '0.2611', 'NDCG@10': '0.1427', 'HR@20': '0.3637', 'NDCG@20': '0.1686'}
2025-06-19 19:45:06,815 - EarlyStopping counter: 1 out of 10
2025-06-19 19:45:15,663 - {'epoch': 65, 'rec_loss': '4.9284'}
2025-06-19 19:45:19,564 - {'Epoch': 65, 'HR@5': '0.1726', 'NDCG@5': '0.1136', 'HR@10': '0.2618', 'NDCG@10': '0.1424', 'HR@20': '0.3658', 'NDCG@20': '0.1687'}
2025-06-19 19:45:19,565 - EarlyStopping counter: 2 out of 10
2025-06-19 19:45:28,445 - {'epoch': 66, 'rec_loss': '4.9276'}
2025-06-19 19:45:32,295 - {'Epoch': 66, 'HR@5': '0.1724', 'NDCG@5': '0.1134', 'HR@10': '0.2615', 'NDCG@10': '0.1421', 'HR@20': '0.3645', 'NDCG@20': '0.1681'}
2025-06-19 19:45:32,300 - EarlyStopping counter: 3 out of 10
2025-06-19 19:45:41,126 - {'epoch': 67, 'rec_loss': '4.9231'}
2025-06-19 19:45:44,974 - {'Epoch': 67, 'HR@5': '0.1741', 'NDCG@5': '0.1154', 'HR@10': '0.2618', 'NDCG@10': '0.1436', 'HR@20': '0.3660', 'NDCG@20': '0.1699'}
2025-06-19 19:45:44,976 - Validation score increased.  Saving model ...
2025-06-19 19:45:53,858 - {'epoch': 68, 'rec_loss': '4.9188'}
2025-06-19 19:45:57,708 - {'Epoch': 68, 'HR@5': '0.1724', 'NDCG@5': '0.1136', 'HR@10': '0.2623', 'NDCG@10': '0.1425', 'HR@20': '0.3653', 'NDCG@20': '0.1686'}
2025-06-19 19:45:57,709 - EarlyStopping counter: 1 out of 10
2025-06-19 19:46:06,550 - {'epoch': 69, 'rec_loss': '4.9127'}
2025-06-19 19:46:10,418 - {'Epoch': 69, 'HR@5': '0.1713', 'NDCG@5': '0.1128', 'HR@10': '0.2629', 'NDCG@10': '0.1423', 'HR@20': '0.3646', 'NDCG@20': '0.1680'}
2025-06-19 19:46:10,421 - EarlyStopping counter: 2 out of 10
2025-06-19 19:46:19,369 - {'epoch': 70, 'rec_loss': '4.9066'}
2025-06-19 19:46:23,231 - {'Epoch': 70, 'HR@5': '0.1723', 'NDCG@5': '0.1138', 'HR@10': '0.2609', 'NDCG@10': '0.1423', 'HR@20': '0.3646', 'NDCG@20': '0.1686'}
2025-06-19 19:46:23,233 - EarlyStopping counter: 3 out of 10
2025-06-19 19:46:32,052 - {'epoch': 71, 'rec_loss': '4.9027'}
2025-06-19 19:46:35,923 - {'Epoch': 71, 'HR@5': '0.1729', 'NDCG@5': '0.1131', 'HR@10': '0.2632', 'NDCG@10': '0.1421', 'HR@20': '0.3664', 'NDCG@20': '0.1682'}
2025-06-19 19:46:35,924 - EarlyStopping counter: 4 out of 10
2025-06-19 19:46:44,730 - {'epoch': 72, 'rec_loss': '4.9003'}
2025-06-19 19:46:48,592 - {'Epoch': 72, 'HR@5': '0.1744', 'NDCG@5': '0.1149', 'HR@10': '0.2629', 'NDCG@10': '0.1433', 'HR@20': '0.3653', 'NDCG@20': '0.1691'}
2025-06-19 19:46:48,593 - EarlyStopping counter: 5 out of 10
2025-06-19 19:46:57,499 - {'epoch': 73, 'rec_loss': '4.8950'}
2025-06-19 19:47:01,346 - {'Epoch': 73, 'HR@5': '0.1743', 'NDCG@5': '0.1141', 'HR@10': '0.2625', 'NDCG@10': '0.1425', 'HR@20': '0.3642', 'NDCG@20': '0.1683'}
2025-06-19 19:47:01,348 - EarlyStopping counter: 6 out of 10
2025-06-19 19:47:10,219 - {'epoch': 74, 'rec_loss': '4.8894'}
2025-06-19 19:47:14,100 - {'Epoch': 74, 'HR@5': '0.1735', 'NDCG@5': '0.1135', 'HR@10': '0.2634', 'NDCG@10': '0.1424', 'HR@20': '0.3658', 'NDCG@20': '0.1683'}
2025-06-19 19:47:14,103 - EarlyStopping counter: 7 out of 10
2025-06-19 19:47:23,024 - {'epoch': 75, 'rec_loss': '4.8844'}
2025-06-19 19:47:26,853 - {'Epoch': 75, 'HR@5': '0.1744', 'NDCG@5': '0.1140', 'HR@10': '0.2608', 'NDCG@10': '0.1419', 'HR@20': '0.3646', 'NDCG@20': '0.1681'}
2025-06-19 19:47:26,855 - EarlyStopping counter: 8 out of 10
2025-06-19 19:47:35,666 - {'epoch': 76, 'rec_loss': '4.8805'}
2025-06-19 19:47:39,504 - {'Epoch': 76, 'HR@5': '0.1737', 'NDCG@5': '0.1136', 'HR@10': '0.2616', 'NDCG@10': '0.1419', 'HR@20': '0.3634', 'NDCG@20': '0.1677'}
2025-06-19 19:47:39,505 - EarlyStopping counter: 9 out of 10
2025-06-19 19:47:48,376 - {'epoch': 77, 'rec_loss': '4.8792'}
2025-06-19 19:47:52,200 - {'Epoch': 77, 'HR@5': '0.1750', 'NDCG@5': '0.1146', 'HR@10': '0.2637', 'NDCG@10': '0.1431', 'HR@20': '0.3667', 'NDCG@20': '0.1691'}
2025-06-19 19:47:52,201 - EarlyStopping counter: 10 out of 10
2025-06-19 19:47:52,202 - Early stopping
2025-06-19 19:47:52,202 - ---------------Test Score---------------
2025-06-19 19:47:55,999 - {'Epoch': 0, 'HR@5': '0.1532', 'NDCG@5': '0.1002', 'HR@10': '0.2279', 'NDCG@10': '0.1243', 'HR@20': '0.3228', 'NDCG@20': '0.1482'}
2025-06-19 19:47:56,001 - DuoRec_Diginetica_46
2025-06-19 19:47:56,001 - {'Epoch': 0, 'HR@5': '0.1532', 'NDCG@5': '0.1002', 'HR@10': '0.2279', 'NDCG@10': '0.1243', 'HR@20': '0.3228', 'NDCG@20': '0.1482'}
