2025-06-19 19:30:47,577 - Namespace(data_dir='data/', output_dir='output/DuoRec/', data_name='LastFM', do_eval=False, load_model=None, train_name='DuoRec_LastFM_42', num_items=10, num_users=1091, lr=0.001, batch_size=256, epochs=200, no_cuda=False, log_freq=1, patience=10, num_workers=4, seed=42, weight_decay=0.0, adam_beta1=0.9, adam_beta2=0.999, gpu_id='0', variance=5, model_type='DuoRec', max_seq_length=50, hidden_size=64, num_hidden_layers=2, hidden_act='gelu', num_attention_heads=4, attention_probs_dropout_prob=0.5, hidden_dropout_prob=0.5, initializer_range=0.02, tau=1.0, lmd=0.1, lmd_sem=0.1, ssl='us_x', sim='dot', cuda_condition=True, data_file='data/LastFM.txt', item_size=3647, checkpoint_path='output/DuoRec/DuoRec_LastFM_42.pt', same_target_path='data/LastFM_same_target.npy')
2025-06-19 19:30:47,593 - DuoRecModel(
  (item_embeddings): Embedding(3647, 64, padding_idx=0)
  (position_embeddings): Embedding(50, 64)
  (LayerNorm): LayerNorm()
  (dropout): Dropout(p=0.5, inplace=False)
  (item_encoder): TransformerEncoder(
    (blocks): ModuleList(
      (0): TransformerBlock(
        (layer): MultiHeadAttention(
          (query): Linear(in_features=64, out_features=64, bias=True)
          (key): Linear(in_features=64, out_features=64, bias=True)
          (value): Linear(in_features=64, out_features=64, bias=True)
          (softmax): Softmax(dim=-1)
          (attn_dropout): Dropout(p=0.5, inplace=False)
          (dense): Linear(in_features=64, out_features=64, bias=True)
          (LayerNorm): LayerNorm((64,), eps=1e-12, elementwise_affine=True)
          (out_dropout): Dropout(p=0.5, inplace=False)
        )
        (feed_forward): FeedForward(
          (dense_1): Linear(in_features=64, out_features=256, bias=True)
          (dense_2): Linear(in_features=256, out_features=64, bias=True)
          (LayerNorm): LayerNorm()
          (dropout): Dropout(p=0.5, inplace=False)
        )
      )
      (1): TransformerBlock(
        (layer): MultiHeadAttention(
          (query): Linear(in_features=64, out_features=64, bias=True)
          (key): Linear(in_features=64, out_features=64, bias=True)
          (value): Linear(in_features=64, out_features=64, bias=True)
          (softmax): Softmax(dim=-1)
          (attn_dropout): Dropout(p=0.5, inplace=False)
          (dense): Linear(in_features=64, out_features=64, bias=True)
          (LayerNorm): LayerNorm((64,), eps=1e-12, elementwise_affine=True)
          (out_dropout): Dropout(p=0.5, inplace=False)
        )
        (feed_forward): FeedForward(
          (dense_1): Linear(in_features=64, out_features=256, bias=True)
          (dense_2): Linear(in_features=256, out_features=64, bias=True)
          (LayerNorm): LayerNorm()
          (dropout): Dropout(p=0.5, inplace=False)
        )
      )
    )
  )
  (aug_nce_fct): CrossEntropyLoss()
)
2025-06-19 19:30:49,726 - Total Parameters: 336704
2025-06-19 19:30:53,152 - {'epoch': 0, 'rec_loss': '8.8540'}
2025-06-19 19:30:53,671 - {'Epoch': 0, 'HR@5': '0.0183', 'NDCG@5': '0.0113', 'HR@10': '0.0376', 'NDCG@10': '0.0176', 'HR@20': '0.0569', 'NDCG@20': '0.0224'}
2025-06-19 19:30:53,671 - Validation score increased.  Saving model ...
2025-06-19 19:30:56,512 - {'epoch': 1, 'rec_loss': '8.5149'}
2025-06-19 19:30:57,026 - {'Epoch': 1, 'HR@5': '0.0183', 'NDCG@5': '0.0110', 'HR@10': '0.0376', 'NDCG@10': '0.0173', 'HR@20': '0.0615', 'NDCG@20': '0.0232'}
2025-06-19 19:30:57,027 - Validation score increased.  Saving model ...
2025-06-19 19:30:59,877 - {'epoch': 2, 'rec_loss': '8.4757'}
2025-06-19 19:31:00,430 - {'Epoch': 2, 'HR@5': '0.0211', 'NDCG@5': '0.0125', 'HR@10': '0.0385', 'NDCG@10': '0.0182', 'HR@20': '0.0615', 'NDCG@20': '0.0238'}
2025-06-19 19:31:00,431 - Validation score increased.  Saving model ...
2025-06-19 19:31:03,257 - {'epoch': 3, 'rec_loss': '8.4533'}
2025-06-19 19:31:03,796 - {'Epoch': 3, 'HR@5': '0.0165', 'NDCG@5': '0.0127', 'HR@10': '0.0367', 'NDCG@10': '0.0193', 'HR@20': '0.0624', 'NDCG@20': '0.0257'}
2025-06-19 19:31:03,798 - Validation score increased.  Saving model ...
2025-06-19 19:31:06,755 - {'epoch': 4, 'rec_loss': '8.4323'}
2025-06-19 19:31:07,312 - {'Epoch': 4, 'HR@5': '0.0248', 'NDCG@5': '0.0152', 'HR@10': '0.0330', 'NDCG@10': '0.0179', 'HR@20': '0.0606', 'NDCG@20': '0.0249'}
2025-06-19 19:31:07,313 - EarlyStopping counter: 1 out of 10
2025-06-19 19:31:10,127 - {'epoch': 5, 'rec_loss': '8.3881'}
2025-06-19 19:31:10,658 - {'Epoch': 5, 'HR@5': '0.0220', 'NDCG@5': '0.0126', 'HR@10': '0.0404', 'NDCG@10': '0.0187', 'HR@20': '0.0587', 'NDCG@20': '0.0233'}
2025-06-19 19:31:10,659 - EarlyStopping counter: 2 out of 10
2025-06-19 19:31:13,496 - {'epoch': 6, 'rec_loss': '8.3294'}
2025-06-19 19:31:14,015 - {'Epoch': 6, 'HR@5': '0.0257', 'NDCG@5': '0.0169', 'HR@10': '0.0413', 'NDCG@10': '0.0221', 'HR@20': '0.0615', 'NDCG@20': '0.0271'}
2025-06-19 19:31:14,016 - Validation score increased.  Saving model ...
2025-06-19 19:31:16,812 - {'epoch': 7, 'rec_loss': '8.2715'}
2025-06-19 19:31:17,374 - {'Epoch': 7, 'HR@5': '0.0248', 'NDCG@5': '0.0142', 'HR@10': '0.0440', 'NDCG@10': '0.0206', 'HR@20': '0.0624', 'NDCG@20': '0.0251'}
2025-06-19 19:31:17,375 - EarlyStopping counter: 1 out of 10
2025-06-19 19:31:20,170 - {'epoch': 8, 'rec_loss': '8.2170'}
2025-06-19 19:31:20,714 - {'Epoch': 8, 'HR@5': '0.0312', 'NDCG@5': '0.0187', 'HR@10': '0.0431', 'NDCG@10': '0.0226', 'HR@20': '0.0670', 'NDCG@20': '0.0285'}
2025-06-19 19:31:20,714 - Validation score increased.  Saving model ...
2025-06-19 19:31:23,531 - {'epoch': 9, 'rec_loss': '8.1549'}
2025-06-19 19:31:24,083 - {'Epoch': 9, 'HR@5': '0.0284', 'NDCG@5': '0.0188', 'HR@10': '0.0468', 'NDCG@10': '0.0249', 'HR@20': '0.0743', 'NDCG@20': '0.0318'}
2025-06-19 19:31:24,084 - Validation score increased.  Saving model ...
2025-06-19 19:31:26,905 - {'epoch': 10, 'rec_loss': '8.0817'}
2025-06-19 19:31:27,469 - {'Epoch': 10, 'HR@5': '0.0330', 'NDCG@5': '0.0206', 'HR@10': '0.0550', 'NDCG@10': '0.0275', 'HR@20': '0.0862', 'NDCG@20': '0.0353'}
2025-06-19 19:31:27,469 - Validation score increased.  Saving model ...
2025-06-19 19:31:30,287 - {'epoch': 11, 'rec_loss': '8.0102'}
2025-06-19 19:31:30,842 - {'Epoch': 11, 'HR@5': '0.0349', 'NDCG@5': '0.0214', 'HR@10': '0.0560', 'NDCG@10': '0.0282', 'HR@20': '0.0844', 'NDCG@20': '0.0355'}
2025-06-19 19:31:30,843 - Validation score increased.  Saving model ...
2025-06-19 19:31:33,684 - {'epoch': 12, 'rec_loss': '7.9341'}
2025-06-19 19:31:34,327 - {'Epoch': 12, 'HR@5': '0.0385', 'NDCG@5': '0.0244', 'HR@10': '0.0550', 'NDCG@10': '0.0299', 'HR@20': '0.0862', 'NDCG@20': '0.0376'}
2025-06-19 19:31:34,327 - Validation score increased.  Saving model ...
2025-06-19 19:31:37,147 - {'epoch': 13, 'rec_loss': '7.8639'}
2025-06-19 19:31:37,695 - {'Epoch': 13, 'HR@5': '0.0431', 'NDCG@5': '0.0261', 'HR@10': '0.0596', 'NDCG@10': '0.0315', 'HR@20': '0.0872', 'NDCG@20': '0.0385'}
2025-06-19 19:31:37,696 - Validation score increased.  Saving model ...
2025-06-19 19:31:40,497 - {'epoch': 14, 'rec_loss': '7.7947'}
2025-06-19 19:31:41,032 - {'Epoch': 14, 'HR@5': '0.0431', 'NDCG@5': '0.0262', 'HR@10': '0.0624', 'NDCG@10': '0.0323', 'HR@20': '0.0927', 'NDCG@20': '0.0401'}
2025-06-19 19:31:41,033 - Validation score increased.  Saving model ...
2025-06-19 19:31:43,867 - {'epoch': 15, 'rec_loss': '7.7268'}
2025-06-19 19:31:44,420 - {'Epoch': 15, 'HR@5': '0.0422', 'NDCG@5': '0.0255', 'HR@10': '0.0578', 'NDCG@10': '0.0306', 'HR@20': '0.0936', 'NDCG@20': '0.0397'}
2025-06-19 19:31:44,421 - EarlyStopping counter: 1 out of 10
2025-06-19 19:31:47,244 - {'epoch': 16, 'rec_loss': '7.6580'}
2025-06-19 19:31:47,807 - {'Epoch': 16, 'HR@5': '0.0459', 'NDCG@5': '0.0286', 'HR@10': '0.0624', 'NDCG@10': '0.0339', 'HR@20': '0.0936', 'NDCG@20': '0.0417'}
2025-06-19 19:31:47,807 - Validation score increased.  Saving model ...
2025-06-19 19:31:50,578 - {'epoch': 17, 'rec_loss': '7.5877'}
2025-06-19 19:31:51,111 - {'Epoch': 17, 'HR@5': '0.0450', 'NDCG@5': '0.0269', 'HR@10': '0.0615', 'NDCG@10': '0.0321', 'HR@20': '0.0908', 'NDCG@20': '0.0395'}
2025-06-19 19:31:51,112 - EarlyStopping counter: 1 out of 10
2025-06-19 19:31:53,968 - {'epoch': 18, 'rec_loss': '7.5219'}
2025-06-19 19:31:54,498 - {'Epoch': 18, 'HR@5': '0.0477', 'NDCG@5': '0.0308', 'HR@10': '0.0651', 'NDCG@10': '0.0366', 'HR@20': '0.0954', 'NDCG@20': '0.0440'}
2025-06-19 19:31:54,500 - Validation score increased.  Saving model ...
2025-06-19 19:31:57,380 - {'epoch': 19, 'rec_loss': '7.4587'}
2025-06-19 19:31:57,903 - {'Epoch': 19, 'HR@5': '0.0385', 'NDCG@5': '0.0259', 'HR@10': '0.0651', 'NDCG@10': '0.0345', 'HR@20': '0.1009', 'NDCG@20': '0.0435'}
2025-06-19 19:31:57,904 - EarlyStopping counter: 1 out of 10
2025-06-19 19:32:00,715 - {'epoch': 20, 'rec_loss': '7.3973'}
2025-06-19 19:32:01,303 - {'Epoch': 20, 'HR@5': '0.0431', 'NDCG@5': '0.0267', 'HR@10': '0.0670', 'NDCG@10': '0.0345', 'HR@20': '0.0963', 'NDCG@20': '0.0418'}
2025-06-19 19:32:01,303 - EarlyStopping counter: 2 out of 10
2025-06-19 19:32:04,147 - {'epoch': 21, 'rec_loss': '7.3414'}
2025-06-19 19:32:04,688 - {'Epoch': 21, 'HR@5': '0.0486', 'NDCG@5': '0.0315', 'HR@10': '0.0688', 'NDCG@10': '0.0382', 'HR@20': '0.1000', 'NDCG@20': '0.0460'}
2025-06-19 19:32:04,689 - Validation score increased.  Saving model ...
2025-06-19 19:32:07,538 - {'epoch': 22, 'rec_loss': '7.2838'}
2025-06-19 19:32:08,095 - {'Epoch': 22, 'HR@5': '0.0459', 'NDCG@5': '0.0289', 'HR@10': '0.0697', 'NDCG@10': '0.0366', 'HR@20': '0.1092', 'NDCG@20': '0.0465'}
2025-06-19 19:32:08,096 - Validation score increased.  Saving model ...
2025-06-19 19:32:10,978 - {'epoch': 23, 'rec_loss': '7.2235'}
2025-06-19 19:32:11,508 - {'Epoch': 23, 'HR@5': '0.0450', 'NDCG@5': '0.0286', 'HR@10': '0.0734', 'NDCG@10': '0.0377', 'HR@20': '0.1092', 'NDCG@20': '0.0466'}
2025-06-19 19:32:11,509 - Validation score increased.  Saving model ...
2025-06-19 19:32:14,309 - {'epoch': 24, 'rec_loss': '7.1668'}
2025-06-19 19:32:14,867 - {'Epoch': 24, 'HR@5': '0.0431', 'NDCG@5': '0.0297', 'HR@10': '0.0716', 'NDCG@10': '0.0390', 'HR@20': '0.1046', 'NDCG@20': '0.0473'}
2025-06-19 19:32:14,867 - Validation score increased.  Saving model ...
2025-06-19 19:32:17,738 - {'epoch': 25, 'rec_loss': '7.1198'}
2025-06-19 19:32:18,290 - {'Epoch': 25, 'HR@5': '0.0450', 'NDCG@5': '0.0292', 'HR@10': '0.0752', 'NDCG@10': '0.0389', 'HR@20': '0.1174', 'NDCG@20': '0.0493'}
2025-06-19 19:32:18,290 - Validation score increased.  Saving model ...
2025-06-19 19:32:21,118 - {'epoch': 26, 'rec_loss': '7.0721'}
2025-06-19 19:32:21,663 - {'Epoch': 26, 'HR@5': '0.0477', 'NDCG@5': '0.0296', 'HR@10': '0.0734', 'NDCG@10': '0.0379', 'HR@20': '0.1110', 'NDCG@20': '0.0472'}
2025-06-19 19:32:21,663 - EarlyStopping counter: 1 out of 10
2025-06-19 19:32:24,503 - {'epoch': 27, 'rec_loss': '7.0236'}
2025-06-19 19:32:25,056 - {'Epoch': 27, 'HR@5': '0.0505', 'NDCG@5': '0.0329', 'HR@10': '0.0734', 'NDCG@10': '0.0403', 'HR@20': '0.1110', 'NDCG@20': '0.0498'}
2025-06-19 19:32:25,057 - Validation score increased.  Saving model ...
2025-06-19 19:32:27,898 - {'epoch': 28, 'rec_loss': '6.9720'}
2025-06-19 19:32:28,447 - {'Epoch': 28, 'HR@5': '0.0541', 'NDCG@5': '0.0326', 'HR@10': '0.0761', 'NDCG@10': '0.0399', 'HR@20': '0.1119', 'NDCG@20': '0.0489'}
2025-06-19 19:32:28,448 - EarlyStopping counter: 1 out of 10
2025-06-19 19:32:31,324 - {'epoch': 29, 'rec_loss': '6.9295'}
2025-06-19 19:32:31,876 - {'Epoch': 29, 'HR@5': '0.0541', 'NDCG@5': '0.0341', 'HR@10': '0.0734', 'NDCG@10': '0.0404', 'HR@20': '0.1156', 'NDCG@20': '0.0512'}
2025-06-19 19:32:31,877 - Validation score increased.  Saving model ...
2025-06-19 19:32:34,684 - {'epoch': 30, 'rec_loss': '6.8886'}
2025-06-19 19:32:35,231 - {'Epoch': 30, 'HR@5': '0.0468', 'NDCG@5': '0.0307', 'HR@10': '0.0743', 'NDCG@10': '0.0397', 'HR@20': '0.1092', 'NDCG@20': '0.0487'}
2025-06-19 19:32:35,232 - EarlyStopping counter: 1 out of 10
2025-06-19 19:32:38,069 - {'epoch': 31, 'rec_loss': '6.8483'}
2025-06-19 19:32:38,592 - {'Epoch': 31, 'HR@5': '0.0560', 'NDCG@5': '0.0355', 'HR@10': '0.0771', 'NDCG@10': '0.0423', 'HR@20': '0.1147', 'NDCG@20': '0.0518'}
2025-06-19 19:32:38,593 - Validation score increased.  Saving model ...
2025-06-19 19:32:41,467 - {'epoch': 32, 'rec_loss': '6.8080'}
2025-06-19 19:32:41,996 - {'Epoch': 32, 'HR@5': '0.0541', 'NDCG@5': '0.0346', 'HR@10': '0.0761', 'NDCG@10': '0.0417', 'HR@20': '0.1183', 'NDCG@20': '0.0523'}
2025-06-19 19:32:41,997 - Validation score increased.  Saving model ...
2025-06-19 19:32:44,842 - {'epoch': 33, 'rec_loss': '6.7682'}
2025-06-19 19:32:45,417 - {'Epoch': 33, 'HR@5': '0.0550', 'NDCG@5': '0.0365', 'HR@10': '0.0789', 'NDCG@10': '0.0441', 'HR@20': '0.1156', 'NDCG@20': '0.0533'}
2025-06-19 19:32:45,418 - Validation score increased.  Saving model ...
2025-06-19 19:32:48,302 - {'epoch': 34, 'rec_loss': '6.7244'}
2025-06-19 19:32:48,829 - {'Epoch': 34, 'HR@5': '0.0477', 'NDCG@5': '0.0324', 'HR@10': '0.0817', 'NDCG@10': '0.0435', 'HR@20': '0.1128', 'NDCG@20': '0.0513'}
2025-06-19 19:32:48,829 - EarlyStopping counter: 1 out of 10
2025-06-19 19:32:51,675 - {'epoch': 35, 'rec_loss': '6.6945'}
2025-06-19 19:32:52,226 - {'Epoch': 35, 'HR@5': '0.0532', 'NDCG@5': '0.0355', 'HR@10': '0.0752', 'NDCG@10': '0.0427', 'HR@20': '0.1119', 'NDCG@20': '0.0519'}
2025-06-19 19:32:52,227 - EarlyStopping counter: 2 out of 10
2025-06-19 19:32:55,047 - {'epoch': 36, 'rec_loss': '6.6468'}
2025-06-19 19:32:55,578 - {'Epoch': 36, 'HR@5': '0.0606', 'NDCG@5': '0.0389', 'HR@10': '0.0807', 'NDCG@10': '0.0454', 'HR@20': '0.1138', 'NDCG@20': '0.0537'}
2025-06-19 19:32:55,579 - Validation score increased.  Saving model ...
2025-06-19 19:32:58,454 - {'epoch': 37, 'rec_loss': '6.6242'}
2025-06-19 19:32:58,999 - {'Epoch': 37, 'HR@5': '0.0550', 'NDCG@5': '0.0367', 'HR@10': '0.0872', 'NDCG@10': '0.0470', 'HR@20': '0.1174', 'NDCG@20': '0.0546'}
2025-06-19 19:32:58,999 - Validation score increased.  Saving model ...
2025-06-19 19:33:01,867 - {'epoch': 38, 'rec_loss': '6.5883'}
2025-06-19 19:33:02,403 - {'Epoch': 38, 'HR@5': '0.0541', 'NDCG@5': '0.0362', 'HR@10': '0.0835', 'NDCG@10': '0.0456', 'HR@20': '0.1193', 'NDCG@20': '0.0547'}
2025-06-19 19:33:02,404 - Validation score increased.  Saving model ...
2025-06-19 19:33:05,275 - {'epoch': 39, 'rec_loss': '6.5570'}
2025-06-19 19:33:05,828 - {'Epoch': 39, 'HR@5': '0.0550', 'NDCG@5': '0.0375', 'HR@10': '0.0826', 'NDCG@10': '0.0465', 'HR@20': '0.1220', 'NDCG@20': '0.0564'}
2025-06-19 19:33:05,829 - Validation score increased.  Saving model ...
2025-06-19 19:33:08,682 - {'epoch': 40, 'rec_loss': '6.5295'}
2025-06-19 19:33:09,239 - {'Epoch': 40, 'HR@5': '0.0569', 'NDCG@5': '0.0375', 'HR@10': '0.0817', 'NDCG@10': '0.0454', 'HR@20': '0.1211', 'NDCG@20': '0.0554'}
2025-06-19 19:33:09,240 - EarlyStopping counter: 1 out of 10
2025-06-19 19:33:12,066 - {'epoch': 41, 'rec_loss': '6.4920'}
2025-06-19 19:33:12,588 - {'Epoch': 41, 'HR@5': '0.0578', 'NDCG@5': '0.0380', 'HR@10': '0.0798', 'NDCG@10': '0.0451', 'HR@20': '0.1193', 'NDCG@20': '0.0550'}
2025-06-19 19:33:12,589 - EarlyStopping counter: 2 out of 10
2025-06-19 19:33:15,453 - {'epoch': 42, 'rec_loss': '6.4698'}
2025-06-19 19:33:16,031 - {'Epoch': 42, 'HR@5': '0.0596', 'NDCG@5': '0.0391', 'HR@10': '0.0771', 'NDCG@10': '0.0446', 'HR@20': '0.1202', 'NDCG@20': '0.0555'}
2025-06-19 19:33:16,032 - EarlyStopping counter: 3 out of 10
2025-06-19 19:33:18,892 - {'epoch': 43, 'rec_loss': '6.4360'}
2025-06-19 19:33:19,450 - {'Epoch': 43, 'HR@5': '0.0560', 'NDCG@5': '0.0382', 'HR@10': '0.0853', 'NDCG@10': '0.0476', 'HR@20': '0.1174', 'NDCG@20': '0.0557'}
2025-06-19 19:33:19,451 - EarlyStopping counter: 4 out of 10
2025-06-19 19:33:22,318 - {'epoch': 44, 'rec_loss': '6.4142'}
2025-06-19 19:33:22,834 - {'Epoch': 44, 'HR@5': '0.0578', 'NDCG@5': '0.0384', 'HR@10': '0.0807', 'NDCG@10': '0.0458', 'HR@20': '0.1183', 'NDCG@20': '0.0552'}
2025-06-19 19:33:22,835 - EarlyStopping counter: 5 out of 10
2025-06-19 19:33:25,690 - {'epoch': 45, 'rec_loss': '6.3822'}
2025-06-19 19:33:26,220 - {'Epoch': 45, 'HR@5': '0.0578', 'NDCG@5': '0.0377', 'HR@10': '0.0835', 'NDCG@10': '0.0459', 'HR@20': '0.1239', 'NDCG@20': '0.0560'}
2025-06-19 19:33:26,221 - EarlyStopping counter: 6 out of 10
2025-06-19 19:33:29,062 - {'epoch': 46, 'rec_loss': '6.3610'}
2025-06-19 19:33:29,596 - {'Epoch': 46, 'HR@5': '0.0569', 'NDCG@5': '0.0386', 'HR@10': '0.0835', 'NDCG@10': '0.0470', 'HR@20': '0.1248', 'NDCG@20': '0.0572'}
2025-06-19 19:33:29,597 - Validation score increased.  Saving model ...
2025-06-19 19:33:32,484 - {'epoch': 47, 'rec_loss': '6.3326'}
2025-06-19 19:33:33,047 - {'Epoch': 47, 'HR@5': '0.0514', 'NDCG@5': '0.0365', 'HR@10': '0.0789', 'NDCG@10': '0.0453', 'HR@20': '0.1202', 'NDCG@20': '0.0557'}
2025-06-19 19:33:33,048 - EarlyStopping counter: 1 out of 10
2025-06-19 19:33:35,874 - {'epoch': 48, 'rec_loss': '6.3121'}
2025-06-19 19:33:36,412 - {'Epoch': 48, 'HR@5': '0.0560', 'NDCG@5': '0.0384', 'HR@10': '0.0826', 'NDCG@10': '0.0469', 'HR@20': '0.1193', 'NDCG@20': '0.0562'}
2025-06-19 19:33:36,413 - EarlyStopping counter: 2 out of 10
2025-06-19 19:33:39,278 - {'epoch': 49, 'rec_loss': '6.2930'}
2025-06-19 19:33:39,808 - {'Epoch': 49, 'HR@5': '0.0550', 'NDCG@5': '0.0381', 'HR@10': '0.0844', 'NDCG@10': '0.0474', 'HR@20': '0.1257', 'NDCG@20': '0.0578'}
2025-06-19 19:33:39,808 - Validation score increased.  Saving model ...
2025-06-19 19:33:42,645 - {'epoch': 50, 'rec_loss': '6.2630'}
2025-06-19 19:33:43,163 - {'Epoch': 50, 'HR@5': '0.0541', 'NDCG@5': '0.0385', 'HR@10': '0.0872', 'NDCG@10': '0.0490', 'HR@20': '0.1183', 'NDCG@20': '0.0568'}
2025-06-19 19:33:43,163 - EarlyStopping counter: 1 out of 10
2025-06-19 19:33:46,026 - {'epoch': 51, 'rec_loss': '6.2522'}
2025-06-19 19:33:46,548 - {'Epoch': 51, 'HR@5': '0.0550', 'NDCG@5': '0.0399', 'HR@10': '0.0798', 'NDCG@10': '0.0477', 'HR@20': '0.1257', 'NDCG@20': '0.0594'}
2025-06-19 19:33:46,549 - Validation score increased.  Saving model ...
2025-06-19 19:33:49,388 - {'epoch': 52, 'rec_loss': '6.2197'}
2025-06-19 19:33:49,888 - {'Epoch': 52, 'HR@5': '0.0523', 'NDCG@5': '0.0370', 'HR@10': '0.0798', 'NDCG@10': '0.0460', 'HR@20': '0.1275', 'NDCG@20': '0.0580'}
2025-06-19 19:33:49,888 - EarlyStopping counter: 1 out of 10
2025-06-19 19:33:52,768 - {'epoch': 53, 'rec_loss': '6.2080'}
2025-06-19 19:33:53,317 - {'Epoch': 53, 'HR@5': '0.0569', 'NDCG@5': '0.0406', 'HR@10': '0.0780', 'NDCG@10': '0.0473', 'HR@20': '0.1229', 'NDCG@20': '0.0587'}
2025-06-19 19:33:53,318 - EarlyStopping counter: 2 out of 10
2025-06-19 19:33:56,165 - {'epoch': 54, 'rec_loss': '6.1829'}
2025-06-19 19:33:56,714 - {'Epoch': 54, 'HR@5': '0.0560', 'NDCG@5': '0.0393', 'HR@10': '0.0826', 'NDCG@10': '0.0478', 'HR@20': '0.1266', 'NDCG@20': '0.0588'}
2025-06-19 19:33:56,715 - EarlyStopping counter: 3 out of 10
2025-06-19 19:33:59,566 - {'epoch': 55, 'rec_loss': '6.1608'}
2025-06-19 19:34:00,141 - {'Epoch': 55, 'HR@5': '0.0550', 'NDCG@5': '0.0387', 'HR@10': '0.0817', 'NDCG@10': '0.0471', 'HR@20': '0.1275', 'NDCG@20': '0.0585'}
2025-06-19 19:34:00,141 - EarlyStopping counter: 4 out of 10
2025-06-19 19:34:02,993 - {'epoch': 56, 'rec_loss': '6.1465'}
2025-06-19 19:34:03,533 - {'Epoch': 56, 'HR@5': '0.0569', 'NDCG@5': '0.0387', 'HR@10': '0.0817', 'NDCG@10': '0.0467', 'HR@20': '0.1193', 'NDCG@20': '0.0560'}
2025-06-19 19:34:03,534 - EarlyStopping counter: 5 out of 10
2025-06-19 19:34:06,563 - {'epoch': 57, 'rec_loss': '6.1174'}
2025-06-19 19:34:07,125 - {'Epoch': 57, 'HR@5': '0.0569', 'NDCG@5': '0.0392', 'HR@10': '0.0807', 'NDCG@10': '0.0468', 'HR@20': '0.1202', 'NDCG@20': '0.0567'}
2025-06-19 19:34:07,126 - EarlyStopping counter: 6 out of 10
2025-06-19 19:34:09,983 - {'epoch': 58, 'rec_loss': '6.0992'}
2025-06-19 19:34:10,553 - {'Epoch': 58, 'HR@5': '0.0587', 'NDCG@5': '0.0408', 'HR@10': '0.0844', 'NDCG@10': '0.0492', 'HR@20': '0.1321', 'NDCG@20': '0.0609'}
2025-06-19 19:34:10,553 - Validation score increased.  Saving model ...
2025-06-19 19:34:13,388 - {'epoch': 59, 'rec_loss': '6.0878'}
2025-06-19 19:34:13,954 - {'Epoch': 59, 'HR@5': '0.0569', 'NDCG@5': '0.0394', 'HR@10': '0.0872', 'NDCG@10': '0.0490', 'HR@20': '0.1312', 'NDCG@20': '0.0599'}
2025-06-19 19:34:13,955 - EarlyStopping counter: 1 out of 10
2025-06-19 19:34:16,793 - {'epoch': 60, 'rec_loss': '6.0641'}
2025-06-19 19:34:17,352 - {'Epoch': 60, 'HR@5': '0.0550', 'NDCG@5': '0.0385', 'HR@10': '0.0862', 'NDCG@10': '0.0487', 'HR@20': '0.1303', 'NDCG@20': '0.0595'}
2025-06-19 19:34:17,353 - EarlyStopping counter: 2 out of 10
2025-06-19 19:34:20,197 - {'epoch': 61, 'rec_loss': '6.0538'}
2025-06-19 19:34:20,732 - {'Epoch': 61, 'HR@5': '0.0532', 'NDCG@5': '0.0383', 'HR@10': '0.0835', 'NDCG@10': '0.0482', 'HR@20': '0.1275', 'NDCG@20': '0.0592'}
2025-06-19 19:34:20,733 - EarlyStopping counter: 3 out of 10
2025-06-19 19:34:23,571 - {'epoch': 62, 'rec_loss': '6.0427'}
2025-06-19 19:34:24,143 - {'Epoch': 62, 'HR@5': '0.0569', 'NDCG@5': '0.0388', 'HR@10': '0.0835', 'NDCG@10': '0.0473', 'HR@20': '0.1266', 'NDCG@20': '0.0580'}
2025-06-19 19:34:24,143 - EarlyStopping counter: 4 out of 10
2025-06-19 19:34:26,989 - {'epoch': 63, 'rec_loss': '6.0235'}
2025-06-19 19:34:27,576 - {'Epoch': 63, 'HR@5': '0.0550', 'NDCG@5': '0.0393', 'HR@10': '0.0807', 'NDCG@10': '0.0476', 'HR@20': '0.1257', 'NDCG@20': '0.0589'}
2025-06-19 19:34:27,577 - EarlyStopping counter: 5 out of 10
2025-06-19 19:34:30,406 - {'epoch': 64, 'rec_loss': '6.0138'}
2025-06-19 19:34:30,959 - {'Epoch': 64, 'HR@5': '0.0569', 'NDCG@5': '0.0406', 'HR@10': '0.0881', 'NDCG@10': '0.0507', 'HR@20': '0.1284', 'NDCG@20': '0.0608'}
2025-06-19 19:34:30,960 - EarlyStopping counter: 6 out of 10
2025-06-19 19:34:33,799 - {'epoch': 65, 'rec_loss': '5.9901'}
2025-06-19 19:34:34,452 - {'Epoch': 65, 'HR@5': '0.0560', 'NDCG@5': '0.0391', 'HR@10': '0.0862', 'NDCG@10': '0.0489', 'HR@20': '0.1248', 'NDCG@20': '0.0585'}
2025-06-19 19:34:34,453 - EarlyStopping counter: 7 out of 10
2025-06-19 19:34:37,340 - {'epoch': 66, 'rec_loss': '5.9835'}
2025-06-19 19:34:37,916 - {'Epoch': 66, 'HR@5': '0.0569', 'NDCG@5': '0.0398', 'HR@10': '0.0853', 'NDCG@10': '0.0488', 'HR@20': '0.1294', 'NDCG@20': '0.0598'}
2025-06-19 19:34:37,916 - EarlyStopping counter: 8 out of 10
2025-06-19 19:34:40,765 - {'epoch': 67, 'rec_loss': '5.9607'}
2025-06-19 19:34:41,343 - {'Epoch': 67, 'HR@5': '0.0606', 'NDCG@5': '0.0416', 'HR@10': '0.0862', 'NDCG@10': '0.0498', 'HR@20': '0.1294', 'NDCG@20': '0.0605'}
2025-06-19 19:34:41,344 - EarlyStopping counter: 9 out of 10
2025-06-19 19:34:44,213 - {'epoch': 68, 'rec_loss': '5.9525'}
2025-06-19 19:34:44,788 - {'Epoch': 68, 'HR@5': '0.0578', 'NDCG@5': '0.0412', 'HR@10': '0.0853', 'NDCG@10': '0.0500', 'HR@20': '0.1303', 'NDCG@20': '0.0612'}
2025-06-19 19:34:44,789 - Validation score increased.  Saving model ...
2025-06-19 19:34:47,753 - {'epoch': 69, 'rec_loss': '5.9307'}
2025-06-19 19:34:48,294 - {'Epoch': 69, 'HR@5': '0.0587', 'NDCG@5': '0.0414', 'HR@10': '0.0908', 'NDCG@10': '0.0515', 'HR@20': '0.1303', 'NDCG@20': '0.0612'}
2025-06-19 19:34:48,295 - EarlyStopping counter: 1 out of 10
2025-06-19 19:34:51,156 - {'epoch': 70, 'rec_loss': '5.9186'}
2025-06-19 19:34:51,729 - {'Epoch': 70, 'HR@5': '0.0569', 'NDCG@5': '0.0410', 'HR@10': '0.0835', 'NDCG@10': '0.0496', 'HR@20': '0.1312', 'NDCG@20': '0.0615'}
2025-06-19 19:34:51,729 - Validation score increased.  Saving model ...
2025-06-19 19:34:54,546 - {'epoch': 71, 'rec_loss': '5.9169'}
2025-06-19 19:34:55,103 - {'Epoch': 71, 'HR@5': '0.0596', 'NDCG@5': '0.0409', 'HR@10': '0.0872', 'NDCG@10': '0.0497', 'HR@20': '0.1303', 'NDCG@20': '0.0603'}
2025-06-19 19:34:55,104 - EarlyStopping counter: 1 out of 10
2025-06-19 19:34:57,927 - {'epoch': 72, 'rec_loss': '5.9008'}
2025-06-19 19:34:58,520 - {'Epoch': 72, 'HR@5': '0.0606', 'NDCG@5': '0.0422', 'HR@10': '0.0890', 'NDCG@10': '0.0513', 'HR@20': '0.1312', 'NDCG@20': '0.0618'}
2025-06-19 19:34:58,520 - Validation score increased.  Saving model ...
2025-06-19 19:35:01,359 - {'epoch': 73, 'rec_loss': '5.8832'}
2025-06-19 19:35:01,925 - {'Epoch': 73, 'HR@5': '0.0624', 'NDCG@5': '0.0417', 'HR@10': '0.0890', 'NDCG@10': '0.0502', 'HR@20': '0.1284', 'NDCG@20': '0.0599'}
2025-06-19 19:35:01,926 - EarlyStopping counter: 1 out of 10
2025-06-19 19:35:04,786 - {'epoch': 74, 'rec_loss': '5.8728'}
2025-06-19 19:35:05,388 - {'Epoch': 74, 'HR@5': '0.0587', 'NDCG@5': '0.0399', 'HR@10': '0.0881', 'NDCG@10': '0.0495', 'HR@20': '0.1284', 'NDCG@20': '0.0598'}
2025-06-19 19:35:05,388 - EarlyStopping counter: 2 out of 10
2025-06-19 19:35:08,244 - {'epoch': 75, 'rec_loss': '5.8685'}
2025-06-19 19:35:08,828 - {'Epoch': 75, 'HR@5': '0.0606', 'NDCG@5': '0.0414', 'HR@10': '0.0908', 'NDCG@10': '0.0511', 'HR@20': '0.1303', 'NDCG@20': '0.0610'}
2025-06-19 19:35:08,828 - EarlyStopping counter: 3 out of 10
2025-06-19 19:35:11,641 - {'epoch': 76, 'rec_loss': '5.8491'}
2025-06-19 19:35:12,224 - {'Epoch': 76, 'HR@5': '0.0606', 'NDCG@5': '0.0414', 'HR@10': '0.0881', 'NDCG@10': '0.0502', 'HR@20': '0.1330', 'NDCG@20': '0.0614'}
2025-06-19 19:35:12,224 - EarlyStopping counter: 4 out of 10
2025-06-19 19:35:15,084 - {'epoch': 77, 'rec_loss': '5.8501'}
2025-06-19 19:35:15,659 - {'Epoch': 77, 'HR@5': '0.0578', 'NDCG@5': '0.0409', 'HR@10': '0.0853', 'NDCG@10': '0.0499', 'HR@20': '0.1303', 'NDCG@20': '0.0613'}
2025-06-19 19:35:15,660 - EarlyStopping counter: 5 out of 10
2025-06-19 19:35:18,496 - {'epoch': 78, 'rec_loss': '5.8209'}
2025-06-19 19:35:19,064 - {'Epoch': 78, 'HR@5': '0.0606', 'NDCG@5': '0.0404', 'HR@10': '0.0853', 'NDCG@10': '0.0485', 'HR@20': '0.1330', 'NDCG@20': '0.0604'}
2025-06-19 19:35:19,064 - EarlyStopping counter: 6 out of 10
2025-06-19 19:35:21,907 - {'epoch': 79, 'rec_loss': '5.8094'}
2025-06-19 19:35:22,469 - {'Epoch': 79, 'HR@5': '0.0578', 'NDCG@5': '0.0412', 'HR@10': '0.0872', 'NDCG@10': '0.0507', 'HR@20': '0.1321', 'NDCG@20': '0.0620'}
2025-06-19 19:35:22,469 - Validation score increased.  Saving model ...
2025-06-19 19:35:25,318 - {'epoch': 80, 'rec_loss': '5.8024'}
2025-06-19 19:35:25,870 - {'Epoch': 80, 'HR@5': '0.0560', 'NDCG@5': '0.0390', 'HR@10': '0.0872', 'NDCG@10': '0.0492', 'HR@20': '0.1339', 'NDCG@20': '0.0609'}
2025-06-19 19:35:25,871 - EarlyStopping counter: 1 out of 10
2025-06-19 19:35:28,693 - {'epoch': 81, 'rec_loss': '5.8015'}
2025-06-19 19:35:29,252 - {'Epoch': 81, 'HR@5': '0.0569', 'NDCG@5': '0.0397', 'HR@10': '0.0826', 'NDCG@10': '0.0480', 'HR@20': '0.1294', 'NDCG@20': '0.0598'}
2025-06-19 19:35:29,253 - EarlyStopping counter: 2 out of 10
2025-06-19 19:35:32,095 - {'epoch': 82, 'rec_loss': '5.7742'}
2025-06-19 19:35:32,601 - {'Epoch': 82, 'HR@5': '0.0606', 'NDCG@5': '0.0415', 'HR@10': '0.0872', 'NDCG@10': '0.0501', 'HR@20': '0.1303', 'NDCG@20': '0.0608'}
2025-06-19 19:35:32,602 - EarlyStopping counter: 3 out of 10
2025-06-19 19:35:35,408 - {'epoch': 83, 'rec_loss': '5.7753'}
2025-06-19 19:35:35,935 - {'Epoch': 83, 'HR@5': '0.0606', 'NDCG@5': '0.0408', 'HR@10': '0.0862', 'NDCG@10': '0.0491', 'HR@20': '0.1367', 'NDCG@20': '0.0616'}
2025-06-19 19:35:35,935 - EarlyStopping counter: 4 out of 10
2025-06-19 19:35:38,765 - {'epoch': 84, 'rec_loss': '5.7646'}
2025-06-19 19:35:39,303 - {'Epoch': 84, 'HR@5': '0.0633', 'NDCG@5': '0.0428', 'HR@10': '0.0890', 'NDCG@10': '0.0511', 'HR@20': '0.1303', 'NDCG@20': '0.0615'}
2025-06-19 19:35:39,304 - EarlyStopping counter: 5 out of 10
2025-06-19 19:35:42,084 - {'epoch': 85, 'rec_loss': '5.7579'}
2025-06-19 19:35:42,614 - {'Epoch': 85, 'HR@5': '0.0615', 'NDCG@5': '0.0412', 'HR@10': '0.0890', 'NDCG@10': '0.0502', 'HR@20': '0.1303', 'NDCG@20': '0.0605'}
2025-06-19 19:35:42,615 - EarlyStopping counter: 6 out of 10
2025-06-19 19:35:45,445 - {'epoch': 86, 'rec_loss': '5.7423'}
2025-06-19 19:35:45,979 - {'Epoch': 86, 'HR@5': '0.0642', 'NDCG@5': '0.0428', 'HR@10': '0.0899', 'NDCG@10': '0.0510', 'HR@20': '0.1321', 'NDCG@20': '0.0617'}
2025-06-19 19:35:45,979 - EarlyStopping counter: 7 out of 10
2025-06-19 19:35:48,797 - {'epoch': 87, 'rec_loss': '5.7390'}
2025-06-19 19:35:49,351 - {'Epoch': 87, 'HR@5': '0.0624', 'NDCG@5': '0.0438', 'HR@10': '0.0881', 'NDCG@10': '0.0520', 'HR@20': '0.1312', 'NDCG@20': '0.0629'}
2025-06-19 19:35:49,351 - Validation score increased.  Saving model ...
2025-06-19 19:35:52,139 - {'epoch': 88, 'rec_loss': '5.7264'}
2025-06-19 19:35:52,674 - {'Epoch': 88, 'HR@5': '0.0642', 'NDCG@5': '0.0420', 'HR@10': '0.0890', 'NDCG@10': '0.0498', 'HR@20': '0.1312', 'NDCG@20': '0.0604'}
2025-06-19 19:35:52,675 - EarlyStopping counter: 1 out of 10
2025-06-19 19:35:55,472 - {'epoch': 89, 'rec_loss': '5.7163'}
2025-06-19 19:35:56,024 - {'Epoch': 89, 'HR@5': '0.0651', 'NDCG@5': '0.0426', 'HR@10': '0.0899', 'NDCG@10': '0.0504', 'HR@20': '0.1312', 'NDCG@20': '0.0607'}
2025-06-19 19:35:56,025 - EarlyStopping counter: 2 out of 10
2025-06-19 19:35:58,860 - {'epoch': 90, 'rec_loss': '5.7089'}
2025-06-19 19:35:59,363 - {'Epoch': 90, 'HR@5': '0.0661', 'NDCG@5': '0.0446', 'HR@10': '0.0890', 'NDCG@10': '0.0520', 'HR@20': '0.1330', 'NDCG@20': '0.0630'}
2025-06-19 19:35:59,364 - Validation score increased.  Saving model ...
2025-06-19 19:36:02,209 - {'epoch': 91, 'rec_loss': '5.7035'}
2025-06-19 19:36:02,781 - {'Epoch': 91, 'HR@5': '0.0661', 'NDCG@5': '0.0441', 'HR@10': '0.0908', 'NDCG@10': '0.0521', 'HR@20': '0.1339', 'NDCG@20': '0.0629'}
2025-06-19 19:36:02,782 - EarlyStopping counter: 1 out of 10
2025-06-19 19:36:05,578 - {'epoch': 92, 'rec_loss': '5.6957'}
2025-06-19 19:36:06,092 - {'Epoch': 92, 'HR@5': '0.0679', 'NDCG@5': '0.0445', 'HR@10': '0.0890', 'NDCG@10': '0.0514', 'HR@20': '0.1349', 'NDCG@20': '0.0628'}
2025-06-19 19:36:06,093 - EarlyStopping counter: 2 out of 10
2025-06-19 19:36:08,895 - {'epoch': 93, 'rec_loss': '5.6921'}
2025-06-19 19:36:09,400 - {'Epoch': 93, 'HR@5': '0.0642', 'NDCG@5': '0.0436', 'HR@10': '0.0908', 'NDCG@10': '0.0522', 'HR@20': '0.1330', 'NDCG@20': '0.0627'}
2025-06-19 19:36:09,401 - EarlyStopping counter: 3 out of 10
2025-06-19 19:36:12,189 - {'epoch': 94, 'rec_loss': '5.6756'}
2025-06-19 19:36:12,730 - {'Epoch': 94, 'HR@5': '0.0670', 'NDCG@5': '0.0456', 'HR@10': '0.0927', 'NDCG@10': '0.0538', 'HR@20': '0.1376', 'NDCG@20': '0.0648'}
2025-06-19 19:36:12,730 - Validation score increased.  Saving model ...
2025-06-19 19:36:15,542 - {'epoch': 95, 'rec_loss': '5.6631'}
2025-06-19 19:36:16,063 - {'Epoch': 95, 'HR@5': '0.0651', 'NDCG@5': '0.0421', 'HR@10': '0.0908', 'NDCG@10': '0.0502', 'HR@20': '0.1339', 'NDCG@20': '0.0610'}
2025-06-19 19:36:16,063 - EarlyStopping counter: 1 out of 10
2025-06-19 19:36:18,895 - {'epoch': 96, 'rec_loss': '5.6672'}
2025-06-19 19:36:19,441 - {'Epoch': 96, 'HR@5': '0.0633', 'NDCG@5': '0.0435', 'HR@10': '0.0899', 'NDCG@10': '0.0521', 'HR@20': '0.1339', 'NDCG@20': '0.0631'}
2025-06-19 19:36:19,442 - EarlyStopping counter: 2 out of 10
2025-06-19 19:36:22,231 - {'epoch': 97, 'rec_loss': '5.6511'}
2025-06-19 19:36:22,736 - {'Epoch': 97, 'HR@5': '0.0642', 'NDCG@5': '0.0431', 'HR@10': '0.0936', 'NDCG@10': '0.0524', 'HR@20': '0.1376', 'NDCG@20': '0.0633'}
2025-06-19 19:36:22,737 - EarlyStopping counter: 3 out of 10
2025-06-19 19:36:25,524 - {'epoch': 98, 'rec_loss': '5.6488'}
2025-06-19 19:36:26,073 - {'Epoch': 98, 'HR@5': '0.0615', 'NDCG@5': '0.0429', 'HR@10': '0.0844', 'NDCG@10': '0.0506', 'HR@20': '0.1330', 'NDCG@20': '0.0629'}
2025-06-19 19:36:26,073 - EarlyStopping counter: 4 out of 10
2025-06-19 19:36:28,865 - {'epoch': 99, 'rec_loss': '5.6393'}
2025-06-19 19:36:29,390 - {'Epoch': 99, 'HR@5': '0.0642', 'NDCG@5': '0.0430', 'HR@10': '0.0890', 'NDCG@10': '0.0511', 'HR@20': '0.1330', 'NDCG@20': '0.0623'}
2025-06-19 19:36:29,391 - EarlyStopping counter: 5 out of 10
2025-06-19 19:36:32,171 - {'epoch': 100, 'rec_loss': '5.6306'}
2025-06-19 19:36:32,708 - {'Epoch': 100, 'HR@5': '0.0688', 'NDCG@5': '0.0458', 'HR@10': '0.0927', 'NDCG@10': '0.0535', 'HR@20': '0.1358', 'NDCG@20': '0.0641'}
2025-06-19 19:36:32,709 - EarlyStopping counter: 6 out of 10
2025-06-19 19:36:35,564 - {'epoch': 101, 'rec_loss': '5.6211'}
2025-06-19 19:36:36,103 - {'Epoch': 101, 'HR@5': '0.0642', 'NDCG@5': '0.0434', 'HR@10': '0.0936', 'NDCG@10': '0.0528', 'HR@20': '0.1330', 'NDCG@20': '0.0626'}
2025-06-19 19:36:36,104 - EarlyStopping counter: 7 out of 10
2025-06-19 19:36:38,898 - {'epoch': 102, 'rec_loss': '5.6189'}
2025-06-19 19:36:39,422 - {'Epoch': 102, 'HR@5': '0.0606', 'NDCG@5': '0.0416', 'HR@10': '0.0954', 'NDCG@10': '0.0527', 'HR@20': '0.1367', 'NDCG@20': '0.0630'}
2025-06-19 19:36:39,423 - EarlyStopping counter: 8 out of 10
2025-06-19 19:36:42,230 - {'epoch': 103, 'rec_loss': '5.6067'}
2025-06-19 19:36:42,757 - {'Epoch': 103, 'HR@5': '0.0661', 'NDCG@5': '0.0443', 'HR@10': '0.0917', 'NDCG@10': '0.0526', 'HR@20': '0.1349', 'NDCG@20': '0.0636'}
2025-06-19 19:36:42,758 - EarlyStopping counter: 9 out of 10
2025-06-19 19:36:45,587 - {'epoch': 104, 'rec_loss': '5.5965'}
2025-06-19 19:36:46,082 - {'Epoch': 104, 'HR@5': '0.0615', 'NDCG@5': '0.0429', 'HR@10': '0.0908', 'NDCG@10': '0.0523', 'HR@20': '0.1312', 'NDCG@20': '0.0624'}
2025-06-19 19:36:46,083 - EarlyStopping counter: 10 out of 10
2025-06-19 19:36:46,083 - Early stopping
2025-06-19 19:36:46,083 - ---------------Test Score---------------
2025-06-19 19:36:46,623 - {'Epoch': 0, 'HR@5': '0.0404', 'NDCG@5': '0.0312', 'HR@10': '0.0541', 'NDCG@10': '0.0358', 'HR@20': '0.0917', 'NDCG@20': '0.0451'}
2025-06-19 19:36:46,624 - DuoRec_LastFM_42
2025-06-19 19:36:46,624 - {'Epoch': 0, 'HR@5': '0.0404', 'NDCG@5': '0.0312', 'HR@10': '0.0541', 'NDCG@10': '0.0358', 'HR@20': '0.0917', 'NDCG@20': '0.0451'}
