2025-06-13 23:14:43,590 - Namespace(data_dir='data/self_processed/', output_dir='hparam_search/', data_name='Diginetica', train_name='BSARec_Diginetica', num_items=10, num_users=14829, lr=0.001, batch_size=256, epochs=200, no_cuda=False, log_freq=1, patience=10, num_workers=4, seed=42, weight_decay=0.0, adam_beta1=0.9, adam_beta2=0.999, gpu_id='0', variance=5, model_type='BSARec', max_seq_length=50, hidden_size=64, num_hidden_layers=2, hidden_act='gelu', num_attention_heads=2, attention_probs_dropout_prob=0.5, hidden_dropout_prob=0.5, initializer_range=0.02, c=5, alpha=0.9, cuda_condition=True, data_file='data/self_processed/Diginetica.txt', item_size=9441, checkpoint_path=PosixPath('/gpfs/home3/scur2771/BSARec/BSARec/src/hparam_search/BSARec_Diginetica/12367757_40/model.pt'), same_target_path='data/self_processed/Diginetica_same_target.npy')
2025-06-13 23:14:43,607 - BSARecModel(
  (item_embeddings): Embedding(9441, 64, padding_idx=0)
  (position_embeddings): Embedding(50, 64)
  (LayerNorm): LayerNorm()
  (dropout): Dropout(p=0.5, inplace=False)
  (item_encoder): BSARecEncoder(
    (blocks): ModuleList(
      (0): BSARecBlock(
        (layer): BSARecLayer(
          (filter_layer): FrequencyLayer(
            (out_dropout): Dropout(p=0.5, inplace=False)
            (LayerNorm): LayerNorm()
          )
          (attention_layer): MultiHeadAttention(
            (query): Linear(in_features=64, out_features=64, bias=True)
            (key): Linear(in_features=64, out_features=64, bias=True)
            (value): Linear(in_features=64, out_features=64, bias=True)
            (softmax): Softmax(dim=-1)
            (attn_dropout): Dropout(p=0.5, inplace=False)
            (dense): Linear(in_features=64, out_features=64, bias=True)
            (LayerNorm): LayerNorm((64,), eps=1e-12, elementwise_affine=True)
            (out_dropout): Dropout(p=0.5, inplace=False)
          )
        )
        (feed_forward): FeedForward(
          (dense_1): Linear(in_features=64, out_features=256, bias=True)
          (dense_2): Linear(in_features=256, out_features=64, bias=True)
          (LayerNorm): LayerNorm()
          (dropout): Dropout(p=0.5, inplace=False)
        )
      )
      (1): BSARecBlock(
        (layer): BSARecLayer(
          (filter_layer): FrequencyLayer(
            (out_dropout): Dropout(p=0.5, inplace=False)
            (LayerNorm): LayerNorm()
          )
          (attention_layer): MultiHeadAttention(
            (query): Linear(in_features=64, out_features=64, bias=True)
            (key): Linear(in_features=64, out_features=64, bias=True)
            (value): Linear(in_features=64, out_features=64, bias=True)
            (softmax): Softmax(dim=-1)
            (attn_dropout): Dropout(p=0.5, inplace=False)
            (dense): Linear(in_features=64, out_features=64, bias=True)
            (LayerNorm): LayerNorm((64,), eps=1e-12, elementwise_affine=True)
            (out_dropout): Dropout(p=0.5, inplace=False)
          )
        )
        (feed_forward): FeedForward(
          (dense_1): Linear(in_features=64, out_features=256, bias=True)
          (dense_2): Linear(in_features=256, out_features=64, bias=True)
          (LayerNorm): LayerNorm()
          (dropout): Dropout(p=0.5, inplace=False)
        )
      )
    )
  )
)
2025-06-13 23:14:45,768 - Total Parameters: 707904
2025-06-13 23:14:54,215 - {'epoch': 0, 'rec_loss': '8.7442'}
2025-06-13 23:14:58,258 - {'Epoch': 0, 'HR@5': '0.0127', 'NDCG@5': '0.0085', 'HR@10': '0.0200', 'NDCG@10': '0.0108', 'HR@20': '0.0299', 'NDCG@20': '0.0133'}
2025-06-13 23:14:58,260 - Validation score increased.  Saving model ...
2025-06-13 23:15:05,718 - {'epoch': 1, 'rec_loss': '7.8463'}
2025-06-13 23:15:09,945 - {'Epoch': 1, 'HR@5': '0.0826', 'NDCG@5': '0.0540', 'HR@10': '0.1228', 'NDCG@10': '0.0670', 'HR@20': '0.1741', 'NDCG@20': '0.0799'}
2025-06-13 23:15:09,946 - Validation score increased.  Saving model ...
2025-06-13 23:15:17,428 - {'epoch': 2, 'rec_loss': '6.5310'}
2025-06-13 23:15:21,721 - {'Epoch': 2, 'HR@5': '0.1256', 'NDCG@5': '0.0816', 'HR@10': '0.1909', 'NDCG@10': '0.1026', 'HR@20': '0.2658', 'NDCG@20': '0.1215'}
2025-06-13 23:15:21,723 - Validation score increased.  Saving model ...
2025-06-13 23:15:29,301 - {'epoch': 3, 'rec_loss': '5.6903'}
2025-06-13 23:15:33,572 - {'Epoch': 3, 'HR@5': '0.1461', 'NDCG@5': '0.0957', 'HR@10': '0.2214', 'NDCG@10': '0.1199', 'HR@20': '0.3114', 'NDCG@20': '0.1426'}
2025-06-13 23:15:33,574 - Validation score increased.  Saving model ...
2025-06-13 23:15:41,102 - {'epoch': 4, 'rec_loss': '5.2784'}
2025-06-13 23:15:45,512 - {'Epoch': 4, 'HR@5': '0.1546', 'NDCG@5': '0.1013', 'HR@10': '0.2410', 'NDCG@10': '0.1290', 'HR@20': '0.3337', 'NDCG@20': '0.1524'}
2025-06-13 23:15:45,513 - Validation score increased.  Saving model ...
2025-06-13 23:15:52,993 - {'epoch': 5, 'rec_loss': '5.0817'}
2025-06-13 23:15:57,347 - {'Epoch': 5, 'HR@5': '0.1620', 'NDCG@5': '0.1063', 'HR@10': '0.2461', 'NDCG@10': '0.1335', 'HR@20': '0.3429', 'NDCG@20': '0.1579'}
2025-06-13 23:15:57,350 - Validation score increased.  Saving model ...
2025-06-13 23:16:04,941 - {'epoch': 6, 'rec_loss': '4.9709'}
2025-06-13 23:16:09,342 - {'Epoch': 6, 'HR@5': '0.1673', 'NDCG@5': '0.1090', 'HR@10': '0.2497', 'NDCG@10': '0.1355', 'HR@20': '0.3487', 'NDCG@20': '0.1605'}
2025-06-13 23:16:09,343 - Validation score increased.  Saving model ...
2025-06-13 23:16:16,919 - {'epoch': 7, 'rec_loss': '4.9041'}
2025-06-13 23:16:21,275 - {'Epoch': 7, 'HR@5': '0.1654', 'NDCG@5': '0.1084', 'HR@10': '0.2512', 'NDCG@10': '0.1361', 'HR@20': '0.3510', 'NDCG@20': '0.1612'}
2025-06-13 23:16:21,277 - Validation score increased.  Saving model ...
2025-06-13 23:16:28,775 - {'epoch': 8, 'rec_loss': '4.8529'}
2025-06-13 23:16:33,046 - {'Epoch': 8, 'HR@5': '0.1680', 'NDCG@5': '0.1089', 'HR@10': '0.2540', 'NDCG@10': '0.1366', 'HR@20': '0.3534', 'NDCG@20': '0.1617'}
2025-06-13 23:16:33,047 - Validation score increased.  Saving model ...
2025-06-13 23:16:40,545 - {'epoch': 9, 'rec_loss': '4.8115'}
2025-06-13 23:16:44,983 - {'Epoch': 9, 'HR@5': '0.1670', 'NDCG@5': '0.1086', 'HR@10': '0.2538', 'NDCG@10': '0.1365', 'HR@20': '0.3559', 'NDCG@20': '0.1623'}
2025-06-13 23:16:44,984 - Validation score increased.  Saving model ...
2025-06-13 23:16:52,435 - {'epoch': 10, 'rec_loss': '4.7802'}
2025-06-13 23:16:56,809 - {'Epoch': 10, 'HR@5': '0.1666', 'NDCG@5': '0.1093', 'HR@10': '0.2576', 'NDCG@10': '0.1385', 'HR@20': '0.3566', 'NDCG@20': '0.1636'}
2025-06-13 23:16:56,814 - Validation score increased.  Saving model ...
2025-06-13 23:17:04,299 - {'epoch': 11, 'rec_loss': '4.7512'}
2025-06-13 23:17:08,669 - {'Epoch': 11, 'HR@5': '0.1659', 'NDCG@5': '0.1092', 'HR@10': '0.2554', 'NDCG@10': '0.1381', 'HR@20': '0.3580', 'NDCG@20': '0.1640'}
2025-06-13 23:17:08,671 - Validation score increased.  Saving model ...
2025-06-13 23:17:16,270 - {'epoch': 12, 'rec_loss': '4.7257'}
2025-06-13 23:17:20,708 - {'Epoch': 12, 'HR@5': '0.1677', 'NDCG@5': '0.1097', 'HR@10': '0.2564', 'NDCG@10': '0.1383', 'HR@20': '0.3585', 'NDCG@20': '0.1641'}
2025-06-13 23:17:20,710 - Validation score increased.  Saving model ...
2025-06-13 23:17:28,169 - {'epoch': 13, 'rec_loss': '4.7154'}
2025-06-13 23:17:32,512 - {'Epoch': 13, 'HR@5': '0.1692', 'NDCG@5': '0.1120', 'HR@10': '0.2563', 'NDCG@10': '0.1400', 'HR@20': '0.3575', 'NDCG@20': '0.1656'}
2025-06-13 23:17:32,514 - Validation score increased.  Saving model ...
2025-06-13 23:17:39,996 - {'epoch': 14, 'rec_loss': '4.6846'}
2025-06-13 23:17:44,353 - {'Epoch': 14, 'HR@5': '0.1682', 'NDCG@5': '0.1103', 'HR@10': '0.2562', 'NDCG@10': '0.1386', 'HR@20': '0.3584', 'NDCG@20': '0.1645'}
2025-06-13 23:17:44,354 - EarlyStopping counter: 1 out of 10
2025-06-13 23:17:51,954 - {'epoch': 15, 'rec_loss': '4.6763'}
2025-06-13 23:17:56,357 - {'Epoch': 15, 'HR@5': '0.1687', 'NDCG@5': '0.1112', 'HR@10': '0.2564', 'NDCG@10': '0.1394', 'HR@20': '0.3576', 'NDCG@20': '0.1650'}
2025-06-13 23:17:56,359 - EarlyStopping counter: 2 out of 10
2025-06-13 23:18:03,804 - {'epoch': 16, 'rec_loss': '4.6572'}
2025-06-13 23:18:08,230 - {'Epoch': 16, 'HR@5': '0.1662', 'NDCG@5': '0.1088', 'HR@10': '0.2543', 'NDCG@10': '0.1371', 'HR@20': '0.3571', 'NDCG@20': '0.1631'}
2025-06-13 23:18:08,231 - EarlyStopping counter: 3 out of 10
2025-06-13 23:18:15,770 - {'epoch': 17, 'rec_loss': '4.6432'}
2025-06-13 23:18:20,214 - {'Epoch': 17, 'HR@5': '0.1693', 'NDCG@5': '0.1108', 'HR@10': '0.2576', 'NDCG@10': '0.1392', 'HR@20': '0.3555', 'NDCG@20': '0.1639'}
2025-06-13 23:18:20,216 - EarlyStopping counter: 4 out of 10
2025-06-13 23:18:27,766 - {'epoch': 18, 'rec_loss': '4.6287'}
2025-06-13 23:18:32,155 - {'Epoch': 18, 'HR@5': '0.1712', 'NDCG@5': '0.1122', 'HR@10': '0.2567', 'NDCG@10': '0.1397', 'HR@20': '0.3584', 'NDCG@20': '0.1655'}
2025-06-13 23:18:32,157 - EarlyStopping counter: 5 out of 10
2025-06-13 23:18:39,619 - {'epoch': 19, 'rec_loss': '4.6175'}
2025-06-13 23:18:43,983 - {'Epoch': 19, 'HR@5': '0.1686', 'NDCG@5': '0.1107', 'HR@10': '0.2549', 'NDCG@10': '0.1384', 'HR@20': '0.3574', 'NDCG@20': '0.1644'}
2025-06-13 23:18:43,985 - EarlyStopping counter: 6 out of 10
2025-06-13 23:18:51,452 - {'epoch': 20, 'rec_loss': '4.6019'}
2025-06-13 23:18:55,840 - {'Epoch': 20, 'HR@5': '0.1709', 'NDCG@5': '0.1112', 'HR@10': '0.2565', 'NDCG@10': '0.1388', 'HR@20': '0.3584', 'NDCG@20': '0.1646'}
2025-06-13 23:18:55,843 - EarlyStopping counter: 7 out of 10
2025-06-13 23:19:03,256 - {'epoch': 21, 'rec_loss': '4.5914'}
2025-06-13 23:19:07,615 - {'Epoch': 21, 'HR@5': '0.1726', 'NDCG@5': '0.1112', 'HR@10': '0.2579', 'NDCG@10': '0.1387', 'HR@20': '0.3584', 'NDCG@20': '0.1641'}
2025-06-13 23:19:07,617 - EarlyStopping counter: 8 out of 10
2025-06-13 23:19:15,060 - {'epoch': 22, 'rec_loss': '4.5863'}
2025-06-13 23:19:19,410 - {'Epoch': 22, 'HR@5': '0.1718', 'NDCG@5': '0.1123', 'HR@10': '0.2589', 'NDCG@10': '0.1404', 'HR@20': '0.3584', 'NDCG@20': '0.1655'}
2025-06-13 23:19:19,411 - EarlyStopping counter: 9 out of 10
2025-06-13 23:19:26,878 - {'epoch': 23, 'rec_loss': '4.5701'}
2025-06-13 23:19:31,239 - {'Epoch': 23, 'HR@5': '0.1669', 'NDCG@5': '0.1088', 'HR@10': '0.2549', 'NDCG@10': '0.1372', 'HR@20': '0.3564', 'NDCG@20': '0.1629'}
2025-06-13 23:19:31,241 - EarlyStopping counter: 10 out of 10
2025-06-13 23:19:31,241 - Early stopping
2025-06-13 23:19:31,241 - ---------------Validation Score---------------
2025-06-13 23:19:35,676 - {'Epoch': 0, 'HR@5': '0.1692', 'NDCG@5': '0.1120', 'HR@10': '0.2563', 'NDCG@10': '0.1400', 'HR@20': '0.3575', 'NDCG@20': '0.1656'}
2025-06-13 23:19:35,678 - BSARec_Diginetica
2025-06-13 23:19:35,678 - {'Epoch': 0, 'HR@5': '0.1692', 'NDCG@5': '0.1120', 'HR@10': '0.2563', 'NDCG@10': '0.1400', 'HR@20': '0.3575', 'NDCG@20': '0.1656'}
