2025-06-13 20:09:38,771 - Namespace(data_dir='data/self_processed/', output_dir='hparam_search/', data_name='Diginetica', train_name='BERT4Rec_Diginetica', num_items=10, num_users=14829, lr=0.001, batch_size=256, epochs=200, no_cuda=False, log_freq=1, patience=10, num_workers=4, seed=42, weight_decay=0.0, adam_beta1=0.9, adam_beta2=0.999, gpu_id='0', variance=5, model_type='BERT4Rec', max_seq_length=50, hidden_size=64, num_hidden_layers=2, hidden_act='gelu', num_attention_heads=4, attention_probs_dropout_prob=0.5, hidden_dropout_prob=0.5, initializer_range=0.02, mask_ratio=0.2, cuda_condition=True, data_file='data/self_processed/Diginetica.txt', item_size=9441, checkpoint_path=PosixPath('/gpfs/home3/scur2771/BSARec/BSARec/src/hparam_search/BERT4Rec_Diginetica/12362289_7/model.pt'), same_target_path='data/self_processed/Diginetica_same_target.npy')
2025-06-13 20:09:38,795 - BERT4RecModel(
  (item_embeddings): Embedding(9442, 64, padding_idx=0)
  (position_embeddings): Embedding(50, 64)
  (item_encoder): TransformerEncoder(
    (blocks): ModuleList(
      (0): TransformerBlock(
        (layer): MultiHeadAttention(
          (query): Linear(in_features=64, out_features=64, bias=True)
          (key): Linear(in_features=64, out_features=64, bias=True)
          (value): Linear(in_features=64, out_features=64, bias=True)
          (softmax): Softmax(dim=-1)
          (attn_dropout): Dropout(p=0.5, inplace=False)
          (dense): Linear(in_features=64, out_features=64, bias=True)
          (LayerNorm): LayerNorm((64,), eps=1e-12, elementwise_affine=True)
          (out_dropout): Dropout(p=0.5, inplace=False)
        )
        (feed_forward): FeedForward(
          (dense_1): Linear(in_features=64, out_features=256, bias=True)
          (dense_2): Linear(in_features=256, out_features=64, bias=True)
          (LayerNorm): LayerNorm()
          (dropout): Dropout(p=0.5, inplace=False)
        )
      )
      (1): TransformerBlock(
        (layer): MultiHeadAttention(
          (query): Linear(in_features=64, out_features=64, bias=True)
          (key): Linear(in_features=64, out_features=64, bias=True)
          (value): Linear(in_features=64, out_features=64, bias=True)
          (softmax): Softmax(dim=-1)
          (attn_dropout): Dropout(p=0.5, inplace=False)
          (dense): Linear(in_features=64, out_features=64, bias=True)
          (LayerNorm): LayerNorm((64,), eps=1e-12, elementwise_affine=True)
          (out_dropout): Dropout(p=0.5, inplace=False)
        )
        (feed_forward): FeedForward(
          (dense_1): Linear(in_features=64, out_features=256, bias=True)
          (dense_2): Linear(in_features=256, out_features=64, bias=True)
          (LayerNorm): LayerNorm()
          (dropout): Dropout(p=0.5, inplace=False)
        )
      )
    )
  )
  (LayerNorm): LayerNorm()
  (dropout): Dropout(p=0.5, inplace=False)
)
2025-06-13 20:09:41,287 - Total Parameters: 707584
2025-06-13 20:09:54,531 - {'epoch': 0, 'rec_loss': '8.8926'}
2025-06-13 20:09:59,517 - {'Epoch': 0, 'HR@5': '0.0033', 'NDCG@5': '0.0019', 'HR@10': '0.0059', 'NDCG@10': '0.0027', 'HR@20': '0.0099', 'NDCG@20': '0.0037'}
2025-06-13 20:09:59,519 - Validation score increased.  Saving model ...
2025-06-13 20:10:12,167 - {'epoch': 1, 'rec_loss': '8.5289'}
2025-06-13 20:10:17,125 - {'Epoch': 1, 'HR@5': '0.0053', 'NDCG@5': '0.0031', 'HR@10': '0.0095', 'NDCG@10': '0.0044', 'HR@20': '0.0194', 'NDCG@20': '0.0069'}
2025-06-13 20:10:17,128 - Validation score increased.  Saving model ...
2025-06-13 20:10:29,678 - {'epoch': 2, 'rec_loss': '8.1749'}
2025-06-13 20:10:34,516 - {'Epoch': 2, 'HR@5': '0.0109', 'NDCG@5': '0.0067', 'HR@10': '0.0200', 'NDCG@10': '0.0096', 'HR@20': '0.0330', 'NDCG@20': '0.0129'}
2025-06-13 20:10:34,518 - Validation score increased.  Saving model ...
2025-06-13 20:10:47,047 - {'epoch': 3, 'rec_loss': '7.8935'}
2025-06-13 20:10:51,953 - {'Epoch': 3, 'HR@5': '0.0171', 'NDCG@5': '0.0109', 'HR@10': '0.0293', 'NDCG@10': '0.0148', 'HR@20': '0.0480', 'NDCG@20': '0.0195'}
2025-06-13 20:10:51,955 - Validation score increased.  Saving model ...
2025-06-13 20:11:04,395 - {'epoch': 4, 'rec_loss': '7.6206'}
2025-06-13 20:11:09,389 - {'Epoch': 4, 'HR@5': '0.0290', 'NDCG@5': '0.0179', 'HR@10': '0.0504', 'NDCG@10': '0.0247', 'HR@20': '0.0799', 'NDCG@20': '0.0321'}
2025-06-13 20:11:09,391 - Validation score increased.  Saving model ...
2025-06-13 20:11:21,955 - {'epoch': 5, 'rec_loss': '7.3422'}
2025-06-13 20:11:26,911 - {'Epoch': 5, 'HR@5': '0.0393', 'NDCG@5': '0.0239', 'HR@10': '0.0664', 'NDCG@10': '0.0326', 'HR@20': '0.1079', 'NDCG@20': '0.0430'}
2025-06-13 20:11:26,913 - Validation score increased.  Saving model ...
2025-06-13 20:11:39,443 - {'epoch': 6, 'rec_loss': '7.1458'}
2025-06-13 20:11:44,277 - {'Epoch': 6, 'HR@5': '0.0452', 'NDCG@5': '0.0279', 'HR@10': '0.0773', 'NDCG@10': '0.0381', 'HR@20': '0.1211', 'NDCG@20': '0.0492'}
2025-06-13 20:11:44,279 - Validation score increased.  Saving model ...
2025-06-13 20:11:56,883 - {'epoch': 7, 'rec_loss': '6.9967'}
2025-06-13 20:12:01,680 - {'Epoch': 7, 'HR@5': '0.0503', 'NDCG@5': '0.0313', 'HR@10': '0.0842', 'NDCG@10': '0.0421', 'HR@20': '0.1363', 'NDCG@20': '0.0552'}
2025-06-13 20:12:01,682 - Validation score increased.  Saving model ...
2025-06-13 20:12:14,154 - {'epoch': 8, 'rec_loss': '6.8793'}
2025-06-13 20:12:19,153 - {'Epoch': 8, 'HR@5': '0.0575', 'NDCG@5': '0.0356', 'HR@10': '0.0935', 'NDCG@10': '0.0471', 'HR@20': '0.1521', 'NDCG@20': '0.0619'}
2025-06-13 20:12:19,155 - Validation score increased.  Saving model ...
2025-06-13 20:12:31,537 - {'epoch': 9, 'rec_loss': '6.7619'}
2025-06-13 20:12:36,497 - {'Epoch': 9, 'HR@5': '0.0565', 'NDCG@5': '0.0352', 'HR@10': '0.0961', 'NDCG@10': '0.0479', 'HR@20': '0.1583', 'NDCG@20': '0.0636'}
2025-06-13 20:12:36,500 - Validation score increased.  Saving model ...
2025-06-13 20:12:49,072 - {'epoch': 10, 'rec_loss': '6.6584'}
2025-06-13 20:12:54,085 - {'Epoch': 10, 'HR@5': '0.0655', 'NDCG@5': '0.0413', 'HR@10': '0.1095', 'NDCG@10': '0.0555', 'HR@20': '0.1702', 'NDCG@20': '0.0708'}
2025-06-13 20:12:54,087 - Validation score increased.  Saving model ...
2025-06-13 20:13:06,734 - {'epoch': 11, 'rec_loss': '6.5538'}
2025-06-13 20:13:11,745 - {'Epoch': 11, 'HR@5': '0.0703', 'NDCG@5': '0.0441', 'HR@10': '0.1176', 'NDCG@10': '0.0593', 'HR@20': '0.1856', 'NDCG@20': '0.0763'}
2025-06-13 20:13:11,746 - Validation score increased.  Saving model ...
2025-06-13 20:13:24,311 - {'epoch': 12, 'rec_loss': '6.4664'}
2025-06-13 20:13:29,353 - {'Epoch': 12, 'HR@5': '0.0737', 'NDCG@5': '0.0468', 'HR@10': '0.1240', 'NDCG@10': '0.0630', 'HR@20': '0.1985', 'NDCG@20': '0.0817'}
2025-06-13 20:13:29,354 - Validation score increased.  Saving model ...
2025-06-13 20:13:41,860 - {'epoch': 13, 'rec_loss': '6.3734'}
2025-06-13 20:13:46,826 - {'Epoch': 13, 'HR@5': '0.0805', 'NDCG@5': '0.0508', 'HR@10': '0.1349', 'NDCG@10': '0.0684', 'HR@20': '0.2135', 'NDCG@20': '0.0882'}
2025-06-13 20:13:46,828 - Validation score increased.  Saving model ...
2025-06-13 20:13:59,289 - {'epoch': 14, 'rec_loss': '6.2880'}
2025-06-13 20:14:04,202 - {'Epoch': 14, 'HR@5': '0.0865', 'NDCG@5': '0.0546', 'HR@10': '0.1421', 'NDCG@10': '0.0725', 'HR@20': '0.2234', 'NDCG@20': '0.0930'}
2025-06-13 20:14:04,205 - Validation score increased.  Saving model ...
2025-06-13 20:14:16,842 - {'epoch': 15, 'rec_loss': '6.2188'}
2025-06-13 20:14:21,828 - {'Epoch': 15, 'HR@5': '0.0900', 'NDCG@5': '0.0562', 'HR@10': '0.1465', 'NDCG@10': '0.0743', 'HR@20': '0.2305', 'NDCG@20': '0.0955'}
2025-06-13 20:14:21,830 - Validation score increased.  Saving model ...
2025-06-13 20:14:34,458 - {'epoch': 16, 'rec_loss': '6.1507'}
2025-06-13 20:14:39,475 - {'Epoch': 16, 'HR@5': '0.0960', 'NDCG@5': '0.0606', 'HR@10': '0.1581', 'NDCG@10': '0.0804', 'HR@20': '0.2443', 'NDCG@20': '0.1021'}
2025-06-13 20:14:39,476 - Validation score increased.  Saving model ...
2025-06-13 20:14:52,100 - {'epoch': 17, 'rec_loss': '6.0862'}
2025-06-13 20:14:57,027 - {'Epoch': 17, 'HR@5': '0.0972', 'NDCG@5': '0.0619', 'HR@10': '0.1619', 'NDCG@10': '0.0827', 'HR@20': '0.2496', 'NDCG@20': '0.1048'}
2025-06-13 20:14:57,030 - Validation score increased.  Saving model ...
2025-06-13 20:15:09,468 - {'epoch': 18, 'rec_loss': '6.0407'}
2025-06-13 20:15:14,460 - {'Epoch': 18, 'HR@5': '0.1045', 'NDCG@5': '0.0669', 'HR@10': '0.1701', 'NDCG@10': '0.0879', 'HR@20': '0.2603', 'NDCG@20': '0.1106'}
2025-06-13 20:15:14,462 - Validation score increased.  Saving model ...
2025-06-13 20:15:26,966 - {'epoch': 19, 'rec_loss': '5.9930'}
2025-06-13 20:15:31,842 - {'Epoch': 19, 'HR@5': '0.1093', 'NDCG@5': '0.0693', 'HR@10': '0.1766', 'NDCG@10': '0.0909', 'HR@20': '0.2640', 'NDCG@20': '0.1129'}
2025-06-13 20:15:31,844 - Validation score increased.  Saving model ...
2025-06-13 20:15:44,420 - {'epoch': 20, 'rec_loss': '5.9518'}
2025-06-13 20:15:49,402 - {'Epoch': 20, 'HR@5': '0.1113', 'NDCG@5': '0.0701', 'HR@10': '0.1782', 'NDCG@10': '0.0915', 'HR@20': '0.2712', 'NDCG@20': '0.1149'}
2025-06-13 20:15:49,405 - Validation score increased.  Saving model ...
2025-06-13 20:16:01,982 - {'epoch': 21, 'rec_loss': '5.9145'}
2025-06-13 20:16:07,028 - {'Epoch': 21, 'HR@5': '0.1080', 'NDCG@5': '0.0697', 'HR@10': '0.1791', 'NDCG@10': '0.0925', 'HR@20': '0.2741', 'NDCG@20': '0.1164'}
2025-06-13 20:16:07,030 - Validation score increased.  Saving model ...
2025-06-13 20:16:19,674 - {'epoch': 22, 'rec_loss': '5.8827'}
2025-06-13 20:16:24,588 - {'Epoch': 22, 'HR@5': '0.1129', 'NDCG@5': '0.0715', 'HR@10': '0.1824', 'NDCG@10': '0.0937', 'HR@20': '0.2768', 'NDCG@20': '0.1176'}
2025-06-13 20:16:24,589 - Validation score increased.  Saving model ...
2025-06-13 20:16:37,145 - {'epoch': 23, 'rec_loss': '5.8455'}
2025-06-13 20:16:42,157 - {'Epoch': 23, 'HR@5': '0.1166', 'NDCG@5': '0.0752', 'HR@10': '0.1857', 'NDCG@10': '0.0973', 'HR@20': '0.2832', 'NDCG@20': '0.1219'}
2025-06-13 20:16:42,161 - Validation score increased.  Saving model ...
2025-06-13 20:16:54,594 - {'epoch': 24, 'rec_loss': '5.8156'}
2025-06-13 20:16:59,531 - {'Epoch': 24, 'HR@5': '0.1180', 'NDCG@5': '0.0761', 'HR@10': '0.1875', 'NDCG@10': '0.0984', 'HR@20': '0.2849', 'NDCG@20': '0.1228'}
2025-06-13 20:16:59,532 - Validation score increased.  Saving model ...
2025-06-13 20:17:12,135 - {'epoch': 25, 'rec_loss': '5.7996'}
2025-06-13 20:17:17,158 - {'Epoch': 25, 'HR@5': '0.1165', 'NDCG@5': '0.0747', 'HR@10': '0.1884', 'NDCG@10': '0.0977', 'HR@20': '0.2868', 'NDCG@20': '0.1225'}
2025-06-13 20:17:17,161 - EarlyStopping counter: 1 out of 10
2025-06-13 20:17:29,779 - {'epoch': 26, 'rec_loss': '5.7721'}
2025-06-13 20:17:34,857 - {'Epoch': 26, 'HR@5': '0.1208', 'NDCG@5': '0.0765', 'HR@10': '0.1898', 'NDCG@10': '0.0987', 'HR@20': '0.2893', 'NDCG@20': '0.1238'}
2025-06-13 20:17:34,859 - Validation score increased.  Saving model ...
2025-06-13 20:17:47,487 - {'epoch': 27, 'rec_loss': '5.7402'}
2025-06-13 20:17:52,498 - {'Epoch': 27, 'HR@5': '0.1176', 'NDCG@5': '0.0764', 'HR@10': '0.1933', 'NDCG@10': '0.1007', 'HR@20': '0.2934', 'NDCG@20': '0.1259'}
2025-06-13 20:17:52,499 - Validation score increased.  Saving model ...
2025-06-13 20:18:05,004 - {'epoch': 28, 'rec_loss': '5.7224'}
2025-06-13 20:18:09,928 - {'Epoch': 28, 'HR@5': '0.1248', 'NDCG@5': '0.0793', 'HR@10': '0.1967', 'NDCG@10': '0.1024', 'HR@20': '0.2936', 'NDCG@20': '0.1269'}
2025-06-13 20:18:09,929 - Validation score increased.  Saving model ...
2025-06-13 20:18:22,388 - {'epoch': 29, 'rec_loss': '5.7055'}
2025-06-13 20:18:27,408 - {'Epoch': 29, 'HR@5': '0.1260', 'NDCG@5': '0.0807', 'HR@10': '0.2013', 'NDCG@10': '0.1050', 'HR@20': '0.2990', 'NDCG@20': '0.1297'}
2025-06-13 20:18:27,415 - Validation score increased.  Saving model ...
2025-06-13 20:18:39,962 - {'epoch': 30, 'rec_loss': '5.6716'}
2025-06-13 20:18:44,899 - {'Epoch': 30, 'HR@5': '0.1257', 'NDCG@5': '0.0801', 'HR@10': '0.2006', 'NDCG@10': '0.1040', 'HR@20': '0.2984', 'NDCG@20': '0.1286'}
2025-06-13 20:18:44,902 - EarlyStopping counter: 1 out of 10
2025-06-13 20:18:57,501 - {'epoch': 31, 'rec_loss': '5.6539'}
2025-06-13 20:19:02,465 - {'Epoch': 31, 'HR@5': '0.1262', 'NDCG@5': '0.0813', 'HR@10': '0.2029', 'NDCG@10': '0.1059', 'HR@20': '0.3015', 'NDCG@20': '0.1307'}
2025-06-13 20:19:02,466 - Validation score increased.  Saving model ...
2025-06-13 20:19:15,036 - {'epoch': 32, 'rec_loss': '5.6362'}
2025-06-13 20:19:19,974 - {'Epoch': 32, 'HR@5': '0.1283', 'NDCG@5': '0.0825', 'HR@10': '0.1986', 'NDCG@10': '0.1051', 'HR@20': '0.3017', 'NDCG@20': '0.1310'}
2025-06-13 20:19:19,978 - Validation score increased.  Saving model ...
2025-06-13 20:19:32,462 - {'epoch': 33, 'rec_loss': '5.6043'}
2025-06-13 20:19:37,444 - {'Epoch': 33, 'HR@5': '0.1296', 'NDCG@5': '0.0834', 'HR@10': '0.2065', 'NDCG@10': '0.1081', 'HR@20': '0.3045', 'NDCG@20': '0.1328'}
2025-06-13 20:19:37,446 - Validation score increased.  Saving model ...
2025-06-13 20:19:49,928 - {'epoch': 34, 'rec_loss': '5.5873'}
2025-06-13 20:19:54,884 - {'Epoch': 34, 'HR@5': '0.1295', 'NDCG@5': '0.0829', 'HR@10': '0.2086', 'NDCG@10': '0.1082', 'HR@20': '0.3068', 'NDCG@20': '0.1330'}
2025-06-13 20:19:54,888 - Validation score increased.  Saving model ...
2025-06-13 20:20:07,517 - {'epoch': 35, 'rec_loss': '5.5765'}
2025-06-13 20:20:12,477 - {'Epoch': 35, 'HR@5': '0.1293', 'NDCG@5': '0.0829', 'HR@10': '0.2065', 'NDCG@10': '0.1077', 'HR@20': '0.3062', 'NDCG@20': '0.1328'}
2025-06-13 20:20:12,478 - EarlyStopping counter: 1 out of 10
2025-06-13 20:20:25,006 - {'epoch': 36, 'rec_loss': '5.5541'}
2025-06-13 20:20:30,063 - {'Epoch': 36, 'HR@5': '0.1288', 'NDCG@5': '0.0826', 'HR@10': '0.2061', 'NDCG@10': '0.1075', 'HR@20': '0.3056', 'NDCG@20': '0.1326'}
2025-06-13 20:20:30,066 - EarlyStopping counter: 2 out of 10
2025-06-13 20:20:42,736 - {'epoch': 37, 'rec_loss': '5.5363'}
2025-06-13 20:20:47,486 - {'Epoch': 37, 'HR@5': '0.1296', 'NDCG@5': '0.0840', 'HR@10': '0.2079', 'NDCG@10': '0.1091', 'HR@20': '0.3087', 'NDCG@20': '0.1347'}
2025-06-13 20:20:47,486 - Validation score increased.  Saving model ...
2025-06-13 20:20:59,928 - {'epoch': 38, 'rec_loss': '5.5266'}
2025-06-13 20:21:04,921 - {'Epoch': 38, 'HR@5': '0.1335', 'NDCG@5': '0.0859', 'HR@10': '0.2107', 'NDCG@10': '0.1108', 'HR@20': '0.3091', 'NDCG@20': '0.1356'}
2025-06-13 20:21:04,922 - Validation score increased.  Saving model ...
2025-06-13 20:21:17,403 - {'epoch': 39, 'rec_loss': '5.5067'}
2025-06-13 20:21:22,263 - {'Epoch': 39, 'HR@5': '0.1356', 'NDCG@5': '0.0860', 'HR@10': '0.2141', 'NDCG@10': '0.1112', 'HR@20': '0.3153', 'NDCG@20': '0.1368'}
2025-06-13 20:21:22,265 - Validation score increased.  Saving model ...
2025-06-13 20:21:34,911 - {'epoch': 40, 'rec_loss': '5.4861'}
2025-06-13 20:21:39,946 - {'Epoch': 40, 'HR@5': '0.1381', 'NDCG@5': '0.0888', 'HR@10': '0.2136', 'NDCG@10': '0.1131', 'HR@20': '0.3107', 'NDCG@20': '0.1376'}
2025-06-13 20:21:39,947 - Validation score increased.  Saving model ...
2025-06-13 20:21:52,589 - {'epoch': 41, 'rec_loss': '5.4789'}
2025-06-13 20:21:57,643 - {'Epoch': 41, 'HR@5': '0.1344', 'NDCG@5': '0.0871', 'HR@10': '0.2118', 'NDCG@10': '0.1121', 'HR@20': '0.3123', 'NDCG@20': '0.1374'}
2025-06-13 20:21:57,644 - EarlyStopping counter: 1 out of 10
2025-06-13 20:22:10,297 - {'epoch': 42, 'rec_loss': '5.4590'}
2025-06-13 20:22:15,148 - {'Epoch': 42, 'HR@5': '0.1362', 'NDCG@5': '0.0877', 'HR@10': '0.2174', 'NDCG@10': '0.1138', 'HR@20': '0.3162', 'NDCG@20': '0.1387'}
2025-06-13 20:22:15,152 - Validation score increased.  Saving model ...
2025-06-13 20:22:27,569 - {'epoch': 43, 'rec_loss': '5.4528'}
2025-06-13 20:22:32,443 - {'Epoch': 43, 'HR@5': '0.1391', 'NDCG@5': '0.0894', 'HR@10': '0.2145', 'NDCG@10': '0.1136', 'HR@20': '0.3129', 'NDCG@20': '0.1385'}
2025-06-13 20:22:32,446 - EarlyStopping counter: 1 out of 10
2025-06-13 20:22:44,916 - {'epoch': 44, 'rec_loss': '5.4347'}
2025-06-13 20:22:49,644 - {'Epoch': 44, 'HR@5': '0.1391', 'NDCG@5': '0.0891', 'HR@10': '0.2160', 'NDCG@10': '0.1138', 'HR@20': '0.3170', 'NDCG@20': '0.1392'}
2025-06-13 20:22:49,645 - Validation score increased.  Saving model ...
2025-06-13 20:23:02,200 - {'epoch': 45, 'rec_loss': '5.4404'}
2025-06-13 20:23:07,211 - {'Epoch': 45, 'HR@5': '0.1412', 'NDCG@5': '0.0894', 'HR@10': '0.2180', 'NDCG@10': '0.1142', 'HR@20': '0.3139', 'NDCG@20': '0.1384'}
2025-06-13 20:23:07,212 - EarlyStopping counter: 1 out of 10
2025-06-13 20:23:19,809 - {'epoch': 46, 'rec_loss': '5.4139'}
2025-06-13 20:23:24,731 - {'Epoch': 46, 'HR@5': '0.1417', 'NDCG@5': '0.0904', 'HR@10': '0.2182', 'NDCG@10': '0.1150', 'HR@20': '0.3166', 'NDCG@20': '0.1399'}
2025-06-13 20:23:24,734 - Validation score increased.  Saving model ...
2025-06-13 20:23:37,406 - {'epoch': 47, 'rec_loss': '5.3997'}
2025-06-13 20:23:42,334 - {'Epoch': 47, 'HR@5': '0.1373', 'NDCG@5': '0.0881', 'HR@10': '0.2131', 'NDCG@10': '0.1125', 'HR@20': '0.3172', 'NDCG@20': '0.1388'}
2025-06-13 20:23:42,335 - EarlyStopping counter: 1 out of 10
2025-06-13 20:23:54,772 - {'epoch': 48, 'rec_loss': '5.3916'}
2025-06-13 20:23:59,731 - {'Epoch': 48, 'HR@5': '0.1385', 'NDCG@5': '0.0900', 'HR@10': '0.2178', 'NDCG@10': '0.1155', 'HR@20': '0.3188', 'NDCG@20': '0.1410'}
2025-06-13 20:23:59,734 - Validation score increased.  Saving model ...
2025-06-13 20:24:12,316 - {'epoch': 49, 'rec_loss': '5.3893'}
2025-06-13 20:24:17,122 - {'Epoch': 49, 'HR@5': '0.1374', 'NDCG@5': '0.0887', 'HR@10': '0.2189', 'NDCG@10': '0.1148', 'HR@20': '0.3201', 'NDCG@20': '0.1403'}
2025-06-13 20:24:17,124 - EarlyStopping counter: 1 out of 10
2025-06-13 20:24:29,643 - {'epoch': 50, 'rec_loss': '5.3748'}
2025-06-13 20:24:34,643 - {'Epoch': 50, 'HR@5': '0.1401', 'NDCG@5': '0.0900', 'HR@10': '0.2199', 'NDCG@10': '0.1157', 'HR@20': '0.3216', 'NDCG@20': '0.1413'}
2025-06-13 20:24:34,645 - Validation score increased.  Saving model ...
2025-06-13 20:24:47,308 - {'epoch': 51, 'rec_loss': '5.3662'}
2025-06-13 20:24:52,271 - {'Epoch': 51, 'HR@5': '0.1397', 'NDCG@5': '0.0900', 'HR@10': '0.2156', 'NDCG@10': '0.1145', 'HR@20': '0.3175', 'NDCG@20': '0.1402'}
2025-06-13 20:24:52,273 - EarlyStopping counter: 1 out of 10
2025-06-13 20:25:04,815 - {'epoch': 52, 'rec_loss': '5.3551'}
2025-06-13 20:25:09,791 - {'Epoch': 52, 'HR@5': '0.1422', 'NDCG@5': '0.0917', 'HR@10': '0.2236', 'NDCG@10': '0.1179', 'HR@20': '0.3242', 'NDCG@20': '0.1433'}
2025-06-13 20:25:09,793 - Validation score increased.  Saving model ...
2025-06-13 20:25:22,183 - {'epoch': 53, 'rec_loss': '5.3550'}
2025-06-13 20:25:27,055 - {'Epoch': 53, 'HR@5': '0.1446', 'NDCG@5': '0.0927', 'HR@10': '0.2244', 'NDCG@10': '0.1183', 'HR@20': '0.3228', 'NDCG@20': '0.1432'}
2025-06-13 20:25:27,056 - EarlyStopping counter: 1 out of 10
2025-06-13 20:25:39,528 - {'epoch': 54, 'rec_loss': '5.3510'}
2025-06-13 20:25:44,244 - {'Epoch': 54, 'HR@5': '0.1424', 'NDCG@5': '0.0910', 'HR@10': '0.2250', 'NDCG@10': '0.1177', 'HR@20': '0.3224', 'NDCG@20': '0.1422'}
2025-06-13 20:25:44,247 - EarlyStopping counter: 2 out of 10
2025-06-13 20:25:56,727 - {'epoch': 55, 'rec_loss': '5.3312'}
2025-06-13 20:26:01,617 - {'Epoch': 55, 'HR@5': '0.1419', 'NDCG@5': '0.0928', 'HR@10': '0.2240', 'NDCG@10': '0.1191', 'HR@20': '0.3232', 'NDCG@20': '0.1442'}
2025-06-13 20:26:01,619 - Validation score increased.  Saving model ...
2025-06-13 20:26:14,148 - {'epoch': 56, 'rec_loss': '5.3219'}
2025-06-13 20:26:19,050 - {'Epoch': 56, 'HR@5': '0.1443', 'NDCG@5': '0.0934', 'HR@10': '0.2221', 'NDCG@10': '0.1184', 'HR@20': '0.3228', 'NDCG@20': '0.1438'}
2025-06-13 20:26:19,052 - EarlyStopping counter: 1 out of 10
2025-06-13 20:26:31,703 - {'epoch': 57, 'rec_loss': '5.3154'}
2025-06-13 20:26:36,556 - {'Epoch': 57, 'HR@5': '0.1418', 'NDCG@5': '0.0928', 'HR@10': '0.2227', 'NDCG@10': '0.1189', 'HR@20': '0.3238', 'NDCG@20': '0.1445'}
2025-06-13 20:26:36,557 - Validation score increased.  Saving model ...
2025-06-13 20:26:49,017 - {'epoch': 58, 'rec_loss': '5.3179'}
2025-06-13 20:26:53,918 - {'Epoch': 58, 'HR@5': '0.1420', 'NDCG@5': '0.0918', 'HR@10': '0.2244', 'NDCG@10': '0.1184', 'HR@20': '0.3239', 'NDCG@20': '0.1435'}
2025-06-13 20:26:53,920 - EarlyStopping counter: 1 out of 10
2025-06-13 20:27:06,550 - {'epoch': 59, 'rec_loss': '5.3064'}
2025-06-13 20:27:11,413 - {'Epoch': 59, 'HR@5': '0.1459', 'NDCG@5': '0.0930', 'HR@10': '0.2259', 'NDCG@10': '0.1188', 'HR@20': '0.3253', 'NDCG@20': '0.1438'}
2025-06-13 20:27:11,415 - EarlyStopping counter: 2 out of 10
2025-06-13 20:27:23,921 - {'epoch': 60, 'rec_loss': '5.2926'}
2025-06-13 20:27:28,888 - {'Epoch': 60, 'HR@5': '0.1445', 'NDCG@5': '0.0929', 'HR@10': '0.2279', 'NDCG@10': '0.1198', 'HR@20': '0.3237', 'NDCG@20': '0.1439'}
2025-06-13 20:27:28,892 - EarlyStopping counter: 3 out of 10
2025-06-13 20:27:41,547 - {'epoch': 61, 'rec_loss': '5.2914'}
2025-06-13 20:27:46,513 - {'Epoch': 61, 'HR@5': '0.1455', 'NDCG@5': '0.0922', 'HR@10': '0.2275', 'NDCG@10': '0.1186', 'HR@20': '0.3223', 'NDCG@20': '0.1425'}
2025-06-13 20:27:46,515 - EarlyStopping counter: 4 out of 10
2025-06-13 20:27:59,094 - {'epoch': 62, 'rec_loss': '5.2743'}
2025-06-13 20:28:04,082 - {'Epoch': 62, 'HR@5': '0.1483', 'NDCG@5': '0.0948', 'HR@10': '0.2273', 'NDCG@10': '0.1202', 'HR@20': '0.3253', 'NDCG@20': '0.1451'}
2025-06-13 20:28:04,084 - Validation score increased.  Saving model ...
2025-06-13 20:28:16,774 - {'epoch': 63, 'rec_loss': '5.2806'}
2025-06-13 20:28:21,590 - {'Epoch': 63, 'HR@5': '0.1438', 'NDCG@5': '0.0933', 'HR@10': '0.2282', 'NDCG@10': '0.1205', 'HR@20': '0.3261', 'NDCG@20': '0.1452'}
2025-06-13 20:28:21,592 - Validation score increased.  Saving model ...
2025-06-13 20:28:34,184 - {'epoch': 64, 'rec_loss': '5.2668'}
2025-06-13 20:28:39,108 - {'Epoch': 64, 'HR@5': '0.1465', 'NDCG@5': '0.0940', 'HR@10': '0.2286', 'NDCG@10': '0.1204', 'HR@20': '0.3257', 'NDCG@20': '0.1450'}
2025-06-13 20:28:39,111 - EarlyStopping counter: 1 out of 10
2025-06-13 20:28:51,564 - {'epoch': 65, 'rec_loss': '5.2612'}
2025-06-13 20:28:56,578 - {'Epoch': 65, 'HR@5': '0.1443', 'NDCG@5': '0.0940', 'HR@10': '0.2270', 'NDCG@10': '0.1206', 'HR@20': '0.3243', 'NDCG@20': '0.1451'}
2025-06-13 20:28:56,580 - EarlyStopping counter: 2 out of 10
2025-06-13 20:29:09,163 - {'epoch': 66, 'rec_loss': '5.2573'}
2025-06-13 20:29:14,166 - {'Epoch': 66, 'HR@5': '0.1443', 'NDCG@5': '0.0929', 'HR@10': '0.2292', 'NDCG@10': '0.1202', 'HR@20': '0.3275', 'NDCG@20': '0.1451'}
2025-06-13 20:29:14,167 - EarlyStopping counter: 3 out of 10
2025-06-13 20:29:26,735 - {'epoch': 67, 'rec_loss': '5.2538'}
2025-06-13 20:29:31,744 - {'Epoch': 67, 'HR@5': '0.1463', 'NDCG@5': '0.0937', 'HR@10': '0.2242', 'NDCG@10': '0.1187', 'HR@20': '0.3255', 'NDCG@20': '0.1443'}
2025-06-13 20:29:31,750 - EarlyStopping counter: 4 out of 10
2025-06-13 20:29:44,349 - {'epoch': 68, 'rec_loss': '5.2475'}
2025-06-13 20:29:49,167 - {'Epoch': 68, 'HR@5': '0.1484', 'NDCG@5': '0.0952', 'HR@10': '0.2291', 'NDCG@10': '0.1212', 'HR@20': '0.3313', 'NDCG@20': '0.1471'}
2025-06-13 20:29:49,168 - Validation score increased.  Saving model ...
2025-06-13 20:30:01,765 - {'epoch': 69, 'rec_loss': '5.2301'}
2025-06-13 20:30:06,687 - {'Epoch': 69, 'HR@5': '0.1496', 'NDCG@5': '0.0957', 'HR@10': '0.2308', 'NDCG@10': '0.1218', 'HR@20': '0.3269', 'NDCG@20': '0.1461'}
2025-06-13 20:30:06,689 - EarlyStopping counter: 1 out of 10
2025-06-13 20:30:19,115 - {'epoch': 70, 'rec_loss': '5.2243'}
2025-06-13 20:30:24,127 - {'Epoch': 70, 'HR@5': '0.1460', 'NDCG@5': '0.0939', 'HR@10': '0.2269', 'NDCG@10': '0.1200', 'HR@20': '0.3272', 'NDCG@20': '0.1453'}
2025-06-13 20:30:24,129 - EarlyStopping counter: 2 out of 10
2025-06-13 20:30:36,671 - {'epoch': 71, 'rec_loss': '5.2264'}
2025-06-13 20:30:41,728 - {'Epoch': 71, 'HR@5': '0.1459', 'NDCG@5': '0.0936', 'HR@10': '0.2298', 'NDCG@10': '0.1205', 'HR@20': '0.3302', 'NDCG@20': '0.1459'}
2025-06-13 20:30:41,729 - EarlyStopping counter: 3 out of 10
2025-06-13 20:30:54,277 - {'epoch': 72, 'rec_loss': '5.2211'}
2025-06-13 20:30:59,176 - {'Epoch': 72, 'HR@5': '0.1479', 'NDCG@5': '0.0958', 'HR@10': '0.2286', 'NDCG@10': '0.1216', 'HR@20': '0.3298', 'NDCG@20': '0.1472'}
2025-06-13 20:30:59,179 - Validation score increased.  Saving model ...
2025-06-13 20:31:11,690 - {'epoch': 73, 'rec_loss': '5.2069'}
2025-06-13 20:31:16,478 - {'Epoch': 73, 'HR@5': '0.1486', 'NDCG@5': '0.0961', 'HR@10': '0.2292', 'NDCG@10': '0.1220', 'HR@20': '0.3293', 'NDCG@20': '0.1474'}
2025-06-13 20:31:16,480 - Validation score increased.  Saving model ...
2025-06-13 20:31:29,104 - {'epoch': 74, 'rec_loss': '5.2087'}
2025-06-13 20:31:34,071 - {'Epoch': 74, 'HR@5': '0.1453', 'NDCG@5': '0.0937', 'HR@10': '0.2279', 'NDCG@10': '0.1204', 'HR@20': '0.3282', 'NDCG@20': '0.1458'}
2025-06-13 20:31:34,072 - EarlyStopping counter: 1 out of 10
2025-06-13 20:31:46,598 - {'epoch': 75, 'rec_loss': '5.2164'}
2025-06-13 20:31:51,563 - {'Epoch': 75, 'HR@5': '0.1455', 'NDCG@5': '0.0944', 'HR@10': '0.2269', 'NDCG@10': '0.1205', 'HR@20': '0.3293', 'NDCG@20': '0.1464'}
2025-06-13 20:31:51,564 - EarlyStopping counter: 2 out of 10
2025-06-13 20:32:04,146 - {'epoch': 76, 'rec_loss': '5.1995'}
2025-06-13 20:32:09,127 - {'Epoch': 76, 'HR@5': '0.1473', 'NDCG@5': '0.0954', 'HR@10': '0.2295', 'NDCG@10': '0.1218', 'HR@20': '0.3277', 'NDCG@20': '0.1466'}
2025-06-13 20:32:09,129 - EarlyStopping counter: 3 out of 10
2025-06-13 20:32:21,722 - {'epoch': 77, 'rec_loss': '5.1914'}
2025-06-13 20:32:26,739 - {'Epoch': 77, 'HR@5': '0.1484', 'NDCG@5': '0.0948', 'HR@10': '0.2316', 'NDCG@10': '0.1215', 'HR@20': '0.3283', 'NDCG@20': '0.1460'}
2025-06-13 20:32:26,741 - EarlyStopping counter: 4 out of 10
2025-06-13 20:32:39,248 - {'epoch': 78, 'rec_loss': '5.1907'}
2025-06-13 20:32:44,061 - {'Epoch': 78, 'HR@5': '0.1467', 'NDCG@5': '0.0958', 'HR@10': '0.2314', 'NDCG@10': '0.1231', 'HR@20': '0.3288', 'NDCG@20': '0.1477'}
2025-06-13 20:32:44,063 - Validation score increased.  Saving model ...
2025-06-13 20:32:56,625 - {'epoch': 79, 'rec_loss': '5.1817'}
2025-06-13 20:33:01,585 - {'Epoch': 79, 'HR@5': '0.1472', 'NDCG@5': '0.0941', 'HR@10': '0.2327', 'NDCG@10': '0.1216', 'HR@20': '0.3306', 'NDCG@20': '0.1463'}
2025-06-13 20:33:01,586 - EarlyStopping counter: 1 out of 10
2025-06-13 20:33:14,062 - {'epoch': 80, 'rec_loss': '5.1847'}
2025-06-13 20:33:18,998 - {'Epoch': 80, 'HR@5': '0.1486', 'NDCG@5': '0.0961', 'HR@10': '0.2349', 'NDCG@10': '0.1238', 'HR@20': '0.3307', 'NDCG@20': '0.1480'}
2025-06-13 20:33:19,000 - Validation score increased.  Saving model ...
2025-06-13 20:33:31,607 - {'epoch': 81, 'rec_loss': '5.1814'}
2025-06-13 20:33:36,641 - {'Epoch': 81, 'HR@5': '0.1504', 'NDCG@5': '0.0965', 'HR@10': '0.2325', 'NDCG@10': '0.1230', 'HR@20': '0.3303', 'NDCG@20': '0.1476'}
2025-06-13 20:33:36,643 - EarlyStopping counter: 1 out of 10
2025-06-13 20:33:49,217 - {'epoch': 82, 'rec_loss': '5.1673'}
2025-06-13 20:33:54,201 - {'Epoch': 82, 'HR@5': '0.1513', 'NDCG@5': '0.0969', 'HR@10': '0.2324', 'NDCG@10': '0.1230', 'HR@20': '0.3288', 'NDCG@20': '0.1472'}
2025-06-13 20:33:54,203 - EarlyStopping counter: 2 out of 10
2025-06-13 20:34:06,679 - {'epoch': 83, 'rec_loss': '5.1690'}
2025-06-13 20:34:11,516 - {'Epoch': 83, 'HR@5': '0.1509', 'NDCG@5': '0.0988', 'HR@10': '0.2325', 'NDCG@10': '0.1251', 'HR@20': '0.3303', 'NDCG@20': '0.1497'}
2025-06-13 20:34:11,518 - Validation score increased.  Saving model ...
2025-06-13 20:34:24,209 - {'epoch': 84, 'rec_loss': '5.1523'}
2025-06-13 20:34:29,182 - {'Epoch': 84, 'HR@5': '0.1506', 'NDCG@5': '0.0971', 'HR@10': '0.2335', 'NDCG@10': '0.1239', 'HR@20': '0.3295', 'NDCG@20': '0.1482'}
2025-06-13 20:34:29,185 - EarlyStopping counter: 1 out of 10
2025-06-13 20:34:41,691 - {'epoch': 85, 'rec_loss': '5.1507'}
2025-06-13 20:34:46,604 - {'Epoch': 85, 'HR@5': '0.1523', 'NDCG@5': '0.0986', 'HR@10': '0.2320', 'NDCG@10': '0.1243', 'HR@20': '0.3300', 'NDCG@20': '0.1490'}
2025-06-13 20:34:46,606 - EarlyStopping counter: 2 out of 10
2025-06-13 20:34:59,173 - {'epoch': 86, 'rec_loss': '5.1498'}
2025-06-13 20:35:04,169 - {'Epoch': 86, 'HR@5': '0.1498', 'NDCG@5': '0.0970', 'HR@10': '0.2330', 'NDCG@10': '0.1238', 'HR@20': '0.3297', 'NDCG@20': '0.1482'}
2025-06-13 20:35:04,170 - EarlyStopping counter: 3 out of 10
2025-06-13 20:35:16,778 - {'epoch': 87, 'rec_loss': '5.1543'}
2025-06-13 20:35:21,761 - {'Epoch': 87, 'HR@5': '0.1525', 'NDCG@5': '0.0978', 'HR@10': '0.2313', 'NDCG@10': '0.1231', 'HR@20': '0.3278', 'NDCG@20': '0.1475'}
2025-06-13 20:35:21,764 - EarlyStopping counter: 4 out of 10
2025-06-13 20:35:34,232 - {'epoch': 88, 'rec_loss': '5.1404'}
2025-06-13 20:35:39,167 - {'Epoch': 88, 'HR@5': '0.1528', 'NDCG@5': '0.0979', 'HR@10': '0.2338', 'NDCG@10': '0.1239', 'HR@20': '0.3328', 'NDCG@20': '0.1490'}
2025-06-13 20:35:39,170 - EarlyStopping counter: 5 out of 10
2025-06-13 20:35:51,817 - {'epoch': 89, 'rec_loss': '5.1387'}
2025-06-13 20:35:56,726 - {'Epoch': 89, 'HR@5': '0.1511', 'NDCG@5': '0.0980', 'HR@10': '0.2352', 'NDCG@10': '0.1252', 'HR@20': '0.3298', 'NDCG@20': '0.1491'}
2025-06-13 20:35:56,728 - EarlyStopping counter: 6 out of 10
2025-06-13 20:36:09,209 - {'epoch': 90, 'rec_loss': '5.1328'}
2025-06-13 20:36:14,212 - {'Epoch': 90, 'HR@5': '0.1506', 'NDCG@5': '0.0985', 'HR@10': '0.2335', 'NDCG@10': '0.1252', 'HR@20': '0.3290', 'NDCG@20': '0.1494'}
2025-06-13 20:36:14,215 - EarlyStopping counter: 7 out of 10
2025-06-13 20:36:26,743 - {'epoch': 91, 'rec_loss': '5.1301'}
2025-06-13 20:36:31,687 - {'Epoch': 91, 'HR@5': '0.1555', 'NDCG@5': '0.1008', 'HR@10': '0.2340', 'NDCG@10': '0.1260', 'HR@20': '0.3325', 'NDCG@20': '0.1508'}
2025-06-13 20:36:31,689 - Validation score increased.  Saving model ...
2025-06-13 20:36:44,365 - {'epoch': 92, 'rec_loss': '5.1231'}
2025-06-13 20:36:49,341 - {'Epoch': 92, 'HR@5': '0.1493', 'NDCG@5': '0.0965', 'HR@10': '0.2344', 'NDCG@10': '0.1238', 'HR@20': '0.3327', 'NDCG@20': '0.1487'}
2025-06-13 20:36:49,343 - EarlyStopping counter: 1 out of 10
2025-06-13 20:37:01,830 - {'epoch': 93, 'rec_loss': '5.1222'}
2025-06-13 20:37:06,669 - {'Epoch': 93, 'HR@5': '0.1496', 'NDCG@5': '0.0969', 'HR@10': '0.2338', 'NDCG@10': '0.1241', 'HR@20': '0.3333', 'NDCG@20': '0.1492'}
2025-06-13 20:37:06,672 - EarlyStopping counter: 2 out of 10
2025-06-13 20:37:19,254 - {'epoch': 94, 'rec_loss': '5.1233'}
2025-06-13 20:37:24,205 - {'Epoch': 94, 'HR@5': '0.1477', 'NDCG@5': '0.0956', 'HR@10': '0.2282', 'NDCG@10': '0.1215', 'HR@20': '0.3299', 'NDCG@20': '0.1472'}
2025-06-13 20:37:24,207 - EarlyStopping counter: 3 out of 10
2025-06-13 20:37:36,704 - {'epoch': 95, 'rec_loss': '5.1168'}
2025-06-13 20:37:41,708 - {'Epoch': 95, 'HR@5': '0.1513', 'NDCG@5': '0.0973', 'HR@10': '0.2336', 'NDCG@10': '0.1238', 'HR@20': '0.3301', 'NDCG@20': '0.1482'}
2025-06-13 20:37:41,710 - EarlyStopping counter: 4 out of 10
2025-06-13 20:37:54,307 - {'epoch': 96, 'rec_loss': '5.1136'}
2025-06-13 20:37:59,280 - {'Epoch': 96, 'HR@5': '0.1520', 'NDCG@5': '0.0973', 'HR@10': '0.2322', 'NDCG@10': '0.1232', 'HR@20': '0.3301', 'NDCG@20': '0.1479'}
2025-06-13 20:37:59,283 - EarlyStopping counter: 5 out of 10
2025-06-13 20:38:11,930 - {'epoch': 97, 'rec_loss': '5.1103'}
2025-06-13 20:38:16,912 - {'Epoch': 97, 'HR@5': '0.1519', 'NDCG@5': '0.0990', 'HR@10': '0.2356', 'NDCG@10': '0.1260', 'HR@20': '0.3293', 'NDCG@20': '0.1497'}
2025-06-13 20:38:16,914 - EarlyStopping counter: 6 out of 10
2025-06-13 20:38:29,389 - {'epoch': 98, 'rec_loss': '5.1125'}
2025-06-13 20:38:34,261 - {'Epoch': 98, 'HR@5': '0.1501', 'NDCG@5': '0.0966', 'HR@10': '0.2333', 'NDCG@10': '0.1233', 'HR@20': '0.3335', 'NDCG@20': '0.1486'}
2025-06-13 20:38:34,263 - EarlyStopping counter: 7 out of 10
2025-06-13 20:38:46,886 - {'epoch': 99, 'rec_loss': '5.0993'}
2025-06-13 20:38:51,861 - {'Epoch': 99, 'HR@5': '0.1482', 'NDCG@5': '0.0962', 'HR@10': '0.2357', 'NDCG@10': '0.1244', 'HR@20': '0.3303', 'NDCG@20': '0.1483'}
2025-06-13 20:38:51,862 - EarlyStopping counter: 8 out of 10
2025-06-13 20:39:04,305 - {'epoch': 100, 'rec_loss': '5.0974'}
2025-06-13 20:39:09,322 - {'Epoch': 100, 'HR@5': '0.1494', 'NDCG@5': '0.0966', 'HR@10': '0.2344', 'NDCG@10': '0.1240', 'HR@20': '0.3294', 'NDCG@20': '0.1480'}
2025-06-13 20:39:09,324 - EarlyStopping counter: 9 out of 10
2025-06-13 20:39:21,953 - {'epoch': 101, 'rec_loss': '5.0916'}
2025-06-13 20:39:26,929 - {'Epoch': 101, 'HR@5': '0.1527', 'NDCG@5': '0.0982', 'HR@10': '0.2334', 'NDCG@10': '0.1241', 'HR@20': '0.3301', 'NDCG@20': '0.1485'}
2025-06-13 20:39:26,930 - EarlyStopping counter: 10 out of 10
2025-06-13 20:39:26,930 - Early stopping
2025-06-13 20:39:26,930 - ---------------Validation Score---------------
2025-06-13 20:39:31,956 - {'Epoch': 0, 'HR@5': '0.1555', 'NDCG@5': '0.1008', 'HR@10': '0.2340', 'NDCG@10': '0.1260', 'HR@20': '0.3325', 'NDCG@20': '0.1508'}
2025-06-13 20:39:31,958 - BERT4Rec_Diginetica
2025-06-13 20:39:31,958 - {'Epoch': 0, 'HR@5': '0.1555', 'NDCG@5': '0.1008', 'HR@10': '0.2340', 'NDCG@10': '0.1260', 'HR@20': '0.3325', 'NDCG@20': '0.1508'}
