2025-06-13 23:33:11,218 - Namespace(data_dir='data/self_processed/', output_dir='hparam_search/', data_name='Diginetica', train_name='BSARec_Diginetica', num_items=10, num_users=14829, lr=0.001, batch_size=256, epochs=200, no_cuda=False, log_freq=1, patience=10, num_workers=4, seed=42, weight_decay=0.0, adam_beta1=0.9, adam_beta2=0.999, gpu_id='0', variance=5, model_type='BSARec', max_seq_length=50, hidden_size=64, num_hidden_layers=2, hidden_act='gelu', num_attention_heads=4, attention_probs_dropout_prob=0.5, hidden_dropout_prob=0.5, initializer_range=0.02, c=3, alpha=0.9, cuda_condition=True, data_file='data/self_processed/Diginetica.txt', item_size=9441, checkpoint_path=PosixPath('/gpfs/home3/scur2771/BSARec/BSARec/src/hparam_search/BSARec_Diginetica/12367757_60/model.pt'), same_target_path='data/self_processed/Diginetica_same_target.npy')
2025-06-13 23:33:11,235 - BSARecModel(
  (item_embeddings): Embedding(9441, 64, padding_idx=0)
  (position_embeddings): Embedding(50, 64)
  (LayerNorm): LayerNorm()
  (dropout): Dropout(p=0.5, inplace=False)
  (item_encoder): BSARecEncoder(
    (blocks): ModuleList(
      (0): BSARecBlock(
        (layer): BSARecLayer(
          (filter_layer): FrequencyLayer(
            (out_dropout): Dropout(p=0.5, inplace=False)
            (LayerNorm): LayerNorm()
          )
          (attention_layer): MultiHeadAttention(
            (query): Linear(in_features=64, out_features=64, bias=True)
            (key): Linear(in_features=64, out_features=64, bias=True)
            (value): Linear(in_features=64, out_features=64, bias=True)
            (softmax): Softmax(dim=-1)
            (attn_dropout): Dropout(p=0.5, inplace=False)
            (dense): Linear(in_features=64, out_features=64, bias=True)
            (LayerNorm): LayerNorm((64,), eps=1e-12, elementwise_affine=True)
            (out_dropout): Dropout(p=0.5, inplace=False)
          )
        )
        (feed_forward): FeedForward(
          (dense_1): Linear(in_features=64, out_features=256, bias=True)
          (dense_2): Linear(in_features=256, out_features=64, bias=True)
          (LayerNorm): LayerNorm()
          (dropout): Dropout(p=0.5, inplace=False)
        )
      )
      (1): BSARecBlock(
        (layer): BSARecLayer(
          (filter_layer): FrequencyLayer(
            (out_dropout): Dropout(p=0.5, inplace=False)
            (LayerNorm): LayerNorm()
          )
          (attention_layer): MultiHeadAttention(
            (query): Linear(in_features=64, out_features=64, bias=True)
            (key): Linear(in_features=64, out_features=64, bias=True)
            (value): Linear(in_features=64, out_features=64, bias=True)
            (softmax): Softmax(dim=-1)
            (attn_dropout): Dropout(p=0.5, inplace=False)
            (dense): Linear(in_features=64, out_features=64, bias=True)
            (LayerNorm): LayerNorm((64,), eps=1e-12, elementwise_affine=True)
            (out_dropout): Dropout(p=0.5, inplace=False)
          )
        )
        (feed_forward): FeedForward(
          (dense_1): Linear(in_features=64, out_features=256, bias=True)
          (dense_2): Linear(in_features=256, out_features=64, bias=True)
          (LayerNorm): LayerNorm()
          (dropout): Dropout(p=0.5, inplace=False)
        )
      )
    )
  )
)
2025-06-13 23:33:13,472 - Total Parameters: 707904
2025-06-13 23:33:22,134 - {'epoch': 0, 'rec_loss': '8.7490'}
2025-06-13 23:33:26,332 - {'Epoch': 0, 'HR@5': '0.0123', 'NDCG@5': '0.0083', 'HR@10': '0.0187', 'NDCG@10': '0.0104', 'HR@20': '0.0285', 'NDCG@20': '0.0128'}
2025-06-13 23:33:26,334 - Validation score increased.  Saving model ...
2025-06-13 23:33:33,824 - {'epoch': 1, 'rec_loss': '7.8963'}
2025-06-13 23:33:38,127 - {'Epoch': 1, 'HR@5': '0.0773', 'NDCG@5': '0.0501', 'HR@10': '0.1141', 'NDCG@10': '0.0619', 'HR@20': '0.1614', 'NDCG@20': '0.0739'}
2025-06-13 23:33:38,130 - Validation score increased.  Saving model ...
2025-06-13 23:33:45,680 - {'epoch': 2, 'rec_loss': '6.6212'}
2025-06-13 23:33:49,982 - {'Epoch': 2, 'HR@5': '0.1241', 'NDCG@5': '0.0810', 'HR@10': '0.1855', 'NDCG@10': '0.1008', 'HR@20': '0.2597', 'NDCG@20': '0.1195'}
2025-06-13 23:33:49,985 - Validation score increased.  Saving model ...
2025-06-13 23:33:57,463 - {'epoch': 3, 'rec_loss': '5.7450'}
2025-06-13 23:34:01,740 - {'Epoch': 3, 'HR@5': '0.1443', 'NDCG@5': '0.0955', 'HR@10': '0.2209', 'NDCG@10': '0.1202', 'HR@20': '0.3096', 'NDCG@20': '0.1425'}
2025-06-13 23:34:01,742 - Validation score increased.  Saving model ...
2025-06-13 23:34:09,220 - {'epoch': 4, 'rec_loss': '5.3017'}
2025-06-13 23:34:13,507 - {'Epoch': 4, 'HR@5': '0.1573', 'NDCG@5': '0.1021', 'HR@10': '0.2362', 'NDCG@10': '0.1275', 'HR@20': '0.3298', 'NDCG@20': '0.1512'}
2025-06-13 23:34:13,509 - Validation score increased.  Saving model ...
2025-06-13 23:34:21,033 - {'epoch': 5, 'rec_loss': '5.0920'}
2025-06-13 23:34:25,359 - {'Epoch': 5, 'HR@5': '0.1623', 'NDCG@5': '0.1069', 'HR@10': '0.2446', 'NDCG@10': '0.1334', 'HR@20': '0.3408', 'NDCG@20': '0.1578'}
2025-06-13 23:34:25,360 - Validation score increased.  Saving model ...
2025-06-13 23:34:32,823 - {'epoch': 6, 'rec_loss': '4.9821'}
2025-06-13 23:34:37,279 - {'Epoch': 6, 'HR@5': '0.1672', 'NDCG@5': '0.1096', 'HR@10': '0.2513', 'NDCG@10': '0.1367', 'HR@20': '0.3485', 'NDCG@20': '0.1613'}
2025-06-13 23:34:37,281 - Validation score increased.  Saving model ...
2025-06-13 23:34:44,753 - {'epoch': 7, 'rec_loss': '4.9063'}
2025-06-13 23:34:49,169 - {'Epoch': 7, 'HR@5': '0.1662', 'NDCG@5': '0.1087', 'HR@10': '0.2538', 'NDCG@10': '0.1368', 'HR@20': '0.3510', 'NDCG@20': '0.1614'}
2025-06-13 23:34:49,170 - Validation score increased.  Saving model ...
2025-06-13 23:34:56,703 - {'epoch': 8, 'rec_loss': '4.8552'}
2025-06-13 23:35:01,158 - {'Epoch': 8, 'HR@5': '0.1672', 'NDCG@5': '0.1099', 'HR@10': '0.2534', 'NDCG@10': '0.1376', 'HR@20': '0.3535', 'NDCG@20': '0.1630'}
2025-06-13 23:35:01,159 - Validation score increased.  Saving model ...
2025-06-13 23:35:08,694 - {'epoch': 9, 'rec_loss': '4.8131'}
2025-06-13 23:35:13,107 - {'Epoch': 9, 'HR@5': '0.1712', 'NDCG@5': '0.1120', 'HR@10': '0.2541', 'NDCG@10': '0.1387', 'HR@20': '0.3556', 'NDCG@20': '0.1642'}
2025-06-13 23:35:13,108 - Validation score increased.  Saving model ...
2025-06-13 23:35:20,582 - {'epoch': 10, 'rec_loss': '4.7822'}
2025-06-13 23:35:24,956 - {'Epoch': 10, 'HR@5': '0.1673', 'NDCG@5': '0.1107', 'HR@10': '0.2567', 'NDCG@10': '0.1395', 'HR@20': '0.3568', 'NDCG@20': '0.1648'}
2025-06-13 23:35:24,958 - Validation score increased.  Saving model ...
2025-06-13 23:35:32,655 - {'epoch': 11, 'rec_loss': '4.7538'}
2025-06-13 23:35:36,992 - {'Epoch': 11, 'HR@5': '0.1695', 'NDCG@5': '0.1114', 'HR@10': '0.2595', 'NDCG@10': '0.1404', 'HR@20': '0.3601', 'NDCG@20': '0.1657'}
2025-06-13 23:35:36,994 - Validation score increased.  Saving model ...
2025-06-13 23:35:44,608 - {'epoch': 12, 'rec_loss': '4.7276'}
2025-06-13 23:35:48,902 - {'Epoch': 12, 'HR@5': '0.1691', 'NDCG@5': '0.1119', 'HR@10': '0.2594', 'NDCG@10': '0.1410', 'HR@20': '0.3615', 'NDCG@20': '0.1667'}
2025-06-13 23:35:48,903 - Validation score increased.  Saving model ...
2025-06-13 23:35:56,454 - {'epoch': 13, 'rec_loss': '4.7067'}
2025-06-13 23:36:00,797 - {'Epoch': 13, 'HR@5': '0.1718', 'NDCG@5': '0.1133', 'HR@10': '0.2576', 'NDCG@10': '0.1409', 'HR@20': '0.3592', 'NDCG@20': '0.1665'}
2025-06-13 23:36:00,799 - EarlyStopping counter: 1 out of 10
2025-06-13 23:36:08,415 - {'epoch': 14, 'rec_loss': '4.6826'}
2025-06-13 23:36:12,689 - {'Epoch': 14, 'HR@5': '0.1725', 'NDCG@5': '0.1126', 'HR@10': '0.2584', 'NDCG@10': '0.1403', 'HR@20': '0.3589', 'NDCG@20': '0.1657'}
2025-06-13 23:36:12,691 - EarlyStopping counter: 2 out of 10
2025-06-13 23:36:20,186 - {'epoch': 15, 'rec_loss': '4.6743'}
2025-06-13 23:36:24,590 - {'Epoch': 15, 'HR@5': '0.1702', 'NDCG@5': '0.1128', 'HR@10': '0.2584', 'NDCG@10': '0.1413', 'HR@20': '0.3595', 'NDCG@20': '0.1669'}
2025-06-13 23:36:24,590 - Validation score increased.  Saving model ...
2025-06-13 23:36:32,213 - {'epoch': 16, 'rec_loss': '4.6583'}
2025-06-13 23:36:36,562 - {'Epoch': 16, 'HR@5': '0.1707', 'NDCG@5': '0.1118', 'HR@10': '0.2557', 'NDCG@10': '0.1392', 'HR@20': '0.3603', 'NDCG@20': '0.1656'}
2025-06-13 23:36:36,564 - EarlyStopping counter: 1 out of 10
2025-06-13 23:36:44,130 - {'epoch': 17, 'rec_loss': '4.6423'}
2025-06-13 23:36:48,480 - {'Epoch': 17, 'HR@5': '0.1706', 'NDCG@5': '0.1123', 'HR@10': '0.2583', 'NDCG@10': '0.1406', 'HR@20': '0.3583', 'NDCG@20': '0.1658'}
2025-06-13 23:36:48,482 - EarlyStopping counter: 2 out of 10
2025-06-13 23:36:56,035 - {'epoch': 18, 'rec_loss': '4.6257'}
2025-06-13 23:37:00,415 - {'Epoch': 18, 'HR@5': '0.1702', 'NDCG@5': '0.1119', 'HR@10': '0.2584', 'NDCG@10': '0.1403', 'HR@20': '0.3559', 'NDCG@20': '0.1649'}
2025-06-13 23:37:00,417 - EarlyStopping counter: 3 out of 10
2025-06-13 23:37:07,890 - {'epoch': 19, 'rec_loss': '4.6100'}
2025-06-13 23:37:12,319 - {'Epoch': 19, 'HR@5': '0.1719', 'NDCG@5': '0.1120', 'HR@10': '0.2584', 'NDCG@10': '0.1397', 'HR@20': '0.3571', 'NDCG@20': '0.1646'}
2025-06-13 23:37:12,321 - EarlyStopping counter: 4 out of 10
2025-06-13 23:37:19,825 - {'epoch': 20, 'rec_loss': '4.5988'}
2025-06-13 23:37:24,196 - {'Epoch': 20, 'HR@5': '0.1726', 'NDCG@5': '0.1122', 'HR@10': '0.2598', 'NDCG@10': '0.1403', 'HR@20': '0.3598', 'NDCG@20': '0.1656'}
2025-06-13 23:37:24,197 - EarlyStopping counter: 5 out of 10
2025-06-13 23:37:31,725 - {'epoch': 21, 'rec_loss': '4.5921'}
2025-06-13 23:37:36,046 - {'Epoch': 21, 'HR@5': '0.1735', 'NDCG@5': '0.1127', 'HR@10': '0.2576', 'NDCG@10': '0.1398', 'HR@20': '0.3595', 'NDCG@20': '0.1655'}
2025-06-13 23:37:36,048 - EarlyStopping counter: 6 out of 10
2025-06-13 23:37:43,519 - {'epoch': 22, 'rec_loss': '4.5771'}
2025-06-13 23:37:47,842 - {'Epoch': 22, 'HR@5': '0.1749', 'NDCG@5': '0.1143', 'HR@10': '0.2591', 'NDCG@10': '0.1414', 'HR@20': '0.3603', 'NDCG@20': '0.1670'}
2025-06-13 23:37:47,843 - Validation score increased.  Saving model ...
2025-06-13 23:37:55,394 - {'epoch': 23, 'rec_loss': '4.5697'}
2025-06-13 23:37:59,788 - {'Epoch': 23, 'HR@5': '0.1720', 'NDCG@5': '0.1124', 'HR@10': '0.2558', 'NDCG@10': '0.1394', 'HR@20': '0.3560', 'NDCG@20': '0.1647'}
2025-06-13 23:37:59,789 - EarlyStopping counter: 1 out of 10
2025-06-13 23:38:07,367 - {'epoch': 24, 'rec_loss': '4.5603'}
2025-06-13 23:38:11,814 - {'Epoch': 24, 'HR@5': '0.1704', 'NDCG@5': '0.1115', 'HR@10': '0.2570', 'NDCG@10': '0.1395', 'HR@20': '0.3584', 'NDCG@20': '0.1652'}
2025-06-13 23:38:11,816 - EarlyStopping counter: 2 out of 10
2025-06-13 23:38:19,361 - {'epoch': 25, 'rec_loss': '4.5491'}
2025-06-13 23:38:23,707 - {'Epoch': 25, 'HR@5': '0.1755', 'NDCG@5': '0.1150', 'HR@10': '0.2605', 'NDCG@10': '0.1424', 'HR@20': '0.3593', 'NDCG@20': '0.1674'}
2025-06-13 23:38:23,709 - Validation score increased.  Saving model ...
2025-06-13 23:38:31,218 - {'epoch': 26, 'rec_loss': '4.5415'}
2025-06-13 23:38:35,535 - {'Epoch': 26, 'HR@5': '0.1723', 'NDCG@5': '0.1129', 'HR@10': '0.2580', 'NDCG@10': '0.1406', 'HR@20': '0.3584', 'NDCG@20': '0.1660'}
2025-06-13 23:38:35,536 - EarlyStopping counter: 1 out of 10
2025-06-13 23:38:42,950 - {'epoch': 27, 'rec_loss': '4.5348'}
2025-06-13 23:38:47,181 - {'Epoch': 27, 'HR@5': '0.1726', 'NDCG@5': '0.1136', 'HR@10': '0.2601', 'NDCG@10': '0.1418', 'HR@20': '0.3576', 'NDCG@20': '0.1665'}
2025-06-13 23:38:47,182 - EarlyStopping counter: 2 out of 10
2025-06-13 23:38:54,673 - {'epoch': 28, 'rec_loss': '4.5261'}
2025-06-13 23:38:58,954 - {'Epoch': 28, 'HR@5': '0.1731', 'NDCG@5': '0.1137', 'HR@10': '0.2570', 'NDCG@10': '0.1407', 'HR@20': '0.3600', 'NDCG@20': '0.1669'}
2025-06-13 23:38:58,955 - EarlyStopping counter: 3 out of 10
2025-06-13 23:39:06,549 - {'epoch': 29, 'rec_loss': '4.5125'}
2025-06-13 23:39:10,933 - {'Epoch': 29, 'HR@5': '0.1701', 'NDCG@5': '0.1122', 'HR@10': '0.2562', 'NDCG@10': '0.1399', 'HR@20': '0.3586', 'NDCG@20': '0.1657'}
2025-06-13 23:39:10,934 - EarlyStopping counter: 4 out of 10
2025-06-13 23:39:18,418 - {'epoch': 30, 'rec_loss': '4.5091'}
2025-06-13 23:39:22,727 - {'Epoch': 30, 'HR@5': '0.1712', 'NDCG@5': '0.1112', 'HR@10': '0.2560', 'NDCG@10': '0.1387', 'HR@20': '0.3585', 'NDCG@20': '0.1645'}
2025-06-13 23:39:22,729 - EarlyStopping counter: 5 out of 10
2025-06-13 23:39:30,187 - {'epoch': 31, 'rec_loss': '4.5005'}
2025-06-13 23:39:34,470 - {'Epoch': 31, 'HR@5': '0.1730', 'NDCG@5': '0.1132', 'HR@10': '0.2589', 'NDCG@10': '0.1410', 'HR@20': '0.3598', 'NDCG@20': '0.1665'}
2025-06-13 23:39:34,472 - EarlyStopping counter: 6 out of 10
2025-06-13 23:39:42,061 - {'epoch': 32, 'rec_loss': '4.4968'}
2025-06-13 23:39:46,458 - {'Epoch': 32, 'HR@5': '0.1715', 'NDCG@5': '0.1118', 'HR@10': '0.2590', 'NDCG@10': '0.1400', 'HR@20': '0.3580', 'NDCG@20': '0.1651'}
2025-06-13 23:39:46,460 - EarlyStopping counter: 7 out of 10
2025-06-13 23:39:53,969 - {'epoch': 33, 'rec_loss': '4.4882'}
2025-06-13 23:39:58,294 - {'Epoch': 33, 'HR@5': '0.1717', 'NDCG@5': '0.1128', 'HR@10': '0.2565', 'NDCG@10': '0.1402', 'HR@20': '0.3592', 'NDCG@20': '0.1661'}
2025-06-13 23:39:58,296 - EarlyStopping counter: 8 out of 10
2025-06-13 23:40:05,742 - {'epoch': 34, 'rec_loss': '4.4816'}
2025-06-13 23:40:10,133 - {'Epoch': 34, 'HR@5': '0.1724', 'NDCG@5': '0.1130', 'HR@10': '0.2590', 'NDCG@10': '0.1409', 'HR@20': '0.3569', 'NDCG@20': '0.1657'}
2025-06-13 23:40:10,134 - EarlyStopping counter: 9 out of 10
2025-06-13 23:40:17,688 - {'epoch': 35, 'rec_loss': '4.4750'}
2025-06-13 23:40:21,999 - {'Epoch': 35, 'HR@5': '0.1704', 'NDCG@5': '0.1117', 'HR@10': '0.2563', 'NDCG@10': '0.1393', 'HR@20': '0.3567', 'NDCG@20': '0.1647'}
2025-06-13 23:40:22,002 - EarlyStopping counter: 10 out of 10
2025-06-13 23:40:22,002 - Early stopping
2025-06-13 23:40:22,002 - ---------------Validation Score---------------
2025-06-13 23:40:26,328 - {'Epoch': 0, 'HR@5': '0.1755', 'NDCG@5': '0.1150', 'HR@10': '0.2605', 'NDCG@10': '0.1424', 'HR@20': '0.3593', 'NDCG@20': '0.1674'}
2025-06-13 23:40:26,329 - BSARec_Diginetica
2025-06-13 23:40:26,330 - {'Epoch': 0, 'HR@5': '0.1755', 'NDCG@5': '0.1150', 'HR@10': '0.2605', 'NDCG@10': '0.1424', 'HR@20': '0.3593', 'NDCG@20': '0.1674'}
