2025-06-13 23:48:58,943 - Namespace(data_dir='data/self_processed/', output_dir='hparam_search/', data_name='Diginetica', train_name='BSARec_Diginetica', num_items=10, num_users=14829, lr=0.001, batch_size=256, epochs=200, no_cuda=False, log_freq=1, patience=10, num_workers=4, seed=42, weight_decay=0.0, adam_beta1=0.9, adam_beta2=0.999, gpu_id='0', variance=5, model_type='BSARec', max_seq_length=50, hidden_size=64, num_hidden_layers=2, hidden_act='gelu', num_attention_heads=4, attention_probs_dropout_prob=0.5, hidden_dropout_prob=0.5, initializer_range=0.02, c=9, alpha=0.9, cuda_condition=True, data_file='data/self_processed/Diginetica.txt', item_size=9441, checkpoint_path=PosixPath('/gpfs/home3/scur2771/BSARec/BSARec/src/hparam_search/BSARec_Diginetica/12367757_75/model.pt'), same_target_path='data/self_processed/Diginetica_same_target.npy')
2025-06-13 23:48:58,960 - BSARecModel(
  (item_embeddings): Embedding(9441, 64, padding_idx=0)
  (position_embeddings): Embedding(50, 64)
  (LayerNorm): LayerNorm()
  (dropout): Dropout(p=0.5, inplace=False)
  (item_encoder): BSARecEncoder(
    (blocks): ModuleList(
      (0): BSARecBlock(
        (layer): BSARecLayer(
          (filter_layer): FrequencyLayer(
            (out_dropout): Dropout(p=0.5, inplace=False)
            (LayerNorm): LayerNorm()
          )
          (attention_layer): MultiHeadAttention(
            (query): Linear(in_features=64, out_features=64, bias=True)
            (key): Linear(in_features=64, out_features=64, bias=True)
            (value): Linear(in_features=64, out_features=64, bias=True)
            (softmax): Softmax(dim=-1)
            (attn_dropout): Dropout(p=0.5, inplace=False)
            (dense): Linear(in_features=64, out_features=64, bias=True)
            (LayerNorm): LayerNorm((64,), eps=1e-12, elementwise_affine=True)
            (out_dropout): Dropout(p=0.5, inplace=False)
          )
        )
        (feed_forward): FeedForward(
          (dense_1): Linear(in_features=64, out_features=256, bias=True)
          (dense_2): Linear(in_features=256, out_features=64, bias=True)
          (LayerNorm): LayerNorm()
          (dropout): Dropout(p=0.5, inplace=False)
        )
      )
      (1): BSARecBlock(
        (layer): BSARecLayer(
          (filter_layer): FrequencyLayer(
            (out_dropout): Dropout(p=0.5, inplace=False)
            (LayerNorm): LayerNorm()
          )
          (attention_layer): MultiHeadAttention(
            (query): Linear(in_features=64, out_features=64, bias=True)
            (key): Linear(in_features=64, out_features=64, bias=True)
            (value): Linear(in_features=64, out_features=64, bias=True)
            (softmax): Softmax(dim=-1)
            (attn_dropout): Dropout(p=0.5, inplace=False)
            (dense): Linear(in_features=64, out_features=64, bias=True)
            (LayerNorm): LayerNorm((64,), eps=1e-12, elementwise_affine=True)
            (out_dropout): Dropout(p=0.5, inplace=False)
          )
        )
        (feed_forward): FeedForward(
          (dense_1): Linear(in_features=64, out_features=256, bias=True)
          (dense_2): Linear(in_features=256, out_features=64, bias=True)
          (LayerNorm): LayerNorm()
          (dropout): Dropout(p=0.5, inplace=False)
        )
      )
    )
  )
)
2025-06-13 23:49:01,134 - Total Parameters: 707904
2025-06-13 23:49:09,627 - {'epoch': 0, 'rec_loss': '8.7334'}
2025-06-13 23:49:13,703 - {'Epoch': 0, 'HR@5': '0.0156', 'NDCG@5': '0.0103', 'HR@10': '0.0226', 'NDCG@10': '0.0125', 'HR@20': '0.0349', 'NDCG@20': '0.0156'}
2025-06-13 23:49:13,705 - Validation score increased.  Saving model ...
2025-06-13 23:49:21,134 - {'epoch': 1, 'rec_loss': '7.8064'}
2025-06-13 23:49:25,302 - {'Epoch': 1, 'HR@5': '0.0854', 'NDCG@5': '0.0560', 'HR@10': '0.1277', 'NDCG@10': '0.0696', 'HR@20': '0.1818', 'NDCG@20': '0.0832'}
2025-06-13 23:49:25,303 - Validation score increased.  Saving model ...
2025-06-13 23:49:32,871 - {'epoch': 2, 'rec_loss': '6.5141'}
2025-06-13 23:49:37,208 - {'Epoch': 2, 'HR@5': '0.1256', 'NDCG@5': '0.0819', 'HR@10': '0.1902', 'NDCG@10': '0.1028', 'HR@20': '0.2698', 'NDCG@20': '0.1229'}
2025-06-13 23:49:37,211 - Validation score increased.  Saving model ...
2025-06-13 23:49:44,729 - {'epoch': 3, 'rec_loss': '5.6915'}
2025-06-13 23:49:49,040 - {'Epoch': 3, 'HR@5': '0.1463', 'NDCG@5': '0.0962', 'HR@10': '0.2220', 'NDCG@10': '0.1207', 'HR@20': '0.3136', 'NDCG@20': '0.1438'}
2025-06-13 23:49:49,042 - Validation score increased.  Saving model ...
2025-06-13 23:49:56,546 - {'epoch': 4, 'rec_loss': '5.2812'}
2025-06-13 23:50:00,863 - {'Epoch': 4, 'HR@5': '0.1568', 'NDCG@5': '0.1024', 'HR@10': '0.2364', 'NDCG@10': '0.1280', 'HR@20': '0.3342', 'NDCG@20': '0.1527'}
2025-06-13 23:50:00,865 - Validation score increased.  Saving model ...
2025-06-13 23:50:08,325 - {'epoch': 5, 'rec_loss': '5.0798'}
2025-06-13 23:50:12,629 - {'Epoch': 5, 'HR@5': '0.1642', 'NDCG@5': '0.1076', 'HR@10': '0.2442', 'NDCG@10': '0.1333', 'HR@20': '0.3436', 'NDCG@20': '0.1585'}
2025-06-13 23:50:12,631 - Validation score increased.  Saving model ...
2025-06-13 23:50:20,105 - {'epoch': 6, 'rec_loss': '4.9767'}
2025-06-13 23:50:24,527 - {'Epoch': 6, 'HR@5': '0.1669', 'NDCG@5': '0.1093', 'HR@10': '0.2523', 'NDCG@10': '0.1368', 'HR@20': '0.3491', 'NDCG@20': '0.1612'}
2025-06-13 23:50:24,528 - Validation score increased.  Saving model ...
2025-06-13 23:50:32,130 - {'epoch': 7, 'rec_loss': '4.9061'}
2025-06-13 23:50:36,519 - {'Epoch': 7, 'HR@5': '0.1669', 'NDCG@5': '0.1093', 'HR@10': '0.2526', 'NDCG@10': '0.1369', 'HR@20': '0.3510', 'NDCG@20': '0.1618'}
2025-06-13 23:50:36,521 - Validation score increased.  Saving model ...
2025-06-13 23:50:44,030 - {'epoch': 8, 'rec_loss': '4.8526'}
2025-06-13 23:50:48,445 - {'Epoch': 8, 'HR@5': '0.1670', 'NDCG@5': '0.1102', 'HR@10': '0.2548', 'NDCG@10': '0.1385', 'HR@20': '0.3550', 'NDCG@20': '0.1639'}
2025-06-13 23:50:48,447 - Validation score increased.  Saving model ...
2025-06-13 23:50:56,040 - {'epoch': 9, 'rec_loss': '4.8161'}
2025-06-13 23:51:00,510 - {'Epoch': 9, 'HR@5': '0.1704', 'NDCG@5': '0.1112', 'HR@10': '0.2542', 'NDCG@10': '0.1382', 'HR@20': '0.3561', 'NDCG@20': '0.1640'}
2025-06-13 23:51:00,511 - Validation score increased.  Saving model ...
2025-06-13 23:51:08,038 - {'epoch': 10, 'rec_loss': '4.7811'}
2025-06-13 23:51:12,387 - {'Epoch': 10, 'HR@5': '0.1691', 'NDCG@5': '0.1114', 'HR@10': '0.2563', 'NDCG@10': '0.1395', 'HR@20': '0.3574', 'NDCG@20': '0.1651'}
2025-06-13 23:51:12,388 - Validation score increased.  Saving model ...
2025-06-13 23:51:19,822 - {'epoch': 11, 'rec_loss': '4.7586'}
2025-06-13 23:51:24,109 - {'Epoch': 11, 'HR@5': '0.1678', 'NDCG@5': '0.1107', 'HR@10': '0.2588', 'NDCG@10': '0.1401', 'HR@20': '0.3572', 'NDCG@20': '0.1650'}
2025-06-13 23:51:24,111 - EarlyStopping counter: 1 out of 10
2025-06-13 23:51:31,563 - {'epoch': 12, 'rec_loss': '4.7325'}
2025-06-13 23:51:35,819 - {'Epoch': 12, 'HR@5': '0.1708', 'NDCG@5': '0.1114', 'HR@10': '0.2567', 'NDCG@10': '0.1391', 'HR@20': '0.3587', 'NDCG@20': '0.1649'}
2025-06-13 23:51:35,820 - EarlyStopping counter: 2 out of 10
2025-06-13 23:51:43,309 - {'epoch': 13, 'rec_loss': '4.7113'}
2025-06-13 23:51:47,672 - {'Epoch': 13, 'HR@5': '0.1706', 'NDCG@5': '0.1119', 'HR@10': '0.2571', 'NDCG@10': '0.1397', 'HR@20': '0.3578', 'NDCG@20': '0.1652'}
2025-06-13 23:51:47,673 - Validation score increased.  Saving model ...
2025-06-13 23:51:55,178 - {'epoch': 14, 'rec_loss': '4.6865'}
2025-06-13 23:51:59,529 - {'Epoch': 14, 'HR@5': '0.1716', 'NDCG@5': '0.1122', 'HR@10': '0.2591', 'NDCG@10': '0.1404', 'HR@20': '0.3574', 'NDCG@20': '0.1652'}
2025-06-13 23:51:59,530 - EarlyStopping counter: 1 out of 10
2025-06-13 23:52:07,040 - {'epoch': 15, 'rec_loss': '4.6805'}
2025-06-13 23:52:11,449 - {'Epoch': 15, 'HR@5': '0.1682', 'NDCG@5': '0.1108', 'HR@10': '0.2586', 'NDCG@10': '0.1399', 'HR@20': '0.3592', 'NDCG@20': '0.1653'}
2025-06-13 23:52:11,452 - Validation score increased.  Saving model ...
2025-06-13 23:52:18,811 - {'epoch': 16, 'rec_loss': '4.6645'}
2025-06-13 23:52:23,153 - {'Epoch': 16, 'HR@5': '0.1684', 'NDCG@5': '0.1098', 'HR@10': '0.2532', 'NDCG@10': '0.1372', 'HR@20': '0.3585', 'NDCG@20': '0.1639'}
2025-06-13 23:52:23,155 - EarlyStopping counter: 1 out of 10
2025-06-13 23:52:30,661 - {'epoch': 17, 'rec_loss': '4.6495'}
2025-06-13 23:52:35,061 - {'Epoch': 17, 'HR@5': '0.1693', 'NDCG@5': '0.1112', 'HR@10': '0.2566', 'NDCG@10': '0.1394', 'HR@20': '0.3560', 'NDCG@20': '0.1646'}
2025-06-13 23:52:35,064 - EarlyStopping counter: 2 out of 10
2025-06-13 23:52:42,445 - {'epoch': 18, 'rec_loss': '4.6384'}
2025-06-13 23:52:46,722 - {'Epoch': 18, 'HR@5': '0.1691', 'NDCG@5': '0.1109', 'HR@10': '0.2570', 'NDCG@10': '0.1393', 'HR@20': '0.3559', 'NDCG@20': '0.1643'}
2025-06-13 23:52:46,724 - EarlyStopping counter: 3 out of 10
2025-06-13 23:52:54,160 - {'epoch': 19, 'rec_loss': '4.6209'}
2025-06-13 23:52:58,572 - {'Epoch': 19, 'HR@5': '0.1695', 'NDCG@5': '0.1106', 'HR@10': '0.2538', 'NDCG@10': '0.1379', 'HR@20': '0.3570', 'NDCG@20': '0.1639'}
2025-06-13 23:52:58,573 - EarlyStopping counter: 4 out of 10
2025-06-13 23:53:06,034 - {'epoch': 20, 'rec_loss': '4.6095'}
2025-06-13 23:53:10,382 - {'Epoch': 20, 'HR@5': '0.1711', 'NDCG@5': '0.1114', 'HR@10': '0.2596', 'NDCG@10': '0.1399', 'HR@20': '0.3613', 'NDCG@20': '0.1655'}
2025-06-13 23:53:10,385 - Validation score increased.  Saving model ...
2025-06-13 23:53:17,852 - {'epoch': 21, 'rec_loss': '4.5978'}
2025-06-13 23:53:22,149 - {'Epoch': 21, 'HR@5': '0.1692', 'NDCG@5': '0.1103', 'HR@10': '0.2559', 'NDCG@10': '0.1383', 'HR@20': '0.3601', 'NDCG@20': '0.1646'}
2025-06-13 23:53:22,151 - EarlyStopping counter: 1 out of 10
2025-06-13 23:53:29,567 - {'epoch': 22, 'rec_loss': '4.5843'}
2025-06-13 23:53:33,862 - {'Epoch': 22, 'HR@5': '0.1718', 'NDCG@5': '0.1122', 'HR@10': '0.2585', 'NDCG@10': '0.1402', 'HR@20': '0.3586', 'NDCG@20': '0.1655'}
2025-06-13 23:53:33,864 - EarlyStopping counter: 2 out of 10
2025-06-13 23:53:41,374 - {'epoch': 23, 'rec_loss': '4.5795'}
2025-06-13 23:53:45,720 - {'Epoch': 23, 'HR@5': '0.1702', 'NDCG@5': '0.1103', 'HR@10': '0.2581', 'NDCG@10': '0.1387', 'HR@20': '0.3581', 'NDCG@20': '0.1639'}
2025-06-13 23:53:45,721 - EarlyStopping counter: 3 out of 10
2025-06-13 23:53:53,066 - {'epoch': 24, 'rec_loss': '4.5695'}
2025-06-13 23:53:57,450 - {'Epoch': 24, 'HR@5': '0.1722', 'NDCG@5': '0.1119', 'HR@10': '0.2582', 'NDCG@10': '0.1396', 'HR@20': '0.3564', 'NDCG@20': '0.1643'}
2025-06-13 23:53:57,453 - EarlyStopping counter: 4 out of 10
2025-06-13 23:54:04,930 - {'epoch': 25, 'rec_loss': '4.5581'}
2025-06-13 23:54:09,273 - {'Epoch': 25, 'HR@5': '0.1745', 'NDCG@5': '0.1135', 'HR@10': '0.2598', 'NDCG@10': '0.1410', 'HR@20': '0.3574', 'NDCG@20': '0.1656'}
2025-06-13 23:54:09,274 - Validation score increased.  Saving model ...
2025-06-13 23:54:16,765 - {'epoch': 26, 'rec_loss': '4.5538'}
2025-06-13 23:54:21,092 - {'Epoch': 26, 'HR@5': '0.1713', 'NDCG@5': '0.1119', 'HR@10': '0.2596', 'NDCG@10': '0.1404', 'HR@20': '0.3573', 'NDCG@20': '0.1650'}
2025-06-13 23:54:21,094 - EarlyStopping counter: 1 out of 10
2025-06-13 23:54:28,534 - {'epoch': 27, 'rec_loss': '4.5427'}
2025-06-13 23:54:32,840 - {'Epoch': 27, 'HR@5': '0.1739', 'NDCG@5': '0.1130', 'HR@10': '0.2597', 'NDCG@10': '0.1405', 'HR@20': '0.3577', 'NDCG@20': '0.1653'}
2025-06-13 23:54:32,841 - EarlyStopping counter: 2 out of 10
2025-06-13 23:54:40,254 - {'epoch': 28, 'rec_loss': '4.5349'}
2025-06-13 23:54:44,639 - {'Epoch': 28, 'HR@5': '0.1704', 'NDCG@5': '0.1114', 'HR@10': '0.2598', 'NDCG@10': '0.1404', 'HR@20': '0.3590', 'NDCG@20': '0.1654'}
2025-06-13 23:54:44,640 - EarlyStopping counter: 3 out of 10
2025-06-13 23:54:52,018 - {'epoch': 29, 'rec_loss': '4.5240'}
2025-06-13 23:54:56,352 - {'Epoch': 29, 'HR@5': '0.1677', 'NDCG@5': '0.1098', 'HR@10': '0.2542', 'NDCG@10': '0.1376', 'HR@20': '0.3562', 'NDCG@20': '0.1634'}
2025-06-13 23:54:56,354 - EarlyStopping counter: 4 out of 10
2025-06-13 23:55:03,778 - {'epoch': 30, 'rec_loss': '4.5165'}
2025-06-13 23:55:08,205 - {'Epoch': 30, 'HR@5': '0.1694', 'NDCG@5': '0.1104', 'HR@10': '0.2567', 'NDCG@10': '0.1385', 'HR@20': '0.3591', 'NDCG@20': '0.1644'}
2025-06-13 23:55:08,206 - EarlyStopping counter: 5 out of 10
2025-06-13 23:55:15,619 - {'epoch': 31, 'rec_loss': '4.5092'}
2025-06-13 23:55:20,013 - {'Epoch': 31, 'HR@5': '0.1710', 'NDCG@5': '0.1117', 'HR@10': '0.2599', 'NDCG@10': '0.1404', 'HR@20': '0.3570', 'NDCG@20': '0.1649'}
2025-06-13 23:55:20,015 - EarlyStopping counter: 6 out of 10
2025-06-13 23:55:27,449 - {'epoch': 32, 'rec_loss': '4.5065'}
2025-06-13 23:55:31,777 - {'Epoch': 32, 'HR@5': '0.1683', 'NDCG@5': '0.1098', 'HR@10': '0.2595', 'NDCG@10': '0.1392', 'HR@20': '0.3587', 'NDCG@20': '0.1642'}
2025-06-13 23:55:31,779 - EarlyStopping counter: 7 out of 10
2025-06-13 23:55:39,244 - {'epoch': 33, 'rec_loss': '4.5013'}
2025-06-13 23:55:43,676 - {'Epoch': 33, 'HR@5': '0.1697', 'NDCG@5': '0.1100', 'HR@10': '0.2586', 'NDCG@10': '0.1387', 'HR@20': '0.3600', 'NDCG@20': '0.1643'}
2025-06-13 23:55:43,678 - EarlyStopping counter: 8 out of 10
2025-06-13 23:55:51,178 - {'epoch': 34, 'rec_loss': '4.4932'}
2025-06-13 23:55:55,564 - {'Epoch': 34, 'HR@5': '0.1713', 'NDCG@5': '0.1120', 'HR@10': '0.2593', 'NDCG@10': '0.1405', 'HR@20': '0.3574', 'NDCG@20': '0.1653'}
2025-06-13 23:55:55,566 - EarlyStopping counter: 9 out of 10
2025-06-13 23:56:03,137 - {'epoch': 35, 'rec_loss': '4.4832'}
2025-06-13 23:56:07,510 - {'Epoch': 35, 'HR@5': '0.1696', 'NDCG@5': '0.1112', 'HR@10': '0.2561', 'NDCG@10': '0.1391', 'HR@20': '0.3576', 'NDCG@20': '0.1648'}
2025-06-13 23:56:07,511 - EarlyStopping counter: 10 out of 10
2025-06-13 23:56:07,511 - Early stopping
2025-06-13 23:56:07,511 - ---------------Validation Score---------------
2025-06-13 23:56:11,991 - {'Epoch': 0, 'HR@5': '0.1745', 'NDCG@5': '0.1135', 'HR@10': '0.2598', 'NDCG@10': '0.1410', 'HR@20': '0.3574', 'NDCG@20': '0.1656'}
2025-06-13 23:56:11,992 - BSARec_Diginetica
2025-06-13 23:56:11,992 - {'Epoch': 0, 'HR@5': '0.1745', 'NDCG@5': '0.1135', 'HR@10': '0.2598', 'NDCG@10': '0.1410', 'HR@20': '0.3574', 'NDCG@20': '0.1656'}
