2025-06-14 15:26:48,041 - Namespace(data_dir='./data/', output_dir='hparam_search/', data_name='LastFM', train_name='BERT4Rec_LastFM', num_items=10, num_users=1091, lr=0.001, batch_size=256, epochs=200, no_cuda=False, log_freq=1, patience=10, num_workers=4, seed=42, weight_decay=0.0, adam_beta1=0.9, adam_beta2=0.999, gpu_id='0', variance=5, model_type='Bert4Rec', max_seq_length=50, hidden_size=64, num_hidden_layers=2, hidden_act='gelu', num_attention_heads=1, attention_probs_dropout_prob=0.5, hidden_dropout_prob=0.5, initializer_range=0.02, mask_ratio=0.2, cuda_condition=True, data_file='./data/LastFM.txt', item_size=3647, checkpoint_path=PosixPath('/gpfs/home3/scur2771/BSARec/BSARec/src/hparam_search/BERT4Rec_LastFM/12373134_1/model.pt'), same_target_path='./data/LastFM_same_target.npy')
2025-06-14 15:26:48,063 - BERT4RecModel(
  (item_embeddings): Embedding(3648, 64, padding_idx=0)
  (position_embeddings): Embedding(50, 64)
  (item_encoder): TransformerEncoder(
    (blocks): ModuleList(
      (0): TransformerBlock(
        (layer): MultiHeadAttention(
          (query): Linear(in_features=64, out_features=64, bias=True)
          (key): Linear(in_features=64, out_features=64, bias=True)
          (value): Linear(in_features=64, out_features=64, bias=True)
          (softmax): Softmax(dim=-1)
          (attn_dropout): Dropout(p=0.5, inplace=False)
          (dense): Linear(in_features=64, out_features=64, bias=True)
          (LayerNorm): LayerNorm((64,), eps=1e-12, elementwise_affine=True)
          (out_dropout): Dropout(p=0.5, inplace=False)
        )
        (feed_forward): FeedForward(
          (dense_1): Linear(in_features=64, out_features=256, bias=True)
          (dense_2): Linear(in_features=256, out_features=64, bias=True)
          (LayerNorm): LayerNorm()
          (dropout): Dropout(p=0.5, inplace=False)
        )
      )
      (1): TransformerBlock(
        (layer): MultiHeadAttention(
          (query): Linear(in_features=64, out_features=64, bias=True)
          (key): Linear(in_features=64, out_features=64, bias=True)
          (value): Linear(in_features=64, out_features=64, bias=True)
          (softmax): Softmax(dim=-1)
          (attn_dropout): Dropout(p=0.5, inplace=False)
          (dense): Linear(in_features=64, out_features=64, bias=True)
          (LayerNorm): LayerNorm((64,), eps=1e-12, elementwise_affine=True)
          (out_dropout): Dropout(p=0.5, inplace=False)
        )
        (feed_forward): FeedForward(
          (dense_1): Linear(in_features=64, out_features=256, bias=True)
          (dense_2): Linear(in_features=256, out_features=64, bias=True)
          (LayerNorm): LayerNorm()
          (dropout): Dropout(p=0.5, inplace=False)
        )
      )
    )
  )
  (LayerNorm): LayerNorm()
  (dropout): Dropout(p=0.5, inplace=False)
)
2025-06-14 15:26:51,298 - Total Parameters: 336768
2025-06-14 15:26:55,675 - {'epoch': 0, 'rec_loss': '7.9968'}
2025-06-14 15:26:56,403 - {'Epoch': 0, 'HR@5': '0.0239', 'NDCG@5': '0.0148', 'HR@10': '0.0376', 'NDCG@10': '0.0192', 'HR@20': '0.0587', 'NDCG@20': '0.0245'}
2025-06-14 15:26:56,404 - Validation score increased.  Saving model ...
2025-06-14 15:26:59,936 - {'epoch': 1, 'rec_loss': '7.8174'}
2025-06-14 15:27:00,644 - {'Epoch': 1, 'HR@5': '0.0211', 'NDCG@5': '0.0139', 'HR@10': '0.0358', 'NDCG@10': '0.0188', 'HR@20': '0.0560', 'NDCG@20': '0.0239'}
2025-06-14 15:27:00,645 - EarlyStopping counter: 1 out of 10
2025-06-14 15:27:04,225 - {'epoch': 2, 'rec_loss': '7.7360'}
2025-06-14 15:27:04,927 - {'Epoch': 2, 'HR@5': '0.0257', 'NDCG@5': '0.0153', 'HR@10': '0.0422', 'NDCG@10': '0.0206', 'HR@20': '0.0596', 'NDCG@20': '0.0251'}
2025-06-14 15:27:04,928 - Validation score increased.  Saving model ...
2025-06-14 15:27:08,442 - {'epoch': 3, 'rec_loss': '7.6553'}
2025-06-14 15:27:09,131 - {'Epoch': 3, 'HR@5': '0.0248', 'NDCG@5': '0.0159', 'HR@10': '0.0385', 'NDCG@10': '0.0201', 'HR@20': '0.0587', 'NDCG@20': '0.0252'}
2025-06-14 15:27:09,132 - Validation score increased.  Saving model ...
2025-06-14 15:27:12,650 - {'epoch': 4, 'rec_loss': '7.5776'}
2025-06-14 15:27:13,329 - {'Epoch': 4, 'HR@5': '0.0257', 'NDCG@5': '0.0162', 'HR@10': '0.0431', 'NDCG@10': '0.0217', 'HR@20': '0.0752', 'NDCG@20': '0.0299'}
2025-06-14 15:27:13,330 - Validation score increased.  Saving model ...
2025-06-14 15:27:16,868 - {'epoch': 5, 'rec_loss': '7.5061'}
2025-06-14 15:27:17,554 - {'Epoch': 5, 'HR@5': '0.0275', 'NDCG@5': '0.0173', 'HR@10': '0.0523', 'NDCG@10': '0.0253', 'HR@20': '0.0789', 'NDCG@20': '0.0319'}
2025-06-14 15:27:17,555 - Validation score increased.  Saving model ...
2025-06-14 15:27:21,125 - {'epoch': 6, 'rec_loss': '7.4280'}
2025-06-14 15:27:21,779 - {'Epoch': 6, 'HR@5': '0.0275', 'NDCG@5': '0.0186', 'HR@10': '0.0459', 'NDCG@10': '0.0245', 'HR@20': '0.0734', 'NDCG@20': '0.0312'}
2025-06-14 15:27:21,780 - EarlyStopping counter: 1 out of 10
2025-06-14 15:27:25,306 - {'epoch': 7, 'rec_loss': '7.3310'}
2025-06-14 15:27:26,002 - {'Epoch': 7, 'HR@5': '0.0303', 'NDCG@5': '0.0196', 'HR@10': '0.0459', 'NDCG@10': '0.0243', 'HR@20': '0.0807', 'NDCG@20': '0.0330'}
2025-06-14 15:27:26,003 - Validation score increased.  Saving model ...
2025-06-14 15:27:29,480 - {'epoch': 8, 'rec_loss': '7.2514'}
2025-06-14 15:27:30,264 - {'Epoch': 8, 'HR@5': '0.0321', 'NDCG@5': '0.0218', 'HR@10': '0.0514', 'NDCG@10': '0.0280', 'HR@20': '0.0752', 'NDCG@20': '0.0338'}
2025-06-14 15:27:30,265 - Validation score increased.  Saving model ...
2025-06-14 15:27:33,824 - {'epoch': 9, 'rec_loss': '7.1907'}
2025-06-14 15:27:34,549 - {'Epoch': 9, 'HR@5': '0.0394', 'NDCG@5': '0.0259', 'HR@10': '0.0596', 'NDCG@10': '0.0322', 'HR@20': '0.0872', 'NDCG@20': '0.0390'}
2025-06-14 15:27:34,550 - Validation score increased.  Saving model ...
2025-06-14 15:27:38,039 - {'epoch': 10, 'rec_loss': '7.1339'}
2025-06-14 15:27:38,710 - {'Epoch': 10, 'HR@5': '0.0413', 'NDCG@5': '0.0278', 'HR@10': '0.0642', 'NDCG@10': '0.0350', 'HR@20': '0.0872', 'NDCG@20': '0.0409'}
2025-06-14 15:27:38,710 - Validation score increased.  Saving model ...
2025-06-14 15:27:42,202 - {'epoch': 11, 'rec_loss': '7.0911'}
2025-06-14 15:27:42,914 - {'Epoch': 11, 'HR@5': '0.0339', 'NDCG@5': '0.0205', 'HR@10': '0.0523', 'NDCG@10': '0.0264', 'HR@20': '0.0881', 'NDCG@20': '0.0354'}
2025-06-14 15:27:42,915 - EarlyStopping counter: 1 out of 10
2025-06-14 15:27:46,507 - {'epoch': 12, 'rec_loss': '7.0507'}
2025-06-14 15:27:47,190 - {'Epoch': 12, 'HR@5': '0.0367', 'NDCG@5': '0.0239', 'HR@10': '0.0642', 'NDCG@10': '0.0329', 'HR@20': '0.0872', 'NDCG@20': '0.0386'}
2025-06-14 15:27:47,190 - EarlyStopping counter: 2 out of 10
2025-06-14 15:27:50,673 - {'epoch': 13, 'rec_loss': '7.0163'}
2025-06-14 15:27:51,408 - {'Epoch': 13, 'HR@5': '0.0394', 'NDCG@5': '0.0263', 'HR@10': '0.0642', 'NDCG@10': '0.0343', 'HR@20': '0.0872', 'NDCG@20': '0.0400'}
2025-06-14 15:27:51,408 - EarlyStopping counter: 3 out of 10
2025-06-14 15:27:54,951 - {'epoch': 14, 'rec_loss': '6.9919'}
2025-06-14 15:27:55,677 - {'Epoch': 14, 'HR@5': '0.0376', 'NDCG@5': '0.0247', 'HR@10': '0.0550', 'NDCG@10': '0.0304', 'HR@20': '0.0862', 'NDCG@20': '0.0382'}
2025-06-14 15:27:55,677 - EarlyStopping counter: 4 out of 10
2025-06-14 15:27:59,205 - {'epoch': 15, 'rec_loss': '6.9538'}
2025-06-14 15:27:59,901 - {'Epoch': 15, 'HR@5': '0.0349', 'NDCG@5': '0.0227', 'HR@10': '0.0541', 'NDCG@10': '0.0288', 'HR@20': '0.0908', 'NDCG@20': '0.0379'}
2025-06-14 15:27:59,902 - EarlyStopping counter: 5 out of 10
2025-06-14 15:28:03,432 - {'epoch': 16, 'rec_loss': '6.9260'}
2025-06-14 15:28:04,176 - {'Epoch': 16, 'HR@5': '0.0413', 'NDCG@5': '0.0268', 'HR@10': '0.0661', 'NDCG@10': '0.0346', 'HR@20': '0.0927', 'NDCG@20': '0.0413'}
2025-06-14 15:28:04,176 - Validation score increased.  Saving model ...
2025-06-14 15:28:07,718 - {'epoch': 17, 'rec_loss': '6.8944'}
2025-06-14 15:28:08,419 - {'Epoch': 17, 'HR@5': '0.0422', 'NDCG@5': '0.0273', 'HR@10': '0.0642', 'NDCG@10': '0.0344', 'HR@20': '0.0890', 'NDCG@20': '0.0406'}
2025-06-14 15:28:08,420 - EarlyStopping counter: 1 out of 10
2025-06-14 15:28:11,977 - {'epoch': 18, 'rec_loss': '6.8697'}
2025-06-14 15:28:12,660 - {'Epoch': 18, 'HR@5': '0.0376', 'NDCG@5': '0.0245', 'HR@10': '0.0651', 'NDCG@10': '0.0334', 'HR@20': '0.0899', 'NDCG@20': '0.0396'}
2025-06-14 15:28:12,660 - EarlyStopping counter: 2 out of 10
2025-06-14 15:28:16,124 - {'epoch': 19, 'rec_loss': '6.8384'}
2025-06-14 15:28:16,862 - {'Epoch': 19, 'HR@5': '0.0404', 'NDCG@5': '0.0240', 'HR@10': '0.0661', 'NDCG@10': '0.0322', 'HR@20': '0.0936', 'NDCG@20': '0.0390'}
2025-06-14 15:28:16,862 - EarlyStopping counter: 3 out of 10
2025-06-14 15:28:20,337 - {'epoch': 20, 'rec_loss': '6.8084'}
2025-06-14 15:28:21,033 - {'Epoch': 20, 'HR@5': '0.0385', 'NDCG@5': '0.0252', 'HR@10': '0.0688', 'NDCG@10': '0.0349', 'HR@20': '0.0963', 'NDCG@20': '0.0419'}
2025-06-14 15:28:21,034 - Validation score increased.  Saving model ...
2025-06-14 15:28:24,560 - {'epoch': 21, 'rec_loss': '6.7639'}
2025-06-14 15:28:25,243 - {'Epoch': 21, 'HR@5': '0.0459', 'NDCG@5': '0.0274', 'HR@10': '0.0670', 'NDCG@10': '0.0341', 'HR@20': '0.0982', 'NDCG@20': '0.0420'}
2025-06-14 15:28:25,244 - Validation score increased.  Saving model ...
2025-06-14 15:28:28,757 - {'epoch': 22, 'rec_loss': '6.7475'}
2025-06-14 15:28:29,416 - {'Epoch': 22, 'HR@5': '0.0486', 'NDCG@5': '0.0306', 'HR@10': '0.0725', 'NDCG@10': '0.0381', 'HR@20': '0.0991', 'NDCG@20': '0.0447'}
2025-06-14 15:28:29,417 - Validation score increased.  Saving model ...
2025-06-14 15:28:32,931 - {'epoch': 23, 'rec_loss': '6.7098'}
2025-06-14 15:28:33,595 - {'Epoch': 23, 'HR@5': '0.0394', 'NDCG@5': '0.0254', 'HR@10': '0.0716', 'NDCG@10': '0.0357', 'HR@20': '0.1028', 'NDCG@20': '0.0436'}
2025-06-14 15:28:33,596 - EarlyStopping counter: 1 out of 10
2025-06-14 15:28:37,133 - {'epoch': 24, 'rec_loss': '6.6802'}
2025-06-14 15:28:37,766 - {'Epoch': 24, 'HR@5': '0.0450', 'NDCG@5': '0.0274', 'HR@10': '0.0706', 'NDCG@10': '0.0356', 'HR@20': '0.1037', 'NDCG@20': '0.0437'}
2025-06-14 15:28:37,767 - EarlyStopping counter: 2 out of 10
2025-06-14 15:28:41,335 - {'epoch': 25, 'rec_loss': '6.6504'}
2025-06-14 15:28:41,950 - {'Epoch': 25, 'HR@5': '0.0431', 'NDCG@5': '0.0251', 'HR@10': '0.0624', 'NDCG@10': '0.0314', 'HR@20': '0.0972', 'NDCG@20': '0.0401'}
2025-06-14 15:28:41,951 - EarlyStopping counter: 3 out of 10
2025-06-14 15:28:45,541 - {'epoch': 26, 'rec_loss': '6.6362'}
2025-06-14 15:28:46,228 - {'Epoch': 26, 'HR@5': '0.0450', 'NDCG@5': '0.0283', 'HR@10': '0.0670', 'NDCG@10': '0.0354', 'HR@20': '0.0991', 'NDCG@20': '0.0435'}
2025-06-14 15:28:46,229 - EarlyStopping counter: 4 out of 10
2025-06-14 15:28:49,707 - {'epoch': 27, 'rec_loss': '6.6068'}
2025-06-14 15:28:50,420 - {'Epoch': 27, 'HR@5': '0.0440', 'NDCG@5': '0.0265', 'HR@10': '0.0615', 'NDCG@10': '0.0323', 'HR@20': '0.1009', 'NDCG@20': '0.0422'}
2025-06-14 15:28:50,421 - EarlyStopping counter: 5 out of 10
2025-06-14 15:28:53,916 - {'epoch': 28, 'rec_loss': '6.5881'}
2025-06-14 15:28:54,642 - {'Epoch': 28, 'HR@5': '0.0376', 'NDCG@5': '0.0244', 'HR@10': '0.0670', 'NDCG@10': '0.0338', 'HR@20': '0.0991', 'NDCG@20': '0.0417'}
2025-06-14 15:28:54,642 - EarlyStopping counter: 6 out of 10
2025-06-14 15:28:58,139 - {'epoch': 29, 'rec_loss': '6.5658'}
2025-06-14 15:28:58,802 - {'Epoch': 29, 'HR@5': '0.0385', 'NDCG@5': '0.0254', 'HR@10': '0.0606', 'NDCG@10': '0.0323', 'HR@20': '0.1028', 'NDCG@20': '0.0430'}
2025-06-14 15:28:58,803 - EarlyStopping counter: 7 out of 10
2025-06-14 15:29:02,348 - {'epoch': 30, 'rec_loss': '6.5451'}
2025-06-14 15:29:03,012 - {'Epoch': 30, 'HR@5': '0.0376', 'NDCG@5': '0.0244', 'HR@10': '0.0651', 'NDCG@10': '0.0333', 'HR@20': '0.1064', 'NDCG@20': '0.0435'}
2025-06-14 15:29:03,013 - EarlyStopping counter: 8 out of 10
2025-06-14 15:29:06,595 - {'epoch': 31, 'rec_loss': '6.5302'}
2025-06-14 15:29:07,270 - {'Epoch': 31, 'HR@5': '0.0431', 'NDCG@5': '0.0278', 'HR@10': '0.0661', 'NDCG@10': '0.0352', 'HR@20': '0.1037', 'NDCG@20': '0.0447'}
2025-06-14 15:29:07,271 - EarlyStopping counter: 9 out of 10
2025-06-14 15:29:10,758 - {'epoch': 32, 'rec_loss': '6.5159'}
2025-06-14 15:29:11,448 - {'Epoch': 32, 'HR@5': '0.0422', 'NDCG@5': '0.0270', 'HR@10': '0.0725', 'NDCG@10': '0.0365', 'HR@20': '0.1055', 'NDCG@20': '0.0446'}
2025-06-14 15:29:11,449 - EarlyStopping counter: 10 out of 10
2025-06-14 15:29:11,449 - Early stopping
2025-06-14 15:29:11,449 - ---------------Validation Score---------------
2025-06-14 15:29:12,113 - {'Epoch': 0, 'HR@5': '0.0486', 'NDCG@5': '0.0306', 'HR@10': '0.0725', 'NDCG@10': '0.0381', 'HR@20': '0.0991', 'NDCG@20': '0.0447'}
2025-06-14 15:29:12,113 - BERT4Rec_LastFM
2025-06-14 15:29:12,114 - {'Epoch': 0, 'HR@5': '0.0486', 'NDCG@5': '0.0306', 'HR@10': '0.0725', 'NDCG@10': '0.0381', 'HR@20': '0.0991', 'NDCG@20': '0.0447'}
