2025-06-13 23:37:57,130 - Namespace(data_dir='data/self_processed/', output_dir='hparam_search/', data_name='Diginetica', train_name='BSARec_Diginetica', num_items=10, num_users=14829, lr=0.001, batch_size=256, epochs=200, no_cuda=False, log_freq=1, patience=10, num_workers=4, seed=42, weight_decay=0.0, adam_beta1=0.9, adam_beta2=0.999, gpu_id='0', variance=5, model_type='BSARec', max_seq_length=50, hidden_size=64, num_hidden_layers=2, hidden_act='gelu', num_attention_heads=4, attention_probs_dropout_prob=0.5, hidden_dropout_prob=0.5, initializer_range=0.02, c=5, alpha=0.7, cuda_condition=True, data_file='data/self_processed/Diginetica.txt', item_size=9441, checkpoint_path=PosixPath('/gpfs/home3/scur2771/BSARec/BSARec/src/hparam_search/BSARec_Diginetica/12367757_64/model.pt'), same_target_path='data/self_processed/Diginetica_same_target.npy')
2025-06-13 23:37:57,169 - BSARecModel(
  (item_embeddings): Embedding(9441, 64, padding_idx=0)
  (position_embeddings): Embedding(50, 64)
  (LayerNorm): LayerNorm()
  (dropout): Dropout(p=0.5, inplace=False)
  (item_encoder): BSARecEncoder(
    (blocks): ModuleList(
      (0): BSARecBlock(
        (layer): BSARecLayer(
          (filter_layer): FrequencyLayer(
            (out_dropout): Dropout(p=0.5, inplace=False)
            (LayerNorm): LayerNorm()
          )
          (attention_layer): MultiHeadAttention(
            (query): Linear(in_features=64, out_features=64, bias=True)
            (key): Linear(in_features=64, out_features=64, bias=True)
            (value): Linear(in_features=64, out_features=64, bias=True)
            (softmax): Softmax(dim=-1)
            (attn_dropout): Dropout(p=0.5, inplace=False)
            (dense): Linear(in_features=64, out_features=64, bias=True)
            (LayerNorm): LayerNorm((64,), eps=1e-12, elementwise_affine=True)
            (out_dropout): Dropout(p=0.5, inplace=False)
          )
        )
        (feed_forward): FeedForward(
          (dense_1): Linear(in_features=64, out_features=256, bias=True)
          (dense_2): Linear(in_features=256, out_features=64, bias=True)
          (LayerNorm): LayerNorm()
          (dropout): Dropout(p=0.5, inplace=False)
        )
      )
      (1): BSARecBlock(
        (layer): BSARecLayer(
          (filter_layer): FrequencyLayer(
            (out_dropout): Dropout(p=0.5, inplace=False)
            (LayerNorm): LayerNorm()
          )
          (attention_layer): MultiHeadAttention(
            (query): Linear(in_features=64, out_features=64, bias=True)
            (key): Linear(in_features=64, out_features=64, bias=True)
            (value): Linear(in_features=64, out_features=64, bias=True)
            (softmax): Softmax(dim=-1)
            (attn_dropout): Dropout(p=0.5, inplace=False)
            (dense): Linear(in_features=64, out_features=64, bias=True)
            (LayerNorm): LayerNorm((64,), eps=1e-12, elementwise_affine=True)
            (out_dropout): Dropout(p=0.5, inplace=False)
          )
        )
        (feed_forward): FeedForward(
          (dense_1): Linear(in_features=64, out_features=256, bias=True)
          (dense_2): Linear(in_features=256, out_features=64, bias=True)
          (LayerNorm): LayerNorm()
          (dropout): Dropout(p=0.5, inplace=False)
        )
      )
    )
  )
)
2025-06-13 23:38:00,674 - Total Parameters: 707904
2025-06-13 23:38:09,634 - {'epoch': 0, 'rec_loss': '8.7035'}
2025-06-13 23:38:13,864 - {'Epoch': 0, 'HR@5': '0.0220', 'NDCG@5': '0.0154', 'HR@10': '0.0324', 'NDCG@10': '0.0188', 'HR@20': '0.0484', 'NDCG@20': '0.0228'}
2025-06-13 23:38:13,865 - Validation score increased.  Saving model ...
2025-06-13 23:38:21,344 - {'epoch': 1, 'rec_loss': '7.6470'}
2025-06-13 23:38:25,745 - {'Epoch': 1, 'HR@5': '0.0933', 'NDCG@5': '0.0614', 'HR@10': '0.1407', 'NDCG@10': '0.0766', 'HR@20': '0.1980', 'NDCG@20': '0.0910'}
2025-06-13 23:38:25,747 - Validation score increased.  Saving model ...
2025-06-13 23:38:33,262 - {'epoch': 2, 'rec_loss': '6.3602'}
2025-06-13 23:38:37,658 - {'Epoch': 2, 'HR@5': '0.1295', 'NDCG@5': '0.0849', 'HR@10': '0.1956', 'NDCG@10': '0.1062', 'HR@20': '0.2764', 'NDCG@20': '0.1266'}
2025-06-13 23:38:37,661 - Validation score increased.  Saving model ...
2025-06-13 23:38:45,174 - {'epoch': 3, 'rec_loss': '5.5975'}
2025-06-13 23:38:49,539 - {'Epoch': 3, 'HR@5': '0.1500', 'NDCG@5': '0.0983', 'HR@10': '0.2259', 'NDCG@10': '0.1227', 'HR@20': '0.3207', 'NDCG@20': '0.1466'}
2025-06-13 23:38:49,541 - Validation score increased.  Saving model ...
2025-06-13 23:38:57,069 - {'epoch': 4, 'rec_loss': '5.2197'}
2025-06-13 23:39:01,472 - {'Epoch': 4, 'HR@5': '0.1592', 'NDCG@5': '0.1033', 'HR@10': '0.2417', 'NDCG@10': '0.1298', 'HR@20': '0.3386', 'NDCG@20': '0.1542'}
2025-06-13 23:39:01,474 - Validation score increased.  Saving model ...
2025-06-13 23:39:08,903 - {'epoch': 5, 'rec_loss': '5.0412'}
2025-06-13 23:39:13,412 - {'Epoch': 5, 'HR@5': '0.1663', 'NDCG@5': '0.1093', 'HR@10': '0.2476', 'NDCG@10': '0.1354', 'HR@20': '0.3452', 'NDCG@20': '0.1600'}
2025-06-13 23:39:13,413 - Validation score increased.  Saving model ...
2025-06-13 23:39:20,922 - {'epoch': 6, 'rec_loss': '4.9444'}
2025-06-13 23:39:25,428 - {'Epoch': 6, 'HR@5': '0.1693', 'NDCG@5': '0.1105', 'HR@10': '0.2516', 'NDCG@10': '0.1370', 'HR@20': '0.3504', 'NDCG@20': '0.1619'}
2025-06-13 23:39:25,429 - Validation score increased.  Saving model ...
2025-06-13 23:39:32,927 - {'epoch': 7, 'rec_loss': '4.8791'}
2025-06-13 23:39:37,361 - {'Epoch': 7, 'HR@5': '0.1677', 'NDCG@5': '0.1100', 'HR@10': '0.2532', 'NDCG@10': '0.1375', 'HR@20': '0.3528', 'NDCG@20': '0.1627'}
2025-06-13 23:39:37,363 - Validation score increased.  Saving model ...
2025-06-13 23:39:44,880 - {'epoch': 8, 'rec_loss': '4.8292'}
2025-06-13 23:39:49,370 - {'Epoch': 8, 'HR@5': '0.1673', 'NDCG@5': '0.1098', 'HR@10': '0.2551', 'NDCG@10': '0.1381', 'HR@20': '0.3568', 'NDCG@20': '0.1638'}
2025-06-13 23:39:49,371 - Validation score increased.  Saving model ...
2025-06-13 23:39:56,992 - {'epoch': 9, 'rec_loss': '4.7927'}
2025-06-13 23:40:01,509 - {'Epoch': 9, 'HR@5': '0.1722', 'NDCG@5': '0.1119', 'HR@10': '0.2524', 'NDCG@10': '0.1378', 'HR@20': '0.3572', 'NDCG@20': '0.1643'}
2025-06-13 23:40:01,509 - Validation score increased.  Saving model ...
2025-06-13 23:40:09,035 - {'epoch': 10, 'rec_loss': '4.7625'}
2025-06-13 23:40:13,492 - {'Epoch': 10, 'HR@5': '0.1673', 'NDCG@5': '0.1106', 'HR@10': '0.2565', 'NDCG@10': '0.1393', 'HR@20': '0.3605', 'NDCG@20': '0.1655'}
2025-06-13 23:40:13,495 - Validation score increased.  Saving model ...
2025-06-13 23:40:21,055 - {'epoch': 11, 'rec_loss': '4.7416'}
2025-06-13 23:40:25,538 - {'Epoch': 11, 'HR@5': '0.1702', 'NDCG@5': '0.1115', 'HR@10': '0.2562', 'NDCG@10': '0.1393', 'HR@20': '0.3593', 'NDCG@20': '0.1653'}
2025-06-13 23:40:25,539 - EarlyStopping counter: 1 out of 10
2025-06-13 23:40:33,028 - {'epoch': 12, 'rec_loss': '4.7153'}
2025-06-13 23:40:37,516 - {'Epoch': 12, 'HR@5': '0.1698', 'NDCG@5': '0.1116', 'HR@10': '0.2565', 'NDCG@10': '0.1395', 'HR@20': '0.3599', 'NDCG@20': '0.1657'}
2025-06-13 23:40:37,520 - Validation score increased.  Saving model ...
2025-06-13 23:40:45,017 - {'epoch': 13, 'rec_loss': '4.6975'}
2025-06-13 23:40:49,397 - {'Epoch': 13, 'HR@5': '0.1714', 'NDCG@5': '0.1125', 'HR@10': '0.2574', 'NDCG@10': '0.1402', 'HR@20': '0.3606', 'NDCG@20': '0.1663'}
2025-06-13 23:40:49,399 - Validation score increased.  Saving model ...
2025-06-13 23:40:57,008 - {'epoch': 14, 'rec_loss': '4.6745'}
2025-06-13 23:41:01,463 - {'Epoch': 14, 'HR@5': '0.1714', 'NDCG@5': '0.1127', 'HR@10': '0.2565', 'NDCG@10': '0.1402', 'HR@20': '0.3601', 'NDCG@20': '0.1664'}
2025-06-13 23:41:01,464 - Validation score increased.  Saving model ...
2025-06-13 23:41:08,969 - {'epoch': 15, 'rec_loss': '4.6651'}
2025-06-13 23:41:13,413 - {'Epoch': 15, 'HR@5': '0.1689', 'NDCG@5': '0.1118', 'HR@10': '0.2568', 'NDCG@10': '0.1402', 'HR@20': '0.3603', 'NDCG@20': '0.1663'}
2025-06-13 23:41:13,416 - EarlyStopping counter: 1 out of 10
2025-06-13 23:41:20,844 - {'epoch': 16, 'rec_loss': '4.6495'}
2025-06-13 23:41:25,375 - {'Epoch': 16, 'HR@5': '0.1682', 'NDCG@5': '0.1104', 'HR@10': '0.2540', 'NDCG@10': '0.1381', 'HR@20': '0.3604', 'NDCG@20': '0.1650'}
2025-06-13 23:41:25,376 - EarlyStopping counter: 2 out of 10
2025-06-13 23:41:32,774 - {'epoch': 17, 'rec_loss': '4.6396'}
2025-06-13 23:41:37,327 - {'Epoch': 17, 'HR@5': '0.1699', 'NDCG@5': '0.1113', 'HR@10': '0.2563', 'NDCG@10': '0.1392', 'HR@20': '0.3587', 'NDCG@20': '0.1650'}
2025-06-13 23:41:37,328 - EarlyStopping counter: 3 out of 10
2025-06-13 23:41:44,800 - {'epoch': 18, 'rec_loss': '4.6261'}
2025-06-13 23:41:49,302 - {'Epoch': 18, 'HR@5': '0.1689', 'NDCG@5': '0.1113', 'HR@10': '0.2536', 'NDCG@10': '0.1386', 'HR@20': '0.3576', 'NDCG@20': '0.1649'}
2025-06-13 23:41:49,304 - EarlyStopping counter: 4 out of 10
2025-06-13 23:41:56,924 - {'epoch': 19, 'rec_loss': '4.6094'}
2025-06-13 23:42:01,491 - {'Epoch': 19, 'HR@5': '0.1723', 'NDCG@5': '0.1121', 'HR@10': '0.2560', 'NDCG@10': '0.1391', 'HR@20': '0.3588', 'NDCG@20': '0.1650'}
2025-06-13 23:42:01,494 - EarlyStopping counter: 5 out of 10
2025-06-13 23:42:08,989 - {'epoch': 20, 'rec_loss': '4.6016'}
2025-06-13 23:42:13,438 - {'Epoch': 20, 'HR@5': '0.1730', 'NDCG@5': '0.1122', 'HR@10': '0.2572', 'NDCG@10': '0.1394', 'HR@20': '0.3607', 'NDCG@20': '0.1655'}
2025-06-13 23:42:13,439 - EarlyStopping counter: 6 out of 10
2025-06-13 23:42:20,929 - {'epoch': 21, 'rec_loss': '4.5922'}
2025-06-13 23:42:25,461 - {'Epoch': 21, 'HR@5': '0.1718', 'NDCG@5': '0.1118', 'HR@10': '0.2550', 'NDCG@10': '0.1387', 'HR@20': '0.3603', 'NDCG@20': '0.1653'}
2025-06-13 23:42:25,463 - EarlyStopping counter: 7 out of 10
2025-06-13 23:42:32,984 - {'epoch': 22, 'rec_loss': '4.5790'}
2025-06-13 23:42:37,488 - {'Epoch': 22, 'HR@5': '0.1733', 'NDCG@5': '0.1134', 'HR@10': '0.2584', 'NDCG@10': '0.1408', 'HR@20': '0.3601', 'NDCG@20': '0.1665'}
2025-06-13 23:42:37,491 - Validation score increased.  Saving model ...
2025-06-13 23:42:45,037 - {'epoch': 23, 'rec_loss': '4.5729'}
2025-06-13 23:42:49,569 - {'Epoch': 23, 'HR@5': '0.1687', 'NDCG@5': '0.1101', 'HR@10': '0.2544', 'NDCG@10': '0.1378', 'HR@20': '0.3573', 'NDCG@20': '0.1638'}
2025-06-13 23:42:49,571 - EarlyStopping counter: 1 out of 10
2025-06-13 23:42:57,028 - {'epoch': 24, 'rec_loss': '4.5607'}
2025-06-13 23:43:01,462 - {'Epoch': 24, 'HR@5': '0.1724', 'NDCG@5': '0.1126', 'HR@10': '0.2574', 'NDCG@10': '0.1400', 'HR@20': '0.3572', 'NDCG@20': '0.1653'}
2025-06-13 23:43:01,464 - EarlyStopping counter: 2 out of 10
2025-06-13 23:43:08,926 - {'epoch': 25, 'rec_loss': '4.5533'}
2025-06-13 23:43:13,405 - {'Epoch': 25, 'HR@5': '0.1751', 'NDCG@5': '0.1149', 'HR@10': '0.2585', 'NDCG@10': '0.1418', 'HR@20': '0.3572', 'NDCG@20': '0.1667'}
2025-06-13 23:43:13,407 - Validation score increased.  Saving model ...
2025-06-13 23:43:20,911 - {'epoch': 26, 'rec_loss': '4.5480'}
2025-06-13 23:43:25,468 - {'Epoch': 26, 'HR@5': '0.1711', 'NDCG@5': '0.1127', 'HR@10': '0.2588', 'NDCG@10': '0.1411', 'HR@20': '0.3572', 'NDCG@20': '0.1661'}
2025-06-13 23:43:25,470 - EarlyStopping counter: 1 out of 10
2025-06-13 23:43:32,925 - {'epoch': 27, 'rec_loss': '4.5394'}
2025-06-13 23:43:37,313 - {'Epoch': 27, 'HR@5': '0.1707', 'NDCG@5': '0.1126', 'HR@10': '0.2590', 'NDCG@10': '0.1411', 'HR@20': '0.3603', 'NDCG@20': '0.1667'}
2025-06-13 23:43:37,315 - Validation score increased.  Saving model ...
2025-06-13 23:43:44,856 - {'epoch': 28, 'rec_loss': '4.5327'}
2025-06-13 23:43:49,339 - {'Epoch': 28, 'HR@5': '0.1724', 'NDCG@5': '0.1131', 'HR@10': '0.2614', 'NDCG@10': '0.1419', 'HR@20': '0.3612', 'NDCG@20': '0.1671'}
2025-06-13 23:43:49,341 - Validation score increased.  Saving model ...
2025-06-13 23:43:56,855 - {'epoch': 29, 'rec_loss': '4.5260'}
2025-06-13 23:44:01,309 - {'Epoch': 29, 'HR@5': '0.1687', 'NDCG@5': '0.1126', 'HR@10': '0.2551', 'NDCG@10': '0.1405', 'HR@20': '0.3560', 'NDCG@20': '0.1660'}
2025-06-13 23:44:01,311 - EarlyStopping counter: 1 out of 10
2025-06-13 23:44:08,806 - {'epoch': 30, 'rec_loss': '4.5168'}
2025-06-13 23:44:13,215 - {'Epoch': 30, 'HR@5': '0.1707', 'NDCG@5': '0.1117', 'HR@10': '0.2596', 'NDCG@10': '0.1404', 'HR@20': '0.3605', 'NDCG@20': '0.1659'}
2025-06-13 23:44:13,217 - EarlyStopping counter: 2 out of 10
2025-06-13 23:44:20,803 - {'epoch': 31, 'rec_loss': '4.5045'}
2025-06-13 23:44:25,255 - {'Epoch': 31, 'HR@5': '0.1729', 'NDCG@5': '0.1137', 'HR@10': '0.2596', 'NDCG@10': '0.1417', 'HR@20': '0.3618', 'NDCG@20': '0.1675'}
2025-06-13 23:44:25,257 - Validation score increased.  Saving model ...
2025-06-13 23:44:32,790 - {'epoch': 32, 'rec_loss': '4.5030'}
2025-06-13 23:44:37,255 - {'Epoch': 32, 'HR@5': '0.1725', 'NDCG@5': '0.1125', 'HR@10': '0.2584', 'NDCG@10': '0.1401', 'HR@20': '0.3613', 'NDCG@20': '0.1661'}
2025-06-13 23:44:37,257 - EarlyStopping counter: 1 out of 10
2025-06-13 23:44:44,785 - {'epoch': 33, 'rec_loss': '4.4987'}
2025-06-13 23:44:49,314 - {'Epoch': 33, 'HR@5': '0.1729', 'NDCG@5': '0.1126', 'HR@10': '0.2574', 'NDCG@10': '0.1399', 'HR@20': '0.3605', 'NDCG@20': '0.1659'}
2025-06-13 23:44:49,315 - EarlyStopping counter: 2 out of 10
2025-06-13 23:44:56,857 - {'epoch': 34, 'rec_loss': '4.4931'}
2025-06-13 23:45:01,308 - {'Epoch': 34, 'HR@5': '0.1755', 'NDCG@5': '0.1147', 'HR@10': '0.2600', 'NDCG@10': '0.1419', 'HR@20': '0.3587', 'NDCG@20': '0.1668'}
2025-06-13 23:45:01,310 - EarlyStopping counter: 3 out of 10
2025-06-13 23:45:08,829 - {'epoch': 35, 'rec_loss': '4.4869'}
2025-06-13 23:45:13,330 - {'Epoch': 35, 'HR@5': '0.1724', 'NDCG@5': '0.1123', 'HR@10': '0.2579', 'NDCG@10': '0.1398', 'HR@20': '0.3580', 'NDCG@20': '0.1651'}
2025-06-13 23:45:13,332 - EarlyStopping counter: 4 out of 10
2025-06-13 23:45:20,864 - {'epoch': 36, 'rec_loss': '4.4820'}
2025-06-13 23:45:25,346 - {'Epoch': 36, 'HR@5': '0.1710', 'NDCG@5': '0.1129', 'HR@10': '0.2569', 'NDCG@10': '0.1407', 'HR@20': '0.3616', 'NDCG@20': '0.1671'}
2025-06-13 23:45:25,348 - EarlyStopping counter: 5 out of 10
2025-06-13 23:45:32,887 - {'epoch': 37, 'rec_loss': '4.4769'}
2025-06-13 23:45:37,379 - {'Epoch': 37, 'HR@5': '0.1720', 'NDCG@5': '0.1125', 'HR@10': '0.2591', 'NDCG@10': '0.1407', 'HR@20': '0.3612', 'NDCG@20': '0.1665'}
2025-06-13 23:45:37,381 - EarlyStopping counter: 6 out of 10
2025-06-13 23:45:44,796 - {'epoch': 38, 'rec_loss': '4.4677'}
2025-06-13 23:45:49,228 - {'Epoch': 38, 'HR@5': '0.1699', 'NDCG@5': '0.1119', 'HR@10': '0.2594', 'NDCG@10': '0.1407', 'HR@20': '0.3598', 'NDCG@20': '0.1660'}
2025-06-13 23:45:49,230 - EarlyStopping counter: 7 out of 10
2025-06-13 23:45:56,727 - {'epoch': 39, 'rec_loss': '4.4643'}
2025-06-13 23:46:01,205 - {'Epoch': 39, 'HR@5': '0.1714', 'NDCG@5': '0.1125', 'HR@10': '0.2578', 'NDCG@10': '0.1404', 'HR@20': '0.3601', 'NDCG@20': '0.1662'}
2025-06-13 23:46:01,206 - EarlyStopping counter: 8 out of 10
2025-06-13 23:46:08,662 - {'epoch': 40, 'rec_loss': '4.4587'}
2025-06-13 23:46:13,023 - {'Epoch': 40, 'HR@5': '0.1711', 'NDCG@5': '0.1117', 'HR@10': '0.2578', 'NDCG@10': '0.1396', 'HR@20': '0.3592', 'NDCG@20': '0.1652'}
2025-06-13 23:46:13,025 - EarlyStopping counter: 9 out of 10
2025-06-13 23:46:20,603 - {'epoch': 41, 'rec_loss': '4.4544'}
2025-06-13 23:46:25,030 - {'Epoch': 41, 'HR@5': '0.1734', 'NDCG@5': '0.1126', 'HR@10': '0.2592', 'NDCG@10': '0.1402', 'HR@20': '0.3608', 'NDCG@20': '0.1659'}
2025-06-13 23:46:25,032 - EarlyStopping counter: 10 out of 10
2025-06-13 23:46:25,032 - Early stopping
2025-06-13 23:46:25,032 - ---------------Validation Score---------------
2025-06-13 23:46:29,527 - {'Epoch': 0, 'HR@5': '0.1729', 'NDCG@5': '0.1137', 'HR@10': '0.2596', 'NDCG@10': '0.1417', 'HR@20': '0.3618', 'NDCG@20': '0.1675'}
2025-06-13 23:46:29,529 - BSARec_Diginetica
2025-06-13 23:46:29,530 - {'Epoch': 0, 'HR@5': '0.1729', 'NDCG@5': '0.1137', 'HR@10': '0.2596', 'NDCG@10': '0.1417', 'HR@20': '0.3618', 'NDCG@20': '0.1675'}
