2025-06-13 23:40:59,864 - Namespace(data_dir='data/self_processed/', output_dir='hparam_search/', data_name='Diginetica', train_name='BSARec_Diginetica', num_items=10, num_users=14829, lr=0.001, batch_size=256, epochs=200, no_cuda=False, log_freq=1, patience=10, num_workers=4, seed=42, weight_decay=0.0, adam_beta1=0.9, adam_beta2=0.999, gpu_id='0', variance=5, model_type='BSARec', max_seq_length=50, hidden_size=64, num_hidden_layers=2, hidden_act='gelu', num_attention_heads=4, attention_probs_dropout_prob=0.5, hidden_dropout_prob=0.5, initializer_range=0.02, c=7, alpha=0.3, cuda_condition=True, data_file='data/self_processed/Diginetica.txt', item_size=9441, checkpoint_path=PosixPath('/gpfs/home3/scur2771/BSARec/BSARec/src/hparam_search/BSARec_Diginetica/12367757_67/model.pt'), same_target_path='data/self_processed/Diginetica_same_target.npy')
2025-06-13 23:40:59,881 - BSARecModel(
  (item_embeddings): Embedding(9441, 64, padding_idx=0)
  (position_embeddings): Embedding(50, 64)
  (LayerNorm): LayerNorm()
  (dropout): Dropout(p=0.5, inplace=False)
  (item_encoder): BSARecEncoder(
    (blocks): ModuleList(
      (0): BSARecBlock(
        (layer): BSARecLayer(
          (filter_layer): FrequencyLayer(
            (out_dropout): Dropout(p=0.5, inplace=False)
            (LayerNorm): LayerNorm()
          )
          (attention_layer): MultiHeadAttention(
            (query): Linear(in_features=64, out_features=64, bias=True)
            (key): Linear(in_features=64, out_features=64, bias=True)
            (value): Linear(in_features=64, out_features=64, bias=True)
            (softmax): Softmax(dim=-1)
            (attn_dropout): Dropout(p=0.5, inplace=False)
            (dense): Linear(in_features=64, out_features=64, bias=True)
            (LayerNorm): LayerNorm((64,), eps=1e-12, elementwise_affine=True)
            (out_dropout): Dropout(p=0.5, inplace=False)
          )
        )
        (feed_forward): FeedForward(
          (dense_1): Linear(in_features=64, out_features=256, bias=True)
          (dense_2): Linear(in_features=256, out_features=64, bias=True)
          (LayerNorm): LayerNorm()
          (dropout): Dropout(p=0.5, inplace=False)
        )
      )
      (1): BSARecBlock(
        (layer): BSARecLayer(
          (filter_layer): FrequencyLayer(
            (out_dropout): Dropout(p=0.5, inplace=False)
            (LayerNorm): LayerNorm()
          )
          (attention_layer): MultiHeadAttention(
            (query): Linear(in_features=64, out_features=64, bias=True)
            (key): Linear(in_features=64, out_features=64, bias=True)
            (value): Linear(in_features=64, out_features=64, bias=True)
            (softmax): Softmax(dim=-1)
            (attn_dropout): Dropout(p=0.5, inplace=False)
            (dense): Linear(in_features=64, out_features=64, bias=True)
            (LayerNorm): LayerNorm((64,), eps=1e-12, elementwise_affine=True)
            (out_dropout): Dropout(p=0.5, inplace=False)
          )
        )
        (feed_forward): FeedForward(
          (dense_1): Linear(in_features=64, out_features=256, bias=True)
          (dense_2): Linear(in_features=256, out_features=64, bias=True)
          (LayerNorm): LayerNorm()
          (dropout): Dropout(p=0.5, inplace=False)
        )
      )
    )
  )
)
2025-06-13 23:41:02,039 - Total Parameters: 707904
2025-06-13 23:41:10,686 - {'epoch': 0, 'rec_loss': '8.6655'}
2025-06-13 23:41:14,853 - {'Epoch': 0, 'HR@5': '0.0356', 'NDCG@5': '0.0248', 'HR@10': '0.0520', 'NDCG@10': '0.0301', 'HR@20': '0.0718', 'NDCG@20': '0.0350'}
2025-06-13 23:41:14,854 - Validation score increased.  Saving model ...
2025-06-13 23:41:22,345 - {'epoch': 1, 'rec_loss': '7.4700'}
2025-06-13 23:41:26,529 - {'Epoch': 1, 'HR@5': '0.1043', 'NDCG@5': '0.0683', 'HR@10': '0.1538', 'NDCG@10': '0.0842', 'HR@20': '0.2161', 'NDCG@20': '0.0999'}
2025-06-13 23:41:26,530 - Validation score increased.  Saving model ...
2025-06-13 23:41:34,209 - {'epoch': 2, 'rec_loss': '6.2038'}
2025-06-13 23:41:38,474 - {'Epoch': 2, 'HR@5': '0.1337', 'NDCG@5': '0.0884', 'HR@10': '0.2020', 'NDCG@10': '0.1104', 'HR@20': '0.2857', 'NDCG@20': '0.1315'}
2025-06-13 23:41:38,477 - Validation score increased.  Saving model ...
2025-06-13 23:41:46,066 - {'epoch': 3, 'rec_loss': '5.5101'}
2025-06-13 23:41:50,373 - {'Epoch': 3, 'HR@5': '0.1521', 'NDCG@5': '0.0998', 'HR@10': '0.2279', 'NDCG@10': '0.1242', 'HR@20': '0.3216', 'NDCG@20': '0.1478'}
2025-06-13 23:41:50,374 - Validation score increased.  Saving model ...
2025-06-13 23:41:57,841 - {'epoch': 4, 'rec_loss': '5.1769'}
2025-06-13 23:42:02,206 - {'Epoch': 4, 'HR@5': '0.1605', 'NDCG@5': '0.1050', 'HR@10': '0.2416', 'NDCG@10': '0.1311', 'HR@20': '0.3382', 'NDCG@20': '0.1555'}
2025-06-13 23:42:02,209 - Validation score increased.  Saving model ...
2025-06-13 23:42:09,726 - {'epoch': 5, 'rec_loss': '5.0115'}
2025-06-13 23:42:14,106 - {'Epoch': 5, 'HR@5': '0.1652', 'NDCG@5': '0.1086', 'HR@10': '0.2463', 'NDCG@10': '0.1348', 'HR@20': '0.3464', 'NDCG@20': '0.1601'}
2025-06-13 23:42:14,107 - Validation score increased.  Saving model ...
2025-06-13 23:42:21,573 - {'epoch': 6, 'rec_loss': '4.9242'}
2025-06-13 23:42:25,932 - {'Epoch': 6, 'HR@5': '0.1676', 'NDCG@5': '0.1097', 'HR@10': '0.2541', 'NDCG@10': '0.1376', 'HR@20': '0.3508', 'NDCG@20': '0.1620'}
2025-06-13 23:42:25,934 - Validation score increased.  Saving model ...
2025-06-13 23:42:33,430 - {'epoch': 7, 'rec_loss': '4.8687'}
2025-06-13 23:42:37,783 - {'Epoch': 7, 'HR@5': '0.1670', 'NDCG@5': '0.1097', 'HR@10': '0.2563', 'NDCG@10': '0.1385', 'HR@20': '0.3549', 'NDCG@20': '0.1633'}
2025-06-13 23:42:37,785 - Validation score increased.  Saving model ...
2025-06-13 23:42:45,473 - {'epoch': 8, 'rec_loss': '4.8221'}
2025-06-13 23:42:49,861 - {'Epoch': 8, 'HR@5': '0.1688', 'NDCG@5': '0.1102', 'HR@10': '0.2548', 'NDCG@10': '0.1379', 'HR@20': '0.3579', 'NDCG@20': '0.1640'}
2025-06-13 23:42:49,863 - Validation score increased.  Saving model ...
2025-06-13 23:42:57,487 - {'epoch': 9, 'rec_loss': '4.7844'}
2025-06-13 23:43:01,842 - {'Epoch': 9, 'HR@5': '0.1696', 'NDCG@5': '0.1114', 'HR@10': '0.2545', 'NDCG@10': '0.1387', 'HR@20': '0.3575', 'NDCG@20': '0.1648'}
2025-06-13 23:43:01,843 - Validation score increased.  Saving model ...
2025-06-13 23:43:09,370 - {'epoch': 10, 'rec_loss': '4.7585'}
2025-06-13 23:43:13,735 - {'Epoch': 10, 'HR@5': '0.1683', 'NDCG@5': '0.1108', 'HR@10': '0.2575', 'NDCG@10': '0.1395', 'HR@20': '0.3599', 'NDCG@20': '0.1653'}
2025-06-13 23:43:13,737 - Validation score increased.  Saving model ...
2025-06-13 23:43:21,250 - {'epoch': 11, 'rec_loss': '4.7343'}
2025-06-13 23:43:25,566 - {'Epoch': 11, 'HR@5': '0.1702', 'NDCG@5': '0.1121', 'HR@10': '0.2596', 'NDCG@10': '0.1410', 'HR@20': '0.3594', 'NDCG@20': '0.1662'}
2025-06-13 23:43:25,567 - Validation score increased.  Saving model ...
2025-06-13 23:43:33,045 - {'epoch': 12, 'rec_loss': '4.7134'}
2025-06-13 23:43:37,459 - {'Epoch': 12, 'HR@5': '0.1688', 'NDCG@5': '0.1111', 'HR@10': '0.2567', 'NDCG@10': '0.1394', 'HR@20': '0.3621', 'NDCG@20': '0.1660'}
2025-06-13 23:43:37,461 - EarlyStopping counter: 1 out of 10
2025-06-13 23:43:45,006 - {'epoch': 13, 'rec_loss': '4.6977'}
2025-06-13 23:43:49,427 - {'Epoch': 13, 'HR@5': '0.1706', 'NDCG@5': '0.1124', 'HR@10': '0.2582', 'NDCG@10': '0.1407', 'HR@20': '0.3591', 'NDCG@20': '0.1662'}
2025-06-13 23:43:49,429 - Validation score increased.  Saving model ...
2025-06-13 23:43:56,893 - {'epoch': 14, 'rec_loss': '4.6755'}
2025-06-13 23:44:01,255 - {'Epoch': 14, 'HR@5': '0.1720', 'NDCG@5': '0.1122', 'HR@10': '0.2588', 'NDCG@10': '0.1400', 'HR@20': '0.3591', 'NDCG@20': '0.1654'}
2025-06-13 23:44:01,257 - EarlyStopping counter: 1 out of 10
2025-06-13 23:44:08,687 - {'epoch': 15, 'rec_loss': '4.6635'}
2025-06-13 23:44:13,063 - {'Epoch': 15, 'HR@5': '0.1698', 'NDCG@5': '0.1124', 'HR@10': '0.2586', 'NDCG@10': '0.1410', 'HR@20': '0.3597', 'NDCG@20': '0.1665'}
2025-06-13 23:44:13,065 - Validation score increased.  Saving model ...
2025-06-13 23:44:20,582 - {'epoch': 16, 'rec_loss': '4.6513'}
2025-06-13 23:44:24,888 - {'Epoch': 16, 'HR@5': '0.1693', 'NDCG@5': '0.1110', 'HR@10': '0.2560', 'NDCG@10': '0.1389', 'HR@20': '0.3602', 'NDCG@20': '0.1653'}
2025-06-13 23:44:24,889 - EarlyStopping counter: 1 out of 10
2025-06-13 23:44:32,453 - {'epoch': 17, 'rec_loss': '4.6384'}
2025-06-13 23:44:36,761 - {'Epoch': 17, 'HR@5': '0.1731', 'NDCG@5': '0.1131', 'HR@10': '0.2574', 'NDCG@10': '0.1403', 'HR@20': '0.3605', 'NDCG@20': '0.1663'}
2025-06-13 23:44:36,762 - EarlyStopping counter: 2 out of 10
2025-06-13 23:44:44,194 - {'epoch': 18, 'rec_loss': '4.6264'}
2025-06-13 23:44:48,563 - {'Epoch': 18, 'HR@5': '0.1699', 'NDCG@5': '0.1119', 'HR@10': '0.2566', 'NDCG@10': '0.1399', 'HR@20': '0.3600', 'NDCG@20': '0.1660'}
2025-06-13 23:44:48,565 - EarlyStopping counter: 3 out of 10
2025-06-13 23:44:56,077 - {'epoch': 19, 'rec_loss': '4.6113'}
2025-06-13 23:45:00,418 - {'Epoch': 19, 'HR@5': '0.1732', 'NDCG@5': '0.1124', 'HR@10': '0.2595', 'NDCG@10': '0.1402', 'HR@20': '0.3606', 'NDCG@20': '0.1657'}
2025-06-13 23:45:00,420 - EarlyStopping counter: 4 out of 10
2025-06-13 23:45:07,901 - {'epoch': 20, 'rec_loss': '4.6031'}
2025-06-13 23:45:12,262 - {'Epoch': 20, 'HR@5': '0.1721', 'NDCG@5': '0.1117', 'HR@10': '0.2567', 'NDCG@10': '0.1391', 'HR@20': '0.3618', 'NDCG@20': '0.1656'}
2025-06-13 23:45:12,265 - EarlyStopping counter: 5 out of 10
2025-06-13 23:45:19,696 - {'epoch': 21, 'rec_loss': '4.5948'}
2025-06-13 23:45:24,078 - {'Epoch': 21, 'HR@5': '0.1743', 'NDCG@5': '0.1126', 'HR@10': '0.2591', 'NDCG@10': '0.1398', 'HR@20': '0.3630', 'NDCG@20': '0.1659'}
2025-06-13 23:45:24,080 - EarlyStopping counter: 6 out of 10
2025-06-13 23:45:31,631 - {'epoch': 22, 'rec_loss': '4.5871'}
2025-06-13 23:45:36,030 - {'Epoch': 22, 'HR@5': '0.1749', 'NDCG@5': '0.1150', 'HR@10': '0.2610', 'NDCG@10': '0.1427', 'HR@20': '0.3621', 'NDCG@20': '0.1682'}
2025-06-13 23:45:36,032 - Validation score increased.  Saving model ...
2025-06-13 23:45:43,471 - {'epoch': 23, 'rec_loss': '4.5779'}
2025-06-13 23:45:47,896 - {'Epoch': 23, 'HR@5': '0.1709', 'NDCG@5': '0.1118', 'HR@10': '0.2570', 'NDCG@10': '0.1396', 'HR@20': '0.3599', 'NDCG@20': '0.1656'}
2025-06-13 23:45:47,896 - EarlyStopping counter: 1 out of 10
2025-06-13 23:45:55,394 - {'epoch': 24, 'rec_loss': '4.5708'}
2025-06-13 23:45:59,767 - {'Epoch': 24, 'HR@5': '0.1736', 'NDCG@5': '0.1146', 'HR@10': '0.2596', 'NDCG@10': '0.1423', 'HR@20': '0.3613', 'NDCG@20': '0.1680'}
2025-06-13 23:45:59,768 - EarlyStopping counter: 2 out of 10
2025-06-13 23:46:07,199 - {'epoch': 25, 'rec_loss': '4.5573'}
2025-06-13 23:46:11,578 - {'Epoch': 25, 'HR@5': '0.1770', 'NDCG@5': '0.1161', 'HR@10': '0.2605', 'NDCG@10': '0.1429', 'HR@20': '0.3586', 'NDCG@20': '0.1678'}
2025-06-13 23:46:11,581 - EarlyStopping counter: 3 out of 10
2025-06-13 23:46:19,097 - {'epoch': 26, 'rec_loss': '4.5541'}
2025-06-13 23:46:23,447 - {'Epoch': 26, 'HR@5': '0.1751', 'NDCG@5': '0.1147', 'HR@10': '0.2608', 'NDCG@10': '0.1424', 'HR@20': '0.3611', 'NDCG@20': '0.1677'}
2025-06-13 23:46:23,448 - EarlyStopping counter: 4 out of 10
2025-06-13 23:46:31,053 - {'epoch': 27, 'rec_loss': '4.5455'}
2025-06-13 23:46:35,392 - {'Epoch': 27, 'HR@5': '0.1742', 'NDCG@5': '0.1146', 'HR@10': '0.2605', 'NDCG@10': '0.1423', 'HR@20': '0.3641', 'NDCG@20': '0.1684'}
2025-06-13 23:46:35,394 - Validation score increased.  Saving model ...
2025-06-13 23:46:42,945 - {'epoch': 28, 'rec_loss': '4.5377'}
2025-06-13 23:46:47,321 - {'Epoch': 28, 'HR@5': '0.1733', 'NDCG@5': '0.1142', 'HR@10': '0.2617', 'NDCG@10': '0.1427', 'HR@20': '0.3630', 'NDCG@20': '0.1684'}
2025-06-13 23:46:47,323 - EarlyStopping counter: 1 out of 10
2025-06-13 23:46:54,894 - {'epoch': 29, 'rec_loss': '4.5308'}
2025-06-13 23:46:59,281 - {'Epoch': 29, 'HR@5': '0.1722', 'NDCG@5': '0.1138', 'HR@10': '0.2584', 'NDCG@10': '0.1415', 'HR@20': '0.3603', 'NDCG@20': '0.1672'}
2025-06-13 23:46:59,283 - EarlyStopping counter: 2 out of 10
2025-06-13 23:47:06,811 - {'epoch': 30, 'rec_loss': '4.5279'}
2025-06-13 23:47:11,221 - {'Epoch': 30, 'HR@5': '0.1718', 'NDCG@5': '0.1119', 'HR@10': '0.2588', 'NDCG@10': '0.1402', 'HR@20': '0.3641', 'NDCG@20': '0.1668'}
2025-06-13 23:47:11,224 - EarlyStopping counter: 3 out of 10
2025-06-13 23:47:18,696 - {'epoch': 31, 'rec_loss': '4.5138'}
2025-06-13 23:47:23,123 - {'Epoch': 31, 'HR@5': '0.1737', 'NDCG@5': '0.1136', 'HR@10': '0.2600', 'NDCG@10': '0.1415', 'HR@20': '0.3615', 'NDCG@20': '0.1671'}
2025-06-13 23:47:23,123 - EarlyStopping counter: 4 out of 10
2025-06-13 23:47:30,574 - {'epoch': 32, 'rec_loss': '4.5137'}
2025-06-13 23:47:34,952 - {'Epoch': 32, 'HR@5': '0.1708', 'NDCG@5': '0.1124', 'HR@10': '0.2594', 'NDCG@10': '0.1410', 'HR@20': '0.3615', 'NDCG@20': '0.1668'}
2025-06-13 23:47:34,953 - EarlyStopping counter: 5 out of 10
2025-06-13 23:47:42,474 - {'epoch': 33, 'rec_loss': '4.5074'}
2025-06-13 23:47:46,876 - {'Epoch': 33, 'HR@5': '0.1731', 'NDCG@5': '0.1131', 'HR@10': '0.2590', 'NDCG@10': '0.1408', 'HR@20': '0.3613', 'NDCG@20': '0.1666'}
2025-06-13 23:47:46,877 - EarlyStopping counter: 6 out of 10
2025-06-13 23:47:54,296 - {'epoch': 34, 'rec_loss': '4.5032'}
2025-06-13 23:47:58,648 - {'Epoch': 34, 'HR@5': '0.1735', 'NDCG@5': '0.1142', 'HR@10': '0.2613', 'NDCG@10': '0.1425', 'HR@20': '0.3593', 'NDCG@20': '0.1673'}
2025-06-13 23:47:58,648 - EarlyStopping counter: 7 out of 10
2025-06-13 23:48:06,152 - {'epoch': 35, 'rec_loss': '4.4949'}
2025-06-13 23:48:10,522 - {'Epoch': 35, 'HR@5': '0.1719', 'NDCG@5': '0.1128', 'HR@10': '0.2590', 'NDCG@10': '0.1410', 'HR@20': '0.3594', 'NDCG@20': '0.1663'}
2025-06-13 23:48:10,523 - EarlyStopping counter: 8 out of 10
2025-06-13 23:48:18,012 - {'epoch': 36, 'rec_loss': '4.4959'}
2025-06-13 23:48:22,375 - {'Epoch': 36, 'HR@5': '0.1722', 'NDCG@5': '0.1126', 'HR@10': '0.2585', 'NDCG@10': '0.1404', 'HR@20': '0.3605', 'NDCG@20': '0.1662'}
2025-06-13 23:48:22,378 - EarlyStopping counter: 9 out of 10
2025-06-13 23:48:29,932 - {'epoch': 37, 'rec_loss': '4.4830'}
2025-06-13 23:48:34,276 - {'Epoch': 37, 'HR@5': '0.1711', 'NDCG@5': '0.1120', 'HR@10': '0.2594', 'NDCG@10': '0.1405', 'HR@20': '0.3613', 'NDCG@20': '0.1663'}
2025-06-13 23:48:34,278 - EarlyStopping counter: 10 out of 10
2025-06-13 23:48:34,278 - Early stopping
2025-06-13 23:48:34,279 - ---------------Validation Score---------------
2025-06-13 23:48:38,611 - {'Epoch': 0, 'HR@5': '0.1742', 'NDCG@5': '0.1146', 'HR@10': '0.2605', 'NDCG@10': '0.1423', 'HR@20': '0.3641', 'NDCG@20': '0.1684'}
2025-06-13 23:48:38,612 - BSARec_Diginetica
2025-06-13 23:48:38,612 - {'Epoch': 0, 'HR@5': '0.1742', 'NDCG@5': '0.1146', 'HR@10': '0.2605', 'NDCG@10': '0.1423', 'HR@20': '0.3641', 'NDCG@20': '0.1684'}
