2025-06-13 23:56:30,855 - Namespace(data_dir='data/self_processed/', output_dir='hparam_search/', data_name='Diginetica', train_name='BSARec_Diginetica', num_items=10, num_users=14829, lr=0.0005, batch_size=256, epochs=200, no_cuda=False, log_freq=1, patience=10, num_workers=4, seed=42, weight_decay=0.0, adam_beta1=0.9, adam_beta2=0.999, gpu_id='0', variance=5, model_type='BSARec', max_seq_length=50, hidden_size=64, num_hidden_layers=2, hidden_act='gelu', num_attention_heads=1, attention_probs_dropout_prob=0.5, hidden_dropout_prob=0.5, initializer_range=0.02, c=3, alpha=0.3, cuda_condition=True, data_file='data/self_processed/Diginetica.txt', item_size=9441, checkpoint_path=PosixPath('/gpfs/home3/scur2771/BSARec/BSARec/src/hparam_search/BSARec_Diginetica/12367757_82/model.pt'), same_target_path='data/self_processed/Diginetica_same_target.npy')
2025-06-13 23:56:30,873 - BSARecModel(
  (item_embeddings): Embedding(9441, 64, padding_idx=0)
  (position_embeddings): Embedding(50, 64)
  (LayerNorm): LayerNorm()
  (dropout): Dropout(p=0.5, inplace=False)
  (item_encoder): BSARecEncoder(
    (blocks): ModuleList(
      (0): BSARecBlock(
        (layer): BSARecLayer(
          (filter_layer): FrequencyLayer(
            (out_dropout): Dropout(p=0.5, inplace=False)
            (LayerNorm): LayerNorm()
          )
          (attention_layer): MultiHeadAttention(
            (query): Linear(in_features=64, out_features=64, bias=True)
            (key): Linear(in_features=64, out_features=64, bias=True)
            (value): Linear(in_features=64, out_features=64, bias=True)
            (softmax): Softmax(dim=-1)
            (attn_dropout): Dropout(p=0.5, inplace=False)
            (dense): Linear(in_features=64, out_features=64, bias=True)
            (LayerNorm): LayerNorm((64,), eps=1e-12, elementwise_affine=True)
            (out_dropout): Dropout(p=0.5, inplace=False)
          )
        )
        (feed_forward): FeedForward(
          (dense_1): Linear(in_features=64, out_features=256, bias=True)
          (dense_2): Linear(in_features=256, out_features=64, bias=True)
          (LayerNorm): LayerNorm()
          (dropout): Dropout(p=0.5, inplace=False)
        )
      )
      (1): BSARecBlock(
        (layer): BSARecLayer(
          (filter_layer): FrequencyLayer(
            (out_dropout): Dropout(p=0.5, inplace=False)
            (LayerNorm): LayerNorm()
          )
          (attention_layer): MultiHeadAttention(
            (query): Linear(in_features=64, out_features=64, bias=True)
            (key): Linear(in_features=64, out_features=64, bias=True)
            (value): Linear(in_features=64, out_features=64, bias=True)
            (softmax): Softmax(dim=-1)
            (attn_dropout): Dropout(p=0.5, inplace=False)
            (dense): Linear(in_features=64, out_features=64, bias=True)
            (LayerNorm): LayerNorm((64,), eps=1e-12, elementwise_affine=True)
            (out_dropout): Dropout(p=0.5, inplace=False)
          )
        )
        (feed_forward): FeedForward(
          (dense_1): Linear(in_features=64, out_features=256, bias=True)
          (dense_2): Linear(in_features=256, out_features=64, bias=True)
          (LayerNorm): LayerNorm()
          (dropout): Dropout(p=0.5, inplace=False)
        )
      )
    )
  )
)
2025-06-13 23:56:33,088 - Total Parameters: 707904
2025-06-13 23:56:41,810 - {'epoch': 0, 'rec_loss': '8.8064'}
2025-06-13 23:56:46,104 - {'Epoch': 0, 'HR@5': '0.0075', 'NDCG@5': '0.0048', 'HR@10': '0.0121', 'NDCG@10': '0.0063', 'HR@20': '0.0180', 'NDCG@20': '0.0078'}
2025-06-13 23:56:46,106 - Validation score increased.  Saving model ...
2025-06-13 23:56:53,613 - {'epoch': 1, 'rec_loss': '8.3337'}
2025-06-13 23:56:58,085 - {'Epoch': 1, 'HR@5': '0.0469', 'NDCG@5': '0.0326', 'HR@10': '0.0676', 'NDCG@10': '0.0392', 'HR@20': '0.0922', 'NDCG@20': '0.0455'}
2025-06-13 23:56:58,086 - Validation score increased.  Saving model ...
2025-06-13 23:57:05,391 - {'epoch': 2, 'rec_loss': '7.6450'}
2025-06-13 23:57:09,837 - {'Epoch': 2, 'HR@5': '0.0863', 'NDCG@5': '0.0572', 'HR@10': '0.1335', 'NDCG@10': '0.0724', 'HR@20': '0.1855', 'NDCG@20': '0.0855'}
2025-06-13 23:57:09,838 - Validation score increased.  Saving model ...
2025-06-13 23:57:17,285 - {'epoch': 3, 'rec_loss': '6.8535'}
2025-06-13 23:57:21,749 - {'Epoch': 3, 'HR@5': '0.1126', 'NDCG@5': '0.0740', 'HR@10': '0.1712', 'NDCG@10': '0.0928', 'HR@20': '0.2363', 'NDCG@20': '0.1092'}
2025-06-13 23:57:21,751 - Validation score increased.  Saving model ...
2025-06-13 23:57:29,217 - {'epoch': 4, 'rec_loss': '6.2119'}
2025-06-13 23:57:33,720 - {'Epoch': 4, 'HR@5': '0.1280', 'NDCG@5': '0.0841', 'HR@10': '0.1961', 'NDCG@10': '0.1061', 'HR@20': '0.2716', 'NDCG@20': '0.1252'}
2025-06-13 23:57:33,722 - Validation score increased.  Saving model ...
2025-06-13 23:57:41,144 - {'epoch': 5, 'rec_loss': '5.7484'}
2025-06-13 23:57:45,531 - {'Epoch': 5, 'HR@5': '0.1436', 'NDCG@5': '0.0940', 'HR@10': '0.2145', 'NDCG@10': '0.1168', 'HR@20': '0.2990', 'NDCG@20': '0.1380'}
2025-06-13 23:57:45,532 - Validation score increased.  Saving model ...
2025-06-13 23:57:52,923 - {'epoch': 6, 'rec_loss': '5.4317'}
2025-06-13 23:57:57,351 - {'Epoch': 6, 'HR@5': '0.1518', 'NDCG@5': '0.0998', 'HR@10': '0.2276', 'NDCG@10': '0.1242', 'HR@20': '0.3172', 'NDCG@20': '0.1468'}
2025-06-13 23:57:57,353 - Validation score increased.  Saving model ...
2025-06-13 23:58:04,735 - {'epoch': 7, 'rec_loss': '5.2089'}
2025-06-13 23:58:09,212 - {'Epoch': 7, 'HR@5': '0.1567', 'NDCG@5': '0.1032', 'HR@10': '0.2376', 'NDCG@10': '0.1293', 'HR@20': '0.3327', 'NDCG@20': '0.1533'}
2025-06-13 23:58:09,213 - Validation score increased.  Saving model ...
2025-06-13 23:58:16,668 - {'epoch': 8, 'rec_loss': '5.0521'}
2025-06-13 23:58:21,105 - {'Epoch': 8, 'HR@5': '0.1638', 'NDCG@5': '0.1078', 'HR@10': '0.2467', 'NDCG@10': '0.1345', 'HR@20': '0.3408', 'NDCG@20': '0.1583'}
2025-06-13 23:58:21,107 - Validation score increased.  Saving model ...
2025-06-13 23:58:28,598 - {'epoch': 9, 'rec_loss': '4.9432'}
2025-06-13 23:58:33,132 - {'Epoch': 9, 'HR@5': '0.1694', 'NDCG@5': '0.1104', 'HR@10': '0.2505', 'NDCG@10': '0.1364', 'HR@20': '0.3467', 'NDCG@20': '0.1608'}
2025-06-13 23:58:33,133 - Validation score increased.  Saving model ...
2025-06-13 23:58:40,585 - {'epoch': 10, 'rec_loss': '4.8613'}
2025-06-13 23:58:45,068 - {'Epoch': 10, 'HR@5': '0.1679', 'NDCG@5': '0.1102', 'HR@10': '0.2525', 'NDCG@10': '0.1375', 'HR@20': '0.3530', 'NDCG@20': '0.1629'}
2025-06-13 23:58:45,069 - Validation score increased.  Saving model ...
2025-06-13 23:58:52,504 - {'epoch': 11, 'rec_loss': '4.7987'}
2025-06-13 23:58:57,034 - {'Epoch': 11, 'HR@5': '0.1706', 'NDCG@5': '0.1128', 'HR@10': '0.2586', 'NDCG@10': '0.1411', 'HR@20': '0.3572', 'NDCG@20': '0.1659'}
2025-06-13 23:58:57,034 - Validation score increased.  Saving model ...
2025-06-13 23:59:04,554 - {'epoch': 12, 'rec_loss': '4.7575'}
2025-06-13 23:59:09,001 - {'Epoch': 12, 'HR@5': '0.1728', 'NDCG@5': '0.1126', 'HR@10': '0.2607', 'NDCG@10': '0.1408', 'HR@20': '0.3570', 'NDCG@20': '0.1652'}
2025-06-13 23:59:09,005 - EarlyStopping counter: 1 out of 10
2025-06-13 23:59:16,405 - {'epoch': 13, 'rec_loss': '4.7233'}
2025-06-13 23:59:20,897 - {'Epoch': 13, 'HR@5': '0.1737', 'NDCG@5': '0.1151', 'HR@10': '0.2596', 'NDCG@10': '0.1428', 'HR@20': '0.3591', 'NDCG@20': '0.1680'}
2025-06-13 23:59:20,899 - Validation score increased.  Saving model ...
2025-06-13 23:59:28,363 - {'epoch': 14, 'rec_loss': '4.6940'}
2025-06-13 23:59:32,788 - {'Epoch': 14, 'HR@5': '0.1741', 'NDCG@5': '0.1144', 'HR@10': '0.2607', 'NDCG@10': '0.1423', 'HR@20': '0.3600', 'NDCG@20': '0.1674'}
2025-06-13 23:59:32,790 - EarlyStopping counter: 1 out of 10
2025-06-13 23:59:40,231 - {'epoch': 15, 'rec_loss': '4.6740'}
2025-06-13 23:59:44,765 - {'Epoch': 15, 'HR@5': '0.1714', 'NDCG@5': '0.1143', 'HR@10': '0.2614', 'NDCG@10': '0.1432', 'HR@20': '0.3621', 'NDCG@20': '0.1687'}
2025-06-13 23:59:44,767 - Validation score increased.  Saving model ...
2025-06-13 23:59:52,158 - {'epoch': 16, 'rec_loss': '4.6543'}
2025-06-13 23:59:56,675 - {'Epoch': 16, 'HR@5': '0.1747', 'NDCG@5': '0.1151', 'HR@10': '0.2630', 'NDCG@10': '0.1435', 'HR@20': '0.3613', 'NDCG@20': '0.1684'}
2025-06-13 23:59:56,677 - EarlyStopping counter: 1 out of 10
2025-06-14 00:00:04,142 - {'epoch': 17, 'rec_loss': '4.6328'}
2025-06-14 00:00:08,653 - {'Epoch': 17, 'HR@5': '0.1749', 'NDCG@5': '0.1145', 'HR@10': '0.2617', 'NDCG@10': '0.1425', 'HR@20': '0.3629', 'NDCG@20': '0.1681'}
2025-06-14 00:00:08,656 - EarlyStopping counter: 2 out of 10
2025-06-14 00:00:16,067 - {'epoch': 18, 'rec_loss': '4.6192'}
2025-06-14 00:00:20,520 - {'Epoch': 18, 'HR@5': '0.1769', 'NDCG@5': '0.1160', 'HR@10': '0.2614', 'NDCG@10': '0.1433', 'HR@20': '0.3637', 'NDCG@20': '0.1691'}
2025-06-14 00:00:20,522 - Validation score increased.  Saving model ...
2025-06-14 00:00:27,969 - {'epoch': 19, 'rec_loss': '4.6107'}
2025-06-14 00:00:32,499 - {'Epoch': 19, 'HR@5': '0.1752', 'NDCG@5': '0.1148', 'HR@10': '0.2621', 'NDCG@10': '0.1427', 'HR@20': '0.3632', 'NDCG@20': '0.1684'}
2025-06-14 00:00:32,501 - EarlyStopping counter: 1 out of 10
2025-06-14 00:00:40,074 - {'epoch': 20, 'rec_loss': '4.5940'}
2025-06-14 00:00:44,600 - {'Epoch': 20, 'HR@5': '0.1753', 'NDCG@5': '0.1153', 'HR@10': '0.2636', 'NDCG@10': '0.1438', 'HR@20': '0.3643', 'NDCG@20': '0.1693'}
2025-06-14 00:00:44,601 - Validation score increased.  Saving model ...
2025-06-14 00:00:52,096 - {'epoch': 21, 'rec_loss': '4.5870'}
2025-06-14 00:00:56,610 - {'Epoch': 21, 'HR@5': '0.1762', 'NDCG@5': '0.1153', 'HR@10': '0.2628', 'NDCG@10': '0.1432', 'HR@20': '0.3660', 'NDCG@20': '0.1693'}
2025-06-14 00:00:56,612 - EarlyStopping counter: 1 out of 10
2025-06-14 00:01:04,011 - {'epoch': 22, 'rec_loss': '4.5775'}
2025-06-14 00:01:08,543 - {'Epoch': 22, 'HR@5': '0.1748', 'NDCG@5': '0.1153', 'HR@10': '0.2664', 'NDCG@10': '0.1448', 'HR@20': '0.3669', 'NDCG@20': '0.1702'}
2025-06-14 00:01:08,544 - Validation score increased.  Saving model ...
2025-06-14 00:01:15,932 - {'epoch': 23, 'rec_loss': '4.5670'}
2025-06-14 00:01:20,391 - {'Epoch': 23, 'HR@5': '0.1755', 'NDCG@5': '0.1145', 'HR@10': '0.2630', 'NDCG@10': '0.1426', 'HR@20': '0.3645', 'NDCG@20': '0.1683'}
2025-06-14 00:01:20,393 - EarlyStopping counter: 1 out of 10
2025-06-14 00:01:27,777 - {'epoch': 24, 'rec_loss': '4.5609'}
2025-06-14 00:01:32,286 - {'Epoch': 24, 'HR@5': '0.1754', 'NDCG@5': '0.1145', 'HR@10': '0.2631', 'NDCG@10': '0.1428', 'HR@20': '0.3658', 'NDCG@20': '0.1688'}
2025-06-14 00:01:32,288 - EarlyStopping counter: 2 out of 10
2025-06-14 00:01:39,870 - {'epoch': 25, 'rec_loss': '4.5440'}
2025-06-14 00:01:44,323 - {'Epoch': 25, 'HR@5': '0.1770', 'NDCG@5': '0.1164', 'HR@10': '0.2643', 'NDCG@10': '0.1446', 'HR@20': '0.3656', 'NDCG@20': '0.1702'}
2025-06-14 00:01:44,324 - EarlyStopping counter: 3 out of 10
2025-06-14 00:01:51,845 - {'epoch': 26, 'rec_loss': '4.5437'}
2025-06-14 00:01:56,376 - {'Epoch': 26, 'HR@5': '0.1764', 'NDCG@5': '0.1157', 'HR@10': '0.2627', 'NDCG@10': '0.1436', 'HR@20': '0.3645', 'NDCG@20': '0.1695'}
2025-06-14 00:01:56,378 - EarlyStopping counter: 4 out of 10
2025-06-14 00:02:03,831 - {'epoch': 27, 'rec_loss': '4.5361'}
2025-06-14 00:02:08,305 - {'Epoch': 27, 'HR@5': '0.1751', 'NDCG@5': '0.1152', 'HR@10': '0.2644', 'NDCG@10': '0.1440', 'HR@20': '0.3657', 'NDCG@20': '0.1696'}
2025-06-14 00:02:08,307 - EarlyStopping counter: 5 out of 10
2025-06-14 00:02:15,811 - {'epoch': 28, 'rec_loss': '4.5304'}
2025-06-14 00:02:20,345 - {'Epoch': 28, 'HR@5': '0.1765', 'NDCG@5': '0.1161', 'HR@10': '0.2631', 'NDCG@10': '0.1440', 'HR@20': '0.3683', 'NDCG@20': '0.1706'}
2025-06-14 00:02:20,347 - Validation score increased.  Saving model ...
2025-06-14 00:02:27,727 - {'epoch': 29, 'rec_loss': '4.5204'}
2025-06-14 00:02:32,175 - {'Epoch': 29, 'HR@5': '0.1747', 'NDCG@5': '0.1160', 'HR@10': '0.2627', 'NDCG@10': '0.1443', 'HR@20': '0.3626', 'NDCG@20': '0.1695'}
2025-06-14 00:02:32,177 - EarlyStopping counter: 1 out of 10
2025-06-14 00:02:39,719 - {'epoch': 30, 'rec_loss': '4.5148'}
2025-06-14 00:02:44,224 - {'Epoch': 30, 'HR@5': '0.1780', 'NDCG@5': '0.1159', 'HR@10': '0.2639', 'NDCG@10': '0.1436', 'HR@20': '0.3659', 'NDCG@20': '0.1693'}
2025-06-14 00:02:44,226 - EarlyStopping counter: 2 out of 10
2025-06-14 00:02:51,594 - {'epoch': 31, 'rec_loss': '4.5133'}
2025-06-14 00:02:56,065 - {'Epoch': 31, 'HR@5': '0.1751', 'NDCG@5': '0.1148', 'HR@10': '0.2642', 'NDCG@10': '0.1435', 'HR@20': '0.3655', 'NDCG@20': '0.1692'}
2025-06-14 00:02:56,067 - EarlyStopping counter: 3 out of 10
2025-06-14 00:03:03,467 - {'epoch': 32, 'rec_loss': '4.5055'}
2025-06-14 00:03:08,038 - {'Epoch': 32, 'HR@5': '0.1758', 'NDCG@5': '0.1149', 'HR@10': '0.2650', 'NDCG@10': '0.1437', 'HR@20': '0.3644', 'NDCG@20': '0.1688'}
2025-06-14 00:03:08,040 - EarlyStopping counter: 4 out of 10
2025-06-14 00:03:15,478 - {'epoch': 33, 'rec_loss': '4.4992'}
2025-06-14 00:03:20,031 - {'Epoch': 33, 'HR@5': '0.1737', 'NDCG@5': '0.1136', 'HR@10': '0.2651', 'NDCG@10': '0.1430', 'HR@20': '0.3649', 'NDCG@20': '0.1681'}
2025-06-14 00:03:20,033 - EarlyStopping counter: 5 out of 10
2025-06-14 00:03:27,443 - {'epoch': 34, 'rec_loss': '4.4941'}
2025-06-14 00:03:31,974 - {'Epoch': 34, 'HR@5': '0.1779', 'NDCG@5': '0.1160', 'HR@10': '0.2644', 'NDCG@10': '0.1439', 'HR@20': '0.3631', 'NDCG@20': '0.1688'}
2025-06-14 00:03:31,975 - EarlyStopping counter: 6 out of 10
2025-06-14 00:03:39,372 - {'epoch': 35, 'rec_loss': '4.4897'}
2025-06-14 00:03:43,861 - {'Epoch': 35, 'HR@5': '0.1764', 'NDCG@5': '0.1153', 'HR@10': '0.2634', 'NDCG@10': '0.1433', 'HR@20': '0.3616', 'NDCG@20': '0.1682'}
2025-06-14 00:03:43,863 - EarlyStopping counter: 7 out of 10
2025-06-14 00:03:51,261 - {'epoch': 36, 'rec_loss': '4.4869'}
2025-06-14 00:03:55,751 - {'Epoch': 36, 'HR@5': '0.1757', 'NDCG@5': '0.1154', 'HR@10': '0.2617', 'NDCG@10': '0.1432', 'HR@20': '0.3653', 'NDCG@20': '0.1694'}
2025-06-14 00:03:55,752 - EarlyStopping counter: 8 out of 10
2025-06-14 00:04:03,213 - {'epoch': 37, 'rec_loss': '4.4831'}
2025-06-14 00:04:07,635 - {'Epoch': 37, 'HR@5': '0.1783', 'NDCG@5': '0.1159', 'HR@10': '0.2636', 'NDCG@10': '0.1434', 'HR@20': '0.3653', 'NDCG@20': '0.1691'}
2025-06-14 00:04:07,637 - EarlyStopping counter: 9 out of 10
2025-06-14 00:04:15,053 - {'epoch': 38, 'rec_loss': '4.4756'}
2025-06-14 00:04:19,544 - {'Epoch': 38, 'HR@5': '0.1745', 'NDCG@5': '0.1146', 'HR@10': '0.2635', 'NDCG@10': '0.1433', 'HR@20': '0.3653', 'NDCG@20': '0.1691'}
2025-06-14 00:04:19,546 - EarlyStopping counter: 10 out of 10
2025-06-14 00:04:19,546 - Early stopping
2025-06-14 00:04:19,546 - ---------------Validation Score---------------
2025-06-14 00:04:23,989 - {'Epoch': 0, 'HR@5': '0.1765', 'NDCG@5': '0.1161', 'HR@10': '0.2631', 'NDCG@10': '0.1440', 'HR@20': '0.3683', 'NDCG@20': '0.1706'}
2025-06-14 00:04:23,990 - BSARec_Diginetica
2025-06-14 00:04:23,990 - {'Epoch': 0, 'HR@5': '0.1765', 'NDCG@5': '0.1161', 'HR@10': '0.2631', 'NDCG@10': '0.1440', 'HR@20': '0.3683', 'NDCG@20': '0.1706'}
