2025-06-13 23:57:01,623 - Namespace(data_dir='data/self_processed/', output_dir='hparam_search/', data_name='Diginetica', train_name='BSARec_Diginetica', num_items=10, num_users=14829, lr=0.0005, batch_size=256, epochs=200, no_cuda=False, log_freq=1, patience=10, num_workers=4, seed=42, weight_decay=0.0, adam_beta1=0.9, adam_beta2=0.999, gpu_id='0', variance=5, model_type='BSARec', max_seq_length=50, hidden_size=64, num_hidden_layers=2, hidden_act='gelu', num_attention_heads=1, attention_probs_dropout_prob=0.5, hidden_dropout_prob=0.5, initializer_range=0.02, c=3, alpha=0.9, cuda_condition=True, data_file='data/self_processed/Diginetica.txt', item_size=9441, checkpoint_path=PosixPath('/gpfs/home3/scur2771/BSARec/BSARec/src/hparam_search/BSARec_Diginetica/12367757_85/model.pt'), same_target_path='data/self_processed/Diginetica_same_target.npy')
2025-06-13 23:57:01,641 - BSARecModel(
  (item_embeddings): Embedding(9441, 64, padding_idx=0)
  (position_embeddings): Embedding(50, 64)
  (LayerNorm): LayerNorm()
  (dropout): Dropout(p=0.5, inplace=False)
  (item_encoder): BSARecEncoder(
    (blocks): ModuleList(
      (0): BSARecBlock(
        (layer): BSARecLayer(
          (filter_layer): FrequencyLayer(
            (out_dropout): Dropout(p=0.5, inplace=False)
            (LayerNorm): LayerNorm()
          )
          (attention_layer): MultiHeadAttention(
            (query): Linear(in_features=64, out_features=64, bias=True)
            (key): Linear(in_features=64, out_features=64, bias=True)
            (value): Linear(in_features=64, out_features=64, bias=True)
            (softmax): Softmax(dim=-1)
            (attn_dropout): Dropout(p=0.5, inplace=False)
            (dense): Linear(in_features=64, out_features=64, bias=True)
            (LayerNorm): LayerNorm((64,), eps=1e-12, elementwise_affine=True)
            (out_dropout): Dropout(p=0.5, inplace=False)
          )
        )
        (feed_forward): FeedForward(
          (dense_1): Linear(in_features=64, out_features=256, bias=True)
          (dense_2): Linear(in_features=256, out_features=64, bias=True)
          (LayerNorm): LayerNorm()
          (dropout): Dropout(p=0.5, inplace=False)
        )
      )
      (1): BSARecBlock(
        (layer): BSARecLayer(
          (filter_layer): FrequencyLayer(
            (out_dropout): Dropout(p=0.5, inplace=False)
            (LayerNorm): LayerNorm()
          )
          (attention_layer): MultiHeadAttention(
            (query): Linear(in_features=64, out_features=64, bias=True)
            (key): Linear(in_features=64, out_features=64, bias=True)
            (value): Linear(in_features=64, out_features=64, bias=True)
            (softmax): Softmax(dim=-1)
            (attn_dropout): Dropout(p=0.5, inplace=False)
            (dense): Linear(in_features=64, out_features=64, bias=True)
            (LayerNorm): LayerNorm((64,), eps=1e-12, elementwise_affine=True)
            (out_dropout): Dropout(p=0.5, inplace=False)
          )
        )
        (feed_forward): FeedForward(
          (dense_1): Linear(in_features=64, out_features=256, bias=True)
          (dense_2): Linear(in_features=256, out_features=64, bias=True)
          (LayerNorm): LayerNorm()
          (dropout): Dropout(p=0.5, inplace=False)
        )
      )
    )
  )
)
2025-06-13 23:57:03,807 - Total Parameters: 707904
2025-06-13 23:57:12,361 - {'epoch': 0, 'rec_loss': '8.8514'}
2025-06-13 23:57:16,456 - {'Epoch': 0, 'HR@5': '0.0042', 'NDCG@5': '0.0025', 'HR@10': '0.0079', 'NDCG@10': '0.0037', 'HR@20': '0.0122', 'NDCG@20': '0.0047'}
2025-06-13 23:57:16,457 - Validation score increased.  Saving model ...
2025-06-13 23:57:23,860 - {'epoch': 1, 'rec_loss': '8.4777'}
2025-06-13 23:57:27,970 - {'Epoch': 1, 'HR@5': '0.0167', 'NDCG@5': '0.0117', 'HR@10': '0.0257', 'NDCG@10': '0.0146', 'HR@20': '0.0380', 'NDCG@20': '0.0176'}
2025-06-13 23:57:27,972 - Validation score increased.  Saving model ...
2025-06-13 23:57:35,370 - {'epoch': 2, 'rec_loss': '8.0106'}
2025-06-13 23:57:39,471 - {'Epoch': 2, 'HR@5': '0.0543', 'NDCG@5': '0.0367', 'HR@10': '0.0795', 'NDCG@10': '0.0449', 'HR@20': '0.1107', 'NDCG@20': '0.0527'}
2025-06-13 23:57:39,472 - Validation score increased.  Saving model ...
2025-06-13 23:57:46,946 - {'epoch': 3, 'rec_loss': '7.3269'}
2025-06-13 23:57:51,156 - {'Epoch': 3, 'HR@5': '0.0897', 'NDCG@5': '0.0592', 'HR@10': '0.1370', 'NDCG@10': '0.0745', 'HR@20': '0.1919', 'NDCG@20': '0.0884'}
2025-06-13 23:57:51,157 - Validation score increased.  Saving model ...
2025-06-13 23:57:58,548 - {'epoch': 4, 'rec_loss': '6.6214'}
2025-06-13 23:58:02,816 - {'Epoch': 4, 'HR@5': '0.1144', 'NDCG@5': '0.0747', 'HR@10': '0.1741', 'NDCG@10': '0.0939', 'HR@20': '0.2402', 'NDCG@20': '0.1105'}
2025-06-13 23:58:02,818 - Validation score increased.  Saving model ...
2025-06-13 23:58:10,196 - {'epoch': 5, 'rec_loss': '6.0587'}
2025-06-13 23:58:14,480 - {'Epoch': 5, 'HR@5': '0.1306', 'NDCG@5': '0.0856', 'HR@10': '0.1981', 'NDCG@10': '0.1073', 'HR@20': '0.2771', 'NDCG@20': '0.1273'}
2025-06-13 23:58:14,481 - Validation score increased.  Saving model ...
2025-06-13 23:58:21,823 - {'epoch': 6, 'rec_loss': '5.6561'}
2025-06-13 23:58:26,186 - {'Epoch': 6, 'HR@5': '0.1429', 'NDCG@5': '0.0940', 'HR@10': '0.2168', 'NDCG@10': '0.1178', 'HR@20': '0.3022', 'NDCG@20': '0.1394'}
2025-06-13 23:58:26,187 - Validation score increased.  Saving model ...
2025-06-13 23:58:33,585 - {'epoch': 7, 'rec_loss': '5.3726'}
2025-06-13 23:58:37,963 - {'Epoch': 7, 'HR@5': '0.1508', 'NDCG@5': '0.0997', 'HR@10': '0.2288', 'NDCG@10': '0.1248', 'HR@20': '0.3203', 'NDCG@20': '0.1480'}
2025-06-13 23:58:37,964 - Validation score increased.  Saving model ...
2025-06-13 23:58:45,264 - {'epoch': 8, 'rec_loss': '5.1706'}
2025-06-13 23:58:49,667 - {'Epoch': 8, 'HR@5': '0.1592', 'NDCG@5': '0.1048', 'HR@10': '0.2406', 'NDCG@10': '0.1310', 'HR@20': '0.3319', 'NDCG@20': '0.1541'}
2025-06-13 23:58:49,669 - Validation score increased.  Saving model ...
2025-06-13 23:58:57,089 - {'epoch': 9, 'rec_loss': '5.0327'}
2025-06-13 23:59:01,474 - {'Epoch': 9, 'HR@5': '0.1648', 'NDCG@5': '0.1081', 'HR@10': '0.2460', 'NDCG@10': '0.1342', 'HR@20': '0.3421', 'NDCG@20': '0.1586'}
2025-06-13 23:59:01,476 - Validation score increased.  Saving model ...
2025-06-13 23:59:08,848 - {'epoch': 10, 'rec_loss': '4.9332'}
2025-06-13 23:59:13,177 - {'Epoch': 10, 'HR@5': '0.1672', 'NDCG@5': '0.1092', 'HR@10': '0.2499', 'NDCG@10': '0.1358', 'HR@20': '0.3485', 'NDCG@20': '0.1608'}
2025-06-13 23:59:13,179 - Validation score increased.  Saving model ...
2025-06-13 23:59:20,613 - {'epoch': 11, 'rec_loss': '4.8550'}
2025-06-13 23:59:24,979 - {'Epoch': 11, 'HR@5': '0.1672', 'NDCG@5': '0.1105', 'HR@10': '0.2563', 'NDCG@10': '0.1391', 'HR@20': '0.3525', 'NDCG@20': '0.1634'}
2025-06-13 23:59:24,981 - Validation score increased.  Saving model ...
2025-06-13 23:59:32,353 - {'epoch': 12, 'rec_loss': '4.8015'}
2025-06-13 23:59:36,720 - {'Epoch': 12, 'HR@5': '0.1726', 'NDCG@5': '0.1132', 'HR@10': '0.2578', 'NDCG@10': '0.1405', 'HR@20': '0.3564', 'NDCG@20': '0.1654'}
2025-06-13 23:59:36,722 - Validation score increased.  Saving model ...
2025-06-13 23:59:44,133 - {'epoch': 13, 'rec_loss': '4.7622'}
2025-06-13 23:59:48,450 - {'Epoch': 13, 'HR@5': '0.1720', 'NDCG@5': '0.1141', 'HR@10': '0.2586', 'NDCG@10': '0.1419', 'HR@20': '0.3573', 'NDCG@20': '0.1669'}
2025-06-13 23:59:48,451 - Validation score increased.  Saving model ...
2025-06-13 23:59:55,903 - {'epoch': 14, 'rec_loss': '4.7251'}
2025-06-14 00:00:00,291 - {'Epoch': 14, 'HR@5': '0.1723', 'NDCG@5': '0.1136', 'HR@10': '0.2605', 'NDCG@10': '0.1420', 'HR@20': '0.3600', 'NDCG@20': '0.1672'}
2025-06-14 00:00:00,294 - Validation score increased.  Saving model ...
2025-06-14 00:00:07,724 - {'epoch': 15, 'rec_loss': '4.6976'}
2025-06-14 00:00:12,072 - {'Epoch': 15, 'HR@5': '0.1715', 'NDCG@5': '0.1134', 'HR@10': '0.2609', 'NDCG@10': '0.1421', 'HR@20': '0.3623', 'NDCG@20': '0.1678'}
2025-06-14 00:00:12,074 - Validation score increased.  Saving model ...
2025-06-14 00:00:19,400 - {'epoch': 16, 'rec_loss': '4.6781'}
2025-06-14 00:00:23,736 - {'Epoch': 16, 'HR@5': '0.1734', 'NDCG@5': '0.1137', 'HR@10': '0.2613', 'NDCG@10': '0.1420', 'HR@20': '0.3609', 'NDCG@20': '0.1672'}
2025-06-14 00:00:23,738 - EarlyStopping counter: 1 out of 10
2025-06-14 00:00:31,099 - {'epoch': 17, 'rec_loss': '4.6548'}
2025-06-14 00:00:35,441 - {'Epoch': 17, 'HR@5': '0.1737', 'NDCG@5': '0.1140', 'HR@10': '0.2610', 'NDCG@10': '0.1421', 'HR@20': '0.3629', 'NDCG@20': '0.1678'}
2025-06-14 00:00:35,442 - Validation score increased.  Saving model ...
2025-06-14 00:00:42,888 - {'epoch': 18, 'rec_loss': '4.6360'}
2025-06-14 00:00:47,159 - {'Epoch': 18, 'HR@5': '0.1728', 'NDCG@5': '0.1141', 'HR@10': '0.2602', 'NDCG@10': '0.1423', 'HR@20': '0.3626', 'NDCG@20': '0.1682'}
2025-06-14 00:00:47,161 - Validation score increased.  Saving model ...
2025-06-14 00:00:54,614 - {'epoch': 19, 'rec_loss': '4.6228'}
2025-06-14 00:00:58,934 - {'Epoch': 19, 'HR@5': '0.1745', 'NDCG@5': '0.1143', 'HR@10': '0.2601', 'NDCG@10': '0.1418', 'HR@20': '0.3634', 'NDCG@20': '0.1679'}
2025-06-14 00:00:58,936 - EarlyStopping counter: 1 out of 10
2025-06-14 00:01:06,253 - {'epoch': 20, 'rec_loss': '4.6060'}
2025-06-14 00:01:10,709 - {'Epoch': 20, 'HR@5': '0.1778', 'NDCG@5': '0.1169', 'HR@10': '0.2619', 'NDCG@10': '0.1439', 'HR@20': '0.3650', 'NDCG@20': '0.1700'}
2025-06-14 00:01:10,711 - Validation score increased.  Saving model ...
2025-06-14 00:01:18,060 - {'epoch': 21, 'rec_loss': '4.5991'}
2025-06-14 00:01:22,504 - {'Epoch': 21, 'HR@5': '0.1751', 'NDCG@5': '0.1149', 'HR@10': '0.2627', 'NDCG@10': '0.1432', 'HR@20': '0.3643', 'NDCG@20': '0.1689'}
2025-06-14 00:01:22,506 - EarlyStopping counter: 1 out of 10
2025-06-14 00:01:29,915 - {'epoch': 22, 'rec_loss': '4.5884'}
2025-06-14 00:01:34,352 - {'Epoch': 22, 'HR@5': '0.1752', 'NDCG@5': '0.1148', 'HR@10': '0.2654', 'NDCG@10': '0.1437', 'HR@20': '0.3650', 'NDCG@20': '0.1689'}
2025-06-14 00:01:34,355 - EarlyStopping counter: 2 out of 10
2025-06-14 00:01:41,767 - {'epoch': 23, 'rec_loss': '4.5755'}
2025-06-14 00:01:46,122 - {'Epoch': 23, 'HR@5': '0.1753', 'NDCG@5': '0.1144', 'HR@10': '0.2613', 'NDCG@10': '0.1421', 'HR@20': '0.3642', 'NDCG@20': '0.1682'}
2025-06-14 00:01:46,123 - EarlyStopping counter: 3 out of 10
2025-06-14 00:01:53,515 - {'epoch': 24, 'rec_loss': '4.5669'}
2025-06-14 00:01:57,880 - {'Epoch': 24, 'HR@5': '0.1743', 'NDCG@5': '0.1144', 'HR@10': '0.2629', 'NDCG@10': '0.1430', 'HR@20': '0.3651', 'NDCG@20': '0.1688'}
2025-06-14 00:01:57,882 - EarlyStopping counter: 4 out of 10
2025-06-14 00:02:05,218 - {'epoch': 25, 'rec_loss': '4.5469'}
2025-06-14 00:02:09,546 - {'Epoch': 25, 'HR@5': '0.1757', 'NDCG@5': '0.1155', 'HR@10': '0.2648', 'NDCG@10': '0.1442', 'HR@20': '0.3651', 'NDCG@20': '0.1695'}
2025-06-14 00:02:09,548 - EarlyStopping counter: 5 out of 10
2025-06-14 00:02:16,919 - {'epoch': 26, 'rec_loss': '4.5463'}
2025-06-14 00:02:21,259 - {'Epoch': 26, 'HR@5': '0.1746', 'NDCG@5': '0.1154', 'HR@10': '0.2620', 'NDCG@10': '0.1436', 'HR@20': '0.3648', 'NDCG@20': '0.1696'}
2025-06-14 00:02:21,261 - EarlyStopping counter: 6 out of 10
2025-06-14 00:02:28,745 - {'epoch': 27, 'rec_loss': '4.5388'}
2025-06-14 00:02:33,074 - {'Epoch': 27, 'HR@5': '0.1747', 'NDCG@5': '0.1148', 'HR@10': '0.2663', 'NDCG@10': '0.1443', 'HR@20': '0.3646', 'NDCG@20': '0.1692'}
2025-06-14 00:02:33,076 - EarlyStopping counter: 7 out of 10
2025-06-14 00:02:40,553 - {'epoch': 28, 'rec_loss': '4.5230'}
2025-06-14 00:02:44,912 - {'Epoch': 28, 'HR@5': '0.1739', 'NDCG@5': '0.1150', 'HR@10': '0.2640', 'NDCG@10': '0.1441', 'HR@20': '0.3649', 'NDCG@20': '0.1696'}
2025-06-14 00:02:44,913 - EarlyStopping counter: 8 out of 10
2025-06-14 00:02:52,352 - {'epoch': 29, 'rec_loss': '4.5188'}
2025-06-14 00:02:56,699 - {'Epoch': 29, 'HR@5': '0.1736', 'NDCG@5': '0.1147', 'HR@10': '0.2623', 'NDCG@10': '0.1434', 'HR@20': '0.3624', 'NDCG@20': '0.1686'}
2025-06-14 00:02:56,701 - EarlyStopping counter: 9 out of 10
2025-06-14 00:03:04,122 - {'epoch': 30, 'rec_loss': '4.5110'}
2025-06-14 00:03:08,483 - {'Epoch': 30, 'HR@5': '0.1740', 'NDCG@5': '0.1138', 'HR@10': '0.2624', 'NDCG@10': '0.1423', 'HR@20': '0.3654', 'NDCG@20': '0.1683'}
2025-06-14 00:03:08,485 - EarlyStopping counter: 10 out of 10
2025-06-14 00:03:08,485 - Early stopping
2025-06-14 00:03:08,485 - ---------------Validation Score---------------
2025-06-14 00:03:12,740 - {'Epoch': 0, 'HR@5': '0.1778', 'NDCG@5': '0.1169', 'HR@10': '0.2619', 'NDCG@10': '0.1439', 'HR@20': '0.3650', 'NDCG@20': '0.1700'}
2025-06-14 00:03:12,743 - BSARec_Diginetica
2025-06-14 00:03:12,743 - {'Epoch': 0, 'HR@5': '0.1778', 'NDCG@5': '0.1169', 'HR@10': '0.2619', 'NDCG@10': '0.1439', 'HR@20': '0.3650', 'NDCG@20': '0.1700'}
