2025-06-14 00:21:15,824 - Namespace(data_dir='data/self_processed/', output_dir='hparam_search/', data_name='Diginetica', train_name='BSARec_Diginetica', num_items=10, num_users=14829, lr=0.0005, batch_size=256, epochs=200, no_cuda=False, log_freq=1, patience=10, num_workers=4, seed=42, weight_decay=0.0, adam_beta1=0.9, adam_beta2=0.999, gpu_id='0', variance=5, model_type='BSARec', max_seq_length=50, hidden_size=64, num_hidden_layers=2, hidden_act='gelu', num_attention_heads=2, attention_probs_dropout_prob=0.5, hidden_dropout_prob=0.5, initializer_range=0.02, c=5, alpha=0.1, cuda_condition=True, data_file='data/self_processed/Diginetica.txt', item_size=9441, checkpoint_path=PosixPath('/gpfs/home3/scur2771/BSARec/BSARec/src/hparam_search/BSARec_Diginetica/12367757_111/model.pt'), same_target_path='data/self_processed/Diginetica_same_target.npy')
2025-06-14 00:21:15,841 - BSARecModel(
  (item_embeddings): Embedding(9441, 64, padding_idx=0)
  (position_embeddings): Embedding(50, 64)
  (LayerNorm): LayerNorm()
  (dropout): Dropout(p=0.5, inplace=False)
  (item_encoder): BSARecEncoder(
    (blocks): ModuleList(
      (0): BSARecBlock(
        (layer): BSARecLayer(
          (filter_layer): FrequencyLayer(
            (out_dropout): Dropout(p=0.5, inplace=False)
            (LayerNorm): LayerNorm()
          )
          (attention_layer): MultiHeadAttention(
            (query): Linear(in_features=64, out_features=64, bias=True)
            (key): Linear(in_features=64, out_features=64, bias=True)
            (value): Linear(in_features=64, out_features=64, bias=True)
            (softmax): Softmax(dim=-1)
            (attn_dropout): Dropout(p=0.5, inplace=False)
            (dense): Linear(in_features=64, out_features=64, bias=True)
            (LayerNorm): LayerNorm((64,), eps=1e-12, elementwise_affine=True)
            (out_dropout): Dropout(p=0.5, inplace=False)
          )
        )
        (feed_forward): FeedForward(
          (dense_1): Linear(in_features=64, out_features=256, bias=True)
          (dense_2): Linear(in_features=256, out_features=64, bias=True)
          (LayerNorm): LayerNorm()
          (dropout): Dropout(p=0.5, inplace=False)
        )
      )
      (1): BSARecBlock(
        (layer): BSARecLayer(
          (filter_layer): FrequencyLayer(
            (out_dropout): Dropout(p=0.5, inplace=False)
            (LayerNorm): LayerNorm()
          )
          (attention_layer): MultiHeadAttention(
            (query): Linear(in_features=64, out_features=64, bias=True)
            (key): Linear(in_features=64, out_features=64, bias=True)
            (value): Linear(in_features=64, out_features=64, bias=True)
            (softmax): Softmax(dim=-1)
            (attn_dropout): Dropout(p=0.5, inplace=False)
            (dense): Linear(in_features=64, out_features=64, bias=True)
            (LayerNorm): LayerNorm((64,), eps=1e-12, elementwise_affine=True)
            (out_dropout): Dropout(p=0.5, inplace=False)
          )
        )
        (feed_forward): FeedForward(
          (dense_1): Linear(in_features=64, out_features=256, bias=True)
          (dense_2): Linear(in_features=256, out_features=64, bias=True)
          (LayerNorm): LayerNorm()
          (dropout): Dropout(p=0.5, inplace=False)
        )
      )
    )
  )
)
2025-06-14 00:21:18,015 - Total Parameters: 707904
2025-06-14 00:21:26,553 - {'epoch': 0, 'rec_loss': '8.8015'}
2025-06-14 00:21:30,551 - {'Epoch': 0, 'HR@5': '0.0075', 'NDCG@5': '0.0050', 'HR@10': '0.0121', 'NDCG@10': '0.0065', 'HR@20': '0.0181', 'NDCG@20': '0.0080'}
2025-06-14 00:21:30,553 - Validation score increased.  Saving model ...
2025-06-14 00:21:38,018 - {'epoch': 1, 'rec_loss': '8.3093'}
2025-06-14 00:21:42,199 - {'Epoch': 1, 'HR@5': '0.0496', 'NDCG@5': '0.0341', 'HR@10': '0.0719', 'NDCG@10': '0.0412', 'HR@20': '0.0975', 'NDCG@20': '0.0477'}
2025-06-14 00:21:42,200 - Validation score increased.  Saving model ...
2025-06-14 00:21:49,748 - {'epoch': 2, 'rec_loss': '7.5832'}
2025-06-14 00:21:53,947 - {'Epoch': 2, 'HR@5': '0.0869', 'NDCG@5': '0.0572', 'HR@10': '0.1321', 'NDCG@10': '0.0718', 'HR@20': '0.1854', 'NDCG@20': '0.0852'}
2025-06-14 00:21:53,949 - Validation score increased.  Saving model ...
2025-06-14 00:22:01,439 - {'epoch': 3, 'rec_loss': '6.7861'}
2025-06-14 00:22:05,652 - {'Epoch': 3, 'HR@5': '0.1132', 'NDCG@5': '0.0744', 'HR@10': '0.1715', 'NDCG@10': '0.0931', 'HR@20': '0.2390', 'NDCG@20': '0.1102'}
2025-06-14 00:22:05,653 - Validation score increased.  Saving model ...
2025-06-14 00:22:13,093 - {'epoch': 4, 'rec_loss': '6.1525'}
2025-06-14 00:22:17,374 - {'Epoch': 4, 'HR@5': '0.1290', 'NDCG@5': '0.0853', 'HR@10': '0.1948', 'NDCG@10': '0.1066', 'HR@20': '0.2751', 'NDCG@20': '0.1269'}
2025-06-14 00:22:17,375 - Validation score increased.  Saving model ...
2025-06-14 00:22:24,893 - {'epoch': 5, 'rec_loss': '5.7054'}
2025-06-14 00:22:29,115 - {'Epoch': 5, 'HR@5': '0.1395', 'NDCG@5': '0.0922', 'HR@10': '0.2125', 'NDCG@10': '0.1158', 'HR@20': '0.2985', 'NDCG@20': '0.1375'}
2025-06-14 00:22:29,116 - Validation score increased.  Saving model ...
2025-06-14 00:22:36,710 - {'epoch': 6, 'rec_loss': '5.3968'}
2025-06-14 00:22:41,006 - {'Epoch': 6, 'HR@5': '0.1494', 'NDCG@5': '0.0986', 'HR@10': '0.2276', 'NDCG@10': '0.1236', 'HR@20': '0.3163', 'NDCG@20': '0.1460'}
2025-06-14 00:22:41,008 - Validation score increased.  Saving model ...
2025-06-14 00:22:48,573 - {'epoch': 7, 'rec_loss': '5.1825'}
2025-06-14 00:22:52,921 - {'Epoch': 7, 'HR@5': '0.1580', 'NDCG@5': '0.1035', 'HR@10': '0.2367', 'NDCG@10': '0.1288', 'HR@20': '0.3319', 'NDCG@20': '0.1528'}
2025-06-14 00:22:52,922 - Validation score increased.  Saving model ...
2025-06-14 00:23:00,264 - {'epoch': 8, 'rec_loss': '5.0378'}
2025-06-14 00:23:04,514 - {'Epoch': 8, 'HR@5': '0.1612', 'NDCG@5': '0.1064', 'HR@10': '0.2451', 'NDCG@10': '0.1334', 'HR@20': '0.3396', 'NDCG@20': '0.1573'}
2025-06-14 00:23:04,516 - Validation score increased.  Saving model ...
2025-06-14 00:23:11,957 - {'epoch': 9, 'rec_loss': '4.9291'}
2025-06-14 00:23:16,326 - {'Epoch': 9, 'HR@5': '0.1641', 'NDCG@5': '0.1079', 'HR@10': '0.2504', 'NDCG@10': '0.1357', 'HR@20': '0.3493', 'NDCG@20': '0.1606'}
2025-06-14 00:23:16,327 - Validation score increased.  Saving model ...
2025-06-14 00:23:23,889 - {'epoch': 10, 'rec_loss': '4.8533'}
2025-06-14 00:23:28,272 - {'Epoch': 10, 'HR@5': '0.1658', 'NDCG@5': '0.1087', 'HR@10': '0.2524', 'NDCG@10': '0.1366', 'HR@20': '0.3522', 'NDCG@20': '0.1618'}
2025-06-14 00:23:28,272 - Validation score increased.  Saving model ...
2025-06-14 00:23:35,809 - {'epoch': 11, 'rec_loss': '4.7944'}
2025-06-14 00:23:40,182 - {'Epoch': 11, 'HR@5': '0.1657', 'NDCG@5': '0.1100', 'HR@10': '0.2559', 'NDCG@10': '0.1391', 'HR@20': '0.3559', 'NDCG@20': '0.1643'}
2025-06-14 00:23:40,186 - Validation score increased.  Saving model ...
2025-06-14 00:23:47,747 - {'epoch': 12, 'rec_loss': '4.7477'}
2025-06-14 00:23:52,155 - {'Epoch': 12, 'HR@5': '0.1708', 'NDCG@5': '0.1122', 'HR@10': '0.2578', 'NDCG@10': '0.1402', 'HR@20': '0.3574', 'NDCG@20': '0.1653'}
2025-06-14 00:23:52,156 - Validation score increased.  Saving model ...
2025-06-14 00:23:59,647 - {'epoch': 13, 'rec_loss': '4.7216'}
2025-06-14 00:24:04,000 - {'Epoch': 13, 'HR@5': '0.1703', 'NDCG@5': '0.1129', 'HR@10': '0.2590', 'NDCG@10': '0.1414', 'HR@20': '0.3597', 'NDCG@20': '0.1668'}
2025-06-14 00:24:04,001 - Validation score increased.  Saving model ...
2025-06-14 00:24:11,436 - {'epoch': 14, 'rec_loss': '4.6915'}
2025-06-14 00:24:15,822 - {'Epoch': 14, 'HR@5': '0.1716', 'NDCG@5': '0.1126', 'HR@10': '0.2571', 'NDCG@10': '0.1402', 'HR@20': '0.3607', 'NDCG@20': '0.1664'}
2025-06-14 00:24:15,824 - EarlyStopping counter: 1 out of 10
2025-06-14 00:24:23,280 - {'epoch': 15, 'rec_loss': '4.6723'}
2025-06-14 00:24:27,616 - {'Epoch': 15, 'HR@5': '0.1702', 'NDCG@5': '0.1125', 'HR@10': '0.2602', 'NDCG@10': '0.1416', 'HR@20': '0.3617', 'NDCG@20': '0.1672'}
2025-06-14 00:24:27,618 - Validation score increased.  Saving model ...
2025-06-14 00:24:35,101 - {'epoch': 16, 'rec_loss': '4.6496'}
2025-06-14 00:24:39,447 - {'Epoch': 16, 'HR@5': '0.1726', 'NDCG@5': '0.1134', 'HR@10': '0.2579', 'NDCG@10': '0.1409', 'HR@20': '0.3613', 'NDCG@20': '0.1670'}
2025-06-14 00:24:39,449 - EarlyStopping counter: 1 out of 10
2025-06-14 00:24:46,983 - {'epoch': 17, 'rec_loss': '4.6357'}
2025-06-14 00:24:51,292 - {'Epoch': 17, 'HR@5': '0.1733', 'NDCG@5': '0.1132', 'HR@10': '0.2623', 'NDCG@10': '0.1418', 'HR@20': '0.3617', 'NDCG@20': '0.1669'}
2025-06-14 00:24:51,294 - EarlyStopping counter: 2 out of 10
2025-06-14 00:24:58,784 - {'epoch': 18, 'rec_loss': '4.6179'}
2025-06-14 00:25:03,168 - {'Epoch': 18, 'HR@5': '0.1735', 'NDCG@5': '0.1141', 'HR@10': '0.2609', 'NDCG@10': '0.1423', 'HR@20': '0.3623', 'NDCG@20': '0.1679'}
2025-06-14 00:25:03,169 - Validation score increased.  Saving model ...
2025-06-14 00:25:10,637 - {'epoch': 19, 'rec_loss': '4.6059'}
2025-06-14 00:25:15,086 - {'Epoch': 19, 'HR@5': '0.1733', 'NDCG@5': '0.1133', 'HR@10': '0.2603', 'NDCG@10': '0.1413', 'HR@20': '0.3612', 'NDCG@20': '0.1669'}
2025-06-14 00:25:15,087 - EarlyStopping counter: 1 out of 10
2025-06-14 00:25:22,488 - {'epoch': 20, 'rec_loss': '4.5969'}
2025-06-14 00:25:26,974 - {'Epoch': 20, 'HR@5': '0.1755', 'NDCG@5': '0.1150', 'HR@10': '0.2623', 'NDCG@10': '0.1430', 'HR@20': '0.3636', 'NDCG@20': '0.1686'}
2025-06-14 00:25:26,978 - Validation score increased.  Saving model ...
2025-06-14 00:25:34,351 - {'epoch': 21, 'rec_loss': '4.5864'}
2025-06-14 00:25:38,772 - {'Epoch': 21, 'HR@5': '0.1747', 'NDCG@5': '0.1143', 'HR@10': '0.2631', 'NDCG@10': '0.1427', 'HR@20': '0.3657', 'NDCG@20': '0.1686'}
2025-06-14 00:25:38,773 - Validation score increased.  Saving model ...
2025-06-14 00:25:46,336 - {'epoch': 22, 'rec_loss': '4.5768'}
2025-06-14 00:25:50,684 - {'Epoch': 22, 'HR@5': '0.1762', 'NDCG@5': '0.1154', 'HR@10': '0.2637', 'NDCG@10': '0.1435', 'HR@20': '0.3642', 'NDCG@20': '0.1689'}
2025-06-14 00:25:50,686 - Validation score increased.  Saving model ...
2025-06-14 00:25:58,202 - {'epoch': 23, 'rec_loss': '4.5647'}
2025-06-14 00:26:02,535 - {'Epoch': 23, 'HR@5': '0.1719', 'NDCG@5': '0.1125', 'HR@10': '0.2603', 'NDCG@10': '0.1410', 'HR@20': '0.3650', 'NDCG@20': '0.1674'}
2025-06-14 00:26:02,537 - EarlyStopping counter: 1 out of 10
2025-06-14 00:26:09,985 - {'epoch': 24, 'rec_loss': '4.5604'}
2025-06-14 00:26:14,399 - {'Epoch': 24, 'HR@5': '0.1741', 'NDCG@5': '0.1139', 'HR@10': '0.2614', 'NDCG@10': '0.1420', 'HR@20': '0.3637', 'NDCG@20': '0.1679'}
2025-06-14 00:26:14,402 - EarlyStopping counter: 2 out of 10
2025-06-14 00:26:21,883 - {'epoch': 25, 'rec_loss': '4.5507'}
2025-06-14 00:26:26,222 - {'Epoch': 25, 'HR@5': '0.1756', 'NDCG@5': '0.1156', 'HR@10': '0.2612', 'NDCG@10': '0.1431', 'HR@20': '0.3642', 'NDCG@20': '0.1692'}
2025-06-14 00:26:26,224 - Validation score increased.  Saving model ...
2025-06-14 00:26:33,729 - {'epoch': 26, 'rec_loss': '4.5448'}
2025-06-14 00:26:38,035 - {'Epoch': 26, 'HR@5': '0.1743', 'NDCG@5': '0.1147', 'HR@10': '0.2631', 'NDCG@10': '0.1432', 'HR@20': '0.3659', 'NDCG@20': '0.1692'}
2025-06-14 00:26:38,037 - Validation score increased.  Saving model ...
2025-06-14 00:26:45,468 - {'epoch': 27, 'rec_loss': '4.5412'}
2025-06-14 00:26:49,759 - {'Epoch': 27, 'HR@5': '0.1741', 'NDCG@5': '0.1142', 'HR@10': '0.2623', 'NDCG@10': '0.1426', 'HR@20': '0.3646', 'NDCG@20': '0.1684'}
2025-06-14 00:26:49,761 - EarlyStopping counter: 1 out of 10
2025-06-14 00:26:57,340 - {'epoch': 28, 'rec_loss': '4.5287'}
2025-06-14 00:27:01,665 - {'Epoch': 28, 'HR@5': '0.1771', 'NDCG@5': '0.1161', 'HR@10': '0.2616', 'NDCG@10': '0.1433', 'HR@20': '0.3622', 'NDCG@20': '0.1688'}
2025-06-14 00:27:01,667 - EarlyStopping counter: 2 out of 10
2025-06-14 00:27:09,103 - {'epoch': 29, 'rec_loss': '4.5284'}
2025-06-14 00:27:13,548 - {'Epoch': 29, 'HR@5': '0.1755', 'NDCG@5': '0.1148', 'HR@10': '0.2589', 'NDCG@10': '0.1417', 'HR@20': '0.3626', 'NDCG@20': '0.1679'}
2025-06-14 00:27:13,550 - EarlyStopping counter: 3 out of 10
2025-06-14 00:27:20,930 - {'epoch': 30, 'rec_loss': '4.5263'}
2025-06-14 00:27:25,383 - {'Epoch': 30, 'HR@5': '0.1737', 'NDCG@5': '0.1142', 'HR@10': '0.2615', 'NDCG@10': '0.1425', 'HR@20': '0.3663', 'NDCG@20': '0.1690'}
2025-06-14 00:27:25,385 - EarlyStopping counter: 4 out of 10
2025-06-14 00:27:32,884 - {'epoch': 31, 'rec_loss': '4.5162'}
2025-06-14 00:27:37,258 - {'Epoch': 31, 'HR@5': '0.1749', 'NDCG@5': '0.1151', 'HR@10': '0.2633', 'NDCG@10': '0.1435', 'HR@20': '0.3662', 'NDCG@20': '0.1695'}
2025-06-14 00:27:37,260 - Validation score increased.  Saving model ...
2025-06-14 00:27:44,917 - {'epoch': 32, 'rec_loss': '4.5086'}
2025-06-14 00:27:49,313 - {'Epoch': 32, 'HR@5': '0.1740', 'NDCG@5': '0.1141', 'HR@10': '0.2621', 'NDCG@10': '0.1425', 'HR@20': '0.3630', 'NDCG@20': '0.1680'}
2025-06-14 00:27:49,314 - EarlyStopping counter: 1 out of 10
2025-06-14 00:27:56,722 - {'epoch': 33, 'rec_loss': '4.5049'}
2025-06-14 00:28:01,177 - {'Epoch': 33, 'HR@5': '0.1732', 'NDCG@5': '0.1150', 'HR@10': '0.2653', 'NDCG@10': '0.1445', 'HR@20': '0.3649', 'NDCG@20': '0.1696'}
2025-06-14 00:28:01,179 - Validation score increased.  Saving model ...
2025-06-14 00:28:08,638 - {'epoch': 34, 'rec_loss': '4.4986'}
2025-06-14 00:28:13,025 - {'Epoch': 34, 'HR@5': '0.1765', 'NDCG@5': '0.1164', 'HR@10': '0.2644', 'NDCG@10': '0.1447', 'HR@20': '0.3648', 'NDCG@20': '0.1700'}
2025-06-14 00:28:13,027 - Validation score increased.  Saving model ...
2025-06-14 00:28:20,574 - {'epoch': 35, 'rec_loss': '4.4971'}
2025-06-14 00:28:25,007 - {'Epoch': 35, 'HR@5': '0.1713', 'NDCG@5': '0.1135', 'HR@10': '0.2631', 'NDCG@10': '0.1431', 'HR@20': '0.3648', 'NDCG@20': '0.1688'}
2025-06-14 00:28:25,008 - EarlyStopping counter: 1 out of 10
2025-06-14 00:28:32,543 - {'epoch': 36, 'rec_loss': '4.4884'}
2025-06-14 00:28:37,008 - {'Epoch': 36, 'HR@5': '0.1738', 'NDCG@5': '0.1140', 'HR@10': '0.2611', 'NDCG@10': '0.1422', 'HR@20': '0.3647', 'NDCG@20': '0.1684'}
2025-06-14 00:28:37,010 - EarlyStopping counter: 2 out of 10
2025-06-14 00:28:44,566 - {'epoch': 37, 'rec_loss': '4.4856'}
2025-06-14 00:28:48,888 - {'Epoch': 37, 'HR@5': '0.1742', 'NDCG@5': '0.1140', 'HR@10': '0.2637', 'NDCG@10': '0.1429', 'HR@20': '0.3642', 'NDCG@20': '0.1683'}
2025-06-14 00:28:48,888 - EarlyStopping counter: 3 out of 10
2025-06-14 00:28:56,191 - {'epoch': 38, 'rec_loss': '4.4844'}
2025-06-14 00:29:00,554 - {'Epoch': 38, 'HR@5': '0.1749', 'NDCG@5': '0.1152', 'HR@10': '0.2637', 'NDCG@10': '0.1438', 'HR@20': '0.3661', 'NDCG@20': '0.1696'}
2025-06-14 00:29:00,556 - EarlyStopping counter: 4 out of 10
2025-06-14 00:29:08,071 - {'epoch': 39, 'rec_loss': '4.4757'}
2025-06-14 00:29:12,437 - {'Epoch': 39, 'HR@5': '0.1737', 'NDCG@5': '0.1146', 'HR@10': '0.2617', 'NDCG@10': '0.1431', 'HR@20': '0.3642', 'NDCG@20': '0.1690'}
2025-06-14 00:29:12,439 - EarlyStopping counter: 5 out of 10
2025-06-14 00:29:19,932 - {'epoch': 40, 'rec_loss': '4.4765'}
2025-06-14 00:29:24,282 - {'Epoch': 40, 'HR@5': '0.1744', 'NDCG@5': '0.1151', 'HR@10': '0.2592', 'NDCG@10': '0.1424', 'HR@20': '0.3663', 'NDCG@20': '0.1695'}
2025-06-14 00:29:24,284 - EarlyStopping counter: 6 out of 10
2025-06-14 00:29:31,771 - {'epoch': 41, 'rec_loss': '4.4705'}
2025-06-14 00:29:36,187 - {'Epoch': 41, 'HR@5': '0.1727', 'NDCG@5': '0.1137', 'HR@10': '0.2608', 'NDCG@10': '0.1421', 'HR@20': '0.3640', 'NDCG@20': '0.1682'}
2025-06-14 00:29:36,190 - EarlyStopping counter: 7 out of 10
2025-06-14 00:29:43,623 - {'epoch': 42, 'rec_loss': '4.4594'}
2025-06-14 00:29:47,957 - {'Epoch': 42, 'HR@5': '0.1738', 'NDCG@5': '0.1145', 'HR@10': '0.2613', 'NDCG@10': '0.1427', 'HR@20': '0.3643', 'NDCG@20': '0.1688'}
2025-06-14 00:29:47,959 - EarlyStopping counter: 8 out of 10
2025-06-14 00:29:55,409 - {'epoch': 43, 'rec_loss': '4.4571'}
2025-06-14 00:29:59,750 - {'Epoch': 43, 'HR@5': '0.1743', 'NDCG@5': '0.1148', 'HR@10': '0.2598', 'NDCG@10': '0.1423', 'HR@20': '0.3644', 'NDCG@20': '0.1688'}
2025-06-14 00:29:59,753 - EarlyStopping counter: 9 out of 10
2025-06-14 00:30:07,255 - {'epoch': 44, 'rec_loss': '4.4617'}
2025-06-14 00:30:11,701 - {'Epoch': 44, 'HR@5': '0.1722', 'NDCG@5': '0.1131', 'HR@10': '0.2650', 'NDCG@10': '0.1429', 'HR@20': '0.3642', 'NDCG@20': '0.1679'}
2025-06-14 00:30:11,703 - EarlyStopping counter: 10 out of 10
2025-06-14 00:30:11,703 - Early stopping
2025-06-14 00:30:11,703 - ---------------Validation Score---------------
2025-06-14 00:30:16,114 - {'Epoch': 0, 'HR@5': '0.1765', 'NDCG@5': '0.1164', 'HR@10': '0.2644', 'NDCG@10': '0.1447', 'HR@20': '0.3648', 'NDCG@20': '0.1700'}
2025-06-14 00:30:16,116 - BSARec_Diginetica
2025-06-14 00:30:16,117 - {'Epoch': 0, 'HR@5': '0.1765', 'NDCG@5': '0.1164', 'HR@10': '0.2644', 'NDCG@10': '0.1447', 'HR@20': '0.3648', 'NDCG@20': '0.1700'}
