2025-06-13 22:49:57,681 - Namespace(data_dir='data/self_processed/', output_dir='hparam_search/', data_name='Diginetica', train_name='BSARec_Diginetica', num_items=10, num_users=14829, lr=0.001, batch_size=256, epochs=200, no_cuda=False, log_freq=1, patience=10, num_workers=4, seed=42, weight_decay=0.0, adam_beta1=0.9, adam_beta2=0.999, gpu_id='0', variance=5, model_type='BSARec', max_seq_length=50, hidden_size=64, num_hidden_layers=2, hidden_act='gelu', num_attention_heads=1, attention_probs_dropout_prob=0.5, hidden_dropout_prob=0.5, initializer_range=0.02, c=5, alpha=0.1, cuda_condition=True, data_file='data/self_processed/Diginetica.txt', item_size=9441, checkpoint_path=PosixPath('/gpfs/home3/scur2771/BSARec/BSARec/src/hparam_search/BSARec_Diginetica/12367757_11/model.pt'), same_target_path='data/self_processed/Diginetica_same_target.npy')
2025-06-13 22:49:57,704 - BSARecModel(
  (item_embeddings): Embedding(9441, 64, padding_idx=0)
  (position_embeddings): Embedding(50, 64)
  (LayerNorm): LayerNorm()
  (dropout): Dropout(p=0.5, inplace=False)
  (item_encoder): BSARecEncoder(
    (blocks): ModuleList(
      (0): BSARecBlock(
        (layer): BSARecLayer(
          (filter_layer): FrequencyLayer(
            (out_dropout): Dropout(p=0.5, inplace=False)
            (LayerNorm): LayerNorm()
          )
          (attention_layer): MultiHeadAttention(
            (query): Linear(in_features=64, out_features=64, bias=True)
            (key): Linear(in_features=64, out_features=64, bias=True)
            (value): Linear(in_features=64, out_features=64, bias=True)
            (softmax): Softmax(dim=-1)
            (attn_dropout): Dropout(p=0.5, inplace=False)
            (dense): Linear(in_features=64, out_features=64, bias=True)
            (LayerNorm): LayerNorm((64,), eps=1e-12, elementwise_affine=True)
            (out_dropout): Dropout(p=0.5, inplace=False)
          )
        )
        (feed_forward): FeedForward(
          (dense_1): Linear(in_features=64, out_features=256, bias=True)
          (dense_2): Linear(in_features=256, out_features=64, bias=True)
          (LayerNorm): LayerNorm()
          (dropout): Dropout(p=0.5, inplace=False)
        )
      )
      (1): BSARecBlock(
        (layer): BSARecLayer(
          (filter_layer): FrequencyLayer(
            (out_dropout): Dropout(p=0.5, inplace=False)
            (LayerNorm): LayerNorm()
          )
          (attention_layer): MultiHeadAttention(
            (query): Linear(in_features=64, out_features=64, bias=True)
            (key): Linear(in_features=64, out_features=64, bias=True)
            (value): Linear(in_features=64, out_features=64, bias=True)
            (softmax): Softmax(dim=-1)
            (attn_dropout): Dropout(p=0.5, inplace=False)
            (dense): Linear(in_features=64, out_features=64, bias=True)
            (LayerNorm): LayerNorm((64,), eps=1e-12, elementwise_affine=True)
            (out_dropout): Dropout(p=0.5, inplace=False)
          )
        )
        (feed_forward): FeedForward(
          (dense_1): Linear(in_features=64, out_features=256, bias=True)
          (dense_2): Linear(in_features=256, out_features=64, bias=True)
          (LayerNorm): LayerNorm()
          (dropout): Dropout(p=0.5, inplace=False)
        )
      )
    )
  )
)
2025-06-13 22:50:00,735 - Total Parameters: 707904
2025-06-13 22:50:09,485 - {'epoch': 0, 'rec_loss': '8.6663'}
2025-06-13 22:50:13,707 - {'Epoch': 0, 'HR@5': '0.0358', 'NDCG@5': '0.0248', 'HR@10': '0.0514', 'NDCG@10': '0.0297', 'HR@20': '0.0702', 'NDCG@20': '0.0345'}
2025-06-13 22:50:13,709 - Validation score increased.  Saving model ...
2025-06-13 22:50:21,165 - {'epoch': 1, 'rec_loss': '7.4564'}
2025-06-13 22:50:25,333 - {'Epoch': 1, 'HR@5': '0.1041', 'NDCG@5': '0.0679', 'HR@10': '0.1565', 'NDCG@10': '0.0848', 'HR@20': '0.2166', 'NDCG@20': '0.1000'}
2025-06-13 22:50:25,335 - Validation score increased.  Saving model ...
2025-06-13 22:50:32,894 - {'epoch': 2, 'rec_loss': '6.2149'}
2025-06-13 22:50:37,156 - {'Epoch': 2, 'HR@5': '0.1369', 'NDCG@5': '0.0891', 'HR@10': '0.2039', 'NDCG@10': '0.1107', 'HR@20': '0.2861', 'NDCG@20': '0.1314'}
2025-06-13 22:50:37,157 - Validation score increased.  Saving model ...
2025-06-13 22:50:44,609 - {'epoch': 3, 'rec_loss': '5.5264'}
2025-06-13 22:50:48,867 - {'Epoch': 3, 'HR@5': '0.1528', 'NDCG@5': '0.1005', 'HR@10': '0.2283', 'NDCG@10': '0.1247', 'HR@20': '0.3244', 'NDCG@20': '0.1490'}
2025-06-13 22:50:48,868 - Validation score increased.  Saving model ...
2025-06-13 22:50:56,190 - {'epoch': 4, 'rec_loss': '5.2015'}
2025-06-13 22:51:00,568 - {'Epoch': 4, 'HR@5': '0.1611', 'NDCG@5': '0.1052', 'HR@10': '0.2423', 'NDCG@10': '0.1312', 'HR@20': '0.3383', 'NDCG@20': '0.1555'}
2025-06-13 22:51:00,571 - Validation score increased.  Saving model ...
2025-06-13 22:51:07,876 - {'epoch': 5, 'rec_loss': '5.0411'}
2025-06-13 22:51:12,226 - {'Epoch': 5, 'HR@5': '0.1649', 'NDCG@5': '0.1084', 'HR@10': '0.2473', 'NDCG@10': '0.1349', 'HR@20': '0.3470', 'NDCG@20': '0.1600'}
2025-06-13 22:51:12,228 - Validation score increased.  Saving model ...
2025-06-13 22:51:19,560 - {'epoch': 6, 'rec_loss': '4.9521'}
2025-06-13 22:51:23,861 - {'Epoch': 6, 'HR@5': '0.1679', 'NDCG@5': '0.1101', 'HR@10': '0.2526', 'NDCG@10': '0.1374', 'HR@20': '0.3517', 'NDCG@20': '0.1624'}
2025-06-13 22:51:23,863 - Validation score increased.  Saving model ...
2025-06-13 22:51:31,123 - {'epoch': 7, 'rec_loss': '4.8933'}
2025-06-13 22:51:35,432 - {'Epoch': 7, 'HR@5': '0.1683', 'NDCG@5': '0.1108', 'HR@10': '0.2540', 'NDCG@10': '0.1384', 'HR@20': '0.3543', 'NDCG@20': '0.1638'}
2025-06-13 22:51:35,434 - Validation score increased.  Saving model ...
2025-06-13 22:51:42,690 - {'epoch': 8, 'rec_loss': '4.8497'}
2025-06-13 22:51:47,001 - {'Epoch': 8, 'HR@5': '0.1697', 'NDCG@5': '0.1106', 'HR@10': '0.2561', 'NDCG@10': '0.1384', 'HR@20': '0.3574', 'NDCG@20': '0.1640'}
2025-06-13 22:51:47,002 - Validation score increased.  Saving model ...
2025-06-13 22:51:54,413 - {'epoch': 9, 'rec_loss': '4.8117'}
2025-06-13 22:51:58,763 - {'Epoch': 9, 'HR@5': '0.1720', 'NDCG@5': '0.1120', 'HR@10': '0.2537', 'NDCG@10': '0.1382', 'HR@20': '0.3591', 'NDCG@20': '0.1649'}
2025-06-13 22:51:58,764 - Validation score increased.  Saving model ...
2025-06-13 22:52:06,165 - {'epoch': 10, 'rec_loss': '4.7820'}
2025-06-13 22:52:10,537 - {'Epoch': 10, 'HR@5': '0.1666', 'NDCG@5': '0.1094', 'HR@10': '0.2557', 'NDCG@10': '0.1381', 'HR@20': '0.3610', 'NDCG@20': '0.1647'}
2025-06-13 22:52:10,539 - EarlyStopping counter: 1 out of 10
2025-06-13 22:52:17,933 - {'epoch': 11, 'rec_loss': '4.7565'}
2025-06-13 22:52:22,262 - {'Epoch': 11, 'HR@5': '0.1693', 'NDCG@5': '0.1116', 'HR@10': '0.2563', 'NDCG@10': '0.1397', 'HR@20': '0.3587', 'NDCG@20': '0.1656'}
2025-06-13 22:52:22,264 - Validation score increased.  Saving model ...
2025-06-13 22:52:29,644 - {'epoch': 12, 'rec_loss': '4.7371'}
2025-06-13 22:52:33,957 - {'Epoch': 12, 'HR@5': '0.1699', 'NDCG@5': '0.1102', 'HR@10': '0.2559', 'NDCG@10': '0.1380', 'HR@20': '0.3604', 'NDCG@20': '0.1644'}
2025-06-13 22:52:33,959 - EarlyStopping counter: 1 out of 10
2025-06-13 22:52:41,269 - {'epoch': 13, 'rec_loss': '4.7223'}
2025-06-13 22:52:45,575 - {'Epoch': 13, 'HR@5': '0.1708', 'NDCG@5': '0.1121', 'HR@10': '0.2576', 'NDCG@10': '0.1401', 'HR@20': '0.3592', 'NDCG@20': '0.1659'}
2025-06-13 22:52:45,577 - Validation score increased.  Saving model ...
2025-06-13 22:52:52,900 - {'epoch': 14, 'rec_loss': '4.7037'}
2025-06-13 22:52:57,264 - {'Epoch': 14, 'HR@5': '0.1721', 'NDCG@5': '0.1121', 'HR@10': '0.2586', 'NDCG@10': '0.1400', 'HR@20': '0.3584', 'NDCG@20': '0.1652'}
2025-06-13 22:52:57,265 - EarlyStopping counter: 1 out of 10
2025-06-13 22:53:04,555 - {'epoch': 15, 'rec_loss': '4.6916'}
2025-06-13 22:53:08,827 - {'Epoch': 15, 'HR@5': '0.1703', 'NDCG@5': '0.1111', 'HR@10': '0.2593', 'NDCG@10': '0.1398', 'HR@20': '0.3622', 'NDCG@20': '0.1658'}
2025-06-13 22:53:08,829 - EarlyStopping counter: 2 out of 10
2025-06-13 22:53:16,133 - {'epoch': 16, 'rec_loss': '4.6775'}
2025-06-13 22:53:20,369 - {'Epoch': 16, 'HR@5': '0.1684', 'NDCG@5': '0.1098', 'HR@10': '0.2546', 'NDCG@10': '0.1376', 'HR@20': '0.3599', 'NDCG@20': '0.1642'}
2025-06-13 22:53:20,370 - EarlyStopping counter: 3 out of 10
2025-06-13 22:53:27,582 - {'epoch': 17, 'rec_loss': '4.6637'}
2025-06-13 22:53:31,874 - {'Epoch': 17, 'HR@5': '0.1728', 'NDCG@5': '0.1116', 'HR@10': '0.2578', 'NDCG@10': '0.1389', 'HR@20': '0.3596', 'NDCG@20': '0.1646'}
2025-06-13 22:53:31,875 - EarlyStopping counter: 4 out of 10
2025-06-13 22:53:39,181 - {'epoch': 18, 'rec_loss': '4.6516'}
2025-06-13 22:53:43,592 - {'Epoch': 18, 'HR@5': '0.1723', 'NDCG@5': '0.1122', 'HR@10': '0.2573', 'NDCG@10': '0.1396', 'HR@20': '0.3597', 'NDCG@20': '0.1655'}
2025-06-13 22:53:43,594 - EarlyStopping counter: 5 out of 10
2025-06-13 22:53:50,974 - {'epoch': 19, 'rec_loss': '4.6440'}
2025-06-13 22:53:55,363 - {'Epoch': 19, 'HR@5': '0.1699', 'NDCG@5': '0.1103', 'HR@10': '0.2574', 'NDCG@10': '0.1384', 'HR@20': '0.3601', 'NDCG@20': '0.1644'}
2025-06-13 22:53:55,365 - EarlyStopping counter: 6 out of 10
2025-06-13 22:54:02,558 - {'epoch': 20, 'rec_loss': '4.6327'}
2025-06-13 22:54:06,888 - {'Epoch': 20, 'HR@5': '0.1728', 'NDCG@5': '0.1128', 'HR@10': '0.2598', 'NDCG@10': '0.1408', 'HR@20': '0.3620', 'NDCG@20': '0.1667'}
2025-06-13 22:54:06,890 - Validation score increased.  Saving model ...
2025-06-13 22:54:14,225 - {'epoch': 21, 'rec_loss': '4.6234'}
2025-06-13 22:54:18,595 - {'Epoch': 21, 'HR@5': '0.1720', 'NDCG@5': '0.1114', 'HR@10': '0.2598', 'NDCG@10': '0.1396', 'HR@20': '0.3616', 'NDCG@20': '0.1654'}
2025-06-13 22:54:18,596 - EarlyStopping counter: 1 out of 10
2025-06-13 22:54:25,868 - {'epoch': 22, 'rec_loss': '4.6221'}
2025-06-13 22:54:30,172 - {'Epoch': 22, 'HR@5': '0.1720', 'NDCG@5': '0.1116', 'HR@10': '0.2596', 'NDCG@10': '0.1399', 'HR@20': '0.3638', 'NDCG@20': '0.1662'}
2025-06-13 22:54:30,173 - EarlyStopping counter: 2 out of 10
2025-06-13 22:54:37,458 - {'epoch': 23, 'rec_loss': '4.6067'}
2025-06-13 22:54:41,771 - {'Epoch': 23, 'HR@5': '0.1713', 'NDCG@5': '0.1107', 'HR@10': '0.2562', 'NDCG@10': '0.1382', 'HR@20': '0.3601', 'NDCG@20': '0.1644'}
2025-06-13 22:54:41,772 - EarlyStopping counter: 3 out of 10
2025-06-13 22:54:49,100 - {'epoch': 24, 'rec_loss': '4.6006'}
2025-06-13 22:54:53,435 - {'Epoch': 24, 'HR@5': '0.1704', 'NDCG@5': '0.1108', 'HR@10': '0.2599', 'NDCG@10': '0.1397', 'HR@20': '0.3626', 'NDCG@20': '0.1656'}
2025-06-13 22:54:53,436 - EarlyStopping counter: 4 out of 10
2025-06-13 22:55:00,740 - {'epoch': 25, 'rec_loss': '4.5868'}
2025-06-13 22:55:04,995 - {'Epoch': 25, 'HR@5': '0.1736', 'NDCG@5': '0.1141', 'HR@10': '0.2597', 'NDCG@10': '0.1419', 'HR@20': '0.3627', 'NDCG@20': '0.1679'}
2025-06-13 22:55:04,996 - Validation score increased.  Saving model ...
2025-06-13 22:55:12,353 - {'epoch': 26, 'rec_loss': '4.5855'}
2025-06-13 22:55:16,682 - {'Epoch': 26, 'HR@5': '0.1712', 'NDCG@5': '0.1128', 'HR@10': '0.2605', 'NDCG@10': '0.1416', 'HR@20': '0.3605', 'NDCG@20': '0.1668'}
2025-06-13 22:55:16,687 - EarlyStopping counter: 1 out of 10
2025-06-13 22:55:24,060 - {'epoch': 27, 'rec_loss': '4.5768'}
2025-06-13 22:55:28,409 - {'Epoch': 27, 'HR@5': '0.1722', 'NDCG@5': '0.1128', 'HR@10': '0.2607', 'NDCG@10': '0.1413', 'HR@20': '0.3623', 'NDCG@20': '0.1669'}
2025-06-13 22:55:28,411 - EarlyStopping counter: 2 out of 10
2025-06-13 22:55:35,713 - {'epoch': 28, 'rec_loss': '4.5699'}
2025-06-13 22:55:40,011 - {'Epoch': 28, 'HR@5': '0.1710', 'NDCG@5': '0.1125', 'HR@10': '0.2609', 'NDCG@10': '0.1415', 'HR@20': '0.3630', 'NDCG@20': '0.1673'}
2025-06-13 22:55:40,013 - EarlyStopping counter: 3 out of 10
2025-06-13 22:55:47,348 - {'epoch': 29, 'rec_loss': '4.5590'}
2025-06-13 22:55:51,675 - {'Epoch': 29, 'HR@5': '0.1699', 'NDCG@5': '0.1125', 'HR@10': '0.2576', 'NDCG@10': '0.1408', 'HR@20': '0.3601', 'NDCG@20': '0.1667'}
2025-06-13 22:55:51,677 - EarlyStopping counter: 4 out of 10
2025-06-13 22:55:58,921 - {'epoch': 30, 'rec_loss': '4.5579'}
2025-06-13 22:56:03,265 - {'Epoch': 30, 'HR@5': '0.1705', 'NDCG@5': '0.1113', 'HR@10': '0.2602', 'NDCG@10': '0.1403', 'HR@20': '0.3636', 'NDCG@20': '0.1664'}
2025-06-13 22:56:03,266 - EarlyStopping counter: 5 out of 10
2025-06-13 22:56:10,526 - {'epoch': 31, 'rec_loss': '4.5483'}
2025-06-13 22:56:14,859 - {'Epoch': 31, 'HR@5': '0.1712', 'NDCG@5': '0.1124', 'HR@10': '0.2611', 'NDCG@10': '0.1414', 'HR@20': '0.3597', 'NDCG@20': '0.1663'}
2025-06-13 22:56:14,861 - EarlyStopping counter: 6 out of 10
2025-06-13 22:56:22,059 - {'epoch': 32, 'rec_loss': '4.5447'}
2025-06-13 22:56:26,303 - {'Epoch': 32, 'HR@5': '0.1683', 'NDCG@5': '0.1103', 'HR@10': '0.2597', 'NDCG@10': '0.1398', 'HR@20': '0.3617', 'NDCG@20': '0.1655'}
2025-06-13 22:56:26,304 - EarlyStopping counter: 7 out of 10
2025-06-13 22:56:33,649 - {'epoch': 33, 'rec_loss': '4.5363'}
2025-06-13 22:56:37,998 - {'Epoch': 33, 'HR@5': '0.1704', 'NDCG@5': '0.1117', 'HR@10': '0.2576', 'NDCG@10': '0.1397', 'HR@20': '0.3626', 'NDCG@20': '0.1663'}
2025-06-13 22:56:38,000 - EarlyStopping counter: 8 out of 10
2025-06-13 22:56:45,355 - {'epoch': 34, 'rec_loss': '4.5334'}
2025-06-13 22:56:49,662 - {'Epoch': 34, 'HR@5': '0.1741', 'NDCG@5': '0.1138', 'HR@10': '0.2605', 'NDCG@10': '0.1417', 'HR@20': '0.3628', 'NDCG@20': '0.1675'}
2025-06-13 22:56:49,663 - EarlyStopping counter: 9 out of 10
2025-06-13 22:56:56,966 - {'epoch': 35, 'rec_loss': '4.5265'}
2025-06-13 22:57:01,331 - {'Epoch': 35, 'HR@5': '0.1704', 'NDCG@5': '0.1114', 'HR@10': '0.2580', 'NDCG@10': '0.1396', 'HR@20': '0.3604', 'NDCG@20': '0.1655'}
2025-06-13 22:57:01,333 - EarlyStopping counter: 10 out of 10
2025-06-13 22:57:01,333 - Early stopping
2025-06-13 22:57:01,333 - ---------------Validation Score---------------
2025-06-13 22:57:05,647 - {'Epoch': 0, 'HR@5': '0.1736', 'NDCG@5': '0.1141', 'HR@10': '0.2597', 'NDCG@10': '0.1419', 'HR@20': '0.3627', 'NDCG@20': '0.1679'}
2025-06-13 22:57:05,650 - BSARec_Diginetica
2025-06-13 22:57:05,650 - {'Epoch': 0, 'HR@5': '0.1736', 'NDCG@5': '0.1141', 'HR@10': '0.2597', 'NDCG@10': '0.1419', 'HR@20': '0.3627', 'NDCG@20': '0.1679'}
