2025-06-13 23:27:10,446 - Namespace(data_dir='data/self_processed/', output_dir='hparam_search/', data_name='Diginetica', train_name='BSARec_Diginetica', num_items=10, num_users=14829, lr=0.001, batch_size=256, epochs=200, no_cuda=False, log_freq=1, patience=10, num_workers=4, seed=42, weight_decay=0.0, adam_beta1=0.9, adam_beta2=0.999, gpu_id='0', variance=5, model_type='BSARec', max_seq_length=50, hidden_size=64, num_hidden_layers=2, hidden_act='gelu', num_attention_heads=4, attention_probs_dropout_prob=0.5, hidden_dropout_prob=0.5, initializer_range=0.02, c=1, alpha=0.7, cuda_condition=True, data_file='data/self_processed/Diginetica.txt', item_size=9441, checkpoint_path=PosixPath('/gpfs/home3/scur2771/BSARec/BSARec/src/hparam_search/BSARec_Diginetica/12367757_54/model.pt'), same_target_path='data/self_processed/Diginetica_same_target.npy')
2025-06-13 23:27:10,464 - BSARecModel(
  (item_embeddings): Embedding(9441, 64, padding_idx=0)
  (position_embeddings): Embedding(50, 64)
  (LayerNorm): LayerNorm()
  (dropout): Dropout(p=0.5, inplace=False)
  (item_encoder): BSARecEncoder(
    (blocks): ModuleList(
      (0): BSARecBlock(
        (layer): BSARecLayer(
          (filter_layer): FrequencyLayer(
            (out_dropout): Dropout(p=0.5, inplace=False)
            (LayerNorm): LayerNorm()
          )
          (attention_layer): MultiHeadAttention(
            (query): Linear(in_features=64, out_features=64, bias=True)
            (key): Linear(in_features=64, out_features=64, bias=True)
            (value): Linear(in_features=64, out_features=64, bias=True)
            (softmax): Softmax(dim=-1)
            (attn_dropout): Dropout(p=0.5, inplace=False)
            (dense): Linear(in_features=64, out_features=64, bias=True)
            (LayerNorm): LayerNorm((64,), eps=1e-12, elementwise_affine=True)
            (out_dropout): Dropout(p=0.5, inplace=False)
          )
        )
        (feed_forward): FeedForward(
          (dense_1): Linear(in_features=64, out_features=256, bias=True)
          (dense_2): Linear(in_features=256, out_features=64, bias=True)
          (LayerNorm): LayerNorm()
          (dropout): Dropout(p=0.5, inplace=False)
        )
      )
      (1): BSARecBlock(
        (layer): BSARecLayer(
          (filter_layer): FrequencyLayer(
            (out_dropout): Dropout(p=0.5, inplace=False)
            (LayerNorm): LayerNorm()
          )
          (attention_layer): MultiHeadAttention(
            (query): Linear(in_features=64, out_features=64, bias=True)
            (key): Linear(in_features=64, out_features=64, bias=True)
            (value): Linear(in_features=64, out_features=64, bias=True)
            (softmax): Softmax(dim=-1)
            (attn_dropout): Dropout(p=0.5, inplace=False)
            (dense): Linear(in_features=64, out_features=64, bias=True)
            (LayerNorm): LayerNorm((64,), eps=1e-12, elementwise_affine=True)
            (out_dropout): Dropout(p=0.5, inplace=False)
          )
        )
        (feed_forward): FeedForward(
          (dense_1): Linear(in_features=64, out_features=256, bias=True)
          (dense_2): Linear(in_features=256, out_features=64, bias=True)
          (LayerNorm): LayerNorm()
          (dropout): Dropout(p=0.5, inplace=False)
        )
      )
    )
  )
)
2025-06-13 23:27:12,664 - Total Parameters: 707904
2025-06-13 23:27:21,281 - {'epoch': 0, 'rec_loss': '8.7220'}
2025-06-13 23:27:25,524 - {'Epoch': 0, 'HR@5': '0.0185', 'NDCG@5': '0.0127', 'HR@10': '0.0264', 'NDCG@10': '0.0152', 'HR@20': '0.0389', 'NDCG@20': '0.0184'}
2025-06-13 23:27:25,525 - Validation score increased.  Saving model ...
2025-06-13 23:27:33,058 - {'epoch': 1, 'rec_loss': '7.7679'}
2025-06-13 23:27:37,283 - {'Epoch': 1, 'HR@5': '0.0862', 'NDCG@5': '0.0567', 'HR@10': '0.1270', 'NDCG@10': '0.0698', 'HR@20': '0.1834', 'NDCG@20': '0.0840'}
2025-06-13 23:27:37,284 - Validation score increased.  Saving model ...
2025-06-13 23:27:44,779 - {'epoch': 2, 'rec_loss': '6.4843'}
2025-06-13 23:27:49,114 - {'Epoch': 2, 'HR@5': '0.1254', 'NDCG@5': '0.0828', 'HR@10': '0.1900', 'NDCG@10': '0.1037', 'HR@20': '0.2646', 'NDCG@20': '0.1225'}
2025-06-13 23:27:49,115 - Validation score increased.  Saving model ...
2025-06-13 23:27:56,627 - {'epoch': 3, 'rec_loss': '5.6803'}
2025-06-13 23:28:00,990 - {'Epoch': 3, 'HR@5': '0.1486', 'NDCG@5': '0.0978', 'HR@10': '0.2212', 'NDCG@10': '0.1213', 'HR@20': '0.3139', 'NDCG@20': '0.1447'}
2025-06-13 23:28:00,991 - Validation score increased.  Saving model ...
2025-06-13 23:28:08,684 - {'epoch': 4, 'rec_loss': '5.2728'}
2025-06-13 23:28:13,107 - {'Epoch': 4, 'HR@5': '0.1576', 'NDCG@5': '0.1028', 'HR@10': '0.2359', 'NDCG@10': '0.1280', 'HR@20': '0.3307', 'NDCG@20': '0.1519'}
2025-06-13 23:28:13,110 - Validation score increased.  Saving model ...
2025-06-13 23:28:20,617 - {'epoch': 5, 'rec_loss': '5.0783'}
2025-06-13 23:28:25,032 - {'Epoch': 5, 'HR@5': '0.1646', 'NDCG@5': '0.1085', 'HR@10': '0.2457', 'NDCG@10': '0.1346', 'HR@20': '0.3402', 'NDCG@20': '0.1585'}
2025-06-13 23:28:25,034 - Validation score increased.  Saving model ...
2025-06-13 23:28:32,510 - {'epoch': 6, 'rec_loss': '4.9723'}
2025-06-13 23:28:36,927 - {'Epoch': 6, 'HR@5': '0.1666', 'NDCG@5': '0.1092', 'HR@10': '0.2509', 'NDCG@10': '0.1365', 'HR@20': '0.3493', 'NDCG@20': '0.1613'}
2025-06-13 23:28:36,928 - Validation score increased.  Saving model ...
2025-06-13 23:28:44,508 - {'epoch': 7, 'rec_loss': '4.9019'}
2025-06-13 23:28:48,887 - {'Epoch': 7, 'HR@5': '0.1648', 'NDCG@5': '0.1089', 'HR@10': '0.2519', 'NDCG@10': '0.1371', 'HR@20': '0.3497', 'NDCG@20': '0.1619'}
2025-06-13 23:28:48,888 - Validation score increased.  Saving model ...
2025-06-13 23:28:56,428 - {'epoch': 8, 'rec_loss': '4.8494'}
2025-06-13 23:29:00,807 - {'Epoch': 8, 'HR@5': '0.1669', 'NDCG@5': '0.1093', 'HR@10': '0.2536', 'NDCG@10': '0.1374', 'HR@20': '0.3539', 'NDCG@20': '0.1628'}
2025-06-13 23:29:00,809 - Validation score increased.  Saving model ...
2025-06-13 23:29:08,353 - {'epoch': 9, 'rec_loss': '4.8107'}
2025-06-13 23:29:12,803 - {'Epoch': 9, 'HR@5': '0.1711', 'NDCG@5': '0.1113', 'HR@10': '0.2527', 'NDCG@10': '0.1376', 'HR@20': '0.3549', 'NDCG@20': '0.1634'}
2025-06-13 23:29:12,805 - Validation score increased.  Saving model ...
2025-06-13 23:29:20,363 - {'epoch': 10, 'rec_loss': '4.7780'}
2025-06-13 23:29:24,824 - {'Epoch': 10, 'HR@5': '0.1674', 'NDCG@5': '0.1112', 'HR@10': '0.2554', 'NDCG@10': '0.1396', 'HR@20': '0.3568', 'NDCG@20': '0.1652'}
2025-06-13 23:29:24,826 - Validation score increased.  Saving model ...
2025-06-13 23:29:32,292 - {'epoch': 11, 'rec_loss': '4.7527'}
2025-06-13 23:29:36,698 - {'Epoch': 11, 'HR@5': '0.1726', 'NDCG@5': '0.1122', 'HR@10': '0.2580', 'NDCG@10': '0.1397', 'HR@20': '0.3567', 'NDCG@20': '0.1647'}
2025-06-13 23:29:36,700 - EarlyStopping counter: 1 out of 10
2025-06-13 23:29:44,220 - {'epoch': 12, 'rec_loss': '4.7255'}
2025-06-13 23:29:48,658 - {'Epoch': 12, 'HR@5': '0.1695', 'NDCG@5': '0.1114', 'HR@10': '0.2572', 'NDCG@10': '0.1396', 'HR@20': '0.3572', 'NDCG@20': '0.1648'}
2025-06-13 23:29:48,660 - EarlyStopping counter: 2 out of 10
2025-06-13 23:29:56,153 - {'epoch': 13, 'rec_loss': '4.7092'}
2025-06-13 23:30:00,467 - {'Epoch': 13, 'HR@5': '0.1720', 'NDCG@5': '0.1136', 'HR@10': '0.2592', 'NDCG@10': '0.1417', 'HR@20': '0.3574', 'NDCG@20': '0.1665'}
2025-06-13 23:30:00,469 - Validation score increased.  Saving model ...
2025-06-13 23:30:08,076 - {'epoch': 14, 'rec_loss': '4.6822'}
2025-06-13 23:30:12,518 - {'Epoch': 14, 'HR@5': '0.1712', 'NDCG@5': '0.1125', 'HR@10': '0.2564', 'NDCG@10': '0.1400', 'HR@20': '0.3567', 'NDCG@20': '0.1654'}
2025-06-13 23:30:12,520 - EarlyStopping counter: 1 out of 10
2025-06-13 23:30:20,039 - {'epoch': 15, 'rec_loss': '4.6689'}
2025-06-13 23:30:24,437 - {'Epoch': 15, 'HR@5': '0.1696', 'NDCG@5': '0.1121', 'HR@10': '0.2571', 'NDCG@10': '0.1403', 'HR@20': '0.3599', 'NDCG@20': '0.1663'}
2025-06-13 23:30:24,439 - EarlyStopping counter: 2 out of 10
2025-06-13 23:30:31,946 - {'epoch': 16, 'rec_loss': '4.6546'}
2025-06-13 23:30:36,368 - {'Epoch': 16, 'HR@5': '0.1702', 'NDCG@5': '0.1115', 'HR@10': '0.2549', 'NDCG@10': '0.1387', 'HR@20': '0.3594', 'NDCG@20': '0.1652'}
2025-06-13 23:30:36,370 - EarlyStopping counter: 3 out of 10
2025-06-13 23:30:43,939 - {'epoch': 17, 'rec_loss': '4.6405'}
2025-06-13 23:30:48,329 - {'Epoch': 17, 'HR@5': '0.1697', 'NDCG@5': '0.1123', 'HR@10': '0.2586', 'NDCG@10': '0.1409', 'HR@20': '0.3568', 'NDCG@20': '0.1658'}
2025-06-13 23:30:48,331 - EarlyStopping counter: 4 out of 10
2025-06-13 23:30:55,916 - {'epoch': 18, 'rec_loss': '4.6272'}
2025-06-13 23:31:00,328 - {'Epoch': 18, 'HR@5': '0.1704', 'NDCG@5': '0.1122', 'HR@10': '0.2559', 'NDCG@10': '0.1398', 'HR@20': '0.3563', 'NDCG@20': '0.1651'}
2025-06-13 23:31:00,330 - EarlyStopping counter: 5 out of 10
2025-06-13 23:31:07,778 - {'epoch': 19, 'rec_loss': '4.6115'}
2025-06-13 23:31:12,197 - {'Epoch': 19, 'HR@5': '0.1728', 'NDCG@5': '0.1127', 'HR@10': '0.2562', 'NDCG@10': '0.1396', 'HR@20': '0.3565', 'NDCG@20': '0.1650'}
2025-06-13 23:31:12,198 - EarlyStopping counter: 6 out of 10
2025-06-13 23:31:19,762 - {'epoch': 20, 'rec_loss': '4.5986'}
2025-06-13 23:31:24,155 - {'Epoch': 20, 'HR@5': '0.1723', 'NDCG@5': '0.1128', 'HR@10': '0.2596', 'NDCG@10': '0.1409', 'HR@20': '0.3597', 'NDCG@20': '0.1661'}
2025-06-13 23:31:24,157 - EarlyStopping counter: 7 out of 10
2025-06-13 23:31:31,695 - {'epoch': 21, 'rec_loss': '4.5918'}
2025-06-13 23:31:36,085 - {'Epoch': 21, 'HR@5': '0.1742', 'NDCG@5': '0.1132', 'HR@10': '0.2558', 'NDCG@10': '0.1394', 'HR@20': '0.3605', 'NDCG@20': '0.1659'}
2025-06-13 23:31:36,086 - EarlyStopping counter: 8 out of 10
2025-06-13 23:31:43,591 - {'epoch': 22, 'rec_loss': '4.5791'}
2025-06-13 23:31:48,006 - {'Epoch': 22, 'HR@5': '0.1723', 'NDCG@5': '0.1140', 'HR@10': '0.2586', 'NDCG@10': '0.1418', 'HR@20': '0.3618', 'NDCG@20': '0.1679'}
2025-06-13 23:31:48,008 - Validation score increased.  Saving model ...
2025-06-13 23:31:55,595 - {'epoch': 23, 'rec_loss': '4.5710'}
2025-06-13 23:31:59,955 - {'Epoch': 23, 'HR@5': '0.1710', 'NDCG@5': '0.1120', 'HR@10': '0.2546', 'NDCG@10': '0.1389', 'HR@20': '0.3570', 'NDCG@20': '0.1649'}
2025-06-13 23:31:59,957 - EarlyStopping counter: 1 out of 10
2025-06-13 23:32:07,407 - {'epoch': 24, 'rec_loss': '4.5649'}
2025-06-13 23:32:11,889 - {'Epoch': 24, 'HR@5': '0.1702', 'NDCG@5': '0.1113', 'HR@10': '0.2565', 'NDCG@10': '0.1392', 'HR@20': '0.3578', 'NDCG@20': '0.1648'}
2025-06-13 23:32:11,891 - EarlyStopping counter: 2 out of 10
2025-06-13 23:32:19,391 - {'epoch': 25, 'rec_loss': '4.5521'}
2025-06-13 23:32:23,839 - {'Epoch': 25, 'HR@5': '0.1768', 'NDCG@5': '0.1161', 'HR@10': '0.2575', 'NDCG@10': '0.1420', 'HR@20': '0.3579', 'NDCG@20': '0.1674'}
2025-06-13 23:32:23,841 - EarlyStopping counter: 3 out of 10
2025-06-13 23:32:31,291 - {'epoch': 26, 'rec_loss': '4.5457'}
2025-06-13 23:32:35,688 - {'Epoch': 26, 'HR@5': '0.1728', 'NDCG@5': '0.1137', 'HR@10': '0.2593', 'NDCG@10': '0.1416', 'HR@20': '0.3575', 'NDCG@20': '0.1663'}
2025-06-13 23:32:35,690 - EarlyStopping counter: 4 out of 10
2025-06-13 23:32:43,329 - {'epoch': 27, 'rec_loss': '4.5319'}
2025-06-13 23:32:47,754 - {'Epoch': 27, 'HR@5': '0.1744', 'NDCG@5': '0.1137', 'HR@10': '0.2579', 'NDCG@10': '0.1406', 'HR@20': '0.3608', 'NDCG@20': '0.1667'}
2025-06-13 23:32:47,756 - EarlyStopping counter: 5 out of 10
2025-06-13 23:32:55,306 - {'epoch': 28, 'rec_loss': '4.5274'}
2025-06-13 23:32:59,738 - {'Epoch': 28, 'HR@5': '0.1725', 'NDCG@5': '0.1136', 'HR@10': '0.2591', 'NDCG@10': '0.1415', 'HR@20': '0.3586', 'NDCG@20': '0.1666'}
2025-06-13 23:32:59,740 - EarlyStopping counter: 6 out of 10
2025-06-13 23:33:07,212 - {'epoch': 29, 'rec_loss': '4.5152'}
2025-06-13 23:33:11,648 - {'Epoch': 29, 'HR@5': '0.1700', 'NDCG@5': '0.1133', 'HR@10': '0.2541', 'NDCG@10': '0.1405', 'HR@20': '0.3564', 'NDCG@20': '0.1663'}
2025-06-13 23:33:11,651 - EarlyStopping counter: 7 out of 10
2025-06-13 23:33:19,224 - {'epoch': 30, 'rec_loss': '4.5144'}
2025-06-13 23:33:23,615 - {'Epoch': 30, 'HR@5': '0.1681', 'NDCG@5': '0.1111', 'HR@10': '0.2565', 'NDCG@10': '0.1397', 'HR@20': '0.3590', 'NDCG@20': '0.1656'}
2025-06-13 23:33:23,617 - EarlyStopping counter: 8 out of 10
2025-06-13 23:33:31,176 - {'epoch': 31, 'rec_loss': '4.5024'}
2025-06-13 23:33:35,562 - {'Epoch': 31, 'HR@5': '0.1722', 'NDCG@5': '0.1128', 'HR@10': '0.2594', 'NDCG@10': '0.1409', 'HR@20': '0.3593', 'NDCG@20': '0.1661'}
2025-06-13 23:33:35,564 - EarlyStopping counter: 9 out of 10
2025-06-13 23:33:43,090 - {'epoch': 32, 'rec_loss': '4.4977'}
2025-06-13 23:33:47,483 - {'Epoch': 32, 'HR@5': '0.1699', 'NDCG@5': '0.1101', 'HR@10': '0.2587', 'NDCG@10': '0.1387', 'HR@20': '0.3589', 'NDCG@20': '0.1641'}
2025-06-13 23:33:47,485 - EarlyStopping counter: 10 out of 10
2025-06-13 23:33:47,485 - Early stopping
2025-06-13 23:33:47,485 - ---------------Validation Score---------------
2025-06-13 23:33:51,918 - {'Epoch': 0, 'HR@5': '0.1723', 'NDCG@5': '0.1140', 'HR@10': '0.2586', 'NDCG@10': '0.1418', 'HR@20': '0.3618', 'NDCG@20': '0.1679'}
2025-06-13 23:33:51,920 - BSARec_Diginetica
2025-06-13 23:33:51,920 - {'Epoch': 0, 'HR@5': '0.1723', 'NDCG@5': '0.1140', 'HR@10': '0.2586', 'NDCG@10': '0.1418', 'HR@20': '0.3618', 'NDCG@20': '0.1679'}
