2025-06-14 00:51:34,821 - Namespace(data_dir='data/self_processed/', output_dir='hparam_search/', data_name='Diginetica', train_name='BSARec_Diginetica', num_items=10, num_users=14829, lr=0.0005, batch_size=256, epochs=200, no_cuda=False, log_freq=1, patience=10, num_workers=4, seed=42, weight_decay=0.0, adam_beta1=0.9, adam_beta2=0.999, gpu_id='0', variance=5, model_type='BSARec', max_seq_length=50, hidden_size=64, num_hidden_layers=2, hidden_act='gelu', num_attention_heads=4, attention_probs_dropout_prob=0.5, hidden_dropout_prob=0.5, initializer_range=0.02, c=7, alpha=0.1, cuda_condition=True, data_file='data/self_processed/Diginetica.txt', item_size=9441, checkpoint_path=PosixPath('/gpfs/home3/scur2771/BSARec/BSARec/src/hparam_search/BSARec_Diginetica/12367757_141/model.pt'), same_target_path='data/self_processed/Diginetica_same_target.npy')
2025-06-14 00:51:34,839 - BSARecModel(
  (item_embeddings): Embedding(9441, 64, padding_idx=0)
  (position_embeddings): Embedding(50, 64)
  (LayerNorm): LayerNorm()
  (dropout): Dropout(p=0.5, inplace=False)
  (item_encoder): BSARecEncoder(
    (blocks): ModuleList(
      (0): BSARecBlock(
        (layer): BSARecLayer(
          (filter_layer): FrequencyLayer(
            (out_dropout): Dropout(p=0.5, inplace=False)
            (LayerNorm): LayerNorm()
          )
          (attention_layer): MultiHeadAttention(
            (query): Linear(in_features=64, out_features=64, bias=True)
            (key): Linear(in_features=64, out_features=64, bias=True)
            (value): Linear(in_features=64, out_features=64, bias=True)
            (softmax): Softmax(dim=-1)
            (attn_dropout): Dropout(p=0.5, inplace=False)
            (dense): Linear(in_features=64, out_features=64, bias=True)
            (LayerNorm): LayerNorm((64,), eps=1e-12, elementwise_affine=True)
            (out_dropout): Dropout(p=0.5, inplace=False)
          )
        )
        (feed_forward): FeedForward(
          (dense_1): Linear(in_features=64, out_features=256, bias=True)
          (dense_2): Linear(in_features=256, out_features=64, bias=True)
          (LayerNorm): LayerNorm()
          (dropout): Dropout(p=0.5, inplace=False)
        )
      )
      (1): BSARecBlock(
        (layer): BSARecLayer(
          (filter_layer): FrequencyLayer(
            (out_dropout): Dropout(p=0.5, inplace=False)
            (LayerNorm): LayerNorm()
          )
          (attention_layer): MultiHeadAttention(
            (query): Linear(in_features=64, out_features=64, bias=True)
            (key): Linear(in_features=64, out_features=64, bias=True)
            (value): Linear(in_features=64, out_features=64, bias=True)
            (softmax): Softmax(dim=-1)
            (attn_dropout): Dropout(p=0.5, inplace=False)
            (dense): Linear(in_features=64, out_features=64, bias=True)
            (LayerNorm): LayerNorm((64,), eps=1e-12, elementwise_affine=True)
            (out_dropout): Dropout(p=0.5, inplace=False)
          )
        )
        (feed_forward): FeedForward(
          (dense_1): Linear(in_features=64, out_features=256, bias=True)
          (dense_2): Linear(in_features=256, out_features=64, bias=True)
          (LayerNorm): LayerNorm()
          (dropout): Dropout(p=0.5, inplace=False)
        )
      )
    )
  )
)
2025-06-14 00:51:37,030 - Total Parameters: 707904
2025-06-14 00:51:45,649 - {'epoch': 0, 'rec_loss': '8.7993'}
2025-06-14 00:51:49,773 - {'Epoch': 0, 'HR@5': '0.0074', 'NDCG@5': '0.0047', 'HR@10': '0.0114', 'NDCG@10': '0.0060', 'HR@20': '0.0183', 'NDCG@20': '0.0077'}
2025-06-14 00:51:49,774 - Validation score increased.  Saving model ...
2025-06-14 00:51:57,375 - {'epoch': 1, 'rec_loss': '8.3147'}
2025-06-14 00:52:01,592 - {'Epoch': 1, 'HR@5': '0.0499', 'NDCG@5': '0.0344', 'HR@10': '0.0722', 'NDCG@10': '0.0416', 'HR@20': '0.0994', 'NDCG@20': '0.0485'}
2025-06-14 00:52:01,593 - Validation score increased.  Saving model ...
2025-06-14 00:52:09,184 - {'epoch': 2, 'rec_loss': '7.5969'}
2025-06-14 00:52:13,358 - {'Epoch': 2, 'HR@5': '0.0875', 'NDCG@5': '0.0584', 'HR@10': '0.1318', 'NDCG@10': '0.0726', 'HR@20': '0.1877', 'NDCG@20': '0.0867'}
2025-06-14 00:52:13,360 - Validation score increased.  Saving model ...
2025-06-14 00:52:20,965 - {'epoch': 3, 'rec_loss': '6.7948'}
2025-06-14 00:52:25,255 - {'Epoch': 3, 'HR@5': '0.1124', 'NDCG@5': '0.0749', 'HR@10': '0.1718', 'NDCG@10': '0.0941', 'HR@20': '0.2395', 'NDCG@20': '0.1111'}
2025-06-14 00:52:25,257 - Validation score increased.  Saving model ...
2025-06-14 00:52:32,764 - {'epoch': 4, 'rec_loss': '6.1619'}
2025-06-14 00:52:37,059 - {'Epoch': 4, 'HR@5': '0.1302', 'NDCG@5': '0.0854', 'HR@10': '0.1965', 'NDCG@10': '0.1068', 'HR@20': '0.2752', 'NDCG@20': '0.1267'}
2025-06-14 00:52:37,061 - Validation score increased.  Saving model ...
2025-06-14 00:52:44,662 - {'epoch': 5, 'rec_loss': '5.7148'}
2025-06-14 00:52:49,034 - {'Epoch': 5, 'HR@5': '0.1442', 'NDCG@5': '0.0948', 'HR@10': '0.2144', 'NDCG@10': '0.1175', 'HR@20': '0.2996', 'NDCG@20': '0.1390'}
2025-06-14 00:52:49,036 - Validation score increased.  Saving model ...
2025-06-14 00:52:56,660 - {'epoch': 6, 'rec_loss': '5.4077'}
2025-06-14 00:53:00,954 - {'Epoch': 6, 'HR@5': '0.1511', 'NDCG@5': '0.0997', 'HR@10': '0.2266', 'NDCG@10': '0.1240', 'HR@20': '0.3155', 'NDCG@20': '0.1465'}
2025-06-14 00:53:00,955 - Validation score increased.  Saving model ...
2025-06-14 00:53:08,476 - {'epoch': 7, 'rec_loss': '5.1957'}
2025-06-14 00:53:12,833 - {'Epoch': 7, 'HR@5': '0.1572', 'NDCG@5': '0.1035', 'HR@10': '0.2362', 'NDCG@10': '0.1290', 'HR@20': '0.3303', 'NDCG@20': '0.1527'}
2025-06-14 00:53:12,836 - Validation score increased.  Saving model ...
2025-06-14 00:53:20,480 - {'epoch': 8, 'rec_loss': '5.0450'}
2025-06-14 00:53:24,774 - {'Epoch': 8, 'HR@5': '0.1631', 'NDCG@5': '0.1073', 'HR@10': '0.2453', 'NDCG@10': '0.1339', 'HR@20': '0.3419', 'NDCG@20': '0.1583'}
2025-06-14 00:53:24,776 - Validation score increased.  Saving model ...
2025-06-14 00:53:32,454 - {'epoch': 9, 'rec_loss': '4.9373'}
2025-06-14 00:53:36,774 - {'Epoch': 9, 'HR@5': '0.1674', 'NDCG@5': '0.1098', 'HR@10': '0.2485', 'NDCG@10': '0.1360', 'HR@20': '0.3476', 'NDCG@20': '0.1610'}
2025-06-14 00:53:36,774 - Validation score increased.  Saving model ...
2025-06-14 00:53:44,395 - {'epoch': 10, 'rec_loss': '4.8603'}
2025-06-14 00:53:48,865 - {'Epoch': 10, 'HR@5': '0.1675', 'NDCG@5': '0.1097', 'HR@10': '0.2537', 'NDCG@10': '0.1375', 'HR@20': '0.3519', 'NDCG@20': '0.1623'}
2025-06-14 00:53:48,866 - Validation score increased.  Saving model ...
2025-06-14 00:53:56,474 - {'epoch': 11, 'rec_loss': '4.8053'}
2025-06-14 00:54:01,016 - {'Epoch': 11, 'HR@5': '0.1687', 'NDCG@5': '0.1119', 'HR@10': '0.2549', 'NDCG@10': '0.1397', 'HR@20': '0.3538', 'NDCG@20': '0.1647'}
2025-06-14 00:54:01,022 - Validation score increased.  Saving model ...
2025-06-14 00:54:08,499 - {'epoch': 12, 'rec_loss': '4.7591'}
2025-06-14 00:54:12,865 - {'Epoch': 12, 'HR@5': '0.1707', 'NDCG@5': '0.1119', 'HR@10': '0.2581', 'NDCG@10': '0.1400', 'HR@20': '0.3586', 'NDCG@20': '0.1654'}
2025-06-14 00:54:12,867 - Validation score increased.  Saving model ...
2025-06-14 00:54:20,434 - {'epoch': 13, 'rec_loss': '4.7255'}
2025-06-14 00:54:24,757 - {'Epoch': 13, 'HR@5': '0.1697', 'NDCG@5': '0.1126', 'HR@10': '0.2584', 'NDCG@10': '0.1412', 'HR@20': '0.3594', 'NDCG@20': '0.1667'}
2025-06-14 00:54:24,758 - Validation score increased.  Saving model ...
2025-06-14 00:54:32,302 - {'epoch': 14, 'rec_loss': '4.6965'}
2025-06-14 00:54:36,616 - {'Epoch': 14, 'HR@5': '0.1702', 'NDCG@5': '0.1126', 'HR@10': '0.2600', 'NDCG@10': '0.1416', 'HR@20': '0.3611', 'NDCG@20': '0.1671'}
2025-06-14 00:54:36,618 - Validation score increased.  Saving model ...
2025-06-14 00:54:44,122 - {'epoch': 15, 'rec_loss': '4.6770'}
2025-06-14 00:54:48,415 - {'Epoch': 15, 'HR@5': '0.1714', 'NDCG@5': '0.1131', 'HR@10': '0.2600', 'NDCG@10': '0.1417', 'HR@20': '0.3604', 'NDCG@20': '0.1670'}
2025-06-14 00:54:48,417 - EarlyStopping counter: 1 out of 10
2025-06-14 00:54:55,841 - {'epoch': 16, 'rec_loss': '4.6553'}
2025-06-14 00:55:00,222 - {'Epoch': 16, 'HR@5': '0.1716', 'NDCG@5': '0.1127', 'HR@10': '0.2576', 'NDCG@10': '0.1405', 'HR@20': '0.3632', 'NDCG@20': '0.1672'}
2025-06-14 00:55:00,224 - Validation score increased.  Saving model ...
2025-06-14 00:55:07,895 - {'epoch': 17, 'rec_loss': '4.6413'}
2025-06-14 00:55:12,202 - {'Epoch': 17, 'HR@5': '0.1734', 'NDCG@5': '0.1137', 'HR@10': '0.2597', 'NDCG@10': '0.1415', 'HR@20': '0.3634', 'NDCG@20': '0.1677'}
2025-06-14 00:55:12,203 - Validation score increased.  Saving model ...
2025-06-14 00:55:19,840 - {'epoch': 18, 'rec_loss': '4.6251'}
2025-06-14 00:55:24,224 - {'Epoch': 18, 'HR@5': '0.1727', 'NDCG@5': '0.1134', 'HR@10': '0.2607', 'NDCG@10': '0.1419', 'HR@20': '0.3618', 'NDCG@20': '0.1674'}
2025-06-14 00:55:24,225 - EarlyStopping counter: 1 out of 10
2025-06-14 00:55:31,707 - {'epoch': 19, 'rec_loss': '4.6100'}
2025-06-14 00:55:36,044 - {'Epoch': 19, 'HR@5': '0.1734', 'NDCG@5': '0.1135', 'HR@10': '0.2596', 'NDCG@10': '0.1413', 'HR@20': '0.3625', 'NDCG@20': '0.1673'}
2025-06-14 00:55:36,046 - EarlyStopping counter: 2 out of 10
2025-06-14 00:55:43,635 - {'epoch': 20, 'rec_loss': '4.6011'}
2025-06-14 00:55:47,960 - {'Epoch': 20, 'HR@5': '0.1735', 'NDCG@5': '0.1139', 'HR@10': '0.2613', 'NDCG@10': '0.1423', 'HR@20': '0.3632', 'NDCG@20': '0.1681'}
2025-06-14 00:55:47,961 - Validation score increased.  Saving model ...
2025-06-14 00:55:55,525 - {'epoch': 21, 'rec_loss': '4.5922'}
2025-06-14 00:55:59,900 - {'Epoch': 21, 'HR@5': '0.1752', 'NDCG@5': '0.1145', 'HR@10': '0.2596', 'NDCG@10': '0.1417', 'HR@20': '0.3649', 'NDCG@20': '0.1684'}
2025-06-14 00:55:59,902 - Validation score increased.  Saving model ...
2025-06-14 00:56:07,436 - {'epoch': 22, 'rec_loss': '4.5892'}
2025-06-14 00:56:11,733 - {'Epoch': 22, 'HR@5': '0.1750', 'NDCG@5': '0.1146', 'HR@10': '0.2621', 'NDCG@10': '0.1427', 'HR@20': '0.3653', 'NDCG@20': '0.1688'}
2025-06-14 00:56:11,735 - Validation score increased.  Saving model ...
2025-06-14 00:56:19,275 - {'epoch': 23, 'rec_loss': '4.5740'}
2025-06-14 00:56:23,594 - {'Epoch': 23, 'HR@5': '0.1722', 'NDCG@5': '0.1125', 'HR@10': '0.2629', 'NDCG@10': '0.1417', 'HR@20': '0.3636', 'NDCG@20': '0.1671'}
2025-06-14 00:56:23,595 - EarlyStopping counter: 1 out of 10
2025-06-14 00:56:31,162 - {'epoch': 24, 'rec_loss': '4.5716'}
2025-06-14 00:56:35,493 - {'Epoch': 24, 'HR@5': '0.1731', 'NDCG@5': '0.1136', 'HR@10': '0.2620', 'NDCG@10': '0.1423', 'HR@20': '0.3649', 'NDCG@20': '0.1682'}
2025-06-14 00:56:35,494 - EarlyStopping counter: 2 out of 10
2025-06-14 00:56:43,111 - {'epoch': 25, 'rec_loss': '4.5540'}
2025-06-14 00:56:47,563 - {'Epoch': 25, 'HR@5': '0.1747', 'NDCG@5': '0.1154', 'HR@10': '0.2614', 'NDCG@10': '0.1434', 'HR@20': '0.3650', 'NDCG@20': '0.1695'}
2025-06-14 00:56:47,564 - Validation score increased.  Saving model ...
2025-06-14 00:56:55,288 - {'epoch': 26, 'rec_loss': '4.5516'}
2025-06-14 00:56:59,693 - {'Epoch': 26, 'HR@5': '0.1751', 'NDCG@5': '0.1148', 'HR@10': '0.2616', 'NDCG@10': '0.1428', 'HR@20': '0.3636', 'NDCG@20': '0.1686'}
2025-06-14 00:56:59,695 - EarlyStopping counter: 1 out of 10
2025-06-14 00:57:07,383 - {'epoch': 27, 'rec_loss': '4.5467'}
2025-06-14 00:57:11,702 - {'Epoch': 27, 'HR@5': '0.1739', 'NDCG@5': '0.1141', 'HR@10': '0.2620', 'NDCG@10': '0.1425', 'HR@20': '0.3663', 'NDCG@20': '0.1689'}
2025-06-14 00:57:11,704 - EarlyStopping counter: 2 out of 10
2025-06-14 00:57:19,213 - {'epoch': 28, 'rec_loss': '4.5404'}
2025-06-14 00:57:23,528 - {'Epoch': 28, 'HR@5': '0.1757', 'NDCG@5': '0.1156', 'HR@10': '0.2633', 'NDCG@10': '0.1438', 'HR@20': '0.3666', 'NDCG@20': '0.1699'}
2025-06-14 00:57:23,530 - Validation score increased.  Saving model ...
2025-06-14 00:57:31,019 - {'epoch': 29, 'rec_loss': '4.5320'}
2025-06-14 00:57:35,398 - {'Epoch': 29, 'HR@5': '0.1743', 'NDCG@5': '0.1153', 'HR@10': '0.2617', 'NDCG@10': '0.1435', 'HR@20': '0.3650', 'NDCG@20': '0.1696'}
2025-06-14 00:57:35,401 - EarlyStopping counter: 1 out of 10
2025-06-14 00:57:43,027 - {'epoch': 30, 'rec_loss': '4.5278'}
2025-06-14 00:57:47,444 - {'Epoch': 30, 'HR@5': '0.1733', 'NDCG@5': '0.1134', 'HR@10': '0.2634', 'NDCG@10': '0.1425', 'HR@20': '0.3669', 'NDCG@20': '0.1686'}
2025-06-14 00:57:47,446 - EarlyStopping counter: 2 out of 10
2025-06-14 00:57:54,909 - {'epoch': 31, 'rec_loss': '4.5201'}
2025-06-14 00:57:59,292 - {'Epoch': 31, 'HR@5': '0.1743', 'NDCG@5': '0.1149', 'HR@10': '0.2618', 'NDCG@10': '0.1432', 'HR@20': '0.3647', 'NDCG@20': '0.1692'}
2025-06-14 00:57:59,294 - EarlyStopping counter: 3 out of 10
2025-06-14 00:58:06,877 - {'epoch': 32, 'rec_loss': '4.5176'}
2025-06-14 00:58:11,203 - {'Epoch': 32, 'HR@5': '0.1733', 'NDCG@5': '0.1145', 'HR@10': '0.2625', 'NDCG@10': '0.1433', 'HR@20': '0.3639', 'NDCG@20': '0.1689'}
2025-06-14 00:58:11,204 - EarlyStopping counter: 4 out of 10
2025-06-14 00:58:18,765 - {'epoch': 33, 'rec_loss': '4.5071'}
2025-06-14 00:58:23,163 - {'Epoch': 33, 'HR@5': '0.1731', 'NDCG@5': '0.1141', 'HR@10': '0.2636', 'NDCG@10': '0.1433', 'HR@20': '0.3653', 'NDCG@20': '0.1690'}
2025-06-14 00:58:23,165 - EarlyStopping counter: 5 out of 10
2025-06-14 00:58:30,770 - {'epoch': 34, 'rec_loss': '4.5037'}
2025-06-14 00:58:35,050 - {'Epoch': 34, 'HR@5': '0.1743', 'NDCG@5': '0.1149', 'HR@10': '0.2643', 'NDCG@10': '0.1441', 'HR@20': '0.3652', 'NDCG@20': '0.1695'}
2025-06-14 00:58:35,052 - EarlyStopping counter: 6 out of 10
2025-06-14 00:58:42,566 - {'epoch': 35, 'rec_loss': '4.5003'}
2025-06-14 00:58:46,916 - {'Epoch': 35, 'HR@5': '0.1740', 'NDCG@5': '0.1145', 'HR@10': '0.2618', 'NDCG@10': '0.1428', 'HR@20': '0.3641', 'NDCG@20': '0.1687'}
2025-06-14 00:58:46,918 - EarlyStopping counter: 7 out of 10
2025-06-14 00:58:54,434 - {'epoch': 36, 'rec_loss': '4.4992'}
2025-06-14 00:58:58,780 - {'Epoch': 36, 'HR@5': '0.1747', 'NDCG@5': '0.1147', 'HR@10': '0.2625', 'NDCG@10': '0.1431', 'HR@20': '0.3653', 'NDCG@20': '0.1690'}
2025-06-14 00:58:58,780 - EarlyStopping counter: 8 out of 10
2025-06-14 00:59:06,382 - {'epoch': 37, 'rec_loss': '4.4914'}
2025-06-14 00:59:10,737 - {'Epoch': 37, 'HR@5': '0.1757', 'NDCG@5': '0.1148', 'HR@10': '0.2631', 'NDCG@10': '0.1430', 'HR@20': '0.3645', 'NDCG@20': '0.1686'}
2025-06-14 00:59:10,737 - EarlyStopping counter: 9 out of 10
2025-06-14 00:59:18,271 - {'epoch': 38, 'rec_loss': '4.4877'}
2025-06-14 00:59:22,588 - {'Epoch': 38, 'HR@5': '0.1743', 'NDCG@5': '0.1146', 'HR@10': '0.2637', 'NDCG@10': '0.1434', 'HR@20': '0.3628', 'NDCG@20': '0.1685'}
2025-06-14 00:59:22,588 - EarlyStopping counter: 10 out of 10
2025-06-14 00:59:22,589 - Early stopping
2025-06-14 00:59:22,589 - ---------------Validation Score---------------
2025-06-14 00:59:26,853 - {'Epoch': 0, 'HR@5': '0.1757', 'NDCG@5': '0.1156', 'HR@10': '0.2633', 'NDCG@10': '0.1438', 'HR@20': '0.3666', 'NDCG@20': '0.1699'}
2025-06-14 00:59:26,855 - BSARec_Diginetica
2025-06-14 00:59:26,855 - {'Epoch': 0, 'HR@5': '0.1757', 'NDCG@5': '0.1156', 'HR@10': '0.2633', 'NDCG@10': '0.1438', 'HR@20': '0.3666', 'NDCG@20': '0.1699'}
