2025-06-13 23:34:11,712 - Namespace(data_dir='data/self_processed/', output_dir='hparam_search/', data_name='Diginetica', train_name='BSARec_Diginetica', num_items=10, num_users=14829, lr=0.001, batch_size=256, epochs=200, no_cuda=False, log_freq=1, patience=10, num_workers=4, seed=42, weight_decay=0.0, adam_beta1=0.9, adam_beta2=0.999, gpu_id='0', variance=5, model_type='BSARec', max_seq_length=50, hidden_size=64, num_hidden_layers=2, hidden_act='gelu', num_attention_heads=4, attention_probs_dropout_prob=0.5, hidden_dropout_prob=0.5, initializer_range=0.02, c=5, alpha=0.1, cuda_condition=True, data_file='data/self_processed/Diginetica.txt', item_size=9441, checkpoint_path=PosixPath('/gpfs/home3/scur2771/BSARec/BSARec/src/hparam_search/BSARec_Diginetica/12367757_61/model.pt'), same_target_path='data/self_processed/Diginetica_same_target.npy')
2025-06-13 23:34:11,730 - BSARecModel(
  (item_embeddings): Embedding(9441, 64, padding_idx=0)
  (position_embeddings): Embedding(50, 64)
  (LayerNorm): LayerNorm()
  (dropout): Dropout(p=0.5, inplace=False)
  (item_encoder): BSARecEncoder(
    (blocks): ModuleList(
      (0): BSARecBlock(
        (layer): BSARecLayer(
          (filter_layer): FrequencyLayer(
            (out_dropout): Dropout(p=0.5, inplace=False)
            (LayerNorm): LayerNorm()
          )
          (attention_layer): MultiHeadAttention(
            (query): Linear(in_features=64, out_features=64, bias=True)
            (key): Linear(in_features=64, out_features=64, bias=True)
            (value): Linear(in_features=64, out_features=64, bias=True)
            (softmax): Softmax(dim=-1)
            (attn_dropout): Dropout(p=0.5, inplace=False)
            (dense): Linear(in_features=64, out_features=64, bias=True)
            (LayerNorm): LayerNorm((64,), eps=1e-12, elementwise_affine=True)
            (out_dropout): Dropout(p=0.5, inplace=False)
          )
        )
        (feed_forward): FeedForward(
          (dense_1): Linear(in_features=64, out_features=256, bias=True)
          (dense_2): Linear(in_features=256, out_features=64, bias=True)
          (LayerNorm): LayerNorm()
          (dropout): Dropout(p=0.5, inplace=False)
        )
      )
      (1): BSARecBlock(
        (layer): BSARecLayer(
          (filter_layer): FrequencyLayer(
            (out_dropout): Dropout(p=0.5, inplace=False)
            (LayerNorm): LayerNorm()
          )
          (attention_layer): MultiHeadAttention(
            (query): Linear(in_features=64, out_features=64, bias=True)
            (key): Linear(in_features=64, out_features=64, bias=True)
            (value): Linear(in_features=64, out_features=64, bias=True)
            (softmax): Softmax(dim=-1)
            (attn_dropout): Dropout(p=0.5, inplace=False)
            (dense): Linear(in_features=64, out_features=64, bias=True)
            (LayerNorm): LayerNorm((64,), eps=1e-12, elementwise_affine=True)
            (out_dropout): Dropout(p=0.5, inplace=False)
          )
        )
        (feed_forward): FeedForward(
          (dense_1): Linear(in_features=64, out_features=256, bias=True)
          (dense_2): Linear(in_features=256, out_features=64, bias=True)
          (LayerNorm): LayerNorm()
          (dropout): Dropout(p=0.5, inplace=False)
        )
      )
    )
  )
)
2025-06-13 23:34:13,944 - Total Parameters: 707904
2025-06-13 23:34:22,524 - {'epoch': 0, 'rec_loss': '8.6621'}
2025-06-13 23:34:26,808 - {'Epoch': 0, 'HR@5': '0.0370', 'NDCG@5': '0.0249', 'HR@10': '0.0554', 'NDCG@10': '0.0307', 'HR@20': '0.0752', 'NDCG@20': '0.0358'}
2025-06-13 23:34:26,810 - Validation score increased.  Saving model ...
2025-06-13 23:34:34,339 - {'epoch': 1, 'rec_loss': '7.4445'}
2025-06-13 23:34:38,650 - {'Epoch': 1, 'HR@5': '0.1037', 'NDCG@5': '0.0680', 'HR@10': '0.1538', 'NDCG@10': '0.0841', 'HR@20': '0.2187', 'NDCG@20': '0.1006'}
2025-06-13 23:34:38,651 - Validation score increased.  Saving model ...
2025-06-13 23:34:46,129 - {'epoch': 2, 'rec_loss': '6.1948'}
2025-06-13 23:34:50,410 - {'Epoch': 2, 'HR@5': '0.1354', 'NDCG@5': '0.0888', 'HR@10': '0.2031', 'NDCG@10': '0.1106', 'HR@20': '0.2853', 'NDCG@20': '0.1314'}
2025-06-13 23:34:50,412 - Validation score increased.  Saving model ...
2025-06-13 23:34:57,913 - {'epoch': 3, 'rec_loss': '5.5182'}
2025-06-13 23:35:02,205 - {'Epoch': 3, 'HR@5': '0.1516', 'NDCG@5': '0.0998', 'HR@10': '0.2275', 'NDCG@10': '0.1243', 'HR@20': '0.3233', 'NDCG@20': '0.1485'}
2025-06-13 23:35:02,207 - Validation score increased.  Saving model ...
2025-06-13 23:35:09,689 - {'epoch': 4, 'rec_loss': '5.1941'}
2025-06-13 23:35:14,030 - {'Epoch': 4, 'HR@5': '0.1595', 'NDCG@5': '0.1039', 'HR@10': '0.2422', 'NDCG@10': '0.1305', 'HR@20': '0.3371', 'NDCG@20': '0.1545'}
2025-06-13 23:35:14,032 - Validation score increased.  Saving model ...
2025-06-13 23:35:21,593 - {'epoch': 5, 'rec_loss': '5.0338'}
2025-06-13 23:35:25,912 - {'Epoch': 5, 'HR@5': '0.1651', 'NDCG@5': '0.1078', 'HR@10': '0.2478', 'NDCG@10': '0.1344', 'HR@20': '0.3464', 'NDCG@20': '0.1592'}
2025-06-13 23:35:25,914 - Validation score increased.  Saving model ...
2025-06-13 23:35:33,332 - {'epoch': 6, 'rec_loss': '4.9475'}
2025-06-13 23:35:37,741 - {'Epoch': 6, 'HR@5': '0.1668', 'NDCG@5': '0.1092', 'HR@10': '0.2525', 'NDCG@10': '0.1368', 'HR@20': '0.3512', 'NDCG@20': '0.1617'}
2025-06-13 23:35:37,743 - Validation score increased.  Saving model ...
2025-06-13 23:35:45,317 - {'epoch': 7, 'rec_loss': '4.8916'}
2025-06-13 23:35:49,708 - {'Epoch': 7, 'HR@5': '0.1644', 'NDCG@5': '0.1082', 'HR@10': '0.2555', 'NDCG@10': '0.1376', 'HR@20': '0.3529', 'NDCG@20': '0.1622'}
2025-06-13 23:35:49,709 - Validation score increased.  Saving model ...
2025-06-13 23:35:57,141 - {'epoch': 8, 'rec_loss': '4.8441'}
2025-06-13 23:36:01,553 - {'Epoch': 8, 'HR@5': '0.1667', 'NDCG@5': '0.1085', 'HR@10': '0.2555', 'NDCG@10': '0.1371', 'HR@20': '0.3574', 'NDCG@20': '0.1628'}
2025-06-13 23:36:01,556 - Validation score increased.  Saving model ...
2025-06-13 23:36:09,031 - {'epoch': 9, 'rec_loss': '4.8108'}
2025-06-13 23:36:13,373 - {'Epoch': 9, 'HR@5': '0.1707', 'NDCG@5': '0.1114', 'HR@10': '0.2551', 'NDCG@10': '0.1385', 'HR@20': '0.3571', 'NDCG@20': '0.1643'}
2025-06-13 23:36:13,375 - Validation score increased.  Saving model ...
2025-06-13 23:36:20,941 - {'epoch': 10, 'rec_loss': '4.7807'}
2025-06-13 23:36:25,345 - {'Epoch': 10, 'HR@5': '0.1675', 'NDCG@5': '0.1097', 'HR@10': '0.2574', 'NDCG@10': '0.1387', 'HR@20': '0.3604', 'NDCG@20': '0.1647'}
2025-06-13 23:36:25,348 - Validation score increased.  Saving model ...
2025-06-13 23:36:32,874 - {'epoch': 11, 'rec_loss': '4.7580'}
2025-06-13 23:36:37,208 - {'Epoch': 11, 'HR@5': '0.1681', 'NDCG@5': '0.1103', 'HR@10': '0.2589', 'NDCG@10': '0.1396', 'HR@20': '0.3602', 'NDCG@20': '0.1652'}
2025-06-13 23:36:37,209 - Validation score increased.  Saving model ...
2025-06-13 23:36:44,833 - {'epoch': 12, 'rec_loss': '4.7357'}
2025-06-13 23:36:49,318 - {'Epoch': 12, 'HR@5': '0.1674', 'NDCG@5': '0.1101', 'HR@10': '0.2575', 'NDCG@10': '0.1390', 'HR@20': '0.3615', 'NDCG@20': '0.1653'}
2025-06-13 23:36:49,321 - Validation score increased.  Saving model ...
2025-06-13 23:36:56,779 - {'epoch': 13, 'rec_loss': '4.7209'}
2025-06-13 23:37:01,113 - {'Epoch': 13, 'HR@5': '0.1683', 'NDCG@5': '0.1109', 'HR@10': '0.2583', 'NDCG@10': '0.1400', 'HR@20': '0.3597', 'NDCG@20': '0.1656'}
2025-06-13 23:37:01,114 - Validation score increased.  Saving model ...
2025-06-13 23:37:08,643 - {'epoch': 14, 'rec_loss': '4.6982'}
2025-06-13 23:37:13,099 - {'Epoch': 14, 'HR@5': '0.1726', 'NDCG@5': '0.1121', 'HR@10': '0.2553', 'NDCG@10': '0.1387', 'HR@20': '0.3599', 'NDCG@20': '0.1651'}
2025-06-13 23:37:13,101 - EarlyStopping counter: 1 out of 10
2025-06-13 23:37:20,576 - {'epoch': 15, 'rec_loss': '4.6852'}
2025-06-13 23:37:25,011 - {'Epoch': 15, 'HR@5': '0.1699', 'NDCG@5': '0.1117', 'HR@10': '0.2579', 'NDCG@10': '0.1401', 'HR@20': '0.3602', 'NDCG@20': '0.1659'}
2025-06-13 23:37:25,013 - Validation score increased.  Saving model ...
2025-06-13 23:37:32,404 - {'epoch': 16, 'rec_loss': '4.6739'}
2025-06-13 23:37:36,740 - {'Epoch': 16, 'HR@5': '0.1683', 'NDCG@5': '0.1103', 'HR@10': '0.2576', 'NDCG@10': '0.1390', 'HR@20': '0.3598', 'NDCG@20': '0.1648'}
2025-06-13 23:37:36,741 - EarlyStopping counter: 1 out of 10
2025-06-13 23:37:44,218 - {'epoch': 17, 'rec_loss': '4.6610'}
2025-06-13 23:37:48,566 - {'Epoch': 17, 'HR@5': '0.1693', 'NDCG@5': '0.1110', 'HR@10': '0.2571', 'NDCG@10': '0.1394', 'HR@20': '0.3590', 'NDCG@20': '0.1651'}
2025-06-13 23:37:48,569 - EarlyStopping counter: 2 out of 10
2025-06-13 23:37:56,062 - {'epoch': 18, 'rec_loss': '4.6492'}
2025-06-13 23:38:00,414 - {'Epoch': 18, 'HR@5': '0.1691', 'NDCG@5': '0.1114', 'HR@10': '0.2560', 'NDCG@10': '0.1394', 'HR@20': '0.3566', 'NDCG@20': '0.1648'}
2025-06-13 23:38:00,416 - EarlyStopping counter: 3 out of 10
2025-06-13 23:38:07,921 - {'epoch': 19, 'rec_loss': '4.6341'}
2025-06-13 23:38:12,350 - {'Epoch': 19, 'HR@5': '0.1693', 'NDCG@5': '0.1109', 'HR@10': '0.2569', 'NDCG@10': '0.1392', 'HR@20': '0.3613', 'NDCG@20': '0.1656'}
2025-06-13 23:38:12,353 - EarlyStopping counter: 4 out of 10
2025-06-13 23:38:19,886 - {'epoch': 20, 'rec_loss': '4.6267'}
2025-06-13 23:38:24,244 - {'Epoch': 20, 'HR@5': '0.1712', 'NDCG@5': '0.1110', 'HR@10': '0.2582', 'NDCG@10': '0.1390', 'HR@20': '0.3623', 'NDCG@20': '0.1653'}
2025-06-13 23:38:24,246 - EarlyStopping counter: 5 out of 10
2025-06-13 23:38:31,676 - {'epoch': 21, 'rec_loss': '4.6153'}
2025-06-13 23:38:36,091 - {'Epoch': 21, 'HR@5': '0.1716', 'NDCG@5': '0.1116', 'HR@10': '0.2561', 'NDCG@10': '0.1389', 'HR@20': '0.3599', 'NDCG@20': '0.1651'}
2025-06-13 23:38:36,092 - EarlyStopping counter: 6 out of 10
2025-06-13 23:38:43,633 - {'epoch': 22, 'rec_loss': '4.6112'}
2025-06-13 23:38:47,992 - {'Epoch': 22, 'HR@5': '0.1740', 'NDCG@5': '0.1141', 'HR@10': '0.2594', 'NDCG@10': '0.1416', 'HR@20': '0.3626', 'NDCG@20': '0.1677'}
2025-06-13 23:38:47,994 - Validation score increased.  Saving model ...
2025-06-13 23:38:55,612 - {'epoch': 23, 'rec_loss': '4.6001'}
2025-06-13 23:38:59,908 - {'Epoch': 23, 'HR@5': '0.1687', 'NDCG@5': '0.1102', 'HR@10': '0.2557', 'NDCG@10': '0.1383', 'HR@20': '0.3597', 'NDCG@20': '0.1646'}
2025-06-13 23:38:59,909 - EarlyStopping counter: 1 out of 10
2025-06-13 23:39:07,373 - {'epoch': 24, 'rec_loss': '4.5950'}
2025-06-13 23:39:11,787 - {'Epoch': 24, 'HR@5': '0.1720', 'NDCG@5': '0.1124', 'HR@10': '0.2584', 'NDCG@10': '0.1404', 'HR@20': '0.3608', 'NDCG@20': '0.1662'}
2025-06-13 23:39:11,789 - EarlyStopping counter: 2 out of 10
2025-06-13 23:39:19,347 - {'epoch': 25, 'rec_loss': '4.5799'}
2025-06-13 23:39:23,732 - {'Epoch': 25, 'HR@5': '0.1745', 'NDCG@5': '0.1142', 'HR@10': '0.2597', 'NDCG@10': '0.1416', 'HR@20': '0.3596', 'NDCG@20': '0.1668'}
2025-06-13 23:39:23,733 - EarlyStopping counter: 3 out of 10
2025-06-13 23:39:31,268 - {'epoch': 26, 'rec_loss': '4.5784'}
2025-06-13 23:39:35,721 - {'Epoch': 26, 'HR@5': '0.1725', 'NDCG@5': '0.1129', 'HR@10': '0.2600', 'NDCG@10': '0.1412', 'HR@20': '0.3584', 'NDCG@20': '0.1660'}
2025-06-13 23:39:35,722 - EarlyStopping counter: 4 out of 10
2025-06-13 23:39:43,264 - {'epoch': 27, 'rec_loss': '4.5683'}
2025-06-13 23:39:47,635 - {'Epoch': 27, 'HR@5': '0.1728', 'NDCG@5': '0.1139', 'HR@10': '0.2580', 'NDCG@10': '0.1414', 'HR@20': '0.3625', 'NDCG@20': '0.1678'}
2025-06-13 23:39:47,636 - Validation score increased.  Saving model ...
2025-06-13 23:39:55,201 - {'epoch': 28, 'rec_loss': '4.5594'}
2025-06-13 23:39:59,660 - {'Epoch': 28, 'HR@5': '0.1735', 'NDCG@5': '0.1139', 'HR@10': '0.2593', 'NDCG@10': '0.1416', 'HR@20': '0.3611', 'NDCG@20': '0.1674'}
2025-06-13 23:39:59,661 - EarlyStopping counter: 1 out of 10
2025-06-13 23:40:07,111 - {'epoch': 29, 'rec_loss': '4.5527'}
2025-06-13 23:40:11,588 - {'Epoch': 29, 'HR@5': '0.1726', 'NDCG@5': '0.1135', 'HR@10': '0.2589', 'NDCG@10': '0.1414', 'HR@20': '0.3572', 'NDCG@20': '0.1662'}
2025-06-13 23:40:11,593 - EarlyStopping counter: 2 out of 10
2025-06-13 23:40:19,125 - {'epoch': 30, 'rec_loss': '4.5507'}
2025-06-13 23:40:23,467 - {'Epoch': 30, 'HR@5': '0.1716', 'NDCG@5': '0.1116', 'HR@10': '0.2581', 'NDCG@10': '0.1395', 'HR@20': '0.3634', 'NDCG@20': '0.1661'}
2025-06-13 23:40:23,469 - EarlyStopping counter: 3 out of 10
2025-06-13 23:40:30,988 - {'epoch': 31, 'rec_loss': '4.5442'}
2025-06-13 23:40:35,413 - {'Epoch': 31, 'HR@5': '0.1716', 'NDCG@5': '0.1126', 'HR@10': '0.2605', 'NDCG@10': '0.1412', 'HR@20': '0.3623', 'NDCG@20': '0.1669'}
2025-06-13 23:40:35,414 - EarlyStopping counter: 4 out of 10
2025-06-13 23:40:43,012 - {'epoch': 32, 'rec_loss': '4.5356'}
2025-06-13 23:40:47,349 - {'Epoch': 32, 'HR@5': '0.1694', 'NDCG@5': '0.1110', 'HR@10': '0.2593', 'NDCG@10': '0.1399', 'HR@20': '0.3611', 'NDCG@20': '0.1656'}
2025-06-13 23:40:47,352 - EarlyStopping counter: 5 out of 10
2025-06-13 23:40:54,781 - {'epoch': 33, 'rec_loss': '4.5286'}
2025-06-13 23:40:59,220 - {'Epoch': 33, 'HR@5': '0.1709', 'NDCG@5': '0.1116', 'HR@10': '0.2583', 'NDCG@10': '0.1397', 'HR@20': '0.3619', 'NDCG@20': '0.1658'}
2025-06-13 23:40:59,222 - EarlyStopping counter: 6 out of 10
2025-06-13 23:41:06,655 - {'epoch': 34, 'rec_loss': '4.5244'}
2025-06-13 23:41:10,999 - {'Epoch': 34, 'HR@5': '0.1728', 'NDCG@5': '0.1143', 'HR@10': '0.2625', 'NDCG@10': '0.1432', 'HR@20': '0.3599', 'NDCG@20': '0.1678'}
2025-06-13 23:41:11,002 - EarlyStopping counter: 7 out of 10
2025-06-13 23:41:18,434 - {'epoch': 35, 'rec_loss': '4.5198'}
2025-06-13 23:41:22,904 - {'Epoch': 35, 'HR@5': '0.1705', 'NDCG@5': '0.1117', 'HR@10': '0.2598', 'NDCG@10': '0.1405', 'HR@20': '0.3589', 'NDCG@20': '0.1656'}
2025-06-13 23:41:22,905 - EarlyStopping counter: 8 out of 10
2025-06-13 23:41:30,421 - {'epoch': 36, 'rec_loss': '4.5181'}
2025-06-13 23:41:34,819 - {'Epoch': 36, 'HR@5': '0.1722', 'NDCG@5': '0.1130', 'HR@10': '0.2562', 'NDCG@10': '0.1402', 'HR@20': '0.3620', 'NDCG@20': '0.1669'}
2025-06-13 23:41:34,821 - EarlyStopping counter: 9 out of 10
2025-06-13 23:41:42,254 - {'epoch': 37, 'rec_loss': '4.5089'}
2025-06-13 23:41:46,621 - {'Epoch': 37, 'HR@5': '0.1718', 'NDCG@5': '0.1116', 'HR@10': '0.2600', 'NDCG@10': '0.1400', 'HR@20': '0.3621', 'NDCG@20': '0.1658'}
2025-06-13 23:41:46,623 - EarlyStopping counter: 10 out of 10
2025-06-13 23:41:46,623 - Early stopping
2025-06-13 23:41:46,623 - ---------------Validation Score---------------
2025-06-13 23:41:50,990 - {'Epoch': 0, 'HR@5': '0.1728', 'NDCG@5': '0.1139', 'HR@10': '0.2580', 'NDCG@10': '0.1414', 'HR@20': '0.3625', 'NDCG@20': '0.1678'}
2025-06-13 23:41:50,992 - BSARec_Diginetica
2025-06-13 23:41:50,992 - {'Epoch': 0, 'HR@5': '0.1728', 'NDCG@5': '0.1139', 'HR@10': '0.2580', 'NDCG@10': '0.1414', 'HR@20': '0.3625', 'NDCG@20': '0.1678'}
