2025-06-14 15:30:34,647 - Namespace(data_dir='./data/', output_dir='hparam_search/', data_name='LastFM', train_name='BERT4Rec_LastFM', num_items=10, num_users=1091, lr=0.0005, batch_size=256, epochs=200, no_cuda=False, log_freq=1, patience=10, num_workers=4, seed=42, weight_decay=0.0, adam_beta1=0.9, adam_beta2=0.999, gpu_id='0', variance=5, model_type='Bert4Rec', max_seq_length=50, hidden_size=64, num_hidden_layers=2, hidden_act='gelu', num_attention_heads=4, attention_probs_dropout_prob=0.5, hidden_dropout_prob=0.5, initializer_range=0.02, mask_ratio=0.4, cuda_condition=True, data_file='./data/LastFM.txt', item_size=3647, checkpoint_path=PosixPath('/gpfs/home3/scur2771/BSARec/BSARec/src/hparam_search/BERT4Rec_LastFM/12373134_17/model.pt'), same_target_path='./data/LastFM_same_target.npy')
2025-06-14 15:30:34,659 - BERT4RecModel(
  (item_embeddings): Embedding(3648, 64, padding_idx=0)
  (position_embeddings): Embedding(50, 64)
  (item_encoder): TransformerEncoder(
    (blocks): ModuleList(
      (0): TransformerBlock(
        (layer): MultiHeadAttention(
          (query): Linear(in_features=64, out_features=64, bias=True)
          (key): Linear(in_features=64, out_features=64, bias=True)
          (value): Linear(in_features=64, out_features=64, bias=True)
          (softmax): Softmax(dim=-1)
          (attn_dropout): Dropout(p=0.5, inplace=False)
          (dense): Linear(in_features=64, out_features=64, bias=True)
          (LayerNorm): LayerNorm((64,), eps=1e-12, elementwise_affine=True)
          (out_dropout): Dropout(p=0.5, inplace=False)
        )
        (feed_forward): FeedForward(
          (dense_1): Linear(in_features=64, out_features=256, bias=True)
          (dense_2): Linear(in_features=256, out_features=64, bias=True)
          (LayerNorm): LayerNorm()
          (dropout): Dropout(p=0.5, inplace=False)
        )
      )
      (1): TransformerBlock(
        (layer): MultiHeadAttention(
          (query): Linear(in_features=64, out_features=64, bias=True)
          (key): Linear(in_features=64, out_features=64, bias=True)
          (value): Linear(in_features=64, out_features=64, bias=True)
          (softmax): Softmax(dim=-1)
          (attn_dropout): Dropout(p=0.5, inplace=False)
          (dense): Linear(in_features=64, out_features=64, bias=True)
          (LayerNorm): LayerNorm((64,), eps=1e-12, elementwise_affine=True)
          (out_dropout): Dropout(p=0.5, inplace=False)
        )
        (feed_forward): FeedForward(
          (dense_1): Linear(in_features=64, out_features=256, bias=True)
          (dense_2): Linear(in_features=256, out_features=64, bias=True)
          (LayerNorm): LayerNorm()
          (dropout): Dropout(p=0.5, inplace=False)
        )
      )
    )
  )
  (LayerNorm): LayerNorm()
  (dropout): Dropout(p=0.5, inplace=False)
)
2025-06-14 15:30:36,865 - Total Parameters: 336768
2025-06-14 15:30:41,069 - {'epoch': 0, 'rec_loss': '8.0347'}
2025-06-14 15:30:41,864 - {'Epoch': 0, 'HR@5': '0.0220', 'NDCG@5': '0.0149', 'HR@10': '0.0358', 'NDCG@10': '0.0192', 'HR@20': '0.0606', 'NDCG@20': '0.0255'}
2025-06-14 15:30:41,865 - Validation score increased.  Saving model ...
2025-06-14 15:30:45,505 - {'epoch': 1, 'rec_loss': '7.7886'}
2025-06-14 15:30:46,195 - {'Epoch': 1, 'HR@5': '0.0147', 'NDCG@5': '0.0084', 'HR@10': '0.0284', 'NDCG@10': '0.0127', 'HR@20': '0.0450', 'NDCG@20': '0.0169'}
2025-06-14 15:30:46,196 - EarlyStopping counter: 1 out of 10
2025-06-14 15:30:49,798 - {'epoch': 2, 'rec_loss': '7.7280'}
2025-06-14 15:30:50,600 - {'Epoch': 2, 'HR@5': '0.0193', 'NDCG@5': '0.0110', 'HR@10': '0.0294', 'NDCG@10': '0.0142', 'HR@20': '0.0486', 'NDCG@20': '0.0191'}
2025-06-14 15:30:50,601 - EarlyStopping counter: 2 out of 10
2025-06-14 15:30:54,201 - {'epoch': 3, 'rec_loss': '7.6852'}
2025-06-14 15:30:54,940 - {'Epoch': 3, 'HR@5': '0.0202', 'NDCG@5': '0.0134', 'HR@10': '0.0321', 'NDCG@10': '0.0172', 'HR@20': '0.0495', 'NDCG@20': '0.0217'}
2025-06-14 15:30:54,941 - EarlyStopping counter: 3 out of 10
2025-06-14 15:30:58,538 - {'epoch': 4, 'rec_loss': '7.6360'}
2025-06-14 15:30:59,231 - {'Epoch': 4, 'HR@5': '0.0257', 'NDCG@5': '0.0177', 'HR@10': '0.0394', 'NDCG@10': '0.0221', 'HR@20': '0.0606', 'NDCG@20': '0.0273'}
2025-06-14 15:30:59,232 - Validation score increased.  Saving model ...
2025-06-14 15:31:02,789 - {'epoch': 5, 'rec_loss': '7.5909'}
2025-06-14 15:31:03,589 - {'Epoch': 5, 'HR@5': '0.0303', 'NDCG@5': '0.0205', 'HR@10': '0.0450', 'NDCG@10': '0.0252', 'HR@20': '0.0651', 'NDCG@20': '0.0302'}
2025-06-14 15:31:03,590 - Validation score increased.  Saving model ...
2025-06-14 15:31:07,263 - {'epoch': 6, 'rec_loss': '7.5523'}
2025-06-14 15:31:08,059 - {'Epoch': 6, 'HR@5': '0.0248', 'NDCG@5': '0.0175', 'HR@10': '0.0440', 'NDCG@10': '0.0235', 'HR@20': '0.0651', 'NDCG@20': '0.0288'}
2025-06-14 15:31:08,060 - EarlyStopping counter: 1 out of 10
2025-06-14 15:31:11,642 - {'epoch': 7, 'rec_loss': '7.5177'}
2025-06-14 15:31:12,333 - {'Epoch': 7, 'HR@5': '0.0303', 'NDCG@5': '0.0185', 'HR@10': '0.0450', 'NDCG@10': '0.0233', 'HR@20': '0.0697', 'NDCG@20': '0.0295'}
2025-06-14 15:31:12,334 - EarlyStopping counter: 2 out of 10
2025-06-14 15:31:15,873 - {'epoch': 8, 'rec_loss': '7.4822'}
2025-06-14 15:31:16,597 - {'Epoch': 8, 'HR@5': '0.0284', 'NDCG@5': '0.0188', 'HR@10': '0.0440', 'NDCG@10': '0.0238', 'HR@20': '0.0697', 'NDCG@20': '0.0303'}
2025-06-14 15:31:16,598 - Validation score increased.  Saving model ...
2025-06-14 15:31:20,168 - {'epoch': 9, 'rec_loss': '7.4549'}
2025-06-14 15:31:20,894 - {'Epoch': 9, 'HR@5': '0.0220', 'NDCG@5': '0.0158', 'HR@10': '0.0440', 'NDCG@10': '0.0227', 'HR@20': '0.0771', 'NDCG@20': '0.0309'}
2025-06-14 15:31:20,895 - Validation score increased.  Saving model ...
2025-06-14 15:31:24,582 - {'epoch': 10, 'rec_loss': '7.4263'}
2025-06-14 15:31:25,346 - {'Epoch': 10, 'HR@5': '0.0321', 'NDCG@5': '0.0199', 'HR@10': '0.0486', 'NDCG@10': '0.0252', 'HR@20': '0.0734', 'NDCG@20': '0.0313'}
2025-06-14 15:31:25,347 - Validation score increased.  Saving model ...
2025-06-14 15:31:29,027 - {'epoch': 11, 'rec_loss': '7.3908'}
2025-06-14 15:31:29,688 - {'Epoch': 11, 'HR@5': '0.0229', 'NDCG@5': '0.0147', 'HR@10': '0.0440', 'NDCG@10': '0.0213', 'HR@20': '0.0734', 'NDCG@20': '0.0286'}
2025-06-14 15:31:29,688 - EarlyStopping counter: 1 out of 10
2025-06-14 15:31:33,290 - {'epoch': 12, 'rec_loss': '7.3597'}
2025-06-14 15:31:34,061 - {'Epoch': 12, 'HR@5': '0.0239', 'NDCG@5': '0.0148', 'HR@10': '0.0404', 'NDCG@10': '0.0201', 'HR@20': '0.0688', 'NDCG@20': '0.0273'}
2025-06-14 15:31:34,062 - EarlyStopping counter: 2 out of 10
2025-06-14 15:31:37,631 - {'epoch': 13, 'rec_loss': '7.3244'}
2025-06-14 15:31:38,379 - {'Epoch': 13, 'HR@5': '0.0211', 'NDCG@5': '0.0140', 'HR@10': '0.0422', 'NDCG@10': '0.0206', 'HR@20': '0.0688', 'NDCG@20': '0.0273'}
2025-06-14 15:31:38,379 - EarlyStopping counter: 3 out of 10
2025-06-14 15:31:42,059 - {'epoch': 14, 'rec_loss': '7.2932'}
2025-06-14 15:31:42,836 - {'Epoch': 14, 'HR@5': '0.0193', 'NDCG@5': '0.0124', 'HR@10': '0.0294', 'NDCG@10': '0.0157', 'HR@20': '0.0587', 'NDCG@20': '0.0231'}
2025-06-14 15:31:42,837 - EarlyStopping counter: 4 out of 10
2025-06-14 15:31:46,455 - {'epoch': 15, 'rec_loss': '7.2640'}
2025-06-14 15:31:47,204 - {'Epoch': 15, 'HR@5': '0.0183', 'NDCG@5': '0.0123', 'HR@10': '0.0339', 'NDCG@10': '0.0174', 'HR@20': '0.0642', 'NDCG@20': '0.0250'}
2025-06-14 15:31:47,204 - EarlyStopping counter: 5 out of 10
2025-06-14 15:31:50,880 - {'epoch': 16, 'rec_loss': '7.2240'}
2025-06-14 15:31:51,611 - {'Epoch': 16, 'HR@5': '0.0266', 'NDCG@5': '0.0151', 'HR@10': '0.0404', 'NDCG@10': '0.0194', 'HR@20': '0.0587', 'NDCG@20': '0.0240'}
2025-06-14 15:31:51,611 - EarlyStopping counter: 6 out of 10
2025-06-14 15:31:55,225 - {'epoch': 17, 'rec_loss': '7.1891'}
2025-06-14 15:31:55,989 - {'Epoch': 17, 'HR@5': '0.0202', 'NDCG@5': '0.0146', 'HR@10': '0.0385', 'NDCG@10': '0.0206', 'HR@20': '0.0624', 'NDCG@20': '0.0267'}
2025-06-14 15:31:55,989 - EarlyStopping counter: 7 out of 10
2025-06-14 15:31:59,665 - {'epoch': 18, 'rec_loss': '7.1523'}
2025-06-14 15:32:00,428 - {'Epoch': 18, 'HR@5': '0.0248', 'NDCG@5': '0.0164', 'HR@10': '0.0413', 'NDCG@10': '0.0216', 'HR@20': '0.0633', 'NDCG@20': '0.0270'}
2025-06-14 15:32:00,429 - EarlyStopping counter: 8 out of 10
2025-06-14 15:32:04,147 - {'epoch': 19, 'rec_loss': '7.1203'}
2025-06-14 15:32:04,866 - {'Epoch': 19, 'HR@5': '0.0257', 'NDCG@5': '0.0170', 'HR@10': '0.0404', 'NDCG@10': '0.0217', 'HR@20': '0.0596', 'NDCG@20': '0.0265'}
2025-06-14 15:32:04,867 - EarlyStopping counter: 9 out of 10
2025-06-14 15:32:08,426 - {'epoch': 20, 'rec_loss': '7.0919'}
2025-06-14 15:32:09,143 - {'Epoch': 20, 'HR@5': '0.0239', 'NDCG@5': '0.0162', 'HR@10': '0.0413', 'NDCG@10': '0.0218', 'HR@20': '0.0670', 'NDCG@20': '0.0281'}
2025-06-14 15:32:09,144 - EarlyStopping counter: 10 out of 10
2025-06-14 15:32:09,144 - Early stopping
2025-06-14 15:32:09,144 - ---------------Validation Score---------------
2025-06-14 15:32:09,871 - {'Epoch': 0, 'HR@5': '0.0321', 'NDCG@5': '0.0199', 'HR@10': '0.0486', 'NDCG@10': '0.0252', 'HR@20': '0.0734', 'NDCG@20': '0.0313'}
2025-06-14 15:32:09,872 - BERT4Rec_LastFM
2025-06-14 15:32:09,872 - {'Epoch': 0, 'HR@5': '0.0321', 'NDCG@5': '0.0199', 'HR@10': '0.0486', 'NDCG@10': '0.0252', 'HR@20': '0.0734', 'NDCG@20': '0.0313'}
