2025-06-13 20:21:28,459 - Namespace(data_dir='./data/', output_dir='hparam_search/', data_name='LastFM', train_name='FEARec_LastFM', num_items=10, num_users=1091, lr=0.0005, batch_size=256, epochs=200, no_cuda=False, log_freq=1, patience=10, num_workers=4, seed=42, weight_decay=0.0, adam_beta1=0.9, adam_beta2=0.999, gpu_id='0', variance=5, model_type='FEARec', max_seq_length=50, hidden_size=64, num_hidden_layers=2, hidden_act='gelu', num_attention_heads=1, attention_probs_dropout_prob=0.5, hidden_dropout_prob=0.5, initializer_range=0.02, tau=1.0, lmd=0.1, lmd_sem=0.1, ssl='us_x', sim='dot', spatial_ratio=0.1, global_ratio=0.6, fredom_type='us_x', fredom='True', cuda_condition=True, data_file='./data/LastFM.txt', item_size=3647, checkpoint_path=PosixPath('/gpfs/home3/scur2771/BSARec/BSARec/src/hparam_search/FEARec_LastFM/12364666_4/model.pt'), same_target_path='./data/LastFM_same_target.npy')
2025-06-13 20:21:28,472 - FEARecModel(
  (item_embeddings): Embedding(3647, 64, padding_idx=0)
  (position_embeddings): Embedding(50, 64)
  (LayerNorm): LayerNorm()
  (dropout): Dropout(p=0.5, inplace=False)
  (item_encoder): FEARecEncoder(
    (blocks): ModuleList(
      (0): FEARecBlock(
        (layer): FEARecLayer(
          (dropout): Dropout(p=0.1, inplace=False)
          (attn_dropout): Dropout(p=0.5, inplace=False)
          (LayerNorm): LayerNorm()
          (out_dropout): Dropout(p=0.5, inplace=False)
          (dense): Linear(in_features=64, out_features=64, bias=True)
          (query): Linear(in_features=64, out_features=64, bias=True)
          (key): Linear(in_features=64, out_features=64, bias=True)
          (value): Linear(in_features=64, out_features=64, bias=True)
        )
        (feed_forward): FeedForward(
          (dense_1): Linear(in_features=64, out_features=256, bias=True)
          (dense_2): Linear(in_features=256, out_features=64, bias=True)
          (LayerNorm): LayerNorm()
          (dropout): Dropout(p=0.5, inplace=False)
        )
      )
      (1): FEARecBlock(
        (layer): FEARecLayer(
          (dropout): Dropout(p=0.1, inplace=False)
          (attn_dropout): Dropout(p=0.5, inplace=False)
          (LayerNorm): LayerNorm()
          (out_dropout): Dropout(p=0.5, inplace=False)
          (dense): Linear(in_features=64, out_features=64, bias=True)
          (query): Linear(in_features=64, out_features=64, bias=True)
          (key): Linear(in_features=64, out_features=64, bias=True)
          (value): Linear(in_features=64, out_features=64, bias=True)
        )
        (feed_forward): FeedForward(
          (dense_1): Linear(in_features=64, out_features=256, bias=True)
          (dense_2): Linear(in_features=256, out_features=64, bias=True)
          (LayerNorm): LayerNorm()
          (dropout): Dropout(p=0.5, inplace=False)
        )
      )
    )
  )
  (aug_nce_fct): CrossEntropyLoss()
)
2025-06-13 20:21:30,842 - Total Parameters: 336704
2025-06-13 20:21:55,607 - {'epoch': 0, 'rec_loss': '9.1075'}
2025-06-13 20:21:56,524 - {'Epoch': 0, 'HR@5': '0.0202', 'NDCG@5': '0.0112', 'HR@10': '0.0321', 'NDCG@10': '0.0151', 'HR@20': '0.0578', 'NDCG@20': '0.0216'}
2025-06-13 20:21:56,526 - Validation score increased.  Saving model ...
2025-06-13 20:22:20,245 - {'epoch': 1, 'rec_loss': '8.6548'}
2025-06-13 20:22:21,169 - {'Epoch': 1, 'HR@5': '0.0275', 'NDCG@5': '0.0154', 'HR@10': '0.0385', 'NDCG@10': '0.0189', 'HR@20': '0.0606', 'NDCG@20': '0.0245'}
2025-06-13 20:22:21,171 - Validation score increased.  Saving model ...
2025-06-13 20:22:44,866 - {'epoch': 2, 'rec_loss': '8.5581'}
2025-06-13 20:22:45,748 - {'Epoch': 2, 'HR@5': '0.0239', 'NDCG@5': '0.0158', 'HR@10': '0.0385', 'NDCG@10': '0.0204', 'HR@20': '0.0633', 'NDCG@20': '0.0267'}
2025-06-13 20:22:45,750 - Validation score increased.  Saving model ...
2025-06-13 20:23:09,527 - {'epoch': 3, 'rec_loss': '8.5205'}
2025-06-13 20:23:10,495 - {'Epoch': 3, 'HR@5': '0.0229', 'NDCG@5': '0.0146', 'HR@10': '0.0376', 'NDCG@10': '0.0193', 'HR@20': '0.0642', 'NDCG@20': '0.0259'}
2025-06-13 20:23:10,498 - EarlyStopping counter: 1 out of 10
2025-06-13 20:23:34,073 - {'epoch': 4, 'rec_loss': '8.4974'}
2025-06-13 20:23:34,950 - {'Epoch': 4, 'HR@5': '0.0193', 'NDCG@5': '0.0131', 'HR@10': '0.0321', 'NDCG@10': '0.0173', 'HR@20': '0.0651', 'NDCG@20': '0.0256'}
2025-06-13 20:23:34,952 - EarlyStopping counter: 2 out of 10
2025-06-13 20:23:58,910 - {'epoch': 5, 'rec_loss': '8.4825'}
2025-06-13 20:23:59,813 - {'Epoch': 5, 'HR@5': '0.0202', 'NDCG@5': '0.0135', 'HR@10': '0.0394', 'NDCG@10': '0.0197', 'HR@20': '0.0624', 'NDCG@20': '0.0254'}
2025-06-13 20:23:59,815 - EarlyStopping counter: 3 out of 10
2025-06-13 20:24:23,642 - {'epoch': 6, 'rec_loss': '8.4688'}
2025-06-13 20:24:24,471 - {'Epoch': 6, 'HR@5': '0.0193', 'NDCG@5': '0.0131', 'HR@10': '0.0367', 'NDCG@10': '0.0186', 'HR@20': '0.0651', 'NDCG@20': '0.0257'}
2025-06-13 20:24:24,473 - EarlyStopping counter: 4 out of 10
2025-06-13 20:24:48,102 - {'epoch': 7, 'rec_loss': '8.4593'}
2025-06-13 20:24:48,983 - {'Epoch': 7, 'HR@5': '0.0211', 'NDCG@5': '0.0138', 'HR@10': '0.0367', 'NDCG@10': '0.0189', 'HR@20': '0.0642', 'NDCG@20': '0.0257'}
2025-06-13 20:24:48,985 - EarlyStopping counter: 5 out of 10
2025-06-13 20:25:12,712 - {'epoch': 8, 'rec_loss': '8.4528'}
2025-06-13 20:25:13,593 - {'Epoch': 8, 'HR@5': '0.0220', 'NDCG@5': '0.0132', 'HR@10': '0.0376', 'NDCG@10': '0.0182', 'HR@20': '0.0606', 'NDCG@20': '0.0239'}
2025-06-13 20:25:13,595 - EarlyStopping counter: 6 out of 10
2025-06-13 20:25:37,332 - {'epoch': 9, 'rec_loss': '8.4466'}
2025-06-13 20:25:38,277 - {'Epoch': 9, 'HR@5': '0.0229', 'NDCG@5': '0.0134', 'HR@10': '0.0385', 'NDCG@10': '0.0184', 'HR@20': '0.0624', 'NDCG@20': '0.0243'}
2025-06-13 20:25:38,280 - EarlyStopping counter: 7 out of 10
2025-06-13 20:26:02,000 - {'epoch': 10, 'rec_loss': '8.4409'}
2025-06-13 20:26:02,972 - {'Epoch': 10, 'HR@5': '0.0229', 'NDCG@5': '0.0134', 'HR@10': '0.0376', 'NDCG@10': '0.0181', 'HR@20': '0.0633', 'NDCG@20': '0.0245'}
2025-06-13 20:26:02,974 - EarlyStopping counter: 8 out of 10
2025-06-13 20:26:26,701 - {'epoch': 11, 'rec_loss': '8.4344'}
2025-06-13 20:26:27,633 - {'Epoch': 11, 'HR@5': '0.0202', 'NDCG@5': '0.0133', 'HR@10': '0.0358', 'NDCG@10': '0.0184', 'HR@20': '0.0615', 'NDCG@20': '0.0249'}
2025-06-13 20:26:27,635 - EarlyStopping counter: 9 out of 10
2025-06-13 20:26:51,342 - {'epoch': 12, 'rec_loss': '8.4288'}
2025-06-13 20:26:52,224 - {'Epoch': 12, 'HR@5': '0.0211', 'NDCG@5': '0.0138', 'HR@10': '0.0376', 'NDCG@10': '0.0192', 'HR@20': '0.0651', 'NDCG@20': '0.0260'}
2025-06-13 20:26:52,226 - EarlyStopping counter: 10 out of 10
2025-06-13 20:26:52,226 - Early stopping
2025-06-13 20:26:52,227 - ---------------Validation Score---------------
2025-06-13 20:26:53,114 - {'Epoch': 0, 'HR@5': '0.0239', 'NDCG@5': '0.0158', 'HR@10': '0.0385', 'NDCG@10': '0.0204', 'HR@20': '0.0633', 'NDCG@20': '0.0267'}
2025-06-13 20:26:53,116 - FEARec_LastFM
2025-06-13 20:26:53,116 - {'Epoch': 0, 'HR@5': '0.0239', 'NDCG@5': '0.0158', 'HR@10': '0.0385', 'NDCG@10': '0.0204', 'HR@20': '0.0633', 'NDCG@20': '0.0267'}
