2025-06-13 23:12:46,655 - Namespace(data_dir='data/self_processed/', output_dir='hparam_search/', data_name='Diginetica', train_name='BSARec_Diginetica', num_items=10, num_users=14829, lr=0.001, batch_size=256, epochs=200, no_cuda=False, log_freq=1, patience=10, num_workers=4, seed=42, weight_decay=0.0, adam_beta1=0.9, adam_beta2=0.999, gpu_id='0', variance=5, model_type='BSARec', max_seq_length=50, hidden_size=64, num_hidden_layers=2, hidden_act='gelu', num_attention_heads=2, attention_probs_dropout_prob=0.5, hidden_dropout_prob=0.5, initializer_range=0.02, c=5, alpha=0.3, cuda_condition=True, data_file='data/self_processed/Diginetica.txt', item_size=9441, checkpoint_path=PosixPath('/gpfs/home3/scur2771/BSARec/BSARec/src/hparam_search/BSARec_Diginetica/12367757_37/model.pt'), same_target_path='data/self_processed/Diginetica_same_target.npy')
2025-06-13 23:12:46,672 - BSARecModel(
  (item_embeddings): Embedding(9441, 64, padding_idx=0)
  (position_embeddings): Embedding(50, 64)
  (LayerNorm): LayerNorm()
  (dropout): Dropout(p=0.5, inplace=False)
  (item_encoder): BSARecEncoder(
    (blocks): ModuleList(
      (0): BSARecBlock(
        (layer): BSARecLayer(
          (filter_layer): FrequencyLayer(
            (out_dropout): Dropout(p=0.5, inplace=False)
            (LayerNorm): LayerNorm()
          )
          (attention_layer): MultiHeadAttention(
            (query): Linear(in_features=64, out_features=64, bias=True)
            (key): Linear(in_features=64, out_features=64, bias=True)
            (value): Linear(in_features=64, out_features=64, bias=True)
            (softmax): Softmax(dim=-1)
            (attn_dropout): Dropout(p=0.5, inplace=False)
            (dense): Linear(in_features=64, out_features=64, bias=True)
            (LayerNorm): LayerNorm((64,), eps=1e-12, elementwise_affine=True)
            (out_dropout): Dropout(p=0.5, inplace=False)
          )
        )
        (feed_forward): FeedForward(
          (dense_1): Linear(in_features=64, out_features=256, bias=True)
          (dense_2): Linear(in_features=256, out_features=64, bias=True)
          (LayerNorm): LayerNorm()
          (dropout): Dropout(p=0.5, inplace=False)
        )
      )
      (1): BSARecBlock(
        (layer): BSARecLayer(
          (filter_layer): FrequencyLayer(
            (out_dropout): Dropout(p=0.5, inplace=False)
            (LayerNorm): LayerNorm()
          )
          (attention_layer): MultiHeadAttention(
            (query): Linear(in_features=64, out_features=64, bias=True)
            (key): Linear(in_features=64, out_features=64, bias=True)
            (value): Linear(in_features=64, out_features=64, bias=True)
            (softmax): Softmax(dim=-1)
            (attn_dropout): Dropout(p=0.5, inplace=False)
            (dense): Linear(in_features=64, out_features=64, bias=True)
            (LayerNorm): LayerNorm((64,), eps=1e-12, elementwise_affine=True)
            (out_dropout): Dropout(p=0.5, inplace=False)
          )
        )
        (feed_forward): FeedForward(
          (dense_1): Linear(in_features=64, out_features=256, bias=True)
          (dense_2): Linear(in_features=256, out_features=64, bias=True)
          (LayerNorm): LayerNorm()
          (dropout): Dropout(p=0.5, inplace=False)
        )
      )
    )
  )
)
2025-06-13 23:12:48,821 - Total Parameters: 707904
2025-06-13 23:12:57,283 - {'epoch': 0, 'rec_loss': '8.6666'}
2025-06-13 23:13:01,407 - {'Epoch': 0, 'HR@5': '0.0360', 'NDCG@5': '0.0246', 'HR@10': '0.0521', 'NDCG@10': '0.0298', 'HR@20': '0.0711', 'NDCG@20': '0.0346'}
2025-06-13 23:13:01,409 - Validation score increased.  Saving model ...
2025-06-13 23:13:08,927 - {'epoch': 1, 'rec_loss': '7.4631'}
2025-06-13 23:13:13,093 - {'Epoch': 1, 'HR@5': '0.1016', 'NDCG@5': '0.0661', 'HR@10': '0.1532', 'NDCG@10': '0.0826', 'HR@20': '0.2147', 'NDCG@20': '0.0981'}
2025-06-13 23:13:13,095 - Validation score increased.  Saving model ...
2025-06-13 23:13:20,597 - {'epoch': 2, 'rec_loss': '6.2055'}
2025-06-13 23:13:24,780 - {'Epoch': 2, 'HR@5': '0.1336', 'NDCG@5': '0.0881', 'HR@10': '0.2052', 'NDCG@10': '0.1112', 'HR@20': '0.2842', 'NDCG@20': '0.1311'}
2025-06-13 23:13:24,782 - Validation score increased.  Saving model ...
2025-06-13 23:13:32,227 - {'epoch': 3, 'rec_loss': '5.5025'}
2025-06-13 23:13:36,462 - {'Epoch': 3, 'HR@5': '0.1534', 'NDCG@5': '0.1008', 'HR@10': '0.2290', 'NDCG@10': '0.1252', 'HR@20': '0.3211', 'NDCG@20': '0.1483'}
2025-06-13 23:13:36,463 - Validation score increased.  Saving model ...
2025-06-13 23:13:43,961 - {'epoch': 4, 'rec_loss': '5.1679'}
2025-06-13 23:13:48,200 - {'Epoch': 4, 'HR@5': '0.1573', 'NDCG@5': '0.1040', 'HR@10': '0.2421', 'NDCG@10': '0.1314', 'HR@20': '0.3383', 'NDCG@20': '0.1557'}
2025-06-13 23:13:48,203 - Validation score increased.  Saving model ...
2025-06-13 23:13:55,695 - {'epoch': 5, 'rec_loss': '5.0111'}
2025-06-13 23:14:00,053 - {'Epoch': 5, 'HR@5': '0.1651', 'NDCG@5': '0.1084', 'HR@10': '0.2497', 'NDCG@10': '0.1356', 'HR@20': '0.3483', 'NDCG@20': '0.1605'}
2025-06-13 23:14:00,055 - Validation score increased.  Saving model ...
2025-06-13 23:14:07,573 - {'epoch': 6, 'rec_loss': '4.9177'}
2025-06-13 23:14:11,920 - {'Epoch': 6, 'HR@5': '0.1666', 'NDCG@5': '0.1093', 'HR@10': '0.2532', 'NDCG@10': '0.1371', 'HR@20': '0.3538', 'NDCG@20': '0.1625'}
2025-06-13 23:14:11,922 - Validation score increased.  Saving model ...
2025-06-13 23:14:19,408 - {'epoch': 7, 'rec_loss': '4.8593'}
2025-06-13 23:14:23,704 - {'Epoch': 7, 'HR@5': '0.1672', 'NDCG@5': '0.1094', 'HR@10': '0.2574', 'NDCG@10': '0.1384', 'HR@20': '0.3555', 'NDCG@20': '0.1632'}
2025-06-13 23:14:23,706 - Validation score increased.  Saving model ...
2025-06-13 23:14:31,106 - {'epoch': 8, 'rec_loss': '4.8185'}
2025-06-13 23:14:35,406 - {'Epoch': 8, 'HR@5': '0.1711', 'NDCG@5': '0.1116', 'HR@10': '0.2542', 'NDCG@10': '0.1383', 'HR@20': '0.3570', 'NDCG@20': '0.1643'}
2025-06-13 23:14:35,409 - Validation score increased.  Saving model ...
2025-06-13 23:14:42,775 - {'epoch': 9, 'rec_loss': '4.7842'}
2025-06-13 23:14:47,175 - {'Epoch': 9, 'HR@5': '0.1716', 'NDCG@5': '0.1109', 'HR@10': '0.2570', 'NDCG@10': '0.1383', 'HR@20': '0.3593', 'NDCG@20': '0.1641'}
2025-06-13 23:14:47,177 - EarlyStopping counter: 1 out of 10
2025-06-13 23:14:54,657 - {'epoch': 10, 'rec_loss': '4.7574'}
2025-06-13 23:14:58,945 - {'Epoch': 10, 'HR@5': '0.1673', 'NDCG@5': '0.1099', 'HR@10': '0.2563', 'NDCG@10': '0.1385', 'HR@20': '0.3607', 'NDCG@20': '0.1650'}
2025-06-13 23:14:58,946 - Validation score increased.  Saving model ...
2025-06-13 23:15:06,359 - {'epoch': 11, 'rec_loss': '4.7311'}
2025-06-13 23:15:10,637 - {'Epoch': 11, 'HR@5': '0.1686', 'NDCG@5': '0.1113', 'HR@10': '0.2562', 'NDCG@10': '0.1395', 'HR@20': '0.3569', 'NDCG@20': '0.1649'}
2025-06-13 23:15:10,638 - EarlyStopping counter: 1 out of 10
2025-06-13 23:15:18,249 - {'epoch': 12, 'rec_loss': '4.7075'}
2025-06-13 23:15:22,610 - {'Epoch': 12, 'HR@5': '0.1695', 'NDCG@5': '0.1107', 'HR@10': '0.2574', 'NDCG@10': '0.1390', 'HR@20': '0.3594', 'NDCG@20': '0.1648'}
2025-06-13 23:15:22,612 - EarlyStopping counter: 2 out of 10
2025-06-13 23:15:29,962 - {'epoch': 13, 'rec_loss': '4.6938'}
2025-06-13 23:15:34,210 - {'Epoch': 13, 'HR@5': '0.1679', 'NDCG@5': '0.1110', 'HR@10': '0.2608', 'NDCG@10': '0.1410', 'HR@20': '0.3593', 'NDCG@20': '0.1659'}
2025-06-13 23:15:34,212 - Validation score increased.  Saving model ...
2025-06-13 23:15:41,681 - {'epoch': 14, 'rec_loss': '4.6744'}
2025-06-13 23:15:46,023 - {'Epoch': 14, 'HR@5': '0.1729', 'NDCG@5': '0.1130', 'HR@10': '0.2568', 'NDCG@10': '0.1400', 'HR@20': '0.3581', 'NDCG@20': '0.1657'}
2025-06-13 23:15:46,026 - EarlyStopping counter: 1 out of 10
2025-06-13 23:15:53,398 - {'epoch': 15, 'rec_loss': '4.6657'}
2025-06-13 23:15:57,711 - {'Epoch': 15, 'HR@5': '0.1687', 'NDCG@5': '0.1113', 'HR@10': '0.2603', 'NDCG@10': '0.1408', 'HR@20': '0.3613', 'NDCG@20': '0.1664'}
2025-06-13 23:15:57,713 - Validation score increased.  Saving model ...
2025-06-13 23:16:05,144 - {'epoch': 16, 'rec_loss': '4.6420'}
2025-06-13 23:16:09,435 - {'Epoch': 16, 'HR@5': '0.1697', 'NDCG@5': '0.1107', 'HR@10': '0.2558', 'NDCG@10': '0.1384', 'HR@20': '0.3583', 'NDCG@20': '0.1644'}
2025-06-13 23:16:09,437 - EarlyStopping counter: 1 out of 10
2025-06-13 23:16:16,926 - {'epoch': 17, 'rec_loss': '4.6329'}
2025-06-13 23:16:21,233 - {'Epoch': 17, 'HR@5': '0.1710', 'NDCG@5': '0.1117', 'HR@10': '0.2602', 'NDCG@10': '0.1404', 'HR@20': '0.3593', 'NDCG@20': '0.1655'}
2025-06-13 23:16:21,235 - EarlyStopping counter: 2 out of 10
2025-06-13 23:16:28,650 - {'epoch': 18, 'rec_loss': '4.6194'}
2025-06-13 23:16:32,960 - {'Epoch': 18, 'HR@5': '0.1715', 'NDCG@5': '0.1129', 'HR@10': '0.2613', 'NDCG@10': '0.1419', 'HR@20': '0.3589', 'NDCG@20': '0.1665'}
2025-06-13 23:16:32,961 - Validation score increased.  Saving model ...
2025-06-13 23:16:40,263 - {'epoch': 19, 'rec_loss': '4.6096'}
2025-06-13 23:16:44,600 - {'Epoch': 19, 'HR@5': '0.1732', 'NDCG@5': '0.1122', 'HR@10': '0.2590', 'NDCG@10': '0.1398', 'HR@20': '0.3580', 'NDCG@20': '0.1648'}
2025-06-13 23:16:44,602 - EarlyStopping counter: 1 out of 10
2025-06-13 23:16:52,009 - {'epoch': 20, 'rec_loss': '4.5968'}
2025-06-13 23:16:56,426 - {'Epoch': 20, 'HR@5': '0.1743', 'NDCG@5': '0.1132', 'HR@10': '0.2602', 'NDCG@10': '0.1408', 'HR@20': '0.3615', 'NDCG@20': '0.1665'}
2025-06-13 23:16:56,428 - EarlyStopping counter: 2 out of 10
2025-06-13 23:17:03,732 - {'epoch': 21, 'rec_loss': '4.5889'}
2025-06-13 23:17:08,095 - {'Epoch': 21, 'HR@5': '0.1731', 'NDCG@5': '0.1128', 'HR@10': '0.2612', 'NDCG@10': '0.1411', 'HR@20': '0.3609', 'NDCG@20': '0.1663'}
2025-06-13 23:17:08,096 - EarlyStopping counter: 3 out of 10
2025-06-13 23:17:15,596 - {'epoch': 22, 'rec_loss': '4.5836'}
2025-06-13 23:17:19,904 - {'Epoch': 22, 'HR@5': '0.1717', 'NDCG@5': '0.1135', 'HR@10': '0.2623', 'NDCG@10': '0.1427', 'HR@20': '0.3611', 'NDCG@20': '0.1677'}
2025-06-13 23:17:19,905 - Validation score increased.  Saving model ...
2025-06-13 23:17:27,472 - {'epoch': 23, 'rec_loss': '4.5687'}
2025-06-13 23:17:31,847 - {'Epoch': 23, 'HR@5': '0.1716', 'NDCG@5': '0.1124', 'HR@10': '0.2592', 'NDCG@10': '0.1405', 'HR@20': '0.3605', 'NDCG@20': '0.1660'}
2025-06-13 23:17:31,849 - EarlyStopping counter: 1 out of 10
2025-06-13 23:17:39,321 - {'epoch': 24, 'rec_loss': '4.5614'}
2025-06-13 23:17:43,625 - {'Epoch': 24, 'HR@5': '0.1720', 'NDCG@5': '0.1130', 'HR@10': '0.2617', 'NDCG@10': '0.1419', 'HR@20': '0.3622', 'NDCG@20': '0.1673'}
2025-06-13 23:17:43,627 - EarlyStopping counter: 2 out of 10
2025-06-13 23:17:51,045 - {'epoch': 25, 'rec_loss': '4.5513'}
2025-06-13 23:17:55,358 - {'Epoch': 25, 'HR@5': '0.1770', 'NDCG@5': '0.1161', 'HR@10': '0.2600', 'NDCG@10': '0.1429', 'HR@20': '0.3614', 'NDCG@20': '0.1685'}
2025-06-13 23:17:55,359 - Validation score increased.  Saving model ...
2025-06-13 23:18:02,773 - {'epoch': 26, 'rec_loss': '4.5441'}
2025-06-13 23:18:07,211 - {'Epoch': 26, 'HR@5': '0.1725', 'NDCG@5': '0.1138', 'HR@10': '0.2604', 'NDCG@10': '0.1420', 'HR@20': '0.3606', 'NDCG@20': '0.1673'}
2025-06-13 23:18:07,212 - EarlyStopping counter: 1 out of 10
2025-06-13 23:18:14,610 - {'epoch': 27, 'rec_loss': '4.5419'}
2025-06-13 23:18:18,872 - {'Epoch': 27, 'HR@5': '0.1742', 'NDCG@5': '0.1138', 'HR@10': '0.2578', 'NDCG@10': '0.1407', 'HR@20': '0.3614', 'NDCG@20': '0.1670'}
2025-06-13 23:18:18,873 - EarlyStopping counter: 2 out of 10
2025-06-13 23:18:26,267 - {'epoch': 28, 'rec_loss': '4.5298'}
2025-06-13 23:18:30,641 - {'Epoch': 28, 'HR@5': '0.1738', 'NDCG@5': '0.1146', 'HR@10': '0.2619', 'NDCG@10': '0.1430', 'HR@20': '0.3617', 'NDCG@20': '0.1682'}
2025-06-13 23:18:30,642 - EarlyStopping counter: 3 out of 10
2025-06-13 23:18:37,990 - {'epoch': 29, 'rec_loss': '4.5261'}
2025-06-13 23:18:42,346 - {'Epoch': 29, 'HR@5': '0.1710', 'NDCG@5': '0.1132', 'HR@10': '0.2569', 'NDCG@10': '0.1408', 'HR@20': '0.3588', 'NDCG@20': '0.1665'}
2025-06-13 23:18:42,347 - EarlyStopping counter: 4 out of 10
2025-06-13 23:18:49,769 - {'epoch': 30, 'rec_loss': '4.5213'}
2025-06-13 23:18:54,154 - {'Epoch': 30, 'HR@5': '0.1718', 'NDCG@5': '0.1128', 'HR@10': '0.2596', 'NDCG@10': '0.1411', 'HR@20': '0.3620', 'NDCG@20': '0.1670'}
2025-06-13 23:18:54,156 - EarlyStopping counter: 5 out of 10
2025-06-13 23:19:01,561 - {'epoch': 31, 'rec_loss': '4.5127'}
2025-06-13 23:19:05,866 - {'Epoch': 31, 'HR@5': '0.1733', 'NDCG@5': '0.1135', 'HR@10': '0.2606', 'NDCG@10': '0.1416', 'HR@20': '0.3601', 'NDCG@20': '0.1667'}
2025-06-13 23:19:05,868 - EarlyStopping counter: 6 out of 10
2025-06-13 23:19:13,321 - {'epoch': 32, 'rec_loss': '4.5068'}
2025-06-13 23:19:17,710 - {'Epoch': 32, 'HR@5': '0.1731', 'NDCG@5': '0.1124', 'HR@10': '0.2626', 'NDCG@10': '0.1412', 'HR@20': '0.3613', 'NDCG@20': '0.1662'}
2025-06-13 23:19:17,711 - EarlyStopping counter: 7 out of 10
2025-06-13 23:19:25,257 - {'epoch': 33, 'rec_loss': '4.4999'}
2025-06-13 23:19:29,639 - {'Epoch': 33, 'HR@5': '0.1694', 'NDCG@5': '0.1117', 'HR@10': '0.2617', 'NDCG@10': '0.1415', 'HR@20': '0.3605', 'NDCG@20': '0.1665'}
2025-06-13 23:19:29,641 - EarlyStopping counter: 8 out of 10
2025-06-13 23:19:37,002 - {'epoch': 34, 'rec_loss': '4.4930'}
2025-06-13 23:19:41,257 - {'Epoch': 34, 'HR@5': '0.1749', 'NDCG@5': '0.1149', 'HR@10': '0.2615', 'NDCG@10': '0.1429', 'HR@20': '0.3593', 'NDCG@20': '0.1676'}
2025-06-13 23:19:41,259 - EarlyStopping counter: 9 out of 10
2025-06-13 23:19:48,711 - {'epoch': 35, 'rec_loss': '4.4922'}
2025-06-13 23:19:52,951 - {'Epoch': 35, 'HR@5': '0.1744', 'NDCG@5': '0.1141', 'HR@10': '0.2615', 'NDCG@10': '0.1421', 'HR@20': '0.3603', 'NDCG@20': '0.1671'}
2025-06-13 23:19:52,953 - EarlyStopping counter: 10 out of 10
2025-06-13 23:19:52,953 - Early stopping
2025-06-13 23:19:52,953 - ---------------Validation Score---------------
2025-06-13 23:19:57,215 - {'Epoch': 0, 'HR@5': '0.1770', 'NDCG@5': '0.1161', 'HR@10': '0.2600', 'NDCG@10': '0.1429', 'HR@20': '0.3614', 'NDCG@20': '0.1685'}
2025-06-13 23:19:57,217 - BSARec_Diginetica
2025-06-13 23:19:57,217 - {'Epoch': 0, 'HR@5': '0.1770', 'NDCG@5': '0.1161', 'HR@10': '0.2600', 'NDCG@10': '0.1429', 'HR@20': '0.3614', 'NDCG@20': '0.1685'}
