2025-06-13 22:50:06,552 - Namespace(data_dir='data/self_processed/', output_dir='hparam_search/', data_name='Diginetica', train_name='BSARec_Diginetica', num_items=10, num_users=14829, lr=0.001, batch_size=256, epochs=200, no_cuda=False, log_freq=1, patience=10, num_workers=4, seed=42, weight_decay=0.0, adam_beta1=0.9, adam_beta2=0.999, gpu_id='0', variance=5, model_type='BSARec', max_seq_length=50, hidden_size=64, num_hidden_layers=2, hidden_act='gelu', num_attention_heads=1, attention_probs_dropout_prob=0.5, hidden_dropout_prob=0.5, initializer_range=0.02, c=5, alpha=0.5, cuda_condition=True, data_file='data/self_processed/Diginetica.txt', item_size=9441, checkpoint_path=PosixPath('/gpfs/home3/scur2771/BSARec/BSARec/src/hparam_search/BSARec_Diginetica/12367757_13/model.pt'), same_target_path='data/self_processed/Diginetica_same_target.npy')
2025-06-13 22:50:06,570 - BSARecModel(
  (item_embeddings): Embedding(9441, 64, padding_idx=0)
  (position_embeddings): Embedding(50, 64)
  (LayerNorm): LayerNorm()
  (dropout): Dropout(p=0.5, inplace=False)
  (item_encoder): BSARecEncoder(
    (blocks): ModuleList(
      (0): BSARecBlock(
        (layer): BSARecLayer(
          (filter_layer): FrequencyLayer(
            (out_dropout): Dropout(p=0.5, inplace=False)
            (LayerNorm): LayerNorm()
          )
          (attention_layer): MultiHeadAttention(
            (query): Linear(in_features=64, out_features=64, bias=True)
            (key): Linear(in_features=64, out_features=64, bias=True)
            (value): Linear(in_features=64, out_features=64, bias=True)
            (softmax): Softmax(dim=-1)
            (attn_dropout): Dropout(p=0.5, inplace=False)
            (dense): Linear(in_features=64, out_features=64, bias=True)
            (LayerNorm): LayerNorm((64,), eps=1e-12, elementwise_affine=True)
            (out_dropout): Dropout(p=0.5, inplace=False)
          )
        )
        (feed_forward): FeedForward(
          (dense_1): Linear(in_features=64, out_features=256, bias=True)
          (dense_2): Linear(in_features=256, out_features=64, bias=True)
          (LayerNorm): LayerNorm()
          (dropout): Dropout(p=0.5, inplace=False)
        )
      )
      (1): BSARecBlock(
        (layer): BSARecLayer(
          (filter_layer): FrequencyLayer(
            (out_dropout): Dropout(p=0.5, inplace=False)
            (LayerNorm): LayerNorm()
          )
          (attention_layer): MultiHeadAttention(
            (query): Linear(in_features=64, out_features=64, bias=True)
            (key): Linear(in_features=64, out_features=64, bias=True)
            (value): Linear(in_features=64, out_features=64, bias=True)
            (softmax): Softmax(dim=-1)
            (attn_dropout): Dropout(p=0.5, inplace=False)
            (dense): Linear(in_features=64, out_features=64, bias=True)
            (LayerNorm): LayerNorm((64,), eps=1e-12, elementwise_affine=True)
            (out_dropout): Dropout(p=0.5, inplace=False)
          )
        )
        (feed_forward): FeedForward(
          (dense_1): Linear(in_features=64, out_features=256, bias=True)
          (dense_2): Linear(in_features=256, out_features=64, bias=True)
          (LayerNorm): LayerNorm()
          (dropout): Dropout(p=0.5, inplace=False)
        )
      )
    )
  )
)
2025-06-13 22:50:08,721 - Total Parameters: 707904
2025-06-13 22:50:17,009 - {'epoch': 0, 'rec_loss': '8.6820'}
2025-06-13 22:50:21,146 - {'Epoch': 0, 'HR@5': '0.0299', 'NDCG@5': '0.0207', 'HR@10': '0.0424', 'NDCG@10': '0.0248', 'HR@20': '0.0612', 'NDCG@20': '0.0295'}
2025-06-13 22:50:21,147 - Validation score increased.  Saving model ...
2025-06-13 22:50:28,418 - {'epoch': 1, 'rec_loss': '7.5307'}
2025-06-13 22:50:32,629 - {'Epoch': 1, 'HR@5': '0.0987', 'NDCG@5': '0.0652', 'HR@10': '0.1476', 'NDCG@10': '0.0810', 'HR@20': '0.2057', 'NDCG@20': '0.0956'}
2025-06-13 22:50:32,631 - Validation score increased.  Saving model ...
2025-06-13 22:50:39,854 - {'epoch': 2, 'rec_loss': '6.2733'}
2025-06-13 22:50:44,071 - {'Epoch': 2, 'HR@5': '0.1340', 'NDCG@5': '0.0883', 'HR@10': '0.1995', 'NDCG@10': '0.1093', 'HR@20': '0.2805', 'NDCG@20': '0.1298'}
2025-06-13 22:50:44,073 - Validation score increased.  Saving model ...
2025-06-13 22:50:51,271 - {'epoch': 3, 'rec_loss': '5.5454'}
2025-06-13 22:50:55,495 - {'Epoch': 3, 'HR@5': '0.1526', 'NDCG@5': '0.1006', 'HR@10': '0.2270', 'NDCG@10': '0.1245', 'HR@20': '0.3202', 'NDCG@20': '0.1481'}
2025-06-13 22:50:55,497 - Validation score increased.  Saving model ...
2025-06-13 22:51:02,697 - {'epoch': 4, 'rec_loss': '5.1971'}
2025-06-13 22:51:06,982 - {'Epoch': 4, 'HR@5': '0.1609', 'NDCG@5': '0.1059', 'HR@10': '0.2437', 'NDCG@10': '0.1326', 'HR@20': '0.3391', 'NDCG@20': '0.1567'}
2025-06-13 22:51:06,984 - Validation score increased.  Saving model ...
2025-06-13 22:51:14,236 - {'epoch': 5, 'rec_loss': '5.0275'}
2025-06-13 22:51:18,461 - {'Epoch': 5, 'HR@5': '0.1653', 'NDCG@5': '0.1084', 'HR@10': '0.2489', 'NDCG@10': '0.1353', 'HR@20': '0.3485', 'NDCG@20': '0.1604'}
2025-06-13 22:51:18,463 - Validation score increased.  Saving model ...
2025-06-13 22:51:25,715 - {'epoch': 6, 'rec_loss': '4.9359'}
2025-06-13 22:51:30,036 - {'Epoch': 6, 'HR@5': '0.1695', 'NDCG@5': '0.1111', 'HR@10': '0.2542', 'NDCG@10': '0.1383', 'HR@20': '0.3515', 'NDCG@20': '0.1629'}
2025-06-13 22:51:30,038 - Validation score increased.  Saving model ...
2025-06-13 22:51:37,376 - {'epoch': 7, 'rec_loss': '4.8750'}
2025-06-13 22:51:41,635 - {'Epoch': 7, 'HR@5': '0.1690', 'NDCG@5': '0.1115', 'HR@10': '0.2568', 'NDCG@10': '0.1397', 'HR@20': '0.3562', 'NDCG@20': '0.1649'}
2025-06-13 22:51:41,637 - Validation score increased.  Saving model ...
2025-06-13 22:51:48,841 - {'epoch': 8, 'rec_loss': '4.8242'}
2025-06-13 22:51:53,182 - {'Epoch': 8, 'HR@5': '0.1694', 'NDCG@5': '0.1105', 'HR@10': '0.2569', 'NDCG@10': '0.1387', 'HR@20': '0.3579', 'NDCG@20': '0.1642'}
2025-06-13 22:51:53,184 - EarlyStopping counter: 1 out of 10
2025-06-13 22:52:00,338 - {'epoch': 9, 'rec_loss': '4.7882'}
2025-06-13 22:52:04,719 - {'Epoch': 9, 'HR@5': '0.1697', 'NDCG@5': '0.1116', 'HR@10': '0.2550', 'NDCG@10': '0.1391', 'HR@20': '0.3591', 'NDCG@20': '0.1654'}
2025-06-13 22:52:04,721 - Validation score increased.  Saving model ...
2025-06-13 22:52:11,953 - {'epoch': 10, 'rec_loss': '4.7596'}
2025-06-13 22:52:16,335 - {'Epoch': 10, 'HR@5': '0.1673', 'NDCG@5': '0.1108', 'HR@10': '0.2584', 'NDCG@10': '0.1401', 'HR@20': '0.3602', 'NDCG@20': '0.1658'}
2025-06-13 22:52:16,336 - Validation score increased.  Saving model ...
2025-06-13 22:52:23,686 - {'epoch': 11, 'rec_loss': '4.7311'}
2025-06-13 22:52:27,997 - {'Epoch': 11, 'HR@5': '0.1699', 'NDCG@5': '0.1125', 'HR@10': '0.2581', 'NDCG@10': '0.1409', 'HR@20': '0.3592', 'NDCG@20': '0.1665'}
2025-06-13 22:52:27,999 - Validation score increased.  Saving model ...
2025-06-13 22:52:35,391 - {'epoch': 12, 'rec_loss': '4.7123'}
2025-06-13 22:52:39,687 - {'Epoch': 12, 'HR@5': '0.1695', 'NDCG@5': '0.1109', 'HR@10': '0.2584', 'NDCG@10': '0.1396', 'HR@20': '0.3597', 'NDCG@20': '0.1652'}
2025-06-13 22:52:39,690 - EarlyStopping counter: 1 out of 10
2025-06-13 22:52:46,911 - {'epoch': 13, 'rec_loss': '4.6948'}
2025-06-13 22:52:51,173 - {'Epoch': 13, 'HR@5': '0.1723', 'NDCG@5': '0.1129', 'HR@10': '0.2580', 'NDCG@10': '0.1405', 'HR@20': '0.3596', 'NDCG@20': '0.1661'}
2025-06-13 22:52:51,175 - EarlyStopping counter: 2 out of 10
2025-06-13 22:52:58,425 - {'epoch': 14, 'rec_loss': '4.6739'}
2025-06-13 22:53:02,813 - {'Epoch': 14, 'HR@5': '0.1735', 'NDCG@5': '0.1136', 'HR@10': '0.2568', 'NDCG@10': '0.1404', 'HR@20': '0.3607', 'NDCG@20': '0.1666'}
2025-06-13 22:53:02,814 - Validation score increased.  Saving model ...
2025-06-13 22:53:10,102 - {'epoch': 15, 'rec_loss': '4.6652'}
2025-06-13 22:53:14,477 - {'Epoch': 15, 'HR@5': '0.1695', 'NDCG@5': '0.1116', 'HR@10': '0.2583', 'NDCG@10': '0.1403', 'HR@20': '0.3608', 'NDCG@20': '0.1662'}
2025-06-13 22:53:14,478 - EarlyStopping counter: 1 out of 10
2025-06-13 22:53:21,716 - {'epoch': 16, 'rec_loss': '4.6448'}
2025-06-13 22:53:25,993 - {'Epoch': 16, 'HR@5': '0.1699', 'NDCG@5': '0.1109', 'HR@10': '0.2579', 'NDCG@10': '0.1392', 'HR@20': '0.3607', 'NDCG@20': '0.1651'}
2025-06-13 22:53:25,994 - EarlyStopping counter: 2 out of 10
2025-06-13 22:53:33,194 - {'epoch': 17, 'rec_loss': '4.6345'}
2025-06-13 22:53:37,548 - {'Epoch': 17, 'HR@5': '0.1722', 'NDCG@5': '0.1120', 'HR@10': '0.2581', 'NDCG@10': '0.1397', 'HR@20': '0.3589', 'NDCG@20': '0.1652'}
2025-06-13 22:53:37,550 - EarlyStopping counter: 3 out of 10
2025-06-13 22:53:44,846 - {'epoch': 18, 'rec_loss': '4.6228'}
2025-06-13 22:53:49,151 - {'Epoch': 18, 'HR@5': '0.1737', 'NDCG@5': '0.1132', 'HR@10': '0.2584', 'NDCG@10': '0.1405', 'HR@20': '0.3591', 'NDCG@20': '0.1660'}
2025-06-13 22:53:49,153 - EarlyStopping counter: 4 out of 10
2025-06-13 22:53:56,370 - {'epoch': 19, 'rec_loss': '4.6112'}
2025-06-13 22:54:00,654 - {'Epoch': 19, 'HR@5': '0.1725', 'NDCG@5': '0.1116', 'HR@10': '0.2574', 'NDCG@10': '0.1390', 'HR@20': '0.3575', 'NDCG@20': '0.1643'}
2025-06-13 22:54:00,656 - EarlyStopping counter: 5 out of 10
2025-06-13 22:54:07,882 - {'epoch': 20, 'rec_loss': '4.6045'}
2025-06-13 22:54:12,191 - {'Epoch': 20, 'HR@5': '0.1754', 'NDCG@5': '0.1141', 'HR@10': '0.2584', 'NDCG@10': '0.1409', 'HR@20': '0.3622', 'NDCG@20': '0.1671'}
2025-06-13 22:54:12,193 - Validation score increased.  Saving model ...
2025-06-13 22:54:19,387 - {'epoch': 21, 'rec_loss': '4.5933'}
2025-06-13 22:54:23,651 - {'Epoch': 21, 'HR@5': '0.1724', 'NDCG@5': '0.1121', 'HR@10': '0.2598', 'NDCG@10': '0.1403', 'HR@20': '0.3609', 'NDCG@20': '0.1658'}
2025-06-13 22:54:23,653 - EarlyStopping counter: 1 out of 10
2025-06-13 22:54:30,835 - {'epoch': 22, 'rec_loss': '4.5848'}
2025-06-13 22:54:35,121 - {'Epoch': 22, 'HR@5': '0.1728', 'NDCG@5': '0.1132', 'HR@10': '0.2600', 'NDCG@10': '0.1412', 'HR@20': '0.3612', 'NDCG@20': '0.1669'}
2025-06-13 22:54:35,123 - EarlyStopping counter: 2 out of 10
2025-06-13 22:54:42,259 - {'epoch': 23, 'rec_loss': '4.5706'}
2025-06-13 22:54:46,498 - {'Epoch': 23, 'HR@5': '0.1710', 'NDCG@5': '0.1108', 'HR@10': '0.2546', 'NDCG@10': '0.1378', 'HR@20': '0.3577', 'NDCG@20': '0.1639'}
2025-06-13 22:54:46,501 - EarlyStopping counter: 3 out of 10
2025-06-13 22:54:53,617 - {'epoch': 24, 'rec_loss': '4.5655'}
2025-06-13 22:54:57,985 - {'Epoch': 24, 'HR@5': '0.1726', 'NDCG@5': '0.1123', 'HR@10': '0.2585', 'NDCG@10': '0.1399', 'HR@20': '0.3584', 'NDCG@20': '0.1651'}
2025-06-13 22:54:57,987 - EarlyStopping counter: 4 out of 10
2025-06-13 22:55:05,264 - {'epoch': 25, 'rec_loss': '4.5506'}
2025-06-13 22:55:09,594 - {'Epoch': 25, 'HR@5': '0.1733', 'NDCG@5': '0.1142', 'HR@10': '0.2603', 'NDCG@10': '0.1423', 'HR@20': '0.3617', 'NDCG@20': '0.1679'}
2025-06-13 22:55:09,595 - Validation score increased.  Saving model ...
2025-06-13 22:55:16,774 - {'epoch': 26, 'rec_loss': '4.5492'}
2025-06-13 22:55:21,066 - {'Epoch': 26, 'HR@5': '0.1726', 'NDCG@5': '0.1130', 'HR@10': '0.2595', 'NDCG@10': '0.1411', 'HR@20': '0.3586', 'NDCG@20': '0.1661'}
2025-06-13 22:55:21,068 - EarlyStopping counter: 1 out of 10
2025-06-13 22:55:28,239 - {'epoch': 27, 'rec_loss': '4.5426'}
2025-06-13 22:55:32,437 - {'Epoch': 27, 'HR@5': '0.1707', 'NDCG@5': '0.1119', 'HR@10': '0.2598', 'NDCG@10': '0.1406', 'HR@20': '0.3601', 'NDCG@20': '0.1660'}
2025-06-13 22:55:32,439 - EarlyStopping counter: 2 out of 10
2025-06-13 22:55:39,733 - {'epoch': 28, 'rec_loss': '4.5292'}
2025-06-13 22:55:44,002 - {'Epoch': 28, 'HR@5': '0.1739', 'NDCG@5': '0.1137', 'HR@10': '0.2627', 'NDCG@10': '0.1422', 'HR@20': '0.3618', 'NDCG@20': '0.1672'}
2025-06-13 22:55:44,004 - EarlyStopping counter: 3 out of 10
2025-06-13 22:55:51,177 - {'epoch': 29, 'rec_loss': '4.5220'}
2025-06-13 22:55:55,459 - {'Epoch': 29, 'HR@5': '0.1679', 'NDCG@5': '0.1115', 'HR@10': '0.2576', 'NDCG@10': '0.1404', 'HR@20': '0.3580', 'NDCG@20': '0.1658'}
2025-06-13 22:55:55,461 - EarlyStopping counter: 4 out of 10
2025-06-13 22:56:02,693 - {'epoch': 30, 'rec_loss': '4.5178'}
2025-06-13 22:56:07,004 - {'Epoch': 30, 'HR@5': '0.1708', 'NDCG@5': '0.1121', 'HR@10': '0.2594', 'NDCG@10': '0.1408', 'HR@20': '0.3599', 'NDCG@20': '0.1661'}
2025-06-13 22:56:07,005 - EarlyStopping counter: 5 out of 10
2025-06-13 22:56:14,215 - {'epoch': 31, 'rec_loss': '4.5129'}
2025-06-13 22:56:18,520 - {'Epoch': 31, 'HR@5': '0.1708', 'NDCG@5': '0.1125', 'HR@10': '0.2580', 'NDCG@10': '0.1407', 'HR@20': '0.3605', 'NDCG@20': '0.1667'}
2025-06-13 22:56:18,522 - EarlyStopping counter: 6 out of 10
2025-06-13 22:56:25,725 - {'epoch': 32, 'rec_loss': '4.5079'}
2025-06-13 22:56:30,109 - {'Epoch': 32, 'HR@5': '0.1708', 'NDCG@5': '0.1112', 'HR@10': '0.2600', 'NDCG@10': '0.1400', 'HR@20': '0.3601', 'NDCG@20': '0.1652'}
2025-06-13 22:56:30,111 - EarlyStopping counter: 7 out of 10
2025-06-13 22:56:37,389 - {'epoch': 33, 'rec_loss': '4.4958'}
2025-06-13 22:56:41,611 - {'Epoch': 33, 'HR@5': '0.1708', 'NDCG@5': '0.1111', 'HR@10': '0.2600', 'NDCG@10': '0.1398', 'HR@20': '0.3630', 'NDCG@20': '0.1658'}
2025-06-13 22:56:41,612 - EarlyStopping counter: 8 out of 10
2025-06-13 22:56:48,860 - {'epoch': 34, 'rec_loss': '4.4968'}
2025-06-13 22:56:53,138 - {'Epoch': 34, 'HR@5': '0.1718', 'NDCG@5': '0.1123', 'HR@10': '0.2621', 'NDCG@10': '0.1414', 'HR@20': '0.3615', 'NDCG@20': '0.1665'}
2025-06-13 22:56:53,139 - EarlyStopping counter: 9 out of 10
2025-06-13 22:57:00,299 - {'epoch': 35, 'rec_loss': '4.4896'}
2025-06-13 22:57:04,586 - {'Epoch': 35, 'HR@5': '0.1710', 'NDCG@5': '0.1110', 'HR@10': '0.2609', 'NDCG@10': '0.1400', 'HR@20': '0.3576', 'NDCG@20': '0.1644'}
2025-06-13 22:57:04,589 - EarlyStopping counter: 10 out of 10
2025-06-13 22:57:04,589 - Early stopping
2025-06-13 22:57:04,589 - ---------------Validation Score---------------
2025-06-13 22:57:08,820 - {'Epoch': 0, 'HR@5': '0.1733', 'NDCG@5': '0.1142', 'HR@10': '0.2603', 'NDCG@10': '0.1423', 'HR@20': '0.3617', 'NDCG@20': '0.1679'}
2025-06-13 22:57:08,822 - BSARec_Diginetica
2025-06-13 22:57:08,822 - {'Epoch': 0, 'HR@5': '0.1733', 'NDCG@5': '0.1142', 'HR@10': '0.2603', 'NDCG@10': '0.1423', 'HR@20': '0.3617', 'NDCG@20': '0.1679'}
