2025-06-14 00:48:17,624 - Namespace(data_dir='data/self_processed/', output_dir='hparam_search/', data_name='Diginetica', train_name='BSARec_Diginetica', num_items=10, num_users=14829, lr=0.0005, batch_size=256, epochs=200, no_cuda=False, log_freq=1, patience=10, num_workers=4, seed=42, weight_decay=0.0, adam_beta1=0.9, adam_beta2=0.999, gpu_id='0', variance=5, model_type='BSARec', max_seq_length=50, hidden_size=64, num_hidden_layers=2, hidden_act='gelu', num_attention_heads=4, attention_probs_dropout_prob=0.5, hidden_dropout_prob=0.5, initializer_range=0.02, c=5, alpha=0.1, cuda_condition=True, data_file='data/self_processed/Diginetica.txt', item_size=9441, checkpoint_path=PosixPath('/gpfs/home3/scur2771/BSARec/BSARec/src/hparam_search/BSARec_Diginetica/12367757_136/model.pt'), same_target_path='data/self_processed/Diginetica_same_target.npy')
2025-06-14 00:48:17,642 - BSARecModel(
  (item_embeddings): Embedding(9441, 64, padding_idx=0)
  (position_embeddings): Embedding(50, 64)
  (LayerNorm): LayerNorm()
  (dropout): Dropout(p=0.5, inplace=False)
  (item_encoder): BSARecEncoder(
    (blocks): ModuleList(
      (0): BSARecBlock(
        (layer): BSARecLayer(
          (filter_layer): FrequencyLayer(
            (out_dropout): Dropout(p=0.5, inplace=False)
            (LayerNorm): LayerNorm()
          )
          (attention_layer): MultiHeadAttention(
            (query): Linear(in_features=64, out_features=64, bias=True)
            (key): Linear(in_features=64, out_features=64, bias=True)
            (value): Linear(in_features=64, out_features=64, bias=True)
            (softmax): Softmax(dim=-1)
            (attn_dropout): Dropout(p=0.5, inplace=False)
            (dense): Linear(in_features=64, out_features=64, bias=True)
            (LayerNorm): LayerNorm((64,), eps=1e-12, elementwise_affine=True)
            (out_dropout): Dropout(p=0.5, inplace=False)
          )
        )
        (feed_forward): FeedForward(
          (dense_1): Linear(in_features=64, out_features=256, bias=True)
          (dense_2): Linear(in_features=256, out_features=64, bias=True)
          (LayerNorm): LayerNorm()
          (dropout): Dropout(p=0.5, inplace=False)
        )
      )
      (1): BSARecBlock(
        (layer): BSARecLayer(
          (filter_layer): FrequencyLayer(
            (out_dropout): Dropout(p=0.5, inplace=False)
            (LayerNorm): LayerNorm()
          )
          (attention_layer): MultiHeadAttention(
            (query): Linear(in_features=64, out_features=64, bias=True)
            (key): Linear(in_features=64, out_features=64, bias=True)
            (value): Linear(in_features=64, out_features=64, bias=True)
            (softmax): Softmax(dim=-1)
            (attn_dropout): Dropout(p=0.5, inplace=False)
            (dense): Linear(in_features=64, out_features=64, bias=True)
            (LayerNorm): LayerNorm((64,), eps=1e-12, elementwise_affine=True)
            (out_dropout): Dropout(p=0.5, inplace=False)
          )
        )
        (feed_forward): FeedForward(
          (dense_1): Linear(in_features=64, out_features=256, bias=True)
          (dense_2): Linear(in_features=256, out_features=64, bias=True)
          (LayerNorm): LayerNorm()
          (dropout): Dropout(p=0.5, inplace=False)
        )
      )
    )
  )
)
2025-06-14 00:48:19,825 - Total Parameters: 707904
2025-06-14 00:48:28,380 - {'epoch': 0, 'rec_loss': '8.7993'}
2025-06-14 00:48:32,478 - {'Epoch': 0, 'HR@5': '0.0072', 'NDCG@5': '0.0046', 'HR@10': '0.0113', 'NDCG@10': '0.0060', 'HR@20': '0.0179', 'NDCG@20': '0.0076'}
2025-06-14 00:48:32,480 - Validation score increased.  Saving model ...
2025-06-14 00:48:39,971 - {'epoch': 1, 'rec_loss': '8.3159'}
2025-06-14 00:48:44,167 - {'Epoch': 1, 'HR@5': '0.0500', 'NDCG@5': '0.0346', 'HR@10': '0.0724', 'NDCG@10': '0.0418', 'HR@20': '0.0988', 'NDCG@20': '0.0485'}
2025-06-14 00:48:44,169 - Validation score increased.  Saving model ...
2025-06-14 00:48:51,742 - {'epoch': 2, 'rec_loss': '7.5995'}
2025-06-14 00:48:55,984 - {'Epoch': 2, 'HR@5': '0.0875', 'NDCG@5': '0.0583', 'HR@10': '0.1302', 'NDCG@10': '0.0720', 'HR@20': '0.1868', 'NDCG@20': '0.0863'}
2025-06-14 00:48:55,986 - Validation score increased.  Saving model ...
2025-06-14 00:49:03,493 - {'epoch': 3, 'rec_loss': '6.7976'}
2025-06-14 00:49:07,779 - {'Epoch': 3, 'HR@5': '0.1119', 'NDCG@5': '0.0747', 'HR@10': '0.1720', 'NDCG@10': '0.0940', 'HR@20': '0.2393', 'NDCG@20': '0.1110'}
2025-06-14 00:49:07,781 - Validation score increased.  Saving model ...
2025-06-14 00:49:15,265 - {'epoch': 4, 'rec_loss': '6.1659'}
2025-06-14 00:49:19,540 - {'Epoch': 4, 'HR@5': '0.1297', 'NDCG@5': '0.0853', 'HR@10': '0.1962', 'NDCG@10': '0.1067', 'HR@20': '0.2755', 'NDCG@20': '0.1267'}
2025-06-14 00:49:19,541 - Validation score increased.  Saving model ...
2025-06-14 00:49:26,962 - {'epoch': 5, 'rec_loss': '5.7193'}
2025-06-14 00:49:31,339 - {'Epoch': 5, 'HR@5': '0.1439', 'NDCG@5': '0.0947', 'HR@10': '0.2141', 'NDCG@10': '0.1173', 'HR@20': '0.2984', 'NDCG@20': '0.1386'}
2025-06-14 00:49:31,341 - Validation score increased.  Saving model ...
2025-06-14 00:49:38,926 - {'epoch': 6, 'rec_loss': '5.4117'}
2025-06-14 00:49:43,235 - {'Epoch': 6, 'HR@5': '0.1514', 'NDCG@5': '0.0999', 'HR@10': '0.2267', 'NDCG@10': '0.1242', 'HR@20': '0.3150', 'NDCG@20': '0.1465'}
2025-06-14 00:49:43,237 - Validation score increased.  Saving model ...
2025-06-14 00:49:50,737 - {'epoch': 7, 'rec_loss': '5.1998'}
2025-06-14 00:49:55,094 - {'Epoch': 7, 'HR@5': '0.1577', 'NDCG@5': '0.1038', 'HR@10': '0.2366', 'NDCG@10': '0.1292', 'HR@20': '0.3295', 'NDCG@20': '0.1527'}
2025-06-14 00:49:55,096 - Validation score increased.  Saving model ...
2025-06-14 00:50:02,543 - {'epoch': 8, 'rec_loss': '5.0482'}
2025-06-14 00:50:06,894 - {'Epoch': 8, 'HR@5': '0.1627', 'NDCG@5': '0.1070', 'HR@10': '0.2453', 'NDCG@10': '0.1337', 'HR@20': '0.3407', 'NDCG@20': '0.1579'}
2025-06-14 00:50:06,897 - Validation score increased.  Saving model ...
2025-06-14 00:50:14,409 - {'epoch': 9, 'rec_loss': '4.9410'}
2025-06-14 00:50:18,833 - {'Epoch': 9, 'HR@5': '0.1681', 'NDCG@5': '0.1101', 'HR@10': '0.2492', 'NDCG@10': '0.1362', 'HR@20': '0.3472', 'NDCG@20': '0.1609'}
2025-06-14 00:50:18,835 - Validation score increased.  Saving model ...
2025-06-14 00:50:26,433 - {'epoch': 10, 'rec_loss': '4.8635'}
2025-06-14 00:50:30,825 - {'Epoch': 10, 'HR@5': '0.1672', 'NDCG@5': '0.1095', 'HR@10': '0.2532', 'NDCG@10': '0.1372', 'HR@20': '0.3514', 'NDCG@20': '0.1621'}
2025-06-14 00:50:30,827 - Validation score increased.  Saving model ...
2025-06-14 00:50:38,319 - {'epoch': 11, 'rec_loss': '4.8083'}
2025-06-14 00:50:42,703 - {'Epoch': 11, 'HR@5': '0.1682', 'NDCG@5': '0.1116', 'HR@10': '0.2547', 'NDCG@10': '0.1395', 'HR@20': '0.3536', 'NDCG@20': '0.1645'}
2025-06-14 00:50:42,704 - Validation score increased.  Saving model ...
2025-06-14 00:50:50,407 - {'epoch': 12, 'rec_loss': '4.7619'}
2025-06-14 00:50:54,825 - {'Epoch': 12, 'HR@5': '0.1701', 'NDCG@5': '0.1117', 'HR@10': '0.2584', 'NDCG@10': '0.1402', 'HR@20': '0.3578', 'NDCG@20': '0.1652'}
2025-06-14 00:50:54,827 - Validation score increased.  Saving model ...
2025-06-14 00:51:02,368 - {'epoch': 13, 'rec_loss': '4.7280'}
2025-06-14 00:51:06,709 - {'Epoch': 13, 'HR@5': '0.1701', 'NDCG@5': '0.1129', 'HR@10': '0.2580', 'NDCG@10': '0.1413', 'HR@20': '0.3596', 'NDCG@20': '0.1670'}
2025-06-14 00:51:06,711 - Validation score increased.  Saving model ...
2025-06-14 00:51:14,215 - {'epoch': 14, 'rec_loss': '4.6993'}
2025-06-14 00:51:18,537 - {'Epoch': 14, 'HR@5': '0.1707', 'NDCG@5': '0.1130', 'HR@10': '0.2605', 'NDCG@10': '0.1419', 'HR@20': '0.3603', 'NDCG@20': '0.1670'}
2025-06-14 00:51:18,539 - Validation score increased.  Saving model ...
2025-06-14 00:51:25,987 - {'epoch': 15, 'rec_loss': '4.6797'}
2025-06-14 00:51:30,373 - {'Epoch': 15, 'HR@5': '0.1712', 'NDCG@5': '0.1130', 'HR@10': '0.2607', 'NDCG@10': '0.1418', 'HR@20': '0.3604', 'NDCG@20': '0.1670'}
2025-06-14 00:51:30,375 - EarlyStopping counter: 1 out of 10
2025-06-14 00:51:37,842 - {'epoch': 16, 'rec_loss': '4.6575'}
2025-06-14 00:51:42,211 - {'Epoch': 16, 'HR@5': '0.1717', 'NDCG@5': '0.1128', 'HR@10': '0.2580', 'NDCG@10': '0.1407', 'HR@20': '0.3622', 'NDCG@20': '0.1670'}
2025-06-14 00:51:42,213 - Validation score increased.  Saving model ...
2025-06-14 00:51:49,775 - {'epoch': 17, 'rec_loss': '4.6436'}
2025-06-14 00:51:54,204 - {'Epoch': 17, 'HR@5': '0.1741', 'NDCG@5': '0.1142', 'HR@10': '0.2595', 'NDCG@10': '0.1417', 'HR@20': '0.3638', 'NDCG@20': '0.1680'}
2025-06-14 00:51:54,204 - Validation score increased.  Saving model ...
2025-06-14 00:52:01,746 - {'epoch': 18, 'rec_loss': '4.6270'}
2025-06-14 00:52:06,193 - {'Epoch': 18, 'HR@5': '0.1722', 'NDCG@5': '0.1134', 'HR@10': '0.2599', 'NDCG@10': '0.1418', 'HR@20': '0.3609', 'NDCG@20': '0.1673'}
2025-06-14 00:52:06,193 - EarlyStopping counter: 1 out of 10
2025-06-14 00:52:13,766 - {'epoch': 19, 'rec_loss': '4.6119'}
2025-06-14 00:52:18,230 - {'Epoch': 19, 'HR@5': '0.1733', 'NDCG@5': '0.1136', 'HR@10': '0.2592', 'NDCG@10': '0.1413', 'HR@20': '0.3614', 'NDCG@20': '0.1671'}
2025-06-14 00:52:18,233 - EarlyStopping counter: 2 out of 10
2025-06-14 00:52:25,733 - {'epoch': 20, 'rec_loss': '4.6033'}
2025-06-14 00:52:30,113 - {'Epoch': 20, 'HR@5': '0.1745', 'NDCG@5': '0.1143', 'HR@10': '0.2611', 'NDCG@10': '0.1422', 'HR@20': '0.3630', 'NDCG@20': '0.1680'}
2025-06-14 00:52:30,115 - EarlyStopping counter: 3 out of 10
2025-06-14 00:52:37,583 - {'epoch': 21, 'rec_loss': '4.5946'}
2025-06-14 00:52:42,000 - {'Epoch': 21, 'HR@5': '0.1746', 'NDCG@5': '0.1141', 'HR@10': '0.2591', 'NDCG@10': '0.1414', 'HR@20': '0.3655', 'NDCG@20': '0.1683'}
2025-06-14 00:52:42,001 - Validation score increased.  Saving model ...
2025-06-14 00:52:49,620 - {'epoch': 22, 'rec_loss': '4.5913'}
2025-06-14 00:52:53,950 - {'Epoch': 22, 'HR@5': '0.1751', 'NDCG@5': '0.1147', 'HR@10': '0.2607', 'NDCG@10': '0.1424', 'HR@20': '0.3653', 'NDCG@20': '0.1689'}
2025-06-14 00:52:53,952 - Validation score increased.  Saving model ...
2025-06-14 00:53:01,462 - {'epoch': 23, 'rec_loss': '4.5759'}
2025-06-14 00:53:05,975 - {'Epoch': 23, 'HR@5': '0.1735', 'NDCG@5': '0.1129', 'HR@10': '0.2617', 'NDCG@10': '0.1413', 'HR@20': '0.3649', 'NDCG@20': '0.1673'}
2025-06-14 00:53:05,977 - EarlyStopping counter: 1 out of 10
2025-06-14 00:53:13,394 - {'epoch': 24, 'rec_loss': '4.5734'}
2025-06-14 00:53:17,892 - {'Epoch': 24, 'HR@5': '0.1735', 'NDCG@5': '0.1138', 'HR@10': '0.2615', 'NDCG@10': '0.1422', 'HR@20': '0.3642', 'NDCG@20': '0.1681'}
2025-06-14 00:53:17,895 - EarlyStopping counter: 2 out of 10
2025-06-14 00:53:25,363 - {'epoch': 25, 'rec_loss': '4.5554'}
2025-06-14 00:53:29,776 - {'Epoch': 25, 'HR@5': '0.1750', 'NDCG@5': '0.1157', 'HR@10': '0.2607', 'NDCG@10': '0.1434', 'HR@20': '0.3636', 'NDCG@20': '0.1694'}
2025-06-14 00:53:29,777 - Validation score increased.  Saving model ...
2025-06-14 00:53:37,198 - {'epoch': 26, 'rec_loss': '4.5531'}
2025-06-14 00:53:41,567 - {'Epoch': 26, 'HR@5': '0.1757', 'NDCG@5': '0.1151', 'HR@10': '0.2619', 'NDCG@10': '0.1430', 'HR@20': '0.3638', 'NDCG@20': '0.1687'}
2025-06-14 00:53:41,570 - EarlyStopping counter: 1 out of 10
2025-06-14 00:53:49,138 - {'epoch': 27, 'rec_loss': '4.5488'}
2025-06-14 00:53:53,620 - {'Epoch': 27, 'HR@5': '0.1731', 'NDCG@5': '0.1139', 'HR@10': '0.2620', 'NDCG@10': '0.1426', 'HR@20': '0.3652', 'NDCG@20': '0.1687'}
2025-06-14 00:53:53,624 - EarlyStopping counter: 2 out of 10
2025-06-14 00:54:01,080 - {'epoch': 28, 'rec_loss': '4.5416'}
2025-06-14 00:54:05,452 - {'Epoch': 28, 'HR@5': '0.1749', 'NDCG@5': '0.1153', 'HR@10': '0.2629', 'NDCG@10': '0.1437', 'HR@20': '0.3657', 'NDCG@20': '0.1696'}
2025-06-14 00:54:05,454 - Validation score increased.  Saving model ...
2025-06-14 00:54:12,990 - {'epoch': 29, 'rec_loss': '4.5336'}
2025-06-14 00:54:17,493 - {'Epoch': 29, 'HR@5': '0.1750', 'NDCG@5': '0.1156', 'HR@10': '0.2609', 'NDCG@10': '0.1432', 'HR@20': '0.3643', 'NDCG@20': '0.1693'}
2025-06-14 00:54:17,493 - EarlyStopping counter: 1 out of 10
2025-06-14 00:54:25,016 - {'epoch': 30, 'rec_loss': '4.5289'}
2025-06-14 00:54:29,366 - {'Epoch': 30, 'HR@5': '0.1741', 'NDCG@5': '0.1138', 'HR@10': '0.2625', 'NDCG@10': '0.1423', 'HR@20': '0.3666', 'NDCG@20': '0.1686'}
2025-06-14 00:54:29,369 - EarlyStopping counter: 2 out of 10
2025-06-14 00:54:36,845 - {'epoch': 31, 'rec_loss': '4.5219'}
2025-06-14 00:54:41,206 - {'Epoch': 31, 'HR@5': '0.1741', 'NDCG@5': '0.1150', 'HR@10': '0.2621', 'NDCG@10': '0.1434', 'HR@20': '0.3653', 'NDCG@20': '0.1694'}
2025-06-14 00:54:41,207 - EarlyStopping counter: 3 out of 10
2025-06-14 00:54:48,659 - {'epoch': 32, 'rec_loss': '4.5191'}
2025-06-14 00:54:53,066 - {'Epoch': 32, 'HR@5': '0.1726', 'NDCG@5': '0.1139', 'HR@10': '0.2626', 'NDCG@10': '0.1429', 'HR@20': '0.3633', 'NDCG@20': '0.1683'}
2025-06-14 00:54:53,067 - EarlyStopping counter: 4 out of 10
2025-06-14 00:55:00,522 - {'epoch': 33, 'rec_loss': '4.5085'}
2025-06-14 00:55:04,907 - {'Epoch': 33, 'HR@5': '0.1734', 'NDCG@5': '0.1139', 'HR@10': '0.2632', 'NDCG@10': '0.1429', 'HR@20': '0.3644', 'NDCG@20': '0.1685'}
2025-06-14 00:55:04,908 - EarlyStopping counter: 5 out of 10
2025-06-14 00:55:12,317 - {'epoch': 34, 'rec_loss': '4.5055'}
2025-06-14 00:55:16,686 - {'Epoch': 34, 'HR@5': '0.1747', 'NDCG@5': '0.1151', 'HR@10': '0.2636', 'NDCG@10': '0.1438', 'HR@20': '0.3640', 'NDCG@20': '0.1691'}
2025-06-14 00:55:16,689 - EarlyStopping counter: 6 out of 10
2025-06-14 00:55:24,091 - {'epoch': 35, 'rec_loss': '4.5020'}
2025-06-14 00:55:28,510 - {'Epoch': 35, 'HR@5': '0.1741', 'NDCG@5': '0.1143', 'HR@10': '0.2617', 'NDCG@10': '0.1425', 'HR@20': '0.3642', 'NDCG@20': '0.1684'}
2025-06-14 00:55:28,511 - EarlyStopping counter: 7 out of 10
2025-06-14 00:55:35,982 - {'epoch': 36, 'rec_loss': '4.5016'}
2025-06-14 00:55:40,356 - {'Epoch': 36, 'HR@5': '0.1739', 'NDCG@5': '0.1144', 'HR@10': '0.2623', 'NDCG@10': '0.1429', 'HR@20': '0.3655', 'NDCG@20': '0.1690'}
2025-06-14 00:55:40,358 - EarlyStopping counter: 8 out of 10
2025-06-14 00:55:47,866 - {'epoch': 37, 'rec_loss': '4.4935'}
2025-06-14 00:55:52,277 - {'Epoch': 37, 'HR@5': '0.1759', 'NDCG@5': '0.1150', 'HR@10': '0.2632', 'NDCG@10': '0.1431', 'HR@20': '0.3653', 'NDCG@20': '0.1689'}
2025-06-14 00:55:52,278 - EarlyStopping counter: 9 out of 10
2025-06-14 00:55:59,822 - {'epoch': 38, 'rec_loss': '4.4893'}
2025-06-14 00:56:04,238 - {'Epoch': 38, 'HR@5': '0.1749', 'NDCG@5': '0.1147', 'HR@10': '0.2626', 'NDCG@10': '0.1429', 'HR@20': '0.3634', 'NDCG@20': '0.1684'}
2025-06-14 00:56:04,242 - EarlyStopping counter: 10 out of 10
2025-06-14 00:56:04,242 - Early stopping
2025-06-14 00:56:04,242 - ---------------Validation Score---------------
2025-06-14 00:56:08,617 - {'Epoch': 0, 'HR@5': '0.1749', 'NDCG@5': '0.1153', 'HR@10': '0.2629', 'NDCG@10': '0.1437', 'HR@20': '0.3657', 'NDCG@20': '0.1696'}
2025-06-14 00:56:08,620 - BSARec_Diginetica
2025-06-14 00:56:08,620 - {'Epoch': 0, 'HR@5': '0.1749', 'NDCG@5': '0.1153', 'HR@10': '0.2629', 'NDCG@10': '0.1437', 'HR@20': '0.3657', 'NDCG@20': '0.1696'}
