2025-06-13 20:21:18,672 - Namespace(data_dir='./data/', output_dir='hparam_search/', data_name='LastFM', train_name='DuoRec_LastFM', num_items=10, num_users=1091, lr=0.001, batch_size=256, epochs=200, no_cuda=False, log_freq=1, patience=10, num_workers=4, seed=42, weight_decay=0.0, adam_beta1=0.9, adam_beta2=0.999, gpu_id='0', variance=5, model_type='DuoRec', max_seq_length=50, hidden_size=64, num_hidden_layers=2, hidden_act='gelu', num_attention_heads=1, attention_probs_dropout_prob=0.5, hidden_dropout_prob=0.5, initializer_range=0.02, tau=1.0, lmd=0.1, lmd_sem=0.1, ssl='us_x', sim='dot', cuda_condition=True, data_file='./data/LastFM.txt', item_size=3647, checkpoint_path=PosixPath('/gpfs/home3/scur2771/BSARec/BSARec/src/hparam_search/DuoRec_LastFM/12364640_1/model.pt'), same_target_path='./data/LastFM_same_target.npy')
2025-06-13 20:21:18,686 - DuoRecModel(
  (item_embeddings): Embedding(3647, 64, padding_idx=0)
  (position_embeddings): Embedding(50, 64)
  (LayerNorm): LayerNorm()
  (dropout): Dropout(p=0.5, inplace=False)
  (item_encoder): TransformerEncoder(
    (blocks): ModuleList(
      (0): TransformerBlock(
        (layer): MultiHeadAttention(
          (query): Linear(in_features=64, out_features=64, bias=True)
          (key): Linear(in_features=64, out_features=64, bias=True)
          (value): Linear(in_features=64, out_features=64, bias=True)
          (softmax): Softmax(dim=-1)
          (attn_dropout): Dropout(p=0.5, inplace=False)
          (dense): Linear(in_features=64, out_features=64, bias=True)
          (LayerNorm): LayerNorm((64,), eps=1e-12, elementwise_affine=True)
          (out_dropout): Dropout(p=0.5, inplace=False)
        )
        (feed_forward): FeedForward(
          (dense_1): Linear(in_features=64, out_features=256, bias=True)
          (dense_2): Linear(in_features=256, out_features=64, bias=True)
          (LayerNorm): LayerNorm()
          (dropout): Dropout(p=0.5, inplace=False)
        )
      )
      (1): TransformerBlock(
        (layer): MultiHeadAttention(
          (query): Linear(in_features=64, out_features=64, bias=True)
          (key): Linear(in_features=64, out_features=64, bias=True)
          (value): Linear(in_features=64, out_features=64, bias=True)
          (softmax): Softmax(dim=-1)
          (attn_dropout): Dropout(p=0.5, inplace=False)
          (dense): Linear(in_features=64, out_features=64, bias=True)
          (LayerNorm): LayerNorm((64,), eps=1e-12, elementwise_affine=True)
          (out_dropout): Dropout(p=0.5, inplace=False)
        )
        (feed_forward): FeedForward(
          (dense_1): Linear(in_features=64, out_features=256, bias=True)
          (dense_2): Linear(in_features=256, out_features=64, bias=True)
          (LayerNorm): LayerNorm()
          (dropout): Dropout(p=0.5, inplace=False)
        )
      )
    )
  )
  (aug_nce_fct): CrossEntropyLoss()
)
2025-06-13 20:21:20,838 - Total Parameters: 336704
2025-06-13 20:21:25,087 - {'epoch': 0, 'rec_loss': '8.8593'}
2025-06-13 20:21:25,694 - {'Epoch': 0, 'HR@5': '0.0193', 'NDCG@5': '0.0124', 'HR@10': '0.0349', 'NDCG@10': '0.0174', 'HR@20': '0.0606', 'NDCG@20': '0.0239'}
2025-06-13 20:21:25,695 - Validation score increased.  Saving model ...
2025-06-13 20:21:29,230 - {'epoch': 1, 'rec_loss': '8.5170'}
2025-06-13 20:21:29,854 - {'Epoch': 1, 'HR@5': '0.0165', 'NDCG@5': '0.0104', 'HR@10': '0.0358', 'NDCG@10': '0.0167', 'HR@20': '0.0606', 'NDCG@20': '0.0230'}
2025-06-13 20:21:29,855 - EarlyStopping counter: 1 out of 10
2025-06-13 20:21:33,489 - {'epoch': 2, 'rec_loss': '8.4761'}
2025-06-13 20:21:34,122 - {'Epoch': 2, 'HR@5': '0.0193', 'NDCG@5': '0.0127', 'HR@10': '0.0385', 'NDCG@10': '0.0191', 'HR@20': '0.0624', 'NDCG@20': '0.0250'}
2025-06-13 20:21:34,123 - Validation score increased.  Saving model ...
2025-06-13 20:21:37,725 - {'epoch': 3, 'rec_loss': '8.4542'}
2025-06-13 20:21:38,460 - {'Epoch': 3, 'HR@5': '0.0183', 'NDCG@5': '0.0131', 'HR@10': '0.0367', 'NDCG@10': '0.0191', 'HR@20': '0.0606', 'NDCG@20': '0.0251'}
2025-06-13 20:21:38,462 - Validation score increased.  Saving model ...
2025-06-13 20:21:42,078 - {'epoch': 4, 'rec_loss': '8.4383'}
2025-06-13 20:21:42,759 - {'Epoch': 4, 'HR@5': '0.0248', 'NDCG@5': '0.0154', 'HR@10': '0.0339', 'NDCG@10': '0.0184', 'HR@20': '0.0642', 'NDCG@20': '0.0261'}
2025-06-13 20:21:42,760 - Validation score increased.  Saving model ...
2025-06-13 20:21:46,397 - {'epoch': 5, 'rec_loss': '8.4078'}
2025-06-13 20:21:47,036 - {'Epoch': 5, 'HR@5': '0.0220', 'NDCG@5': '0.0124', 'HR@10': '0.0394', 'NDCG@10': '0.0180', 'HR@20': '0.0615', 'NDCG@20': '0.0235'}
2025-06-13 20:21:47,037 - EarlyStopping counter: 1 out of 10
2025-06-13 20:21:50,634 - {'epoch': 6, 'rec_loss': '8.3510'}
2025-06-13 20:21:51,261 - {'Epoch': 6, 'HR@5': '0.0257', 'NDCG@5': '0.0167', 'HR@10': '0.0413', 'NDCG@10': '0.0217', 'HR@20': '0.0651', 'NDCG@20': '0.0277'}
2025-06-13 20:21:51,262 - Validation score increased.  Saving model ...
2025-06-13 20:21:54,890 - {'epoch': 7, 'rec_loss': '8.2902'}
2025-06-13 20:21:55,596 - {'Epoch': 7, 'HR@5': '0.0248', 'NDCG@5': '0.0154', 'HR@10': '0.0413', 'NDCG@10': '0.0209', 'HR@20': '0.0670', 'NDCG@20': '0.0272'}
2025-06-13 20:21:55,596 - EarlyStopping counter: 1 out of 10
2025-06-13 20:21:59,174 - {'epoch': 8, 'rec_loss': '8.2336'}
2025-06-13 20:21:59,847 - {'Epoch': 8, 'HR@5': '0.0330', 'NDCG@5': '0.0199', 'HR@10': '0.0440', 'NDCG@10': '0.0235', 'HR@20': '0.0716', 'NDCG@20': '0.0304'}
2025-06-13 20:21:59,848 - Validation score increased.  Saving model ...
2025-06-13 20:22:03,413 - {'epoch': 9, 'rec_loss': '8.1681'}
2025-06-13 20:22:04,030 - {'Epoch': 9, 'HR@5': '0.0312', 'NDCG@5': '0.0188', 'HR@10': '0.0450', 'NDCG@10': '0.0233', 'HR@20': '0.0798', 'NDCG@20': '0.0319'}
2025-06-13 20:22:04,030 - Validation score increased.  Saving model ...
2025-06-13 20:22:07,702 - {'epoch': 10, 'rec_loss': '8.0966'}
2025-06-13 20:22:08,352 - {'Epoch': 10, 'HR@5': '0.0349', 'NDCG@5': '0.0212', 'HR@10': '0.0523', 'NDCG@10': '0.0267', 'HR@20': '0.0826', 'NDCG@20': '0.0342'}
2025-06-13 20:22:08,353 - Validation score increased.  Saving model ...
2025-06-13 20:22:11,911 - {'epoch': 11, 'rec_loss': '8.0292'}
2025-06-13 20:22:12,608 - {'Epoch': 11, 'HR@5': '0.0367', 'NDCG@5': '0.0220', 'HR@10': '0.0514', 'NDCG@10': '0.0269', 'HR@20': '0.0835', 'NDCG@20': '0.0349'}
2025-06-13 20:22:12,609 - Validation score increased.  Saving model ...
2025-06-13 20:22:16,314 - {'epoch': 12, 'rec_loss': '7.9534'}
2025-06-13 20:22:16,995 - {'Epoch': 12, 'HR@5': '0.0385', 'NDCG@5': '0.0229', 'HR@10': '0.0578', 'NDCG@10': '0.0290', 'HR@20': '0.0872', 'NDCG@20': '0.0364'}
2025-06-13 20:22:16,996 - Validation score increased.  Saving model ...
2025-06-13 20:22:20,581 - {'epoch': 13, 'rec_loss': '7.8804'}
2025-06-13 20:22:21,288 - {'Epoch': 13, 'HR@5': '0.0431', 'NDCG@5': '0.0264', 'HR@10': '0.0596', 'NDCG@10': '0.0316', 'HR@20': '0.0872', 'NDCG@20': '0.0387'}
2025-06-13 20:22:21,288 - Validation score increased.  Saving model ...
2025-06-13 20:22:24,882 - {'epoch': 14, 'rec_loss': '7.8058'}
2025-06-13 20:22:25,619 - {'Epoch': 14, 'HR@5': '0.0431', 'NDCG@5': '0.0266', 'HR@10': '0.0624', 'NDCG@10': '0.0327', 'HR@20': '0.0917', 'NDCG@20': '0.0401'}
2025-06-13 20:22:25,620 - Validation score increased.  Saving model ...
2025-06-13 20:22:29,276 - {'epoch': 15, 'rec_loss': '7.7394'}
2025-06-13 20:22:29,923 - {'Epoch': 15, 'HR@5': '0.0450', 'NDCG@5': '0.0288', 'HR@10': '0.0624', 'NDCG@10': '0.0344', 'HR@20': '0.0899', 'NDCG@20': '0.0414'}
2025-06-13 20:22:29,923 - Validation score increased.  Saving model ...
2025-06-13 20:22:33,543 - {'epoch': 16, 'rec_loss': '7.6711'}
2025-06-13 20:22:34,214 - {'Epoch': 16, 'HR@5': '0.0431', 'NDCG@5': '0.0285', 'HR@10': '0.0624', 'NDCG@10': '0.0347', 'HR@20': '0.0917', 'NDCG@20': '0.0421'}
2025-06-13 20:22:34,215 - Validation score increased.  Saving model ...
2025-06-13 20:22:37,851 - {'epoch': 17, 'rec_loss': '7.6084'}
2025-06-13 20:22:38,493 - {'Epoch': 17, 'HR@5': '0.0440', 'NDCG@5': '0.0279', 'HR@10': '0.0624', 'NDCG@10': '0.0336', 'HR@20': '0.0899', 'NDCG@20': '0.0406'}
2025-06-13 20:22:38,494 - EarlyStopping counter: 1 out of 10
2025-06-13 20:22:42,114 - {'epoch': 18, 'rec_loss': '7.5428'}
2025-06-13 20:22:42,764 - {'Epoch': 18, 'HR@5': '0.0431', 'NDCG@5': '0.0293', 'HR@10': '0.0624', 'NDCG@10': '0.0356', 'HR@20': '0.0936', 'NDCG@20': '0.0435'}
2025-06-13 20:22:42,764 - Validation score increased.  Saving model ...
2025-06-13 20:22:46,459 - {'epoch': 19, 'rec_loss': '7.4873'}
2025-06-13 20:22:47,082 - {'Epoch': 19, 'HR@5': '0.0431', 'NDCG@5': '0.0276', 'HR@10': '0.0615', 'NDCG@10': '0.0335', 'HR@20': '0.0945', 'NDCG@20': '0.0419'}
2025-06-13 20:22:47,082 - EarlyStopping counter: 1 out of 10
2025-06-13 20:22:50,737 - {'epoch': 20, 'rec_loss': '7.4223'}
2025-06-13 20:22:51,404 - {'Epoch': 20, 'HR@5': '0.0422', 'NDCG@5': '0.0282', 'HR@10': '0.0661', 'NDCG@10': '0.0361', 'HR@20': '0.0972', 'NDCG@20': '0.0441'}
2025-06-13 20:22:51,405 - Validation score increased.  Saving model ...
2025-06-13 20:22:55,067 - {'epoch': 21, 'rec_loss': '7.3661'}
2025-06-13 20:22:55,734 - {'Epoch': 21, 'HR@5': '0.0440', 'NDCG@5': '0.0289', 'HR@10': '0.0679', 'NDCG@10': '0.0365', 'HR@20': '0.1064', 'NDCG@20': '0.0463'}
2025-06-13 20:22:55,735 - Validation score increased.  Saving model ...
2025-06-13 20:22:59,317 - {'epoch': 22, 'rec_loss': '7.3126'}
2025-06-13 20:23:00,019 - {'Epoch': 22, 'HR@5': '0.0431', 'NDCG@5': '0.0276', 'HR@10': '0.0679', 'NDCG@10': '0.0356', 'HR@20': '0.1064', 'NDCG@20': '0.0454'}
2025-06-13 20:23:00,019 - EarlyStopping counter: 1 out of 10
2025-06-13 20:23:03,617 - {'epoch': 23, 'rec_loss': '7.2615'}
2025-06-13 20:23:04,332 - {'Epoch': 23, 'HR@5': '0.0477', 'NDCG@5': '0.0304', 'HR@10': '0.0716', 'NDCG@10': '0.0380', 'HR@20': '0.1046', 'NDCG@20': '0.0463'}
2025-06-13 20:23:04,333 - EarlyStopping counter: 2 out of 10
2025-06-13 20:23:07,878 - {'epoch': 24, 'rec_loss': '7.2052'}
2025-06-13 20:23:08,514 - {'Epoch': 24, 'HR@5': '0.0486', 'NDCG@5': '0.0303', 'HR@10': '0.0697', 'NDCG@10': '0.0370', 'HR@20': '0.1073', 'NDCG@20': '0.0465'}
2025-06-13 20:23:08,514 - Validation score increased.  Saving model ...
2025-06-13 20:23:12,143 - {'epoch': 25, 'rec_loss': '7.1593'}
2025-06-13 20:23:12,823 - {'Epoch': 25, 'HR@5': '0.0440', 'NDCG@5': '0.0283', 'HR@10': '0.0734', 'NDCG@10': '0.0379', 'HR@20': '0.1110', 'NDCG@20': '0.0472'}
2025-06-13 20:23:12,824 - Validation score increased.  Saving model ...
2025-06-13 20:23:16,401 - {'epoch': 26, 'rec_loss': '7.1075'}
2025-06-13 20:23:17,110 - {'Epoch': 26, 'HR@5': '0.0422', 'NDCG@5': '0.0270', 'HR@10': '0.0716', 'NDCG@10': '0.0365', 'HR@20': '0.1138', 'NDCG@20': '0.0471'}
2025-06-13 20:23:17,111 - EarlyStopping counter: 1 out of 10
2025-06-13 20:23:20,715 - {'epoch': 27, 'rec_loss': '7.0663'}
2025-06-13 20:23:21,377 - {'Epoch': 27, 'HR@5': '0.0514', 'NDCG@5': '0.0322', 'HR@10': '0.0752', 'NDCG@10': '0.0397', 'HR@20': '0.1110', 'NDCG@20': '0.0487'}
2025-06-13 20:23:21,377 - Validation score increased.  Saving model ...
2025-06-13 20:23:25,005 - {'epoch': 28, 'rec_loss': '7.0186'}
2025-06-13 20:23:25,684 - {'Epoch': 28, 'HR@5': '0.0495', 'NDCG@5': '0.0305', 'HR@10': '0.0743', 'NDCG@10': '0.0386', 'HR@20': '0.1156', 'NDCG@20': '0.0489'}
2025-06-13 20:23:25,685 - Validation score increased.  Saving model ...
2025-06-13 20:23:29,431 - {'epoch': 29, 'rec_loss': '6.9742'}
2025-06-13 20:23:30,059 - {'Epoch': 29, 'HR@5': '0.0505', 'NDCG@5': '0.0321', 'HR@10': '0.0789', 'NDCG@10': '0.0412', 'HR@20': '0.1128', 'NDCG@20': '0.0498'}
2025-06-13 20:23:30,059 - Validation score increased.  Saving model ...
2025-06-13 20:23:33,659 - {'epoch': 30, 'rec_loss': '6.9343'}
2025-06-13 20:23:34,313 - {'Epoch': 30, 'HR@5': '0.0477', 'NDCG@5': '0.0305', 'HR@10': '0.0743', 'NDCG@10': '0.0391', 'HR@20': '0.1138', 'NDCG@20': '0.0491'}
2025-06-13 20:23:34,313 - EarlyStopping counter: 1 out of 10
2025-06-13 20:23:38,006 - {'epoch': 31, 'rec_loss': '6.8960'}
2025-06-13 20:23:38,670 - {'Epoch': 31, 'HR@5': '0.0541', 'NDCG@5': '0.0336', 'HR@10': '0.0752', 'NDCG@10': '0.0402', 'HR@20': '0.1165', 'NDCG@20': '0.0506'}
2025-06-13 20:23:38,670 - Validation score increased.  Saving model ...
2025-06-13 20:23:42,206 - {'epoch': 32, 'rec_loss': '6.8598'}
2025-06-13 20:23:42,840 - {'Epoch': 32, 'HR@5': '0.0523', 'NDCG@5': '0.0341', 'HR@10': '0.0752', 'NDCG@10': '0.0416', 'HR@20': '0.1147', 'NDCG@20': '0.0515'}
2025-06-13 20:23:42,841 - Validation score increased.  Saving model ...
2025-06-13 20:23:46,411 - {'epoch': 33, 'rec_loss': '6.8162'}
2025-06-13 20:23:47,017 - {'Epoch': 33, 'HR@5': '0.0541', 'NDCG@5': '0.0335', 'HR@10': '0.0743', 'NDCG@10': '0.0399', 'HR@20': '0.1138', 'NDCG@20': '0.0500'}
2025-06-13 20:23:47,018 - EarlyStopping counter: 1 out of 10
2025-06-13 20:23:50,533 - {'epoch': 34, 'rec_loss': '6.7826'}
2025-06-13 20:23:51,206 - {'Epoch': 34, 'HR@5': '0.0560', 'NDCG@5': '0.0345', 'HR@10': '0.0734', 'NDCG@10': '0.0401', 'HR@20': '0.1138', 'NDCG@20': '0.0502'}
2025-06-13 20:23:51,207 - EarlyStopping counter: 2 out of 10
2025-06-13 20:23:54,832 - {'epoch': 35, 'rec_loss': '6.7396'}
2025-06-13 20:23:55,495 - {'Epoch': 35, 'HR@5': '0.0550', 'NDCG@5': '0.0349', 'HR@10': '0.0743', 'NDCG@10': '0.0411', 'HR@20': '0.1147', 'NDCG@20': '0.0513'}
2025-06-13 20:23:55,496 - EarlyStopping counter: 3 out of 10
2025-06-13 20:23:59,084 - {'epoch': 36, 'rec_loss': '6.7108'}
2025-06-13 20:23:59,783 - {'Epoch': 36, 'HR@5': '0.0578', 'NDCG@5': '0.0363', 'HR@10': '0.0743', 'NDCG@10': '0.0416', 'HR@20': '0.1128', 'NDCG@20': '0.0512'}
2025-06-13 20:23:59,784 - EarlyStopping counter: 4 out of 10
2025-06-13 20:24:03,322 - {'epoch': 37, 'rec_loss': '6.6718'}
2025-06-13 20:24:04,021 - {'Epoch': 37, 'HR@5': '0.0569', 'NDCG@5': '0.0367', 'HR@10': '0.0789', 'NDCG@10': '0.0439', 'HR@20': '0.1147', 'NDCG@20': '0.0530'}
2025-06-13 20:24:04,021 - Validation score increased.  Saving model ...
2025-06-13 20:24:07,663 - {'epoch': 38, 'rec_loss': '6.6430'}
2025-06-13 20:24:08,320 - {'Epoch': 38, 'HR@5': '0.0578', 'NDCG@5': '0.0373', 'HR@10': '0.0789', 'NDCG@10': '0.0438', 'HR@20': '0.1147', 'NDCG@20': '0.0527'}
2025-06-13 20:24:08,321 - EarlyStopping counter: 1 out of 10
2025-06-13 20:24:11,899 - {'epoch': 39, 'rec_loss': '6.6164'}
2025-06-13 20:24:12,530 - {'Epoch': 39, 'HR@5': '0.0596', 'NDCG@5': '0.0382', 'HR@10': '0.0761', 'NDCG@10': '0.0434', 'HR@20': '0.1202', 'NDCG@20': '0.0544'}
2025-06-13 20:24:12,530 - Validation score increased.  Saving model ...
2025-06-13 20:24:16,149 - {'epoch': 40, 'rec_loss': '6.5861'}
2025-06-13 20:24:16,857 - {'Epoch': 40, 'HR@5': '0.0633', 'NDCG@5': '0.0400', 'HR@10': '0.0780', 'NDCG@10': '0.0447', 'HR@20': '0.1183', 'NDCG@20': '0.0547'}
2025-06-13 20:24:16,857 - Validation score increased.  Saving model ...
2025-06-13 20:24:20,402 - {'epoch': 41, 'rec_loss': '6.5634'}
2025-06-13 20:24:21,098 - {'Epoch': 41, 'HR@5': '0.0615', 'NDCG@5': '0.0391', 'HR@10': '0.0780', 'NDCG@10': '0.0442', 'HR@20': '0.1174', 'NDCG@20': '0.0540'}
2025-06-13 20:24:21,098 - EarlyStopping counter: 1 out of 10
2025-06-13 20:24:24,656 - {'epoch': 42, 'rec_loss': '6.5288'}
2025-06-13 20:24:25,310 - {'Epoch': 42, 'HR@5': '0.0587', 'NDCG@5': '0.0387', 'HR@10': '0.0817', 'NDCG@10': '0.0460', 'HR@20': '0.1193', 'NDCG@20': '0.0555'}
2025-06-13 20:24:25,311 - Validation score increased.  Saving model ...
2025-06-13 20:24:28,889 - {'epoch': 43, 'rec_loss': '6.4975'}
2025-06-13 20:24:29,535 - {'Epoch': 43, 'HR@5': '0.0578', 'NDCG@5': '0.0383', 'HR@10': '0.0817', 'NDCG@10': '0.0460', 'HR@20': '0.1193', 'NDCG@20': '0.0553'}
2025-06-13 20:24:29,535 - EarlyStopping counter: 1 out of 10
2025-06-13 20:24:33,101 - {'epoch': 44, 'rec_loss': '6.4734'}
2025-06-13 20:24:33,701 - {'Epoch': 44, 'HR@5': '0.0606', 'NDCG@5': '0.0396', 'HR@10': '0.0798', 'NDCG@10': '0.0458', 'HR@20': '0.1202', 'NDCG@20': '0.0558'}
2025-06-13 20:24:33,701 - Validation score increased.  Saving model ...
2025-06-13 20:24:37,280 - {'epoch': 45, 'rec_loss': '6.4481'}
2025-06-13 20:24:37,936 - {'Epoch': 45, 'HR@5': '0.0560', 'NDCG@5': '0.0383', 'HR@10': '0.0789', 'NDCG@10': '0.0458', 'HR@20': '0.1266', 'NDCG@20': '0.0580'}
2025-06-13 20:24:37,936 - Validation score increased.  Saving model ...
2025-06-13 20:24:41,496 - {'epoch': 46, 'rec_loss': '6.4200'}
2025-06-13 20:24:42,155 - {'Epoch': 46, 'HR@5': '0.0606', 'NDCG@5': '0.0397', 'HR@10': '0.0835', 'NDCG@10': '0.0469', 'HR@20': '0.1229', 'NDCG@20': '0.0568'}
2025-06-13 20:24:42,156 - EarlyStopping counter: 1 out of 10
2025-06-13 20:24:45,797 - {'epoch': 47, 'rec_loss': '6.3938'}
2025-06-13 20:24:46,515 - {'Epoch': 47, 'HR@5': '0.0606', 'NDCG@5': '0.0394', 'HR@10': '0.0780', 'NDCG@10': '0.0452', 'HR@20': '0.1211', 'NDCG@20': '0.0560'}
2025-06-13 20:24:46,515 - EarlyStopping counter: 2 out of 10
2025-06-13 20:24:50,243 - {'epoch': 48, 'rec_loss': '6.3744'}
2025-06-13 20:24:50,952 - {'Epoch': 48, 'HR@5': '0.0606', 'NDCG@5': '0.0391', 'HR@10': '0.0862', 'NDCG@10': '0.0472', 'HR@20': '0.1248', 'NDCG@20': '0.0567'}
2025-06-13 20:24:50,952 - EarlyStopping counter: 3 out of 10
2025-06-13 20:24:54,541 - {'epoch': 49, 'rec_loss': '6.3491'}
2025-06-13 20:24:55,206 - {'Epoch': 49, 'HR@5': '0.0587', 'NDCG@5': '0.0397', 'HR@10': '0.0789', 'NDCG@10': '0.0461', 'HR@20': '0.1229', 'NDCG@20': '0.0571'}
2025-06-13 20:24:55,207 - EarlyStopping counter: 4 out of 10
2025-06-13 20:24:58,707 - {'epoch': 50, 'rec_loss': '6.3278'}
2025-06-13 20:24:59,339 - {'Epoch': 50, 'HR@5': '0.0615', 'NDCG@5': '0.0397', 'HR@10': '0.0835', 'NDCG@10': '0.0468', 'HR@20': '0.1248', 'NDCG@20': '0.0571'}
2025-06-13 20:24:59,340 - EarlyStopping counter: 5 out of 10
2025-06-13 20:25:02,852 - {'epoch': 51, 'rec_loss': '6.3042'}
2025-06-13 20:25:03,515 - {'Epoch': 51, 'HR@5': '0.0596', 'NDCG@5': '0.0383', 'HR@10': '0.0844', 'NDCG@10': '0.0461', 'HR@20': '0.1257', 'NDCG@20': '0.0564'}
2025-06-13 20:25:03,515 - EarlyStopping counter: 6 out of 10
2025-06-13 20:25:07,055 - {'epoch': 52, 'rec_loss': '6.2884'}
2025-06-13 20:25:07,772 - {'Epoch': 52, 'HR@5': '0.0596', 'NDCG@5': '0.0385', 'HR@10': '0.0853', 'NDCG@10': '0.0465', 'HR@20': '0.1239', 'NDCG@20': '0.0562'}
2025-06-13 20:25:07,773 - EarlyStopping counter: 7 out of 10
2025-06-13 20:25:11,371 - {'epoch': 53, 'rec_loss': '6.2588'}
2025-06-13 20:25:12,048 - {'Epoch': 53, 'HR@5': '0.0596', 'NDCG@5': '0.0394', 'HR@10': '0.0844', 'NDCG@10': '0.0474', 'HR@20': '0.1248', 'NDCG@20': '0.0574'}
2025-06-13 20:25:12,048 - EarlyStopping counter: 8 out of 10
2025-06-13 20:25:15,625 - {'epoch': 54, 'rec_loss': '6.2491'}
2025-06-13 20:25:16,280 - {'Epoch': 54, 'HR@5': '0.0587', 'NDCG@5': '0.0382', 'HR@10': '0.0844', 'NDCG@10': '0.0463', 'HR@20': '0.1229', 'NDCG@20': '0.0560'}
2025-06-13 20:25:16,280 - EarlyStopping counter: 9 out of 10
2025-06-13 20:25:19,833 - {'epoch': 55, 'rec_loss': '6.2219'}
2025-06-13 20:25:20,476 - {'Epoch': 55, 'HR@5': '0.0596', 'NDCG@5': '0.0387', 'HR@10': '0.0835', 'NDCG@10': '0.0463', 'HR@20': '0.1266', 'NDCG@20': '0.0572'}
2025-06-13 20:25:20,477 - EarlyStopping counter: 10 out of 10
2025-06-13 20:25:20,477 - Early stopping
2025-06-13 20:25:20,477 - ---------------Validation Score---------------
2025-06-13 20:25:21,080 - {'Epoch': 0, 'HR@5': '0.0560', 'NDCG@5': '0.0383', 'HR@10': '0.0789', 'NDCG@10': '0.0458', 'HR@20': '0.1266', 'NDCG@20': '0.0580'}
2025-06-13 20:25:21,081 - DuoRec_LastFM
2025-06-13 20:25:21,081 - {'Epoch': 0, 'HR@5': '0.0560', 'NDCG@5': '0.0383', 'HR@10': '0.0789', 'NDCG@10': '0.0458', 'HR@20': '0.1266', 'NDCG@20': '0.0580'}
