2025-06-14 00:12:01,523 - Namespace(data_dir='data/self_processed/', output_dir='hparam_search/', data_name='Diginetica', train_name='BSARec_Diginetica', num_items=10, num_users=14829, lr=0.0005, batch_size=256, epochs=200, no_cuda=False, log_freq=1, patience=10, num_workers=4, seed=42, weight_decay=0.0, adam_beta1=0.9, adam_beta2=0.999, gpu_id='0', variance=5, model_type='BSARec', max_seq_length=50, hidden_size=64, num_hidden_layers=2, hidden_act='gelu', num_attention_heads=2, attention_probs_dropout_prob=0.5, hidden_dropout_prob=0.5, initializer_range=0.02, c=1, alpha=0.1, cuda_condition=True, data_file='data/self_processed/Diginetica.txt', item_size=9441, checkpoint_path=PosixPath('/gpfs/home3/scur2771/BSARec/BSARec/src/hparam_search/BSARec_Diginetica/12367757_101/model.pt'), same_target_path='data/self_processed/Diginetica_same_target.npy')
2025-06-14 00:12:01,541 - BSARecModel(
  (item_embeddings): Embedding(9441, 64, padding_idx=0)
  (position_embeddings): Embedding(50, 64)
  (LayerNorm): LayerNorm()
  (dropout): Dropout(p=0.5, inplace=False)
  (item_encoder): BSARecEncoder(
    (blocks): ModuleList(
      (0): BSARecBlock(
        (layer): BSARecLayer(
          (filter_layer): FrequencyLayer(
            (out_dropout): Dropout(p=0.5, inplace=False)
            (LayerNorm): LayerNorm()
          )
          (attention_layer): MultiHeadAttention(
            (query): Linear(in_features=64, out_features=64, bias=True)
            (key): Linear(in_features=64, out_features=64, bias=True)
            (value): Linear(in_features=64, out_features=64, bias=True)
            (softmax): Softmax(dim=-1)
            (attn_dropout): Dropout(p=0.5, inplace=False)
            (dense): Linear(in_features=64, out_features=64, bias=True)
            (LayerNorm): LayerNorm((64,), eps=1e-12, elementwise_affine=True)
            (out_dropout): Dropout(p=0.5, inplace=False)
          )
        )
        (feed_forward): FeedForward(
          (dense_1): Linear(in_features=64, out_features=256, bias=True)
          (dense_2): Linear(in_features=256, out_features=64, bias=True)
          (LayerNorm): LayerNorm()
          (dropout): Dropout(p=0.5, inplace=False)
        )
      )
      (1): BSARecBlock(
        (layer): BSARecLayer(
          (filter_layer): FrequencyLayer(
            (out_dropout): Dropout(p=0.5, inplace=False)
            (LayerNorm): LayerNorm()
          )
          (attention_layer): MultiHeadAttention(
            (query): Linear(in_features=64, out_features=64, bias=True)
            (key): Linear(in_features=64, out_features=64, bias=True)
            (value): Linear(in_features=64, out_features=64, bias=True)
            (softmax): Softmax(dim=-1)
            (attn_dropout): Dropout(p=0.5, inplace=False)
            (dense): Linear(in_features=64, out_features=64, bias=True)
            (LayerNorm): LayerNorm((64,), eps=1e-12, elementwise_affine=True)
            (out_dropout): Dropout(p=0.5, inplace=False)
          )
        )
        (feed_forward): FeedForward(
          (dense_1): Linear(in_features=64, out_features=256, bias=True)
          (dense_2): Linear(in_features=256, out_features=64, bias=True)
          (LayerNorm): LayerNorm()
          (dropout): Dropout(p=0.5, inplace=False)
        )
      )
    )
  )
)
2025-06-14 00:12:03,723 - Total Parameters: 707904
2025-06-14 00:12:12,186 - {'epoch': 0, 'rec_loss': '8.8013'}
2025-06-14 00:12:16,197 - {'Epoch': 0, 'HR@5': '0.0071', 'NDCG@5': '0.0047', 'HR@10': '0.0122', 'NDCG@10': '0.0064', 'HR@20': '0.0184', 'NDCG@20': '0.0079'}
2025-06-14 00:12:16,199 - Validation score increased.  Saving model ...
2025-06-14 00:12:23,680 - {'epoch': 1, 'rec_loss': '8.3092'}
2025-06-14 00:12:27,843 - {'Epoch': 1, 'HR@5': '0.0492', 'NDCG@5': '0.0337', 'HR@10': '0.0715', 'NDCG@10': '0.0409', 'HR@20': '0.0964', 'NDCG@20': '0.0472'}
2025-06-14 00:12:27,845 - Validation score increased.  Saving model ...
2025-06-14 00:12:35,278 - {'epoch': 2, 'rec_loss': '7.5859'}
2025-06-14 00:12:39,413 - {'Epoch': 2, 'HR@5': '0.0859', 'NDCG@5': '0.0568', 'HR@10': '0.1318', 'NDCG@10': '0.0717', 'HR@20': '0.1852', 'NDCG@20': '0.0851'}
2025-06-14 00:12:39,414 - Validation score increased.  Saving model ...
2025-06-14 00:12:46,812 - {'epoch': 3, 'rec_loss': '6.7923'}
2025-06-14 00:12:51,130 - {'Epoch': 3, 'HR@5': '0.1132', 'NDCG@5': '0.0746', 'HR@10': '0.1697', 'NDCG@10': '0.0927', 'HR@20': '0.2380', 'NDCG@20': '0.1100'}
2025-06-14 00:12:51,132 - Validation score increased.  Saving model ...
2025-06-14 00:12:58,518 - {'epoch': 4, 'rec_loss': '6.1611'}
2025-06-14 00:13:02,822 - {'Epoch': 4, 'HR@5': '0.1283', 'NDCG@5': '0.0849', 'HR@10': '0.1951', 'NDCG@10': '0.1064', 'HR@20': '0.2752', 'NDCG@20': '0.1266'}
2025-06-14 00:13:02,824 - Validation score increased.  Saving model ...
2025-06-14 00:13:10,262 - {'epoch': 5, 'rec_loss': '5.7152'}
2025-06-14 00:13:14,532 - {'Epoch': 5, 'HR@5': '0.1391', 'NDCG@5': '0.0922', 'HR@10': '0.2126', 'NDCG@10': '0.1159', 'HR@20': '0.2978', 'NDCG@20': '0.1374'}
2025-06-14 00:13:14,534 - Validation score increased.  Saving model ...
2025-06-14 00:13:21,933 - {'epoch': 6, 'rec_loss': '5.4085'}
2025-06-14 00:13:26,211 - {'Epoch': 6, 'HR@5': '0.1486', 'NDCG@5': '0.0985', 'HR@10': '0.2264', 'NDCG@10': '0.1234', 'HR@20': '0.3166', 'NDCG@20': '0.1462'}
2025-06-14 00:13:26,213 - Validation score increased.  Saving model ...
2025-06-14 00:13:33,699 - {'epoch': 7, 'rec_loss': '5.1944'}
2025-06-14 00:13:38,016 - {'Epoch': 7, 'HR@5': '0.1561', 'NDCG@5': '0.1027', 'HR@10': '0.2353', 'NDCG@10': '0.1283', 'HR@20': '0.3314', 'NDCG@20': '0.1525'}
2025-06-14 00:13:38,018 - Validation score increased.  Saving model ...
2025-06-14 00:13:45,300 - {'epoch': 8, 'rec_loss': '5.0499'}
2025-06-14 00:13:49,627 - {'Epoch': 8, 'HR@5': '0.1607', 'NDCG@5': '0.1059', 'HR@10': '0.2439', 'NDCG@10': '0.1327', 'HR@20': '0.3379', 'NDCG@20': '0.1565'}
2025-06-14 00:13:49,629 - Validation score increased.  Saving model ...
2025-06-14 00:13:56,967 - {'epoch': 9, 'rec_loss': '4.9406'}
2025-06-14 00:14:01,355 - {'Epoch': 9, 'HR@5': '0.1641', 'NDCG@5': '0.1077', 'HR@10': '0.2507', 'NDCG@10': '0.1355', 'HR@20': '0.3483', 'NDCG@20': '0.1601'}
2025-06-14 00:14:01,356 - Validation score increased.  Saving model ...
2025-06-14 00:14:08,781 - {'epoch': 10, 'rec_loss': '4.8653'}
2025-06-14 00:14:13,137 - {'Epoch': 10, 'HR@5': '0.1655', 'NDCG@5': '0.1082', 'HR@10': '0.2505', 'NDCG@10': '0.1357', 'HR@20': '0.3506', 'NDCG@20': '0.1610'}
2025-06-14 00:14:13,139 - Validation score increased.  Saving model ...
2025-06-14 00:14:20,598 - {'epoch': 11, 'rec_loss': '4.8063'}
2025-06-14 00:14:24,973 - {'Epoch': 11, 'HR@5': '0.1660', 'NDCG@5': '0.1100', 'HR@10': '0.2557', 'NDCG@10': '0.1389', 'HR@20': '0.3549', 'NDCG@20': '0.1640'}
2025-06-14 00:14:24,974 - Validation score increased.  Saving model ...
2025-06-14 00:14:32,375 - {'epoch': 12, 'rec_loss': '4.7605'}
2025-06-14 00:14:36,702 - {'Epoch': 12, 'HR@5': '0.1711', 'NDCG@5': '0.1122', 'HR@10': '0.2569', 'NDCG@10': '0.1398', 'HR@20': '0.3558', 'NDCG@20': '0.1647'}
2025-06-14 00:14:36,704 - Validation score increased.  Saving model ...
2025-06-14 00:14:44,043 - {'epoch': 13, 'rec_loss': '4.7333'}
2025-06-14 00:14:48,369 - {'Epoch': 13, 'HR@5': '0.1709', 'NDCG@5': '0.1129', 'HR@10': '0.2579', 'NDCG@10': '0.1409', 'HR@20': '0.3593', 'NDCG@20': '0.1665'}
2025-06-14 00:14:48,371 - Validation score increased.  Saving model ...
2025-06-14 00:14:55,802 - {'epoch': 14, 'rec_loss': '4.7043'}
2025-06-14 00:15:00,133 - {'Epoch': 14, 'HR@5': '0.1710', 'NDCG@5': '0.1124', 'HR@10': '0.2578', 'NDCG@10': '0.1404', 'HR@20': '0.3599', 'NDCG@20': '0.1662'}
2025-06-14 00:15:00,135 - EarlyStopping counter: 1 out of 10
2025-06-14 00:15:07,460 - {'epoch': 15, 'rec_loss': '4.6858'}
2025-06-14 00:15:11,816 - {'Epoch': 15, 'HR@5': '0.1701', 'NDCG@5': '0.1124', 'HR@10': '0.2604', 'NDCG@10': '0.1414', 'HR@20': '0.3601', 'NDCG@20': '0.1666'}
2025-06-14 00:15:11,817 - Validation score increased.  Saving model ...
2025-06-14 00:15:19,164 - {'epoch': 16, 'rec_loss': '4.6627'}
2025-06-14 00:15:23,515 - {'Epoch': 16, 'HR@5': '0.1720', 'NDCG@5': '0.1132', 'HR@10': '0.2586', 'NDCG@10': '0.1410', 'HR@20': '0.3616', 'NDCG@20': '0.1670'}
2025-06-14 00:15:23,516 - Validation score increased.  Saving model ...
2025-06-14 00:15:30,993 - {'epoch': 17, 'rec_loss': '4.6498'}
2025-06-14 00:15:35,352 - {'Epoch': 17, 'HR@5': '0.1718', 'NDCG@5': '0.1126', 'HR@10': '0.2608', 'NDCG@10': '0.1413', 'HR@20': '0.3619', 'NDCG@20': '0.1668'}
2025-06-14 00:15:35,354 - EarlyStopping counter: 1 out of 10
2025-06-14 00:15:42,682 - {'epoch': 18, 'rec_loss': '4.6312'}
2025-06-14 00:15:46,981 - {'Epoch': 18, 'HR@5': '0.1731', 'NDCG@5': '0.1140', 'HR@10': '0.2611', 'NDCG@10': '0.1425', 'HR@20': '0.3620', 'NDCG@20': '0.1679'}
2025-06-14 00:15:46,982 - Validation score increased.  Saving model ...
2025-06-14 00:15:54,346 - {'epoch': 19, 'rec_loss': '4.6190'}
2025-06-14 00:15:58,683 - {'Epoch': 19, 'HR@5': '0.1728', 'NDCG@5': '0.1127', 'HR@10': '0.2600', 'NDCG@10': '0.1408', 'HR@20': '0.3611', 'NDCG@20': '0.1664'}
2025-06-14 00:15:58,690 - EarlyStopping counter: 1 out of 10
2025-06-14 00:16:06,192 - {'epoch': 20, 'rec_loss': '4.6104'}
2025-06-14 00:16:10,530 - {'Epoch': 20, 'HR@5': '0.1751', 'NDCG@5': '0.1142', 'HR@10': '0.2612', 'NDCG@10': '0.1420', 'HR@20': '0.3651', 'NDCG@20': '0.1681'}
2025-06-14 00:16:10,531 - Validation score increased.  Saving model ...
2025-06-14 00:16:17,893 - {'epoch': 21, 'rec_loss': '4.6005'}
2025-06-14 00:16:22,246 - {'Epoch': 21, 'HR@5': '0.1731', 'NDCG@5': '0.1138', 'HR@10': '0.2632', 'NDCG@10': '0.1428', 'HR@20': '0.3647', 'NDCG@20': '0.1684'}
2025-06-14 00:16:22,249 - Validation score increased.  Saving model ...
2025-06-14 00:16:29,739 - {'epoch': 22, 'rec_loss': '4.5909'}
2025-06-14 00:16:34,071 - {'Epoch': 22, 'HR@5': '0.1749', 'NDCG@5': '0.1143', 'HR@10': '0.2636', 'NDCG@10': '0.1427', 'HR@20': '0.3636', 'NDCG@20': '0.1679'}
2025-06-14 00:16:34,073 - EarlyStopping counter: 1 out of 10
2025-06-14 00:16:41,533 - {'epoch': 23, 'rec_loss': '4.5793'}
2025-06-14 00:16:45,888 - {'Epoch': 23, 'HR@5': '0.1723', 'NDCG@5': '0.1127', 'HR@10': '0.2598', 'NDCG@10': '0.1409', 'HR@20': '0.3653', 'NDCG@20': '0.1674'}
2025-06-14 00:16:45,889 - EarlyStopping counter: 2 out of 10
2025-06-14 00:16:53,293 - {'epoch': 24, 'rec_loss': '4.5754'}
2025-06-14 00:16:57,603 - {'Epoch': 24, 'HR@5': '0.1724', 'NDCG@5': '0.1131', 'HR@10': '0.2617', 'NDCG@10': '0.1418', 'HR@20': '0.3646', 'NDCG@20': '0.1678'}
2025-06-14 00:16:57,605 - EarlyStopping counter: 3 out of 10
2025-06-14 00:17:05,026 - {'epoch': 25, 'rec_loss': '4.5650'}
2025-06-14 00:17:09,442 - {'Epoch': 25, 'HR@5': '0.1738', 'NDCG@5': '0.1145', 'HR@10': '0.2605', 'NDCG@10': '0.1425', 'HR@20': '0.3639', 'NDCG@20': '0.1686'}
2025-06-14 00:17:09,443 - Validation score increased.  Saving model ...
2025-06-14 00:17:16,856 - {'epoch': 26, 'rec_loss': '4.5605'}
2025-06-14 00:17:21,259 - {'Epoch': 26, 'HR@5': '0.1743', 'NDCG@5': '0.1145', 'HR@10': '0.2634', 'NDCG@10': '0.1431', 'HR@20': '0.3632', 'NDCG@20': '0.1684'}
2025-06-14 00:17:21,261 - EarlyStopping counter: 1 out of 10
2025-06-14 00:17:28,611 - {'epoch': 27, 'rec_loss': '4.5551'}
2025-06-14 00:17:33,044 - {'Epoch': 27, 'HR@5': '0.1731', 'NDCG@5': '0.1138', 'HR@10': '0.2623', 'NDCG@10': '0.1426', 'HR@20': '0.3649', 'NDCG@20': '0.1685'}
2025-06-14 00:17:33,045 - EarlyStopping counter: 2 out of 10
2025-06-14 00:17:40,444 - {'epoch': 28, 'rec_loss': '4.5433'}
2025-06-14 00:17:44,683 - {'Epoch': 28, 'HR@5': '0.1751', 'NDCG@5': '0.1147', 'HR@10': '0.2617', 'NDCG@10': '0.1426', 'HR@20': '0.3630', 'NDCG@20': '0.1683'}
2025-06-14 00:17:44,684 - EarlyStopping counter: 3 out of 10
2025-06-14 00:17:52,066 - {'epoch': 29, 'rec_loss': '4.5432'}
2025-06-14 00:17:56,394 - {'Epoch': 29, 'HR@5': '0.1747', 'NDCG@5': '0.1143', 'HR@10': '0.2594', 'NDCG@10': '0.1416', 'HR@20': '0.3614', 'NDCG@20': '0.1673'}
2025-06-14 00:17:56,396 - EarlyStopping counter: 4 out of 10
2025-06-14 00:18:03,879 - {'epoch': 30, 'rec_loss': '4.5410'}
2025-06-14 00:18:08,242 - {'Epoch': 30, 'HR@5': '0.1734', 'NDCG@5': '0.1136', 'HR@10': '0.2621', 'NDCG@10': '0.1422', 'HR@20': '0.3644', 'NDCG@20': '0.1680'}
2025-06-14 00:18:08,243 - EarlyStopping counter: 5 out of 10
2025-06-14 00:18:15,658 - {'epoch': 31, 'rec_loss': '4.5315'}
2025-06-14 00:18:20,086 - {'Epoch': 31, 'HR@5': '0.1745', 'NDCG@5': '0.1146', 'HR@10': '0.2624', 'NDCG@10': '0.1429', 'HR@20': '0.3653', 'NDCG@20': '0.1689'}
2025-06-14 00:18:20,087 - Validation score increased.  Saving model ...
2025-06-14 00:18:27,383 - {'epoch': 32, 'rec_loss': '4.5245'}
2025-06-14 00:18:31,793 - {'Epoch': 32, 'HR@5': '0.1738', 'NDCG@5': '0.1139', 'HR@10': '0.2616', 'NDCG@10': '0.1422', 'HR@20': '0.3636', 'NDCG@20': '0.1680'}
2025-06-14 00:18:31,794 - EarlyStopping counter: 1 out of 10
2025-06-14 00:18:39,159 - {'epoch': 33, 'rec_loss': '4.5220'}
2025-06-14 00:18:43,472 - {'Epoch': 33, 'HR@5': '0.1711', 'NDCG@5': '0.1138', 'HR@10': '0.2628', 'NDCG@10': '0.1434', 'HR@20': '0.3641', 'NDCG@20': '0.1690'}
2025-06-14 00:18:43,474 - Validation score increased.  Saving model ...
2025-06-14 00:18:50,875 - {'epoch': 34, 'rec_loss': '4.5157'}
2025-06-14 00:18:55,249 - {'Epoch': 34, 'HR@5': '0.1753', 'NDCG@5': '0.1160', 'HR@10': '0.2629', 'NDCG@10': '0.1442', 'HR@20': '0.3644', 'NDCG@20': '0.1699'}
2025-06-14 00:18:55,251 - Validation score increased.  Saving model ...
2025-06-14 00:19:02,685 - {'epoch': 35, 'rec_loss': '4.5135'}
2025-06-14 00:19:07,055 - {'Epoch': 35, 'HR@5': '0.1716', 'NDCG@5': '0.1134', 'HR@10': '0.2622', 'NDCG@10': '0.1426', 'HR@20': '0.3659', 'NDCG@20': '0.1687'}
2025-06-14 00:19:07,057 - EarlyStopping counter: 1 out of 10
2025-06-14 00:19:14,472 - {'epoch': 36, 'rec_loss': '4.5053'}
2025-06-14 00:19:18,761 - {'Epoch': 36, 'HR@5': '0.1734', 'NDCG@5': '0.1136', 'HR@10': '0.2623', 'NDCG@10': '0.1422', 'HR@20': '0.3647', 'NDCG@20': '0.1681'}
2025-06-14 00:19:18,763 - EarlyStopping counter: 2 out of 10
2025-06-14 00:19:26,224 - {'epoch': 37, 'rec_loss': '4.5025'}
2025-06-14 00:19:30,564 - {'Epoch': 37, 'HR@5': '0.1725', 'NDCG@5': '0.1131', 'HR@10': '0.2644', 'NDCG@10': '0.1428', 'HR@20': '0.3641', 'NDCG@20': '0.1680'}
2025-06-14 00:19:30,566 - EarlyStopping counter: 3 out of 10
2025-06-14 00:19:37,948 - {'epoch': 38, 'rec_loss': '4.5019'}
2025-06-14 00:19:42,244 - {'Epoch': 38, 'HR@5': '0.1742', 'NDCG@5': '0.1146', 'HR@10': '0.2626', 'NDCG@10': '0.1430', 'HR@20': '0.3638', 'NDCG@20': '0.1686'}
2025-06-14 00:19:42,246 - EarlyStopping counter: 4 out of 10
2025-06-14 00:19:49,769 - {'epoch': 39, 'rec_loss': '4.4940'}
2025-06-14 00:19:54,084 - {'Epoch': 39, 'HR@5': '0.1736', 'NDCG@5': '0.1144', 'HR@10': '0.2598', 'NDCG@10': '0.1423', 'HR@20': '0.3643', 'NDCG@20': '0.1687'}
2025-06-14 00:19:54,085 - EarlyStopping counter: 5 out of 10
2025-06-14 00:20:01,528 - {'epoch': 40, 'rec_loss': '4.4953'}
2025-06-14 00:20:05,893 - {'Epoch': 40, 'HR@5': '0.1728', 'NDCG@5': '0.1135', 'HR@10': '0.2603', 'NDCG@10': '0.1417', 'HR@20': '0.3651', 'NDCG@20': '0.1682'}
2025-06-14 00:20:05,895 - EarlyStopping counter: 6 out of 10
2025-06-14 00:20:13,326 - {'epoch': 41, 'rec_loss': '4.4895'}
2025-06-14 00:20:17,630 - {'Epoch': 41, 'HR@5': '0.1719', 'NDCG@5': '0.1136', 'HR@10': '0.2600', 'NDCG@10': '0.1420', 'HR@20': '0.3622', 'NDCG@20': '0.1678'}
2025-06-14 00:20:17,632 - EarlyStopping counter: 7 out of 10
2025-06-14 00:20:25,287 - {'epoch': 42, 'rec_loss': '4.4787'}
2025-06-14 00:20:29,593 - {'Epoch': 42, 'HR@5': '0.1743', 'NDCG@5': '0.1148', 'HR@10': '0.2614', 'NDCG@10': '0.1427', 'HR@20': '0.3645', 'NDCG@20': '0.1687'}
2025-06-14 00:20:29,595 - EarlyStopping counter: 8 out of 10
2025-06-14 00:20:37,070 - {'epoch': 43, 'rec_loss': '4.4763'}
2025-06-14 00:20:41,401 - {'Epoch': 43, 'HR@5': '0.1724', 'NDCG@5': '0.1140', 'HR@10': '0.2603', 'NDCG@10': '0.1423', 'HR@20': '0.3649', 'NDCG@20': '0.1687'}
2025-06-14 00:20:41,402 - EarlyStopping counter: 9 out of 10
2025-06-14 00:20:48,781 - {'epoch': 44, 'rec_loss': '4.4824'}
2025-06-14 00:20:53,130 - {'Epoch': 44, 'HR@5': '0.1708', 'NDCG@5': '0.1119', 'HR@10': '0.2632', 'NDCG@10': '0.1417', 'HR@20': '0.3644', 'NDCG@20': '0.1672'}
2025-06-14 00:20:53,131 - EarlyStopping counter: 10 out of 10
2025-06-14 00:20:53,131 - Early stopping
2025-06-14 00:20:53,131 - ---------------Validation Score---------------
2025-06-14 00:20:57,548 - {'Epoch': 0, 'HR@5': '0.1753', 'NDCG@5': '0.1160', 'HR@10': '0.2629', 'NDCG@10': '0.1442', 'HR@20': '0.3644', 'NDCG@20': '0.1699'}
2025-06-14 00:20:57,550 - BSARec_Diginetica
2025-06-14 00:20:57,550 - {'Epoch': 0, 'HR@5': '0.1753', 'NDCG@5': '0.1160', 'HR@10': '0.2629', 'NDCG@10': '0.1442', 'HR@20': '0.3644', 'NDCG@20': '0.1699'}
