2025-06-13 22:58:12,947 - Namespace(data_dir='data/self_processed/', output_dir='hparam_search/', data_name='Diginetica', train_name='BSARec_Diginetica', num_items=10, num_users=14829, lr=0.001, batch_size=256, epochs=200, no_cuda=False, log_freq=1, patience=10, num_workers=4, seed=42, weight_decay=0.0, adam_beta1=0.9, adam_beta2=0.999, gpu_id='0', variance=5, model_type='BSARec', max_seq_length=50, hidden_size=64, num_hidden_layers=2, hidden_act='gelu', num_attention_heads=1, attention_probs_dropout_prob=0.5, hidden_dropout_prob=0.5, initializer_range=0.02, c=9, alpha=0.5, cuda_condition=True, data_file='data/self_processed/Diginetica.txt', item_size=9441, checkpoint_path=PosixPath('/gpfs/home3/scur2771/BSARec/BSARec/src/hparam_search/BSARec_Diginetica/12367757_23/model.pt'), same_target_path='data/self_processed/Diginetica_same_target.npy')
2025-06-13 22:58:12,972 - BSARecModel(
  (item_embeddings): Embedding(9441, 64, padding_idx=0)
  (position_embeddings): Embedding(50, 64)
  (LayerNorm): LayerNorm()
  (dropout): Dropout(p=0.5, inplace=False)
  (item_encoder): BSARecEncoder(
    (blocks): ModuleList(
      (0): BSARecBlock(
        (layer): BSARecLayer(
          (filter_layer): FrequencyLayer(
            (out_dropout): Dropout(p=0.5, inplace=False)
            (LayerNorm): LayerNorm()
          )
          (attention_layer): MultiHeadAttention(
            (query): Linear(in_features=64, out_features=64, bias=True)
            (key): Linear(in_features=64, out_features=64, bias=True)
            (value): Linear(in_features=64, out_features=64, bias=True)
            (softmax): Softmax(dim=-1)
            (attn_dropout): Dropout(p=0.5, inplace=False)
            (dense): Linear(in_features=64, out_features=64, bias=True)
            (LayerNorm): LayerNorm((64,), eps=1e-12, elementwise_affine=True)
            (out_dropout): Dropout(p=0.5, inplace=False)
          )
        )
        (feed_forward): FeedForward(
          (dense_1): Linear(in_features=64, out_features=256, bias=True)
          (dense_2): Linear(in_features=256, out_features=64, bias=True)
          (LayerNorm): LayerNorm()
          (dropout): Dropout(p=0.5, inplace=False)
        )
      )
      (1): BSARecBlock(
        (layer): BSARecLayer(
          (filter_layer): FrequencyLayer(
            (out_dropout): Dropout(p=0.5, inplace=False)
            (LayerNorm): LayerNorm()
          )
          (attention_layer): MultiHeadAttention(
            (query): Linear(in_features=64, out_features=64, bias=True)
            (key): Linear(in_features=64, out_features=64, bias=True)
            (value): Linear(in_features=64, out_features=64, bias=True)
            (softmax): Softmax(dim=-1)
            (attn_dropout): Dropout(p=0.5, inplace=False)
            (dense): Linear(in_features=64, out_features=64, bias=True)
            (LayerNorm): LayerNorm((64,), eps=1e-12, elementwise_affine=True)
            (out_dropout): Dropout(p=0.5, inplace=False)
          )
        )
        (feed_forward): FeedForward(
          (dense_1): Linear(in_features=64, out_features=256, bias=True)
          (dense_2): Linear(in_features=256, out_features=64, bias=True)
          (LayerNorm): LayerNorm()
          (dropout): Dropout(p=0.5, inplace=False)
        )
      )
    )
  )
)
2025-06-13 22:58:16,034 - Total Parameters: 707904
2025-06-13 22:58:24,647 - {'epoch': 0, 'rec_loss': '8.6776'}
2025-06-13 22:58:28,923 - {'Epoch': 0, 'HR@5': '0.0297', 'NDCG@5': '0.0203', 'HR@10': '0.0428', 'NDCG@10': '0.0245', 'HR@20': '0.0606', 'NDCG@20': '0.0290'}
2025-06-13 22:58:28,925 - Validation score increased.  Saving model ...
2025-06-13 22:58:36,313 - {'epoch': 1, 'rec_loss': '7.5276'}
2025-06-13 22:58:40,678 - {'Epoch': 1, 'HR@5': '0.0987', 'NDCG@5': '0.0653', 'HR@10': '0.1496', 'NDCG@10': '0.0817', 'HR@20': '0.2086', 'NDCG@20': '0.0966'}
2025-06-13 22:58:40,680 - Validation score increased.  Saving model ...
2025-06-13 22:58:48,102 - {'epoch': 2, 'rec_loss': '6.2636'}
2025-06-13 22:58:52,503 - {'Epoch': 2, 'HR@5': '0.1330', 'NDCG@5': '0.0875', 'HR@10': '0.2005', 'NDCG@10': '0.1093', 'HR@20': '0.2824', 'NDCG@20': '0.1299'}
2025-06-13 22:58:52,504 - Validation score increased.  Saving model ...
2025-06-13 22:58:59,945 - {'epoch': 3, 'rec_loss': '5.5337'}
2025-06-13 22:59:04,321 - {'Epoch': 3, 'HR@5': '0.1523', 'NDCG@5': '0.1004', 'HR@10': '0.2288', 'NDCG@10': '0.1250', 'HR@20': '0.3218', 'NDCG@20': '0.1485'}
2025-06-13 22:59:04,324 - Validation score increased.  Saving model ...
2025-06-13 22:59:11,753 - {'epoch': 4, 'rec_loss': '5.1877'}
2025-06-13 22:59:16,165 - {'Epoch': 4, 'HR@5': '0.1598', 'NDCG@5': '0.1048', 'HR@10': '0.2437', 'NDCG@10': '0.1319', 'HR@20': '0.3394', 'NDCG@20': '0.1560'}
2025-06-13 22:59:16,167 - Validation score increased.  Saving model ...
2025-06-13 22:59:23,606 - {'epoch': 5, 'rec_loss': '5.0193'}
2025-06-13 22:59:28,078 - {'Epoch': 5, 'HR@5': '0.1633', 'NDCG@5': '0.1073', 'HR@10': '0.2497', 'NDCG@10': '0.1350', 'HR@20': '0.3482', 'NDCG@20': '0.1600'}
2025-06-13 22:59:28,080 - Validation score increased.  Saving model ...
2025-06-13 22:59:35,590 - {'epoch': 6, 'rec_loss': '4.9309'}
2025-06-13 22:59:39,948 - {'Epoch': 6, 'HR@5': '0.1691', 'NDCG@5': '0.1107', 'HR@10': '0.2540', 'NDCG@10': '0.1381', 'HR@20': '0.3535', 'NDCG@20': '0.1632'}
2025-06-13 22:59:39,949 - Validation score increased.  Saving model ...
2025-06-13 22:59:47,337 - {'epoch': 7, 'rec_loss': '4.8694'}
2025-06-13 22:59:51,671 - {'Epoch': 7, 'HR@5': '0.1670', 'NDCG@5': '0.1104', 'HR@10': '0.2577', 'NDCG@10': '0.1395', 'HR@20': '0.3564', 'NDCG@20': '0.1645'}
2025-06-13 22:59:51,673 - Validation score increased.  Saving model ...
2025-06-13 22:59:59,034 - {'epoch': 8, 'rec_loss': '4.8185'}
2025-06-13 23:00:03,351 - {'Epoch': 8, 'HR@5': '0.1677', 'NDCG@5': '0.1099', 'HR@10': '0.2567', 'NDCG@10': '0.1387', 'HR@20': '0.3608', 'NDCG@20': '0.1650'}
2025-06-13 23:00:03,352 - Validation score increased.  Saving model ...
2025-06-13 23:00:10,758 - {'epoch': 9, 'rec_loss': '4.7840'}
2025-06-13 23:00:15,161 - {'Epoch': 9, 'HR@5': '0.1720', 'NDCG@5': '0.1114', 'HR@10': '0.2559', 'NDCG@10': '0.1384', 'HR@20': '0.3603', 'NDCG@20': '0.1648'}
2025-06-13 23:00:15,162 - EarlyStopping counter: 1 out of 10
2025-06-13 23:00:22,502 - {'epoch': 10, 'rec_loss': '4.7580'}
2025-06-13 23:00:26,981 - {'Epoch': 10, 'HR@5': '0.1677', 'NDCG@5': '0.1106', 'HR@10': '0.2576', 'NDCG@10': '0.1396', 'HR@20': '0.3617', 'NDCG@20': '0.1658'}
2025-06-13 23:00:26,982 - Validation score increased.  Saving model ...
2025-06-13 23:00:34,379 - {'epoch': 11, 'rec_loss': '4.7308'}
2025-06-13 23:00:38,790 - {'Epoch': 11, 'HR@5': '0.1690', 'NDCG@5': '0.1118', 'HR@10': '0.2567', 'NDCG@10': '0.1400', 'HR@20': '0.3603', 'NDCG@20': '0.1662'}
2025-06-13 23:00:38,791 - Validation score increased.  Saving model ...
2025-06-13 23:00:46,261 - {'epoch': 12, 'rec_loss': '4.7106'}
2025-06-13 23:00:50,693 - {'Epoch': 12, 'HR@5': '0.1680', 'NDCG@5': '0.1102', 'HR@10': '0.2583', 'NDCG@10': '0.1394', 'HR@20': '0.3615', 'NDCG@20': '0.1655'}
2025-06-13 23:00:50,694 - EarlyStopping counter: 1 out of 10
2025-06-13 23:00:58,011 - {'epoch': 13, 'rec_loss': '4.6970'}
2025-06-13 23:01:02,443 - {'Epoch': 13, 'HR@5': '0.1721', 'NDCG@5': '0.1127', 'HR@10': '0.2579', 'NDCG@10': '0.1404', 'HR@20': '0.3605', 'NDCG@20': '0.1663'}
2025-06-13 23:01:02,445 - Validation score increased.  Saving model ...
2025-06-13 23:01:09,863 - {'epoch': 14, 'rec_loss': '4.6742'}
2025-06-13 23:01:14,287 - {'Epoch': 14, 'HR@5': '0.1720', 'NDCG@5': '0.1126', 'HR@10': '0.2582', 'NDCG@10': '0.1403', 'HR@20': '0.3617', 'NDCG@20': '0.1665'}
2025-06-13 23:01:14,290 - Validation score increased.  Saving model ...
2025-06-13 23:01:21,754 - {'epoch': 15, 'rec_loss': '4.6633'}
2025-06-13 23:01:26,202 - {'Epoch': 15, 'HR@5': '0.1679', 'NDCG@5': '0.1108', 'HR@10': '0.2599', 'NDCG@10': '0.1406', 'HR@20': '0.3634', 'NDCG@20': '0.1668'}
2025-06-13 23:01:26,203 - Validation score increased.  Saving model ...
2025-06-13 23:01:33,583 - {'epoch': 16, 'rec_loss': '4.6430'}
2025-06-13 23:01:38,001 - {'Epoch': 16, 'HR@5': '0.1685', 'NDCG@5': '0.1101', 'HR@10': '0.2586', 'NDCG@10': '0.1392', 'HR@20': '0.3611', 'NDCG@20': '0.1651'}
2025-06-13 23:01:38,002 - EarlyStopping counter: 1 out of 10
2025-06-13 23:01:45,324 - {'epoch': 17, 'rec_loss': '4.6352'}
2025-06-13 23:01:49,788 - {'Epoch': 17, 'HR@5': '0.1718', 'NDCG@5': '0.1120', 'HR@10': '0.2584', 'NDCG@10': '0.1399', 'HR@20': '0.3615', 'NDCG@20': '0.1660'}
2025-06-13 23:01:49,791 - EarlyStopping counter: 2 out of 10
2025-06-13 23:01:57,203 - {'epoch': 18, 'rec_loss': '4.6207'}
2025-06-13 23:02:01,656 - {'Epoch': 18, 'HR@5': '0.1726', 'NDCG@5': '0.1130', 'HR@10': '0.2569', 'NDCG@10': '0.1403', 'HR@20': '0.3595', 'NDCG@20': '0.1663'}
2025-06-13 23:02:01,659 - EarlyStopping counter: 3 out of 10
2025-06-13 23:02:09,002 - {'epoch': 19, 'rec_loss': '4.6128'}
2025-06-13 23:02:13,452 - {'Epoch': 19, 'HR@5': '0.1715', 'NDCG@5': '0.1109', 'HR@10': '0.2577', 'NDCG@10': '0.1387', 'HR@20': '0.3593', 'NDCG@20': '0.1645'}
2025-06-13 23:02:13,454 - EarlyStopping counter: 4 out of 10
2025-06-13 23:02:20,789 - {'epoch': 20, 'rec_loss': '4.6039'}
2025-06-13 23:02:25,214 - {'Epoch': 20, 'HR@5': '0.1749', 'NDCG@5': '0.1142', 'HR@10': '0.2596', 'NDCG@10': '0.1415', 'HR@20': '0.3626', 'NDCG@20': '0.1675'}
2025-06-13 23:02:25,215 - Validation score increased.  Saving model ...
2025-06-13 23:02:32,933 - {'epoch': 21, 'rec_loss': '4.5923'}
2025-06-13 23:02:37,281 - {'Epoch': 21, 'HR@5': '0.1723', 'NDCG@5': '0.1131', 'HR@10': '0.2592', 'NDCG@10': '0.1410', 'HR@20': '0.3607', 'NDCG@20': '0.1667'}
2025-06-13 23:02:37,282 - EarlyStopping counter: 1 out of 10
2025-06-13 23:02:44,673 - {'epoch': 22, 'rec_loss': '4.5848'}
2025-06-13 23:02:49,034 - {'Epoch': 22, 'HR@5': '0.1719', 'NDCG@5': '0.1126', 'HR@10': '0.2577', 'NDCG@10': '0.1403', 'HR@20': '0.3625', 'NDCG@20': '0.1669'}
2025-06-13 23:02:49,035 - EarlyStopping counter: 2 out of 10
2025-06-13 23:02:56,322 - {'epoch': 23, 'rec_loss': '4.5730'}
2025-06-13 23:03:00,717 - {'Epoch': 23, 'HR@5': '0.1712', 'NDCG@5': '0.1114', 'HR@10': '0.2586', 'NDCG@10': '0.1394', 'HR@20': '0.3588', 'NDCG@20': '0.1648'}
2025-06-13 23:03:00,718 - EarlyStopping counter: 3 out of 10
2025-06-13 23:03:08,194 - {'epoch': 24, 'rec_loss': '4.5686'}
2025-06-13 23:03:12,685 - {'Epoch': 24, 'HR@5': '0.1724', 'NDCG@5': '0.1123', 'HR@10': '0.2603', 'NDCG@10': '0.1406', 'HR@20': '0.3626', 'NDCG@20': '0.1664'}
2025-06-13 23:03:12,687 - EarlyStopping counter: 4 out of 10
2025-06-13 23:03:20,062 - {'epoch': 25, 'rec_loss': '4.5541'}
2025-06-13 23:03:24,392 - {'Epoch': 25, 'HR@5': '0.1762', 'NDCG@5': '0.1152', 'HR@10': '0.2605', 'NDCG@10': '0.1424', 'HR@20': '0.3618', 'NDCG@20': '0.1680'}
2025-06-13 23:03:24,393 - Validation score increased.  Saving model ...
2025-06-13 23:03:31,990 - {'epoch': 26, 'rec_loss': '4.5535'}
2025-06-13 23:03:36,458 - {'Epoch': 26, 'HR@5': '0.1720', 'NDCG@5': '0.1126', 'HR@10': '0.2594', 'NDCG@10': '0.1409', 'HR@20': '0.3593', 'NDCG@20': '0.1662'}
2025-06-13 23:03:36,459 - EarlyStopping counter: 1 out of 10
2025-06-13 23:03:43,779 - {'epoch': 27, 'rec_loss': '4.5449'}
2025-06-13 23:03:48,183 - {'Epoch': 27, 'HR@5': '0.1731', 'NDCG@5': '0.1134', 'HR@10': '0.2611', 'NDCG@10': '0.1418', 'HR@20': '0.3640', 'NDCG@20': '0.1677'}
2025-06-13 23:03:48,184 - EarlyStopping counter: 2 out of 10
2025-06-13 23:03:55,569 - {'epoch': 28, 'rec_loss': '4.5330'}
2025-06-13 23:04:00,031 - {'Epoch': 28, 'HR@5': '0.1731', 'NDCG@5': '0.1132', 'HR@10': '0.2607', 'NDCG@10': '0.1414', 'HR@20': '0.3631', 'NDCG@20': '0.1673'}
2025-06-13 23:04:00,033 - EarlyStopping counter: 3 out of 10
2025-06-13 23:04:07,440 - {'epoch': 29, 'rec_loss': '4.5257'}
2025-06-13 23:04:11,964 - {'Epoch': 29, 'HR@5': '0.1691', 'NDCG@5': '0.1120', 'HR@10': '0.2569', 'NDCG@10': '0.1403', 'HR@20': '0.3580', 'NDCG@20': '0.1658'}
2025-06-13 23:04:11,967 - EarlyStopping counter: 4 out of 10
2025-06-13 23:04:19,304 - {'epoch': 30, 'rec_loss': '4.5233'}
2025-06-13 23:04:23,712 - {'Epoch': 30, 'HR@5': '0.1726', 'NDCG@5': '0.1135', 'HR@10': '0.2596', 'NDCG@10': '0.1415', 'HR@20': '0.3634', 'NDCG@20': '0.1677'}
2025-06-13 23:04:23,713 - EarlyStopping counter: 5 out of 10
2025-06-13 23:04:31,066 - {'epoch': 31, 'rec_loss': '4.5163'}
2025-06-13 23:04:35,447 - {'Epoch': 31, 'HR@5': '0.1722', 'NDCG@5': '0.1123', 'HR@10': '0.2614', 'NDCG@10': '0.1410', 'HR@20': '0.3640', 'NDCG@20': '0.1669'}
2025-06-13 23:04:35,448 - EarlyStopping counter: 6 out of 10
2025-06-13 23:04:42,886 - {'epoch': 32, 'rec_loss': '4.5115'}
2025-06-13 23:04:47,253 - {'Epoch': 32, 'HR@5': '0.1712', 'NDCG@5': '0.1111', 'HR@10': '0.2615', 'NDCG@10': '0.1402', 'HR@20': '0.3625', 'NDCG@20': '0.1657'}
2025-06-13 23:04:47,255 - EarlyStopping counter: 7 out of 10
2025-06-13 23:04:54,647 - {'epoch': 33, 'rec_loss': '4.5006'}
2025-06-13 23:04:59,222 - {'Epoch': 33, 'HR@5': '0.1729', 'NDCG@5': '0.1128', 'HR@10': '0.2599', 'NDCG@10': '0.1407', 'HR@20': '0.3617', 'NDCG@20': '0.1664'}
2025-06-13 23:04:59,224 - EarlyStopping counter: 8 out of 10
2025-06-13 23:05:06,490 - {'epoch': 34, 'rec_loss': '4.5024'}
2025-06-13 23:05:10,900 - {'Epoch': 34, 'HR@5': '0.1747', 'NDCG@5': '0.1137', 'HR@10': '0.2641', 'NDCG@10': '0.1425', 'HR@20': '0.3628', 'NDCG@20': '0.1674'}
2025-06-13 23:05:10,902 - EarlyStopping counter: 9 out of 10
2025-06-13 23:05:18,323 - {'epoch': 35, 'rec_loss': '4.4943'}
2025-06-13 23:05:22,792 - {'Epoch': 35, 'HR@5': '0.1720', 'NDCG@5': '0.1116', 'HR@10': '0.2619', 'NDCG@10': '0.1405', 'HR@20': '0.3603', 'NDCG@20': '0.1654'}
2025-06-13 23:05:22,793 - EarlyStopping counter: 10 out of 10
2025-06-13 23:05:22,794 - Early stopping
2025-06-13 23:05:22,794 - ---------------Validation Score---------------
2025-06-13 23:05:27,237 - {'Epoch': 0, 'HR@5': '0.1762', 'NDCG@5': '0.1152', 'HR@10': '0.2605', 'NDCG@10': '0.1424', 'HR@20': '0.3618', 'NDCG@20': '0.1680'}
2025-06-13 23:05:27,238 - BSARec_Diginetica
2025-06-13 23:05:27,238 - {'Epoch': 0, 'HR@5': '0.1762', 'NDCG@5': '0.1152', 'HR@10': '0.2605', 'NDCG@10': '0.1424', 'HR@20': '0.3618', 'NDCG@20': '0.1680'}
