2025-06-13 20:21:29,608 - Namespace(data_dir='./data/', output_dir='hparam_search/', data_name='LastFM', train_name='FEARec_LastFM', num_items=10, num_users=1091, lr=0.0005, batch_size=256, epochs=200, no_cuda=False, log_freq=1, patience=10, num_workers=4, seed=42, weight_decay=0.0, adam_beta1=0.9, adam_beta2=0.999, gpu_id='0', variance=5, model_type='FEARec', max_seq_length=50, hidden_size=64, num_hidden_layers=2, hidden_act='gelu', num_attention_heads=4, attention_probs_dropout_prob=0.5, hidden_dropout_prob=0.5, initializer_range=0.02, tau=1.0, lmd=0.1, lmd_sem=0.1, ssl='us_x', sim='dot', spatial_ratio=0.1, global_ratio=0.6, fredom_type='us_x', fredom='True', cuda_condition=True, data_file='./data/LastFM.txt', item_size=3647, checkpoint_path=PosixPath('/gpfs/home3/scur2771/BSARec/BSARec/src/hparam_search/FEARec_LastFM/12364666_6/model.pt'), same_target_path='./data/LastFM_same_target.npy')
2025-06-13 20:21:29,627 - FEARecModel(
  (item_embeddings): Embedding(3647, 64, padding_idx=0)
  (position_embeddings): Embedding(50, 64)
  (LayerNorm): LayerNorm()
  (dropout): Dropout(p=0.5, inplace=False)
  (item_encoder): FEARecEncoder(
    (blocks): ModuleList(
      (0): FEARecBlock(
        (layer): FEARecLayer(
          (dropout): Dropout(p=0.1, inplace=False)
          (attn_dropout): Dropout(p=0.5, inplace=False)
          (LayerNorm): LayerNorm()
          (out_dropout): Dropout(p=0.5, inplace=False)
          (dense): Linear(in_features=64, out_features=64, bias=True)
          (query): Linear(in_features=64, out_features=64, bias=True)
          (key): Linear(in_features=64, out_features=64, bias=True)
          (value): Linear(in_features=64, out_features=64, bias=True)
        )
        (feed_forward): FeedForward(
          (dense_1): Linear(in_features=64, out_features=256, bias=True)
          (dense_2): Linear(in_features=256, out_features=64, bias=True)
          (LayerNorm): LayerNorm()
          (dropout): Dropout(p=0.5, inplace=False)
        )
      )
      (1): FEARecBlock(
        (layer): FEARecLayer(
          (dropout): Dropout(p=0.1, inplace=False)
          (attn_dropout): Dropout(p=0.5, inplace=False)
          (LayerNorm): LayerNorm()
          (out_dropout): Dropout(p=0.5, inplace=False)
          (dense): Linear(in_features=64, out_features=64, bias=True)
          (query): Linear(in_features=64, out_features=64, bias=True)
          (key): Linear(in_features=64, out_features=64, bias=True)
          (value): Linear(in_features=64, out_features=64, bias=True)
        )
        (feed_forward): FeedForward(
          (dense_1): Linear(in_features=64, out_features=256, bias=True)
          (dense_2): Linear(in_features=256, out_features=64, bias=True)
          (LayerNorm): LayerNorm()
          (dropout): Dropout(p=0.5, inplace=False)
        )
      )
    )
  )
  (aug_nce_fct): CrossEntropyLoss()
)
2025-06-13 20:21:32,761 - Total Parameters: 336704
2025-06-13 20:21:58,247 - {'epoch': 0, 'rec_loss': '9.1084'}
2025-06-13 20:21:59,136 - {'Epoch': 0, 'HR@5': '0.0165', 'NDCG@5': '0.0099', 'HR@10': '0.0266', 'NDCG@10': '0.0132', 'HR@20': '0.0550', 'NDCG@20': '0.0203'}
2025-06-13 20:21:59,139 - Validation score increased.  Saving model ...
2025-06-13 20:22:23,384 - {'epoch': 1, 'rec_loss': '8.6569'}
2025-06-13 20:22:24,209 - {'Epoch': 1, 'HR@5': '0.0266', 'NDCG@5': '0.0150', 'HR@10': '0.0413', 'NDCG@10': '0.0197', 'HR@20': '0.0606', 'NDCG@20': '0.0245'}
2025-06-13 20:22:24,211 - Validation score increased.  Saving model ...
2025-06-13 20:22:48,345 - {'epoch': 2, 'rec_loss': '8.5593'}
2025-06-13 20:22:49,190 - {'Epoch': 2, 'HR@5': '0.0239', 'NDCG@5': '0.0161', 'HR@10': '0.0376', 'NDCG@10': '0.0205', 'HR@20': '0.0633', 'NDCG@20': '0.0270'}
2025-06-13 20:22:49,192 - Validation score increased.  Saving model ...
2025-06-13 20:23:13,554 - {'epoch': 3, 'rec_loss': '8.5204'}
2025-06-13 20:23:14,561 - {'Epoch': 3, 'HR@5': '0.0229', 'NDCG@5': '0.0146', 'HR@10': '0.0376', 'NDCG@10': '0.0193', 'HR@20': '0.0642', 'NDCG@20': '0.0259'}
2025-06-13 20:23:14,563 - EarlyStopping counter: 1 out of 10
2025-06-13 20:23:38,640 - {'epoch': 4, 'rec_loss': '8.4961'}
2025-06-13 20:23:39,507 - {'Epoch': 4, 'HR@5': '0.0202', 'NDCG@5': '0.0135', 'HR@10': '0.0321', 'NDCG@10': '0.0173', 'HR@20': '0.0642', 'NDCG@20': '0.0254'}
2025-06-13 20:23:39,509 - EarlyStopping counter: 2 out of 10
2025-06-13 20:24:03,742 - {'epoch': 5, 'rec_loss': '8.4813'}
2025-06-13 20:24:04,595 - {'Epoch': 5, 'HR@5': '0.0211', 'NDCG@5': '0.0138', 'HR@10': '0.0394', 'NDCG@10': '0.0198', 'HR@20': '0.0633', 'NDCG@20': '0.0256'}
2025-06-13 20:24:04,597 - EarlyStopping counter: 3 out of 10
2025-06-13 20:24:28,809 - {'epoch': 6, 'rec_loss': '8.4685'}
2025-06-13 20:24:29,676 - {'Epoch': 6, 'HR@5': '0.0193', 'NDCG@5': '0.0131', 'HR@10': '0.0385', 'NDCG@10': '0.0191', 'HR@20': '0.0651', 'NDCG@20': '0.0257'}
2025-06-13 20:24:29,679 - EarlyStopping counter: 4 out of 10
2025-06-13 20:24:53,783 - {'epoch': 7, 'rec_loss': '8.4591'}
2025-06-13 20:24:54,711 - {'Epoch': 7, 'HR@5': '0.0220', 'NDCG@5': '0.0152', 'HR@10': '0.0376', 'NDCG@10': '0.0203', 'HR@20': '0.0642', 'NDCG@20': '0.0269'}
2025-06-13 20:24:54,714 - EarlyStopping counter: 5 out of 10
2025-06-13 20:25:18,973 - {'epoch': 8, 'rec_loss': '8.4513'}
2025-06-13 20:25:19,868 - {'Epoch': 8, 'HR@5': '0.0239', 'NDCG@5': '0.0134', 'HR@10': '0.0376', 'NDCG@10': '0.0179', 'HR@20': '0.0615', 'NDCG@20': '0.0238'}
2025-06-13 20:25:19,870 - EarlyStopping counter: 6 out of 10
2025-06-13 20:25:43,888 - {'epoch': 9, 'rec_loss': '8.4450'}
2025-06-13 20:25:44,753 - {'Epoch': 9, 'HR@5': '0.0220', 'NDCG@5': '0.0130', 'HR@10': '0.0376', 'NDCG@10': '0.0180', 'HR@20': '0.0624', 'NDCG@20': '0.0242'}
2025-06-13 20:25:44,755 - EarlyStopping counter: 7 out of 10
2025-06-13 20:26:08,687 - {'epoch': 10, 'rec_loss': '8.4402'}
2025-06-13 20:26:09,575 - {'Epoch': 10, 'HR@5': '0.0229', 'NDCG@5': '0.0135', 'HR@10': '0.0376', 'NDCG@10': '0.0182', 'HR@20': '0.0642', 'NDCG@20': '0.0247'}
2025-06-13 20:26:09,577 - EarlyStopping counter: 8 out of 10
2025-06-13 20:26:33,666 - {'epoch': 11, 'rec_loss': '8.4313'}
2025-06-13 20:26:34,550 - {'Epoch': 11, 'HR@5': '0.0202', 'NDCG@5': '0.0133', 'HR@10': '0.0358', 'NDCG@10': '0.0184', 'HR@20': '0.0615', 'NDCG@20': '0.0249'}
2025-06-13 20:26:34,553 - EarlyStopping counter: 9 out of 10
2025-06-13 20:26:58,831 - {'epoch': 12, 'rec_loss': '8.4195'}
2025-06-13 20:26:59,769 - {'Epoch': 12, 'HR@5': '0.0220', 'NDCG@5': '0.0141', 'HR@10': '0.0376', 'NDCG@10': '0.0191', 'HR@20': '0.0642', 'NDCG@20': '0.0257'}
2025-06-13 20:26:59,771 - EarlyStopping counter: 10 out of 10
2025-06-13 20:26:59,771 - Early stopping
2025-06-13 20:26:59,771 - ---------------Validation Score---------------
2025-06-13 20:27:00,654 - {'Epoch': 0, 'HR@5': '0.0239', 'NDCG@5': '0.0161', 'HR@10': '0.0376', 'NDCG@10': '0.0205', 'HR@20': '0.0633', 'NDCG@20': '0.0270'}
2025-06-13 20:27:00,656 - FEARec_LastFM
2025-06-13 20:27:00,657 - {'Epoch': 0, 'HR@5': '0.0239', 'NDCG@5': '0.0161', 'HR@10': '0.0376', 'NDCG@10': '0.0205', 'HR@20': '0.0633', 'NDCG@20': '0.0270'}
