2025-06-14 00:16:44,156 - Namespace(data_dir='data/self_processed/', output_dir='hparam_search/', data_name='Diginetica', train_name='BSARec_Diginetica', num_items=10, num_users=14829, lr=0.0005, batch_size=256, epochs=200, no_cuda=False, log_freq=1, patience=10, num_workers=4, seed=42, weight_decay=0.0, adam_beta1=0.9, adam_beta2=0.999, gpu_id='0', variance=5, model_type='BSARec', max_seq_length=50, hidden_size=64, num_hidden_layers=2, hidden_act='gelu', num_attention_heads=2, attention_probs_dropout_prob=0.5, hidden_dropout_prob=0.5, initializer_range=0.02, c=1, alpha=0.9, cuda_condition=True, data_file='data/self_processed/Diginetica.txt', item_size=9441, checkpoint_path=PosixPath('/gpfs/home3/scur2771/BSARec/BSARec/src/hparam_search/BSARec_Diginetica/12367757_105/model.pt'), same_target_path='data/self_processed/Diginetica_same_target.npy')
2025-06-14 00:16:44,174 - BSARecModel(
  (item_embeddings): Embedding(9441, 64, padding_idx=0)
  (position_embeddings): Embedding(50, 64)
  (LayerNorm): LayerNorm()
  (dropout): Dropout(p=0.5, inplace=False)
  (item_encoder): BSARecEncoder(
    (blocks): ModuleList(
      (0): BSARecBlock(
        (layer): BSARecLayer(
          (filter_layer): FrequencyLayer(
            (out_dropout): Dropout(p=0.5, inplace=False)
            (LayerNorm): LayerNorm()
          )
          (attention_layer): MultiHeadAttention(
            (query): Linear(in_features=64, out_features=64, bias=True)
            (key): Linear(in_features=64, out_features=64, bias=True)
            (value): Linear(in_features=64, out_features=64, bias=True)
            (softmax): Softmax(dim=-1)
            (attn_dropout): Dropout(p=0.5, inplace=False)
            (dense): Linear(in_features=64, out_features=64, bias=True)
            (LayerNorm): LayerNorm((64,), eps=1e-12, elementwise_affine=True)
            (out_dropout): Dropout(p=0.5, inplace=False)
          )
        )
        (feed_forward): FeedForward(
          (dense_1): Linear(in_features=64, out_features=256, bias=True)
          (dense_2): Linear(in_features=256, out_features=64, bias=True)
          (LayerNorm): LayerNorm()
          (dropout): Dropout(p=0.5, inplace=False)
        )
      )
      (1): BSARecBlock(
        (layer): BSARecLayer(
          (filter_layer): FrequencyLayer(
            (out_dropout): Dropout(p=0.5, inplace=False)
            (LayerNorm): LayerNorm()
          )
          (attention_layer): MultiHeadAttention(
            (query): Linear(in_features=64, out_features=64, bias=True)
            (key): Linear(in_features=64, out_features=64, bias=True)
            (value): Linear(in_features=64, out_features=64, bias=True)
            (softmax): Softmax(dim=-1)
            (attn_dropout): Dropout(p=0.5, inplace=False)
            (dense): Linear(in_features=64, out_features=64, bias=True)
            (LayerNorm): LayerNorm((64,), eps=1e-12, elementwise_affine=True)
            (out_dropout): Dropout(p=0.5, inplace=False)
          )
        )
        (feed_forward): FeedForward(
          (dense_1): Linear(in_features=64, out_features=256, bias=True)
          (dense_2): Linear(in_features=256, out_features=64, bias=True)
          (LayerNorm): LayerNorm()
          (dropout): Dropout(p=0.5, inplace=False)
        )
      )
    )
  )
)
2025-06-14 00:16:46,325 - Total Parameters: 707904
2025-06-14 00:16:54,895 - {'epoch': 0, 'rec_loss': '8.8531'}
2025-06-14 00:16:59,131 - {'Epoch': 0, 'HR@5': '0.0042', 'NDCG@5': '0.0026', 'HR@10': '0.0076', 'NDCG@10': '0.0036', 'HR@20': '0.0118', 'NDCG@20': '0.0047'}
2025-06-14 00:16:59,133 - Validation score increased.  Saving model ...
2025-06-14 00:17:06,715 - {'epoch': 1, 'rec_loss': '8.4978'}
2025-06-14 00:17:10,817 - {'Epoch': 1, 'HR@5': '0.0118', 'NDCG@5': '0.0079', 'HR@10': '0.0191', 'NDCG@10': '0.0102', 'HR@20': '0.0315', 'NDCG@20': '0.0134'}
2025-06-14 00:17:10,820 - Validation score increased.  Saving model ...
2025-06-14 00:17:18,411 - {'epoch': 2, 'rec_loss': '8.0992'}
2025-06-14 00:17:22,460 - {'Epoch': 2, 'HR@5': '0.0429', 'NDCG@5': '0.0289', 'HR@10': '0.0639', 'NDCG@10': '0.0356', 'HR@20': '0.0885', 'NDCG@20': '0.0419'}
2025-06-14 00:17:22,461 - Validation score increased.  Saving model ...
2025-06-14 00:17:29,946 - {'epoch': 3, 'rec_loss': '7.4775'}
2025-06-14 00:17:34,142 - {'Epoch': 3, 'HR@5': '0.0776', 'NDCG@5': '0.0517', 'HR@10': '0.1200', 'NDCG@10': '0.0654', 'HR@20': '0.1671', 'NDCG@20': '0.0773'}
2025-06-14 00:17:34,144 - Validation score increased.  Saving model ...
2025-06-14 00:17:41,634 - {'epoch': 4, 'rec_loss': '6.7756'}
2025-06-14 00:17:45,907 - {'Epoch': 4, 'HR@5': '0.1070', 'NDCG@5': '0.0703', 'HR@10': '0.1631', 'NDCG@10': '0.0883', 'HR@20': '0.2256', 'NDCG@20': '0.1041'}
2025-06-14 00:17:45,909 - Validation score increased.  Saving model ...
2025-06-14 00:17:53,424 - {'epoch': 5, 'rec_loss': '6.1836'}
2025-06-14 00:17:57,724 - {'Epoch': 5, 'HR@5': '0.1233', 'NDCG@5': '0.0821', 'HR@10': '0.1889', 'NDCG@10': '0.1033', 'HR@20': '0.2647', 'NDCG@20': '0.1225'}
2025-06-14 00:17:57,725 - Validation score increased.  Saving model ...
2025-06-14 00:18:05,151 - {'epoch': 6, 'rec_loss': '5.7450'}
2025-06-14 00:18:09,513 - {'Epoch': 6, 'HR@5': '0.1377', 'NDCG@5': '0.0909', 'HR@10': '0.2061', 'NDCG@10': '0.1130', 'HR@20': '0.2937', 'NDCG@20': '0.1351'}
2025-06-14 00:18:09,515 - Validation score increased.  Saving model ...
2025-06-14 00:18:17,093 - {'epoch': 7, 'rec_loss': '5.4351'}
2025-06-14 00:18:21,456 - {'Epoch': 7, 'HR@5': '0.1459', 'NDCG@5': '0.0973', 'HR@10': '0.2261', 'NDCG@10': '0.1232', 'HR@20': '0.3145', 'NDCG@20': '0.1455'}
2025-06-14 00:18:21,458 - Validation score increased.  Saving model ...
2025-06-14 00:18:29,094 - {'epoch': 8, 'rec_loss': '5.2242'}
2025-06-14 00:18:33,485 - {'Epoch': 8, 'HR@5': '0.1530', 'NDCG@5': '0.1019', 'HR@10': '0.2366', 'NDCG@10': '0.1288', 'HR@20': '0.3276', 'NDCG@20': '0.1518'}
2025-06-14 00:18:33,487 - Validation score increased.  Saving model ...
2025-06-14 00:18:41,025 - {'epoch': 9, 'rec_loss': '5.0668'}
2025-06-14 00:18:45,452 - {'Epoch': 9, 'HR@5': '0.1629', 'NDCG@5': '0.1065', 'HR@10': '0.2434', 'NDCG@10': '0.1324', 'HR@20': '0.3384', 'NDCG@20': '0.1564'}
2025-06-14 00:18:45,454 - Validation score increased.  Saving model ...
2025-06-14 00:18:53,004 - {'epoch': 10, 'rec_loss': '4.9594'}
2025-06-14 00:18:57,425 - {'Epoch': 10, 'HR@5': '0.1653', 'NDCG@5': '0.1080', 'HR@10': '0.2489', 'NDCG@10': '0.1349', 'HR@20': '0.3450', 'NDCG@20': '0.1592'}
2025-06-14 00:18:57,427 - Validation score increased.  Saving model ...
2025-06-14 00:19:04,975 - {'epoch': 11, 'rec_loss': '4.8795'}
2025-06-14 00:19:09,347 - {'Epoch': 11, 'HR@5': '0.1666', 'NDCG@5': '0.1099', 'HR@10': '0.2524', 'NDCG@10': '0.1375', 'HR@20': '0.3497', 'NDCG@20': '0.1621'}
2025-06-14 00:19:09,348 - Validation score increased.  Saving model ...
2025-06-14 00:19:16,810 - {'epoch': 12, 'rec_loss': '4.8161'}
2025-06-14 00:19:21,200 - {'Epoch': 12, 'HR@5': '0.1697', 'NDCG@5': '0.1113', 'HR@10': '0.2555', 'NDCG@10': '0.1389', 'HR@20': '0.3525', 'NDCG@20': '0.1634'}
2025-06-14 00:19:21,202 - Validation score increased.  Saving model ...
2025-06-14 00:19:28,702 - {'epoch': 13, 'rec_loss': '4.7777'}
2025-06-14 00:19:33,049 - {'Epoch': 13, 'HR@5': '0.1696', 'NDCG@5': '0.1121', 'HR@10': '0.2580', 'NDCG@10': '0.1406', 'HR@20': '0.3540', 'NDCG@20': '0.1648'}
2025-06-14 00:19:33,050 - Validation score increased.  Saving model ...
2025-06-14 00:19:40,671 - {'epoch': 14, 'rec_loss': '4.7366'}
2025-06-14 00:19:45,043 - {'Epoch': 14, 'HR@5': '0.1712', 'NDCG@5': '0.1132', 'HR@10': '0.2567', 'NDCG@10': '0.1408', 'HR@20': '0.3572', 'NDCG@20': '0.1662'}
2025-06-14 00:19:45,045 - Validation score increased.  Saving model ...
2025-06-14 00:19:52,506 - {'epoch': 15, 'rec_loss': '4.7120'}
2025-06-14 00:19:56,927 - {'Epoch': 15, 'HR@5': '0.1676', 'NDCG@5': '0.1115', 'HR@10': '0.2570', 'NDCG@10': '0.1404', 'HR@20': '0.3609', 'NDCG@20': '0.1666'}
2025-06-14 00:19:56,929 - Validation score increased.  Saving model ...
2025-06-14 00:20:04,364 - {'epoch': 16, 'rec_loss': '4.6841'}
2025-06-14 00:20:08,768 - {'Epoch': 16, 'HR@5': '0.1719', 'NDCG@5': '0.1128', 'HR@10': '0.2594', 'NDCG@10': '0.1410', 'HR@20': '0.3593', 'NDCG@20': '0.1661'}
2025-06-14 00:20:08,769 - EarlyStopping counter: 1 out of 10
2025-06-14 00:20:16,218 - {'epoch': 17, 'rec_loss': '4.6609'}
2025-06-14 00:20:20,639 - {'Epoch': 17, 'HR@5': '0.1755', 'NDCG@5': '0.1140', 'HR@10': '0.2604', 'NDCG@10': '0.1413', 'HR@20': '0.3607', 'NDCG@20': '0.1666'}
2025-06-14 00:20:20,641 - Validation score increased.  Saving model ...
2025-06-14 00:20:28,205 - {'epoch': 18, 'rec_loss': '4.6396'}
2025-06-14 00:20:32,659 - {'Epoch': 18, 'HR@5': '0.1746', 'NDCG@5': '0.1143', 'HR@10': '0.2598', 'NDCG@10': '0.1418', 'HR@20': '0.3603', 'NDCG@20': '0.1671'}
2025-06-14 00:20:32,662 - Validation score increased.  Saving model ...
2025-06-14 00:20:40,154 - {'epoch': 19, 'rec_loss': '4.6265'}
2025-06-14 00:20:44,568 - {'Epoch': 19, 'HR@5': '0.1731', 'NDCG@5': '0.1139', 'HR@10': '0.2611', 'NDCG@10': '0.1423', 'HR@20': '0.3593', 'NDCG@20': '0.1670'}
2025-06-14 00:20:44,570 - EarlyStopping counter: 1 out of 10
2025-06-14 00:20:52,099 - {'epoch': 20, 'rec_loss': '4.6125'}
2025-06-14 00:20:56,487 - {'Epoch': 20, 'HR@5': '0.1751', 'NDCG@5': '0.1148', 'HR@10': '0.2612', 'NDCG@10': '0.1426', 'HR@20': '0.3631', 'NDCG@20': '0.1683'}
2025-06-14 00:20:56,489 - Validation score increased.  Saving model ...
2025-06-14 00:21:03,978 - {'epoch': 21, 'rec_loss': '4.6023'}
2025-06-14 00:21:08,334 - {'Epoch': 21, 'HR@5': '0.1741', 'NDCG@5': '0.1144', 'HR@10': '0.2614', 'NDCG@10': '0.1426', 'HR@20': '0.3630', 'NDCG@20': '0.1683'}
2025-06-14 00:21:08,335 - EarlyStopping counter: 1 out of 10
2025-06-14 00:21:15,802 - {'epoch': 22, 'rec_loss': '4.5878'}
2025-06-14 00:21:20,172 - {'Epoch': 22, 'HR@5': '0.1735', 'NDCG@5': '0.1149', 'HR@10': '0.2629', 'NDCG@10': '0.1436', 'HR@20': '0.3630', 'NDCG@20': '0.1689'}
2025-06-14 00:21:20,173 - Validation score increased.  Saving model ...
2025-06-14 00:21:27,699 - {'epoch': 23, 'rec_loss': '4.5738'}
2025-06-14 00:21:32,079 - {'Epoch': 23, 'HR@5': '0.1712', 'NDCG@5': '0.1126', 'HR@10': '0.2581', 'NDCG@10': '0.1407', 'HR@20': '0.3622', 'NDCG@20': '0.1670'}
2025-06-14 00:21:32,080 - EarlyStopping counter: 1 out of 10
2025-06-14 00:21:39,644 - {'epoch': 24, 'rec_loss': '4.5657'}
2025-06-14 00:21:44,184 - {'Epoch': 24, 'HR@5': '0.1749', 'NDCG@5': '0.1147', 'HR@10': '0.2612', 'NDCG@10': '0.1425', 'HR@20': '0.3601', 'NDCG@20': '0.1675'}
2025-06-14 00:21:44,186 - EarlyStopping counter: 2 out of 10
2025-06-14 00:21:51,564 - {'epoch': 25, 'rec_loss': '4.5520'}
2025-06-14 00:21:55,978 - {'Epoch': 25, 'HR@5': '0.1753', 'NDCG@5': '0.1165', 'HR@10': '0.2596', 'NDCG@10': '0.1437', 'HR@20': '0.3606', 'NDCG@20': '0.1693'}
2025-06-14 00:21:55,980 - Validation score increased.  Saving model ...
2025-06-14 00:22:03,566 - {'epoch': 26, 'rec_loss': '4.5405'}
2025-06-14 00:22:07,961 - {'Epoch': 26, 'HR@5': '0.1738', 'NDCG@5': '0.1150', 'HR@10': '0.2618', 'NDCG@10': '0.1434', 'HR@20': '0.3636', 'NDCG@20': '0.1690'}
2025-06-14 00:22:07,963 - EarlyStopping counter: 1 out of 10
2025-06-14 00:22:15,468 - {'epoch': 27, 'rec_loss': '4.5371'}
2025-06-14 00:22:19,850 - {'Epoch': 27, 'HR@5': '0.1738', 'NDCG@5': '0.1150', 'HR@10': '0.2607', 'NDCG@10': '0.1430', 'HR@20': '0.3625', 'NDCG@20': '0.1688'}
2025-06-14 00:22:19,852 - EarlyStopping counter: 2 out of 10
2025-06-14 00:22:27,221 - {'epoch': 28, 'rec_loss': '4.5212'}
2025-06-14 00:22:31,606 - {'Epoch': 28, 'HR@5': '0.1758', 'NDCG@5': '0.1163', 'HR@10': '0.2619', 'NDCG@10': '0.1440', 'HR@20': '0.3636', 'NDCG@20': '0.1697'}
2025-06-14 00:22:31,607 - Validation score increased.  Saving model ...
2025-06-14 00:22:39,046 - {'epoch': 29, 'rec_loss': '4.5217'}
2025-06-14 00:22:43,506 - {'Epoch': 29, 'HR@5': '0.1753', 'NDCG@5': '0.1162', 'HR@10': '0.2610', 'NDCG@10': '0.1438', 'HR@20': '0.3608', 'NDCG@20': '0.1690'}
2025-06-14 00:22:43,509 - EarlyStopping counter: 1 out of 10
2025-06-14 00:22:50,899 - {'epoch': 30, 'rec_loss': '4.5178'}
2025-06-14 00:22:55,218 - {'Epoch': 30, 'HR@5': '0.1749', 'NDCG@5': '0.1152', 'HR@10': '0.2613', 'NDCG@10': '0.1429', 'HR@20': '0.3634', 'NDCG@20': '0.1687'}
2025-06-14 00:22:55,220 - EarlyStopping counter: 2 out of 10
2025-06-14 00:23:02,602 - {'epoch': 31, 'rec_loss': '4.5033'}
2025-06-14 00:23:06,922 - {'Epoch': 31, 'HR@5': '0.1749', 'NDCG@5': '0.1155', 'HR@10': '0.2636', 'NDCG@10': '0.1441', 'HR@20': '0.3628', 'NDCG@20': '0.1691'}
2025-06-14 00:23:06,925 - EarlyStopping counter: 3 out of 10
2025-06-14 00:23:14,334 - {'epoch': 32, 'rec_loss': '4.4954'}
2025-06-14 00:23:18,760 - {'Epoch': 32, 'HR@5': '0.1736', 'NDCG@5': '0.1140', 'HR@10': '0.2617', 'NDCG@10': '0.1424', 'HR@20': '0.3615', 'NDCG@20': '0.1677'}
2025-06-14 00:23:18,762 - EarlyStopping counter: 4 out of 10
2025-06-14 00:23:26,169 - {'epoch': 33, 'rec_loss': '4.4906'}
2025-06-14 00:23:30,468 - {'Epoch': 33, 'HR@5': '0.1737', 'NDCG@5': '0.1143', 'HR@10': '0.2623', 'NDCG@10': '0.1429', 'HR@20': '0.3646', 'NDCG@20': '0.1687'}
2025-06-14 00:23:30,470 - EarlyStopping counter: 5 out of 10
2025-06-14 00:23:37,827 - {'epoch': 34, 'rec_loss': '4.4850'}
2025-06-14 00:23:42,157 - {'Epoch': 34, 'HR@5': '0.1764', 'NDCG@5': '0.1161', 'HR@10': '0.2626', 'NDCG@10': '0.1439', 'HR@20': '0.3620', 'NDCG@20': '0.1690'}
2025-06-14 00:23:42,159 - EarlyStopping counter: 6 out of 10
2025-06-14 00:23:49,695 - {'epoch': 35, 'rec_loss': '4.4799'}
2025-06-14 00:23:54,038 - {'Epoch': 35, 'HR@5': '0.1742', 'NDCG@5': '0.1146', 'HR@10': '0.2615', 'NDCG@10': '0.1427', 'HR@20': '0.3615', 'NDCG@20': '0.1679'}
2025-06-14 00:23:54,040 - EarlyStopping counter: 7 out of 10
2025-06-14 00:24:01,523 - {'epoch': 36, 'rec_loss': '4.4695'}
2025-06-14 00:24:05,903 - {'Epoch': 36, 'HR@5': '0.1739', 'NDCG@5': '0.1151', 'HR@10': '0.2620', 'NDCG@10': '0.1435', 'HR@20': '0.3639', 'NDCG@20': '0.1692'}
2025-06-14 00:24:05,905 - EarlyStopping counter: 8 out of 10
2025-06-14 00:24:13,415 - {'epoch': 37, 'rec_loss': '4.4678'}
2025-06-14 00:24:17,728 - {'Epoch': 37, 'HR@5': '0.1749', 'NDCG@5': '0.1154', 'HR@10': '0.2619', 'NDCG@10': '0.1434', 'HR@20': '0.3637', 'NDCG@20': '0.1691'}
2025-06-14 00:24:17,730 - EarlyStopping counter: 9 out of 10
2025-06-14 00:24:25,107 - {'epoch': 38, 'rec_loss': '4.4597'}
2025-06-14 00:24:29,437 - {'Epoch': 38, 'HR@5': '0.1754', 'NDCG@5': '0.1153', 'HR@10': '0.2603', 'NDCG@10': '0.1428', 'HR@20': '0.3627', 'NDCG@20': '0.1687'}
2025-06-14 00:24:29,438 - EarlyStopping counter: 10 out of 10
2025-06-14 00:24:29,438 - Early stopping
2025-06-14 00:24:29,438 - ---------------Validation Score---------------
2025-06-14 00:24:33,779 - {'Epoch': 0, 'HR@5': '0.1758', 'NDCG@5': '0.1163', 'HR@10': '0.2619', 'NDCG@10': '0.1440', 'HR@20': '0.3636', 'NDCG@20': '0.1697'}
2025-06-14 00:24:33,781 - BSARec_Diginetica
2025-06-14 00:24:33,781 - {'Epoch': 0, 'HR@5': '0.1758', 'NDCG@5': '0.1163', 'HR@10': '0.2619', 'NDCG@10': '0.1440', 'HR@20': '0.3636', 'NDCG@20': '0.1697'}
