2025-06-13 21:15:46,742 - Namespace(data_dir='data/self_processed/', output_dir='hparam_search/', data_name='Diginetica', train_name='BERT4Rec_Diginetica', num_items=10, num_users=14829, lr=0.0005, batch_size=256, epochs=200, no_cuda=False, log_freq=1, patience=10, num_workers=4, seed=42, weight_decay=0.0, adam_beta1=0.9, adam_beta2=0.999, gpu_id='0', variance=5, model_type='BERT4Rec', max_seq_length=50, hidden_size=64, num_hidden_layers=2, hidden_act='gelu', num_attention_heads=4, attention_probs_dropout_prob=0.5, hidden_dropout_prob=0.5, initializer_range=0.02, mask_ratio=0.2, cuda_condition=True, data_file='data/self_processed/Diginetica.txt', item_size=9441, checkpoint_path=PosixPath('/gpfs/home3/scur2771/BSARec/BSARec/src/hparam_search/BERT4Rec_Diginetica/12362289_16/model.pt'), same_target_path='data/self_processed/Diginetica_same_target.npy')
2025-06-13 21:15:46,765 - BERT4RecModel(
  (item_embeddings): Embedding(9442, 64, padding_idx=0)
  (position_embeddings): Embedding(50, 64)
  (item_encoder): TransformerEncoder(
    (blocks): ModuleList(
      (0): TransformerBlock(
        (layer): MultiHeadAttention(
          (query): Linear(in_features=64, out_features=64, bias=True)
          (key): Linear(in_features=64, out_features=64, bias=True)
          (value): Linear(in_features=64, out_features=64, bias=True)
          (softmax): Softmax(dim=-1)
          (attn_dropout): Dropout(p=0.5, inplace=False)
          (dense): Linear(in_features=64, out_features=64, bias=True)
          (LayerNorm): LayerNorm((64,), eps=1e-12, elementwise_affine=True)
          (out_dropout): Dropout(p=0.5, inplace=False)
        )
        (feed_forward): FeedForward(
          (dense_1): Linear(in_features=64, out_features=256, bias=True)
          (dense_2): Linear(in_features=256, out_features=64, bias=True)
          (LayerNorm): LayerNorm()
          (dropout): Dropout(p=0.5, inplace=False)
        )
      )
      (1): TransformerBlock(
        (layer): MultiHeadAttention(
          (query): Linear(in_features=64, out_features=64, bias=True)
          (key): Linear(in_features=64, out_features=64, bias=True)
          (value): Linear(in_features=64, out_features=64, bias=True)
          (softmax): Softmax(dim=-1)
          (attn_dropout): Dropout(p=0.5, inplace=False)
          (dense): Linear(in_features=64, out_features=64, bias=True)
          (LayerNorm): LayerNorm((64,), eps=1e-12, elementwise_affine=True)
          (out_dropout): Dropout(p=0.5, inplace=False)
        )
        (feed_forward): FeedForward(
          (dense_1): Linear(in_features=64, out_features=256, bias=True)
          (dense_2): Linear(in_features=256, out_features=64, bias=True)
          (LayerNorm): LayerNorm()
          (dropout): Dropout(p=0.5, inplace=False)
        )
      )
    )
  )
  (LayerNorm): LayerNorm()
  (dropout): Dropout(p=0.5, inplace=False)
)
2025-06-13 21:15:48,934 - Total Parameters: 707584
2025-06-13 21:16:01,552 - {'epoch': 0, 'rec_loss': '8.9270'}
2025-06-13 21:16:06,185 - {'Epoch': 0, 'HR@5': '0.0035', 'NDCG@5': '0.0019', 'HR@10': '0.0052', 'NDCG@10': '0.0025', 'HR@20': '0.0094', 'NDCG@20': '0.0035'}
2025-06-13 21:16:06,186 - Validation score increased.  Saving model ...
2025-06-13 21:16:18,221 - {'epoch': 1, 'rec_loss': '8.6756'}
2025-06-13 21:16:22,748 - {'Epoch': 1, 'HR@5': '0.0041', 'NDCG@5': '0.0024', 'HR@10': '0.0065', 'NDCG@10': '0.0032', 'HR@20': '0.0111', 'NDCG@20': '0.0043'}
2025-06-13 21:16:22,751 - Validation score increased.  Saving model ...
2025-06-13 21:16:34,795 - {'epoch': 2, 'rec_loss': '8.4929'}
2025-06-13 21:16:39,520 - {'Epoch': 2, 'HR@5': '0.0046', 'NDCG@5': '0.0028', 'HR@10': '0.0084', 'NDCG@10': '0.0040', 'HR@20': '0.0156', 'NDCG@20': '0.0058'}
2025-06-13 21:16:39,520 - Validation score increased.  Saving model ...
2025-06-13 21:16:51,506 - {'epoch': 3, 'rec_loss': '8.3411'}
2025-06-13 21:16:56,117 - {'Epoch': 3, 'HR@5': '0.0055', 'NDCG@5': '0.0034', 'HR@10': '0.0100', 'NDCG@10': '0.0048', 'HR@20': '0.0186', 'NDCG@20': '0.0070'}
2025-06-13 21:16:56,120 - Validation score increased.  Saving model ...
2025-06-13 21:17:08,189 - {'epoch': 4, 'rec_loss': '8.1516'}
2025-06-13 21:17:12,788 - {'Epoch': 4, 'HR@5': '0.0094', 'NDCG@5': '0.0055', 'HR@10': '0.0169', 'NDCG@10': '0.0079', 'HR@20': '0.0302', 'NDCG@20': '0.0112'}
2025-06-13 21:17:12,789 - Validation score increased.  Saving model ...
2025-06-13 21:17:24,778 - {'epoch': 5, 'rec_loss': '7.9629'}
2025-06-13 21:17:29,454 - {'Epoch': 5, 'HR@5': '0.0130', 'NDCG@5': '0.0079', 'HR@10': '0.0231', 'NDCG@10': '0.0112', 'HR@20': '0.0414', 'NDCG@20': '0.0158'}
2025-06-13 21:17:29,458 - Validation score increased.  Saving model ...
2025-06-13 21:17:41,392 - {'epoch': 6, 'rec_loss': '7.7976'}
2025-06-13 21:17:45,978 - {'Epoch': 6, 'HR@5': '0.0176', 'NDCG@5': '0.0107', 'HR@10': '0.0325', 'NDCG@10': '0.0155', 'HR@20': '0.0537', 'NDCG@20': '0.0208'}
2025-06-13 21:17:45,980 - Validation score increased.  Saving model ...
2025-06-13 21:17:57,990 - {'epoch': 7, 'rec_loss': '7.6516'}
2025-06-13 21:18:02,435 - {'Epoch': 7, 'HR@5': '0.0206', 'NDCG@5': '0.0123', 'HR@10': '0.0382', 'NDCG@10': '0.0179', 'HR@20': '0.0630', 'NDCG@20': '0.0242'}
2025-06-13 21:18:02,436 - Validation score increased.  Saving model ...
2025-06-13 21:18:14,397 - {'epoch': 8, 'rec_loss': '7.5162'}
2025-06-13 21:18:18,885 - {'Epoch': 8, 'HR@5': '0.0269', 'NDCG@5': '0.0170', 'HR@10': '0.0434', 'NDCG@10': '0.0223', 'HR@20': '0.0738', 'NDCG@20': '0.0299'}
2025-06-13 21:18:18,886 - Validation score increased.  Saving model ...
2025-06-13 21:18:30,923 - {'epoch': 9, 'rec_loss': '7.3952'}
2025-06-13 21:18:35,490 - {'Epoch': 9, 'HR@5': '0.0293', 'NDCG@5': '0.0177', 'HR@10': '0.0512', 'NDCG@10': '0.0246', 'HR@20': '0.0822', 'NDCG@20': '0.0324'}
2025-06-13 21:18:35,491 - Validation score increased.  Saving model ...
2025-06-13 21:18:47,454 - {'epoch': 10, 'rec_loss': '7.2903'}
2025-06-13 21:18:52,017 - {'Epoch': 10, 'HR@5': '0.0322', 'NDCG@5': '0.0204', 'HR@10': '0.0549', 'NDCG@10': '0.0277', 'HR@20': '0.0958', 'NDCG@20': '0.0380'}
2025-06-13 21:18:52,018 - Validation score increased.  Saving model ...
2025-06-13 21:19:04,032 - {'epoch': 11, 'rec_loss': '7.1840'}
2025-06-13 21:19:08,561 - {'Epoch': 11, 'HR@5': '0.0348', 'NDCG@5': '0.0220', 'HR@10': '0.0633', 'NDCG@10': '0.0311', 'HR@20': '0.1018', 'NDCG@20': '0.0407'}
2025-06-13 21:19:08,562 - Validation score increased.  Saving model ...
2025-06-13 21:19:20,589 - {'epoch': 12, 'rec_loss': '7.0807'}
2025-06-13 21:19:25,135 - {'Epoch': 12, 'HR@5': '0.0422', 'NDCG@5': '0.0264', 'HR@10': '0.0697', 'NDCG@10': '0.0352', 'HR@20': '0.1127', 'NDCG@20': '0.0460'}
2025-06-13 21:19:25,136 - Validation score increased.  Saving model ...
2025-06-13 21:19:37,107 - {'epoch': 13, 'rec_loss': '6.9733'}
2025-06-13 21:19:41,665 - {'Epoch': 13, 'HR@5': '0.0488', 'NDCG@5': '0.0306', 'HR@10': '0.0787', 'NDCG@10': '0.0402', 'HR@20': '0.1279', 'NDCG@20': '0.0525'}
2025-06-13 21:19:41,667 - Validation score increased.  Saving model ...
2025-06-13 21:19:53,691 - {'epoch': 14, 'rec_loss': '6.8773'}
2025-06-13 21:19:58,368 - {'Epoch': 14, 'HR@5': '0.0535', 'NDCG@5': '0.0337', 'HR@10': '0.0869', 'NDCG@10': '0.0444', 'HR@20': '0.1399', 'NDCG@20': '0.0577'}
2025-06-13 21:19:58,370 - Validation score increased.  Saving model ...
2025-06-13 21:20:10,340 - {'epoch': 15, 'rec_loss': '6.7862'}
2025-06-13 21:20:14,949 - {'Epoch': 15, 'HR@5': '0.0576', 'NDCG@5': '0.0370', 'HR@10': '0.0916', 'NDCG@10': '0.0478', 'HR@20': '0.1507', 'NDCG@20': '0.0628'}
2025-06-13 21:20:14,949 - Validation score increased.  Saving model ...
2025-06-13 21:20:26,848 - {'epoch': 16, 'rec_loss': '6.7073'}
2025-06-13 21:20:31,448 - {'Epoch': 16, 'HR@5': '0.0620', 'NDCG@5': '0.0387', 'HR@10': '0.1001', 'NDCG@10': '0.0509', 'HR@20': '0.1592', 'NDCG@20': '0.0658'}
2025-06-13 21:20:31,449 - Validation score increased.  Saving model ...
2025-06-13 21:20:43,327 - {'epoch': 17, 'rec_loss': '6.6275'}
2025-06-13 21:20:47,988 - {'Epoch': 17, 'HR@5': '0.0657', 'NDCG@5': '0.0414', 'HR@10': '0.1078', 'NDCG@10': '0.0549', 'HR@20': '0.1739', 'NDCG@20': '0.0715'}
2025-06-13 21:20:47,989 - Validation score increased.  Saving model ...
2025-06-13 21:20:59,903 - {'epoch': 18, 'rec_loss': '6.5643'}
2025-06-13 21:21:04,491 - {'Epoch': 18, 'HR@5': '0.0687', 'NDCG@5': '0.0438', 'HR@10': '0.1165', 'NDCG@10': '0.0591', 'HR@20': '0.1804', 'NDCG@20': '0.0751'}
2025-06-13 21:21:04,494 - Validation score increased.  Saving model ...
2025-06-13 21:21:16,494 - {'epoch': 19, 'rec_loss': '6.5050'}
2025-06-13 21:21:21,063 - {'Epoch': 19, 'HR@5': '0.0728', 'NDCG@5': '0.0465', 'HR@10': '0.1200', 'NDCG@10': '0.0618', 'HR@20': '0.1886', 'NDCG@20': '0.0790'}
2025-06-13 21:21:21,065 - Validation score increased.  Saving model ...
2025-06-13 21:21:32,960 - {'epoch': 20, 'rec_loss': '6.4469'}
2025-06-13 21:21:37,552 - {'Epoch': 20, 'HR@5': '0.0764', 'NDCG@5': '0.0483', 'HR@10': '0.1279', 'NDCG@10': '0.0648', 'HR@20': '0.1971', 'NDCG@20': '0.0822'}
2025-06-13 21:21:37,553 - Validation score increased.  Saving model ...
2025-06-13 21:21:49,378 - {'epoch': 21, 'rec_loss': '6.3913'}
2025-06-13 21:21:54,015 - {'Epoch': 21, 'HR@5': '0.0813', 'NDCG@5': '0.0505', 'HR@10': '0.1274', 'NDCG@10': '0.0653', 'HR@20': '0.2008', 'NDCG@20': '0.0838'}
2025-06-13 21:21:54,016 - Validation score increased.  Saving model ...
2025-06-13 21:22:05,960 - {'epoch': 22, 'rec_loss': '6.3412'}
2025-06-13 21:22:10,618 - {'Epoch': 22, 'HR@5': '0.0813', 'NDCG@5': '0.0521', 'HR@10': '0.1356', 'NDCG@10': '0.0694', 'HR@20': '0.2107', 'NDCG@20': '0.0883'}
2025-06-13 21:22:10,620 - Validation score increased.  Saving model ...
2025-06-13 21:22:22,483 - {'epoch': 23, 'rec_loss': '6.2914'}
2025-06-13 21:22:27,014 - {'Epoch': 23, 'HR@5': '0.0847', 'NDCG@5': '0.0540', 'HR@10': '0.1387', 'NDCG@10': '0.0713', 'HR@20': '0.2168', 'NDCG@20': '0.0910'}
2025-06-13 21:22:27,015 - Validation score increased.  Saving model ...
2025-06-13 21:22:38,973 - {'epoch': 24, 'rec_loss': '6.2405'}
2025-06-13 21:22:43,575 - {'Epoch': 24, 'HR@5': '0.0888', 'NDCG@5': '0.0562', 'HR@10': '0.1432', 'NDCG@10': '0.0738', 'HR@20': '0.2206', 'NDCG@20': '0.0933'}
2025-06-13 21:22:43,580 - Validation score increased.  Saving model ...
2025-06-13 21:22:55,508 - {'epoch': 25, 'rec_loss': '6.2014'}
2025-06-13 21:23:00,105 - {'Epoch': 25, 'HR@5': '0.0881', 'NDCG@5': '0.0563', 'HR@10': '0.1463', 'NDCG@10': '0.0749', 'HR@20': '0.2269', 'NDCG@20': '0.0953'}
2025-06-13 21:23:00,106 - Validation score increased.  Saving model ...
2025-06-13 21:23:11,980 - {'epoch': 26, 'rec_loss': '6.1561'}
2025-06-13 21:23:16,638 - {'Epoch': 26, 'HR@5': '0.0927', 'NDCG@5': '0.0593', 'HR@10': '0.1494', 'NDCG@10': '0.0775', 'HR@20': '0.2317', 'NDCG@20': '0.0982'}
2025-06-13 21:23:16,644 - Validation score increased.  Saving model ...
2025-06-13 21:23:28,538 - {'epoch': 27, 'rec_loss': '6.1097'}
2025-06-13 21:23:33,177 - {'Epoch': 27, 'HR@5': '0.0948', 'NDCG@5': '0.0600', 'HR@10': '0.1563', 'NDCG@10': '0.0797', 'HR@20': '0.2406', 'NDCG@20': '0.1009'}
2025-06-13 21:23:33,179 - Validation score increased.  Saving model ...
2025-06-13 21:23:45,162 - {'epoch': 28, 'rec_loss': '6.0749'}
2025-06-13 21:23:49,742 - {'Epoch': 28, 'HR@5': '0.0978', 'NDCG@5': '0.0616', 'HR@10': '0.1592', 'NDCG@10': '0.0813', 'HR@20': '0.2470', 'NDCG@20': '0.1034'}
2025-06-13 21:23:49,744 - Validation score increased.  Saving model ...
2025-06-13 21:24:01,677 - {'epoch': 29, 'rec_loss': '6.0380'}
2025-06-13 21:24:06,273 - {'Epoch': 29, 'HR@5': '0.1025', 'NDCG@5': '0.0647', 'HR@10': '0.1663', 'NDCG@10': '0.0852', 'HR@20': '0.2546', 'NDCG@20': '0.1074'}
2025-06-13 21:24:06,274 - Validation score increased.  Saving model ...
2025-06-13 21:24:18,171 - {'epoch': 30, 'rec_loss': '5.9925'}
2025-06-13 21:24:22,715 - {'Epoch': 30, 'HR@5': '0.1049', 'NDCG@5': '0.0661', 'HR@10': '0.1685', 'NDCG@10': '0.0866', 'HR@20': '0.2571', 'NDCG@20': '0.1089'}
2025-06-13 21:24:22,716 - Validation score increased.  Saving model ...
2025-06-13 21:24:34,659 - {'epoch': 31, 'rec_loss': '5.9659'}
2025-06-13 21:24:39,244 - {'Epoch': 31, 'HR@5': '0.1054', 'NDCG@5': '0.0671', 'HR@10': '0.1737', 'NDCG@10': '0.0890', 'HR@20': '0.2652', 'NDCG@20': '0.1120'}
2025-06-13 21:24:39,249 - Validation score increased.  Saving model ...
2025-06-13 21:24:51,281 - {'epoch': 32, 'rec_loss': '5.9263'}
2025-06-13 21:24:55,833 - {'Epoch': 32, 'HR@5': '0.1072', 'NDCG@5': '0.0690', 'HR@10': '0.1743', 'NDCG@10': '0.0907', 'HR@20': '0.2659', 'NDCG@20': '0.1138'}
2025-06-13 21:24:55,835 - Validation score increased.  Saving model ...
2025-06-13 21:25:07,885 - {'epoch': 33, 'rec_loss': '5.8821'}
2025-06-13 21:25:12,487 - {'Epoch': 33, 'HR@5': '0.1105', 'NDCG@5': '0.0704', 'HR@10': '0.1768', 'NDCG@10': '0.0917', 'HR@20': '0.2704', 'NDCG@20': '0.1153'}
2025-06-13 21:25:12,490 - Validation score increased.  Saving model ...
2025-06-13 21:25:24,518 - {'epoch': 34, 'rec_loss': '5.8507'}
2025-06-13 21:25:29,078 - {'Epoch': 34, 'HR@5': '0.1147', 'NDCG@5': '0.0731', 'HR@10': '0.1840', 'NDCG@10': '0.0954', 'HR@20': '0.2770', 'NDCG@20': '0.1188'}
2025-06-13 21:25:29,080 - Validation score increased.  Saving model ...
2025-06-13 21:25:41,095 - {'epoch': 35, 'rec_loss': '5.8314'}
2025-06-13 21:25:45,728 - {'Epoch': 35, 'HR@5': '0.1144', 'NDCG@5': '0.0728', 'HR@10': '0.1868', 'NDCG@10': '0.0962', 'HR@20': '0.2822', 'NDCG@20': '0.1202'}
2025-06-13 21:25:45,729 - Validation score increased.  Saving model ...
2025-06-13 21:25:57,685 - {'epoch': 36, 'rec_loss': '5.7944'}
2025-06-13 21:26:02,253 - {'Epoch': 36, 'HR@5': '0.1133', 'NDCG@5': '0.0728', 'HR@10': '0.1872', 'NDCG@10': '0.0967', 'HR@20': '0.2824', 'NDCG@20': '0.1206'}
2025-06-13 21:26:02,254 - Validation score increased.  Saving model ...
2025-06-13 21:26:14,238 - {'epoch': 37, 'rec_loss': '5.7676'}
2025-06-13 21:26:18,831 - {'Epoch': 37, 'HR@5': '0.1165', 'NDCG@5': '0.0746', 'HR@10': '0.1868', 'NDCG@10': '0.0972', 'HR@20': '0.2845', 'NDCG@20': '0.1220'}
2025-06-13 21:26:18,835 - Validation score increased.  Saving model ...
2025-06-13 21:26:30,766 - {'epoch': 38, 'rec_loss': '5.7454'}
2025-06-13 21:26:35,346 - {'Epoch': 38, 'HR@5': '0.1206', 'NDCG@5': '0.0774', 'HR@10': '0.1921', 'NDCG@10': '0.1003', 'HR@20': '0.2903', 'NDCG@20': '0.1251'}
2025-06-13 21:26:35,348 - Validation score increased.  Saving model ...
2025-06-13 21:26:47,323 - {'epoch': 39, 'rec_loss': '5.7222'}
2025-06-13 21:26:51,850 - {'Epoch': 39, 'HR@5': '0.1215', 'NDCG@5': '0.0777', 'HR@10': '0.1960', 'NDCG@10': '0.1018', 'HR@20': '0.2957', 'NDCG@20': '0.1269'}
2025-06-13 21:26:51,850 - Validation score increased.  Saving model ...
2025-06-13 21:27:03,879 - {'epoch': 40, 'rec_loss': '5.6912'}
2025-06-13 21:27:08,537 - {'Epoch': 40, 'HR@5': '0.1235', 'NDCG@5': '0.0791', 'HR@10': '0.2000', 'NDCG@10': '0.1038', 'HR@20': '0.2951', 'NDCG@20': '0.1277'}
2025-06-13 21:27:08,540 - Validation score increased.  Saving model ...
2025-06-13 21:27:20,567 - {'epoch': 41, 'rec_loss': '5.6738'}
2025-06-13 21:27:25,148 - {'Epoch': 41, 'HR@5': '0.1251', 'NDCG@5': '0.0798', 'HR@10': '0.2004', 'NDCG@10': '0.1040', 'HR@20': '0.2976', 'NDCG@20': '0.1286'}
2025-06-13 21:27:25,149 - Validation score increased.  Saving model ...
2025-06-13 21:27:37,069 - {'epoch': 42, 'rec_loss': '5.6516'}
2025-06-13 21:27:41,655 - {'Epoch': 42, 'HR@5': '0.1253', 'NDCG@5': '0.0803', 'HR@10': '0.2026', 'NDCG@10': '0.1051', 'HR@20': '0.3015', 'NDCG@20': '0.1301'}
2025-06-13 21:27:41,658 - Validation score increased.  Saving model ...
2025-06-13 21:27:53,626 - {'epoch': 43, 'rec_loss': '5.6280'}
2025-06-13 21:27:58,158 - {'Epoch': 43, 'HR@5': '0.1289', 'NDCG@5': '0.0830', 'HR@10': '0.2056', 'NDCG@10': '0.1076', 'HR@20': '0.3015', 'NDCG@20': '0.1318'}
2025-06-13 21:27:58,159 - Validation score increased.  Saving model ...
2025-06-13 21:28:10,119 - {'epoch': 44, 'rec_loss': '5.6093'}
2025-06-13 21:28:14,619 - {'Epoch': 44, 'HR@5': '0.1306', 'NDCG@5': '0.0831', 'HR@10': '0.2043', 'NDCG@10': '0.1068', 'HR@20': '0.3021', 'NDCG@20': '0.1316'}
2025-06-13 21:28:14,621 - EarlyStopping counter: 1 out of 10
2025-06-13 21:28:26,649 - {'epoch': 45, 'rec_loss': '5.6031'}
2025-06-13 21:28:31,244 - {'Epoch': 45, 'HR@5': '0.1322', 'NDCG@5': '0.0848', 'HR@10': '0.2068', 'NDCG@10': '0.1088', 'HR@20': '0.3018', 'NDCG@20': '0.1327'}
2025-06-13 21:28:31,245 - Validation score increased.  Saving model ...
2025-06-13 21:28:43,403 - {'epoch': 46, 'rec_loss': '5.5761'}
2025-06-13 21:28:48,014 - {'Epoch': 46, 'HR@5': '0.1344', 'NDCG@5': '0.0858', 'HR@10': '0.2064', 'NDCG@10': '0.1090', 'HR@20': '0.3069', 'NDCG@20': '0.1344'}
2025-06-13 21:28:48,017 - Validation score increased.  Saving model ...
2025-06-13 21:29:00,082 - {'epoch': 47, 'rec_loss': '5.5622'}
2025-06-13 21:29:04,635 - {'Epoch': 47, 'HR@5': '0.1312', 'NDCG@5': '0.0838', 'HR@10': '0.2084', 'NDCG@10': '0.1087', 'HR@20': '0.3072', 'NDCG@20': '0.1336'}
2025-06-13 21:29:04,636 - EarlyStopping counter: 1 out of 10
2025-06-13 21:29:16,586 - {'epoch': 48, 'rec_loss': '5.5428'}
2025-06-13 21:29:21,165 - {'Epoch': 48, 'HR@5': '0.1333', 'NDCG@5': '0.0858', 'HR@10': '0.2107', 'NDCG@10': '0.1107', 'HR@20': '0.3081', 'NDCG@20': '0.1353'}
2025-06-13 21:29:21,166 - Validation score increased.  Saving model ...
2025-06-13 21:29:33,166 - {'epoch': 49, 'rec_loss': '5.5285'}
2025-06-13 21:29:37,807 - {'Epoch': 49, 'HR@5': '0.1343', 'NDCG@5': '0.0852', 'HR@10': '0.2095', 'NDCG@10': '0.1094', 'HR@20': '0.3105', 'NDCG@20': '0.1349'}
2025-06-13 21:29:37,808 - EarlyStopping counter: 1 out of 10
2025-06-13 21:29:49,749 - {'epoch': 50, 'rec_loss': '5.5120'}
2025-06-13 21:29:54,349 - {'Epoch': 50, 'HR@5': '0.1337', 'NDCG@5': '0.0856', 'HR@10': '0.2103', 'NDCG@10': '0.1103', 'HR@20': '0.3098', 'NDCG@20': '0.1354'}
2025-06-13 21:29:54,350 - Validation score increased.  Saving model ...
2025-06-13 21:30:06,362 - {'epoch': 51, 'rec_loss': '5.4990'}
2025-06-13 21:30:10,939 - {'Epoch': 51, 'HR@5': '0.1364', 'NDCG@5': '0.0882', 'HR@10': '0.2126', 'NDCG@10': '0.1127', 'HR@20': '0.3115', 'NDCG@20': '0.1376'}
2025-06-13 21:30:10,943 - Validation score increased.  Saving model ...
2025-06-13 21:30:22,954 - {'epoch': 52, 'rec_loss': '5.4933'}
2025-06-13 21:30:27,568 - {'Epoch': 52, 'HR@5': '0.1372', 'NDCG@5': '0.0885', 'HR@10': '0.2155', 'NDCG@10': '0.1137', 'HR@20': '0.3132', 'NDCG@20': '0.1385'}
2025-06-13 21:30:27,571 - Validation score increased.  Saving model ...
2025-06-13 21:30:39,548 - {'epoch': 53, 'rec_loss': '5.4851'}
2025-06-13 21:30:44,149 - {'Epoch': 53, 'HR@5': '0.1363', 'NDCG@5': '0.0887', 'HR@10': '0.2187', 'NDCG@10': '0.1153', 'HR@20': '0.3163', 'NDCG@20': '0.1399'}
2025-06-13 21:30:44,150 - Validation score increased.  Saving model ...
2025-06-13 21:30:56,212 - {'epoch': 54, 'rec_loss': '5.4716'}
2025-06-13 21:31:00,877 - {'Epoch': 54, 'HR@5': '0.1380', 'NDCG@5': '0.0892', 'HR@10': '0.2176', 'NDCG@10': '0.1147', 'HR@20': '0.3163', 'NDCG@20': '0.1396'}
2025-06-13 21:31:00,880 - EarlyStopping counter: 1 out of 10
2025-06-13 21:31:12,846 - {'epoch': 55, 'rec_loss': '5.4561'}
2025-06-13 21:31:17,447 - {'Epoch': 55, 'HR@5': '0.1391', 'NDCG@5': '0.0910', 'HR@10': '0.2170', 'NDCG@10': '0.1161', 'HR@20': '0.3184', 'NDCG@20': '0.1417'}
2025-06-13 21:31:17,448 - Validation score increased.  Saving model ...
2025-06-13 21:31:29,455 - {'epoch': 56, 'rec_loss': '5.4488'}
2025-06-13 21:31:34,068 - {'Epoch': 56, 'HR@5': '0.1419', 'NDCG@5': '0.0919', 'HR@10': '0.2181', 'NDCG@10': '0.1164', 'HR@20': '0.3173', 'NDCG@20': '0.1415'}
2025-06-13 21:31:34,071 - EarlyStopping counter: 1 out of 10
2025-06-13 21:31:46,134 - {'epoch': 57, 'rec_loss': '5.4297'}
2025-06-13 21:31:50,673 - {'Epoch': 57, 'HR@5': '0.1416', 'NDCG@5': '0.0913', 'HR@10': '0.2185', 'NDCG@10': '0.1162', 'HR@20': '0.3178', 'NDCG@20': '0.1413'}
2025-06-13 21:31:50,674 - EarlyStopping counter: 2 out of 10
2025-06-13 21:32:02,674 - {'epoch': 58, 'rec_loss': '5.4276'}
2025-06-13 21:32:07,305 - {'Epoch': 58, 'HR@5': '0.1405', 'NDCG@5': '0.0908', 'HR@10': '0.2211', 'NDCG@10': '0.1167', 'HR@20': '0.3189', 'NDCG@20': '0.1414'}
2025-06-13 21:32:07,306 - EarlyStopping counter: 3 out of 10
2025-06-13 21:32:19,401 - {'epoch': 59, 'rec_loss': '5.4156'}
2025-06-13 21:32:24,002 - {'Epoch': 59, 'HR@5': '0.1415', 'NDCG@5': '0.0902', 'HR@10': '0.2203', 'NDCG@10': '0.1155', 'HR@20': '0.3205', 'NDCG@20': '0.1408'}
2025-06-13 21:32:24,004 - EarlyStopping counter: 4 out of 10
2025-06-13 21:32:35,984 - {'epoch': 60, 'rec_loss': '5.3984'}
2025-06-13 21:32:40,574 - {'Epoch': 60, 'HR@5': '0.1398', 'NDCG@5': '0.0897', 'HR@10': '0.2225', 'NDCG@10': '0.1162', 'HR@20': '0.3191', 'NDCG@20': '0.1407'}
2025-06-13 21:32:40,575 - EarlyStopping counter: 5 out of 10
2025-06-13 21:32:52,612 - {'epoch': 61, 'rec_loss': '5.3943'}
2025-06-13 21:32:57,231 - {'Epoch': 61, 'HR@5': '0.1406', 'NDCG@5': '0.0906', 'HR@10': '0.2212', 'NDCG@10': '0.1166', 'HR@20': '0.3217', 'NDCG@20': '0.1420'}
2025-06-13 21:32:57,232 - Validation score increased.  Saving model ...
2025-06-13 21:33:09,125 - {'epoch': 62, 'rec_loss': '5.3742'}
2025-06-13 21:33:13,656 - {'Epoch': 62, 'HR@5': '0.1438', 'NDCG@5': '0.0923', 'HR@10': '0.2255', 'NDCG@10': '0.1185', 'HR@20': '0.3239', 'NDCG@20': '0.1434'}
2025-06-13 21:33:13,658 - Validation score increased.  Saving model ...
2025-06-13 21:33:25,563 - {'epoch': 63, 'rec_loss': '5.3777'}
2025-06-13 21:33:30,062 - {'Epoch': 63, 'HR@5': '0.1420', 'NDCG@5': '0.0919', 'HR@10': '0.2259', 'NDCG@10': '0.1188', 'HR@20': '0.3222', 'NDCG@20': '0.1431'}
2025-06-13 21:33:30,062 - EarlyStopping counter: 1 out of 10
2025-06-13 21:33:41,967 - {'epoch': 64, 'rec_loss': '5.3616'}
2025-06-13 21:33:46,625 - {'Epoch': 64, 'HR@5': '0.1445', 'NDCG@5': '0.0928', 'HR@10': '0.2245', 'NDCG@10': '0.1186', 'HR@20': '0.3233', 'NDCG@20': '0.1436'}
2025-06-13 21:33:46,627 - Validation score increased.  Saving model ...
2025-06-13 21:33:58,674 - {'epoch': 65, 'rec_loss': '5.3611'}
2025-06-13 21:34:03,205 - {'Epoch': 65, 'HR@5': '0.1440', 'NDCG@5': '0.0936', 'HR@10': '0.2240', 'NDCG@10': '0.1193', 'HR@20': '0.3240', 'NDCG@20': '0.1445'}
2025-06-13 21:34:03,205 - Validation score increased.  Saving model ...
2025-06-13 21:34:15,202 - {'epoch': 66, 'rec_loss': '5.3461'}
2025-06-13 21:34:19,838 - {'Epoch': 66, 'HR@5': '0.1449', 'NDCG@5': '0.0930', 'HR@10': '0.2271', 'NDCG@10': '0.1195', 'HR@20': '0.3251', 'NDCG@20': '0.1442'}
2025-06-13 21:34:19,840 - EarlyStopping counter: 1 out of 10
2025-06-13 21:34:31,825 - {'epoch': 67, 'rec_loss': '5.3388'}
2025-06-13 21:34:36,389 - {'Epoch': 67, 'HR@5': '0.1449', 'NDCG@5': '0.0934', 'HR@10': '0.2264', 'NDCG@10': '0.1196', 'HR@20': '0.3232', 'NDCG@20': '0.1440'}
2025-06-13 21:34:36,391 - EarlyStopping counter: 2 out of 10
2025-06-13 21:34:48,382 - {'epoch': 68, 'rec_loss': '5.3331'}
2025-06-13 21:34:52,883 - {'Epoch': 68, 'HR@5': '0.1468', 'NDCG@5': '0.0934', 'HR@10': '0.2267', 'NDCG@10': '0.1190', 'HR@20': '0.3255', 'NDCG@20': '0.1440'}
2025-06-13 21:34:52,885 - EarlyStopping counter: 3 out of 10
2025-06-13 21:35:04,876 - {'epoch': 69, 'rec_loss': '5.3153'}
2025-06-13 21:35:09,494 - {'Epoch': 69, 'HR@5': '0.1455', 'NDCG@5': '0.0941', 'HR@10': '0.2284', 'NDCG@10': '0.1207', 'HR@20': '0.3257', 'NDCG@20': '0.1453'}
2025-06-13 21:35:09,497 - Validation score increased.  Saving model ...
2025-06-13 21:35:21,459 - {'epoch': 70, 'rec_loss': '5.3129'}
2025-06-13 21:35:26,027 - {'Epoch': 70, 'HR@5': '0.1455', 'NDCG@5': '0.0941', 'HR@10': '0.2246', 'NDCG@10': '0.1196', 'HR@20': '0.3245', 'NDCG@20': '0.1449'}
2025-06-13 21:35:26,030 - EarlyStopping counter: 1 out of 10
2025-06-13 21:35:37,926 - {'epoch': 71, 'rec_loss': '5.3078'}
2025-06-13 21:35:42,528 - {'Epoch': 71, 'HR@5': '0.1456', 'NDCG@5': '0.0939', 'HR@10': '0.2276', 'NDCG@10': '0.1203', 'HR@20': '0.3273', 'NDCG@20': '0.1455'}
2025-06-13 21:35:42,530 - Validation score increased.  Saving model ...
2025-06-13 21:35:54,462 - {'epoch': 72, 'rec_loss': '5.3032'}
2025-06-13 21:35:59,021 - {'Epoch': 72, 'HR@5': '0.1494', 'NDCG@5': '0.0964', 'HR@10': '0.2288', 'NDCG@10': '0.1220', 'HR@20': '0.3266', 'NDCG@20': '0.1467'}
2025-06-13 21:35:59,023 - Validation score increased.  Saving model ...
2025-06-13 21:36:10,890 - {'epoch': 73, 'rec_loss': '5.2880'}
2025-06-13 21:36:15,558 - {'Epoch': 73, 'HR@5': '0.1476', 'NDCG@5': '0.0946', 'HR@10': '0.2296', 'NDCG@10': '0.1210', 'HR@20': '0.3251', 'NDCG@20': '0.1452'}
2025-06-13 21:36:15,559 - EarlyStopping counter: 1 out of 10
2025-06-13 21:36:27,470 - {'epoch': 74, 'rec_loss': '5.2832'}
2025-06-13 21:36:32,088 - {'Epoch': 74, 'HR@5': '0.1473', 'NDCG@5': '0.0949', 'HR@10': '0.2309', 'NDCG@10': '0.1217', 'HR@20': '0.3298', 'NDCG@20': '0.1466'}
2025-06-13 21:36:32,088 - EarlyStopping counter: 2 out of 10
2025-06-13 21:36:44,033 - {'epoch': 75, 'rec_loss': '5.2881'}
2025-06-13 21:36:48,653 - {'Epoch': 75, 'HR@5': '0.1466', 'NDCG@5': '0.0946', 'HR@10': '0.2277', 'NDCG@10': '0.1206', 'HR@20': '0.3274', 'NDCG@20': '0.1458'}
2025-06-13 21:36:48,655 - EarlyStopping counter: 3 out of 10
2025-06-13 21:37:00,534 - {'epoch': 76, 'rec_loss': '5.2706'}
2025-06-13 21:37:05,094 - {'Epoch': 76, 'HR@5': '0.1477', 'NDCG@5': '0.0960', 'HR@10': '0.2293', 'NDCG@10': '0.1224', 'HR@20': '0.3286', 'NDCG@20': '0.1474'}
2025-06-13 21:37:05,094 - Validation score increased.  Saving model ...
2025-06-13 21:37:17,042 - {'epoch': 77, 'rec_loss': '5.2671'}
2025-06-13 21:37:21,690 - {'Epoch': 77, 'HR@5': '0.1478', 'NDCG@5': '0.0958', 'HR@10': '0.2314', 'NDCG@10': '0.1227', 'HR@20': '0.3286', 'NDCG@20': '0.1472'}
2025-06-13 21:37:21,695 - EarlyStopping counter: 1 out of 10
2025-06-13 21:37:33,576 - {'epoch': 78, 'rec_loss': '5.2602'}
2025-06-13 21:37:38,097 - {'Epoch': 78, 'HR@5': '0.1465', 'NDCG@5': '0.0949', 'HR@10': '0.2293', 'NDCG@10': '0.1216', 'HR@20': '0.3274', 'NDCG@20': '0.1464'}
2025-06-13 21:37:38,098 - EarlyStopping counter: 2 out of 10
2025-06-13 21:37:50,046 - {'epoch': 79, 'rec_loss': '5.2486'}
2025-06-13 21:37:54,630 - {'Epoch': 79, 'HR@5': '0.1472', 'NDCG@5': '0.0952', 'HR@10': '0.2313', 'NDCG@10': '0.1222', 'HR@20': '0.3286', 'NDCG@20': '0.1468'}
2025-06-13 21:37:54,632 - EarlyStopping counter: 3 out of 10
2025-06-13 21:38:06,570 - {'epoch': 80, 'rec_loss': '5.2469'}
2025-06-13 21:38:11,154 - {'Epoch': 80, 'HR@5': '0.1496', 'NDCG@5': '0.0961', 'HR@10': '0.2340', 'NDCG@10': '0.1232', 'HR@20': '0.3295', 'NDCG@20': '0.1474'}
2025-06-13 21:38:11,155 - Validation score increased.  Saving model ...
2025-06-13 21:38:23,161 - {'epoch': 81, 'rec_loss': '5.2454'}
2025-06-13 21:38:27,740 - {'Epoch': 81, 'HR@5': '0.1478', 'NDCG@5': '0.0959', 'HR@10': '0.2322', 'NDCG@10': '0.1230', 'HR@20': '0.3277', 'NDCG@20': '0.1472'}
2025-06-13 21:38:27,741 - EarlyStopping counter: 1 out of 10
2025-06-13 21:38:39,650 - {'epoch': 82, 'rec_loss': '5.2364'}
2025-06-13 21:38:44,187 - {'Epoch': 82, 'HR@5': '0.1503', 'NDCG@5': '0.0972', 'HR@10': '0.2294', 'NDCG@10': '0.1226', 'HR@20': '0.3281', 'NDCG@20': '0.1476'}
2025-06-13 21:38:44,191 - Validation score increased.  Saving model ...
2025-06-13 21:38:56,073 - {'epoch': 83, 'rec_loss': '5.2328'}
2025-06-13 21:39:00,604 - {'Epoch': 83, 'HR@5': '0.1498', 'NDCG@5': '0.0976', 'HR@10': '0.2305', 'NDCG@10': '0.1237', 'HR@20': '0.3269', 'NDCG@20': '0.1480'}
2025-06-13 21:39:00,605 - Validation score increased.  Saving model ...
2025-06-13 21:39:12,581 - {'epoch': 84, 'rec_loss': '5.2253'}
2025-06-13 21:39:17,207 - {'Epoch': 84, 'HR@5': '0.1490', 'NDCG@5': '0.0964', 'HR@10': '0.2300', 'NDCG@10': '0.1224', 'HR@20': '0.3280', 'NDCG@20': '0.1472'}
2025-06-13 21:39:17,208 - EarlyStopping counter: 1 out of 10
2025-06-13 21:39:29,155 - {'epoch': 85, 'rec_loss': '5.2192'}
2025-06-13 21:39:33,727 - {'Epoch': 85, 'HR@5': '0.1501', 'NDCG@5': '0.0972', 'HR@10': '0.2323', 'NDCG@10': '0.1237', 'HR@20': '0.3294', 'NDCG@20': '0.1482'}
2025-06-13 21:39:33,728 - Validation score increased.  Saving model ...
2025-06-13 21:39:45,685 - {'epoch': 86, 'rec_loss': '5.2142'}
2025-06-13 21:39:50,193 - {'Epoch': 86, 'HR@5': '0.1499', 'NDCG@5': '0.0971', 'HR@10': '0.2325', 'NDCG@10': '0.1237', 'HR@20': '0.3296', 'NDCG@20': '0.1482'}
2025-06-13 21:39:50,195 - Validation score increased.  Saving model ...
2025-06-13 21:40:02,123 - {'epoch': 87, 'rec_loss': '5.2139'}
2025-06-13 21:40:06,758 - {'Epoch': 87, 'HR@5': '0.1506', 'NDCG@5': '0.0973', 'HR@10': '0.2329', 'NDCG@10': '0.1238', 'HR@20': '0.3286', 'NDCG@20': '0.1480'}
2025-06-13 21:40:06,760 - EarlyStopping counter: 1 out of 10
2025-06-13 21:40:18,750 - {'epoch': 88, 'rec_loss': '5.2069'}
2025-06-13 21:40:23,223 - {'Epoch': 88, 'HR@5': '0.1506', 'NDCG@5': '0.0973', 'HR@10': '0.2326', 'NDCG@10': '0.1237', 'HR@20': '0.3272', 'NDCG@20': '0.1477'}
2025-06-13 21:40:23,223 - EarlyStopping counter: 2 out of 10
2025-06-13 21:40:35,153 - {'epoch': 89, 'rec_loss': '5.1929'}
2025-06-13 21:40:39,725 - {'Epoch': 89, 'HR@5': '0.1515', 'NDCG@5': '0.0993', 'HR@10': '0.2336', 'NDCG@10': '0.1258', 'HR@20': '0.3284', 'NDCG@20': '0.1498'}
2025-06-13 21:40:39,730 - Validation score increased.  Saving model ...
2025-06-13 21:40:51,704 - {'epoch': 90, 'rec_loss': '5.1931'}
2025-06-13 21:40:56,275 - {'Epoch': 90, 'HR@5': '0.1552', 'NDCG@5': '0.0995', 'HR@10': '0.2352', 'NDCG@10': '0.1252', 'HR@20': '0.3296', 'NDCG@20': '0.1490'}
2025-06-13 21:40:56,275 - EarlyStopping counter: 1 out of 10
2025-06-13 21:41:08,297 - {'epoch': 91, 'rec_loss': '5.1877'}
2025-06-13 21:41:12,865 - {'Epoch': 91, 'HR@5': '0.1509', 'NDCG@5': '0.0979', 'HR@10': '0.2315', 'NDCG@10': '0.1239', 'HR@20': '0.3303', 'NDCG@20': '0.1489'}
2025-06-13 21:41:12,868 - EarlyStopping counter: 2 out of 10
2025-06-13 21:41:24,827 - {'epoch': 92, 'rec_loss': '5.1847'}
2025-06-13 21:41:29,379 - {'Epoch': 92, 'HR@5': '0.1519', 'NDCG@5': '0.0981', 'HR@10': '0.2309', 'NDCG@10': '0.1235', 'HR@20': '0.3303', 'NDCG@20': '0.1487'}
2025-06-13 21:41:29,383 - EarlyStopping counter: 3 out of 10
2025-06-13 21:41:41,383 - {'epoch': 93, 'rec_loss': '5.1850'}
2025-06-13 21:41:45,971 - {'Epoch': 93, 'HR@5': '0.1527', 'NDCG@5': '0.0977', 'HR@10': '0.2344', 'NDCG@10': '0.1241', 'HR@20': '0.3322', 'NDCG@20': '0.1488'}
2025-06-13 21:41:45,973 - EarlyStopping counter: 4 out of 10
2025-06-13 21:41:57,986 - {'epoch': 94, 'rec_loss': '5.1751'}
2025-06-13 21:42:02,523 - {'Epoch': 94, 'HR@5': '0.1515', 'NDCG@5': '0.0981', 'HR@10': '0.2336', 'NDCG@10': '0.1246', 'HR@20': '0.3311', 'NDCG@20': '0.1492'}
2025-06-13 21:42:02,524 - EarlyStopping counter: 5 out of 10
2025-06-13 21:42:14,456 - {'epoch': 95, 'rec_loss': '5.1780'}
2025-06-13 21:42:19,003 - {'Epoch': 95, 'HR@5': '0.1513', 'NDCG@5': '0.0984', 'HR@10': '0.2342', 'NDCG@10': '0.1250', 'HR@20': '0.3305', 'NDCG@20': '0.1493'}
2025-06-13 21:42:19,004 - EarlyStopping counter: 6 out of 10
2025-06-13 21:42:30,878 - {'epoch': 96, 'rec_loss': '5.1680'}
2025-06-13 21:42:35,418 - {'Epoch': 96, 'HR@5': '0.1518', 'NDCG@5': '0.0989', 'HR@10': '0.2341', 'NDCG@10': '0.1255', 'HR@20': '0.3309', 'NDCG@20': '0.1499'}
2025-06-13 21:42:35,420 - Validation score increased.  Saving model ...
2025-06-13 21:42:47,496 - {'epoch': 97, 'rec_loss': '5.1649'}
2025-06-13 21:42:51,998 - {'Epoch': 97, 'HR@5': '0.1534', 'NDCG@5': '0.1000', 'HR@10': '0.2321', 'NDCG@10': '0.1254', 'HR@20': '0.3284', 'NDCG@20': '0.1498'}
2025-06-13 21:42:51,999 - EarlyStopping counter: 1 out of 10
2025-06-13 21:43:03,889 - {'epoch': 98, 'rec_loss': '5.1677'}
2025-06-13 21:43:08,408 - {'Epoch': 98, 'HR@5': '0.1546', 'NDCG@5': '0.0991', 'HR@10': '0.2352', 'NDCG@10': '0.1251', 'HR@20': '0.3330', 'NDCG@20': '0.1497'}
2025-06-13 21:43:08,413 - EarlyStopping counter: 2 out of 10
2025-06-13 21:43:20,453 - {'epoch': 99, 'rec_loss': '5.1553'}
2025-06-13 21:43:25,076 - {'Epoch': 99, 'HR@5': '0.1520', 'NDCG@5': '0.0983', 'HR@10': '0.2345', 'NDCG@10': '0.1248', 'HR@20': '0.3322', 'NDCG@20': '0.1495'}
2025-06-13 21:43:25,077 - EarlyStopping counter: 3 out of 10
2025-06-13 21:43:37,047 - {'epoch': 100, 'rec_loss': '5.1501'}
2025-06-13 21:43:41,575 - {'Epoch': 100, 'HR@5': '0.1533', 'NDCG@5': '0.0995', 'HR@10': '0.2365', 'NDCG@10': '0.1264', 'HR@20': '0.3306', 'NDCG@20': '0.1501'}
2025-06-13 21:43:41,578 - Validation score increased.  Saving model ...
2025-06-13 21:43:53,533 - {'epoch': 101, 'rec_loss': '5.1435'}
2025-06-13 21:43:58,049 - {'Epoch': 101, 'HR@5': '0.1538', 'NDCG@5': '0.0996', 'HR@10': '0.2355', 'NDCG@10': '0.1259', 'HR@20': '0.3317', 'NDCG@20': '0.1503'}
2025-06-13 21:43:58,049 - Validation score increased.  Saving model ...
2025-06-13 21:44:09,948 - {'epoch': 102, 'rec_loss': '5.1391'}
2025-06-13 21:44:14,515 - {'Epoch': 102, 'HR@5': '0.1542', 'NDCG@5': '0.1003', 'HR@10': '0.2350', 'NDCG@10': '0.1263', 'HR@20': '0.3319', 'NDCG@20': '0.1508'}
2025-06-13 21:44:14,517 - Validation score increased.  Saving model ...
2025-06-13 21:44:26,458 - {'epoch': 103, 'rec_loss': '5.1320'}
2025-06-13 21:44:31,030 - {'Epoch': 103, 'HR@5': '0.1528', 'NDCG@5': '0.0983', 'HR@10': '0.2321', 'NDCG@10': '0.1239', 'HR@20': '0.3325', 'NDCG@20': '0.1492'}
2025-06-13 21:44:31,033 - EarlyStopping counter: 1 out of 10
2025-06-13 21:44:42,969 - {'epoch': 104, 'rec_loss': '5.1344'}
2025-06-13 21:44:47,499 - {'Epoch': 104, 'HR@5': '0.1548', 'NDCG@5': '0.0993', 'HR@10': '0.2359', 'NDCG@10': '0.1254', 'HR@20': '0.3302', 'NDCG@20': '0.1493'}
2025-06-13 21:44:47,501 - EarlyStopping counter: 2 out of 10
2025-06-13 21:44:59,471 - {'epoch': 105, 'rec_loss': '5.1269'}
2025-06-13 21:45:04,075 - {'Epoch': 105, 'HR@5': '0.1530', 'NDCG@5': '0.0993', 'HR@10': '0.2354', 'NDCG@10': '0.1258', 'HR@20': '0.3301', 'NDCG@20': '0.1497'}
2025-06-13 21:45:04,076 - EarlyStopping counter: 3 out of 10
2025-06-13 21:45:15,994 - {'epoch': 106, 'rec_loss': '5.1206'}
2025-06-13 21:45:20,595 - {'Epoch': 106, 'HR@5': '0.1526', 'NDCG@5': '0.0981', 'HR@10': '0.2361', 'NDCG@10': '0.1251', 'HR@20': '0.3329', 'NDCG@20': '0.1495'}
2025-06-13 21:45:20,596 - EarlyStopping counter: 4 out of 10
2025-06-13 21:45:32,500 - {'epoch': 107, 'rec_loss': '5.1090'}
2025-06-13 21:45:37,094 - {'Epoch': 107, 'HR@5': '0.1548', 'NDCG@5': '0.0999', 'HR@10': '0.2335', 'NDCG@10': '0.1252', 'HR@20': '0.3284', 'NDCG@20': '0.1492'}
2025-06-13 21:45:37,096 - EarlyStopping counter: 5 out of 10
2025-06-13 21:45:49,096 - {'epoch': 108, 'rec_loss': '5.1206'}
2025-06-13 21:45:53,655 - {'Epoch': 108, 'HR@5': '0.1521', 'NDCG@5': '0.0984', 'HR@10': '0.2335', 'NDCG@10': '0.1247', 'HR@20': '0.3314', 'NDCG@20': '0.1494'}
2025-06-13 21:45:53,658 - EarlyStopping counter: 6 out of 10
2025-06-13 21:46:05,578 - {'epoch': 109, 'rec_loss': '5.1112'}
2025-06-13 21:46:10,206 - {'Epoch': 109, 'HR@5': '0.1515', 'NDCG@5': '0.0973', 'HR@10': '0.2361', 'NDCG@10': '0.1246', 'HR@20': '0.3305', 'NDCG@20': '0.1484'}
2025-06-13 21:46:10,207 - EarlyStopping counter: 7 out of 10
2025-06-13 21:46:22,165 - {'epoch': 110, 'rec_loss': '5.1083'}
2025-06-13 21:46:26,783 - {'Epoch': 110, 'HR@5': '0.1520', 'NDCG@5': '0.0982', 'HR@10': '0.2348', 'NDCG@10': '0.1248', 'HR@20': '0.3331', 'NDCG@20': '0.1495'}
2025-06-13 21:46:26,784 - EarlyStopping counter: 8 out of 10
2025-06-13 21:46:38,681 - {'epoch': 111, 'rec_loss': '5.1057'}
2025-06-13 21:46:43,255 - {'Epoch': 111, 'HR@5': '0.1533', 'NDCG@5': '0.0991', 'HR@10': '0.2361', 'NDCG@10': '0.1258', 'HR@20': '0.3319', 'NDCG@20': '0.1501'}
2025-06-13 21:46:43,260 - EarlyStopping counter: 9 out of 10
2025-06-13 21:46:55,182 - {'epoch': 112, 'rec_loss': '5.1019'}
2025-06-13 21:46:59,768 - {'Epoch': 112, 'HR@5': '0.1541', 'NDCG@5': '0.0990', 'HR@10': '0.2343', 'NDCG@10': '0.1249', 'HR@20': '0.3312', 'NDCG@20': '0.1494'}
2025-06-13 21:46:59,770 - EarlyStopping counter: 10 out of 10
2025-06-13 21:46:59,770 - Early stopping
2025-06-13 21:46:59,770 - ---------------Validation Score---------------
2025-06-13 21:47:04,379 - {'Epoch': 0, 'HR@5': '0.1542', 'NDCG@5': '0.1003', 'HR@10': '0.2350', 'NDCG@10': '0.1263', 'HR@20': '0.3319', 'NDCG@20': '0.1508'}
2025-06-13 21:47:04,382 - BERT4Rec_Diginetica
2025-06-13 21:47:04,382 - {'Epoch': 0, 'HR@5': '0.1542', 'NDCG@5': '0.1003', 'HR@10': '0.2350', 'NDCG@10': '0.1263', 'HR@20': '0.3319', 'NDCG@20': '0.1508'}
