2025-06-14 00:04:38,551 - Namespace(data_dir='data/self_processed/', output_dir='hparam_search/', data_name='Diginetica', train_name='BSARec_Diginetica', num_items=10, num_users=14829, lr=0.0005, batch_size=256, epochs=200, no_cuda=False, log_freq=1, patience=10, num_workers=4, seed=42, weight_decay=0.0, adam_beta1=0.9, adam_beta2=0.999, gpu_id='0', variance=5, model_type='BSARec', max_seq_length=50, hidden_size=64, num_hidden_layers=2, hidden_act='gelu', num_attention_heads=1, attention_probs_dropout_prob=0.5, hidden_dropout_prob=0.5, initializer_range=0.02, c=7, alpha=0.5, cuda_condition=True, data_file='data/self_processed/Diginetica.txt', item_size=9441, checkpoint_path=PosixPath('/gpfs/home3/scur2771/BSARec/BSARec/src/hparam_search/BSARec_Diginetica/12367757_93/model.pt'), same_target_path='data/self_processed/Diginetica_same_target.npy')
2025-06-14 00:04:38,568 - BSARecModel(
  (item_embeddings): Embedding(9441, 64, padding_idx=0)
  (position_embeddings): Embedding(50, 64)
  (LayerNorm): LayerNorm()
  (dropout): Dropout(p=0.5, inplace=False)
  (item_encoder): BSARecEncoder(
    (blocks): ModuleList(
      (0): BSARecBlock(
        (layer): BSARecLayer(
          (filter_layer): FrequencyLayer(
            (out_dropout): Dropout(p=0.5, inplace=False)
            (LayerNorm): LayerNorm()
          )
          (attention_layer): MultiHeadAttention(
            (query): Linear(in_features=64, out_features=64, bias=True)
            (key): Linear(in_features=64, out_features=64, bias=True)
            (value): Linear(in_features=64, out_features=64, bias=True)
            (softmax): Softmax(dim=-1)
            (attn_dropout): Dropout(p=0.5, inplace=False)
            (dense): Linear(in_features=64, out_features=64, bias=True)
            (LayerNorm): LayerNorm((64,), eps=1e-12, elementwise_affine=True)
            (out_dropout): Dropout(p=0.5, inplace=False)
          )
        )
        (feed_forward): FeedForward(
          (dense_1): Linear(in_features=64, out_features=256, bias=True)
          (dense_2): Linear(in_features=256, out_features=64, bias=True)
          (LayerNorm): LayerNorm()
          (dropout): Dropout(p=0.5, inplace=False)
        )
      )
      (1): BSARecBlock(
        (layer): BSARecLayer(
          (filter_layer): FrequencyLayer(
            (out_dropout): Dropout(p=0.5, inplace=False)
            (LayerNorm): LayerNorm()
          )
          (attention_layer): MultiHeadAttention(
            (query): Linear(in_features=64, out_features=64, bias=True)
            (key): Linear(in_features=64, out_features=64, bias=True)
            (value): Linear(in_features=64, out_features=64, bias=True)
            (softmax): Softmax(dim=-1)
            (attn_dropout): Dropout(p=0.5, inplace=False)
            (dense): Linear(in_features=64, out_features=64, bias=True)
            (LayerNorm): LayerNorm((64,), eps=1e-12, elementwise_affine=True)
            (out_dropout): Dropout(p=0.5, inplace=False)
          )
        )
        (feed_forward): FeedForward(
          (dense_1): Linear(in_features=64, out_features=256, bias=True)
          (dense_2): Linear(in_features=256, out_features=64, bias=True)
          (LayerNorm): LayerNorm()
          (dropout): Dropout(p=0.5, inplace=False)
        )
      )
    )
  )
)
2025-06-14 00:04:40,719 - Total Parameters: 707904
2025-06-14 00:04:49,195 - {'epoch': 0, 'rec_loss': '8.8120'}
2025-06-14 00:04:53,413 - {'Epoch': 0, 'HR@5': '0.0068', 'NDCG@5': '0.0045', 'HR@10': '0.0117', 'NDCG@10': '0.0061', 'HR@20': '0.0175', 'NDCG@20': '0.0075'}
2025-06-14 00:04:53,415 - Validation score increased.  Saving model ...
2025-06-14 00:05:01,088 - {'epoch': 1, 'rec_loss': '8.3476'}
2025-06-14 00:05:05,359 - {'Epoch': 1, 'HR@5': '0.0416', 'NDCG@5': '0.0283', 'HR@10': '0.0627', 'NDCG@10': '0.0351', 'HR@20': '0.0860', 'NDCG@20': '0.0410'}
2025-06-14 00:05:05,360 - Validation score increased.  Saving model ...
2025-06-14 00:05:12,963 - {'epoch': 2, 'rec_loss': '7.6820'}
2025-06-14 00:05:17,247 - {'Epoch': 2, 'HR@5': '0.0851', 'NDCG@5': '0.0559', 'HR@10': '0.1275', 'NDCG@10': '0.0695', 'HR@20': '0.1756', 'NDCG@20': '0.0817'}
2025-06-14 00:05:17,248 - Validation score increased.  Saving model ...
2025-06-14 00:05:24,791 - {'epoch': 3, 'rec_loss': '6.8961'}
2025-06-14 00:05:29,062 - {'Epoch': 3, 'HR@5': '0.1105', 'NDCG@5': '0.0727', 'HR@10': '0.1668', 'NDCG@10': '0.0908', 'HR@20': '0.2312', 'NDCG@20': '0.1070'}
2025-06-14 00:05:29,065 - Validation score increased.  Saving model ...
2025-06-14 00:05:36,576 - {'epoch': 4, 'rec_loss': '6.2480'}
2025-06-14 00:05:40,945 - {'Epoch': 4, 'HR@5': '0.1263', 'NDCG@5': '0.0830', 'HR@10': '0.1923', 'NDCG@10': '0.1042', 'HR@20': '0.2683', 'NDCG@20': '0.1235'}
2025-06-14 00:05:40,946 - Validation score increased.  Saving model ...
2025-06-14 00:05:48,501 - {'epoch': 5, 'rec_loss': '5.7715'}
2025-06-14 00:05:52,839 - {'Epoch': 5, 'HR@5': '0.1408', 'NDCG@5': '0.0923', 'HR@10': '0.2136', 'NDCG@10': '0.1158', 'HR@20': '0.2975', 'NDCG@20': '0.1369'}
2025-06-14 00:05:52,843 - Validation score increased.  Saving model ...
2025-06-14 00:06:00,523 - {'epoch': 6, 'rec_loss': '5.4441'}
2025-06-14 00:06:04,885 - {'Epoch': 6, 'HR@5': '0.1517', 'NDCG@5': '0.0999', 'HR@10': '0.2276', 'NDCG@10': '0.1243', 'HR@20': '0.3172', 'NDCG@20': '0.1469'}
2025-06-14 00:06:04,886 - Validation score increased.  Saving model ...
2025-06-14 00:06:12,339 - {'epoch': 7, 'rec_loss': '5.2109'}
2025-06-14 00:06:16,571 - {'Epoch': 7, 'HR@5': '0.1587', 'NDCG@5': '0.1044', 'HR@10': '0.2372', 'NDCG@10': '0.1297', 'HR@20': '0.3333', 'NDCG@20': '0.1540'}
2025-06-14 00:06:16,573 - Validation score increased.  Saving model ...
2025-06-14 00:06:23,977 - {'epoch': 8, 'rec_loss': '5.0465'}
2025-06-14 00:06:28,283 - {'Epoch': 8, 'HR@5': '0.1648', 'NDCG@5': '0.1084', 'HR@10': '0.2462', 'NDCG@10': '0.1347', 'HR@20': '0.3417', 'NDCG@20': '0.1588'}
2025-06-14 00:06:28,285 - Validation score increased.  Saving model ...
2025-06-14 00:06:35,750 - {'epoch': 9, 'rec_loss': '4.9314'}
2025-06-14 00:06:40,066 - {'Epoch': 9, 'HR@5': '0.1699', 'NDCG@5': '0.1113', 'HR@10': '0.2516', 'NDCG@10': '0.1375', 'HR@20': '0.3472', 'NDCG@20': '0.1617'}
2025-06-14 00:06:40,067 - Validation score increased.  Saving model ...
2025-06-14 00:06:47,474 - {'epoch': 10, 'rec_loss': '4.8497'}
2025-06-14 00:06:51,849 - {'Epoch': 10, 'HR@5': '0.1678', 'NDCG@5': '0.1104', 'HR@10': '0.2540', 'NDCG@10': '0.1381', 'HR@20': '0.3547', 'NDCG@20': '0.1636'}
2025-06-14 00:06:51,850 - Validation score increased.  Saving model ...
2025-06-14 00:06:59,462 - {'epoch': 11, 'rec_loss': '4.7848'}
2025-06-14 00:07:03,782 - {'Epoch': 11, 'HR@5': '0.1720', 'NDCG@5': '0.1136', 'HR@10': '0.2576', 'NDCG@10': '0.1411', 'HR@20': '0.3566', 'NDCG@20': '0.1662'}
2025-06-14 00:07:03,782 - Validation score increased.  Saving model ...
2025-06-14 00:07:11,262 - {'epoch': 12, 'rec_loss': '4.7423'}
2025-06-14 00:07:15,592 - {'Epoch': 12, 'HR@5': '0.1720', 'NDCG@5': '0.1128', 'HR@10': '0.2618', 'NDCG@10': '0.1417', 'HR@20': '0.3595', 'NDCG@20': '0.1664'}
2025-06-14 00:07:15,596 - Validation score increased.  Saving model ...
2025-06-14 00:07:23,202 - {'epoch': 13, 'rec_loss': '4.7082'}
2025-06-14 00:07:27,664 - {'Epoch': 13, 'HR@5': '0.1743', 'NDCG@5': '0.1152', 'HR@10': '0.2591', 'NDCG@10': '0.1425', 'HR@20': '0.3593', 'NDCG@20': '0.1680'}
2025-06-14 00:07:27,666 - Validation score increased.  Saving model ...
2025-06-14 00:07:35,083 - {'epoch': 14, 'rec_loss': '4.6783'}
2025-06-14 00:07:39,454 - {'Epoch': 14, 'HR@5': '0.1755', 'NDCG@5': '0.1150', 'HR@10': '0.2606', 'NDCG@10': '0.1424', 'HR@20': '0.3621', 'NDCG@20': '0.1680'}
2025-06-14 00:07:39,456 - Validation score increased.  Saving model ...
2025-06-14 00:07:46,878 - {'epoch': 15, 'rec_loss': '4.6582'}
2025-06-14 00:07:51,235 - {'Epoch': 15, 'HR@5': '0.1706', 'NDCG@5': '0.1136', 'HR@10': '0.2621', 'NDCG@10': '0.1430', 'HR@20': '0.3636', 'NDCG@20': '0.1687'}
2025-06-14 00:07:51,238 - Validation score increased.  Saving model ...
2025-06-14 00:07:58,745 - {'epoch': 16, 'rec_loss': '4.6365'}
2025-06-14 00:08:03,123 - {'Epoch': 16, 'HR@5': '0.1747', 'NDCG@5': '0.1146', 'HR@10': '0.2617', 'NDCG@10': '0.1425', 'HR@20': '0.3627', 'NDCG@20': '0.1681'}
2025-06-14 00:08:03,125 - EarlyStopping counter: 1 out of 10
2025-06-14 00:08:10,654 - {'epoch': 17, 'rec_loss': '4.6169'}
2025-06-14 00:08:15,062 - {'Epoch': 17, 'HR@5': '0.1751', 'NDCG@5': '0.1148', 'HR@10': '0.2619', 'NDCG@10': '0.1427', 'HR@20': '0.3642', 'NDCG@20': '0.1685'}
2025-06-14 00:08:15,062 - EarlyStopping counter: 2 out of 10
2025-06-14 00:08:22,504 - {'epoch': 18, 'rec_loss': '4.6022'}
2025-06-14 00:08:26,974 - {'Epoch': 18, 'HR@5': '0.1747', 'NDCG@5': '0.1150', 'HR@10': '0.2621', 'NDCG@10': '0.1431', 'HR@20': '0.3624', 'NDCG@20': '0.1685'}
2025-06-14 00:08:26,975 - EarlyStopping counter: 3 out of 10
2025-06-14 00:08:34,545 - {'epoch': 19, 'rec_loss': '4.5923'}
2025-06-14 00:08:38,866 - {'Epoch': 19, 'HR@5': '0.1753', 'NDCG@5': '0.1143', 'HR@10': '0.2608', 'NDCG@10': '0.1418', 'HR@20': '0.3633', 'NDCG@20': '0.1678'}
2025-06-14 00:08:38,867 - EarlyStopping counter: 4 out of 10
2025-06-14 00:08:46,336 - {'epoch': 20, 'rec_loss': '4.5771'}
2025-06-14 00:08:50,763 - {'Epoch': 20, 'HR@5': '0.1779', 'NDCG@5': '0.1164', 'HR@10': '0.2638', 'NDCG@10': '0.1440', 'HR@20': '0.3659', 'NDCG@20': '0.1699'}
2025-06-14 00:08:50,769 - Validation score increased.  Saving model ...
2025-06-14 00:08:58,278 - {'epoch': 21, 'rec_loss': '4.5715'}
2025-06-14 00:09:02,710 - {'Epoch': 21, 'HR@5': '0.1781', 'NDCG@5': '0.1163', 'HR@10': '0.2632', 'NDCG@10': '0.1436', 'HR@20': '0.3675', 'NDCG@20': '0.1700'}
2025-06-14 00:09:02,712 - Validation score increased.  Saving model ...
2025-06-14 00:09:10,201 - {'epoch': 22, 'rec_loss': '4.5601'}
2025-06-14 00:09:14,572 - {'Epoch': 22, 'HR@5': '0.1777', 'NDCG@5': '0.1159', 'HR@10': '0.2648', 'NDCG@10': '0.1440', 'HR@20': '0.3676', 'NDCG@20': '0.1700'}
2025-06-14 00:09:14,574 - Validation score increased.  Saving model ...
2025-06-14 00:09:22,045 - {'epoch': 23, 'rec_loss': '4.5525'}
2025-06-14 00:09:26,440 - {'Epoch': 23, 'HR@5': '0.1750', 'NDCG@5': '0.1142', 'HR@10': '0.2640', 'NDCG@10': '0.1429', 'HR@20': '0.3652', 'NDCG@20': '0.1684'}
2025-06-14 00:09:26,440 - EarlyStopping counter: 1 out of 10
2025-06-14 00:09:33,976 - {'epoch': 24, 'rec_loss': '4.5449'}
2025-06-14 00:09:38,400 - {'Epoch': 24, 'HR@5': '0.1751', 'NDCG@5': '0.1152', 'HR@10': '0.2627', 'NDCG@10': '0.1435', 'HR@20': '0.3649', 'NDCG@20': '0.1694'}
2025-06-14 00:09:38,401 - EarlyStopping counter: 2 out of 10
2025-06-14 00:09:45,849 - {'epoch': 25, 'rec_loss': '4.5289'}
2025-06-14 00:09:50,204 - {'Epoch': 25, 'HR@5': '0.1777', 'NDCG@5': '0.1168', 'HR@10': '0.2654', 'NDCG@10': '0.1451', 'HR@20': '0.3654', 'NDCG@20': '0.1704'}
2025-06-14 00:09:50,206 - Validation score increased.  Saving model ...
2025-06-14 00:09:57,645 - {'epoch': 26, 'rec_loss': '4.5279'}
2025-06-14 00:10:01,960 - {'Epoch': 26, 'HR@5': '0.1768', 'NDCG@5': '0.1163', 'HR@10': '0.2630', 'NDCG@10': '0.1441', 'HR@20': '0.3662', 'NDCG@20': '0.1702'}
2025-06-14 00:10:01,963 - EarlyStopping counter: 1 out of 10
2025-06-14 00:10:09,444 - {'epoch': 27, 'rec_loss': '4.5190'}
2025-06-14 00:10:13,779 - {'Epoch': 27, 'HR@5': '0.1751', 'NDCG@5': '0.1151', 'HR@10': '0.2648', 'NDCG@10': '0.1441', 'HR@20': '0.3651', 'NDCG@20': '0.1695'}
2025-06-14 00:10:13,782 - EarlyStopping counter: 2 out of 10
2025-06-14 00:10:21,322 - {'epoch': 28, 'rec_loss': '4.5115'}
2025-06-14 00:10:25,719 - {'Epoch': 28, 'HR@5': '0.1753', 'NDCG@5': '0.1151', 'HR@10': '0.2644', 'NDCG@10': '0.1439', 'HR@20': '0.3657', 'NDCG@20': '0.1696'}
2025-06-14 00:10:25,720 - EarlyStopping counter: 3 out of 10
2025-06-14 00:10:33,206 - {'epoch': 29, 'rec_loss': '4.5076'}
2025-06-14 00:10:37,652 - {'Epoch': 29, 'HR@5': '0.1751', 'NDCG@5': '0.1155', 'HR@10': '0.2648', 'NDCG@10': '0.1443', 'HR@20': '0.3658', 'NDCG@20': '0.1698'}
2025-06-14 00:10:37,654 - EarlyStopping counter: 4 out of 10
2025-06-14 00:10:45,160 - {'epoch': 30, 'rec_loss': '4.4990'}
2025-06-14 00:10:49,553 - {'Epoch': 30, 'HR@5': '0.1781', 'NDCG@5': '0.1165', 'HR@10': '0.2633', 'NDCG@10': '0.1440', 'HR@20': '0.3652', 'NDCG@20': '0.1698'}
2025-06-14 00:10:49,554 - EarlyStopping counter: 5 out of 10
2025-06-14 00:10:56,966 - {'epoch': 31, 'rec_loss': '4.4971'}
2025-06-14 00:11:01,464 - {'Epoch': 31, 'HR@5': '0.1756', 'NDCG@5': '0.1152', 'HR@10': '0.2648', 'NDCG@10': '0.1439', 'HR@20': '0.3658', 'NDCG@20': '0.1695'}
2025-06-14 00:11:01,468 - EarlyStopping counter: 6 out of 10
2025-06-14 00:11:09,005 - {'epoch': 32, 'rec_loss': '4.4904'}
2025-06-14 00:11:13,483 - {'Epoch': 32, 'HR@5': '0.1751', 'NDCG@5': '0.1146', 'HR@10': '0.2646', 'NDCG@10': '0.1434', 'HR@20': '0.3645', 'NDCG@20': '0.1686'}
2025-06-14 00:11:13,485 - EarlyStopping counter: 7 out of 10
2025-06-14 00:11:20,923 - {'epoch': 33, 'rec_loss': '4.4850'}
2025-06-14 00:11:25,359 - {'Epoch': 33, 'HR@5': '0.1757', 'NDCG@5': '0.1156', 'HR@10': '0.2643', 'NDCG@10': '0.1441', 'HR@20': '0.3651', 'NDCG@20': '0.1696'}
2025-06-14 00:11:25,360 - EarlyStopping counter: 8 out of 10
2025-06-14 00:11:32,810 - {'epoch': 34, 'rec_loss': '4.4818'}
2025-06-14 00:11:37,274 - {'Epoch': 34, 'HR@5': '0.1794', 'NDCG@5': '0.1171', 'HR@10': '0.2646', 'NDCG@10': '0.1445', 'HR@20': '0.3667', 'NDCG@20': '0.1702'}
2025-06-14 00:11:37,280 - EarlyStopping counter: 9 out of 10
2025-06-14 00:11:44,758 - {'epoch': 35, 'rec_loss': '4.4740'}
2025-06-14 00:11:49,142 - {'Epoch': 35, 'HR@5': '0.1753', 'NDCG@5': '0.1151', 'HR@10': '0.2650', 'NDCG@10': '0.1440', 'HR@20': '0.3622', 'NDCG@20': '0.1686'}
2025-06-14 00:11:49,144 - EarlyStopping counter: 10 out of 10
2025-06-14 00:11:49,144 - Early stopping
2025-06-14 00:11:49,144 - ---------------Validation Score---------------
2025-06-14 00:11:53,573 - {'Epoch': 0, 'HR@5': '0.1777', 'NDCG@5': '0.1168', 'HR@10': '0.2654', 'NDCG@10': '0.1451', 'HR@20': '0.3654', 'NDCG@20': '0.1704'}
2025-06-14 00:11:53,574 - BSARec_Diginetica
2025-06-14 00:11:53,574 - {'Epoch': 0, 'HR@5': '0.1777', 'NDCG@5': '0.1168', 'HR@10': '0.2654', 'NDCG@10': '0.1451', 'HR@20': '0.3654', 'NDCG@20': '0.1704'}
