2025-06-14 15:28:11,274 - Namespace(data_dir='./data/', output_dir='hparam_search/', data_name='LastFM', train_name='BERT4Rec_LastFM', num_items=10, num_users=1091, lr=0.0005, batch_size=256, epochs=200, no_cuda=False, log_freq=1, patience=10, num_workers=4, seed=42, weight_decay=0.0, adam_beta1=0.9, adam_beta2=0.999, gpu_id='0', variance=5, model_type='Bert4Rec', max_seq_length=50, hidden_size=64, num_hidden_layers=2, hidden_act='gelu', num_attention_heads=1, attention_probs_dropout_prob=0.5, hidden_dropout_prob=0.5, initializer_range=0.02, mask_ratio=0.2, cuda_condition=True, data_file='./data/LastFM.txt', item_size=3647, checkpoint_path=PosixPath('/gpfs/home3/scur2771/BSARec/BSARec/src/hparam_search/BERT4Rec_LastFM/12373134_10/model.pt'), same_target_path='./data/LastFM_same_target.npy')
2025-06-14 15:28:11,286 - BERT4RecModel(
  (item_embeddings): Embedding(3648, 64, padding_idx=0)
  (position_embeddings): Embedding(50, 64)
  (item_encoder): TransformerEncoder(
    (blocks): ModuleList(
      (0): TransformerBlock(
        (layer): MultiHeadAttention(
          (query): Linear(in_features=64, out_features=64, bias=True)
          (key): Linear(in_features=64, out_features=64, bias=True)
          (value): Linear(in_features=64, out_features=64, bias=True)
          (softmax): Softmax(dim=-1)
          (attn_dropout): Dropout(p=0.5, inplace=False)
          (dense): Linear(in_features=64, out_features=64, bias=True)
          (LayerNorm): LayerNorm((64,), eps=1e-12, elementwise_affine=True)
          (out_dropout): Dropout(p=0.5, inplace=False)
        )
        (feed_forward): FeedForward(
          (dense_1): Linear(in_features=64, out_features=256, bias=True)
          (dense_2): Linear(in_features=256, out_features=64, bias=True)
          (LayerNorm): LayerNorm()
          (dropout): Dropout(p=0.5, inplace=False)
        )
      )
      (1): TransformerBlock(
        (layer): MultiHeadAttention(
          (query): Linear(in_features=64, out_features=64, bias=True)
          (key): Linear(in_features=64, out_features=64, bias=True)
          (value): Linear(in_features=64, out_features=64, bias=True)
          (softmax): Softmax(dim=-1)
          (attn_dropout): Dropout(p=0.5, inplace=False)
          (dense): Linear(in_features=64, out_features=64, bias=True)
          (LayerNorm): LayerNorm((64,), eps=1e-12, elementwise_affine=True)
          (out_dropout): Dropout(p=0.5, inplace=False)
        )
        (feed_forward): FeedForward(
          (dense_1): Linear(in_features=64, out_features=256, bias=True)
          (dense_2): Linear(in_features=256, out_features=64, bias=True)
          (LayerNorm): LayerNorm()
          (dropout): Dropout(p=0.5, inplace=False)
        )
      )
    )
  )
  (LayerNorm): LayerNorm()
  (dropout): Dropout(p=0.5, inplace=False)
)
2025-06-14 15:28:13,464 - Total Parameters: 336768
2025-06-14 15:28:17,550 - {'epoch': 0, 'rec_loss': '8.0347'}
2025-06-14 15:28:18,275 - {'Epoch': 0, 'HR@5': '0.0257', 'NDCG@5': '0.0164', 'HR@10': '0.0339', 'NDCG@10': '0.0189', 'HR@20': '0.0578', 'NDCG@20': '0.0249'}
2025-06-14 15:28:18,276 - Validation score increased.  Saving model ...
2025-06-14 15:28:21,829 - {'epoch': 1, 'rec_loss': '7.7976'}
2025-06-14 15:28:22,507 - {'Epoch': 1, 'HR@5': '0.0165', 'NDCG@5': '0.0097', 'HR@10': '0.0275', 'NDCG@10': '0.0133', 'HR@20': '0.0477', 'NDCG@20': '0.0184'}
2025-06-14 15:28:22,508 - EarlyStopping counter: 1 out of 10
2025-06-14 15:28:26,037 - {'epoch': 2, 'rec_loss': '7.7342'}
2025-06-14 15:28:26,771 - {'Epoch': 2, 'HR@5': '0.0220', 'NDCG@5': '0.0133', 'HR@10': '0.0358', 'NDCG@10': '0.0178', 'HR@20': '0.0615', 'NDCG@20': '0.0242'}
2025-06-14 15:28:26,772 - EarlyStopping counter: 2 out of 10
2025-06-14 15:28:30,312 - {'epoch': 3, 'rec_loss': '7.6773'}
2025-06-14 15:28:31,035 - {'Epoch': 3, 'HR@5': '0.0229', 'NDCG@5': '0.0151', 'HR@10': '0.0367', 'NDCG@10': '0.0195', 'HR@20': '0.0587', 'NDCG@20': '0.0251'}
2025-06-14 15:28:31,035 - Validation score increased.  Saving model ...
2025-06-14 15:28:34,601 - {'epoch': 4, 'rec_loss': '7.6208'}
2025-06-14 15:28:35,307 - {'Epoch': 4, 'HR@5': '0.0229', 'NDCG@5': '0.0151', 'HR@10': '0.0385', 'NDCG@10': '0.0201', 'HR@20': '0.0624', 'NDCG@20': '0.0261'}
2025-06-14 15:28:35,307 - Validation score increased.  Saving model ...
2025-06-14 15:28:38,768 - {'epoch': 5, 'rec_loss': '7.5747'}
2025-06-14 15:28:39,423 - {'Epoch': 5, 'HR@5': '0.0330', 'NDCG@5': '0.0223', 'HR@10': '0.0486', 'NDCG@10': '0.0272', 'HR@20': '0.0734', 'NDCG@20': '0.0336'}
2025-06-14 15:28:39,424 - Validation score increased.  Saving model ...
2025-06-14 15:28:43,003 - {'epoch': 6, 'rec_loss': '7.5284'}
2025-06-14 15:28:43,738 - {'Epoch': 6, 'HR@5': '0.0257', 'NDCG@5': '0.0187', 'HR@10': '0.0514', 'NDCG@10': '0.0270', 'HR@20': '0.0743', 'NDCG@20': '0.0326'}
2025-06-14 15:28:43,738 - EarlyStopping counter: 1 out of 10
2025-06-14 15:28:47,210 - {'epoch': 7, 'rec_loss': '7.4852'}
2025-06-14 15:28:47,949 - {'Epoch': 7, 'HR@5': '0.0294', 'NDCG@5': '0.0190', 'HR@10': '0.0505', 'NDCG@10': '0.0256', 'HR@20': '0.0771', 'NDCG@20': '0.0322'}
2025-06-14 15:28:47,950 - EarlyStopping counter: 2 out of 10
2025-06-14 15:28:51,452 - {'epoch': 8, 'rec_loss': '7.4505'}
2025-06-14 15:28:52,088 - {'Epoch': 8, 'HR@5': '0.0257', 'NDCG@5': '0.0173', 'HR@10': '0.0440', 'NDCG@10': '0.0231', 'HR@20': '0.0743', 'NDCG@20': '0.0308'}
2025-06-14 15:28:52,089 - EarlyStopping counter: 3 out of 10
2025-06-14 15:28:55,599 - {'epoch': 9, 'rec_loss': '7.4164'}
2025-06-14 15:28:56,216 - {'Epoch': 9, 'HR@5': '0.0257', 'NDCG@5': '0.0180', 'HR@10': '0.0450', 'NDCG@10': '0.0241', 'HR@20': '0.0725', 'NDCG@20': '0.0310'}
2025-06-14 15:28:56,216 - EarlyStopping counter: 4 out of 10
2025-06-14 15:28:59,763 - {'epoch': 10, 'rec_loss': '7.3789'}
2025-06-14 15:29:00,455 - {'Epoch': 10, 'HR@5': '0.0330', 'NDCG@5': '0.0202', 'HR@10': '0.0505', 'NDCG@10': '0.0257', 'HR@20': '0.0789', 'NDCG@20': '0.0329'}
2025-06-14 15:29:00,456 - EarlyStopping counter: 5 out of 10
2025-06-14 15:29:03,979 - {'epoch': 11, 'rec_loss': '7.3429'}
2025-06-14 15:29:04,659 - {'Epoch': 11, 'HR@5': '0.0257', 'NDCG@5': '0.0181', 'HR@10': '0.0468', 'NDCG@10': '0.0246', 'HR@20': '0.0752', 'NDCG@20': '0.0317'}
2025-06-14 15:29:04,659 - EarlyStopping counter: 6 out of 10
2025-06-14 15:29:08,121 - {'epoch': 12, 'rec_loss': '7.3099'}
2025-06-14 15:29:08,812 - {'Epoch': 12, 'HR@5': '0.0321', 'NDCG@5': '0.0222', 'HR@10': '0.0486', 'NDCG@10': '0.0275', 'HR@20': '0.0798', 'NDCG@20': '0.0353'}
2025-06-14 15:29:08,813 - Validation score increased.  Saving model ...
2025-06-14 15:29:12,345 - {'epoch': 13, 'rec_loss': '7.2731'}
2025-06-14 15:29:13,033 - {'Epoch': 13, 'HR@5': '0.0303', 'NDCG@5': '0.0200', 'HR@10': '0.0532', 'NDCG@10': '0.0274', 'HR@20': '0.0807', 'NDCG@20': '0.0341'}
2025-06-14 15:29:13,034 - EarlyStopping counter: 1 out of 10
2025-06-14 15:29:16,567 - {'epoch': 14, 'rec_loss': '7.2331'}
2025-06-14 15:29:17,307 - {'Epoch': 14, 'HR@5': '0.0266', 'NDCG@5': '0.0180', 'HR@10': '0.0385', 'NDCG@10': '0.0217', 'HR@20': '0.0734', 'NDCG@20': '0.0307'}
2025-06-14 15:29:17,307 - EarlyStopping counter: 2 out of 10
2025-06-14 15:29:20,760 - {'epoch': 15, 'rec_loss': '7.1876'}
2025-06-14 15:29:21,469 - {'Epoch': 15, 'HR@5': '0.0330', 'NDCG@5': '0.0211', 'HR@10': '0.0440', 'NDCG@10': '0.0246', 'HR@20': '0.0798', 'NDCG@20': '0.0336'}
2025-06-14 15:29:21,469 - EarlyStopping counter: 3 out of 10
2025-06-14 15:29:25,023 - {'epoch': 16, 'rec_loss': '7.1459'}
2025-06-14 15:29:25,804 - {'Epoch': 16, 'HR@5': '0.0294', 'NDCG@5': '0.0189', 'HR@10': '0.0523', 'NDCG@10': '0.0262', 'HR@20': '0.0771', 'NDCG@20': '0.0325'}
2025-06-14 15:29:25,804 - EarlyStopping counter: 4 out of 10
2025-06-14 15:29:29,299 - {'epoch': 17, 'rec_loss': '7.1079'}
2025-06-14 15:29:29,996 - {'Epoch': 17, 'HR@5': '0.0321', 'NDCG@5': '0.0209', 'HR@10': '0.0523', 'NDCG@10': '0.0273', 'HR@20': '0.0789', 'NDCG@20': '0.0341'}
2025-06-14 15:29:29,997 - EarlyStopping counter: 5 out of 10
2025-06-14 15:29:33,585 - {'epoch': 18, 'rec_loss': '7.0708'}
2025-06-14 15:29:34,294 - {'Epoch': 18, 'HR@5': '0.0376', 'NDCG@5': '0.0229', 'HR@10': '0.0578', 'NDCG@10': '0.0293', 'HR@20': '0.0798', 'NDCG@20': '0.0350'}
2025-06-14 15:29:34,295 - EarlyStopping counter: 6 out of 10
2025-06-14 15:29:37,766 - {'epoch': 19, 'rec_loss': '7.0441'}
2025-06-14 15:29:38,462 - {'Epoch': 19, 'HR@5': '0.0358', 'NDCG@5': '0.0222', 'HR@10': '0.0514', 'NDCG@10': '0.0272', 'HR@20': '0.0734', 'NDCG@20': '0.0329'}
2025-06-14 15:29:38,462 - EarlyStopping counter: 7 out of 10
2025-06-14 15:29:42,018 - {'epoch': 20, 'rec_loss': '7.0140'}
2025-06-14 15:29:42,750 - {'Epoch': 20, 'HR@5': '0.0349', 'NDCG@5': '0.0217', 'HR@10': '0.0514', 'NDCG@10': '0.0270', 'HR@20': '0.0771', 'NDCG@20': '0.0334'}
2025-06-14 15:29:42,751 - EarlyStopping counter: 8 out of 10
2025-06-14 15:29:46,186 - {'epoch': 21, 'rec_loss': '6.9864'}
2025-06-14 15:29:46,948 - {'Epoch': 21, 'HR@5': '0.0294', 'NDCG@5': '0.0198', 'HR@10': '0.0541', 'NDCG@10': '0.0279', 'HR@20': '0.0817', 'NDCG@20': '0.0349'}
2025-06-14 15:29:46,949 - EarlyStopping counter: 9 out of 10
2025-06-14 15:29:50,415 - {'epoch': 22, 'rec_loss': '6.9697'}
2025-06-14 15:29:51,140 - {'Epoch': 22, 'HR@5': '0.0358', 'NDCG@5': '0.0230', 'HR@10': '0.0560', 'NDCG@10': '0.0295', 'HR@20': '0.0844', 'NDCG@20': '0.0368'}
2025-06-14 15:29:51,141 - Validation score increased.  Saving model ...
2025-06-14 15:29:54,679 - {'epoch': 23, 'rec_loss': '6.9387'}
2025-06-14 15:29:55,384 - {'Epoch': 23, 'HR@5': '0.0330', 'NDCG@5': '0.0205', 'HR@10': '0.0569', 'NDCG@10': '0.0283', 'HR@20': '0.0844', 'NDCG@20': '0.0351'}
2025-06-14 15:29:55,385 - EarlyStopping counter: 1 out of 10
2025-06-14 15:29:58,962 - {'epoch': 24, 'rec_loss': '6.9226'}
2025-06-14 15:29:59,697 - {'Epoch': 24, 'HR@5': '0.0349', 'NDCG@5': '0.0229', 'HR@10': '0.0569', 'NDCG@10': '0.0299', 'HR@20': '0.0881', 'NDCG@20': '0.0378'}
2025-06-14 15:29:59,698 - Validation score increased.  Saving model ...
2025-06-14 15:30:03,198 - {'epoch': 25, 'rec_loss': '6.8983'}
2025-06-14 15:30:03,912 - {'Epoch': 25, 'HR@5': '0.0394', 'NDCG@5': '0.0245', 'HR@10': '0.0615', 'NDCG@10': '0.0316', 'HR@20': '0.0817', 'NDCG@20': '0.0368'}
2025-06-14 15:30:03,913 - EarlyStopping counter: 1 out of 10
2025-06-14 15:30:07,355 - {'epoch': 26, 'rec_loss': '6.8814'}
2025-06-14 15:30:08,088 - {'Epoch': 26, 'HR@5': '0.0367', 'NDCG@5': '0.0221', 'HR@10': '0.0587', 'NDCG@10': '0.0294', 'HR@20': '0.0927', 'NDCG@20': '0.0380'}
2025-06-14 15:30:08,089 - Validation score increased.  Saving model ...
2025-06-14 15:30:11,602 - {'epoch': 27, 'rec_loss': '6.8680'}
2025-06-14 15:30:12,278 - {'Epoch': 27, 'HR@5': '0.0385', 'NDCG@5': '0.0241', 'HR@10': '0.0615', 'NDCG@10': '0.0315', 'HR@20': '0.0881', 'NDCG@20': '0.0382'}
2025-06-14 15:30:12,278 - Validation score increased.  Saving model ...
2025-06-14 15:30:15,800 - {'epoch': 28, 'rec_loss': '6.8428'}
2025-06-14 15:30:16,533 - {'Epoch': 28, 'HR@5': '0.0358', 'NDCG@5': '0.0232', 'HR@10': '0.0587', 'NDCG@10': '0.0305', 'HR@20': '0.0817', 'NDCG@20': '0.0363'}
2025-06-14 15:30:16,534 - EarlyStopping counter: 1 out of 10
2025-06-14 15:30:20,073 - {'epoch': 29, 'rec_loss': '6.8310'}
2025-06-14 15:30:20,773 - {'Epoch': 29, 'HR@5': '0.0376', 'NDCG@5': '0.0243', 'HR@10': '0.0642', 'NDCG@10': '0.0329', 'HR@20': '0.0945', 'NDCG@20': '0.0403'}
2025-06-14 15:30:20,773 - Validation score increased.  Saving model ...
2025-06-14 15:30:24,370 - {'epoch': 30, 'rec_loss': '6.8181'}
2025-06-14 15:30:25,076 - {'Epoch': 30, 'HR@5': '0.0394', 'NDCG@5': '0.0245', 'HR@10': '0.0670', 'NDCG@10': '0.0334', 'HR@20': '0.0954', 'NDCG@20': '0.0406'}
2025-06-14 15:30:25,077 - Validation score increased.  Saving model ...
2025-06-14 15:30:28,595 - {'epoch': 31, 'rec_loss': '6.8026'}
2025-06-14 15:30:29,286 - {'Epoch': 31, 'HR@5': '0.0367', 'NDCG@5': '0.0230', 'HR@10': '0.0651', 'NDCG@10': '0.0322', 'HR@20': '0.0872', 'NDCG@20': '0.0376'}
2025-06-14 15:30:29,287 - EarlyStopping counter: 1 out of 10
2025-06-14 15:30:32,701 - {'epoch': 32, 'rec_loss': '6.7831'}
2025-06-14 15:30:33,421 - {'Epoch': 32, 'HR@5': '0.0385', 'NDCG@5': '0.0237', 'HR@10': '0.0670', 'NDCG@10': '0.0329', 'HR@20': '0.0972', 'NDCG@20': '0.0406'}
2025-06-14 15:30:33,421 - Validation score increased.  Saving model ...
2025-06-14 15:30:36,948 - {'epoch': 33, 'rec_loss': '6.7622'}
2025-06-14 15:30:37,658 - {'Epoch': 33, 'HR@5': '0.0394', 'NDCG@5': '0.0247', 'HR@10': '0.0679', 'NDCG@10': '0.0338', 'HR@20': '0.0954', 'NDCG@20': '0.0408'}
2025-06-14 15:30:37,659 - Validation score increased.  Saving model ...
2025-06-14 15:30:41,197 - {'epoch': 34, 'rec_loss': '6.7485'}
2025-06-14 15:30:41,887 - {'Epoch': 34, 'HR@5': '0.0385', 'NDCG@5': '0.0239', 'HR@10': '0.0651', 'NDCG@10': '0.0326', 'HR@20': '0.0945', 'NDCG@20': '0.0402'}
2025-06-14 15:30:41,887 - EarlyStopping counter: 1 out of 10
2025-06-14 15:30:45,357 - {'epoch': 35, 'rec_loss': '6.7361'}
2025-06-14 15:30:46,132 - {'Epoch': 35, 'HR@5': '0.0422', 'NDCG@5': '0.0272', 'HR@10': '0.0697', 'NDCG@10': '0.0359', 'HR@20': '0.0963', 'NDCG@20': '0.0427'}
2025-06-14 15:30:46,132 - Validation score increased.  Saving model ...
2025-06-14 15:30:49,680 - {'epoch': 36, 'rec_loss': '6.7133'}
2025-06-14 15:30:50,331 - {'Epoch': 36, 'HR@5': '0.0367', 'NDCG@5': '0.0236', 'HR@10': '0.0633', 'NDCG@10': '0.0323', 'HR@20': '0.0991', 'NDCG@20': '0.0414'}
2025-06-14 15:30:50,331 - EarlyStopping counter: 1 out of 10
2025-06-14 15:30:53,878 - {'epoch': 37, 'rec_loss': '6.6944'}
2025-06-14 15:30:54,593 - {'Epoch': 37, 'HR@5': '0.0339', 'NDCG@5': '0.0233', 'HR@10': '0.0606', 'NDCG@10': '0.0318', 'HR@20': '0.0945', 'NDCG@20': '0.0405'}
2025-06-14 15:30:54,593 - EarlyStopping counter: 2 out of 10
2025-06-14 15:30:58,120 - {'epoch': 38, 'rec_loss': '6.6781'}
2025-06-14 15:30:58,842 - {'Epoch': 38, 'HR@5': '0.0422', 'NDCG@5': '0.0261', 'HR@10': '0.0624', 'NDCG@10': '0.0327', 'HR@20': '0.0954', 'NDCG@20': '0.0411'}
2025-06-14 15:30:58,842 - EarlyStopping counter: 3 out of 10
2025-06-14 15:31:02,356 - {'epoch': 39, 'rec_loss': '6.6537'}
2025-06-14 15:31:02,983 - {'Epoch': 39, 'HR@5': '0.0394', 'NDCG@5': '0.0267', 'HR@10': '0.0651', 'NDCG@10': '0.0350', 'HR@20': '0.1064', 'NDCG@20': '0.0454'}
2025-06-14 15:31:02,984 - Validation score increased.  Saving model ...
2025-06-14 15:31:06,496 - {'epoch': 40, 'rec_loss': '6.6392'}
2025-06-14 15:31:07,217 - {'Epoch': 40, 'HR@5': '0.0477', 'NDCG@5': '0.0300', 'HR@10': '0.0661', 'NDCG@10': '0.0360', 'HR@20': '0.0927', 'NDCG@20': '0.0427'}
2025-06-14 15:31:07,218 - EarlyStopping counter: 1 out of 10
2025-06-14 15:31:10,777 - {'epoch': 41, 'rec_loss': '6.6311'}
2025-06-14 15:31:11,493 - {'Epoch': 41, 'HR@5': '0.0422', 'NDCG@5': '0.0274', 'HR@10': '0.0670', 'NDCG@10': '0.0353', 'HR@20': '0.1000', 'NDCG@20': '0.0436'}
2025-06-14 15:31:11,494 - EarlyStopping counter: 2 out of 10
2025-06-14 15:31:14,990 - {'epoch': 42, 'rec_loss': '6.6086'}
2025-06-14 15:31:15,689 - {'Epoch': 42, 'HR@5': '0.0422', 'NDCG@5': '0.0285', 'HR@10': '0.0670', 'NDCG@10': '0.0363', 'HR@20': '0.1009', 'NDCG@20': '0.0448'}
2025-06-14 15:31:15,689 - EarlyStopping counter: 3 out of 10
2025-06-14 15:31:19,197 - {'epoch': 43, 'rec_loss': '6.6003'}
2025-06-14 15:31:19,914 - {'Epoch': 43, 'HR@5': '0.0358', 'NDCG@5': '0.0232', 'HR@10': '0.0615', 'NDCG@10': '0.0314', 'HR@20': '0.0991', 'NDCG@20': '0.0408'}
2025-06-14 15:31:19,914 - EarlyStopping counter: 4 out of 10
2025-06-14 15:31:23,457 - {'epoch': 44, 'rec_loss': '6.5790'}
2025-06-14 15:31:24,151 - {'Epoch': 44, 'HR@5': '0.0404', 'NDCG@5': '0.0254', 'HR@10': '0.0633', 'NDCG@10': '0.0328', 'HR@20': '0.1018', 'NDCG@20': '0.0425'}
2025-06-14 15:31:24,152 - EarlyStopping counter: 5 out of 10
2025-06-14 15:31:27,613 - {'epoch': 45, 'rec_loss': '6.5814'}
2025-06-14 15:31:28,322 - {'Epoch': 45, 'HR@5': '0.0413', 'NDCG@5': '0.0274', 'HR@10': '0.0651', 'NDCG@10': '0.0352', 'HR@20': '0.1046', 'NDCG@20': '0.0453'}
2025-06-14 15:31:28,323 - EarlyStopping counter: 6 out of 10
2025-06-14 15:31:31,834 - {'epoch': 46, 'rec_loss': '6.5631'}
2025-06-14 15:31:32,562 - {'Epoch': 46, 'HR@5': '0.0394', 'NDCG@5': '0.0270', 'HR@10': '0.0642', 'NDCG@10': '0.0351', 'HR@20': '0.1073', 'NDCG@20': '0.0460'}
2025-06-14 15:31:32,563 - Validation score increased.  Saving model ...
2025-06-14 15:31:36,072 - {'epoch': 47, 'rec_loss': '6.5526'}
2025-06-14 15:31:36,798 - {'Epoch': 47, 'HR@5': '0.0385', 'NDCG@5': '0.0261', 'HR@10': '0.0651', 'NDCG@10': '0.0347', 'HR@20': '0.1018', 'NDCG@20': '0.0438'}
2025-06-14 15:31:36,799 - EarlyStopping counter: 1 out of 10
2025-06-14 15:31:40,327 - {'epoch': 48, 'rec_loss': '6.5415'}
2025-06-14 15:31:40,992 - {'Epoch': 48, 'HR@5': '0.0404', 'NDCG@5': '0.0279', 'HR@10': '0.0661', 'NDCG@10': '0.0363', 'HR@20': '0.1028', 'NDCG@20': '0.0455'}
2025-06-14 15:31:40,993 - EarlyStopping counter: 2 out of 10
2025-06-14 15:31:44,549 - {'epoch': 49, 'rec_loss': '6.5313'}
2025-06-14 15:31:45,241 - {'Epoch': 49, 'HR@5': '0.0413', 'NDCG@5': '0.0263', 'HR@10': '0.0670', 'NDCG@10': '0.0344', 'HR@20': '0.0982', 'NDCG@20': '0.0424'}
2025-06-14 15:31:45,242 - EarlyStopping counter: 3 out of 10
2025-06-14 15:31:48,752 - {'epoch': 50, 'rec_loss': '6.5185'}
2025-06-14 15:31:49,534 - {'Epoch': 50, 'HR@5': '0.0394', 'NDCG@5': '0.0260', 'HR@10': '0.0670', 'NDCG@10': '0.0350', 'HR@20': '0.0991', 'NDCG@20': '0.0430'}
2025-06-14 15:31:49,535 - EarlyStopping counter: 4 out of 10
2025-06-14 15:31:53,086 - {'epoch': 51, 'rec_loss': '6.5141'}
2025-06-14 15:31:53,782 - {'Epoch': 51, 'HR@5': '0.0367', 'NDCG@5': '0.0247', 'HR@10': '0.0606', 'NDCG@10': '0.0325', 'HR@20': '0.0972', 'NDCG@20': '0.0417'}
2025-06-14 15:31:53,782 - EarlyStopping counter: 5 out of 10
2025-06-14 15:31:57,257 - {'epoch': 52, 'rec_loss': '6.4966'}
2025-06-14 15:31:58,012 - {'Epoch': 52, 'HR@5': '0.0376', 'NDCG@5': '0.0230', 'HR@10': '0.0596', 'NDCG@10': '0.0301', 'HR@20': '0.0982', 'NDCG@20': '0.0399'}
2025-06-14 15:31:58,013 - EarlyStopping counter: 6 out of 10
2025-06-14 15:32:01,553 - {'epoch': 53, 'rec_loss': '6.4895'}
2025-06-14 15:32:02,344 - {'Epoch': 53, 'HR@5': '0.0367', 'NDCG@5': '0.0221', 'HR@10': '0.0642', 'NDCG@10': '0.0308', 'HR@20': '0.1000', 'NDCG@20': '0.0397'}
2025-06-14 15:32:02,344 - EarlyStopping counter: 7 out of 10
2025-06-14 15:32:05,871 - {'epoch': 54, 'rec_loss': '6.4874'}
2025-06-14 15:32:06,611 - {'Epoch': 54, 'HR@5': '0.0367', 'NDCG@5': '0.0229', 'HR@10': '0.0615', 'NDCG@10': '0.0308', 'HR@20': '0.0972', 'NDCG@20': '0.0399'}
2025-06-14 15:32:06,612 - EarlyStopping counter: 8 out of 10
2025-06-14 15:32:10,128 - {'epoch': 55, 'rec_loss': '6.4673'}
2025-06-14 15:32:10,761 - {'Epoch': 55, 'HR@5': '0.0339', 'NDCG@5': '0.0214', 'HR@10': '0.0651', 'NDCG@10': '0.0315', 'HR@20': '0.0908', 'NDCG@20': '0.0380'}
2025-06-14 15:32:10,761 - EarlyStopping counter: 9 out of 10
2025-06-14 15:32:14,250 - {'epoch': 56, 'rec_loss': '6.4541'}
2025-06-14 15:32:14,989 - {'Epoch': 56, 'HR@5': '0.0321', 'NDCG@5': '0.0213', 'HR@10': '0.0606', 'NDCG@10': '0.0305', 'HR@20': '0.0945', 'NDCG@20': '0.0391'}
2025-06-14 15:32:14,990 - EarlyStopping counter: 10 out of 10
2025-06-14 15:32:14,990 - Early stopping
2025-06-14 15:32:14,990 - ---------------Validation Score---------------
2025-06-14 15:32:15,695 - {'Epoch': 0, 'HR@5': '0.0394', 'NDCG@5': '0.0270', 'HR@10': '0.0642', 'NDCG@10': '0.0351', 'HR@20': '0.1073', 'NDCG@20': '0.0460'}
2025-06-14 15:32:15,695 - BERT4Rec_LastFM
2025-06-14 15:32:15,696 - {'Epoch': 0, 'HR@5': '0.0394', 'NDCG@5': '0.0270', 'HR@10': '0.0642', 'NDCG@10': '0.0351', 'HR@20': '0.1073', 'NDCG@20': '0.0460'}
