2025-06-13 22:57:26,398 - Namespace(data_dir='data/self_processed/', output_dir='hparam_search/', data_name='Diginetica', train_name='BSARec_Diginetica', num_items=10, num_users=14829, lr=0.001, batch_size=256, epochs=200, no_cuda=False, log_freq=1, patience=10, num_workers=4, seed=42, weight_decay=0.0, adam_beta1=0.9, adam_beta2=0.999, gpu_id='0', variance=5, model_type='BSARec', max_seq_length=50, hidden_size=64, num_hidden_layers=2, hidden_act='gelu', num_attention_heads=1, attention_probs_dropout_prob=0.5, hidden_dropout_prob=0.5, initializer_range=0.02, c=9, alpha=0.1, cuda_condition=True, data_file='data/self_processed/Diginetica.txt', item_size=9441, checkpoint_path=PosixPath('/gpfs/home3/scur2771/BSARec/BSARec/src/hparam_search/BSARec_Diginetica/12367757_21/model.pt'), same_target_path='data/self_processed/Diginetica_same_target.npy')
2025-06-13 22:57:26,418 - BSARecModel(
  (item_embeddings): Embedding(9441, 64, padding_idx=0)
  (position_embeddings): Embedding(50, 64)
  (LayerNorm): LayerNorm()
  (dropout): Dropout(p=0.5, inplace=False)
  (item_encoder): BSARecEncoder(
    (blocks): ModuleList(
      (0): BSARecBlock(
        (layer): BSARecLayer(
          (filter_layer): FrequencyLayer(
            (out_dropout): Dropout(p=0.5, inplace=False)
            (LayerNorm): LayerNorm()
          )
          (attention_layer): MultiHeadAttention(
            (query): Linear(in_features=64, out_features=64, bias=True)
            (key): Linear(in_features=64, out_features=64, bias=True)
            (value): Linear(in_features=64, out_features=64, bias=True)
            (softmax): Softmax(dim=-1)
            (attn_dropout): Dropout(p=0.5, inplace=False)
            (dense): Linear(in_features=64, out_features=64, bias=True)
            (LayerNorm): LayerNorm((64,), eps=1e-12, elementwise_affine=True)
            (out_dropout): Dropout(p=0.5, inplace=False)
          )
        )
        (feed_forward): FeedForward(
          (dense_1): Linear(in_features=64, out_features=256, bias=True)
          (dense_2): Linear(in_features=256, out_features=64, bias=True)
          (LayerNorm): LayerNorm()
          (dropout): Dropout(p=0.5, inplace=False)
        )
      )
      (1): BSARecBlock(
        (layer): BSARecLayer(
          (filter_layer): FrequencyLayer(
            (out_dropout): Dropout(p=0.5, inplace=False)
            (LayerNorm): LayerNorm()
          )
          (attention_layer): MultiHeadAttention(
            (query): Linear(in_features=64, out_features=64, bias=True)
            (key): Linear(in_features=64, out_features=64, bias=True)
            (value): Linear(in_features=64, out_features=64, bias=True)
            (softmax): Softmax(dim=-1)
            (attn_dropout): Dropout(p=0.5, inplace=False)
            (dense): Linear(in_features=64, out_features=64, bias=True)
            (LayerNorm): LayerNorm((64,), eps=1e-12, elementwise_affine=True)
            (out_dropout): Dropout(p=0.5, inplace=False)
          )
        )
        (feed_forward): FeedForward(
          (dense_1): Linear(in_features=64, out_features=256, bias=True)
          (dense_2): Linear(in_features=256, out_features=64, bias=True)
          (LayerNorm): LayerNorm()
          (dropout): Dropout(p=0.5, inplace=False)
        )
      )
    )
  )
)
2025-06-13 22:57:28,586 - Total Parameters: 707904
2025-06-13 22:57:37,037 - {'epoch': 0, 'rec_loss': '8.6658'}
2025-06-13 22:57:41,263 - {'Epoch': 0, 'HR@5': '0.0359', 'NDCG@5': '0.0249', 'HR@10': '0.0509', 'NDCG@10': '0.0297', 'HR@20': '0.0695', 'NDCG@20': '0.0344'}
2025-06-13 22:57:41,265 - Validation score increased.  Saving model ...
2025-06-13 22:57:48,479 - {'epoch': 1, 'rec_loss': '7.4565'}
2025-06-13 22:57:52,777 - {'Epoch': 1, 'HR@5': '0.1033', 'NDCG@5': '0.0677', 'HR@10': '0.1566', 'NDCG@10': '0.0849', 'HR@20': '0.2166', 'NDCG@20': '0.1001'}
2025-06-13 22:57:52,778 - Validation score increased.  Saving model ...
2025-06-13 22:58:00,338 - {'epoch': 2, 'rec_loss': '6.2110'}
2025-06-13 22:58:04,642 - {'Epoch': 2, 'HR@5': '0.1371', 'NDCG@5': '0.0895', 'HR@10': '0.2039', 'NDCG@10': '0.1110', 'HR@20': '0.2870', 'NDCG@20': '0.1320'}
2025-06-13 22:58:04,643 - Validation score increased.  Saving model ...
2025-06-13 22:58:11,959 - {'epoch': 3, 'rec_loss': '5.5200'}
2025-06-13 22:58:16,308 - {'Epoch': 3, 'HR@5': '0.1530', 'NDCG@5': '0.1005', 'HR@10': '0.2297', 'NDCG@10': '0.1251', 'HR@20': '0.3238', 'NDCG@20': '0.1489'}
2025-06-13 22:58:16,308 - Validation score increased.  Saving model ...
2025-06-13 22:58:23,610 - {'epoch': 4, 'rec_loss': '5.1963'}
2025-06-13 22:58:28,029 - {'Epoch': 4, 'HR@5': '0.1611', 'NDCG@5': '0.1055', 'HR@10': '0.2423', 'NDCG@10': '0.1316', 'HR@20': '0.3389', 'NDCG@20': '0.1560'}
2025-06-13 22:58:28,030 - Validation score increased.  Saving model ...
2025-06-13 22:58:35,387 - {'epoch': 5, 'rec_loss': '5.0370'}
2025-06-13 22:58:39,692 - {'Epoch': 5, 'HR@5': '0.1637', 'NDCG@5': '0.1074', 'HR@10': '0.2484', 'NDCG@10': '0.1346', 'HR@20': '0.3464', 'NDCG@20': '0.1594'}
2025-06-13 22:58:39,694 - Validation score increased.  Saving model ...
2025-06-13 22:58:46,922 - {'epoch': 6, 'rec_loss': '4.9484'}
2025-06-13 22:58:51,239 - {'Epoch': 6, 'HR@5': '0.1683', 'NDCG@5': '0.1103', 'HR@10': '0.2544', 'NDCG@10': '0.1380', 'HR@20': '0.3524', 'NDCG@20': '0.1628'}
2025-06-13 22:58:51,241 - Validation score increased.  Saving model ...
2025-06-13 22:58:58,610 - {'epoch': 7, 'rec_loss': '4.8897'}
2025-06-13 22:59:02,910 - {'Epoch': 7, 'HR@5': '0.1689', 'NDCG@5': '0.1111', 'HR@10': '0.2555', 'NDCG@10': '0.1389', 'HR@20': '0.3562', 'NDCG@20': '0.1644'}
2025-06-13 22:59:02,911 - Validation score increased.  Saving model ...
2025-06-13 22:59:10,133 - {'epoch': 8, 'rec_loss': '4.8459'}
2025-06-13 22:59:14,532 - {'Epoch': 8, 'HR@5': '0.1693', 'NDCG@5': '0.1104', 'HR@10': '0.2556', 'NDCG@10': '0.1383', 'HR@20': '0.3584', 'NDCG@20': '0.1642'}
2025-06-13 22:59:14,534 - EarlyStopping counter: 1 out of 10
2025-06-13 22:59:21,777 - {'epoch': 9, 'rec_loss': '4.8086'}
2025-06-13 22:59:26,135 - {'Epoch': 9, 'HR@5': '0.1710', 'NDCG@5': '0.1119', 'HR@10': '0.2536', 'NDCG@10': '0.1385', 'HR@20': '0.3601', 'NDCG@20': '0.1655'}
2025-06-13 22:59:26,137 - Validation score increased.  Saving model ...
2025-06-13 22:59:33,391 - {'epoch': 10, 'rec_loss': '4.7804'}
2025-06-13 22:59:37,703 - {'Epoch': 10, 'HR@5': '0.1672', 'NDCG@5': '0.1097', 'HR@10': '0.2563', 'NDCG@10': '0.1384', 'HR@20': '0.3602', 'NDCG@20': '0.1647'}
2025-06-13 22:59:37,704 - EarlyStopping counter: 1 out of 10
2025-06-13 22:59:45,116 - {'epoch': 11, 'rec_loss': '4.7548'}
2025-06-13 22:59:49,479 - {'Epoch': 11, 'HR@5': '0.1707', 'NDCG@5': '0.1121', 'HR@10': '0.2569', 'NDCG@10': '0.1400', 'HR@20': '0.3597', 'NDCG@20': '0.1659'}
2025-06-13 22:59:49,481 - Validation score increased.  Saving model ...
2025-06-13 22:59:56,805 - {'epoch': 12, 'rec_loss': '4.7359'}
2025-06-13 23:00:01,150 - {'Epoch': 12, 'HR@5': '0.1689', 'NDCG@5': '0.1098', 'HR@10': '0.2572', 'NDCG@10': '0.1384', 'HR@20': '0.3601', 'NDCG@20': '0.1645'}
2025-06-13 23:00:01,152 - EarlyStopping counter: 1 out of 10
2025-06-13 23:00:08,413 - {'epoch': 13, 'rec_loss': '4.7201'}
2025-06-13 23:00:12,668 - {'Epoch': 13, 'HR@5': '0.1718', 'NDCG@5': '0.1126', 'HR@10': '0.2578', 'NDCG@10': '0.1403', 'HR@20': '0.3597', 'NDCG@20': '0.1661'}
2025-06-13 23:00:12,671 - Validation score increased.  Saving model ...
2025-06-13 23:00:19,886 - {'epoch': 14, 'rec_loss': '4.7012'}
2025-06-13 23:00:24,247 - {'Epoch': 14, 'HR@5': '0.1722', 'NDCG@5': '0.1123', 'HR@10': '0.2576', 'NDCG@10': '0.1398', 'HR@20': '0.3613', 'NDCG@20': '0.1659'}
2025-06-13 23:00:24,248 - EarlyStopping counter: 1 out of 10
2025-06-13 23:00:31,580 - {'epoch': 15, 'rec_loss': '4.6915'}
2025-06-13 23:00:35,931 - {'Epoch': 15, 'HR@5': '0.1699', 'NDCG@5': '0.1110', 'HR@10': '0.2589', 'NDCG@10': '0.1397', 'HR@20': '0.3617', 'NDCG@20': '0.1657'}
2025-06-13 23:00:35,933 - EarlyStopping counter: 2 out of 10
2025-06-13 23:00:43,165 - {'epoch': 16, 'rec_loss': '4.6759'}
2025-06-13 23:00:47,465 - {'Epoch': 16, 'HR@5': '0.1680', 'NDCG@5': '0.1101', 'HR@10': '0.2582', 'NDCG@10': '0.1392', 'HR@20': '0.3616', 'NDCG@20': '0.1652'}
2025-06-13 23:00:47,467 - EarlyStopping counter: 3 out of 10
2025-06-13 23:00:54,733 - {'epoch': 17, 'rec_loss': '4.6643'}
2025-06-13 23:00:59,124 - {'Epoch': 17, 'HR@5': '0.1723', 'NDCG@5': '0.1119', 'HR@10': '0.2586', 'NDCG@10': '0.1397', 'HR@20': '0.3595', 'NDCG@20': '0.1651'}
2025-06-13 23:00:59,126 - EarlyStopping counter: 4 out of 10
2025-06-13 23:01:06,497 - {'epoch': 18, 'rec_loss': '4.6503'}
2025-06-13 23:01:10,841 - {'Epoch': 18, 'HR@5': '0.1725', 'NDCG@5': '0.1125', 'HR@10': '0.2579', 'NDCG@10': '0.1400', 'HR@20': '0.3595', 'NDCG@20': '0.1656'}
2025-06-13 23:01:10,842 - EarlyStopping counter: 5 out of 10
2025-06-13 23:01:18,105 - {'epoch': 19, 'rec_loss': '4.6440'}
2025-06-13 23:01:22,422 - {'Epoch': 19, 'HR@5': '0.1706', 'NDCG@5': '0.1106', 'HR@10': '0.2582', 'NDCG@10': '0.1388', 'HR@20': '0.3600', 'NDCG@20': '0.1645'}
2025-06-13 23:01:22,424 - EarlyStopping counter: 6 out of 10
2025-06-13 23:01:29,706 - {'epoch': 20, 'rec_loss': '4.6317'}
2025-06-13 23:01:34,097 - {'Epoch': 20, 'HR@5': '0.1717', 'NDCG@5': '0.1122', 'HR@10': '0.2608', 'NDCG@10': '0.1410', 'HR@20': '0.3619', 'NDCG@20': '0.1665'}
2025-06-13 23:01:34,100 - Validation score increased.  Saving model ...
2025-06-13 23:01:41,436 - {'epoch': 21, 'rec_loss': '4.6243'}
2025-06-13 23:01:45,802 - {'Epoch': 21, 'HR@5': '0.1709', 'NDCG@5': '0.1111', 'HR@10': '0.2617', 'NDCG@10': '0.1404', 'HR@20': '0.3612', 'NDCG@20': '0.1655'}
2025-06-13 23:01:45,803 - EarlyStopping counter: 1 out of 10
2025-06-13 23:01:53,139 - {'epoch': 22, 'rec_loss': '4.6210'}
2025-06-13 23:01:57,441 - {'Epoch': 22, 'HR@5': '0.1714', 'NDCG@5': '0.1121', 'HR@10': '0.2612', 'NDCG@10': '0.1411', 'HR@20': '0.3651', 'NDCG@20': '0.1673'}
2025-06-13 23:01:57,444 - Validation score increased.  Saving model ...
2025-06-13 23:02:04,899 - {'epoch': 23, 'rec_loss': '4.6079'}
2025-06-13 23:02:09,169 - {'Epoch': 23, 'HR@5': '0.1703', 'NDCG@5': '0.1103', 'HR@10': '0.2567', 'NDCG@10': '0.1383', 'HR@20': '0.3587', 'NDCG@20': '0.1641'}
2025-06-13 23:02:09,170 - EarlyStopping counter: 1 out of 10
2025-06-13 23:02:16,440 - {'epoch': 24, 'rec_loss': '4.6016'}
2025-06-13 23:02:20,784 - {'Epoch': 24, 'HR@5': '0.1702', 'NDCG@5': '0.1103', 'HR@10': '0.2611', 'NDCG@10': '0.1397', 'HR@20': '0.3621', 'NDCG@20': '0.1652'}
2025-06-13 23:02:20,786 - EarlyStopping counter: 2 out of 10
2025-06-13 23:02:28,165 - {'epoch': 25, 'rec_loss': '4.5874'}
2025-06-13 23:02:32,565 - {'Epoch': 25, 'HR@5': '0.1751', 'NDCG@5': '0.1147', 'HR@10': '0.2601', 'NDCG@10': '0.1422', 'HR@20': '0.3641', 'NDCG@20': '0.1685'}
2025-06-13 23:02:32,567 - Validation score increased.  Saving model ...
2025-06-13 23:02:39,916 - {'epoch': 26, 'rec_loss': '4.5866'}
2025-06-13 23:02:44,231 - {'Epoch': 26, 'HR@5': '0.1726', 'NDCG@5': '0.1131', 'HR@10': '0.2604', 'NDCG@10': '0.1413', 'HR@20': '0.3607', 'NDCG@20': '0.1666'}
2025-06-13 23:02:44,233 - EarlyStopping counter: 1 out of 10
2025-06-13 23:02:51,526 - {'epoch': 27, 'rec_loss': '4.5778'}
2025-06-13 23:02:55,864 - {'Epoch': 27, 'HR@5': '0.1715', 'NDCG@5': '0.1130', 'HR@10': '0.2609', 'NDCG@10': '0.1418', 'HR@20': '0.3603', 'NDCG@20': '0.1669'}
2025-06-13 23:02:55,865 - EarlyStopping counter: 2 out of 10
2025-06-13 23:03:03,228 - {'epoch': 28, 'rec_loss': '4.5744'}
2025-06-13 23:03:07,617 - {'Epoch': 28, 'HR@5': '0.1726', 'NDCG@5': '0.1139', 'HR@10': '0.2611', 'NDCG@10': '0.1424', 'HR@20': '0.3630', 'NDCG@20': '0.1681'}
2025-06-13 23:03:07,619 - EarlyStopping counter: 3 out of 10
2025-06-13 23:03:14,855 - {'epoch': 29, 'rec_loss': '4.5623'}
2025-06-13 23:03:19,273 - {'Epoch': 29, 'HR@5': '0.1705', 'NDCG@5': '0.1132', 'HR@10': '0.2561', 'NDCG@10': '0.1408', 'HR@20': '0.3593', 'NDCG@20': '0.1669'}
2025-06-13 23:03:19,275 - EarlyStopping counter: 4 out of 10
2025-06-13 23:03:26,554 - {'epoch': 30, 'rec_loss': '4.5605'}
2025-06-13 23:03:30,883 - {'Epoch': 30, 'HR@5': '0.1697', 'NDCG@5': '0.1112', 'HR@10': '0.2592', 'NDCG@10': '0.1401', 'HR@20': '0.3626', 'NDCG@20': '0.1663'}
2025-06-13 23:03:30,885 - EarlyStopping counter: 5 out of 10
2025-06-13 23:03:38,076 - {'epoch': 31, 'rec_loss': '4.5520'}
2025-06-13 23:03:42,406 - {'Epoch': 31, 'HR@5': '0.1696', 'NDCG@5': '0.1121', 'HR@10': '0.2592', 'NDCG@10': '0.1411', 'HR@20': '0.3611', 'NDCG@20': '0.1669'}
2025-06-13 23:03:42,409 - EarlyStopping counter: 6 out of 10
2025-06-13 23:03:49,742 - {'epoch': 32, 'rec_loss': '4.5474'}
2025-06-13 23:03:54,068 - {'Epoch': 32, 'HR@5': '0.1700', 'NDCG@5': '0.1108', 'HR@10': '0.2592', 'NDCG@10': '0.1395', 'HR@20': '0.3627', 'NDCG@20': '0.1657'}
2025-06-13 23:03:54,070 - EarlyStopping counter: 7 out of 10
2025-06-13 23:04:01,410 - {'epoch': 33, 'rec_loss': '4.5399'}
2025-06-13 23:04:05,772 - {'Epoch': 33, 'HR@5': '0.1706', 'NDCG@5': '0.1118', 'HR@10': '0.2603', 'NDCG@10': '0.1407', 'HR@20': '0.3638', 'NDCG@20': '0.1668'}
2025-06-13 23:04:05,773 - EarlyStopping counter: 8 out of 10
2025-06-13 23:04:13,253 - {'epoch': 34, 'rec_loss': '4.5377'}
2025-06-13 23:04:17,672 - {'Epoch': 34, 'HR@5': '0.1747', 'NDCG@5': '0.1141', 'HR@10': '0.2609', 'NDCG@10': '0.1418', 'HR@20': '0.3622', 'NDCG@20': '0.1674'}
2025-06-13 23:04:17,673 - EarlyStopping counter: 9 out of 10
2025-06-13 23:04:25,235 - {'epoch': 35, 'rec_loss': '4.5297'}
2025-06-13 23:04:29,653 - {'Epoch': 35, 'HR@5': '0.1680', 'NDCG@5': '0.1101', 'HR@10': '0.2576', 'NDCG@10': '0.1390', 'HR@20': '0.3602', 'NDCG@20': '0.1649'}
2025-06-13 23:04:29,654 - EarlyStopping counter: 10 out of 10
2025-06-13 23:04:29,655 - Early stopping
2025-06-13 23:04:29,655 - ---------------Validation Score---------------
2025-06-13 23:04:34,063 - {'Epoch': 0, 'HR@5': '0.1751', 'NDCG@5': '0.1147', 'HR@10': '0.2601', 'NDCG@10': '0.1422', 'HR@20': '0.3641', 'NDCG@20': '0.1685'}
2025-06-13 23:04:34,065 - BSARec_Diginetica
2025-06-13 23:04:34,065 - {'Epoch': 0, 'HR@5': '0.1751', 'NDCG@5': '0.1147', 'HR@10': '0.2601', 'NDCG@10': '0.1422', 'HR@20': '0.3641', 'NDCG@20': '0.1685'}
