2025-06-14 00:03:26,923 - Namespace(data_dir='data/self_processed/', output_dir='hparam_search/', data_name='Diginetica', train_name='BSARec_Diginetica', num_items=10, num_users=14829, lr=0.0005, batch_size=256, epochs=200, no_cuda=False, log_freq=1, patience=10, num_workers=4, seed=42, weight_decay=0.0, adam_beta1=0.9, adam_beta2=0.999, gpu_id='0', variance=5, model_type='BSARec', max_seq_length=50, hidden_size=64, num_hidden_layers=2, hidden_act='gelu', num_attention_heads=1, attention_probs_dropout_prob=0.5, hidden_dropout_prob=0.5, initializer_range=0.02, c=7, alpha=0.1, cuda_condition=True, data_file='data/self_processed/Diginetica.txt', item_size=9441, checkpoint_path=PosixPath('/gpfs/home3/scur2771/BSARec/BSARec/src/hparam_search/BSARec_Diginetica/12367757_91/model.pt'), same_target_path='data/self_processed/Diginetica_same_target.npy')
2025-06-14 00:03:26,941 - BSARecModel(
  (item_embeddings): Embedding(9441, 64, padding_idx=0)
  (position_embeddings): Embedding(50, 64)
  (LayerNorm): LayerNorm()
  (dropout): Dropout(p=0.5, inplace=False)
  (item_encoder): BSARecEncoder(
    (blocks): ModuleList(
      (0): BSARecBlock(
        (layer): BSARecLayer(
          (filter_layer): FrequencyLayer(
            (out_dropout): Dropout(p=0.5, inplace=False)
            (LayerNorm): LayerNorm()
          )
          (attention_layer): MultiHeadAttention(
            (query): Linear(in_features=64, out_features=64, bias=True)
            (key): Linear(in_features=64, out_features=64, bias=True)
            (value): Linear(in_features=64, out_features=64, bias=True)
            (softmax): Softmax(dim=-1)
            (attn_dropout): Dropout(p=0.5, inplace=False)
            (dense): Linear(in_features=64, out_features=64, bias=True)
            (LayerNorm): LayerNorm((64,), eps=1e-12, elementwise_affine=True)
            (out_dropout): Dropout(p=0.5, inplace=False)
          )
        )
        (feed_forward): FeedForward(
          (dense_1): Linear(in_features=64, out_features=256, bias=True)
          (dense_2): Linear(in_features=256, out_features=64, bias=True)
          (LayerNorm): LayerNorm()
          (dropout): Dropout(p=0.5, inplace=False)
        )
      )
      (1): BSARecBlock(
        (layer): BSARecLayer(
          (filter_layer): FrequencyLayer(
            (out_dropout): Dropout(p=0.5, inplace=False)
            (LayerNorm): LayerNorm()
          )
          (attention_layer): MultiHeadAttention(
            (query): Linear(in_features=64, out_features=64, bias=True)
            (key): Linear(in_features=64, out_features=64, bias=True)
            (value): Linear(in_features=64, out_features=64, bias=True)
            (softmax): Softmax(dim=-1)
            (attn_dropout): Dropout(p=0.5, inplace=False)
            (dense): Linear(in_features=64, out_features=64, bias=True)
            (LayerNorm): LayerNorm((64,), eps=1e-12, elementwise_affine=True)
            (out_dropout): Dropout(p=0.5, inplace=False)
          )
        )
        (feed_forward): FeedForward(
          (dense_1): Linear(in_features=64, out_features=256, bias=True)
          (dense_2): Linear(in_features=256, out_features=64, bias=True)
          (LayerNorm): LayerNorm()
          (dropout): Dropout(p=0.5, inplace=False)
        )
      )
    )
  )
)
2025-06-14 00:03:29,131 - Total Parameters: 707904
2025-06-14 00:03:37,630 - {'epoch': 0, 'rec_loss': '8.8015'}
2025-06-14 00:03:41,773 - {'Epoch': 0, 'HR@5': '0.0082', 'NDCG@5': '0.0056', 'HR@10': '0.0130', 'NDCG@10': '0.0072', 'HR@20': '0.0199', 'NDCG@20': '0.0089'}
2025-06-14 00:03:41,775 - Validation score increased.  Saving model ...
2025-06-14 00:03:49,177 - {'epoch': 1, 'rec_loss': '8.3145'}
2025-06-14 00:03:53,380 - {'Epoch': 1, 'HR@5': '0.0506', 'NDCG@5': '0.0353', 'HR@10': '0.0748', 'NDCG@10': '0.0432', 'HR@20': '0.1004', 'NDCG@20': '0.0496'}
2025-06-14 00:03:53,381 - Validation score increased.  Saving model ...
2025-06-14 00:04:00,773 - {'epoch': 2, 'rec_loss': '7.5999'}
2025-06-14 00:04:05,044 - {'Epoch': 2, 'HR@5': '0.0916', 'NDCG@5': '0.0606', 'HR@10': '0.1391', 'NDCG@10': '0.0759', 'HR@20': '0.1919', 'NDCG@20': '0.0892'}
2025-06-14 00:04:05,045 - Validation score increased.  Saving model ...
2025-06-14 00:04:12,329 - {'epoch': 3, 'rec_loss': '6.8035'}
2025-06-14 00:04:16,646 - {'Epoch': 3, 'HR@5': '0.1156', 'NDCG@5': '0.0758', 'HR@10': '0.1749', 'NDCG@10': '0.0948', 'HR@20': '0.2414', 'NDCG@20': '0.1116'}
2025-06-14 00:04:16,647 - Validation score increased.  Saving model ...
2025-06-14 00:04:24,085 - {'epoch': 4, 'rec_loss': '6.1692'}
2025-06-14 00:04:28,359 - {'Epoch': 4, 'HR@5': '0.1296', 'NDCG@5': '0.0852', 'HR@10': '0.1986', 'NDCG@10': '0.1074', 'HR@20': '0.2770', 'NDCG@20': '0.1272'}
2025-06-14 00:04:28,360 - Validation score increased.  Saving model ...
2025-06-14 00:04:35,877 - {'epoch': 5, 'rec_loss': '5.7181'}
2025-06-14 00:04:40,210 - {'Epoch': 5, 'HR@5': '0.1452', 'NDCG@5': '0.0945', 'HR@10': '0.2161', 'NDCG@10': '0.1173', 'HR@20': '0.3021', 'NDCG@20': '0.1389'}
2025-06-14 00:04:40,211 - Validation score increased.  Saving model ...
2025-06-14 00:04:47,619 - {'epoch': 6, 'rec_loss': '5.4108'}
2025-06-14 00:04:51,902 - {'Epoch': 6, 'HR@5': '0.1525', 'NDCG@5': '0.1002', 'HR@10': '0.2286', 'NDCG@10': '0.1247', 'HR@20': '0.3203', 'NDCG@20': '0.1478'}
2025-06-14 00:04:51,903 - Validation score increased.  Saving model ...
2025-06-14 00:04:59,294 - {'epoch': 7, 'rec_loss': '5.1945'}
2025-06-14 00:05:03,662 - {'Epoch': 7, 'HR@5': '0.1578', 'NDCG@5': '0.1036', 'HR@10': '0.2377', 'NDCG@10': '0.1293', 'HR@20': '0.3342', 'NDCG@20': '0.1537'}
2025-06-14 00:05:03,668 - Validation score increased.  Saving model ...
2025-06-14 00:05:11,046 - {'epoch': 8, 'rec_loss': '5.0449'}
2025-06-14 00:05:15,308 - {'Epoch': 8, 'HR@5': '0.1644', 'NDCG@5': '0.1077', 'HR@10': '0.2477', 'NDCG@10': '0.1345', 'HR@20': '0.3423', 'NDCG@20': '0.1584'}
2025-06-14 00:05:15,310 - Validation score increased.  Saving model ...
2025-06-14 00:05:22,739 - {'epoch': 9, 'rec_loss': '4.9387'}
2025-06-14 00:05:27,022 - {'Epoch': 9, 'HR@5': '0.1693', 'NDCG@5': '0.1101', 'HR@10': '0.2505', 'NDCG@10': '0.1361', 'HR@20': '0.3500', 'NDCG@20': '0.1613'}
2025-06-14 00:05:27,024 - Validation score increased.  Saving model ...
2025-06-14 00:05:34,341 - {'epoch': 10, 'rec_loss': '4.8594'}
2025-06-14 00:05:38,692 - {'Epoch': 10, 'HR@5': '0.1681', 'NDCG@5': '0.1099', 'HR@10': '0.2529', 'NDCG@10': '0.1372', 'HR@20': '0.3534', 'NDCG@20': '0.1626'}
2025-06-14 00:05:38,693 - Validation score increased.  Saving model ...
2025-06-14 00:05:46,089 - {'epoch': 11, 'rec_loss': '4.7992'}
2025-06-14 00:05:50,339 - {'Epoch': 11, 'HR@5': '0.1700', 'NDCG@5': '0.1126', 'HR@10': '0.2578', 'NDCG@10': '0.1408', 'HR@20': '0.3562', 'NDCG@20': '0.1657'}
2025-06-14 00:05:50,342 - Validation score increased.  Saving model ...
2025-06-14 00:05:57,735 - {'epoch': 12, 'rec_loss': '4.7593'}
2025-06-14 00:06:02,014 - {'Epoch': 12, 'HR@5': '0.1717', 'NDCG@5': '0.1122', 'HR@10': '0.2600', 'NDCG@10': '0.1406', 'HR@20': '0.3579', 'NDCG@20': '0.1654'}
2025-06-14 00:06:02,015 - EarlyStopping counter: 1 out of 10
2025-06-14 00:06:09,345 - {'epoch': 13, 'rec_loss': '4.7247'}
2025-06-14 00:06:13,628 - {'Epoch': 13, 'HR@5': '0.1707', 'NDCG@5': '0.1128', 'HR@10': '0.2589', 'NDCG@10': '0.1413', 'HR@20': '0.3607', 'NDCG@20': '0.1671'}
2025-06-14 00:06:13,631 - Validation score increased.  Saving model ...
2025-06-14 00:06:20,993 - {'epoch': 14, 'rec_loss': '4.6982'}
2025-06-14 00:06:25,310 - {'Epoch': 14, 'HR@5': '0.1722', 'NDCG@5': '0.1134', 'HR@10': '0.2617', 'NDCG@10': '0.1422', 'HR@20': '0.3611', 'NDCG@20': '0.1674'}
2025-06-14 00:06:25,312 - Validation score increased.  Saving model ...
2025-06-14 00:06:32,694 - {'epoch': 15, 'rec_loss': '4.6794'}
2025-06-14 00:06:37,045 - {'Epoch': 15, 'HR@5': '0.1702', 'NDCG@5': '0.1135', 'HR@10': '0.2603', 'NDCG@10': '0.1425', 'HR@20': '0.3634', 'NDCG@20': '0.1686'}
2025-06-14 00:06:37,046 - Validation score increased.  Saving model ...
2025-06-14 00:06:44,411 - {'epoch': 16, 'rec_loss': '4.6592'}
2025-06-14 00:06:48,659 - {'Epoch': 16, 'HR@5': '0.1725', 'NDCG@5': '0.1132', 'HR@10': '0.2623', 'NDCG@10': '0.1422', 'HR@20': '0.3625', 'NDCG@20': '0.1675'}
2025-06-14 00:06:48,661 - EarlyStopping counter: 1 out of 10
2025-06-14 00:06:56,063 - {'epoch': 17, 'rec_loss': '4.6400'}
2025-06-14 00:07:00,399 - {'Epoch': 17, 'HR@5': '0.1745', 'NDCG@5': '0.1143', 'HR@10': '0.2625', 'NDCG@10': '0.1426', 'HR@20': '0.3644', 'NDCG@20': '0.1682'}
2025-06-14 00:07:00,399 - EarlyStopping counter: 2 out of 10
2025-06-14 00:07:07,769 - {'epoch': 18, 'rec_loss': '4.6250'}
2025-06-14 00:07:12,120 - {'Epoch': 18, 'HR@5': '0.1752', 'NDCG@5': '0.1147', 'HR@10': '0.2611', 'NDCG@10': '0.1425', 'HR@20': '0.3644', 'NDCG@20': '0.1686'}
2025-06-14 00:07:12,121 - EarlyStopping counter: 3 out of 10
2025-06-14 00:07:19,550 - {'epoch': 19, 'rec_loss': '4.6163'}
2025-06-14 00:07:23,912 - {'Epoch': 19, 'HR@5': '0.1750', 'NDCG@5': '0.1140', 'HR@10': '0.2636', 'NDCG@10': '0.1425', 'HR@20': '0.3647', 'NDCG@20': '0.1680'}
2025-06-14 00:07:23,913 - EarlyStopping counter: 4 out of 10
2025-06-14 00:07:31,329 - {'epoch': 20, 'rec_loss': '4.6019'}
2025-06-14 00:07:35,731 - {'Epoch': 20, 'HR@5': '0.1757', 'NDCG@5': '0.1154', 'HR@10': '0.2634', 'NDCG@10': '0.1437', 'HR@20': '0.3656', 'NDCG@20': '0.1696'}
2025-06-14 00:07:35,734 - Validation score increased.  Saving model ...
2025-06-14 00:07:43,037 - {'epoch': 21, 'rec_loss': '4.5939'}
2025-06-14 00:07:47,358 - {'Epoch': 21, 'HR@5': '0.1764', 'NDCG@5': '0.1151', 'HR@10': '0.2629', 'NDCG@10': '0.1430', 'HR@20': '0.3659', 'NDCG@20': '0.1690'}
2025-06-14 00:07:47,360 - EarlyStopping counter: 1 out of 10
2025-06-14 00:07:54,749 - {'epoch': 22, 'rec_loss': '4.5852'}
2025-06-14 00:07:59,147 - {'Epoch': 22, 'HR@5': '0.1769', 'NDCG@5': '0.1155', 'HR@10': '0.2661', 'NDCG@10': '0.1442', 'HR@20': '0.3678', 'NDCG@20': '0.1699'}
2025-06-14 00:07:59,148 - Validation score increased.  Saving model ...
2025-06-14 00:08:06,591 - {'epoch': 23, 'rec_loss': '4.5760'}
2025-06-14 00:08:10,948 - {'Epoch': 23, 'HR@5': '0.1741', 'NDCG@5': '0.1130', 'HR@10': '0.2614', 'NDCG@10': '0.1411', 'HR@20': '0.3660', 'NDCG@20': '0.1676'}
2025-06-14 00:08:10,948 - EarlyStopping counter: 1 out of 10
2025-06-14 00:08:18,402 - {'epoch': 24, 'rec_loss': '4.5710'}
2025-06-14 00:08:22,831 - {'Epoch': 24, 'HR@5': '0.1750', 'NDCG@5': '0.1141', 'HR@10': '0.2627', 'NDCG@10': '0.1424', 'HR@20': '0.3667', 'NDCG@20': '0.1687'}
2025-06-14 00:08:22,831 - EarlyStopping counter: 2 out of 10
2025-06-14 00:08:30,273 - {'epoch': 25, 'rec_loss': '4.5553'}
2025-06-14 00:08:34,592 - {'Epoch': 25, 'HR@5': '0.1773', 'NDCG@5': '0.1162', 'HR@10': '0.2635', 'NDCG@10': '0.1440', 'HR@20': '0.3680', 'NDCG@20': '0.1705'}
2025-06-14 00:08:34,594 - Validation score increased.  Saving model ...
2025-06-14 00:08:42,084 - {'epoch': 26, 'rec_loss': '4.5552'}
2025-06-14 00:08:46,416 - {'Epoch': 26, 'HR@5': '0.1754', 'NDCG@5': '0.1149', 'HR@10': '0.2624', 'NDCG@10': '0.1429', 'HR@20': '0.3663', 'NDCG@20': '0.1693'}
2025-06-14 00:08:46,416 - EarlyStopping counter: 1 out of 10
2025-06-14 00:08:53,791 - {'epoch': 27, 'rec_loss': '4.5470'}
2025-06-14 00:08:58,195 - {'Epoch': 27, 'HR@5': '0.1749', 'NDCG@5': '0.1146', 'HR@10': '0.2638', 'NDCG@10': '0.1434', 'HR@20': '0.3648', 'NDCG@20': '0.1689'}
2025-06-14 00:08:58,196 - EarlyStopping counter: 2 out of 10
2025-06-14 00:09:05,604 - {'epoch': 28, 'rec_loss': '4.5430'}
2025-06-14 00:09:09,903 - {'Epoch': 28, 'HR@5': '0.1749', 'NDCG@5': '0.1145', 'HR@10': '0.2639', 'NDCG@10': '0.1432', 'HR@20': '0.3682', 'NDCG@20': '0.1696'}
2025-06-14 00:09:09,905 - EarlyStopping counter: 3 out of 10
2025-06-14 00:09:17,252 - {'epoch': 29, 'rec_loss': '4.5318'}
2025-06-14 00:09:21,514 - {'Epoch': 29, 'HR@5': '0.1753', 'NDCG@5': '0.1158', 'HR@10': '0.2625', 'NDCG@10': '0.1439', 'HR@20': '0.3637', 'NDCG@20': '0.1694'}
2025-06-14 00:09:21,515 - EarlyStopping counter: 4 out of 10
2025-06-14 00:09:28,957 - {'epoch': 30, 'rec_loss': '4.5279'}
2025-06-14 00:09:33,257 - {'Epoch': 30, 'HR@5': '0.1764', 'NDCG@5': '0.1152', 'HR@10': '0.2629', 'NDCG@10': '0.1431', 'HR@20': '0.3667', 'NDCG@20': '0.1693'}
2025-06-14 00:09:33,259 - EarlyStopping counter: 5 out of 10
2025-06-14 00:09:40,540 - {'epoch': 31, 'rec_loss': '4.5245'}
2025-06-14 00:09:44,896 - {'Epoch': 31, 'HR@5': '0.1738', 'NDCG@5': '0.1143', 'HR@10': '0.2640', 'NDCG@10': '0.1435', 'HR@20': '0.3664', 'NDCG@20': '0.1694'}
2025-06-14 00:09:44,898 - EarlyStopping counter: 6 out of 10
2025-06-14 00:09:52,216 - {'epoch': 32, 'rec_loss': '4.5200'}
2025-06-14 00:09:56,558 - {'Epoch': 32, 'HR@5': '0.1749', 'NDCG@5': '0.1139', 'HR@10': '0.2651', 'NDCG@10': '0.1429', 'HR@20': '0.3644', 'NDCG@20': '0.1680'}
2025-06-14 00:09:56,560 - EarlyStopping counter: 7 out of 10
2025-06-14 00:10:03,952 - {'epoch': 33, 'rec_loss': '4.5121'}
2025-06-14 00:10:08,339 - {'Epoch': 33, 'HR@5': '0.1742', 'NDCG@5': '0.1138', 'HR@10': '0.2645', 'NDCG@10': '0.1428', 'HR@20': '0.3671', 'NDCG@20': '0.1686'}
2025-06-14 00:10:08,342 - EarlyStopping counter: 8 out of 10
2025-06-14 00:10:15,761 - {'epoch': 34, 'rec_loss': '4.5084'}
2025-06-14 00:10:20,080 - {'Epoch': 34, 'HR@5': '0.1764', 'NDCG@5': '0.1154', 'HR@10': '0.2644', 'NDCG@10': '0.1438', 'HR@20': '0.3650', 'NDCG@20': '0.1691'}
2025-06-14 00:10:20,082 - EarlyStopping counter: 9 out of 10
2025-06-14 00:10:27,490 - {'epoch': 35, 'rec_loss': '4.5037'}
2025-06-14 00:10:31,820 - {'Epoch': 35, 'HR@5': '0.1741', 'NDCG@5': '0.1144', 'HR@10': '0.2615', 'NDCG@10': '0.1425', 'HR@20': '0.3632', 'NDCG@20': '0.1683'}
2025-06-14 00:10:31,823 - EarlyStopping counter: 10 out of 10
2025-06-14 00:10:31,823 - Early stopping
2025-06-14 00:10:31,823 - ---------------Validation Score---------------
2025-06-14 00:10:36,140 - {'Epoch': 0, 'HR@5': '0.1773', 'NDCG@5': '0.1162', 'HR@10': '0.2635', 'NDCG@10': '0.1440', 'HR@20': '0.3680', 'NDCG@20': '0.1705'}
2025-06-14 00:10:36,141 - BSARec_Diginetica
2025-06-14 00:10:36,142 - {'Epoch': 0, 'HR@5': '0.1773', 'NDCG@5': '0.1162', 'HR@10': '0.2635', 'NDCG@10': '0.1440', 'HR@20': '0.3680', 'NDCG@20': '0.1705'}
