2025-06-13 20:21:28,279 - Namespace(data_dir='./data/', output_dir='hparam_search/', data_name='LastFM', train_name='FEARec_LastFM', num_items=10, num_users=1091, lr=0.0005, batch_size=256, epochs=200, no_cuda=False, log_freq=1, patience=10, num_workers=4, seed=42, weight_decay=0.0, adam_beta1=0.9, adam_beta2=0.999, gpu_id='0', variance=5, model_type='FEARec', max_seq_length=50, hidden_size=64, num_hidden_layers=2, hidden_act='gelu', num_attention_heads=2, attention_probs_dropout_prob=0.5, hidden_dropout_prob=0.5, initializer_range=0.02, tau=1.0, lmd=0.1, lmd_sem=0.1, ssl='us_x', sim='dot', spatial_ratio=0.1, global_ratio=0.6, fredom_type='us_x', fredom='True', cuda_condition=True, data_file='./data/LastFM.txt', item_size=3647, checkpoint_path=PosixPath('/gpfs/home3/scur2771/BSARec/BSARec/src/hparam_search/FEARec_LastFM/12364666_5/model.pt'), same_target_path='./data/LastFM_same_target.npy')
2025-06-13 20:21:28,293 - FEARecModel(
  (item_embeddings): Embedding(3647, 64, padding_idx=0)
  (position_embeddings): Embedding(50, 64)
  (LayerNorm): LayerNorm()
  (dropout): Dropout(p=0.5, inplace=False)
  (item_encoder): FEARecEncoder(
    (blocks): ModuleList(
      (0): FEARecBlock(
        (layer): FEARecLayer(
          (dropout): Dropout(p=0.1, inplace=False)
          (attn_dropout): Dropout(p=0.5, inplace=False)
          (LayerNorm): LayerNorm()
          (out_dropout): Dropout(p=0.5, inplace=False)
          (dense): Linear(in_features=64, out_features=64, bias=True)
          (query): Linear(in_features=64, out_features=64, bias=True)
          (key): Linear(in_features=64, out_features=64, bias=True)
          (value): Linear(in_features=64, out_features=64, bias=True)
        )
        (feed_forward): FeedForward(
          (dense_1): Linear(in_features=64, out_features=256, bias=True)
          (dense_2): Linear(in_features=256, out_features=64, bias=True)
          (LayerNorm): LayerNorm()
          (dropout): Dropout(p=0.5, inplace=False)
        )
      )
      (1): FEARecBlock(
        (layer): FEARecLayer(
          (dropout): Dropout(p=0.1, inplace=False)
          (attn_dropout): Dropout(p=0.5, inplace=False)
          (LayerNorm): LayerNorm()
          (out_dropout): Dropout(p=0.5, inplace=False)
          (dense): Linear(in_features=64, out_features=64, bias=True)
          (query): Linear(in_features=64, out_features=64, bias=True)
          (key): Linear(in_features=64, out_features=64, bias=True)
          (value): Linear(in_features=64, out_features=64, bias=True)
        )
        (feed_forward): FeedForward(
          (dense_1): Linear(in_features=64, out_features=256, bias=True)
          (dense_2): Linear(in_features=256, out_features=64, bias=True)
          (LayerNorm): LayerNorm()
          (dropout): Dropout(p=0.5, inplace=False)
        )
      )
    )
  )
  (aug_nce_fct): CrossEntropyLoss()
)
2025-06-13 20:21:30,680 - Total Parameters: 336704
2025-06-13 20:21:55,514 - {'epoch': 0, 'rec_loss': '9.1084'}
2025-06-13 20:21:56,432 - {'Epoch': 0, 'HR@5': '0.0193', 'NDCG@5': '0.0120', 'HR@10': '0.0312', 'NDCG@10': '0.0159', 'HR@20': '0.0578', 'NDCG@20': '0.0224'}
2025-06-13 20:21:56,435 - Validation score increased.  Saving model ...
2025-06-13 20:22:20,294 - {'epoch': 1, 'rec_loss': '8.6560'}
2025-06-13 20:22:21,245 - {'Epoch': 1, 'HR@5': '0.0257', 'NDCG@5': '0.0146', 'HR@10': '0.0422', 'NDCG@10': '0.0200', 'HR@20': '0.0606', 'NDCG@20': '0.0245'}
2025-06-13 20:22:21,248 - Validation score increased.  Saving model ...
2025-06-13 20:22:44,942 - {'epoch': 2, 'rec_loss': '8.5568'}
2025-06-13 20:22:45,789 - {'Epoch': 2, 'HR@5': '0.0239', 'NDCG@5': '0.0161', 'HR@10': '0.0376', 'NDCG@10': '0.0206', 'HR@20': '0.0624', 'NDCG@20': '0.0269'}
2025-06-13 20:22:45,791 - Validation score increased.  Saving model ...
2025-06-13 20:23:09,660 - {'epoch': 3, 'rec_loss': '8.5205'}
2025-06-13 20:23:10,593 - {'Epoch': 3, 'HR@5': '0.0220', 'NDCG@5': '0.0142', 'HR@10': '0.0385', 'NDCG@10': '0.0194', 'HR@20': '0.0642', 'NDCG@20': '0.0258'}
2025-06-13 20:23:10,596 - EarlyStopping counter: 1 out of 10
2025-06-13 20:23:34,231 - {'epoch': 4, 'rec_loss': '8.4967'}
2025-06-13 20:23:35,151 - {'Epoch': 4, 'HR@5': '0.0193', 'NDCG@5': '0.0131', 'HR@10': '0.0321', 'NDCG@10': '0.0173', 'HR@20': '0.0642', 'NDCG@20': '0.0254'}
2025-06-13 20:23:35,154 - EarlyStopping counter: 2 out of 10
2025-06-13 20:23:58,945 - {'epoch': 5, 'rec_loss': '8.4810'}
2025-06-13 20:23:59,788 - {'Epoch': 5, 'HR@5': '0.0202', 'NDCG@5': '0.0135', 'HR@10': '0.0376', 'NDCG@10': '0.0192', 'HR@20': '0.0633', 'NDCG@20': '0.0256'}
2025-06-13 20:23:59,791 - EarlyStopping counter: 3 out of 10
2025-06-13 20:24:23,603 - {'epoch': 6, 'rec_loss': '8.4689'}
2025-06-13 20:24:24,492 - {'Epoch': 6, 'HR@5': '0.0193', 'NDCG@5': '0.0131', 'HR@10': '0.0358', 'NDCG@10': '0.0184', 'HR@20': '0.0633', 'NDCG@20': '0.0253'}
2025-06-13 20:24:24,494 - EarlyStopping counter: 4 out of 10
2025-06-13 20:24:48,325 - {'epoch': 7, 'rec_loss': '8.4589'}
2025-06-13 20:24:49,165 - {'Epoch': 7, 'HR@5': '0.0220', 'NDCG@5': '0.0153', 'HR@10': '0.0385', 'NDCG@10': '0.0206', 'HR@20': '0.0661', 'NDCG@20': '0.0274'}
2025-06-13 20:24:49,168 - Validation score increased.  Saving model ...
2025-06-13 20:25:12,947 - {'epoch': 8, 'rec_loss': '8.4515'}
2025-06-13 20:25:13,821 - {'Epoch': 8, 'HR@5': '0.0239', 'NDCG@5': '0.0136', 'HR@10': '0.0394', 'NDCG@10': '0.0185', 'HR@20': '0.0606', 'NDCG@20': '0.0237'}
2025-06-13 20:25:13,824 - EarlyStopping counter: 1 out of 10
2025-06-13 20:25:37,530 - {'epoch': 9, 'rec_loss': '8.4457'}
2025-06-13 20:25:38,464 - {'Epoch': 9, 'HR@5': '0.0229', 'NDCG@5': '0.0139', 'HR@10': '0.0385', 'NDCG@10': '0.0189', 'HR@20': '0.0606', 'NDCG@20': '0.0244'}
2025-06-13 20:25:38,466 - EarlyStopping counter: 2 out of 10
2025-06-13 20:26:02,374 - {'epoch': 10, 'rec_loss': '8.4401'}
2025-06-13 20:26:03,230 - {'Epoch': 10, 'HR@5': '0.0229', 'NDCG@5': '0.0134', 'HR@10': '0.0376', 'NDCG@10': '0.0181', 'HR@20': '0.0633', 'NDCG@20': '0.0245'}
2025-06-13 20:26:03,232 - EarlyStopping counter: 3 out of 10
2025-06-13 20:26:26,917 - {'epoch': 11, 'rec_loss': '8.4314'}
2025-06-13 20:26:27,891 - {'Epoch': 11, 'HR@5': '0.0202', 'NDCG@5': '0.0133', 'HR@10': '0.0358', 'NDCG@10': '0.0184', 'HR@20': '0.0615', 'NDCG@20': '0.0248'}
2025-06-13 20:26:27,893 - EarlyStopping counter: 4 out of 10
2025-06-13 20:26:51,603 - {'epoch': 12, 'rec_loss': '8.4209'}
2025-06-13 20:26:52,459 - {'Epoch': 12, 'HR@5': '0.0211', 'NDCG@5': '0.0138', 'HR@10': '0.0367', 'NDCG@10': '0.0189', 'HR@20': '0.0670', 'NDCG@20': '0.0264'}
2025-06-13 20:26:52,461 - EarlyStopping counter: 5 out of 10
2025-06-13 20:27:16,302 - {'epoch': 13, 'rec_loss': '8.4006'}
2025-06-13 20:27:17,144 - {'Epoch': 13, 'HR@5': '0.0220', 'NDCG@5': '0.0142', 'HR@10': '0.0376', 'NDCG@10': '0.0192', 'HR@20': '0.0633', 'NDCG@20': '0.0256'}
2025-06-13 20:27:17,146 - EarlyStopping counter: 6 out of 10
2025-06-13 20:27:40,890 - {'epoch': 14, 'rec_loss': '8.3721'}
2025-06-13 20:27:41,773 - {'Epoch': 14, 'HR@5': '0.0248', 'NDCG@5': '0.0154', 'HR@10': '0.0404', 'NDCG@10': '0.0203', 'HR@20': '0.0642', 'NDCG@20': '0.0263'}
2025-06-13 20:27:41,776 - EarlyStopping counter: 7 out of 10
2025-06-13 20:28:05,652 - {'epoch': 15, 'rec_loss': '8.3387'}
2025-06-13 20:28:06,504 - {'Epoch': 15, 'HR@5': '0.0248', 'NDCG@5': '0.0147', 'HR@10': '0.0404', 'NDCG@10': '0.0198', 'HR@20': '0.0642', 'NDCG@20': '0.0257'}
2025-06-13 20:28:06,507 - EarlyStopping counter: 8 out of 10
2025-06-13 20:28:30,257 - {'epoch': 16, 'rec_loss': '8.3050'}
2025-06-13 20:28:31,153 - {'Epoch': 16, 'HR@5': '0.0220', 'NDCG@5': '0.0129', 'HR@10': '0.0404', 'NDCG@10': '0.0189', 'HR@20': '0.0606', 'NDCG@20': '0.0240'}
2025-06-13 20:28:31,155 - EarlyStopping counter: 9 out of 10
2025-06-13 20:28:54,856 - {'epoch': 17, 'rec_loss': '8.2756'}
2025-06-13 20:28:55,724 - {'Epoch': 17, 'HR@5': '0.0229', 'NDCG@5': '0.0149', 'HR@10': '0.0394', 'NDCG@10': '0.0205', 'HR@20': '0.0615', 'NDCG@20': '0.0260'}
2025-06-13 20:28:55,726 - EarlyStopping counter: 10 out of 10
2025-06-13 20:28:55,726 - Early stopping
2025-06-13 20:28:55,726 - ---------------Validation Score---------------
2025-06-13 20:28:56,581 - {'Epoch': 0, 'HR@5': '0.0220', 'NDCG@5': '0.0153', 'HR@10': '0.0385', 'NDCG@10': '0.0206', 'HR@20': '0.0661', 'NDCG@20': '0.0274'}
2025-06-13 20:28:56,594 - FEARec_LastFM
2025-06-13 20:28:56,594 - {'Epoch': 0, 'HR@5': '0.0220', 'NDCG@5': '0.0153', 'HR@10': '0.0385', 'NDCG@10': '0.0206', 'HR@20': '0.0661', 'NDCG@20': '0.0274'}
