2025-06-14 15:26:49,016 - Namespace(data_dir='./data/', output_dir='hparam_search/', data_name='LastFM', train_name='BERT4Rec_LastFM', num_items=10, num_users=1091, lr=0.001, batch_size=256, epochs=200, no_cuda=False, log_freq=1, patience=10, num_workers=4, seed=42, weight_decay=0.0, adam_beta1=0.9, adam_beta2=0.999, gpu_id='0', variance=5, model_type='Bert4Rec', max_seq_length=50, hidden_size=64, num_hidden_layers=2, hidden_act='gelu', num_attention_heads=2, attention_probs_dropout_prob=0.5, hidden_dropout_prob=0.5, initializer_range=0.02, mask_ratio=0.2, cuda_condition=True, data_file='./data/LastFM.txt', item_size=3647, checkpoint_path=PosixPath('/gpfs/home3/scur2771/BSARec/BSARec/src/hparam_search/BERT4Rec_LastFM/12373134_4/model.pt'), same_target_path='./data/LastFM_same_target.npy')
2025-06-14 15:26:49,035 - BERT4RecModel(
  (item_embeddings): Embedding(3648, 64, padding_idx=0)
  (position_embeddings): Embedding(50, 64)
  (item_encoder): TransformerEncoder(
    (blocks): ModuleList(
      (0): TransformerBlock(
        (layer): MultiHeadAttention(
          (query): Linear(in_features=64, out_features=64, bias=True)
          (key): Linear(in_features=64, out_features=64, bias=True)
          (value): Linear(in_features=64, out_features=64, bias=True)
          (softmax): Softmax(dim=-1)
          (attn_dropout): Dropout(p=0.5, inplace=False)
          (dense): Linear(in_features=64, out_features=64, bias=True)
          (LayerNorm): LayerNorm((64,), eps=1e-12, elementwise_affine=True)
          (out_dropout): Dropout(p=0.5, inplace=False)
        )
        (feed_forward): FeedForward(
          (dense_1): Linear(in_features=64, out_features=256, bias=True)
          (dense_2): Linear(in_features=256, out_features=64, bias=True)
          (LayerNorm): LayerNorm()
          (dropout): Dropout(p=0.5, inplace=False)
        )
      )
      (1): TransformerBlock(
        (layer): MultiHeadAttention(
          (query): Linear(in_features=64, out_features=64, bias=True)
          (key): Linear(in_features=64, out_features=64, bias=True)
          (value): Linear(in_features=64, out_features=64, bias=True)
          (softmax): Softmax(dim=-1)
          (attn_dropout): Dropout(p=0.5, inplace=False)
          (dense): Linear(in_features=64, out_features=64, bias=True)
          (LayerNorm): LayerNorm((64,), eps=1e-12, elementwise_affine=True)
          (out_dropout): Dropout(p=0.5, inplace=False)
        )
        (feed_forward): FeedForward(
          (dense_1): Linear(in_features=64, out_features=256, bias=True)
          (dense_2): Linear(in_features=256, out_features=64, bias=True)
          (LayerNorm): LayerNorm()
          (dropout): Dropout(p=0.5, inplace=False)
        )
      )
    )
  )
  (LayerNorm): LayerNorm()
  (dropout): Dropout(p=0.5, inplace=False)
)
2025-06-14 15:26:52,327 - Total Parameters: 336768
2025-06-14 15:26:56,755 - {'epoch': 0, 'rec_loss': '7.9617'}
2025-06-14 15:26:57,450 - {'Epoch': 0, 'HR@5': '0.0119', 'NDCG@5': '0.0077', 'HR@10': '0.0248', 'NDCG@10': '0.0118', 'HR@20': '0.0440', 'NDCG@20': '0.0167'}
2025-06-14 15:26:57,451 - Validation score increased.  Saving model ...
2025-06-14 15:27:01,084 - {'epoch': 1, 'rec_loss': '7.7132'}
2025-06-14 15:27:01,778 - {'Epoch': 1, 'HR@5': '0.0202', 'NDCG@5': '0.0123', 'HR@10': '0.0339', 'NDCG@10': '0.0166', 'HR@20': '0.0541', 'NDCG@20': '0.0215'}
2025-06-14 15:27:01,779 - Validation score increased.  Saving model ...
2025-06-14 15:27:05,377 - {'epoch': 2, 'rec_loss': '7.6176'}
2025-06-14 15:27:06,049 - {'Epoch': 2, 'HR@5': '0.0284', 'NDCG@5': '0.0175', 'HR@10': '0.0431', 'NDCG@10': '0.0223', 'HR@20': '0.0651', 'NDCG@20': '0.0279'}
2025-06-14 15:27:06,050 - Validation score increased.  Saving model ...
2025-06-14 15:27:09,629 - {'epoch': 3, 'rec_loss': '7.5361'}
2025-06-14 15:27:10,323 - {'Epoch': 3, 'HR@5': '0.0257', 'NDCG@5': '0.0176', 'HR@10': '0.0495', 'NDCG@10': '0.0253', 'HR@20': '0.0761', 'NDCG@20': '0.0320'}
2025-06-14 15:27:10,324 - Validation score increased.  Saving model ...
2025-06-14 15:27:13,908 - {'epoch': 4, 'rec_loss': '7.4710'}
2025-06-14 15:27:14,566 - {'Epoch': 4, 'HR@5': '0.0321', 'NDCG@5': '0.0198', 'HR@10': '0.0514', 'NDCG@10': '0.0260', 'HR@20': '0.0807', 'NDCG@20': '0.0335'}
2025-06-14 15:27:14,567 - Validation score increased.  Saving model ...
2025-06-14 15:27:18,153 - {'epoch': 5, 'rec_loss': '7.4117'}
2025-06-14 15:27:18,875 - {'Epoch': 5, 'HR@5': '0.0312', 'NDCG@5': '0.0193', 'HR@10': '0.0560', 'NDCG@10': '0.0272', 'HR@20': '0.0752', 'NDCG@20': '0.0321'}
2025-06-14 15:27:18,875 - EarlyStopping counter: 1 out of 10
2025-06-14 15:27:22,560 - {'epoch': 6, 'rec_loss': '7.3515'}
2025-06-14 15:27:23,277 - {'Epoch': 6, 'HR@5': '0.0339', 'NDCG@5': '0.0213', 'HR@10': '0.0450', 'NDCG@10': '0.0248', 'HR@20': '0.0780', 'NDCG@20': '0.0331'}
2025-06-14 15:27:23,278 - EarlyStopping counter: 2 out of 10
2025-06-14 15:27:26,899 - {'epoch': 7, 'rec_loss': '7.2899'}
2025-06-14 15:27:27,611 - {'Epoch': 7, 'HR@5': '0.0303', 'NDCG@5': '0.0179', 'HR@10': '0.0459', 'NDCG@10': '0.0230', 'HR@20': '0.0725', 'NDCG@20': '0.0297'}
2025-06-14 15:27:27,612 - EarlyStopping counter: 3 out of 10
2025-06-14 15:27:31,205 - {'epoch': 8, 'rec_loss': '7.2286'}
2025-06-14 15:27:31,912 - {'Epoch': 8, 'HR@5': '0.0330', 'NDCG@5': '0.0233', 'HR@10': '0.0468', 'NDCG@10': '0.0276', 'HR@20': '0.0716', 'NDCG@20': '0.0337'}
2025-06-14 15:27:31,912 - Validation score increased.  Saving model ...
2025-06-14 15:27:35,507 - {'epoch': 9, 'rec_loss': '7.1605'}
2025-06-14 15:27:36,173 - {'Epoch': 9, 'HR@5': '0.0266', 'NDCG@5': '0.0169', 'HR@10': '0.0495', 'NDCG@10': '0.0243', 'HR@20': '0.0743', 'NDCG@20': '0.0305'}
2025-06-14 15:27:36,173 - EarlyStopping counter: 1 out of 10
2025-06-14 15:27:39,715 - {'epoch': 10, 'rec_loss': '7.1065'}
2025-06-14 15:27:40,418 - {'Epoch': 10, 'HR@5': '0.0330', 'NDCG@5': '0.0228', 'HR@10': '0.0477', 'NDCG@10': '0.0275', 'HR@20': '0.0872', 'NDCG@20': '0.0373'}
2025-06-14 15:27:40,418 - Validation score increased.  Saving model ...
2025-06-14 15:27:43,938 - {'epoch': 11, 'rec_loss': '7.0383'}
2025-06-14 15:27:44,640 - {'Epoch': 11, 'HR@5': '0.0330', 'NDCG@5': '0.0201', 'HR@10': '0.0505', 'NDCG@10': '0.0255', 'HR@20': '0.0761', 'NDCG@20': '0.0321'}
2025-06-14 15:27:44,641 - EarlyStopping counter: 1 out of 10
2025-06-14 15:27:48,308 - {'epoch': 12, 'rec_loss': '7.0073'}
2025-06-14 15:27:49,034 - {'Epoch': 12, 'HR@5': '0.0367', 'NDCG@5': '0.0231', 'HR@10': '0.0578', 'NDCG@10': '0.0297', 'HR@20': '0.0890', 'NDCG@20': '0.0376'}
2025-06-14 15:27:49,035 - Validation score increased.  Saving model ...
2025-06-14 15:27:52,582 - {'epoch': 13, 'rec_loss': '6.9618'}
2025-06-14 15:27:53,300 - {'Epoch': 13, 'HR@5': '0.0358', 'NDCG@5': '0.0224', 'HR@10': '0.0523', 'NDCG@10': '0.0277', 'HR@20': '0.0789', 'NDCG@20': '0.0343'}
2025-06-14 15:27:53,301 - EarlyStopping counter: 1 out of 10
2025-06-14 15:27:56,823 - {'epoch': 14, 'rec_loss': '6.9348'}
2025-06-14 15:27:57,450 - {'Epoch': 14, 'HR@5': '0.0339', 'NDCG@5': '0.0221', 'HR@10': '0.0541', 'NDCG@10': '0.0286', 'HR@20': '0.0862', 'NDCG@20': '0.0366'}
2025-06-14 15:27:57,451 - EarlyStopping counter: 2 out of 10
2025-06-14 15:28:01,021 - {'epoch': 15, 'rec_loss': '6.8971'}
2025-06-14 15:28:01,780 - {'Epoch': 15, 'HR@5': '0.0321', 'NDCG@5': '0.0212', 'HR@10': '0.0514', 'NDCG@10': '0.0275', 'HR@20': '0.0899', 'NDCG@20': '0.0372'}
2025-06-14 15:28:01,781 - EarlyStopping counter: 3 out of 10
2025-06-14 15:28:05,407 - {'epoch': 16, 'rec_loss': '6.8675'}
2025-06-14 15:28:06,116 - {'Epoch': 16, 'HR@5': '0.0349', 'NDCG@5': '0.0230', 'HR@10': '0.0587', 'NDCG@10': '0.0305', 'HR@20': '0.0890', 'NDCG@20': '0.0381'}
2025-06-14 15:28:06,117 - Validation score increased.  Saving model ...
2025-06-14 15:28:09,807 - {'epoch': 17, 'rec_loss': '6.8358'}
2025-06-14 15:28:10,460 - {'Epoch': 17, 'HR@5': '0.0330', 'NDCG@5': '0.0220', 'HR@10': '0.0505', 'NDCG@10': '0.0275', 'HR@20': '0.0881', 'NDCG@20': '0.0370'}
2025-06-14 15:28:10,461 - EarlyStopping counter: 1 out of 10
2025-06-14 15:28:14,084 - {'epoch': 18, 'rec_loss': '6.8047'}
2025-06-14 15:28:14,797 - {'Epoch': 18, 'HR@5': '0.0422', 'NDCG@5': '0.0266', 'HR@10': '0.0578', 'NDCG@10': '0.0316', 'HR@20': '0.0972', 'NDCG@20': '0.0417'}
2025-06-14 15:28:14,798 - Validation score increased.  Saving model ...
2025-06-14 15:28:18,459 - {'epoch': 19, 'rec_loss': '6.7610'}
2025-06-14 15:28:19,203 - {'Epoch': 19, 'HR@5': '0.0321', 'NDCG@5': '0.0220', 'HR@10': '0.0624', 'NDCG@10': '0.0318', 'HR@20': '0.0927', 'NDCG@20': '0.0394'}
2025-06-14 15:28:19,204 - EarlyStopping counter: 1 out of 10
2025-06-14 15:28:22,857 - {'epoch': 20, 'rec_loss': '6.7215'}
2025-06-14 15:28:23,551 - {'Epoch': 20, 'HR@5': '0.0385', 'NDCG@5': '0.0256', 'HR@10': '0.0706', 'NDCG@10': '0.0358', 'HR@20': '0.0927', 'NDCG@20': '0.0412'}
2025-06-14 15:28:23,552 - EarlyStopping counter: 2 out of 10
2025-06-14 15:28:27,181 - {'epoch': 21, 'rec_loss': '6.6780'}
2025-06-14 15:28:27,867 - {'Epoch': 21, 'HR@5': '0.0404', 'NDCG@5': '0.0265', 'HR@10': '0.0670', 'NDCG@10': '0.0350', 'HR@20': '0.1064', 'NDCG@20': '0.0448'}
2025-06-14 15:28:27,868 - Validation score increased.  Saving model ...
2025-06-14 15:28:31,523 - {'epoch': 22, 'rec_loss': '6.6497'}
2025-06-14 15:28:32,166 - {'Epoch': 22, 'HR@5': '0.0431', 'NDCG@5': '0.0281', 'HR@10': '0.0697', 'NDCG@10': '0.0365', 'HR@20': '0.0982', 'NDCG@20': '0.0437'}
2025-06-14 15:28:32,167 - EarlyStopping counter: 1 out of 10
2025-06-14 15:28:35,781 - {'epoch': 23, 'rec_loss': '6.6206'}
2025-06-14 15:28:36,506 - {'Epoch': 23, 'HR@5': '0.0394', 'NDCG@5': '0.0247', 'HR@10': '0.0615', 'NDCG@10': '0.0317', 'HR@20': '0.0982', 'NDCG@20': '0.0410'}
2025-06-14 15:28:36,507 - EarlyStopping counter: 2 out of 10
2025-06-14 15:28:40,112 - {'epoch': 24, 'rec_loss': '6.5901'}
2025-06-14 15:28:40,806 - {'Epoch': 24, 'HR@5': '0.0385', 'NDCG@5': '0.0252', 'HR@10': '0.0587', 'NDCG@10': '0.0316', 'HR@20': '0.0963', 'NDCG@20': '0.0410'}
2025-06-14 15:28:40,806 - EarlyStopping counter: 3 out of 10
2025-06-14 15:28:44,390 - {'epoch': 25, 'rec_loss': '6.5729'}
2025-06-14 15:28:45,089 - {'Epoch': 25, 'HR@5': '0.0394', 'NDCG@5': '0.0225', 'HR@10': '0.0596', 'NDCG@10': '0.0290', 'HR@20': '0.0927', 'NDCG@20': '0.0373'}
2025-06-14 15:28:45,090 - EarlyStopping counter: 4 out of 10
2025-06-14 15:28:48,658 - {'epoch': 26, 'rec_loss': '6.5431'}
2025-06-14 15:28:49,367 - {'Epoch': 26, 'HR@5': '0.0404', 'NDCG@5': '0.0269', 'HR@10': '0.0688', 'NDCG@10': '0.0360', 'HR@20': '0.1009', 'NDCG@20': '0.0439'}
2025-06-14 15:28:49,368 - EarlyStopping counter: 5 out of 10
2025-06-14 15:28:52,950 - {'epoch': 27, 'rec_loss': '6.5221'}
2025-06-14 15:28:53,615 - {'Epoch': 27, 'HR@5': '0.0394', 'NDCG@5': '0.0233', 'HR@10': '0.0624', 'NDCG@10': '0.0306', 'HR@20': '0.0945', 'NDCG@20': '0.0387'}
2025-06-14 15:28:53,616 - EarlyStopping counter: 6 out of 10
2025-06-14 15:28:57,258 - {'epoch': 28, 'rec_loss': '6.5076'}
2025-06-14 15:28:57,937 - {'Epoch': 28, 'HR@5': '0.0394', 'NDCG@5': '0.0245', 'HR@10': '0.0651', 'NDCG@10': '0.0326', 'HR@20': '0.1046', 'NDCG@20': '0.0424'}
2025-06-14 15:28:57,937 - EarlyStopping counter: 7 out of 10
2025-06-14 15:29:01,493 - {'epoch': 29, 'rec_loss': '6.4759'}
2025-06-14 15:29:02,094 - {'Epoch': 29, 'HR@5': '0.0431', 'NDCG@5': '0.0253', 'HR@10': '0.0624', 'NDCG@10': '0.0316', 'HR@20': '0.1018', 'NDCG@20': '0.0414'}
2025-06-14 15:29:02,095 - EarlyStopping counter: 8 out of 10
2025-06-14 15:29:05,779 - {'epoch': 30, 'rec_loss': '6.4586'}
2025-06-14 15:29:06,474 - {'Epoch': 30, 'HR@5': '0.0349', 'NDCG@5': '0.0213', 'HR@10': '0.0642', 'NDCG@10': '0.0308', 'HR@20': '0.1046', 'NDCG@20': '0.0407'}
2025-06-14 15:29:06,475 - EarlyStopping counter: 9 out of 10
2025-06-14 15:29:10,070 - {'epoch': 31, 'rec_loss': '6.4470'}
2025-06-14 15:29:10,773 - {'Epoch': 31, 'HR@5': '0.0358', 'NDCG@5': '0.0248', 'HR@10': '0.0679', 'NDCG@10': '0.0350', 'HR@20': '0.1037', 'NDCG@20': '0.0441'}
2025-06-14 15:29:10,774 - EarlyStopping counter: 10 out of 10
2025-06-14 15:29:10,774 - Early stopping
2025-06-14 15:29:10,774 - ---------------Validation Score---------------
2025-06-14 15:29:11,486 - {'Epoch': 0, 'HR@5': '0.0404', 'NDCG@5': '0.0265', 'HR@10': '0.0670', 'NDCG@10': '0.0350', 'HR@20': '0.1064', 'NDCG@20': '0.0448'}
2025-06-14 15:29:11,486 - BERT4Rec_LastFM
2025-06-14 15:29:11,486 - {'Epoch': 0, 'HR@5': '0.0404', 'NDCG@5': '0.0265', 'HR@10': '0.0670', 'NDCG@10': '0.0350', 'HR@20': '0.1064', 'NDCG@20': '0.0448'}
