2025-06-13 23:05:27,053 - Namespace(data_dir='data/self_processed/', output_dir='hparam_search/', data_name='Diginetica', train_name='BSARec_Diginetica', num_items=10, num_users=14829, lr=0.001, batch_size=256, epochs=200, no_cuda=False, log_freq=1, patience=10, num_workers=4, seed=42, weight_decay=0.0, adam_beta1=0.9, adam_beta2=0.999, gpu_id='0', variance=5, model_type='BSARec', max_seq_length=50, hidden_size=64, num_hidden_layers=2, hidden_act='gelu', num_attention_heads=2, attention_probs_dropout_prob=0.5, hidden_dropout_prob=0.5, initializer_range=0.02, c=1, alpha=0.9, cuda_condition=True, data_file='data/self_processed/Diginetica.txt', item_size=9441, checkpoint_path=PosixPath('/gpfs/home3/scur2771/BSARec/BSARec/src/hparam_search/BSARec_Diginetica/12367757_30/model.pt'), same_target_path='data/self_processed/Diginetica_same_target.npy')
2025-06-13 23:05:27,093 - BSARecModel(
  (item_embeddings): Embedding(9441, 64, padding_idx=0)
  (position_embeddings): Embedding(50, 64)
  (LayerNorm): LayerNorm()
  (dropout): Dropout(p=0.5, inplace=False)
  (item_encoder): BSARecEncoder(
    (blocks): ModuleList(
      (0): BSARecBlock(
        (layer): BSARecLayer(
          (filter_layer): FrequencyLayer(
            (out_dropout): Dropout(p=0.5, inplace=False)
            (LayerNorm): LayerNorm()
          )
          (attention_layer): MultiHeadAttention(
            (query): Linear(in_features=64, out_features=64, bias=True)
            (key): Linear(in_features=64, out_features=64, bias=True)
            (value): Linear(in_features=64, out_features=64, bias=True)
            (softmax): Softmax(dim=-1)
            (attn_dropout): Dropout(p=0.5, inplace=False)
            (dense): Linear(in_features=64, out_features=64, bias=True)
            (LayerNorm): LayerNorm((64,), eps=1e-12, elementwise_affine=True)
            (out_dropout): Dropout(p=0.5, inplace=False)
          )
        )
        (feed_forward): FeedForward(
          (dense_1): Linear(in_features=64, out_features=256, bias=True)
          (dense_2): Linear(in_features=256, out_features=64, bias=True)
          (LayerNorm): LayerNorm()
          (dropout): Dropout(p=0.5, inplace=False)
        )
      )
      (1): BSARecBlock(
        (layer): BSARecLayer(
          (filter_layer): FrequencyLayer(
            (out_dropout): Dropout(p=0.5, inplace=False)
            (LayerNorm): LayerNorm()
          )
          (attention_layer): MultiHeadAttention(
            (query): Linear(in_features=64, out_features=64, bias=True)
            (key): Linear(in_features=64, out_features=64, bias=True)
            (value): Linear(in_features=64, out_features=64, bias=True)
            (softmax): Softmax(dim=-1)
            (attn_dropout): Dropout(p=0.5, inplace=False)
            (dense): Linear(in_features=64, out_features=64, bias=True)
            (LayerNorm): LayerNorm((64,), eps=1e-12, elementwise_affine=True)
            (out_dropout): Dropout(p=0.5, inplace=False)
          )
        )
        (feed_forward): FeedForward(
          (dense_1): Linear(in_features=64, out_features=256, bias=True)
          (dense_2): Linear(in_features=256, out_features=64, bias=True)
          (LayerNorm): LayerNorm()
          (dropout): Dropout(p=0.5, inplace=False)
        )
      )
    )
  )
)
2025-06-13 23:05:30,622 - Total Parameters: 707904
2025-06-13 23:05:39,363 - {'epoch': 0, 'rec_loss': '8.7621'}
2025-06-13 23:05:43,732 - {'Epoch': 0, 'HR@5': '0.0094', 'NDCG@5': '0.0062', 'HR@10': '0.0164', 'NDCG@10': '0.0084', 'HR@20': '0.0272', 'NDCG@20': '0.0111'}
2025-06-13 23:05:43,733 - Validation score increased.  Saving model ...
2025-06-13 23:05:51,297 - {'epoch': 1, 'rec_loss': '8.0034'}
2025-06-13 23:05:55,529 - {'Epoch': 1, 'HR@5': '0.0681', 'NDCG@5': '0.0456', 'HR@10': '0.1022', 'NDCG@10': '0.0566', 'HR@20': '0.1476', 'NDCG@20': '0.0680'}
2025-06-13 23:05:55,529 - Validation score increased.  Saving model ...
2025-06-13 23:06:03,028 - {'epoch': 2, 'rec_loss': '6.7637'}
2025-06-13 23:06:07,386 - {'Epoch': 2, 'HR@5': '0.1175', 'NDCG@5': '0.0776', 'HR@10': '0.1768', 'NDCG@10': '0.0967', 'HR@20': '0.2492', 'NDCG@20': '0.1150'}
2025-06-13 23:06:07,389 - Validation score increased.  Saving model ...
2025-06-13 23:06:14,872 - {'epoch': 3, 'rec_loss': '5.8393'}
2025-06-13 23:06:19,181 - {'Epoch': 3, 'HR@5': '0.1432', 'NDCG@5': '0.0946', 'HR@10': '0.2116', 'NDCG@10': '0.1167', 'HR@20': '0.3007', 'NDCG@20': '0.1392'}
2025-06-13 23:06:19,182 - Validation score increased.  Saving model ...
2025-06-13 23:06:26,735 - {'epoch': 4, 'rec_loss': '5.3595'}
2025-06-13 23:06:31,170 - {'Epoch': 4, 'HR@5': '0.1511', 'NDCG@5': '0.0999', 'HR@10': '0.2333', 'NDCG@10': '0.1262', 'HR@20': '0.3263', 'NDCG@20': '0.1497'}
2025-06-13 23:06:31,172 - Validation score increased.  Saving model ...
2025-06-13 23:06:38,589 - {'epoch': 5, 'rec_loss': '5.1333'}
2025-06-13 23:06:42,951 - {'Epoch': 5, 'HR@5': '0.1594', 'NDCG@5': '0.1053', 'HR@10': '0.2394', 'NDCG@10': '0.1311', 'HR@20': '0.3381', 'NDCG@20': '0.1561'}
2025-06-13 23:06:42,954 - Validation score increased.  Saving model ...
2025-06-13 23:06:50,447 - {'epoch': 6, 'rec_loss': '5.0072'}
2025-06-13 23:06:54,933 - {'Epoch': 6, 'HR@5': '0.1644', 'NDCG@5': '0.1083', 'HR@10': '0.2476', 'NDCG@10': '0.1351', 'HR@20': '0.3460', 'NDCG@20': '0.1599'}
2025-06-13 23:06:54,935 - Validation score increased.  Saving model ...
2025-06-13 23:07:02,357 - {'epoch': 7, 'rec_loss': '4.9315'}
2025-06-13 23:07:06,822 - {'Epoch': 7, 'HR@5': '0.1668', 'NDCG@5': '0.1097', 'HR@10': '0.2504', 'NDCG@10': '0.1365', 'HR@20': '0.3509', 'NDCG@20': '0.1620'}
2025-06-13 23:07:06,824 - Validation score increased.  Saving model ...
2025-06-13 23:07:14,184 - {'epoch': 8, 'rec_loss': '4.8766'}
2025-06-13 23:07:18,606 - {'Epoch': 8, 'HR@5': '0.1691', 'NDCG@5': '0.1100', 'HR@10': '0.2522', 'NDCG@10': '0.1368', 'HR@20': '0.3499', 'NDCG@20': '0.1615'}
2025-06-13 23:07:18,608 - EarlyStopping counter: 1 out of 10
2025-06-13 23:07:26,200 - {'epoch': 9, 'rec_loss': '4.8311'}
2025-06-13 23:07:30,639 - {'Epoch': 9, 'HR@5': '0.1679', 'NDCG@5': '0.1100', 'HR@10': '0.2534', 'NDCG@10': '0.1375', 'HR@20': '0.3547', 'NDCG@20': '0.1630'}
2025-06-13 23:07:30,641 - Validation score increased.  Saving model ...
2025-06-13 23:07:38,097 - {'epoch': 10, 'rec_loss': '4.7941'}
2025-06-13 23:07:42,443 - {'Epoch': 10, 'HR@5': '0.1666', 'NDCG@5': '0.1090', 'HR@10': '0.2550', 'NDCG@10': '0.1375', 'HR@20': '0.3593', 'NDCG@20': '0.1639'}
2025-06-13 23:07:42,446 - Validation score increased.  Saving model ...
2025-06-13 23:07:49,933 - {'epoch': 11, 'rec_loss': '4.7650'}
2025-06-13 23:07:54,382 - {'Epoch': 11, 'HR@5': '0.1693', 'NDCG@5': '0.1117', 'HR@10': '0.2528', 'NDCG@10': '0.1386', 'HR@20': '0.3566', 'NDCG@20': '0.1648'}
2025-06-13 23:07:54,383 - Validation score increased.  Saving model ...
2025-06-13 23:08:01,820 - {'epoch': 12, 'rec_loss': '4.7376'}
2025-06-13 23:08:06,209 - {'Epoch': 12, 'HR@5': '0.1682', 'NDCG@5': '0.1109', 'HR@10': '0.2553', 'NDCG@10': '0.1389', 'HR@20': '0.3580', 'NDCG@20': '0.1648'}
2025-06-13 23:08:06,210 - EarlyStopping counter: 1 out of 10
2025-06-13 23:08:13,638 - {'epoch': 13, 'rec_loss': '4.7229'}
2025-06-13 23:08:18,071 - {'Epoch': 13, 'HR@5': '0.1681', 'NDCG@5': '0.1105', 'HR@10': '0.2562', 'NDCG@10': '0.1389', 'HR@20': '0.3581', 'NDCG@20': '0.1647'}
2025-06-13 23:08:18,073 - EarlyStopping counter: 2 out of 10
2025-06-13 23:08:25,536 - {'epoch': 14, 'rec_loss': '4.6969'}
2025-06-13 23:08:29,903 - {'Epoch': 14, 'HR@5': '0.1691', 'NDCG@5': '0.1112', 'HR@10': '0.2581', 'NDCG@10': '0.1397', 'HR@20': '0.3601', 'NDCG@20': '0.1655'}
2025-06-13 23:08:29,905 - Validation score increased.  Saving model ...
2025-06-13 23:08:37,309 - {'epoch': 15, 'rec_loss': '4.6805'}
2025-06-13 23:08:41,712 - {'Epoch': 15, 'HR@5': '0.1668', 'NDCG@5': '0.1107', 'HR@10': '0.2578', 'NDCG@10': '0.1400', 'HR@20': '0.3572', 'NDCG@20': '0.1652'}
2025-06-13 23:08:41,714 - EarlyStopping counter: 1 out of 10
2025-06-13 23:08:49,210 - {'epoch': 16, 'rec_loss': '4.6619'}
2025-06-13 23:08:53,670 - {'Epoch': 16, 'HR@5': '0.1683', 'NDCG@5': '0.1102', 'HR@10': '0.2531', 'NDCG@10': '0.1375', 'HR@20': '0.3580', 'NDCG@20': '0.1640'}
2025-06-13 23:08:53,672 - EarlyStopping counter: 2 out of 10
2025-06-13 23:09:01,099 - {'epoch': 17, 'rec_loss': '4.6445'}
2025-06-13 23:09:05,565 - {'Epoch': 17, 'HR@5': '0.1715', 'NDCG@5': '0.1116', 'HR@10': '0.2577', 'NDCG@10': '0.1395', 'HR@20': '0.3577', 'NDCG@20': '0.1648'}
2025-06-13 23:09:05,567 - EarlyStopping counter: 3 out of 10
2025-06-13 23:09:13,016 - {'epoch': 18, 'rec_loss': '4.6303'}
2025-06-13 23:09:17,403 - {'Epoch': 18, 'HR@5': '0.1719', 'NDCG@5': '0.1136', 'HR@10': '0.2584', 'NDCG@10': '0.1414', 'HR@20': '0.3597', 'NDCG@20': '0.1671'}
2025-06-13 23:09:17,405 - Validation score increased.  Saving model ...
2025-06-13 23:09:24,981 - {'epoch': 19, 'rec_loss': '4.6206'}
2025-06-13 23:09:29,345 - {'Epoch': 19, 'HR@5': '0.1695', 'NDCG@5': '0.1114', 'HR@10': '0.2558', 'NDCG@10': '0.1392', 'HR@20': '0.3572', 'NDCG@20': '0.1648'}
2025-06-13 23:09:29,346 - EarlyStopping counter: 1 out of 10
2025-06-13 23:09:36,745 - {'epoch': 20, 'rec_loss': '4.6005'}
2025-06-13 23:09:41,178 - {'Epoch': 20, 'HR@5': '0.1728', 'NDCG@5': '0.1133', 'HR@10': '0.2599', 'NDCG@10': '0.1413', 'HR@20': '0.3609', 'NDCG@20': '0.1668'}
2025-06-13 23:09:41,180 - EarlyStopping counter: 2 out of 10
2025-06-13 23:09:48,621 - {'epoch': 21, 'rec_loss': '4.5949'}
2025-06-13 23:09:52,990 - {'Epoch': 21, 'HR@5': '0.1703', 'NDCG@5': '0.1118', 'HR@10': '0.2590', 'NDCG@10': '0.1403', 'HR@20': '0.3601', 'NDCG@20': '0.1659'}
2025-06-13 23:09:52,991 - EarlyStopping counter: 3 out of 10
2025-06-13 23:10:00,393 - {'epoch': 22, 'rec_loss': '4.5847'}
2025-06-13 23:10:04,941 - {'Epoch': 22, 'HR@5': '0.1722', 'NDCG@5': '0.1143', 'HR@10': '0.2600', 'NDCG@10': '0.1425', 'HR@20': '0.3609', 'NDCG@20': '0.1680'}
2025-06-13 23:10:04,943 - Validation score increased.  Saving model ...
2025-06-13 23:10:12,464 - {'epoch': 23, 'rec_loss': '4.5715'}
2025-06-13 23:10:16,984 - {'Epoch': 23, 'HR@5': '0.1706', 'NDCG@5': '0.1111', 'HR@10': '0.2577', 'NDCG@10': '0.1392', 'HR@20': '0.3613', 'NDCG@20': '0.1653'}
2025-06-13 23:10:16,986 - EarlyStopping counter: 1 out of 10
2025-06-13 23:10:24,554 - {'epoch': 24, 'rec_loss': '4.5633'}
2025-06-13 23:10:28,976 - {'Epoch': 24, 'HR@5': '0.1718', 'NDCG@5': '0.1126', 'HR@10': '0.2568', 'NDCG@10': '0.1400', 'HR@20': '0.3597', 'NDCG@20': '0.1660'}
2025-06-13 23:10:28,978 - EarlyStopping counter: 2 out of 10
2025-06-13 23:10:36,418 - {'epoch': 25, 'rec_loss': '4.5506'}
2025-06-13 23:10:40,905 - {'Epoch': 25, 'HR@5': '0.1738', 'NDCG@5': '0.1149', 'HR@10': '0.2608', 'NDCG@10': '0.1431', 'HR@20': '0.3618', 'NDCG@20': '0.1685'}
2025-06-13 23:10:40,908 - Validation score increased.  Saving model ...
2025-06-13 23:10:48,346 - {'epoch': 26, 'rec_loss': '4.5392'}
2025-06-13 23:10:52,742 - {'Epoch': 26, 'HR@5': '0.1727', 'NDCG@5': '0.1133', 'HR@10': '0.2585', 'NDCG@10': '0.1410', 'HR@20': '0.3588', 'NDCG@20': '0.1663'}
2025-06-13 23:10:52,744 - EarlyStopping counter: 1 out of 10
2025-06-13 23:11:00,167 - {'epoch': 27, 'rec_loss': '4.5360'}
2025-06-13 23:11:04,597 - {'Epoch': 27, 'HR@5': '0.1731', 'NDCG@5': '0.1139', 'HR@10': '0.2582', 'NDCG@10': '0.1413', 'HR@20': '0.3626', 'NDCG@20': '0.1677'}
2025-06-13 23:11:04,600 - EarlyStopping counter: 2 out of 10
2025-06-13 23:11:11,995 - {'epoch': 28, 'rec_loss': '4.5226'}
2025-06-13 23:11:16,365 - {'Epoch': 28, 'HR@5': '0.1719', 'NDCG@5': '0.1142', 'HR@10': '0.2576', 'NDCG@10': '0.1418', 'HR@20': '0.3603', 'NDCG@20': '0.1678'}
2025-06-13 23:11:16,367 - EarlyStopping counter: 3 out of 10
2025-06-13 23:11:23,835 - {'epoch': 29, 'rec_loss': '4.5213'}
2025-06-13 23:11:28,215 - {'Epoch': 29, 'HR@5': '0.1708', 'NDCG@5': '0.1134', 'HR@10': '0.2552', 'NDCG@10': '0.1406', 'HR@20': '0.3586', 'NDCG@20': '0.1667'}
2025-06-13 23:11:28,217 - EarlyStopping counter: 4 out of 10
2025-06-13 23:11:35,709 - {'epoch': 30, 'rec_loss': '4.5124'}
2025-06-13 23:11:40,118 - {'Epoch': 30, 'HR@5': '0.1706', 'NDCG@5': '0.1119', 'HR@10': '0.2561', 'NDCG@10': '0.1396', 'HR@20': '0.3591', 'NDCG@20': '0.1656'}
2025-06-13 23:11:40,120 - EarlyStopping counter: 5 out of 10
2025-06-13 23:11:47,521 - {'epoch': 31, 'rec_loss': '4.4998'}
2025-06-13 23:11:51,961 - {'Epoch': 31, 'HR@5': '0.1716', 'NDCG@5': '0.1134', 'HR@10': '0.2579', 'NDCG@10': '0.1411', 'HR@20': '0.3593', 'NDCG@20': '0.1667'}
2025-06-13 23:11:51,963 - EarlyStopping counter: 6 out of 10
2025-06-13 23:11:59,389 - {'epoch': 32, 'rec_loss': '4.4957'}
2025-06-13 23:12:03,805 - {'Epoch': 32, 'HR@5': '0.1715', 'NDCG@5': '0.1125', 'HR@10': '0.2561', 'NDCG@10': '0.1397', 'HR@20': '0.3586', 'NDCG@20': '0.1656'}
2025-06-13 23:12:03,807 - EarlyStopping counter: 7 out of 10
2025-06-13 23:12:11,260 - {'epoch': 33, 'rec_loss': '4.4876'}
2025-06-13 23:12:15,705 - {'Epoch': 33, 'HR@5': '0.1696', 'NDCG@5': '0.1120', 'HR@10': '0.2583', 'NDCG@10': '0.1405', 'HR@20': '0.3572', 'NDCG@20': '0.1655'}
2025-06-13 23:12:15,707 - EarlyStopping counter: 8 out of 10
2025-06-13 23:12:23,196 - {'epoch': 34, 'rec_loss': '4.4810'}
2025-06-13 23:12:27,650 - {'Epoch': 34, 'HR@5': '0.1731', 'NDCG@5': '0.1141', 'HR@10': '0.2602', 'NDCG@10': '0.1422', 'HR@20': '0.3573', 'NDCG@20': '0.1667'}
2025-06-13 23:12:27,652 - EarlyStopping counter: 9 out of 10
2025-06-13 23:12:35,110 - {'epoch': 35, 'rec_loss': '4.4769'}
2025-06-13 23:12:39,513 - {'Epoch': 35, 'HR@5': '0.1719', 'NDCG@5': '0.1127', 'HR@10': '0.2580', 'NDCG@10': '0.1404', 'HR@20': '0.3591', 'NDCG@20': '0.1659'}
2025-06-13 23:12:39,515 - EarlyStopping counter: 10 out of 10
2025-06-13 23:12:39,516 - Early stopping
2025-06-13 23:12:39,516 - ---------------Validation Score---------------
2025-06-13 23:12:43,920 - {'Epoch': 0, 'HR@5': '0.1738', 'NDCG@5': '0.1149', 'HR@10': '0.2608', 'NDCG@10': '0.1431', 'HR@20': '0.3618', 'NDCG@20': '0.1685'}
2025-06-13 23:12:43,923 - BSARec_Diginetica
2025-06-13 23:12:43,923 - {'Epoch': 0, 'HR@5': '0.1738', 'NDCG@5': '0.1149', 'HR@10': '0.2608', 'NDCG@10': '0.1431', 'HR@20': '0.3618', 'NDCG@20': '0.1685'}
