2025-06-13 23:40:42,357 - Namespace(data_dir='data/self_processed/', output_dir='hparam_search/', data_name='Diginetica', train_name='BSARec_Diginetica', num_items=10, num_users=14829, lr=0.001, batch_size=256, epochs=200, no_cuda=False, log_freq=1, patience=10, num_workers=4, seed=42, weight_decay=0.0, adam_beta1=0.9, adam_beta2=0.999, gpu_id='0', variance=5, model_type='BSARec', max_seq_length=50, hidden_size=64, num_hidden_layers=2, hidden_act='gelu', num_attention_heads=4, attention_probs_dropout_prob=0.5, hidden_dropout_prob=0.5, initializer_range=0.02, c=7, alpha=0.1, cuda_condition=True, data_file='data/self_processed/Diginetica.txt', item_size=9441, checkpoint_path=PosixPath('/gpfs/home3/scur2771/BSARec/BSARec/src/hparam_search/BSARec_Diginetica/12367757_66/model.pt'), same_target_path='data/self_processed/Diginetica_same_target.npy')
2025-06-13 23:40:42,375 - BSARecModel(
  (item_embeddings): Embedding(9441, 64, padding_idx=0)
  (position_embeddings): Embedding(50, 64)
  (LayerNorm): LayerNorm()
  (dropout): Dropout(p=0.5, inplace=False)
  (item_encoder): BSARecEncoder(
    (blocks): ModuleList(
      (0): BSARecBlock(
        (layer): BSARecLayer(
          (filter_layer): FrequencyLayer(
            (out_dropout): Dropout(p=0.5, inplace=False)
            (LayerNorm): LayerNorm()
          )
          (attention_layer): MultiHeadAttention(
            (query): Linear(in_features=64, out_features=64, bias=True)
            (key): Linear(in_features=64, out_features=64, bias=True)
            (value): Linear(in_features=64, out_features=64, bias=True)
            (softmax): Softmax(dim=-1)
            (attn_dropout): Dropout(p=0.5, inplace=False)
            (dense): Linear(in_features=64, out_features=64, bias=True)
            (LayerNorm): LayerNorm((64,), eps=1e-12, elementwise_affine=True)
            (out_dropout): Dropout(p=0.5, inplace=False)
          )
        )
        (feed_forward): FeedForward(
          (dense_1): Linear(in_features=64, out_features=256, bias=True)
          (dense_2): Linear(in_features=256, out_features=64, bias=True)
          (LayerNorm): LayerNorm()
          (dropout): Dropout(p=0.5, inplace=False)
        )
      )
      (1): BSARecBlock(
        (layer): BSARecLayer(
          (filter_layer): FrequencyLayer(
            (out_dropout): Dropout(p=0.5, inplace=False)
            (LayerNorm): LayerNorm()
          )
          (attention_layer): MultiHeadAttention(
            (query): Linear(in_features=64, out_features=64, bias=True)
            (key): Linear(in_features=64, out_features=64, bias=True)
            (value): Linear(in_features=64, out_features=64, bias=True)
            (softmax): Softmax(dim=-1)
            (attn_dropout): Dropout(p=0.5, inplace=False)
            (dense): Linear(in_features=64, out_features=64, bias=True)
            (LayerNorm): LayerNorm((64,), eps=1e-12, elementwise_affine=True)
            (out_dropout): Dropout(p=0.5, inplace=False)
          )
        )
        (feed_forward): FeedForward(
          (dense_1): Linear(in_features=64, out_features=256, bias=True)
          (dense_2): Linear(in_features=256, out_features=64, bias=True)
          (LayerNorm): LayerNorm()
          (dropout): Dropout(p=0.5, inplace=False)
        )
      )
    )
  )
)
2025-06-13 23:40:44,616 - Total Parameters: 707904
2025-06-13 23:40:53,121 - {'epoch': 0, 'rec_loss': '8.6612'}
2025-06-13 23:40:57,427 - {'Epoch': 0, 'HR@5': '0.0377', 'NDCG@5': '0.0253', 'HR@10': '0.0562', 'NDCG@10': '0.0312', 'HR@20': '0.0758', 'NDCG@20': '0.0362'}
2025-06-13 23:40:57,430 - Validation score increased.  Saving model ...
2025-06-13 23:41:04,867 - {'epoch': 1, 'rec_loss': '7.4425'}
2025-06-13 23:41:09,118 - {'Epoch': 1, 'HR@5': '0.1052', 'NDCG@5': '0.0687', 'HR@10': '0.1551', 'NDCG@10': '0.0847', 'HR@20': '0.2184', 'NDCG@20': '0.1007'}
2025-06-13 23:41:09,120 - Validation score increased.  Saving model ...
2025-06-13 23:41:16,610 - {'epoch': 2, 'rec_loss': '6.1902'}
2025-06-13 23:41:20,994 - {'Epoch': 2, 'HR@5': '0.1357', 'NDCG@5': '0.0891', 'HR@10': '0.2029', 'NDCG@10': '0.1107', 'HR@20': '0.2854', 'NDCG@20': '0.1316'}
2025-06-13 23:41:20,996 - Validation score increased.  Saving model ...
2025-06-13 23:41:28,496 - {'epoch': 3, 'rec_loss': '5.5126'}
2025-06-13 23:41:32,866 - {'Epoch': 3, 'HR@5': '0.1521', 'NDCG@5': '0.0999', 'HR@10': '0.2277', 'NDCG@10': '0.1242', 'HR@20': '0.3229', 'NDCG@20': '0.1483'}
2025-06-13 23:41:32,866 - Validation score increased.  Saving model ...
2025-06-13 23:41:40,384 - {'epoch': 4, 'rec_loss': '5.1892'}
2025-06-13 23:41:44,781 - {'Epoch': 4, 'HR@5': '0.1588', 'NDCG@5': '0.1037', 'HR@10': '0.2414', 'NDCG@10': '0.1303', 'HR@20': '0.3395', 'NDCG@20': '0.1551'}
2025-06-13 23:41:44,784 - Validation score increased.  Saving model ...
2025-06-13 23:41:52,278 - {'epoch': 5, 'rec_loss': '5.0293'}
2025-06-13 23:41:56,661 - {'Epoch': 5, 'HR@5': '0.1647', 'NDCG@5': '0.1077', 'HR@10': '0.2477', 'NDCG@10': '0.1343', 'HR@20': '0.3477', 'NDCG@20': '0.1595'}
2025-06-13 23:41:56,661 - Validation score increased.  Saving model ...
2025-06-13 23:42:04,280 - {'epoch': 6, 'rec_loss': '4.9442'}
2025-06-13 23:42:08,675 - {'Epoch': 6, 'HR@5': '0.1679', 'NDCG@5': '0.1099', 'HR@10': '0.2514', 'NDCG@10': '0.1368', 'HR@20': '0.3518', 'NDCG@20': '0.1621'}
2025-06-13 23:42:08,679 - Validation score increased.  Saving model ...
2025-06-13 23:42:16,251 - {'epoch': 7, 'rec_loss': '4.8889'}
2025-06-13 23:42:20,658 - {'Epoch': 7, 'HR@5': '0.1647', 'NDCG@5': '0.1081', 'HR@10': '0.2549', 'NDCG@10': '0.1371', 'HR@20': '0.3528', 'NDCG@20': '0.1618'}
2025-06-13 23:42:20,659 - EarlyStopping counter: 1 out of 10
2025-06-13 23:42:28,175 - {'epoch': 8, 'rec_loss': '4.8415'}
2025-06-13 23:42:32,571 - {'Epoch': 8, 'HR@5': '0.1673', 'NDCG@5': '0.1091', 'HR@10': '0.2558', 'NDCG@10': '0.1375', 'HR@20': '0.3574', 'NDCG@20': '0.1632'}
2025-06-13 23:42:32,572 - Validation score increased.  Saving model ...
2025-06-13 23:42:40,024 - {'epoch': 9, 'rec_loss': '4.8083'}
2025-06-13 23:42:44,409 - {'Epoch': 9, 'HR@5': '0.1695', 'NDCG@5': '0.1107', 'HR@10': '0.2536', 'NDCG@10': '0.1378', 'HR@20': '0.3574', 'NDCG@20': '0.1641'}
2025-06-13 23:42:44,411 - Validation score increased.  Saving model ...
2025-06-13 23:42:52,031 - {'epoch': 10, 'rec_loss': '4.7790'}
2025-06-13 23:42:56,431 - {'Epoch': 10, 'HR@5': '0.1669', 'NDCG@5': '0.1096', 'HR@10': '0.2582', 'NDCG@10': '0.1390', 'HR@20': '0.3606', 'NDCG@20': '0.1648'}
2025-06-13 23:42:56,433 - Validation score increased.  Saving model ...
2025-06-13 23:43:03,915 - {'epoch': 11, 'rec_loss': '4.7550'}
2025-06-13 23:43:08,271 - {'Epoch': 11, 'HR@5': '0.1685', 'NDCG@5': '0.1108', 'HR@10': '0.2604', 'NDCG@10': '0.1404', 'HR@20': '0.3580', 'NDCG@20': '0.1651'}
2025-06-13 23:43:08,272 - Validation score increased.  Saving model ...
2025-06-13 23:43:15,739 - {'epoch': 12, 'rec_loss': '4.7328'}
2025-06-13 23:43:20,099 - {'Epoch': 12, 'HR@5': '0.1676', 'NDCG@5': '0.1102', 'HR@10': '0.2559', 'NDCG@10': '0.1387', 'HR@20': '0.3622', 'NDCG@20': '0.1656'}
2025-06-13 23:43:20,100 - Validation score increased.  Saving model ...
2025-06-13 23:43:27,587 - {'epoch': 13, 'rec_loss': '4.7189'}
2025-06-13 23:43:31,949 - {'Epoch': 13, 'HR@5': '0.1701', 'NDCG@5': '0.1115', 'HR@10': '0.2582', 'NDCG@10': '0.1399', 'HR@20': '0.3593', 'NDCG@20': '0.1654'}
2025-06-13 23:43:31,950 - EarlyStopping counter: 1 out of 10
2025-06-13 23:43:39,457 - {'epoch': 14, 'rec_loss': '4.6968'}
2025-06-13 23:43:43,822 - {'Epoch': 14, 'HR@5': '0.1728', 'NDCG@5': '0.1125', 'HR@10': '0.2568', 'NDCG@10': '0.1395', 'HR@20': '0.3609', 'NDCG@20': '0.1657'}
2025-06-13 23:43:43,824 - Validation score increased.  Saving model ...
2025-06-13 23:43:51,428 - {'epoch': 15, 'rec_loss': '4.6824'}
2025-06-13 23:43:55,834 - {'Epoch': 15, 'HR@5': '0.1697', 'NDCG@5': '0.1113', 'HR@10': '0.2582', 'NDCG@10': '0.1399', 'HR@20': '0.3607', 'NDCG@20': '0.1658'}
2025-06-13 23:43:55,836 - Validation score increased.  Saving model ...
2025-06-13 23:44:03,312 - {'epoch': 16, 'rec_loss': '4.6717'}
2025-06-13 23:44:07,705 - {'Epoch': 16, 'HR@5': '0.1684', 'NDCG@5': '0.1101', 'HR@10': '0.2568', 'NDCG@10': '0.1386', 'HR@20': '0.3603', 'NDCG@20': '0.1646'}
2025-06-13 23:44:07,707 - EarlyStopping counter: 1 out of 10
2025-06-13 23:44:15,209 - {'epoch': 17, 'rec_loss': '4.6574'}
2025-06-13 23:44:19,613 - {'Epoch': 17, 'HR@5': '0.1715', 'NDCG@5': '0.1119', 'HR@10': '0.2576', 'NDCG@10': '0.1396', 'HR@20': '0.3591', 'NDCG@20': '0.1652'}
2025-06-13 23:44:19,615 - EarlyStopping counter: 2 out of 10
2025-06-13 23:44:27,069 - {'epoch': 18, 'rec_loss': '4.6445'}
2025-06-13 23:44:31,436 - {'Epoch': 18, 'HR@5': '0.1699', 'NDCG@5': '0.1119', 'HR@10': '0.2572', 'NDCG@10': '0.1400', 'HR@20': '0.3578', 'NDCG@20': '0.1655'}
2025-06-13 23:44:31,438 - EarlyStopping counter: 3 out of 10
2025-06-13 23:44:39,046 - {'epoch': 19, 'rec_loss': '4.6301'}
2025-06-13 23:44:43,390 - {'Epoch': 19, 'HR@5': '0.1704', 'NDCG@5': '0.1116', 'HR@10': '0.2578', 'NDCG@10': '0.1398', 'HR@20': '0.3613', 'NDCG@20': '0.1659'}
2025-06-13 23:44:43,392 - Validation score increased.  Saving model ...
2025-06-13 23:44:50,800 - {'epoch': 20, 'rec_loss': '4.6242'}
2025-06-13 23:44:55,226 - {'Epoch': 20, 'HR@5': '0.1716', 'NDCG@5': '0.1115', 'HR@10': '0.2584', 'NDCG@10': '0.1396', 'HR@20': '0.3615', 'NDCG@20': '0.1656'}
2025-06-13 23:44:55,228 - EarlyStopping counter: 1 out of 10
2025-06-13 23:45:02,708 - {'epoch': 21, 'rec_loss': '4.6125'}
2025-06-13 23:45:07,071 - {'Epoch': 21, 'HR@5': '0.1726', 'NDCG@5': '0.1122', 'HR@10': '0.2592', 'NDCG@10': '0.1400', 'HR@20': '0.3597', 'NDCG@20': '0.1654'}
2025-06-13 23:45:07,073 - EarlyStopping counter: 2 out of 10
2025-06-13 23:45:14,570 - {'epoch': 22, 'rec_loss': '4.6085'}
2025-06-13 23:45:18,983 - {'Epoch': 22, 'HR@5': '0.1740', 'NDCG@5': '0.1142', 'HR@10': '0.2604', 'NDCG@10': '0.1420', 'HR@20': '0.3620', 'NDCG@20': '0.1677'}
2025-06-13 23:45:18,985 - Validation score increased.  Saving model ...
2025-06-13 23:45:26,502 - {'epoch': 23, 'rec_loss': '4.5966'}
2025-06-13 23:45:30,875 - {'Epoch': 23, 'HR@5': '0.1706', 'NDCG@5': '0.1111', 'HR@10': '0.2566', 'NDCG@10': '0.1388', 'HR@20': '0.3601', 'NDCG@20': '0.1650'}
2025-06-13 23:45:30,877 - EarlyStopping counter: 1 out of 10
2025-06-13 23:45:38,325 - {'epoch': 24, 'rec_loss': '4.5909'}
2025-06-13 23:45:42,743 - {'Epoch': 24, 'HR@5': '0.1731', 'NDCG@5': '0.1133', 'HR@10': '0.2598', 'NDCG@10': '0.1413', 'HR@20': '0.3611', 'NDCG@20': '0.1669'}
2025-06-13 23:45:42,745 - EarlyStopping counter: 2 out of 10
2025-06-13 23:45:50,187 - {'epoch': 25, 'rec_loss': '4.5753'}
2025-06-13 23:45:54,623 - {'Epoch': 25, 'HR@5': '0.1748', 'NDCG@5': '0.1148', 'HR@10': '0.2596', 'NDCG@10': '0.1422', 'HR@20': '0.3592', 'NDCG@20': '0.1674'}
2025-06-13 23:45:54,625 - EarlyStopping counter: 3 out of 10
2025-06-13 23:46:02,031 - {'epoch': 26, 'rec_loss': '4.5742'}
2025-06-13 23:46:06,442 - {'Epoch': 26, 'HR@5': '0.1714', 'NDCG@5': '0.1123', 'HR@10': '0.2595', 'NDCG@10': '0.1408', 'HR@20': '0.3578', 'NDCG@20': '0.1657'}
2025-06-13 23:46:06,443 - EarlyStopping counter: 4 out of 10
2025-06-13 23:46:13,885 - {'epoch': 27, 'rec_loss': '4.5649'}
2025-06-13 23:46:18,219 - {'Epoch': 27, 'HR@5': '0.1737', 'NDCG@5': '0.1136', 'HR@10': '0.2598', 'NDCG@10': '0.1413', 'HR@20': '0.3604', 'NDCG@20': '0.1668'}
2025-06-13 23:46:18,222 - EarlyStopping counter: 5 out of 10
2025-06-13 23:46:25,704 - {'epoch': 28, 'rec_loss': '4.5553'}
2025-06-13 23:46:30,120 - {'Epoch': 28, 'HR@5': '0.1738', 'NDCG@5': '0.1140', 'HR@10': '0.2627', 'NDCG@10': '0.1427', 'HR@20': '0.3608', 'NDCG@20': '0.1674'}
2025-06-13 23:46:30,122 - EarlyStopping counter: 6 out of 10
2025-06-13 23:46:37,540 - {'epoch': 29, 'rec_loss': '4.5495'}
2025-06-13 23:46:42,023 - {'Epoch': 29, 'HR@5': '0.1718', 'NDCG@5': '0.1134', 'HR@10': '0.2588', 'NDCG@10': '0.1415', 'HR@20': '0.3578', 'NDCG@20': '0.1665'}
2025-06-13 23:46:42,025 - EarlyStopping counter: 7 out of 10
2025-06-13 23:46:49,559 - {'epoch': 30, 'rec_loss': '4.5470'}
2025-06-13 23:46:54,040 - {'Epoch': 30, 'HR@5': '0.1722', 'NDCG@5': '0.1117', 'HR@10': '0.2598', 'NDCG@10': '0.1400', 'HR@20': '0.3644', 'NDCG@20': '0.1664'}
2025-06-13 23:46:54,041 - EarlyStopping counter: 8 out of 10
2025-06-13 23:47:01,519 - {'epoch': 31, 'rec_loss': '4.5391'}
2025-06-13 23:47:05,912 - {'Epoch': 31, 'HR@5': '0.1739', 'NDCG@5': '0.1134', 'HR@10': '0.2623', 'NDCG@10': '0.1420', 'HR@20': '0.3607', 'NDCG@20': '0.1668'}
2025-06-13 23:47:05,914 - EarlyStopping counter: 9 out of 10
2025-06-13 23:47:13,384 - {'epoch': 32, 'rec_loss': '4.5334'}
2025-06-13 23:47:17,845 - {'Epoch': 32, 'HR@5': '0.1708', 'NDCG@5': '0.1113', 'HR@10': '0.2591', 'NDCG@10': '0.1398', 'HR@20': '0.3620', 'NDCG@20': '0.1659'}
2025-06-13 23:47:17,846 - EarlyStopping counter: 10 out of 10
2025-06-13 23:47:17,847 - Early stopping
2025-06-13 23:47:17,847 - ---------------Validation Score---------------
2025-06-13 23:47:22,236 - {'Epoch': 0, 'HR@5': '0.1740', 'NDCG@5': '0.1142', 'HR@10': '0.2604', 'NDCG@10': '0.1420', 'HR@20': '0.3620', 'NDCG@20': '0.1677'}
2025-06-13 23:47:22,239 - BSARec_Diginetica
2025-06-13 23:47:22,239 - {'Epoch': 0, 'HR@5': '0.1740', 'NDCG@5': '0.1142', 'HR@10': '0.2604', 'NDCG@10': '0.1420', 'HR@20': '0.3620', 'NDCG@20': '0.1677'}
