2025-06-13 23:17:45,573 - Namespace(data_dir='data/self_processed/', output_dir='hparam_search/', data_name='Diginetica', train_name='BSARec_Diginetica', num_items=10, num_users=14829, lr=0.001, batch_size=256, epochs=200, no_cuda=False, log_freq=1, patience=10, num_workers=4, seed=42, weight_decay=0.0, adam_beta1=0.9, adam_beta2=0.999, gpu_id='0', variance=5, model_type='BSARec', max_seq_length=50, hidden_size=64, num_hidden_layers=2, hidden_act='gelu', num_attention_heads=2, attention_probs_dropout_prob=0.5, hidden_dropout_prob=0.5, initializer_range=0.02, c=7, alpha=0.3, cuda_condition=True, data_file='data/self_processed/Diginetica.txt', item_size=9441, checkpoint_path=PosixPath('/gpfs/home3/scur2771/BSARec/BSARec/src/hparam_search/BSARec_Diginetica/12367757_42/model.pt'), same_target_path='data/self_processed/Diginetica_same_target.npy')
2025-06-13 23:17:45,593 - BSARecModel(
  (item_embeddings): Embedding(9441, 64, padding_idx=0)
  (position_embeddings): Embedding(50, 64)
  (LayerNorm): LayerNorm()
  (dropout): Dropout(p=0.5, inplace=False)
  (item_encoder): BSARecEncoder(
    (blocks): ModuleList(
      (0): BSARecBlock(
        (layer): BSARecLayer(
          (filter_layer): FrequencyLayer(
            (out_dropout): Dropout(p=0.5, inplace=False)
            (LayerNorm): LayerNorm()
          )
          (attention_layer): MultiHeadAttention(
            (query): Linear(in_features=64, out_features=64, bias=True)
            (key): Linear(in_features=64, out_features=64, bias=True)
            (value): Linear(in_features=64, out_features=64, bias=True)
            (softmax): Softmax(dim=-1)
            (attn_dropout): Dropout(p=0.5, inplace=False)
            (dense): Linear(in_features=64, out_features=64, bias=True)
            (LayerNorm): LayerNorm((64,), eps=1e-12, elementwise_affine=True)
            (out_dropout): Dropout(p=0.5, inplace=False)
          )
        )
        (feed_forward): FeedForward(
          (dense_1): Linear(in_features=64, out_features=256, bias=True)
          (dense_2): Linear(in_features=256, out_features=64, bias=True)
          (LayerNorm): LayerNorm()
          (dropout): Dropout(p=0.5, inplace=False)
        )
      )
      (1): BSARecBlock(
        (layer): BSARecLayer(
          (filter_layer): FrequencyLayer(
            (out_dropout): Dropout(p=0.5, inplace=False)
            (LayerNorm): LayerNorm()
          )
          (attention_layer): MultiHeadAttention(
            (query): Linear(in_features=64, out_features=64, bias=True)
            (key): Linear(in_features=64, out_features=64, bias=True)
            (value): Linear(in_features=64, out_features=64, bias=True)
            (softmax): Softmax(dim=-1)
            (attn_dropout): Dropout(p=0.5, inplace=False)
            (dense): Linear(in_features=64, out_features=64, bias=True)
            (LayerNorm): LayerNorm((64,), eps=1e-12, elementwise_affine=True)
            (out_dropout): Dropout(p=0.5, inplace=False)
          )
        )
        (feed_forward): FeedForward(
          (dense_1): Linear(in_features=64, out_features=256, bias=True)
          (dense_2): Linear(in_features=256, out_features=64, bias=True)
          (LayerNorm): LayerNorm()
          (dropout): Dropout(p=0.5, inplace=False)
        )
      )
    )
  )
)
2025-06-13 23:17:47,767 - Total Parameters: 707904
2025-06-13 23:17:56,425 - {'epoch': 0, 'rec_loss': '8.6638'}
2025-06-13 23:18:00,684 - {'Epoch': 0, 'HR@5': '0.0355', 'NDCG@5': '0.0241', 'HR@10': '0.0519', 'NDCG@10': '0.0294', 'HR@20': '0.0708', 'NDCG@20': '0.0341'}
2025-06-13 23:18:00,686 - Validation score increased.  Saving model ...
2025-06-13 23:18:08,225 - {'epoch': 1, 'rec_loss': '7.4546'}
2025-06-13 23:18:12,428 - {'Epoch': 1, 'HR@5': '0.1005', 'NDCG@5': '0.0655', 'HR@10': '0.1525', 'NDCG@10': '0.0822', 'HR@20': '0.2139', 'NDCG@20': '0.0977'}
2025-06-13 23:18:12,429 - Validation score increased.  Saving model ...
2025-06-13 23:18:19,945 - {'epoch': 2, 'rec_loss': '6.1997'}
2025-06-13 23:18:24,215 - {'Epoch': 2, 'HR@5': '0.1341', 'NDCG@5': '0.0886', 'HR@10': '0.2064', 'NDCG@10': '0.1118', 'HR@20': '0.2847', 'NDCG@20': '0.1316'}
2025-06-13 23:18:24,217 - Validation score increased.  Saving model ...
2025-06-13 23:18:31,848 - {'epoch': 3, 'rec_loss': '5.4967'}
2025-06-13 23:18:36,249 - {'Epoch': 3, 'HR@5': '0.1513', 'NDCG@5': '0.0998', 'HR@10': '0.2288', 'NDCG@10': '0.1248', 'HR@20': '0.3199', 'NDCG@20': '0.1478'}
2025-06-13 23:18:36,250 - Validation score increased.  Saving model ...
2025-06-13 23:18:43,853 - {'epoch': 4, 'rec_loss': '5.1642'}
2025-06-13 23:18:48,235 - {'Epoch': 4, 'HR@5': '0.1583', 'NDCG@5': '0.1041', 'HR@10': '0.2442', 'NDCG@10': '0.1317', 'HR@20': '0.3391', 'NDCG@20': '0.1556'}
2025-06-13 23:18:48,236 - Validation score increased.  Saving model ...
2025-06-13 23:18:55,898 - {'epoch': 5, 'rec_loss': '5.0052'}
2025-06-13 23:19:00,299 - {'Epoch': 5, 'HR@5': '0.1652', 'NDCG@5': '0.1081', 'HR@10': '0.2487', 'NDCG@10': '0.1350', 'HR@20': '0.3481', 'NDCG@20': '0.1601'}
2025-06-13 23:19:00,300 - Validation score increased.  Saving model ...
2025-06-13 23:19:07,798 - {'epoch': 6, 'rec_loss': '4.9153'}
2025-06-13 23:19:12,190 - {'Epoch': 6, 'HR@5': '0.1664', 'NDCG@5': '0.1094', 'HR@10': '0.2540', 'NDCG@10': '0.1376', 'HR@20': '0.3542', 'NDCG@20': '0.1629'}
2025-06-13 23:19:12,192 - Validation score increased.  Saving model ...
2025-06-13 23:19:19,810 - {'epoch': 7, 'rec_loss': '4.8572'}
2025-06-13 23:19:24,213 - {'Epoch': 7, 'HR@5': '0.1679', 'NDCG@5': '0.1098', 'HR@10': '0.2565', 'NDCG@10': '0.1382', 'HR@20': '0.3562', 'NDCG@20': '0.1634'}
2025-06-13 23:19:24,215 - Validation score increased.  Saving model ...
2025-06-13 23:19:31,636 - {'epoch': 8, 'rec_loss': '4.8182'}
2025-06-13 23:19:36,014 - {'Epoch': 8, 'HR@5': '0.1696', 'NDCG@5': '0.1109', 'HR@10': '0.2558', 'NDCG@10': '0.1386', 'HR@20': '0.3594', 'NDCG@20': '0.1648'}
2025-06-13 23:19:36,016 - Validation score increased.  Saving model ...
2025-06-13 23:19:43,522 - {'epoch': 9, 'rec_loss': '4.7829'}
2025-06-13 23:19:47,926 - {'Epoch': 9, 'HR@5': '0.1705', 'NDCG@5': '0.1107', 'HR@10': '0.2577', 'NDCG@10': '0.1388', 'HR@20': '0.3608', 'NDCG@20': '0.1647'}
2025-06-13 23:19:47,928 - EarlyStopping counter: 1 out of 10
2025-06-13 23:19:55,451 - {'epoch': 10, 'rec_loss': '4.7560'}
2025-06-13 23:19:59,836 - {'Epoch': 10, 'HR@5': '0.1676', 'NDCG@5': '0.1105', 'HR@10': '0.2565', 'NDCG@10': '0.1391', 'HR@20': '0.3613', 'NDCG@20': '0.1657'}
2025-06-13 23:19:59,839 - Validation score increased.  Saving model ...
2025-06-13 23:20:07,375 - {'epoch': 11, 'rec_loss': '4.7293'}
2025-06-13 23:20:11,795 - {'Epoch': 11, 'HR@5': '0.1699', 'NDCG@5': '0.1113', 'HR@10': '0.2561', 'NDCG@10': '0.1391', 'HR@20': '0.3595', 'NDCG@20': '0.1651'}
2025-06-13 23:20:11,796 - EarlyStopping counter: 1 out of 10
2025-06-13 23:20:19,310 - {'epoch': 12, 'rec_loss': '4.7071'}
2025-06-13 23:20:23,752 - {'Epoch': 12, 'HR@5': '0.1691', 'NDCG@5': '0.1105', 'HR@10': '0.2586', 'NDCG@10': '0.1393', 'HR@20': '0.3593', 'NDCG@20': '0.1648'}
2025-06-13 23:20:23,755 - EarlyStopping counter: 2 out of 10
2025-06-13 23:20:31,263 - {'epoch': 13, 'rec_loss': '4.6932'}
2025-06-13 23:20:35,532 - {'Epoch': 13, 'HR@5': '0.1696', 'NDCG@5': '0.1114', 'HR@10': '0.2601', 'NDCG@10': '0.1405', 'HR@20': '0.3605', 'NDCG@20': '0.1660'}
2025-06-13 23:20:35,533 - Validation score increased.  Saving model ...
2025-06-13 23:20:43,149 - {'epoch': 14, 'rec_loss': '4.6736'}
2025-06-13 23:20:47,581 - {'Epoch': 14, 'HR@5': '0.1722', 'NDCG@5': '0.1124', 'HR@10': '0.2565', 'NDCG@10': '0.1396', 'HR@20': '0.3594', 'NDCG@20': '0.1656'}
2025-06-13 23:20:47,583 - EarlyStopping counter: 1 out of 10
2025-06-13 23:20:55,090 - {'epoch': 15, 'rec_loss': '4.6651'}
2025-06-13 23:20:59,525 - {'Epoch': 15, 'HR@5': '0.1712', 'NDCG@5': '0.1121', 'HR@10': '0.2612', 'NDCG@10': '0.1411', 'HR@20': '0.3608', 'NDCG@20': '0.1663'}
2025-06-13 23:20:59,526 - Validation score increased.  Saving model ...
2025-06-13 23:21:07,058 - {'epoch': 16, 'rec_loss': '4.6422'}
2025-06-13 23:21:11,485 - {'Epoch': 16, 'HR@5': '0.1696', 'NDCG@5': '0.1107', 'HR@10': '0.2559', 'NDCG@10': '0.1384', 'HR@20': '0.3608', 'NDCG@20': '0.1650'}
2025-06-13 23:21:11,487 - EarlyStopping counter: 1 out of 10
2025-06-13 23:21:18,987 - {'epoch': 17, 'rec_loss': '4.6326'}
2025-06-13 23:21:23,418 - {'Epoch': 17, 'HR@5': '0.1713', 'NDCG@5': '0.1122', 'HR@10': '0.2613', 'NDCG@10': '0.1413', 'HR@20': '0.3603', 'NDCG@20': '0.1663'}
2025-06-13 23:21:23,420 - EarlyStopping counter: 2 out of 10
2025-06-13 23:21:30,881 - {'epoch': 18, 'rec_loss': '4.6205'}
2025-06-13 23:21:35,323 - {'Epoch': 18, 'HR@5': '0.1723', 'NDCG@5': '0.1134', 'HR@10': '0.2600', 'NDCG@10': '0.1417', 'HR@20': '0.3604', 'NDCG@20': '0.1671'}
2025-06-13 23:21:35,325 - Validation score increased.  Saving model ...
2025-06-13 23:21:42,835 - {'epoch': 19, 'rec_loss': '4.6103'}
2025-06-13 23:21:47,240 - {'Epoch': 19, 'HR@5': '0.1720', 'NDCG@5': '0.1125', 'HR@10': '0.2591', 'NDCG@10': '0.1405', 'HR@20': '0.3607', 'NDCG@20': '0.1662'}
2025-06-13 23:21:47,241 - EarlyStopping counter: 1 out of 10
2025-06-13 23:21:54,837 - {'epoch': 20, 'rec_loss': '4.5964'}
2025-06-13 23:21:59,279 - {'Epoch': 20, 'HR@5': '0.1744', 'NDCG@5': '0.1137', 'HR@10': '0.2600', 'NDCG@10': '0.1412', 'HR@20': '0.3629', 'NDCG@20': '0.1673'}
2025-06-13 23:21:59,280 - Validation score increased.  Saving model ...
2025-06-13 23:22:06,762 - {'epoch': 21, 'rec_loss': '4.5885'}
2025-06-13 23:22:11,105 - {'Epoch': 21, 'HR@5': '0.1740', 'NDCG@5': '0.1136', 'HR@10': '0.2605', 'NDCG@10': '0.1414', 'HR@20': '0.3636', 'NDCG@20': '0.1675'}
2025-06-13 23:22:11,107 - Validation score increased.  Saving model ...
2025-06-13 23:22:18,675 - {'epoch': 22, 'rec_loss': '4.5845'}
2025-06-13 23:22:23,050 - {'Epoch': 22, 'HR@5': '0.1710', 'NDCG@5': '0.1135', 'HR@10': '0.2633', 'NDCG@10': '0.1433', 'HR@20': '0.3637', 'NDCG@20': '0.1686'}
2025-06-13 23:22:23,051 - Validation score increased.  Saving model ...
2025-06-13 23:22:30,524 - {'epoch': 23, 'rec_loss': '4.5694'}
2025-06-13 23:22:34,864 - {'Epoch': 23, 'HR@5': '0.1705', 'NDCG@5': '0.1118', 'HR@10': '0.2592', 'NDCG@10': '0.1404', 'HR@20': '0.3596', 'NDCG@20': '0.1658'}
2025-06-13 23:22:34,866 - EarlyStopping counter: 1 out of 10
2025-06-13 23:22:42,452 - {'epoch': 24, 'rec_loss': '4.5627'}
2025-06-13 23:22:46,847 - {'Epoch': 24, 'HR@5': '0.1720', 'NDCG@5': '0.1134', 'HR@10': '0.2599', 'NDCG@10': '0.1418', 'HR@20': '0.3628', 'NDCG@20': '0.1678'}
2025-06-13 23:22:46,849 - EarlyStopping counter: 2 out of 10
2025-06-13 23:22:54,373 - {'epoch': 25, 'rec_loss': '4.5548'}
2025-06-13 23:22:58,765 - {'Epoch': 25, 'HR@5': '0.1777', 'NDCG@5': '0.1167', 'HR@10': '0.2611', 'NDCG@10': '0.1435', 'HR@20': '0.3609', 'NDCG@20': '0.1687'}
2025-06-13 23:22:58,766 - Validation score increased.  Saving model ...
2025-06-13 23:23:06,259 - {'epoch': 26, 'rec_loss': '4.5458'}
2025-06-13 23:23:10,626 - {'Epoch': 26, 'HR@5': '0.1739', 'NDCG@5': '0.1143', 'HR@10': '0.2608', 'NDCG@10': '0.1422', 'HR@20': '0.3604', 'NDCG@20': '0.1674'}
2025-06-13 23:23:10,628 - EarlyStopping counter: 1 out of 10
2025-06-13 23:23:18,054 - {'epoch': 27, 'rec_loss': '4.5418'}
2025-06-13 23:23:22,373 - {'Epoch': 27, 'HR@5': '0.1755', 'NDCG@5': '0.1146', 'HR@10': '0.2599', 'NDCG@10': '0.1417', 'HR@20': '0.3629', 'NDCG@20': '0.1678'}
2025-06-13 23:23:22,374 - EarlyStopping counter: 2 out of 10
2025-06-13 23:23:29,838 - {'epoch': 28, 'rec_loss': '4.5308'}
2025-06-13 23:23:34,226 - {'Epoch': 28, 'HR@5': '0.1741', 'NDCG@5': '0.1151', 'HR@10': '0.2609', 'NDCG@10': '0.1431', 'HR@20': '0.3622', 'NDCG@20': '0.1687'}
2025-06-13 23:23:34,229 - EarlyStopping counter: 3 out of 10
2025-06-13 23:23:41,739 - {'epoch': 29, 'rec_loss': '4.5278'}
2025-06-13 23:23:46,139 - {'Epoch': 29, 'HR@5': '0.1710', 'NDCG@5': '0.1132', 'HR@10': '0.2560', 'NDCG@10': '0.1406', 'HR@20': '0.3600', 'NDCG@20': '0.1669'}
2025-06-13 23:23:46,141 - EarlyStopping counter: 4 out of 10
2025-06-13 23:23:53,690 - {'epoch': 30, 'rec_loss': '4.5238'}
2025-06-13 23:23:58,100 - {'Epoch': 30, 'HR@5': '0.1728', 'NDCG@5': '0.1131', 'HR@10': '0.2605', 'NDCG@10': '0.1414', 'HR@20': '0.3609', 'NDCG@20': '0.1668'}
2025-06-13 23:23:58,102 - EarlyStopping counter: 5 out of 10
2025-06-13 23:24:05,569 - {'epoch': 31, 'rec_loss': '4.5152'}
2025-06-13 23:24:09,952 - {'Epoch': 31, 'HR@5': '0.1757', 'NDCG@5': '0.1149', 'HR@10': '0.2609', 'NDCG@10': '0.1422', 'HR@20': '0.3610', 'NDCG@20': '0.1675'}
2025-06-13 23:24:09,954 - EarlyStopping counter: 6 out of 10
2025-06-13 23:24:17,451 - {'epoch': 32, 'rec_loss': '4.5090'}
2025-06-13 23:24:21,789 - {'Epoch': 32, 'HR@5': '0.1747', 'NDCG@5': '0.1138', 'HR@10': '0.2622', 'NDCG@10': '0.1420', 'HR@20': '0.3611', 'NDCG@20': '0.1670'}
2025-06-13 23:24:21,791 - EarlyStopping counter: 7 out of 10
2025-06-13 23:24:29,258 - {'epoch': 33, 'rec_loss': '4.5002'}
2025-06-13 23:24:33,722 - {'Epoch': 33, 'HR@5': '0.1718', 'NDCG@5': '0.1129', 'HR@10': '0.2598', 'NDCG@10': '0.1413', 'HR@20': '0.3612', 'NDCG@20': '0.1670'}
2025-06-13 23:24:33,724 - EarlyStopping counter: 8 out of 10
2025-06-13 23:24:41,145 - {'epoch': 34, 'rec_loss': '4.4938'}
2025-06-13 23:24:45,554 - {'Epoch': 34, 'HR@5': '0.1779', 'NDCG@5': '0.1157', 'HR@10': '0.2619', 'NDCG@10': '0.1428', 'HR@20': '0.3622', 'NDCG@20': '0.1681'}
2025-06-13 23:24:45,556 - EarlyStopping counter: 9 out of 10
2025-06-13 23:24:53,071 - {'epoch': 35, 'rec_loss': '4.4939'}
2025-06-13 23:24:57,501 - {'Epoch': 35, 'HR@5': '0.1739', 'NDCG@5': '0.1138', 'HR@10': '0.2607', 'NDCG@10': '0.1417', 'HR@20': '0.3609', 'NDCG@20': '0.1671'}
2025-06-13 23:24:57,502 - EarlyStopping counter: 10 out of 10
2025-06-13 23:24:57,502 - Early stopping
2025-06-13 23:24:57,502 - ---------------Validation Score---------------
2025-06-13 23:25:01,867 - {'Epoch': 0, 'HR@5': '0.1777', 'NDCG@5': '0.1167', 'HR@10': '0.2611', 'NDCG@10': '0.1435', 'HR@20': '0.3609', 'NDCG@20': '0.1687'}
2025-06-13 23:25:01,870 - BSARec_Diginetica
2025-06-13 23:25:01,870 - {'Epoch': 0, 'HR@5': '0.1777', 'NDCG@5': '0.1167', 'HR@10': '0.2611', 'NDCG@10': '0.1435', 'HR@20': '0.3609', 'NDCG@20': '0.1687'}
