2025-06-14 00:41:51,078 - Namespace(data_dir='data/self_processed/', output_dir='hparam_search/', data_name='Diginetica', train_name='BSARec_Diginetica', num_items=10, num_users=14829, lr=0.0005, batch_size=256, epochs=200, no_cuda=False, log_freq=1, patience=10, num_workers=4, seed=42, weight_decay=0.0, adam_beta1=0.9, adam_beta2=0.999, gpu_id='0', variance=5, model_type='BSARec', max_seq_length=50, hidden_size=64, num_hidden_layers=2, hidden_act='gelu', num_attention_heads=4, attention_probs_dropout_prob=0.5, hidden_dropout_prob=0.5, initializer_range=0.02, c=1, alpha=0.9, cuda_condition=True, data_file='data/self_processed/Diginetica.txt', item_size=9441, checkpoint_path=PosixPath('/gpfs/home3/scur2771/BSARec/BSARec/src/hparam_search/BSARec_Diginetica/12367757_130/model.pt'), same_target_path='data/self_processed/Diginetica_same_target.npy')
2025-06-14 00:41:51,127 - BSARecModel(
  (item_embeddings): Embedding(9441, 64, padding_idx=0)
  (position_embeddings): Embedding(50, 64)
  (LayerNorm): LayerNorm()
  (dropout): Dropout(p=0.5, inplace=False)
  (item_encoder): BSARecEncoder(
    (blocks): ModuleList(
      (0): BSARecBlock(
        (layer): BSARecLayer(
          (filter_layer): FrequencyLayer(
            (out_dropout): Dropout(p=0.5, inplace=False)
            (LayerNorm): LayerNorm()
          )
          (attention_layer): MultiHeadAttention(
            (query): Linear(in_features=64, out_features=64, bias=True)
            (key): Linear(in_features=64, out_features=64, bias=True)
            (value): Linear(in_features=64, out_features=64, bias=True)
            (softmax): Softmax(dim=-1)
            (attn_dropout): Dropout(p=0.5, inplace=False)
            (dense): Linear(in_features=64, out_features=64, bias=True)
            (LayerNorm): LayerNorm((64,), eps=1e-12, elementwise_affine=True)
            (out_dropout): Dropout(p=0.5, inplace=False)
          )
        )
        (feed_forward): FeedForward(
          (dense_1): Linear(in_features=64, out_features=256, bias=True)
          (dense_2): Linear(in_features=256, out_features=64, bias=True)
          (LayerNorm): LayerNorm()
          (dropout): Dropout(p=0.5, inplace=False)
        )
      )
      (1): BSARecBlock(
        (layer): BSARecLayer(
          (filter_layer): FrequencyLayer(
            (out_dropout): Dropout(p=0.5, inplace=False)
            (LayerNorm): LayerNorm()
          )
          (attention_layer): MultiHeadAttention(
            (query): Linear(in_features=64, out_features=64, bias=True)
            (key): Linear(in_features=64, out_features=64, bias=True)
            (value): Linear(in_features=64, out_features=64, bias=True)
            (softmax): Softmax(dim=-1)
            (attn_dropout): Dropout(p=0.5, inplace=False)
            (dense): Linear(in_features=64, out_features=64, bias=True)
            (LayerNorm): LayerNorm((64,), eps=1e-12, elementwise_affine=True)
            (out_dropout): Dropout(p=0.5, inplace=False)
          )
        )
        (feed_forward): FeedForward(
          (dense_1): Linear(in_features=64, out_features=256, bias=True)
          (dense_2): Linear(in_features=256, out_features=64, bias=True)
          (LayerNorm): LayerNorm()
          (dropout): Dropout(p=0.5, inplace=False)
        )
      )
    )
  )
)
2025-06-14 00:41:53,993 - Total Parameters: 707904
2025-06-14 00:42:02,561 - {'epoch': 0, 'rec_loss': '8.8520'}
2025-06-14 00:42:06,792 - {'Epoch': 0, 'HR@5': '0.0041', 'NDCG@5': '0.0026', 'HR@10': '0.0071', 'NDCG@10': '0.0035', 'HR@20': '0.0115', 'NDCG@20': '0.0046'}
2025-06-14 00:42:06,794 - Validation score increased.  Saving model ...
2025-06-14 00:42:14,300 - {'epoch': 1, 'rec_loss': '8.5065'}
2025-06-14 00:42:18,322 - {'Epoch': 1, 'HR@5': '0.0114', 'NDCG@5': '0.0071', 'HR@10': '0.0193', 'NDCG@10': '0.0096', 'HR@20': '0.0297', 'NDCG@20': '0.0122'}
2025-06-14 00:42:18,323 - Validation score increased.  Saving model ...
2025-06-14 00:42:25,863 - {'epoch': 2, 'rec_loss': '8.1332'}
2025-06-14 00:42:29,972 - {'Epoch': 2, 'HR@5': '0.0402', 'NDCG@5': '0.0272', 'HR@10': '0.0580', 'NDCG@10': '0.0329', 'HR@20': '0.0813', 'NDCG@20': '0.0388'}
2025-06-14 00:42:29,974 - Validation score increased.  Saving model ...
2025-06-14 00:42:37,452 - {'epoch': 3, 'rec_loss': '7.5336'}
2025-06-14 00:42:41,628 - {'Epoch': 3, 'HR@5': '0.0813', 'NDCG@5': '0.0543', 'HR@10': '0.1218', 'NDCG@10': '0.0674', 'HR@20': '0.1701', 'NDCG@20': '0.0795'}
2025-06-14 00:42:41,630 - Validation score increased.  Saving model ...
2025-06-14 00:42:49,045 - {'epoch': 4, 'rec_loss': '6.8088'}
2025-06-14 00:42:53,243 - {'Epoch': 4, 'HR@5': '0.1090', 'NDCG@5': '0.0720', 'HR@10': '0.1631', 'NDCG@10': '0.0895', 'HR@20': '0.2298', 'NDCG@20': '0.1063'}
2025-06-14 00:42:53,244 - Validation score increased.  Saving model ...
2025-06-14 00:43:00,728 - {'epoch': 5, 'rec_loss': '6.2013'}
2025-06-14 00:43:05,027 - {'Epoch': 5, 'HR@5': '0.1265', 'NDCG@5': '0.0833', 'HR@10': '0.1918', 'NDCG@10': '0.1043', 'HR@20': '0.2670', 'NDCG@20': '0.1233'}
2025-06-14 00:43:05,030 - Validation score increased.  Saving model ...
2025-06-14 00:43:12,435 - {'epoch': 6, 'rec_loss': '5.7558'}
2025-06-14 00:43:16,676 - {'Epoch': 6, 'HR@5': '0.1399', 'NDCG@5': '0.0923', 'HR@10': '0.2109', 'NDCG@10': '0.1152', 'HR@20': '0.2930', 'NDCG@20': '0.1359'}
2025-06-14 00:43:16,678 - Validation score increased.  Saving model ...
2025-06-14 00:43:24,143 - {'epoch': 7, 'rec_loss': '5.4422'}
2025-06-14 00:43:28,536 - {'Epoch': 7, 'HR@5': '0.1477', 'NDCG@5': '0.0983', 'HR@10': '0.2248', 'NDCG@10': '0.1232', 'HR@20': '0.3123', 'NDCG@20': '0.1452'}
2025-06-14 00:43:28,537 - Validation score increased.  Saving model ...
2025-06-14 00:43:36,056 - {'epoch': 8, 'rec_loss': '5.2266'}
2025-06-14 00:43:40,431 - {'Epoch': 8, 'HR@5': '0.1572', 'NDCG@5': '0.1037', 'HR@10': '0.2354', 'NDCG@10': '0.1289', 'HR@20': '0.3263', 'NDCG@20': '0.1519'}
2025-06-14 00:43:40,434 - Validation score increased.  Saving model ...
2025-06-14 00:43:47,913 - {'epoch': 9, 'rec_loss': '5.0728'}
2025-06-14 00:43:52,221 - {'Epoch': 9, 'HR@5': '0.1621', 'NDCG@5': '0.1063', 'HR@10': '0.2406', 'NDCG@10': '0.1317', 'HR@20': '0.3373', 'NDCG@20': '0.1561'}
2025-06-14 00:43:52,222 - Validation score increased.  Saving model ...
2025-06-14 00:43:59,779 - {'epoch': 10, 'rec_loss': '4.9651'}
2025-06-14 00:44:04,083 - {'Epoch': 10, 'HR@5': '0.1621', 'NDCG@5': '0.1070', 'HR@10': '0.2472', 'NDCG@10': '0.1344', 'HR@20': '0.3452', 'NDCG@20': '0.1592'}
2025-06-14 00:44:04,085 - Validation score increased.  Saving model ...
2025-06-14 00:44:11,719 - {'epoch': 11, 'rec_loss': '4.8854'}
2025-06-14 00:44:16,101 - {'Epoch': 11, 'HR@5': '0.1683', 'NDCG@5': '0.1108', 'HR@10': '0.2536', 'NDCG@10': '0.1382', 'HR@20': '0.3492', 'NDCG@20': '0.1624'}
2025-06-14 00:44:16,103 - Validation score increased.  Saving model ...
2025-06-14 00:44:23,508 - {'epoch': 12, 'rec_loss': '4.8230'}
2025-06-14 00:44:27,780 - {'Epoch': 12, 'HR@5': '0.1707', 'NDCG@5': '0.1124', 'HR@10': '0.2534', 'NDCG@10': '0.1391', 'HR@20': '0.3519', 'NDCG@20': '0.1640'}
2025-06-14 00:44:27,782 - Validation score increased.  Saving model ...
2025-06-14 00:44:35,227 - {'epoch': 13, 'rec_loss': '4.7795'}
2025-06-14 00:44:39,626 - {'Epoch': 13, 'HR@5': '0.1713', 'NDCG@5': '0.1128', 'HR@10': '0.2568', 'NDCG@10': '0.1404', 'HR@20': '0.3556', 'NDCG@20': '0.1653'}
2025-06-14 00:44:39,628 - Validation score increased.  Saving model ...
2025-06-14 00:44:47,168 - {'epoch': 14, 'rec_loss': '4.7420'}
2025-06-14 00:44:51,567 - {'Epoch': 14, 'HR@5': '0.1714', 'NDCG@5': '0.1132', 'HR@10': '0.2574', 'NDCG@10': '0.1409', 'HR@20': '0.3560', 'NDCG@20': '0.1658'}
2025-06-14 00:44:51,569 - Validation score increased.  Saving model ...
2025-06-14 00:44:58,982 - {'epoch': 15, 'rec_loss': '4.7159'}
2025-06-14 00:45:03,325 - {'Epoch': 15, 'HR@5': '0.1692', 'NDCG@5': '0.1124', 'HR@10': '0.2592', 'NDCG@10': '0.1414', 'HR@20': '0.3597', 'NDCG@20': '0.1667'}
2025-06-14 00:45:03,327 - Validation score increased.  Saving model ...
2025-06-14 00:45:10,716 - {'epoch': 16, 'rec_loss': '4.6927'}
2025-06-14 00:45:15,050 - {'Epoch': 16, 'HR@5': '0.1718', 'NDCG@5': '0.1141', 'HR@10': '0.2594', 'NDCG@10': '0.1422', 'HR@20': '0.3611', 'NDCG@20': '0.1679'}
2025-06-14 00:45:15,051 - Validation score increased.  Saving model ...
2025-06-14 00:45:22,404 - {'epoch': 17, 'rec_loss': '4.6718'}
2025-06-14 00:45:26,787 - {'Epoch': 17, 'HR@5': '0.1722', 'NDCG@5': '0.1141', 'HR@10': '0.2603', 'NDCG@10': '0.1425', 'HR@20': '0.3613', 'NDCG@20': '0.1679'}
2025-06-14 00:45:26,789 - Validation score increased.  Saving model ...
2025-06-14 00:45:34,203 - {'epoch': 18, 'rec_loss': '4.6493'}
2025-06-14 00:45:38,489 - {'Epoch': 18, 'HR@5': '0.1733', 'NDCG@5': '0.1148', 'HR@10': '0.2625', 'NDCG@10': '0.1436', 'HR@20': '0.3600', 'NDCG@20': '0.1682'}
2025-06-14 00:45:38,491 - Validation score increased.  Saving model ...
2025-06-14 00:45:45,891 - {'epoch': 19, 'rec_loss': '4.6319'}
2025-06-14 00:45:50,241 - {'Epoch': 19, 'HR@5': '0.1741', 'NDCG@5': '0.1145', 'HR@10': '0.2603', 'NDCG@10': '0.1423', 'HR@20': '0.3617', 'NDCG@20': '0.1679'}
2025-06-14 00:45:50,243 - EarlyStopping counter: 1 out of 10
2025-06-14 00:45:57,701 - {'epoch': 20, 'rec_loss': '4.6172'}
2025-06-14 00:46:02,052 - {'Epoch': 20, 'HR@5': '0.1733', 'NDCG@5': '0.1147', 'HR@10': '0.2620', 'NDCG@10': '0.1433', 'HR@20': '0.3644', 'NDCG@20': '0.1692'}
2025-06-14 00:46:02,054 - Validation score increased.  Saving model ...
2025-06-14 00:46:09,585 - {'epoch': 21, 'rec_loss': '4.6072'}
2025-06-14 00:46:13,971 - {'Epoch': 21, 'HR@5': '0.1753', 'NDCG@5': '0.1148', 'HR@10': '0.2619', 'NDCG@10': '0.1426', 'HR@20': '0.3643', 'NDCG@20': '0.1685'}
2025-06-14 00:46:13,973 - EarlyStopping counter: 1 out of 10
2025-06-14 00:46:21,450 - {'epoch': 22, 'rec_loss': '4.5955'}
2025-06-14 00:46:25,786 - {'Epoch': 22, 'HR@5': '0.1753', 'NDCG@5': '0.1152', 'HR@10': '0.2627', 'NDCG@10': '0.1434', 'HR@20': '0.3648', 'NDCG@20': '0.1692'}
2025-06-14 00:46:25,788 - Validation score increased.  Saving model ...
2025-06-14 00:46:33,117 - {'epoch': 23, 'rec_loss': '4.5808'}
2025-06-14 00:46:37,479 - {'Epoch': 23, 'HR@5': '0.1735', 'NDCG@5': '0.1138', 'HR@10': '0.2623', 'NDCG@10': '0.1425', 'HR@20': '0.3646', 'NDCG@20': '0.1683'}
2025-06-14 00:46:37,481 - EarlyStopping counter: 1 out of 10
2025-06-14 00:46:44,889 - {'epoch': 24, 'rec_loss': '4.5750'}
2025-06-14 00:46:49,294 - {'Epoch': 24, 'HR@5': '0.1755', 'NDCG@5': '0.1145', 'HR@10': '0.2623', 'NDCG@10': '0.1425', 'HR@20': '0.3647', 'NDCG@20': '0.1683'}
2025-06-14 00:46:49,296 - EarlyStopping counter: 2 out of 10
2025-06-14 00:46:56,780 - {'epoch': 25, 'rec_loss': '4.5592'}
2025-06-14 00:47:01,154 - {'Epoch': 25, 'HR@5': '0.1764', 'NDCG@5': '0.1166', 'HR@10': '0.2644', 'NDCG@10': '0.1450', 'HR@20': '0.3635', 'NDCG@20': '0.1699'}
2025-06-14 00:47:01,156 - Validation score increased.  Saving model ...
2025-06-14 00:47:08,631 - {'epoch': 26, 'rec_loss': '4.5509'}
2025-06-14 00:47:13,001 - {'Epoch': 26, 'HR@5': '0.1751', 'NDCG@5': '0.1151', 'HR@10': '0.2637', 'NDCG@10': '0.1436', 'HR@20': '0.3634', 'NDCG@20': '0.1688'}
2025-06-14 00:47:13,003 - EarlyStopping counter: 1 out of 10
2025-06-14 00:47:20,418 - {'epoch': 27, 'rec_loss': '4.5448'}
2025-06-14 00:47:24,774 - {'Epoch': 27, 'HR@5': '0.1747', 'NDCG@5': '0.1146', 'HR@10': '0.2632', 'NDCG@10': '0.1432', 'HR@20': '0.3650', 'NDCG@20': '0.1689'}
2025-06-14 00:47:24,776 - EarlyStopping counter: 2 out of 10
2025-06-14 00:47:32,326 - {'epoch': 28, 'rec_loss': '4.5339'}
2025-06-14 00:47:36,680 - {'Epoch': 28, 'HR@5': '0.1738', 'NDCG@5': '0.1146', 'HR@10': '0.2612', 'NDCG@10': '0.1429', 'HR@20': '0.3629', 'NDCG@20': '0.1686'}
2025-06-14 00:47:36,681 - EarlyStopping counter: 3 out of 10
2025-06-14 00:47:44,072 - {'epoch': 29, 'rec_loss': '4.5223'}
2025-06-14 00:47:48,459 - {'Epoch': 29, 'HR@5': '0.1726', 'NDCG@5': '0.1145', 'HR@10': '0.2613', 'NDCG@10': '0.1431', 'HR@20': '0.3627', 'NDCG@20': '0.1687'}
2025-06-14 00:47:48,463 - EarlyStopping counter: 4 out of 10
2025-06-14 00:47:55,931 - {'epoch': 30, 'rec_loss': '4.5230'}
2025-06-14 00:48:00,217 - {'Epoch': 30, 'HR@5': '0.1747', 'NDCG@5': '0.1145', 'HR@10': '0.2617', 'NDCG@10': '0.1424', 'HR@20': '0.3650', 'NDCG@20': '0.1685'}
2025-06-14 00:48:00,219 - EarlyStopping counter: 5 out of 10
2025-06-14 00:48:07,601 - {'epoch': 31, 'rec_loss': '4.5113'}
2025-06-14 00:48:11,929 - {'Epoch': 31, 'HR@5': '0.1716', 'NDCG@5': '0.1131', 'HR@10': '0.2636', 'NDCG@10': '0.1428', 'HR@20': '0.3632', 'NDCG@20': '0.1680'}
2025-06-14 00:48:11,931 - EarlyStopping counter: 6 out of 10
2025-06-14 00:48:19,480 - {'epoch': 32, 'rec_loss': '4.5062'}
2025-06-14 00:48:23,796 - {'Epoch': 32, 'HR@5': '0.1745', 'NDCG@5': '0.1141', 'HR@10': '0.2630', 'NDCG@10': '0.1426', 'HR@20': '0.3615', 'NDCG@20': '0.1675'}
2025-06-14 00:48:23,797 - EarlyStopping counter: 7 out of 10
2025-06-14 00:48:31,184 - {'epoch': 33, 'rec_loss': '4.4928'}
2025-06-14 00:48:35,601 - {'Epoch': 33, 'HR@5': '0.1751', 'NDCG@5': '0.1138', 'HR@10': '0.2639', 'NDCG@10': '0.1423', 'HR@20': '0.3632', 'NDCG@20': '0.1674'}
2025-06-14 00:48:35,604 - EarlyStopping counter: 8 out of 10
2025-06-14 00:48:42,912 - {'epoch': 34, 'rec_loss': '4.4953'}
2025-06-14 00:48:47,331 - {'Epoch': 34, 'HR@5': '0.1755', 'NDCG@5': '0.1154', 'HR@10': '0.2629', 'NDCG@10': '0.1436', 'HR@20': '0.3629', 'NDCG@20': '0.1689'}
2025-06-14 00:48:47,332 - EarlyStopping counter: 9 out of 10
2025-06-14 00:48:54,732 - {'epoch': 35, 'rec_loss': '4.4857'}
2025-06-14 00:48:59,055 - {'Epoch': 35, 'HR@5': '0.1735', 'NDCG@5': '0.1137', 'HR@10': '0.2614', 'NDCG@10': '0.1420', 'HR@20': '0.3602', 'NDCG@20': '0.1670'}
2025-06-14 00:48:59,057 - EarlyStopping counter: 10 out of 10
2025-06-14 00:48:59,057 - Early stopping
2025-06-14 00:48:59,057 - ---------------Validation Score---------------
2025-06-14 00:49:03,352 - {'Epoch': 0, 'HR@5': '0.1764', 'NDCG@5': '0.1166', 'HR@10': '0.2644', 'NDCG@10': '0.1450', 'HR@20': '0.3635', 'NDCG@20': '0.1699'}
2025-06-14 00:49:03,354 - BSARec_Diginetica
2025-06-14 00:49:03,354 - {'Epoch': 0, 'HR@5': '0.1764', 'NDCG@5': '0.1166', 'HR@10': '0.2644', 'NDCG@10': '0.1450', 'HR@20': '0.3635', 'NDCG@20': '0.1699'}
