2025-06-14 16:54:18,354 - Namespace(data_dir='data/self_processed/', output_dir='hparam_search/', data_name='Diginetica', train_name='FEARec_Diginetica', num_items=10, num_users=14829, lr=0.0005, batch_size=256, epochs=200, no_cuda=False, log_freq=1, patience=10, num_workers=4, seed=42, weight_decay=0.0, adam_beta1=0.9, adam_beta2=0.999, gpu_id='0', variance=5, model_type='FEARec', max_seq_length=50, hidden_size=64, num_hidden_layers=2, hidden_act='gelu', num_attention_heads=2, attention_probs_dropout_prob=0.5, hidden_dropout_prob=0.5, initializer_range=0.02, tau=1.0, lmd=0.1, lmd_sem=0.1, ssl='us_x', sim='dot', spatial_ratio=0.1, global_ratio=0.6, fredom_type='us_x', fredom='True', cuda_condition=True, data_file='data/self_processed/Diginetica.txt', item_size=9441, checkpoint_path=PosixPath('/gpfs/home3/scur2771/BSARec/BSARec/src/hparam_search/FEARec_Diginetica/12373668_5/model.pt'), same_target_path='data/self_processed/Diginetica_same_target.npy')
2025-06-14 16:54:18,384 - FEARecModel(
  (item_embeddings): Embedding(9441, 64, padding_idx=0)
  (position_embeddings): Embedding(50, 64)
  (LayerNorm): LayerNorm()
  (dropout): Dropout(p=0.5, inplace=False)
  (item_encoder): FEARecEncoder(
    (blocks): ModuleList(
      (0): FEARecBlock(
        (layer): FEARecLayer(
          (dropout): Dropout(p=0.1, inplace=False)
          (attn_dropout): Dropout(p=0.5, inplace=False)
          (LayerNorm): LayerNorm()
          (out_dropout): Dropout(p=0.5, inplace=False)
          (dense): Linear(in_features=64, out_features=64, bias=True)
          (query): Linear(in_features=64, out_features=64, bias=True)
          (key): Linear(in_features=64, out_features=64, bias=True)
          (value): Linear(in_features=64, out_features=64, bias=True)
        )
        (feed_forward): FeedForward(
          (dense_1): Linear(in_features=64, out_features=256, bias=True)
          (dense_2): Linear(in_features=256, out_features=64, bias=True)
          (LayerNorm): LayerNorm()
          (dropout): Dropout(p=0.5, inplace=False)
        )
      )
      (1): FEARecBlock(
        (layer): FEARecLayer(
          (dropout): Dropout(p=0.1, inplace=False)
          (attn_dropout): Dropout(p=0.5, inplace=False)
          (LayerNorm): LayerNorm()
          (out_dropout): Dropout(p=0.5, inplace=False)
          (dense): Linear(in_features=64, out_features=64, bias=True)
          (query): Linear(in_features=64, out_features=64, bias=True)
          (key): Linear(in_features=64, out_features=64, bias=True)
          (value): Linear(in_features=64, out_features=64, bias=True)
        )
        (feed_forward): FeedForward(
          (dense_1): Linear(in_features=64, out_features=256, bias=True)
          (dense_2): Linear(in_features=256, out_features=64, bias=True)
          (LayerNorm): LayerNorm()
          (dropout): Dropout(p=0.5, inplace=False)
        )
      )
    )
  )
  (aug_nce_fct): CrossEntropyLoss()
)
2025-06-14 16:54:21,680 - Total Parameters: 707520
2025-06-14 16:55:43,198 - {'epoch': 0, 'rec_loss': '9.7788'}
2025-06-14 16:55:48,656 - {'Epoch': 0, 'HR@5': '0.0030', 'NDCG@5': '0.0018', 'HR@10': '0.0049', 'NDCG@10': '0.0024', 'HR@20': '0.0092', 'NDCG@20': '0.0035'}
2025-06-14 16:55:48,661 - Validation score increased.  Saving model ...
2025-06-14 16:57:08,934 - {'epoch': 1, 'rec_loss': '9.5293'}
2025-06-14 16:57:14,501 - {'Epoch': 1, 'HR@5': '0.0032', 'NDCG@5': '0.0020', 'HR@10': '0.0052', 'NDCG@10': '0.0026', 'HR@20': '0.0095', 'NDCG@20': '0.0037'}
2025-06-14 16:57:14,505 - Validation score increased.  Saving model ...
2025-06-14 16:58:34,584 - {'epoch': 2, 'rec_loss': '9.4836'}
2025-06-14 16:58:40,291 - {'Epoch': 2, 'HR@5': '0.0032', 'NDCG@5': '0.0019', 'HR@10': '0.0055', 'NDCG@10': '0.0026', 'HR@20': '0.0093', 'NDCG@20': '0.0035'}
2025-06-14 16:58:40,295 - EarlyStopping counter: 1 out of 10
2025-06-14 17:00:00,314 - {'epoch': 3, 'rec_loss': '9.4186'}
2025-06-14 17:00:05,904 - {'Epoch': 3, 'HR@5': '0.0033', 'NDCG@5': '0.0019', 'HR@10': '0.0055', 'NDCG@10': '0.0026', 'HR@20': '0.0095', 'NDCG@20': '0.0037'}
2025-06-14 17:00:05,910 - EarlyStopping counter: 2 out of 10
2025-06-14 17:01:25,988 - {'epoch': 4, 'rec_loss': '9.2717'}
2025-06-14 17:01:31,566 - {'Epoch': 4, 'HR@5': '0.0036', 'NDCG@5': '0.0022', 'HR@10': '0.0069', 'NDCG@10': '0.0034', 'HR@20': '0.0126', 'NDCG@20': '0.0048'}
2025-06-14 17:01:31,570 - Validation score increased.  Saving model ...
2025-06-14 17:02:51,627 - {'epoch': 5, 'rec_loss': '9.0503'}
2025-06-14 17:02:57,460 - {'Epoch': 5, 'HR@5': '0.0062', 'NDCG@5': '0.0039', 'HR@10': '0.0111', 'NDCG@10': '0.0055', 'HR@20': '0.0192', 'NDCG@20': '0.0075'}
2025-06-14 17:02:57,463 - Validation score increased.  Saving model ...
2025-06-14 17:04:17,476 - {'epoch': 6, 'rec_loss': '8.7873'}
2025-06-14 17:04:23,249 - {'Epoch': 6, 'HR@5': '0.0214', 'NDCG@5': '0.0148', 'HR@10': '0.0308', 'NDCG@10': '0.0178', 'HR@20': '0.0439', 'NDCG@20': '0.0212'}
2025-06-14 17:04:23,254 - Validation score increased.  Saving model ...
2025-06-14 17:05:43,462 - {'epoch': 7, 'rec_loss': '8.4923'}
2025-06-14 17:05:49,435 - {'Epoch': 7, 'HR@5': '0.0407', 'NDCG@5': '0.0275', 'HR@10': '0.0606', 'NDCG@10': '0.0338', 'HR@20': '0.0821', 'NDCG@20': '0.0392'}
2025-06-14 17:05:49,439 - Validation score increased.  Saving model ...
2025-06-14 17:07:09,438 - {'epoch': 8, 'rec_loss': '8.2154'}
2025-06-14 17:07:15,187 - {'Epoch': 8, 'HR@5': '0.0608', 'NDCG@5': '0.0403', 'HR@10': '0.0906', 'NDCG@10': '0.0500', 'HR@20': '0.1280', 'NDCG@20': '0.0594'}
2025-06-14 17:07:15,191 - Validation score increased.  Saving model ...
2025-06-14 17:08:35,350 - {'epoch': 9, 'rec_loss': '7.9534'}
2025-06-14 17:08:41,046 - {'Epoch': 9, 'HR@5': '0.0740', 'NDCG@5': '0.0484', 'HR@10': '0.1150', 'NDCG@10': '0.0616', 'HR@20': '0.1635', 'NDCG@20': '0.0738'}
2025-06-14 17:08:41,050 - Validation score increased.  Saving model ...
2025-06-14 17:10:01,106 - {'epoch': 10, 'rec_loss': '7.7190'}
2025-06-14 17:10:06,729 - {'Epoch': 10, 'HR@5': '0.0846', 'NDCG@5': '0.0553', 'HR@10': '0.1318', 'NDCG@10': '0.0705', 'HR@20': '0.1929', 'NDCG@20': '0.0859'}
2025-06-14 17:10:06,733 - Validation score increased.  Saving model ...
2025-06-14 17:11:26,920 - {'epoch': 11, 'rec_loss': '7.5159'}
2025-06-14 17:11:32,580 - {'Epoch': 11, 'HR@5': '0.0956', 'NDCG@5': '0.0621', 'HR@10': '0.1479', 'NDCG@10': '0.0789', 'HR@20': '0.2147', 'NDCG@20': '0.0958'}
2025-06-14 17:11:32,583 - Validation score increased.  Saving model ...
2025-06-14 17:12:52,599 - {'epoch': 12, 'rec_loss': '7.3395'}
2025-06-14 17:12:58,156 - {'Epoch': 12, 'HR@5': '0.1001', 'NDCG@5': '0.0655', 'HR@10': '0.1539', 'NDCG@10': '0.0828', 'HR@20': '0.2247', 'NDCG@20': '0.1006'}
2025-06-14 17:12:58,160 - Validation score increased.  Saving model ...
2025-06-14 17:14:18,073 - {'epoch': 13, 'rec_loss': '7.1687'}
2025-06-14 17:14:23,730 - {'Epoch': 13, 'HR@5': '0.1090', 'NDCG@5': '0.0708', 'HR@10': '0.1683', 'NDCG@10': '0.0898', 'HR@20': '0.2424', 'NDCG@20': '0.1084'}
2025-06-14 17:14:23,734 - Validation score increased.  Saving model ...
2025-06-14 17:15:43,772 - {'epoch': 14, 'rec_loss': '7.0280'}
2025-06-14 17:15:49,450 - {'Epoch': 14, 'HR@5': '0.1126', 'NDCG@5': '0.0729', 'HR@10': '0.1741', 'NDCG@10': '0.0928', 'HR@20': '0.2524', 'NDCG@20': '0.1126'}
2025-06-14 17:15:49,454 - Validation score increased.  Saving model ...
2025-06-14 17:17:09,374 - {'epoch': 15, 'rec_loss': '6.9035'}
2025-06-14 17:17:15,006 - {'Epoch': 15, 'HR@5': '0.1180', 'NDCG@5': '0.0769', 'HR@10': '0.1822', 'NDCG@10': '0.0975', 'HR@20': '0.2639', 'NDCG@20': '0.1181'}
2025-06-14 17:17:15,011 - Validation score increased.  Saving model ...
2025-06-14 17:18:35,039 - {'epoch': 16, 'rec_loss': '6.7851'}
2025-06-14 17:18:40,725 - {'Epoch': 16, 'HR@5': '0.1222', 'NDCG@5': '0.0790', 'HR@10': '0.1861', 'NDCG@10': '0.0995', 'HR@20': '0.2678', 'NDCG@20': '0.1201'}
2025-06-14 17:18:40,730 - Validation score increased.  Saving model ...
2025-06-14 17:20:00,554 - {'epoch': 17, 'rec_loss': '6.6820'}
2025-06-14 17:20:06,125 - {'Epoch': 17, 'HR@5': '0.1261', 'NDCG@5': '0.0819', 'HR@10': '0.1926', 'NDCG@10': '0.1033', 'HR@20': '0.2756', 'NDCG@20': '0.1242'}
2025-06-14 17:20:06,129 - Validation score increased.  Saving model ...
2025-06-14 17:21:26,130 - {'epoch': 18, 'rec_loss': '6.5902'}
2025-06-14 17:21:31,733 - {'Epoch': 18, 'HR@5': '0.1291', 'NDCG@5': '0.0835', 'HR@10': '0.1968', 'NDCG@10': '0.1052', 'HR@20': '0.2816', 'NDCG@20': '0.1265'}
2025-06-14 17:21:31,738 - Validation score increased.  Saving model ...
2025-06-14 17:22:51,728 - {'epoch': 19, 'rec_loss': '6.5017'}
2025-06-14 17:22:57,370 - {'Epoch': 19, 'HR@5': '0.1316', 'NDCG@5': '0.0850', 'HR@10': '0.2022', 'NDCG@10': '0.1077', 'HR@20': '0.2882', 'NDCG@20': '0.1293'}
2025-06-14 17:22:57,375 - Validation score increased.  Saving model ...
2025-06-14 17:24:17,392 - {'epoch': 20, 'rec_loss': '6.4213'}
2025-06-14 17:24:23,071 - {'Epoch': 20, 'HR@5': '0.1360', 'NDCG@5': '0.0888', 'HR@10': '0.2068', 'NDCG@10': '0.1115', 'HR@20': '0.2965', 'NDCG@20': '0.1342'}
2025-06-14 17:24:23,076 - Validation score increased.  Saving model ...
2025-06-14 17:25:43,113 - {'epoch': 21, 'rec_loss': '6.3457'}
2025-06-14 17:25:48,732 - {'Epoch': 21, 'HR@5': '0.1366', 'NDCG@5': '0.0883', 'HR@10': '0.2071', 'NDCG@10': '0.1110', 'HR@20': '0.2990', 'NDCG@20': '0.1342'}
2025-06-14 17:25:48,736 - EarlyStopping counter: 1 out of 10
2025-06-14 17:27:08,852 - {'epoch': 22, 'rec_loss': '6.2778'}
2025-06-14 17:27:14,529 - {'Epoch': 22, 'HR@5': '0.1393', 'NDCG@5': '0.0906', 'HR@10': '0.2118', 'NDCG@10': '0.1139', 'HR@20': '0.3015', 'NDCG@20': '0.1366'}
2025-06-14 17:27:14,533 - Validation score increased.  Saving model ...
2025-06-14 17:28:34,553 - {'epoch': 23, 'rec_loss': '6.2256'}
2025-06-14 17:28:40,123 - {'Epoch': 23, 'HR@5': '0.1412', 'NDCG@5': '0.0922', 'HR@10': '0.2149', 'NDCG@10': '0.1159', 'HR@20': '0.3078', 'NDCG@20': '0.1393'}
2025-06-14 17:28:40,128 - Validation score increased.  Saving model ...
2025-06-14 17:30:00,308 - {'epoch': 24, 'rec_loss': '6.1627'}
2025-06-14 17:30:05,882 - {'Epoch': 24, 'HR@5': '0.1447', 'NDCG@5': '0.0951', 'HR@10': '0.2207', 'NDCG@10': '0.1195', 'HR@20': '0.3149', 'NDCG@20': '0.1433'}
2025-06-14 17:30:05,885 - Validation score increased.  Saving model ...
2025-06-14 17:31:25,983 - {'epoch': 25, 'rec_loss': '6.1054'}
2025-06-14 17:31:31,588 - {'Epoch': 25, 'HR@5': '0.1475', 'NDCG@5': '0.0960', 'HR@10': '0.2236', 'NDCG@10': '0.1204', 'HR@20': '0.3168', 'NDCG@20': '0.1439'}
2025-06-14 17:31:31,592 - Validation score increased.  Saving model ...
2025-06-14 17:32:51,696 - {'epoch': 26, 'rec_loss': '6.0552'}
2025-06-14 17:32:57,367 - {'Epoch': 26, 'HR@5': '0.1486', 'NDCG@5': '0.0971', 'HR@10': '0.2277', 'NDCG@10': '0.1224', 'HR@20': '0.3224', 'NDCG@20': '0.1463'}
2025-06-14 17:32:57,372 - Validation score increased.  Saving model ...
2025-06-14 17:34:17,389 - {'epoch': 27, 'rec_loss': '6.0095'}
2025-06-14 17:34:23,076 - {'Epoch': 27, 'HR@5': '0.1525', 'NDCG@5': '0.0995', 'HR@10': '0.2306', 'NDCG@10': '0.1246', 'HR@20': '0.3261', 'NDCG@20': '0.1488'}
2025-06-14 17:34:23,080 - Validation score increased.  Saving model ...
2025-06-14 17:35:42,962 - {'epoch': 28, 'rec_loss': '5.9636'}
2025-06-14 17:35:48,563 - {'Epoch': 28, 'HR@5': '0.1535', 'NDCG@5': '0.1003', 'HR@10': '0.2319', 'NDCG@10': '0.1255', 'HR@20': '0.3284', 'NDCG@20': '0.1498'}
2025-06-14 17:35:48,566 - Validation score increased.  Saving model ...
2025-06-14 17:37:08,669 - {'epoch': 29, 'rec_loss': '5.9233'}
2025-06-14 17:37:14,246 - {'Epoch': 29, 'HR@5': '0.1559', 'NDCG@5': '0.1021', 'HR@10': '0.2346', 'NDCG@10': '0.1275', 'HR@20': '0.3332', 'NDCG@20': '0.1523'}
2025-06-14 17:37:14,250 - Validation score increased.  Saving model ...
2025-06-14 17:38:34,198 - {'epoch': 30, 'rec_loss': '5.8818'}
2025-06-14 17:38:39,777 - {'Epoch': 30, 'HR@5': '0.1552', 'NDCG@5': '0.1023', 'HR@10': '0.2373', 'NDCG@10': '0.1287', 'HR@20': '0.3341', 'NDCG@20': '0.1532'}
2025-06-14 17:38:39,782 - Validation score increased.  Saving model ...
2025-06-14 17:40:00,004 - {'epoch': 31, 'rec_loss': '5.8443'}
2025-06-14 17:40:05,613 - {'Epoch': 31, 'HR@5': '0.1581', 'NDCG@5': '0.1037', 'HR@10': '0.2391', 'NDCG@10': '0.1298', 'HR@20': '0.3368', 'NDCG@20': '0.1545'}
2025-06-14 17:40:05,617 - Validation score increased.  Saving model ...
2025-06-14 17:41:25,865 - {'epoch': 32, 'rec_loss': '5.8106'}
2025-06-14 17:41:31,412 - {'Epoch': 32, 'HR@5': '0.1587', 'NDCG@5': '0.1035', 'HR@10': '0.2420', 'NDCG@10': '0.1303', 'HR@20': '0.3367', 'NDCG@20': '0.1542'}
2025-06-14 17:41:31,416 - EarlyStopping counter: 1 out of 10
2025-06-14 17:42:51,365 - {'epoch': 33, 'rec_loss': '5.7796'}
2025-06-14 17:42:57,002 - {'Epoch': 33, 'HR@5': '0.1594', 'NDCG@5': '0.1046', 'HR@10': '0.2418', 'NDCG@10': '0.1311', 'HR@20': '0.3414', 'NDCG@20': '0.1563'}
2025-06-14 17:42:57,006 - Validation score increased.  Saving model ...
2025-06-14 17:44:16,989 - {'epoch': 34, 'rec_loss': '5.7433'}
2025-06-14 17:44:22,655 - {'Epoch': 34, 'HR@5': '0.1606', 'NDCG@5': '0.1052', 'HR@10': '0.2436', 'NDCG@10': '0.1319', 'HR@20': '0.3435', 'NDCG@20': '0.1571'}
2025-06-14 17:44:22,660 - Validation score increased.  Saving model ...
2025-06-14 17:45:42,621 - {'epoch': 35, 'rec_loss': '5.7139'}
2025-06-14 17:45:48,223 - {'Epoch': 35, 'HR@5': '0.1611', 'NDCG@5': '0.1060', 'HR@10': '0.2457', 'NDCG@10': '0.1332', 'HR@20': '0.3440', 'NDCG@20': '0.1580'}
2025-06-14 17:45:48,227 - Validation score increased.  Saving model ...
2025-06-14 17:47:08,335 - {'epoch': 36, 'rec_loss': '5.6841'}
2025-06-14 17:47:13,854 - {'Epoch': 36, 'HR@5': '0.1631', 'NDCG@5': '0.1067', 'HR@10': '0.2490', 'NDCG@10': '0.1343', 'HR@20': '0.3470', 'NDCG@20': '0.1590'}
2025-06-14 17:47:13,859 - Validation score increased.  Saving model ...
2025-06-14 17:48:33,877 - {'epoch': 37, 'rec_loss': '5.6581'}
2025-06-14 17:48:39,601 - {'Epoch': 37, 'HR@5': '0.1657', 'NDCG@5': '0.1077', 'HR@10': '0.2493', 'NDCG@10': '0.1345', 'HR@20': '0.3488', 'NDCG@20': '0.1596'}
2025-06-14 17:48:39,605 - Validation score increased.  Saving model ...
2025-06-14 17:49:59,591 - {'epoch': 38, 'rec_loss': '5.6325'}
2025-06-14 17:50:05,198 - {'Epoch': 38, 'HR@5': '0.1657', 'NDCG@5': '0.1088', 'HR@10': '0.2501', 'NDCG@10': '0.1360', 'HR@20': '0.3493', 'NDCG@20': '0.1611'}
2025-06-14 17:50:05,202 - Validation score increased.  Saving model ...
2025-06-14 17:51:25,232 - {'epoch': 39, 'rec_loss': '5.6036'}
2025-06-14 17:51:30,918 - {'Epoch': 39, 'HR@5': '0.1660', 'NDCG@5': '0.1088', 'HR@10': '0.2522', 'NDCG@10': '0.1365', 'HR@20': '0.3485', 'NDCG@20': '0.1608'}
2025-06-14 17:51:30,922 - EarlyStopping counter: 1 out of 10
2025-06-14 17:52:50,998 - {'epoch': 40, 'rec_loss': '5.5841'}
2025-06-14 17:52:56,629 - {'Epoch': 40, 'HR@5': '0.1665', 'NDCG@5': '0.1094', 'HR@10': '0.2512', 'NDCG@10': '0.1366', 'HR@20': '0.3497', 'NDCG@20': '0.1615'}
2025-06-14 17:52:56,633 - Validation score increased.  Saving model ...
2025-06-14 17:54:16,625 - {'epoch': 41, 'rec_loss': '5.5575'}
2025-06-14 17:54:22,302 - {'Epoch': 41, 'HR@5': '0.1679', 'NDCG@5': '0.1102', 'HR@10': '0.2509', 'NDCG@10': '0.1369', 'HR@20': '0.3508', 'NDCG@20': '0.1622'}
2025-06-14 17:54:22,306 - Validation score increased.  Saving model ...
2025-06-14 17:55:42,322 - {'epoch': 42, 'rec_loss': '5.5396'}
2025-06-14 17:55:47,997 - {'Epoch': 42, 'HR@5': '0.1681', 'NDCG@5': '0.1102', 'HR@10': '0.2519', 'NDCG@10': '0.1372', 'HR@20': '0.3521', 'NDCG@20': '0.1625'}
2025-06-14 17:55:48,002 - Validation score increased.  Saving model ...
2025-06-14 17:57:08,065 - {'epoch': 43, 'rec_loss': '5.5168'}
2025-06-14 17:57:13,781 - {'Epoch': 43, 'HR@5': '0.1677', 'NDCG@5': '0.1099', 'HR@10': '0.2535', 'NDCG@10': '0.1375', 'HR@20': '0.3530', 'NDCG@20': '0.1626'}
2025-06-14 17:57:13,785 - Validation score increased.  Saving model ...
2025-06-14 17:58:33,843 - {'epoch': 44, 'rec_loss': '5.4948'}
2025-06-14 17:58:39,482 - {'Epoch': 44, 'HR@5': '0.1691', 'NDCG@5': '0.1107', 'HR@10': '0.2532', 'NDCG@10': '0.1378', 'HR@20': '0.3547', 'NDCG@20': '0.1635'}
2025-06-14 17:58:39,486 - Validation score increased.  Saving model ...
2025-06-14 17:59:59,557 - {'epoch': 45, 'rec_loss': '5.4735'}
2025-06-14 18:00:05,236 - {'Epoch': 45, 'HR@5': '0.1681', 'NDCG@5': '0.1106', 'HR@10': '0.2537', 'NDCG@10': '0.1382', 'HR@20': '0.3566', 'NDCG@20': '0.1642'}
2025-06-14 18:00:05,240 - Validation score increased.  Saving model ...
2025-06-14 18:01:25,358 - {'epoch': 46, 'rec_loss': '5.4591'}
2025-06-14 18:01:31,081 - {'Epoch': 46, 'HR@5': '0.1706', 'NDCG@5': '0.1117', 'HR@10': '0.2540', 'NDCG@10': '0.1385', 'HR@20': '0.3563', 'NDCG@20': '0.1643'}
2025-06-14 18:01:31,085 - Validation score increased.  Saving model ...
2025-06-14 18:02:51,154 - {'epoch': 47, 'rec_loss': '5.4385'}
2025-06-14 18:02:56,868 - {'Epoch': 47, 'HR@5': '0.1710', 'NDCG@5': '0.1127', 'HR@10': '0.2552', 'NDCG@10': '0.1397', 'HR@20': '0.3566', 'NDCG@20': '0.1653'}
2025-06-14 18:02:56,872 - Validation score increased.  Saving model ...
2025-06-14 18:04:16,830 - {'epoch': 48, 'rec_loss': '5.4162'}
2025-06-14 18:04:22,583 - {'Epoch': 48, 'HR@5': '0.1714', 'NDCG@5': '0.1121', 'HR@10': '0.2559', 'NDCG@10': '0.1393', 'HR@20': '0.3587', 'NDCG@20': '0.1653'}
2025-06-14 18:04:22,588 - EarlyStopping counter: 1 out of 10
2025-06-14 18:05:42,664 - {'epoch': 49, 'rec_loss': '5.4063'}
2025-06-14 18:05:48,362 - {'Epoch': 49, 'HR@5': '0.1708', 'NDCG@5': '0.1123', 'HR@10': '0.2567', 'NDCG@10': '0.1400', 'HR@20': '0.3600', 'NDCG@20': '0.1660'}
2025-06-14 18:05:48,366 - Validation score increased.  Saving model ...
2025-06-14 18:07:08,418 - {'epoch': 50, 'rec_loss': '5.3852'}
2025-06-14 18:07:14,039 - {'Epoch': 50, 'HR@5': '0.1697', 'NDCG@5': '0.1120', 'HR@10': '0.2559', 'NDCG@10': '0.1398', 'HR@20': '0.3588', 'NDCG@20': '0.1658'}
2025-06-14 18:07:14,043 - EarlyStopping counter: 1 out of 10
2025-06-14 18:08:33,934 - {'epoch': 51, 'rec_loss': '5.3751'}
2025-06-14 18:08:39,711 - {'Epoch': 51, 'HR@5': '0.1712', 'NDCG@5': '0.1126', 'HR@10': '0.2566', 'NDCG@10': '0.1400', 'HR@20': '0.3593', 'NDCG@20': '0.1660'}
2025-06-14 18:08:39,715 - Validation score increased.  Saving model ...
2025-06-14 18:09:59,808 - {'epoch': 52, 'rec_loss': '5.3585'}
2025-06-14 18:10:05,485 - {'Epoch': 52, 'HR@5': '0.1709', 'NDCG@5': '0.1123', 'HR@10': '0.2569', 'NDCG@10': '0.1400', 'HR@20': '0.3601', 'NDCG@20': '0.1661'}
2025-06-14 18:10:05,489 - Validation score increased.  Saving model ...
2025-06-14 18:11:25,895 - {'epoch': 53, 'rec_loss': '5.3437'}
2025-06-14 18:11:31,502 - {'Epoch': 53, 'HR@5': '0.1708', 'NDCG@5': '0.1125', 'HR@10': '0.2564', 'NDCG@10': '0.1400', 'HR@20': '0.3591', 'NDCG@20': '0.1661'}
2025-06-14 18:11:31,507 - EarlyStopping counter: 1 out of 10
2025-06-14 18:12:51,563 - {'epoch': 54, 'rec_loss': '5.3260'}
2025-06-14 18:12:57,202 - {'Epoch': 54, 'HR@5': '0.1717', 'NDCG@5': '0.1130', 'HR@10': '0.2576', 'NDCG@10': '0.1407', 'HR@20': '0.3598', 'NDCG@20': '0.1666'}
2025-06-14 18:12:57,206 - Validation score increased.  Saving model ...
2025-06-14 18:14:17,321 - {'epoch': 55, 'rec_loss': '5.3107'}
2025-06-14 18:14:23,004 - {'Epoch': 55, 'HR@5': '0.1686', 'NDCG@5': '0.1118', 'HR@10': '0.2555', 'NDCG@10': '0.1398', 'HR@20': '0.3593', 'NDCG@20': '0.1661'}
2025-06-14 18:14:23,009 - EarlyStopping counter: 1 out of 10
2025-06-14 18:15:43,079 - {'epoch': 56, 'rec_loss': '5.3034'}
2025-06-14 18:15:48,832 - {'Epoch': 56, 'HR@5': '0.1709', 'NDCG@5': '0.1124', 'HR@10': '0.2561', 'NDCG@10': '0.1398', 'HR@20': '0.3589', 'NDCG@20': '0.1658'}
2025-06-14 18:15:48,835 - EarlyStopping counter: 2 out of 10
2025-06-14 18:17:08,935 - {'epoch': 57, 'rec_loss': '5.2867'}
2025-06-14 18:17:14,676 - {'Epoch': 57, 'HR@5': '0.1706', 'NDCG@5': '0.1124', 'HR@10': '0.2574', 'NDCG@10': '0.1405', 'HR@20': '0.3622', 'NDCG@20': '0.1670'}
2025-06-14 18:17:14,679 - Validation score increased.  Saving model ...
2025-06-14 18:18:34,779 - {'epoch': 58, 'rec_loss': '5.2812'}
2025-06-14 18:18:40,426 - {'Epoch': 58, 'HR@5': '0.1700', 'NDCG@5': '0.1124', 'HR@10': '0.2586', 'NDCG@10': '0.1409', 'HR@20': '0.3589', 'NDCG@20': '0.1663'}
2025-06-14 18:18:40,430 - EarlyStopping counter: 1 out of 10
2025-06-14 18:20:00,680 - {'epoch': 59, 'rec_loss': '5.2614'}
2025-06-14 18:20:06,420 - {'Epoch': 59, 'HR@5': '0.1710', 'NDCG@5': '0.1129', 'HR@10': '0.2595', 'NDCG@10': '0.1414', 'HR@20': '0.3605', 'NDCG@20': '0.1670'}
2025-06-14 18:20:06,423 - Validation score increased.  Saving model ...
2025-06-14 18:21:26,297 - {'epoch': 60, 'rec_loss': '5.2497'}
2025-06-14 18:21:32,038 - {'Epoch': 60, 'HR@5': '0.1718', 'NDCG@5': '0.1129', 'HR@10': '0.2583', 'NDCG@10': '0.1407', 'HR@20': '0.3617', 'NDCG@20': '0.1669'}
2025-06-14 18:21:32,043 - EarlyStopping counter: 1 out of 10
2025-06-14 18:22:52,219 - {'epoch': 61, 'rec_loss': '5.2480'}
2025-06-14 18:22:57,821 - {'Epoch': 61, 'HR@5': '0.1712', 'NDCG@5': '0.1127', 'HR@10': '0.2580', 'NDCG@10': '0.1406', 'HR@20': '0.3606', 'NDCG@20': '0.1666'}
2025-06-14 18:22:57,825 - EarlyStopping counter: 2 out of 10
2025-06-14 18:24:17,719 - {'epoch': 62, 'rec_loss': '5.2289'}
2025-06-14 18:24:23,442 - {'Epoch': 62, 'HR@5': '0.1728', 'NDCG@5': '0.1136', 'HR@10': '0.2590', 'NDCG@10': '0.1413', 'HR@20': '0.3615', 'NDCG@20': '0.1672'}
2025-06-14 18:24:23,445 - Validation score increased.  Saving model ...
2025-06-14 18:25:43,492 - {'epoch': 63, 'rec_loss': '5.2199'}
2025-06-14 18:25:49,183 - {'Epoch': 63, 'HR@5': '0.1729', 'NDCG@5': '0.1140', 'HR@10': '0.2591', 'NDCG@10': '0.1417', 'HR@20': '0.3621', 'NDCG@20': '0.1678'}
2025-06-14 18:25:49,188 - Validation score increased.  Saving model ...
2025-06-14 18:27:09,271 - {'epoch': 64, 'rec_loss': '5.2045'}
2025-06-14 18:27:14,922 - {'Epoch': 64, 'HR@5': '0.1727', 'NDCG@5': '0.1140', 'HR@10': '0.2595', 'NDCG@10': '0.1419', 'HR@20': '0.3620', 'NDCG@20': '0.1679'}
2025-06-14 18:27:14,927 - Validation score increased.  Saving model ...
2025-06-14 18:28:35,099 - {'epoch': 65, 'rec_loss': '5.1990'}
2025-06-14 18:28:40,804 - {'Epoch': 65, 'HR@5': '0.1728', 'NDCG@5': '0.1139', 'HR@10': '0.2610', 'NDCG@10': '0.1422', 'HR@20': '0.3626', 'NDCG@20': '0.1679'}
2025-06-14 18:28:40,808 - Validation score increased.  Saving model ...
2025-06-14 18:30:00,983 - {'epoch': 66, 'rec_loss': '5.1944'}
2025-06-14 18:30:06,694 - {'Epoch': 66, 'HR@5': '0.1726', 'NDCG@5': '0.1141', 'HR@10': '0.2615', 'NDCG@10': '0.1426', 'HR@20': '0.3634', 'NDCG@20': '0.1684'}
2025-06-14 18:30:06,699 - Validation score increased.  Saving model ...
2025-06-14 18:31:26,692 - {'epoch': 67, 'rec_loss': '5.1801'}
2025-06-14 18:31:32,443 - {'Epoch': 67, 'HR@5': '0.1739', 'NDCG@5': '0.1148', 'HR@10': '0.2617', 'NDCG@10': '0.1430', 'HR@20': '0.3624', 'NDCG@20': '0.1685'}
2025-06-14 18:31:32,447 - Validation score increased.  Saving model ...
2025-06-14 18:32:52,696 - {'epoch': 68, 'rec_loss': '5.1754'}
2025-06-14 18:32:58,346 - {'Epoch': 68, 'HR@5': '0.1731', 'NDCG@5': '0.1139', 'HR@10': '0.2597', 'NDCG@10': '0.1417', 'HR@20': '0.3627', 'NDCG@20': '0.1678'}
2025-06-14 18:32:58,350 - EarlyStopping counter: 1 out of 10
2025-06-14 18:34:18,514 - {'epoch': 69, 'rec_loss': '5.1588'}
2025-06-14 18:34:24,335 - {'Epoch': 69, 'HR@5': '0.1728', 'NDCG@5': '0.1138', 'HR@10': '0.2621', 'NDCG@10': '0.1426', 'HR@20': '0.3632', 'NDCG@20': '0.1681'}
2025-06-14 18:34:24,339 - EarlyStopping counter: 2 out of 10
2025-06-14 18:35:44,390 - {'epoch': 70, 'rec_loss': '5.1497'}
2025-06-14 18:35:50,005 - {'Epoch': 70, 'HR@5': '0.1724', 'NDCG@5': '0.1138', 'HR@10': '0.2599', 'NDCG@10': '0.1419', 'HR@20': '0.3649', 'NDCG@20': '0.1685'}
2025-06-14 18:35:50,008 - EarlyStopping counter: 3 out of 10
2025-06-14 18:37:10,003 - {'epoch': 71, 'rec_loss': '5.1421'}
2025-06-14 18:37:15,821 - {'Epoch': 71, 'HR@5': '0.1736', 'NDCG@5': '0.1150', 'HR@10': '0.2614', 'NDCG@10': '0.1432', 'HR@20': '0.3643', 'NDCG@20': '0.1692'}
2025-06-14 18:37:15,824 - Validation score increased.  Saving model ...
2025-06-14 18:38:35,717 - {'epoch': 72, 'rec_loss': '5.1317'}
2025-06-14 18:38:41,393 - {'Epoch': 72, 'HR@5': '0.1728', 'NDCG@5': '0.1147', 'HR@10': '0.2611', 'NDCG@10': '0.1431', 'HR@20': '0.3620', 'NDCG@20': '0.1687'}
2025-06-14 18:38:41,397 - EarlyStopping counter: 1 out of 10
2025-06-14 18:40:01,577 - {'epoch': 73, 'rec_loss': '5.1274'}
2025-06-14 18:40:07,259 - {'Epoch': 73, 'HR@5': '0.1735', 'NDCG@5': '0.1148', 'HR@10': '0.2625', 'NDCG@10': '0.1435', 'HR@20': '0.3644', 'NDCG@20': '0.1693'}
2025-06-14 18:40:07,263 - Validation score increased.  Saving model ...
2025-06-14 18:41:27,479 - {'epoch': 74, 'rec_loss': '5.1178'}
2025-06-14 18:41:33,204 - {'Epoch': 74, 'HR@5': '0.1745', 'NDCG@5': '0.1147', 'HR@10': '0.2632', 'NDCG@10': '0.1431', 'HR@20': '0.3631', 'NDCG@20': '0.1684'}
2025-06-14 18:41:33,207 - EarlyStopping counter: 1 out of 10
2025-06-14 18:42:53,325 - {'epoch': 75, 'rec_loss': '5.1159'}
2025-06-14 18:42:59,051 - {'Epoch': 75, 'HR@5': '0.1726', 'NDCG@5': '0.1138', 'HR@10': '0.2610', 'NDCG@10': '0.1423', 'HR@20': '0.3637', 'NDCG@20': '0.1684'}
2025-06-14 18:42:59,057 - EarlyStopping counter: 2 out of 10
2025-06-14 18:44:19,093 - {'epoch': 76, 'rec_loss': '5.1044'}
2025-06-14 18:44:24,769 - {'Epoch': 76, 'HR@5': '0.1726', 'NDCG@5': '0.1138', 'HR@10': '0.2601', 'NDCG@10': '0.1420', 'HR@20': '0.3624', 'NDCG@20': '0.1680'}
2025-06-14 18:44:24,774 - EarlyStopping counter: 3 out of 10
2025-06-14 18:45:44,796 - {'epoch': 77, 'rec_loss': '5.1000'}
2025-06-14 18:45:50,514 - {'Epoch': 77, 'HR@5': '0.1745', 'NDCG@5': '0.1144', 'HR@10': '0.2609', 'NDCG@10': '0.1422', 'HR@20': '0.3634', 'NDCG@20': '0.1681'}
2025-06-14 18:45:50,519 - EarlyStopping counter: 4 out of 10
2025-06-14 18:47:10,625 - {'epoch': 78, 'rec_loss': '5.0898'}
2025-06-14 18:47:16,320 - {'Epoch': 78, 'HR@5': '0.1724', 'NDCG@5': '0.1138', 'HR@10': '0.2640', 'NDCG@10': '0.1432', 'HR@20': '0.3632', 'NDCG@20': '0.1683'}
2025-06-14 18:47:16,324 - EarlyStopping counter: 5 out of 10
2025-06-14 18:48:36,350 - {'epoch': 79, 'rec_loss': '5.0827'}
2025-06-14 18:48:42,114 - {'Epoch': 79, 'HR@5': '0.1747', 'NDCG@5': '0.1150', 'HR@10': '0.2641', 'NDCG@10': '0.1437', 'HR@20': '0.3649', 'NDCG@20': '0.1692'}
2025-06-14 18:48:42,117 - EarlyStopping counter: 6 out of 10
2025-06-14 18:50:02,258 - {'epoch': 80, 'rec_loss': '5.0739'}
2025-06-14 18:50:07,949 - {'Epoch': 80, 'HR@5': '0.1726', 'NDCG@5': '0.1140', 'HR@10': '0.2635', 'NDCG@10': '0.1433', 'HR@20': '0.3660', 'NDCG@20': '0.1692'}
2025-06-14 18:50:07,953 - EarlyStopping counter: 7 out of 10
2025-06-14 18:51:28,134 - {'epoch': 81, 'rec_loss': '5.0662'}
2025-06-14 18:51:33,941 - {'Epoch': 81, 'HR@5': '0.1729', 'NDCG@5': '0.1134', 'HR@10': '0.2612', 'NDCG@10': '0.1419', 'HR@20': '0.3648', 'NDCG@20': '0.1681'}
2025-06-14 18:51:33,945 - EarlyStopping counter: 8 out of 10
2025-06-14 18:52:53,823 - {'epoch': 82, 'rec_loss': '5.0639'}
2025-06-14 18:52:59,495 - {'Epoch': 82, 'HR@5': '0.1737', 'NDCG@5': '0.1142', 'HR@10': '0.2640', 'NDCG@10': '0.1432', 'HR@20': '0.3646', 'NDCG@20': '0.1686'}
2025-06-14 18:52:59,499 - EarlyStopping counter: 9 out of 10
2025-06-14 18:54:19,510 - {'epoch': 83, 'rec_loss': '5.0560'}
2025-06-14 18:54:25,288 - {'Epoch': 83, 'HR@5': '0.1733', 'NDCG@5': '0.1149', 'HR@10': '0.2632', 'NDCG@10': '0.1439', 'HR@20': '0.3657', 'NDCG@20': '0.1697'}
2025-06-14 18:54:25,291 - Validation score increased.  Saving model ...
2025-06-14 18:55:45,536 - {'epoch': 84, 'rec_loss': '5.0481'}
2025-06-14 18:55:51,241 - {'Epoch': 84, 'HR@5': '0.1724', 'NDCG@5': '0.1142', 'HR@10': '0.2630', 'NDCG@10': '0.1434', 'HR@20': '0.3653', 'NDCG@20': '0.1691'}
2025-06-14 18:55:51,244 - EarlyStopping counter: 1 out of 10
2025-06-14 18:57:11,336 - {'epoch': 85, 'rec_loss': '5.0451'}
2025-06-14 18:57:17,061 - {'Epoch': 85, 'HR@5': '0.1737', 'NDCG@5': '0.1152', 'HR@10': '0.2635', 'NDCG@10': '0.1441', 'HR@20': '0.3657', 'NDCG@20': '0.1699'}
2025-06-14 18:57:17,065 - Validation score increased.  Saving model ...
2025-06-14 18:58:37,011 - {'epoch': 86, 'rec_loss': '5.0375'}
2025-06-14 18:58:42,805 - {'Epoch': 86, 'HR@5': '0.1743', 'NDCG@5': '0.1151', 'HR@10': '0.2652', 'NDCG@10': '0.1444', 'HR@20': '0.3653', 'NDCG@20': '0.1696'}
2025-06-14 18:58:42,809 - EarlyStopping counter: 1 out of 10
2025-06-14 19:00:02,986 - {'epoch': 87, 'rec_loss': '5.0322'}
2025-06-14 19:00:08,707 - {'Epoch': 87, 'HR@5': '0.1741', 'NDCG@5': '0.1147', 'HR@10': '0.2634', 'NDCG@10': '0.1435', 'HR@20': '0.3659', 'NDCG@20': '0.1694'}
2025-06-14 19:00:08,712 - EarlyStopping counter: 2 out of 10
2025-06-14 19:01:28,816 - {'epoch': 88, 'rec_loss': '5.0278'}
2025-06-14 19:01:34,441 - {'Epoch': 88, 'HR@5': '0.1753', 'NDCG@5': '0.1151', 'HR@10': '0.2642', 'NDCG@10': '0.1435', 'HR@20': '0.3655', 'NDCG@20': '0.1691'}
2025-06-14 19:01:34,445 - EarlyStopping counter: 3 out of 10
2025-06-14 19:02:54,350 - {'epoch': 89, 'rec_loss': '5.0199'}
2025-06-14 19:03:00,059 - {'Epoch': 89, 'HR@5': '0.1741', 'NDCG@5': '0.1140', 'HR@10': '0.2632', 'NDCG@10': '0.1426', 'HR@20': '0.3644', 'NDCG@20': '0.1683'}
2025-06-14 19:03:00,063 - EarlyStopping counter: 4 out of 10
2025-06-14 19:04:20,031 - {'epoch': 90, 'rec_loss': '5.0139'}
2025-06-14 19:04:25,745 - {'Epoch': 90, 'HR@5': '0.1749', 'NDCG@5': '0.1146', 'HR@10': '0.2625', 'NDCG@10': '0.1427', 'HR@20': '0.3645', 'NDCG@20': '0.1684'}
2025-06-14 19:04:25,749 - EarlyStopping counter: 5 out of 10
2025-06-14 19:05:45,910 - {'epoch': 91, 'rec_loss': '5.0093'}
2025-06-14 19:05:51,583 - {'Epoch': 91, 'HR@5': '0.1744', 'NDCG@5': '0.1145', 'HR@10': '0.2635', 'NDCG@10': '0.1432', 'HR@20': '0.3642', 'NDCG@20': '0.1686'}
2025-06-14 19:05:51,587 - EarlyStopping counter: 6 out of 10
2025-06-14 19:07:11,614 - {'epoch': 92, 'rec_loss': '4.9996'}
2025-06-14 19:07:17,312 - {'Epoch': 92, 'HR@5': '0.1747', 'NDCG@5': '0.1148', 'HR@10': '0.2644', 'NDCG@10': '0.1437', 'HR@20': '0.3657', 'NDCG@20': '0.1692'}
2025-06-14 19:07:17,316 - EarlyStopping counter: 7 out of 10
2025-06-14 19:08:37,417 - {'epoch': 93, 'rec_loss': '4.9986'}
2025-06-14 19:08:43,090 - {'Epoch': 93, 'HR@5': '0.1743', 'NDCG@5': '0.1147', 'HR@10': '0.2632', 'NDCG@10': '0.1433', 'HR@20': '0.3660', 'NDCG@20': '0.1693'}
2025-06-14 19:08:43,094 - EarlyStopping counter: 8 out of 10
2025-06-14 19:10:03,164 - {'epoch': 94, 'rec_loss': '4.9977'}
2025-06-14 19:10:08,797 - {'Epoch': 94, 'HR@5': '0.1749', 'NDCG@5': '0.1152', 'HR@10': '0.2638', 'NDCG@10': '0.1437', 'HR@20': '0.3653', 'NDCG@20': '0.1694'}
2025-06-14 19:10:08,801 - EarlyStopping counter: 9 out of 10
2025-06-14 19:11:28,889 - {'epoch': 95, 'rec_loss': '4.9863'}
2025-06-14 19:11:34,652 - {'Epoch': 95, 'HR@5': '0.1734', 'NDCG@5': '0.1145', 'HR@10': '0.2642', 'NDCG@10': '0.1438', 'HR@20': '0.3646', 'NDCG@20': '0.1691'}
2025-06-14 19:11:34,657 - EarlyStopping counter: 10 out of 10
2025-06-14 19:11:34,657 - Early stopping
2025-06-14 19:11:34,657 - ---------------Validation Score---------------
2025-06-14 19:11:40,397 - {'Epoch': 0, 'HR@5': '0.1737', 'NDCG@5': '0.1152', 'HR@10': '0.2635', 'NDCG@10': '0.1441', 'HR@20': '0.3657', 'NDCG@20': '0.1699'}
2025-06-14 19:11:40,402 - FEARec_Diginetica
2025-06-14 19:11:40,402 - {'Epoch': 0, 'HR@5': '0.1737', 'NDCG@5': '0.1152', 'HR@10': '0.2635', 'NDCG@10': '0.1441', 'HR@20': '0.3657', 'NDCG@20': '0.1699'}
