2025-06-13 23:32:54,885 - Namespace(data_dir='data/self_processed/', output_dir='hparam_search/', data_name='Diginetica', train_name='BSARec_Diginetica', num_items=10, num_users=14829, lr=0.001, batch_size=256, epochs=200, no_cuda=False, log_freq=1, patience=10, num_workers=4, seed=42, weight_decay=0.0, adam_beta1=0.9, adam_beta2=0.999, gpu_id='0', variance=5, model_type='BSARec', max_seq_length=50, hidden_size=64, num_hidden_layers=2, hidden_act='gelu', num_attention_heads=4, attention_probs_dropout_prob=0.5, hidden_dropout_prob=0.5, initializer_range=0.02, c=3, alpha=0.7, cuda_condition=True, data_file='data/self_processed/Diginetica.txt', item_size=9441, checkpoint_path=PosixPath('/gpfs/home3/scur2771/BSARec/BSARec/src/hparam_search/BSARec_Diginetica/12367757_59/model.pt'), same_target_path='data/self_processed/Diginetica_same_target.npy')
2025-06-13 23:32:54,903 - BSARecModel(
  (item_embeddings): Embedding(9441, 64, padding_idx=0)
  (position_embeddings): Embedding(50, 64)
  (LayerNorm): LayerNorm()
  (dropout): Dropout(p=0.5, inplace=False)
  (item_encoder): BSARecEncoder(
    (blocks): ModuleList(
      (0): BSARecBlock(
        (layer): BSARecLayer(
          (filter_layer): FrequencyLayer(
            (out_dropout): Dropout(p=0.5, inplace=False)
            (LayerNorm): LayerNorm()
          )
          (attention_layer): MultiHeadAttention(
            (query): Linear(in_features=64, out_features=64, bias=True)
            (key): Linear(in_features=64, out_features=64, bias=True)
            (value): Linear(in_features=64, out_features=64, bias=True)
            (softmax): Softmax(dim=-1)
            (attn_dropout): Dropout(p=0.5, inplace=False)
            (dense): Linear(in_features=64, out_features=64, bias=True)
            (LayerNorm): LayerNorm((64,), eps=1e-12, elementwise_affine=True)
            (out_dropout): Dropout(p=0.5, inplace=False)
          )
        )
        (feed_forward): FeedForward(
          (dense_1): Linear(in_features=64, out_features=256, bias=True)
          (dense_2): Linear(in_features=256, out_features=64, bias=True)
          (LayerNorm): LayerNorm()
          (dropout): Dropout(p=0.5, inplace=False)
        )
      )
      (1): BSARecBlock(
        (layer): BSARecLayer(
          (filter_layer): FrequencyLayer(
            (out_dropout): Dropout(p=0.5, inplace=False)
            (LayerNorm): LayerNorm()
          )
          (attention_layer): MultiHeadAttention(
            (query): Linear(in_features=64, out_features=64, bias=True)
            (key): Linear(in_features=64, out_features=64, bias=True)
            (value): Linear(in_features=64, out_features=64, bias=True)
            (softmax): Softmax(dim=-1)
            (attn_dropout): Dropout(p=0.5, inplace=False)
            (dense): Linear(in_features=64, out_features=64, bias=True)
            (LayerNorm): LayerNorm((64,), eps=1e-12, elementwise_affine=True)
            (out_dropout): Dropout(p=0.5, inplace=False)
          )
        )
        (feed_forward): FeedForward(
          (dense_1): Linear(in_features=64, out_features=256, bias=True)
          (dense_2): Linear(in_features=256, out_features=64, bias=True)
          (LayerNorm): LayerNorm()
          (dropout): Dropout(p=0.5, inplace=False)
        )
      )
    )
  )
)
2025-06-13 23:32:57,046 - Total Parameters: 707904
2025-06-13 23:33:05,592 - {'epoch': 0, 'rec_loss': '8.7078'}
2025-06-13 23:33:09,807 - {'Epoch': 0, 'HR@5': '0.0217', 'NDCG@5': '0.0151', 'HR@10': '0.0314', 'NDCG@10': '0.0181', 'HR@20': '0.0465', 'NDCG@20': '0.0219'}
2025-06-13 23:33:09,809 - Validation score increased.  Saving model ...
2025-06-13 23:33:17,310 - {'epoch': 1, 'rec_loss': '7.6813'}
2025-06-13 23:33:21,561 - {'Epoch': 1, 'HR@5': '0.0886', 'NDCG@5': '0.0588', 'HR@10': '0.1322', 'NDCG@10': '0.0728', 'HR@20': '0.1915', 'NDCG@20': '0.0878'}
2025-06-13 23:33:21,562 - Validation score increased.  Saving model ...
2025-06-13 23:33:29,115 - {'epoch': 2, 'rec_loss': '6.4058'}
2025-06-13 23:33:33,396 - {'Epoch': 2, 'HR@5': '0.1283', 'NDCG@5': '0.0843', 'HR@10': '0.1938', 'NDCG@10': '0.1054', 'HR@20': '0.2714', 'NDCG@20': '0.1249'}
2025-06-13 23:33:33,399 - Validation score increased.  Saving model ...
2025-06-13 23:33:40,948 - {'epoch': 3, 'rec_loss': '5.6256'}
2025-06-13 23:33:45,180 - {'Epoch': 3, 'HR@5': '0.1494', 'NDCG@5': '0.0974', 'HR@10': '0.2244', 'NDCG@10': '0.1217', 'HR@20': '0.3164', 'NDCG@20': '0.1448'}
2025-06-13 23:33:45,183 - Validation score increased.  Saving model ...
2025-06-13 23:33:52,744 - {'epoch': 4, 'rec_loss': '5.2364'}
2025-06-13 23:33:57,134 - {'Epoch': 4, 'HR@5': '0.1596', 'NDCG@5': '0.1032', 'HR@10': '0.2396', 'NDCG@10': '0.1289', 'HR@20': '0.3338', 'NDCG@20': '0.1527'}
2025-06-13 23:33:57,136 - Validation score increased.  Saving model ...
2025-06-13 23:34:04,609 - {'epoch': 5, 'rec_loss': '5.0538'}
2025-06-13 23:34:08,844 - {'Epoch': 5, 'HR@5': '0.1666', 'NDCG@5': '0.1093', 'HR@10': '0.2459', 'NDCG@10': '0.1347', 'HR@20': '0.3446', 'NDCG@20': '0.1597'}
2025-06-13 23:34:08,847 - Validation score increased.  Saving model ...
2025-06-13 23:34:16,429 - {'epoch': 6, 'rec_loss': '4.9543'}
2025-06-13 23:34:20,788 - {'Epoch': 6, 'HR@5': '0.1692', 'NDCG@5': '0.1105', 'HR@10': '0.2528', 'NDCG@10': '0.1375', 'HR@20': '0.3477', 'NDCG@20': '0.1615'}
2025-06-13 23:34:20,791 - Validation score increased.  Saving model ...
2025-06-13 23:34:28,313 - {'epoch': 7, 'rec_loss': '4.8858'}
2025-06-13 23:34:32,675 - {'Epoch': 7, 'HR@5': '0.1668', 'NDCG@5': '0.1098', 'HR@10': '0.2527', 'NDCG@10': '0.1375', 'HR@20': '0.3522', 'NDCG@20': '0.1627'}
2025-06-13 23:34:32,677 - Validation score increased.  Saving model ...
2025-06-13 23:34:40,187 - {'epoch': 8, 'rec_loss': '4.8348'}
2025-06-13 23:34:44,516 - {'Epoch': 8, 'HR@5': '0.1685', 'NDCG@5': '0.1098', 'HR@10': '0.2538', 'NDCG@10': '0.1374', 'HR@20': '0.3547', 'NDCG@20': '0.1629'}
2025-06-13 23:34:44,518 - Validation score increased.  Saving model ...
2025-06-13 23:34:52,036 - {'epoch': 9, 'rec_loss': '4.7972'}
2025-06-13 23:34:56,466 - {'Epoch': 9, 'HR@5': '0.1702', 'NDCG@5': '0.1113', 'HR@10': '0.2537', 'NDCG@10': '0.1382', 'HR@20': '0.3553', 'NDCG@20': '0.1640'}
2025-06-13 23:34:56,468 - Validation score increased.  Saving model ...
2025-06-13 23:35:04,096 - {'epoch': 10, 'rec_loss': '4.7659'}
2025-06-13 23:35:08,476 - {'Epoch': 10, 'HR@5': '0.1681', 'NDCG@5': '0.1105', 'HR@10': '0.2553', 'NDCG@10': '0.1386', 'HR@20': '0.3584', 'NDCG@20': '0.1647'}
2025-06-13 23:35:08,478 - Validation score increased.  Saving model ...
2025-06-13 23:35:16,135 - {'epoch': 11, 'rec_loss': '4.7408'}
2025-06-13 23:35:20,537 - {'Epoch': 11, 'HR@5': '0.1715', 'NDCG@5': '0.1124', 'HR@10': '0.2576', 'NDCG@10': '0.1402', 'HR@20': '0.3582', 'NDCG@20': '0.1656'}
2025-06-13 23:35:20,539 - Validation score increased.  Saving model ...
2025-06-13 23:35:28,104 - {'epoch': 12, 'rec_loss': '4.7158'}
2025-06-13 23:35:32,452 - {'Epoch': 12, 'HR@5': '0.1697', 'NDCG@5': '0.1119', 'HR@10': '0.2573', 'NDCG@10': '0.1401', 'HR@20': '0.3609', 'NDCG@20': '0.1664'}
2025-06-13 23:35:32,453 - Validation score increased.  Saving model ...
2025-06-13 23:35:40,005 - {'epoch': 13, 'rec_loss': '4.6997'}
2025-06-13 23:35:44,306 - {'Epoch': 13, 'HR@5': '0.1717', 'NDCG@5': '0.1127', 'HR@10': '0.2571', 'NDCG@10': '0.1403', 'HR@20': '0.3598', 'NDCG@20': '0.1663'}
2025-06-13 23:35:44,308 - EarlyStopping counter: 1 out of 10
2025-06-13 23:35:51,779 - {'epoch': 14, 'rec_loss': '4.6718'}
2025-06-13 23:35:56,133 - {'Epoch': 14, 'HR@5': '0.1714', 'NDCG@5': '0.1116', 'HR@10': '0.2587', 'NDCG@10': '0.1396', 'HR@20': '0.3591', 'NDCG@20': '0.1650'}
2025-06-13 23:35:56,134 - EarlyStopping counter: 2 out of 10
2025-06-13 23:36:03,593 - {'epoch': 15, 'rec_loss': '4.6639'}
2025-06-13 23:36:07,986 - {'Epoch': 15, 'HR@5': '0.1691', 'NDCG@5': '0.1120', 'HR@10': '0.2577', 'NDCG@10': '0.1405', 'HR@20': '0.3588', 'NDCG@20': '0.1661'}
2025-06-13 23:36:07,989 - EarlyStopping counter: 3 out of 10
2025-06-13 23:36:15,484 - {'epoch': 16, 'rec_loss': '4.6489'}
2025-06-13 23:36:19,791 - {'Epoch': 16, 'HR@5': '0.1695', 'NDCG@5': '0.1108', 'HR@10': '0.2557', 'NDCG@10': '0.1386', 'HR@20': '0.3606', 'NDCG@20': '0.1651'}
2025-06-13 23:36:19,793 - EarlyStopping counter: 4 out of 10
2025-06-13 23:36:27,324 - {'epoch': 17, 'rec_loss': '4.6366'}
2025-06-13 23:36:31,643 - {'Epoch': 17, 'HR@5': '0.1736', 'NDCG@5': '0.1130', 'HR@10': '0.2594', 'NDCG@10': '0.1405', 'HR@20': '0.3582', 'NDCG@20': '0.1655'}
2025-06-13 23:36:31,645 - EarlyStopping counter: 5 out of 10
2025-06-13 23:36:39,093 - {'epoch': 18, 'rec_loss': '4.6243'}
2025-06-13 23:36:43,358 - {'Epoch': 18, 'HR@5': '0.1714', 'NDCG@5': '0.1125', 'HR@10': '0.2562', 'NDCG@10': '0.1398', 'HR@20': '0.3574', 'NDCG@20': '0.1654'}
2025-06-13 23:36:43,360 - EarlyStopping counter: 6 out of 10
2025-06-13 23:36:50,888 - {'epoch': 19, 'rec_loss': '4.6073'}
2025-06-13 23:36:55,273 - {'Epoch': 19, 'HR@5': '0.1705', 'NDCG@5': '0.1123', 'HR@10': '0.2555', 'NDCG@10': '0.1397', 'HR@20': '0.3586', 'NDCG@20': '0.1658'}
2025-06-13 23:36:55,275 - EarlyStopping counter: 7 out of 10
2025-06-13 23:37:02,662 - {'epoch': 20, 'rec_loss': '4.5968'}
2025-06-13 23:37:06,967 - {'Epoch': 20, 'HR@5': '0.1731', 'NDCG@5': '0.1124', 'HR@10': '0.2582', 'NDCG@10': '0.1398', 'HR@20': '0.3584', 'NDCG@20': '0.1652'}
2025-06-13 23:37:06,968 - EarlyStopping counter: 8 out of 10
2025-06-13 23:37:14,438 - {'epoch': 21, 'rec_loss': '4.5889'}
2025-06-13 23:37:18,886 - {'Epoch': 21, 'HR@5': '0.1722', 'NDCG@5': '0.1124', 'HR@10': '0.2582', 'NDCG@10': '0.1400', 'HR@20': '0.3599', 'NDCG@20': '0.1657'}
2025-06-13 23:37:18,888 - EarlyStopping counter: 9 out of 10
2025-06-13 23:37:26,457 - {'epoch': 22, 'rec_loss': '4.5751'}
2025-06-13 23:37:30,740 - {'Epoch': 22, 'HR@5': '0.1717', 'NDCG@5': '0.1132', 'HR@10': '0.2603', 'NDCG@10': '0.1418', 'HR@20': '0.3602', 'NDCG@20': '0.1671'}
2025-06-13 23:37:30,743 - Validation score increased.  Saving model ...
2025-06-13 23:37:38,285 - {'epoch': 23, 'rec_loss': '4.5700'}
2025-06-13 23:37:42,639 - {'Epoch': 23, 'HR@5': '0.1692', 'NDCG@5': '0.1105', 'HR@10': '0.2576', 'NDCG@10': '0.1390', 'HR@20': '0.3578', 'NDCG@20': '0.1643'}
2025-06-13 23:37:42,641 - EarlyStopping counter: 1 out of 10
2025-06-13 23:37:50,182 - {'epoch': 24, 'rec_loss': '4.5611'}
2025-06-13 23:37:54,500 - {'Epoch': 24, 'HR@5': '0.1718', 'NDCG@5': '0.1119', 'HR@10': '0.2577', 'NDCG@10': '0.1397', 'HR@20': '0.3597', 'NDCG@20': '0.1654'}
2025-06-13 23:37:54,502 - EarlyStopping counter: 2 out of 10
2025-06-13 23:38:02,044 - {'epoch': 25, 'rec_loss': '4.5486'}
2025-06-13 23:38:06,447 - {'Epoch': 25, 'HR@5': '0.1754', 'NDCG@5': '0.1148', 'HR@10': '0.2584', 'NDCG@10': '0.1415', 'HR@20': '0.3594', 'NDCG@20': '0.1670'}
2025-06-13 23:38:06,449 - EarlyStopping counter: 3 out of 10
2025-06-13 23:38:13,858 - {'epoch': 26, 'rec_loss': '4.5451'}
2025-06-13 23:38:18,198 - {'Epoch': 26, 'HR@5': '0.1727', 'NDCG@5': '0.1133', 'HR@10': '0.2595', 'NDCG@10': '0.1413', 'HR@20': '0.3569', 'NDCG@20': '0.1659'}
2025-06-13 23:38:18,200 - EarlyStopping counter: 4 out of 10
2025-06-13 23:38:25,625 - {'epoch': 27, 'rec_loss': '4.5344'}
2025-06-13 23:38:29,980 - {'Epoch': 27, 'HR@5': '0.1707', 'NDCG@5': '0.1124', 'HR@10': '0.2605', 'NDCG@10': '0.1414', 'HR@20': '0.3626', 'NDCG@20': '0.1673'}
2025-06-13 23:38:29,982 - Validation score increased.  Saving model ...
2025-06-13 23:38:37,582 - {'epoch': 28, 'rec_loss': '4.5292'}
2025-06-13 23:38:41,933 - {'Epoch': 28, 'HR@5': '0.1731', 'NDCG@5': '0.1136', 'HR@10': '0.2609', 'NDCG@10': '0.1419', 'HR@20': '0.3599', 'NDCG@20': '0.1669'}
2025-06-13 23:38:41,934 - EarlyStopping counter: 1 out of 10
2025-06-13 23:38:49,436 - {'epoch': 29, 'rec_loss': '4.5195'}
2025-06-13 23:38:53,861 - {'Epoch': 29, 'HR@5': '0.1699', 'NDCG@5': '0.1134', 'HR@10': '0.2559', 'NDCG@10': '0.1412', 'HR@20': '0.3568', 'NDCG@20': '0.1667'}
2025-06-13 23:38:53,864 - EarlyStopping counter: 2 out of 10
2025-06-13 23:39:01,297 - {'epoch': 30, 'rec_loss': '4.5149'}
2025-06-13 23:39:05,660 - {'Epoch': 30, 'HR@5': '0.1716', 'NDCG@5': '0.1120', 'HR@10': '0.2598', 'NDCG@10': '0.1405', 'HR@20': '0.3618', 'NDCG@20': '0.1662'}
2025-06-13 23:39:05,662 - EarlyStopping counter: 3 out of 10
2025-06-13 23:39:13,047 - {'epoch': 31, 'rec_loss': '4.5033'}
2025-06-13 23:39:17,389 - {'Epoch': 31, 'HR@5': '0.1722', 'NDCG@5': '0.1135', 'HR@10': '0.2593', 'NDCG@10': '0.1416', 'HR@20': '0.3618', 'NDCG@20': '0.1675'}
2025-06-13 23:39:17,391 - Validation score increased.  Saving model ...
2025-06-13 23:39:24,895 - {'epoch': 32, 'rec_loss': '4.5025'}
2025-06-13 23:39:29,260 - {'Epoch': 32, 'HR@5': '0.1711', 'NDCG@5': '0.1113', 'HR@10': '0.2599', 'NDCG@10': '0.1400', 'HR@20': '0.3593', 'NDCG@20': '0.1651'}
2025-06-13 23:39:29,263 - EarlyStopping counter: 1 out of 10
2025-06-13 23:39:36,739 - {'epoch': 33, 'rec_loss': '4.4946'}
2025-06-13 23:39:41,138 - {'Epoch': 33, 'HR@5': '0.1719', 'NDCG@5': '0.1120', 'HR@10': '0.2586', 'NDCG@10': '0.1400', 'HR@20': '0.3595', 'NDCG@20': '0.1655'}
2025-06-13 23:39:41,139 - EarlyStopping counter: 2 out of 10
2025-06-13 23:39:48,569 - {'epoch': 34, 'rec_loss': '4.4908'}
2025-06-13 23:39:52,942 - {'Epoch': 34, 'HR@5': '0.1741', 'NDCG@5': '0.1143', 'HR@10': '0.2600', 'NDCG@10': '0.1421', 'HR@20': '0.3599', 'NDCG@20': '0.1673'}
2025-06-13 23:39:52,943 - EarlyStopping counter: 3 out of 10
2025-06-13 23:40:00,489 - {'epoch': 35, 'rec_loss': '4.4816'}
2025-06-13 23:40:04,822 - {'Epoch': 35, 'HR@5': '0.1706', 'NDCG@5': '0.1115', 'HR@10': '0.2586', 'NDCG@10': '0.1399', 'HR@20': '0.3586', 'NDCG@20': '0.1651'}
2025-06-13 23:40:04,824 - EarlyStopping counter: 4 out of 10
2025-06-13 23:40:12,260 - {'epoch': 36, 'rec_loss': '4.4791'}
2025-06-13 23:40:16,594 - {'Epoch': 36, 'HR@5': '0.1719', 'NDCG@5': '0.1116', 'HR@10': '0.2584', 'NDCG@10': '0.1395', 'HR@20': '0.3601', 'NDCG@20': '0.1652'}
2025-06-13 23:40:16,596 - EarlyStopping counter: 5 out of 10
2025-06-13 23:40:24,015 - {'epoch': 37, 'rec_loss': '4.4710'}
2025-06-13 23:40:28,366 - {'Epoch': 37, 'HR@5': '0.1698', 'NDCG@5': '0.1109', 'HR@10': '0.2593', 'NDCG@10': '0.1399', 'HR@20': '0.3598', 'NDCG@20': '0.1653'}
2025-06-13 23:40:28,368 - EarlyStopping counter: 6 out of 10
2025-06-13 23:40:35,797 - {'epoch': 38, 'rec_loss': '4.4626'}
2025-06-13 23:40:40,172 - {'Epoch': 38, 'HR@5': '0.1710', 'NDCG@5': '0.1128', 'HR@10': '0.2603', 'NDCG@10': '0.1416', 'HR@20': '0.3596', 'NDCG@20': '0.1667'}
2025-06-13 23:40:40,175 - EarlyStopping counter: 7 out of 10
2025-06-13 23:40:47,646 - {'epoch': 39, 'rec_loss': '4.4615'}
2025-06-13 23:40:51,984 - {'Epoch': 39, 'HR@5': '0.1697', 'NDCG@5': '0.1116', 'HR@10': '0.2596', 'NDCG@10': '0.1405', 'HR@20': '0.3602', 'NDCG@20': '0.1660'}
2025-06-13 23:40:51,986 - EarlyStopping counter: 8 out of 10
2025-06-13 23:40:59,447 - {'epoch': 40, 'rec_loss': '4.4545'}
2025-06-13 23:41:03,767 - {'Epoch': 40, 'HR@5': '0.1699', 'NDCG@5': '0.1115', 'HR@10': '0.2588', 'NDCG@10': '0.1402', 'HR@20': '0.3568', 'NDCG@20': '0.1650'}
2025-06-13 23:41:03,769 - EarlyStopping counter: 9 out of 10
2025-06-13 23:41:11,271 - {'epoch': 41, 'rec_loss': '4.4470'}
2025-06-13 23:41:15,596 - {'Epoch': 41, 'HR@5': '0.1726', 'NDCG@5': '0.1124', 'HR@10': '0.2587', 'NDCG@10': '0.1401', 'HR@20': '0.3596', 'NDCG@20': '0.1656'}
2025-06-13 23:41:15,599 - EarlyStopping counter: 10 out of 10
2025-06-13 23:41:15,599 - Early stopping
2025-06-13 23:41:15,599 - ---------------Validation Score---------------
2025-06-13 23:41:19,865 - {'Epoch': 0, 'HR@5': '0.1722', 'NDCG@5': '0.1135', 'HR@10': '0.2593', 'NDCG@10': '0.1416', 'HR@20': '0.3618', 'NDCG@20': '0.1675'}
2025-06-13 23:41:19,867 - BSARec_Diginetica
2025-06-13 23:41:19,867 - {'Epoch': 0, 'HR@5': '0.1722', 'NDCG@5': '0.1135', 'HR@10': '0.2593', 'NDCG@10': '0.1416', 'HR@20': '0.3618', 'NDCG@20': '0.1675'}
