2025-06-14 00:09:53,039 - Namespace(data_dir='data/self_processed/', output_dir='hparam_search/', data_name='Diginetica', train_name='BSARec_Diginetica', num_items=10, num_users=14829, lr=0.0005, batch_size=256, epochs=200, no_cuda=False, log_freq=1, patience=10, num_workers=4, seed=42, weight_decay=0.0, adam_beta1=0.9, adam_beta2=0.999, gpu_id='0', variance=5, model_type='BSARec', max_seq_length=50, hidden_size=64, num_hidden_layers=2, hidden_act='gelu', num_attention_heads=1, attention_probs_dropout_prob=0.5, hidden_dropout_prob=0.5, initializer_range=0.02, c=9, alpha=0.5, cuda_condition=True, data_file='data/self_processed/Diginetica.txt', item_size=9441, checkpoint_path=PosixPath('/gpfs/home3/scur2771/BSARec/BSARec/src/hparam_search/BSARec_Diginetica/12367757_98/model.pt'), same_target_path='data/self_processed/Diginetica_same_target.npy')
2025-06-14 00:09:53,056 - BSARecModel(
  (item_embeddings): Embedding(9441, 64, padding_idx=0)
  (position_embeddings): Embedding(50, 64)
  (LayerNorm): LayerNorm()
  (dropout): Dropout(p=0.5, inplace=False)
  (item_encoder): BSARecEncoder(
    (blocks): ModuleList(
      (0): BSARecBlock(
        (layer): BSARecLayer(
          (filter_layer): FrequencyLayer(
            (out_dropout): Dropout(p=0.5, inplace=False)
            (LayerNorm): LayerNorm()
          )
          (attention_layer): MultiHeadAttention(
            (query): Linear(in_features=64, out_features=64, bias=True)
            (key): Linear(in_features=64, out_features=64, bias=True)
            (value): Linear(in_features=64, out_features=64, bias=True)
            (softmax): Softmax(dim=-1)
            (attn_dropout): Dropout(p=0.5, inplace=False)
            (dense): Linear(in_features=64, out_features=64, bias=True)
            (LayerNorm): LayerNorm((64,), eps=1e-12, elementwise_affine=True)
            (out_dropout): Dropout(p=0.5, inplace=False)
          )
        )
        (feed_forward): FeedForward(
          (dense_1): Linear(in_features=64, out_features=256, bias=True)
          (dense_2): Linear(in_features=256, out_features=64, bias=True)
          (LayerNorm): LayerNorm()
          (dropout): Dropout(p=0.5, inplace=False)
        )
      )
      (1): BSARecBlock(
        (layer): BSARecLayer(
          (filter_layer): FrequencyLayer(
            (out_dropout): Dropout(p=0.5, inplace=False)
            (LayerNorm): LayerNorm()
          )
          (attention_layer): MultiHeadAttention(
            (query): Linear(in_features=64, out_features=64, bias=True)
            (key): Linear(in_features=64, out_features=64, bias=True)
            (value): Linear(in_features=64, out_features=64, bias=True)
            (softmax): Softmax(dim=-1)
            (attn_dropout): Dropout(p=0.5, inplace=False)
            (dense): Linear(in_features=64, out_features=64, bias=True)
            (LayerNorm): LayerNorm((64,), eps=1e-12, elementwise_affine=True)
            (out_dropout): Dropout(p=0.5, inplace=False)
          )
        )
        (feed_forward): FeedForward(
          (dense_1): Linear(in_features=64, out_features=256, bias=True)
          (dense_2): Linear(in_features=256, out_features=64, bias=True)
          (LayerNorm): LayerNorm()
          (dropout): Dropout(p=0.5, inplace=False)
        )
      )
    )
  )
)
2025-06-14 00:09:55,237 - Total Parameters: 707904
2025-06-14 00:10:03,667 - {'epoch': 0, 'rec_loss': '8.8117'}
2025-06-14 00:10:07,878 - {'Epoch': 0, 'HR@5': '0.0072', 'NDCG@5': '0.0046', 'HR@10': '0.0115', 'NDCG@10': '0.0060', 'HR@20': '0.0171', 'NDCG@20': '0.0074'}
2025-06-14 00:10:07,880 - Validation score increased.  Saving model ...
2025-06-14 00:10:15,308 - {'epoch': 1, 'rec_loss': '8.3440'}
2025-06-14 00:10:19,618 - {'Epoch': 1, 'HR@5': '0.0409', 'NDCG@5': '0.0282', 'HR@10': '0.0610', 'NDCG@10': '0.0346', 'HR@20': '0.0842', 'NDCG@20': '0.0405'}
2025-06-14 00:10:19,619 - Validation score increased.  Saving model ...
2025-06-14 00:10:26,942 - {'epoch': 2, 'rec_loss': '7.6822'}
2025-06-14 00:10:31,247 - {'Epoch': 2, 'HR@5': '0.0844', 'NDCG@5': '0.0555', 'HR@10': '0.1276', 'NDCG@10': '0.0694', 'HR@20': '0.1755', 'NDCG@20': '0.0815'}
2025-06-14 00:10:31,249 - Validation score increased.  Saving model ...
2025-06-14 00:10:38,653 - {'epoch': 3, 'rec_loss': '6.8975'}
2025-06-14 00:10:42,962 - {'Epoch': 3, 'HR@5': '0.1114', 'NDCG@5': '0.0731', 'HR@10': '0.1660', 'NDCG@10': '0.0907', 'HR@20': '0.2324', 'NDCG@20': '0.1074'}
2025-06-14 00:10:42,964 - Validation score increased.  Saving model ...
2025-06-14 00:10:50,284 - {'epoch': 4, 'rec_loss': '6.2486'}
2025-06-14 00:10:54,629 - {'Epoch': 4, 'HR@5': '0.1268', 'NDCG@5': '0.0833', 'HR@10': '0.1929', 'NDCG@10': '0.1045', 'HR@20': '0.2690', 'NDCG@20': '0.1238'}
2025-06-14 00:10:54,630 - Validation score increased.  Saving model ...
2025-06-14 00:11:02,115 - {'epoch': 5, 'rec_loss': '5.7717'}
2025-06-14 00:11:06,548 - {'Epoch': 5, 'HR@5': '0.1412', 'NDCG@5': '0.0925', 'HR@10': '0.2127', 'NDCG@10': '0.1155', 'HR@20': '0.2966', 'NDCG@20': '0.1367'}
2025-06-14 00:11:06,549 - Validation score increased.  Saving model ...
2025-06-14 00:11:13,931 - {'epoch': 6, 'rec_loss': '5.4436'}
2025-06-14 00:11:18,371 - {'Epoch': 6, 'HR@5': '0.1516', 'NDCG@5': '0.0998', 'HR@10': '0.2267', 'NDCG@10': '0.1240', 'HR@20': '0.3182', 'NDCG@20': '0.1471'}
2025-06-14 00:11:18,374 - Validation score increased.  Saving model ...
2025-06-14 00:11:25,920 - {'epoch': 7, 'rec_loss': '5.2088'}
2025-06-14 00:11:30,253 - {'Epoch': 7, 'HR@5': '0.1583', 'NDCG@5': '0.1044', 'HR@10': '0.2378', 'NDCG@10': '0.1300', 'HR@20': '0.3351', 'NDCG@20': '0.1546'}
2025-06-14 00:11:30,255 - Validation score increased.  Saving model ...
2025-06-14 00:11:37,733 - {'epoch': 8, 'rec_loss': '5.0460'}
2025-06-14 00:11:42,112 - {'Epoch': 8, 'HR@5': '0.1647', 'NDCG@5': '0.1086', 'HR@10': '0.2466', 'NDCG@10': '0.1351', 'HR@20': '0.3417', 'NDCG@20': '0.1591'}
2025-06-14 00:11:42,114 - Validation score increased.  Saving model ...
2025-06-14 00:11:49,589 - {'epoch': 9, 'rec_loss': '4.9304'}
2025-06-14 00:11:53,984 - {'Epoch': 9, 'HR@5': '0.1689', 'NDCG@5': '0.1106', 'HR@10': '0.2518', 'NDCG@10': '0.1372', 'HR@20': '0.3489', 'NDCG@20': '0.1618'}
2025-06-14 00:11:53,986 - Validation score increased.  Saving model ...
2025-06-14 00:12:01,395 - {'epoch': 10, 'rec_loss': '4.8484'}
2025-06-14 00:12:05,744 - {'Epoch': 10, 'HR@5': '0.1683', 'NDCG@5': '0.1102', 'HR@10': '0.2538', 'NDCG@10': '0.1377', 'HR@20': '0.3530', 'NDCG@20': '0.1629'}
2025-06-14 00:12:05,746 - Validation score increased.  Saving model ...
2025-06-14 00:12:13,265 - {'epoch': 11, 'rec_loss': '4.7849'}
2025-06-14 00:12:17,653 - {'Epoch': 11, 'HR@5': '0.1712', 'NDCG@5': '0.1136', 'HR@10': '0.2576', 'NDCG@10': '0.1414', 'HR@20': '0.3575', 'NDCG@20': '0.1667'}
2025-06-14 00:12:17,654 - Validation score increased.  Saving model ...
2025-06-14 00:12:25,150 - {'epoch': 12, 'rec_loss': '4.7404'}
2025-06-14 00:12:29,474 - {'Epoch': 12, 'HR@5': '0.1719', 'NDCG@5': '0.1126', 'HR@10': '0.2623', 'NDCG@10': '0.1417', 'HR@20': '0.3606', 'NDCG@20': '0.1665'}
2025-06-14 00:12:29,476 - EarlyStopping counter: 1 out of 10
2025-06-14 00:12:36,983 - {'epoch': 13, 'rec_loss': '4.7084'}
2025-06-14 00:12:41,379 - {'Epoch': 13, 'HR@5': '0.1735', 'NDCG@5': '0.1148', 'HR@10': '0.2597', 'NDCG@10': '0.1426', 'HR@20': '0.3617', 'NDCG@20': '0.1685'}
2025-06-14 00:12:41,381 - Validation score increased.  Saving model ...
2025-06-14 00:12:48,847 - {'epoch': 14, 'rec_loss': '4.6778'}
2025-06-14 00:12:53,248 - {'Epoch': 14, 'HR@5': '0.1742', 'NDCG@5': '0.1145', 'HR@10': '0.2611', 'NDCG@10': '0.1426', 'HR@20': '0.3640', 'NDCG@20': '0.1685'}
2025-06-14 00:12:53,250 - Validation score increased.  Saving model ...
2025-06-14 00:13:00,636 - {'epoch': 15, 'rec_loss': '4.6569'}
2025-06-14 00:13:05,074 - {'Epoch': 15, 'HR@5': '0.1732', 'NDCG@5': '0.1147', 'HR@10': '0.2621', 'NDCG@10': '0.1433', 'HR@20': '0.3640', 'NDCG@20': '0.1691'}
2025-06-14 00:13:05,076 - Validation score increased.  Saving model ...
2025-06-14 00:13:12,496 - {'epoch': 16, 'rec_loss': '4.6366'}
2025-06-14 00:13:16,870 - {'Epoch': 16, 'HR@5': '0.1741', 'NDCG@5': '0.1146', 'HR@10': '0.2613', 'NDCG@10': '0.1427', 'HR@20': '0.3643', 'NDCG@20': '0.1687'}
2025-06-14 00:13:16,873 - EarlyStopping counter: 1 out of 10
2025-06-14 00:13:24,355 - {'epoch': 17, 'rec_loss': '4.6181'}
2025-06-14 00:13:28,802 - {'Epoch': 17, 'HR@5': '0.1753', 'NDCG@5': '0.1149', 'HR@10': '0.2620', 'NDCG@10': '0.1428', 'HR@20': '0.3644', 'NDCG@20': '0.1687'}
2025-06-14 00:13:28,805 - EarlyStopping counter: 2 out of 10
2025-06-14 00:13:36,239 - {'epoch': 18, 'rec_loss': '4.6032'}
2025-06-14 00:13:40,591 - {'Epoch': 18, 'HR@5': '0.1751', 'NDCG@5': '0.1150', 'HR@10': '0.2615', 'NDCG@10': '0.1429', 'HR@20': '0.3656', 'NDCG@20': '0.1692'}
2025-06-14 00:13:40,594 - Validation score increased.  Saving model ...
2025-06-14 00:13:48,031 - {'epoch': 19, 'rec_loss': '4.5934'}
2025-06-14 00:13:52,427 - {'Epoch': 19, 'HR@5': '0.1754', 'NDCG@5': '0.1146', 'HR@10': '0.2607', 'NDCG@10': '0.1421', 'HR@20': '0.3647', 'NDCG@20': '0.1684'}
2025-06-14 00:13:52,429 - EarlyStopping counter: 1 out of 10
2025-06-14 00:13:59,741 - {'epoch': 20, 'rec_loss': '4.5793'}
2025-06-14 00:14:04,089 - {'Epoch': 20, 'HR@5': '0.1782', 'NDCG@5': '0.1165', 'HR@10': '0.2645', 'NDCG@10': '0.1442', 'HR@20': '0.3667', 'NDCG@20': '0.1700'}
2025-06-14 00:14:04,092 - Validation score increased.  Saving model ...
2025-06-14 00:14:11,483 - {'epoch': 21, 'rec_loss': '4.5728'}
2025-06-14 00:14:15,847 - {'Epoch': 21, 'HR@5': '0.1780', 'NDCG@5': '0.1164', 'HR@10': '0.2632', 'NDCG@10': '0.1438', 'HR@20': '0.3688', 'NDCG@20': '0.1705'}
2025-06-14 00:14:15,848 - Validation score increased.  Saving model ...
2025-06-14 00:14:23,290 - {'epoch': 22, 'rec_loss': '4.5621'}
2025-06-14 00:14:27,719 - {'Epoch': 22, 'HR@5': '0.1772', 'NDCG@5': '0.1163', 'HR@10': '0.2660', 'NDCG@10': '0.1449', 'HR@20': '0.3683', 'NDCG@20': '0.1707'}
2025-06-14 00:14:27,722 - Validation score increased.  Saving model ...
2025-06-14 00:14:35,119 - {'epoch': 23, 'rec_loss': '4.5548'}
2025-06-14 00:14:39,517 - {'Epoch': 23, 'HR@5': '0.1758', 'NDCG@5': '0.1145', 'HR@10': '0.2644', 'NDCG@10': '0.1430', 'HR@20': '0.3667', 'NDCG@20': '0.1689'}
2025-06-14 00:14:39,519 - EarlyStopping counter: 1 out of 10
2025-06-14 00:14:46,999 - {'epoch': 24, 'rec_loss': '4.5477'}
2025-06-14 00:14:51,336 - {'Epoch': 24, 'HR@5': '0.1756', 'NDCG@5': '0.1150', 'HR@10': '0.2621', 'NDCG@10': '0.1429', 'HR@20': '0.3659', 'NDCG@20': '0.1692'}
2025-06-14 00:14:51,338 - EarlyStopping counter: 2 out of 10
2025-06-14 00:14:58,844 - {'epoch': 25, 'rec_loss': '4.5298'}
2025-06-14 00:15:03,181 - {'Epoch': 25, 'HR@5': '0.1772', 'NDCG@5': '0.1166', 'HR@10': '0.2661', 'NDCG@10': '0.1452', 'HR@20': '0.3659', 'NDCG@20': '0.1705'}
2025-06-14 00:15:03,183 - EarlyStopping counter: 3 out of 10
2025-06-14 00:15:10,605 - {'epoch': 26, 'rec_loss': '4.5308'}
2025-06-14 00:15:14,960 - {'Epoch': 26, 'HR@5': '0.1764', 'NDCG@5': '0.1159', 'HR@10': '0.2636', 'NDCG@10': '0.1439', 'HR@20': '0.3672', 'NDCG@20': '0.1702'}
2025-06-14 00:15:14,962 - EarlyStopping counter: 4 out of 10
2025-06-14 00:15:22,421 - {'epoch': 27, 'rec_loss': '4.5224'}
2025-06-14 00:15:26,813 - {'Epoch': 27, 'HR@5': '0.1760', 'NDCG@5': '0.1156', 'HR@10': '0.2646', 'NDCG@10': '0.1441', 'HR@20': '0.3661', 'NDCG@20': '0.1699'}
2025-06-14 00:15:26,814 - EarlyStopping counter: 5 out of 10
2025-06-14 00:15:34,234 - {'epoch': 28, 'rec_loss': '4.5135'}
2025-06-14 00:15:38,566 - {'Epoch': 28, 'HR@5': '0.1770', 'NDCG@5': '0.1161', 'HR@10': '0.2644', 'NDCG@10': '0.1442', 'HR@20': '0.3682', 'NDCG@20': '0.1705'}
2025-06-14 00:15:38,568 - EarlyStopping counter: 6 out of 10
2025-06-14 00:15:45,957 - {'epoch': 29, 'rec_loss': '4.5099'}
2025-06-14 00:15:50,416 - {'Epoch': 29, 'HR@5': '0.1756', 'NDCG@5': '0.1156', 'HR@10': '0.2627', 'NDCG@10': '0.1437', 'HR@20': '0.3644', 'NDCG@20': '0.1694'}
2025-06-14 00:15:50,417 - EarlyStopping counter: 7 out of 10
2025-06-14 00:15:57,770 - {'epoch': 30, 'rec_loss': '4.5030'}
2025-06-14 00:16:02,077 - {'Epoch': 30, 'HR@5': '0.1770', 'NDCG@5': '0.1157', 'HR@10': '0.2636', 'NDCG@10': '0.1436', 'HR@20': '0.3640', 'NDCG@20': '0.1691'}
2025-06-14 00:16:02,079 - EarlyStopping counter: 8 out of 10
2025-06-14 00:16:09,445 - {'epoch': 31, 'rec_loss': '4.4988'}
2025-06-14 00:16:13,857 - {'Epoch': 31, 'HR@5': '0.1756', 'NDCG@5': '0.1148', 'HR@10': '0.2642', 'NDCG@10': '0.1434', 'HR@20': '0.3655', 'NDCG@20': '0.1690'}
2025-06-14 00:16:13,858 - EarlyStopping counter: 9 out of 10
2025-06-14 00:16:21,367 - {'epoch': 32, 'rec_loss': '4.4932'}
2025-06-14 00:16:25,751 - {'Epoch': 32, 'HR@5': '0.1757', 'NDCG@5': '0.1146', 'HR@10': '0.2663', 'NDCG@10': '0.1437', 'HR@20': '0.3651', 'NDCG@20': '0.1687'}
2025-06-14 00:16:25,753 - EarlyStopping counter: 10 out of 10
2025-06-14 00:16:25,753 - Early stopping
2025-06-14 00:16:25,753 - ---------------Validation Score---------------
2025-06-14 00:16:30,164 - {'Epoch': 0, 'HR@5': '0.1772', 'NDCG@5': '0.1163', 'HR@10': '0.2660', 'NDCG@10': '0.1449', 'HR@20': '0.3683', 'NDCG@20': '0.1707'}
2025-06-14 00:16:30,165 - BSARec_Diginetica
2025-06-14 00:16:30,165 - {'Epoch': 0, 'HR@5': '0.1772', 'NDCG@5': '0.1163', 'HR@10': '0.2660', 'NDCG@10': '0.1449', 'HR@20': '0.3683', 'NDCG@20': '0.1707'}
