2025-06-13 23:55:47,475 - Namespace(data_dir='data/self_processed/', output_dir='hparam_search/', data_name='Diginetica', train_name='BSARec_Diginetica', num_items=10, num_users=14829, lr=0.0005, batch_size=256, epochs=200, no_cuda=False, log_freq=1, patience=10, num_workers=4, seed=42, weight_decay=0.0, adam_beta1=0.9, adam_beta2=0.999, gpu_id='0', variance=5, model_type='BSARec', max_seq_length=50, hidden_size=64, num_hidden_layers=2, hidden_act='gelu', num_attention_heads=1, attention_probs_dropout_prob=0.5, hidden_dropout_prob=0.5, initializer_range=0.02, c=3, alpha=0.1, cuda_condition=True, data_file='data/self_processed/Diginetica.txt', item_size=9441, checkpoint_path=PosixPath('/gpfs/home3/scur2771/BSARec/BSARec/src/hparam_search/BSARec_Diginetica/12367757_81/model.pt'), same_target_path='data/self_processed/Diginetica_same_target.npy')
2025-06-13 23:55:47,498 - BSARecModel(
  (item_embeddings): Embedding(9441, 64, padding_idx=0)
  (position_embeddings): Embedding(50, 64)
  (LayerNorm): LayerNorm()
  (dropout): Dropout(p=0.5, inplace=False)
  (item_encoder): BSARecEncoder(
    (blocks): ModuleList(
      (0): BSARecBlock(
        (layer): BSARecLayer(
          (filter_layer): FrequencyLayer(
            (out_dropout): Dropout(p=0.5, inplace=False)
            (LayerNorm): LayerNorm()
          )
          (attention_layer): MultiHeadAttention(
            (query): Linear(in_features=64, out_features=64, bias=True)
            (key): Linear(in_features=64, out_features=64, bias=True)
            (value): Linear(in_features=64, out_features=64, bias=True)
            (softmax): Softmax(dim=-1)
            (attn_dropout): Dropout(p=0.5, inplace=False)
            (dense): Linear(in_features=64, out_features=64, bias=True)
            (LayerNorm): LayerNorm((64,), eps=1e-12, elementwise_affine=True)
            (out_dropout): Dropout(p=0.5, inplace=False)
          )
        )
        (feed_forward): FeedForward(
          (dense_1): Linear(in_features=64, out_features=256, bias=True)
          (dense_2): Linear(in_features=256, out_features=64, bias=True)
          (LayerNorm): LayerNorm()
          (dropout): Dropout(p=0.5, inplace=False)
        )
      )
      (1): BSARecBlock(
        (layer): BSARecLayer(
          (filter_layer): FrequencyLayer(
            (out_dropout): Dropout(p=0.5, inplace=False)
            (LayerNorm): LayerNorm()
          )
          (attention_layer): MultiHeadAttention(
            (query): Linear(in_features=64, out_features=64, bias=True)
            (key): Linear(in_features=64, out_features=64, bias=True)
            (value): Linear(in_features=64, out_features=64, bias=True)
            (softmax): Softmax(dim=-1)
            (attn_dropout): Dropout(p=0.5, inplace=False)
            (dense): Linear(in_features=64, out_features=64, bias=True)
            (LayerNorm): LayerNorm((64,), eps=1e-12, elementwise_affine=True)
            (out_dropout): Dropout(p=0.5, inplace=False)
          )
        )
        (feed_forward): FeedForward(
          (dense_1): Linear(in_features=64, out_features=256, bias=True)
          (dense_2): Linear(in_features=256, out_features=64, bias=True)
          (LayerNorm): LayerNorm()
          (dropout): Dropout(p=0.5, inplace=False)
        )
      )
    )
  )
)
2025-06-13 23:55:50,773 - Total Parameters: 707904
2025-06-13 23:55:59,755 - {'epoch': 0, 'rec_loss': '8.8017'}
2025-06-13 23:56:03,839 - {'Epoch': 0, 'HR@5': '0.0081', 'NDCG@5': '0.0055', 'HR@10': '0.0130', 'NDCG@10': '0.0071', 'HR@20': '0.0198', 'NDCG@20': '0.0088'}
2025-06-13 23:56:03,841 - Validation score increased.  Saving model ...
2025-06-13 23:56:11,240 - {'epoch': 1, 'rec_loss': '8.3149'}
2025-06-13 23:56:15,406 - {'Epoch': 1, 'HR@5': '0.0502', 'NDCG@5': '0.0352', 'HR@10': '0.0748', 'NDCG@10': '0.0431', 'HR@20': '0.1001', 'NDCG@20': '0.0495'}
2025-06-13 23:56:15,407 - Validation score increased.  Saving model ...
2025-06-13 23:56:22,928 - {'epoch': 2, 'rec_loss': '7.6014'}
2025-06-13 23:56:27,325 - {'Epoch': 2, 'HR@5': '0.0913', 'NDCG@5': '0.0602', 'HR@10': '0.1387', 'NDCG@10': '0.0755', 'HR@20': '0.1912', 'NDCG@20': '0.0887'}
2025-06-13 23:56:27,327 - Validation score increased.  Saving model ...
2025-06-13 23:56:34,860 - {'epoch': 3, 'rec_loss': '6.8081'}
2025-06-13 23:56:39,112 - {'Epoch': 3, 'HR@5': '0.1145', 'NDCG@5': '0.0754', 'HR@10': '0.1748', 'NDCG@10': '0.0948', 'HR@20': '0.2418', 'NDCG@20': '0.1116'}
2025-06-13 23:56:39,113 - Validation score increased.  Saving model ...
2025-06-13 23:56:46,590 - {'epoch': 4, 'rec_loss': '6.1773'}
2025-06-13 23:56:50,937 - {'Epoch': 4, 'HR@5': '0.1297', 'NDCG@5': '0.0854', 'HR@10': '0.1977', 'NDCG@10': '0.1073', 'HR@20': '0.2762', 'NDCG@20': '0.1272'}
2025-06-13 23:56:50,939 - Validation score increased.  Saving model ...
2025-06-13 23:56:58,440 - {'epoch': 5, 'rec_loss': '5.7283'}
2025-06-13 23:57:02,793 - {'Epoch': 5, 'HR@5': '0.1446', 'NDCG@5': '0.0941', 'HR@10': '0.2149', 'NDCG@10': '0.1167', 'HR@20': '0.3014', 'NDCG@20': '0.1385'}
2025-06-13 23:57:02,794 - Validation score increased.  Saving model ...
2025-06-13 23:57:10,366 - {'epoch': 6, 'rec_loss': '5.4215'}
2025-06-13 23:57:14,669 - {'Epoch': 6, 'HR@5': '0.1517', 'NDCG@5': '0.0999', 'HR@10': '0.2272', 'NDCG@10': '0.1243', 'HR@20': '0.3205', 'NDCG@20': '0.1478'}
2025-06-13 23:57:14,671 - Validation score increased.  Saving model ...
2025-06-13 23:57:22,197 - {'epoch': 7, 'rec_loss': '5.2049'}
2025-06-13 23:57:26,602 - {'Epoch': 7, 'HR@5': '0.1568', 'NDCG@5': '0.1033', 'HR@10': '0.2376', 'NDCG@10': '0.1294', 'HR@20': '0.3332', 'NDCG@20': '0.1535'}
2025-06-13 23:57:26,603 - Validation score increased.  Saving model ...
2025-06-13 23:57:34,138 - {'epoch': 8, 'rec_loss': '5.0544'}
2025-06-13 23:57:38,372 - {'Epoch': 8, 'HR@5': '0.1645', 'NDCG@5': '0.1078', 'HR@10': '0.2453', 'NDCG@10': '0.1338', 'HR@20': '0.3413', 'NDCG@20': '0.1581'}
2025-06-13 23:57:38,374 - Validation score increased.  Saving model ...
2025-06-13 23:57:45,854 - {'epoch': 9, 'rec_loss': '4.9483'}
2025-06-13 23:57:50,150 - {'Epoch': 9, 'HR@5': '0.1683', 'NDCG@5': '0.1097', 'HR@10': '0.2493', 'NDCG@10': '0.1357', 'HR@20': '0.3484', 'NDCG@20': '0.1608'}
2025-06-13 23:57:50,152 - Validation score increased.  Saving model ...
2025-06-13 23:57:57,680 - {'epoch': 10, 'rec_loss': '4.8683'}
2025-06-13 23:58:02,031 - {'Epoch': 10, 'HR@5': '0.1681', 'NDCG@5': '0.1098', 'HR@10': '0.2527', 'NDCG@10': '0.1370', 'HR@20': '0.3530', 'NDCG@20': '0.1624'}
2025-06-13 23:58:02,033 - Validation score increased.  Saving model ...
2025-06-13 23:58:09,610 - {'epoch': 11, 'rec_loss': '4.8077'}
2025-06-13 23:58:13,927 - {'Epoch': 11, 'HR@5': '0.1685', 'NDCG@5': '0.1120', 'HR@10': '0.2569', 'NDCG@10': '0.1404', 'HR@20': '0.3545', 'NDCG@20': '0.1651'}
2025-06-13 23:58:13,928 - Validation score increased.  Saving model ...
2025-06-13 23:58:21,355 - {'epoch': 12, 'rec_loss': '4.7672'}
2025-06-13 23:58:25,671 - {'Epoch': 12, 'HR@5': '0.1707', 'NDCG@5': '0.1120', 'HR@10': '0.2596', 'NDCG@10': '0.1407', 'HR@20': '0.3580', 'NDCG@20': '0.1656'}
2025-06-13 23:58:25,673 - Validation score increased.  Saving model ...
2025-06-13 23:58:33,075 - {'epoch': 13, 'rec_loss': '4.7329'}
2025-06-13 23:58:37,373 - {'Epoch': 13, 'HR@5': '0.1699', 'NDCG@5': '0.1124', 'HR@10': '0.2594', 'NDCG@10': '0.1414', 'HR@20': '0.3597', 'NDCG@20': '0.1668'}
2025-06-13 23:58:37,374 - Validation score increased.  Saving model ...
2025-06-13 23:58:44,769 - {'epoch': 14, 'rec_loss': '4.7059'}
2025-06-13 23:58:49,073 - {'Epoch': 14, 'HR@5': '0.1716', 'NDCG@5': '0.1129', 'HR@10': '0.2622', 'NDCG@10': '0.1420', 'HR@20': '0.3606', 'NDCG@20': '0.1669'}
2025-06-13 23:58:49,074 - Validation score increased.  Saving model ...
2025-06-13 23:58:56,525 - {'epoch': 15, 'rec_loss': '4.6867'}
2025-06-13 23:59:00,886 - {'Epoch': 15, 'HR@5': '0.1699', 'NDCG@5': '0.1134', 'HR@10': '0.2601', 'NDCG@10': '0.1425', 'HR@20': '0.3625', 'NDCG@20': '0.1684'}
2025-06-13 23:59:00,888 - Validation score increased.  Saving model ...
2025-06-13 23:59:08,328 - {'epoch': 16, 'rec_loss': '4.6674'}
2025-06-13 23:59:12,604 - {'Epoch': 16, 'HR@5': '0.1716', 'NDCG@5': '0.1130', 'HR@10': '0.2614', 'NDCG@10': '0.1420', 'HR@20': '0.3620', 'NDCG@20': '0.1674'}
2025-06-13 23:59:12,605 - EarlyStopping counter: 1 out of 10
2025-06-13 23:59:20,013 - {'epoch': 17, 'rec_loss': '4.6472'}
2025-06-13 23:59:24,395 - {'Epoch': 17, 'HR@5': '0.1737', 'NDCG@5': '0.1138', 'HR@10': '0.2613', 'NDCG@10': '0.1420', 'HR@20': '0.3636', 'NDCG@20': '0.1678'}
2025-06-13 23:59:24,396 - EarlyStopping counter: 2 out of 10
2025-06-13 23:59:31,877 - {'epoch': 18, 'rec_loss': '4.6323'}
2025-06-13 23:59:36,286 - {'Epoch': 18, 'HR@5': '0.1746', 'NDCG@5': '0.1143', 'HR@10': '0.2610', 'NDCG@10': '0.1422', 'HR@20': '0.3636', 'NDCG@20': '0.1681'}
2025-06-13 23:59:36,287 - EarlyStopping counter: 3 out of 10
2025-06-13 23:59:43,784 - {'epoch': 19, 'rec_loss': '4.6238'}
2025-06-13 23:59:48,116 - {'Epoch': 19, 'HR@5': '0.1740', 'NDCG@5': '0.1135', 'HR@10': '0.2609', 'NDCG@10': '0.1415', 'HR@20': '0.3636', 'NDCG@20': '0.1675'}
2025-06-13 23:59:48,117 - EarlyStopping counter: 4 out of 10
2025-06-13 23:59:55,557 - {'epoch': 20, 'rec_loss': '4.6088'}
2025-06-13 23:59:59,829 - {'Epoch': 20, 'HR@5': '0.1744', 'NDCG@5': '0.1148', 'HR@10': '0.2642', 'NDCG@10': '0.1438', 'HR@20': '0.3651', 'NDCG@20': '0.1693'}
2025-06-13 23:59:59,831 - Validation score increased.  Saving model ...
2025-06-14 00:00:07,358 - {'epoch': 21, 'rec_loss': '4.6009'}
2025-06-14 00:00:11,709 - {'Epoch': 21, 'HR@5': '0.1762', 'NDCG@5': '0.1144', 'HR@10': '0.2625', 'NDCG@10': '0.1422', 'HR@20': '0.3657', 'NDCG@20': '0.1683'}
2025-06-14 00:00:11,711 - EarlyStopping counter: 1 out of 10
2025-06-14 00:00:19,141 - {'epoch': 22, 'rec_loss': '4.5927'}
2025-06-14 00:00:23,467 - {'Epoch': 22, 'HR@5': '0.1756', 'NDCG@5': '0.1149', 'HR@10': '0.2654', 'NDCG@10': '0.1438', 'HR@20': '0.3655', 'NDCG@20': '0.1691'}
2025-06-14 00:00:23,468 - EarlyStopping counter: 2 out of 10
2025-06-14 00:00:31,085 - {'epoch': 23, 'rec_loss': '4.5825'}
2025-06-14 00:00:35,374 - {'Epoch': 23, 'HR@5': '0.1735', 'NDCG@5': '0.1130', 'HR@10': '0.2612', 'NDCG@10': '0.1412', 'HR@20': '0.3655', 'NDCG@20': '0.1676'}
2025-06-14 00:00:35,375 - EarlyStopping counter: 3 out of 10
2025-06-14 00:00:42,763 - {'epoch': 24, 'rec_loss': '4.5771'}
2025-06-14 00:00:47,073 - {'Epoch': 24, 'HR@5': '0.1747', 'NDCG@5': '0.1137', 'HR@10': '0.2634', 'NDCG@10': '0.1423', 'HR@20': '0.3651', 'NDCG@20': '0.1680'}
2025-06-14 00:00:47,074 - EarlyStopping counter: 4 out of 10
2025-06-14 00:00:54,578 - {'epoch': 25, 'rec_loss': '4.5614'}
2025-06-14 00:00:58,951 - {'Epoch': 25, 'HR@5': '0.1762', 'NDCG@5': '0.1157', 'HR@10': '0.2636', 'NDCG@10': '0.1439', 'HR@20': '0.3673', 'NDCG@20': '0.1701'}
2025-06-14 00:00:58,953 - Validation score increased.  Saving model ...
2025-06-14 00:01:06,400 - {'epoch': 26, 'rec_loss': '4.5617'}
2025-06-14 00:01:10,769 - {'Epoch': 26, 'HR@5': '0.1763', 'NDCG@5': '0.1153', 'HR@10': '0.2622', 'NDCG@10': '0.1430', 'HR@20': '0.3665', 'NDCG@20': '0.1695'}
2025-06-14 00:01:10,770 - EarlyStopping counter: 1 out of 10
2025-06-14 00:01:18,236 - {'epoch': 27, 'rec_loss': '4.5540'}
2025-06-14 00:01:22,573 - {'Epoch': 27, 'HR@5': '0.1750', 'NDCG@5': '0.1149', 'HR@10': '0.2627', 'NDCG@10': '0.1432', 'HR@20': '0.3650', 'NDCG@20': '0.1691'}
2025-06-14 00:01:22,575 - EarlyStopping counter: 2 out of 10
2025-06-14 00:01:30,125 - {'epoch': 28, 'rec_loss': '4.5493'}
2025-06-14 00:01:34,495 - {'Epoch': 28, 'HR@5': '0.1743', 'NDCG@5': '0.1144', 'HR@10': '0.2636', 'NDCG@10': '0.1431', 'HR@20': '0.3673', 'NDCG@20': '0.1694'}
2025-06-14 00:01:34,496 - EarlyStopping counter: 3 out of 10
2025-06-14 00:01:41,989 - {'epoch': 29, 'rec_loss': '4.5381'}
2025-06-14 00:01:46,384 - {'Epoch': 29, 'HR@5': '0.1747', 'NDCG@5': '0.1154', 'HR@10': '0.2623', 'NDCG@10': '0.1436', 'HR@20': '0.3638', 'NDCG@20': '0.1693'}
2025-06-14 00:01:46,385 - EarlyStopping counter: 4 out of 10
2025-06-14 00:01:53,850 - {'epoch': 30, 'rec_loss': '4.5348'}
2025-06-14 00:01:58,183 - {'Epoch': 30, 'HR@5': '0.1754', 'NDCG@5': '0.1147', 'HR@10': '0.2629', 'NDCG@10': '0.1429', 'HR@20': '0.3669', 'NDCG@20': '0.1691'}
2025-06-14 00:01:58,185 - EarlyStopping counter: 5 out of 10
2025-06-14 00:02:05,598 - {'epoch': 31, 'rec_loss': '4.5305'}
2025-06-14 00:02:09,888 - {'Epoch': 31, 'HR@5': '0.1738', 'NDCG@5': '0.1141', 'HR@10': '0.2635', 'NDCG@10': '0.1431', 'HR@20': '0.3649', 'NDCG@20': '0.1688'}
2025-06-14 00:02:09,890 - EarlyStopping counter: 6 out of 10
2025-06-14 00:02:17,358 - {'epoch': 32, 'rec_loss': '4.5267'}
2025-06-14 00:02:21,687 - {'Epoch': 32, 'HR@5': '0.1751', 'NDCG@5': '0.1138', 'HR@10': '0.2637', 'NDCG@10': '0.1424', 'HR@20': '0.3640', 'NDCG@20': '0.1678'}
2025-06-14 00:02:21,688 - EarlyStopping counter: 7 out of 10
2025-06-14 00:02:29,256 - {'epoch': 33, 'rec_loss': '4.5183'}
2025-06-14 00:02:33,584 - {'Epoch': 33, 'HR@5': '0.1741', 'NDCG@5': '0.1139', 'HR@10': '0.2648', 'NDCG@10': '0.1431', 'HR@20': '0.3686', 'NDCG@20': '0.1692'}
2025-06-14 00:02:33,586 - EarlyStopping counter: 8 out of 10
2025-06-14 00:02:41,127 - {'epoch': 34, 'rec_loss': '4.5148'}
2025-06-14 00:02:45,440 - {'Epoch': 34, 'HR@5': '0.1753', 'NDCG@5': '0.1147', 'HR@10': '0.2640', 'NDCG@10': '0.1433', 'HR@20': '0.3641', 'NDCG@20': '0.1685'}
2025-06-14 00:02:45,442 - EarlyStopping counter: 9 out of 10
2025-06-14 00:02:52,798 - {'epoch': 35, 'rec_loss': '4.5106'}
2025-06-14 00:02:57,230 - {'Epoch': 35, 'HR@5': '0.1735', 'NDCG@5': '0.1142', 'HR@10': '0.2625', 'NDCG@10': '0.1428', 'HR@20': '0.3630', 'NDCG@20': '0.1683'}
2025-06-14 00:02:57,232 - EarlyStopping counter: 10 out of 10
2025-06-14 00:02:57,232 - Early stopping
2025-06-14 00:02:57,232 - ---------------Validation Score---------------
2025-06-14 00:03:01,526 - {'Epoch': 0, 'HR@5': '0.1762', 'NDCG@5': '0.1157', 'HR@10': '0.2636', 'NDCG@10': '0.1439', 'HR@20': '0.3673', 'NDCG@20': '0.1701'}
2025-06-14 00:03:01,527 - BSARec_Diginetica
2025-06-14 00:03:01,527 - {'Epoch': 0, 'HR@5': '0.1762', 'NDCG@5': '0.1157', 'HR@10': '0.2636', 'NDCG@10': '0.1439', 'HR@20': '0.3673', 'NDCG@20': '0.1701'}
