2025-06-13 20:34:40,320 - Namespace(data_dir='data/self_processed/', output_dir='hparam_search/', data_name='Diginetica', train_name='BERT4Rec_Diginetica', num_items=10, num_users=14829, lr=0.0005, batch_size=256, epochs=200, no_cuda=False, log_freq=1, patience=10, num_workers=4, seed=42, weight_decay=0.0, adam_beta1=0.9, adam_beta2=0.999, gpu_id='0', variance=5, model_type='BERT4Rec', max_seq_length=50, hidden_size=64, num_hidden_layers=2, hidden_act='gelu', num_attention_heads=1, attention_probs_dropout_prob=0.5, hidden_dropout_prob=0.5, initializer_range=0.02, mask_ratio=0.2, cuda_condition=True, data_file='data/self_processed/Diginetica.txt', item_size=9441, checkpoint_path=PosixPath('/gpfs/home3/scur2771/BSARec/BSARec/src/hparam_search/BERT4Rec_Diginetica/12362289_10/model.pt'), same_target_path='data/self_processed/Diginetica_same_target.npy')
2025-06-13 20:34:40,343 - BERT4RecModel(
  (item_embeddings): Embedding(9442, 64, padding_idx=0)
  (position_embeddings): Embedding(50, 64)
  (item_encoder): TransformerEncoder(
    (blocks): ModuleList(
      (0): TransformerBlock(
        (layer): MultiHeadAttention(
          (query): Linear(in_features=64, out_features=64, bias=True)
          (key): Linear(in_features=64, out_features=64, bias=True)
          (value): Linear(in_features=64, out_features=64, bias=True)
          (softmax): Softmax(dim=-1)
          (attn_dropout): Dropout(p=0.5, inplace=False)
          (dense): Linear(in_features=64, out_features=64, bias=True)
          (LayerNorm): LayerNorm((64,), eps=1e-12, elementwise_affine=True)
          (out_dropout): Dropout(p=0.5, inplace=False)
        )
        (feed_forward): FeedForward(
          (dense_1): Linear(in_features=64, out_features=256, bias=True)
          (dense_2): Linear(in_features=256, out_features=64, bias=True)
          (LayerNorm): LayerNorm()
          (dropout): Dropout(p=0.5, inplace=False)
        )
      )
      (1): TransformerBlock(
        (layer): MultiHeadAttention(
          (query): Linear(in_features=64, out_features=64, bias=True)
          (key): Linear(in_features=64, out_features=64, bias=True)
          (value): Linear(in_features=64, out_features=64, bias=True)
          (softmax): Softmax(dim=-1)
          (attn_dropout): Dropout(p=0.5, inplace=False)
          (dense): Linear(in_features=64, out_features=64, bias=True)
          (LayerNorm): LayerNorm((64,), eps=1e-12, elementwise_affine=True)
          (out_dropout): Dropout(p=0.5, inplace=False)
        )
        (feed_forward): FeedForward(
          (dense_1): Linear(in_features=64, out_features=256, bias=True)
          (dense_2): Linear(in_features=256, out_features=64, bias=True)
          (LayerNorm): LayerNorm()
          (dropout): Dropout(p=0.5, inplace=False)
        )
      )
    )
  )
  (LayerNorm): LayerNorm()
  (dropout): Dropout(p=0.5, inplace=False)
)
2025-06-13 20:34:42,534 - Total Parameters: 707584
2025-06-13 20:34:54,665 - {'epoch': 0, 'rec_loss': '8.9329'}
2025-06-13 20:34:59,459 - {'Epoch': 0, 'HR@5': '0.0034', 'NDCG@5': '0.0020', 'HR@10': '0.0054', 'NDCG@10': '0.0026', 'HR@20': '0.0097', 'NDCG@20': '0.0037'}
2025-06-13 20:34:59,462 - Validation score increased.  Saving model ...
2025-06-13 20:35:10,981 - {'epoch': 1, 'rec_loss': '8.6914'}
2025-06-13 20:35:15,863 - {'Epoch': 1, 'HR@5': '0.0042', 'NDCG@5': '0.0025', 'HR@10': '0.0067', 'NDCG@10': '0.0032', 'HR@20': '0.0122', 'NDCG@20': '0.0046'}
2025-06-13 20:35:15,864 - Validation score increased.  Saving model ...
2025-06-13 20:35:27,372 - {'epoch': 2, 'rec_loss': '8.5270'}
2025-06-13 20:35:32,145 - {'Epoch': 2, 'HR@5': '0.0040', 'NDCG@5': '0.0024', 'HR@10': '0.0074', 'NDCG@10': '0.0034', 'HR@20': '0.0136', 'NDCG@20': '0.0050'}
2025-06-13 20:35:32,149 - Validation score increased.  Saving model ...
2025-06-13 20:35:43,708 - {'epoch': 3, 'rec_loss': '8.3868'}
2025-06-13 20:35:48,373 - {'Epoch': 3, 'HR@5': '0.0051', 'NDCG@5': '0.0032', 'HR@10': '0.0087', 'NDCG@10': '0.0044', 'HR@20': '0.0174', 'NDCG@20': '0.0065'}
2025-06-13 20:35:48,375 - Validation score increased.  Saving model ...
2025-06-13 20:35:59,909 - {'epoch': 4, 'rec_loss': '8.2189'}
2025-06-13 20:36:04,609 - {'Epoch': 4, 'HR@5': '0.0068', 'NDCG@5': '0.0043', 'HR@10': '0.0143', 'NDCG@10': '0.0067', 'HR@20': '0.0257', 'NDCG@20': '0.0095'}
2025-06-13 20:36:04,612 - Validation score increased.  Saving model ...
2025-06-13 20:36:16,148 - {'epoch': 5, 'rec_loss': '8.0582'}
2025-06-13 20:36:20,724 - {'Epoch': 5, 'HR@5': '0.0107', 'NDCG@5': '0.0063', 'HR@10': '0.0190', 'NDCG@10': '0.0089', 'HR@20': '0.0331', 'NDCG@20': '0.0125'}
2025-06-13 20:36:20,726 - Validation score increased.  Saving model ...
2025-06-13 20:36:32,231 - {'epoch': 6, 'rec_loss': '7.9250'}
2025-06-13 20:36:36,695 - {'Epoch': 6, 'HR@5': '0.0144', 'NDCG@5': '0.0089', 'HR@10': '0.0262', 'NDCG@10': '0.0127', 'HR@20': '0.0428', 'NDCG@20': '0.0169'}
2025-06-13 20:36:36,696 - Validation score increased.  Saving model ...
2025-06-13 20:36:48,205 - {'epoch': 7, 'rec_loss': '7.7996'}
2025-06-13 20:36:52,773 - {'Epoch': 7, 'HR@5': '0.0187', 'NDCG@5': '0.0112', 'HR@10': '0.0326', 'NDCG@10': '0.0156', 'HR@20': '0.0551', 'NDCG@20': '0.0213'}
2025-06-13 20:36:52,775 - Validation score increased.  Saving model ...
2025-06-13 20:37:04,314 - {'epoch': 8, 'rec_loss': '7.6692'}
2025-06-13 20:37:08,869 - {'Epoch': 8, 'HR@5': '0.0234', 'NDCG@5': '0.0146', 'HR@10': '0.0401', 'NDCG@10': '0.0200', 'HR@20': '0.0628', 'NDCG@20': '0.0257'}
2025-06-13 20:37:08,871 - Validation score increased.  Saving model ...
2025-06-13 20:37:20,471 - {'epoch': 9, 'rec_loss': '7.5525'}
2025-06-13 20:37:25,019 - {'Epoch': 9, 'HR@5': '0.0254', 'NDCG@5': '0.0160', 'HR@10': '0.0423', 'NDCG@10': '0.0214', 'HR@20': '0.0739', 'NDCG@20': '0.0293'}
2025-06-13 20:37:25,021 - Validation score increased.  Saving model ...
2025-06-13 20:37:36,567 - {'epoch': 10, 'rec_loss': '7.4442'}
2025-06-13 20:37:41,176 - {'Epoch': 10, 'HR@5': '0.0298', 'NDCG@5': '0.0184', 'HR@10': '0.0513', 'NDCG@10': '0.0252', 'HR@20': '0.0828', 'NDCG@20': '0.0331'}
2025-06-13 20:37:41,178 - Validation score increased.  Saving model ...
2025-06-13 20:37:52,772 - {'epoch': 11, 'rec_loss': '7.3441'}
2025-06-13 20:37:57,232 - {'Epoch': 11, 'HR@5': '0.0301', 'NDCG@5': '0.0188', 'HR@10': '0.0530', 'NDCG@10': '0.0261', 'HR@20': '0.0896', 'NDCG@20': '0.0353'}
2025-06-13 20:37:57,233 - Validation score increased.  Saving model ...
2025-06-13 20:38:08,865 - {'epoch': 12, 'rec_loss': '7.2575'}
2025-06-13 20:38:13,504 - {'Epoch': 12, 'HR@5': '0.0372', 'NDCG@5': '0.0225', 'HR@10': '0.0634', 'NDCG@10': '0.0309', 'HR@20': '0.1039', 'NDCG@20': '0.0410'}
2025-06-13 20:38:13,505 - Validation score increased.  Saving model ...
2025-06-13 20:38:25,118 - {'epoch': 13, 'rec_loss': '7.1567'}
2025-06-13 20:38:29,640 - {'Epoch': 13, 'HR@5': '0.0420', 'NDCG@5': '0.0265', 'HR@10': '0.0705', 'NDCG@10': '0.0356', 'HR@20': '0.1142', 'NDCG@20': '0.0466'}
2025-06-13 20:38:29,645 - Validation score increased.  Saving model ...
2025-06-13 20:38:41,253 - {'epoch': 14, 'rec_loss': '7.0609'}
2025-06-13 20:38:45,692 - {'Epoch': 14, 'HR@5': '0.0463', 'NDCG@5': '0.0293', 'HR@10': '0.0788', 'NDCG@10': '0.0397', 'HR@20': '0.1260', 'NDCG@20': '0.0516'}
2025-06-13 20:38:45,695 - Validation score increased.  Saving model ...
2025-06-13 20:38:57,319 - {'epoch': 15, 'rec_loss': '6.9739'}
2025-06-13 20:39:01,840 - {'Epoch': 15, 'HR@5': '0.0511', 'NDCG@5': '0.0323', 'HR@10': '0.0834', 'NDCG@10': '0.0427', 'HR@20': '0.1329', 'NDCG@20': '0.0551'}
2025-06-13 20:39:01,842 - Validation score increased.  Saving model ...
2025-06-13 20:39:13,468 - {'epoch': 16, 'rec_loss': '6.8992'}
2025-06-13 20:39:17,984 - {'Epoch': 16, 'HR@5': '0.0554', 'NDCG@5': '0.0343', 'HR@10': '0.0902', 'NDCG@10': '0.0454', 'HR@20': '0.1419', 'NDCG@20': '0.0584'}
2025-06-13 20:39:17,986 - Validation score increased.  Saving model ...
2025-06-13 20:39:29,592 - {'epoch': 17, 'rec_loss': '6.8203'}
2025-06-13 20:39:34,084 - {'Epoch': 17, 'HR@5': '0.0597', 'NDCG@5': '0.0367', 'HR@10': '0.0965', 'NDCG@10': '0.0485', 'HR@20': '0.1526', 'NDCG@20': '0.0625'}
2025-06-13 20:39:34,086 - Validation score increased.  Saving model ...
2025-06-13 20:39:45,627 - {'epoch': 18, 'rec_loss': '6.7557'}
2025-06-13 20:39:50,148 - {'Epoch': 18, 'HR@5': '0.0631', 'NDCG@5': '0.0399', 'HR@10': '0.1036', 'NDCG@10': '0.0529', 'HR@20': '0.1625', 'NDCG@20': '0.0677'}
2025-06-13 20:39:50,150 - Validation score increased.  Saving model ...
2025-06-13 20:40:01,696 - {'epoch': 19, 'rec_loss': '6.6985'}
2025-06-13 20:40:06,219 - {'Epoch': 19, 'HR@5': '0.0666', 'NDCG@5': '0.0424', 'HR@10': '0.1097', 'NDCG@10': '0.0562', 'HR@20': '0.1673', 'NDCG@20': '0.0707'}
2025-06-13 20:40:06,221 - Validation score increased.  Saving model ...
2025-06-13 20:40:17,755 - {'epoch': 20, 'rec_loss': '6.6435'}
2025-06-13 20:40:22,352 - {'Epoch': 20, 'HR@5': '0.0703', 'NDCG@5': '0.0445', 'HR@10': '0.1129', 'NDCG@10': '0.0581', 'HR@20': '0.1786', 'NDCG@20': '0.0746'}
2025-06-13 20:40:22,355 - Validation score increased.  Saving model ...
2025-06-13 20:40:33,897 - {'epoch': 21, 'rec_loss': '6.5886'}
2025-06-13 20:40:38,419 - {'Epoch': 21, 'HR@5': '0.0711', 'NDCG@5': '0.0443', 'HR@10': '0.1182', 'NDCG@10': '0.0595', 'HR@20': '0.1822', 'NDCG@20': '0.0755'}
2025-06-13 20:40:38,421 - Validation score increased.  Saving model ...
2025-06-13 20:40:50,016 - {'epoch': 22, 'rec_loss': '6.5478'}
2025-06-13 20:40:54,530 - {'Epoch': 22, 'HR@5': '0.0736', 'NDCG@5': '0.0475', 'HR@10': '0.1204', 'NDCG@10': '0.0626', 'HR@20': '0.1902', 'NDCG@20': '0.0801'}
2025-06-13 20:40:54,531 - Validation score increased.  Saving model ...
2025-06-13 20:41:06,139 - {'epoch': 23, 'rec_loss': '6.5026'}
2025-06-13 20:41:10,724 - {'Epoch': 23, 'HR@5': '0.0768', 'NDCG@5': '0.0489', 'HR@10': '0.1264', 'NDCG@10': '0.0648', 'HR@20': '0.1977', 'NDCG@20': '0.0827'}
2025-06-13 20:41:10,725 - Validation score increased.  Saving model ...
2025-06-13 20:41:22,282 - {'epoch': 24, 'rec_loss': '6.4599'}
2025-06-13 20:41:26,734 - {'Epoch': 24, 'HR@5': '0.0779', 'NDCG@5': '0.0498', 'HR@10': '0.1285', 'NDCG@10': '0.0660', 'HR@20': '0.2025', 'NDCG@20': '0.0846'}
2025-06-13 20:41:26,736 - Validation score increased.  Saving model ...
2025-06-13 20:41:38,346 - {'epoch': 25, 'rec_loss': '6.4201'}
2025-06-13 20:41:42,978 - {'Epoch': 25, 'HR@5': '0.0789', 'NDCG@5': '0.0504', 'HR@10': '0.1294', 'NDCG@10': '0.0666', 'HR@20': '0.2046', 'NDCG@20': '0.0855'}
2025-06-13 20:41:42,979 - Validation score increased.  Saving model ...
2025-06-13 20:41:54,486 - {'epoch': 26, 'rec_loss': '6.3764'}
2025-06-13 20:41:59,043 - {'Epoch': 26, 'HR@5': '0.0836', 'NDCG@5': '0.0525', 'HR@10': '0.1345', 'NDCG@10': '0.0690', 'HR@20': '0.2085', 'NDCG@20': '0.0876'}
2025-06-13 20:41:59,044 - Validation score increased.  Saving model ...
2025-06-13 20:42:10,544 - {'epoch': 27, 'rec_loss': '6.3399'}
2025-06-13 20:42:15,099 - {'Epoch': 27, 'HR@5': '0.0859', 'NDCG@5': '0.0541', 'HR@10': '0.1403', 'NDCG@10': '0.0715', 'HR@20': '0.2207', 'NDCG@20': '0.0918'}
2025-06-13 20:42:15,101 - Validation score increased.  Saving model ...
2025-06-13 20:42:26,607 - {'epoch': 28, 'rec_loss': '6.3042'}
2025-06-13 20:42:31,088 - {'Epoch': 28, 'HR@5': '0.0875', 'NDCG@5': '0.0554', 'HR@10': '0.1457', 'NDCG@10': '0.0741', 'HR@20': '0.2246', 'NDCG@20': '0.0939'}
2025-06-13 20:42:31,090 - Validation score increased.  Saving model ...
2025-06-13 20:42:42,638 - {'epoch': 29, 'rec_loss': '6.2673'}
2025-06-13 20:42:47,088 - {'Epoch': 29, 'HR@5': '0.0907', 'NDCG@5': '0.0572', 'HR@10': '0.1485', 'NDCG@10': '0.0758', 'HR@20': '0.2306', 'NDCG@20': '0.0965'}
2025-06-13 20:42:47,090 - Validation score increased.  Saving model ...
2025-06-13 20:42:58,669 - {'epoch': 30, 'rec_loss': '6.2269'}
2025-06-13 20:43:03,189 - {'Epoch': 30, 'HR@5': '0.0939', 'NDCG@5': '0.0587', 'HR@10': '0.1511', 'NDCG@10': '0.0770', 'HR@20': '0.2356', 'NDCG@20': '0.0982'}
2025-06-13 20:43:03,192 - Validation score increased.  Saving model ...
2025-06-13 20:43:14,763 - {'epoch': 31, 'rec_loss': '6.1954'}
2025-06-13 20:43:19,234 - {'Epoch': 31, 'HR@5': '0.0941', 'NDCG@5': '0.0595', 'HR@10': '0.1581', 'NDCG@10': '0.0801', 'HR@20': '0.2423', 'NDCG@20': '0.1013'}
2025-06-13 20:43:19,236 - Validation score increased.  Saving model ...
2025-06-13 20:43:30,884 - {'epoch': 32, 'rec_loss': '6.1608'}
2025-06-13 20:43:35,392 - {'Epoch': 32, 'HR@5': '0.0970', 'NDCG@5': '0.0619', 'HR@10': '0.1569', 'NDCG@10': '0.0811', 'HR@20': '0.2451', 'NDCG@20': '0.1033'}
2025-06-13 20:43:35,394 - Validation score increased.  Saving model ...
2025-06-13 20:43:47,028 - {'epoch': 33, 'rec_loss': '6.1226'}
2025-06-13 20:43:51,489 - {'Epoch': 33, 'HR@5': '0.0991', 'NDCG@5': '0.0630', 'HR@10': '0.1619', 'NDCG@10': '0.0831', 'HR@20': '0.2516', 'NDCG@20': '0.1056'}
2025-06-13 20:43:51,491 - Validation score increased.  Saving model ...
2025-06-13 20:44:03,139 - {'epoch': 34, 'rec_loss': '6.0908'}
2025-06-13 20:44:07,638 - {'Epoch': 34, 'HR@5': '0.1028', 'NDCG@5': '0.0644', 'HR@10': '0.1670', 'NDCG@10': '0.0849', 'HR@20': '0.2594', 'NDCG@20': '0.1081'}
2025-06-13 20:44:07,638 - Validation score increased.  Saving model ...
2025-06-13 20:44:19,307 - {'epoch': 35, 'rec_loss': '6.0597'}
2025-06-13 20:44:23,893 - {'Epoch': 35, 'HR@5': '0.1041', 'NDCG@5': '0.0652', 'HR@10': '0.1659', 'NDCG@10': '0.0851', 'HR@20': '0.2604', 'NDCG@20': '0.1089'}
2025-06-13 20:44:23,895 - Validation score increased.  Saving model ...
2025-06-13 20:44:35,529 - {'epoch': 36, 'rec_loss': '6.0362'}
2025-06-13 20:44:40,107 - {'Epoch': 36, 'HR@5': '0.1066', 'NDCG@5': '0.0674', 'HR@10': '0.1716', 'NDCG@10': '0.0882', 'HR@20': '0.2650', 'NDCG@20': '0.1117'}
2025-06-13 20:44:40,109 - Validation score increased.  Saving model ...
2025-06-13 20:44:51,760 - {'epoch': 37, 'rec_loss': '6.0038'}
2025-06-13 20:44:56,272 - {'Epoch': 37, 'HR@5': '0.1073', 'NDCG@5': '0.0670', 'HR@10': '0.1733', 'NDCG@10': '0.0882', 'HR@20': '0.2681', 'NDCG@20': '0.1121'}
2025-06-13 20:44:56,275 - Validation score increased.  Saving model ...
2025-06-13 20:45:07,878 - {'epoch': 38, 'rec_loss': '5.9779'}
2025-06-13 20:45:12,482 - {'Epoch': 38, 'HR@5': '0.1105', 'NDCG@5': '0.0704', 'HR@10': '0.1796', 'NDCG@10': '0.0926', 'HR@20': '0.2738', 'NDCG@20': '0.1164'}
2025-06-13 20:45:12,483 - Validation score increased.  Saving model ...
2025-06-13 20:45:24,027 - {'epoch': 39, 'rec_loss': '5.9446'}
2025-06-13 20:45:28,570 - {'Epoch': 39, 'HR@5': '0.1135', 'NDCG@5': '0.0724', 'HR@10': '0.1815', 'NDCG@10': '0.0941', 'HR@20': '0.2776', 'NDCG@20': '0.1184'}
2025-06-13 20:45:28,572 - Validation score increased.  Saving model ...
2025-06-13 20:45:40,033 - {'epoch': 40, 'rec_loss': '5.9140'}
2025-06-13 20:45:44,496 - {'Epoch': 40, 'HR@5': '0.1179', 'NDCG@5': '0.0746', 'HR@10': '0.1879', 'NDCG@10': '0.0971', 'HR@20': '0.2842', 'NDCG@20': '0.1213'}
2025-06-13 20:45:44,499 - Validation score increased.  Saving model ...
2025-06-13 20:45:56,109 - {'epoch': 41, 'rec_loss': '5.8903'}
2025-06-13 20:46:00,647 - {'Epoch': 41, 'HR@5': '0.1160', 'NDCG@5': '0.0736', 'HR@10': '0.1890', 'NDCG@10': '0.0970', 'HR@20': '0.2866', 'NDCG@20': '0.1216'}
2025-06-13 20:46:00,647 - Validation score increased.  Saving model ...
2025-06-13 20:46:12,156 - {'epoch': 42, 'rec_loss': '5.8668'}
2025-06-13 20:46:16,781 - {'Epoch': 42, 'HR@5': '0.1177', 'NDCG@5': '0.0749', 'HR@10': '0.1907', 'NDCG@10': '0.0984', 'HR@20': '0.2872', 'NDCG@20': '0.1227'}
2025-06-13 20:46:16,781 - Validation score increased.  Saving model ...
2025-06-13 20:46:28,338 - {'epoch': 43, 'rec_loss': '5.8466'}
2025-06-13 20:46:32,911 - {'Epoch': 43, 'HR@5': '0.1211', 'NDCG@5': '0.0775', 'HR@10': '0.1937', 'NDCG@10': '0.1009', 'HR@20': '0.2895', 'NDCG@20': '0.1251'}
2025-06-13 20:46:32,911 - Validation score increased.  Saving model ...
2025-06-13 20:46:44,498 - {'epoch': 44, 'rec_loss': '5.8207'}
2025-06-13 20:46:49,069 - {'Epoch': 44, 'HR@5': '0.1207', 'NDCG@5': '0.0777', 'HR@10': '0.1967', 'NDCG@10': '0.1021', 'HR@20': '0.2930', 'NDCG@20': '0.1264'}
2025-06-13 20:46:49,070 - Validation score increased.  Saving model ...
2025-06-13 20:47:00,720 - {'epoch': 45, 'rec_loss': '5.7978'}
2025-06-13 20:47:05,336 - {'Epoch': 45, 'HR@5': '0.1242', 'NDCG@5': '0.0788', 'HR@10': '0.1973', 'NDCG@10': '0.1023', 'HR@20': '0.2963', 'NDCG@20': '0.1273'}
2025-06-13 20:47:05,337 - Validation score increased.  Saving model ...
2025-06-13 20:47:16,914 - {'epoch': 46, 'rec_loss': '5.7728'}
2025-06-13 20:47:21,453 - {'Epoch': 46, 'HR@5': '0.1264', 'NDCG@5': '0.0793', 'HR@10': '0.2002', 'NDCG@10': '0.1030', 'HR@20': '0.2921', 'NDCG@20': '0.1262'}
2025-06-13 20:47:21,454 - EarlyStopping counter: 1 out of 10
2025-06-13 20:47:32,933 - {'epoch': 47, 'rec_loss': '5.7601'}
2025-06-13 20:47:37,543 - {'Epoch': 47, 'HR@5': '0.1256', 'NDCG@5': '0.0790', 'HR@10': '0.1989', 'NDCG@10': '0.1026', 'HR@20': '0.2973', 'NDCG@20': '0.1274'}
2025-06-13 20:47:37,543 - Validation score increased.  Saving model ...
2025-06-13 20:47:49,047 - {'epoch': 48, 'rec_loss': '5.7412'}
2025-06-13 20:47:53,638 - {'Epoch': 48, 'HR@5': '0.1262', 'NDCG@5': '0.0807', 'HR@10': '0.2031', 'NDCG@10': '0.1054', 'HR@20': '0.3015', 'NDCG@20': '0.1302'}
2025-06-13 20:47:53,641 - Validation score increased.  Saving model ...
2025-06-13 20:48:05,157 - {'epoch': 49, 'rec_loss': '5.7221'}
2025-06-13 20:48:09,733 - {'Epoch': 49, 'HR@5': '0.1261', 'NDCG@5': '0.0803', 'HR@10': '0.2050', 'NDCG@10': '0.1056', 'HR@20': '0.3013', 'NDCG@20': '0.1299'}
2025-06-13 20:48:09,735 - EarlyStopping counter: 1 out of 10
2025-06-13 20:48:21,332 - {'epoch': 50, 'rec_loss': '5.6996'}
2025-06-13 20:48:25,946 - {'Epoch': 50, 'HR@5': '0.1295', 'NDCG@5': '0.0833', 'HR@10': '0.2076', 'NDCG@10': '0.1084', 'HR@20': '0.3043', 'NDCG@20': '0.1328'}
2025-06-13 20:48:25,947 - Validation score increased.  Saving model ...
2025-06-13 20:48:37,383 - {'epoch': 51, 'rec_loss': '5.6919'}
2025-06-13 20:48:41,940 - {'Epoch': 51, 'HR@5': '0.1315', 'NDCG@5': '0.0842', 'HR@10': '0.2066', 'NDCG@10': '0.1083', 'HR@20': '0.3035', 'NDCG@20': '0.1328'}
2025-06-13 20:48:41,942 - EarlyStopping counter: 1 out of 10
2025-06-13 20:48:53,420 - {'epoch': 52, 'rec_loss': '5.6746'}
2025-06-13 20:48:58,051 - {'Epoch': 52, 'HR@5': '0.1325', 'NDCG@5': '0.0849', 'HR@10': '0.2091', 'NDCG@10': '0.1097', 'HR@20': '0.3073', 'NDCG@20': '0.1345'}
2025-06-13 20:48:58,053 - Validation score increased.  Saving model ...
2025-06-13 20:49:09,654 - {'epoch': 53, 'rec_loss': '5.6618'}
2025-06-13 20:49:14,242 - {'Epoch': 53, 'HR@5': '0.1337', 'NDCG@5': '0.0852', 'HR@10': '0.2120', 'NDCG@10': '0.1105', 'HR@20': '0.3102', 'NDCG@20': '0.1353'}
2025-06-13 20:49:14,243 - Validation score increased.  Saving model ...
2025-06-13 20:49:25,777 - {'epoch': 54, 'rec_loss': '5.6536'}
2025-06-13 20:49:30,276 - {'Epoch': 54, 'HR@5': '0.1338', 'NDCG@5': '0.0860', 'HR@10': '0.2143', 'NDCG@10': '0.1118', 'HR@20': '0.3102', 'NDCG@20': '0.1360'}
2025-06-13 20:49:30,278 - Validation score increased.  Saving model ...
2025-06-13 20:49:41,759 - {'epoch': 55, 'rec_loss': '5.6340'}
2025-06-13 20:49:46,355 - {'Epoch': 55, 'HR@5': '0.1340', 'NDCG@5': '0.0873', 'HR@10': '0.2137', 'NDCG@10': '0.1129', 'HR@20': '0.3113', 'NDCG@20': '0.1375'}
2025-06-13 20:49:46,357 - Validation score increased.  Saving model ...
2025-06-13 20:49:57,981 - {'epoch': 56, 'rec_loss': '5.6267'}
2025-06-13 20:50:02,435 - {'Epoch': 56, 'HR@5': '0.1346', 'NDCG@5': '0.0864', 'HR@10': '0.2153', 'NDCG@10': '0.1124', 'HR@20': '0.3111', 'NDCG@20': '0.1365'}
2025-06-13 20:50:02,437 - EarlyStopping counter: 1 out of 10
2025-06-13 20:50:14,017 - {'epoch': 57, 'rec_loss': '5.6166'}
2025-06-13 20:50:18,583 - {'Epoch': 57, 'HR@5': '0.1366', 'NDCG@5': '0.0876', 'HR@10': '0.2187', 'NDCG@10': '0.1140', 'HR@20': '0.3135', 'NDCG@20': '0.1379'}
2025-06-13 20:50:18,584 - Validation score increased.  Saving model ...
2025-06-13 20:50:30,108 - {'epoch': 58, 'rec_loss': '5.6024'}
2025-06-13 20:50:34,795 - {'Epoch': 58, 'HR@5': '0.1345', 'NDCG@5': '0.0866', 'HR@10': '0.2173', 'NDCG@10': '0.1134', 'HR@20': '0.3146', 'NDCG@20': '0.1379'}
2025-06-13 20:50:34,797 - EarlyStopping counter: 1 out of 10
2025-06-13 20:50:46,344 - {'epoch': 59, 'rec_loss': '5.5921'}
2025-06-13 20:50:50,964 - {'Epoch': 59, 'HR@5': '0.1382', 'NDCG@5': '0.0879', 'HR@10': '0.2184', 'NDCG@10': '0.1137', 'HR@20': '0.3176', 'NDCG@20': '0.1388'}
2025-06-13 20:50:50,965 - Validation score increased.  Saving model ...
2025-06-13 20:51:02,491 - {'epoch': 60, 'rec_loss': '5.5814'}
2025-06-13 20:51:07,088 - {'Epoch': 60, 'HR@5': '0.1380', 'NDCG@5': '0.0885', 'HR@10': '0.2188', 'NDCG@10': '0.1145', 'HR@20': '0.3170', 'NDCG@20': '0.1393'}
2025-06-13 20:51:07,090 - Validation score increased.  Saving model ...
2025-06-13 20:51:18,746 - {'epoch': 61, 'rec_loss': '5.5620'}
2025-06-13 20:51:23,380 - {'Epoch': 61, 'HR@5': '0.1368', 'NDCG@5': '0.0878', 'HR@10': '0.2178', 'NDCG@10': '0.1138', 'HR@20': '0.3183', 'NDCG@20': '0.1393'}
2025-06-13 20:51:23,381 - EarlyStopping counter: 1 out of 10
2025-06-13 20:51:34,889 - {'epoch': 62, 'rec_loss': '5.5534'}
2025-06-13 20:51:39,487 - {'Epoch': 62, 'HR@5': '0.1400', 'NDCG@5': '0.0896', 'HR@10': '0.2186', 'NDCG@10': '0.1150', 'HR@20': '0.3191', 'NDCG@20': '0.1404'}
2025-06-13 20:51:39,488 - Validation score increased.  Saving model ...
2025-06-13 20:51:50,988 - {'epoch': 63, 'rec_loss': '5.5516'}
2025-06-13 20:51:55,486 - {'Epoch': 63, 'HR@5': '0.1389', 'NDCG@5': '0.0883', 'HR@10': '0.2195', 'NDCG@10': '0.1143', 'HR@20': '0.3206', 'NDCG@20': '0.1398'}
2025-06-13 20:51:55,487 - EarlyStopping counter: 1 out of 10
2025-06-13 20:52:07,093 - {'epoch': 64, 'rec_loss': '5.5422'}
2025-06-13 20:52:11,716 - {'Epoch': 64, 'HR@5': '0.1420', 'NDCG@5': '0.0902', 'HR@10': '0.2227', 'NDCG@10': '0.1162', 'HR@20': '0.3202', 'NDCG@20': '0.1408'}
2025-06-13 20:52:11,719 - Validation score increased.  Saving model ...
2025-06-13 20:52:23,280 - {'epoch': 65, 'rec_loss': '5.5289'}
2025-06-13 20:52:27,771 - {'Epoch': 65, 'HR@5': '0.1383', 'NDCG@5': '0.0888', 'HR@10': '0.2225', 'NDCG@10': '0.1160', 'HR@20': '0.3200', 'NDCG@20': '0.1405'}
2025-06-13 20:52:27,773 - EarlyStopping counter: 1 out of 10
2025-06-13 20:52:39,394 - {'epoch': 66, 'rec_loss': '5.5264'}
2025-06-13 20:52:43,956 - {'Epoch': 66, 'HR@5': '0.1405', 'NDCG@5': '0.0902', 'HR@10': '0.2250', 'NDCG@10': '0.1175', 'HR@20': '0.3220', 'NDCG@20': '0.1420'}
2025-06-13 20:52:43,957 - Validation score increased.  Saving model ...
2025-06-13 20:52:55,616 - {'epoch': 67, 'rec_loss': '5.5165'}
2025-06-13 20:53:00,157 - {'Epoch': 67, 'HR@5': '0.1412', 'NDCG@5': '0.0908', 'HR@10': '0.2209', 'NDCG@10': '0.1164', 'HR@20': '0.3197', 'NDCG@20': '0.1414'}
2025-06-13 20:53:00,158 - EarlyStopping counter: 1 out of 10
2025-06-13 20:53:11,781 - {'epoch': 68, 'rec_loss': '5.5080'}
2025-06-13 20:53:16,359 - {'Epoch': 68, 'HR@5': '0.1441', 'NDCG@5': '0.0924', 'HR@10': '0.2269', 'NDCG@10': '0.1189', 'HR@20': '0.3236', 'NDCG@20': '0.1434'}
2025-06-13 20:53:16,360 - Validation score increased.  Saving model ...
2025-06-13 20:53:27,911 - {'epoch': 69, 'rec_loss': '5.4870'}
2025-06-13 20:53:32,463 - {'Epoch': 69, 'HR@5': '0.1426', 'NDCG@5': '0.0908', 'HR@10': '0.2271', 'NDCG@10': '0.1179', 'HR@20': '0.3236', 'NDCG@20': '0.1423'}
2025-06-13 20:53:32,464 - EarlyStopping counter: 1 out of 10
2025-06-13 20:53:44,001 - {'epoch': 70, 'rec_loss': '5.4879'}
2025-06-13 20:53:48,543 - {'Epoch': 70, 'HR@5': '0.1422', 'NDCG@5': '0.0922', 'HR@10': '0.2248', 'NDCG@10': '0.1189', 'HR@20': '0.3226', 'NDCG@20': '0.1435'}
2025-06-13 20:53:48,544 - Validation score increased.  Saving model ...
2025-06-13 20:54:00,091 - {'epoch': 71, 'rec_loss': '5.4813'}
2025-06-13 20:54:04,619 - {'Epoch': 71, 'HR@5': '0.1443', 'NDCG@5': '0.0915', 'HR@10': '0.2243', 'NDCG@10': '0.1173', 'HR@20': '0.3236', 'NDCG@20': '0.1424'}
2025-06-13 20:54:04,620 - EarlyStopping counter: 1 out of 10
2025-06-13 20:54:16,194 - {'epoch': 72, 'rec_loss': '5.4811'}
2025-06-13 20:54:20,778 - {'Epoch': 72, 'HR@5': '0.1442', 'NDCG@5': '0.0938', 'HR@10': '0.2251', 'NDCG@10': '0.1199', 'HR@20': '0.3271', 'NDCG@20': '0.1456'}
2025-06-13 20:54:20,779 - Validation score increased.  Saving model ...
2025-06-13 20:54:32,366 - {'epoch': 73, 'rec_loss': '5.4661'}
2025-06-13 20:54:36,861 - {'Epoch': 73, 'HR@5': '0.1421', 'NDCG@5': '0.0924', 'HR@10': '0.2244', 'NDCG@10': '0.1189', 'HR@20': '0.3248', 'NDCG@20': '0.1442'}
2025-06-13 20:54:36,865 - EarlyStopping counter: 1 out of 10
2025-06-13 20:54:48,490 - {'epoch': 74, 'rec_loss': '5.4629'}
2025-06-13 20:54:53,057 - {'Epoch': 74, 'HR@5': '0.1434', 'NDCG@5': '0.0923', 'HR@10': '0.2246', 'NDCG@10': '0.1184', 'HR@20': '0.3234', 'NDCG@20': '0.1433'}
2025-06-13 20:54:53,058 - EarlyStopping counter: 2 out of 10
2025-06-13 20:55:04,625 - {'epoch': 75, 'rec_loss': '5.4642'}
2025-06-13 20:55:09,161 - {'Epoch': 75, 'HR@5': '0.1432', 'NDCG@5': '0.0932', 'HR@10': '0.2255', 'NDCG@10': '0.1197', 'HR@20': '0.3251', 'NDCG@20': '0.1448'}
2025-06-13 20:55:09,163 - EarlyStopping counter: 3 out of 10
2025-06-13 20:55:20,763 - {'epoch': 76, 'rec_loss': '5.4477'}
2025-06-13 20:55:25,272 - {'Epoch': 76, 'HR@5': '0.1449', 'NDCG@5': '0.0937', 'HR@10': '0.2271', 'NDCG@10': '0.1202', 'HR@20': '0.3263', 'NDCG@20': '0.1450'}
2025-06-13 20:55:25,273 - EarlyStopping counter: 4 out of 10
2025-06-13 20:55:36,929 - {'epoch': 77, 'rec_loss': '5.4466'}
2025-06-13 20:55:41,455 - {'Epoch': 77, 'HR@5': '0.1465', 'NDCG@5': '0.0942', 'HR@10': '0.2287', 'NDCG@10': '0.1207', 'HR@20': '0.3242', 'NDCG@20': '0.1448'}
2025-06-13 20:55:41,458 - EarlyStopping counter: 5 out of 10
2025-06-13 20:55:53,011 - {'epoch': 78, 'rec_loss': '5.4336'}
2025-06-13 20:55:57,554 - {'Epoch': 78, 'HR@5': '0.1424', 'NDCG@5': '0.0913', 'HR@10': '0.2269', 'NDCG@10': '0.1186', 'HR@20': '0.3259', 'NDCG@20': '0.1435'}
2025-06-13 20:55:57,557 - EarlyStopping counter: 6 out of 10
2025-06-13 20:56:09,184 - {'epoch': 79, 'rec_loss': '5.4322'}
2025-06-13 20:56:13,703 - {'Epoch': 79, 'HR@5': '0.1449', 'NDCG@5': '0.0921', 'HR@10': '0.2284', 'NDCG@10': '0.1190', 'HR@20': '0.3240', 'NDCG@20': '0.1433'}
2025-06-13 20:56:13,704 - EarlyStopping counter: 7 out of 10
2025-06-13 20:56:25,301 - {'epoch': 80, 'rec_loss': '5.4272'}
2025-06-13 20:56:29,928 - {'Epoch': 80, 'HR@5': '0.1435', 'NDCG@5': '0.0922', 'HR@10': '0.2268', 'NDCG@10': '0.1191', 'HR@20': '0.3271', 'NDCG@20': '0.1444'}
2025-06-13 20:56:29,929 - EarlyStopping counter: 8 out of 10
2025-06-13 20:56:41,580 - {'epoch': 81, 'rec_loss': '5.4225'}
2025-06-13 20:56:46,217 - {'Epoch': 81, 'HR@5': '0.1473', 'NDCG@5': '0.0942', 'HR@10': '0.2253', 'NDCG@10': '0.1193', 'HR@20': '0.3248', 'NDCG@20': '0.1445'}
2025-06-13 20:56:46,217 - EarlyStopping counter: 9 out of 10
2025-06-13 20:56:57,761 - {'epoch': 82, 'rec_loss': '5.4127'}
2025-06-13 20:57:02,333 - {'Epoch': 82, 'HR@5': '0.1480', 'NDCG@5': '0.0947', 'HR@10': '0.2272', 'NDCG@10': '0.1203', 'HR@20': '0.3258', 'NDCG@20': '0.1452'}
2025-06-13 20:57:02,334 - EarlyStopping counter: 10 out of 10
2025-06-13 20:57:02,334 - Early stopping
2025-06-13 20:57:02,334 - ---------------Validation Score---------------
2025-06-13 20:57:06,890 - {'Epoch': 0, 'HR@5': '0.1442', 'NDCG@5': '0.0938', 'HR@10': '0.2251', 'NDCG@10': '0.1199', 'HR@20': '0.3271', 'NDCG@20': '0.1456'}
2025-06-13 20:57:06,891 - BERT4Rec_Diginetica
2025-06-13 20:57:06,891 - {'Epoch': 0, 'HR@5': '0.1442', 'NDCG@5': '0.0938', 'HR@10': '0.2251', 'NDCG@10': '0.1199', 'HR@20': '0.3271', 'NDCG@20': '0.1456'}
