2025-06-13 23:38:42,084 - Namespace(data_dir='data/self_processed/', output_dir='hparam_search/', data_name='Diginetica', train_name='BSARec_Diginetica', num_items=10, num_users=14829, lr=0.001, batch_size=256, epochs=200, no_cuda=False, log_freq=1, patience=10, num_workers=4, seed=42, weight_decay=0.0, adam_beta1=0.9, adam_beta2=0.999, gpu_id='0', variance=5, model_type='BSARec', max_seq_length=50, hidden_size=64, num_hidden_layers=2, hidden_act='gelu', num_attention_heads=4, attention_probs_dropout_prob=0.5, hidden_dropout_prob=0.5, initializer_range=0.02, c=5, alpha=0.9, cuda_condition=True, data_file='data/self_processed/Diginetica.txt', item_size=9441, checkpoint_path=PosixPath('/gpfs/home3/scur2771/BSARec/BSARec/src/hparam_search/BSARec_Diginetica/12367757_65/model.pt'), same_target_path='data/self_processed/Diginetica_same_target.npy')
2025-06-13 23:38:42,101 - BSARecModel(
  (item_embeddings): Embedding(9441, 64, padding_idx=0)
  (position_embeddings): Embedding(50, 64)
  (LayerNorm): LayerNorm()
  (dropout): Dropout(p=0.5, inplace=False)
  (item_encoder): BSARecEncoder(
    (blocks): ModuleList(
      (0): BSARecBlock(
        (layer): BSARecLayer(
          (filter_layer): FrequencyLayer(
            (out_dropout): Dropout(p=0.5, inplace=False)
            (LayerNorm): LayerNorm()
          )
          (attention_layer): MultiHeadAttention(
            (query): Linear(in_features=64, out_features=64, bias=True)
            (key): Linear(in_features=64, out_features=64, bias=True)
            (value): Linear(in_features=64, out_features=64, bias=True)
            (softmax): Softmax(dim=-1)
            (attn_dropout): Dropout(p=0.5, inplace=False)
            (dense): Linear(in_features=64, out_features=64, bias=True)
            (LayerNorm): LayerNorm((64,), eps=1e-12, elementwise_affine=True)
            (out_dropout): Dropout(p=0.5, inplace=False)
          )
        )
        (feed_forward): FeedForward(
          (dense_1): Linear(in_features=64, out_features=256, bias=True)
          (dense_2): Linear(in_features=256, out_features=64, bias=True)
          (LayerNorm): LayerNorm()
          (dropout): Dropout(p=0.5, inplace=False)
        )
      )
      (1): BSARecBlock(
        (layer): BSARecLayer(
          (filter_layer): FrequencyLayer(
            (out_dropout): Dropout(p=0.5, inplace=False)
            (LayerNorm): LayerNorm()
          )
          (attention_layer): MultiHeadAttention(
            (query): Linear(in_features=64, out_features=64, bias=True)
            (key): Linear(in_features=64, out_features=64, bias=True)
            (value): Linear(in_features=64, out_features=64, bias=True)
            (softmax): Softmax(dim=-1)
            (attn_dropout): Dropout(p=0.5, inplace=False)
            (dense): Linear(in_features=64, out_features=64, bias=True)
            (LayerNorm): LayerNorm((64,), eps=1e-12, elementwise_affine=True)
            (out_dropout): Dropout(p=0.5, inplace=False)
          )
        )
        (feed_forward): FeedForward(
          (dense_1): Linear(in_features=64, out_features=256, bias=True)
          (dense_2): Linear(in_features=256, out_features=64, bias=True)
          (LayerNorm): LayerNorm()
          (dropout): Dropout(p=0.5, inplace=False)
        )
      )
    )
  )
)
2025-06-13 23:38:44,270 - Total Parameters: 707904
2025-06-13 23:38:52,786 - {'epoch': 0, 'rec_loss': '8.7414'}
2025-06-13 23:38:56,941 - {'Epoch': 0, 'HR@5': '0.0148', 'NDCG@5': '0.0099', 'HR@10': '0.0211', 'NDCG@10': '0.0120', 'HR@20': '0.0335', 'NDCG@20': '0.0151'}
2025-06-13 23:38:56,943 - Validation score increased.  Saving model ...
2025-06-13 23:39:04,509 - {'epoch': 1, 'rec_loss': '7.8282'}
2025-06-13 23:39:08,780 - {'Epoch': 1, 'HR@5': '0.0809', 'NDCG@5': '0.0531', 'HR@10': '0.1235', 'NDCG@10': '0.0668', 'HR@20': '0.1738', 'NDCG@20': '0.0795'}
2025-06-13 23:39:08,781 - Validation score increased.  Saving model ...
2025-06-13 23:39:16,326 - {'epoch': 2, 'rec_loss': '6.5462'}
2025-06-13 23:39:20,654 - {'Epoch': 2, 'HR@5': '0.1248', 'NDCG@5': '0.0817', 'HR@10': '0.1897', 'NDCG@10': '0.1026', 'HR@20': '0.2666', 'NDCG@20': '0.1219'}
2025-06-13 23:39:20,658 - Validation score increased.  Saving model ...
2025-06-13 23:39:28,170 - {'epoch': 3, 'rec_loss': '5.7010'}
2025-06-13 23:39:32,559 - {'Epoch': 3, 'HR@5': '0.1467', 'NDCG@5': '0.0968', 'HR@10': '0.2219', 'NDCG@10': '0.1210', 'HR@20': '0.3120', 'NDCG@20': '0.1438'}
2025-06-13 23:39:32,560 - Validation score increased.  Saving model ...
2025-06-13 23:39:40,114 - {'epoch': 4, 'rec_loss': '5.2794'}
2025-06-13 23:39:44,489 - {'Epoch': 4, 'HR@5': '0.1561', 'NDCG@5': '0.1021', 'HR@10': '0.2391', 'NDCG@10': '0.1287', 'HR@20': '0.3344', 'NDCG@20': '0.1527'}
2025-06-13 23:39:44,492 - Validation score increased.  Saving model ...
2025-06-13 23:39:51,888 - {'epoch': 5, 'rec_loss': '5.0782'}
2025-06-13 23:39:56,157 - {'Epoch': 5, 'HR@5': '0.1646', 'NDCG@5': '0.1082', 'HR@10': '0.2453', 'NDCG@10': '0.1341', 'HR@20': '0.3439', 'NDCG@20': '0.1591'}
2025-06-13 23:39:56,158 - Validation score increased.  Saving model ...
2025-06-13 23:40:03,678 - {'epoch': 6, 'rec_loss': '4.9735'}
2025-06-13 23:40:08,056 - {'Epoch': 6, 'HR@5': '0.1673', 'NDCG@5': '0.1091', 'HR@10': '0.2509', 'NDCG@10': '0.1360', 'HR@20': '0.3495', 'NDCG@20': '0.1609'}
2025-06-13 23:40:08,057 - Validation score increased.  Saving model ...
2025-06-13 23:40:15,584 - {'epoch': 7, 'rec_loss': '4.9008'}
2025-06-13 23:40:19,956 - {'Epoch': 7, 'HR@5': '0.1662', 'NDCG@5': '0.1089', 'HR@10': '0.2530', 'NDCG@10': '0.1368', 'HR@20': '0.3522', 'NDCG@20': '0.1619'}
2025-06-13 23:40:19,960 - Validation score increased.  Saving model ...
2025-06-13 23:40:27,403 - {'epoch': 8, 'rec_loss': '4.8513'}
2025-06-13 23:40:31,787 - {'Epoch': 8, 'HR@5': '0.1648', 'NDCG@5': '0.1090', 'HR@10': '0.2552', 'NDCG@10': '0.1381', 'HR@20': '0.3553', 'NDCG@20': '0.1635'}
2025-06-13 23:40:31,789 - Validation score increased.  Saving model ...
2025-06-13 23:40:39,216 - {'epoch': 9, 'rec_loss': '4.8090'}
2025-06-13 23:40:43,607 - {'Epoch': 9, 'HR@5': '0.1695', 'NDCG@5': '0.1113', 'HR@10': '0.2538', 'NDCG@10': '0.1384', 'HR@20': '0.3576', 'NDCG@20': '0.1646'}
2025-06-13 23:40:43,608 - Validation score increased.  Saving model ...
2025-06-13 23:40:51,125 - {'epoch': 10, 'rec_loss': '4.7787'}
2025-06-13 23:40:55,488 - {'Epoch': 10, 'HR@5': '0.1674', 'NDCG@5': '0.1100', 'HR@10': '0.2583', 'NDCG@10': '0.1392', 'HR@20': '0.3580', 'NDCG@20': '0.1644'}
2025-06-13 23:40:55,492 - EarlyStopping counter: 1 out of 10
2025-06-13 23:41:02,993 - {'epoch': 11, 'rec_loss': '4.7541'}
2025-06-13 23:41:07,416 - {'Epoch': 11, 'HR@5': '0.1702', 'NDCG@5': '0.1112', 'HR@10': '0.2576', 'NDCG@10': '0.1393', 'HR@20': '0.3595', 'NDCG@20': '0.1650'}
2025-06-13 23:41:07,417 - Validation score increased.  Saving model ...
2025-06-13 23:41:14,905 - {'epoch': 12, 'rec_loss': '4.7289'}
2025-06-13 23:41:19,190 - {'Epoch': 12, 'HR@5': '0.1695', 'NDCG@5': '0.1111', 'HR@10': '0.2578', 'NDCG@10': '0.1395', 'HR@20': '0.3594', 'NDCG@20': '0.1652'}
2025-06-13 23:41:19,193 - Validation score increased.  Saving model ...
2025-06-13 23:41:26,752 - {'epoch': 13, 'rec_loss': '4.7073'}
2025-06-13 23:41:31,131 - {'Epoch': 13, 'HR@5': '0.1712', 'NDCG@5': '0.1123', 'HR@10': '0.2561', 'NDCG@10': '0.1395', 'HR@20': '0.3592', 'NDCG@20': '0.1656'}
2025-06-13 23:41:31,133 - Validation score increased.  Saving model ...
2025-06-13 23:41:38,658 - {'epoch': 14, 'rec_loss': '4.6850'}
2025-06-13 23:41:43,136 - {'Epoch': 14, 'HR@5': '0.1705', 'NDCG@5': '0.1121', 'HR@10': '0.2603', 'NDCG@10': '0.1410', 'HR@20': '0.3595', 'NDCG@20': '0.1660'}
2025-06-13 23:41:43,137 - Validation score increased.  Saving model ...
2025-06-13 23:41:50,664 - {'epoch': 15, 'rec_loss': '4.6767'}
2025-06-13 23:41:55,062 - {'Epoch': 15, 'HR@5': '0.1691', 'NDCG@5': '0.1120', 'HR@10': '0.2571', 'NDCG@10': '0.1403', 'HR@20': '0.3596', 'NDCG@20': '0.1662'}
2025-06-13 23:41:55,064 - Validation score increased.  Saving model ...
2025-06-13 23:42:02,658 - {'epoch': 16, 'rec_loss': '4.6587'}
2025-06-13 23:42:07,079 - {'Epoch': 16, 'HR@5': '0.1669', 'NDCG@5': '0.1099', 'HR@10': '0.2564', 'NDCG@10': '0.1387', 'HR@20': '0.3593', 'NDCG@20': '0.1647'}
2025-06-13 23:42:07,083 - EarlyStopping counter: 1 out of 10
2025-06-13 23:42:14,643 - {'epoch': 17, 'rec_loss': '4.6461'}
2025-06-13 23:42:19,047 - {'Epoch': 17, 'HR@5': '0.1720', 'NDCG@5': '0.1122', 'HR@10': '0.2563', 'NDCG@10': '0.1393', 'HR@20': '0.3561', 'NDCG@20': '0.1646'}
2025-06-13 23:42:19,049 - EarlyStopping counter: 2 out of 10
2025-06-13 23:42:26,617 - {'epoch': 18, 'rec_loss': '4.6299'}
2025-06-13 23:42:30,933 - {'Epoch': 18, 'HR@5': '0.1671', 'NDCG@5': '0.1111', 'HR@10': '0.2561', 'NDCG@10': '0.1398', 'HR@20': '0.3549', 'NDCG@20': '0.1648'}
2025-06-13 23:42:30,934 - EarlyStopping counter: 3 out of 10
2025-06-13 23:42:38,431 - {'epoch': 19, 'rec_loss': '4.6155'}
2025-06-13 23:42:42,782 - {'Epoch': 19, 'HR@5': '0.1710', 'NDCG@5': '0.1121', 'HR@10': '0.2557', 'NDCG@10': '0.1394', 'HR@20': '0.3584', 'NDCG@20': '0.1653'}
2025-06-13 23:42:42,785 - EarlyStopping counter: 4 out of 10
2025-06-13 23:42:50,248 - {'epoch': 20, 'rec_loss': '4.6080'}
2025-06-13 23:42:54,633 - {'Epoch': 20, 'HR@5': '0.1715', 'NDCG@5': '0.1113', 'HR@10': '0.2583', 'NDCG@10': '0.1393', 'HR@20': '0.3594', 'NDCG@20': '0.1649'}
2025-06-13 23:42:54,634 - EarlyStopping counter: 5 out of 10
2025-06-13 23:43:02,214 - {'epoch': 21, 'rec_loss': '4.5969'}
2025-06-13 23:43:06,511 - {'Epoch': 21, 'HR@5': '0.1735', 'NDCG@5': '0.1119', 'HR@10': '0.2566', 'NDCG@10': '0.1387', 'HR@20': '0.3582', 'NDCG@20': '0.1643'}
2025-06-13 23:43:06,512 - EarlyStopping counter: 6 out of 10
2025-06-13 23:43:14,046 - {'epoch': 22, 'rec_loss': '4.5816'}
2025-06-13 23:43:18,468 - {'Epoch': 22, 'HR@5': '0.1708', 'NDCG@5': '0.1123', 'HR@10': '0.2595', 'NDCG@10': '0.1409', 'HR@20': '0.3566', 'NDCG@20': '0.1654'}
2025-06-13 23:43:18,469 - EarlyStopping counter: 7 out of 10
2025-06-13 23:43:25,979 - {'epoch': 23, 'rec_loss': '4.5764'}
2025-06-13 23:43:30,317 - {'Epoch': 23, 'HR@5': '0.1697', 'NDCG@5': '0.1109', 'HR@10': '0.2553', 'NDCG@10': '0.1385', 'HR@20': '0.3566', 'NDCG@20': '0.1641'}
2025-06-13 23:43:30,322 - EarlyStopping counter: 8 out of 10
2025-06-13 23:43:37,793 - {'epoch': 24, 'rec_loss': '4.5638'}
2025-06-13 23:43:42,165 - {'Epoch': 24, 'HR@5': '0.1702', 'NDCG@5': '0.1111', 'HR@10': '0.2578', 'NDCG@10': '0.1393', 'HR@20': '0.3558', 'NDCG@20': '0.1641'}
2025-06-13 23:43:42,167 - EarlyStopping counter: 9 out of 10
2025-06-13 23:43:49,758 - {'epoch': 25, 'rec_loss': '4.5570'}
2025-06-13 23:43:54,266 - {'Epoch': 25, 'HR@5': '0.1739', 'NDCG@5': '0.1139', 'HR@10': '0.2605', 'NDCG@10': '0.1419', 'HR@20': '0.3556', 'NDCG@20': '0.1660'}
2025-06-13 23:43:54,267 - EarlyStopping counter: 10 out of 10
2025-06-13 23:43:54,267 - Early stopping
2025-06-13 23:43:54,267 - ---------------Validation Score---------------
2025-06-13 23:43:58,638 - {'Epoch': 0, 'HR@5': '0.1691', 'NDCG@5': '0.1120', 'HR@10': '0.2571', 'NDCG@10': '0.1403', 'HR@20': '0.3596', 'NDCG@20': '0.1662'}
2025-06-13 23:43:58,638 - BSARec_Diginetica
2025-06-13 23:43:58,639 - {'Epoch': 0, 'HR@5': '0.1691', 'NDCG@5': '0.1120', 'HR@10': '0.2571', 'NDCG@10': '0.1403', 'HR@20': '0.3596', 'NDCG@20': '0.1662'}
