2025-06-14 00:18:55,303 - Namespace(data_dir='data/self_processed/', output_dir='hparam_search/', data_name='Diginetica', train_name='BSARec_Diginetica', num_items=10, num_users=14829, lr=0.0005, batch_size=256, epochs=200, no_cuda=False, log_freq=1, patience=10, num_workers=4, seed=42, weight_decay=0.0, adam_beta1=0.9, adam_beta2=0.999, gpu_id='0', variance=5, model_type='BSARec', max_seq_length=50, hidden_size=64, num_hidden_layers=2, hidden_act='gelu', num_attention_heads=2, attention_probs_dropout_prob=0.5, hidden_dropout_prob=0.5, initializer_range=0.02, c=3, alpha=0.5, cuda_condition=True, data_file='data/self_processed/Diginetica.txt', item_size=9441, checkpoint_path=PosixPath('/gpfs/home3/scur2771/BSARec/BSARec/src/hparam_search/BSARec_Diginetica/12367757_108/model.pt'), same_target_path='data/self_processed/Diginetica_same_target.npy')
2025-06-14 00:18:55,320 - BSARecModel(
  (item_embeddings): Embedding(9441, 64, padding_idx=0)
  (position_embeddings): Embedding(50, 64)
  (LayerNorm): LayerNorm()
  (dropout): Dropout(p=0.5, inplace=False)
  (item_encoder): BSARecEncoder(
    (blocks): ModuleList(
      (0): BSARecBlock(
        (layer): BSARecLayer(
          (filter_layer): FrequencyLayer(
            (out_dropout): Dropout(p=0.5, inplace=False)
            (LayerNorm): LayerNorm()
          )
          (attention_layer): MultiHeadAttention(
            (query): Linear(in_features=64, out_features=64, bias=True)
            (key): Linear(in_features=64, out_features=64, bias=True)
            (value): Linear(in_features=64, out_features=64, bias=True)
            (softmax): Softmax(dim=-1)
            (attn_dropout): Dropout(p=0.5, inplace=False)
            (dense): Linear(in_features=64, out_features=64, bias=True)
            (LayerNorm): LayerNorm((64,), eps=1e-12, elementwise_affine=True)
            (out_dropout): Dropout(p=0.5, inplace=False)
          )
        )
        (feed_forward): FeedForward(
          (dense_1): Linear(in_features=64, out_features=256, bias=True)
          (dense_2): Linear(in_features=256, out_features=64, bias=True)
          (LayerNorm): LayerNorm()
          (dropout): Dropout(p=0.5, inplace=False)
        )
      )
      (1): BSARecBlock(
        (layer): BSARecLayer(
          (filter_layer): FrequencyLayer(
            (out_dropout): Dropout(p=0.5, inplace=False)
            (LayerNorm): LayerNorm()
          )
          (attention_layer): MultiHeadAttention(
            (query): Linear(in_features=64, out_features=64, bias=True)
            (key): Linear(in_features=64, out_features=64, bias=True)
            (value): Linear(in_features=64, out_features=64, bias=True)
            (softmax): Softmax(dim=-1)
            (attn_dropout): Dropout(p=0.5, inplace=False)
            (dense): Linear(in_features=64, out_features=64, bias=True)
            (LayerNorm): LayerNorm((64,), eps=1e-12, elementwise_affine=True)
            (out_dropout): Dropout(p=0.5, inplace=False)
          )
        )
        (feed_forward): FeedForward(
          (dense_1): Linear(in_features=64, out_features=256, bias=True)
          (dense_2): Linear(in_features=256, out_features=64, bias=True)
          (LayerNorm): LayerNorm()
          (dropout): Dropout(p=0.5, inplace=False)
        )
      )
    )
  )
)
2025-06-14 00:18:57,492 - Total Parameters: 707904
2025-06-14 00:19:06,044 - {'epoch': 0, 'rec_loss': '8.8143'}
2025-06-14 00:19:10,262 - {'Epoch': 0, 'HR@5': '0.0059', 'NDCG@5': '0.0039', 'HR@10': '0.0109', 'NDCG@10': '0.0055', 'HR@20': '0.0169', 'NDCG@20': '0.0070'}
2025-06-14 00:19:10,264 - Validation score increased.  Saving model ...
2025-06-14 00:19:17,740 - {'epoch': 1, 'rec_loss': '8.3474'}
2025-06-14 00:19:21,935 - {'Epoch': 1, 'HR@5': '0.0403', 'NDCG@5': '0.0275', 'HR@10': '0.0594', 'NDCG@10': '0.0336', 'HR@20': '0.0832', 'NDCG@20': '0.0396'}
2025-06-14 00:19:21,936 - Validation score increased.  Saving model ...
2025-06-14 00:19:29,395 - {'epoch': 2, 'rec_loss': '7.6863'}
2025-06-14 00:19:33,541 - {'Epoch': 2, 'HR@5': '0.0755', 'NDCG@5': '0.0495', 'HR@10': '0.1166', 'NDCG@10': '0.0627', 'HR@20': '0.1637', 'NDCG@20': '0.0746'}
2025-06-14 00:19:33,544 - Validation score increased.  Saving model ...
2025-06-14 00:19:41,034 - {'epoch': 3, 'rec_loss': '6.9216'}
2025-06-14 00:19:45,256 - {'Epoch': 3, 'HR@5': '0.1020', 'NDCG@5': '0.0679', 'HR@10': '0.1603', 'NDCG@10': '0.0866', 'HR@20': '0.2248', 'NDCG@20': '0.1029'}
2025-06-14 00:19:45,257 - Validation score increased.  Saving model ...
2025-06-14 00:19:52,766 - {'epoch': 4, 'rec_loss': '6.2720'}
2025-06-14 00:19:57,087 - {'Epoch': 4, 'HR@5': '0.1227', 'NDCG@5': '0.0807', 'HR@10': '0.1891', 'NDCG@10': '0.1021', 'HR@20': '0.2665', 'NDCG@20': '0.1216'}
2025-06-14 00:19:57,089 - Validation score increased.  Saving model ...
2025-06-14 00:20:04,523 - {'epoch': 5, 'rec_loss': '5.7903'}
2025-06-14 00:20:08,816 - {'Epoch': 5, 'HR@5': '0.1372', 'NDCG@5': '0.0905', 'HR@10': '0.2081', 'NDCG@10': '0.1134', 'HR@20': '0.2915', 'NDCG@20': '0.1345'}
2025-06-14 00:20:08,818 - Validation score increased.  Saving model ...
2025-06-14 00:20:16,269 - {'epoch': 6, 'rec_loss': '5.4519'}
2025-06-14 00:20:20,588 - {'Epoch': 6, 'HR@5': '0.1468', 'NDCG@5': '0.0972', 'HR@10': '0.2243', 'NDCG@10': '0.1222', 'HR@20': '0.3139', 'NDCG@20': '0.1448'}
2025-06-14 00:20:20,591 - Validation score increased.  Saving model ...
2025-06-14 00:20:28,142 - {'epoch': 7, 'rec_loss': '5.2161'}
2025-06-14 00:20:32,430 - {'Epoch': 7, 'HR@5': '0.1543', 'NDCG@5': '0.1016', 'HR@10': '0.2348', 'NDCG@10': '0.1275', 'HR@20': '0.3297', 'NDCG@20': '0.1515'}
2025-06-14 00:20:32,432 - Validation score increased.  Saving model ...
2025-06-14 00:20:39,858 - {'epoch': 8, 'rec_loss': '5.0559'}
2025-06-14 00:20:44,223 - {'Epoch': 8, 'HR@5': '0.1608', 'NDCG@5': '0.1062', 'HR@10': '0.2447', 'NDCG@10': '0.1331', 'HR@20': '0.3379', 'NDCG@20': '0.1567'}
2025-06-14 00:20:44,225 - Validation score increased.  Saving model ...
2025-06-14 00:20:51,622 - {'epoch': 9, 'rec_loss': '4.9376'}
2025-06-14 00:20:55,988 - {'Epoch': 9, 'HR@5': '0.1669', 'NDCG@5': '0.1097', 'HR@10': '0.2480', 'NDCG@10': '0.1357', 'HR@20': '0.3475', 'NDCG@20': '0.1609'}
2025-06-14 00:20:55,990 - Validation score increased.  Saving model ...
2025-06-14 00:21:03,445 - {'epoch': 10, 'rec_loss': '4.8529'}
2025-06-14 00:21:07,832 - {'Epoch': 10, 'HR@5': '0.1674', 'NDCG@5': '0.1100', 'HR@10': '0.2525', 'NDCG@10': '0.1374', 'HR@20': '0.3533', 'NDCG@20': '0.1629'}
2025-06-14 00:21:07,834 - Validation score increased.  Saving model ...
2025-06-14 00:21:15,352 - {'epoch': 11, 'rec_loss': '4.7899'}
2025-06-14 00:21:19,781 - {'Epoch': 11, 'HR@5': '0.1671', 'NDCG@5': '0.1101', 'HR@10': '0.2563', 'NDCG@10': '0.1389', 'HR@20': '0.3553', 'NDCG@20': '0.1639'}
2025-06-14 00:21:19,784 - Validation score increased.  Saving model ...
2025-06-14 00:21:27,272 - {'epoch': 12, 'rec_loss': '4.7378'}
2025-06-14 00:21:31,713 - {'Epoch': 12, 'HR@5': '0.1706', 'NDCG@5': '0.1125', 'HR@10': '0.2567', 'NDCG@10': '0.1403', 'HR@20': '0.3591', 'NDCG@20': '0.1661'}
2025-06-14 00:21:31,714 - Validation score increased.  Saving model ...
2025-06-14 00:21:39,116 - {'epoch': 13, 'rec_loss': '4.7129'}
2025-06-14 00:21:43,550 - {'Epoch': 13, 'HR@5': '0.1710', 'NDCG@5': '0.1128', 'HR@10': '0.2604', 'NDCG@10': '0.1417', 'HR@20': '0.3572', 'NDCG@20': '0.1662'}
2025-06-14 00:21:43,554 - Validation score increased.  Saving model ...
2025-06-14 00:21:51,022 - {'epoch': 14, 'rec_loss': '4.6754'}
2025-06-14 00:21:55,410 - {'Epoch': 14, 'HR@5': '0.1739', 'NDCG@5': '0.1143', 'HR@10': '0.2588', 'NDCG@10': '0.1417', 'HR@20': '0.3593', 'NDCG@20': '0.1671'}
2025-06-14 00:21:55,412 - Validation score increased.  Saving model ...
2025-06-14 00:22:02,714 - {'epoch': 15, 'rec_loss': '4.6605'}
2025-06-14 00:22:07,121 - {'Epoch': 15, 'HR@5': '0.1711', 'NDCG@5': '0.1134', 'HR@10': '0.2606', 'NDCG@10': '0.1423', 'HR@20': '0.3603', 'NDCG@20': '0.1675'}
2025-06-14 00:22:07,123 - Validation score increased.  Saving model ...
2025-06-14 00:22:14,498 - {'epoch': 16, 'rec_loss': '4.6340'}
2025-06-14 00:22:18,895 - {'Epoch': 16, 'HR@5': '0.1720', 'NDCG@5': '0.1138', 'HR@10': '0.2596', 'NDCG@10': '0.1420', 'HR@20': '0.3620', 'NDCG@20': '0.1679'}
2025-06-14 00:22:18,897 - Validation score increased.  Saving model ...
2025-06-14 00:22:26,287 - {'epoch': 17, 'rec_loss': '4.6185'}
2025-06-14 00:22:30,639 - {'Epoch': 17, 'HR@5': '0.1745', 'NDCG@5': '0.1141', 'HR@10': '0.2617', 'NDCG@10': '0.1422', 'HR@20': '0.3620', 'NDCG@20': '0.1676'}
2025-06-14 00:22:30,641 - EarlyStopping counter: 1 out of 10
2025-06-14 00:22:38,085 - {'epoch': 18, 'rec_loss': '4.6007'}
2025-06-14 00:22:42,389 - {'Epoch': 18, 'HR@5': '0.1752', 'NDCG@5': '0.1152', 'HR@10': '0.2627', 'NDCG@10': '0.1434', 'HR@20': '0.3631', 'NDCG@20': '0.1687'}
2025-06-14 00:22:42,390 - Validation score increased.  Saving model ...
2025-06-14 00:22:49,750 - {'epoch': 19, 'rec_loss': '4.5867'}
2025-06-14 00:22:54,190 - {'Epoch': 19, 'HR@5': '0.1757', 'NDCG@5': '0.1149', 'HR@10': '0.2614', 'NDCG@10': '0.1424', 'HR@20': '0.3611', 'NDCG@20': '0.1676'}
2025-06-14 00:22:54,191 - EarlyStopping counter: 1 out of 10
2025-06-14 00:23:01,667 - {'epoch': 20, 'rec_loss': '4.5805'}
2025-06-14 00:23:06,028 - {'Epoch': 20, 'HR@5': '0.1781', 'NDCG@5': '0.1168', 'HR@10': '0.2610', 'NDCG@10': '0.1435', 'HR@20': '0.3632', 'NDCG@20': '0.1694'}
2025-06-14 00:23:06,030 - Validation score increased.  Saving model ...
2025-06-14 00:23:13,467 - {'epoch': 21, 'rec_loss': '4.5664'}
2025-06-14 00:23:17,937 - {'Epoch': 21, 'HR@5': '0.1754', 'NDCG@5': '0.1150', 'HR@10': '0.2634', 'NDCG@10': '0.1434', 'HR@20': '0.3645', 'NDCG@20': '0.1690'}
2025-06-14 00:23:17,938 - EarlyStopping counter: 1 out of 10
2025-06-14 00:23:25,267 - {'epoch': 22, 'rec_loss': '4.5574'}
2025-06-14 00:23:29,710 - {'Epoch': 22, 'HR@5': '0.1753', 'NDCG@5': '0.1153', 'HR@10': '0.2639', 'NDCG@10': '0.1439', 'HR@20': '0.3651', 'NDCG@20': '0.1694'}
2025-06-14 00:23:29,713 - Validation score increased.  Saving model ...
2025-06-14 00:23:37,107 - {'epoch': 23, 'rec_loss': '4.5453'}
2025-06-14 00:23:41,525 - {'Epoch': 23, 'HR@5': '0.1739', 'NDCG@5': '0.1144', 'HR@10': '0.2617', 'NDCG@10': '0.1426', 'HR@20': '0.3634', 'NDCG@20': '0.1683'}
2025-06-14 00:23:41,526 - EarlyStopping counter: 1 out of 10
2025-06-14 00:23:48,896 - {'epoch': 24, 'rec_loss': '4.5426'}
2025-06-14 00:23:53,230 - {'Epoch': 24, 'HR@5': '0.1719', 'NDCG@5': '0.1142', 'HR@10': '0.2636', 'NDCG@10': '0.1437', 'HR@20': '0.3638', 'NDCG@20': '0.1691'}
2025-06-14 00:23:53,231 - EarlyStopping counter: 2 out of 10
2025-06-14 00:24:00,711 - {'epoch': 25, 'rec_loss': '4.5291'}
2025-06-14 00:24:05,050 - {'Epoch': 25, 'HR@5': '0.1760', 'NDCG@5': '0.1161', 'HR@10': '0.2618', 'NDCG@10': '0.1438', 'HR@20': '0.3639', 'NDCG@20': '0.1696'}
2025-06-14 00:24:05,052 - Validation score increased.  Saving model ...
2025-06-14 00:24:12,573 - {'epoch': 26, 'rec_loss': '4.5218'}
2025-06-14 00:24:16,999 - {'Epoch': 26, 'HR@5': '0.1755', 'NDCG@5': '0.1154', 'HR@10': '0.2632', 'NDCG@10': '0.1437', 'HR@20': '0.3667', 'NDCG@20': '0.1698'}
2025-06-14 00:24:17,000 - Validation score increased.  Saving model ...
2025-06-14 00:24:24,502 - {'epoch': 27, 'rec_loss': '4.5189'}
2025-06-14 00:24:28,937 - {'Epoch': 27, 'HR@5': '0.1735', 'NDCG@5': '0.1147', 'HR@10': '0.2610', 'NDCG@10': '0.1430', 'HR@20': '0.3636', 'NDCG@20': '0.1690'}
2025-06-14 00:24:28,940 - EarlyStopping counter: 1 out of 10
2025-06-14 00:24:36,413 - {'epoch': 28, 'rec_loss': '4.5054'}
2025-06-14 00:24:40,819 - {'Epoch': 28, 'HR@5': '0.1753', 'NDCG@5': '0.1153', 'HR@10': '0.2631', 'NDCG@10': '0.1436', 'HR@20': '0.3629', 'NDCG@20': '0.1688'}
2025-06-14 00:24:40,821 - EarlyStopping counter: 2 out of 10
2025-06-14 00:24:48,319 - {'epoch': 29, 'rec_loss': '4.5049'}
2025-06-14 00:24:52,773 - {'Epoch': 29, 'HR@5': '0.1743', 'NDCG@5': '0.1149', 'HR@10': '0.2611', 'NDCG@10': '0.1428', 'HR@20': '0.3611', 'NDCG@20': '0.1681'}
2025-06-14 00:24:52,775 - EarlyStopping counter: 3 out of 10
2025-06-14 00:25:00,200 - {'epoch': 30, 'rec_loss': '4.4992'}
2025-06-14 00:25:04,643 - {'Epoch': 30, 'HR@5': '0.1761', 'NDCG@5': '0.1154', 'HR@10': '0.2617', 'NDCG@10': '0.1430', 'HR@20': '0.3636', 'NDCG@20': '0.1688'}
2025-06-14 00:25:04,644 - EarlyStopping counter: 4 out of 10
2025-06-14 00:25:12,141 - {'epoch': 31, 'rec_loss': '4.4909'}
2025-06-14 00:25:16,530 - {'Epoch': 31, 'HR@5': '0.1758', 'NDCG@5': '0.1161', 'HR@10': '0.2631', 'NDCG@10': '0.1442', 'HR@20': '0.3658', 'NDCG@20': '0.1701'}
2025-06-14 00:25:16,532 - Validation score increased.  Saving model ...
2025-06-14 00:25:24,039 - {'epoch': 32, 'rec_loss': '4.4839'}
2025-06-14 00:25:28,441 - {'Epoch': 32, 'HR@5': '0.1766', 'NDCG@5': '0.1153', 'HR@10': '0.2641', 'NDCG@10': '0.1434', 'HR@20': '0.3640', 'NDCG@20': '0.1686'}
2025-06-14 00:25:28,443 - EarlyStopping counter: 1 out of 10
2025-06-14 00:25:35,873 - {'epoch': 33, 'rec_loss': '4.4793'}
2025-06-14 00:25:40,353 - {'Epoch': 33, 'HR@5': '0.1738', 'NDCG@5': '0.1148', 'HR@10': '0.2627', 'NDCG@10': '0.1434', 'HR@20': '0.3652', 'NDCG@20': '0.1694'}
2025-06-14 00:25:40,355 - EarlyStopping counter: 2 out of 10
2025-06-14 00:25:47,769 - {'epoch': 34, 'rec_loss': '4.4734'}
2025-06-14 00:25:52,263 - {'Epoch': 34, 'HR@5': '0.1759', 'NDCG@5': '0.1159', 'HR@10': '0.2643', 'NDCG@10': '0.1443', 'HR@20': '0.3643', 'NDCG@20': '0.1696'}
2025-06-14 00:25:52,265 - EarlyStopping counter: 3 out of 10
2025-06-14 00:25:59,785 - {'epoch': 35, 'rec_loss': '4.4716'}
2025-06-14 00:26:04,262 - {'Epoch': 35, 'HR@5': '0.1749', 'NDCG@5': '0.1147', 'HR@10': '0.2627', 'NDCG@10': '0.1431', 'HR@20': '0.3626', 'NDCG@20': '0.1684'}
2025-06-14 00:26:04,264 - EarlyStopping counter: 4 out of 10
2025-06-14 00:26:11,890 - {'epoch': 36, 'rec_loss': '4.4594'}
2025-06-14 00:26:16,394 - {'Epoch': 36, 'HR@5': '0.1749', 'NDCG@5': '0.1147', 'HR@10': '0.2617', 'NDCG@10': '0.1427', 'HR@20': '0.3645', 'NDCG@20': '0.1686'}
2025-06-14 00:26:16,396 - EarlyStopping counter: 5 out of 10
2025-06-14 00:26:23,951 - {'epoch': 37, 'rec_loss': '4.4617'}
2025-06-14 00:26:28,422 - {'Epoch': 37, 'HR@5': '0.1759', 'NDCG@5': '0.1154', 'HR@10': '0.2638', 'NDCG@10': '0.1437', 'HR@20': '0.3638', 'NDCG@20': '0.1690'}
2025-06-14 00:26:28,424 - EarlyStopping counter: 6 out of 10
2025-06-14 00:26:35,919 - {'epoch': 38, 'rec_loss': '4.4536'}
2025-06-14 00:26:40,360 - {'Epoch': 38, 'HR@5': '0.1763', 'NDCG@5': '0.1157', 'HR@10': '0.2625', 'NDCG@10': '0.1435', 'HR@20': '0.3648', 'NDCG@20': '0.1693'}
2025-06-14 00:26:40,361 - EarlyStopping counter: 7 out of 10
2025-06-14 00:26:47,770 - {'epoch': 39, 'rec_loss': '4.4491'}
2025-06-14 00:26:52,286 - {'Epoch': 39, 'HR@5': '0.1739', 'NDCG@5': '0.1147', 'HR@10': '0.2612', 'NDCG@10': '0.1428', 'HR@20': '0.3628', 'NDCG@20': '0.1685'}
2025-06-14 00:26:52,288 - EarlyStopping counter: 8 out of 10
2025-06-14 00:26:59,868 - {'epoch': 40, 'rec_loss': '4.4456'}
2025-06-14 00:27:04,304 - {'Epoch': 40, 'HR@5': '0.1753', 'NDCG@5': '0.1148', 'HR@10': '0.2604', 'NDCG@10': '0.1422', 'HR@20': '0.3637', 'NDCG@20': '0.1683'}
2025-06-14 00:27:04,305 - EarlyStopping counter: 9 out of 10
2025-06-14 00:27:11,757 - {'epoch': 41, 'rec_loss': '4.4438'}
2025-06-14 00:27:16,276 - {'Epoch': 41, 'HR@5': '0.1728', 'NDCG@5': '0.1144', 'HR@10': '0.2606', 'NDCG@10': '0.1427', 'HR@20': '0.3640', 'NDCG@20': '0.1688'}
2025-06-14 00:27:16,278 - EarlyStopping counter: 10 out of 10
2025-06-14 00:27:16,278 - Early stopping
2025-06-14 00:27:16,278 - ---------------Validation Score---------------
2025-06-14 00:27:20,744 - {'Epoch': 0, 'HR@5': '0.1758', 'NDCG@5': '0.1161', 'HR@10': '0.2631', 'NDCG@10': '0.1442', 'HR@20': '0.3658', 'NDCG@20': '0.1701'}
2025-06-14 00:27:20,746 - BSARec_Diginetica
2025-06-14 00:27:20,746 - {'Epoch': 0, 'HR@5': '0.1758', 'NDCG@5': '0.1161', 'HR@10': '0.2631', 'NDCG@10': '0.1442', 'HR@20': '0.3658', 'NDCG@20': '0.1701'}
