2025-06-14 16:54:17,832 - Namespace(data_dir='data/self_processed/', output_dir='hparam_search/', data_name='Diginetica', train_name='FEARec_Diginetica', num_items=10, num_users=14829, lr=0.0005, batch_size=256, epochs=200, no_cuda=False, log_freq=1, patience=10, num_workers=4, seed=42, weight_decay=0.0, adam_beta1=0.9, adam_beta2=0.999, gpu_id='0', variance=5, model_type='FEARec', max_seq_length=50, hidden_size=64, num_hidden_layers=2, hidden_act='gelu', num_attention_heads=1, attention_probs_dropout_prob=0.5, hidden_dropout_prob=0.5, initializer_range=0.02, tau=1.0, lmd=0.1, lmd_sem=0.1, ssl='us_x', sim='dot', spatial_ratio=0.1, global_ratio=0.6, fredom_type='us_x', fredom='True', cuda_condition=True, data_file='data/self_processed/Diginetica.txt', item_size=9441, checkpoint_path=PosixPath('/gpfs/home3/scur2771/BSARec/BSARec/src/hparam_search/FEARec_Diginetica/12373668_4/model.pt'), same_target_path='data/self_processed/Diginetica_same_target.npy')
2025-06-14 16:54:17,863 - FEARecModel(
  (item_embeddings): Embedding(9441, 64, padding_idx=0)
  (position_embeddings): Embedding(50, 64)
  (LayerNorm): LayerNorm()
  (dropout): Dropout(p=0.5, inplace=False)
  (item_encoder): FEARecEncoder(
    (blocks): ModuleList(
      (0): FEARecBlock(
        (layer): FEARecLayer(
          (dropout): Dropout(p=0.1, inplace=False)
          (attn_dropout): Dropout(p=0.5, inplace=False)
          (LayerNorm): LayerNorm()
          (out_dropout): Dropout(p=0.5, inplace=False)
          (dense): Linear(in_features=64, out_features=64, bias=True)
          (query): Linear(in_features=64, out_features=64, bias=True)
          (key): Linear(in_features=64, out_features=64, bias=True)
          (value): Linear(in_features=64, out_features=64, bias=True)
        )
        (feed_forward): FeedForward(
          (dense_1): Linear(in_features=64, out_features=256, bias=True)
          (dense_2): Linear(in_features=256, out_features=64, bias=True)
          (LayerNorm): LayerNorm()
          (dropout): Dropout(p=0.5, inplace=False)
        )
      )
      (1): FEARecBlock(
        (layer): FEARecLayer(
          (dropout): Dropout(p=0.1, inplace=False)
          (attn_dropout): Dropout(p=0.5, inplace=False)
          (LayerNorm): LayerNorm()
          (out_dropout): Dropout(p=0.5, inplace=False)
          (dense): Linear(in_features=64, out_features=64, bias=True)
          (query): Linear(in_features=64, out_features=64, bias=True)
          (key): Linear(in_features=64, out_features=64, bias=True)
          (value): Linear(in_features=64, out_features=64, bias=True)
        )
        (feed_forward): FeedForward(
          (dense_1): Linear(in_features=64, out_features=256, bias=True)
          (dense_2): Linear(in_features=256, out_features=64, bias=True)
          (LayerNorm): LayerNorm()
          (dropout): Dropout(p=0.5, inplace=False)
        )
      )
    )
  )
  (aug_nce_fct): CrossEntropyLoss()
)
2025-06-14 16:54:20,862 - Total Parameters: 707520
2025-06-14 16:55:42,223 - {'epoch': 0, 'rec_loss': '9.7780'}
2025-06-14 16:55:48,018 - {'Epoch': 0, 'HR@5': '0.0030', 'NDCG@5': '0.0018', 'HR@10': '0.0052', 'NDCG@10': '0.0025', 'HR@20': '0.0094', 'NDCG@20': '0.0035'}
2025-06-14 16:55:48,022 - Validation score increased.  Saving model ...
2025-06-14 16:57:08,399 - {'epoch': 1, 'rec_loss': '9.5306'}
2025-06-14 16:57:14,191 - {'Epoch': 1, 'HR@5': '0.0032', 'NDCG@5': '0.0020', 'HR@10': '0.0053', 'NDCG@10': '0.0026', 'HR@20': '0.0096', 'NDCG@20': '0.0037'}
2025-06-14 16:57:14,195 - Validation score increased.  Saving model ...
2025-06-14 16:58:34,540 - {'epoch': 2, 'rec_loss': '9.4862'}
2025-06-14 16:58:40,128 - {'Epoch': 2, 'HR@5': '0.0032', 'NDCG@5': '0.0019', 'HR@10': '0.0053', 'NDCG@10': '0.0026', 'HR@20': '0.0092', 'NDCG@20': '0.0035'}
2025-06-14 16:58:40,132 - EarlyStopping counter: 1 out of 10
2025-06-14 17:00:00,475 - {'epoch': 3, 'rec_loss': '9.4295'}
2025-06-14 17:00:06,016 - {'Epoch': 3, 'HR@5': '0.0034', 'NDCG@5': '0.0019', 'HR@10': '0.0053', 'NDCG@10': '0.0025', 'HR@20': '0.0099', 'NDCG@20': '0.0037'}
2025-06-14 17:00:06,020 - Validation score increased.  Saving model ...
2025-06-14 17:01:26,538 - {'epoch': 4, 'rec_loss': '9.2911'}
2025-06-14 17:01:32,144 - {'Epoch': 4, 'HR@5': '0.0035', 'NDCG@5': '0.0021', 'HR@10': '0.0073', 'NDCG@10': '0.0034', 'HR@20': '0.0129', 'NDCG@20': '0.0048'}
2025-06-14 17:01:32,148 - Validation score increased.  Saving model ...
2025-06-14 17:02:52,453 - {'epoch': 5, 'rec_loss': '9.0661'}
2025-06-14 17:02:58,224 - {'Epoch': 5, 'HR@5': '0.0062', 'NDCG@5': '0.0039', 'HR@10': '0.0113', 'NDCG@10': '0.0055', 'HR@20': '0.0187', 'NDCG@20': '0.0074'}
2025-06-14 17:02:58,228 - Validation score increased.  Saving model ...
2025-06-14 17:04:18,666 - {'epoch': 6, 'rec_loss': '8.8092'}
2025-06-14 17:04:24,496 - {'Epoch': 6, 'HR@5': '0.0199', 'NDCG@5': '0.0135', 'HR@10': '0.0301', 'NDCG@10': '0.0168', 'HR@20': '0.0423', 'NDCG@20': '0.0198'}
2025-06-14 17:04:24,500 - Validation score increased.  Saving model ...
2025-06-14 17:05:45,037 - {'epoch': 7, 'rec_loss': '8.5195'}
2025-06-14 17:05:50,904 - {'Epoch': 7, 'HR@5': '0.0406', 'NDCG@5': '0.0274', 'HR@10': '0.0589', 'NDCG@10': '0.0333', 'HR@20': '0.0834', 'NDCG@20': '0.0394'}
2025-06-14 17:05:50,907 - Validation score increased.  Saving model ...
2025-06-14 17:07:11,354 - {'epoch': 8, 'rec_loss': '8.2472'}
2025-06-14 17:07:17,052 - {'Epoch': 8, 'HR@5': '0.0582', 'NDCG@5': '0.0383', 'HR@10': '0.0867', 'NDCG@10': '0.0475', 'HR@20': '0.1196', 'NDCG@20': '0.0559'}
2025-06-14 17:07:17,056 - Validation score increased.  Saving model ...
2025-06-14 17:08:37,441 - {'epoch': 9, 'rec_loss': '7.9884'}
2025-06-14 17:08:43,206 - {'Epoch': 9, 'HR@5': '0.0715', 'NDCG@5': '0.0468', 'HR@10': '0.1086', 'NDCG@10': '0.0587', 'HR@20': '0.1545', 'NDCG@20': '0.0703'}
2025-06-14 17:08:43,209 - Validation score increased.  Saving model ...
2025-06-14 17:10:03,624 - {'epoch': 10, 'rec_loss': '7.7538'}
2025-06-14 17:10:09,444 - {'Epoch': 10, 'HR@5': '0.0835', 'NDCG@5': '0.0546', 'HR@10': '0.1286', 'NDCG@10': '0.0690', 'HR@20': '0.1842', 'NDCG@20': '0.0831'}
2025-06-14 17:10:09,448 - Validation score increased.  Saving model ...
2025-06-14 17:11:29,905 - {'epoch': 11, 'rec_loss': '7.5506'}
2025-06-14 17:11:35,647 - {'Epoch': 11, 'HR@5': '0.0923', 'NDCG@5': '0.0599', 'HR@10': '0.1399', 'NDCG@10': '0.0752', 'HR@20': '0.2019', 'NDCG@20': '0.0908'}
2025-06-14 17:11:35,650 - Validation score increased.  Saving model ...
2025-06-14 17:12:56,160 - {'epoch': 12, 'rec_loss': '7.3677'}
2025-06-14 17:13:01,904 - {'Epoch': 12, 'HR@5': '0.0966', 'NDCG@5': '0.0632', 'HR@10': '0.1490', 'NDCG@10': '0.0801', 'HR@20': '0.2172', 'NDCG@20': '0.0973'}
2025-06-14 17:13:01,908 - Validation score increased.  Saving model ...
2025-06-14 17:14:22,440 - {'epoch': 13, 'rec_loss': '7.2030'}
2025-06-14 17:14:28,149 - {'Epoch': 13, 'HR@5': '0.1044', 'NDCG@5': '0.0684', 'HR@10': '0.1631', 'NDCG@10': '0.0872', 'HR@20': '0.2342', 'NDCG@20': '0.1051'}
2025-06-14 17:14:28,152 - Validation score increased.  Saving model ...
2025-06-14 17:15:48,562 - {'epoch': 14, 'rec_loss': '7.0605'}
2025-06-14 17:15:54,283 - {'Epoch': 14, 'HR@5': '0.1085', 'NDCG@5': '0.0701', 'HR@10': '0.1698', 'NDCG@10': '0.0898', 'HR@20': '0.2455', 'NDCG@20': '0.1089'}
2025-06-14 17:15:54,287 - Validation score increased.  Saving model ...
2025-06-14 17:17:14,904 - {'epoch': 15, 'rec_loss': '6.9333'}
2025-06-14 17:17:20,532 - {'Epoch': 15, 'HR@5': '0.1152', 'NDCG@5': '0.0748', 'HR@10': '0.1791', 'NDCG@10': '0.0954', 'HR@20': '0.2555', 'NDCG@20': '0.1147'}
2025-06-14 17:17:20,535 - Validation score increased.  Saving model ...
2025-06-14 17:18:40,935 - {'epoch': 16, 'rec_loss': '6.8140'}
2025-06-14 17:18:46,667 - {'Epoch': 16, 'HR@5': '0.1185', 'NDCG@5': '0.0773', 'HR@10': '0.1835', 'NDCG@10': '0.0982', 'HR@20': '0.2627', 'NDCG@20': '0.1182'}
2025-06-14 17:18:46,671 - Validation score increased.  Saving model ...
2025-06-14 17:20:07,097 - {'epoch': 17, 'rec_loss': '6.7075'}
2025-06-14 17:20:12,832 - {'Epoch': 17, 'HR@5': '0.1237', 'NDCG@5': '0.0798', 'HR@10': '0.1892', 'NDCG@10': '0.1010', 'HR@20': '0.2706', 'NDCG@20': '0.1215'}
2025-06-14 17:20:12,836 - Validation score increased.  Saving model ...
2025-06-14 17:21:33,222 - {'epoch': 18, 'rec_loss': '6.6138'}
2025-06-14 17:21:38,982 - {'Epoch': 18, 'HR@5': '0.1269', 'NDCG@5': '0.0818', 'HR@10': '0.1964', 'NDCG@10': '0.1042', 'HR@20': '0.2794', 'NDCG@20': '0.1251'}
2025-06-14 17:21:38,986 - Validation score increased.  Saving model ...
2025-06-14 17:22:59,398 - {'epoch': 19, 'rec_loss': '6.5217'}
2025-06-14 17:23:05,115 - {'Epoch': 19, 'HR@5': '0.1297', 'NDCG@5': '0.0841', 'HR@10': '0.2008', 'NDCG@10': '0.1070', 'HR@20': '0.2865', 'NDCG@20': '0.1286'}
2025-06-14 17:23:05,119 - Validation score increased.  Saving model ...
2025-06-14 17:24:25,519 - {'epoch': 20, 'rec_loss': '6.4445'}
2025-06-14 17:24:31,258 - {'Epoch': 20, 'HR@5': '0.1343', 'NDCG@5': '0.0871', 'HR@10': '0.2035', 'NDCG@10': '0.1094', 'HR@20': '0.2925', 'NDCG@20': '0.1318'}
2025-06-14 17:24:31,262 - Validation score increased.  Saving model ...
2025-06-14 17:25:51,798 - {'epoch': 21, 'rec_loss': '6.3674'}
2025-06-14 17:25:57,511 - {'Epoch': 21, 'HR@5': '0.1368', 'NDCG@5': '0.0884', 'HR@10': '0.2062', 'NDCG@10': '0.1107', 'HR@20': '0.2973', 'NDCG@20': '0.1338'}
2025-06-14 17:25:57,515 - Validation score increased.  Saving model ...
2025-06-14 17:27:18,042 - {'epoch': 22, 'rec_loss': '6.2993'}
2025-06-14 17:27:23,797 - {'Epoch': 22, 'HR@5': '0.1376', 'NDCG@5': '0.0895', 'HR@10': '0.2079', 'NDCG@10': '0.1122', 'HR@20': '0.3000', 'NDCG@20': '0.1355'}
2025-06-14 17:27:23,801 - Validation score increased.  Saving model ...
2025-06-14 17:28:44,250 - {'epoch': 23, 'rec_loss': '6.2488'}
2025-06-14 17:28:50,038 - {'Epoch': 23, 'HR@5': '0.1388', 'NDCG@5': '0.0900', 'HR@10': '0.2128', 'NDCG@10': '0.1138', 'HR@20': '0.3060', 'NDCG@20': '0.1373'}
2025-06-14 17:28:50,042 - Validation score increased.  Saving model ...
2025-06-14 17:30:10,626 - {'epoch': 24, 'rec_loss': '6.1790'}
2025-06-14 17:30:16,332 - {'Epoch': 24, 'HR@5': '0.1432', 'NDCG@5': '0.0930', 'HR@10': '0.2175', 'NDCG@10': '0.1168', 'HR@20': '0.3116', 'NDCG@20': '0.1407'}
2025-06-14 17:30:16,336 - Validation score increased.  Saving model ...
2025-06-14 17:31:36,778 - {'epoch': 25, 'rec_loss': '6.1237'}
2025-06-14 17:31:42,475 - {'Epoch': 25, 'HR@5': '0.1438', 'NDCG@5': '0.0936', 'HR@10': '0.2188', 'NDCG@10': '0.1177', 'HR@20': '0.3120', 'NDCG@20': '0.1414'}
2025-06-14 17:31:42,479 - Validation score increased.  Saving model ...
2025-06-14 17:33:02,845 - {'epoch': 26, 'rec_loss': '6.0744'}
2025-06-14 17:33:08,536 - {'Epoch': 26, 'HR@5': '0.1478', 'NDCG@5': '0.0965', 'HR@10': '0.2256', 'NDCG@10': '0.1216', 'HR@20': '0.3200', 'NDCG@20': '0.1455'}
2025-06-14 17:33:08,539 - Validation score increased.  Saving model ...
2025-06-14 17:34:28,999 - {'epoch': 27, 'rec_loss': '6.0262'}
2025-06-14 17:34:34,803 - {'Epoch': 27, 'HR@5': '0.1497', 'NDCG@5': '0.0974', 'HR@10': '0.2281', 'NDCG@10': '0.1225', 'HR@20': '0.3230', 'NDCG@20': '0.1466'}
2025-06-14 17:34:34,807 - Validation score increased.  Saving model ...
2025-06-14 17:35:55,416 - {'epoch': 28, 'rec_loss': '5.9817'}
2025-06-14 17:36:01,090 - {'Epoch': 28, 'HR@5': '0.1517', 'NDCG@5': '0.0991', 'HR@10': '0.2307', 'NDCG@10': '0.1244', 'HR@20': '0.3253', 'NDCG@20': '0.1485'}
2025-06-14 17:36:01,094 - Validation score increased.  Saving model ...
2025-06-14 17:37:21,560 - {'epoch': 29, 'rec_loss': '5.9395'}
2025-06-14 17:37:27,244 - {'Epoch': 29, 'HR@5': '0.1530', 'NDCG@5': '0.1004', 'HR@10': '0.2358', 'NDCG@10': '0.1269', 'HR@20': '0.3294', 'NDCG@20': '0.1507'}
2025-06-14 17:37:27,248 - Validation score increased.  Saving model ...
2025-06-14 17:38:47,622 - {'epoch': 30, 'rec_loss': '5.8967'}
2025-06-14 17:38:53,330 - {'Epoch': 30, 'HR@5': '0.1546', 'NDCG@5': '0.1013', 'HR@10': '0.2377', 'NDCG@10': '0.1280', 'HR@20': '0.3308', 'NDCG@20': '0.1516'}
2025-06-14 17:38:53,334 - Validation score increased.  Saving model ...
2025-06-14 17:40:13,686 - {'epoch': 31, 'rec_loss': '5.8638'}
2025-06-14 17:40:19,492 - {'Epoch': 31, 'HR@5': '0.1559', 'NDCG@5': '0.1023', 'HR@10': '0.2375', 'NDCG@10': '0.1285', 'HR@20': '0.3321', 'NDCG@20': '0.1524'}
2025-06-14 17:40:19,496 - Validation score increased.  Saving model ...
2025-06-14 17:41:39,880 - {'epoch': 32, 'rec_loss': '5.8276'}
2025-06-14 17:41:45,558 - {'Epoch': 32, 'HR@5': '0.1565', 'NDCG@5': '0.1032', 'HR@10': '0.2397', 'NDCG@10': '0.1299', 'HR@20': '0.3350', 'NDCG@20': '0.1541'}
2025-06-14 17:41:45,562 - Validation score increased.  Saving model ...
2025-06-14 17:43:06,025 - {'epoch': 33, 'rec_loss': '5.7947'}
2025-06-14 17:43:11,716 - {'Epoch': 33, 'HR@5': '0.1582', 'NDCG@5': '0.1046', 'HR@10': '0.2422', 'NDCG@10': '0.1316', 'HR@20': '0.3362', 'NDCG@20': '0.1554'}
2025-06-14 17:43:11,719 - Validation score increased.  Saving model ...
2025-06-14 17:44:32,155 - {'epoch': 34, 'rec_loss': '5.7598'}
2025-06-14 17:44:37,987 - {'Epoch': 34, 'HR@5': '0.1593', 'NDCG@5': '0.1049', 'HR@10': '0.2451', 'NDCG@10': '0.1324', 'HR@20': '0.3377', 'NDCG@20': '0.1558'}
2025-06-14 17:44:37,991 - Validation score increased.  Saving model ...
2025-06-14 17:45:58,552 - {'epoch': 35, 'rec_loss': '5.7281'}
2025-06-14 17:46:04,284 - {'Epoch': 35, 'HR@5': '0.1586', 'NDCG@5': '0.1046', 'HR@10': '0.2430', 'NDCG@10': '0.1318', 'HR@20': '0.3400', 'NDCG@20': '0.1564'}
2025-06-14 17:46:04,288 - Validation score increased.  Saving model ...
2025-06-14 17:47:24,617 - {'epoch': 36, 'rec_loss': '5.6975'}
2025-06-14 17:47:30,296 - {'Epoch': 36, 'HR@5': '0.1619', 'NDCG@5': '0.1060', 'HR@10': '0.2458', 'NDCG@10': '0.1330', 'HR@20': '0.3430', 'NDCG@20': '0.1576'}
2025-06-14 17:47:30,299 - Validation score increased.  Saving model ...
2025-06-14 17:48:50,740 - {'epoch': 37, 'rec_loss': '5.6692'}
2025-06-14 17:48:56,455 - {'Epoch': 37, 'HR@5': '0.1623', 'NDCG@5': '0.1061', 'HR@10': '0.2470', 'NDCG@10': '0.1334', 'HR@20': '0.3437', 'NDCG@20': '0.1579'}
2025-06-14 17:48:56,459 - Validation score increased.  Saving model ...
2025-06-14 17:50:16,929 - {'epoch': 38, 'rec_loss': '5.6454'}
2025-06-14 17:50:22,656 - {'Epoch': 38, 'HR@5': '0.1642', 'NDCG@5': '0.1077', 'HR@10': '0.2492', 'NDCG@10': '0.1350', 'HR@20': '0.3459', 'NDCG@20': '0.1595'}
2025-06-14 17:50:22,660 - Validation score increased.  Saving model ...
2025-06-14 17:51:43,144 - {'epoch': 39, 'rec_loss': '5.6168'}
2025-06-14 17:51:48,855 - {'Epoch': 39, 'HR@5': '0.1665', 'NDCG@5': '0.1087', 'HR@10': '0.2491', 'NDCG@10': '0.1354', 'HR@20': '0.3490', 'NDCG@20': '0.1606'}
2025-06-14 17:51:48,858 - Validation score increased.  Saving model ...
2025-06-14 17:53:09,413 - {'epoch': 40, 'rec_loss': '5.5971'}
2025-06-14 17:53:15,150 - {'Epoch': 40, 'HR@5': '0.1656', 'NDCG@5': '0.1086', 'HR@10': '0.2491', 'NDCG@10': '0.1356', 'HR@20': '0.3484', 'NDCG@20': '0.1607'}
2025-06-14 17:53:15,154 - Validation score increased.  Saving model ...
2025-06-14 17:54:35,694 - {'epoch': 41, 'rec_loss': '5.5711'}
2025-06-14 17:54:41,551 - {'Epoch': 41, 'HR@5': '0.1659', 'NDCG@5': '0.1084', 'HR@10': '0.2511', 'NDCG@10': '0.1359', 'HR@20': '0.3491', 'NDCG@20': '0.1607'}
2025-06-14 17:54:41,555 - Validation score increased.  Saving model ...
2025-06-14 17:56:02,332 - {'epoch': 42, 'rec_loss': '5.5534'}
2025-06-14 17:56:08,084 - {'Epoch': 42, 'HR@5': '0.1656', 'NDCG@5': '0.1084', 'HR@10': '0.2513', 'NDCG@10': '0.1360', 'HR@20': '0.3497', 'NDCG@20': '0.1609'}
2025-06-14 17:56:08,087 - Validation score increased.  Saving model ...
2025-06-14 17:57:28,614 - {'epoch': 43, 'rec_loss': '5.5318'}
2025-06-14 17:57:34,365 - {'Epoch': 43, 'HR@5': '0.1677', 'NDCG@5': '0.1094', 'HR@10': '0.2524', 'NDCG@10': '0.1367', 'HR@20': '0.3504', 'NDCG@20': '0.1615'}
2025-06-14 17:57:34,368 - Validation score increased.  Saving model ...
2025-06-14 17:58:54,784 - {'epoch': 44, 'rec_loss': '5.5082'}
2025-06-14 17:59:00,548 - {'Epoch': 44, 'HR@5': '0.1683', 'NDCG@5': '0.1100', 'HR@10': '0.2537', 'NDCG@10': '0.1375', 'HR@20': '0.3538', 'NDCG@20': '0.1628'}
2025-06-14 17:59:00,552 - Validation score increased.  Saving model ...
2025-06-14 18:00:20,971 - {'epoch': 45, 'rec_loss': '5.4909'}
2025-06-14 18:00:26,746 - {'Epoch': 45, 'HR@5': '0.1682', 'NDCG@5': '0.1102', 'HR@10': '0.2533', 'NDCG@10': '0.1377', 'HR@20': '0.3549', 'NDCG@20': '0.1634'}
2025-06-14 18:00:26,751 - Validation score increased.  Saving model ...
2025-06-14 18:01:47,169 - {'epoch': 46, 'rec_loss': '5.4745'}
2025-06-14 18:01:52,978 - {'Epoch': 46, 'HR@5': '0.1686', 'NDCG@5': '0.1101', 'HR@10': '0.2528', 'NDCG@10': '0.1372', 'HR@20': '0.3545', 'NDCG@20': '0.1630'}
2025-06-14 18:01:52,982 - EarlyStopping counter: 1 out of 10
2025-06-14 18:03:13,643 - {'epoch': 47, 'rec_loss': '5.4529'}
2025-06-14 18:03:19,445 - {'Epoch': 47, 'HR@5': '0.1695', 'NDCG@5': '0.1115', 'HR@10': '0.2548', 'NDCG@10': '0.1390', 'HR@20': '0.3555', 'NDCG@20': '0.1645'}
2025-06-14 18:03:19,448 - Validation score increased.  Saving model ...
2025-06-14 18:04:39,894 - {'epoch': 48, 'rec_loss': '5.4297'}
2025-06-14 18:04:45,599 - {'Epoch': 48, 'HR@5': '0.1699', 'NDCG@5': '0.1114', 'HR@10': '0.2548', 'NDCG@10': '0.1387', 'HR@20': '0.3570', 'NDCG@20': '0.1646'}
2025-06-14 18:04:45,603 - Validation score increased.  Saving model ...
2025-06-14 18:06:06,208 - {'epoch': 49, 'rec_loss': '5.4215'}
2025-06-14 18:06:11,935 - {'Epoch': 49, 'HR@5': '0.1683', 'NDCG@5': '0.1108', 'HR@10': '0.2559', 'NDCG@10': '0.1390', 'HR@20': '0.3565', 'NDCG@20': '0.1646'}
2025-06-14 18:06:11,938 - EarlyStopping counter: 1 out of 10
2025-06-14 18:07:32,236 - {'epoch': 50, 'rec_loss': '5.3991'}
2025-06-14 18:07:37,986 - {'Epoch': 50, 'HR@5': '0.1708', 'NDCG@5': '0.1120', 'HR@10': '0.2574', 'NDCG@10': '0.1398', 'HR@20': '0.3584', 'NDCG@20': '0.1654'}
2025-06-14 18:07:37,990 - Validation score increased.  Saving model ...
2025-06-14 18:08:58,334 - {'epoch': 51, 'rec_loss': '5.3906'}
2025-06-14 18:09:04,047 - {'Epoch': 51, 'HR@5': '0.1703', 'NDCG@5': '0.1112', 'HR@10': '0.2566', 'NDCG@10': '0.1390', 'HR@20': '0.3580', 'NDCG@20': '0.1647'}
2025-06-14 18:09:04,051 - EarlyStopping counter: 1 out of 10
2025-06-14 18:10:24,558 - {'epoch': 52, 'rec_loss': '5.3742'}
2025-06-14 18:10:30,352 - {'Epoch': 52, 'HR@5': '0.1678', 'NDCG@5': '0.1108', 'HR@10': '0.2555', 'NDCG@10': '0.1391', 'HR@20': '0.3580', 'NDCG@20': '0.1651'}
2025-06-14 18:10:30,358 - EarlyStopping counter: 2 out of 10
2025-06-14 18:11:50,794 - {'epoch': 53, 'rec_loss': '5.3579'}
2025-06-14 18:11:56,611 - {'Epoch': 53, 'HR@5': '0.1698', 'NDCG@5': '0.1116', 'HR@10': '0.2564', 'NDCG@10': '0.1394', 'HR@20': '0.3590', 'NDCG@20': '0.1654'}
2025-06-14 18:11:56,615 - Validation score increased.  Saving model ...
2025-06-14 18:13:17,064 - {'epoch': 54, 'rec_loss': '5.3385'}
2025-06-14 18:13:22,809 - {'Epoch': 54, 'HR@5': '0.1693', 'NDCG@5': '0.1113', 'HR@10': '0.2569', 'NDCG@10': '0.1396', 'HR@20': '0.3590', 'NDCG@20': '0.1654'}
2025-06-14 18:13:22,813 - Validation score increased.  Saving model ...
2025-06-14 18:14:43,481 - {'epoch': 55, 'rec_loss': '5.3276'}
2025-06-14 18:14:49,173 - {'Epoch': 55, 'HR@5': '0.1699', 'NDCG@5': '0.1111', 'HR@10': '0.2570', 'NDCG@10': '0.1391', 'HR@20': '0.3592', 'NDCG@20': '0.1650'}
2025-06-14 18:14:49,176 - EarlyStopping counter: 1 out of 10
2025-06-14 18:16:09,811 - {'epoch': 56, 'rec_loss': '5.3151'}
2025-06-14 18:16:15,545 - {'Epoch': 56, 'HR@5': '0.1703', 'NDCG@5': '0.1115', 'HR@10': '0.2573', 'NDCG@10': '0.1395', 'HR@20': '0.3599', 'NDCG@20': '0.1655'}
2025-06-14 18:16:15,549 - Validation score increased.  Saving model ...
2025-06-14 18:17:35,927 - {'epoch': 57, 'rec_loss': '5.3089'}
2025-06-14 18:17:41,574 - {'Epoch': 57, 'HR@5': '0.1714', 'NDCG@5': '0.1121', 'HR@10': '0.2582', 'NDCG@10': '0.1400', 'HR@20': '0.3613', 'NDCG@20': '0.1661'}
2025-06-14 18:17:41,577 - Validation score increased.  Saving model ...
2025-06-14 18:19:02,107 - {'epoch': 58, 'rec_loss': '5.2932'}
2025-06-14 18:19:07,860 - {'Epoch': 58, 'HR@5': '0.1709', 'NDCG@5': '0.1119', 'HR@10': '0.2586', 'NDCG@10': '0.1402', 'HR@20': '0.3597', 'NDCG@20': '0.1658'}
2025-06-14 18:19:07,864 - EarlyStopping counter: 1 out of 10
2025-06-14 18:20:28,298 - {'epoch': 59, 'rec_loss': '5.2768'}
2025-06-14 18:20:34,002 - {'Epoch': 59, 'HR@5': '0.1709', 'NDCG@5': '0.1121', 'HR@10': '0.2585', 'NDCG@10': '0.1403', 'HR@20': '0.3610', 'NDCG@20': '0.1663'}
2025-06-14 18:20:34,006 - Validation score increased.  Saving model ...
2025-06-14 18:21:54,490 - {'epoch': 60, 'rec_loss': '5.2667'}
2025-06-14 18:22:00,330 - {'Epoch': 60, 'HR@5': '0.1718', 'NDCG@5': '0.1125', 'HR@10': '0.2596', 'NDCG@10': '0.1408', 'HR@20': '0.3615', 'NDCG@20': '0.1665'}
2025-06-14 18:22:00,335 - Validation score increased.  Saving model ...
2025-06-14 18:23:20,731 - {'epoch': 61, 'rec_loss': '5.2607'}
2025-06-14 18:23:26,409 - {'Epoch': 61, 'HR@5': '0.1708', 'NDCG@5': '0.1118', 'HR@10': '0.2593', 'NDCG@10': '0.1403', 'HR@20': '0.3612', 'NDCG@20': '0.1661'}
2025-06-14 18:23:26,413 - EarlyStopping counter: 1 out of 10
2025-06-14 18:24:46,917 - {'epoch': 62, 'rec_loss': '5.2437'}
2025-06-14 18:24:52,698 - {'Epoch': 62, 'HR@5': '0.1701', 'NDCG@5': '0.1115', 'HR@10': '0.2579', 'NDCG@10': '0.1398', 'HR@20': '0.3612', 'NDCG@20': '0.1660'}
2025-06-14 18:24:52,701 - EarlyStopping counter: 2 out of 10
2025-06-14 18:26:13,063 - {'epoch': 63, 'rec_loss': '5.2311'}
2025-06-14 18:26:18,803 - {'Epoch': 63, 'HR@5': '0.1707', 'NDCG@5': '0.1119', 'HR@10': '0.2594', 'NDCG@10': '0.1405', 'HR@20': '0.3619', 'NDCG@20': '0.1665'}
2025-06-14 18:26:18,807 - EarlyStopping counter: 3 out of 10
2025-06-14 18:27:39,324 - {'epoch': 64, 'rec_loss': '5.2205'}
2025-06-14 18:27:44,988 - {'Epoch': 64, 'HR@5': '0.1703', 'NDCG@5': '0.1122', 'HR@10': '0.2594', 'NDCG@10': '0.1410', 'HR@20': '0.3638', 'NDCG@20': '0.1673'}
2025-06-14 18:27:44,992 - Validation score increased.  Saving model ...
2025-06-14 18:29:05,400 - {'epoch': 65, 'rec_loss': '5.2130'}
2025-06-14 18:29:11,103 - {'Epoch': 65, 'HR@5': '0.1700', 'NDCG@5': '0.1120', 'HR@10': '0.2592', 'NDCG@10': '0.1407', 'HR@20': '0.3622', 'NDCG@20': '0.1668'}
2025-06-14 18:29:11,107 - EarlyStopping counter: 1 out of 10
2025-06-14 18:30:31,375 - {'epoch': 66, 'rec_loss': '5.2072'}
2025-06-14 18:30:37,162 - {'Epoch': 66, 'HR@5': '0.1731', 'NDCG@5': '0.1135', 'HR@10': '0.2610', 'NDCG@10': '0.1417', 'HR@20': '0.3646', 'NDCG@20': '0.1679'}
2025-06-14 18:30:37,166 - Validation score increased.  Saving model ...
2025-06-14 18:31:57,693 - {'epoch': 67, 'rec_loss': '5.1950'}
2025-06-14 18:32:03,491 - {'Epoch': 67, 'HR@5': '0.1725', 'NDCG@5': '0.1124', 'HR@10': '0.2611', 'NDCG@10': '0.1409', 'HR@20': '0.3618', 'NDCG@20': '0.1664'}
2025-06-14 18:32:03,494 - EarlyStopping counter: 1 out of 10
2025-06-14 18:33:24,130 - {'epoch': 68, 'rec_loss': '5.1913'}
2025-06-14 18:33:29,938 - {'Epoch': 68, 'HR@5': '0.1732', 'NDCG@5': '0.1125', 'HR@10': '0.2583', 'NDCG@10': '0.1399', 'HR@20': '0.3615', 'NDCG@20': '0.1661'}
2025-06-14 18:33:29,942 - EarlyStopping counter: 2 out of 10
2025-06-14 18:34:50,532 - {'epoch': 69, 'rec_loss': '5.1703'}
2025-06-14 18:34:56,340 - {'Epoch': 69, 'HR@5': '0.1719', 'NDCG@5': '0.1122', 'HR@10': '0.2590', 'NDCG@10': '0.1403', 'HR@20': '0.3609', 'NDCG@20': '0.1661'}
2025-06-14 18:34:56,344 - EarlyStopping counter: 3 out of 10
2025-06-14 18:36:16,795 - {'epoch': 70, 'rec_loss': '5.1672'}
2025-06-14 18:36:22,480 - {'Epoch': 70, 'HR@5': '0.1722', 'NDCG@5': '0.1124', 'HR@10': '0.2599', 'NDCG@10': '0.1407', 'HR@20': '0.3617', 'NDCG@20': '0.1665'}
2025-06-14 18:36:22,484 - EarlyStopping counter: 4 out of 10
2025-06-14 18:37:42,951 - {'epoch': 71, 'rec_loss': '5.1584'}
2025-06-14 18:37:48,718 - {'Epoch': 71, 'HR@5': '0.1726', 'NDCG@5': '0.1131', 'HR@10': '0.2614', 'NDCG@10': '0.1418', 'HR@20': '0.3632', 'NDCG@20': '0.1676'}
2025-06-14 18:37:48,722 - EarlyStopping counter: 5 out of 10
2025-06-14 18:39:09,191 - {'epoch': 72, 'rec_loss': '5.1438'}
2025-06-14 18:39:14,930 - {'Epoch': 72, 'HR@5': '0.1732', 'NDCG@5': '0.1137', 'HR@10': '0.2615', 'NDCG@10': '0.1421', 'HR@20': '0.3635', 'NDCG@20': '0.1679'}
2025-06-14 18:39:14,934 - EarlyStopping counter: 6 out of 10
2025-06-14 18:40:35,433 - {'epoch': 73, 'rec_loss': '5.1474'}
2025-06-14 18:40:41,202 - {'Epoch': 73, 'HR@5': '0.1731', 'NDCG@5': '0.1134', 'HR@10': '0.2613', 'NDCG@10': '0.1419', 'HR@20': '0.3634', 'NDCG@20': '0.1677'}
2025-06-14 18:40:41,206 - EarlyStopping counter: 7 out of 10
2025-06-14 18:42:01,602 - {'epoch': 74, 'rec_loss': '5.1327'}
2025-06-14 18:42:07,271 - {'Epoch': 74, 'HR@5': '0.1731', 'NDCG@5': '0.1128', 'HR@10': '0.2624', 'NDCG@10': '0.1417', 'HR@20': '0.3640', 'NDCG@20': '0.1673'}
2025-06-14 18:42:07,275 - EarlyStopping counter: 8 out of 10
2025-06-14 18:43:27,765 - {'epoch': 75, 'rec_loss': '5.1268'}
2025-06-14 18:43:33,603 - {'Epoch': 75, 'HR@5': '0.1729', 'NDCG@5': '0.1132', 'HR@10': '0.2623', 'NDCG@10': '0.1420', 'HR@20': '0.3649', 'NDCG@20': '0.1679'}
2025-06-14 18:43:33,607 - EarlyStopping counter: 9 out of 10
2025-06-14 18:44:54,017 - {'epoch': 76, 'rec_loss': '5.1157'}
2025-06-14 18:44:59,678 - {'Epoch': 76, 'HR@5': '0.1740', 'NDCG@5': '0.1139', 'HR@10': '0.2627', 'NDCG@10': '0.1425', 'HR@20': '0.3644', 'NDCG@20': '0.1682'}
2025-06-14 18:44:59,681 - Validation score increased.  Saving model ...
2025-06-14 18:46:20,112 - {'epoch': 77, 'rec_loss': '5.1103'}
2025-06-14 18:46:25,876 - {'Epoch': 77, 'HR@5': '0.1723', 'NDCG@5': '0.1133', 'HR@10': '0.2617', 'NDCG@10': '0.1422', 'HR@20': '0.3630', 'NDCG@20': '0.1678'}
2025-06-14 18:46:25,880 - EarlyStopping counter: 1 out of 10
2025-06-14 18:47:46,456 - {'epoch': 78, 'rec_loss': '5.1010'}
2025-06-14 18:47:52,216 - {'Epoch': 78, 'HR@5': '0.1741', 'NDCG@5': '0.1137', 'HR@10': '0.2614', 'NDCG@10': '0.1419', 'HR@20': '0.3654', 'NDCG@20': '0.1681'}
2025-06-14 18:47:52,220 - EarlyStopping counter: 2 out of 10
2025-06-14 18:49:12,964 - {'epoch': 79, 'rec_loss': '5.0964'}
2025-06-14 18:49:18,726 - {'Epoch': 79, 'HR@5': '0.1732', 'NDCG@5': '0.1136', 'HR@10': '0.2617', 'NDCG@10': '0.1420', 'HR@20': '0.3644', 'NDCG@20': '0.1680'}
2025-06-14 18:49:18,730 - EarlyStopping counter: 3 out of 10
2025-06-14 18:50:39,090 - {'epoch': 80, 'rec_loss': '5.0911'}
2025-06-14 18:50:44,779 - {'Epoch': 80, 'HR@5': '0.1736', 'NDCG@5': '0.1142', 'HR@10': '0.2618', 'NDCG@10': '0.1426', 'HR@20': '0.3636', 'NDCG@20': '0.1684'}
2025-06-14 18:50:44,783 - Validation score increased.  Saving model ...
2025-06-14 18:52:05,197 - {'epoch': 81, 'rec_loss': '5.0808'}
2025-06-14 18:52:10,978 - {'Epoch': 81, 'HR@5': '0.1721', 'NDCG@5': '0.1132', 'HR@10': '0.2619', 'NDCG@10': '0.1422', 'HR@20': '0.3657', 'NDCG@20': '0.1684'}
2025-06-14 18:52:10,982 - Validation score increased.  Saving model ...
2025-06-14 18:53:31,361 - {'epoch': 82, 'rec_loss': '5.0746'}
2025-06-14 18:53:37,123 - {'Epoch': 82, 'HR@5': '0.1712', 'NDCG@5': '0.1125', 'HR@10': '0.2604', 'NDCG@10': '0.1413', 'HR@20': '0.3626', 'NDCG@20': '0.1671'}
2025-06-14 18:53:37,126 - EarlyStopping counter: 1 out of 10
2025-06-14 18:54:57,724 - {'epoch': 83, 'rec_loss': '5.0701'}
2025-06-14 18:55:03,490 - {'Epoch': 83, 'HR@5': '0.1744', 'NDCG@5': '0.1140', 'HR@10': '0.2634', 'NDCG@10': '0.1427', 'HR@20': '0.3642', 'NDCG@20': '0.1682'}
2025-06-14 18:55:03,493 - EarlyStopping counter: 2 out of 10
2025-06-14 18:56:23,973 - {'epoch': 84, 'rec_loss': '5.0601'}
2025-06-14 18:56:29,686 - {'Epoch': 84, 'HR@5': '0.1741', 'NDCG@5': '0.1142', 'HR@10': '0.2623', 'NDCG@10': '0.1427', 'HR@20': '0.3648', 'NDCG@20': '0.1685'}
2025-06-14 18:56:29,690 - Validation score increased.  Saving model ...
2025-06-14 18:57:50,205 - {'epoch': 85, 'rec_loss': '5.0570'}
2025-06-14 18:57:55,927 - {'Epoch': 85, 'HR@5': '0.1737', 'NDCG@5': '0.1141', 'HR@10': '0.2628', 'NDCG@10': '0.1430', 'HR@20': '0.3658', 'NDCG@20': '0.1690'}
2025-06-14 18:57:55,931 - Validation score increased.  Saving model ...
2025-06-14 18:59:16,328 - {'epoch': 86, 'rec_loss': '5.0529'}
2025-06-14 18:59:22,024 - {'Epoch': 86, 'HR@5': '0.1743', 'NDCG@5': '0.1145', 'HR@10': '0.2630', 'NDCG@10': '0.1431', 'HR@20': '0.3669', 'NDCG@20': '0.1694'}
2025-06-14 18:59:22,027 - Validation score increased.  Saving model ...
2025-06-14 19:00:42,409 - {'epoch': 87, 'rec_loss': '5.0460'}
2025-06-14 19:00:48,180 - {'Epoch': 87, 'HR@5': '0.1739', 'NDCG@5': '0.1145', 'HR@10': '0.2650', 'NDCG@10': '0.1438', 'HR@20': '0.3650', 'NDCG@20': '0.1691'}
2025-06-14 19:00:48,184 - EarlyStopping counter: 1 out of 10
2025-06-14 19:02:08,701 - {'epoch': 88, 'rec_loss': '5.0378'}
2025-06-14 19:02:14,405 - {'Epoch': 88, 'HR@5': '0.1741', 'NDCG@5': '0.1137', 'HR@10': '0.2634', 'NDCG@10': '0.1425', 'HR@20': '0.3672', 'NDCG@20': '0.1687'}
2025-06-14 19:02:14,409 - EarlyStopping counter: 2 out of 10
2025-06-14 19:03:35,144 - {'epoch': 89, 'rec_loss': '5.0285'}
2025-06-14 19:03:40,813 - {'Epoch': 89, 'HR@5': '0.1748', 'NDCG@5': '0.1142', 'HR@10': '0.2630', 'NDCG@10': '0.1426', 'HR@20': '0.3653', 'NDCG@20': '0.1685'}
2025-06-14 19:03:40,816 - EarlyStopping counter: 3 out of 10
2025-06-14 19:05:01,345 - {'epoch': 90, 'rec_loss': '5.0244'}
2025-06-14 19:05:07,014 - {'Epoch': 90, 'HR@5': '0.1745', 'NDCG@5': '0.1142', 'HR@10': '0.2623', 'NDCG@10': '0.1426', 'HR@20': '0.3644', 'NDCG@20': '0.1684'}
2025-06-14 19:05:07,018 - EarlyStopping counter: 4 out of 10
2025-06-14 19:06:27,493 - {'epoch': 91, 'rec_loss': '5.0180'}
2025-06-14 19:06:33,243 - {'Epoch': 91, 'HR@5': '0.1747', 'NDCG@5': '0.1143', 'HR@10': '0.2636', 'NDCG@10': '0.1430', 'HR@20': '0.3641', 'NDCG@20': '0.1684'}
2025-06-14 19:06:33,247 - EarlyStopping counter: 5 out of 10
2025-06-14 19:07:53,802 - {'epoch': 92, 'rec_loss': '5.0136'}
2025-06-14 19:07:59,513 - {'Epoch': 92, 'HR@5': '0.1742', 'NDCG@5': '0.1135', 'HR@10': '0.2627', 'NDCG@10': '0.1421', 'HR@20': '0.3639', 'NDCG@20': '0.1677'}
2025-06-14 19:07:59,517 - EarlyStopping counter: 6 out of 10
2025-06-14 19:09:20,147 - {'epoch': 93, 'rec_loss': '5.0073'}
2025-06-14 19:09:25,895 - {'Epoch': 93, 'HR@5': '0.1735', 'NDCG@5': '0.1141', 'HR@10': '0.2638', 'NDCG@10': '0.1433', 'HR@20': '0.3652', 'NDCG@20': '0.1689'}
2025-06-14 19:09:25,898 - EarlyStopping counter: 7 out of 10
2025-06-14 19:10:46,332 - {'epoch': 94, 'rec_loss': '5.0101'}
2025-06-14 19:10:52,038 - {'Epoch': 94, 'HR@5': '0.1747', 'NDCG@5': '0.1146', 'HR@10': '0.2642', 'NDCG@10': '0.1434', 'HR@20': '0.3653', 'NDCG@20': '0.1689'}
2025-06-14 19:10:52,042 - EarlyStopping counter: 8 out of 10
2025-06-14 19:12:12,519 - {'epoch': 95, 'rec_loss': '4.9981'}
2025-06-14 19:12:18,329 - {'Epoch': 95, 'HR@5': '0.1738', 'NDCG@5': '0.1146', 'HR@10': '0.2648', 'NDCG@10': '0.1439', 'HR@20': '0.3656', 'NDCG@20': '0.1693'}
2025-06-14 19:12:18,332 - EarlyStopping counter: 9 out of 10
2025-06-14 19:13:38,758 - {'epoch': 96, 'rec_loss': '4.9901'}
2025-06-14 19:13:44,493 - {'Epoch': 96, 'HR@5': '0.1737', 'NDCG@5': '0.1137', 'HR@10': '0.2640', 'NDCG@10': '0.1428', 'HR@20': '0.3641', 'NDCG@20': '0.1681'}
2025-06-14 19:13:44,496 - EarlyStopping counter: 10 out of 10
2025-06-14 19:13:44,496 - Early stopping
2025-06-14 19:13:44,496 - ---------------Validation Score---------------
2025-06-14 19:13:50,271 - {'Epoch': 0, 'HR@5': '0.1743', 'NDCG@5': '0.1145', 'HR@10': '0.2630', 'NDCG@10': '0.1431', 'HR@20': '0.3669', 'NDCG@20': '0.1694'}
2025-06-14 19:13:50,275 - FEARec_Diginetica
2025-06-14 19:13:50,275 - {'Epoch': 0, 'HR@5': '0.1743', 'NDCG@5': '0.1145', 'HR@10': '0.2630', 'NDCG@10': '0.1431', 'HR@20': '0.3669', 'NDCG@20': '0.1694'}
