2025-06-13 22:50:40,803 - Namespace(data_dir='data/self_processed/', output_dir='hparam_search/', data_name='Diginetica', train_name='BSARec_Diginetica', num_items=10, num_users=14829, lr=0.001, batch_size=256, epochs=200, no_cuda=False, log_freq=1, patience=10, num_workers=4, seed=42, weight_decay=0.0, adam_beta1=0.9, adam_beta2=0.999, gpu_id='0', variance=5, model_type='BSARec', max_seq_length=50, hidden_size=64, num_hidden_layers=2, hidden_act='gelu', num_attention_heads=1, attention_probs_dropout_prob=0.5, hidden_dropout_prob=0.5, initializer_range=0.02, c=5, alpha=0.9, cuda_condition=True, data_file='data/self_processed/Diginetica.txt', item_size=9441, checkpoint_path=PosixPath('/gpfs/home3/scur2771/BSARec/BSARec/src/hparam_search/BSARec_Diginetica/12367757_15/model.pt'), same_target_path='data/self_processed/Diginetica_same_target.npy')
2025-06-13 22:50:40,820 - BSARecModel(
  (item_embeddings): Embedding(9441, 64, padding_idx=0)
  (position_embeddings): Embedding(50, 64)
  (LayerNorm): LayerNorm()
  (dropout): Dropout(p=0.5, inplace=False)
  (item_encoder): BSARecEncoder(
    (blocks): ModuleList(
      (0): BSARecBlock(
        (layer): BSARecLayer(
          (filter_layer): FrequencyLayer(
            (out_dropout): Dropout(p=0.5, inplace=False)
            (LayerNorm): LayerNorm()
          )
          (attention_layer): MultiHeadAttention(
            (query): Linear(in_features=64, out_features=64, bias=True)
            (key): Linear(in_features=64, out_features=64, bias=True)
            (value): Linear(in_features=64, out_features=64, bias=True)
            (softmax): Softmax(dim=-1)
            (attn_dropout): Dropout(p=0.5, inplace=False)
            (dense): Linear(in_features=64, out_features=64, bias=True)
            (LayerNorm): LayerNorm((64,), eps=1e-12, elementwise_affine=True)
            (out_dropout): Dropout(p=0.5, inplace=False)
          )
        )
        (feed_forward): FeedForward(
          (dense_1): Linear(in_features=64, out_features=256, bias=True)
          (dense_2): Linear(in_features=256, out_features=64, bias=True)
          (LayerNorm): LayerNorm()
          (dropout): Dropout(p=0.5, inplace=False)
        )
      )
      (1): BSARecBlock(
        (layer): BSARecLayer(
          (filter_layer): FrequencyLayer(
            (out_dropout): Dropout(p=0.5, inplace=False)
            (LayerNorm): LayerNorm()
          )
          (attention_layer): MultiHeadAttention(
            (query): Linear(in_features=64, out_features=64, bias=True)
            (key): Linear(in_features=64, out_features=64, bias=True)
            (value): Linear(in_features=64, out_features=64, bias=True)
            (softmax): Softmax(dim=-1)
            (attn_dropout): Dropout(p=0.5, inplace=False)
            (dense): Linear(in_features=64, out_features=64, bias=True)
            (LayerNorm): LayerNorm((64,), eps=1e-12, elementwise_affine=True)
            (out_dropout): Dropout(p=0.5, inplace=False)
          )
        )
        (feed_forward): FeedForward(
          (dense_1): Linear(in_features=64, out_features=256, bias=True)
          (dense_2): Linear(in_features=256, out_features=64, bias=True)
          (LayerNorm): LayerNorm()
          (dropout): Dropout(p=0.5, inplace=False)
        )
      )
    )
  )
)
2025-06-13 22:50:43,130 - Total Parameters: 707904
2025-06-13 22:50:51,611 - {'epoch': 0, 'rec_loss': '8.7457'}
2025-06-13 22:50:55,786 - {'Epoch': 0, 'HR@5': '0.0131', 'NDCG@5': '0.0086', 'HR@10': '0.0189', 'NDCG@10': '0.0105', 'HR@20': '0.0302', 'NDCG@20': '0.0133'}
2025-06-13 22:50:55,787 - Validation score increased.  Saving model ...
2025-06-13 22:51:03,284 - {'epoch': 1, 'rec_loss': '7.8349'}
2025-06-13 22:51:07,544 - {'Epoch': 1, 'HR@5': '0.0836', 'NDCG@5': '0.0553', 'HR@10': '0.1255', 'NDCG@10': '0.0689', 'HR@20': '0.1751', 'NDCG@20': '0.0815'}
2025-06-13 22:51:07,546 - Validation score increased.  Saving model ...
2025-06-13 22:51:14,925 - {'epoch': 2, 'rec_loss': '6.5370'}
2025-06-13 22:51:19,168 - {'Epoch': 2, 'HR@5': '0.1229', 'NDCG@5': '0.0809', 'HR@10': '0.1888', 'NDCG@10': '0.1020', 'HR@20': '0.2660', 'NDCG@20': '0.1215'}
2025-06-13 22:51:19,169 - Validation score increased.  Saving model ...
2025-06-13 22:51:26,702 - {'epoch': 3, 'rec_loss': '5.6905'}
2025-06-13 22:51:31,043 - {'Epoch': 3, 'HR@5': '0.1459', 'NDCG@5': '0.0950', 'HR@10': '0.2211', 'NDCG@10': '0.1193', 'HR@20': '0.3120', 'NDCG@20': '0.1422'}
2025-06-13 22:51:31,045 - Validation score increased.  Saving model ...
2025-06-13 22:51:38,459 - {'epoch': 4, 'rec_loss': '5.2764'}
2025-06-13 22:51:42,771 - {'Epoch': 4, 'HR@5': '0.1583', 'NDCG@5': '0.1033', 'HR@10': '0.2395', 'NDCG@10': '0.1293', 'HR@20': '0.3357', 'NDCG@20': '0.1535'}
2025-06-13 22:51:42,773 - Validation score increased.  Saving model ...
2025-06-13 22:51:50,114 - {'epoch': 5, 'rec_loss': '5.0824'}
2025-06-13 22:51:54,396 - {'Epoch': 5, 'HR@5': '0.1628', 'NDCG@5': '0.1056', 'HR@10': '0.2466', 'NDCG@10': '0.1325', 'HR@20': '0.3423', 'NDCG@20': '0.1568'}
2025-06-13 22:51:54,398 - Validation score increased.  Saving model ...
2025-06-13 22:52:01,842 - {'epoch': 6, 'rec_loss': '4.9754'}
2025-06-13 22:52:06,200 - {'Epoch': 6, 'HR@5': '0.1681', 'NDCG@5': '0.1100', 'HR@10': '0.2522', 'NDCG@10': '0.1371', 'HR@20': '0.3485', 'NDCG@20': '0.1614'}
2025-06-13 22:52:06,202 - Validation score increased.  Saving model ...
2025-06-13 22:52:13,600 - {'epoch': 7, 'rec_loss': '4.9084'}
2025-06-13 22:52:17,983 - {'Epoch': 7, 'HR@5': '0.1676', 'NDCG@5': '0.1093', 'HR@10': '0.2547', 'NDCG@10': '0.1372', 'HR@20': '0.3508', 'NDCG@20': '0.1615'}
2025-06-13 22:52:17,984 - Validation score increased.  Saving model ...
2025-06-13 22:52:25,335 - {'epoch': 8, 'rec_loss': '4.8547'}
2025-06-13 22:52:29,652 - {'Epoch': 8, 'HR@5': '0.1677', 'NDCG@5': '0.1102', 'HR@10': '0.2556', 'NDCG@10': '0.1385', 'HR@20': '0.3540', 'NDCG@20': '0.1634'}
2025-06-13 22:52:29,653 - Validation score increased.  Saving model ...
2025-06-13 22:52:37,018 - {'epoch': 9, 'rec_loss': '4.8154'}
2025-06-13 22:52:41,408 - {'Epoch': 9, 'HR@5': '0.1707', 'NDCG@5': '0.1113', 'HR@10': '0.2519', 'NDCG@10': '0.1374', 'HR@20': '0.3551', 'NDCG@20': '0.1635'}
2025-06-13 22:52:41,410 - Validation score increased.  Saving model ...
2025-06-13 22:52:48,965 - {'epoch': 10, 'rec_loss': '4.7858'}
2025-06-13 22:52:53,295 - {'Epoch': 10, 'HR@5': '0.1663', 'NDCG@5': '0.1102', 'HR@10': '0.2580', 'NDCG@10': '0.1397', 'HR@20': '0.3582', 'NDCG@20': '0.1651'}
2025-06-13 22:52:53,297 - Validation score increased.  Saving model ...
2025-06-13 22:53:00,701 - {'epoch': 11, 'rec_loss': '4.7550'}
2025-06-13 22:53:05,059 - {'Epoch': 11, 'HR@5': '0.1699', 'NDCG@5': '0.1106', 'HR@10': '0.2580', 'NDCG@10': '0.1388', 'HR@20': '0.3594', 'NDCG@20': '0.1644'}
2025-06-13 22:53:05,061 - EarlyStopping counter: 1 out of 10
2025-06-13 22:53:12,521 - {'epoch': 12, 'rec_loss': '4.7337'}
2025-06-13 22:53:16,832 - {'Epoch': 12, 'HR@5': '0.1683', 'NDCG@5': '0.1109', 'HR@10': '0.2558', 'NDCG@10': '0.1392', 'HR@20': '0.3595', 'NDCG@20': '0.1655'}
2025-06-13 22:53:16,833 - Validation score increased.  Saving model ...
2025-06-13 22:53:24,246 - {'epoch': 13, 'rec_loss': '4.7132'}
2025-06-13 22:53:28,592 - {'Epoch': 13, 'HR@5': '0.1697', 'NDCG@5': '0.1117', 'HR@10': '0.2565', 'NDCG@10': '0.1397', 'HR@20': '0.3588', 'NDCG@20': '0.1655'}
2025-06-13 22:53:28,593 - Validation score increased.  Saving model ...
2025-06-13 22:53:36,049 - {'epoch': 14, 'rec_loss': '4.6905'}
2025-06-13 22:53:40,478 - {'Epoch': 14, 'HR@5': '0.1710', 'NDCG@5': '0.1113', 'HR@10': '0.2576', 'NDCG@10': '0.1392', 'HR@20': '0.3580', 'NDCG@20': '0.1646'}
2025-06-13 22:53:40,480 - EarlyStopping counter: 1 out of 10
2025-06-13 22:53:47,927 - {'epoch': 15, 'rec_loss': '4.6809'}
2025-06-13 22:53:52,298 - {'Epoch': 15, 'HR@5': '0.1676', 'NDCG@5': '0.1105', 'HR@10': '0.2569', 'NDCG@10': '0.1393', 'HR@20': '0.3636', 'NDCG@20': '0.1663'}
2025-06-13 22:53:52,300 - Validation score increased.  Saving model ...
2025-06-13 22:53:59,724 - {'epoch': 16, 'rec_loss': '4.6603'}
2025-06-13 22:54:04,038 - {'Epoch': 16, 'HR@5': '0.1692', 'NDCG@5': '0.1105', 'HR@10': '0.2555', 'NDCG@10': '0.1384', 'HR@20': '0.3578', 'NDCG@20': '0.1642'}
2025-06-13 22:54:04,041 - EarlyStopping counter: 1 out of 10
2025-06-13 22:54:11,411 - {'epoch': 17, 'rec_loss': '4.6474'}
2025-06-13 22:54:15,732 - {'Epoch': 17, 'HR@5': '0.1697', 'NDCG@5': '0.1103', 'HR@10': '0.2587', 'NDCG@10': '0.1390', 'HR@20': '0.3584', 'NDCG@20': '0.1642'}
2025-06-13 22:54:15,733 - EarlyStopping counter: 2 out of 10
2025-06-13 22:54:23,131 - {'epoch': 18, 'rec_loss': '4.6313'}
2025-06-13 22:54:27,421 - {'Epoch': 18, 'HR@5': '0.1722', 'NDCG@5': '0.1125', 'HR@10': '0.2550', 'NDCG@10': '0.1393', 'HR@20': '0.3583', 'NDCG@20': '0.1654'}
2025-06-13 22:54:27,422 - EarlyStopping counter: 3 out of 10
2025-06-13 22:54:34,896 - {'epoch': 19, 'rec_loss': '4.6213'}
2025-06-13 22:54:39,221 - {'Epoch': 19, 'HR@5': '0.1691', 'NDCG@5': '0.1107', 'HR@10': '0.2551', 'NDCG@10': '0.1384', 'HR@20': '0.3577', 'NDCG@20': '0.1643'}
2025-06-13 22:54:39,223 - EarlyStopping counter: 4 out of 10
2025-06-13 22:54:46,621 - {'epoch': 20, 'rec_loss': '4.6108'}
2025-06-13 22:54:50,967 - {'Epoch': 20, 'HR@5': '0.1718', 'NDCG@5': '0.1128', 'HR@10': '0.2594', 'NDCG@10': '0.1411', 'HR@20': '0.3597', 'NDCG@20': '0.1665'}
2025-06-13 22:54:50,969 - Validation score increased.  Saving model ...
2025-06-13 22:54:58,422 - {'epoch': 21, 'rec_loss': '4.5964'}
2025-06-13 22:55:02,785 - {'Epoch': 21, 'HR@5': '0.1726', 'NDCG@5': '0.1115', 'HR@10': '0.2592', 'NDCG@10': '0.1392', 'HR@20': '0.3570', 'NDCG@20': '0.1640'}
2025-06-13 22:55:02,787 - EarlyStopping counter: 1 out of 10
2025-06-13 22:55:10,247 - {'epoch': 22, 'rec_loss': '4.5855'}
2025-06-13 22:55:14,594 - {'Epoch': 22, 'HR@5': '0.1702', 'NDCG@5': '0.1112', 'HR@10': '0.2569', 'NDCG@10': '0.1391', 'HR@20': '0.3580', 'NDCG@20': '0.1647'}
2025-06-13 22:55:14,595 - EarlyStopping counter: 2 out of 10
2025-06-13 22:55:22,037 - {'epoch': 23, 'rec_loss': '4.5748'}
2025-06-13 22:55:26,414 - {'Epoch': 23, 'HR@5': '0.1700', 'NDCG@5': '0.1106', 'HR@10': '0.2539', 'NDCG@10': '0.1377', 'HR@20': '0.3563', 'NDCG@20': '0.1636'}
2025-06-13 22:55:26,415 - EarlyStopping counter: 3 out of 10
2025-06-13 22:55:33,822 - {'epoch': 24, 'rec_loss': '4.5679'}
2025-06-13 22:55:38,135 - {'Epoch': 24, 'HR@5': '0.1704', 'NDCG@5': '0.1113', 'HR@10': '0.2566', 'NDCG@10': '0.1390', 'HR@20': '0.3574', 'NDCG@20': '0.1644'}
2025-06-13 22:55:38,137 - EarlyStopping counter: 4 out of 10
2025-06-13 22:55:45,487 - {'epoch': 25, 'rec_loss': '4.5540'}
2025-06-13 22:55:49,851 - {'Epoch': 25, 'HR@5': '0.1741', 'NDCG@5': '0.1137', 'HR@10': '0.2564', 'NDCG@10': '0.1402', 'HR@20': '0.3566', 'NDCG@20': '0.1655'}
2025-06-13 22:55:49,853 - EarlyStopping counter: 5 out of 10
2025-06-13 22:55:57,202 - {'epoch': 26, 'rec_loss': '4.5489'}
2025-06-13 22:56:01,505 - {'Epoch': 26, 'HR@5': '0.1689', 'NDCG@5': '0.1109', 'HR@10': '0.2567', 'NDCG@10': '0.1393', 'HR@20': '0.3580', 'NDCG@20': '0.1648'}
2025-06-13 22:56:01,506 - EarlyStopping counter: 6 out of 10
2025-06-13 22:56:08,942 - {'epoch': 27, 'rec_loss': '4.5386'}
2025-06-13 22:56:13,227 - {'Epoch': 27, 'HR@5': '0.1678', 'NDCG@5': '0.1103', 'HR@10': '0.2567', 'NDCG@10': '0.1390', 'HR@20': '0.3582', 'NDCG@20': '0.1647'}
2025-06-13 22:56:13,228 - EarlyStopping counter: 7 out of 10
2025-06-13 22:56:20,623 - {'epoch': 28, 'rec_loss': '4.5222'}
2025-06-13 22:56:24,910 - {'Epoch': 28, 'HR@5': '0.1702', 'NDCG@5': '0.1112', 'HR@10': '0.2578', 'NDCG@10': '0.1394', 'HR@20': '0.3596', 'NDCG@20': '0.1652'}
2025-06-13 22:56:24,911 - EarlyStopping counter: 8 out of 10
2025-06-13 22:56:32,423 - {'epoch': 29, 'rec_loss': '4.5203'}
2025-06-13 22:56:36,660 - {'Epoch': 29, 'HR@5': '0.1656', 'NDCG@5': '0.1094', 'HR@10': '0.2536', 'NDCG@10': '0.1378', 'HR@20': '0.3554', 'NDCG@20': '0.1635'}
2025-06-13 22:56:36,661 - EarlyStopping counter: 9 out of 10
2025-06-13 22:56:44,080 - {'epoch': 30, 'rec_loss': '4.5184'}
2025-06-13 22:56:48,467 - {'Epoch': 30, 'HR@5': '0.1672', 'NDCG@5': '0.1094', 'HR@10': '0.2555', 'NDCG@10': '0.1379', 'HR@20': '0.3584', 'NDCG@20': '0.1638'}
2025-06-13 22:56:48,468 - EarlyStopping counter: 10 out of 10
2025-06-13 22:56:48,468 - Early stopping
2025-06-13 22:56:48,468 - ---------------Validation Score---------------
2025-06-13 22:56:52,803 - {'Epoch': 0, 'HR@5': '0.1718', 'NDCG@5': '0.1128', 'HR@10': '0.2594', 'NDCG@10': '0.1411', 'HR@20': '0.3597', 'NDCG@20': '0.1665'}
2025-06-13 22:56:52,803 - BSARec_Diginetica
2025-06-13 22:56:52,803 - {'Epoch': 0, 'HR@5': '0.1718', 'NDCG@5': '0.1128', 'HR@10': '0.2594', 'NDCG@10': '0.1411', 'HR@20': '0.3597', 'NDCG@20': '0.1665'}
