2025-06-13 20:16:37,493 - Namespace(data_dir='data/self_processed/', output_dir='hparam_search/', data_name='Diginetica', train_name='DuoRec_Diginetica', num_items=10, num_users=14829, lr=0.0005, batch_size=256, epochs=200, no_cuda=False, log_freq=1, patience=10, num_workers=4, seed=42, weight_decay=0.0, adam_beta1=0.9, adam_beta2=0.999, gpu_id='0', variance=5, model_type='DuoRec', max_seq_length=50, hidden_size=64, num_hidden_layers=2, hidden_act='gelu', num_attention_heads=2, attention_probs_dropout_prob=0.5, hidden_dropout_prob=0.5, initializer_range=0.02, tau=1.0, lmd=0.1, lmd_sem=0.1, ssl='us_x', sim='dot', cuda_condition=True, data_file='data/self_processed/Diginetica.txt', item_size=9441, checkpoint_path=PosixPath('/gpfs/home3/scur2771/BSARec/BSARec/src/hparam_search/DuoRec_Diginetica/12364443_5/model.pt'), same_target_path='data/self_processed/Diginetica_same_target.npy')
2025-06-13 20:16:37,550 - DuoRecModel(
  (item_embeddings): Embedding(9441, 64, padding_idx=0)
  (position_embeddings): Embedding(50, 64)
  (LayerNorm): LayerNorm()
  (dropout): Dropout(p=0.5, inplace=False)
  (item_encoder): TransformerEncoder(
    (blocks): ModuleList(
      (0): TransformerBlock(
        (layer): MultiHeadAttention(
          (query): Linear(in_features=64, out_features=64, bias=True)
          (key): Linear(in_features=64, out_features=64, bias=True)
          (value): Linear(in_features=64, out_features=64, bias=True)
          (softmax): Softmax(dim=-1)
          (attn_dropout): Dropout(p=0.5, inplace=False)
          (dense): Linear(in_features=64, out_features=64, bias=True)
          (LayerNorm): LayerNorm((64,), eps=1e-12, elementwise_affine=True)
          (out_dropout): Dropout(p=0.5, inplace=False)
        )
        (feed_forward): FeedForward(
          (dense_1): Linear(in_features=64, out_features=256, bias=True)
          (dense_2): Linear(in_features=256, out_features=64, bias=True)
          (LayerNorm): LayerNorm()
          (dropout): Dropout(p=0.5, inplace=False)
        )
      )
      (1): TransformerBlock(
        (layer): MultiHeadAttention(
          (query): Linear(in_features=64, out_features=64, bias=True)
          (key): Linear(in_features=64, out_features=64, bias=True)
          (value): Linear(in_features=64, out_features=64, bias=True)
          (softmax): Softmax(dim=-1)
          (attn_dropout): Dropout(p=0.5, inplace=False)
          (dense): Linear(in_features=64, out_features=64, bias=True)
          (LayerNorm): LayerNorm((64,), eps=1e-12, elementwise_affine=True)
          (out_dropout): Dropout(p=0.5, inplace=False)
        )
        (feed_forward): FeedForward(
          (dense_1): Linear(in_features=64, out_features=256, bias=True)
          (dense_2): Linear(in_features=256, out_features=64, bias=True)
          (LayerNorm): LayerNorm()
          (dropout): Dropout(p=0.5, inplace=False)
        )
      )
    )
  )
  (aug_nce_fct): CrossEntropyLoss()
)
2025-06-13 20:16:41,137 - Total Parameters: 707520
2025-06-13 20:16:53,561 - {'epoch': 0, 'rec_loss': '9.7382'}
2025-06-13 20:16:57,772 - {'Epoch': 0, 'HR@5': '0.0032', 'NDCG@5': '0.0019', 'HR@10': '0.0053', 'NDCG@10': '0.0025', 'HR@20': '0.0093', 'NDCG@20': '0.0035'}
2025-06-13 20:16:57,773 - Validation score increased.  Saving model ...
2025-06-13 20:17:09,326 - {'epoch': 1, 'rec_loss': '9.4974'}
2025-06-13 20:17:13,525 - {'Epoch': 1, 'HR@5': '0.0033', 'NDCG@5': '0.0019', 'HR@10': '0.0051', 'NDCG@10': '0.0024', 'HR@20': '0.0091', 'NDCG@20': '0.0034'}
2025-06-13 20:17:13,528 - EarlyStopping counter: 1 out of 10
2025-06-13 20:17:25,161 - {'epoch': 2, 'rec_loss': '9.4532'}
2025-06-13 20:17:29,395 - {'Epoch': 2, 'HR@5': '0.0036', 'NDCG@5': '0.0020', 'HR@10': '0.0056', 'NDCG@10': '0.0026', 'HR@20': '0.0093', 'NDCG@20': '0.0036'}
2025-06-13 20:17:29,397 - Validation score increased.  Saving model ...
2025-06-13 20:17:41,435 - {'epoch': 3, 'rec_loss': '9.3681'}
2025-06-13 20:17:45,852 - {'Epoch': 3, 'HR@5': '0.0036', 'NDCG@5': '0.0022', 'HR@10': '0.0064', 'NDCG@10': '0.0031', 'HR@20': '0.0107', 'NDCG@20': '0.0042'}
2025-06-13 20:17:45,855 - Validation score increased.  Saving model ...
2025-06-13 20:17:57,829 - {'epoch': 4, 'rec_loss': '9.2084'}
2025-06-13 20:18:02,072 - {'Epoch': 4, 'HR@5': '0.0077', 'NDCG@5': '0.0049', 'HR@10': '0.0130', 'NDCG@10': '0.0066', 'HR@20': '0.0217', 'NDCG@20': '0.0088'}
2025-06-13 20:18:02,073 - Validation score increased.  Saving model ...
2025-06-13 20:18:14,036 - {'epoch': 5, 'rec_loss': '8.9442'}
2025-06-13 20:18:18,184 - {'Epoch': 5, 'HR@5': '0.0269', 'NDCG@5': '0.0193', 'HR@10': '0.0407', 'NDCG@10': '0.0237', 'HR@20': '0.0583', 'NDCG@20': '0.0281'}
2025-06-13 20:18:18,186 - Validation score increased.  Saving model ...
2025-06-13 20:18:30,145 - {'epoch': 6, 'rec_loss': '8.6433'}
2025-06-13 20:18:34,355 - {'Epoch': 6, 'HR@5': '0.0523', 'NDCG@5': '0.0349', 'HR@10': '0.0769', 'NDCG@10': '0.0428', 'HR@20': '0.1088', 'NDCG@20': '0.0509'}
2025-06-13 20:18:34,356 - Validation score increased.  Saving model ...
2025-06-13 20:18:46,307 - {'epoch': 7, 'rec_loss': '8.3574'}
2025-06-13 20:18:50,509 - {'Epoch': 7, 'HR@5': '0.0709', 'NDCG@5': '0.0464', 'HR@10': '0.1099', 'NDCG@10': '0.0589', 'HR@20': '0.1565', 'NDCG@20': '0.0707'}
2025-06-13 20:18:50,511 - Validation score increased.  Saving model ...
2025-06-13 20:19:02,391 - {'epoch': 8, 'rec_loss': '8.0910'}
2025-06-13 20:19:06,716 - {'Epoch': 8, 'HR@5': '0.0792', 'NDCG@5': '0.0519', 'HR@10': '0.1254', 'NDCG@10': '0.0667', 'HR@20': '0.1826', 'NDCG@20': '0.0811'}
2025-06-13 20:19:06,717 - Validation score increased.  Saving model ...
2025-06-13 20:19:18,656 - {'epoch': 9, 'rec_loss': '7.8392'}
2025-06-13 20:19:22,995 - {'Epoch': 9, 'HR@5': '0.0899', 'NDCG@5': '0.0577', 'HR@10': '0.1416', 'NDCG@10': '0.0742', 'HR@20': '0.2045', 'NDCG@20': '0.0901'}
2025-06-13 20:19:22,996 - Validation score increased.  Saving model ...
2025-06-13 20:19:34,883 - {'epoch': 10, 'rec_loss': '7.6156'}
2025-06-13 20:19:39,154 - {'Epoch': 10, 'HR@5': '0.0933', 'NDCG@5': '0.0614', 'HR@10': '0.1515', 'NDCG@10': '0.0802', 'HR@20': '0.2184', 'NDCG@20': '0.0970'}
2025-06-13 20:19:39,157 - Validation score increased.  Saving model ...
2025-06-13 20:19:51,054 - {'epoch': 11, 'rec_loss': '7.4156'}
2025-06-13 20:19:55,255 - {'Epoch': 11, 'HR@5': '0.1014', 'NDCG@5': '0.0665', 'HR@10': '0.1617', 'NDCG@10': '0.0859', 'HR@20': '0.2342', 'NDCG@20': '0.1042'}
2025-06-13 20:19:55,257 - Validation score increased.  Saving model ...
2025-06-13 20:20:07,362 - {'epoch': 12, 'rec_loss': '7.2485'}
2025-06-13 20:20:11,463 - {'Epoch': 12, 'HR@5': '0.1070', 'NDCG@5': '0.0705', 'HR@10': '0.1677', 'NDCG@10': '0.0902', 'HR@20': '0.2454', 'NDCG@20': '0.1097'}
2025-06-13 20:20:11,464 - Validation score increased.  Saving model ...
2025-06-13 20:20:23,418 - {'epoch': 13, 'rec_loss': '7.0947'}
2025-06-13 20:20:27,669 - {'Epoch': 13, 'HR@5': '0.1130', 'NDCG@5': '0.0741', 'HR@10': '0.1743', 'NDCG@10': '0.0939', 'HR@20': '0.2534', 'NDCG@20': '0.1139'}
2025-06-13 20:20:27,670 - Validation score increased.  Saving model ...
2025-06-13 20:20:39,639 - {'epoch': 14, 'rec_loss': '6.9537'}
2025-06-13 20:20:43,874 - {'Epoch': 14, 'HR@5': '0.1179', 'NDCG@5': '0.0775', 'HR@10': '0.1829', 'NDCG@10': '0.0985', 'HR@20': '0.2642', 'NDCG@20': '0.1189'}
2025-06-13 20:20:43,875 - Validation score increased.  Saving model ...
2025-06-13 20:20:55,718 - {'epoch': 15, 'rec_loss': '6.8448'}
2025-06-13 20:20:59,969 - {'Epoch': 15, 'HR@5': '0.1219', 'NDCG@5': '0.0802', 'HR@10': '0.1894', 'NDCG@10': '0.1019', 'HR@20': '0.2719', 'NDCG@20': '0.1226'}
2025-06-13 20:20:59,973 - Validation score increased.  Saving model ...
2025-06-13 20:21:11,931 - {'epoch': 16, 'rec_loss': '6.7325'}
2025-06-13 20:21:16,199 - {'Epoch': 16, 'HR@5': '0.1242', 'NDCG@5': '0.0822', 'HR@10': '0.1936', 'NDCG@10': '0.1046', 'HR@20': '0.2785', 'NDCG@20': '0.1260'}
2025-06-13 20:21:16,199 - Validation score increased.  Saving model ...
2025-06-13 20:21:28,082 - {'epoch': 17, 'rec_loss': '6.6305'}
2025-06-13 20:21:32,377 - {'Epoch': 17, 'HR@5': '0.1279', 'NDCG@5': '0.0842', 'HR@10': '0.1994', 'NDCG@10': '0.1073', 'HR@20': '0.2855', 'NDCG@20': '0.1290'}
2025-06-13 20:21:32,380 - Validation score increased.  Saving model ...
2025-06-13 20:21:44,274 - {'epoch': 18, 'rec_loss': '6.5397'}
2025-06-13 20:21:48,485 - {'Epoch': 18, 'HR@5': '0.1313', 'NDCG@5': '0.0867', 'HR@10': '0.2037', 'NDCG@10': '0.1099', 'HR@20': '0.2905', 'NDCG@20': '0.1318'}
2025-06-13 20:21:48,487 - Validation score increased.  Saving model ...
2025-06-13 20:22:00,533 - {'epoch': 19, 'rec_loss': '6.4693'}
2025-06-13 20:22:04,747 - {'Epoch': 19, 'HR@5': '0.1349', 'NDCG@5': '0.0897', 'HR@10': '0.2087', 'NDCG@10': '0.1135', 'HR@20': '0.2966', 'NDCG@20': '0.1356'}
2025-06-13 20:22:04,749 - Validation score increased.  Saving model ...
2025-06-13 20:22:16,767 - {'epoch': 20, 'rec_loss': '6.3889'}
2025-06-13 20:22:21,071 - {'Epoch': 20, 'HR@5': '0.1385', 'NDCG@5': '0.0912', 'HR@10': '0.2113', 'NDCG@10': '0.1146', 'HR@20': '0.2994', 'NDCG@20': '0.1368'}
2025-06-13 20:22:21,073 - Validation score increased.  Saving model ...
2025-06-13 20:22:33,093 - {'epoch': 21, 'rec_loss': '6.3194'}
2025-06-13 20:22:37,274 - {'Epoch': 21, 'HR@5': '0.1417', 'NDCG@5': '0.0931', 'HR@10': '0.2143', 'NDCG@10': '0.1164', 'HR@20': '0.3034', 'NDCG@20': '0.1389'}
2025-06-13 20:22:37,275 - Validation score increased.  Saving model ...
2025-06-13 20:22:49,384 - {'epoch': 22, 'rec_loss': '6.2568'}
2025-06-13 20:22:53,776 - {'Epoch': 22, 'HR@5': '0.1438', 'NDCG@5': '0.0943', 'HR@10': '0.2171', 'NDCG@10': '0.1178', 'HR@20': '0.3081', 'NDCG@20': '0.1408'}
2025-06-13 20:22:53,777 - Validation score increased.  Saving model ...
2025-06-13 20:23:05,823 - {'epoch': 23, 'rec_loss': '6.1952'}
2025-06-13 20:23:10,003 - {'Epoch': 23, 'HR@5': '0.1456', 'NDCG@5': '0.0960', 'HR@10': '0.2205', 'NDCG@10': '0.1201', 'HR@20': '0.3114', 'NDCG@20': '0.1430'}
2025-06-13 20:23:10,004 - Validation score increased.  Saving model ...
2025-06-13 20:23:22,007 - {'epoch': 24, 'rec_loss': '6.1381'}
2025-06-13 20:23:26,208 - {'Epoch': 24, 'HR@5': '0.1469', 'NDCG@5': '0.0970', 'HR@10': '0.2219', 'NDCG@10': '0.1211', 'HR@20': '0.3152', 'NDCG@20': '0.1446'}
2025-06-13 20:23:26,209 - Validation score increased.  Saving model ...
2025-06-13 20:23:38,230 - {'epoch': 25, 'rec_loss': '6.0925'}
2025-06-13 20:23:42,405 - {'Epoch': 25, 'HR@5': '0.1483', 'NDCG@5': '0.0979', 'HR@10': '0.2244', 'NDCG@10': '0.1223', 'HR@20': '0.3170', 'NDCG@20': '0.1457'}
2025-06-13 20:23:42,407 - Validation score increased.  Saving model ...
2025-06-13 20:23:54,438 - {'epoch': 26, 'rec_loss': '6.0390'}
2025-06-13 20:23:58,690 - {'Epoch': 26, 'HR@5': '0.1487', 'NDCG@5': '0.0979', 'HR@10': '0.2268', 'NDCG@10': '0.1230', 'HR@20': '0.3201', 'NDCG@20': '0.1465'}
2025-06-13 20:23:58,691 - Validation score increased.  Saving model ...
2025-06-13 20:24:10,695 - {'epoch': 27, 'rec_loss': '5.9973'}
2025-06-13 20:24:14,984 - {'Epoch': 27, 'HR@5': '0.1519', 'NDCG@5': '0.1000', 'HR@10': '0.2292', 'NDCG@10': '0.1249', 'HR@20': '0.3240', 'NDCG@20': '0.1489'}
2025-06-13 20:24:14,986 - Validation score increased.  Saving model ...
2025-06-13 20:24:26,950 - {'epoch': 28, 'rec_loss': '5.9499'}
2025-06-13 20:24:31,207 - {'Epoch': 28, 'HR@5': '0.1521', 'NDCG@5': '0.1010', 'HR@10': '0.2310', 'NDCG@10': '0.1265', 'HR@20': '0.3263', 'NDCG@20': '0.1505'}
2025-06-13 20:24:31,208 - Validation score increased.  Saving model ...
2025-06-13 20:24:43,314 - {'epoch': 29, 'rec_loss': '5.9113'}
2025-06-13 20:24:47,586 - {'Epoch': 29, 'HR@5': '0.1550', 'NDCG@5': '0.1020', 'HR@10': '0.2351', 'NDCG@10': '0.1277', 'HR@20': '0.3265', 'NDCG@20': '0.1508'}
2025-06-13 20:24:47,589 - Validation score increased.  Saving model ...
2025-06-13 20:24:59,714 - {'epoch': 30, 'rec_loss': '5.8737'}
2025-06-13 20:25:04,019 - {'Epoch': 30, 'HR@5': '0.1546', 'NDCG@5': '0.1023', 'HR@10': '0.2330', 'NDCG@10': '0.1276', 'HR@20': '0.3310', 'NDCG@20': '0.1523'}
2025-06-13 20:25:04,020 - Validation score increased.  Saving model ...
2025-06-13 20:25:16,045 - {'epoch': 31, 'rec_loss': '5.8389'}
2025-06-13 20:25:20,322 - {'Epoch': 31, 'HR@5': '0.1571', 'NDCG@5': '0.1029', 'HR@10': '0.2364', 'NDCG@10': '0.1284', 'HR@20': '0.3318', 'NDCG@20': '0.1525'}
2025-06-13 20:25:20,324 - Validation score increased.  Saving model ...
2025-06-13 20:25:32,323 - {'epoch': 32, 'rec_loss': '5.8051'}
2025-06-13 20:25:36,676 - {'Epoch': 32, 'HR@5': '0.1584', 'NDCG@5': '0.1040', 'HR@10': '0.2379', 'NDCG@10': '0.1296', 'HR@20': '0.3346', 'NDCG@20': '0.1539'}
2025-06-13 20:25:36,678 - Validation score increased.  Saving model ...
2025-06-13 20:25:48,804 - {'epoch': 33, 'rec_loss': '5.7740'}
2025-06-13 20:25:52,981 - {'Epoch': 33, 'HR@5': '0.1577', 'NDCG@5': '0.1044', 'HR@10': '0.2379', 'NDCG@10': '0.1302', 'HR@20': '0.3356', 'NDCG@20': '0.1549'}
2025-06-13 20:25:52,984 - Validation score increased.  Saving model ...
2025-06-13 20:26:04,861 - {'epoch': 34, 'rec_loss': '5.7389'}
2025-06-13 20:26:09,044 - {'Epoch': 34, 'HR@5': '0.1589', 'NDCG@5': '0.1043', 'HR@10': '0.2416', 'NDCG@10': '0.1309', 'HR@20': '0.3378', 'NDCG@20': '0.1552'}
2025-06-13 20:26:09,046 - Validation score increased.  Saving model ...
2025-06-13 20:26:20,848 - {'epoch': 35, 'rec_loss': '5.7111'}
2025-06-13 20:26:25,099 - {'Epoch': 35, 'HR@5': '0.1600', 'NDCG@5': '0.1054', 'HR@10': '0.2418', 'NDCG@10': '0.1318', 'HR@20': '0.3395', 'NDCG@20': '0.1564'}
2025-06-13 20:26:25,101 - Validation score increased.  Saving model ...
2025-06-13 20:26:37,044 - {'epoch': 36, 'rec_loss': '5.6870'}
2025-06-13 20:26:41,323 - {'Epoch': 36, 'HR@5': '0.1598', 'NDCG@5': '0.1053', 'HR@10': '0.2407', 'NDCG@10': '0.1314', 'HR@20': '0.3404', 'NDCG@20': '0.1566'}
2025-06-13 20:26:41,324 - Validation score increased.  Saving model ...
2025-06-13 20:26:53,360 - {'epoch': 37, 'rec_loss': '5.6609'}
2025-06-13 20:26:57,623 - {'Epoch': 37, 'HR@5': '0.1618', 'NDCG@5': '0.1061', 'HR@10': '0.2445', 'NDCG@10': '0.1328', 'HR@20': '0.3425', 'NDCG@20': '0.1575'}
2025-06-13 20:26:57,625 - Validation score increased.  Saving model ...
2025-06-13 20:27:09,485 - {'epoch': 38, 'rec_loss': '5.6352'}
2025-06-13 20:27:13,861 - {'Epoch': 38, 'HR@5': '0.1604', 'NDCG@5': '0.1062', 'HR@10': '0.2433', 'NDCG@10': '0.1329', 'HR@20': '0.3417', 'NDCG@20': '0.1577'}
2025-06-13 20:27:13,862 - Validation score increased.  Saving model ...
2025-06-13 20:27:25,797 - {'epoch': 39, 'rec_loss': '5.6117'}
2025-06-13 20:27:30,098 - {'Epoch': 39, 'HR@5': '0.1614', 'NDCG@5': '0.1068', 'HR@10': '0.2460', 'NDCG@10': '0.1341', 'HR@20': '0.3443', 'NDCG@20': '0.1589'}
2025-06-13 20:27:30,100 - Validation score increased.  Saving model ...
2025-06-13 20:27:42,012 - {'epoch': 40, 'rec_loss': '5.5888'}
2025-06-13 20:27:46,227 - {'Epoch': 40, 'HR@5': '0.1627', 'NDCG@5': '0.1076', 'HR@10': '0.2458', 'NDCG@10': '0.1343', 'HR@20': '0.3454', 'NDCG@20': '0.1595'}
2025-06-13 20:27:46,229 - Validation score increased.  Saving model ...
2025-06-13 20:27:58,286 - {'epoch': 41, 'rec_loss': '5.5629'}
2025-06-13 20:28:02,531 - {'Epoch': 41, 'HR@5': '0.1626', 'NDCG@5': '0.1079', 'HR@10': '0.2462', 'NDCG@10': '0.1348', 'HR@20': '0.3454', 'NDCG@20': '0.1599'}
2025-06-13 20:28:02,533 - Validation score increased.  Saving model ...
2025-06-13 20:28:14,461 - {'epoch': 42, 'rec_loss': '5.5447'}
2025-06-13 20:28:18,697 - {'Epoch': 42, 'HR@5': '0.1635', 'NDCG@5': '0.1084', 'HR@10': '0.2478', 'NDCG@10': '0.1356', 'HR@20': '0.3471', 'NDCG@20': '0.1606'}
2025-06-13 20:28:18,698 - Validation score increased.  Saving model ...
2025-06-13 20:28:30,687 - {'epoch': 43, 'rec_loss': '5.5314'}
2025-06-13 20:28:34,965 - {'Epoch': 43, 'HR@5': '0.1646', 'NDCG@5': '0.1091', 'HR@10': '0.2486', 'NDCG@10': '0.1361', 'HR@20': '0.3478', 'NDCG@20': '0.1611'}
2025-06-13 20:28:34,967 - Validation score increased.  Saving model ...
2025-06-13 20:28:46,769 - {'epoch': 44, 'rec_loss': '5.5066'}
2025-06-13 20:28:50,998 - {'Epoch': 44, 'HR@5': '0.1643', 'NDCG@5': '0.1088', 'HR@10': '0.2476', 'NDCG@10': '0.1357', 'HR@20': '0.3495', 'NDCG@20': '0.1614'}
2025-06-13 20:28:51,000 - Validation score increased.  Saving model ...
2025-06-13 20:29:02,975 - {'epoch': 45, 'rec_loss': '5.4848'}
2025-06-13 20:29:07,196 - {'Epoch': 45, 'HR@5': '0.1646', 'NDCG@5': '0.1090', 'HR@10': '0.2476', 'NDCG@10': '0.1358', 'HR@20': '0.3495', 'NDCG@20': '0.1616'}
2025-06-13 20:29:07,198 - Validation score increased.  Saving model ...
2025-06-13 20:29:19,086 - {'epoch': 46, 'rec_loss': '5.4654'}
2025-06-13 20:29:23,378 - {'Epoch': 46, 'HR@5': '0.1646', 'NDCG@5': '0.1096', 'HR@10': '0.2482', 'NDCG@10': '0.1366', 'HR@20': '0.3493', 'NDCG@20': '0.1622'}
2025-06-13 20:29:23,380 - Validation score increased.  Saving model ...
2025-06-13 20:29:35,337 - {'epoch': 47, 'rec_loss': '5.4511'}
2025-06-13 20:29:39,663 - {'Epoch': 47, 'HR@5': '0.1660', 'NDCG@5': '0.1104', 'HR@10': '0.2498', 'NDCG@10': '0.1374', 'HR@20': '0.3513', 'NDCG@20': '0.1630'}
2025-06-13 20:29:39,664 - Validation score increased.  Saving model ...
2025-06-13 20:29:51,557 - {'epoch': 48, 'rec_loss': '5.4334'}
2025-06-13 20:29:55,789 - {'Epoch': 48, 'HR@5': '0.1670', 'NDCG@5': '0.1103', 'HR@10': '0.2518', 'NDCG@10': '0.1375', 'HR@20': '0.3527', 'NDCG@20': '0.1629'}
2025-06-13 20:29:55,790 - EarlyStopping counter: 1 out of 10
2025-06-13 20:30:07,792 - {'epoch': 49, 'rec_loss': '5.4154'}
2025-06-13 20:30:12,053 - {'Epoch': 49, 'HR@5': '0.1660', 'NDCG@5': '0.1102', 'HR@10': '0.2510', 'NDCG@10': '0.1375', 'HR@20': '0.3513', 'NDCG@20': '0.1628'}
2025-06-13 20:30:12,056 - EarlyStopping counter: 2 out of 10
2025-06-13 20:30:23,967 - {'epoch': 50, 'rec_loss': '5.4036'}
2025-06-13 20:30:28,276 - {'Epoch': 50, 'HR@5': '0.1679', 'NDCG@5': '0.1112', 'HR@10': '0.2516', 'NDCG@10': '0.1380', 'HR@20': '0.3538', 'NDCG@20': '0.1639'}
2025-06-13 20:30:28,278 - Validation score increased.  Saving model ...
2025-06-13 20:30:40,133 - {'epoch': 51, 'rec_loss': '5.3863'}
2025-06-13 20:30:44,358 - {'Epoch': 51, 'HR@5': '0.1681', 'NDCG@5': '0.1117', 'HR@10': '0.2522', 'NDCG@10': '0.1386', 'HR@20': '0.3543', 'NDCG@20': '0.1644'}
2025-06-13 20:30:44,360 - Validation score increased.  Saving model ...
2025-06-13 20:30:56,203 - {'epoch': 52, 'rec_loss': '5.3729'}
2025-06-13 20:31:00,396 - {'Epoch': 52, 'HR@5': '0.1662', 'NDCG@5': '0.1105', 'HR@10': '0.2537', 'NDCG@10': '0.1387', 'HR@20': '0.3538', 'NDCG@20': '0.1640'}
2025-06-13 20:31:00,397 - EarlyStopping counter: 1 out of 10
2025-06-13 20:31:12,221 - {'epoch': 53, 'rec_loss': '5.3574'}
2025-06-13 20:31:16,462 - {'Epoch': 53, 'HR@5': '0.1660', 'NDCG@5': '0.1104', 'HR@10': '0.2520', 'NDCG@10': '0.1382', 'HR@20': '0.3546', 'NDCG@20': '0.1641'}
2025-06-13 20:31:16,463 - EarlyStopping counter: 2 out of 10
2025-06-13 20:31:28,226 - {'epoch': 54, 'rec_loss': '5.3444'}
2025-06-13 20:31:32,445 - {'Epoch': 54, 'HR@5': '0.1697', 'NDCG@5': '0.1119', 'HR@10': '0.2520', 'NDCG@10': '0.1384', 'HR@20': '0.3548', 'NDCG@20': '0.1643'}
2025-06-13 20:31:32,446 - EarlyStopping counter: 3 out of 10
2025-06-13 20:31:44,382 - {'epoch': 55, 'rec_loss': '5.3326'}
2025-06-13 20:31:48,699 - {'Epoch': 55, 'HR@5': '0.1683', 'NDCG@5': '0.1114', 'HR@10': '0.2530', 'NDCG@10': '0.1387', 'HR@20': '0.3555', 'NDCG@20': '0.1646'}
2025-06-13 20:31:48,701 - Validation score increased.  Saving model ...
2025-06-13 20:32:00,820 - {'epoch': 56, 'rec_loss': '5.3195'}
2025-06-13 20:32:05,149 - {'Epoch': 56, 'HR@5': '0.1689', 'NDCG@5': '0.1118', 'HR@10': '0.2547', 'NDCG@10': '0.1393', 'HR@20': '0.3549', 'NDCG@20': '0.1647'}
2025-06-13 20:32:05,151 - Validation score increased.  Saving model ...
2025-06-13 20:32:17,068 - {'epoch': 57, 'rec_loss': '5.3064'}
2025-06-13 20:32:21,295 - {'Epoch': 57, 'HR@5': '0.1705', 'NDCG@5': '0.1119', 'HR@10': '0.2524', 'NDCG@10': '0.1383', 'HR@20': '0.3574', 'NDCG@20': '0.1648'}
2025-06-13 20:32:21,297 - Validation score increased.  Saving model ...
2025-06-13 20:32:33,065 - {'epoch': 58, 'rec_loss': '5.2969'}
2025-06-13 20:32:37,341 - {'Epoch': 58, 'HR@5': '0.1697', 'NDCG@5': '0.1121', 'HR@10': '0.2545', 'NDCG@10': '0.1393', 'HR@20': '0.3563', 'NDCG@20': '0.1650'}
2025-06-13 20:32:37,342 - Validation score increased.  Saving model ...
2025-06-13 20:32:49,228 - {'epoch': 59, 'rec_loss': '5.2845'}
2025-06-13 20:32:53,497 - {'Epoch': 59, 'HR@5': '0.1702', 'NDCG@5': '0.1121', 'HR@10': '0.2553', 'NDCG@10': '0.1393', 'HR@20': '0.3561', 'NDCG@20': '0.1649'}
2025-06-13 20:32:53,498 - EarlyStopping counter: 1 out of 10
2025-06-13 20:33:05,435 - {'epoch': 60, 'rec_loss': '5.2723'}
2025-06-13 20:33:09,761 - {'Epoch': 60, 'HR@5': '0.1700', 'NDCG@5': '0.1124', 'HR@10': '0.2557', 'NDCG@10': '0.1400', 'HR@20': '0.3572', 'NDCG@20': '0.1656'}
2025-06-13 20:33:09,762 - Validation score increased.  Saving model ...
2025-06-13 20:33:21,650 - {'epoch': 61, 'rec_loss': '5.2608'}
2025-06-13 20:33:25,965 - {'Epoch': 61, 'HR@5': '0.1697', 'NDCG@5': '0.1123', 'HR@10': '0.2556', 'NDCG@10': '0.1399', 'HR@20': '0.3566', 'NDCG@20': '0.1655'}
2025-06-13 20:33:25,966 - EarlyStopping counter: 1 out of 10
2025-06-13 20:33:37,824 - {'epoch': 62, 'rec_loss': '5.2450'}
2025-06-13 20:33:42,185 - {'Epoch': 62, 'HR@5': '0.1687', 'NDCG@5': '0.1121', 'HR@10': '0.2550', 'NDCG@10': '0.1399', 'HR@20': '0.3570', 'NDCG@20': '0.1657'}
2025-06-13 20:33:42,188 - Validation score increased.  Saving model ...
2025-06-13 20:33:54,201 - {'epoch': 63, 'rec_loss': '5.2418'}
2025-06-13 20:33:58,501 - {'Epoch': 63, 'HR@5': '0.1705', 'NDCG@5': '0.1129', 'HR@10': '0.2573', 'NDCG@10': '0.1408', 'HR@20': '0.3567', 'NDCG@20': '0.1659'}
2025-06-13 20:33:58,501 - Validation score increased.  Saving model ...
2025-06-13 20:34:10,431 - {'epoch': 64, 'rec_loss': '5.2259'}
2025-06-13 20:34:14,752 - {'Epoch': 64, 'HR@5': '0.1702', 'NDCG@5': '0.1124', 'HR@10': '0.2571', 'NDCG@10': '0.1404', 'HR@20': '0.3578', 'NDCG@20': '0.1658'}
2025-06-13 20:34:14,753 - EarlyStopping counter: 1 out of 10
2025-06-13 20:34:26,656 - {'epoch': 65, 'rec_loss': '5.2255'}
2025-06-13 20:34:30,950 - {'Epoch': 65, 'HR@5': '0.1704', 'NDCG@5': '0.1130', 'HR@10': '0.2582', 'NDCG@10': '0.1412', 'HR@20': '0.3583', 'NDCG@20': '0.1665'}
2025-06-13 20:34:30,950 - Validation score increased.  Saving model ...
2025-06-13 20:34:42,825 - {'epoch': 66, 'rec_loss': '5.2092'}
2025-06-13 20:34:47,141 - {'Epoch': 66, 'HR@5': '0.1692', 'NDCG@5': '0.1118', 'HR@10': '0.2580', 'NDCG@10': '0.1403', 'HR@20': '0.3571', 'NDCG@20': '0.1653'}
2025-06-13 20:34:47,146 - EarlyStopping counter: 1 out of 10
2025-06-13 20:34:59,200 - {'epoch': 67, 'rec_loss': '5.2044'}
2025-06-13 20:35:03,479 - {'Epoch': 67, 'HR@5': '0.1702', 'NDCG@5': '0.1123', 'HR@10': '0.2581', 'NDCG@10': '0.1407', 'HR@20': '0.3567', 'NDCG@20': '0.1657'}
2025-06-13 20:35:03,480 - EarlyStopping counter: 2 out of 10
2025-06-13 20:35:15,526 - {'epoch': 68, 'rec_loss': '5.1979'}
2025-06-13 20:35:19,812 - {'Epoch': 68, 'HR@5': '0.1709', 'NDCG@5': '0.1123', 'HR@10': '0.2568', 'NDCG@10': '0.1400', 'HR@20': '0.3577', 'NDCG@20': '0.1655'}
2025-06-13 20:35:19,815 - EarlyStopping counter: 3 out of 10
2025-06-13 20:35:31,833 - {'epoch': 69, 'rec_loss': '5.1818'}
2025-06-13 20:35:36,108 - {'Epoch': 69, 'HR@5': '0.1706', 'NDCG@5': '0.1125', 'HR@10': '0.2580', 'NDCG@10': '0.1407', 'HR@20': '0.3580', 'NDCG@20': '0.1660'}
2025-06-13 20:35:36,110 - EarlyStopping counter: 4 out of 10
2025-06-13 20:35:47,944 - {'epoch': 70, 'rec_loss': '5.1741'}
2025-06-13 20:35:52,240 - {'Epoch': 70, 'HR@5': '0.1711', 'NDCG@5': '0.1130', 'HR@10': '0.2572', 'NDCG@10': '0.1408', 'HR@20': '0.3574', 'NDCG@20': '0.1661'}
2025-06-13 20:35:52,243 - EarlyStopping counter: 5 out of 10
2025-06-13 20:36:04,110 - {'epoch': 71, 'rec_loss': '5.1671'}
2025-06-13 20:36:08,444 - {'Epoch': 71, 'HR@5': '0.1700', 'NDCG@5': '0.1130', 'HR@10': '0.2577', 'NDCG@10': '0.1411', 'HR@20': '0.3579', 'NDCG@20': '0.1665'}
2025-06-13 20:36:08,447 - Validation score increased.  Saving model ...
2025-06-13 20:36:20,339 - {'epoch': 72, 'rec_loss': '5.1564'}
2025-06-13 20:36:24,594 - {'Epoch': 72, 'HR@5': '0.1696', 'NDCG@5': '0.1124', 'HR@10': '0.2592', 'NDCG@10': '0.1412', 'HR@20': '0.3576', 'NDCG@20': '0.1661'}
2025-06-13 20:36:24,596 - EarlyStopping counter: 1 out of 10
2025-06-13 20:36:36,419 - {'epoch': 73, 'rec_loss': '5.1497'}
2025-06-13 20:36:40,798 - {'Epoch': 73, 'HR@5': '0.1716', 'NDCG@5': '0.1136', 'HR@10': '0.2581', 'NDCG@10': '0.1414', 'HR@20': '0.3593', 'NDCG@20': '0.1670'}
2025-06-13 20:36:40,799 - Validation score increased.  Saving model ...
2025-06-13 20:36:52,847 - {'epoch': 74, 'rec_loss': '5.1460'}
2025-06-13 20:36:57,223 - {'Epoch': 74, 'HR@5': '0.1698', 'NDCG@5': '0.1130', 'HR@10': '0.2582', 'NDCG@10': '0.1414', 'HR@20': '0.3580', 'NDCG@20': '0.1667'}
2025-06-13 20:36:57,226 - EarlyStopping counter: 1 out of 10
2025-06-13 20:37:09,238 - {'epoch': 75, 'rec_loss': '5.1338'}
2025-06-13 20:37:13,525 - {'Epoch': 75, 'HR@5': '0.1717', 'NDCG@5': '0.1133', 'HR@10': '0.2580', 'NDCG@10': '0.1411', 'HR@20': '0.3601', 'NDCG@20': '0.1670'}
2025-06-13 20:37:13,526 - EarlyStopping counter: 2 out of 10
2025-06-13 20:37:25,474 - {'epoch': 76, 'rec_loss': '5.1260'}
2025-06-13 20:37:29,831 - {'Epoch': 76, 'HR@5': '0.1700', 'NDCG@5': '0.1123', 'HR@10': '0.2576', 'NDCG@10': '0.1406', 'HR@20': '0.3601', 'NDCG@20': '0.1665'}
2025-06-13 20:37:29,831 - EarlyStopping counter: 3 out of 10
2025-06-13 20:37:41,687 - {'epoch': 77, 'rec_loss': '5.1177'}
2025-06-13 20:37:46,061 - {'Epoch': 77, 'HR@5': '0.1706', 'NDCG@5': '0.1126', 'HR@10': '0.2588', 'NDCG@10': '0.1410', 'HR@20': '0.3591', 'NDCG@20': '0.1663'}
2025-06-13 20:37:46,061 - EarlyStopping counter: 4 out of 10
2025-06-13 20:37:57,989 - {'epoch': 78, 'rec_loss': '5.1145'}
2025-06-13 20:38:02,367 - {'Epoch': 78, 'HR@5': '0.1713', 'NDCG@5': '0.1129', 'HR@10': '0.2598', 'NDCG@10': '0.1413', 'HR@20': '0.3595', 'NDCG@20': '0.1665'}
2025-06-13 20:38:02,370 - EarlyStopping counter: 5 out of 10
2025-06-13 20:38:14,302 - {'epoch': 79, 'rec_loss': '5.1059'}
2025-06-13 20:38:18,615 - {'Epoch': 79, 'HR@5': '0.1717', 'NDCG@5': '0.1138', 'HR@10': '0.2576', 'NDCG@10': '0.1415', 'HR@20': '0.3601', 'NDCG@20': '0.1674'}
2025-06-13 20:38:18,615 - Validation score increased.  Saving model ...
2025-06-13 20:38:30,472 - {'epoch': 80, 'rec_loss': '5.0997'}
2025-06-13 20:38:34,821 - {'Epoch': 80, 'HR@5': '0.1710', 'NDCG@5': '0.1132', 'HR@10': '0.2578', 'NDCG@10': '0.1412', 'HR@20': '0.3595', 'NDCG@20': '0.1670'}
2025-06-13 20:38:34,822 - EarlyStopping counter: 1 out of 10
2025-06-13 20:38:46,641 - {'epoch': 81, 'rec_loss': '5.0963'}
2025-06-13 20:38:51,018 - {'Epoch': 81, 'HR@5': '0.1712', 'NDCG@5': '0.1131', 'HR@10': '0.2585', 'NDCG@10': '0.1413', 'HR@20': '0.3601', 'NDCG@20': '0.1670'}
2025-06-13 20:38:51,019 - EarlyStopping counter: 2 out of 10
2025-06-13 20:39:02,918 - {'epoch': 82, 'rec_loss': '5.0895'}
2025-06-13 20:39:07,284 - {'Epoch': 82, 'HR@5': '0.1704', 'NDCG@5': '0.1127', 'HR@10': '0.2588', 'NDCG@10': '0.1412', 'HR@20': '0.3603', 'NDCG@20': '0.1668'}
2025-06-13 20:39:07,286 - EarlyStopping counter: 3 out of 10
2025-06-13 20:39:19,197 - {'epoch': 83, 'rec_loss': '5.0844'}
2025-06-13 20:39:23,470 - {'Epoch': 83, 'HR@5': '0.1710', 'NDCG@5': '0.1130', 'HR@10': '0.2578', 'NDCG@10': '0.1410', 'HR@20': '0.3607', 'NDCG@20': '0.1670'}
2025-06-13 20:39:23,472 - EarlyStopping counter: 4 out of 10
2025-06-13 20:39:35,424 - {'epoch': 84, 'rec_loss': '5.0753'}
2025-06-13 20:39:39,777 - {'Epoch': 84, 'HR@5': '0.1712', 'NDCG@5': '0.1131', 'HR@10': '0.2592', 'NDCG@10': '0.1414', 'HR@20': '0.3597', 'NDCG@20': '0.1668'}
2025-06-13 20:39:39,780 - EarlyStopping counter: 5 out of 10
2025-06-13 20:39:51,829 - {'epoch': 85, 'rec_loss': '5.0678'}
2025-06-13 20:39:56,161 - {'Epoch': 85, 'HR@5': '0.1723', 'NDCG@5': '0.1141', 'HR@10': '0.2578', 'NDCG@10': '0.1417', 'HR@20': '0.3588', 'NDCG@20': '0.1673'}
2025-06-13 20:39:56,162 - EarlyStopping counter: 6 out of 10
2025-06-13 20:40:07,952 - {'epoch': 86, 'rec_loss': '5.0594'}
2025-06-13 20:40:12,257 - {'Epoch': 86, 'HR@5': '0.1713', 'NDCG@5': '0.1131', 'HR@10': '0.2588', 'NDCG@10': '0.1413', 'HR@20': '0.3604', 'NDCG@20': '0.1669'}
2025-06-13 20:40:12,260 - EarlyStopping counter: 7 out of 10
2025-06-13 20:40:24,202 - {'epoch': 87, 'rec_loss': '5.0544'}
2025-06-13 20:40:28,515 - {'Epoch': 87, 'HR@5': '0.1733', 'NDCG@5': '0.1143', 'HR@10': '0.2594', 'NDCG@10': '0.1419', 'HR@20': '0.3591', 'NDCG@20': '0.1672'}
2025-06-13 20:40:28,516 - EarlyStopping counter: 8 out of 10
2025-06-13 20:40:40,388 - {'epoch': 88, 'rec_loss': '5.0481'}
2025-06-13 20:40:44,680 - {'Epoch': 88, 'HR@5': '0.1739', 'NDCG@5': '0.1142', 'HR@10': '0.2584', 'NDCG@10': '0.1415', 'HR@20': '0.3602', 'NDCG@20': '0.1672'}
2025-06-13 20:40:44,681 - EarlyStopping counter: 9 out of 10
2025-06-13 20:40:56,619 - {'epoch': 89, 'rec_loss': '5.0469'}
2025-06-13 20:41:01,027 - {'Epoch': 89, 'HR@5': '0.1706', 'NDCG@5': '0.1131', 'HR@10': '0.2594', 'NDCG@10': '0.1417', 'HR@20': '0.3600', 'NDCG@20': '0.1672'}
2025-06-13 20:41:01,028 - EarlyStopping counter: 10 out of 10
2025-06-13 20:41:01,028 - Early stopping
2025-06-13 20:41:01,028 - ---------------Validation Score---------------
2025-06-13 20:41:05,397 - {'Epoch': 0, 'HR@5': '0.1717', 'NDCG@5': '0.1138', 'HR@10': '0.2576', 'NDCG@10': '0.1415', 'HR@20': '0.3601', 'NDCG@20': '0.1674'}
2025-06-13 20:41:05,398 - DuoRec_Diginetica
2025-06-13 20:41:05,398 - {'Epoch': 0, 'HR@5': '0.1717', 'NDCG@5': '0.1138', 'HR@10': '0.2576', 'NDCG@10': '0.1415', 'HR@20': '0.3601', 'NDCG@20': '0.1674'}
