2025-06-13 23:34:11,767 - Namespace(data_dir='data/self_processed/', output_dir='hparam_search/', data_name='Diginetica', train_name='BSARec_Diginetica', num_items=10, num_users=14829, lr=0.001, batch_size=256, epochs=200, no_cuda=False, log_freq=1, patience=10, num_workers=4, seed=42, weight_decay=0.0, adam_beta1=0.9, adam_beta2=0.999, gpu_id='0', variance=5, model_type='BSARec', max_seq_length=50, hidden_size=64, num_hidden_layers=2, hidden_act='gelu', num_attention_heads=4, attention_probs_dropout_prob=0.5, hidden_dropout_prob=0.5, initializer_range=0.02, c=5, alpha=0.5, cuda_condition=True, data_file='data/self_processed/Diginetica.txt', item_size=9441, checkpoint_path=PosixPath('/gpfs/home3/scur2771/BSARec/BSARec/src/hparam_search/BSARec_Diginetica/12367757_63/model.pt'), same_target_path='data/self_processed/Diginetica_same_target.npy')
2025-06-13 23:34:11,785 - BSARecModel(
  (item_embeddings): Embedding(9441, 64, padding_idx=0)
  (position_embeddings): Embedding(50, 64)
  (LayerNorm): LayerNorm()
  (dropout): Dropout(p=0.5, inplace=False)
  (item_encoder): BSARecEncoder(
    (blocks): ModuleList(
      (0): BSARecBlock(
        (layer): BSARecLayer(
          (filter_layer): FrequencyLayer(
            (out_dropout): Dropout(p=0.5, inplace=False)
            (LayerNorm): LayerNorm()
          )
          (attention_layer): MultiHeadAttention(
            (query): Linear(in_features=64, out_features=64, bias=True)
            (key): Linear(in_features=64, out_features=64, bias=True)
            (value): Linear(in_features=64, out_features=64, bias=True)
            (softmax): Softmax(dim=-1)
            (attn_dropout): Dropout(p=0.5, inplace=False)
            (dense): Linear(in_features=64, out_features=64, bias=True)
            (LayerNorm): LayerNorm((64,), eps=1e-12, elementwise_affine=True)
            (out_dropout): Dropout(p=0.5, inplace=False)
          )
        )
        (feed_forward): FeedForward(
          (dense_1): Linear(in_features=64, out_features=256, bias=True)
          (dense_2): Linear(in_features=256, out_features=64, bias=True)
          (LayerNorm): LayerNorm()
          (dropout): Dropout(p=0.5, inplace=False)
        )
      )
      (1): BSARecBlock(
        (layer): BSARecLayer(
          (filter_layer): FrequencyLayer(
            (out_dropout): Dropout(p=0.5, inplace=False)
            (LayerNorm): LayerNorm()
          )
          (attention_layer): MultiHeadAttention(
            (query): Linear(in_features=64, out_features=64, bias=True)
            (key): Linear(in_features=64, out_features=64, bias=True)
            (value): Linear(in_features=64, out_features=64, bias=True)
            (softmax): Softmax(dim=-1)
            (attn_dropout): Dropout(p=0.5, inplace=False)
            (dense): Linear(in_features=64, out_features=64, bias=True)
            (LayerNorm): LayerNorm((64,), eps=1e-12, elementwise_affine=True)
            (out_dropout): Dropout(p=0.5, inplace=False)
          )
        )
        (feed_forward): FeedForward(
          (dense_1): Linear(in_features=64, out_features=256, bias=True)
          (dense_2): Linear(in_features=256, out_features=64, bias=True)
          (LayerNorm): LayerNorm()
          (dropout): Dropout(p=0.5, inplace=False)
        )
      )
    )
  )
)
2025-06-13 23:34:13,976 - Total Parameters: 707904
2025-06-13 23:34:22,582 - {'epoch': 0, 'rec_loss': '8.6786'}
2025-06-13 23:34:26,813 - {'Epoch': 0, 'HR@5': '0.0320', 'NDCG@5': '0.0217', 'HR@10': '0.0448', 'NDCG@10': '0.0258', 'HR@20': '0.0631', 'NDCG@20': '0.0304'}
2025-06-13 23:34:26,815 - Validation score increased.  Saving model ...
2025-06-13 23:34:34,428 - {'epoch': 1, 'rec_loss': '7.5344'}
2025-06-13 23:34:38,622 - {'Epoch': 1, 'HR@5': '0.0993', 'NDCG@5': '0.0653', 'HR@10': '0.1460', 'NDCG@10': '0.0803', 'HR@20': '0.2084', 'NDCG@20': '0.0961'}
2025-06-13 23:34:38,623 - Validation score increased.  Saving model ...
2025-06-13 23:34:46,214 - {'epoch': 2, 'rec_loss': '6.2610'}
2025-06-13 23:34:50,554 - {'Epoch': 2, 'HR@5': '0.1317', 'NDCG@5': '0.0871', 'HR@10': '0.1992', 'NDCG@10': '0.1089', 'HR@20': '0.2818', 'NDCG@20': '0.1298'}
2025-06-13 23:34:50,556 - Validation score increased.  Saving model ...
2025-06-13 23:34:58,178 - {'epoch': 3, 'rec_loss': '5.5418'}
2025-06-13 23:35:02,408 - {'Epoch': 3, 'HR@5': '0.1508', 'NDCG@5': '0.0994', 'HR@10': '0.2277', 'NDCG@10': '0.1242', 'HR@20': '0.3216', 'NDCG@20': '0.1479'}
2025-06-13 23:35:02,410 - Validation score increased.  Saving model ...
2025-06-13 23:35:09,916 - {'epoch': 4, 'rec_loss': '5.1907'}
2025-06-13 23:35:14,261 - {'Epoch': 4, 'HR@5': '0.1619', 'NDCG@5': '0.1052', 'HR@10': '0.2417', 'NDCG@10': '0.1308', 'HR@20': '0.3393', 'NDCG@20': '0.1554'}
2025-06-13 23:35:14,263 - Validation score increased.  Saving model ...
2025-06-13 23:35:21,791 - {'epoch': 5, 'rec_loss': '5.0209'}
2025-06-13 23:35:26,090 - {'Epoch': 5, 'HR@5': '0.1660', 'NDCG@5': '0.1092', 'HR@10': '0.2480', 'NDCG@10': '0.1357', 'HR@20': '0.3465', 'NDCG@20': '0.1605'}
2025-06-13 23:35:26,091 - Validation score increased.  Saving model ...
2025-06-13 23:35:33,577 - {'epoch': 6, 'rec_loss': '4.9309'}
2025-06-13 23:35:37,991 - {'Epoch': 6, 'HR@5': '0.1685', 'NDCG@5': '0.1107', 'HR@10': '0.2542', 'NDCG@10': '0.1383', 'HR@20': '0.3495', 'NDCG@20': '0.1624'}
2025-06-13 23:35:37,993 - Validation score increased.  Saving model ...
2025-06-13 23:35:45,474 - {'epoch': 7, 'rec_loss': '4.8704'}
2025-06-13 23:35:49,891 - {'Epoch': 7, 'HR@5': '0.1679', 'NDCG@5': '0.1102', 'HR@10': '0.2529', 'NDCG@10': '0.1374', 'HR@20': '0.3549', 'NDCG@20': '0.1632'}
2025-06-13 23:35:49,893 - Validation score increased.  Saving model ...
2025-06-13 23:35:57,414 - {'epoch': 8, 'rec_loss': '4.8218'}
2025-06-13 23:36:01,839 - {'Epoch': 8, 'HR@5': '0.1695', 'NDCG@5': '0.1102', 'HR@10': '0.2546', 'NDCG@10': '0.1377', 'HR@20': '0.3572', 'NDCG@20': '0.1636'}
2025-06-13 23:36:01,840 - Validation score increased.  Saving model ...
2025-06-13 23:36:09,467 - {'epoch': 9, 'rec_loss': '4.7843'}
2025-06-13 23:36:13,841 - {'Epoch': 9, 'HR@5': '0.1696', 'NDCG@5': '0.1106', 'HR@10': '0.2543', 'NDCG@10': '0.1380', 'HR@20': '0.3581', 'NDCG@20': '0.1641'}
2025-06-13 23:36:13,844 - Validation score increased.  Saving model ...
2025-06-13 23:36:21,362 - {'epoch': 10, 'rec_loss': '4.7567'}
2025-06-13 23:36:25,784 - {'Epoch': 10, 'HR@5': '0.1685', 'NDCG@5': '0.1110', 'HR@10': '0.2578', 'NDCG@10': '0.1397', 'HR@20': '0.3603', 'NDCG@20': '0.1656'}
2025-06-13 23:36:25,785 - Validation score increased.  Saving model ...
2025-06-13 23:36:33,319 - {'epoch': 11, 'rec_loss': '4.7344'}
2025-06-13 23:36:37,673 - {'Epoch': 11, 'HR@5': '0.1712', 'NDCG@5': '0.1120', 'HR@10': '0.2588', 'NDCG@10': '0.1403', 'HR@20': '0.3588', 'NDCG@20': '0.1656'}
2025-06-13 23:36:37,674 - EarlyStopping counter: 1 out of 10
2025-06-13 23:36:45,271 - {'epoch': 12, 'rec_loss': '4.7137'}
2025-06-13 23:36:49,686 - {'Epoch': 12, 'HR@5': '0.1687', 'NDCG@5': '0.1111', 'HR@10': '0.2569', 'NDCG@10': '0.1395', 'HR@20': '0.3603', 'NDCG@20': '0.1657'}
2025-06-13 23:36:49,688 - Validation score increased.  Saving model ...
2025-06-13 23:36:57,248 - {'epoch': 13, 'rec_loss': '4.6954'}
2025-06-13 23:37:01,700 - {'Epoch': 13, 'HR@5': '0.1694', 'NDCG@5': '0.1117', 'HR@10': '0.2578', 'NDCG@10': '0.1401', 'HR@20': '0.3603', 'NDCG@20': '0.1661'}
2025-06-13 23:37:01,701 - Validation score increased.  Saving model ...
2025-06-13 23:37:09,254 - {'epoch': 14, 'rec_loss': '4.6707'}
2025-06-13 23:37:13,702 - {'Epoch': 14, 'HR@5': '0.1738', 'NDCG@5': '0.1132', 'HR@10': '0.2572', 'NDCG@10': '0.1400', 'HR@20': '0.3591', 'NDCG@20': '0.1657'}
2025-06-13 23:37:13,704 - EarlyStopping counter: 1 out of 10
2025-06-13 23:37:21,354 - {'epoch': 15, 'rec_loss': '4.6618'}
2025-06-13 23:37:25,750 - {'Epoch': 15, 'HR@5': '0.1688', 'NDCG@5': '0.1119', 'HR@10': '0.2571', 'NDCG@10': '0.1404', 'HR@20': '0.3593', 'NDCG@20': '0.1662'}
2025-06-13 23:37:25,751 - Validation score increased.  Saving model ...
2025-06-13 23:37:33,317 - {'epoch': 16, 'rec_loss': '4.6480'}
2025-06-13 23:37:37,678 - {'Epoch': 16, 'HR@5': '0.1683', 'NDCG@5': '0.1103', 'HR@10': '0.2562', 'NDCG@10': '0.1386', 'HR@20': '0.3627', 'NDCG@20': '0.1655'}
2025-06-13 23:37:37,680 - EarlyStopping counter: 1 out of 10
2025-06-13 23:37:45,155 - {'epoch': 17, 'rec_loss': '4.6372'}
2025-06-13 23:37:49,487 - {'Epoch': 17, 'HR@5': '0.1726', 'NDCG@5': '0.1127', 'HR@10': '0.2563', 'NDCG@10': '0.1397', 'HR@20': '0.3574', 'NDCG@20': '0.1652'}
2025-06-13 23:37:49,488 - EarlyStopping counter: 2 out of 10
2025-06-13 23:37:56,894 - {'epoch': 18, 'rec_loss': '4.6242'}
2025-06-13 23:38:01,292 - {'Epoch': 18, 'HR@5': '0.1720', 'NDCG@5': '0.1131', 'HR@10': '0.2558', 'NDCG@10': '0.1401', 'HR@20': '0.3583', 'NDCG@20': '0.1660'}
2025-06-13 23:38:01,296 - EarlyStopping counter: 3 out of 10
2025-06-13 23:38:08,798 - {'epoch': 19, 'rec_loss': '4.6097'}
2025-06-13 23:38:13,182 - {'Epoch': 19, 'HR@5': '0.1724', 'NDCG@5': '0.1129', 'HR@10': '0.2595', 'NDCG@10': '0.1409', 'HR@20': '0.3593', 'NDCG@20': '0.1661'}
2025-06-13 23:38:13,184 - EarlyStopping counter: 4 out of 10
2025-06-13 23:38:20,754 - {'epoch': 20, 'rec_loss': '4.5994'}
2025-06-13 23:38:25,196 - {'Epoch': 20, 'HR@5': '0.1737', 'NDCG@5': '0.1126', 'HR@10': '0.2569', 'NDCG@10': '0.1394', 'HR@20': '0.3600', 'NDCG@20': '0.1655'}
2025-06-13 23:38:25,198 - EarlyStopping counter: 5 out of 10
2025-06-13 23:38:32,725 - {'epoch': 21, 'rec_loss': '4.5909'}
2025-06-13 23:38:37,116 - {'Epoch': 21, 'HR@5': '0.1717', 'NDCG@5': '0.1116', 'HR@10': '0.2555', 'NDCG@10': '0.1387', 'HR@20': '0.3609', 'NDCG@20': '0.1653'}
2025-06-13 23:38:37,117 - EarlyStopping counter: 6 out of 10
2025-06-13 23:38:44,775 - {'epoch': 22, 'rec_loss': '4.5798'}
2025-06-13 23:38:49,218 - {'Epoch': 22, 'HR@5': '0.1737', 'NDCG@5': '0.1139', 'HR@10': '0.2602', 'NDCG@10': '0.1417', 'HR@20': '0.3610', 'NDCG@20': '0.1672'}
2025-06-13 23:38:49,222 - Validation score increased.  Saving model ...
2025-06-13 23:38:56,687 - {'epoch': 23, 'rec_loss': '4.5759'}
2025-06-13 23:39:01,069 - {'Epoch': 23, 'HR@5': '0.1702', 'NDCG@5': '0.1112', 'HR@10': '0.2577', 'NDCG@10': '0.1393', 'HR@20': '0.3583', 'NDCG@20': '0.1647'}
2025-06-13 23:39:01,070 - EarlyStopping counter: 1 out of 10
2025-06-13 23:39:08,510 - {'epoch': 24, 'rec_loss': '4.5645'}
2025-06-13 23:39:12,983 - {'Epoch': 24, 'HR@5': '0.1733', 'NDCG@5': '0.1136', 'HR@10': '0.2583', 'NDCG@10': '0.1411', 'HR@20': '0.3602', 'NDCG@20': '0.1668'}
2025-06-13 23:39:12,987 - EarlyStopping counter: 2 out of 10
2025-06-13 23:39:20,484 - {'epoch': 25, 'rec_loss': '4.5518'}
2025-06-13 23:39:24,901 - {'Epoch': 25, 'HR@5': '0.1775', 'NDCG@5': '0.1159', 'HR@10': '0.2591', 'NDCG@10': '0.1422', 'HR@20': '0.3588', 'NDCG@20': '0.1674'}
2025-06-13 23:39:24,903 - Validation score increased.  Saving model ...
2025-06-13 23:39:32,523 - {'epoch': 26, 'rec_loss': '4.5510'}
2025-06-13 23:39:36,954 - {'Epoch': 26, 'HR@5': '0.1744', 'NDCG@5': '0.1134', 'HR@10': '0.2601', 'NDCG@10': '0.1411', 'HR@20': '0.3578', 'NDCG@20': '0.1658'}
2025-06-13 23:39:36,956 - EarlyStopping counter: 1 out of 10
2025-06-13 23:39:44,490 - {'epoch': 27, 'rec_loss': '4.5400'}
2025-06-13 23:39:48,756 - {'Epoch': 27, 'HR@5': '0.1741', 'NDCG@5': '0.1143', 'HR@10': '0.2603', 'NDCG@10': '0.1420', 'HR@20': '0.3605', 'NDCG@20': '0.1674'}
2025-06-13 23:39:48,758 - Validation score increased.  Saving model ...
2025-06-13 23:39:56,350 - {'epoch': 28, 'rec_loss': '4.5364'}
2025-06-13 23:40:00,747 - {'Epoch': 28, 'HR@5': '0.1722', 'NDCG@5': '0.1138', 'HR@10': '0.2608', 'NDCG@10': '0.1424', 'HR@20': '0.3601', 'NDCG@20': '0.1675'}
2025-06-13 23:40:00,749 - Validation score increased.  Saving model ...
2025-06-13 23:40:08,156 - {'epoch': 29, 'rec_loss': '4.5269'}
2025-06-13 23:40:12,556 - {'Epoch': 29, 'HR@5': '0.1699', 'NDCG@5': '0.1132', 'HR@10': '0.2565', 'NDCG@10': '0.1412', 'HR@20': '0.3578', 'NDCG@20': '0.1667'}
2025-06-13 23:40:12,559 - EarlyStopping counter: 1 out of 10
2025-06-13 23:40:20,164 - {'epoch': 30, 'rec_loss': '4.5188'}
2025-06-13 23:40:24,496 - {'Epoch': 30, 'HR@5': '0.1695', 'NDCG@5': '0.1118', 'HR@10': '0.2578', 'NDCG@10': '0.1404', 'HR@20': '0.3626', 'NDCG@20': '0.1669'}
2025-06-13 23:40:24,497 - EarlyStopping counter: 2 out of 10
2025-06-13 23:40:32,081 - {'epoch': 31, 'rec_loss': '4.5097'}
2025-06-13 23:40:36,562 - {'Epoch': 31, 'HR@5': '0.1731', 'NDCG@5': '0.1137', 'HR@10': '0.2577', 'NDCG@10': '0.1410', 'HR@20': '0.3619', 'NDCG@20': '0.1673'}
2025-06-13 23:40:36,563 - EarlyStopping counter: 3 out of 10
2025-06-13 23:40:44,220 - {'epoch': 32, 'rec_loss': '4.5101'}
2025-06-13 23:40:48,554 - {'Epoch': 32, 'HR@5': '0.1706', 'NDCG@5': '0.1112', 'HR@10': '0.2584', 'NDCG@10': '0.1396', 'HR@20': '0.3615', 'NDCG@20': '0.1656'}
2025-06-13 23:40:48,556 - EarlyStopping counter: 4 out of 10
2025-06-13 23:40:56,094 - {'epoch': 33, 'rec_loss': '4.5005'}
2025-06-13 23:41:00,564 - {'Epoch': 33, 'HR@5': '0.1722', 'NDCG@5': '0.1127', 'HR@10': '0.2583', 'NDCG@10': '0.1404', 'HR@20': '0.3615', 'NDCG@20': '0.1664'}
2025-06-13 23:41:00,565 - EarlyStopping counter: 5 out of 10
2025-06-13 23:41:08,089 - {'epoch': 34, 'rec_loss': '4.4969'}
2025-06-13 23:41:12,460 - {'Epoch': 34, 'HR@5': '0.1725', 'NDCG@5': '0.1143', 'HR@10': '0.2602', 'NDCG@10': '0.1426', 'HR@20': '0.3615', 'NDCG@20': '0.1682'}
2025-06-13 23:41:12,462 - Validation score increased.  Saving model ...
2025-06-13 23:41:19,933 - {'epoch': 35, 'rec_loss': '4.4910'}
2025-06-13 23:41:24,282 - {'Epoch': 35, 'HR@5': '0.1731', 'NDCG@5': '0.1127', 'HR@10': '0.2587', 'NDCG@10': '0.1403', 'HR@20': '0.3597', 'NDCG@20': '0.1659'}
2025-06-13 23:41:24,284 - EarlyStopping counter: 1 out of 10
2025-06-13 23:41:31,826 - {'epoch': 36, 'rec_loss': '4.4861'}
2025-06-13 23:41:36,165 - {'Epoch': 36, 'HR@5': '0.1737', 'NDCG@5': '0.1143', 'HR@10': '0.2580', 'NDCG@10': '0.1415', 'HR@20': '0.3618', 'NDCG@20': '0.1677'}
2025-06-13 23:41:36,166 - EarlyStopping counter: 2 out of 10
2025-06-13 23:41:43,670 - {'epoch': 37, 'rec_loss': '4.4792'}
2025-06-13 23:41:48,074 - {'Epoch': 37, 'HR@5': '0.1707', 'NDCG@5': '0.1115', 'HR@10': '0.2584', 'NDCG@10': '0.1400', 'HR@20': '0.3624', 'NDCG@20': '0.1663'}
2025-06-13 23:41:48,076 - EarlyStopping counter: 3 out of 10
2025-06-13 23:41:55,540 - {'epoch': 38, 'rec_loss': '4.4716'}
2025-06-13 23:41:59,886 - {'Epoch': 38, 'HR@5': '0.1710', 'NDCG@5': '0.1129', 'HR@10': '0.2591', 'NDCG@10': '0.1413', 'HR@20': '0.3611', 'NDCG@20': '0.1670'}
2025-06-13 23:41:59,887 - EarlyStopping counter: 4 out of 10
2025-06-13 23:42:07,351 - {'epoch': 39, 'rec_loss': '4.4703'}
2025-06-13 23:42:11,678 - {'Epoch': 39, 'HR@5': '0.1708', 'NDCG@5': '0.1114', 'HR@10': '0.2571', 'NDCG@10': '0.1393', 'HR@20': '0.3610', 'NDCG@20': '0.1656'}
2025-06-13 23:42:11,681 - EarlyStopping counter: 5 out of 10
2025-06-13 23:42:19,114 - {'epoch': 40, 'rec_loss': '4.4634'}
2025-06-13 23:42:23,430 - {'Epoch': 40, 'HR@5': '0.1716', 'NDCG@5': '0.1125', 'HR@10': '0.2549', 'NDCG@10': '0.1394', 'HR@20': '0.3615', 'NDCG@20': '0.1664'}
2025-06-13 23:42:23,431 - EarlyStopping counter: 6 out of 10
2025-06-13 23:42:30,949 - {'epoch': 41, 'rec_loss': '4.4592'}
2025-06-13 23:42:35,288 - {'Epoch': 41, 'HR@5': '0.1729', 'NDCG@5': '0.1131', 'HR@10': '0.2574', 'NDCG@10': '0.1404', 'HR@20': '0.3606', 'NDCG@20': '0.1665'}
2025-06-13 23:42:35,289 - EarlyStopping counter: 7 out of 10
2025-06-13 23:42:42,949 - {'epoch': 42, 'rec_loss': '4.4533'}
2025-06-13 23:42:47,286 - {'Epoch': 42, 'HR@5': '0.1711', 'NDCG@5': '0.1125', 'HR@10': '0.2607', 'NDCG@10': '0.1414', 'HR@20': '0.3624', 'NDCG@20': '0.1671'}
2025-06-13 23:42:47,287 - EarlyStopping counter: 8 out of 10
2025-06-13 23:42:54,755 - {'epoch': 43, 'rec_loss': '4.4475'}
2025-06-13 23:42:59,150 - {'Epoch': 43, 'HR@5': '0.1716', 'NDCG@5': '0.1130', 'HR@10': '0.2578', 'NDCG@10': '0.1408', 'HR@20': '0.3603', 'NDCG@20': '0.1667'}
2025-06-13 23:42:59,152 - EarlyStopping counter: 9 out of 10
2025-06-13 23:43:06,570 - {'epoch': 44, 'rec_loss': '4.4455'}
2025-06-13 23:43:10,924 - {'Epoch': 44, 'HR@5': '0.1710', 'NDCG@5': '0.1118', 'HR@10': '0.2596', 'NDCG@10': '0.1403', 'HR@20': '0.3608', 'NDCG@20': '0.1658'}
2025-06-13 23:43:10,925 - EarlyStopping counter: 10 out of 10
2025-06-13 23:43:10,926 - Early stopping
2025-06-13 23:43:10,926 - ---------------Validation Score---------------
2025-06-13 23:43:15,288 - {'Epoch': 0, 'HR@5': '0.1725', 'NDCG@5': '0.1143', 'HR@10': '0.2602', 'NDCG@10': '0.1426', 'HR@20': '0.3615', 'NDCG@20': '0.1682'}
2025-06-13 23:43:15,289 - BSARec_Diginetica
2025-06-13 23:43:15,289 - {'Epoch': 0, 'HR@5': '0.1725', 'NDCG@5': '0.1143', 'HR@10': '0.2602', 'NDCG@10': '0.1426', 'HR@20': '0.3615', 'NDCG@20': '0.1682'}
