2025-06-13 23:47:45,479 - Namespace(data_dir='data/self_processed/', output_dir='hparam_search/', data_name='Diginetica', train_name='BSARec_Diginetica', num_items=10, num_users=14829, lr=0.001, batch_size=256, epochs=200, no_cuda=False, log_freq=1, patience=10, num_workers=4, seed=42, weight_decay=0.0, adam_beta1=0.9, adam_beta2=0.999, gpu_id='0', variance=5, model_type='BSARec', max_seq_length=50, hidden_size=64, num_hidden_layers=2, hidden_act='gelu', num_attention_heads=4, attention_probs_dropout_prob=0.5, hidden_dropout_prob=0.5, initializer_range=0.02, c=9, alpha=0.7, cuda_condition=True, data_file='data/self_processed/Diginetica.txt', item_size=9441, checkpoint_path=PosixPath('/gpfs/home3/scur2771/BSARec/BSARec/src/hparam_search/BSARec_Diginetica/12367757_74/model.pt'), same_target_path='data/self_processed/Diginetica_same_target.npy')
2025-06-13 23:47:45,523 - BSARecModel(
  (item_embeddings): Embedding(9441, 64, padding_idx=0)
  (position_embeddings): Embedding(50, 64)
  (LayerNorm): LayerNorm()
  (dropout): Dropout(p=0.5, inplace=False)
  (item_encoder): BSARecEncoder(
    (blocks): ModuleList(
      (0): BSARecBlock(
        (layer): BSARecLayer(
          (filter_layer): FrequencyLayer(
            (out_dropout): Dropout(p=0.5, inplace=False)
            (LayerNorm): LayerNorm()
          )
          (attention_layer): MultiHeadAttention(
            (query): Linear(in_features=64, out_features=64, bias=True)
            (key): Linear(in_features=64, out_features=64, bias=True)
            (value): Linear(in_features=64, out_features=64, bias=True)
            (softmax): Softmax(dim=-1)
            (attn_dropout): Dropout(p=0.5, inplace=False)
            (dense): Linear(in_features=64, out_features=64, bias=True)
            (LayerNorm): LayerNorm((64,), eps=1e-12, elementwise_affine=True)
            (out_dropout): Dropout(p=0.5, inplace=False)
          )
        )
        (feed_forward): FeedForward(
          (dense_1): Linear(in_features=64, out_features=256, bias=True)
          (dense_2): Linear(in_features=256, out_features=64, bias=True)
          (LayerNorm): LayerNorm()
          (dropout): Dropout(p=0.5, inplace=False)
        )
      )
      (1): BSARecBlock(
        (layer): BSARecLayer(
          (filter_layer): FrequencyLayer(
            (out_dropout): Dropout(p=0.5, inplace=False)
            (LayerNorm): LayerNorm()
          )
          (attention_layer): MultiHeadAttention(
            (query): Linear(in_features=64, out_features=64, bias=True)
            (key): Linear(in_features=64, out_features=64, bias=True)
            (value): Linear(in_features=64, out_features=64, bias=True)
            (softmax): Softmax(dim=-1)
            (attn_dropout): Dropout(p=0.5, inplace=False)
            (dense): Linear(in_features=64, out_features=64, bias=True)
            (LayerNorm): LayerNorm((64,), eps=1e-12, elementwise_affine=True)
            (out_dropout): Dropout(p=0.5, inplace=False)
          )
        )
        (feed_forward): FeedForward(
          (dense_1): Linear(in_features=64, out_features=256, bias=True)
          (dense_2): Linear(in_features=256, out_features=64, bias=True)
          (LayerNorm): LayerNorm()
          (dropout): Dropout(p=0.5, inplace=False)
        )
      )
    )
  )
)
2025-06-13 23:47:48,966 - Total Parameters: 707904
2025-06-13 23:47:57,757 - {'epoch': 0, 'rec_loss': '8.6963'}
2025-06-13 23:48:01,913 - {'Epoch': 0, 'HR@5': '0.0264', 'NDCG@5': '0.0179', 'HR@10': '0.0368', 'NDCG@10': '0.0212', 'HR@20': '0.0519', 'NDCG@20': '0.0250'}
2025-06-13 23:48:01,914 - Validation score increased.  Saving model ...
2025-06-13 23:48:09,363 - {'epoch': 1, 'rec_loss': '7.6264'}
2025-06-13 23:48:13,654 - {'Epoch': 1, 'HR@5': '0.0945', 'NDCG@5': '0.0619', 'HR@10': '0.1409', 'NDCG@10': '0.0769', 'HR@20': '0.2000', 'NDCG@20': '0.0918'}
2025-06-13 23:48:13,655 - Validation score increased.  Saving model ...
2025-06-13 23:48:21,087 - {'epoch': 2, 'rec_loss': '6.3421'}
2025-06-13 23:48:25,496 - {'Epoch': 2, 'HR@5': '0.1309', 'NDCG@5': '0.0863', 'HR@10': '0.1965', 'NDCG@10': '0.1074', 'HR@20': '0.2770', 'NDCG@20': '0.1278'}
2025-06-13 23:48:25,498 - Validation score increased.  Saving model ...
2025-06-13 23:48:32,963 - {'epoch': 3, 'rec_loss': '5.5898'}
2025-06-13 23:48:37,245 - {'Epoch': 3, 'HR@5': '0.1501', 'NDCG@5': '0.0989', 'HR@10': '0.2263', 'NDCG@10': '0.1234', 'HR@20': '0.3215', 'NDCG@20': '0.1473'}
2025-06-13 23:48:37,245 - Validation score increased.  Saving model ...
2025-06-13 23:48:44,809 - {'epoch': 4, 'rec_loss': '5.2158'}
2025-06-13 23:48:49,226 - {'Epoch': 4, 'HR@5': '0.1590', 'NDCG@5': '0.1038', 'HR@10': '0.2397', 'NDCG@10': '0.1296', 'HR@20': '0.3375', 'NDCG@20': '0.1544'}
2025-06-13 23:48:49,229 - Validation score increased.  Saving model ...
2025-06-13 23:48:56,638 - {'epoch': 5, 'rec_loss': '5.0379'}
2025-06-13 23:49:01,015 - {'Epoch': 5, 'HR@5': '0.1669', 'NDCG@5': '0.1092', 'HR@10': '0.2478', 'NDCG@10': '0.1352', 'HR@20': '0.3448', 'NDCG@20': '0.1597'}
2025-06-13 23:49:01,016 - Validation score increased.  Saving model ...
2025-06-13 23:49:08,381 - {'epoch': 6, 'rec_loss': '4.9428'}
2025-06-13 23:49:12,851 - {'Epoch': 6, 'HR@5': '0.1685', 'NDCG@5': '0.1104', 'HR@10': '0.2531', 'NDCG@10': '0.1377', 'HR@20': '0.3516', 'NDCG@20': '0.1625'}
2025-06-13 23:49:12,851 - Validation score increased.  Saving model ...
2025-06-13 23:49:20,177 - {'epoch': 7, 'rec_loss': '4.8770'}
2025-06-13 23:49:24,624 - {'Epoch': 7, 'HR@5': '0.1661', 'NDCG@5': '0.1090', 'HR@10': '0.2526', 'NDCG@10': '0.1369', 'HR@20': '0.3531', 'NDCG@20': '0.1624'}
2025-06-13 23:49:24,625 - EarlyStopping counter: 1 out of 10
2025-06-13 23:49:32,047 - {'epoch': 8, 'rec_loss': '4.8295'}
2025-06-13 23:49:36,364 - {'Epoch': 8, 'HR@5': '0.1675', 'NDCG@5': '0.1098', 'HR@10': '0.2566', 'NDCG@10': '0.1385', 'HR@20': '0.3565', 'NDCG@20': '0.1638'}
2025-06-13 23:49:36,365 - Validation score increased.  Saving model ...
2025-06-13 23:49:43,818 - {'epoch': 9, 'rec_loss': '4.7920'}
2025-06-13 23:49:48,311 - {'Epoch': 9, 'HR@5': '0.1687', 'NDCG@5': '0.1100', 'HR@10': '0.2548', 'NDCG@10': '0.1378', 'HR@20': '0.3550', 'NDCG@20': '0.1632'}
2025-06-13 23:49:48,312 - EarlyStopping counter: 1 out of 10
2025-06-13 23:49:55,663 - {'epoch': 10, 'rec_loss': '4.7627'}
2025-06-13 23:50:00,074 - {'Epoch': 10, 'HR@5': '0.1689', 'NDCG@5': '0.1112', 'HR@10': '0.2582', 'NDCG@10': '0.1400', 'HR@20': '0.3606', 'NDCG@20': '0.1659'}
2025-06-13 23:50:00,074 - Validation score increased.  Saving model ...
2025-06-13 23:50:07,515 - {'epoch': 11, 'rec_loss': '4.7424'}
2025-06-13 23:50:11,847 - {'Epoch': 11, 'HR@5': '0.1702', 'NDCG@5': '0.1117', 'HR@10': '0.2563', 'NDCG@10': '0.1395', 'HR@20': '0.3593', 'NDCG@20': '0.1654'}
2025-06-13 23:50:11,848 - EarlyStopping counter: 1 out of 10
2025-06-13 23:50:19,317 - {'epoch': 12, 'rec_loss': '4.7190'}
2025-06-13 23:50:23,730 - {'Epoch': 12, 'HR@5': '0.1694', 'NDCG@5': '0.1114', 'HR@10': '0.2555', 'NDCG@10': '0.1390', 'HR@20': '0.3603', 'NDCG@20': '0.1655'}
2025-06-13 23:50:23,731 - EarlyStopping counter: 2 out of 10
2025-06-13 23:50:31,158 - {'epoch': 13, 'rec_loss': '4.6976'}
2025-06-13 23:50:35,586 - {'Epoch': 13, 'HR@5': '0.1707', 'NDCG@5': '0.1120', 'HR@10': '0.2580', 'NDCG@10': '0.1400', 'HR@20': '0.3593', 'NDCG@20': '0.1656'}
2025-06-13 23:50:35,587 - EarlyStopping counter: 3 out of 10
2025-06-13 23:50:43,068 - {'epoch': 14, 'rec_loss': '4.6740'}
2025-06-13 23:50:47,435 - {'Epoch': 14, 'HR@5': '0.1715', 'NDCG@5': '0.1125', 'HR@10': '0.2586', 'NDCG@10': '0.1405', 'HR@20': '0.3601', 'NDCG@20': '0.1661'}
2025-06-13 23:50:47,435 - Validation score increased.  Saving model ...
2025-06-13 23:50:54,786 - {'epoch': 15, 'rec_loss': '4.6692'}
2025-06-13 23:50:59,182 - {'Epoch': 15, 'HR@5': '0.1685', 'NDCG@5': '0.1117', 'HR@10': '0.2589', 'NDCG@10': '0.1408', 'HR@20': '0.3595', 'NDCG@20': '0.1662'}
2025-06-13 23:50:59,185 - Validation score increased.  Saving model ...
2025-06-13 23:51:06,601 - {'epoch': 16, 'rec_loss': '4.6528'}
2025-06-13 23:51:10,989 - {'Epoch': 16, 'HR@5': '0.1679', 'NDCG@5': '0.1102', 'HR@10': '0.2554', 'NDCG@10': '0.1384', 'HR@20': '0.3601', 'NDCG@20': '0.1649'}
2025-06-13 23:51:10,990 - EarlyStopping counter: 1 out of 10
2025-06-13 23:51:18,365 - {'epoch': 17, 'rec_loss': '4.6413'}
2025-06-13 23:51:22,737 - {'Epoch': 17, 'HR@5': '0.1695', 'NDCG@5': '0.1116', 'HR@10': '0.2571', 'NDCG@10': '0.1399', 'HR@20': '0.3582', 'NDCG@20': '0.1655'}
2025-06-13 23:51:22,740 - EarlyStopping counter: 2 out of 10
2025-06-13 23:51:30,270 - {'epoch': 18, 'rec_loss': '4.6297'}
2025-06-13 23:51:34,698 - {'Epoch': 18, 'HR@5': '0.1685', 'NDCG@5': '0.1113', 'HR@10': '0.2586', 'NDCG@10': '0.1403', 'HR@20': '0.3567', 'NDCG@20': '0.1651'}
2025-06-13 23:51:34,698 - EarlyStopping counter: 3 out of 10
2025-06-13 23:51:42,214 - {'epoch': 19, 'rec_loss': '4.6126'}
2025-06-13 23:51:46,563 - {'Epoch': 19, 'HR@5': '0.1715', 'NDCG@5': '0.1116', 'HR@10': '0.2571', 'NDCG@10': '0.1393', 'HR@20': '0.3576', 'NDCG@20': '0.1647'}
2025-06-13 23:51:46,568 - EarlyStopping counter: 4 out of 10
2025-06-13 23:51:53,974 - {'epoch': 20, 'rec_loss': '4.6079'}
2025-06-13 23:51:58,290 - {'Epoch': 20, 'HR@5': '0.1732', 'NDCG@5': '0.1122', 'HR@10': '0.2582', 'NDCG@10': '0.1396', 'HR@20': '0.3624', 'NDCG@20': '0.1659'}
2025-06-13 23:51:58,291 - EarlyStopping counter: 5 out of 10
2025-06-13 23:52:05,808 - {'epoch': 21, 'rec_loss': '4.5950'}
2025-06-13 23:52:10,141 - {'Epoch': 21, 'HR@5': '0.1720', 'NDCG@5': '0.1121', 'HR@10': '0.2585', 'NDCG@10': '0.1399', 'HR@20': '0.3615', 'NDCG@20': '0.1659'}
2025-06-13 23:52:10,141 - EarlyStopping counter: 6 out of 10
2025-06-13 23:52:17,659 - {'epoch': 22, 'rec_loss': '4.5831'}
2025-06-13 23:52:22,054 - {'Epoch': 22, 'HR@5': '0.1735', 'NDCG@5': '0.1134', 'HR@10': '0.2613', 'NDCG@10': '0.1417', 'HR@20': '0.3600', 'NDCG@20': '0.1666'}
2025-06-13 23:52:22,055 - Validation score increased.  Saving model ...
2025-06-13 23:52:29,510 - {'epoch': 23, 'rec_loss': '4.5766'}
2025-06-13 23:52:33,897 - {'Epoch': 23, 'HR@5': '0.1722', 'NDCG@5': '0.1113', 'HR@10': '0.2565', 'NDCG@10': '0.1385', 'HR@20': '0.3574', 'NDCG@20': '0.1640'}
2025-06-13 23:52:33,898 - EarlyStopping counter: 1 out of 10
2025-06-13 23:52:41,336 - {'epoch': 24, 'rec_loss': '4.5682'}
2025-06-13 23:52:45,831 - {'Epoch': 24, 'HR@5': '0.1720', 'NDCG@5': '0.1124', 'HR@10': '0.2598', 'NDCG@10': '0.1407', 'HR@20': '0.3586', 'NDCG@20': '0.1656'}
2025-06-13 23:52:45,832 - EarlyStopping counter: 2 out of 10
2025-06-13 23:52:53,164 - {'epoch': 25, 'rec_loss': '4.5558'}
2025-06-13 23:52:57,629 - {'Epoch': 25, 'HR@5': '0.1757', 'NDCG@5': '0.1148', 'HR@10': '0.2582', 'NDCG@10': '0.1414', 'HR@20': '0.3591', 'NDCG@20': '0.1669'}
2025-06-13 23:52:57,629 - Validation score increased.  Saving model ...
2025-06-13 23:53:05,137 - {'epoch': 26, 'rec_loss': '4.5544'}
2025-06-13 23:53:09,591 - {'Epoch': 26, 'HR@5': '0.1729', 'NDCG@5': '0.1132', 'HR@10': '0.2596', 'NDCG@10': '0.1412', 'HR@20': '0.3559', 'NDCG@20': '0.1656'}
2025-06-13 23:53:09,592 - EarlyStopping counter: 1 out of 10
2025-06-13 23:53:17,051 - {'epoch': 27, 'rec_loss': '4.5445'}
2025-06-13 23:53:21,460 - {'Epoch': 27, 'HR@5': '0.1741', 'NDCG@5': '0.1135', 'HR@10': '0.2590', 'NDCG@10': '0.1409', 'HR@20': '0.3613', 'NDCG@20': '0.1668'}
2025-06-13 23:53:21,461 - EarlyStopping counter: 2 out of 10
2025-06-13 23:53:29,037 - {'epoch': 28, 'rec_loss': '4.5352'}
2025-06-13 23:53:33,496 - {'Epoch': 28, 'HR@5': '0.1708', 'NDCG@5': '0.1122', 'HR@10': '0.2611', 'NDCG@10': '0.1413', 'HR@20': '0.3617', 'NDCG@20': '0.1668'}
2025-06-13 23:53:33,497 - EarlyStopping counter: 3 out of 10
2025-06-13 23:53:40,823 - {'epoch': 29, 'rec_loss': '4.5285'}
2025-06-13 23:53:45,263 - {'Epoch': 29, 'HR@5': '0.1710', 'NDCG@5': '0.1132', 'HR@10': '0.2577', 'NDCG@10': '0.1410', 'HR@20': '0.3570', 'NDCG@20': '0.1661'}
2025-06-13 23:53:45,264 - EarlyStopping counter: 4 out of 10
2025-06-13 23:53:52,746 - {'epoch': 30, 'rec_loss': '4.5212'}
2025-06-13 23:53:57,169 - {'Epoch': 30, 'HR@5': '0.1714', 'NDCG@5': '0.1122', 'HR@10': '0.2581', 'NDCG@10': '0.1402', 'HR@20': '0.3605', 'NDCG@20': '0.1662'}
2025-06-13 23:53:57,169 - EarlyStopping counter: 5 out of 10
2025-06-13 23:54:04,549 - {'epoch': 31, 'rec_loss': '4.5113'}
2025-06-13 23:54:08,922 - {'Epoch': 31, 'HR@5': '0.1730', 'NDCG@5': '0.1138', 'HR@10': '0.2596', 'NDCG@10': '0.1417', 'HR@20': '0.3607', 'NDCG@20': '0.1673'}
2025-06-13 23:54:08,923 - Validation score increased.  Saving model ...
2025-06-13 23:54:16,385 - {'epoch': 32, 'rec_loss': '4.5094'}
2025-06-13 23:54:20,803 - {'Epoch': 32, 'HR@5': '0.1699', 'NDCG@5': '0.1106', 'HR@10': '0.2596', 'NDCG@10': '0.1395', 'HR@20': '0.3605', 'NDCG@20': '0.1651'}
2025-06-13 23:54:20,803 - EarlyStopping counter: 1 out of 10
2025-06-13 23:54:28,277 - {'epoch': 33, 'rec_loss': '4.5034'}
2025-06-13 23:54:32,577 - {'Epoch': 33, 'HR@5': '0.1725', 'NDCG@5': '0.1122', 'HR@10': '0.2590', 'NDCG@10': '0.1401', 'HR@20': '0.3593', 'NDCG@20': '0.1654'}
2025-06-13 23:54:32,578 - EarlyStopping counter: 2 out of 10
2025-06-13 23:54:40,058 - {'epoch': 34, 'rec_loss': '4.4966'}
2025-06-13 23:54:44,511 - {'Epoch': 34, 'HR@5': '0.1732', 'NDCG@5': '0.1136', 'HR@10': '0.2617', 'NDCG@10': '0.1422', 'HR@20': '0.3603', 'NDCG@20': '0.1671'}
2025-06-13 23:54:44,511 - EarlyStopping counter: 3 out of 10
2025-06-13 23:54:52,021 - {'epoch': 35, 'rec_loss': '4.4896'}
2025-06-13 23:54:56,450 - {'Epoch': 35, 'HR@5': '0.1723', 'NDCG@5': '0.1126', 'HR@10': '0.2594', 'NDCG@10': '0.1406', 'HR@20': '0.3576', 'NDCG@20': '0.1654'}
2025-06-13 23:54:56,451 - EarlyStopping counter: 4 out of 10
2025-06-13 23:55:03,975 - {'epoch': 36, 'rec_loss': '4.4844'}
2025-06-13 23:55:08,442 - {'Epoch': 36, 'HR@5': '0.1714', 'NDCG@5': '0.1129', 'HR@10': '0.2586', 'NDCG@10': '0.1410', 'HR@20': '0.3617', 'NDCG@20': '0.1670'}
2025-06-13 23:55:08,446 - EarlyStopping counter: 5 out of 10
2025-06-13 23:55:16,038 - {'epoch': 37, 'rec_loss': '4.4766'}
2025-06-13 23:55:20,345 - {'Epoch': 37, 'HR@5': '0.1726', 'NDCG@5': '0.1122', 'HR@10': '0.2596', 'NDCG@10': '0.1403', 'HR@20': '0.3607', 'NDCG@20': '0.1658'}
2025-06-13 23:55:20,346 - EarlyStopping counter: 6 out of 10
2025-06-13 23:55:27,812 - {'epoch': 38, 'rec_loss': '4.4707'}
2025-06-13 23:55:32,242 - {'Epoch': 38, 'HR@5': '0.1706', 'NDCG@5': '0.1128', 'HR@10': '0.2569', 'NDCG@10': '0.1408', 'HR@20': '0.3608', 'NDCG@20': '0.1670'}
2025-06-13 23:55:32,242 - EarlyStopping counter: 7 out of 10
2025-06-13 23:55:39,642 - {'epoch': 39, 'rec_loss': '4.4683'}
2025-06-13 23:55:44,060 - {'Epoch': 39, 'HR@5': '0.1702', 'NDCG@5': '0.1116', 'HR@10': '0.2585', 'NDCG@10': '0.1401', 'HR@20': '0.3608', 'NDCG@20': '0.1660'}
2025-06-13 23:55:44,060 - EarlyStopping counter: 8 out of 10
2025-06-13 23:55:51,437 - {'epoch': 40, 'rec_loss': '4.4643'}
2025-06-13 23:55:55,909 - {'Epoch': 40, 'HR@5': '0.1708', 'NDCG@5': '0.1122', 'HR@10': '0.2588', 'NDCG@10': '0.1406', 'HR@20': '0.3576', 'NDCG@20': '0.1656'}
2025-06-13 23:55:55,910 - EarlyStopping counter: 9 out of 10
2025-06-13 23:56:03,295 - {'epoch': 41, 'rec_loss': '4.4590'}
2025-06-13 23:56:07,631 - {'Epoch': 41, 'HR@5': '0.1707', 'NDCG@5': '0.1123', 'HR@10': '0.2598', 'NDCG@10': '0.1410', 'HR@20': '0.3599', 'NDCG@20': '0.1662'}
2025-06-13 23:56:07,634 - EarlyStopping counter: 10 out of 10
2025-06-13 23:56:07,634 - Early stopping
2025-06-13 23:56:07,634 - ---------------Validation Score---------------
2025-06-13 23:56:11,908 - {'Epoch': 0, 'HR@5': '0.1730', 'NDCG@5': '0.1138', 'HR@10': '0.2596', 'NDCG@10': '0.1417', 'HR@20': '0.3607', 'NDCG@20': '0.1673'}
2025-06-13 23:56:11,909 - BSARec_Diginetica
2025-06-13 23:56:11,909 - {'Epoch': 0, 'HR@5': '0.1730', 'NDCG@5': '0.1138', 'HR@10': '0.2596', 'NDCG@10': '0.1417', 'HR@20': '0.3607', 'NDCG@20': '0.1673'}
