2025-06-13 23:26:01,540 - Namespace(data_dir='data/self_processed/', output_dir='hparam_search/', data_name='Diginetica', train_name='BSARec_Diginetica', num_items=10, num_users=14829, lr=0.001, batch_size=256, epochs=200, no_cuda=False, log_freq=1, patience=10, num_workers=4, seed=42, weight_decay=0.0, adam_beta1=0.9, adam_beta2=0.999, gpu_id='0', variance=5, model_type='BSARec', max_seq_length=50, hidden_size=64, num_hidden_layers=2, hidden_act='gelu', num_attention_heads=4, attention_probs_dropout_prob=0.5, hidden_dropout_prob=0.5, initializer_range=0.02, c=1, alpha=0.3, cuda_condition=True, data_file='data/self_processed/Diginetica.txt', item_size=9441, checkpoint_path=PosixPath('/gpfs/home3/scur2771/BSARec/BSARec/src/hparam_search/BSARec_Diginetica/12367757_52/model.pt'), same_target_path='data/self_processed/Diginetica_same_target.npy')
2025-06-13 23:26:01,558 - BSARecModel(
  (item_embeddings): Embedding(9441, 64, padding_idx=0)
  (position_embeddings): Embedding(50, 64)
  (LayerNorm): LayerNorm()
  (dropout): Dropout(p=0.5, inplace=False)
  (item_encoder): BSARecEncoder(
    (blocks): ModuleList(
      (0): BSARecBlock(
        (layer): BSARecLayer(
          (filter_layer): FrequencyLayer(
            (out_dropout): Dropout(p=0.5, inplace=False)
            (LayerNorm): LayerNorm()
          )
          (attention_layer): MultiHeadAttention(
            (query): Linear(in_features=64, out_features=64, bias=True)
            (key): Linear(in_features=64, out_features=64, bias=True)
            (value): Linear(in_features=64, out_features=64, bias=True)
            (softmax): Softmax(dim=-1)
            (attn_dropout): Dropout(p=0.5, inplace=False)
            (dense): Linear(in_features=64, out_features=64, bias=True)
            (LayerNorm): LayerNorm((64,), eps=1e-12, elementwise_affine=True)
            (out_dropout): Dropout(p=0.5, inplace=False)
          )
        )
        (feed_forward): FeedForward(
          (dense_1): Linear(in_features=64, out_features=256, bias=True)
          (dense_2): Linear(in_features=256, out_features=64, bias=True)
          (LayerNorm): LayerNorm()
          (dropout): Dropout(p=0.5, inplace=False)
        )
      )
      (1): BSARecBlock(
        (layer): BSARecLayer(
          (filter_layer): FrequencyLayer(
            (out_dropout): Dropout(p=0.5, inplace=False)
            (LayerNorm): LayerNorm()
          )
          (attention_layer): MultiHeadAttention(
            (query): Linear(in_features=64, out_features=64, bias=True)
            (key): Linear(in_features=64, out_features=64, bias=True)
            (value): Linear(in_features=64, out_features=64, bias=True)
            (softmax): Softmax(dim=-1)
            (attn_dropout): Dropout(p=0.5, inplace=False)
            (dense): Linear(in_features=64, out_features=64, bias=True)
            (LayerNorm): LayerNorm((64,), eps=1e-12, elementwise_affine=True)
            (out_dropout): Dropout(p=0.5, inplace=False)
          )
        )
        (feed_forward): FeedForward(
          (dense_1): Linear(in_features=64, out_features=256, bias=True)
          (dense_2): Linear(in_features=256, out_features=64, bias=True)
          (LayerNorm): LayerNorm()
          (dropout): Dropout(p=0.5, inplace=False)
        )
      )
    )
  )
)
2025-06-13 23:26:03,775 - Total Parameters: 707904
2025-06-13 23:26:12,449 - {'epoch': 0, 'rec_loss': '8.6723'}
2025-06-13 23:26:16,658 - {'Epoch': 0, 'HR@5': '0.0347', 'NDCG@5': '0.0239', 'HR@10': '0.0506', 'NDCG@10': '0.0290', 'HR@20': '0.0715', 'NDCG@20': '0.0343'}
2025-06-13 23:26:16,660 - Validation score increased.  Saving model ...
2025-06-13 23:26:24,176 - {'epoch': 1, 'rec_loss': '7.5037'}
2025-06-13 23:26:28,398 - {'Epoch': 1, 'HR@5': '0.0997', 'NDCG@5': '0.0656', 'HR@10': '0.1499', 'NDCG@10': '0.0817', 'HR@20': '0.2123', 'NDCG@20': '0.0974'}
2025-06-13 23:26:28,400 - Validation score increased.  Saving model ...
2025-06-13 23:26:35,933 - {'epoch': 2, 'rec_loss': '6.2528'}
2025-06-13 23:26:40,223 - {'Epoch': 2, 'HR@5': '0.1329', 'NDCG@5': '0.0877', 'HR@10': '0.1998', 'NDCG@10': '0.1092', 'HR@20': '0.2815', 'NDCG@20': '0.1299'}
2025-06-13 23:26:40,224 - Validation score increased.  Saving model ...
2025-06-13 23:26:47,727 - {'epoch': 3, 'rec_loss': '5.5555'}
2025-06-13 23:26:52,012 - {'Epoch': 3, 'HR@5': '0.1514', 'NDCG@5': '0.0990', 'HR@10': '0.2286', 'NDCG@10': '0.1239', 'HR@20': '0.3177', 'NDCG@20': '0.1463'}
2025-06-13 23:26:52,014 - Validation score increased.  Saving model ...
2025-06-13 23:26:59,585 - {'epoch': 4, 'rec_loss': '5.2146'}
2025-06-13 23:27:03,932 - {'Epoch': 4, 'HR@5': '0.1583', 'NDCG@5': '0.1037', 'HR@10': '0.2394', 'NDCG@10': '0.1298', 'HR@20': '0.3352', 'NDCG@20': '0.1540'}
2025-06-13 23:27:03,933 - Validation score increased.  Saving model ...
2025-06-13 23:27:11,447 - {'epoch': 5, 'rec_loss': '5.0461'}
2025-06-13 23:27:15,856 - {'Epoch': 5, 'HR@5': '0.1638', 'NDCG@5': '0.1073', 'HR@10': '0.2469', 'NDCG@10': '0.1340', 'HR@20': '0.3423', 'NDCG@20': '0.1581'}
2025-06-13 23:27:15,858 - Validation score increased.  Saving model ...
2025-06-13 23:27:23,417 - {'epoch': 6, 'rec_loss': '4.9560'}
2025-06-13 23:27:27,801 - {'Epoch': 6, 'HR@5': '0.1664', 'NDCG@5': '0.1089', 'HR@10': '0.2509', 'NDCG@10': '0.1362', 'HR@20': '0.3505', 'NDCG@20': '0.1614'}
2025-06-13 23:27:27,803 - Validation score increased.  Saving model ...
2025-06-13 23:27:35,412 - {'epoch': 7, 'rec_loss': '4.8980'}
2025-06-13 23:27:39,840 - {'Epoch': 7, 'HR@5': '0.1686', 'NDCG@5': '0.1097', 'HR@10': '0.2532', 'NDCG@10': '0.1369', 'HR@20': '0.3526', 'NDCG@20': '0.1620'}
2025-06-13 23:27:39,842 - Validation score increased.  Saving model ...
2025-06-13 23:27:47,418 - {'epoch': 8, 'rec_loss': '4.8487'}
2025-06-13 23:27:51,835 - {'Epoch': 8, 'HR@5': '0.1693', 'NDCG@5': '0.1103', 'HR@10': '0.2554', 'NDCG@10': '0.1380', 'HR@20': '0.3551', 'NDCG@20': '0.1632'}
2025-06-13 23:27:51,837 - Validation score increased.  Saving model ...
2025-06-13 23:27:59,441 - {'epoch': 9, 'rec_loss': '4.8127'}
2025-06-13 23:28:03,819 - {'Epoch': 9, 'HR@5': '0.1708', 'NDCG@5': '0.1112', 'HR@10': '0.2537', 'NDCG@10': '0.1379', 'HR@20': '0.3569', 'NDCG@20': '0.1640'}
2025-06-13 23:28:03,820 - Validation score increased.  Saving model ...
2025-06-13 23:28:11,479 - {'epoch': 10, 'rec_loss': '4.7847'}
2025-06-13 23:28:15,830 - {'Epoch': 10, 'HR@5': '0.1675', 'NDCG@5': '0.1101', 'HR@10': '0.2565', 'NDCG@10': '0.1389', 'HR@20': '0.3584', 'NDCG@20': '0.1646'}
2025-06-13 23:28:15,831 - Validation score increased.  Saving model ...
2025-06-13 23:28:23,413 - {'epoch': 11, 'rec_loss': '4.7588'}
2025-06-13 23:28:27,777 - {'Epoch': 11, 'HR@5': '0.1693', 'NDCG@5': '0.1115', 'HR@10': '0.2590', 'NDCG@10': '0.1405', 'HR@20': '0.3594', 'NDCG@20': '0.1658'}
2025-06-13 23:28:27,779 - Validation score increased.  Saving model ...
2025-06-13 23:28:35,489 - {'epoch': 12, 'rec_loss': '4.7365'}
2025-06-13 23:28:39,837 - {'Epoch': 12, 'HR@5': '0.1704', 'NDCG@5': '0.1120', 'HR@10': '0.2576', 'NDCG@10': '0.1401', 'HR@20': '0.3615', 'NDCG@20': '0.1664'}
2025-06-13 23:28:39,839 - Validation score increased.  Saving model ...
2025-06-13 23:28:47,369 - {'epoch': 13, 'rec_loss': '4.7225'}
2025-06-13 23:28:51,730 - {'Epoch': 13, 'HR@5': '0.1706', 'NDCG@5': '0.1122', 'HR@10': '0.2575', 'NDCG@10': '0.1401', 'HR@20': '0.3586', 'NDCG@20': '0.1657'}
2025-06-13 23:28:51,731 - EarlyStopping counter: 1 out of 10
2025-06-13 23:28:59,262 - {'epoch': 14, 'rec_loss': '4.6982'}
2025-06-13 23:29:03,683 - {'Epoch': 14, 'HR@5': '0.1714', 'NDCG@5': '0.1121', 'HR@10': '0.2571', 'NDCG@10': '0.1396', 'HR@20': '0.3584', 'NDCG@20': '0.1653'}
2025-06-13 23:29:03,684 - EarlyStopping counter: 2 out of 10
2025-06-13 23:29:11,264 - {'epoch': 15, 'rec_loss': '4.6849'}
2025-06-13 23:29:15,630 - {'Epoch': 15, 'HR@5': '0.1716', 'NDCG@5': '0.1130', 'HR@10': '0.2583', 'NDCG@10': '0.1410', 'HR@20': '0.3595', 'NDCG@20': '0.1665'}
2025-06-13 23:29:15,631 - Validation score increased.  Saving model ...
2025-06-13 23:29:23,255 - {'epoch': 16, 'rec_loss': '4.6709'}
2025-06-13 23:29:27,678 - {'Epoch': 16, 'HR@5': '0.1708', 'NDCG@5': '0.1122', 'HR@10': '0.2559', 'NDCG@10': '0.1396', 'HR@20': '0.3601', 'NDCG@20': '0.1658'}
2025-06-13 23:29:27,679 - EarlyStopping counter: 1 out of 10
2025-06-13 23:29:35,226 - {'epoch': 17, 'rec_loss': '4.6578'}
2025-06-13 23:29:39,553 - {'Epoch': 17, 'HR@5': '0.1718', 'NDCG@5': '0.1122', 'HR@10': '0.2565', 'NDCG@10': '0.1395', 'HR@20': '0.3573', 'NDCG@20': '0.1650'}
2025-06-13 23:29:39,554 - EarlyStopping counter: 2 out of 10
2025-06-13 23:29:47,125 - {'epoch': 18, 'rec_loss': '4.6476'}
2025-06-13 23:29:51,529 - {'Epoch': 18, 'HR@5': '0.1697', 'NDCG@5': '0.1124', 'HR@10': '0.2561', 'NDCG@10': '0.1402', 'HR@20': '0.3556', 'NDCG@20': '0.1654'}
2025-06-13 23:29:51,531 - EarlyStopping counter: 3 out of 10
2025-06-13 23:29:58,993 - {'epoch': 19, 'rec_loss': '4.6317'}
2025-06-13 23:30:03,289 - {'Epoch': 19, 'HR@5': '0.1720', 'NDCG@5': '0.1124', 'HR@10': '0.2586', 'NDCG@10': '0.1403', 'HR@20': '0.3585', 'NDCG@20': '0.1656'}
2025-06-13 23:30:03,291 - EarlyStopping counter: 4 out of 10
2025-06-13 23:30:10,880 - {'epoch': 20, 'rec_loss': '4.6233'}
2025-06-13 23:30:15,307 - {'Epoch': 20, 'HR@5': '0.1727', 'NDCG@5': '0.1120', 'HR@10': '0.2578', 'NDCG@10': '0.1394', 'HR@20': '0.3607', 'NDCG@20': '0.1653'}
2025-06-13 23:30:15,309 - EarlyStopping counter: 5 out of 10
2025-06-13 23:30:22,792 - {'epoch': 21, 'rec_loss': '4.6140'}
2025-06-13 23:30:27,192 - {'Epoch': 21, 'HR@5': '0.1719', 'NDCG@5': '0.1123', 'HR@10': '0.2586', 'NDCG@10': '0.1403', 'HR@20': '0.3609', 'NDCG@20': '0.1661'}
2025-06-13 23:30:27,193 - EarlyStopping counter: 6 out of 10
2025-06-13 23:30:34,772 - {'epoch': 22, 'rec_loss': '4.6085'}
2025-06-13 23:30:39,077 - {'Epoch': 22, 'HR@5': '0.1755', 'NDCG@5': '0.1147', 'HR@10': '0.2599', 'NDCG@10': '0.1419', 'HR@20': '0.3609', 'NDCG@20': '0.1675'}
2025-06-13 23:30:39,079 - Validation score increased.  Saving model ...
2025-06-13 23:30:46,572 - {'epoch': 23, 'rec_loss': '4.5985'}
2025-06-13 23:30:50,959 - {'Epoch': 23, 'HR@5': '0.1700', 'NDCG@5': '0.1113', 'HR@10': '0.2578', 'NDCG@10': '0.1396', 'HR@20': '0.3579', 'NDCG@20': '0.1649'}
2025-06-13 23:30:50,960 - EarlyStopping counter: 1 out of 10
2025-06-13 23:30:58,492 - {'epoch': 24, 'rec_loss': '4.5926'}
2025-06-13 23:31:02,920 - {'Epoch': 24, 'HR@5': '0.1711', 'NDCG@5': '0.1125', 'HR@10': '0.2570', 'NDCG@10': '0.1402', 'HR@20': '0.3610', 'NDCG@20': '0.1665'}
2025-06-13 23:31:02,923 - EarlyStopping counter: 2 out of 10
2025-06-13 23:31:10,500 - {'epoch': 25, 'rec_loss': '4.5806'}
2025-06-13 23:31:14,864 - {'Epoch': 25, 'HR@5': '0.1752', 'NDCG@5': '0.1151', 'HR@10': '0.2589', 'NDCG@10': '0.1420', 'HR@20': '0.3593', 'NDCG@20': '0.1674'}
2025-06-13 23:31:14,866 - EarlyStopping counter: 3 out of 10
2025-06-13 23:31:22,376 - {'epoch': 26, 'rec_loss': '4.5728'}
2025-06-13 23:31:26,699 - {'Epoch': 26, 'HR@5': '0.1707', 'NDCG@5': '0.1127', 'HR@10': '0.2617', 'NDCG@10': '0.1421', 'HR@20': '0.3604', 'NDCG@20': '0.1670'}
2025-06-13 23:31:26,700 - EarlyStopping counter: 4 out of 10
2025-06-13 23:31:34,240 - {'epoch': 27, 'rec_loss': '4.5641'}
2025-06-13 23:31:38,637 - {'Epoch': 27, 'HR@5': '0.1720', 'NDCG@5': '0.1129', 'HR@10': '0.2592', 'NDCG@10': '0.1410', 'HR@20': '0.3628', 'NDCG@20': '0.1672'}
2025-06-13 23:31:38,638 - EarlyStopping counter: 5 out of 10
2025-06-13 23:31:46,083 - {'epoch': 28, 'rec_loss': '4.5563'}
2025-06-13 23:31:50,528 - {'Epoch': 28, 'HR@5': '0.1726', 'NDCG@5': '0.1145', 'HR@10': '0.2614', 'NDCG@10': '0.1432', 'HR@20': '0.3620', 'NDCG@20': '0.1685'}
2025-06-13 23:31:50,529 - Validation score increased.  Saving model ...
2025-06-13 23:31:57,993 - {'epoch': 29, 'rec_loss': '4.5509'}
2025-06-13 23:32:02,376 - {'Epoch': 29, 'HR@5': '0.1727', 'NDCG@5': '0.1133', 'HR@10': '0.2593', 'NDCG@10': '0.1413', 'HR@20': '0.3560', 'NDCG@20': '0.1656'}
2025-06-13 23:32:02,377 - EarlyStopping counter: 1 out of 10
2025-06-13 23:32:09,952 - {'epoch': 30, 'rec_loss': '4.5464'}
2025-06-13 23:32:14,245 - {'Epoch': 30, 'HR@5': '0.1732', 'NDCG@5': '0.1133', 'HR@10': '0.2600', 'NDCG@10': '0.1414', 'HR@20': '0.3617', 'NDCG@20': '0.1671'}
2025-06-13 23:32:14,247 - EarlyStopping counter: 2 out of 10
2025-06-13 23:32:21,771 - {'epoch': 31, 'rec_loss': '4.5359'}
2025-06-13 23:32:26,124 - {'Epoch': 31, 'HR@5': '0.1711', 'NDCG@5': '0.1127', 'HR@10': '0.2607', 'NDCG@10': '0.1417', 'HR@20': '0.3607', 'NDCG@20': '0.1669'}
2025-06-13 23:32:26,126 - EarlyStopping counter: 3 out of 10
2025-06-13 23:32:33,829 - {'epoch': 32, 'rec_loss': '4.5328'}
2025-06-13 23:32:38,153 - {'Epoch': 32, 'HR@5': '0.1694', 'NDCG@5': '0.1115', 'HR@10': '0.2580', 'NDCG@10': '0.1401', 'HR@20': '0.3599', 'NDCG@20': '0.1659'}
2025-06-13 23:32:38,154 - EarlyStopping counter: 4 out of 10
2025-06-13 23:32:45,700 - {'epoch': 33, 'rec_loss': '4.5223'}
2025-06-13 23:32:50,055 - {'Epoch': 33, 'HR@5': '0.1697', 'NDCG@5': '0.1118', 'HR@10': '0.2593', 'NDCG@10': '0.1406', 'HR@20': '0.3602', 'NDCG@20': '0.1661'}
2025-06-13 23:32:50,056 - EarlyStopping counter: 5 out of 10
2025-06-13 23:32:57,565 - {'epoch': 34, 'rec_loss': '4.5203'}
2025-06-13 23:33:01,881 - {'Epoch': 34, 'HR@5': '0.1712', 'NDCG@5': '0.1133', 'HR@10': '0.2606', 'NDCG@10': '0.1421', 'HR@20': '0.3603', 'NDCG@20': '0.1674'}
2025-06-13 23:33:01,882 - EarlyStopping counter: 6 out of 10
2025-06-13 23:33:09,358 - {'epoch': 35, 'rec_loss': '4.5110'}
2025-06-13 23:33:13,711 - {'Epoch': 35, 'HR@5': '0.1702', 'NDCG@5': '0.1111', 'HR@10': '0.2596', 'NDCG@10': '0.1399', 'HR@20': '0.3595', 'NDCG@20': '0.1651'}
2025-06-13 23:33:13,713 - EarlyStopping counter: 7 out of 10
2025-06-13 23:33:21,231 - {'epoch': 36, 'rec_loss': '4.5113'}
2025-06-13 23:33:25,589 - {'Epoch': 36, 'HR@5': '0.1722', 'NDCG@5': '0.1123', 'HR@10': '0.2558', 'NDCG@10': '0.1393', 'HR@20': '0.3618', 'NDCG@20': '0.1661'}
2025-06-13 23:33:25,591 - EarlyStopping counter: 8 out of 10
2025-06-13 23:33:33,122 - {'epoch': 37, 'rec_loss': '4.5023'}
2025-06-13 23:33:37,426 - {'Epoch': 37, 'HR@5': '0.1702', 'NDCG@5': '0.1110', 'HR@10': '0.2615', 'NDCG@10': '0.1404', 'HR@20': '0.3597', 'NDCG@20': '0.1652'}
2025-06-13 23:33:37,427 - EarlyStopping counter: 9 out of 10
2025-06-13 23:33:44,950 - {'epoch': 38, 'rec_loss': '4.4928'}
2025-06-13 23:33:49,310 - {'Epoch': 38, 'HR@5': '0.1692', 'NDCG@5': '0.1122', 'HR@10': '0.2582', 'NDCG@10': '0.1410', 'HR@20': '0.3600', 'NDCG@20': '0.1666'}
2025-06-13 23:33:49,311 - EarlyStopping counter: 10 out of 10
2025-06-13 23:33:49,311 - Early stopping
2025-06-13 23:33:49,311 - ---------------Validation Score---------------
2025-06-13 23:33:53,649 - {'Epoch': 0, 'HR@5': '0.1726', 'NDCG@5': '0.1145', 'HR@10': '0.2614', 'NDCG@10': '0.1432', 'HR@20': '0.3620', 'NDCG@20': '0.1685'}
2025-06-13 23:33:53,651 - BSARec_Diginetica
2025-06-13 23:33:53,651 - {'Epoch': 0, 'HR@5': '0.1726', 'NDCG@5': '0.1145', 'HR@10': '0.2614', 'NDCG@10': '0.1432', 'HR@20': '0.3620', 'NDCG@20': '0.1685'}
