2025-06-14 00:15:41,612 - Namespace(data_dir='data/self_processed/', output_dir='hparam_search/', data_name='Diginetica', train_name='BSARec_Diginetica', num_items=10, num_users=14829, lr=0.0005, batch_size=256, epochs=200, no_cuda=False, log_freq=1, patience=10, num_workers=4, seed=42, weight_decay=0.0, adam_beta1=0.9, adam_beta2=0.999, gpu_id='0', variance=5, model_type='BSARec', max_seq_length=50, hidden_size=64, num_hidden_layers=2, hidden_act='gelu', num_attention_heads=2, attention_probs_dropout_prob=0.5, hidden_dropout_prob=0.5, initializer_range=0.02, c=1, alpha=0.7, cuda_condition=True, data_file='data/self_processed/Diginetica.txt', item_size=9441, checkpoint_path=PosixPath('/gpfs/home3/scur2771/BSARec/BSARec/src/hparam_search/BSARec_Diginetica/12367757_104/model.pt'), same_target_path='data/self_processed/Diginetica_same_target.npy')
2025-06-14 00:15:41,629 - BSARecModel(
  (item_embeddings): Embedding(9441, 64, padding_idx=0)
  (position_embeddings): Embedding(50, 64)
  (LayerNorm): LayerNorm()
  (dropout): Dropout(p=0.5, inplace=False)
  (item_encoder): BSARecEncoder(
    (blocks): ModuleList(
      (0): BSARecBlock(
        (layer): BSARecLayer(
          (filter_layer): FrequencyLayer(
            (out_dropout): Dropout(p=0.5, inplace=False)
            (LayerNorm): LayerNorm()
          )
          (attention_layer): MultiHeadAttention(
            (query): Linear(in_features=64, out_features=64, bias=True)
            (key): Linear(in_features=64, out_features=64, bias=True)
            (value): Linear(in_features=64, out_features=64, bias=True)
            (softmax): Softmax(dim=-1)
            (attn_dropout): Dropout(p=0.5, inplace=False)
            (dense): Linear(in_features=64, out_features=64, bias=True)
            (LayerNorm): LayerNorm((64,), eps=1e-12, elementwise_affine=True)
            (out_dropout): Dropout(p=0.5, inplace=False)
          )
        )
        (feed_forward): FeedForward(
          (dense_1): Linear(in_features=64, out_features=256, bias=True)
          (dense_2): Linear(in_features=256, out_features=64, bias=True)
          (LayerNorm): LayerNorm()
          (dropout): Dropout(p=0.5, inplace=False)
        )
      )
      (1): BSARecBlock(
        (layer): BSARecLayer(
          (filter_layer): FrequencyLayer(
            (out_dropout): Dropout(p=0.5, inplace=False)
            (LayerNorm): LayerNorm()
          )
          (attention_layer): MultiHeadAttention(
            (query): Linear(in_features=64, out_features=64, bias=True)
            (key): Linear(in_features=64, out_features=64, bias=True)
            (value): Linear(in_features=64, out_features=64, bias=True)
            (softmax): Softmax(dim=-1)
            (attn_dropout): Dropout(p=0.5, inplace=False)
            (dense): Linear(in_features=64, out_features=64, bias=True)
            (LayerNorm): LayerNorm((64,), eps=1e-12, elementwise_affine=True)
            (out_dropout): Dropout(p=0.5, inplace=False)
          )
        )
        (feed_forward): FeedForward(
          (dense_1): Linear(in_features=64, out_features=256, bias=True)
          (dense_2): Linear(in_features=256, out_features=64, bias=True)
          (LayerNorm): LayerNorm()
          (dropout): Dropout(p=0.5, inplace=False)
        )
      )
    )
  )
)
2025-06-14 00:15:43,803 - Total Parameters: 707904
2025-06-14 00:15:52,364 - {'epoch': 0, 'rec_loss': '8.8304'}
2025-06-14 00:15:56,444 - {'Epoch': 0, 'HR@5': '0.0055', 'NDCG@5': '0.0034', 'HR@10': '0.0091', 'NDCG@10': '0.0046', 'HR@20': '0.0142', 'NDCG@20': '0.0059'}
2025-06-14 00:15:56,445 - Validation score increased.  Saving model ...
2025-06-14 00:16:04,026 - {'epoch': 1, 'rec_loss': '8.4196'}
2025-06-14 00:16:08,180 - {'Epoch': 1, 'HR@5': '0.0270', 'NDCG@5': '0.0185', 'HR@10': '0.0409', 'NDCG@10': '0.0230', 'HR@20': '0.0573', 'NDCG@20': '0.0271'}
2025-06-14 00:16:08,182 - Validation score increased.  Saving model ...
2025-06-14 00:16:15,657 - {'epoch': 2, 'rec_loss': '7.8797'}
2025-06-14 00:16:19,743 - {'Epoch': 2, 'HR@5': '0.0607', 'NDCG@5': '0.0412', 'HR@10': '0.0933', 'NDCG@10': '0.0516', 'HR@20': '0.1328', 'NDCG@20': '0.0616'}
2025-06-14 00:16:19,745 - Validation score increased.  Saving model ...
2025-06-14 00:16:27,246 - {'epoch': 3, 'rec_loss': '7.1465'}
2025-06-14 00:16:31,416 - {'Epoch': 3, 'HR@5': '0.0921', 'NDCG@5': '0.0616', 'HR@10': '0.1434', 'NDCG@10': '0.0781', 'HR@20': '0.2020', 'NDCG@20': '0.0930'}
2025-06-14 00:16:31,418 - Validation score increased.  Saving model ...
2025-06-14 00:16:38,965 - {'epoch': 4, 'rec_loss': '6.4658'}
2025-06-14 00:16:43,218 - {'Epoch': 4, 'HR@5': '0.1166', 'NDCG@5': '0.0767', 'HR@10': '0.1776', 'NDCG@10': '0.0963', 'HR@20': '0.2482', 'NDCG@20': '0.1141'}
2025-06-14 00:16:43,220 - Validation score increased.  Saving model ...
2025-06-14 00:16:50,731 - {'epoch': 5, 'rec_loss': '5.9426'}
2025-06-14 00:16:54,998 - {'Epoch': 5, 'HR@5': '0.1322', 'NDCG@5': '0.0876', 'HR@10': '0.2003', 'NDCG@10': '0.1095', 'HR@20': '0.2815', 'NDCG@20': '0.1301'}
2025-06-14 00:16:54,999 - Validation score increased.  Saving model ...
2025-06-14 00:17:02,427 - {'epoch': 6, 'rec_loss': '5.5684'}
2025-06-14 00:17:06,700 - {'Epoch': 6, 'HR@5': '0.1436', 'NDCG@5': '0.0950', 'HR@10': '0.2179', 'NDCG@10': '0.1189', 'HR@20': '0.3062', 'NDCG@20': '0.1412'}
2025-06-14 00:17:06,701 - Validation score increased.  Saving model ...
2025-06-14 00:17:14,150 - {'epoch': 7, 'rec_loss': '5.3061'}
2025-06-14 00:17:18,519 - {'Epoch': 7, 'HR@5': '0.1513', 'NDCG@5': '0.1001', 'HR@10': '0.2306', 'NDCG@10': '0.1257', 'HR@20': '0.3221', 'NDCG@20': '0.1488'}
2025-06-14 00:17:18,521 - Validation score increased.  Saving model ...
2025-06-14 00:17:26,054 - {'epoch': 8, 'rec_loss': '5.1271'}
2025-06-14 00:17:30,405 - {'Epoch': 8, 'HR@5': '0.1592', 'NDCG@5': '0.1054', 'HR@10': '0.2396', 'NDCG@10': '0.1313', 'HR@20': '0.3332', 'NDCG@20': '0.1550'}
2025-06-14 00:17:30,407 - Validation score increased.  Saving model ...
2025-06-14 00:17:37,917 - {'epoch': 9, 'rec_loss': '4.9952'}
2025-06-14 00:17:42,270 - {'Epoch': 9, 'HR@5': '0.1649', 'NDCG@5': '0.1079', 'HR@10': '0.2456', 'NDCG@10': '0.1339', 'HR@20': '0.3437', 'NDCG@20': '0.1587'}
2025-06-14 00:17:42,271 - Validation score increased.  Saving model ...
2025-06-14 00:17:49,742 - {'epoch': 10, 'rec_loss': '4.9017'}
2025-06-14 00:17:54,106 - {'Epoch': 10, 'HR@5': '0.1660', 'NDCG@5': '0.1093', 'HR@10': '0.2518', 'NDCG@10': '0.1369', 'HR@20': '0.3499', 'NDCG@20': '0.1617'}
2025-06-14 00:17:54,109 - Validation score increased.  Saving model ...
2025-06-14 00:18:01,592 - {'epoch': 11, 'rec_loss': '4.8331'}
2025-06-14 00:18:05,966 - {'Epoch': 11, 'HR@5': '0.1682', 'NDCG@5': '0.1113', 'HR@10': '0.2550', 'NDCG@10': '0.1393', 'HR@20': '0.3518', 'NDCG@20': '0.1637'}
2025-06-14 00:18:05,967 - Validation score increased.  Saving model ...
2025-06-14 00:18:13,477 - {'epoch': 12, 'rec_loss': '4.7757'}
2025-06-14 00:18:17,780 - {'Epoch': 12, 'HR@5': '0.1702', 'NDCG@5': '0.1121', 'HR@10': '0.2558', 'NDCG@10': '0.1398', 'HR@20': '0.3582', 'NDCG@20': '0.1656'}
2025-06-14 00:18:17,781 - Validation score increased.  Saving model ...
2025-06-14 00:18:25,218 - {'epoch': 13, 'rec_loss': '4.7456'}
2025-06-14 00:18:29,627 - {'Epoch': 13, 'HR@5': '0.1700', 'NDCG@5': '0.1128', 'HR@10': '0.2595', 'NDCG@10': '0.1417', 'HR@20': '0.3570', 'NDCG@20': '0.1663'}
2025-06-14 00:18:29,630 - Validation score increased.  Saving model ...
2025-06-14 00:18:37,109 - {'epoch': 14, 'rec_loss': '4.7057'}
2025-06-14 00:18:41,543 - {'Epoch': 14, 'HR@5': '0.1728', 'NDCG@5': '0.1138', 'HR@10': '0.2595', 'NDCG@10': '0.1417', 'HR@20': '0.3593', 'NDCG@20': '0.1669'}
2025-06-14 00:18:41,545 - Validation score increased.  Saving model ...
2025-06-14 00:18:49,020 - {'epoch': 15, 'rec_loss': '4.6865'}
2025-06-14 00:18:53,440 - {'Epoch': 15, 'HR@5': '0.1710', 'NDCG@5': '0.1134', 'HR@10': '0.2600', 'NDCG@10': '0.1420', 'HR@20': '0.3614', 'NDCG@20': '0.1676'}
2025-06-14 00:18:53,441 - Validation score increased.  Saving model ...
2025-06-14 00:19:01,033 - {'epoch': 16, 'rec_loss': '4.6581'}
2025-06-14 00:19:05,441 - {'Epoch': 16, 'HR@5': '0.1726', 'NDCG@5': '0.1138', 'HR@10': '0.2585', 'NDCG@10': '0.1413', 'HR@20': '0.3620', 'NDCG@20': '0.1675'}
2025-06-14 00:19:05,442 - EarlyStopping counter: 1 out of 10
2025-06-14 00:19:12,951 - {'epoch': 17, 'rec_loss': '4.6396'}
2025-06-14 00:19:17,266 - {'Epoch': 17, 'HR@5': '0.1757', 'NDCG@5': '0.1150', 'HR@10': '0.2609', 'NDCG@10': '0.1424', 'HR@20': '0.3622', 'NDCG@20': '0.1680'}
2025-06-14 00:19:17,269 - Validation score increased.  Saving model ...
2025-06-14 00:19:24,824 - {'epoch': 18, 'rec_loss': '4.6184'}
2025-06-14 00:19:29,148 - {'Epoch': 18, 'HR@5': '0.1756', 'NDCG@5': '0.1159', 'HR@10': '0.2627', 'NDCG@10': '0.1439', 'HR@20': '0.3620', 'NDCG@20': '0.1689'}
2025-06-14 00:19:29,149 - Validation score increased.  Saving model ...
2025-06-14 00:19:36,568 - {'epoch': 19, 'rec_loss': '4.6059'}
2025-06-14 00:19:40,881 - {'Epoch': 19, 'HR@5': '0.1753', 'NDCG@5': '0.1152', 'HR@10': '0.2605', 'NDCG@10': '0.1426', 'HR@20': '0.3600', 'NDCG@20': '0.1678'}
2025-06-14 00:19:40,883 - EarlyStopping counter: 1 out of 10
2025-06-14 00:19:48,435 - {'epoch': 20, 'rec_loss': '4.5953'}
2025-06-14 00:19:52,761 - {'Epoch': 20, 'HR@5': '0.1752', 'NDCG@5': '0.1157', 'HR@10': '0.2607', 'NDCG@10': '0.1433', 'HR@20': '0.3637', 'NDCG@20': '0.1693'}
2025-06-14 00:19:52,762 - Validation score increased.  Saving model ...
2025-06-14 00:20:00,241 - {'epoch': 21, 'rec_loss': '4.5842'}
2025-06-14 00:20:04,667 - {'Epoch': 21, 'HR@5': '0.1755', 'NDCG@5': '0.1153', 'HR@10': '0.2613', 'NDCG@10': '0.1429', 'HR@20': '0.3632', 'NDCG@20': '0.1688'}
2025-06-14 00:20:04,669 - EarlyStopping counter: 1 out of 10
2025-06-14 00:20:12,162 - {'epoch': 22, 'rec_loss': '4.5733'}
2025-06-14 00:20:16,577 - {'Epoch': 22, 'HR@5': '0.1750', 'NDCG@5': '0.1158', 'HR@10': '0.2652', 'NDCG@10': '0.1448', 'HR@20': '0.3642', 'NDCG@20': '0.1698'}
2025-06-14 00:20:16,580 - Validation score increased.  Saving model ...
2025-06-14 00:20:24,129 - {'epoch': 23, 'rec_loss': '4.5588'}
2025-06-14 00:20:28,549 - {'Epoch': 23, 'HR@5': '0.1720', 'NDCG@5': '0.1132', 'HR@10': '0.2605', 'NDCG@10': '0.1416', 'HR@20': '0.3647', 'NDCG@20': '0.1680'}
2025-06-14 00:20:28,551 - EarlyStopping counter: 1 out of 10
2025-06-14 00:20:36,168 - {'epoch': 24, 'rec_loss': '4.5545'}
2025-06-14 00:20:40,532 - {'Epoch': 24, 'HR@5': '0.1741', 'NDCG@5': '0.1148', 'HR@10': '0.2613', 'NDCG@10': '0.1429', 'HR@20': '0.3618', 'NDCG@20': '0.1684'}
2025-06-14 00:20:40,534 - EarlyStopping counter: 2 out of 10
2025-06-14 00:20:48,110 - {'epoch': 25, 'rec_loss': '4.5416'}
2025-06-14 00:20:52,511 - {'Epoch': 25, 'HR@5': '0.1758', 'NDCG@5': '0.1162', 'HR@10': '0.2613', 'NDCG@10': '0.1438', 'HR@20': '0.3619', 'NDCG@20': '0.1692'}
2025-06-14 00:20:52,513 - EarlyStopping counter: 3 out of 10
2025-06-14 00:20:59,946 - {'epoch': 26, 'rec_loss': '4.5316'}
2025-06-14 00:21:04,369 - {'Epoch': 26, 'HR@5': '0.1756', 'NDCG@5': '0.1155', 'HR@10': '0.2620', 'NDCG@10': '0.1434', 'HR@20': '0.3631', 'NDCG@20': '0.1690'}
2025-06-14 00:21:04,372 - EarlyStopping counter: 4 out of 10
2025-06-14 00:21:11,801 - {'epoch': 27, 'rec_loss': '4.5274'}
2025-06-14 00:21:16,201 - {'Epoch': 27, 'HR@5': '0.1748', 'NDCG@5': '0.1151', 'HR@10': '0.2612', 'NDCG@10': '0.1429', 'HR@20': '0.3630', 'NDCG@20': '0.1687'}
2025-06-14 00:21:16,203 - EarlyStopping counter: 5 out of 10
2025-06-14 00:21:23,702 - {'epoch': 28, 'rec_loss': '4.5150'}
2025-06-14 00:21:28,042 - {'Epoch': 28, 'HR@5': '0.1778', 'NDCG@5': '0.1171', 'HR@10': '0.2621', 'NDCG@10': '0.1442', 'HR@20': '0.3627', 'NDCG@20': '0.1696'}
2025-06-14 00:21:28,044 - EarlyStopping counter: 6 out of 10
2025-06-14 00:21:35,518 - {'epoch': 29, 'rec_loss': '4.5138'}
2025-06-14 00:21:39,905 - {'Epoch': 29, 'HR@5': '0.1753', 'NDCG@5': '0.1154', 'HR@10': '0.2609', 'NDCG@10': '0.1430', 'HR@20': '0.3606', 'NDCG@20': '0.1682'}
2025-06-14 00:21:39,906 - EarlyStopping counter: 7 out of 10
2025-06-14 00:21:47,366 - {'epoch': 30, 'rec_loss': '4.5082'}
2025-06-14 00:21:51,778 - {'Epoch': 30, 'HR@5': '0.1753', 'NDCG@5': '0.1154', 'HR@10': '0.2615', 'NDCG@10': '0.1433', 'HR@20': '0.3622', 'NDCG@20': '0.1687'}
2025-06-14 00:21:51,780 - EarlyStopping counter: 8 out of 10
2025-06-14 00:21:59,259 - {'epoch': 31, 'rec_loss': '4.4958'}
2025-06-14 00:22:03,650 - {'Epoch': 31, 'HR@5': '0.1751', 'NDCG@5': '0.1158', 'HR@10': '0.2631', 'NDCG@10': '0.1442', 'HR@20': '0.3624', 'NDCG@20': '0.1693'}
2025-06-14 00:22:03,652 - EarlyStopping counter: 9 out of 10
2025-06-14 00:22:11,026 - {'epoch': 32, 'rec_loss': '4.4873'}
2025-06-14 00:22:15,408 - {'Epoch': 32, 'HR@5': '0.1741', 'NDCG@5': '0.1145', 'HR@10': '0.2627', 'NDCG@10': '0.1431', 'HR@20': '0.3640', 'NDCG@20': '0.1687'}
2025-06-14 00:22:15,410 - EarlyStopping counter: 10 out of 10
2025-06-14 00:22:15,411 - Early stopping
2025-06-14 00:22:15,411 - ---------------Validation Score---------------
2025-06-14 00:22:19,826 - {'Epoch': 0, 'HR@5': '0.1750', 'NDCG@5': '0.1158', 'HR@10': '0.2652', 'NDCG@10': '0.1448', 'HR@20': '0.3642', 'NDCG@20': '0.1698'}
2025-06-14 00:22:19,828 - BSARec_Diginetica
2025-06-14 00:22:19,828 - {'Epoch': 0, 'HR@5': '0.1750', 'NDCG@5': '0.1158', 'HR@10': '0.2652', 'NDCG@10': '0.1448', 'HR@20': '0.3642', 'NDCG@20': '0.1698'}
