2025-06-13 23:44:16,913 - Namespace(data_dir='data/self_processed/', output_dir='hparam_search/', data_name='Diginetica', train_name='BSARec_Diginetica', num_items=10, num_users=14829, lr=0.001, batch_size=256, epochs=200, no_cuda=False, log_freq=1, patience=10, num_workers=4, seed=42, weight_decay=0.0, adam_beta1=0.9, adam_beta2=0.999, gpu_id='0', variance=5, model_type='BSARec', max_seq_length=50, hidden_size=64, num_hidden_layers=2, hidden_act='gelu', num_attention_heads=4, attention_probs_dropout_prob=0.5, hidden_dropout_prob=0.5, initializer_range=0.02, c=9, alpha=0.3, cuda_condition=True, data_file='data/self_processed/Diginetica.txt', item_size=9441, checkpoint_path=PosixPath('/gpfs/home3/scur2771/BSARec/BSARec/src/hparam_search/BSARec_Diginetica/12367757_72/model.pt'), same_target_path='data/self_processed/Diginetica_same_target.npy')
2025-06-13 23:44:16,930 - BSARecModel(
  (item_embeddings): Embedding(9441, 64, padding_idx=0)
  (position_embeddings): Embedding(50, 64)
  (LayerNorm): LayerNorm()
  (dropout): Dropout(p=0.5, inplace=False)
  (item_encoder): BSARecEncoder(
    (blocks): ModuleList(
      (0): BSARecBlock(
        (layer): BSARecLayer(
          (filter_layer): FrequencyLayer(
            (out_dropout): Dropout(p=0.5, inplace=False)
            (LayerNorm): LayerNorm()
          )
          (attention_layer): MultiHeadAttention(
            (query): Linear(in_features=64, out_features=64, bias=True)
            (key): Linear(in_features=64, out_features=64, bias=True)
            (value): Linear(in_features=64, out_features=64, bias=True)
            (softmax): Softmax(dim=-1)
            (attn_dropout): Dropout(p=0.5, inplace=False)
            (dense): Linear(in_features=64, out_features=64, bias=True)
            (LayerNorm): LayerNorm((64,), eps=1e-12, elementwise_affine=True)
            (out_dropout): Dropout(p=0.5, inplace=False)
          )
        )
        (feed_forward): FeedForward(
          (dense_1): Linear(in_features=64, out_features=256, bias=True)
          (dense_2): Linear(in_features=256, out_features=64, bias=True)
          (LayerNorm): LayerNorm()
          (dropout): Dropout(p=0.5, inplace=False)
        )
      )
      (1): BSARecBlock(
        (layer): BSARecLayer(
          (filter_layer): FrequencyLayer(
            (out_dropout): Dropout(p=0.5, inplace=False)
            (LayerNorm): LayerNorm()
          )
          (attention_layer): MultiHeadAttention(
            (query): Linear(in_features=64, out_features=64, bias=True)
            (key): Linear(in_features=64, out_features=64, bias=True)
            (value): Linear(in_features=64, out_features=64, bias=True)
            (softmax): Softmax(dim=-1)
            (attn_dropout): Dropout(p=0.5, inplace=False)
            (dense): Linear(in_features=64, out_features=64, bias=True)
            (LayerNorm): LayerNorm((64,), eps=1e-12, elementwise_affine=True)
            (out_dropout): Dropout(p=0.5, inplace=False)
          )
        )
        (feed_forward): FeedForward(
          (dense_1): Linear(in_features=64, out_features=256, bias=True)
          (dense_2): Linear(in_features=256, out_features=64, bias=True)
          (LayerNorm): LayerNorm()
          (dropout): Dropout(p=0.5, inplace=False)
        )
      )
    )
  )
)
2025-06-13 23:44:19,040 - Total Parameters: 707904
2025-06-13 23:44:27,722 - {'epoch': 0, 'rec_loss': '8.6662'}
2025-06-13 23:44:31,996 - {'Epoch': 0, 'HR@5': '0.0352', 'NDCG@5': '0.0244', 'HR@10': '0.0521', 'NDCG@10': '0.0298', 'HR@20': '0.0716', 'NDCG@20': '0.0347'}
2025-06-13 23:44:31,998 - Validation score increased.  Saving model ...
2025-06-13 23:44:39,462 - {'epoch': 1, 'rec_loss': '7.4703'}
2025-06-13 23:44:43,728 - {'Epoch': 1, 'HR@5': '0.1041', 'NDCG@5': '0.0681', 'HR@10': '0.1544', 'NDCG@10': '0.0843', 'HR@20': '0.2172', 'NDCG@20': '0.1002'}
2025-06-13 23:44:43,730 - Validation score increased.  Saving model ...
2025-06-13 23:44:51,309 - {'epoch': 2, 'rec_loss': '6.2017'}
2025-06-13 23:44:55,610 - {'Epoch': 2, 'HR@5': '0.1342', 'NDCG@5': '0.0888', 'HR@10': '0.2022', 'NDCG@10': '0.1106', 'HR@20': '0.2861', 'NDCG@20': '0.1319'}
2025-06-13 23:44:55,612 - Validation score increased.  Saving model ...
2025-06-13 23:45:03,075 - {'epoch': 3, 'rec_loss': '5.5103'}
2025-06-13 23:45:07,430 - {'Epoch': 3, 'HR@5': '0.1509', 'NDCG@5': '0.0993', 'HR@10': '0.2285', 'NDCG@10': '0.1243', 'HR@20': '0.3209', 'NDCG@20': '0.1477'}
2025-06-13 23:45:07,431 - Validation score increased.  Saving model ...
2025-06-13 23:45:15,066 - {'epoch': 4, 'rec_loss': '5.1772'}
2025-06-13 23:45:19,451 - {'Epoch': 4, 'HR@5': '0.1609', 'NDCG@5': '0.1049', 'HR@10': '0.2421', 'NDCG@10': '0.1310', 'HR@20': '0.3380', 'NDCG@20': '0.1553'}
2025-06-13 23:45:19,454 - Validation score increased.  Saving model ...
2025-06-13 23:45:26,989 - {'epoch': 5, 'rec_loss': '5.0120'}
2025-06-13 23:45:31,371 - {'Epoch': 5, 'HR@5': '0.1650', 'NDCG@5': '0.1091', 'HR@10': '0.2477', 'NDCG@10': '0.1357', 'HR@20': '0.3466', 'NDCG@20': '0.1607'}
2025-06-13 23:45:31,373 - Validation score increased.  Saving model ...
2025-06-13 23:45:38,852 - {'epoch': 6, 'rec_loss': '4.9252'}
2025-06-13 23:45:43,244 - {'Epoch': 6, 'HR@5': '0.1655', 'NDCG@5': '0.1091', 'HR@10': '0.2534', 'NDCG@10': '0.1374', 'HR@20': '0.3511', 'NDCG@20': '0.1621'}
2025-06-13 23:45:43,248 - Validation score increased.  Saving model ...
2025-06-13 23:45:50,805 - {'epoch': 7, 'rec_loss': '4.8695'}
2025-06-13 23:45:55,188 - {'Epoch': 7, 'HR@5': '0.1672', 'NDCG@5': '0.1096', 'HR@10': '0.2545', 'NDCG@10': '0.1376', 'HR@20': '0.3549', 'NDCG@20': '0.1630'}
2025-06-13 23:45:55,189 - Validation score increased.  Saving model ...
2025-06-13 23:46:02,665 - {'epoch': 8, 'rec_loss': '4.8241'}
2025-06-13 23:46:07,137 - {'Epoch': 8, 'HR@5': '0.1682', 'NDCG@5': '0.1096', 'HR@10': '0.2565', 'NDCG@10': '0.1381', 'HR@20': '0.3574', 'NDCG@20': '0.1635'}
2025-06-13 23:46:07,138 - Validation score increased.  Saving model ...
2025-06-13 23:46:14,708 - {'epoch': 9, 'rec_loss': '4.7867'}
2025-06-13 23:46:19,068 - {'Epoch': 9, 'HR@5': '0.1703', 'NDCG@5': '0.1115', 'HR@10': '0.2559', 'NDCG@10': '0.1391', 'HR@20': '0.3571', 'NDCG@20': '0.1646'}
2025-06-13 23:46:19,069 - Validation score increased.  Saving model ...
2025-06-13 23:46:26,530 - {'epoch': 10, 'rec_loss': '4.7602'}
2025-06-13 23:46:30,973 - {'Epoch': 10, 'HR@5': '0.1693', 'NDCG@5': '0.1110', 'HR@10': '0.2577', 'NDCG@10': '0.1395', 'HR@20': '0.3614', 'NDCG@20': '0.1657'}
2025-06-13 23:46:30,977 - Validation score increased.  Saving model ...
2025-06-13 23:46:38,433 - {'epoch': 11, 'rec_loss': '4.7361'}
2025-06-13 23:46:42,744 - {'Epoch': 11, 'HR@5': '0.1697', 'NDCG@5': '0.1118', 'HR@10': '0.2584', 'NDCG@10': '0.1405', 'HR@20': '0.3603', 'NDCG@20': '0.1662'}
2025-06-13 23:46:42,746 - Validation score increased.  Saving model ...
2025-06-13 23:46:50,206 - {'epoch': 12, 'rec_loss': '4.7150'}
2025-06-13 23:46:54,576 - {'Epoch': 12, 'HR@5': '0.1691', 'NDCG@5': '0.1112', 'HR@10': '0.2576', 'NDCG@10': '0.1396', 'HR@20': '0.3626', 'NDCG@20': '0.1662'}
2025-06-13 23:46:54,578 - EarlyStopping counter: 1 out of 10
2025-06-13 23:47:01,955 - {'epoch': 13, 'rec_loss': '4.7002'}
2025-06-13 23:47:06,385 - {'Epoch': 13, 'HR@5': '0.1702', 'NDCG@5': '0.1117', 'HR@10': '0.2579', 'NDCG@10': '0.1400', 'HR@20': '0.3602', 'NDCG@20': '0.1658'}
2025-06-13 23:47:06,387 - EarlyStopping counter: 2 out of 10
2025-06-13 23:47:13,932 - {'epoch': 14, 'rec_loss': '4.6777'}
2025-06-13 23:47:18,373 - {'Epoch': 14, 'HR@5': '0.1728', 'NDCG@5': '0.1129', 'HR@10': '0.2569', 'NDCG@10': '0.1399', 'HR@20': '0.3608', 'NDCG@20': '0.1661'}
2025-06-13 23:47:18,377 - EarlyStopping counter: 3 out of 10
2025-06-13 23:47:25,854 - {'epoch': 15, 'rec_loss': '4.6678'}
2025-06-13 23:47:30,270 - {'Epoch': 15, 'HR@5': '0.1697', 'NDCG@5': '0.1123', 'HR@10': '0.2568', 'NDCG@10': '0.1404', 'HR@20': '0.3617', 'NDCG@20': '0.1669'}
2025-06-13 23:47:30,271 - Validation score increased.  Saving model ...
2025-06-13 23:47:37,734 - {'epoch': 16, 'rec_loss': '4.6538'}
2025-06-13 23:47:42,179 - {'Epoch': 16, 'HR@5': '0.1686', 'NDCG@5': '0.1108', 'HR@10': '0.2559', 'NDCG@10': '0.1390', 'HR@20': '0.3619', 'NDCG@20': '0.1658'}
2025-06-13 23:47:42,182 - EarlyStopping counter: 1 out of 10
2025-06-13 23:47:49,749 - {'epoch': 17, 'rec_loss': '4.6410'}
2025-06-13 23:47:54,197 - {'Epoch': 17, 'HR@5': '0.1699', 'NDCG@5': '0.1119', 'HR@10': '0.2572', 'NDCG@10': '0.1401', 'HR@20': '0.3614', 'NDCG@20': '0.1664'}
2025-06-13 23:47:54,198 - EarlyStopping counter: 2 out of 10
2025-06-13 23:48:01,677 - {'epoch': 18, 'rec_loss': '4.6302'}
2025-06-13 23:48:06,130 - {'Epoch': 18, 'HR@5': '0.1710', 'NDCG@5': '0.1128', 'HR@10': '0.2598', 'NDCG@10': '0.1413', 'HR@20': '0.3592', 'NDCG@20': '0.1664'}
2025-06-13 23:48:06,132 - EarlyStopping counter: 3 out of 10
2025-06-13 23:48:13,623 - {'epoch': 19, 'rec_loss': '4.6146'}
2025-06-13 23:48:18,073 - {'Epoch': 19, 'HR@5': '0.1722', 'NDCG@5': '0.1123', 'HR@10': '0.2598', 'NDCG@10': '0.1405', 'HR@20': '0.3598', 'NDCG@20': '0.1657'}
2025-06-13 23:48:18,074 - EarlyStopping counter: 4 out of 10
2025-06-13 23:48:25,577 - {'epoch': 20, 'rec_loss': '4.6065'}
2025-06-13 23:48:29,955 - {'Epoch': 20, 'HR@5': '0.1728', 'NDCG@5': '0.1117', 'HR@10': '0.2571', 'NDCG@10': '0.1390', 'HR@20': '0.3628', 'NDCG@20': '0.1657'}
2025-06-13 23:48:29,957 - EarlyStopping counter: 5 out of 10
2025-06-13 23:48:37,483 - {'epoch': 21, 'rec_loss': '4.5982'}
2025-06-13 23:48:41,876 - {'Epoch': 21, 'HR@5': '0.1724', 'NDCG@5': '0.1120', 'HR@10': '0.2574', 'NDCG@10': '0.1395', 'HR@20': '0.3628', 'NDCG@20': '0.1660'}
2025-06-13 23:48:41,880 - EarlyStopping counter: 6 out of 10
2025-06-13 23:48:49,496 - {'epoch': 22, 'rec_loss': '4.5931'}
2025-06-13 23:48:53,807 - {'Epoch': 22, 'HR@5': '0.1760', 'NDCG@5': '0.1151', 'HR@10': '0.2600', 'NDCG@10': '0.1421', 'HR@20': '0.3617', 'NDCG@20': '0.1679'}
2025-06-13 23:48:53,809 - Validation score increased.  Saving model ...
2025-06-13 23:49:01,432 - {'epoch': 23, 'rec_loss': '4.5817'}
2025-06-13 23:49:05,785 - {'Epoch': 23, 'HR@5': '0.1715', 'NDCG@5': '0.1115', 'HR@10': '0.2561', 'NDCG@10': '0.1389', 'HR@20': '0.3581', 'NDCG@20': '0.1647'}
2025-06-13 23:49:05,787 - EarlyStopping counter: 1 out of 10
2025-06-13 23:49:13,408 - {'epoch': 24, 'rec_loss': '4.5773'}
2025-06-13 23:49:17,809 - {'Epoch': 24, 'HR@5': '0.1725', 'NDCG@5': '0.1139', 'HR@10': '0.2602', 'NDCG@10': '0.1422', 'HR@20': '0.3603', 'NDCG@20': '0.1674'}
2025-06-13 23:49:17,811 - EarlyStopping counter: 2 out of 10
2025-06-13 23:49:25,308 - {'epoch': 25, 'rec_loss': '4.5632'}
2025-06-13 23:49:29,671 - {'Epoch': 25, 'HR@5': '0.1780', 'NDCG@5': '0.1167', 'HR@10': '0.2600', 'NDCG@10': '0.1430', 'HR@20': '0.3584', 'NDCG@20': '0.1679'}
2025-06-13 23:49:29,673 - Validation score increased.  Saving model ...
2025-06-13 23:49:37,159 - {'epoch': 26, 'rec_loss': '4.5604'}
2025-06-13 23:49:41,557 - {'Epoch': 26, 'HR@5': '0.1749', 'NDCG@5': '0.1145', 'HR@10': '0.2605', 'NDCG@10': '0.1422', 'HR@20': '0.3602', 'NDCG@20': '0.1674'}
2025-06-13 23:49:41,559 - EarlyStopping counter: 1 out of 10
2025-06-13 23:49:49,058 - {'epoch': 27, 'rec_loss': '4.5506'}
2025-06-13 23:49:53,350 - {'Epoch': 27, 'HR@5': '0.1743', 'NDCG@5': '0.1140', 'HR@10': '0.2603', 'NDCG@10': '0.1417', 'HR@20': '0.3622', 'NDCG@20': '0.1674'}
2025-06-13 23:49:53,353 - EarlyStopping counter: 2 out of 10
2025-06-13 23:50:00,809 - {'epoch': 28, 'rec_loss': '4.5453'}
2025-06-13 23:50:05,195 - {'Epoch': 28, 'HR@5': '0.1740', 'NDCG@5': '0.1143', 'HR@10': '0.2592', 'NDCG@10': '0.1418', 'HR@20': '0.3626', 'NDCG@20': '0.1680'}
2025-06-13 23:50:05,197 - Validation score increased.  Saving model ...
2025-06-13 23:50:12,741 - {'epoch': 29, 'rec_loss': '4.5387'}
2025-06-13 23:50:17,171 - {'Epoch': 29, 'HR@5': '0.1722', 'NDCG@5': '0.1134', 'HR@10': '0.2586', 'NDCG@10': '0.1413', 'HR@20': '0.3603', 'NDCG@20': '0.1670'}
2025-06-13 23:50:17,172 - EarlyStopping counter: 1 out of 10
2025-06-13 23:50:24,726 - {'epoch': 30, 'rec_loss': '4.5352'}
2025-06-13 23:50:29,087 - {'Epoch': 30, 'HR@5': '0.1717', 'NDCG@5': '0.1121', 'HR@10': '0.2607', 'NDCG@10': '0.1409', 'HR@20': '0.3623', 'NDCG@20': '0.1665'}
2025-06-13 23:50:29,090 - EarlyStopping counter: 2 out of 10
2025-06-13 23:50:36,532 - {'epoch': 31, 'rec_loss': '4.5253'}
2025-06-13 23:50:40,926 - {'Epoch': 31, 'HR@5': '0.1728', 'NDCG@5': '0.1131', 'HR@10': '0.2609', 'NDCG@10': '0.1416', 'HR@20': '0.3620', 'NDCG@20': '0.1671'}
2025-06-13 23:50:40,927 - EarlyStopping counter: 3 out of 10
2025-06-13 23:50:48,537 - {'epoch': 32, 'rec_loss': '4.5213'}
2025-06-13 23:50:52,956 - {'Epoch': 32, 'HR@5': '0.1704', 'NDCG@5': '0.1113', 'HR@10': '0.2598', 'NDCG@10': '0.1401', 'HR@20': '0.3614', 'NDCG@20': '0.1659'}
2025-06-13 23:50:52,957 - EarlyStopping counter: 4 out of 10
2025-06-13 23:51:00,488 - {'epoch': 33, 'rec_loss': '4.5165'}
2025-06-13 23:51:04,803 - {'Epoch': 33, 'HR@5': '0.1731', 'NDCG@5': '0.1131', 'HR@10': '0.2609', 'NDCG@10': '0.1414', 'HR@20': '0.3611', 'NDCG@20': '0.1666'}
2025-06-13 23:51:04,805 - EarlyStopping counter: 5 out of 10
2025-06-13 23:51:12,369 - {'epoch': 34, 'rec_loss': '4.5108'}
2025-06-13 23:51:16,696 - {'Epoch': 34, 'HR@5': '0.1751', 'NDCG@5': '0.1147', 'HR@10': '0.2629', 'NDCG@10': '0.1430', 'HR@20': '0.3610', 'NDCG@20': '0.1678'}
2025-06-13 23:51:16,698 - EarlyStopping counter: 6 out of 10
2025-06-13 23:51:24,149 - {'epoch': 35, 'rec_loss': '4.5041'}
2025-06-13 23:51:28,455 - {'Epoch': 35, 'HR@5': '0.1731', 'NDCG@5': '0.1124', 'HR@10': '0.2595', 'NDCG@10': '0.1402', 'HR@20': '0.3601', 'NDCG@20': '0.1657'}
2025-06-13 23:51:28,458 - EarlyStopping counter: 7 out of 10
2025-06-13 23:51:35,953 - {'epoch': 36, 'rec_loss': '4.5055'}
2025-06-13 23:51:40,281 - {'Epoch': 36, 'HR@5': '0.1722', 'NDCG@5': '0.1132', 'HR@10': '0.2596', 'NDCG@10': '0.1413', 'HR@20': '0.3628', 'NDCG@20': '0.1674'}
2025-06-13 23:51:40,283 - EarlyStopping counter: 8 out of 10
2025-06-13 23:51:47,874 - {'epoch': 37, 'rec_loss': '4.4946'}
2025-06-13 23:51:52,228 - {'Epoch': 37, 'HR@5': '0.1716', 'NDCG@5': '0.1121', 'HR@10': '0.2598', 'NDCG@10': '0.1405', 'HR@20': '0.3620', 'NDCG@20': '0.1663'}
2025-06-13 23:51:52,230 - EarlyStopping counter: 9 out of 10
2025-06-13 23:51:59,765 - {'epoch': 38, 'rec_loss': '4.4869'}
2025-06-13 23:52:04,137 - {'Epoch': 38, 'HR@5': '0.1724', 'NDCG@5': '0.1135', 'HR@10': '0.2579', 'NDCG@10': '0.1411', 'HR@20': '0.3607', 'NDCG@20': '0.1671'}
2025-06-13 23:52:04,141 - EarlyStopping counter: 10 out of 10
2025-06-13 23:52:04,141 - Early stopping
2025-06-13 23:52:04,141 - ---------------Validation Score---------------
2025-06-13 23:52:08,506 - {'Epoch': 0, 'HR@5': '0.1740', 'NDCG@5': '0.1143', 'HR@10': '0.2592', 'NDCG@10': '0.1418', 'HR@20': '0.3626', 'NDCG@20': '0.1680'}
2025-06-13 23:52:08,507 - BSARec_Diginetica
2025-06-13 23:52:08,507 - {'Epoch': 0, 'HR@5': '0.1740', 'NDCG@5': '0.1143', 'HR@10': '0.2592', 'NDCG@10': '0.1418', 'HR@20': '0.3626', 'NDCG@20': '0.1680'}
