2025-06-14 00:56:26,522 - Namespace(data_dir='data/self_processed/', output_dir='hparam_search/', data_name='Diginetica', train_name='BSARec_Diginetica', num_items=10, num_users=14829, lr=0.0005, batch_size=256, epochs=200, no_cuda=False, log_freq=1, patience=10, num_workers=4, seed=42, weight_decay=0.0, adam_beta1=0.9, adam_beta2=0.999, gpu_id='0', variance=5, model_type='BSARec', max_seq_length=50, hidden_size=64, num_hidden_layers=2, hidden_act='gelu', num_attention_heads=4, attention_probs_dropout_prob=0.5, hidden_dropout_prob=0.5, initializer_range=0.02, c=7, alpha=0.9, cuda_condition=True, data_file='data/self_processed/Diginetica.txt', item_size=9441, checkpoint_path=PosixPath('/gpfs/home3/scur2771/BSARec/BSARec/src/hparam_search/BSARec_Diginetica/12367757_145/model.pt'), same_target_path='data/self_processed/Diginetica_same_target.npy')
2025-06-14 00:56:26,540 - BSARecModel(
  (item_embeddings): Embedding(9441, 64, padding_idx=0)
  (position_embeddings): Embedding(50, 64)
  (LayerNorm): LayerNorm()
  (dropout): Dropout(p=0.5, inplace=False)
  (item_encoder): BSARecEncoder(
    (blocks): ModuleList(
      (0): BSARecBlock(
        (layer): BSARecLayer(
          (filter_layer): FrequencyLayer(
            (out_dropout): Dropout(p=0.5, inplace=False)
            (LayerNorm): LayerNorm()
          )
          (attention_layer): MultiHeadAttention(
            (query): Linear(in_features=64, out_features=64, bias=True)
            (key): Linear(in_features=64, out_features=64, bias=True)
            (value): Linear(in_features=64, out_features=64, bias=True)
            (softmax): Softmax(dim=-1)
            (attn_dropout): Dropout(p=0.5, inplace=False)
            (dense): Linear(in_features=64, out_features=64, bias=True)
            (LayerNorm): LayerNorm((64,), eps=1e-12, elementwise_affine=True)
            (out_dropout): Dropout(p=0.5, inplace=False)
          )
        )
        (feed_forward): FeedForward(
          (dense_1): Linear(in_features=64, out_features=256, bias=True)
          (dense_2): Linear(in_features=256, out_features=64, bias=True)
          (LayerNorm): LayerNorm()
          (dropout): Dropout(p=0.5, inplace=False)
        )
      )
      (1): BSARecBlock(
        (layer): BSARecLayer(
          (filter_layer): FrequencyLayer(
            (out_dropout): Dropout(p=0.5, inplace=False)
            (LayerNorm): LayerNorm()
          )
          (attention_layer): MultiHeadAttention(
            (query): Linear(in_features=64, out_features=64, bias=True)
            (key): Linear(in_features=64, out_features=64, bias=True)
            (value): Linear(in_features=64, out_features=64, bias=True)
            (softmax): Softmax(dim=-1)
            (attn_dropout): Dropout(p=0.5, inplace=False)
            (dense): Linear(in_features=64, out_features=64, bias=True)
            (LayerNorm): LayerNorm((64,), eps=1e-12, elementwise_affine=True)
            (out_dropout): Dropout(p=0.5, inplace=False)
          )
        )
        (feed_forward): FeedForward(
          (dense_1): Linear(in_features=64, out_features=256, bias=True)
          (dense_2): Linear(in_features=256, out_features=64, bias=True)
          (LayerNorm): LayerNorm()
          (dropout): Dropout(p=0.5, inplace=False)
        )
      )
    )
  )
)
2025-06-14 00:56:28,701 - Total Parameters: 707904
2025-06-14 00:56:37,163 - {'epoch': 0, 'rec_loss': '8.8423'}
2025-06-14 00:56:41,147 - {'Epoch': 0, 'HR@5': '0.0047', 'NDCG@5': '0.0030', 'HR@10': '0.0076', 'NDCG@10': '0.0040', 'HR@20': '0.0123', 'NDCG@20': '0.0051'}
2025-06-14 00:56:41,149 - Validation score increased.  Saving model ...
2025-06-14 00:56:48,546 - {'epoch': 1, 'rec_loss': '8.4648'}
2025-06-14 00:56:52,650 - {'Epoch': 1, 'HR@5': '0.0187', 'NDCG@5': '0.0123', 'HR@10': '0.0283', 'NDCG@10': '0.0154', 'HR@20': '0.0408', 'NDCG@20': '0.0186'}
2025-06-14 00:56:52,651 - Validation score increased.  Saving model ...
2025-06-14 00:56:59,950 - {'epoch': 2, 'rec_loss': '7.9674'}
2025-06-14 00:57:04,037 - {'Epoch': 2, 'HR@5': '0.0614', 'NDCG@5': '0.0409', 'HR@10': '0.0913', 'NDCG@10': '0.0506', 'HR@20': '0.1285', 'NDCG@20': '0.0599'}
2025-06-14 00:57:04,039 - Validation score increased.  Saving model ...
2025-06-14 00:57:11,330 - {'epoch': 3, 'rec_loss': '7.2314'}
2025-06-14 00:57:15,523 - {'Epoch': 3, 'HR@5': '0.0946', 'NDCG@5': '0.0628', 'HR@10': '0.1441', 'NDCG@10': '0.0787', 'HR@20': '0.2047', 'NDCG@20': '0.0940'}
2025-06-14 00:57:15,526 - Validation score increased.  Saving model ...
2025-06-14 00:57:22,792 - {'epoch': 4, 'rec_loss': '6.5251'}
2025-06-14 00:57:27,055 - {'Epoch': 4, 'HR@5': '0.1175', 'NDCG@5': '0.0772', 'HR@10': '0.1773', 'NDCG@10': '0.0965', 'HR@20': '0.2499', 'NDCG@20': '0.1149'}
2025-06-14 00:57:27,057 - Validation score increased.  Saving model ...
2025-06-14 00:57:34,461 - {'epoch': 5, 'rec_loss': '5.9871'}
2025-06-14 00:57:38,744 - {'Epoch': 5, 'HR@5': '0.1325', 'NDCG@5': '0.0877', 'HR@10': '0.2011', 'NDCG@10': '0.1098', 'HR@20': '0.2817', 'NDCG@20': '0.1301'}
2025-06-14 00:57:38,745 - Validation score increased.  Saving model ...
2025-06-14 00:57:46,087 - {'epoch': 6, 'rec_loss': '5.6057'}
2025-06-14 00:57:50,371 - {'Epoch': 6, 'HR@5': '0.1454', 'NDCG@5': '0.0952', 'HR@10': '0.2157', 'NDCG@10': '0.1180', 'HR@20': '0.3066', 'NDCG@20': '0.1409'}
2025-06-14 00:57:50,373 - Validation score increased.  Saving model ...
2025-06-14 00:57:57,657 - {'epoch': 7, 'rec_loss': '5.3338'}
2025-06-14 00:58:01,992 - {'Epoch': 7, 'HR@5': '0.1535', 'NDCG@5': '0.1007', 'HR@10': '0.2305', 'NDCG@10': '0.1256', 'HR@20': '0.3205', 'NDCG@20': '0.1483'}
2025-06-14 00:58:01,994 - Validation score increased.  Saving model ...
2025-06-14 00:58:09,323 - {'epoch': 8, 'rec_loss': '5.1460'}
2025-06-14 00:58:13,641 - {'Epoch': 8, 'HR@5': '0.1600', 'NDCG@5': '0.1054', 'HR@10': '0.2395', 'NDCG@10': '0.1311', 'HR@20': '0.3341', 'NDCG@20': '0.1551'}
2025-06-14 00:58:13,643 - Validation score increased.  Saving model ...
2025-06-14 00:58:20,995 - {'epoch': 9, 'rec_loss': '5.0109'}
2025-06-14 00:58:25,425 - {'Epoch': 9, 'HR@5': '0.1658', 'NDCG@5': '0.1087', 'HR@10': '0.2471', 'NDCG@10': '0.1349', 'HR@20': '0.3427', 'NDCG@20': '0.1590'}
2025-06-14 00:58:25,426 - Validation score increased.  Saving model ...
2025-06-14 00:58:32,771 - {'epoch': 10, 'rec_loss': '4.9147'}
2025-06-14 00:58:37,080 - {'Epoch': 10, 'HR@5': '0.1673', 'NDCG@5': '0.1091', 'HR@10': '0.2519', 'NDCG@10': '0.1364', 'HR@20': '0.3485', 'NDCG@20': '0.1608'}
2025-06-14 00:58:37,083 - Validation score increased.  Saving model ...
2025-06-14 00:58:44,452 - {'epoch': 11, 'rec_loss': '4.8488'}
2025-06-14 00:58:48,707 - {'Epoch': 11, 'HR@5': '0.1685', 'NDCG@5': '0.1117', 'HR@10': '0.2553', 'NDCG@10': '0.1398', 'HR@20': '0.3529', 'NDCG@20': '0.1645'}
2025-06-14 00:58:48,710 - Validation score increased.  Saving model ...
2025-06-14 00:58:55,998 - {'epoch': 12, 'rec_loss': '4.7872'}
2025-06-14 00:59:00,307 - {'Epoch': 12, 'HR@5': '0.1723', 'NDCG@5': '0.1134', 'HR@10': '0.2578', 'NDCG@10': '0.1410', 'HR@20': '0.3549', 'NDCG@20': '0.1656'}
2025-06-14 00:59:00,309 - Validation score increased.  Saving model ...
2025-06-14 00:59:07,695 - {'epoch': 13, 'rec_loss': '4.7465'}
2025-06-14 00:59:11,997 - {'Epoch': 13, 'HR@5': '0.1718', 'NDCG@5': '0.1140', 'HR@10': '0.2598', 'NDCG@10': '0.1424', 'HR@20': '0.3570', 'NDCG@20': '0.1670'}
2025-06-14 00:59:12,000 - Validation score increased.  Saving model ...
2025-06-14 00:59:19,362 - {'epoch': 14, 'rec_loss': '4.7112'}
2025-06-14 00:59:23,702 - {'Epoch': 14, 'HR@5': '0.1734', 'NDCG@5': '0.1143', 'HR@10': '0.2597', 'NDCG@10': '0.1421', 'HR@20': '0.3592', 'NDCG@20': '0.1673'}
2025-06-14 00:59:23,704 - Validation score increased.  Saving model ...
2025-06-14 00:59:31,063 - {'epoch': 15, 'rec_loss': '4.6912'}
2025-06-14 00:59:35,390 - {'Epoch': 15, 'HR@5': '0.1725', 'NDCG@5': '0.1150', 'HR@10': '0.2594', 'NDCG@10': '0.1430', 'HR@20': '0.3620', 'NDCG@20': '0.1688'}
2025-06-14 00:59:35,392 - Validation score increased.  Saving model ...
2025-06-14 00:59:42,826 - {'epoch': 16, 'rec_loss': '4.6731'}
2025-06-14 00:59:47,119 - {'Epoch': 16, 'HR@5': '0.1724', 'NDCG@5': '0.1146', 'HR@10': '0.2596', 'NDCG@10': '0.1427', 'HR@20': '0.3604', 'NDCG@20': '0.1682'}
2025-06-14 00:59:47,121 - EarlyStopping counter: 1 out of 10
2025-06-14 00:59:54,550 - {'epoch': 17, 'rec_loss': '4.6499'}
2025-06-14 00:59:58,811 - {'Epoch': 17, 'HR@5': '0.1738', 'NDCG@5': '0.1148', 'HR@10': '0.2611', 'NDCG@10': '0.1430', 'HR@20': '0.3620', 'NDCG@20': '0.1684'}
2025-06-14 00:59:58,813 - EarlyStopping counter: 2 out of 10
2025-06-14 01:00:06,157 - {'epoch': 18, 'rec_loss': '4.6333'}
2025-06-14 01:00:10,502 - {'Epoch': 18, 'HR@5': '0.1739', 'NDCG@5': '0.1151', 'HR@10': '0.2618', 'NDCG@10': '0.1434', 'HR@20': '0.3625', 'NDCG@20': '0.1688'}
2025-06-14 01:00:10,504 - Validation score increased.  Saving model ...
2025-06-14 01:00:17,790 - {'epoch': 19, 'rec_loss': '4.6127'}
2025-06-14 01:00:22,143 - {'Epoch': 19, 'HR@5': '0.1752', 'NDCG@5': '0.1154', 'HR@10': '0.2600', 'NDCG@10': '0.1427', 'HR@20': '0.3613', 'NDCG@20': '0.1683'}
2025-06-14 01:00:22,144 - EarlyStopping counter: 1 out of 10
2025-06-14 01:00:29,485 - {'epoch': 20, 'rec_loss': '4.6004'}
2025-06-14 01:00:33,807 - {'Epoch': 20, 'HR@5': '0.1764', 'NDCG@5': '0.1162', 'HR@10': '0.2616', 'NDCG@10': '0.1437', 'HR@20': '0.3642', 'NDCG@20': '0.1697'}
2025-06-14 01:00:33,810 - Validation score increased.  Saving model ...
2025-06-14 01:00:41,129 - {'epoch': 21, 'rec_loss': '4.5895'}
2025-06-14 01:00:45,528 - {'Epoch': 21, 'HR@5': '0.1768', 'NDCG@5': '0.1159', 'HR@10': '0.2613', 'NDCG@10': '0.1432', 'HR@20': '0.3622', 'NDCG@20': '0.1687'}
2025-06-14 01:00:45,531 - EarlyStopping counter: 1 out of 10
2025-06-14 01:00:52,976 - {'epoch': 22, 'rec_loss': '4.5767'}
2025-06-14 01:00:57,384 - {'Epoch': 22, 'HR@5': '0.1763', 'NDCG@5': '0.1158', 'HR@10': '0.2611', 'NDCG@10': '0.1432', 'HR@20': '0.3646', 'NDCG@20': '0.1694'}
2025-06-14 01:00:57,385 - EarlyStopping counter: 2 out of 10
2025-06-14 01:01:04,663 - {'epoch': 23, 'rec_loss': '4.5659'}
2025-06-14 01:01:08,969 - {'Epoch': 23, 'HR@5': '0.1742', 'NDCG@5': '0.1142', 'HR@10': '0.2602', 'NDCG@10': '0.1421', 'HR@20': '0.3630', 'NDCG@20': '0.1680'}
2025-06-14 01:01:08,973 - EarlyStopping counter: 3 out of 10
2025-06-14 01:01:16,246 - {'epoch': 24, 'rec_loss': '4.5559'}
2025-06-14 01:01:20,587 - {'Epoch': 24, 'HR@5': '0.1757', 'NDCG@5': '0.1154', 'HR@10': '0.2638', 'NDCG@10': '0.1438', 'HR@20': '0.3601', 'NDCG@20': '0.1682'}
2025-06-14 01:01:20,589 - EarlyStopping counter: 4 out of 10
2025-06-14 01:01:27,906 - {'epoch': 25, 'rec_loss': '4.5468'}
2025-06-14 01:01:32,259 - {'Epoch': 25, 'HR@5': '0.1771', 'NDCG@5': '0.1162', 'HR@10': '0.2631', 'NDCG@10': '0.1440', 'HR@20': '0.3604', 'NDCG@20': '0.1687'}
2025-06-14 01:01:32,261 - EarlyStopping counter: 5 out of 10
2025-06-14 01:01:39,563 - {'epoch': 26, 'rec_loss': '4.5392'}
2025-06-14 01:01:43,895 - {'Epoch': 26, 'HR@5': '0.1782', 'NDCG@5': '0.1167', 'HR@10': '0.2611', 'NDCG@10': '0.1436', 'HR@20': '0.3611', 'NDCG@20': '0.1689'}
2025-06-14 01:01:43,897 - EarlyStopping counter: 6 out of 10
2025-06-14 01:01:51,216 - {'epoch': 27, 'rec_loss': '4.5342'}
2025-06-14 01:01:55,487 - {'Epoch': 27, 'HR@5': '0.1760', 'NDCG@5': '0.1162', 'HR@10': '0.2651', 'NDCG@10': '0.1449', 'HR@20': '0.3621', 'NDCG@20': '0.1694'}
2025-06-14 01:01:55,489 - EarlyStopping counter: 7 out of 10
2025-06-14 01:02:02,794 - {'epoch': 28, 'rec_loss': '4.5206'}
2025-06-14 01:02:07,132 - {'Epoch': 28, 'HR@5': '0.1755', 'NDCG@5': '0.1151', 'HR@10': '0.2642', 'NDCG@10': '0.1437', 'HR@20': '0.3640', 'NDCG@20': '0.1689'}
2025-06-14 01:02:07,133 - EarlyStopping counter: 8 out of 10
2025-06-14 01:02:14,494 - {'epoch': 29, 'rec_loss': '4.5116'}
2025-06-14 01:02:18,867 - {'Epoch': 29, 'HR@5': '0.1748', 'NDCG@5': '0.1149', 'HR@10': '0.2624', 'NDCG@10': '0.1431', 'HR@20': '0.3609', 'NDCG@20': '0.1680'}
2025-06-14 01:02:18,869 - EarlyStopping counter: 9 out of 10
2025-06-14 01:02:26,160 - {'epoch': 30, 'rec_loss': '4.5084'}
2025-06-14 01:02:30,453 - {'Epoch': 30, 'HR@5': '0.1761', 'NDCG@5': '0.1149', 'HR@10': '0.2608', 'NDCG@10': '0.1422', 'HR@20': '0.3632', 'NDCG@20': '0.1681'}
2025-06-14 01:02:30,455 - EarlyStopping counter: 10 out of 10
2025-06-14 01:02:30,455 - Early stopping
2025-06-14 01:02:30,455 - ---------------Validation Score---------------
2025-06-14 01:02:34,766 - {'Epoch': 0, 'HR@5': '0.1764', 'NDCG@5': '0.1162', 'HR@10': '0.2616', 'NDCG@10': '0.1437', 'HR@20': '0.3642', 'NDCG@20': '0.1697'}
2025-06-14 01:02:34,769 - BSARec_Diginetica
2025-06-14 01:02:34,769 - {'Epoch': 0, 'HR@5': '0.1764', 'NDCG@5': '0.1162', 'HR@10': '0.2616', 'NDCG@10': '0.1437', 'HR@20': '0.3642', 'NDCG@20': '0.1697'}
