2025-06-14 00:51:19,832 - Namespace(data_dir='data/self_processed/', output_dir='hparam_search/', data_name='Diginetica', train_name='BSARec_Diginetica', num_items=10, num_users=14829, lr=0.0005, batch_size=256, epochs=200, no_cuda=False, log_freq=1, patience=10, num_workers=4, seed=42, weight_decay=0.0, adam_beta1=0.9, adam_beta2=0.999, gpu_id='0', variance=5, model_type='BSARec', max_seq_length=50, hidden_size=64, num_hidden_layers=2, hidden_act='gelu', num_attention_heads=4, attention_probs_dropout_prob=0.5, hidden_dropout_prob=0.5, initializer_range=0.02, c=5, alpha=0.9, cuda_condition=True, data_file='data/self_processed/Diginetica.txt', item_size=9441, checkpoint_path=PosixPath('/gpfs/home3/scur2771/BSARec/BSARec/src/hparam_search/BSARec_Diginetica/12367757_140/model.pt'), same_target_path='data/self_processed/Diginetica_same_target.npy')
2025-06-14 00:51:19,850 - BSARecModel(
  (item_embeddings): Embedding(9441, 64, padding_idx=0)
  (position_embeddings): Embedding(50, 64)
  (LayerNorm): LayerNorm()
  (dropout): Dropout(p=0.5, inplace=False)
  (item_encoder): BSARecEncoder(
    (blocks): ModuleList(
      (0): BSARecBlock(
        (layer): BSARecLayer(
          (filter_layer): FrequencyLayer(
            (out_dropout): Dropout(p=0.5, inplace=False)
            (LayerNorm): LayerNorm()
          )
          (attention_layer): MultiHeadAttention(
            (query): Linear(in_features=64, out_features=64, bias=True)
            (key): Linear(in_features=64, out_features=64, bias=True)
            (value): Linear(in_features=64, out_features=64, bias=True)
            (softmax): Softmax(dim=-1)
            (attn_dropout): Dropout(p=0.5, inplace=False)
            (dense): Linear(in_features=64, out_features=64, bias=True)
            (LayerNorm): LayerNorm((64,), eps=1e-12, elementwise_affine=True)
            (out_dropout): Dropout(p=0.5, inplace=False)
          )
        )
        (feed_forward): FeedForward(
          (dense_1): Linear(in_features=64, out_features=256, bias=True)
          (dense_2): Linear(in_features=256, out_features=64, bias=True)
          (LayerNorm): LayerNorm()
          (dropout): Dropout(p=0.5, inplace=False)
        )
      )
      (1): BSARecBlock(
        (layer): BSARecLayer(
          (filter_layer): FrequencyLayer(
            (out_dropout): Dropout(p=0.5, inplace=False)
            (LayerNorm): LayerNorm()
          )
          (attention_layer): MultiHeadAttention(
            (query): Linear(in_features=64, out_features=64, bias=True)
            (key): Linear(in_features=64, out_features=64, bias=True)
            (value): Linear(in_features=64, out_features=64, bias=True)
            (softmax): Softmax(dim=-1)
            (attn_dropout): Dropout(p=0.5, inplace=False)
            (dense): Linear(in_features=64, out_features=64, bias=True)
            (LayerNorm): LayerNorm((64,), eps=1e-12, elementwise_affine=True)
            (out_dropout): Dropout(p=0.5, inplace=False)
          )
        )
        (feed_forward): FeedForward(
          (dense_1): Linear(in_features=64, out_features=256, bias=True)
          (dense_2): Linear(in_features=256, out_features=64, bias=True)
          (LayerNorm): LayerNorm()
          (dropout): Dropout(p=0.5, inplace=False)
        )
      )
    )
  )
)
2025-06-14 00:51:22,051 - Total Parameters: 707904
2025-06-14 00:51:30,624 - {'epoch': 0, 'rec_loss': '8.8479'}
2025-06-14 00:51:34,872 - {'Epoch': 0, 'HR@5': '0.0045', 'NDCG@5': '0.0029', 'HR@10': '0.0082', 'NDCG@10': '0.0041', 'HR@20': '0.0129', 'NDCG@20': '0.0052'}
2025-06-14 00:51:34,874 - Validation score increased.  Saving model ...
2025-06-14 00:51:42,389 - {'epoch': 1, 'rec_loss': '8.4503'}
2025-06-14 00:51:46,547 - {'Epoch': 1, 'HR@5': '0.0188', 'NDCG@5': '0.0125', 'HR@10': '0.0286', 'NDCG@10': '0.0157', 'HR@20': '0.0432', 'NDCG@20': '0.0193'}
2025-06-14 00:51:46,548 - Validation score increased.  Saving model ...
2025-06-14 00:51:54,196 - {'epoch': 2, 'rec_loss': '7.9416'}
2025-06-14 00:51:58,331 - {'Epoch': 2, 'HR@5': '0.0562', 'NDCG@5': '0.0374', 'HR@10': '0.0819', 'NDCG@10': '0.0456', 'HR@20': '0.1195', 'NDCG@20': '0.0551'}
2025-06-14 00:51:58,333 - Validation score increased.  Saving model ...
2025-06-14 00:52:05,817 - {'epoch': 3, 'rec_loss': '7.2650'}
2025-06-14 00:52:09,976 - {'Epoch': 3, 'HR@5': '0.0912', 'NDCG@5': '0.0599', 'HR@10': '0.1374', 'NDCG@10': '0.0748', 'HR@20': '0.1954', 'NDCG@20': '0.0894'}
2025-06-14 00:52:09,977 - Validation score increased.  Saving model ...
2025-06-14 00:52:17,605 - {'epoch': 4, 'rec_loss': '6.5732'}
2025-06-14 00:52:21,835 - {'Epoch': 4, 'HR@5': '0.1151', 'NDCG@5': '0.0758', 'HR@10': '0.1745', 'NDCG@10': '0.0950', 'HR@20': '0.2443', 'NDCG@20': '0.1125'}
2025-06-14 00:52:21,837 - Validation score increased.  Saving model ...
2025-06-14 00:52:29,429 - {'epoch': 5, 'rec_loss': '6.0215'}
2025-06-14 00:52:33,793 - {'Epoch': 5, 'HR@5': '0.1316', 'NDCG@5': '0.0867', 'HR@10': '0.1992', 'NDCG@10': '0.1084', 'HR@20': '0.2786', 'NDCG@20': '0.1284'}
2025-06-14 00:52:33,795 - Validation score increased.  Saving model ...
2025-06-14 00:52:41,313 - {'epoch': 6, 'rec_loss': '5.6276'}
2025-06-14 00:52:45,653 - {'Epoch': 6, 'HR@5': '0.1436', 'NDCG@5': '0.0946', 'HR@10': '0.2147', 'NDCG@10': '0.1176', 'HR@20': '0.3046', 'NDCG@20': '0.1402'}
2025-06-14 00:52:45,655 - Validation score increased.  Saving model ...
2025-06-14 00:52:53,172 - {'epoch': 7, 'rec_loss': '5.3467'}
2025-06-14 00:52:57,474 - {'Epoch': 7, 'HR@5': '0.1527', 'NDCG@5': '0.1004', 'HR@10': '0.2298', 'NDCG@10': '0.1252', 'HR@20': '0.3196', 'NDCG@20': '0.1479'}
2025-06-14 00:52:57,476 - Validation score increased.  Saving model ...
2025-06-14 00:53:04,949 - {'epoch': 8, 'rec_loss': '5.1524'}
2025-06-14 00:53:09,250 - {'Epoch': 8, 'HR@5': '0.1586', 'NDCG@5': '0.1044', 'HR@10': '0.2396', 'NDCG@10': '0.1305', 'HR@20': '0.3340', 'NDCG@20': '0.1543'}
2025-06-14 00:53:09,252 - Validation score increased.  Saving model ...
2025-06-14 00:53:16,758 - {'epoch': 9, 'rec_loss': '5.0136'}
2025-06-14 00:53:21,118 - {'Epoch': 9, 'HR@5': '0.1650', 'NDCG@5': '0.1089', 'HR@10': '0.2453', 'NDCG@10': '0.1347', 'HR@20': '0.3417', 'NDCG@20': '0.1592'}
2025-06-14 00:53:21,120 - Validation score increased.  Saving model ...
2025-06-14 00:53:28,629 - {'epoch': 10, 'rec_loss': '4.9169'}
2025-06-14 00:53:32,970 - {'Epoch': 10, 'HR@5': '0.1664', 'NDCG@5': '0.1092', 'HR@10': '0.2514', 'NDCG@10': '0.1366', 'HR@20': '0.3481', 'NDCG@20': '0.1611'}
2025-06-14 00:53:32,972 - Validation score increased.  Saving model ...
2025-06-14 00:53:40,524 - {'epoch': 11, 'rec_loss': '4.8488'}
2025-06-14 00:53:44,847 - {'Epoch': 11, 'HR@5': '0.1691', 'NDCG@5': '0.1114', 'HR@10': '0.2552', 'NDCG@10': '0.1392', 'HR@20': '0.3490', 'NDCG@20': '0.1630'}
2025-06-14 00:53:44,848 - Validation score increased.  Saving model ...
2025-06-14 00:53:52,438 - {'epoch': 12, 'rec_loss': '4.7869'}
2025-06-14 00:53:56,770 - {'Epoch': 12, 'HR@5': '0.1708', 'NDCG@5': '0.1123', 'HR@10': '0.2569', 'NDCG@10': '0.1400', 'HR@20': '0.3543', 'NDCG@20': '0.1646'}
2025-06-14 00:53:56,772 - Validation score increased.  Saving model ...
2025-06-14 00:54:04,310 - {'epoch': 13, 'rec_loss': '4.7461'}
2025-06-14 00:54:08,595 - {'Epoch': 13, 'HR@5': '0.1710', 'NDCG@5': '0.1131', 'HR@10': '0.2584', 'NDCG@10': '0.1413', 'HR@20': '0.3570', 'NDCG@20': '0.1662'}
2025-06-14 00:54:08,597 - Validation score increased.  Saving model ...
2025-06-14 00:54:16,128 - {'epoch': 14, 'rec_loss': '4.7108'}
2025-06-14 00:54:20,544 - {'Epoch': 14, 'HR@5': '0.1733', 'NDCG@5': '0.1143', 'HR@10': '0.2586', 'NDCG@10': '0.1418', 'HR@20': '0.3582', 'NDCG@20': '0.1669'}
2025-06-14 00:54:20,545 - Validation score increased.  Saving model ...
2025-06-14 00:54:27,964 - {'epoch': 15, 'rec_loss': '4.6911'}
2025-06-14 00:54:32,274 - {'Epoch': 15, 'HR@5': '0.1700', 'NDCG@5': '0.1132', 'HR@10': '0.2586', 'NDCG@10': '0.1418', 'HR@20': '0.3588', 'NDCG@20': '0.1672'}
2025-06-14 00:54:32,276 - Validation score increased.  Saving model ...
2025-06-14 00:54:39,742 - {'epoch': 16, 'rec_loss': '4.6697'}
2025-06-14 00:54:44,091 - {'Epoch': 16, 'HR@5': '0.1729', 'NDCG@5': '0.1142', 'HR@10': '0.2587', 'NDCG@10': '0.1418', 'HR@20': '0.3588', 'NDCG@20': '0.1671'}
2025-06-14 00:54:44,092 - EarlyStopping counter: 1 out of 10
2025-06-14 00:54:51,532 - {'epoch': 17, 'rec_loss': '4.6482'}
2025-06-14 00:54:55,844 - {'Epoch': 17, 'HR@5': '0.1751', 'NDCG@5': '0.1153', 'HR@10': '0.2598', 'NDCG@10': '0.1425', 'HR@20': '0.3595', 'NDCG@20': '0.1677'}
2025-06-14 00:54:55,845 - Validation score increased.  Saving model ...
2025-06-14 00:55:03,285 - {'epoch': 18, 'rec_loss': '4.6298'}
2025-06-14 00:55:07,683 - {'Epoch': 18, 'HR@5': '0.1751', 'NDCG@5': '0.1153', 'HR@10': '0.2611', 'NDCG@10': '0.1429', 'HR@20': '0.3596', 'NDCG@20': '0.1677'}
2025-06-14 00:55:07,685 - Validation score increased.  Saving model ...
2025-06-14 00:55:15,295 - {'epoch': 19, 'rec_loss': '4.6118'}
2025-06-14 00:55:19,689 - {'Epoch': 19, 'HR@5': '0.1754', 'NDCG@5': '0.1150', 'HR@10': '0.2600', 'NDCG@10': '0.1422', 'HR@20': '0.3588', 'NDCG@20': '0.1671'}
2025-06-14 00:55:19,690 - EarlyStopping counter: 1 out of 10
2025-06-14 00:55:27,193 - {'epoch': 20, 'rec_loss': '4.5980'}
2025-06-14 00:55:31,604 - {'Epoch': 20, 'HR@5': '0.1762', 'NDCG@5': '0.1156', 'HR@10': '0.2618', 'NDCG@10': '0.1431', 'HR@20': '0.3626', 'NDCG@20': '0.1685'}
2025-06-14 00:55:31,606 - Validation score increased.  Saving model ...
2025-06-14 00:55:39,107 - {'epoch': 21, 'rec_loss': '4.5900'}
2025-06-14 00:55:43,446 - {'Epoch': 21, 'HR@5': '0.1755', 'NDCG@5': '0.1149', 'HR@10': '0.2612', 'NDCG@10': '0.1425', 'HR@20': '0.3634', 'NDCG@20': '0.1683'}
2025-06-14 00:55:43,448 - EarlyStopping counter: 1 out of 10
2025-06-14 00:55:50,989 - {'epoch': 22, 'rec_loss': '4.5767'}
2025-06-14 00:55:55,319 - {'Epoch': 22, 'HR@5': '0.1742', 'NDCG@5': '0.1149', 'HR@10': '0.2615', 'NDCG@10': '0.1430', 'HR@20': '0.3648', 'NDCG@20': '0.1691'}
2025-06-14 00:55:55,320 - Validation score increased.  Saving model ...
2025-06-14 00:56:02,842 - {'epoch': 23, 'rec_loss': '4.5688'}
2025-06-14 00:56:07,149 - {'Epoch': 23, 'HR@5': '0.1737', 'NDCG@5': '0.1136', 'HR@10': '0.2611', 'NDCG@10': '0.1418', 'HR@20': '0.3629', 'NDCG@20': '0.1674'}
2025-06-14 00:56:07,150 - EarlyStopping counter: 1 out of 10
2025-06-14 00:56:14,610 - {'epoch': 24, 'rec_loss': '4.5561'}
2025-06-14 00:56:19,022 - {'Epoch': 24, 'HR@5': '0.1743', 'NDCG@5': '0.1143', 'HR@10': '0.2634', 'NDCG@10': '0.1430', 'HR@20': '0.3611', 'NDCG@20': '0.1676'}
2025-06-14 00:56:19,024 - EarlyStopping counter: 2 out of 10
2025-06-14 00:56:26,574 - {'epoch': 25, 'rec_loss': '4.5457'}
2025-06-14 00:56:30,889 - {'Epoch': 25, 'HR@5': '0.1757', 'NDCG@5': '0.1159', 'HR@10': '0.2603', 'NDCG@10': '0.1432', 'HR@20': '0.3613', 'NDCG@20': '0.1687'}
2025-06-14 00:56:30,890 - EarlyStopping counter: 3 out of 10
2025-06-14 00:56:38,397 - {'epoch': 26, 'rec_loss': '4.5388'}
2025-06-14 00:56:42,718 - {'Epoch': 26, 'HR@5': '0.1751', 'NDCG@5': '0.1155', 'HR@10': '0.2622', 'NDCG@10': '0.1435', 'HR@20': '0.3601', 'NDCG@20': '0.1682'}
2025-06-14 00:56:42,720 - EarlyStopping counter: 4 out of 10
2025-06-14 00:56:50,139 - {'epoch': 27, 'rec_loss': '4.5328'}
2025-06-14 00:56:54,468 - {'Epoch': 27, 'HR@5': '0.1734', 'NDCG@5': '0.1147', 'HR@10': '0.2607', 'NDCG@10': '0.1429', 'HR@20': '0.3613', 'NDCG@20': '0.1683'}
2025-06-14 00:56:54,469 - EarlyStopping counter: 5 out of 10
2025-06-14 00:57:01,985 - {'epoch': 28, 'rec_loss': '4.5209'}
2025-06-14 00:57:06,369 - {'Epoch': 28, 'HR@5': '0.1726', 'NDCG@5': '0.1144', 'HR@10': '0.2620', 'NDCG@10': '0.1433', 'HR@20': '0.3599', 'NDCG@20': '0.1681'}
2025-06-14 00:57:06,371 - EarlyStopping counter: 6 out of 10
2025-06-14 00:57:13,828 - {'epoch': 29, 'rec_loss': '4.5146'}
2025-06-14 00:57:18,188 - {'Epoch': 29, 'HR@5': '0.1735', 'NDCG@5': '0.1144', 'HR@10': '0.2594', 'NDCG@10': '0.1421', 'HR@20': '0.3595', 'NDCG@20': '0.1674'}
2025-06-14 00:57:18,189 - EarlyStopping counter: 7 out of 10
2025-06-14 00:57:25,664 - {'epoch': 30, 'rec_loss': '4.5101'}
2025-06-14 00:57:30,073 - {'Epoch': 30, 'HR@5': '0.1741', 'NDCG@5': '0.1144', 'HR@10': '0.2603', 'NDCG@10': '0.1421', 'HR@20': '0.3605', 'NDCG@20': '0.1674'}
2025-06-14 00:57:30,074 - EarlyStopping counter: 8 out of 10
2025-06-14 00:57:37,536 - {'epoch': 31, 'rec_loss': '4.4980'}
2025-06-14 00:57:41,944 - {'Epoch': 31, 'HR@5': '0.1728', 'NDCG@5': '0.1142', 'HR@10': '0.2605', 'NDCG@10': '0.1424', 'HR@20': '0.3603', 'NDCG@20': '0.1676'}
2025-06-14 00:57:41,945 - EarlyStopping counter: 9 out of 10
2025-06-14 00:57:49,506 - {'epoch': 32, 'rec_loss': '4.4959'}
2025-06-14 00:57:53,914 - {'Epoch': 32, 'HR@5': '0.1737', 'NDCG@5': '0.1139', 'HR@10': '0.2606', 'NDCG@10': '0.1419', 'HR@20': '0.3599', 'NDCG@20': '0.1671'}
2025-06-14 00:57:53,916 - EarlyStopping counter: 10 out of 10
2025-06-14 00:57:53,916 - Early stopping
2025-06-14 00:57:53,916 - ---------------Validation Score---------------
2025-06-14 00:57:58,271 - {'Epoch': 0, 'HR@5': '0.1742', 'NDCG@5': '0.1149', 'HR@10': '0.2615', 'NDCG@10': '0.1430', 'HR@20': '0.3648', 'NDCG@20': '0.1691'}
2025-06-14 00:57:58,273 - BSARec_Diginetica
2025-06-14 00:57:58,273 - {'Epoch': 0, 'HR@5': '0.1742', 'NDCG@5': '0.1149', 'HR@10': '0.2615', 'NDCG@10': '0.1430', 'HR@20': '0.3648', 'NDCG@20': '0.1691'}
