2025-06-13 22:50:45,606 - Namespace(data_dir='data/self_processed/', output_dir='hparam_search/', data_name='Diginetica', train_name='BSARec_Diginetica', num_items=10, num_users=14829, lr=0.001, batch_size=256, epochs=200, no_cuda=False, log_freq=1, patience=10, num_workers=4, seed=42, weight_decay=0.0, adam_beta1=0.9, adam_beta2=0.999, gpu_id='0', variance=5, model_type='BSARec', max_seq_length=50, hidden_size=64, num_hidden_layers=2, hidden_act='gelu', num_attention_heads=1, attention_probs_dropout_prob=0.5, hidden_dropout_prob=0.5, initializer_range=0.02, c=7, alpha=0.3, cuda_condition=True, data_file='data/self_processed/Diginetica.txt', item_size=9441, checkpoint_path=PosixPath('/gpfs/home3/scur2771/BSARec/BSARec/src/hparam_search/BSARec_Diginetica/12367757_17/model.pt'), same_target_path='data/self_processed/Diginetica_same_target.npy')
2025-06-13 22:50:45,624 - BSARecModel(
  (item_embeddings): Embedding(9441, 64, padding_idx=0)
  (position_embeddings): Embedding(50, 64)
  (LayerNorm): LayerNorm()
  (dropout): Dropout(p=0.5, inplace=False)
  (item_encoder): BSARecEncoder(
    (blocks): ModuleList(
      (0): BSARecBlock(
        (layer): BSARecLayer(
          (filter_layer): FrequencyLayer(
            (out_dropout): Dropout(p=0.5, inplace=False)
            (LayerNorm): LayerNorm()
          )
          (attention_layer): MultiHeadAttention(
            (query): Linear(in_features=64, out_features=64, bias=True)
            (key): Linear(in_features=64, out_features=64, bias=True)
            (value): Linear(in_features=64, out_features=64, bias=True)
            (softmax): Softmax(dim=-1)
            (attn_dropout): Dropout(p=0.5, inplace=False)
            (dense): Linear(in_features=64, out_features=64, bias=True)
            (LayerNorm): LayerNorm((64,), eps=1e-12, elementwise_affine=True)
            (out_dropout): Dropout(p=0.5, inplace=False)
          )
        )
        (feed_forward): FeedForward(
          (dense_1): Linear(in_features=64, out_features=256, bias=True)
          (dense_2): Linear(in_features=256, out_features=64, bias=True)
          (LayerNorm): LayerNorm()
          (dropout): Dropout(p=0.5, inplace=False)
        )
      )
      (1): BSARecBlock(
        (layer): BSARecLayer(
          (filter_layer): FrequencyLayer(
            (out_dropout): Dropout(p=0.5, inplace=False)
            (LayerNorm): LayerNorm()
          )
          (attention_layer): MultiHeadAttention(
            (query): Linear(in_features=64, out_features=64, bias=True)
            (key): Linear(in_features=64, out_features=64, bias=True)
            (value): Linear(in_features=64, out_features=64, bias=True)
            (softmax): Softmax(dim=-1)
            (attn_dropout): Dropout(p=0.5, inplace=False)
            (dense): Linear(in_features=64, out_features=64, bias=True)
            (LayerNorm): LayerNorm((64,), eps=1e-12, elementwise_affine=True)
            (out_dropout): Dropout(p=0.5, inplace=False)
          )
        )
        (feed_forward): FeedForward(
          (dense_1): Linear(in_features=64, out_features=256, bias=True)
          (dense_2): Linear(in_features=256, out_features=64, bias=True)
          (LayerNorm): LayerNorm()
          (dropout): Dropout(p=0.5, inplace=False)
        )
      )
    )
  )
)
2025-06-13 22:50:47,821 - Total Parameters: 707904
2025-06-13 22:50:56,177 - {'epoch': 0, 'rec_loss': '8.6686'}
2025-06-13 22:51:00,467 - {'Epoch': 0, 'HR@5': '0.0339', 'NDCG@5': '0.0236', 'HR@10': '0.0482', 'NDCG@10': '0.0282', 'HR@20': '0.0664', 'NDCG@20': '0.0328'}
2025-06-13 22:51:00,468 - Validation score increased.  Saving model ...
2025-06-13 22:51:07,851 - {'epoch': 1, 'rec_loss': '7.4787'}
2025-06-13 22:51:12,196 - {'Epoch': 1, 'HR@5': '0.1026', 'NDCG@5': '0.0673', 'HR@10': '0.1546', 'NDCG@10': '0.0840', 'HR@20': '0.2135', 'NDCG@20': '0.0988'}
2025-06-13 22:51:12,198 - Validation score increased.  Saving model ...
2025-06-13 22:51:19,533 - {'epoch': 2, 'rec_loss': '6.2230'}
2025-06-13 22:51:23,826 - {'Epoch': 2, 'HR@5': '0.1351', 'NDCG@5': '0.0877', 'HR@10': '0.2033', 'NDCG@10': '0.1097', 'HR@20': '0.2877', 'NDCG@20': '0.1309'}
2025-06-13 22:51:23,829 - Validation score increased.  Saving model ...
2025-06-13 22:51:31,236 - {'epoch': 3, 'rec_loss': '5.5178'}
2025-06-13 22:51:35,529 - {'Epoch': 3, 'HR@5': '0.1529', 'NDCG@5': '0.1010', 'HR@10': '0.2310', 'NDCG@10': '0.1260', 'HR@20': '0.3234', 'NDCG@20': '0.1494'}
2025-06-13 22:51:35,530 - Validation score increased.  Saving model ...
2025-06-13 22:51:42,830 - {'epoch': 4, 'rec_loss': '5.1841'}
2025-06-13 22:51:47,175 - {'Epoch': 4, 'HR@5': '0.1612', 'NDCG@5': '0.1057', 'HR@10': '0.2421', 'NDCG@10': '0.1317', 'HR@20': '0.3412', 'NDCG@20': '0.1567'}
2025-06-13 22:51:47,177 - Validation score increased.  Saving model ...
2025-06-13 22:51:54,554 - {'epoch': 5, 'rec_loss': '5.0206'}
2025-06-13 22:51:58,888 - {'Epoch': 5, 'HR@5': '0.1666', 'NDCG@5': '0.1087', 'HR@10': '0.2488', 'NDCG@10': '0.1350', 'HR@20': '0.3477', 'NDCG@20': '0.1600'}
2025-06-13 22:51:58,889 - Validation score increased.  Saving model ...
2025-06-13 22:52:06,304 - {'epoch': 6, 'rec_loss': '4.9331'}
2025-06-13 22:52:10,670 - {'Epoch': 6, 'HR@5': '0.1695', 'NDCG@5': '0.1114', 'HR@10': '0.2531', 'NDCG@10': '0.1383', 'HR@20': '0.3537', 'NDCG@20': '0.1638'}
2025-06-13 22:52:10,672 - Validation score increased.  Saving model ...
2025-06-13 22:52:17,946 - {'epoch': 7, 'rec_loss': '4.8728'}
2025-06-13 22:52:22,405 - {'Epoch': 7, 'HR@5': '0.1693', 'NDCG@5': '0.1111', 'HR@10': '0.2557', 'NDCG@10': '0.1390', 'HR@20': '0.3581', 'NDCG@20': '0.1649'}
2025-06-13 22:52:22,407 - Validation score increased.  Saving model ...
2025-06-13 22:52:29,773 - {'epoch': 8, 'rec_loss': '4.8266'}
2025-06-13 22:52:34,128 - {'Epoch': 8, 'HR@5': '0.1685', 'NDCG@5': '0.1106', 'HR@10': '0.2578', 'NDCG@10': '0.1394', 'HR@20': '0.3609', 'NDCG@20': '0.1655'}
2025-06-13 22:52:34,129 - Validation score increased.  Saving model ...
2025-06-13 22:52:41,502 - {'epoch': 9, 'rec_loss': '4.7883'}
2025-06-13 22:52:45,896 - {'Epoch': 9, 'HR@5': '0.1713', 'NDCG@5': '0.1115', 'HR@10': '0.2536', 'NDCG@10': '0.1380', 'HR@20': '0.3610', 'NDCG@20': '0.1652'}
2025-06-13 22:52:45,898 - EarlyStopping counter: 1 out of 10
2025-06-13 22:52:53,282 - {'epoch': 10, 'rec_loss': '4.7636'}
2025-06-13 22:52:57,612 - {'Epoch': 10, 'HR@5': '0.1662', 'NDCG@5': '0.1102', 'HR@10': '0.2591', 'NDCG@10': '0.1401', 'HR@20': '0.3617', 'NDCG@20': '0.1660'}
2025-06-13 22:52:57,614 - Validation score increased.  Saving model ...
2025-06-13 22:53:04,932 - {'epoch': 11, 'rec_loss': '4.7371'}
2025-06-13 22:53:09,256 - {'Epoch': 11, 'HR@5': '0.1716', 'NDCG@5': '0.1130', 'HR@10': '0.2565', 'NDCG@10': '0.1403', 'HR@20': '0.3605', 'NDCG@20': '0.1666'}
2025-06-13 22:53:09,258 - Validation score increased.  Saving model ...
2025-06-13 22:53:16,701 - {'epoch': 12, 'rec_loss': '4.7173'}
2025-06-13 22:53:21,051 - {'Epoch': 12, 'HR@5': '0.1709', 'NDCG@5': '0.1115', 'HR@10': '0.2587', 'NDCG@10': '0.1398', 'HR@20': '0.3611', 'NDCG@20': '0.1657'}
2025-06-13 22:53:21,052 - EarlyStopping counter: 1 out of 10
2025-06-13 22:53:28,373 - {'epoch': 13, 'rec_loss': '4.7003'}
2025-06-13 22:53:32,684 - {'Epoch': 13, 'HR@5': '0.1735', 'NDCG@5': '0.1134', 'HR@10': '0.2596', 'NDCG@10': '0.1411', 'HR@20': '0.3629', 'NDCG@20': '0.1672'}
2025-06-13 22:53:32,686 - Validation score increased.  Saving model ...
2025-06-13 22:53:40,057 - {'epoch': 14, 'rec_loss': '4.6822'}
2025-06-13 22:53:44,372 - {'Epoch': 14, 'HR@5': '0.1726', 'NDCG@5': '0.1132', 'HR@10': '0.2576', 'NDCG@10': '0.1406', 'HR@20': '0.3619', 'NDCG@20': '0.1670'}
2025-06-13 22:53:44,374 - EarlyStopping counter: 1 out of 10
2025-06-13 22:53:51,665 - {'epoch': 15, 'rec_loss': '4.6722'}
2025-06-13 22:53:56,042 - {'Epoch': 15, 'HR@5': '0.1686', 'NDCG@5': '0.1114', 'HR@10': '0.2597', 'NDCG@10': '0.1407', 'HR@20': '0.3634', 'NDCG@20': '0.1670'}
2025-06-13 22:53:56,043 - EarlyStopping counter: 2 out of 10
2025-06-13 22:54:03,309 - {'epoch': 16, 'rec_loss': '4.6523'}
2025-06-13 22:54:07,727 - {'Epoch': 16, 'HR@5': '0.1692', 'NDCG@5': '0.1103', 'HR@10': '0.2582', 'NDCG@10': '0.1390', 'HR@20': '0.3614', 'NDCG@20': '0.1650'}
2025-06-13 22:54:07,729 - EarlyStopping counter: 3 out of 10
2025-06-13 22:54:14,980 - {'epoch': 17, 'rec_loss': '4.6436'}
2025-06-13 22:54:19,349 - {'Epoch': 17, 'HR@5': '0.1712', 'NDCG@5': '0.1114', 'HR@10': '0.2582', 'NDCG@10': '0.1395', 'HR@20': '0.3603', 'NDCG@20': '0.1653'}
2025-06-13 22:54:19,352 - EarlyStopping counter: 4 out of 10
2025-06-13 22:54:26,650 - {'epoch': 18, 'rec_loss': '4.6309'}
2025-06-13 22:54:30,961 - {'Epoch': 18, 'HR@5': '0.1710', 'NDCG@5': '0.1123', 'HR@10': '0.2594', 'NDCG@10': '0.1407', 'HR@20': '0.3599', 'NDCG@20': '0.1661'}
2025-06-13 22:54:30,962 - EarlyStopping counter: 5 out of 10
2025-06-13 22:54:38,287 - {'epoch': 19, 'rec_loss': '4.6224'}
2025-06-13 22:54:42,603 - {'Epoch': 19, 'HR@5': '0.1719', 'NDCG@5': '0.1112', 'HR@10': '0.2575', 'NDCG@10': '0.1389', 'HR@20': '0.3610', 'NDCG@20': '0.1650'}
2025-06-13 22:54:42,605 - EarlyStopping counter: 6 out of 10
2025-06-13 22:54:50,053 - {'epoch': 20, 'rec_loss': '4.6122'}
2025-06-13 22:54:54,422 - {'Epoch': 20, 'HR@5': '0.1735', 'NDCG@5': '0.1135', 'HR@10': '0.2575', 'NDCG@10': '0.1406', 'HR@20': '0.3622', 'NDCG@20': '0.1671'}
2025-06-13 22:54:54,423 - EarlyStopping counter: 7 out of 10
2025-06-13 22:55:01,722 - {'epoch': 21, 'rec_loss': '4.6042'}
2025-06-13 22:55:06,105 - {'Epoch': 21, 'HR@5': '0.1722', 'NDCG@5': '0.1118', 'HR@10': '0.2599', 'NDCG@10': '0.1400', 'HR@20': '0.3609', 'NDCG@20': '0.1655'}
2025-06-13 22:55:06,107 - EarlyStopping counter: 8 out of 10
2025-06-13 22:55:13,410 - {'epoch': 22, 'rec_loss': '4.5976'}
2025-06-13 22:55:17,738 - {'Epoch': 22, 'HR@5': '0.1724', 'NDCG@5': '0.1128', 'HR@10': '0.2610', 'NDCG@10': '0.1414', 'HR@20': '0.3634', 'NDCG@20': '0.1673'}
2025-06-13 22:55:17,738 - Validation score increased.  Saving model ...
2025-06-13 22:55:25,062 - {'epoch': 23, 'rec_loss': '4.5844'}
2025-06-13 22:55:29,503 - {'Epoch': 23, 'HR@5': '0.1722', 'NDCG@5': '0.1115', 'HR@10': '0.2587', 'NDCG@10': '0.1393', 'HR@20': '0.3613', 'NDCG@20': '0.1652'}
2025-06-13 22:55:29,508 - EarlyStopping counter: 1 out of 10
2025-06-13 22:55:36,825 - {'epoch': 24, 'rec_loss': '4.5785'}
2025-06-13 22:55:41,260 - {'Epoch': 24, 'HR@5': '0.1708', 'NDCG@5': '0.1115', 'HR@10': '0.2597', 'NDCG@10': '0.1402', 'HR@20': '0.3631', 'NDCG@20': '0.1663'}
2025-06-13 22:55:41,262 - EarlyStopping counter: 2 out of 10
2025-06-13 22:55:48,579 - {'epoch': 25, 'rec_loss': '4.5663'}
2025-06-13 22:55:52,901 - {'Epoch': 25, 'HR@5': '0.1747', 'NDCG@5': '0.1150', 'HR@10': '0.2609', 'NDCG@10': '0.1428', 'HR@20': '0.3642', 'NDCG@20': '0.1689'}
2025-06-13 22:55:52,903 - Validation score increased.  Saving model ...
2025-06-13 22:56:00,249 - {'epoch': 26, 'rec_loss': '4.5643'}
2025-06-13 22:56:04,708 - {'Epoch': 26, 'HR@5': '0.1724', 'NDCG@5': '0.1132', 'HR@10': '0.2586', 'NDCG@10': '0.1410', 'HR@20': '0.3610', 'NDCG@20': '0.1669'}
2025-06-13 22:56:04,710 - EarlyStopping counter: 1 out of 10
2025-06-13 22:56:12,014 - {'epoch': 27, 'rec_loss': '4.5555'}
2025-06-13 22:56:16,349 - {'Epoch': 27, 'HR@5': '0.1735', 'NDCG@5': '0.1137', 'HR@10': '0.2603', 'NDCG@10': '0.1417', 'HR@20': '0.3626', 'NDCG@20': '0.1676'}
2025-06-13 22:56:16,351 - EarlyStopping counter: 2 out of 10
2025-06-13 22:56:23,643 - {'epoch': 28, 'rec_loss': '4.5468'}
2025-06-13 22:56:27,996 - {'Epoch': 28, 'HR@5': '0.1738', 'NDCG@5': '0.1144', 'HR@10': '0.2609', 'NDCG@10': '0.1425', 'HR@20': '0.3650', 'NDCG@20': '0.1687'}
2025-06-13 22:56:27,998 - EarlyStopping counter: 3 out of 10
2025-06-13 22:56:35,326 - {'epoch': 29, 'rec_loss': '4.5386'}
2025-06-13 22:56:39,676 - {'Epoch': 29, 'HR@5': '0.1693', 'NDCG@5': '0.1123', 'HR@10': '0.2562', 'NDCG@10': '0.1404', 'HR@20': '0.3576', 'NDCG@20': '0.1660'}
2025-06-13 22:56:39,678 - EarlyStopping counter: 4 out of 10
2025-06-13 22:56:46,947 - {'epoch': 30, 'rec_loss': '4.5332'}
2025-06-13 22:56:51,376 - {'Epoch': 30, 'HR@5': '0.1710', 'NDCG@5': '0.1121', 'HR@10': '0.2605', 'NDCG@10': '0.1410', 'HR@20': '0.3630', 'NDCG@20': '0.1669'}
2025-06-13 22:56:51,378 - EarlyStopping counter: 5 out of 10
2025-06-13 22:56:58,732 - {'epoch': 31, 'rec_loss': '4.5293'}
2025-06-13 22:57:03,105 - {'Epoch': 31, 'HR@5': '0.1694', 'NDCG@5': '0.1117', 'HR@10': '0.2594', 'NDCG@10': '0.1407', 'HR@20': '0.3622', 'NDCG@20': '0.1667'}
2025-06-13 22:57:03,106 - EarlyStopping counter: 6 out of 10
2025-06-13 22:57:10,574 - {'epoch': 32, 'rec_loss': '4.5213'}
2025-06-13 22:57:15,025 - {'Epoch': 32, 'HR@5': '0.1689', 'NDCG@5': '0.1105', 'HR@10': '0.2605', 'NDCG@10': '0.1400', 'HR@20': '0.3635', 'NDCG@20': '0.1661'}
2025-06-13 22:57:15,027 - EarlyStopping counter: 7 out of 10
2025-06-13 22:57:22,596 - {'epoch': 33, 'rec_loss': '4.5114'}
2025-06-13 22:57:26,921 - {'Epoch': 33, 'HR@5': '0.1699', 'NDCG@5': '0.1119', 'HR@10': '0.2598', 'NDCG@10': '0.1408', 'HR@20': '0.3646', 'NDCG@20': '0.1672'}
2025-06-13 22:57:26,922 - EarlyStopping counter: 8 out of 10
2025-06-13 22:57:34,359 - {'epoch': 34, 'rec_loss': '4.5102'}
2025-06-13 22:57:38,741 - {'Epoch': 34, 'HR@5': '0.1762', 'NDCG@5': '0.1144', 'HR@10': '0.2606', 'NDCG@10': '0.1416', 'HR@20': '0.3639', 'NDCG@20': '0.1677'}
2025-06-13 22:57:38,743 - EarlyStopping counter: 9 out of 10
2025-06-13 22:57:46,026 - {'epoch': 35, 'rec_loss': '4.5046'}
2025-06-13 22:57:50,477 - {'Epoch': 35, 'HR@5': '0.1720', 'NDCG@5': '0.1114', 'HR@10': '0.2605', 'NDCG@10': '0.1400', 'HR@20': '0.3624', 'NDCG@20': '0.1657'}
2025-06-13 22:57:50,479 - EarlyStopping counter: 10 out of 10
2025-06-13 22:57:50,479 - Early stopping
2025-06-13 22:57:50,479 - ---------------Validation Score---------------
2025-06-13 22:57:54,904 - {'Epoch': 0, 'HR@5': '0.1747', 'NDCG@5': '0.1150', 'HR@10': '0.2609', 'NDCG@10': '0.1428', 'HR@20': '0.3642', 'NDCG@20': '0.1689'}
2025-06-13 22:57:54,906 - BSARec_Diginetica
2025-06-13 22:57:54,906 - {'Epoch': 0, 'HR@5': '0.1747', 'NDCG@5': '0.1150', 'HR@10': '0.2609', 'NDCG@10': '0.1428', 'HR@20': '0.3642', 'NDCG@20': '0.1689'}
