2025-06-13 22:57:25,102 - Namespace(data_dir='data/self_processed/', output_dir='hparam_search/', data_name='Diginetica', train_name='BSARec_Diginetica', num_items=10, num_users=14829, lr=0.001, batch_size=256, epochs=200, no_cuda=False, log_freq=1, patience=10, num_workers=4, seed=42, weight_decay=0.0, adam_beta1=0.9, adam_beta2=0.999, gpu_id='0', variance=5, model_type='BSARec', max_seq_length=50, hidden_size=64, num_hidden_layers=2, hidden_act='gelu', num_attention_heads=1, attention_probs_dropout_prob=0.5, hidden_dropout_prob=0.5, initializer_range=0.02, c=7, alpha=0.9, cuda_condition=True, data_file='data/self_processed/Diginetica.txt', item_size=9441, checkpoint_path=PosixPath('/gpfs/home3/scur2771/BSARec/BSARec/src/hparam_search/BSARec_Diginetica/12367757_20/model.pt'), same_target_path='data/self_processed/Diginetica_same_target.npy')
2025-06-13 22:57:25,120 - BSARecModel(
  (item_embeddings): Embedding(9441, 64, padding_idx=0)
  (position_embeddings): Embedding(50, 64)
  (LayerNorm): LayerNorm()
  (dropout): Dropout(p=0.5, inplace=False)
  (item_encoder): BSARecEncoder(
    (blocks): ModuleList(
      (0): BSARecBlock(
        (layer): BSARecLayer(
          (filter_layer): FrequencyLayer(
            (out_dropout): Dropout(p=0.5, inplace=False)
            (LayerNorm): LayerNorm()
          )
          (attention_layer): MultiHeadAttention(
            (query): Linear(in_features=64, out_features=64, bias=True)
            (key): Linear(in_features=64, out_features=64, bias=True)
            (value): Linear(in_features=64, out_features=64, bias=True)
            (softmax): Softmax(dim=-1)
            (attn_dropout): Dropout(p=0.5, inplace=False)
            (dense): Linear(in_features=64, out_features=64, bias=True)
            (LayerNorm): LayerNorm((64,), eps=1e-12, elementwise_affine=True)
            (out_dropout): Dropout(p=0.5, inplace=False)
          )
        )
        (feed_forward): FeedForward(
          (dense_1): Linear(in_features=64, out_features=256, bias=True)
          (dense_2): Linear(in_features=256, out_features=64, bias=True)
          (LayerNorm): LayerNorm()
          (dropout): Dropout(p=0.5, inplace=False)
        )
      )
      (1): BSARecBlock(
        (layer): BSARecLayer(
          (filter_layer): FrequencyLayer(
            (out_dropout): Dropout(p=0.5, inplace=False)
            (LayerNorm): LayerNorm()
          )
          (attention_layer): MultiHeadAttention(
            (query): Linear(in_features=64, out_features=64, bias=True)
            (key): Linear(in_features=64, out_features=64, bias=True)
            (value): Linear(in_features=64, out_features=64, bias=True)
            (softmax): Softmax(dim=-1)
            (attn_dropout): Dropout(p=0.5, inplace=False)
            (dense): Linear(in_features=64, out_features=64, bias=True)
            (LayerNorm): LayerNorm((64,), eps=1e-12, elementwise_affine=True)
            (out_dropout): Dropout(p=0.5, inplace=False)
          )
        )
        (feed_forward): FeedForward(
          (dense_1): Linear(in_features=64, out_features=256, bias=True)
          (dense_2): Linear(in_features=256, out_features=64, bias=True)
          (LayerNorm): LayerNorm()
          (dropout): Dropout(p=0.5, inplace=False)
        )
      )
    )
  )
)
2025-06-13 22:57:27,281 - Total Parameters: 707904
2025-06-13 22:57:35,626 - {'epoch': 0, 'rec_loss': '8.7387'}
2025-06-13 22:57:39,749 - {'Epoch': 0, 'HR@5': '0.0146', 'NDCG@5': '0.0098', 'HR@10': '0.0219', 'NDCG@10': '0.0122', 'HR@20': '0.0328', 'NDCG@20': '0.0149'}
2025-06-13 22:57:39,750 - Validation score increased.  Saving model ...
2025-06-13 22:57:47,026 - {'epoch': 1, 'rec_loss': '7.8034'}
2025-06-13 22:57:51,271 - {'Epoch': 1, 'HR@5': '0.0869', 'NDCG@5': '0.0572', 'HR@10': '0.1309', 'NDCG@10': '0.0714', 'HR@20': '0.1834', 'NDCG@20': '0.0845'}
2025-06-13 22:57:51,274 - Validation score increased.  Saving model ...
2025-06-13 22:57:58,827 - {'epoch': 2, 'rec_loss': '6.4993'}
2025-06-13 22:58:03,094 - {'Epoch': 2, 'HR@5': '0.1252', 'NDCG@5': '0.0822', 'HR@10': '0.1900', 'NDCG@10': '0.1030', 'HR@20': '0.2700', 'NDCG@20': '0.1232'}
2025-06-13 22:58:03,095 - Validation score increased.  Saving model ...
2025-06-13 22:58:10,487 - {'epoch': 3, 'rec_loss': '5.6705'}
2025-06-13 22:58:14,800 - {'Epoch': 3, 'HR@5': '0.1465', 'NDCG@5': '0.0960', 'HR@10': '0.2227', 'NDCG@10': '0.1205', 'HR@20': '0.3118', 'NDCG@20': '0.1429'}
2025-06-13 22:58:14,804 - Validation score increased.  Saving model ...
2025-06-13 22:58:22,131 - {'epoch': 4, 'rec_loss': '5.2696'}
2025-06-13 22:58:26,446 - {'Epoch': 4, 'HR@5': '0.1571', 'NDCG@5': '0.1026', 'HR@10': '0.2378', 'NDCG@10': '0.1286', 'HR@20': '0.3343', 'NDCG@20': '0.1530'}
2025-06-13 22:58:26,448 - Validation score increased.  Saving model ...
2025-06-13 22:58:33,883 - {'epoch': 5, 'rec_loss': '5.0782'}
2025-06-13 22:58:38,225 - {'Epoch': 5, 'HR@5': '0.1623', 'NDCG@5': '0.1052', 'HR@10': '0.2469', 'NDCG@10': '0.1323', 'HR@20': '0.3432', 'NDCG@20': '0.1567'}
2025-06-13 22:58:38,227 - Validation score increased.  Saving model ...
2025-06-13 22:58:45,533 - {'epoch': 6, 'rec_loss': '4.9739'}
2025-06-13 22:58:49,923 - {'Epoch': 6, 'HR@5': '0.1685', 'NDCG@5': '0.1096', 'HR@10': '0.2516', 'NDCG@10': '0.1365', 'HR@20': '0.3474', 'NDCG@20': '0.1606'}
2025-06-13 22:58:49,925 - Validation score increased.  Saving model ...
2025-06-13 22:58:57,350 - {'epoch': 7, 'rec_loss': '4.9066'}
2025-06-13 22:59:01,682 - {'Epoch': 7, 'HR@5': '0.1670', 'NDCG@5': '0.1091', 'HR@10': '0.2541', 'NDCG@10': '0.1371', 'HR@20': '0.3516', 'NDCG@20': '0.1618'}
2025-06-13 22:59:01,684 - Validation score increased.  Saving model ...
2025-06-13 22:59:08,922 - {'epoch': 8, 'rec_loss': '4.8545'}
2025-06-13 22:59:13,188 - {'Epoch': 8, 'HR@5': '0.1671', 'NDCG@5': '0.1103', 'HR@10': '0.2563', 'NDCG@10': '0.1391', 'HR@20': '0.3551', 'NDCG@20': '0.1641'}
2025-06-13 22:59:13,190 - Validation score increased.  Saving model ...
2025-06-13 22:59:20,538 - {'epoch': 9, 'rec_loss': '4.8142'}
2025-06-13 22:59:24,905 - {'Epoch': 9, 'HR@5': '0.1702', 'NDCG@5': '0.1103', 'HR@10': '0.2545', 'NDCG@10': '0.1375', 'HR@20': '0.3559', 'NDCG@20': '0.1631'}
2025-06-13 22:59:24,907 - EarlyStopping counter: 1 out of 10
2025-06-13 22:59:32,239 - {'epoch': 10, 'rec_loss': '4.7871'}
2025-06-13 22:59:36,658 - {'Epoch': 10, 'HR@5': '0.1678', 'NDCG@5': '0.1102', 'HR@10': '0.2558', 'NDCG@10': '0.1386', 'HR@20': '0.3588', 'NDCG@20': '0.1647'}
2025-06-13 22:59:36,660 - Validation score increased.  Saving model ...
2025-06-13 22:59:44,039 - {'epoch': 11, 'rec_loss': '4.7554'}
2025-06-13 22:59:48,327 - {'Epoch': 11, 'HR@5': '0.1695', 'NDCG@5': '0.1101', 'HR@10': '0.2595', 'NDCG@10': '0.1390', 'HR@20': '0.3590', 'NDCG@20': '0.1642'}
2025-06-13 22:59:48,329 - EarlyStopping counter: 1 out of 10
2025-06-13 22:59:55,749 - {'epoch': 12, 'rec_loss': '4.7355'}
2025-06-13 22:59:59,986 - {'Epoch': 12, 'HR@5': '0.1713', 'NDCG@5': '0.1116', 'HR@10': '0.2584', 'NDCG@10': '0.1397', 'HR@20': '0.3604', 'NDCG@20': '0.1655'}
2025-06-13 22:59:59,989 - Validation score increased.  Saving model ...
2025-06-13 23:00:07,213 - {'epoch': 13, 'rec_loss': '4.7165'}
2025-06-13 23:00:11,483 - {'Epoch': 13, 'HR@5': '0.1700', 'NDCG@5': '0.1113', 'HR@10': '0.2584', 'NDCG@10': '0.1398', 'HR@20': '0.3595', 'NDCG@20': '0.1653'}
2025-06-13 23:00:11,484 - EarlyStopping counter: 1 out of 10
2025-06-13 23:00:18,874 - {'epoch': 14, 'rec_loss': '4.6934'}
2025-06-13 23:00:23,191 - {'Epoch': 14, 'HR@5': '0.1699', 'NDCG@5': '0.1114', 'HR@10': '0.2572', 'NDCG@10': '0.1396', 'HR@20': '0.3613', 'NDCG@20': '0.1658'}
2025-06-13 23:00:23,193 - Validation score increased.  Saving model ...
2025-06-13 23:00:30,570 - {'epoch': 15, 'rec_loss': '4.6828'}
2025-06-13 23:00:34,851 - {'Epoch': 15, 'HR@5': '0.1682', 'NDCG@5': '0.1107', 'HR@10': '0.2590', 'NDCG@10': '0.1398', 'HR@20': '0.3615', 'NDCG@20': '0.1658'}
2025-06-13 23:00:34,854 - EarlyStopping counter: 1 out of 10
2025-06-13 23:00:42,160 - {'epoch': 16, 'rec_loss': '4.6642'}
2025-06-13 23:00:46,516 - {'Epoch': 16, 'HR@5': '0.1675', 'NDCG@5': '0.1102', 'HR@10': '0.2549', 'NDCG@10': '0.1384', 'HR@20': '0.3597', 'NDCG@20': '0.1649'}
2025-06-13 23:00:46,518 - EarlyStopping counter: 2 out of 10
2025-06-13 23:00:53,859 - {'epoch': 17, 'rec_loss': '4.6490'}
2025-06-13 23:00:58,095 - {'Epoch': 17, 'HR@5': '0.1684', 'NDCG@5': '0.1100', 'HR@10': '0.2581', 'NDCG@10': '0.1390', 'HR@20': '0.3562', 'NDCG@20': '0.1638'}
2025-06-13 23:00:58,097 - EarlyStopping counter: 3 out of 10
2025-06-13 23:01:05,398 - {'epoch': 18, 'rec_loss': '4.6324'}
2025-06-13 23:01:09,651 - {'Epoch': 18, 'HR@5': '0.1706', 'NDCG@5': '0.1116', 'HR@10': '0.2571', 'NDCG@10': '0.1395', 'HR@20': '0.3583', 'NDCG@20': '0.1651'}
2025-06-13 23:01:09,653 - EarlyStopping counter: 4 out of 10
2025-06-13 23:01:16,977 - {'epoch': 19, 'rec_loss': '4.6250'}
2025-06-13 23:01:21,340 - {'Epoch': 19, 'HR@5': '0.1685', 'NDCG@5': '0.1095', 'HR@10': '0.2584', 'NDCG@10': '0.1385', 'HR@20': '0.3576', 'NDCG@20': '0.1635'}
2025-06-13 23:01:21,342 - EarlyStopping counter: 5 out of 10
2025-06-13 23:01:28,730 - {'epoch': 20, 'rec_loss': '4.6127'}
2025-06-13 23:01:32,992 - {'Epoch': 20, 'HR@5': '0.1743', 'NDCG@5': '0.1130', 'HR@10': '0.2606', 'NDCG@10': '0.1408', 'HR@20': '0.3604', 'NDCG@20': '0.1660'}
2025-06-13 23:01:32,994 - Validation score increased.  Saving model ...
2025-06-13 23:01:40,378 - {'epoch': 21, 'rec_loss': '4.6018'}
2025-06-13 23:01:44,713 - {'Epoch': 21, 'HR@5': '0.1719', 'NDCG@5': '0.1115', 'HR@10': '0.2572', 'NDCG@10': '0.1390', 'HR@20': '0.3593', 'NDCG@20': '0.1647'}
2025-06-13 23:01:44,714 - EarlyStopping counter: 1 out of 10
2025-06-13 23:01:51,986 - {'epoch': 22, 'rec_loss': '4.5920'}
2025-06-13 23:01:56,287 - {'Epoch': 22, 'HR@5': '0.1693', 'NDCG@5': '0.1112', 'HR@10': '0.2576', 'NDCG@10': '0.1397', 'HR@20': '0.3595', 'NDCG@20': '0.1655'}
2025-06-13 23:01:56,289 - EarlyStopping counter: 2 out of 10
2025-06-13 23:02:03,570 - {'epoch': 23, 'rec_loss': '4.5800'}
2025-06-13 23:02:07,865 - {'Epoch': 23, 'HR@5': '0.1691', 'NDCG@5': '0.1100', 'HR@10': '0.2549', 'NDCG@10': '0.1375', 'HR@20': '0.3553', 'NDCG@20': '0.1630'}
2025-06-13 23:02:07,865 - EarlyStopping counter: 3 out of 10
2025-06-13 23:02:15,188 - {'epoch': 24, 'rec_loss': '4.5745'}
2025-06-13 23:02:19,483 - {'Epoch': 24, 'HR@5': '0.1699', 'NDCG@5': '0.1098', 'HR@10': '0.2556', 'NDCG@10': '0.1375', 'HR@20': '0.3581', 'NDCG@20': '0.1633'}
2025-06-13 23:02:19,488 - EarlyStopping counter: 4 out of 10
2025-06-13 23:02:26,875 - {'epoch': 25, 'rec_loss': '4.5583'}
2025-06-13 23:02:31,195 - {'Epoch': 25, 'HR@5': '0.1724', 'NDCG@5': '0.1122', 'HR@10': '0.2594', 'NDCG@10': '0.1402', 'HR@20': '0.3578', 'NDCG@20': '0.1651'}
2025-06-13 23:02:31,197 - EarlyStopping counter: 5 out of 10
2025-06-13 23:02:38,538 - {'epoch': 26, 'rec_loss': '4.5554'}
2025-06-13 23:02:42,831 - {'Epoch': 26, 'HR@5': '0.1702', 'NDCG@5': '0.1106', 'HR@10': '0.2574', 'NDCG@10': '0.1387', 'HR@20': '0.3595', 'NDCG@20': '0.1644'}
2025-06-13 23:02:42,833 - EarlyStopping counter: 6 out of 10
2025-06-13 23:02:50,192 - {'epoch': 27, 'rec_loss': '4.5460'}
2025-06-13 23:02:54,583 - {'Epoch': 27, 'HR@5': '0.1683', 'NDCG@5': '0.1104', 'HR@10': '0.2567', 'NDCG@10': '0.1388', 'HR@20': '0.3584', 'NDCG@20': '0.1646'}
2025-06-13 23:02:54,584 - EarlyStopping counter: 7 out of 10
2025-06-13 23:03:01,954 - {'epoch': 28, 'rec_loss': '4.5307'}
2025-06-13 23:03:06,291 - {'Epoch': 28, 'HR@5': '0.1717', 'NDCG@5': '0.1110', 'HR@10': '0.2578', 'NDCG@10': '0.1387', 'HR@20': '0.3594', 'NDCG@20': '0.1644'}
2025-06-13 23:03:06,293 - EarlyStopping counter: 8 out of 10
2025-06-13 23:03:13,639 - {'epoch': 29, 'rec_loss': '4.5274'}
2025-06-13 23:03:18,011 - {'Epoch': 29, 'HR@5': '0.1671', 'NDCG@5': '0.1087', 'HR@10': '0.2534', 'NDCG@10': '0.1366', 'HR@20': '0.3532', 'NDCG@20': '0.1618'}
2025-06-13 23:03:18,013 - EarlyStopping counter: 9 out of 10
2025-06-13 23:03:25,355 - {'epoch': 30, 'rec_loss': '4.5219'}
2025-06-13 23:03:29,602 - {'Epoch': 30, 'HR@5': '0.1673', 'NDCG@5': '0.1089', 'HR@10': '0.2549', 'NDCG@10': '0.1372', 'HR@20': '0.3574', 'NDCG@20': '0.1631'}
2025-06-13 23:03:29,603 - EarlyStopping counter: 10 out of 10
2025-06-13 23:03:29,603 - Early stopping
2025-06-13 23:03:29,603 - ---------------Validation Score---------------
2025-06-13 23:03:33,950 - {'Epoch': 0, 'HR@5': '0.1743', 'NDCG@5': '0.1130', 'HR@10': '0.2606', 'NDCG@10': '0.1408', 'HR@20': '0.3604', 'NDCG@20': '0.1660'}
2025-06-13 23:03:33,953 - BSARec_Diginetica
2025-06-13 23:03:33,953 - {'Epoch': 0, 'HR@5': '0.1743', 'NDCG@5': '0.1130', 'HR@10': '0.2606', 'NDCG@10': '0.1408', 'HR@20': '0.3604', 'NDCG@20': '0.1660'}
