2025-06-13 19:30:54,771 - Namespace(data_dir='data/self_processed/', output_dir='hparam_search/', data_name='Diginetica', train_name='BERT4Rec_Diginetica', num_items=10, num_users=14829, lr=0.001, batch_size=256, epochs=200, no_cuda=False, log_freq=1, patience=10, num_workers=4, seed=42, weight_decay=0.0, adam_beta1=0.9, adam_beta2=0.999, gpu_id='0', variance=5, model_type='BERT4Rec', max_seq_length=50, hidden_size=64, num_hidden_layers=2, hidden_act='gelu', num_attention_heads=1, attention_probs_dropout_prob=0.5, hidden_dropout_prob=0.5, initializer_range=0.02, mask_ratio=0.6, cuda_condition=True, data_file='data/self_processed/Diginetica.txt', item_size=9441, checkpoint_path=PosixPath('/gpfs/home3/scur2771/BSARec/BSARec/src/hparam_search/BERT4Rec_Diginetica/12362289_3/model.pt'), same_target_path='data/self_processed/Diginetica_same_target.npy')
2025-06-13 19:30:54,827 - BERT4RecModel(
  (item_embeddings): Embedding(9442, 64, padding_idx=0)
  (position_embeddings): Embedding(50, 64)
  (item_encoder): TransformerEncoder(
    (blocks): ModuleList(
      (0): TransformerBlock(
        (layer): MultiHeadAttention(
          (query): Linear(in_features=64, out_features=64, bias=True)
          (key): Linear(in_features=64, out_features=64, bias=True)
          (value): Linear(in_features=64, out_features=64, bias=True)
          (softmax): Softmax(dim=-1)
          (attn_dropout): Dropout(p=0.5, inplace=False)
          (dense): Linear(in_features=64, out_features=64, bias=True)
          (LayerNorm): LayerNorm((64,), eps=1e-12, elementwise_affine=True)
          (out_dropout): Dropout(p=0.5, inplace=False)
        )
        (feed_forward): FeedForward(
          (dense_1): Linear(in_features=64, out_features=256, bias=True)
          (dense_2): Linear(in_features=256, out_features=64, bias=True)
          (LayerNorm): LayerNorm()
          (dropout): Dropout(p=0.5, inplace=False)
        )
      )
      (1): TransformerBlock(
        (layer): MultiHeadAttention(
          (query): Linear(in_features=64, out_features=64, bias=True)
          (key): Linear(in_features=64, out_features=64, bias=True)
          (value): Linear(in_features=64, out_features=64, bias=True)
          (softmax): Softmax(dim=-1)
          (attn_dropout): Dropout(p=0.5, inplace=False)
          (dense): Linear(in_features=64, out_features=64, bias=True)
          (LayerNorm): LayerNorm((64,), eps=1e-12, elementwise_affine=True)
          (out_dropout): Dropout(p=0.5, inplace=False)
        )
        (feed_forward): FeedForward(
          (dense_1): Linear(in_features=64, out_features=256, bias=True)
          (dense_2): Linear(in_features=256, out_features=64, bias=True)
          (LayerNorm): LayerNorm()
          (dropout): Dropout(p=0.5, inplace=False)
        )
      )
    )
  )
  (LayerNorm): LayerNorm()
  (dropout): Dropout(p=0.5, inplace=False)
)
2025-06-13 19:30:57,718 - Total Parameters: 707584
2025-06-13 19:31:10,419 - {'epoch': 0, 'rec_loss': '8.9447'}
2025-06-13 19:31:15,135 - {'Epoch': 0, 'HR@5': '0.0032', 'NDCG@5': '0.0018', 'HR@10': '0.0045', 'NDCG@10': '0.0022', 'HR@20': '0.0076', 'NDCG@20': '0.0030'}
2025-06-13 19:31:15,137 - Validation score increased.  Saving model ...
2025-06-13 19:31:27,125 - {'epoch': 1, 'rec_loss': '8.7654'}
2025-06-13 19:31:31,817 - {'Epoch': 1, 'HR@5': '0.0036', 'NDCG@5': '0.0021', 'HR@10': '0.0071', 'NDCG@10': '0.0032', 'HR@20': '0.0118', 'NDCG@20': '0.0044'}
2025-06-13 19:31:31,819 - Validation score increased.  Saving model ...
2025-06-13 19:31:43,795 - {'epoch': 2, 'rec_loss': '8.5914'}
2025-06-13 19:31:48,441 - {'Epoch': 2, 'HR@5': '0.0057', 'NDCG@5': '0.0032', 'HR@10': '0.0103', 'NDCG@10': '0.0046', 'HR@20': '0.0190', 'NDCG@20': '0.0068'}
2025-06-13 19:31:48,442 - Validation score increased.  Saving model ...
2025-06-13 19:32:00,375 - {'epoch': 3, 'rec_loss': '8.3898'}
2025-06-13 19:32:04,880 - {'Epoch': 3, 'HR@5': '0.0076', 'NDCG@5': '0.0047', 'HR@10': '0.0139', 'NDCG@10': '0.0067', 'HR@20': '0.0254', 'NDCG@20': '0.0096'}
2025-06-13 19:32:04,882 - Validation score increased.  Saving model ...
2025-06-13 19:32:16,844 - {'epoch': 4, 'rec_loss': '8.2539'}
2025-06-13 19:32:21,377 - {'Epoch': 4, 'HR@5': '0.0100', 'NDCG@5': '0.0064', 'HR@10': '0.0169', 'NDCG@10': '0.0086', 'HR@20': '0.0315', 'NDCG@20': '0.0123'}
2025-06-13 19:32:21,380 - Validation score increased.  Saving model ...
2025-06-13 19:32:33,306 - {'epoch': 5, 'rec_loss': '8.1552'}
2025-06-13 19:32:37,844 - {'Epoch': 5, 'HR@5': '0.0117', 'NDCG@5': '0.0067', 'HR@10': '0.0211', 'NDCG@10': '0.0097', 'HR@20': '0.0337', 'NDCG@20': '0.0128'}
2025-06-13 19:32:37,844 - Validation score increased.  Saving model ...
2025-06-13 19:32:49,719 - {'epoch': 6, 'rec_loss': '8.0627'}
2025-06-13 19:32:54,230 - {'Epoch': 6, 'HR@5': '0.0139', 'NDCG@5': '0.0082', 'HR@10': '0.0245', 'NDCG@10': '0.0117', 'HR@20': '0.0425', 'NDCG@20': '0.0161'}
2025-06-13 19:32:54,232 - Validation score increased.  Saving model ...
2025-06-13 19:33:06,153 - {'epoch': 7, 'rec_loss': '7.9812'}
2025-06-13 19:33:10,636 - {'Epoch': 7, 'HR@5': '0.0187', 'NDCG@5': '0.0113', 'HR@10': '0.0320', 'NDCG@10': '0.0155', 'HR@20': '0.0516', 'NDCG@20': '0.0204'}
2025-06-13 19:33:10,637 - Validation score increased.  Saving model ...
2025-06-13 19:33:22,630 - {'epoch': 8, 'rec_loss': '7.8906'}
2025-06-13 19:33:27,056 - {'Epoch': 8, 'HR@5': '0.0227', 'NDCG@5': '0.0143', 'HR@10': '0.0393', 'NDCG@10': '0.0196', 'HR@20': '0.0668', 'NDCG@20': '0.0265'}
2025-06-13 19:33:27,056 - Validation score increased.  Saving model ...
2025-06-13 19:33:39,004 - {'epoch': 9, 'rec_loss': '7.8110'}
2025-06-13 19:33:43,484 - {'Epoch': 9, 'HR@5': '0.0230', 'NDCG@5': '0.0145', 'HR@10': '0.0407', 'NDCG@10': '0.0202', 'HR@20': '0.0705', 'NDCG@20': '0.0277'}
2025-06-13 19:33:43,485 - Validation score increased.  Saving model ...
2025-06-13 19:33:55,404 - {'epoch': 10, 'rec_loss': '7.7257'}
2025-06-13 19:34:00,000 - {'Epoch': 10, 'HR@5': '0.0279', 'NDCG@5': '0.0175', 'HR@10': '0.0493', 'NDCG@10': '0.0244', 'HR@20': '0.0830', 'NDCG@20': '0.0328'}
2025-06-13 19:34:00,000 - Validation score increased.  Saving model ...
2025-06-13 19:34:12,018 - {'epoch': 11, 'rec_loss': '7.6447'}
2025-06-13 19:34:16,599 - {'Epoch': 11, 'HR@5': '0.0308', 'NDCG@5': '0.0194', 'HR@10': '0.0566', 'NDCG@10': '0.0277', 'HR@20': '0.0930', 'NDCG@20': '0.0368'}
2025-06-13 19:34:16,600 - Validation score increased.  Saving model ...
2025-06-13 19:34:28,555 - {'epoch': 12, 'rec_loss': '7.5650'}
2025-06-13 19:34:33,071 - {'Epoch': 12, 'HR@5': '0.0361', 'NDCG@5': '0.0224', 'HR@10': '0.0630', 'NDCG@10': '0.0311', 'HR@20': '0.1086', 'NDCG@20': '0.0425'}
2025-06-13 19:34:33,072 - Validation score increased.  Saving model ...
2025-06-13 19:34:44,993 - {'epoch': 13, 'rec_loss': '7.4835'}
2025-06-13 19:34:49,576 - {'Epoch': 13, 'HR@5': '0.0424', 'NDCG@5': '0.0269', 'HR@10': '0.0715', 'NDCG@10': '0.0362', 'HR@20': '0.1173', 'NDCG@20': '0.0477'}
2025-06-13 19:34:49,577 - Validation score increased.  Saving model ...
2025-06-13 19:35:01,455 - {'epoch': 14, 'rec_loss': '7.4047'}
2025-06-13 19:35:06,006 - {'Epoch': 14, 'HR@5': '0.0471', 'NDCG@5': '0.0295', 'HR@10': '0.0777', 'NDCG@10': '0.0393', 'HR@20': '0.1269', 'NDCG@20': '0.0516'}
2025-06-13 19:35:06,007 - Validation score increased.  Saving model ...
2025-06-13 19:35:17,931 - {'epoch': 15, 'rec_loss': '7.3291'}
2025-06-13 19:35:22,462 - {'Epoch': 15, 'HR@5': '0.0507', 'NDCG@5': '0.0319', 'HR@10': '0.0859', 'NDCG@10': '0.0431', 'HR@20': '0.1373', 'NDCG@20': '0.0561'}
2025-06-13 19:35:22,464 - Validation score increased.  Saving model ...
2025-06-13 19:35:34,367 - {'epoch': 16, 'rec_loss': '7.2613'}
2025-06-13 19:35:38,799 - {'Epoch': 16, 'HR@5': '0.0556', 'NDCG@5': '0.0346', 'HR@10': '0.0937', 'NDCG@10': '0.0468', 'HR@20': '0.1515', 'NDCG@20': '0.0613'}
2025-06-13 19:35:38,800 - Validation score increased.  Saving model ...
2025-06-13 19:35:50,615 - {'epoch': 17, 'rec_loss': '7.2039'}
2025-06-13 19:35:55,075 - {'Epoch': 17, 'HR@5': '0.0575', 'NDCG@5': '0.0356', 'HR@10': '0.0982', 'NDCG@10': '0.0486', 'HR@20': '0.1631', 'NDCG@20': '0.0649'}
2025-06-13 19:35:55,077 - Validation score increased.  Saving model ...
2025-06-13 19:36:07,003 - {'epoch': 18, 'rec_loss': '7.1565'}
2025-06-13 19:36:11,525 - {'Epoch': 18, 'HR@5': '0.0649', 'NDCG@5': '0.0403', 'HR@10': '0.1080', 'NDCG@10': '0.0541', 'HR@20': '0.1715', 'NDCG@20': '0.0700'}
2025-06-13 19:36:11,527 - Validation score increased.  Saving model ...
2025-06-13 19:36:23,404 - {'epoch': 19, 'rec_loss': '7.0891'}
2025-06-13 19:36:27,983 - {'Epoch': 19, 'HR@5': '0.0703', 'NDCG@5': '0.0431', 'HR@10': '0.1175', 'NDCG@10': '0.0583', 'HR@20': '0.1832', 'NDCG@20': '0.0748'}
2025-06-13 19:36:27,985 - Validation score increased.  Saving model ...
2025-06-13 19:36:39,922 - {'epoch': 20, 'rec_loss': '7.0620'}
2025-06-13 19:36:44,448 - {'Epoch': 20, 'HR@5': '0.0726', 'NDCG@5': '0.0456', 'HR@10': '0.1213', 'NDCG@10': '0.0612', 'HR@20': '0.1913', 'NDCG@20': '0.0788'}
2025-06-13 19:36:44,450 - Validation score increased.  Saving model ...
2025-06-13 19:36:56,376 - {'epoch': 21, 'rec_loss': '7.0137'}
2025-06-13 19:37:00,956 - {'Epoch': 21, 'HR@5': '0.0705', 'NDCG@5': '0.0442', 'HR@10': '0.1213', 'NDCG@10': '0.0604', 'HR@20': '0.1943', 'NDCG@20': '0.0787'}
2025-06-13 19:37:00,959 - EarlyStopping counter: 1 out of 10
2025-06-13 19:37:12,943 - {'epoch': 22, 'rec_loss': '6.9725'}
2025-06-13 19:37:17,447 - {'Epoch': 22, 'HR@5': '0.0726', 'NDCG@5': '0.0454', 'HR@10': '0.1229', 'NDCG@10': '0.0615', 'HR@20': '0.1955', 'NDCG@20': '0.0797'}
2025-06-13 19:37:17,450 - Validation score increased.  Saving model ...
2025-06-13 19:37:29,424 - {'epoch': 23, 'rec_loss': '6.9523'}
2025-06-13 19:37:33,948 - {'Epoch': 23, 'HR@5': '0.0745', 'NDCG@5': '0.0472', 'HR@10': '0.1258', 'NDCG@10': '0.0636', 'HR@20': '0.2039', 'NDCG@20': '0.0833'}
2025-06-13 19:37:33,949 - Validation score increased.  Saving model ...
2025-06-13 19:37:45,876 - {'epoch': 24, 'rec_loss': '6.9265'}
2025-06-13 19:37:50,552 - {'Epoch': 24, 'HR@5': '0.0796', 'NDCG@5': '0.0491', 'HR@10': '0.1320', 'NDCG@10': '0.0658', 'HR@20': '0.2098', 'NDCG@20': '0.0854'}
2025-06-13 19:37:50,555 - Validation score increased.  Saving model ...
2025-06-13 19:38:02,472 - {'epoch': 25, 'rec_loss': '6.9048'}
2025-06-13 19:38:07,038 - {'Epoch': 25, 'HR@5': '0.0776', 'NDCG@5': '0.0488', 'HR@10': '0.1310', 'NDCG@10': '0.0659', 'HR@20': '0.2089', 'NDCG@20': '0.0855'}
2025-06-13 19:38:07,040 - Validation score increased.  Saving model ...
2025-06-13 19:38:19,021 - {'epoch': 26, 'rec_loss': '6.8768'}
2025-06-13 19:38:23,526 - {'Epoch': 26, 'HR@5': '0.0816', 'NDCG@5': '0.0513', 'HR@10': '0.1357', 'NDCG@10': '0.0686', 'HR@20': '0.2203', 'NDCG@20': '0.0898'}
2025-06-13 19:38:23,528 - Validation score increased.  Saving model ...
2025-06-13 19:38:35,479 - {'epoch': 27, 'rec_loss': '6.8530'}
2025-06-13 19:38:39,991 - {'Epoch': 27, 'HR@5': '0.0823', 'NDCG@5': '0.0520', 'HR@10': '0.1393', 'NDCG@10': '0.0703', 'HR@20': '0.2218', 'NDCG@20': '0.0910'}
2025-06-13 19:38:39,993 - Validation score increased.  Saving model ...
2025-06-13 19:38:51,949 - {'epoch': 28, 'rec_loss': '6.8313'}
2025-06-13 19:38:56,496 - {'Epoch': 28, 'HR@5': '0.0821', 'NDCG@5': '0.0511', 'HR@10': '0.1409', 'NDCG@10': '0.0699', 'HR@20': '0.2271', 'NDCG@20': '0.0915'}
2025-06-13 19:38:56,497 - Validation score increased.  Saving model ...
2025-06-13 19:39:08,389 - {'epoch': 29, 'rec_loss': '6.8118'}
2025-06-13 19:39:12,879 - {'Epoch': 29, 'HR@5': '0.0875', 'NDCG@5': '0.0542', 'HR@10': '0.1463', 'NDCG@10': '0.0730', 'HR@20': '0.2321', 'NDCG@20': '0.0947'}
2025-06-13 19:39:12,881 - Validation score increased.  Saving model ...
2025-06-13 19:39:24,814 - {'epoch': 30, 'rec_loss': '6.7803'}
2025-06-13 19:39:29,326 - {'Epoch': 30, 'HR@5': '0.0877', 'NDCG@5': '0.0541', 'HR@10': '0.1438', 'NDCG@10': '0.0721', 'HR@20': '0.2322', 'NDCG@20': '0.0943'}
2025-06-13 19:39:29,327 - EarlyStopping counter: 1 out of 10
2025-06-13 19:39:41,266 - {'epoch': 31, 'rec_loss': '6.7760'}
2025-06-13 19:39:45,743 - {'Epoch': 31, 'HR@5': '0.0868', 'NDCG@5': '0.0544', 'HR@10': '0.1474', 'NDCG@10': '0.0739', 'HR@20': '0.2364', 'NDCG@20': '0.0963'}
2025-06-13 19:39:45,746 - Validation score increased.  Saving model ...
2025-06-13 19:39:57,731 - {'epoch': 32, 'rec_loss': '6.7626'}
2025-06-13 19:40:02,298 - {'Epoch': 32, 'HR@5': '0.0893', 'NDCG@5': '0.0565', 'HR@10': '0.1463', 'NDCG@10': '0.0748', 'HR@20': '0.2340', 'NDCG@20': '0.0969'}
2025-06-13 19:40:02,299 - Validation score increased.  Saving model ...
2025-06-13 19:40:14,196 - {'epoch': 33, 'rec_loss': '6.7418'}
2025-06-13 19:40:18,730 - {'Epoch': 33, 'HR@5': '0.0872', 'NDCG@5': '0.0544', 'HR@10': '0.1509', 'NDCG@10': '0.0748', 'HR@20': '0.2399', 'NDCG@20': '0.0972'}
2025-06-13 19:40:18,731 - Validation score increased.  Saving model ...
2025-06-13 19:40:30,675 - {'epoch': 34, 'rec_loss': '6.7295'}
2025-06-13 19:40:35,127 - {'Epoch': 34, 'HR@5': '0.0933', 'NDCG@5': '0.0583', 'HR@10': '0.1546', 'NDCG@10': '0.0780', 'HR@20': '0.2420', 'NDCG@20': '0.1000'}
2025-06-13 19:40:35,129 - Validation score increased.  Saving model ...
2025-06-13 19:40:47,046 - {'epoch': 35, 'rec_loss': '6.7159'}
2025-06-13 19:40:51,488 - {'Epoch': 35, 'HR@5': '0.0920', 'NDCG@5': '0.0573', 'HR@10': '0.1522', 'NDCG@10': '0.0767', 'HR@20': '0.2404', 'NDCG@20': '0.0990'}
2025-06-13 19:40:51,490 - EarlyStopping counter: 1 out of 10
2025-06-13 19:41:03,447 - {'epoch': 36, 'rec_loss': '6.7007'}
2025-06-13 19:41:07,977 - {'Epoch': 36, 'HR@5': '0.0903', 'NDCG@5': '0.0565', 'HR@10': '0.1521', 'NDCG@10': '0.0764', 'HR@20': '0.2427', 'NDCG@20': '0.0991'}
2025-06-13 19:41:07,978 - EarlyStopping counter: 2 out of 10
2025-06-13 19:41:19,902 - {'epoch': 37, 'rec_loss': '6.6862'}
2025-06-13 19:41:24,370 - {'Epoch': 37, 'HR@5': '0.0939', 'NDCG@5': '0.0588', 'HR@10': '0.1534', 'NDCG@10': '0.0779', 'HR@20': '0.2446', 'NDCG@20': '0.1009'}
2025-06-13 19:41:24,371 - Validation score increased.  Saving model ...
2025-06-13 19:41:36,253 - {'epoch': 38, 'rec_loss': '6.6821'}
2025-06-13 19:41:40,775 - {'Epoch': 38, 'HR@5': '0.0959', 'NDCG@5': '0.0608', 'HR@10': '0.1570', 'NDCG@10': '0.0804', 'HR@20': '0.2497', 'NDCG@20': '0.1037'}
2025-06-13 19:41:40,777 - Validation score increased.  Saving model ...
2025-06-13 19:41:52,704 - {'epoch': 39, 'rec_loss': '6.6507'}
2025-06-13 19:41:57,194 - {'Epoch': 39, 'HR@5': '0.0922', 'NDCG@5': '0.0584', 'HR@10': '0.1587', 'NDCG@10': '0.0798', 'HR@20': '0.2467', 'NDCG@20': '0.1019'}
2025-06-13 19:41:57,195 - EarlyStopping counter: 1 out of 10
2025-06-13 19:42:09,095 - {'epoch': 40, 'rec_loss': '6.6548'}
2025-06-13 19:42:13,694 - {'Epoch': 40, 'HR@5': '0.0981', 'NDCG@5': '0.0620', 'HR@10': '0.1599', 'NDCG@10': '0.0819', 'HR@20': '0.2481', 'NDCG@20': '0.1041'}
2025-06-13 19:42:13,696 - Validation score increased.  Saving model ...
2025-06-13 19:42:25,622 - {'epoch': 41, 'rec_loss': '6.6388'}
2025-06-13 19:42:30,230 - {'Epoch': 41, 'HR@5': '0.0977', 'NDCG@5': '0.0605', 'HR@10': '0.1612', 'NDCG@10': '0.0808', 'HR@20': '0.2556', 'NDCG@20': '0.1046'}
2025-06-13 19:42:30,231 - Validation score increased.  Saving model ...
2025-06-13 19:42:42,159 - {'epoch': 42, 'rec_loss': '6.6279'}
2025-06-13 19:42:46,631 - {'Epoch': 42, 'HR@5': '0.0996', 'NDCG@5': '0.0626', 'HR@10': '0.1625', 'NDCG@10': '0.0828', 'HR@20': '0.2569', 'NDCG@20': '0.1066'}
2025-06-13 19:42:46,632 - Validation score increased.  Saving model ...
2025-06-13 19:42:58,671 - {'epoch': 43, 'rec_loss': '6.6098'}
2025-06-13 19:43:03,206 - {'Epoch': 43, 'HR@5': '0.1029', 'NDCG@5': '0.0651', 'HR@10': '0.1637', 'NDCG@10': '0.0845', 'HR@20': '0.2586', 'NDCG@20': '0.1085'}
2025-06-13 19:43:03,206 - Validation score increased.  Saving model ...
2025-06-13 19:43:15,125 - {'epoch': 44, 'rec_loss': '6.5951'}
2025-06-13 19:43:19,671 - {'Epoch': 44, 'HR@5': '0.1027', 'NDCG@5': '0.0643', 'HR@10': '0.1674', 'NDCG@10': '0.0851', 'HR@20': '0.2587', 'NDCG@20': '0.1081'}
2025-06-13 19:43:19,672 - EarlyStopping counter: 1 out of 10
2025-06-13 19:43:31,579 - {'epoch': 45, 'rec_loss': '6.5908'}
2025-06-13 19:43:36,151 - {'Epoch': 45, 'HR@5': '0.1051', 'NDCG@5': '0.0659', 'HR@10': '0.1705', 'NDCG@10': '0.0870', 'HR@20': '0.2628', 'NDCG@20': '0.1101'}
2025-06-13 19:43:36,152 - Validation score increased.  Saving model ...
2025-06-13 19:43:48,096 - {'epoch': 46, 'rec_loss': '6.5695'}
2025-06-13 19:43:52,648 - {'Epoch': 46, 'HR@5': '0.1030', 'NDCG@5': '0.0641', 'HR@10': '0.1685', 'NDCG@10': '0.0851', 'HR@20': '0.2636', 'NDCG@20': '0.1090'}
2025-06-13 19:43:52,649 - EarlyStopping counter: 1 out of 10
2025-06-13 19:44:04,588 - {'epoch': 47, 'rec_loss': '6.5504'}
2025-06-13 19:44:09,084 - {'Epoch': 47, 'HR@5': '0.1025', 'NDCG@5': '0.0639', 'HR@10': '0.1693', 'NDCG@10': '0.0855', 'HR@20': '0.2655', 'NDCG@20': '0.1097'}
2025-06-13 19:44:09,085 - EarlyStopping counter: 2 out of 10
2025-06-13 19:44:20,990 - {'epoch': 48, 'rec_loss': '6.5588'}
2025-06-13 19:44:25,503 - {'Epoch': 48, 'HR@5': '0.1038', 'NDCG@5': '0.0661', 'HR@10': '0.1739', 'NDCG@10': '0.0885', 'HR@20': '0.2671', 'NDCG@20': '0.1120'}
2025-06-13 19:44:25,504 - Validation score increased.  Saving model ...
2025-06-13 19:44:37,528 - {'epoch': 49, 'rec_loss': '6.5414'}
2025-06-13 19:44:42,026 - {'Epoch': 49, 'HR@5': '0.1064', 'NDCG@5': '0.0667', 'HR@10': '0.1710', 'NDCG@10': '0.0875', 'HR@20': '0.2669', 'NDCG@20': '0.1116'}
2025-06-13 19:44:42,027 - EarlyStopping counter: 1 out of 10
2025-06-13 19:44:53,985 - {'epoch': 50, 'rec_loss': '6.5131'}
2025-06-13 19:44:58,471 - {'Epoch': 50, 'HR@5': '0.1082', 'NDCG@5': '0.0684', 'HR@10': '0.1768', 'NDCG@10': '0.0904', 'HR@20': '0.2683', 'NDCG@20': '0.1134'}
2025-06-13 19:44:58,474 - Validation score increased.  Saving model ...
2025-06-13 19:45:10,396 - {'epoch': 51, 'rec_loss': '6.5154'}
2025-06-13 19:45:14,821 - {'Epoch': 51, 'HR@5': '0.1051', 'NDCG@5': '0.0658', 'HR@10': '0.1757', 'NDCG@10': '0.0886', 'HR@20': '0.2714', 'NDCG@20': '0.1127'}
2025-06-13 19:45:14,821 - EarlyStopping counter: 1 out of 10
2025-06-13 19:45:26,785 - {'epoch': 52, 'rec_loss': '6.5020'}
2025-06-13 19:45:31,354 - {'Epoch': 52, 'HR@5': '0.1109', 'NDCG@5': '0.0695', 'HR@10': '0.1774', 'NDCG@10': '0.0907', 'HR@20': '0.2735', 'NDCG@20': '0.1150'}
2025-06-13 19:45:31,356 - Validation score increased.  Saving model ...
2025-06-13 19:45:43,306 - {'epoch': 53, 'rec_loss': '6.4896'}
2025-06-13 19:45:47,818 - {'Epoch': 53, 'HR@5': '0.1114', 'NDCG@5': '0.0704', 'HR@10': '0.1847', 'NDCG@10': '0.0939', 'HR@20': '0.2774', 'NDCG@20': '0.1173'}
2025-06-13 19:45:47,819 - Validation score increased.  Saving model ...
2025-06-13 19:45:59,760 - {'epoch': 54, 'rec_loss': '6.4869'}
2025-06-13 19:46:04,287 - {'Epoch': 54, 'HR@5': '0.1139', 'NDCG@5': '0.0713', 'HR@10': '0.1817', 'NDCG@10': '0.0931', 'HR@20': '0.2738', 'NDCG@20': '0.1163'}
2025-06-13 19:46:04,289 - EarlyStopping counter: 1 out of 10
2025-06-13 19:46:16,222 - {'epoch': 55, 'rec_loss': '6.4700'}
2025-06-13 19:46:20,733 - {'Epoch': 55, 'HR@5': '0.1122', 'NDCG@5': '0.0715', 'HR@10': '0.1834', 'NDCG@10': '0.0944', 'HR@20': '0.2779', 'NDCG@20': '0.1183'}
2025-06-13 19:46:20,734 - Validation score increased.  Saving model ...
2025-06-13 19:46:32,708 - {'epoch': 56, 'rec_loss': '6.4686'}
2025-06-13 19:46:37,219 - {'Epoch': 56, 'HR@5': '0.1099', 'NDCG@5': '0.0684', 'HR@10': '0.1818', 'NDCG@10': '0.0916', 'HR@20': '0.2741', 'NDCG@20': '0.1148'}
2025-06-13 19:46:37,221 - EarlyStopping counter: 1 out of 10
2025-06-13 19:46:49,120 - {'epoch': 57, 'rec_loss': '6.4502'}
2025-06-13 19:46:53,645 - {'Epoch': 57, 'HR@5': '0.1139', 'NDCG@5': '0.0717', 'HR@10': '0.1865', 'NDCG@10': '0.0951', 'HR@20': '0.2797', 'NDCG@20': '0.1186'}
2025-06-13 19:46:53,647 - Validation score increased.  Saving model ...
2025-06-13 19:47:05,596 - {'epoch': 58, 'rec_loss': '6.4481'}
2025-06-13 19:47:10,074 - {'Epoch': 58, 'HR@5': '0.1169', 'NDCG@5': '0.0737', 'HR@10': '0.1873', 'NDCG@10': '0.0963', 'HR@20': '0.2748', 'NDCG@20': '0.1183'}
2025-06-13 19:47:10,075 - EarlyStopping counter: 1 out of 10
2025-06-13 19:47:21,949 - {'epoch': 59, 'rec_loss': '6.4312'}
2025-06-13 19:47:26,431 - {'Epoch': 59, 'HR@5': '0.1130', 'NDCG@5': '0.0710', 'HR@10': '0.1847', 'NDCG@10': '0.0941', 'HR@20': '0.2763', 'NDCG@20': '0.1172'}
2025-06-13 19:47:26,433 - EarlyStopping counter: 2 out of 10
2025-06-13 19:47:38,310 - {'epoch': 60, 'rec_loss': '6.4175'}
2025-06-13 19:47:42,792 - {'Epoch': 60, 'HR@5': '0.1146', 'NDCG@5': '0.0720', 'HR@10': '0.1880', 'NDCG@10': '0.0955', 'HR@20': '0.2797', 'NDCG@20': '0.1187'}
2025-06-13 19:47:42,794 - Validation score increased.  Saving model ...
2025-06-13 19:47:54,729 - {'epoch': 61, 'rec_loss': '6.4150'}
2025-06-13 19:47:59,343 - {'Epoch': 61, 'HR@5': '0.1167', 'NDCG@5': '0.0725', 'HR@10': '0.1892', 'NDCG@10': '0.0958', 'HR@20': '0.2857', 'NDCG@20': '0.1202'}
2025-06-13 19:47:59,344 - Validation score increased.  Saving model ...
2025-06-13 19:48:11,247 - {'epoch': 62, 'rec_loss': '6.3965'}
2025-06-13 19:48:15,783 - {'Epoch': 62, 'HR@5': '0.1175', 'NDCG@5': '0.0747', 'HR@10': '0.1898', 'NDCG@10': '0.0979', 'HR@20': '0.2860', 'NDCG@20': '0.1221'}
2025-06-13 19:48:15,784 - Validation score increased.  Saving model ...
2025-06-13 19:48:27,736 - {'epoch': 63, 'rec_loss': '6.3823'}
2025-06-13 19:48:32,298 - {'Epoch': 63, 'HR@5': '0.1149', 'NDCG@5': '0.0727', 'HR@10': '0.1892', 'NDCG@10': '0.0965', 'HR@20': '0.2819', 'NDCG@20': '0.1199'}
2025-06-13 19:48:32,304 - EarlyStopping counter: 1 out of 10
2025-06-13 19:48:44,238 - {'epoch': 64, 'rec_loss': '6.3811'}
2025-06-13 19:48:48,711 - {'Epoch': 64, 'HR@5': '0.1161', 'NDCG@5': '0.0731', 'HR@10': '0.1880', 'NDCG@10': '0.0961', 'HR@20': '0.2833', 'NDCG@20': '0.1202'}
2025-06-13 19:48:48,713 - EarlyStopping counter: 2 out of 10
2025-06-13 19:49:00,663 - {'epoch': 65, 'rec_loss': '6.3805'}
2025-06-13 19:49:05,159 - {'Epoch': 65, 'HR@5': '0.1165', 'NDCG@5': '0.0737', 'HR@10': '0.1903', 'NDCG@10': '0.0974', 'HR@20': '0.2849', 'NDCG@20': '0.1212'}
2025-06-13 19:49:05,160 - EarlyStopping counter: 3 out of 10
2025-06-13 19:49:17,077 - {'epoch': 66, 'rec_loss': '6.3617'}
2025-06-13 19:49:21,646 - {'Epoch': 66, 'HR@5': '0.1169', 'NDCG@5': '0.0731', 'HR@10': '0.1921', 'NDCG@10': '0.0974', 'HR@20': '0.2898', 'NDCG@20': '0.1220'}
2025-06-13 19:49:21,648 - EarlyStopping counter: 4 out of 10
2025-06-13 19:49:33,619 - {'epoch': 67, 'rec_loss': '6.3695'}
2025-06-13 19:49:38,223 - {'Epoch': 67, 'HR@5': '0.1202', 'NDCG@5': '0.0755', 'HR@10': '0.1938', 'NDCG@10': '0.0991', 'HR@20': '0.2868', 'NDCG@20': '0.1225'}
2025-06-13 19:49:38,226 - Validation score increased.  Saving model ...
2025-06-13 19:49:50,217 - {'epoch': 68, 'rec_loss': '6.3527'}
2025-06-13 19:49:54,741 - {'Epoch': 68, 'HR@5': '0.1228', 'NDCG@5': '0.0759', 'HR@10': '0.1956', 'NDCG@10': '0.0993', 'HR@20': '0.2924', 'NDCG@20': '0.1237'}
2025-06-13 19:49:54,742 - Validation score increased.  Saving model ...
2025-06-13 19:50:06,766 - {'epoch': 69, 'rec_loss': '6.3436'}
2025-06-13 19:50:11,243 - {'Epoch': 69, 'HR@5': '0.1219', 'NDCG@5': '0.0773', 'HR@10': '0.1957', 'NDCG@10': '0.1010', 'HR@20': '0.2914', 'NDCG@20': '0.1251'}
2025-06-13 19:50:11,244 - Validation score increased.  Saving model ...
2025-06-13 19:50:23,214 - {'epoch': 70, 'rec_loss': '6.3365'}
2025-06-13 19:50:27,808 - {'Epoch': 70, 'HR@5': '0.1200', 'NDCG@5': '0.0760', 'HR@10': '0.1943', 'NDCG@10': '0.1000', 'HR@20': '0.2909', 'NDCG@20': '0.1244'}
2025-06-13 19:50:27,809 - EarlyStopping counter: 1 out of 10
2025-06-13 19:50:39,800 - {'epoch': 71, 'rec_loss': '6.3322'}
2025-06-13 19:50:44,308 - {'Epoch': 71, 'HR@5': '0.1188', 'NDCG@5': '0.0751', 'HR@10': '0.1944', 'NDCG@10': '0.0993', 'HR@20': '0.2934', 'NDCG@20': '0.1243'}
2025-06-13 19:50:44,308 - EarlyStopping counter: 2 out of 10
2025-06-13 19:50:56,311 - {'epoch': 72, 'rec_loss': '6.3368'}
2025-06-13 19:51:00,808 - {'Epoch': 72, 'HR@5': '0.1213', 'NDCG@5': '0.0776', 'HR@10': '0.1938', 'NDCG@10': '0.1009', 'HR@20': '0.2917', 'NDCG@20': '0.1256'}
2025-06-13 19:51:00,809 - Validation score increased.  Saving model ...
2025-06-13 19:51:12,786 - {'epoch': 73, 'rec_loss': '6.3201'}
2025-06-13 19:51:17,333 - {'Epoch': 73, 'HR@5': '0.1198', 'NDCG@5': '0.0761', 'HR@10': '0.1977', 'NDCG@10': '0.1011', 'HR@20': '0.2942', 'NDCG@20': '0.1254'}
2025-06-13 19:51:17,335 - EarlyStopping counter: 1 out of 10
2025-06-13 19:51:29,327 - {'epoch': 74, 'rec_loss': '6.3157'}
2025-06-13 19:51:33,883 - {'Epoch': 74, 'HR@5': '0.1241', 'NDCG@5': '0.0780', 'HR@10': '0.1959', 'NDCG@10': '0.1011', 'HR@20': '0.2937', 'NDCG@20': '0.1258'}
2025-06-13 19:51:33,884 - Validation score increased.  Saving model ...
2025-06-13 19:51:45,874 - {'epoch': 75, 'rec_loss': '6.3135'}
2025-06-13 19:51:50,502 - {'Epoch': 75, 'HR@5': '0.1215', 'NDCG@5': '0.0783', 'HR@10': '0.1966', 'NDCG@10': '0.1024', 'HR@20': '0.2964', 'NDCG@20': '0.1276'}
2025-06-13 19:51:50,505 - Validation score increased.  Saving model ...
2025-06-13 19:52:02,418 - {'epoch': 76, 'rec_loss': '6.3079'}
2025-06-13 19:52:06,947 - {'Epoch': 76, 'HR@5': '0.1216', 'NDCG@5': '0.0767', 'HR@10': '0.1987', 'NDCG@10': '0.1015', 'HR@20': '0.2943', 'NDCG@20': '0.1256'}
2025-06-13 19:52:06,950 - EarlyStopping counter: 1 out of 10
2025-06-13 19:52:18,968 - {'epoch': 77, 'rec_loss': '6.3091'}
2025-06-13 19:52:23,513 - {'Epoch': 77, 'HR@5': '0.1238', 'NDCG@5': '0.0790', 'HR@10': '0.1967', 'NDCG@10': '0.1025', 'HR@20': '0.2934', 'NDCG@20': '0.1269'}
2025-06-13 19:52:23,515 - EarlyStopping counter: 2 out of 10
2025-06-13 19:52:35,455 - {'epoch': 78, 'rec_loss': '6.2927'}
2025-06-13 19:52:40,002 - {'Epoch': 78, 'HR@5': '0.1233', 'NDCG@5': '0.0774', 'HR@10': '0.1944', 'NDCG@10': '0.1003', 'HR@20': '0.2923', 'NDCG@20': '0.1250'}
2025-06-13 19:52:40,004 - EarlyStopping counter: 3 out of 10
2025-06-13 19:52:51,916 - {'epoch': 79, 'rec_loss': '6.2814'}
2025-06-13 19:52:56,486 - {'Epoch': 79, 'HR@5': '0.1218', 'NDCG@5': '0.0774', 'HR@10': '0.1985', 'NDCG@10': '0.1021', 'HR@20': '0.2935', 'NDCG@20': '0.1261'}
2025-06-13 19:52:56,487 - EarlyStopping counter: 4 out of 10
2025-06-13 19:53:08,379 - {'epoch': 80, 'rec_loss': '6.2956'}
2025-06-13 19:53:12,932 - {'Epoch': 80, 'HR@5': '0.1209', 'NDCG@5': '0.0755', 'HR@10': '0.1996', 'NDCG@10': '0.1007', 'HR@20': '0.2981', 'NDCG@20': '0.1255'}
2025-06-13 19:53:12,934 - EarlyStopping counter: 5 out of 10
2025-06-13 19:53:24,899 - {'epoch': 81, 'rec_loss': '6.2806'}
2025-06-13 19:53:29,429 - {'Epoch': 81, 'HR@5': '0.1258', 'NDCG@5': '0.0790', 'HR@10': '0.2000', 'NDCG@10': '0.1029', 'HR@20': '0.2936', 'NDCG@20': '0.1266'}
2025-06-13 19:53:29,431 - EarlyStopping counter: 6 out of 10
2025-06-13 19:53:41,340 - {'epoch': 82, 'rec_loss': '6.2771'}
2025-06-13 19:53:45,982 - {'Epoch': 82, 'HR@5': '0.1259', 'NDCG@5': '0.0783', 'HR@10': '0.2031', 'NDCG@10': '0.1032', 'HR@20': '0.2986', 'NDCG@20': '0.1273'}
2025-06-13 19:53:45,982 - EarlyStopping counter: 7 out of 10
2025-06-13 19:53:57,912 - {'epoch': 83, 'rec_loss': '6.2677'}
2025-06-13 19:54:02,446 - {'Epoch': 83, 'HR@5': '0.1252', 'NDCG@5': '0.0793', 'HR@10': '0.2023', 'NDCG@10': '0.1041', 'HR@20': '0.2976', 'NDCG@20': '0.1281'}
2025-06-13 19:54:02,447 - Validation score increased.  Saving model ...
2025-06-13 19:54:14,372 - {'epoch': 84, 'rec_loss': '6.2664'}
2025-06-13 19:54:19,036 - {'Epoch': 84, 'HR@5': '0.1247', 'NDCG@5': '0.0785', 'HR@10': '0.2025', 'NDCG@10': '0.1034', 'HR@20': '0.2948', 'NDCG@20': '0.1268'}
2025-06-13 19:54:19,039 - EarlyStopping counter: 1 out of 10
2025-06-13 19:54:31,013 - {'epoch': 85, 'rec_loss': '6.2508'}
2025-06-13 19:54:35,602 - {'Epoch': 85, 'HR@5': '0.1262', 'NDCG@5': '0.0813', 'HR@10': '0.2024', 'NDCG@10': '0.1057', 'HR@20': '0.2977', 'NDCG@20': '0.1297'}
2025-06-13 19:54:35,602 - Validation score increased.  Saving model ...
2025-06-13 19:54:47,522 - {'epoch': 86, 'rec_loss': '6.2550'}
2025-06-13 19:54:52,111 - {'Epoch': 86, 'HR@5': '0.1267', 'NDCG@5': '0.0797', 'HR@10': '0.1988', 'NDCG@10': '0.1029', 'HR@20': '0.2965', 'NDCG@20': '0.1276'}
2025-06-13 19:54:52,113 - EarlyStopping counter: 1 out of 10
2025-06-13 19:55:04,046 - {'epoch': 87, 'rec_loss': '6.2490'}
2025-06-13 19:55:08,674 - {'Epoch': 87, 'HR@5': '0.1252', 'NDCG@5': '0.0794', 'HR@10': '0.2011', 'NDCG@10': '0.1038', 'HR@20': '0.2983', 'NDCG@20': '0.1283'}
2025-06-13 19:55:08,675 - EarlyStopping counter: 2 out of 10
2025-06-13 19:55:20,683 - {'epoch': 88, 'rec_loss': '6.2439'}
2025-06-13 19:55:25,238 - {'Epoch': 88, 'HR@5': '0.1244', 'NDCG@5': '0.0785', 'HR@10': '0.1989', 'NDCG@10': '0.1025', 'HR@20': '0.2938', 'NDCG@20': '0.1265'}
2025-06-13 19:55:25,241 - EarlyStopping counter: 3 out of 10
2025-06-13 19:55:37,178 - {'epoch': 89, 'rec_loss': '6.2469'}
2025-06-13 19:55:41,649 - {'Epoch': 89, 'HR@5': '0.1267', 'NDCG@5': '0.0798', 'HR@10': '0.2002', 'NDCG@10': '0.1034', 'HR@20': '0.2974', 'NDCG@20': '0.1279'}
2025-06-13 19:55:41,664 - EarlyStopping counter: 4 out of 10
2025-06-13 19:55:53,653 - {'epoch': 90, 'rec_loss': '6.2302'}
2025-06-13 19:55:58,154 - {'Epoch': 90, 'HR@5': '0.1259', 'NDCG@5': '0.0806', 'HR@10': '0.2006', 'NDCG@10': '0.1046', 'HR@20': '0.2946', 'NDCG@20': '0.1283'}
2025-06-13 19:55:58,155 - EarlyStopping counter: 5 out of 10
2025-06-13 19:56:10,092 - {'epoch': 91, 'rec_loss': '6.2419'}
2025-06-13 19:56:14,632 - {'Epoch': 91, 'HR@5': '0.1245', 'NDCG@5': '0.0800', 'HR@10': '0.2041', 'NDCG@10': '0.1056', 'HR@20': '0.2967', 'NDCG@20': '0.1289'}
2025-06-13 19:56:14,633 - EarlyStopping counter: 6 out of 10
2025-06-13 19:56:26,497 - {'epoch': 92, 'rec_loss': '6.2361'}
2025-06-13 19:56:31,009 - {'Epoch': 92, 'HR@5': '0.1275', 'NDCG@5': '0.0801', 'HR@10': '0.2027', 'NDCG@10': '0.1043', 'HR@20': '0.2994', 'NDCG@20': '0.1286'}
2025-06-13 19:56:31,010 - EarlyStopping counter: 7 out of 10
2025-06-13 19:56:42,944 - {'epoch': 93, 'rec_loss': '6.2175'}
2025-06-13 19:56:47,564 - {'Epoch': 93, 'HR@5': '0.1263', 'NDCG@5': '0.0798', 'HR@10': '0.2023', 'NDCG@10': '0.1042', 'HR@20': '0.2979', 'NDCG@20': '0.1282'}
2025-06-13 19:56:47,565 - EarlyStopping counter: 8 out of 10
2025-06-13 19:56:59,445 - {'epoch': 94, 'rec_loss': '6.2218'}
2025-06-13 19:57:04,045 - {'Epoch': 94, 'HR@5': '0.1250', 'NDCG@5': '0.0799', 'HR@10': '0.2029', 'NDCG@10': '0.1049', 'HR@20': '0.2993', 'NDCG@20': '0.1291'}
2025-06-13 19:57:04,046 - EarlyStopping counter: 9 out of 10
2025-06-13 19:57:15,959 - {'epoch': 95, 'rec_loss': '6.2180'}
2025-06-13 19:57:20,498 - {'Epoch': 95, 'HR@5': '0.1251', 'NDCG@5': '0.0796', 'HR@10': '0.2038', 'NDCG@10': '0.1050', 'HR@20': '0.2960', 'NDCG@20': '0.1283'}
2025-06-13 19:57:20,499 - EarlyStopping counter: 10 out of 10
2025-06-13 19:57:20,499 - Early stopping
2025-06-13 19:57:20,499 - ---------------Validation Score---------------
2025-06-13 19:57:25,059 - {'Epoch': 0, 'HR@5': '0.1262', 'NDCG@5': '0.0813', 'HR@10': '0.2024', 'NDCG@10': '0.1057', 'HR@20': '0.2977', 'NDCG@20': '0.1297'}
2025-06-13 19:57:25,062 - BERT4Rec_Diginetica
2025-06-13 19:57:25,062 - {'Epoch': 0, 'HR@5': '0.1262', 'NDCG@5': '0.0813', 'HR@10': '0.2024', 'NDCG@10': '0.1057', 'HR@20': '0.2977', 'NDCG@20': '0.1297'}
