2025-06-14 00:33:06,155 - Namespace(data_dir='data/self_processed/', output_dir='hparam_search/', data_name='Diginetica', train_name='BSARec_Diginetica', num_items=10, num_users=14829, lr=0.0005, batch_size=256, epochs=200, no_cuda=False, log_freq=1, patience=10, num_workers=4, seed=42, weight_decay=0.0, adam_beta1=0.9, adam_beta2=0.999, gpu_id='0', variance=5, model_type='BSARec', max_seq_length=50, hidden_size=64, num_hidden_layers=2, hidden_act='gelu', num_attention_heads=2, attention_probs_dropout_prob=0.5, hidden_dropout_prob=0.5, initializer_range=0.02, c=9, alpha=0.3, cuda_condition=True, data_file='data/self_processed/Diginetica.txt', item_size=9441, checkpoint_path=PosixPath('/gpfs/home3/scur2771/BSARec/BSARec/src/hparam_search/BSARec_Diginetica/12367757_122/model.pt'), same_target_path='data/self_processed/Diginetica_same_target.npy')
2025-06-14 00:33:06,199 - BSARecModel(
  (item_embeddings): Embedding(9441, 64, padding_idx=0)
  (position_embeddings): Embedding(50, 64)
  (LayerNorm): LayerNorm()
  (dropout): Dropout(p=0.5, inplace=False)
  (item_encoder): BSARecEncoder(
    (blocks): ModuleList(
      (0): BSARecBlock(
        (layer): BSARecLayer(
          (filter_layer): FrequencyLayer(
            (out_dropout): Dropout(p=0.5, inplace=False)
            (LayerNorm): LayerNorm()
          )
          (attention_layer): MultiHeadAttention(
            (query): Linear(in_features=64, out_features=64, bias=True)
            (key): Linear(in_features=64, out_features=64, bias=True)
            (value): Linear(in_features=64, out_features=64, bias=True)
            (softmax): Softmax(dim=-1)
            (attn_dropout): Dropout(p=0.5, inplace=False)
            (dense): Linear(in_features=64, out_features=64, bias=True)
            (LayerNorm): LayerNorm((64,), eps=1e-12, elementwise_affine=True)
            (out_dropout): Dropout(p=0.5, inplace=False)
          )
        )
        (feed_forward): FeedForward(
          (dense_1): Linear(in_features=64, out_features=256, bias=True)
          (dense_2): Linear(in_features=256, out_features=64, bias=True)
          (LayerNorm): LayerNorm()
          (dropout): Dropout(p=0.5, inplace=False)
        )
      )
      (1): BSARecBlock(
        (layer): BSARecLayer(
          (filter_layer): FrequencyLayer(
            (out_dropout): Dropout(p=0.5, inplace=False)
            (LayerNorm): LayerNorm()
          )
          (attention_layer): MultiHeadAttention(
            (query): Linear(in_features=64, out_features=64, bias=True)
            (key): Linear(in_features=64, out_features=64, bias=True)
            (value): Linear(in_features=64, out_features=64, bias=True)
            (softmax): Softmax(dim=-1)
            (attn_dropout): Dropout(p=0.5, inplace=False)
            (dense): Linear(in_features=64, out_features=64, bias=True)
            (LayerNorm): LayerNorm((64,), eps=1e-12, elementwise_affine=True)
            (out_dropout): Dropout(p=0.5, inplace=False)
          )
        )
        (feed_forward): FeedForward(
          (dense_1): Linear(in_features=64, out_features=256, bias=True)
          (dense_2): Linear(in_features=256, out_features=64, bias=True)
          (LayerNorm): LayerNorm()
          (dropout): Dropout(p=0.5, inplace=False)
        )
      )
    )
  )
)
2025-06-14 00:33:09,726 - Total Parameters: 707904
2025-06-14 00:33:18,796 - {'epoch': 0, 'rec_loss': '8.8051'}
2025-06-14 00:33:22,850 - {'Epoch': 0, 'HR@5': '0.0070', 'NDCG@5': '0.0046', 'HR@10': '0.0116', 'NDCG@10': '0.0061', 'HR@20': '0.0184', 'NDCG@20': '0.0078'}
2025-06-14 00:33:22,851 - Validation score increased.  Saving model ...
2025-06-14 00:33:30,491 - {'epoch': 1, 'rec_loss': '8.3179'}
2025-06-14 00:33:34,798 - {'Epoch': 1, 'HR@5': '0.0465', 'NDCG@5': '0.0318', 'HR@10': '0.0693', 'NDCG@10': '0.0392', 'HR@20': '0.0934', 'NDCG@20': '0.0452'}
2025-06-14 00:33:34,800 - Validation score increased.  Saving model ...
2025-06-14 00:33:42,266 - {'epoch': 2, 'rec_loss': '7.6093'}
2025-06-14 00:33:46,431 - {'Epoch': 2, 'HR@5': '0.0834', 'NDCG@5': '0.0550', 'HR@10': '0.1281', 'NDCG@10': '0.0693', 'HR@20': '0.1792', 'NDCG@20': '0.0822'}
2025-06-14 00:33:46,432 - Validation score increased.  Saving model ...
2025-06-14 00:33:53,950 - {'epoch': 3, 'rec_loss': '6.8197'}
2025-06-14 00:33:58,228 - {'Epoch': 3, 'HR@5': '0.1097', 'NDCG@5': '0.0724', 'HR@10': '0.1679', 'NDCG@10': '0.0911', 'HR@20': '0.2368', 'NDCG@20': '0.1085'}
2025-06-14 00:33:58,229 - Validation score increased.  Saving model ...
2025-06-14 00:34:05,716 - {'epoch': 4, 'rec_loss': '6.1767'}
2025-06-14 00:34:10,074 - {'Epoch': 4, 'HR@5': '0.1272', 'NDCG@5': '0.0841', 'HR@10': '0.1934', 'NDCG@10': '0.1054', 'HR@20': '0.2742', 'NDCG@20': '0.1258'}
2025-06-14 00:34:10,075 - Validation score increased.  Saving model ...
2025-06-14 00:34:17,549 - {'epoch': 5, 'rec_loss': '5.7152'}
2025-06-14 00:34:21,887 - {'Epoch': 5, 'HR@5': '0.1407', 'NDCG@5': '0.0926', 'HR@10': '0.2130', 'NDCG@10': '0.1158', 'HR@20': '0.2984', 'NDCG@20': '0.1374'}
2025-06-14 00:34:21,889 - Validation score increased.  Saving model ...
2025-06-14 00:34:29,473 - {'epoch': 6, 'rec_loss': '5.3955'}
2025-06-14 00:34:33,935 - {'Epoch': 6, 'HR@5': '0.1502', 'NDCG@5': '0.0993', 'HR@10': '0.2265', 'NDCG@10': '0.1238', 'HR@20': '0.3153', 'NDCG@20': '0.1463'}
2025-06-14 00:34:33,936 - Validation score increased.  Saving model ...
2025-06-14 00:34:41,369 - {'epoch': 7, 'rec_loss': '5.1749'}
2025-06-14 00:34:45,774 - {'Epoch': 7, 'HR@5': '0.1578', 'NDCG@5': '0.1038', 'HR@10': '0.2360', 'NDCG@10': '0.1291', 'HR@20': '0.3324', 'NDCG@20': '0.1534'}
2025-06-14 00:34:45,775 - Validation score increased.  Saving model ...
2025-06-14 00:34:53,287 - {'epoch': 8, 'rec_loss': '5.0266'}
2025-06-14 00:34:57,693 - {'Epoch': 8, 'HR@5': '0.1619', 'NDCG@5': '0.1073', 'HR@10': '0.2448', 'NDCG@10': '0.1340', 'HR@20': '0.3390', 'NDCG@20': '0.1578'}
2025-06-14 00:34:57,694 - Validation score increased.  Saving model ...
2025-06-14 00:35:05,191 - {'epoch': 9, 'rec_loss': '4.9143'}
2025-06-14 00:35:09,660 - {'Epoch': 9, 'HR@5': '0.1667', 'NDCG@5': '0.1097', 'HR@10': '0.2490', 'NDCG@10': '0.1362', 'HR@20': '0.3497', 'NDCG@20': '0.1616'}
2025-06-14 00:35:09,662 - Validation score increased.  Saving model ...
2025-06-14 00:35:17,158 - {'epoch': 10, 'rec_loss': '4.8380'}
2025-06-14 00:35:21,571 - {'Epoch': 10, 'HR@5': '0.1676', 'NDCG@5': '0.1098', 'HR@10': '0.2538', 'NDCG@10': '0.1375', 'HR@20': '0.3523', 'NDCG@20': '0.1624'}
2025-06-14 00:35:21,573 - Validation score increased.  Saving model ...
2025-06-14 00:35:29,136 - {'epoch': 11, 'rec_loss': '4.7772'}
2025-06-14 00:35:33,479 - {'Epoch': 11, 'HR@5': '0.1681', 'NDCG@5': '0.1113', 'HR@10': '0.2569', 'NDCG@10': '0.1399', 'HR@20': '0.3562', 'NDCG@20': '0.1650'}
2025-06-14 00:35:33,481 - Validation score increased.  Saving model ...
2025-06-14 00:35:41,063 - {'epoch': 12, 'rec_loss': '4.7292'}
2025-06-14 00:35:45,487 - {'Epoch': 12, 'HR@5': '0.1714', 'NDCG@5': '0.1127', 'HR@10': '0.2576', 'NDCG@10': '0.1404', 'HR@20': '0.3574', 'NDCG@20': '0.1657'}
2025-06-14 00:35:45,487 - Validation score increased.  Saving model ...
2025-06-14 00:35:52,968 - {'epoch': 13, 'rec_loss': '4.7059'}
2025-06-14 00:35:57,345 - {'Epoch': 13, 'HR@5': '0.1718', 'NDCG@5': '0.1134', 'HR@10': '0.2608', 'NDCG@10': '0.1420', 'HR@20': '0.3587', 'NDCG@20': '0.1668'}
2025-06-14 00:35:57,350 - Validation score increased.  Saving model ...
2025-06-14 00:36:04,900 - {'epoch': 14, 'rec_loss': '4.6721'}
2025-06-14 00:36:09,342 - {'Epoch': 14, 'HR@5': '0.1733', 'NDCG@5': '0.1143', 'HR@10': '0.2616', 'NDCG@10': '0.1427', 'HR@20': '0.3608', 'NDCG@20': '0.1678'}
2025-06-14 00:36:09,344 - Validation score increased.  Saving model ...
2025-06-14 00:36:16,941 - {'epoch': 15, 'rec_loss': '4.6555'}
2025-06-14 00:36:21,387 - {'Epoch': 15, 'HR@5': '0.1727', 'NDCG@5': '0.1138', 'HR@10': '0.2617', 'NDCG@10': '0.1425', 'HR@20': '0.3612', 'NDCG@20': '0.1676'}
2025-06-14 00:36:21,388 - EarlyStopping counter: 1 out of 10
2025-06-14 00:36:28,866 - {'epoch': 16, 'rec_loss': '4.6327'}
2025-06-14 00:36:33,271 - {'Epoch': 16, 'HR@5': '0.1725', 'NDCG@5': '0.1142', 'HR@10': '0.2597', 'NDCG@10': '0.1422', 'HR@20': '0.3614', 'NDCG@20': '0.1680'}
2025-06-14 00:36:33,274 - Validation score increased.  Saving model ...
2025-06-14 00:36:40,725 - {'epoch': 17, 'rec_loss': '4.6184'}
2025-06-14 00:36:45,012 - {'Epoch': 17, 'HR@5': '0.1757', 'NDCG@5': '0.1150', 'HR@10': '0.2632', 'NDCG@10': '0.1431', 'HR@20': '0.3632', 'NDCG@20': '0.1683'}
2025-06-14 00:36:45,014 - Validation score increased.  Saving model ...
2025-06-14 00:36:52,527 - {'epoch': 18, 'rec_loss': '4.5992'}
2025-06-14 00:36:56,926 - {'Epoch': 18, 'HR@5': '0.1751', 'NDCG@5': '0.1153', 'HR@10': '0.2645', 'NDCG@10': '0.1440', 'HR@20': '0.3648', 'NDCG@20': '0.1693'}
2025-06-14 00:36:56,928 - Validation score increased.  Saving model ...
2025-06-14 00:37:04,360 - {'epoch': 19, 'rec_loss': '4.5874'}
2025-06-14 00:37:08,820 - {'Epoch': 19, 'HR@5': '0.1755', 'NDCG@5': '0.1142', 'HR@10': '0.2628', 'NDCG@10': '0.1423', 'HR@20': '0.3624', 'NDCG@20': '0.1674'}
2025-06-14 00:37:08,822 - EarlyStopping counter: 1 out of 10
2025-06-14 00:37:16,266 - {'epoch': 20, 'rec_loss': '4.5803'}
2025-06-14 00:37:20,725 - {'Epoch': 20, 'HR@5': '0.1783', 'NDCG@5': '0.1163', 'HR@10': '0.2625', 'NDCG@10': '0.1435', 'HR@20': '0.3633', 'NDCG@20': '0.1689'}
2025-06-14 00:37:20,727 - EarlyStopping counter: 2 out of 10
2025-06-14 00:37:28,271 - {'epoch': 21, 'rec_loss': '4.5678'}
2025-06-14 00:37:32,769 - {'Epoch': 21, 'HR@5': '0.1741', 'NDCG@5': '0.1145', 'HR@10': '0.2630', 'NDCG@10': '0.1432', 'HR@20': '0.3660', 'NDCG@20': '0.1692'}
2025-06-14 00:37:32,771 - EarlyStopping counter: 3 out of 10
2025-06-14 00:37:40,240 - {'epoch': 22, 'rec_loss': '4.5585'}
2025-06-14 00:37:44,627 - {'Epoch': 22, 'HR@5': '0.1771', 'NDCG@5': '0.1161', 'HR@10': '0.2642', 'NDCG@10': '0.1440', 'HR@20': '0.3649', 'NDCG@20': '0.1695'}
2025-06-14 00:37:44,629 - Validation score increased.  Saving model ...
2025-06-14 00:37:52,202 - {'epoch': 23, 'rec_loss': '4.5460'}
2025-06-14 00:37:56,589 - {'Epoch': 23, 'HR@5': '0.1731', 'NDCG@5': '0.1138', 'HR@10': '0.2600', 'NDCG@10': '0.1418', 'HR@20': '0.3644', 'NDCG@20': '0.1683'}
2025-06-14 00:37:56,591 - EarlyStopping counter: 1 out of 10
2025-06-14 00:38:04,027 - {'epoch': 24, 'rec_loss': '4.5420'}
2025-06-14 00:38:08,401 - {'Epoch': 24, 'HR@5': '0.1748', 'NDCG@5': '0.1148', 'HR@10': '0.2627', 'NDCG@10': '0.1432', 'HR@20': '0.3653', 'NDCG@20': '0.1691'}
2025-06-14 00:38:08,403 - EarlyStopping counter: 2 out of 10
2025-06-14 00:38:15,909 - {'epoch': 25, 'rec_loss': '4.5315'}
2025-06-14 00:38:20,279 - {'Epoch': 25, 'HR@5': '0.1766', 'NDCG@5': '0.1165', 'HR@10': '0.2642', 'NDCG@10': '0.1447', 'HR@20': '0.3641', 'NDCG@20': '0.1700'}
2025-06-14 00:38:20,280 - Validation score increased.  Saving model ...
2025-06-14 00:38:27,809 - {'epoch': 26, 'rec_loss': '4.5248'}
2025-06-14 00:38:32,246 - {'Epoch': 26, 'HR@5': '0.1769', 'NDCG@5': '0.1162', 'HR@10': '0.2633', 'NDCG@10': '0.1441', 'HR@20': '0.3649', 'NDCG@20': '0.1698'}
2025-06-14 00:38:32,247 - EarlyStopping counter: 1 out of 10
2025-06-14 00:38:39,830 - {'epoch': 27, 'rec_loss': '4.5211'}
2025-06-14 00:38:44,223 - {'Epoch': 27, 'HR@5': '0.1761', 'NDCG@5': '0.1146', 'HR@10': '0.2630', 'NDCG@10': '0.1426', 'HR@20': '0.3642', 'NDCG@20': '0.1683'}
2025-06-14 00:38:44,224 - EarlyStopping counter: 2 out of 10
2025-06-14 00:38:51,811 - {'epoch': 28, 'rec_loss': '4.5106'}
2025-06-14 00:38:56,201 - {'Epoch': 28, 'HR@5': '0.1766', 'NDCG@5': '0.1161', 'HR@10': '0.2636', 'NDCG@10': '0.1442', 'HR@20': '0.3643', 'NDCG@20': '0.1697'}
2025-06-14 00:38:56,204 - EarlyStopping counter: 3 out of 10
2025-06-14 00:39:03,843 - {'epoch': 29, 'rec_loss': '4.5074'}
2025-06-14 00:39:08,246 - {'Epoch': 29, 'HR@5': '0.1747', 'NDCG@5': '0.1150', 'HR@10': '0.2611', 'NDCG@10': '0.1429', 'HR@20': '0.3624', 'NDCG@20': '0.1685'}
2025-06-14 00:39:08,248 - EarlyStopping counter: 4 out of 10
2025-06-14 00:39:15,744 - {'epoch': 30, 'rec_loss': '4.5059'}
2025-06-14 00:39:20,128 - {'Epoch': 30, 'HR@5': '0.1772', 'NDCG@5': '0.1159', 'HR@10': '0.2624', 'NDCG@10': '0.1434', 'HR@20': '0.3663', 'NDCG@20': '0.1697'}
2025-06-14 00:39:20,129 - EarlyStopping counter: 5 out of 10
2025-06-14 00:39:27,618 - {'epoch': 31, 'rec_loss': '4.4942'}
2025-06-14 00:39:31,941 - {'Epoch': 31, 'HR@5': '0.1752', 'NDCG@5': '0.1158', 'HR@10': '0.2632', 'NDCG@10': '0.1442', 'HR@20': '0.3662', 'NDCG@20': '0.1702'}
2025-06-14 00:39:31,947 - Validation score increased.  Saving model ...
2025-06-14 00:39:39,510 - {'epoch': 32, 'rec_loss': '4.4875'}
2025-06-14 00:39:43,947 - {'Epoch': 32, 'HR@5': '0.1751', 'NDCG@5': '0.1146', 'HR@10': '0.2644', 'NDCG@10': '0.1434', 'HR@20': '0.3653', 'NDCG@20': '0.1689'}
2025-06-14 00:39:43,949 - EarlyStopping counter: 1 out of 10
2025-06-14 00:39:51,518 - {'epoch': 33, 'rec_loss': '4.4839'}
2025-06-14 00:39:55,877 - {'Epoch': 33, 'HR@5': '0.1747', 'NDCG@5': '0.1152', 'HR@10': '0.2642', 'NDCG@10': '0.1441', 'HR@20': '0.3650', 'NDCG@20': '0.1696'}
2025-06-14 00:39:55,878 - EarlyStopping counter: 2 out of 10
2025-06-14 00:40:03,330 - {'epoch': 34, 'rec_loss': '4.4781'}
2025-06-14 00:40:07,736 - {'Epoch': 34, 'HR@5': '0.1776', 'NDCG@5': '0.1165', 'HR@10': '0.2666', 'NDCG@10': '0.1452', 'HR@20': '0.3657', 'NDCG@20': '0.1702'}
2025-06-14 00:40:07,738 - EarlyStopping counter: 3 out of 10
2025-06-14 00:40:15,157 - {'epoch': 35, 'rec_loss': '4.4778'}
2025-06-14 00:40:19,532 - {'Epoch': 35, 'HR@5': '0.1759', 'NDCG@5': '0.1154', 'HR@10': '0.2652', 'NDCG@10': '0.1442', 'HR@20': '0.3651', 'NDCG@20': '0.1695'}
2025-06-14 00:40:19,533 - EarlyStopping counter: 4 out of 10
2025-06-14 00:40:26,903 - {'epoch': 36, 'rec_loss': '4.4660'}
2025-06-14 00:40:31,249 - {'Epoch': 36, 'HR@5': '0.1754', 'NDCG@5': '0.1150', 'HR@10': '0.2646', 'NDCG@10': '0.1438', 'HR@20': '0.3656', 'NDCG@20': '0.1692'}
2025-06-14 00:40:31,251 - EarlyStopping counter: 5 out of 10
2025-06-14 00:40:38,808 - {'epoch': 37, 'rec_loss': '4.4662'}
2025-06-14 00:40:43,151 - {'Epoch': 37, 'HR@5': '0.1751', 'NDCG@5': '0.1146', 'HR@10': '0.2660', 'NDCG@10': '0.1439', 'HR@20': '0.3662', 'NDCG@20': '0.1692'}
2025-06-14 00:40:43,152 - EarlyStopping counter: 6 out of 10
2025-06-14 00:40:50,641 - {'epoch': 38, 'rec_loss': '4.4609'}
2025-06-14 00:40:55,094 - {'Epoch': 38, 'HR@5': '0.1774', 'NDCG@5': '0.1163', 'HR@10': '0.2646', 'NDCG@10': '0.1443', 'HR@20': '0.3662', 'NDCG@20': '0.1700'}
2025-06-14 00:40:55,095 - EarlyStopping counter: 7 out of 10
2025-06-14 00:41:02,706 - {'epoch': 39, 'rec_loss': '4.4560'}
2025-06-14 00:41:07,174 - {'Epoch': 39, 'HR@5': '0.1745', 'NDCG@5': '0.1156', 'HR@10': '0.2634', 'NDCG@10': '0.1442', 'HR@20': '0.3647', 'NDCG@20': '0.1699'}
2025-06-14 00:41:07,177 - EarlyStopping counter: 8 out of 10
2025-06-14 00:41:14,805 - {'epoch': 40, 'rec_loss': '4.4529'}
2025-06-14 00:41:19,181 - {'Epoch': 40, 'HR@5': '0.1744', 'NDCG@5': '0.1144', 'HR@10': '0.2599', 'NDCG@10': '0.1419', 'HR@20': '0.3667', 'NDCG@20': '0.1690'}
2025-06-14 00:41:19,183 - EarlyStopping counter: 9 out of 10
2025-06-14 00:41:26,650 - {'epoch': 41, 'rec_loss': '4.4492'}
2025-06-14 00:41:30,985 - {'Epoch': 41, 'HR@5': '0.1747', 'NDCG@5': '0.1153', 'HR@10': '0.2616', 'NDCG@10': '0.1433', 'HR@20': '0.3646', 'NDCG@20': '0.1694'}
2025-06-14 00:41:30,988 - EarlyStopping counter: 10 out of 10
2025-06-14 00:41:30,988 - Early stopping
2025-06-14 00:41:30,988 - ---------------Validation Score---------------
2025-06-14 00:41:35,373 - {'Epoch': 0, 'HR@5': '0.1752', 'NDCG@5': '0.1158', 'HR@10': '0.2632', 'NDCG@10': '0.1442', 'HR@20': '0.3662', 'NDCG@20': '0.1702'}
2025-06-14 00:41:35,376 - BSARec_Diginetica
2025-06-14 00:41:35,376 - {'Epoch': 0, 'HR@5': '0.1752', 'NDCG@5': '0.1158', 'HR@10': '0.2632', 'NDCG@10': '0.1442', 'HR@20': '0.3662', 'NDCG@20': '0.1702'}
