2025-06-14 15:26:47,990 - Namespace(data_dir='./data/', output_dir='hparam_search/', data_name='LastFM', train_name='BERT4Rec_LastFM', num_items=10, num_users=1091, lr=0.001, batch_size=256, epochs=200, no_cuda=False, log_freq=1, patience=10, num_workers=4, seed=42, weight_decay=0.0, adam_beta1=0.9, adam_beta2=0.999, gpu_id='0', variance=5, model_type='Bert4Rec', max_seq_length=50, hidden_size=64, num_hidden_layers=2, hidden_act='gelu', num_attention_heads=2, attention_probs_dropout_prob=0.5, hidden_dropout_prob=0.5, initializer_range=0.02, mask_ratio=0.6, cuda_condition=True, data_file='./data/LastFM.txt', item_size=3647, checkpoint_path=PosixPath('/gpfs/home3/scur2771/BSARec/BSARec/src/hparam_search/BERT4Rec_LastFM/12373134_6/model.pt'), same_target_path='./data/LastFM_same_target.npy')
2025-06-14 15:26:48,025 - BERT4RecModel(
  (item_embeddings): Embedding(3648, 64, padding_idx=0)
  (position_embeddings): Embedding(50, 64)
  (item_encoder): TransformerEncoder(
    (blocks): ModuleList(
      (0): TransformerBlock(
        (layer): MultiHeadAttention(
          (query): Linear(in_features=64, out_features=64, bias=True)
          (key): Linear(in_features=64, out_features=64, bias=True)
          (value): Linear(in_features=64, out_features=64, bias=True)
          (softmax): Softmax(dim=-1)
          (attn_dropout): Dropout(p=0.5, inplace=False)
          (dense): Linear(in_features=64, out_features=64, bias=True)
          (LayerNorm): LayerNorm((64,), eps=1e-12, elementwise_affine=True)
          (out_dropout): Dropout(p=0.5, inplace=False)
        )
        (feed_forward): FeedForward(
          (dense_1): Linear(in_features=64, out_features=256, bias=True)
          (dense_2): Linear(in_features=256, out_features=64, bias=True)
          (LayerNorm): LayerNorm()
          (dropout): Dropout(p=0.5, inplace=False)
        )
      )
      (1): TransformerBlock(
        (layer): MultiHeadAttention(
          (query): Linear(in_features=64, out_features=64, bias=True)
          (key): Linear(in_features=64, out_features=64, bias=True)
          (value): Linear(in_features=64, out_features=64, bias=True)
          (softmax): Softmax(dim=-1)
          (attn_dropout): Dropout(p=0.5, inplace=False)
          (dense): Linear(in_features=64, out_features=64, bias=True)
          (LayerNorm): LayerNorm((64,), eps=1e-12, elementwise_affine=True)
          (out_dropout): Dropout(p=0.5, inplace=False)
        )
        (feed_forward): FeedForward(
          (dense_1): Linear(in_features=64, out_features=256, bias=True)
          (dense_2): Linear(in_features=256, out_features=64, bias=True)
          (LayerNorm): LayerNorm()
          (dropout): Dropout(p=0.5, inplace=False)
        )
      )
    )
  )
  (LayerNorm): LayerNorm()
  (dropout): Dropout(p=0.5, inplace=False)
)
2025-06-14 15:26:50,984 - Total Parameters: 336768
2025-06-14 15:26:55,307 - {'epoch': 0, 'rec_loss': '7.9969'}
2025-06-14 15:26:56,022 - {'Epoch': 0, 'HR@5': '0.0220', 'NDCG@5': '0.0139', 'HR@10': '0.0376', 'NDCG@10': '0.0189', 'HR@20': '0.0578', 'NDCG@20': '0.0239'}
2025-06-14 15:26:56,023 - Validation score increased.  Saving model ...
2025-06-14 15:26:59,627 - {'epoch': 1, 'rec_loss': '7.7773'}
2025-06-14 15:27:00,348 - {'Epoch': 1, 'HR@5': '0.0147', 'NDCG@5': '0.0098', 'HR@10': '0.0266', 'NDCG@10': '0.0137', 'HR@20': '0.0413', 'NDCG@20': '0.0173'}
2025-06-14 15:27:00,348 - EarlyStopping counter: 1 out of 10
2025-06-14 15:27:03,929 - {'epoch': 2, 'rec_loss': '7.7137'}
2025-06-14 15:27:04,627 - {'Epoch': 2, 'HR@5': '0.0257', 'NDCG@5': '0.0148', 'HR@10': '0.0422', 'NDCG@10': '0.0202', 'HR@20': '0.0587', 'NDCG@20': '0.0244'}
2025-06-14 15:27:04,627 - Validation score increased.  Saving model ...
2025-06-14 15:27:08,177 - {'epoch': 3, 'rec_loss': '7.6492'}
2025-06-14 15:27:08,937 - {'Epoch': 3, 'HR@5': '0.0303', 'NDCG@5': '0.0209', 'HR@10': '0.0450', 'NDCG@10': '0.0255', 'HR@20': '0.0697', 'NDCG@20': '0.0316'}
2025-06-14 15:27:08,937 - Validation score increased.  Saving model ...
2025-06-14 15:27:12,542 - {'epoch': 4, 'rec_loss': '7.6039'}
2025-06-14 15:27:13,213 - {'Epoch': 4, 'HR@5': '0.0257', 'NDCG@5': '0.0167', 'HR@10': '0.0495', 'NDCG@10': '0.0245', 'HR@20': '0.0706', 'NDCG@20': '0.0298'}
2025-06-14 15:27:13,213 - EarlyStopping counter: 1 out of 10
2025-06-14 15:27:16,815 - {'epoch': 5, 'rec_loss': '7.5572'}
2025-06-14 15:27:17,489 - {'Epoch': 5, 'HR@5': '0.0303', 'NDCG@5': '0.0182', 'HR@10': '0.0541', 'NDCG@10': '0.0256', 'HR@20': '0.0679', 'NDCG@20': '0.0291'}
2025-06-14 15:27:17,489 - EarlyStopping counter: 2 out of 10
2025-06-14 15:27:21,052 - {'epoch': 6, 'rec_loss': '7.5157'}
2025-06-14 15:27:21,827 - {'Epoch': 6, 'HR@5': '0.0220', 'NDCG@5': '0.0137', 'HR@10': '0.0431', 'NDCG@10': '0.0207', 'HR@20': '0.0697', 'NDCG@20': '0.0275'}
2025-06-14 15:27:21,828 - EarlyStopping counter: 3 out of 10
2025-06-14 15:27:25,330 - {'epoch': 7, 'rec_loss': '7.4734'}
2025-06-14 15:27:25,992 - {'Epoch': 7, 'HR@5': '0.0257', 'NDCG@5': '0.0155', 'HR@10': '0.0358', 'NDCG@10': '0.0187', 'HR@20': '0.0606', 'NDCG@20': '0.0249'}
2025-06-14 15:27:25,992 - EarlyStopping counter: 4 out of 10
2025-06-14 15:27:29,559 - {'epoch': 8, 'rec_loss': '7.4386'}
2025-06-14 15:27:30,235 - {'Epoch': 8, 'HR@5': '0.0229', 'NDCG@5': '0.0162', 'HR@10': '0.0367', 'NDCG@10': '0.0206', 'HR@20': '0.0596', 'NDCG@20': '0.0264'}
2025-06-14 15:27:30,236 - EarlyStopping counter: 5 out of 10
2025-06-14 15:27:33,788 - {'epoch': 9, 'rec_loss': '7.3993'}
2025-06-14 15:27:34,502 - {'Epoch': 9, 'HR@5': '0.0220', 'NDCG@5': '0.0146', 'HR@10': '0.0330', 'NDCG@10': '0.0180', 'HR@20': '0.0615', 'NDCG@20': '0.0253'}
2025-06-14 15:27:34,503 - EarlyStopping counter: 6 out of 10
2025-06-14 15:27:38,136 - {'epoch': 10, 'rec_loss': '7.3568'}
2025-06-14 15:27:38,798 - {'Epoch': 10, 'HR@5': '0.0312', 'NDCG@5': '0.0201', 'HR@10': '0.0450', 'NDCG@10': '0.0245', 'HR@20': '0.0688', 'NDCG@20': '0.0304'}
2025-06-14 15:27:38,799 - EarlyStopping counter: 7 out of 10
2025-06-14 15:27:42,358 - {'epoch': 11, 'rec_loss': '7.3077'}
2025-06-14 15:27:43,090 - {'Epoch': 11, 'HR@5': '0.0183', 'NDCG@5': '0.0121', 'HR@10': '0.0330', 'NDCG@10': '0.0168', 'HR@20': '0.0651', 'NDCG@20': '0.0249'}
2025-06-14 15:27:43,091 - EarlyStopping counter: 8 out of 10
2025-06-14 15:27:46,630 - {'epoch': 12, 'rec_loss': '7.2666'}
2025-06-14 15:27:47,360 - {'Epoch': 12, 'HR@5': '0.0303', 'NDCG@5': '0.0174', 'HR@10': '0.0385', 'NDCG@10': '0.0200', 'HR@20': '0.0578', 'NDCG@20': '0.0248'}
2025-06-14 15:27:47,360 - EarlyStopping counter: 9 out of 10
2025-06-14 15:27:50,865 - {'epoch': 13, 'rec_loss': '7.2329'}
2025-06-14 15:27:51,573 - {'Epoch': 13, 'HR@5': '0.0211', 'NDCG@5': '0.0135', 'HR@10': '0.0349', 'NDCG@10': '0.0180', 'HR@20': '0.0606', 'NDCG@20': '0.0244'}
2025-06-14 15:27:51,574 - EarlyStopping counter: 10 out of 10
2025-06-14 15:27:51,574 - Early stopping
2025-06-14 15:27:51,574 - ---------------Validation Score---------------
2025-06-14 15:27:52,289 - {'Epoch': 0, 'HR@5': '0.0303', 'NDCG@5': '0.0209', 'HR@10': '0.0450', 'NDCG@10': '0.0255', 'HR@20': '0.0697', 'NDCG@20': '0.0316'}
2025-06-14 15:27:52,289 - BERT4Rec_LastFM
2025-06-14 15:27:52,289 - {'Epoch': 0, 'HR@5': '0.0303', 'NDCG@5': '0.0209', 'HR@10': '0.0450', 'NDCG@10': '0.0255', 'HR@20': '0.0697', 'NDCG@20': '0.0316'}
