2025-06-14 00:29:23,806 - Namespace(data_dir='data/self_processed/', output_dir='hparam_search/', data_name='Diginetica', train_name='BSARec_Diginetica', num_items=10, num_users=14829, lr=0.0005, batch_size=256, epochs=200, no_cuda=False, log_freq=1, patience=10, num_workers=4, seed=42, weight_decay=0.0, adam_beta1=0.9, adam_beta2=0.999, gpu_id='0', variance=5, model_type='BSARec', max_seq_length=50, hidden_size=64, num_hidden_layers=2, hidden_act='gelu', num_attention_heads=2, attention_probs_dropout_prob=0.5, hidden_dropout_prob=0.5, initializer_range=0.02, c=7, alpha=0.5, cuda_condition=True, data_file='data/self_processed/Diginetica.txt', item_size=9441, checkpoint_path=PosixPath('/gpfs/home3/scur2771/BSARec/BSARec/src/hparam_search/BSARec_Diginetica/12367757_118/model.pt'), same_target_path='data/self_processed/Diginetica_same_target.npy')
2025-06-14 00:29:23,824 - BSARecModel(
  (item_embeddings): Embedding(9441, 64, padding_idx=0)
  (position_embeddings): Embedding(50, 64)
  (LayerNorm): LayerNorm()
  (dropout): Dropout(p=0.5, inplace=False)
  (item_encoder): BSARecEncoder(
    (blocks): ModuleList(
      (0): BSARecBlock(
        (layer): BSARecLayer(
          (filter_layer): FrequencyLayer(
            (out_dropout): Dropout(p=0.5, inplace=False)
            (LayerNorm): LayerNorm()
          )
          (attention_layer): MultiHeadAttention(
            (query): Linear(in_features=64, out_features=64, bias=True)
            (key): Linear(in_features=64, out_features=64, bias=True)
            (value): Linear(in_features=64, out_features=64, bias=True)
            (softmax): Softmax(dim=-1)
            (attn_dropout): Dropout(p=0.5, inplace=False)
            (dense): Linear(in_features=64, out_features=64, bias=True)
            (LayerNorm): LayerNorm((64,), eps=1e-12, elementwise_affine=True)
            (out_dropout): Dropout(p=0.5, inplace=False)
          )
        )
        (feed_forward): FeedForward(
          (dense_1): Linear(in_features=64, out_features=256, bias=True)
          (dense_2): Linear(in_features=256, out_features=64, bias=True)
          (LayerNorm): LayerNorm()
          (dropout): Dropout(p=0.5, inplace=False)
        )
      )
      (1): BSARecBlock(
        (layer): BSARecLayer(
          (filter_layer): FrequencyLayer(
            (out_dropout): Dropout(p=0.5, inplace=False)
            (LayerNorm): LayerNorm()
          )
          (attention_layer): MultiHeadAttention(
            (query): Linear(in_features=64, out_features=64, bias=True)
            (key): Linear(in_features=64, out_features=64, bias=True)
            (value): Linear(in_features=64, out_features=64, bias=True)
            (softmax): Softmax(dim=-1)
            (attn_dropout): Dropout(p=0.5, inplace=False)
            (dense): Linear(in_features=64, out_features=64, bias=True)
            (LayerNorm): LayerNorm((64,), eps=1e-12, elementwise_affine=True)
            (out_dropout): Dropout(p=0.5, inplace=False)
          )
        )
        (feed_forward): FeedForward(
          (dense_1): Linear(in_features=64, out_features=256, bias=True)
          (dense_2): Linear(in_features=256, out_features=64, bias=True)
          (LayerNorm): LayerNorm()
          (dropout): Dropout(p=0.5, inplace=False)
        )
      )
    )
  )
)
2025-06-14 00:29:25,994 - Total Parameters: 707904
2025-06-14 00:29:34,624 - {'epoch': 0, 'rec_loss': '8.8119'}
2025-06-14 00:29:38,690 - {'Epoch': 0, 'HR@5': '0.0069', 'NDCG@5': '0.0044', 'HR@10': '0.0110', 'NDCG@10': '0.0057', 'HR@20': '0.0176', 'NDCG@20': '0.0074'}
2025-06-14 00:29:38,692 - Validation score increased.  Saving model ...
2025-06-14 00:29:46,157 - {'epoch': 1, 'rec_loss': '8.3366'}
2025-06-14 00:29:50,389 - {'Epoch': 1, 'HR@5': '0.0411', 'NDCG@5': '0.0284', 'HR@10': '0.0623', 'NDCG@10': '0.0353', 'HR@20': '0.0861', 'NDCG@20': '0.0413'}
2025-06-14 00:29:50,391 - Validation score increased.  Saving model ...
2025-06-14 00:29:58,049 - {'epoch': 2, 'rec_loss': '7.6599'}
2025-06-14 00:30:02,249 - {'Epoch': 2, 'HR@5': '0.0780', 'NDCG@5': '0.0517', 'HR@10': '0.1192', 'NDCG@10': '0.0650', 'HR@20': '0.1687', 'NDCG@20': '0.0775'}
2025-06-14 00:30:02,251 - Validation score increased.  Saving model ...
2025-06-14 00:30:09,813 - {'epoch': 3, 'rec_loss': '6.8869'}
2025-06-14 00:30:14,047 - {'Epoch': 3, 'HR@5': '0.1061', 'NDCG@5': '0.0700', 'HR@10': '0.1632', 'NDCG@10': '0.0883', 'HR@20': '0.2294', 'NDCG@20': '0.1050'}
2025-06-14 00:30:14,049 - Validation score increased.  Saving model ...
2025-06-14 00:30:21,710 - {'epoch': 4, 'rec_loss': '6.2385'}
2025-06-14 00:30:26,020 - {'Epoch': 4, 'HR@5': '0.1245', 'NDCG@5': '0.0823', 'HR@10': '0.1907', 'NDCG@10': '0.1036', 'HR@20': '0.2685', 'NDCG@20': '0.1233'}
2025-06-14 00:30:26,023 - Validation score increased.  Saving model ...
2025-06-14 00:30:33,629 - {'epoch': 5, 'rec_loss': '5.7619'}
2025-06-14 00:30:37,987 - {'Epoch': 5, 'HR@5': '0.1387', 'NDCG@5': '0.0914', 'HR@10': '0.2103', 'NDCG@10': '0.1144', 'HR@20': '0.2951', 'NDCG@20': '0.1358'}
2025-06-14 00:30:37,989 - Validation score increased.  Saving model ...
2025-06-14 00:30:45,607 - {'epoch': 6, 'rec_loss': '5.4287'}
2025-06-14 00:30:49,881 - {'Epoch': 6, 'HR@5': '0.1494', 'NDCG@5': '0.0987', 'HR@10': '0.2260', 'NDCG@10': '0.1233', 'HR@20': '0.3152', 'NDCG@20': '0.1459'}
2025-06-14 00:30:49,883 - Validation score increased.  Saving model ...
2025-06-14 00:30:57,552 - {'epoch': 7, 'rec_loss': '5.1975'}
2025-06-14 00:31:01,927 - {'Epoch': 7, 'HR@5': '0.1574', 'NDCG@5': '0.1034', 'HR@10': '0.2344', 'NDCG@10': '0.1282', 'HR@20': '0.3300', 'NDCG@20': '0.1524'}
2025-06-14 00:31:01,929 - Validation score increased.  Saving model ...
2025-06-14 00:31:09,492 - {'epoch': 8, 'rec_loss': '5.0413'}
2025-06-14 00:31:13,792 - {'Epoch': 8, 'HR@5': '0.1621', 'NDCG@5': '0.1071', 'HR@10': '0.2447', 'NDCG@10': '0.1337', 'HR@20': '0.3386', 'NDCG@20': '0.1575'}
2025-06-14 00:31:13,794 - Validation score increased.  Saving model ...
2025-06-14 00:31:21,425 - {'epoch': 9, 'rec_loss': '4.9223'}
2025-06-14 00:31:25,752 - {'Epoch': 9, 'HR@5': '0.1675', 'NDCG@5': '0.1102', 'HR@10': '0.2480', 'NDCG@10': '0.1361', 'HR@20': '0.3513', 'NDCG@20': '0.1621'}
2025-06-14 00:31:25,754 - Validation score increased.  Saving model ...
2025-06-14 00:31:33,376 - {'epoch': 10, 'rec_loss': '4.8415'}
2025-06-14 00:31:37,818 - {'Epoch': 10, 'HR@5': '0.1691', 'NDCG@5': '0.1106', 'HR@10': '0.2537', 'NDCG@10': '0.1377', 'HR@20': '0.3536', 'NDCG@20': '0.1629'}
2025-06-14 00:31:37,820 - Validation score increased.  Saving model ...
2025-06-14 00:31:45,462 - {'epoch': 11, 'rec_loss': '4.7777'}
2025-06-14 00:31:49,852 - {'Epoch': 11, 'HR@5': '0.1697', 'NDCG@5': '0.1118', 'HR@10': '0.2553', 'NDCG@10': '0.1394', 'HR@20': '0.3557', 'NDCG@20': '0.1648'}
2025-06-14 00:31:49,854 - Validation score increased.  Saving model ...
2025-06-14 00:31:57,449 - {'epoch': 12, 'rec_loss': '4.7273'}
2025-06-14 00:32:01,855 - {'Epoch': 12, 'HR@5': '0.1706', 'NDCG@5': '0.1127', 'HR@10': '0.2576', 'NDCG@10': '0.1407', 'HR@20': '0.3578', 'NDCG@20': '0.1660'}
2025-06-14 00:32:01,857 - Validation score increased.  Saving model ...
2025-06-14 00:32:09,432 - {'epoch': 13, 'rec_loss': '4.7030'}
2025-06-14 00:32:13,816 - {'Epoch': 13, 'HR@5': '0.1718', 'NDCG@5': '0.1135', 'HR@10': '0.2580', 'NDCG@10': '0.1413', 'HR@20': '0.3594', 'NDCG@20': '0.1670'}
2025-06-14 00:32:13,817 - Validation score increased.  Saving model ...
2025-06-14 00:32:21,398 - {'epoch': 14, 'rec_loss': '4.6687'}
2025-06-14 00:32:25,780 - {'Epoch': 14, 'HR@5': '0.1730', 'NDCG@5': '0.1142', 'HR@10': '0.2601', 'NDCG@10': '0.1423', 'HR@20': '0.3603', 'NDCG@20': '0.1677'}
2025-06-14 00:32:25,782 - Validation score increased.  Saving model ...
2025-06-14 00:32:33,297 - {'epoch': 15, 'rec_loss': '4.6532'}
2025-06-14 00:32:37,648 - {'Epoch': 15, 'HR@5': '0.1726', 'NDCG@5': '0.1134', 'HR@10': '0.2598', 'NDCG@10': '0.1416', 'HR@20': '0.3613', 'NDCG@20': '0.1672'}
2025-06-14 00:32:37,651 - EarlyStopping counter: 1 out of 10
2025-06-14 00:32:45,123 - {'epoch': 16, 'rec_loss': '4.6267'}
2025-06-14 00:32:49,496 - {'Epoch': 16, 'HR@5': '0.1726', 'NDCG@5': '0.1141', 'HR@10': '0.2602', 'NDCG@10': '0.1422', 'HR@20': '0.3640', 'NDCG@20': '0.1684'}
2025-06-14 00:32:49,497 - Validation score increased.  Saving model ...
2025-06-14 00:32:57,120 - {'epoch': 17, 'rec_loss': '4.6124'}
2025-06-14 00:33:01,425 - {'Epoch': 17, 'HR@5': '0.1744', 'NDCG@5': '0.1139', 'HR@10': '0.2611', 'NDCG@10': '0.1419', 'HR@20': '0.3638', 'NDCG@20': '0.1679'}
2025-06-14 00:33:01,426 - EarlyStopping counter: 1 out of 10
2025-06-14 00:33:08,917 - {'epoch': 18, 'rec_loss': '4.5957'}
2025-06-14 00:33:13,244 - {'Epoch': 18, 'HR@5': '0.1752', 'NDCG@5': '0.1153', 'HR@10': '0.2640', 'NDCG@10': '0.1438', 'HR@20': '0.3654', 'NDCG@20': '0.1694'}
2025-06-14 00:33:13,245 - Validation score increased.  Saving model ...
2025-06-14 00:33:20,875 - {'epoch': 19, 'rec_loss': '4.5813'}
2025-06-14 00:33:25,330 - {'Epoch': 19, 'HR@5': '0.1741', 'NDCG@5': '0.1143', 'HR@10': '0.2619', 'NDCG@10': '0.1426', 'HR@20': '0.3629', 'NDCG@20': '0.1681'}
2025-06-14 00:33:25,336 - EarlyStopping counter: 1 out of 10
2025-06-14 00:33:32,899 - {'epoch': 20, 'rec_loss': '4.5739'}
2025-06-14 00:33:37,328 - {'Epoch': 20, 'HR@5': '0.1770', 'NDCG@5': '0.1164', 'HR@10': '0.2625', 'NDCG@10': '0.1439', 'HR@20': '0.3671', 'NDCG@20': '0.1703'}
2025-06-14 00:33:37,330 - Validation score increased.  Saving model ...
2025-06-14 00:33:44,795 - {'epoch': 21, 'rec_loss': '4.5587'}
2025-06-14 00:33:49,200 - {'Epoch': 21, 'HR@5': '0.1744', 'NDCG@5': '0.1146', 'HR@10': '0.2620', 'NDCG@10': '0.1429', 'HR@20': '0.3654', 'NDCG@20': '0.1691'}
2025-06-14 00:33:49,201 - EarlyStopping counter: 1 out of 10
2025-06-14 00:33:56,779 - {'epoch': 22, 'rec_loss': '4.5522'}
2025-06-14 00:34:01,223 - {'Epoch': 22, 'HR@5': '0.1776', 'NDCG@5': '0.1167', 'HR@10': '0.2622', 'NDCG@10': '0.1439', 'HR@20': '0.3671', 'NDCG@20': '0.1705'}
2025-06-14 00:34:01,225 - Validation score increased.  Saving model ...
2025-06-14 00:34:08,716 - {'epoch': 23, 'rec_loss': '4.5404'}
2025-06-14 00:34:13,047 - {'Epoch': 23, 'HR@5': '0.1738', 'NDCG@5': '0.1142', 'HR@10': '0.2596', 'NDCG@10': '0.1419', 'HR@20': '0.3643', 'NDCG@20': '0.1684'}
2025-06-14 00:34:13,049 - EarlyStopping counter: 1 out of 10
2025-06-14 00:34:20,611 - {'epoch': 24, 'rec_loss': '4.5370'}
2025-06-14 00:34:25,064 - {'Epoch': 24, 'HR@5': '0.1737', 'NDCG@5': '0.1144', 'HR@10': '0.2620', 'NDCG@10': '0.1429', 'HR@20': '0.3650', 'NDCG@20': '0.1689'}
2025-06-14 00:34:25,066 - EarlyStopping counter: 2 out of 10
2025-06-14 00:34:32,634 - {'epoch': 25, 'rec_loss': '4.5233'}
2025-06-14 00:34:37,004 - {'Epoch': 25, 'HR@5': '0.1770', 'NDCG@5': '0.1163', 'HR@10': '0.2621', 'NDCG@10': '0.1437', 'HR@20': '0.3651', 'NDCG@20': '0.1697'}
2025-06-14 00:34:37,007 - EarlyStopping counter: 3 out of 10
2025-06-14 00:34:44,568 - {'epoch': 26, 'rec_loss': '4.5194'}
2025-06-14 00:34:48,957 - {'Epoch': 26, 'HR@5': '0.1768', 'NDCG@5': '0.1159', 'HR@10': '0.2613', 'NDCG@10': '0.1432', 'HR@20': '0.3661', 'NDCG@20': '0.1697'}
2025-06-14 00:34:48,959 - EarlyStopping counter: 4 out of 10
2025-06-14 00:34:56,617 - {'epoch': 27, 'rec_loss': '4.5148'}
2025-06-14 00:35:00,984 - {'Epoch': 27, 'HR@5': '0.1753', 'NDCG@5': '0.1152', 'HR@10': '0.2618', 'NDCG@10': '0.1431', 'HR@20': '0.3660', 'NDCG@20': '0.1694'}
2025-06-14 00:35:00,986 - EarlyStopping counter: 5 out of 10
2025-06-14 00:35:08,643 - {'epoch': 28, 'rec_loss': '4.5027'}
2025-06-14 00:35:13,009 - {'Epoch': 28, 'HR@5': '0.1761', 'NDCG@5': '0.1159', 'HR@10': '0.2633', 'NDCG@10': '0.1440', 'HR@20': '0.3665', 'NDCG@20': '0.1701'}
2025-06-14 00:35:13,011 - EarlyStopping counter: 6 out of 10
2025-06-14 00:35:20,590 - {'epoch': 29, 'rec_loss': '4.4990'}
2025-06-14 00:35:25,077 - {'Epoch': 29, 'HR@5': '0.1749', 'NDCG@5': '0.1152', 'HR@10': '0.2599', 'NDCG@10': '0.1426', 'HR@20': '0.3644', 'NDCG@20': '0.1690'}
2025-06-14 00:35:25,079 - EarlyStopping counter: 7 out of 10
2025-06-14 00:35:32,663 - {'epoch': 30, 'rec_loss': '4.4971'}
2025-06-14 00:35:37,083 - {'Epoch': 30, 'HR@5': '0.1745', 'NDCG@5': '0.1152', 'HR@10': '0.2616', 'NDCG@10': '0.1434', 'HR@20': '0.3667', 'NDCG@20': '0.1700'}
2025-06-14 00:35:37,085 - EarlyStopping counter: 8 out of 10
2025-06-14 00:35:44,612 - {'epoch': 31, 'rec_loss': '4.4886'}
2025-06-14 00:35:48,951 - {'Epoch': 31, 'HR@5': '0.1757', 'NDCG@5': '0.1158', 'HR@10': '0.2622', 'NDCG@10': '0.1437', 'HR@20': '0.3663', 'NDCG@20': '0.1700'}
2025-06-14 00:35:48,953 - EarlyStopping counter: 9 out of 10
2025-06-14 00:35:56,559 - {'epoch': 32, 'rec_loss': '4.4813'}
2025-06-14 00:36:00,965 - {'Epoch': 32, 'HR@5': '0.1745', 'NDCG@5': '0.1145', 'HR@10': '0.2634', 'NDCG@10': '0.1431', 'HR@20': '0.3648', 'NDCG@20': '0.1687'}
2025-06-14 00:36:00,967 - EarlyStopping counter: 10 out of 10
2025-06-14 00:36:00,967 - Early stopping
2025-06-14 00:36:00,967 - ---------------Validation Score---------------
2025-06-14 00:36:05,376 - {'Epoch': 0, 'HR@5': '0.1776', 'NDCG@5': '0.1167', 'HR@10': '0.2622', 'NDCG@10': '0.1439', 'HR@20': '0.3671', 'NDCG@20': '0.1705'}
2025-06-14 00:36:05,378 - BSARec_Diginetica
2025-06-14 00:36:05,378 - {'Epoch': 0, 'HR@5': '0.1776', 'NDCG@5': '0.1167', 'HR@10': '0.2622', 'NDCG@10': '0.1439', 'HR@20': '0.3671', 'NDCG@20': '0.1705'}
