2025-06-14 00:21:16,109 - Namespace(data_dir='data/self_processed/', output_dir='hparam_search/', data_name='Diginetica', train_name='BSARec_Diginetica', num_items=10, num_users=14829, lr=0.0005, batch_size=256, epochs=200, no_cuda=False, log_freq=1, patience=10, num_workers=4, seed=42, weight_decay=0.0, adam_beta1=0.9, adam_beta2=0.999, gpu_id='0', variance=5, model_type='BSARec', max_seq_length=50, hidden_size=64, num_hidden_layers=2, hidden_act='gelu', num_attention_heads=2, attention_probs_dropout_prob=0.5, hidden_dropout_prob=0.5, initializer_range=0.02, c=3, alpha=0.9, cuda_condition=True, data_file='data/self_processed/Diginetica.txt', item_size=9441, checkpoint_path=PosixPath('/gpfs/home3/scur2771/BSARec/BSARec/src/hparam_search/BSARec_Diginetica/12367757_110/model.pt'), same_target_path='data/self_processed/Diginetica_same_target.npy')
2025-06-14 00:21:16,145 - BSARecModel(
  (item_embeddings): Embedding(9441, 64, padding_idx=0)
  (position_embeddings): Embedding(50, 64)
  (LayerNorm): LayerNorm()
  (dropout): Dropout(p=0.5, inplace=False)
  (item_encoder): BSARecEncoder(
    (blocks): ModuleList(
      (0): BSARecBlock(
        (layer): BSARecLayer(
          (filter_layer): FrequencyLayer(
            (out_dropout): Dropout(p=0.5, inplace=False)
            (LayerNorm): LayerNorm()
          )
          (attention_layer): MultiHeadAttention(
            (query): Linear(in_features=64, out_features=64, bias=True)
            (key): Linear(in_features=64, out_features=64, bias=True)
            (value): Linear(in_features=64, out_features=64, bias=True)
            (softmax): Softmax(dim=-1)
            (attn_dropout): Dropout(p=0.5, inplace=False)
            (dense): Linear(in_features=64, out_features=64, bias=True)
            (LayerNorm): LayerNorm((64,), eps=1e-12, elementwise_affine=True)
            (out_dropout): Dropout(p=0.5, inplace=False)
          )
        )
        (feed_forward): FeedForward(
          (dense_1): Linear(in_features=64, out_features=256, bias=True)
          (dense_2): Linear(in_features=256, out_features=64, bias=True)
          (LayerNorm): LayerNorm()
          (dropout): Dropout(p=0.5, inplace=False)
        )
      )
      (1): BSARecBlock(
        (layer): BSARecLayer(
          (filter_layer): FrequencyLayer(
            (out_dropout): Dropout(p=0.5, inplace=False)
            (LayerNorm): LayerNorm()
          )
          (attention_layer): MultiHeadAttention(
            (query): Linear(in_features=64, out_features=64, bias=True)
            (key): Linear(in_features=64, out_features=64, bias=True)
            (value): Linear(in_features=64, out_features=64, bias=True)
            (softmax): Softmax(dim=-1)
            (attn_dropout): Dropout(p=0.5, inplace=False)
            (dense): Linear(in_features=64, out_features=64, bias=True)
            (LayerNorm): LayerNorm((64,), eps=1e-12, elementwise_affine=True)
            (out_dropout): Dropout(p=0.5, inplace=False)
          )
        )
        (feed_forward): FeedForward(
          (dense_1): Linear(in_features=64, out_features=256, bias=True)
          (dense_2): Linear(in_features=256, out_features=64, bias=True)
          (LayerNorm): LayerNorm()
          (dropout): Dropout(p=0.5, inplace=False)
        )
      )
    )
  )
)
2025-06-14 00:21:18,392 - Total Parameters: 707904
2025-06-14 00:21:26,938 - {'epoch': 0, 'rec_loss': '8.8496'}
2025-06-14 00:21:31,070 - {'Epoch': 0, 'HR@5': '0.0044', 'NDCG@5': '0.0026', 'HR@10': '0.0080', 'NDCG@10': '0.0038', 'HR@20': '0.0120', 'NDCG@20': '0.0048'}
2025-06-14 00:21:31,072 - Validation score increased.  Saving model ...
2025-06-14 00:21:38,612 - {'epoch': 1, 'rec_loss': '8.4789'}
2025-06-14 00:21:42,711 - {'Epoch': 1, 'HR@5': '0.0140', 'NDCG@5': '0.0091', 'HR@10': '0.0219', 'NDCG@10': '0.0116', 'HR@20': '0.0341', 'NDCG@20': '0.0147'}
2025-06-14 00:21:42,713 - Validation score increased.  Saving model ...
2025-06-14 00:21:50,202 - {'epoch': 2, 'rec_loss': '8.0193'}
2025-06-14 00:21:54,404 - {'Epoch': 2, 'HR@5': '0.0488', 'NDCG@5': '0.0329', 'HR@10': '0.0740', 'NDCG@10': '0.0410', 'HR@20': '0.1025', 'NDCG@20': '0.0482'}
2025-06-14 00:21:54,406 - Validation score increased.  Saving model ...
2025-06-14 00:22:01,932 - {'epoch': 3, 'rec_loss': '7.3339'}
2025-06-14 00:22:06,205 - {'Epoch': 3, 'HR@5': '0.0885', 'NDCG@5': '0.0583', 'HR@10': '0.1327', 'NDCG@10': '0.0726', 'HR@20': '0.1900', 'NDCG@20': '0.0870'}
2025-06-14 00:22:06,206 - Validation score increased.  Saving model ...
2025-06-14 00:22:13,711 - {'epoch': 4, 'rec_loss': '6.6217'}
2025-06-14 00:22:17,987 - {'Epoch': 4, 'HR@5': '0.1111', 'NDCG@5': '0.0737', 'HR@10': '0.1695', 'NDCG@10': '0.0926', 'HR@20': '0.2404', 'NDCG@20': '0.1105'}
2025-06-14 00:22:17,988 - Validation score increased.  Saving model ...
2025-06-14 00:22:25,483 - {'epoch': 5, 'rec_loss': '6.0566'}
2025-06-14 00:22:29,761 - {'Epoch': 5, 'HR@5': '0.1275', 'NDCG@5': '0.0851', 'HR@10': '0.1954', 'NDCG@10': '0.1071', 'HR@20': '0.2740', 'NDCG@20': '0.1270'}
2025-06-14 00:22:29,763 - Validation score increased.  Saving model ...
2025-06-14 00:22:37,289 - {'epoch': 6, 'rec_loss': '5.6481'}
2025-06-14 00:22:41,705 - {'Epoch': 6, 'HR@5': '0.1420', 'NDCG@5': '0.0938', 'HR@10': '0.2140', 'NDCG@10': '0.1170', 'HR@20': '0.3008', 'NDCG@20': '0.1389'}
2025-06-14 00:22:41,708 - Validation score increased.  Saving model ...
2025-06-14 00:22:49,245 - {'epoch': 7, 'rec_loss': '5.3616'}
2025-06-14 00:22:53,575 - {'Epoch': 7, 'HR@5': '0.1511', 'NDCG@5': '0.0997', 'HR@10': '0.2267', 'NDCG@10': '0.1242', 'HR@20': '0.3197', 'NDCG@20': '0.1477'}
2025-06-14 00:22:53,578 - Validation score increased.  Saving model ...
2025-06-14 00:23:01,015 - {'epoch': 8, 'rec_loss': '5.1683'}
2025-06-14 00:23:05,338 - {'Epoch': 8, 'HR@5': '0.1579', 'NDCG@5': '0.1042', 'HR@10': '0.2391', 'NDCG@10': '0.1304', 'HR@20': '0.3311', 'NDCG@20': '0.1536'}
2025-06-14 00:23:05,339 - Validation score increased.  Saving model ...
2025-06-14 00:23:12,874 - {'epoch': 9, 'rec_loss': '5.0242'}
2025-06-14 00:23:17,240 - {'Epoch': 9, 'HR@5': '0.1646', 'NDCG@5': '0.1080', 'HR@10': '0.2447', 'NDCG@10': '0.1338', 'HR@20': '0.3404', 'NDCG@20': '0.1580'}
2025-06-14 00:23:17,241 - Validation score increased.  Saving model ...
2025-06-14 00:23:24,731 - {'epoch': 10, 'rec_loss': '4.9236'}
2025-06-14 00:23:29,122 - {'Epoch': 10, 'HR@5': '0.1673', 'NDCG@5': '0.1096', 'HR@10': '0.2526', 'NDCG@10': '0.1371', 'HR@20': '0.3473', 'NDCG@20': '0.1610'}
2025-06-14 00:23:29,124 - Validation score increased.  Saving model ...
2025-06-14 00:23:36,708 - {'epoch': 11, 'rec_loss': '4.8478'}
2025-06-14 00:23:41,094 - {'Epoch': 11, 'HR@5': '0.1677', 'NDCG@5': '0.1109', 'HR@10': '0.2538', 'NDCG@10': '0.1387', 'HR@20': '0.3516', 'NDCG@20': '0.1633'}
2025-06-14 00:23:41,096 - Validation score increased.  Saving model ...
2025-06-14 00:23:48,628 - {'epoch': 12, 'rec_loss': '4.7921'}
2025-06-14 00:23:53,030 - {'Epoch': 12, 'HR@5': '0.1715', 'NDCG@5': '0.1124', 'HR@10': '0.2563', 'NDCG@10': '0.1397', 'HR@20': '0.3564', 'NDCG@20': '0.1649'}
2025-06-14 00:23:53,032 - Validation score increased.  Saving model ...
2025-06-14 00:24:00,526 - {'epoch': 13, 'rec_loss': '4.7581'}
2025-06-14 00:24:05,013 - {'Epoch': 13, 'HR@5': '0.1705', 'NDCG@5': '0.1126', 'HR@10': '0.2574', 'NDCG@10': '0.1407', 'HR@20': '0.3564', 'NDCG@20': '0.1658'}
2025-06-14 00:24:05,014 - Validation score increased.  Saving model ...
2025-06-14 00:24:12,564 - {'epoch': 14, 'rec_loss': '4.7157'}
2025-06-14 00:24:16,947 - {'Epoch': 14, 'HR@5': '0.1734', 'NDCG@5': '0.1142', 'HR@10': '0.2587', 'NDCG@10': '0.1416', 'HR@20': '0.3573', 'NDCG@20': '0.1666'}
2025-06-14 00:24:16,949 - Validation score increased.  Saving model ...
2025-06-14 00:24:24,413 - {'epoch': 15, 'rec_loss': '4.6966'}
2025-06-14 00:24:28,753 - {'Epoch': 15, 'HR@5': '0.1708', 'NDCG@5': '0.1135', 'HR@10': '0.2593', 'NDCG@10': '0.1420', 'HR@20': '0.3607', 'NDCG@20': '0.1676'}
2025-06-14 00:24:28,755 - Validation score increased.  Saving model ...
2025-06-14 00:24:36,331 - {'epoch': 16, 'rec_loss': '4.6682'}
2025-06-14 00:24:40,777 - {'Epoch': 16, 'HR@5': '0.1714', 'NDCG@5': '0.1131', 'HR@10': '0.2590', 'NDCG@10': '0.1412', 'HR@20': '0.3619', 'NDCG@20': '0.1672'}
2025-06-14 00:24:40,780 - EarlyStopping counter: 1 out of 10
2025-06-14 00:24:48,390 - {'epoch': 17, 'rec_loss': '4.6473'}
2025-06-14 00:24:52,750 - {'Epoch': 17, 'HR@5': '0.1761', 'NDCG@5': '0.1151', 'HR@10': '0.2586', 'NDCG@10': '0.1417', 'HR@20': '0.3625', 'NDCG@20': '0.1680'}
2025-06-14 00:24:52,751 - Validation score increased.  Saving model ...
2025-06-14 00:25:00,264 - {'epoch': 18, 'rec_loss': '4.6301'}
2025-06-14 00:25:04,681 - {'Epoch': 18, 'HR@5': '0.1741', 'NDCG@5': '0.1150', 'HR@10': '0.2603', 'NDCG@10': '0.1428', 'HR@20': '0.3617', 'NDCG@20': '0.1685'}
2025-06-14 00:25:04,684 - Validation score increased.  Saving model ...
2025-06-14 00:25:12,176 - {'epoch': 19, 'rec_loss': '4.6160'}
2025-06-14 00:25:16,612 - {'Epoch': 19, 'HR@5': '0.1742', 'NDCG@5': '0.1148', 'HR@10': '0.2606', 'NDCG@10': '0.1426', 'HR@20': '0.3620', 'NDCG@20': '0.1682'}
2025-06-14 00:25:16,614 - EarlyStopping counter: 1 out of 10
2025-06-14 00:25:24,214 - {'epoch': 20, 'rec_loss': '4.6046'}
2025-06-14 00:25:28,605 - {'Epoch': 20, 'HR@5': '0.1766', 'NDCG@5': '0.1164', 'HR@10': '0.2616', 'NDCG@10': '0.1438', 'HR@20': '0.3626', 'NDCG@20': '0.1693'}
2025-06-14 00:25:28,607 - Validation score increased.  Saving model ...
2025-06-14 00:25:36,132 - {'epoch': 21, 'rec_loss': '4.5919'}
2025-06-14 00:25:40,551 - {'Epoch': 21, 'HR@5': '0.1753', 'NDCG@5': '0.1150', 'HR@10': '0.2628', 'NDCG@10': '0.1431', 'HR@20': '0.3649', 'NDCG@20': '0.1689'}
2025-06-14 00:25:40,554 - EarlyStopping counter: 1 out of 10
2025-06-14 00:25:48,131 - {'epoch': 22, 'rec_loss': '4.5804'}
2025-06-14 00:25:52,551 - {'Epoch': 22, 'HR@5': '0.1755', 'NDCG@5': '0.1157', 'HR@10': '0.2632', 'NDCG@10': '0.1440', 'HR@20': '0.3658', 'NDCG@20': '0.1699'}
2025-06-14 00:25:52,553 - Validation score increased.  Saving model ...
2025-06-14 00:25:59,991 - {'epoch': 23, 'rec_loss': '4.5670'}
2025-06-14 00:26:04,425 - {'Epoch': 23, 'HR@5': '0.1746', 'NDCG@5': '0.1145', 'HR@10': '0.2592', 'NDCG@10': '0.1418', 'HR@20': '0.3631', 'NDCG@20': '0.1681'}
2025-06-14 00:26:04,426 - EarlyStopping counter: 1 out of 10
2025-06-14 00:26:11,857 - {'epoch': 24, 'rec_loss': '4.5594'}
2025-06-14 00:26:16,323 - {'Epoch': 24, 'HR@5': '0.1747', 'NDCG@5': '0.1145', 'HR@10': '0.2613', 'NDCG@10': '0.1423', 'HR@20': '0.3622', 'NDCG@20': '0.1679'}
2025-06-14 00:26:16,327 - EarlyStopping counter: 2 out of 10
2025-06-14 00:26:23,716 - {'epoch': 25, 'rec_loss': '4.5488'}
2025-06-14 00:26:28,091 - {'Epoch': 25, 'HR@5': '0.1764', 'NDCG@5': '0.1160', 'HR@10': '0.2632', 'NDCG@10': '0.1440', 'HR@20': '0.3622', 'NDCG@20': '0.1690'}
2025-06-14 00:26:28,092 - EarlyStopping counter: 3 out of 10
2025-06-14 00:26:35,586 - {'epoch': 26, 'rec_loss': '4.5379'}
2025-06-14 00:26:40,014 - {'Epoch': 26, 'HR@5': '0.1766', 'NDCG@5': '0.1163', 'HR@10': '0.2620', 'NDCG@10': '0.1438', 'HR@20': '0.3632', 'NDCG@20': '0.1694'}
2025-06-14 00:26:40,017 - EarlyStopping counter: 4 out of 10
2025-06-14 00:26:47,475 - {'epoch': 27, 'rec_loss': '4.5348'}
2025-06-14 00:26:51,871 - {'Epoch': 27, 'HR@5': '0.1741', 'NDCG@5': '0.1148', 'HR@10': '0.2625', 'NDCG@10': '0.1433', 'HR@20': '0.3648', 'NDCG@20': '0.1691'}
2025-06-14 00:26:51,872 - EarlyStopping counter: 5 out of 10
2025-06-14 00:26:59,251 - {'epoch': 28, 'rec_loss': '4.5209'}
2025-06-14 00:27:03,565 - {'Epoch': 28, 'HR@5': '0.1764', 'NDCG@5': '0.1167', 'HR@10': '0.2631', 'NDCG@10': '0.1446', 'HR@20': '0.3640', 'NDCG@20': '0.1700'}
2025-06-14 00:27:03,566 - Validation score increased.  Saving model ...
2025-06-14 00:27:11,065 - {'epoch': 29, 'rec_loss': '4.5182'}
2025-06-14 00:27:15,426 - {'Epoch': 29, 'HR@5': '0.1743', 'NDCG@5': '0.1159', 'HR@10': '0.2611', 'NDCG@10': '0.1440', 'HR@20': '0.3622', 'NDCG@20': '0.1695'}
2025-06-14 00:27:15,428 - EarlyStopping counter: 1 out of 10
2025-06-14 00:27:22,952 - {'epoch': 30, 'rec_loss': '4.5138'}
2025-06-14 00:27:27,372 - {'Epoch': 30, 'HR@5': '0.1739', 'NDCG@5': '0.1153', 'HR@10': '0.2631', 'NDCG@10': '0.1440', 'HR@20': '0.3647', 'NDCG@20': '0.1696'}
2025-06-14 00:27:27,373 - EarlyStopping counter: 2 out of 10
2025-06-14 00:27:34,902 - {'epoch': 31, 'rec_loss': '4.5024'}
2025-06-14 00:27:39,217 - {'Epoch': 31, 'HR@5': '0.1721', 'NDCG@5': '0.1143', 'HR@10': '0.2635', 'NDCG@10': '0.1437', 'HR@20': '0.3665', 'NDCG@20': '0.1697'}
2025-06-14 00:27:39,217 - EarlyStopping counter: 3 out of 10
2025-06-14 00:27:46,776 - {'epoch': 32, 'rec_loss': '4.4927'}
2025-06-14 00:27:51,215 - {'Epoch': 32, 'HR@5': '0.1762', 'NDCG@5': '0.1146', 'HR@10': '0.2642', 'NDCG@10': '0.1428', 'HR@20': '0.3623', 'NDCG@20': '0.1676'}
2025-06-14 00:27:51,218 - EarlyStopping counter: 4 out of 10
2025-06-14 00:27:58,799 - {'epoch': 33, 'rec_loss': '4.4895'}
2025-06-14 00:28:03,123 - {'Epoch': 33, 'HR@5': '0.1739', 'NDCG@5': '0.1142', 'HR@10': '0.2633', 'NDCG@10': '0.1430', 'HR@20': '0.3638', 'NDCG@20': '0.1683'}
2025-06-14 00:28:03,125 - EarlyStopping counter: 5 out of 10
2025-06-14 00:28:10,686 - {'epoch': 34, 'rec_loss': '4.4837'}
2025-06-14 00:28:15,100 - {'Epoch': 34, 'HR@5': '0.1758', 'NDCG@5': '0.1151', 'HR@10': '0.2629', 'NDCG@10': '0.1433', 'HR@20': '0.3623', 'NDCG@20': '0.1684'}
2025-06-14 00:28:15,102 - EarlyStopping counter: 6 out of 10
2025-06-14 00:28:22,546 - {'epoch': 35, 'rec_loss': '4.4792'}
2025-06-14 00:28:26,887 - {'Epoch': 35, 'HR@5': '0.1731', 'NDCG@5': '0.1138', 'HR@10': '0.2610', 'NDCG@10': '0.1422', 'HR@20': '0.3624', 'NDCG@20': '0.1678'}
2025-06-14 00:28:26,888 - EarlyStopping counter: 7 out of 10
2025-06-14 00:28:34,370 - {'epoch': 36, 'rec_loss': '4.4667'}
2025-06-14 00:28:38,751 - {'Epoch': 36, 'HR@5': '0.1743', 'NDCG@5': '0.1144', 'HR@10': '0.2605', 'NDCG@10': '0.1422', 'HR@20': '0.3636', 'NDCG@20': '0.1682'}
2025-06-14 00:28:38,753 - EarlyStopping counter: 8 out of 10
2025-06-14 00:28:46,276 - {'epoch': 37, 'rec_loss': '4.4693'}
2025-06-14 00:28:50,661 - {'Epoch': 37, 'HR@5': '0.1740', 'NDCG@5': '0.1142', 'HR@10': '0.2638', 'NDCG@10': '0.1432', 'HR@20': '0.3628', 'NDCG@20': '0.1682'}
2025-06-14 00:28:50,663 - EarlyStopping counter: 9 out of 10
2025-06-14 00:28:58,204 - {'epoch': 38, 'rec_loss': '4.4587'}
2025-06-14 00:29:02,599 - {'Epoch': 38, 'HR@5': '0.1760', 'NDCG@5': '0.1149', 'HR@10': '0.2619', 'NDCG@10': '0.1427', 'HR@20': '0.3639', 'NDCG@20': '0.1685'}
2025-06-14 00:29:02,601 - EarlyStopping counter: 10 out of 10
2025-06-14 00:29:02,602 - Early stopping
2025-06-14 00:29:02,602 - ---------------Validation Score---------------
2025-06-14 00:29:07,003 - {'Epoch': 0, 'HR@5': '0.1764', 'NDCG@5': '0.1167', 'HR@10': '0.2631', 'NDCG@10': '0.1446', 'HR@20': '0.3640', 'NDCG@20': '0.1700'}
2025-06-14 00:29:07,005 - BSARec_Diginetica
2025-06-14 00:29:07,005 - {'Epoch': 0, 'HR@5': '0.1764', 'NDCG@5': '0.1167', 'HR@10': '0.2631', 'NDCG@10': '0.1446', 'HR@20': '0.3640', 'NDCG@20': '0.1700'}
