2025-06-13 20:25:06,225 - Namespace(data_dir='data/self_processed/', output_dir='hparam_search/', data_name='Diginetica', train_name='BERT4Rec_Diginetica', num_items=10, num_users=14829, lr=0.001, batch_size=256, epochs=200, no_cuda=False, log_freq=1, patience=10, num_workers=4, seed=42, weight_decay=0.0, adam_beta1=0.9, adam_beta2=0.999, gpu_id='0', variance=5, model_type='BERT4Rec', max_seq_length=50, hidden_size=64, num_hidden_layers=2, hidden_act='gelu', num_attention_heads=4, attention_probs_dropout_prob=0.5, hidden_dropout_prob=0.5, initializer_range=0.02, mask_ratio=0.4, cuda_condition=True, data_file='data/self_processed/Diginetica.txt', item_size=9441, checkpoint_path=PosixPath('/gpfs/home3/scur2771/BSARec/BSARec/src/hparam_search/BERT4Rec_Diginetica/12362289_8/model.pt'), same_target_path='data/self_processed/Diginetica_same_target.npy')
2025-06-13 20:25:06,248 - BERT4RecModel(
  (item_embeddings): Embedding(9442, 64, padding_idx=0)
  (position_embeddings): Embedding(50, 64)
  (item_encoder): TransformerEncoder(
    (blocks): ModuleList(
      (0): TransformerBlock(
        (layer): MultiHeadAttention(
          (query): Linear(in_features=64, out_features=64, bias=True)
          (key): Linear(in_features=64, out_features=64, bias=True)
          (value): Linear(in_features=64, out_features=64, bias=True)
          (softmax): Softmax(dim=-1)
          (attn_dropout): Dropout(p=0.5, inplace=False)
          (dense): Linear(in_features=64, out_features=64, bias=True)
          (LayerNorm): LayerNorm((64,), eps=1e-12, elementwise_affine=True)
          (out_dropout): Dropout(p=0.5, inplace=False)
        )
        (feed_forward): FeedForward(
          (dense_1): Linear(in_features=64, out_features=256, bias=True)
          (dense_2): Linear(in_features=256, out_features=64, bias=True)
          (LayerNorm): LayerNorm()
          (dropout): Dropout(p=0.5, inplace=False)
        )
      )
      (1): TransformerBlock(
        (layer): MultiHeadAttention(
          (query): Linear(in_features=64, out_features=64, bias=True)
          (key): Linear(in_features=64, out_features=64, bias=True)
          (value): Linear(in_features=64, out_features=64, bias=True)
          (softmax): Softmax(dim=-1)
          (attn_dropout): Dropout(p=0.5, inplace=False)
          (dense): Linear(in_features=64, out_features=64, bias=True)
          (LayerNorm): LayerNorm((64,), eps=1e-12, elementwise_affine=True)
          (out_dropout): Dropout(p=0.5, inplace=False)
        )
        (feed_forward): FeedForward(
          (dense_1): Linear(in_features=64, out_features=256, bias=True)
          (dense_2): Linear(in_features=256, out_features=64, bias=True)
          (LayerNorm): LayerNorm()
          (dropout): Dropout(p=0.5, inplace=False)
        )
      )
    )
  )
  (LayerNorm): LayerNorm()
  (dropout): Dropout(p=0.5, inplace=False)
)
2025-06-13 20:25:08,397 - Total Parameters: 707584
2025-06-13 20:25:21,218 - {'epoch': 0, 'rec_loss': '8.9178'}
2025-06-13 20:25:25,875 - {'Epoch': 0, 'HR@5': '0.0033', 'NDCG@5': '0.0019', 'HR@10': '0.0059', 'NDCG@10': '0.0028', 'HR@20': '0.0097', 'NDCG@20': '0.0037'}
2025-06-13 20:25:25,877 - Validation score increased.  Saving model ...
2025-06-13 20:25:38,148 - {'epoch': 1, 'rec_loss': '8.6264'}
2025-06-13 20:25:42,799 - {'Epoch': 1, 'HR@5': '0.0046', 'NDCG@5': '0.0027', 'HR@10': '0.0078', 'NDCG@10': '0.0038', 'HR@20': '0.0145', 'NDCG@20': '0.0055'}
2025-06-13 20:25:42,800 - Validation score increased.  Saving model ...
2025-06-13 20:25:55,046 - {'epoch': 2, 'rec_loss': '8.3400'}
2025-06-13 20:25:59,625 - {'Epoch': 2, 'HR@5': '0.0082', 'NDCG@5': '0.0048', 'HR@10': '0.0145', 'NDCG@10': '0.0068', 'HR@20': '0.0263', 'NDCG@20': '0.0098'}
2025-06-13 20:25:59,628 - Validation score increased.  Saving model ...
2025-06-13 20:26:11,916 - {'epoch': 3, 'rec_loss': '8.0999'}
2025-06-13 20:26:16,454 - {'Epoch': 3, 'HR@5': '0.0121', 'NDCG@5': '0.0075', 'HR@10': '0.0202', 'NDCG@10': '0.0101', 'HR@20': '0.0376', 'NDCG@20': '0.0145'}
2025-06-13 20:26:16,456 - Validation score increased.  Saving model ...
2025-06-13 20:26:28,696 - {'epoch': 4, 'rec_loss': '7.9125'}
2025-06-13 20:26:33,237 - {'Epoch': 4, 'HR@5': '0.0152', 'NDCG@5': '0.0099', 'HR@10': '0.0271', 'NDCG@10': '0.0137', 'HR@20': '0.0495', 'NDCG@20': '0.0193'}
2025-06-13 20:26:33,243 - Validation score increased.  Saving model ...
2025-06-13 20:26:45,495 - {'epoch': 5, 'rec_loss': '7.7222'}
2025-06-13 20:26:50,036 - {'Epoch': 5, 'HR@5': '0.0241', 'NDCG@5': '0.0150', 'HR@10': '0.0403', 'NDCG@10': '0.0202', 'HR@20': '0.0664', 'NDCG@20': '0.0267'}
2025-06-13 20:26:50,037 - Validation score increased.  Saving model ...
2025-06-13 20:27:02,329 - {'epoch': 6, 'rec_loss': '7.5227'}
2025-06-13 20:27:06,894 - {'Epoch': 6, 'HR@5': '0.0350', 'NDCG@5': '0.0214', 'HR@10': '0.0569', 'NDCG@10': '0.0284', 'HR@20': '0.0924', 'NDCG@20': '0.0374'}
2025-06-13 20:27:06,900 - Validation score increased.  Saving model ...
2025-06-13 20:27:19,092 - {'epoch': 7, 'rec_loss': '7.3453'}
2025-06-13 20:27:23,558 - {'Epoch': 7, 'HR@5': '0.0406', 'NDCG@5': '0.0253', 'HR@10': '0.0703', 'NDCG@10': '0.0348', 'HR@20': '0.1126', 'NDCG@20': '0.0454'}
2025-06-13 20:27:23,560 - Validation score increased.  Saving model ...
2025-06-13 20:27:35,850 - {'epoch': 8, 'rec_loss': '7.2179'}
2025-06-13 20:27:40,417 - {'Epoch': 8, 'HR@5': '0.0446', 'NDCG@5': '0.0273', 'HR@10': '0.0778', 'NDCG@10': '0.0380', 'HR@20': '0.1274', 'NDCG@20': '0.0504'}
2025-06-13 20:27:40,419 - Validation score increased.  Saving model ...
2025-06-13 20:27:52,654 - {'epoch': 9, 'rec_loss': '7.1101'}
2025-06-13 20:27:57,234 - {'Epoch': 9, 'HR@5': '0.0490', 'NDCG@5': '0.0307', 'HR@10': '0.0818', 'NDCG@10': '0.0412', 'HR@20': '0.1325', 'NDCG@20': '0.0540'}
2025-06-13 20:27:57,236 - Validation score increased.  Saving model ...
2025-06-13 20:28:09,459 - {'epoch': 10, 'rec_loss': '7.0201'}
2025-06-13 20:28:13,945 - {'Epoch': 10, 'HR@5': '0.0553', 'NDCG@5': '0.0345', 'HR@10': '0.0948', 'NDCG@10': '0.0471', 'HR@20': '0.1471', 'NDCG@20': '0.0603'}
2025-06-13 20:28:13,948 - Validation score increased.  Saving model ...
2025-06-13 20:28:26,154 - {'epoch': 11, 'rec_loss': '6.9298'}
2025-06-13 20:28:30,650 - {'Epoch': 11, 'HR@5': '0.0560', 'NDCG@5': '0.0350', 'HR@10': '0.0981', 'NDCG@10': '0.0485', 'HR@20': '0.1582', 'NDCG@20': '0.0636'}
2025-06-13 20:28:30,653 - Validation score increased.  Saving model ...
2025-06-13 20:28:42,949 - {'epoch': 12, 'rec_loss': '6.8466'}
2025-06-13 20:28:47,483 - {'Epoch': 12, 'HR@5': '0.0656', 'NDCG@5': '0.0408', 'HR@10': '0.1067', 'NDCG@10': '0.0539', 'HR@20': '0.1726', 'NDCG@20': '0.0705'}
2025-06-13 20:28:47,485 - Validation score increased.  Saving model ...
2025-06-13 20:28:59,790 - {'epoch': 13, 'rec_loss': '6.7708'}
2025-06-13 20:29:04,427 - {'Epoch': 13, 'HR@5': '0.0668', 'NDCG@5': '0.0417', 'HR@10': '0.1134', 'NDCG@10': '0.0566', 'HR@20': '0.1789', 'NDCG@20': '0.0730'}
2025-06-13 20:29:04,428 - Validation score increased.  Saving model ...
2025-06-13 20:29:16,659 - {'epoch': 14, 'rec_loss': '6.7010'}
2025-06-13 20:29:21,237 - {'Epoch': 14, 'HR@5': '0.0716', 'NDCG@5': '0.0454', 'HR@10': '0.1200', 'NDCG@10': '0.0609', 'HR@20': '0.1870', 'NDCG@20': '0.0778'}
2025-06-13 20:29:21,239 - Validation score increased.  Saving model ...
2025-06-13 20:29:33,480 - {'epoch': 15, 'rec_loss': '6.6298'}
2025-06-13 20:29:38,023 - {'Epoch': 15, 'HR@5': '0.0763', 'NDCG@5': '0.0481', 'HR@10': '0.1242', 'NDCG@10': '0.0635', 'HR@20': '0.1956', 'NDCG@20': '0.0815'}
2025-06-13 20:29:38,024 - Validation score increased.  Saving model ...
2025-06-13 20:29:50,353 - {'epoch': 16, 'rec_loss': '6.5700'}
2025-06-13 20:29:54,930 - {'Epoch': 16, 'HR@5': '0.0790', 'NDCG@5': '0.0484', 'HR@10': '0.1314', 'NDCG@10': '0.0653', 'HR@20': '0.2074', 'NDCG@20': '0.0844'}
2025-06-13 20:29:54,932 - Validation score increased.  Saving model ...
2025-06-13 20:30:07,221 - {'epoch': 17, 'rec_loss': '6.5146'}
2025-06-13 20:30:11,734 - {'Epoch': 17, 'HR@5': '0.0813', 'NDCG@5': '0.0513', 'HR@10': '0.1347', 'NDCG@10': '0.0685', 'HR@20': '0.2155', 'NDCG@20': '0.0887'}
2025-06-13 20:30:11,736 - Validation score increased.  Saving model ...
2025-06-13 20:30:23,939 - {'epoch': 18, 'rec_loss': '6.4740'}
2025-06-13 20:30:28,490 - {'Epoch': 18, 'HR@5': '0.0858', 'NDCG@5': '0.0539', 'HR@10': '0.1419', 'NDCG@10': '0.0719', 'HR@20': '0.2246', 'NDCG@20': '0.0928'}
2025-06-13 20:30:28,492 - Validation score increased.  Saving model ...
2025-06-13 20:30:40,825 - {'epoch': 19, 'rec_loss': '6.4157'}
2025-06-13 20:30:45,382 - {'Epoch': 19, 'HR@5': '0.0866', 'NDCG@5': '0.0552', 'HR@10': '0.1488', 'NDCG@10': '0.0751', 'HR@20': '0.2298', 'NDCG@20': '0.0955'}
2025-06-13 20:30:45,385 - Validation score increased.  Saving model ...
2025-06-13 20:30:57,611 - {'epoch': 20, 'rec_loss': '6.3740'}
2025-06-13 20:31:02,238 - {'Epoch': 20, 'HR@5': '0.0931', 'NDCG@5': '0.0581', 'HR@10': '0.1515', 'NDCG@10': '0.0768', 'HR@20': '0.2342', 'NDCG@20': '0.0976'}
2025-06-13 20:31:02,240 - Validation score increased.  Saving model ...
2025-06-13 20:31:14,482 - {'epoch': 21, 'rec_loss': '6.3234'}
2025-06-13 20:31:19,036 - {'Epoch': 21, 'HR@5': '0.0949', 'NDCG@5': '0.0591', 'HR@10': '0.1583', 'NDCG@10': '0.0793', 'HR@20': '0.2454', 'NDCG@20': '0.1012'}
2025-06-13 20:31:19,038 - Validation score increased.  Saving model ...
2025-06-13 20:31:31,344 - {'epoch': 22, 'rec_loss': '6.2796'}
2025-06-13 20:31:35,862 - {'Epoch': 22, 'HR@5': '0.0975', 'NDCG@5': '0.0608', 'HR@10': '0.1631', 'NDCG@10': '0.0819', 'HR@20': '0.2499', 'NDCG@20': '0.1037'}
2025-06-13 20:31:35,864 - Validation score increased.  Saving model ...
2025-06-13 20:31:48,170 - {'epoch': 23, 'rec_loss': '6.2424'}
2025-06-13 20:31:52,772 - {'Epoch': 23, 'HR@5': '0.0995', 'NDCG@5': '0.0633', 'HR@10': '0.1662', 'NDCG@10': '0.0847', 'HR@20': '0.2562', 'NDCG@20': '0.1074'}
2025-06-13 20:31:52,775 - Validation score increased.  Saving model ...
2025-06-13 20:32:05,051 - {'epoch': 24, 'rec_loss': '6.2116'}
2025-06-13 20:32:09,681 - {'Epoch': 24, 'HR@5': '0.1021', 'NDCG@5': '0.0646', 'HR@10': '0.1699', 'NDCG@10': '0.0864', 'HR@20': '0.2615', 'NDCG@20': '0.1095'}
2025-06-13 20:32:09,683 - Validation score increased.  Saving model ...
2025-06-13 20:32:21,927 - {'epoch': 25, 'rec_loss': '6.1799'}
2025-06-13 20:32:26,488 - {'Epoch': 25, 'HR@5': '0.1049', 'NDCG@5': '0.0656', 'HR@10': '0.1724', 'NDCG@10': '0.0873', 'HR@20': '0.2642', 'NDCG@20': '0.1104'}
2025-06-13 20:32:26,490 - Validation score increased.  Saving model ...
2025-06-13 20:32:38,768 - {'epoch': 26, 'rec_loss': '6.1435'}
2025-06-13 20:32:43,337 - {'Epoch': 26, 'HR@5': '0.1050', 'NDCG@5': '0.0662', 'HR@10': '0.1741', 'NDCG@10': '0.0883', 'HR@20': '0.2699', 'NDCG@20': '0.1125'}
2025-06-13 20:32:43,338 - Validation score increased.  Saving model ...
2025-06-13 20:32:55,672 - {'epoch': 27, 'rec_loss': '6.1142'}
2025-06-13 20:33:00,323 - {'Epoch': 27, 'HR@5': '0.1074', 'NDCG@5': '0.0674', 'HR@10': '0.1777', 'NDCG@10': '0.0900', 'HR@20': '0.2747', 'NDCG@20': '0.1144'}
2025-06-13 20:33:00,324 - Validation score increased.  Saving model ...
2025-06-13 20:33:12,596 - {'epoch': 28, 'rec_loss': '6.0822'}
2025-06-13 20:33:17,208 - {'Epoch': 28, 'HR@5': '0.1083', 'NDCG@5': '0.0683', 'HR@10': '0.1801', 'NDCG@10': '0.0913', 'HR@20': '0.2773', 'NDCG@20': '0.1159'}
2025-06-13 20:33:17,209 - Validation score increased.  Saving model ...
2025-06-13 20:33:29,418 - {'epoch': 29, 'rec_loss': '6.0628'}
2025-06-13 20:33:33,974 - {'Epoch': 29, 'HR@5': '0.1180', 'NDCG@5': '0.0739', 'HR@10': '0.1907', 'NDCG@10': '0.0973', 'HR@20': '0.2826', 'NDCG@20': '0.1204'}
2025-06-13 20:33:33,975 - Validation score increased.  Saving model ...
2025-06-13 20:33:46,291 - {'epoch': 30, 'rec_loss': '6.0279'}
2025-06-13 20:33:50,909 - {'Epoch': 30, 'HR@5': '0.1149', 'NDCG@5': '0.0730', 'HR@10': '0.1892', 'NDCG@10': '0.0970', 'HR@20': '0.2846', 'NDCG@20': '0.1211'}
2025-06-13 20:33:50,916 - Validation score increased.  Saving model ...
2025-06-13 20:34:03,132 - {'epoch': 31, 'rec_loss': '6.0110'}
2025-06-13 20:34:07,689 - {'Epoch': 31, 'HR@5': '0.1196', 'NDCG@5': '0.0742', 'HR@10': '0.1962', 'NDCG@10': '0.0988', 'HR@20': '0.2924', 'NDCG@20': '0.1230'}
2025-06-13 20:34:07,691 - Validation score increased.  Saving model ...
2025-06-13 20:34:19,922 - {'epoch': 32, 'rec_loss': '5.9958'}
2025-06-13 20:34:24,473 - {'Epoch': 32, 'HR@5': '0.1190', 'NDCG@5': '0.0743', 'HR@10': '0.1923', 'NDCG@10': '0.0979', 'HR@20': '0.2852', 'NDCG@20': '0.1212'}
2025-06-13 20:34:24,475 - EarlyStopping counter: 1 out of 10
2025-06-13 20:34:36,696 - {'epoch': 33, 'rec_loss': '5.9640'}
2025-06-13 20:34:41,313 - {'Epoch': 33, 'HR@5': '0.1185', 'NDCG@5': '0.0752', 'HR@10': '0.1924', 'NDCG@10': '0.0989', 'HR@20': '0.2912', 'NDCG@20': '0.1238'}
2025-06-13 20:34:41,316 - Validation score increased.  Saving model ...
2025-06-13 20:34:53,541 - {'epoch': 34, 'rec_loss': '5.9462'}
2025-06-13 20:34:58,108 - {'Epoch': 34, 'HR@5': '0.1221', 'NDCG@5': '0.0773', 'HR@10': '0.1959', 'NDCG@10': '0.1011', 'HR@20': '0.2920', 'NDCG@20': '0.1253'}
2025-06-13 20:34:58,109 - Validation score increased.  Saving model ...
2025-06-13 20:35:10,417 - {'epoch': 35, 'rec_loss': '5.9400'}
2025-06-13 20:35:15,008 - {'Epoch': 35, 'HR@5': '0.1212', 'NDCG@5': '0.0767', 'HR@10': '0.1982', 'NDCG@10': '0.1014', 'HR@20': '0.2921', 'NDCG@20': '0.1251'}
2025-06-13 20:35:15,009 - EarlyStopping counter: 1 out of 10
2025-06-13 20:35:27,278 - {'epoch': 36, 'rec_loss': '5.9148'}
2025-06-13 20:35:31,914 - {'Epoch': 36, 'HR@5': '0.1192', 'NDCG@5': '0.0762', 'HR@10': '0.1927', 'NDCG@10': '0.0999', 'HR@20': '0.2903', 'NDCG@20': '0.1245'}
2025-06-13 20:35:31,915 - EarlyStopping counter: 2 out of 10
2025-06-13 20:35:44,138 - {'epoch': 37, 'rec_loss': '5.9047'}
2025-06-13 20:35:48,727 - {'Epoch': 37, 'HR@5': '0.1246', 'NDCG@5': '0.0790', 'HR@10': '0.2004', 'NDCG@10': '0.1034', 'HR@20': '0.2990', 'NDCG@20': '0.1282'}
2025-06-13 20:35:48,728 - Validation score increased.  Saving model ...
2025-06-13 20:36:00,921 - {'epoch': 38, 'rec_loss': '5.8922'}
2025-06-13 20:36:05,580 - {'Epoch': 38, 'HR@5': '0.1254', 'NDCG@5': '0.0798', 'HR@10': '0.1987', 'NDCG@10': '0.1034', 'HR@20': '0.2973', 'NDCG@20': '0.1283'}
2025-06-13 20:36:05,586 - Validation score increased.  Saving model ...
2025-06-13 20:36:17,853 - {'epoch': 39, 'rec_loss': '5.8707'}
2025-06-13 20:36:22,483 - {'Epoch': 39, 'HR@5': '0.1290', 'NDCG@5': '0.0807', 'HR@10': '0.2055', 'NDCG@10': '0.1052', 'HR@20': '0.3011', 'NDCG@20': '0.1294'}
2025-06-13 20:36:22,484 - Validation score increased.  Saving model ...
2025-06-13 20:36:34,727 - {'epoch': 40, 'rec_loss': '5.8698'}
2025-06-13 20:36:39,428 - {'Epoch': 40, 'HR@5': '0.1300', 'NDCG@5': '0.0823', 'HR@10': '0.2052', 'NDCG@10': '0.1064', 'HR@20': '0.3007', 'NDCG@20': '0.1306'}
2025-06-13 20:36:39,433 - Validation score increased.  Saving model ...
2025-06-13 20:36:51,678 - {'epoch': 41, 'rec_loss': '5.8487'}
2025-06-13 20:36:56,300 - {'Epoch': 41, 'HR@5': '0.1262', 'NDCG@5': '0.0814', 'HR@10': '0.2045', 'NDCG@10': '0.1066', 'HR@20': '0.3042', 'NDCG@20': '0.1317'}
2025-06-13 20:36:56,301 - Validation score increased.  Saving model ...
2025-06-13 20:37:08,545 - {'epoch': 42, 'rec_loss': '5.8348'}
2025-06-13 20:37:13,143 - {'Epoch': 42, 'HR@5': '0.1287', 'NDCG@5': '0.0804', 'HR@10': '0.2052', 'NDCG@10': '0.1050', 'HR@20': '0.3060', 'NDCG@20': '0.1305'}
2025-06-13 20:37:13,145 - EarlyStopping counter: 1 out of 10
2025-06-13 20:37:25,319 - {'epoch': 43, 'rec_loss': '5.8222'}
2025-06-13 20:37:29,829 - {'Epoch': 43, 'HR@5': '0.1310', 'NDCG@5': '0.0839', 'HR@10': '0.2071', 'NDCG@10': '0.1084', 'HR@20': '0.3087', 'NDCG@20': '0.1340'}
2025-06-13 20:37:29,832 - Validation score increased.  Saving model ...
2025-06-13 20:37:42,134 - {'epoch': 44, 'rec_loss': '5.8152'}
2025-06-13 20:37:46,709 - {'Epoch': 44, 'HR@5': '0.1291', 'NDCG@5': '0.0813', 'HR@10': '0.2058', 'NDCG@10': '0.1060', 'HR@20': '0.3056', 'NDCG@20': '0.1312'}
2025-06-13 20:37:46,709 - EarlyStopping counter: 1 out of 10
2025-06-13 20:37:58,917 - {'epoch': 45, 'rec_loss': '5.8156'}
2025-06-13 20:38:03,504 - {'Epoch': 45, 'HR@5': '0.1326', 'NDCG@5': '0.0836', 'HR@10': '0.2069', 'NDCG@10': '0.1075', 'HR@20': '0.3044', 'NDCG@20': '0.1322'}
2025-06-13 20:38:03,508 - EarlyStopping counter: 2 out of 10
2025-06-13 20:38:15,789 - {'epoch': 46, 'rec_loss': '5.7999'}
2025-06-13 20:38:20,374 - {'Epoch': 46, 'HR@5': '0.1306', 'NDCG@5': '0.0827', 'HR@10': '0.2104', 'NDCG@10': '0.1086', 'HR@20': '0.3050', 'NDCG@20': '0.1324'}
2025-06-13 20:38:20,375 - EarlyStopping counter: 3 out of 10
2025-06-13 20:38:32,603 - {'epoch': 47, 'rec_loss': '5.7865'}
2025-06-13 20:38:37,201 - {'Epoch': 47, 'HR@5': '0.1297', 'NDCG@5': '0.0811', 'HR@10': '0.2105', 'NDCG@10': '0.1070', 'HR@20': '0.3084', 'NDCG@20': '0.1317'}
2025-06-13 20:38:37,202 - EarlyStopping counter: 4 out of 10
2025-06-13 20:38:49,485 - {'epoch': 48, 'rec_loss': '5.7856'}
2025-06-13 20:38:54,094 - {'Epoch': 48, 'HR@5': '0.1327', 'NDCG@5': '0.0834', 'HR@10': '0.2110', 'NDCG@10': '0.1086', 'HR@20': '0.3091', 'NDCG@20': '0.1332'}
2025-06-13 20:38:54,095 - EarlyStopping counter: 5 out of 10
2025-06-13 20:39:06,388 - {'epoch': 49, 'rec_loss': '5.7750'}
2025-06-13 20:39:11,049 - {'Epoch': 49, 'HR@5': '0.1298', 'NDCG@5': '0.0832', 'HR@10': '0.2091', 'NDCG@10': '0.1087', 'HR@20': '0.3085', 'NDCG@20': '0.1337'}
2025-06-13 20:39:11,049 - EarlyStopping counter: 6 out of 10
2025-06-13 20:39:23,307 - {'epoch': 50, 'rec_loss': '5.7544'}
2025-06-13 20:39:27,892 - {'Epoch': 50, 'HR@5': '0.1321', 'NDCG@5': '0.0846', 'HR@10': '0.2118', 'NDCG@10': '0.1102', 'HR@20': '0.3085', 'NDCG@20': '0.1347'}
2025-06-13 20:39:27,893 - Validation score increased.  Saving model ...
2025-06-13 20:39:40,158 - {'epoch': 51, 'rec_loss': '5.7514'}
2025-06-13 20:39:44,754 - {'Epoch': 51, 'HR@5': '0.1335', 'NDCG@5': '0.0849', 'HR@10': '0.2111', 'NDCG@10': '0.1097', 'HR@20': '0.3079', 'NDCG@20': '0.1341'}
2025-06-13 20:39:44,756 - EarlyStopping counter: 1 out of 10
2025-06-13 20:39:57,047 - {'epoch': 52, 'rec_loss': '5.7524'}
2025-06-13 20:40:01,641 - {'Epoch': 52, 'HR@5': '0.1349', 'NDCG@5': '0.0855', 'HR@10': '0.2143', 'NDCG@10': '0.1110', 'HR@20': '0.3096', 'NDCG@20': '0.1351'}
2025-06-13 20:40:01,642 - Validation score increased.  Saving model ...
2025-06-13 20:40:13,930 - {'epoch': 53, 'rec_loss': '5.7386'}
2025-06-13 20:40:18,490 - {'Epoch': 53, 'HR@5': '0.1366', 'NDCG@5': '0.0879', 'HR@10': '0.2167', 'NDCG@10': '0.1136', 'HR@20': '0.3134', 'NDCG@20': '0.1380'}
2025-06-13 20:40:18,492 - Validation score increased.  Saving model ...
2025-06-13 20:40:30,799 - {'epoch': 54, 'rec_loss': '5.7354'}
2025-06-13 20:40:35,343 - {'Epoch': 54, 'HR@5': '0.1363', 'NDCG@5': '0.0867', 'HR@10': '0.2128', 'NDCG@10': '0.1113', 'HR@20': '0.3104', 'NDCG@20': '0.1359'}
2025-06-13 20:40:35,346 - EarlyStopping counter: 1 out of 10
2025-06-13 20:40:47,578 - {'epoch': 55, 'rec_loss': '5.7223'}
2025-06-13 20:40:52,093 - {'Epoch': 55, 'HR@5': '0.1340', 'NDCG@5': '0.0861', 'HR@10': '0.2149', 'NDCG@10': '0.1121', 'HR@20': '0.3114', 'NDCG@20': '0.1365'}
2025-06-13 20:40:52,094 - EarlyStopping counter: 2 out of 10
2025-06-13 20:41:04,376 - {'epoch': 56, 'rec_loss': '5.7230'}
2025-06-13 20:41:08,951 - {'Epoch': 56, 'HR@5': '0.1380', 'NDCG@5': '0.0873', 'HR@10': '0.2153', 'NDCG@10': '0.1123', 'HR@20': '0.3114', 'NDCG@20': '0.1366'}
2025-06-13 20:41:08,953 - EarlyStopping counter: 3 out of 10
2025-06-13 20:41:21,224 - {'epoch': 57, 'rec_loss': '5.7129'}
2025-06-13 20:41:25,725 - {'Epoch': 57, 'HR@5': '0.1354', 'NDCG@5': '0.0865', 'HR@10': '0.2145', 'NDCG@10': '0.1120', 'HR@20': '0.3160', 'NDCG@20': '0.1375'}
2025-06-13 20:41:25,726 - EarlyStopping counter: 4 out of 10
2025-06-13 20:41:37,963 - {'epoch': 58, 'rec_loss': '5.7049'}
2025-06-13 20:41:42,474 - {'Epoch': 58, 'HR@5': '0.1366', 'NDCG@5': '0.0882', 'HR@10': '0.2151', 'NDCG@10': '0.1136', 'HR@20': '0.3114', 'NDCG@20': '0.1378'}
2025-06-13 20:41:42,477 - EarlyStopping counter: 5 out of 10
2025-06-13 20:41:54,705 - {'epoch': 59, 'rec_loss': '5.6969'}
2025-06-13 20:41:59,229 - {'Epoch': 59, 'HR@5': '0.1349', 'NDCG@5': '0.0847', 'HR@10': '0.2166', 'NDCG@10': '0.1110', 'HR@20': '0.3144', 'NDCG@20': '0.1356'}
2025-06-13 20:41:59,231 - EarlyStopping counter: 6 out of 10
2025-06-13 20:42:11,474 - {'epoch': 60, 'rec_loss': '5.6916'}
2025-06-13 20:42:16,017 - {'Epoch': 60, 'HR@5': '0.1375', 'NDCG@5': '0.0873', 'HR@10': '0.2143', 'NDCG@10': '0.1120', 'HR@20': '0.3146', 'NDCG@20': '0.1373'}
2025-06-13 20:42:16,018 - EarlyStopping counter: 7 out of 10
2025-06-13 20:42:28,227 - {'epoch': 61, 'rec_loss': '5.6869'}
2025-06-13 20:42:32,754 - {'Epoch': 61, 'HR@5': '0.1332', 'NDCG@5': '0.0842', 'HR@10': '0.2149', 'NDCG@10': '0.1106', 'HR@20': '0.3137', 'NDCG@20': '0.1356'}
2025-06-13 20:42:32,758 - EarlyStopping counter: 8 out of 10
2025-06-13 20:42:45,112 - {'epoch': 62, 'rec_loss': '5.6723'}
2025-06-13 20:42:49,672 - {'Epoch': 62, 'HR@5': '0.1374', 'NDCG@5': '0.0872', 'HR@10': '0.2162', 'NDCG@10': '0.1126', 'HR@20': '0.3149', 'NDCG@20': '0.1374'}
2025-06-13 20:42:49,673 - EarlyStopping counter: 9 out of 10
2025-06-13 20:43:01,947 - {'epoch': 63, 'rec_loss': '5.6662'}
2025-06-13 20:43:06,664 - {'Epoch': 63, 'HR@5': '0.1353', 'NDCG@5': '0.0865', 'HR@10': '0.2165', 'NDCG@10': '0.1127', 'HR@20': '0.3180', 'NDCG@20': '0.1383'}
2025-06-13 20:43:06,666 - Validation score increased.  Saving model ...
2025-06-13 20:43:18,973 - {'epoch': 64, 'rec_loss': '5.6643'}
2025-06-13 20:43:23,586 - {'Epoch': 64, 'HR@5': '0.1377', 'NDCG@5': '0.0868', 'HR@10': '0.2178', 'NDCG@10': '0.1126', 'HR@20': '0.3156', 'NDCG@20': '0.1372'}
2025-06-13 20:43:23,587 - EarlyStopping counter: 1 out of 10
2025-06-13 20:43:35,878 - {'epoch': 65, 'rec_loss': '5.6641'}
2025-06-13 20:43:40,478 - {'Epoch': 65, 'HR@5': '0.1365', 'NDCG@5': '0.0869', 'HR@10': '0.2172', 'NDCG@10': '0.1127', 'HR@20': '0.3151', 'NDCG@20': '0.1374'}
2025-06-13 20:43:40,485 - EarlyStopping counter: 2 out of 10
2025-06-13 20:43:52,867 - {'epoch': 66, 'rec_loss': '5.6560'}
2025-06-13 20:43:57,453 - {'Epoch': 66, 'HR@5': '0.1375', 'NDCG@5': '0.0875', 'HR@10': '0.2168', 'NDCG@10': '0.1130', 'HR@20': '0.3158', 'NDCG@20': '0.1380'}
2025-06-13 20:43:57,454 - EarlyStopping counter: 3 out of 10
2025-06-13 20:44:09,694 - {'epoch': 67, 'rec_loss': '5.6548'}
2025-06-13 20:44:14,197 - {'Epoch': 67, 'HR@5': '0.1360', 'NDCG@5': '0.0868', 'HR@10': '0.2171', 'NDCG@10': '0.1128', 'HR@20': '0.3148', 'NDCG@20': '0.1375'}
2025-06-13 20:44:14,200 - EarlyStopping counter: 4 out of 10
2025-06-13 20:44:26,434 - {'epoch': 68, 'rec_loss': '5.6464'}
2025-06-13 20:44:31,000 - {'Epoch': 68, 'HR@5': '0.1401', 'NDCG@5': '0.0895', 'HR@10': '0.2199', 'NDCG@10': '0.1151', 'HR@20': '0.3137', 'NDCG@20': '0.1388'}
2025-06-13 20:44:31,001 - Validation score increased.  Saving model ...
2025-06-13 20:44:43,358 - {'epoch': 69, 'rec_loss': '5.6378'}
2025-06-13 20:44:47,940 - {'Epoch': 69, 'HR@5': '0.1381', 'NDCG@5': '0.0888', 'HR@10': '0.2175', 'NDCG@10': '0.1144', 'HR@20': '0.3150', 'NDCG@20': '0.1390'}
2025-06-13 20:44:47,942 - Validation score increased.  Saving model ...
2025-06-13 20:45:00,156 - {'epoch': 70, 'rec_loss': '5.6365'}
2025-06-13 20:45:04,688 - {'Epoch': 70, 'HR@5': '0.1385', 'NDCG@5': '0.0883', 'HR@10': '0.2186', 'NDCG@10': '0.1141', 'HR@20': '0.3166', 'NDCG@20': '0.1388'}
2025-06-13 20:45:04,690 - EarlyStopping counter: 1 out of 10
2025-06-13 20:45:17,012 - {'epoch': 71, 'rec_loss': '5.6277'}
2025-06-13 20:45:21,536 - {'Epoch': 71, 'HR@5': '0.1352', 'NDCG@5': '0.0854', 'HR@10': '0.2165', 'NDCG@10': '0.1115', 'HR@20': '0.3166', 'NDCG@20': '0.1368'}
2025-06-13 20:45:21,537 - EarlyStopping counter: 2 out of 10
2025-06-13 20:45:33,848 - {'epoch': 72, 'rec_loss': '5.6335'}
2025-06-13 20:45:38,374 - {'Epoch': 72, 'HR@5': '0.1418', 'NDCG@5': '0.0902', 'HR@10': '0.2208', 'NDCG@10': '0.1156', 'HR@20': '0.3187', 'NDCG@20': '0.1403'}
2025-06-13 20:45:38,375 - Validation score increased.  Saving model ...
2025-06-13 20:45:50,617 - {'epoch': 73, 'rec_loss': '5.6130'}
2025-06-13 20:45:55,241 - {'Epoch': 73, 'HR@5': '0.1384', 'NDCG@5': '0.0892', 'HR@10': '0.2194', 'NDCG@10': '0.1152', 'HR@20': '0.3183', 'NDCG@20': '0.1402'}
2025-06-13 20:45:55,243 - EarlyStopping counter: 1 out of 10
2025-06-13 20:46:07,528 - {'epoch': 74, 'rec_loss': '5.5990'}
2025-06-13 20:46:12,163 - {'Epoch': 74, 'HR@5': '0.1403', 'NDCG@5': '0.0889', 'HR@10': '0.2201', 'NDCG@10': '0.1145', 'HR@20': '0.3197', 'NDCG@20': '0.1397'}
2025-06-13 20:46:12,165 - EarlyStopping counter: 2 out of 10
2025-06-13 20:46:24,436 - {'epoch': 75, 'rec_loss': '5.6205'}
2025-06-13 20:46:28,918 - {'Epoch': 75, 'HR@5': '0.1407', 'NDCG@5': '0.0904', 'HR@10': '0.2209', 'NDCG@10': '0.1162', 'HR@20': '0.3178', 'NDCG@20': '0.1406'}
2025-06-13 20:46:28,920 - Validation score increased.  Saving model ...
2025-06-13 20:46:41,225 - {'epoch': 76, 'rec_loss': '5.6126'}
2025-06-13 20:46:45,708 - {'Epoch': 76, 'HR@5': '0.1385', 'NDCG@5': '0.0891', 'HR@10': '0.2211', 'NDCG@10': '0.1158', 'HR@20': '0.3184', 'NDCG@20': '0.1403'}
2025-06-13 20:46:45,709 - EarlyStopping counter: 1 out of 10
2025-06-13 20:46:57,931 - {'epoch': 77, 'rec_loss': '5.6023'}
2025-06-13 20:47:02,578 - {'Epoch': 77, 'HR@5': '0.1409', 'NDCG@5': '0.0906', 'HR@10': '0.2241', 'NDCG@10': '0.1173', 'HR@20': '0.3166', 'NDCG@20': '0.1406'}
2025-06-13 20:47:02,580 - Validation score increased.  Saving model ...
2025-06-13 20:47:14,893 - {'epoch': 78, 'rec_loss': '5.5976'}
2025-06-13 20:47:19,516 - {'Epoch': 78, 'HR@5': '0.1420', 'NDCG@5': '0.0900', 'HR@10': '0.2217', 'NDCG@10': '0.1158', 'HR@20': '0.3203', 'NDCG@20': '0.1406'}
2025-06-13 20:47:19,517 - EarlyStopping counter: 1 out of 10
2025-06-13 20:47:31,710 - {'epoch': 79, 'rec_loss': '5.5875'}
2025-06-13 20:47:36,341 - {'Epoch': 79, 'HR@5': '0.1422', 'NDCG@5': '0.0893', 'HR@10': '0.2246', 'NDCG@10': '0.1158', 'HR@20': '0.3221', 'NDCG@20': '0.1404'}
2025-06-13 20:47:36,342 - EarlyStopping counter: 2 out of 10
2025-06-13 20:47:48,630 - {'epoch': 80, 'rec_loss': '5.5854'}
2025-06-13 20:47:53,251 - {'Epoch': 80, 'HR@5': '0.1380', 'NDCG@5': '0.0890', 'HR@10': '0.2242', 'NDCG@10': '0.1169', 'HR@20': '0.3201', 'NDCG@20': '0.1411'}
2025-06-13 20:47:53,256 - Validation score increased.  Saving model ...
2025-06-13 20:48:05,519 - {'epoch': 81, 'rec_loss': '5.5854'}
2025-06-13 20:48:10,110 - {'Epoch': 81, 'HR@5': '0.1416', 'NDCG@5': '0.0907', 'HR@10': '0.2240', 'NDCG@10': '0.1173', 'HR@20': '0.3213', 'NDCG@20': '0.1418'}
2025-06-13 20:48:10,111 - Validation score increased.  Saving model ...
2025-06-13 20:48:22,345 - {'epoch': 82, 'rec_loss': '5.5798'}
2025-06-13 20:48:26,968 - {'Epoch': 82, 'HR@5': '0.1405', 'NDCG@5': '0.0893', 'HR@10': '0.2233', 'NDCG@10': '0.1160', 'HR@20': '0.3217', 'NDCG@20': '0.1408'}
2025-06-13 20:48:26,968 - EarlyStopping counter: 1 out of 10
2025-06-13 20:48:39,217 - {'epoch': 83, 'rec_loss': '5.5725'}
2025-06-13 20:48:43,825 - {'Epoch': 83, 'HR@5': '0.1450', 'NDCG@5': '0.0924', 'HR@10': '0.2230', 'NDCG@10': '0.1175', 'HR@20': '0.3205', 'NDCG@20': '0.1420'}
2025-06-13 20:48:43,830 - Validation score increased.  Saving model ...
2025-06-13 20:48:56,126 - {'epoch': 84, 'rec_loss': '5.5731'}
2025-06-13 20:49:00,659 - {'Epoch': 84, 'HR@5': '0.1403', 'NDCG@5': '0.0895', 'HR@10': '0.2212', 'NDCG@10': '0.1156', 'HR@20': '0.3202', 'NDCG@20': '0.1405'}
2025-06-13 20:49:00,661 - EarlyStopping counter: 1 out of 10
2025-06-13 20:49:12,938 - {'epoch': 85, 'rec_loss': '5.5585'}
2025-06-13 20:49:17,507 - {'Epoch': 85, 'HR@5': '0.1425', 'NDCG@5': '0.0923', 'HR@10': '0.2225', 'NDCG@10': '0.1181', 'HR@20': '0.3212', 'NDCG@20': '0.1431'}
2025-06-13 20:49:17,509 - Validation score increased.  Saving model ...
2025-06-13 20:49:29,785 - {'epoch': 86, 'rec_loss': '5.5619'}
2025-06-13 20:49:34,350 - {'Epoch': 86, 'HR@5': '0.1420', 'NDCG@5': '0.0908', 'HR@10': '0.2211', 'NDCG@10': '0.1163', 'HR@20': '0.3223', 'NDCG@20': '0.1418'}
2025-06-13 20:49:34,351 - EarlyStopping counter: 1 out of 10
2025-06-13 20:49:46,644 - {'epoch': 87, 'rec_loss': '5.5583'}
2025-06-13 20:49:51,175 - {'Epoch': 87, 'HR@5': '0.1405', 'NDCG@5': '0.0891', 'HR@10': '0.2215', 'NDCG@10': '0.1152', 'HR@20': '0.3187', 'NDCG@20': '0.1397'}
2025-06-13 20:49:51,176 - EarlyStopping counter: 2 out of 10
2025-06-13 20:50:03,537 - {'epoch': 88, 'rec_loss': '5.5631'}
2025-06-13 20:50:08,104 - {'Epoch': 88, 'HR@5': '0.1419', 'NDCG@5': '0.0910', 'HR@10': '0.2199', 'NDCG@10': '0.1161', 'HR@20': '0.3204', 'NDCG@20': '0.1414'}
2025-06-13 20:50:08,108 - EarlyStopping counter: 3 out of 10
2025-06-13 20:50:20,394 - {'epoch': 89, 'rec_loss': '5.5499'}
2025-06-13 20:50:24,965 - {'Epoch': 89, 'HR@5': '0.1428', 'NDCG@5': '0.0915', 'HR@10': '0.2205', 'NDCG@10': '0.1166', 'HR@20': '0.3205', 'NDCG@20': '0.1418'}
2025-06-13 20:50:24,968 - EarlyStopping counter: 4 out of 10
2025-06-13 20:50:37,331 - {'epoch': 90, 'rec_loss': '5.5300'}
2025-06-13 20:50:41,879 - {'Epoch': 90, 'HR@5': '0.1449', 'NDCG@5': '0.0925', 'HR@10': '0.2232', 'NDCG@10': '0.1177', 'HR@20': '0.3213', 'NDCG@20': '0.1424'}
2025-06-13 20:50:41,880 - EarlyStopping counter: 5 out of 10
2025-06-13 20:50:54,192 - {'epoch': 91, 'rec_loss': '5.5470'}
2025-06-13 20:50:58,755 - {'Epoch': 91, 'HR@5': '0.1447', 'NDCG@5': '0.0928', 'HR@10': '0.2223', 'NDCG@10': '0.1179', 'HR@20': '0.3217', 'NDCG@20': '0.1429'}
2025-06-13 20:50:58,758 - EarlyStopping counter: 6 out of 10
2025-06-13 20:51:11,078 - {'epoch': 92, 'rec_loss': '5.5376'}
2025-06-13 20:51:15,676 - {'Epoch': 92, 'HR@5': '0.1429', 'NDCG@5': '0.0905', 'HR@10': '0.2216', 'NDCG@10': '0.1159', 'HR@20': '0.3195', 'NDCG@20': '0.1406'}
2025-06-13 20:51:15,678 - EarlyStopping counter: 7 out of 10
2025-06-13 20:51:27,961 - {'epoch': 93, 'rec_loss': '5.5259'}
2025-06-13 20:51:32,566 - {'Epoch': 93, 'HR@5': '0.1396', 'NDCG@5': '0.0892', 'HR@10': '0.2201', 'NDCG@10': '0.1152', 'HR@20': '0.3201', 'NDCG@20': '0.1404'}
2025-06-13 20:51:32,568 - EarlyStopping counter: 8 out of 10
2025-06-13 20:51:44,852 - {'epoch': 94, 'rec_loss': '5.5275'}
2025-06-13 20:51:49,462 - {'Epoch': 94, 'HR@5': '0.1396', 'NDCG@5': '0.0897', 'HR@10': '0.2250', 'NDCG@10': '0.1172', 'HR@20': '0.3187', 'NDCG@20': '0.1408'}
2025-06-13 20:51:49,465 - EarlyStopping counter: 9 out of 10
2025-06-13 20:52:01,721 - {'epoch': 95, 'rec_loss': '5.5260'}
2025-06-13 20:52:06,295 - {'Epoch': 95, 'HR@5': '0.1405', 'NDCG@5': '0.0897', 'HR@10': '0.2221', 'NDCG@10': '0.1160', 'HR@20': '0.3232', 'NDCG@20': '0.1415'}
2025-06-13 20:52:06,297 - EarlyStopping counter: 10 out of 10
2025-06-13 20:52:06,297 - Early stopping
2025-06-13 20:52:06,297 - ---------------Validation Score---------------
2025-06-13 20:52:10,823 - {'Epoch': 0, 'HR@5': '0.1425', 'NDCG@5': '0.0923', 'HR@10': '0.2225', 'NDCG@10': '0.1181', 'HR@20': '0.3212', 'NDCG@20': '0.1431'}
2025-06-13 20:52:10,824 - BERT4Rec_Diginetica
2025-06-13 20:52:10,824 - {'Epoch': 0, 'HR@5': '0.1425', 'NDCG@5': '0.0923', 'HR@10': '0.2225', 'NDCG@10': '0.1181', 'HR@20': '0.3212', 'NDCG@20': '0.1431'}
