2025-06-14 00:36:24,864 - Namespace(data_dir='data/self_processed/', output_dir='hparam_search/', data_name='Diginetica', train_name='BSARec_Diginetica', num_items=10, num_users=14829, lr=0.0005, batch_size=256, epochs=200, no_cuda=False, log_freq=1, patience=10, num_workers=4, seed=42, weight_decay=0.0, adam_beta1=0.9, adam_beta2=0.999, gpu_id='0', variance=5, model_type='BSARec', max_seq_length=50, hidden_size=64, num_hidden_layers=2, hidden_act='gelu', num_attention_heads=2, attention_probs_dropout_prob=0.5, hidden_dropout_prob=0.5, initializer_range=0.02, c=9, alpha=0.7, cuda_condition=True, data_file='data/self_processed/Diginetica.txt', item_size=9441, checkpoint_path=PosixPath('/gpfs/home3/scur2771/BSARec/BSARec/src/hparam_search/BSARec_Diginetica/12367757_124/model.pt'), same_target_path='data/self_processed/Diginetica_same_target.npy')
2025-06-14 00:36:24,882 - BSARecModel(
  (item_embeddings): Embedding(9441, 64, padding_idx=0)
  (position_embeddings): Embedding(50, 64)
  (LayerNorm): LayerNorm()
  (dropout): Dropout(p=0.5, inplace=False)
  (item_encoder): BSARecEncoder(
    (blocks): ModuleList(
      (0): BSARecBlock(
        (layer): BSARecLayer(
          (filter_layer): FrequencyLayer(
            (out_dropout): Dropout(p=0.5, inplace=False)
            (LayerNorm): LayerNorm()
          )
          (attention_layer): MultiHeadAttention(
            (query): Linear(in_features=64, out_features=64, bias=True)
            (key): Linear(in_features=64, out_features=64, bias=True)
            (value): Linear(in_features=64, out_features=64, bias=True)
            (softmax): Softmax(dim=-1)
            (attn_dropout): Dropout(p=0.5, inplace=False)
            (dense): Linear(in_features=64, out_features=64, bias=True)
            (LayerNorm): LayerNorm((64,), eps=1e-12, elementwise_affine=True)
            (out_dropout): Dropout(p=0.5, inplace=False)
          )
        )
        (feed_forward): FeedForward(
          (dense_1): Linear(in_features=64, out_features=256, bias=True)
          (dense_2): Linear(in_features=256, out_features=64, bias=True)
          (LayerNorm): LayerNorm()
          (dropout): Dropout(p=0.5, inplace=False)
        )
      )
      (1): BSARecBlock(
        (layer): BSARecLayer(
          (filter_layer): FrequencyLayer(
            (out_dropout): Dropout(p=0.5, inplace=False)
            (LayerNorm): LayerNorm()
          )
          (attention_layer): MultiHeadAttention(
            (query): Linear(in_features=64, out_features=64, bias=True)
            (key): Linear(in_features=64, out_features=64, bias=True)
            (value): Linear(in_features=64, out_features=64, bias=True)
            (softmax): Softmax(dim=-1)
            (attn_dropout): Dropout(p=0.5, inplace=False)
            (dense): Linear(in_features=64, out_features=64, bias=True)
            (LayerNorm): LayerNorm((64,), eps=1e-12, elementwise_affine=True)
            (out_dropout): Dropout(p=0.5, inplace=False)
          )
        )
        (feed_forward): FeedForward(
          (dense_1): Linear(in_features=64, out_features=256, bias=True)
          (dense_2): Linear(in_features=256, out_features=64, bias=True)
          (LayerNorm): LayerNorm()
          (dropout): Dropout(p=0.5, inplace=False)
        )
      )
    )
  )
)
2025-06-14 00:36:27,043 - Total Parameters: 707904
2025-06-14 00:36:35,604 - {'epoch': 0, 'rec_loss': '8.8232'}
2025-06-14 00:36:39,654 - {'Epoch': 0, 'HR@5': '0.0062', 'NDCG@5': '0.0039', 'HR@10': '0.0103', 'NDCG@10': '0.0052', 'HR@20': '0.0156', 'NDCG@20': '0.0066'}
2025-06-14 00:36:39,656 - Validation score increased.  Saving model ...
2025-06-14 00:36:47,076 - {'epoch': 1, 'rec_loss': '8.3804'}
2025-06-14 00:36:51,208 - {'Epoch': 1, 'HR@5': '0.0345', 'NDCG@5': '0.0234', 'HR@10': '0.0484', 'NDCG@10': '0.0279', 'HR@20': '0.0699', 'NDCG@20': '0.0333'}
2025-06-14 00:36:51,211 - Validation score increased.  Saving model ...
2025-06-14 00:36:58,715 - {'epoch': 2, 'rec_loss': '7.7691'}
2025-06-14 00:37:02,890 - {'Epoch': 2, 'HR@5': '0.0716', 'NDCG@5': '0.0467', 'HR@10': '0.1097', 'NDCG@10': '0.0589', 'HR@20': '0.1550', 'NDCG@20': '0.0704'}
2025-06-14 00:37:02,891 - Validation score increased.  Saving model ...
2025-06-14 00:37:10,300 - {'epoch': 3, 'rec_loss': '7.0107'}
2025-06-14 00:37:14,497 - {'Epoch': 3, 'HR@5': '0.1026', 'NDCG@5': '0.0674', 'HR@10': '0.1552', 'NDCG@10': '0.0843', 'HR@20': '0.2191', 'NDCG@20': '0.1004'}
2025-06-14 00:37:14,498 - Validation score increased.  Saving model ...
2025-06-14 00:37:21,909 - {'epoch': 4, 'rec_loss': '6.3466'}
2025-06-14 00:37:26,207 - {'Epoch': 4, 'HR@5': '0.1224', 'NDCG@5': '0.0804', 'HR@10': '0.1839', 'NDCG@10': '0.1002', 'HR@20': '0.2593', 'NDCG@20': '0.1192'}
2025-06-14 00:37:26,209 - Validation score increased.  Saving model ...
2025-06-14 00:37:33,566 - {'epoch': 5, 'rec_loss': '5.8486'}
2025-06-14 00:37:37,844 - {'Epoch': 5, 'HR@5': '0.1361', 'NDCG@5': '0.0897', 'HR@10': '0.2052', 'NDCG@10': '0.1119', 'HR@20': '0.2890', 'NDCG@20': '0.1331'}
2025-06-14 00:37:37,846 - Validation score increased.  Saving model ...
2025-06-14 00:37:45,257 - {'epoch': 6, 'rec_loss': '5.4965'}
2025-06-14 00:37:49,525 - {'Epoch': 6, 'HR@5': '0.1463', 'NDCG@5': '0.0966', 'HR@10': '0.2234', 'NDCG@10': '0.1214', 'HR@20': '0.3133', 'NDCG@20': '0.1441'}
2025-06-14 00:37:49,527 - Validation score increased.  Saving model ...
2025-06-14 00:37:56,999 - {'epoch': 7, 'rec_loss': '5.2503'}
2025-06-14 00:38:01,331 - {'Epoch': 7, 'HR@5': '0.1567', 'NDCG@5': '0.1025', 'HR@10': '0.2340', 'NDCG@10': '0.1274', 'HR@20': '0.3281', 'NDCG@20': '0.1512'}
2025-06-14 00:38:01,333 - Validation score increased.  Saving model ...
2025-06-14 00:38:08,769 - {'epoch': 8, 'rec_loss': '5.0846'}
2025-06-14 00:38:13,052 - {'Epoch': 8, 'HR@5': '0.1608', 'NDCG@5': '0.1059', 'HR@10': '0.2438', 'NDCG@10': '0.1327', 'HR@20': '0.3365', 'NDCG@20': '0.1562'}
2025-06-14 00:38:13,054 - Validation score increased.  Saving model ...
2025-06-14 00:38:20,449 - {'epoch': 9, 'rec_loss': '4.9570'}
2025-06-14 00:38:24,780 - {'Epoch': 9, 'HR@5': '0.1678', 'NDCG@5': '0.1098', 'HR@10': '0.2496', 'NDCG@10': '0.1361', 'HR@20': '0.3473', 'NDCG@20': '0.1608'}
2025-06-14 00:38:24,782 - Validation score increased.  Saving model ...
2025-06-14 00:38:32,201 - {'epoch': 10, 'rec_loss': '4.8714'}
2025-06-14 00:38:36,516 - {'Epoch': 10, 'HR@5': '0.1689', 'NDCG@5': '0.1103', 'HR@10': '0.2533', 'NDCG@10': '0.1375', 'HR@20': '0.3534', 'NDCG@20': '0.1628'}
2025-06-14 00:38:36,518 - Validation score increased.  Saving model ...
2025-06-14 00:38:43,854 - {'epoch': 11, 'rec_loss': '4.8023'}
2025-06-14 00:38:48,256 - {'Epoch': 11, 'HR@5': '0.1708', 'NDCG@5': '0.1118', 'HR@10': '0.2556', 'NDCG@10': '0.1391', 'HR@20': '0.3569', 'NDCG@20': '0.1647'}
2025-06-14 00:38:48,258 - Validation score increased.  Saving model ...
2025-06-14 00:38:55,785 - {'epoch': 12, 'rec_loss': '4.7502'}
2025-06-14 00:39:00,097 - {'Epoch': 12, 'HR@5': '0.1733', 'NDCG@5': '0.1139', 'HR@10': '0.2568', 'NDCG@10': '0.1407', 'HR@20': '0.3581', 'NDCG@20': '0.1664'}
2025-06-14 00:39:00,099 - Validation score increased.  Saving model ...
2025-06-14 00:39:07,407 - {'epoch': 13, 'rec_loss': '4.7218'}
2025-06-14 00:39:11,670 - {'Epoch': 13, 'HR@5': '0.1716', 'NDCG@5': '0.1137', 'HR@10': '0.2584', 'NDCG@10': '0.1417', 'HR@20': '0.3592', 'NDCG@20': '0.1672'}
2025-06-14 00:39:11,672 - Validation score increased.  Saving model ...
2025-06-14 00:39:19,098 - {'epoch': 14, 'rec_loss': '4.6837'}
2025-06-14 00:39:23,508 - {'Epoch': 14, 'HR@5': '0.1735', 'NDCG@5': '0.1144', 'HR@10': '0.2613', 'NDCG@10': '0.1427', 'HR@20': '0.3612', 'NDCG@20': '0.1680'}
2025-06-14 00:39:23,509 - Validation score increased.  Saving model ...
2025-06-14 00:39:30,890 - {'epoch': 15, 'rec_loss': '4.6658'}
2025-06-14 00:39:35,278 - {'Epoch': 15, 'HR@5': '0.1737', 'NDCG@5': '0.1145', 'HR@10': '0.2619', 'NDCG@10': '0.1428', 'HR@20': '0.3630', 'NDCG@20': '0.1683'}
2025-06-14 00:39:35,279 - Validation score increased.  Saving model ...
2025-06-14 00:39:42,627 - {'epoch': 16, 'rec_loss': '4.6380'}
2025-06-14 00:39:46,965 - {'Epoch': 16, 'HR@5': '0.1724', 'NDCG@5': '0.1144', 'HR@10': '0.2606', 'NDCG@10': '0.1427', 'HR@20': '0.3632', 'NDCG@20': '0.1687'}
2025-06-14 00:39:46,969 - Validation score increased.  Saving model ...
2025-06-14 00:39:54,385 - {'epoch': 17, 'rec_loss': '4.6241'}
2025-06-14 00:39:58,776 - {'Epoch': 17, 'HR@5': '0.1763', 'NDCG@5': '0.1157', 'HR@10': '0.2622', 'NDCG@10': '0.1434', 'HR@20': '0.3640', 'NDCG@20': '0.1691'}
2025-06-14 00:39:58,778 - Validation score increased.  Saving model ...
2025-06-14 00:40:06,281 - {'epoch': 18, 'rec_loss': '4.6040'}
2025-06-14 00:40:10,592 - {'Epoch': 18, 'HR@5': '0.1755', 'NDCG@5': '0.1159', 'HR@10': '0.2615', 'NDCG@10': '0.1436', 'HR@20': '0.3653', 'NDCG@20': '0.1698'}
2025-06-14 00:40:10,595 - Validation score increased.  Saving model ...
2025-06-14 00:40:18,073 - {'epoch': 19, 'rec_loss': '4.5926'}
2025-06-14 00:40:22,351 - {'Epoch': 19, 'HR@5': '0.1752', 'NDCG@5': '0.1149', 'HR@10': '0.2613', 'NDCG@10': '0.1427', 'HR@20': '0.3654', 'NDCG@20': '0.1689'}
2025-06-14 00:40:22,353 - EarlyStopping counter: 1 out of 10
2025-06-14 00:40:29,751 - {'epoch': 20, 'rec_loss': '4.5813'}
2025-06-14 00:40:34,156 - {'Epoch': 20, 'HR@5': '0.1786', 'NDCG@5': '0.1171', 'HR@10': '0.2638', 'NDCG@10': '0.1445', 'HR@20': '0.3666', 'NDCG@20': '0.1704'}
2025-06-14 00:40:34,158 - Validation score increased.  Saving model ...
2025-06-14 00:40:41,631 - {'epoch': 21, 'rec_loss': '4.5663'}
2025-06-14 00:40:45,989 - {'Epoch': 21, 'HR@5': '0.1762', 'NDCG@5': '0.1152', 'HR@10': '0.2632', 'NDCG@10': '0.1432', 'HR@20': '0.3676', 'NDCG@20': '0.1697'}
2025-06-14 00:40:45,991 - EarlyStopping counter: 1 out of 10
2025-06-14 00:40:53,367 - {'epoch': 22, 'rec_loss': '4.5592'}
2025-06-14 00:40:57,742 - {'Epoch': 22, 'HR@5': '0.1769', 'NDCG@5': '0.1164', 'HR@10': '0.2642', 'NDCG@10': '0.1445', 'HR@20': '0.3683', 'NDCG@20': '0.1708'}
2025-06-14 00:40:57,745 - Validation score increased.  Saving model ...
2025-06-14 00:41:05,147 - {'epoch': 23, 'rec_loss': '4.5459'}
2025-06-14 00:41:09,448 - {'Epoch': 23, 'HR@5': '0.1747', 'NDCG@5': '0.1149', 'HR@10': '0.2621', 'NDCG@10': '0.1431', 'HR@20': '0.3657', 'NDCG@20': '0.1693'}
2025-06-14 00:41:09,450 - EarlyStopping counter: 1 out of 10
2025-06-14 00:41:16,910 - {'epoch': 24, 'rec_loss': '4.5409'}
2025-06-14 00:41:21,264 - {'Epoch': 24, 'HR@5': '0.1745', 'NDCG@5': '0.1142', 'HR@10': '0.2640', 'NDCG@10': '0.1431', 'HR@20': '0.3667', 'NDCG@20': '0.1690'}
2025-06-14 00:41:21,265 - EarlyStopping counter: 2 out of 10
2025-06-14 00:41:28,673 - {'epoch': 25, 'rec_loss': '4.5286'}
2025-06-14 00:41:32,994 - {'Epoch': 25, 'HR@5': '0.1777', 'NDCG@5': '0.1167', 'HR@10': '0.2632', 'NDCG@10': '0.1442', 'HR@20': '0.3653', 'NDCG@20': '0.1700'}
2025-06-14 00:41:32,997 - EarlyStopping counter: 3 out of 10
2025-06-14 00:41:40,475 - {'epoch': 26, 'rec_loss': '4.5209'}
2025-06-14 00:41:44,871 - {'Epoch': 26, 'HR@5': '0.1753', 'NDCG@5': '0.1158', 'HR@10': '0.2629', 'NDCG@10': '0.1440', 'HR@20': '0.3665', 'NDCG@20': '0.1702'}
2025-06-14 00:41:44,873 - EarlyStopping counter: 4 out of 10
2025-06-14 00:41:52,270 - {'epoch': 27, 'rec_loss': '4.5178'}
2025-06-14 00:41:56,592 - {'Epoch': 27, 'HR@5': '0.1758', 'NDCG@5': '0.1150', 'HR@10': '0.2627', 'NDCG@10': '0.1430', 'HR@20': '0.3644', 'NDCG@20': '0.1687'}
2025-06-14 00:41:56,593 - EarlyStopping counter: 5 out of 10
2025-06-14 00:42:04,105 - {'epoch': 28, 'rec_loss': '4.5050'}
2025-06-14 00:42:08,508 - {'Epoch': 28, 'HR@5': '0.1770', 'NDCG@5': '0.1161', 'HR@10': '0.2626', 'NDCG@10': '0.1437', 'HR@20': '0.3657', 'NDCG@20': '0.1697'}
2025-06-14 00:42:08,510 - EarlyStopping counter: 6 out of 10
2025-06-14 00:42:15,974 - {'epoch': 29, 'rec_loss': '4.5020'}
2025-06-14 00:42:20,317 - {'Epoch': 29, 'HR@5': '0.1743', 'NDCG@5': '0.1151', 'HR@10': '0.2617', 'NDCG@10': '0.1432', 'HR@20': '0.3649', 'NDCG@20': '0.1693'}
2025-06-14 00:42:20,319 - EarlyStopping counter: 7 out of 10
2025-06-14 00:42:27,721 - {'epoch': 30, 'rec_loss': '4.4988'}
2025-06-14 00:42:32,142 - {'Epoch': 30, 'HR@5': '0.1760', 'NDCG@5': '0.1157', 'HR@10': '0.2623', 'NDCG@10': '0.1436', 'HR@20': '0.3673', 'NDCG@20': '0.1701'}
2025-06-14 00:42:32,144 - EarlyStopping counter: 8 out of 10
2025-06-14 00:42:39,471 - {'epoch': 31, 'rec_loss': '4.4883'}
2025-06-14 00:42:43,791 - {'Epoch': 31, 'HR@5': '0.1760', 'NDCG@5': '0.1153', 'HR@10': '0.2636', 'NDCG@10': '0.1434', 'HR@20': '0.3671', 'NDCG@20': '0.1696'}
2025-06-14 00:42:43,793 - EarlyStopping counter: 9 out of 10
2025-06-14 00:42:51,329 - {'epoch': 32, 'rec_loss': '4.4789'}
2025-06-14 00:42:55,775 - {'Epoch': 32, 'HR@5': '0.1736', 'NDCG@5': '0.1136', 'HR@10': '0.2643', 'NDCG@10': '0.1428', 'HR@20': '0.3645', 'NDCG@20': '0.1681'}
2025-06-14 00:42:55,777 - EarlyStopping counter: 10 out of 10
2025-06-14 00:42:55,778 - Early stopping
2025-06-14 00:42:55,778 - ---------------Validation Score---------------
2025-06-14 00:43:00,150 - {'Epoch': 0, 'HR@5': '0.1769', 'NDCG@5': '0.1164', 'HR@10': '0.2642', 'NDCG@10': '0.1445', 'HR@20': '0.3683', 'NDCG@20': '0.1708'}
2025-06-14 00:43:00,151 - BSARec_Diginetica
2025-06-14 00:43:00,152 - {'Epoch': 0, 'HR@5': '0.1769', 'NDCG@5': '0.1164', 'HR@10': '0.2642', 'NDCG@10': '0.1445', 'HR@20': '0.3683', 'NDCG@20': '0.1708'}
