2025-06-13 21:17:54,586 - Namespace(data_dir='data/self_processed/', output_dir='hparam_search/', data_name='Diginetica', train_name='BERT4Rec_Diginetica', num_items=10, num_users=14829, lr=0.0005, batch_size=256, epochs=200, no_cuda=False, log_freq=1, patience=10, num_workers=4, seed=42, weight_decay=0.0, adam_beta1=0.9, adam_beta2=0.999, gpu_id='0', variance=5, model_type='BERT4Rec', max_seq_length=50, hidden_size=64, num_hidden_layers=2, hidden_act='gelu', num_attention_heads=4, attention_probs_dropout_prob=0.5, hidden_dropout_prob=0.5, initializer_range=0.02, mask_ratio=0.4, cuda_condition=True, data_file='data/self_processed/Diginetica.txt', item_size=9441, checkpoint_path=PosixPath('/gpfs/home3/scur2771/BSARec/BSARec/src/hparam_search/BERT4Rec_Diginetica/12362289_17/model.pt'), same_target_path='data/self_processed/Diginetica_same_target.npy')
2025-06-13 21:17:54,610 - BERT4RecModel(
  (item_embeddings): Embedding(9442, 64, padding_idx=0)
  (position_embeddings): Embedding(50, 64)
  (item_encoder): TransformerEncoder(
    (blocks): ModuleList(
      (0): TransformerBlock(
        (layer): MultiHeadAttention(
          (query): Linear(in_features=64, out_features=64, bias=True)
          (key): Linear(in_features=64, out_features=64, bias=True)
          (value): Linear(in_features=64, out_features=64, bias=True)
          (softmax): Softmax(dim=-1)
          (attn_dropout): Dropout(p=0.5, inplace=False)
          (dense): Linear(in_features=64, out_features=64, bias=True)
          (LayerNorm): LayerNorm((64,), eps=1e-12, elementwise_affine=True)
          (out_dropout): Dropout(p=0.5, inplace=False)
        )
        (feed_forward): FeedForward(
          (dense_1): Linear(in_features=64, out_features=256, bias=True)
          (dense_2): Linear(in_features=256, out_features=64, bias=True)
          (LayerNorm): LayerNorm()
          (dropout): Dropout(p=0.5, inplace=False)
        )
      )
      (1): TransformerBlock(
        (layer): MultiHeadAttention(
          (query): Linear(in_features=64, out_features=64, bias=True)
          (key): Linear(in_features=64, out_features=64, bias=True)
          (value): Linear(in_features=64, out_features=64, bias=True)
          (softmax): Softmax(dim=-1)
          (attn_dropout): Dropout(p=0.5, inplace=False)
          (dense): Linear(in_features=64, out_features=64, bias=True)
          (LayerNorm): LayerNorm((64,), eps=1e-12, elementwise_affine=True)
          (out_dropout): Dropout(p=0.5, inplace=False)
        )
        (feed_forward): FeedForward(
          (dense_1): Linear(in_features=64, out_features=256, bias=True)
          (dense_2): Linear(in_features=256, out_features=64, bias=True)
          (LayerNorm): LayerNorm()
          (dropout): Dropout(p=0.5, inplace=False)
        )
      )
    )
  )
  (LayerNorm): LayerNorm()
  (dropout): Dropout(p=0.5, inplace=False)
)
2025-06-13 21:17:56,758 - Total Parameters: 707584
2025-06-13 21:18:09,595 - {'epoch': 0, 'rec_loss': '8.9402'}
2025-06-13 21:18:14,328 - {'Epoch': 0, 'HR@5': '0.0032', 'NDCG@5': '0.0019', 'HR@10': '0.0049', 'NDCG@10': '0.0024', 'HR@20': '0.0085', 'NDCG@20': '0.0033'}
2025-06-13 21:18:14,330 - Validation score increased.  Saving model ...
2025-06-13 21:18:26,731 - {'epoch': 1, 'rec_loss': '8.7427'}
2025-06-13 21:18:31,398 - {'Epoch': 1, 'HR@5': '0.0027', 'NDCG@5': '0.0016', 'HR@10': '0.0061', 'NDCG@10': '0.0027', 'HR@20': '0.0112', 'NDCG@20': '0.0040'}
2025-06-13 21:18:31,400 - Validation score increased.  Saving model ...
2025-06-13 21:18:43,737 - {'epoch': 2, 'rec_loss': '8.5967'}
2025-06-13 21:18:48,401 - {'Epoch': 2, 'HR@5': '0.0044', 'NDCG@5': '0.0027', 'HR@10': '0.0079', 'NDCG@10': '0.0038', 'HR@20': '0.0127', 'NDCG@20': '0.0050'}
2025-06-13 21:18:48,402 - Validation score increased.  Saving model ...
2025-06-13 21:19:00,774 - {'epoch': 3, 'rec_loss': '8.4536'}
2025-06-13 21:19:05,432 - {'Epoch': 3, 'HR@5': '0.0044', 'NDCG@5': '0.0028', 'HR@10': '0.0084', 'NDCG@10': '0.0041', 'HR@20': '0.0148', 'NDCG@20': '0.0057'}
2025-06-13 21:19:05,435 - Validation score increased.  Saving model ...
2025-06-13 21:19:17,664 - {'epoch': 4, 'rec_loss': '8.2982'}
2025-06-13 21:19:22,166 - {'Epoch': 4, 'HR@5': '0.0075', 'NDCG@5': '0.0045', 'HR@10': '0.0136', 'NDCG@10': '0.0065', 'HR@20': '0.0230', 'NDCG@20': '0.0088'}
2025-06-13 21:19:22,168 - Validation score increased.  Saving model ...
2025-06-13 21:19:34,537 - {'epoch': 5, 'rec_loss': '8.1421'}
2025-06-13 21:19:38,991 - {'Epoch': 5, 'HR@5': '0.0101', 'NDCG@5': '0.0062', 'HR@10': '0.0191', 'NDCG@10': '0.0091', 'HR@20': '0.0328', 'NDCG@20': '0.0125'}
2025-06-13 21:19:38,993 - Validation score increased.  Saving model ...
2025-06-13 21:19:51,230 - {'epoch': 6, 'rec_loss': '8.0014'}
2025-06-13 21:19:55,792 - {'Epoch': 6, 'HR@5': '0.0133', 'NDCG@5': '0.0081', 'HR@10': '0.0240', 'NDCG@10': '0.0115', 'HR@20': '0.0413', 'NDCG@20': '0.0159'}
2025-06-13 21:19:55,794 - Validation score increased.  Saving model ...
2025-06-13 21:20:08,071 - {'epoch': 7, 'rec_loss': '7.8707'}
2025-06-13 21:20:12,628 - {'Epoch': 7, 'HR@5': '0.0181', 'NDCG@5': '0.0112', 'HR@10': '0.0301', 'NDCG@10': '0.0150', 'HR@20': '0.0519', 'NDCG@20': '0.0205'}
2025-06-13 21:20:12,630 - Validation score increased.  Saving model ...
2025-06-13 21:20:24,973 - {'epoch': 8, 'rec_loss': '7.7508'}
2025-06-13 21:20:29,499 - {'Epoch': 8, 'HR@5': '0.0221', 'NDCG@5': '0.0132', 'HR@10': '0.0373', 'NDCG@10': '0.0181', 'HR@20': '0.0618', 'NDCG@20': '0.0242'}
2025-06-13 21:20:29,502 - Validation score increased.  Saving model ...
2025-06-13 21:20:41,724 - {'epoch': 9, 'rec_loss': '7.6374'}
2025-06-13 21:20:46,263 - {'Epoch': 9, 'HR@5': '0.0214', 'NDCG@5': '0.0137', 'HR@10': '0.0405', 'NDCG@10': '0.0198', 'HR@20': '0.0686', 'NDCG@20': '0.0269'}
2025-06-13 21:20:46,266 - Validation score increased.  Saving model ...
2025-06-13 21:20:58,523 - {'epoch': 10, 'rec_loss': '7.5422'}
2025-06-13 21:21:03,006 - {'Epoch': 10, 'HR@5': '0.0266', 'NDCG@5': '0.0165', 'HR@10': '0.0476', 'NDCG@10': '0.0233', 'HR@20': '0.0798', 'NDCG@20': '0.0314'}
2025-06-13 21:21:03,008 - Validation score increased.  Saving model ...
2025-06-13 21:21:15,273 - {'epoch': 11, 'rec_loss': '7.4459'}
2025-06-13 21:21:19,874 - {'Epoch': 11, 'HR@5': '0.0300', 'NDCG@5': '0.0182', 'HR@10': '0.0527', 'NDCG@10': '0.0255', 'HR@20': '0.0873', 'NDCG@20': '0.0341'}
2025-06-13 21:21:19,876 - Validation score increased.  Saving model ...
2025-06-13 21:21:32,141 - {'epoch': 12, 'rec_loss': '7.3517'}
2025-06-13 21:21:36,815 - {'Epoch': 12, 'HR@5': '0.0371', 'NDCG@5': '0.0228', 'HR@10': '0.0608', 'NDCG@10': '0.0305', 'HR@20': '0.1008', 'NDCG@20': '0.0405'}
2025-06-13 21:21:36,817 - Validation score increased.  Saving model ...
2025-06-13 21:21:49,069 - {'epoch': 13, 'rec_loss': '7.2635'}
2025-06-13 21:21:53,644 - {'Epoch': 13, 'HR@5': '0.0415', 'NDCG@5': '0.0257', 'HR@10': '0.0693', 'NDCG@10': '0.0346', 'HR@20': '0.1091', 'NDCG@20': '0.0447'}
2025-06-13 21:21:53,646 - Validation score increased.  Saving model ...
2025-06-13 21:22:05,975 - {'epoch': 14, 'rec_loss': '7.1744'}
2025-06-13 21:22:10,571 - {'Epoch': 14, 'HR@5': '0.0446', 'NDCG@5': '0.0277', 'HR@10': '0.0750', 'NDCG@10': '0.0374', 'HR@20': '0.1221', 'NDCG@20': '0.0493'}
2025-06-13 21:22:10,573 - Validation score increased.  Saving model ...
2025-06-13 21:22:22,903 - {'epoch': 15, 'rec_loss': '7.0909'}
2025-06-13 21:22:27,483 - {'Epoch': 15, 'HR@5': '0.0498', 'NDCG@5': '0.0308', 'HR@10': '0.0809', 'NDCG@10': '0.0407', 'HR@20': '0.1291', 'NDCG@20': '0.0528'}
2025-06-13 21:22:27,485 - Validation score increased.  Saving model ...
2025-06-13 21:22:39,810 - {'epoch': 16, 'rec_loss': '7.0221'}
2025-06-13 21:22:44,456 - {'Epoch': 16, 'HR@5': '0.0519', 'NDCG@5': '0.0319', 'HR@10': '0.0872', 'NDCG@10': '0.0432', 'HR@20': '0.1402', 'NDCG@20': '0.0565'}
2025-06-13 21:22:44,457 - Validation score increased.  Saving model ...
2025-06-13 21:22:56,669 - {'epoch': 17, 'rec_loss': '6.9546'}
2025-06-13 21:23:01,222 - {'Epoch': 17, 'HR@5': '0.0552', 'NDCG@5': '0.0344', 'HR@10': '0.0913', 'NDCG@10': '0.0461', 'HR@20': '0.1473', 'NDCG@20': '0.0601'}
2025-06-13 21:23:01,224 - Validation score increased.  Saving model ...
2025-06-13 21:23:13,558 - {'epoch': 18, 'rec_loss': '6.8983'}
2025-06-13 21:23:18,089 - {'Epoch': 18, 'HR@5': '0.0594', 'NDCG@5': '0.0370', 'HR@10': '0.1010', 'NDCG@10': '0.0504', 'HR@20': '0.1599', 'NDCG@20': '0.0651'}
2025-06-13 21:23:18,092 - Validation score increased.  Saving model ...
2025-06-13 21:23:30,399 - {'epoch': 19, 'rec_loss': '6.8317'}
2025-06-13 21:23:34,960 - {'Epoch': 19, 'HR@5': '0.0648', 'NDCG@5': '0.0406', 'HR@10': '0.1064', 'NDCG@10': '0.0539', 'HR@20': '0.1639', 'NDCG@20': '0.0683'}
2025-06-13 21:23:34,962 - Validation score increased.  Saving model ...
2025-06-13 21:23:47,224 - {'epoch': 20, 'rec_loss': '6.7824'}
2025-06-13 21:23:51,790 - {'Epoch': 20, 'HR@5': '0.0677', 'NDCG@5': '0.0420', 'HR@10': '0.1121', 'NDCG@10': '0.0562', 'HR@20': '0.1757', 'NDCG@20': '0.0723'}
2025-06-13 21:23:51,793 - Validation score increased.  Saving model ...
2025-06-13 21:24:04,077 - {'epoch': 21, 'rec_loss': '6.7309'}
2025-06-13 21:24:08,714 - {'Epoch': 21, 'HR@5': '0.0712', 'NDCG@5': '0.0435', 'HR@10': '0.1164', 'NDCG@10': '0.0580', 'HR@20': '0.1818', 'NDCG@20': '0.0744'}
2025-06-13 21:24:08,716 - Validation score increased.  Saving model ...
2025-06-13 21:24:21,027 - {'epoch': 22, 'rec_loss': '6.6831'}
2025-06-13 21:24:25,559 - {'Epoch': 22, 'HR@5': '0.0735', 'NDCG@5': '0.0462', 'HR@10': '0.1195', 'NDCG@10': '0.0609', 'HR@20': '0.1858', 'NDCG@20': '0.0776'}
2025-06-13 21:24:25,561 - Validation score increased.  Saving model ...
2025-06-13 21:24:37,883 - {'epoch': 23, 'rec_loss': '6.6403'}
2025-06-13 21:24:42,477 - {'Epoch': 23, 'HR@5': '0.0749', 'NDCG@5': '0.0472', 'HR@10': '0.1246', 'NDCG@10': '0.0631', 'HR@20': '0.1951', 'NDCG@20': '0.0809'}
2025-06-13 21:24:42,479 - Validation score increased.  Saving model ...
2025-06-13 21:24:54,738 - {'epoch': 24, 'rec_loss': '6.5987'}
2025-06-13 21:24:59,338 - {'Epoch': 24, 'HR@5': '0.0773', 'NDCG@5': '0.0484', 'HR@10': '0.1271', 'NDCG@10': '0.0644', 'HR@20': '0.1971', 'NDCG@20': '0.0820'}
2025-06-13 21:24:59,340 - Validation score increased.  Saving model ...
2025-06-13 21:25:11,600 - {'epoch': 25, 'rec_loss': '6.5564'}
2025-06-13 21:25:16,251 - {'Epoch': 25, 'HR@5': '0.0802', 'NDCG@5': '0.0506', 'HR@10': '0.1310', 'NDCG@10': '0.0668', 'HR@20': '0.2014', 'NDCG@20': '0.0845'}
2025-06-13 21:25:16,253 - Validation score increased.  Saving model ...
2025-06-13 21:25:28,566 - {'epoch': 26, 'rec_loss': '6.5105'}
2025-06-13 21:25:33,165 - {'Epoch': 26, 'HR@5': '0.0824', 'NDCG@5': '0.0522', 'HR@10': '0.1338', 'NDCG@10': '0.0687', 'HR@20': '0.2075', 'NDCG@20': '0.0872'}
2025-06-13 21:25:33,166 - Validation score increased.  Saving model ...
2025-06-13 21:25:45,499 - {'epoch': 27, 'rec_loss': '6.4664'}
2025-06-13 21:25:50,081 - {'Epoch': 27, 'HR@5': '0.0841', 'NDCG@5': '0.0521', 'HR@10': '0.1376', 'NDCG@10': '0.0694', 'HR@20': '0.2163', 'NDCG@20': '0.0891'}
2025-06-13 21:25:50,083 - Validation score increased.  Saving model ...
2025-06-13 21:26:02,370 - {'epoch': 28, 'rec_loss': '6.4311'}
2025-06-13 21:26:06,961 - {'Epoch': 28, 'HR@5': '0.0846', 'NDCG@5': '0.0536', 'HR@10': '0.1414', 'NDCG@10': '0.0719', 'HR@20': '0.2234', 'NDCG@20': '0.0925'}
2025-06-13 21:26:06,964 - Validation score increased.  Saving model ...
2025-06-13 21:26:19,233 - {'epoch': 29, 'rec_loss': '6.3929'}
2025-06-13 21:26:23,809 - {'Epoch': 29, 'HR@5': '0.0903', 'NDCG@5': '0.0566', 'HR@10': '0.1485', 'NDCG@10': '0.0753', 'HR@20': '0.2294', 'NDCG@20': '0.0957'}
2025-06-13 21:26:23,811 - Validation score increased.  Saving model ...
2025-06-13 21:26:36,105 - {'epoch': 30, 'rec_loss': '6.3482'}
2025-06-13 21:26:40,734 - {'Epoch': 30, 'HR@5': '0.0926', 'NDCG@5': '0.0588', 'HR@10': '0.1507', 'NDCG@10': '0.0774', 'HR@20': '0.2364', 'NDCG@20': '0.0990'}
2025-06-13 21:26:40,736 - Validation score increased.  Saving model ...
2025-06-13 21:26:53,064 - {'epoch': 31, 'rec_loss': '6.3204'}
2025-06-13 21:26:57,729 - {'Epoch': 31, 'HR@5': '0.0939', 'NDCG@5': '0.0588', 'HR@10': '0.1533', 'NDCG@10': '0.0779', 'HR@20': '0.2398', 'NDCG@20': '0.0996'}
2025-06-13 21:26:57,731 - Validation score increased.  Saving model ...
2025-06-13 21:27:10,040 - {'epoch': 32, 'rec_loss': '6.2888'}
2025-06-13 21:27:14,640 - {'Epoch': 32, 'HR@5': '0.0974', 'NDCG@5': '0.0619', 'HR@10': '0.1575', 'NDCG@10': '0.0813', 'HR@20': '0.2436', 'NDCG@20': '0.1029'}
2025-06-13 21:27:14,643 - Validation score increased.  Saving model ...
2025-06-13 21:27:26,953 - {'epoch': 33, 'rec_loss': '6.2506'}
2025-06-13 21:27:31,559 - {'Epoch': 33, 'HR@5': '0.0985', 'NDCG@5': '0.0625', 'HR@10': '0.1620', 'NDCG@10': '0.0829', 'HR@20': '0.2495', 'NDCG@20': '0.1048'}
2025-06-13 21:27:31,561 - Validation score increased.  Saving model ...
2025-06-13 21:27:43,836 - {'epoch': 34, 'rec_loss': '6.2237'}
2025-06-13 21:27:48,427 - {'Epoch': 34, 'HR@5': '0.1020', 'NDCG@5': '0.0644', 'HR@10': '0.1676', 'NDCG@10': '0.0854', 'HR@20': '0.2555', 'NDCG@20': '0.1077'}
2025-06-13 21:27:48,428 - Validation score increased.  Saving model ...
2025-06-13 21:28:00,738 - {'epoch': 35, 'rec_loss': '6.2011'}
2025-06-13 21:28:05,341 - {'Epoch': 35, 'HR@5': '0.1021', 'NDCG@5': '0.0650', 'HR@10': '0.1704', 'NDCG@10': '0.0869', 'HR@20': '0.2630', 'NDCG@20': '0.1102'}
2025-06-13 21:28:05,343 - Validation score increased.  Saving model ...
2025-06-13 21:28:17,606 - {'epoch': 36, 'rec_loss': '6.1714'}
2025-06-13 21:28:22,194 - {'Epoch': 36, 'HR@5': '0.1016', 'NDCG@5': '0.0644', 'HR@10': '0.1701', 'NDCG@10': '0.0865', 'HR@20': '0.2600', 'NDCG@20': '0.1091'}
2025-06-13 21:28:22,196 - EarlyStopping counter: 1 out of 10
2025-06-13 21:28:34,550 - {'epoch': 37, 'rec_loss': '6.1447'}
2025-06-13 21:28:39,136 - {'Epoch': 37, 'HR@5': '0.1069', 'NDCG@5': '0.0684', 'HR@10': '0.1724', 'NDCG@10': '0.0894', 'HR@20': '0.2650', 'NDCG@20': '0.1128'}
2025-06-13 21:28:39,138 - Validation score increased.  Saving model ...
2025-06-13 21:28:51,580 - {'epoch': 38, 'rec_loss': '6.1346'}
2025-06-13 21:28:56,163 - {'Epoch': 38, 'HR@5': '0.1100', 'NDCG@5': '0.0697', 'HR@10': '0.1757', 'NDCG@10': '0.0907', 'HR@20': '0.2722', 'NDCG@20': '0.1151'}
2025-06-13 21:28:56,165 - Validation score increased.  Saving model ...
2025-06-13 21:29:08,538 - {'epoch': 39, 'rec_loss': '6.1017'}
2025-06-13 21:29:13,056 - {'Epoch': 39, 'HR@5': '0.1113', 'NDCG@5': '0.0714', 'HR@10': '0.1790', 'NDCG@10': '0.0932', 'HR@20': '0.2756', 'NDCG@20': '0.1176'}
2025-06-13 21:29:13,058 - Validation score increased.  Saving model ...
2025-06-13 21:29:25,332 - {'epoch': 40, 'rec_loss': '6.0849'}
2025-06-13 21:29:29,881 - {'Epoch': 40, 'HR@5': '0.1131', 'NDCG@5': '0.0730', 'HR@10': '0.1826', 'NDCG@10': '0.0952', 'HR@20': '0.2748', 'NDCG@20': '0.1185'}
2025-06-13 21:29:29,883 - Validation score increased.  Saving model ...
2025-06-13 21:29:42,215 - {'epoch': 41, 'rec_loss': '6.0628'}
2025-06-13 21:29:46,784 - {'Epoch': 41, 'HR@5': '0.1122', 'NDCG@5': '0.0723', 'HR@10': '0.1828', 'NDCG@10': '0.0949', 'HR@20': '0.2790', 'NDCG@20': '0.1192'}
2025-06-13 21:29:46,786 - Validation score increased.  Saving model ...
2025-06-13 21:29:59,164 - {'epoch': 42, 'rec_loss': '6.0422'}
2025-06-13 21:30:03,793 - {'Epoch': 42, 'HR@5': '0.1149', 'NDCG@5': '0.0728', 'HR@10': '0.1855', 'NDCG@10': '0.0955', 'HR@20': '0.2816', 'NDCG@20': '0.1198'}
2025-06-13 21:30:03,794 - Validation score increased.  Saving model ...
2025-06-13 21:30:16,034 - {'epoch': 43, 'rec_loss': '6.0237'}
2025-06-13 21:30:20,570 - {'Epoch': 43, 'HR@5': '0.1202', 'NDCG@5': '0.0767', 'HR@10': '0.1921', 'NDCG@10': '0.0998', 'HR@20': '0.2824', 'NDCG@20': '0.1225'}
2025-06-13 21:30:20,572 - Validation score increased.  Saving model ...
2025-06-13 21:30:32,858 - {'epoch': 44, 'rec_loss': '6.0063'}
2025-06-13 21:30:37,448 - {'Epoch': 44, 'HR@5': '0.1181', 'NDCG@5': '0.0752', 'HR@10': '0.1895', 'NDCG@10': '0.0982', 'HR@20': '0.2860', 'NDCG@20': '0.1226'}
2025-06-13 21:30:37,450 - Validation score increased.  Saving model ...
2025-06-13 21:30:49,726 - {'epoch': 45, 'rec_loss': '5.9957'}
2025-06-13 21:30:54,382 - {'Epoch': 45, 'HR@5': '0.1233', 'NDCG@5': '0.0775', 'HR@10': '0.1919', 'NDCG@10': '0.0996', 'HR@20': '0.2848', 'NDCG@20': '0.1231'}
2025-06-13 21:30:54,384 - Validation score increased.  Saving model ...
2025-06-13 21:31:06,630 - {'epoch': 46, 'rec_loss': '5.9731'}
2025-06-13 21:31:11,206 - {'Epoch': 46, 'HR@5': '0.1212', 'NDCG@5': '0.0758', 'HR@10': '0.1951', 'NDCG@10': '0.0996', 'HR@20': '0.2899', 'NDCG@20': '0.1235'}
2025-06-13 21:31:11,208 - Validation score increased.  Saving model ...
2025-06-13 21:31:23,490 - {'epoch': 47, 'rec_loss': '5.9592'}
2025-06-13 21:31:28,027 - {'Epoch': 47, 'HR@5': '0.1208', 'NDCG@5': '0.0765', 'HR@10': '0.1944', 'NDCG@10': '0.1002', 'HR@20': '0.2932', 'NDCG@20': '0.1251'}
2025-06-13 21:31:28,029 - Validation score increased.  Saving model ...
2025-06-13 21:31:40,274 - {'epoch': 48, 'rec_loss': '5.9537'}
2025-06-13 21:31:44,846 - {'Epoch': 48, 'HR@5': '0.1229', 'NDCG@5': '0.0777', 'HR@10': '0.1981', 'NDCG@10': '0.1020', 'HR@20': '0.2936', 'NDCG@20': '0.1261'}
2025-06-13 21:31:44,848 - Validation score increased.  Saving model ...
2025-06-13 21:31:57,130 - {'epoch': 49, 'rec_loss': '5.9406'}
2025-06-13 21:32:01,723 - {'Epoch': 49, 'HR@5': '0.1231', 'NDCG@5': '0.0780', 'HR@10': '0.1985', 'NDCG@10': '0.1022', 'HR@20': '0.2941', 'NDCG@20': '0.1263'}
2025-06-13 21:32:01,726 - Validation score increased.  Saving model ...
2025-06-13 21:32:14,121 - {'epoch': 50, 'rec_loss': '5.9187'}
2025-06-13 21:32:18,785 - {'Epoch': 50, 'HR@5': '0.1239', 'NDCG@5': '0.0797', 'HR@10': '0.1996', 'NDCG@10': '0.1040', 'HR@20': '0.2921', 'NDCG@20': '0.1273'}
2025-06-13 21:32:18,787 - Validation score increased.  Saving model ...
2025-06-13 21:32:31,185 - {'epoch': 51, 'rec_loss': '5.9145'}
2025-06-13 21:32:35,775 - {'Epoch': 51, 'HR@5': '0.1257', 'NDCG@5': '0.0803', 'HR@10': '0.1987', 'NDCG@10': '0.1040', 'HR@20': '0.2942', 'NDCG@20': '0.1279'}
2025-06-13 21:32:35,777 - Validation score increased.  Saving model ...
2025-06-13 21:32:48,100 - {'epoch': 52, 'rec_loss': '5.9081'}
2025-06-13 21:32:52,697 - {'Epoch': 52, 'HR@5': '0.1297', 'NDCG@5': '0.0818', 'HR@10': '0.2030', 'NDCG@10': '0.1053', 'HR@20': '0.2974', 'NDCG@20': '0.1291'}
2025-06-13 21:32:52,699 - Validation score increased.  Saving model ...
2025-06-13 21:33:04,988 - {'epoch': 53, 'rec_loss': '5.8974'}
2025-06-13 21:33:09,498 - {'Epoch': 53, 'HR@5': '0.1281', 'NDCG@5': '0.0823', 'HR@10': '0.2026', 'NDCG@10': '0.1062', 'HR@20': '0.3000', 'NDCG@20': '0.1307'}
2025-06-13 21:33:09,500 - Validation score increased.  Saving model ...
2025-06-13 21:33:21,734 - {'epoch': 54, 'rec_loss': '5.8847'}
2025-06-13 21:33:26,251 - {'Epoch': 54, 'HR@5': '0.1273', 'NDCG@5': '0.0813', 'HR@10': '0.2041', 'NDCG@10': '0.1059', 'HR@20': '0.3013', 'NDCG@20': '0.1304'}
2025-06-13 21:33:26,253 - EarlyStopping counter: 1 out of 10
2025-06-13 21:33:38,562 - {'epoch': 55, 'rec_loss': '5.8749'}
2025-06-13 21:33:43,083 - {'Epoch': 55, 'HR@5': '0.1288', 'NDCG@5': '0.0821', 'HR@10': '0.2076', 'NDCG@10': '0.1073', 'HR@20': '0.3030', 'NDCG@20': '0.1314'}
2025-06-13 21:33:43,085 - Validation score increased.  Saving model ...
2025-06-13 21:33:55,363 - {'epoch': 56, 'rec_loss': '5.8694'}
2025-06-13 21:33:59,956 - {'Epoch': 56, 'HR@5': '0.1314', 'NDCG@5': '0.0829', 'HR@10': '0.2053', 'NDCG@10': '0.1068', 'HR@20': '0.3044', 'NDCG@20': '0.1317'}
2025-06-13 21:33:59,958 - Validation score increased.  Saving model ...
2025-06-13 21:34:12,235 - {'epoch': 57, 'rec_loss': '5.8570'}
2025-06-13 21:34:16,787 - {'Epoch': 57, 'HR@5': '0.1285', 'NDCG@5': '0.0822', 'HR@10': '0.2071', 'NDCG@10': '0.1076', 'HR@20': '0.3038', 'NDCG@20': '0.1320'}
2025-06-13 21:34:16,790 - Validation score increased.  Saving model ...
2025-06-13 21:34:29,129 - {'epoch': 58, 'rec_loss': '5.8449'}
2025-06-13 21:34:33,697 - {'Epoch': 58, 'HR@5': '0.1303', 'NDCG@5': '0.0832', 'HR@10': '0.2064', 'NDCG@10': '0.1077', 'HR@20': '0.3048', 'NDCG@20': '0.1325'}
2025-06-13 21:34:33,699 - Validation score increased.  Saving model ...
2025-06-13 21:34:46,014 - {'epoch': 59, 'rec_loss': '5.8350'}
2025-06-13 21:34:50,698 - {'Epoch': 59, 'HR@5': '0.1318', 'NDCG@5': '0.0832', 'HR@10': '0.2071', 'NDCG@10': '0.1073', 'HR@20': '0.3042', 'NDCG@20': '0.1318'}
2025-06-13 21:34:50,699 - EarlyStopping counter: 1 out of 10
2025-06-13 21:35:02,975 - {'epoch': 60, 'rec_loss': '5.8273'}
2025-06-13 21:35:07,497 - {'Epoch': 60, 'HR@5': '0.1305', 'NDCG@5': '0.0835', 'HR@10': '0.2082', 'NDCG@10': '0.1084', 'HR@20': '0.3074', 'NDCG@20': '0.1335'}
2025-06-13 21:35:07,500 - Validation score increased.  Saving model ...
2025-06-13 21:35:19,789 - {'epoch': 61, 'rec_loss': '5.8134'}
2025-06-13 21:35:24,325 - {'Epoch': 61, 'HR@5': '0.1294', 'NDCG@5': '0.0830', 'HR@10': '0.2113', 'NDCG@10': '0.1093', 'HR@20': '0.3101', 'NDCG@20': '0.1343'}
2025-06-13 21:35:24,326 - Validation score increased.  Saving model ...
2025-06-13 21:35:36,568 - {'epoch': 62, 'rec_loss': '5.8035'}
2025-06-13 21:35:41,157 - {'Epoch': 62, 'HR@5': '0.1349', 'NDCG@5': '0.0865', 'HR@10': '0.2155', 'NDCG@10': '0.1124', 'HR@20': '0.3122', 'NDCG@20': '0.1367'}
2025-06-13 21:35:41,159 - Validation score increased.  Saving model ...
2025-06-13 21:35:53,464 - {'epoch': 63, 'rec_loss': '5.7920'}
2025-06-13 21:35:58,010 - {'Epoch': 63, 'HR@5': '0.1327', 'NDCG@5': '0.0840', 'HR@10': '0.2118', 'NDCG@10': '0.1094', 'HR@20': '0.3079', 'NDCG@20': '0.1336'}
2025-06-13 21:35:58,013 - EarlyStopping counter: 1 out of 10
2025-06-13 21:36:10,257 - {'epoch': 64, 'rec_loss': '5.7801'}
2025-06-13 21:36:14,836 - {'Epoch': 64, 'HR@5': '0.1328', 'NDCG@5': '0.0849', 'HR@10': '0.2126', 'NDCG@10': '0.1105', 'HR@20': '0.3126', 'NDCG@20': '0.1357'}
2025-06-13 21:36:14,838 - EarlyStopping counter: 2 out of 10
2025-06-13 21:36:27,156 - {'epoch': 65, 'rec_loss': '5.7820'}
2025-06-13 21:36:31,735 - {'Epoch': 65, 'HR@5': '0.1317', 'NDCG@5': '0.0854', 'HR@10': '0.2107', 'NDCG@10': '0.1109', 'HR@20': '0.3110', 'NDCG@20': '0.1362'}
2025-06-13 21:36:31,736 - EarlyStopping counter: 3 out of 10
2025-06-13 21:36:43,973 - {'epoch': 66, 'rec_loss': '5.7700'}
2025-06-13 21:36:48,576 - {'Epoch': 66, 'HR@5': '0.1329', 'NDCG@5': '0.0847', 'HR@10': '0.2113', 'NDCG@10': '0.1099', 'HR@20': '0.3108', 'NDCG@20': '0.1350'}
2025-06-13 21:36:48,578 - EarlyStopping counter: 4 out of 10
2025-06-13 21:37:00,919 - {'epoch': 67, 'rec_loss': '5.7747'}
2025-06-13 21:37:05,443 - {'Epoch': 67, 'HR@5': '0.1360', 'NDCG@5': '0.0855', 'HR@10': '0.2136', 'NDCG@10': '0.1104', 'HR@20': '0.3112', 'NDCG@20': '0.1351'}
2025-06-13 21:37:05,445 - EarlyStopping counter: 5 out of 10
2025-06-13 21:37:17,803 - {'epoch': 68, 'rec_loss': '5.7630'}
2025-06-13 21:37:22,302 - {'Epoch': 68, 'HR@5': '0.1345', 'NDCG@5': '0.0853', 'HR@10': '0.2139', 'NDCG@10': '0.1109', 'HR@20': '0.3113', 'NDCG@20': '0.1355'}
2025-06-13 21:37:22,303 - EarlyStopping counter: 6 out of 10
2025-06-13 21:37:34,525 - {'epoch': 69, 'rec_loss': '5.7465'}
2025-06-13 21:37:39,109 - {'Epoch': 69, 'HR@5': '0.1356', 'NDCG@5': '0.0864', 'HR@10': '0.2143', 'NDCG@10': '0.1118', 'HR@20': '0.3122', 'NDCG@20': '0.1365'}
2025-06-13 21:37:39,111 - EarlyStopping counter: 7 out of 10
2025-06-13 21:37:51,355 - {'epoch': 70, 'rec_loss': '5.7442'}
2025-06-13 21:37:55,789 - {'Epoch': 70, 'HR@5': '0.1345', 'NDCG@5': '0.0855', 'HR@10': '0.2132', 'NDCG@10': '0.1109', 'HR@20': '0.3124', 'NDCG@20': '0.1359'}
2025-06-13 21:37:55,790 - EarlyStopping counter: 8 out of 10
2025-06-13 21:38:08,057 - {'epoch': 71, 'rec_loss': '5.7383'}
2025-06-13 21:38:12,632 - {'Epoch': 71, 'HR@5': '0.1362', 'NDCG@5': '0.0852', 'HR@10': '0.2151', 'NDCG@10': '0.1106', 'HR@20': '0.3129', 'NDCG@20': '0.1353'}
2025-06-13 21:38:12,634 - EarlyStopping counter: 9 out of 10
2025-06-13 21:38:24,903 - {'epoch': 72, 'rec_loss': '5.7379'}
2025-06-13 21:38:29,457 - {'Epoch': 72, 'HR@5': '0.1387', 'NDCG@5': '0.0884', 'HR@10': '0.2162', 'NDCG@10': '0.1133', 'HR@20': '0.3150', 'NDCG@20': '0.1382'}
2025-06-13 21:38:29,459 - Validation score increased.  Saving model ...
2025-06-13 21:38:41,752 - {'epoch': 73, 'rec_loss': '5.7214'}
2025-06-13 21:38:46,333 - {'Epoch': 73, 'HR@5': '0.1353', 'NDCG@5': '0.0861', 'HR@10': '0.2147', 'NDCG@10': '0.1116', 'HR@20': '0.3151', 'NDCG@20': '0.1369'}
2025-06-13 21:38:46,335 - EarlyStopping counter: 1 out of 10
2025-06-13 21:38:58,677 - {'epoch': 74, 'rec_loss': '5.7062'}
2025-06-13 21:39:03,187 - {'Epoch': 74, 'HR@5': '0.1370', 'NDCG@5': '0.0865', 'HR@10': '0.2180', 'NDCG@10': '0.1126', 'HR@20': '0.3162', 'NDCG@20': '0.1373'}
2025-06-13 21:39:03,190 - EarlyStopping counter: 2 out of 10
2025-06-13 21:39:15,437 - {'epoch': 75, 'rec_loss': '5.7131'}
2025-06-13 21:39:19,954 - {'Epoch': 75, 'HR@5': '0.1381', 'NDCG@5': '0.0891', 'HR@10': '0.2171', 'NDCG@10': '0.1143', 'HR@20': '0.3150', 'NDCG@20': '0.1391'}
2025-06-13 21:39:19,955 - Validation score increased.  Saving model ...
2025-06-13 21:39:32,262 - {'epoch': 76, 'rec_loss': '5.7164'}
2025-06-13 21:39:36,812 - {'Epoch': 76, 'HR@5': '0.1396', 'NDCG@5': '0.0894', 'HR@10': '0.2182', 'NDCG@10': '0.1147', 'HR@20': '0.3166', 'NDCG@20': '0.1396'}
2025-06-13 21:39:36,814 - Validation score increased.  Saving model ...
2025-06-13 21:39:49,086 - {'epoch': 77, 'rec_loss': '5.7010'}
2025-06-13 21:39:53,650 - {'Epoch': 77, 'HR@5': '0.1380', 'NDCG@5': '0.0890', 'HR@10': '0.2178', 'NDCG@10': '0.1147', 'HR@20': '0.3169', 'NDCG@20': '0.1396'}
2025-06-13 21:39:53,652 - Validation score increased.  Saving model ...
2025-06-13 21:40:06,028 - {'epoch': 78, 'rec_loss': '5.6939'}
2025-06-13 21:40:10,595 - {'Epoch': 78, 'HR@5': '0.1389', 'NDCG@5': '0.0888', 'HR@10': '0.2176', 'NDCG@10': '0.1141', 'HR@20': '0.3153', 'NDCG@20': '0.1387'}
2025-06-13 21:40:10,598 - EarlyStopping counter: 1 out of 10
2025-06-13 21:40:22,871 - {'epoch': 79, 'rec_loss': '5.6809'}
2025-06-13 21:40:27,391 - {'Epoch': 79, 'HR@5': '0.1380', 'NDCG@5': '0.0874', 'HR@10': '0.2194', 'NDCG@10': '0.1137', 'HR@20': '0.3168', 'NDCG@20': '0.1383'}
2025-06-13 21:40:27,393 - EarlyStopping counter: 2 out of 10
2025-06-13 21:40:39,641 - {'epoch': 80, 'rec_loss': '5.6855'}
2025-06-13 21:40:44,221 - {'Epoch': 80, 'HR@5': '0.1395', 'NDCG@5': '0.0889', 'HR@10': '0.2186', 'NDCG@10': '0.1144', 'HR@20': '0.3179', 'NDCG@20': '0.1394'}
2025-06-13 21:40:44,224 - EarlyStopping counter: 3 out of 10
2025-06-13 21:40:56,686 - {'epoch': 81, 'rec_loss': '5.6800'}
2025-06-13 21:41:01,229 - {'Epoch': 81, 'HR@5': '0.1440', 'NDCG@5': '0.0919', 'HR@10': '0.2223', 'NDCG@10': '0.1172', 'HR@20': '0.3188', 'NDCG@20': '0.1415'}
2025-06-13 21:41:01,231 - Validation score increased.  Saving model ...
2025-06-13 21:41:13,529 - {'epoch': 82, 'rec_loss': '5.6694'}
2025-06-13 21:41:18,138 - {'Epoch': 82, 'HR@5': '0.1407', 'NDCG@5': '0.0899', 'HR@10': '0.2205', 'NDCG@10': '0.1156', 'HR@20': '0.3153', 'NDCG@20': '0.1395'}
2025-06-13 21:41:18,140 - EarlyStopping counter: 1 out of 10
2025-06-13 21:41:30,514 - {'epoch': 83, 'rec_loss': '5.6706'}
2025-06-13 21:41:35,001 - {'Epoch': 83, 'HR@5': '0.1396', 'NDCG@5': '0.0899', 'HR@10': '0.2177', 'NDCG@10': '0.1150', 'HR@20': '0.3178', 'NDCG@20': '0.1403'}
2025-06-13 21:41:35,003 - EarlyStopping counter: 2 out of 10
2025-06-13 21:41:47,417 - {'epoch': 84, 'rec_loss': '5.6587'}
2025-06-13 21:41:51,898 - {'Epoch': 84, 'HR@5': '0.1417', 'NDCG@5': '0.0901', 'HR@10': '0.2186', 'NDCG@10': '0.1149', 'HR@20': '0.3183', 'NDCG@20': '0.1400'}
2025-06-13 21:41:51,899 - EarlyStopping counter: 3 out of 10
2025-06-13 21:42:04,186 - {'epoch': 85, 'rec_loss': '5.6467'}
2025-06-13 21:42:08,639 - {'Epoch': 85, 'HR@5': '0.1404', 'NDCG@5': '0.0893', 'HR@10': '0.2194', 'NDCG@10': '0.1148', 'HR@20': '0.3182', 'NDCG@20': '0.1397'}
2025-06-13 21:42:08,641 - EarlyStopping counter: 4 out of 10
2025-06-13 21:42:20,960 - {'epoch': 86, 'rec_loss': '5.6482'}
2025-06-13 21:42:25,495 - {'Epoch': 86, 'HR@5': '0.1407', 'NDCG@5': '0.0904', 'HR@10': '0.2216', 'NDCG@10': '0.1164', 'HR@20': '0.3208', 'NDCG@20': '0.1414'}
2025-06-13 21:42:25,496 - EarlyStopping counter: 5 out of 10
2025-06-13 21:42:37,832 - {'epoch': 87, 'rec_loss': '5.6419'}
2025-06-13 21:42:42,325 - {'Epoch': 87, 'HR@5': '0.1407', 'NDCG@5': '0.0900', 'HR@10': '0.2199', 'NDCG@10': '0.1154', 'HR@20': '0.3170', 'NDCG@20': '0.1399'}
2025-06-13 21:42:42,327 - EarlyStopping counter: 6 out of 10
2025-06-13 21:42:54,614 - {'epoch': 88, 'rec_loss': '5.6450'}
2025-06-13 21:42:59,076 - {'Epoch': 88, 'HR@5': '0.1420', 'NDCG@5': '0.0915', 'HR@10': '0.2210', 'NDCG@10': '0.1170', 'HR@20': '0.3201', 'NDCG@20': '0.1420'}
2025-06-13 21:42:59,078 - Validation score increased.  Saving model ...
2025-06-13 21:43:11,406 - {'epoch': 89, 'rec_loss': '5.6292'}
2025-06-13 21:43:15,933 - {'Epoch': 89, 'HR@5': '0.1459', 'NDCG@5': '0.0933', 'HR@10': '0.2215', 'NDCG@10': '0.1177', 'HR@20': '0.3186', 'NDCG@20': '0.1422'}
2025-06-13 21:43:15,935 - Validation score increased.  Saving model ...
2025-06-13 21:43:28,244 - {'epoch': 90, 'rec_loss': '5.6128'}
2025-06-13 21:43:32,812 - {'Epoch': 90, 'HR@5': '0.1438', 'NDCG@5': '0.0924', 'HR@10': '0.2224', 'NDCG@10': '0.1176', 'HR@20': '0.3211', 'NDCG@20': '0.1426'}
2025-06-13 21:43:32,814 - Validation score increased.  Saving model ...
2025-06-13 21:43:45,082 - {'epoch': 91, 'rec_loss': '5.6288'}
2025-06-13 21:43:49,613 - {'Epoch': 91, 'HR@5': '0.1430', 'NDCG@5': '0.0915', 'HR@10': '0.2204', 'NDCG@10': '0.1164', 'HR@20': '0.3179', 'NDCG@20': '0.1409'}
2025-06-13 21:43:49,615 - EarlyStopping counter: 1 out of 10
2025-06-13 21:44:01,913 - {'epoch': 92, 'rec_loss': '5.6216'}
2025-06-13 21:44:06,449 - {'Epoch': 92, 'HR@5': '0.1432', 'NDCG@5': '0.0914', 'HR@10': '0.2230', 'NDCG@10': '0.1171', 'HR@20': '0.3203', 'NDCG@20': '0.1416'}
2025-06-13 21:44:06,450 - EarlyStopping counter: 2 out of 10
2025-06-13 21:44:18,752 - {'epoch': 93, 'rec_loss': '5.6099'}
2025-06-13 21:44:23,336 - {'Epoch': 93, 'HR@5': '0.1406', 'NDCG@5': '0.0906', 'HR@10': '0.2209', 'NDCG@10': '0.1165', 'HR@20': '0.3202', 'NDCG@20': '0.1416'}
2025-06-13 21:44:23,338 - EarlyStopping counter: 3 out of 10
2025-06-13 21:44:35,712 - {'epoch': 94, 'rec_loss': '5.6115'}
2025-06-13 21:44:40,215 - {'Epoch': 94, 'HR@5': '0.1417', 'NDCG@5': '0.0913', 'HR@10': '0.2181', 'NDCG@10': '0.1160', 'HR@20': '0.3206', 'NDCG@20': '0.1418'}
2025-06-13 21:44:40,217 - EarlyStopping counter: 4 out of 10
2025-06-13 21:44:52,635 - {'epoch': 95, 'rec_loss': '5.6124'}
2025-06-13 21:44:57,217 - {'Epoch': 95, 'HR@5': '0.1437', 'NDCG@5': '0.0918', 'HR@10': '0.2188', 'NDCG@10': '0.1161', 'HR@20': '0.3210', 'NDCG@20': '0.1418'}
2025-06-13 21:44:57,219 - EarlyStopping counter: 5 out of 10
2025-06-13 21:45:09,500 - {'epoch': 96, 'rec_loss': '5.5953'}
2025-06-13 21:45:14,018 - {'Epoch': 96, 'HR@5': '0.1450', 'NDCG@5': '0.0927', 'HR@10': '0.2214', 'NDCG@10': '0.1173', 'HR@20': '0.3182', 'NDCG@20': '0.1417'}
2025-06-13 21:45:14,020 - EarlyStopping counter: 6 out of 10
2025-06-13 21:45:26,321 - {'epoch': 97, 'rec_loss': '5.6022'}
2025-06-13 21:45:30,906 - {'Epoch': 97, 'HR@5': '0.1443', 'NDCG@5': '0.0931', 'HR@10': '0.2214', 'NDCG@10': '0.1180', 'HR@20': '0.3185', 'NDCG@20': '0.1425'}
2025-06-13 21:45:30,907 - EarlyStopping counter: 7 out of 10
2025-06-13 21:45:43,246 - {'epoch': 98, 'rec_loss': '5.6005'}
2025-06-13 21:45:47,858 - {'Epoch': 98, 'HR@5': '0.1435', 'NDCG@5': '0.0919', 'HR@10': '0.2240', 'NDCG@10': '0.1177', 'HR@20': '0.3195', 'NDCG@20': '0.1418'}
2025-06-13 21:45:47,860 - EarlyStopping counter: 8 out of 10
2025-06-13 21:46:00,128 - {'epoch': 99, 'rec_loss': '5.5848'}
2025-06-13 21:46:04,638 - {'Epoch': 99, 'HR@5': '0.1429', 'NDCG@5': '0.0915', 'HR@10': '0.2211', 'NDCG@10': '0.1167', 'HR@20': '0.3213', 'NDCG@20': '0.1420'}
2025-06-13 21:46:04,640 - EarlyStopping counter: 9 out of 10
2025-06-13 21:46:17,002 - {'epoch': 100, 'rec_loss': '5.5832'}
2025-06-13 21:46:21,475 - {'Epoch': 100, 'HR@5': '0.1414', 'NDCG@5': '0.0906', 'HR@10': '0.2213', 'NDCG@10': '0.1164', 'HR@20': '0.3201', 'NDCG@20': '0.1412'}
2025-06-13 21:46:21,476 - EarlyStopping counter: 10 out of 10
2025-06-13 21:46:21,476 - Early stopping
2025-06-13 21:46:21,477 - ---------------Validation Score---------------
2025-06-13 21:46:26,005 - {'Epoch': 0, 'HR@5': '0.1438', 'NDCG@5': '0.0924', 'HR@10': '0.2224', 'NDCG@10': '0.1176', 'HR@20': '0.3211', 'NDCG@20': '0.1426'}
2025-06-13 21:46:26,008 - BERT4Rec_Diginetica
2025-06-13 21:46:26,008 - {'Epoch': 0, 'HR@5': '0.1438', 'NDCG@5': '0.0924', 'HR@10': '0.2224', 'NDCG@10': '0.1176', 'HR@20': '0.3211', 'NDCG@20': '0.1426'}
