2025-06-13 22:42:38,016 - Namespace(data_dir='data/self_processed/', output_dir='hparam_search/', data_name='Diginetica', train_name='BSARec_Diginetica', num_items=10, num_users=14829, lr=0.001, batch_size=256, epochs=200, no_cuda=False, log_freq=1, patience=10, num_workers=4, seed=42, weight_decay=0.0, adam_beta1=0.9, adam_beta2=0.999, gpu_id='0', variance=5, model_type='BSARec', max_seq_length=50, hidden_size=64, num_hidden_layers=2, hidden_act='gelu', num_attention_heads=1, attention_probs_dropout_prob=0.5, hidden_dropout_prob=0.5, initializer_range=0.02, c=3, alpha=0.7, cuda_condition=True, data_file='data/self_processed/Diginetica.txt', item_size=9441, checkpoint_path=PosixPath('/gpfs/home3/scur2771/BSARec/BSARec/src/hparam_search/BSARec_Diginetica/12367757_9/model.pt'), same_target_path='data/self_processed/Diginetica_same_target.npy')
2025-06-13 22:42:38,034 - BSARecModel(
  (item_embeddings): Embedding(9441, 64, padding_idx=0)
  (position_embeddings): Embedding(50, 64)
  (LayerNorm): LayerNorm()
  (dropout): Dropout(p=0.5, inplace=False)
  (item_encoder): BSARecEncoder(
    (blocks): ModuleList(
      (0): BSARecBlock(
        (layer): BSARecLayer(
          (filter_layer): FrequencyLayer(
            (out_dropout): Dropout(p=0.5, inplace=False)
            (LayerNorm): LayerNorm()
          )
          (attention_layer): MultiHeadAttention(
            (query): Linear(in_features=64, out_features=64, bias=True)
            (key): Linear(in_features=64, out_features=64, bias=True)
            (value): Linear(in_features=64, out_features=64, bias=True)
            (softmax): Softmax(dim=-1)
            (attn_dropout): Dropout(p=0.5, inplace=False)
            (dense): Linear(in_features=64, out_features=64, bias=True)
            (LayerNorm): LayerNorm((64,), eps=1e-12, elementwise_affine=True)
            (out_dropout): Dropout(p=0.5, inplace=False)
          )
        )
        (feed_forward): FeedForward(
          (dense_1): Linear(in_features=64, out_features=256, bias=True)
          (dense_2): Linear(in_features=256, out_features=64, bias=True)
          (LayerNorm): LayerNorm()
          (dropout): Dropout(p=0.5, inplace=False)
        )
      )
      (1): BSARecBlock(
        (layer): BSARecLayer(
          (filter_layer): FrequencyLayer(
            (out_dropout): Dropout(p=0.5, inplace=False)
            (LayerNorm): LayerNorm()
          )
          (attention_layer): MultiHeadAttention(
            (query): Linear(in_features=64, out_features=64, bias=True)
            (key): Linear(in_features=64, out_features=64, bias=True)
            (value): Linear(in_features=64, out_features=64, bias=True)
            (softmax): Softmax(dim=-1)
            (attn_dropout): Dropout(p=0.5, inplace=False)
            (dense): Linear(in_features=64, out_features=64, bias=True)
            (LayerNorm): LayerNorm((64,), eps=1e-12, elementwise_affine=True)
            (out_dropout): Dropout(p=0.5, inplace=False)
          )
        )
        (feed_forward): FeedForward(
          (dense_1): Linear(in_features=64, out_features=256, bias=True)
          (dense_2): Linear(in_features=256, out_features=64, bias=True)
          (LayerNorm): LayerNorm()
          (dropout): Dropout(p=0.5, inplace=False)
        )
      )
    )
  )
)
2025-06-13 22:42:40,295 - Total Parameters: 707904
2025-06-13 22:42:48,623 - {'epoch': 0, 'rec_loss': '8.7141'}
2025-06-13 22:42:52,827 - {'Epoch': 0, 'HR@5': '0.0205', 'NDCG@5': '0.0140', 'HR@10': '0.0296', 'NDCG@10': '0.0170', 'HR@20': '0.0426', 'NDCG@20': '0.0202'}
2025-06-13 22:42:52,829 - Validation score increased.  Saving model ...
2025-06-13 22:43:00,197 - {'epoch': 1, 'rec_loss': '7.6872'}
2025-06-13 22:43:04,511 - {'Epoch': 1, 'HR@5': '0.0916', 'NDCG@5': '0.0603', 'HR@10': '0.1366', 'NDCG@10': '0.0749', 'HR@20': '0.1923', 'NDCG@20': '0.0888'}
2025-06-13 22:43:04,513 - Validation score increased.  Saving model ...
2025-06-13 22:43:11,874 - {'epoch': 2, 'rec_loss': '6.4044'}
2025-06-13 22:43:16,210 - {'Epoch': 2, 'HR@5': '0.1287', 'NDCG@5': '0.0847', 'HR@10': '0.1956', 'NDCG@10': '0.1063', 'HR@20': '0.2715', 'NDCG@20': '0.1254'}
2025-06-13 22:43:16,212 - Validation score increased.  Saving model ...
2025-06-13 22:43:23,431 - {'epoch': 3, 'rec_loss': '5.6203'}
2025-06-13 22:43:27,665 - {'Epoch': 3, 'HR@5': '0.1484', 'NDCG@5': '0.0971', 'HR@10': '0.2248', 'NDCG@10': '0.1217', 'HR@20': '0.3143', 'NDCG@20': '0.1444'}
2025-06-13 22:43:27,667 - Validation score increased.  Saving model ...
2025-06-13 22:43:34,946 - {'epoch': 4, 'rec_loss': '5.2400'}
2025-06-13 22:43:39,265 - {'Epoch': 4, 'HR@5': '0.1594', 'NDCG@5': '0.1038', 'HR@10': '0.2412', 'NDCG@10': '0.1301', 'HR@20': '0.3385', 'NDCG@20': '0.1546'}
2025-06-13 22:43:39,266 - Validation score increased.  Saving model ...
2025-06-13 22:43:46,537 - {'epoch': 5, 'rec_loss': '5.0563'}
2025-06-13 22:43:50,875 - {'Epoch': 5, 'HR@5': '0.1635', 'NDCG@5': '0.1070', 'HR@10': '0.2483', 'NDCG@10': '0.1341', 'HR@20': '0.3454', 'NDCG@20': '0.1587'}
2025-06-13 22:43:50,876 - Validation score increased.  Saving model ...
2025-06-13 22:43:58,105 - {'epoch': 6, 'rec_loss': '4.9546'}
2025-06-13 22:44:02,380 - {'Epoch': 6, 'HR@5': '0.1708', 'NDCG@5': '0.1120', 'HR@10': '0.2543', 'NDCG@10': '0.1388', 'HR@20': '0.3504', 'NDCG@20': '0.1631'}
2025-06-13 22:44:02,382 - Validation score increased.  Saving model ...
2025-06-13 22:44:09,777 - {'epoch': 7, 'rec_loss': '4.8901'}
2025-06-13 22:44:14,153 - {'Epoch': 7, 'HR@5': '0.1652', 'NDCG@5': '0.1091', 'HR@10': '0.2547', 'NDCG@10': '0.1380', 'HR@20': '0.3557', 'NDCG@20': '0.1635'}
2025-06-13 22:44:14,154 - Validation score increased.  Saving model ...
2025-06-13 22:44:21,392 - {'epoch': 8, 'rec_loss': '4.8371'}
2025-06-13 22:44:25,650 - {'Epoch': 8, 'HR@5': '0.1712', 'NDCG@5': '0.1113', 'HR@10': '0.2557', 'NDCG@10': '0.1385', 'HR@20': '0.3567', 'NDCG@20': '0.1641'}
2025-06-13 22:44:25,652 - Validation score increased.  Saving model ...
2025-06-13 22:44:32,976 - {'epoch': 9, 'rec_loss': '4.7966'}
2025-06-13 22:44:37,378 - {'Epoch': 9, 'HR@5': '0.1722', 'NDCG@5': '0.1115', 'HR@10': '0.2561', 'NDCG@10': '0.1385', 'HR@20': '0.3586', 'NDCG@20': '0.1644'}
2025-06-13 22:44:37,380 - Validation score increased.  Saving model ...
2025-06-13 22:44:44,652 - {'epoch': 10, 'rec_loss': '4.7675'}
2025-06-13 22:44:49,038 - {'Epoch': 10, 'HR@5': '0.1675', 'NDCG@5': '0.1110', 'HR@10': '0.2565', 'NDCG@10': '0.1398', 'HR@20': '0.3596', 'NDCG@20': '0.1660'}
2025-06-13 22:44:49,040 - Validation score increased.  Saving model ...
2025-06-13 22:44:56,312 - {'epoch': 11, 'rec_loss': '4.7389'}
2025-06-13 22:45:00,598 - {'Epoch': 11, 'HR@5': '0.1698', 'NDCG@5': '0.1122', 'HR@10': '0.2589', 'NDCG@10': '0.1409', 'HR@20': '0.3584', 'NDCG@20': '0.1661'}
2025-06-13 22:45:00,601 - Validation score increased.  Saving model ...
2025-06-13 22:45:07,841 - {'epoch': 12, 'rec_loss': '4.7208'}
2025-06-13 22:45:12,263 - {'Epoch': 12, 'HR@5': '0.1689', 'NDCG@5': '0.1109', 'HR@10': '0.2578', 'NDCG@10': '0.1397', 'HR@20': '0.3593', 'NDCG@20': '0.1654'}
2025-06-13 22:45:12,265 - EarlyStopping counter: 1 out of 10
2025-06-13 22:45:19,487 - {'epoch': 13, 'rec_loss': '4.7019'}
2025-06-13 22:45:23,742 - {'Epoch': 13, 'HR@5': '0.1710', 'NDCG@5': '0.1123', 'HR@10': '0.2576', 'NDCG@10': '0.1402', 'HR@20': '0.3609', 'NDCG@20': '0.1663'}
2025-06-13 22:45:23,743 - Validation score increased.  Saving model ...
2025-06-13 22:45:31,073 - {'epoch': 14, 'rec_loss': '4.6778'}
2025-06-13 22:45:35,395 - {'Epoch': 14, 'HR@5': '0.1702', 'NDCG@5': '0.1123', 'HR@10': '0.2587', 'NDCG@10': '0.1409', 'HR@20': '0.3595', 'NDCG@20': '0.1663'}
2025-06-13 22:45:35,397 - EarlyStopping counter: 1 out of 10
2025-06-13 22:45:42,668 - {'epoch': 15, 'rec_loss': '4.6687'}
2025-06-13 22:45:46,964 - {'Epoch': 15, 'HR@5': '0.1697', 'NDCG@5': '0.1122', 'HR@10': '0.2597', 'NDCG@10': '0.1412', 'HR@20': '0.3626', 'NDCG@20': '0.1673'}
2025-06-13 22:45:46,966 - Validation score increased.  Saving model ...
2025-06-13 22:45:54,155 - {'epoch': 16, 'rec_loss': '4.6485'}
2025-06-13 22:45:58,425 - {'Epoch': 16, 'HR@5': '0.1684', 'NDCG@5': '0.1103', 'HR@10': '0.2581', 'NDCG@10': '0.1393', 'HR@20': '0.3574', 'NDCG@20': '0.1644'}
2025-06-13 22:45:58,427 - EarlyStopping counter: 1 out of 10
2025-06-13 22:46:05,696 - {'epoch': 17, 'rec_loss': '4.6377'}
2025-06-13 22:46:09,970 - {'Epoch': 17, 'HR@5': '0.1714', 'NDCG@5': '0.1120', 'HR@10': '0.2588', 'NDCG@10': '0.1402', 'HR@20': '0.3586', 'NDCG@20': '0.1653'}
2025-06-13 22:46:09,973 - EarlyStopping counter: 2 out of 10
2025-06-13 22:46:17,265 - {'epoch': 18, 'rec_loss': '4.6218'}
2025-06-13 22:46:21,628 - {'Epoch': 18, 'HR@5': '0.1734', 'NDCG@5': '0.1141', 'HR@10': '0.2590', 'NDCG@10': '0.1417', 'HR@20': '0.3580', 'NDCG@20': '0.1667'}
2025-06-13 22:46:21,628 - EarlyStopping counter: 3 out of 10
2025-06-13 22:46:28,894 - {'epoch': 19, 'rec_loss': '4.6125'}
2025-06-13 22:46:33,261 - {'Epoch': 19, 'HR@5': '0.1716', 'NDCG@5': '0.1118', 'HR@10': '0.2569', 'NDCG@10': '0.1393', 'HR@20': '0.3582', 'NDCG@20': '0.1650'}
2025-06-13 22:46:33,265 - EarlyStopping counter: 4 out of 10
2025-06-13 22:46:40,480 - {'epoch': 20, 'rec_loss': '4.6045'}
2025-06-13 22:46:44,750 - {'Epoch': 20, 'HR@5': '0.1739', 'NDCG@5': '0.1130', 'HR@10': '0.2610', 'NDCG@10': '0.1410', 'HR@20': '0.3615', 'NDCG@20': '0.1665'}
2025-06-13 22:46:44,751 - EarlyStopping counter: 5 out of 10
2025-06-13 22:46:52,063 - {'epoch': 21, 'rec_loss': '4.5916'}
2025-06-13 22:46:56,407 - {'Epoch': 21, 'HR@5': '0.1745', 'NDCG@5': '0.1137', 'HR@10': '0.2608', 'NDCG@10': '0.1415', 'HR@20': '0.3604', 'NDCG@20': '0.1667'}
2025-06-13 22:46:56,409 - EarlyStopping counter: 6 out of 10
2025-06-13 22:47:03,625 - {'epoch': 22, 'rec_loss': '4.5845'}
2025-06-13 22:47:07,914 - {'Epoch': 22, 'HR@5': '0.1741', 'NDCG@5': '0.1133', 'HR@10': '0.2599', 'NDCG@10': '0.1410', 'HR@20': '0.3614', 'NDCG@20': '0.1667'}
2025-06-13 22:47:07,916 - EarlyStopping counter: 7 out of 10
2025-06-13 22:47:15,205 - {'epoch': 23, 'rec_loss': '4.5713'}
2025-06-13 22:47:19,447 - {'Epoch': 23, 'HR@5': '0.1719', 'NDCG@5': '0.1112', 'HR@10': '0.2563', 'NDCG@10': '0.1383', 'HR@20': '0.3572', 'NDCG@20': '0.1638'}
2025-06-13 22:47:19,449 - EarlyStopping counter: 8 out of 10
2025-06-13 22:47:26,631 - {'epoch': 24, 'rec_loss': '4.5653'}
2025-06-13 22:47:30,954 - {'Epoch': 24, 'HR@5': '0.1706', 'NDCG@5': '0.1118', 'HR@10': '0.2565', 'NDCG@10': '0.1395', 'HR@20': '0.3591', 'NDCG@20': '0.1654'}
2025-06-13 22:47:30,956 - EarlyStopping counter: 9 out of 10
2025-06-13 22:47:38,217 - {'epoch': 25, 'rec_loss': '4.5519'}
2025-06-13 22:47:42,485 - {'Epoch': 25, 'HR@5': '0.1756', 'NDCG@5': '0.1148', 'HR@10': '0.2594', 'NDCG@10': '0.1418', 'HR@20': '0.3608', 'NDCG@20': '0.1674'}
2025-06-13 22:47:42,487 - Validation score increased.  Saving model ...
2025-06-13 22:47:49,682 - {'epoch': 26, 'rec_loss': '4.5488'}
2025-06-13 22:47:54,010 - {'Epoch': 26, 'HR@5': '0.1716', 'NDCG@5': '0.1125', 'HR@10': '0.2588', 'NDCG@10': '0.1406', 'HR@20': '0.3562', 'NDCG@20': '0.1653'}
2025-06-13 22:47:54,011 - EarlyStopping counter: 1 out of 10
2025-06-13 22:48:01,223 - {'epoch': 27, 'rec_loss': '4.5402'}
2025-06-13 22:48:05,592 - {'Epoch': 27, 'HR@5': '0.1704', 'NDCG@5': '0.1118', 'HR@10': '0.2605', 'NDCG@10': '0.1408', 'HR@20': '0.3607', 'NDCG@20': '0.1661'}
2025-06-13 22:48:05,595 - EarlyStopping counter: 2 out of 10
2025-06-13 22:48:12,799 - {'epoch': 28, 'rec_loss': '4.5271'}
2025-06-13 22:48:17,109 - {'Epoch': 28, 'HR@5': '0.1732', 'NDCG@5': '0.1134', 'HR@10': '0.2620', 'NDCG@10': '0.1420', 'HR@20': '0.3615', 'NDCG@20': '0.1671'}
2025-06-13 22:48:17,111 - EarlyStopping counter: 3 out of 10
2025-06-13 22:48:24,300 - {'epoch': 29, 'rec_loss': '4.5225'}
2025-06-13 22:48:28,605 - {'Epoch': 29, 'HR@5': '0.1692', 'NDCG@5': '0.1118', 'HR@10': '0.2576', 'NDCG@10': '0.1402', 'HR@20': '0.3542', 'NDCG@20': '0.1646'}
2025-06-13 22:48:28,606 - EarlyStopping counter: 4 out of 10
2025-06-13 22:48:35,745 - {'epoch': 30, 'rec_loss': '4.5215'}
2025-06-13 22:48:40,037 - {'Epoch': 30, 'HR@5': '0.1703', 'NDCG@5': '0.1118', 'HR@10': '0.2574', 'NDCG@10': '0.1399', 'HR@20': '0.3587', 'NDCG@20': '0.1655'}
2025-06-13 22:48:40,039 - EarlyStopping counter: 5 out of 10
2025-06-13 22:48:47,378 - {'epoch': 31, 'rec_loss': '4.5106'}
2025-06-13 22:48:51,715 - {'Epoch': 31, 'HR@5': '0.1698', 'NDCG@5': '0.1115', 'HR@10': '0.2594', 'NDCG@10': '0.1404', 'HR@20': '0.3604', 'NDCG@20': '0.1659'}
2025-06-13 22:48:51,716 - EarlyStopping counter: 6 out of 10
2025-06-13 22:48:58,940 - {'epoch': 32, 'rec_loss': '4.5061'}
2025-06-13 22:49:03,228 - {'Epoch': 32, 'HR@5': '0.1697', 'NDCG@5': '0.1102', 'HR@10': '0.2607', 'NDCG@10': '0.1394', 'HR@20': '0.3612', 'NDCG@20': '0.1648'}
2025-06-13 22:49:03,230 - EarlyStopping counter: 7 out of 10
2025-06-13 22:49:10,602 - {'epoch': 33, 'rec_loss': '4.4964'}
2025-06-13 22:49:14,927 - {'Epoch': 33, 'HR@5': '0.1697', 'NDCG@5': '0.1103', 'HR@10': '0.2580', 'NDCG@10': '0.1388', 'HR@20': '0.3611', 'NDCG@20': '0.1647'}
2025-06-13 22:49:14,928 - EarlyStopping counter: 8 out of 10
2025-06-13 22:49:22,129 - {'epoch': 34, 'rec_loss': '4.4968'}
2025-06-13 22:49:26,373 - {'Epoch': 34, 'HR@5': '0.1735', 'NDCG@5': '0.1126', 'HR@10': '0.2609', 'NDCG@10': '0.1408', 'HR@20': '0.3622', 'NDCG@20': '0.1664'}
2025-06-13 22:49:26,375 - EarlyStopping counter: 9 out of 10
2025-06-13 22:49:33,580 - {'epoch': 35, 'rec_loss': '4.4844'}
2025-06-13 22:49:37,899 - {'Epoch': 35, 'HR@5': '0.1728', 'NDCG@5': '0.1122', 'HR@10': '0.2585', 'NDCG@10': '0.1398', 'HR@20': '0.3582', 'NDCG@20': '0.1650'}
2025-06-13 22:49:37,900 - EarlyStopping counter: 10 out of 10
2025-06-13 22:49:37,900 - Early stopping
2025-06-13 22:49:37,900 - ---------------Validation Score---------------
2025-06-13 22:49:42,145 - {'Epoch': 0, 'HR@5': '0.1756', 'NDCG@5': '0.1148', 'HR@10': '0.2594', 'NDCG@10': '0.1418', 'HR@20': '0.3608', 'NDCG@20': '0.1674'}
2025-06-13 22:49:42,146 - BSARec_Diginetica
2025-06-13 22:49:42,146 - {'Epoch': 0, 'HR@5': '0.1756', 'NDCG@5': '0.1148', 'HR@10': '0.2594', 'NDCG@10': '0.1418', 'HR@20': '0.3608', 'NDCG@20': '0.1674'}
