2025-06-13 20:16:37,279 - Namespace(data_dir='data/self_processed/', output_dir='hparam_search/', data_name='Diginetica', train_name='DuoRec_Diginetica', num_items=10, num_users=14829, lr=0.0005, batch_size=256, epochs=200, no_cuda=False, log_freq=1, patience=10, num_workers=4, seed=42, weight_decay=0.0, adam_beta1=0.9, adam_beta2=0.999, gpu_id='0', variance=5, model_type='DuoRec', max_seq_length=50, hidden_size=64, num_hidden_layers=2, hidden_act='gelu', num_attention_heads=1, attention_probs_dropout_prob=0.5, hidden_dropout_prob=0.5, initializer_range=0.02, tau=1.0, lmd=0.1, lmd_sem=0.1, ssl='us_x', sim='dot', cuda_condition=True, data_file='data/self_processed/Diginetica.txt', item_size=9441, checkpoint_path=PosixPath('/gpfs/home3/scur2771/BSARec/BSARec/src/hparam_search/DuoRec_Diginetica/12364443_4/model.pt'), same_target_path='data/self_processed/Diginetica_same_target.npy')
2025-06-13 20:16:37,326 - DuoRecModel(
  (item_embeddings): Embedding(9441, 64, padding_idx=0)
  (position_embeddings): Embedding(50, 64)
  (LayerNorm): LayerNorm()
  (dropout): Dropout(p=0.5, inplace=False)
  (item_encoder): TransformerEncoder(
    (blocks): ModuleList(
      (0): TransformerBlock(
        (layer): MultiHeadAttention(
          (query): Linear(in_features=64, out_features=64, bias=True)
          (key): Linear(in_features=64, out_features=64, bias=True)
          (value): Linear(in_features=64, out_features=64, bias=True)
          (softmax): Softmax(dim=-1)
          (attn_dropout): Dropout(p=0.5, inplace=False)
          (dense): Linear(in_features=64, out_features=64, bias=True)
          (LayerNorm): LayerNorm((64,), eps=1e-12, elementwise_affine=True)
          (out_dropout): Dropout(p=0.5, inplace=False)
        )
        (feed_forward): FeedForward(
          (dense_1): Linear(in_features=64, out_features=256, bias=True)
          (dense_2): Linear(in_features=256, out_features=64, bias=True)
          (LayerNorm): LayerNorm()
          (dropout): Dropout(p=0.5, inplace=False)
        )
      )
      (1): TransformerBlock(
        (layer): MultiHeadAttention(
          (query): Linear(in_features=64, out_features=64, bias=True)
          (key): Linear(in_features=64, out_features=64, bias=True)
          (value): Linear(in_features=64, out_features=64, bias=True)
          (softmax): Softmax(dim=-1)
          (attn_dropout): Dropout(p=0.5, inplace=False)
          (dense): Linear(in_features=64, out_features=64, bias=True)
          (LayerNorm): LayerNorm((64,), eps=1e-12, elementwise_affine=True)
          (out_dropout): Dropout(p=0.5, inplace=False)
        )
        (feed_forward): FeedForward(
          (dense_1): Linear(in_features=64, out_features=256, bias=True)
          (dense_2): Linear(in_features=256, out_features=64, bias=True)
          (LayerNorm): LayerNorm()
          (dropout): Dropout(p=0.5, inplace=False)
        )
      )
    )
  )
  (aug_nce_fct): CrossEntropyLoss()
)
2025-06-13 20:16:40,782 - Total Parameters: 707520
2025-06-13 20:16:52,878 - {'epoch': 0, 'rec_loss': '9.7469'}
2025-06-13 20:16:57,276 - {'Epoch': 0, 'HR@5': '0.0032', 'NDCG@5': '0.0019', 'HR@10': '0.0055', 'NDCG@10': '0.0026', 'HR@20': '0.0094', 'NDCG@20': '0.0036'}
2025-06-13 20:16:57,278 - Validation score increased.  Saving model ...
2025-06-13 20:17:08,362 - {'epoch': 1, 'rec_loss': '9.4997'}
2025-06-13 20:17:12,662 - {'Epoch': 1, 'HR@5': '0.0033', 'NDCG@5': '0.0019', 'HR@10': '0.0049', 'NDCG@10': '0.0024', 'HR@20': '0.0095', 'NDCG@20': '0.0035'}
2025-06-13 20:17:12,663 - EarlyStopping counter: 1 out of 10
2025-06-13 20:17:23,749 - {'epoch': 2, 'rec_loss': '9.4619'}
2025-06-13 20:17:27,922 - {'Epoch': 2, 'HR@5': '0.0036', 'NDCG@5': '0.0020', 'HR@10': '0.0055', 'NDCG@10': '0.0026', 'HR@20': '0.0092', 'NDCG@20': '0.0036'}
2025-06-13 20:17:27,923 - EarlyStopping counter: 2 out of 10
2025-06-13 20:17:39,547 - {'epoch': 3, 'rec_loss': '9.4066'}
2025-06-13 20:17:43,891 - {'Epoch': 3, 'HR@5': '0.0035', 'NDCG@5': '0.0021', 'HR@10': '0.0059', 'NDCG@10': '0.0029', 'HR@20': '0.0096', 'NDCG@20': '0.0039'}
2025-06-13 20:17:43,894 - Validation score increased.  Saving model ...
2025-06-13 20:17:55,453 - {'epoch': 4, 'rec_loss': '9.2747'}
2025-06-13 20:17:59,785 - {'Epoch': 4, 'HR@5': '0.0055', 'NDCG@5': '0.0033', 'HR@10': '0.0103', 'NDCG@10': '0.0049', 'HR@20': '0.0163', 'NDCG@20': '0.0064'}
2025-06-13 20:17:59,787 - Validation score increased.  Saving model ...
2025-06-13 20:18:11,484 - {'epoch': 5, 'rec_loss': '9.0275'}
2025-06-13 20:18:15,836 - {'Epoch': 5, 'HR@5': '0.0201', 'NDCG@5': '0.0140', 'HR@10': '0.0327', 'NDCG@10': '0.0180', 'HR@20': '0.0502', 'NDCG@20': '0.0224'}
2025-06-13 20:18:15,838 - Validation score increased.  Saving model ...
2025-06-13 20:18:27,419 - {'epoch': 6, 'rec_loss': '8.7192'}
2025-06-13 20:18:31,712 - {'Epoch': 6, 'HR@5': '0.0480', 'NDCG@5': '0.0322', 'HR@10': '0.0703', 'NDCG@10': '0.0393', 'HR@20': '0.1008', 'NDCG@20': '0.0471'}
2025-06-13 20:18:31,713 - Validation score increased.  Saving model ...
2025-06-13 20:18:43,291 - {'epoch': 7, 'rec_loss': '8.4270'}
2025-06-13 20:18:47,628 - {'Epoch': 7, 'HR@5': '0.0676', 'NDCG@5': '0.0441', 'HR@10': '0.1027', 'NDCG@10': '0.0555', 'HR@20': '0.1457', 'NDCG@20': '0.0663'}
2025-06-13 20:18:47,630 - Validation score increased.  Saving model ...
2025-06-13 20:18:59,325 - {'epoch': 8, 'rec_loss': '8.1599'}
2025-06-13 20:19:03,640 - {'Epoch': 8, 'HR@5': '0.0767', 'NDCG@5': '0.0501', 'HR@10': '0.1215', 'NDCG@10': '0.0645', 'HR@20': '0.1739', 'NDCG@20': '0.0777'}
2025-06-13 20:19:03,640 - Validation score increased.  Saving model ...
2025-06-13 20:19:15,302 - {'epoch': 9, 'rec_loss': '7.9037'}
2025-06-13 20:19:19,563 - {'Epoch': 9, 'HR@5': '0.0882', 'NDCG@5': '0.0567', 'HR@10': '0.1374', 'NDCG@10': '0.0725', 'HR@20': '0.1998', 'NDCG@20': '0.0882'}
2025-06-13 20:19:19,564 - Validation score increased.  Saving model ...
2025-06-13 20:19:31,322 - {'epoch': 10, 'rec_loss': '7.6741'}
2025-06-13 20:19:35,607 - {'Epoch': 10, 'HR@5': '0.0941', 'NDCG@5': '0.0614', 'HR@10': '0.1469', 'NDCG@10': '0.0784', 'HR@20': '0.2127', 'NDCG@20': '0.0949'}
2025-06-13 20:19:35,609 - Validation score increased.  Saving model ...
2025-06-13 20:19:47,385 - {'epoch': 11, 'rec_loss': '7.4771'}
2025-06-13 20:19:51,605 - {'Epoch': 11, 'HR@5': '0.1006', 'NDCG@5': '0.0660', 'HR@10': '0.1572', 'NDCG@10': '0.0843', 'HR@20': '0.2281', 'NDCG@20': '0.1021'}
2025-06-13 20:19:51,607 - Validation score increased.  Saving model ...
2025-06-13 20:20:03,328 - {'epoch': 12, 'rec_loss': '7.3051'}
2025-06-13 20:20:07,598 - {'Epoch': 12, 'HR@5': '0.1078', 'NDCG@5': '0.0709', 'HR@10': '0.1646', 'NDCG@10': '0.0891', 'HR@20': '0.2407', 'NDCG@20': '0.1083'}
2025-06-13 20:20:07,600 - Validation score increased.  Saving model ...
2025-06-13 20:20:19,207 - {'epoch': 13, 'rec_loss': '7.1490'}
2025-06-13 20:20:23,440 - {'Epoch': 13, 'HR@5': '0.1125', 'NDCG@5': '0.0737', 'HR@10': '0.1709', 'NDCG@10': '0.0925', 'HR@20': '0.2491', 'NDCG@20': '0.1122'}
2025-06-13 20:20:23,441 - Validation score increased.  Saving model ...
2025-06-13 20:20:35,052 - {'epoch': 14, 'rec_loss': '7.0023'}
2025-06-13 20:20:39,298 - {'Epoch': 14, 'HR@5': '0.1174', 'NDCG@5': '0.0774', 'HR@10': '0.1795', 'NDCG@10': '0.0973', 'HR@20': '0.2588', 'NDCG@20': '0.1172'}
2025-06-13 20:20:39,299 - Validation score increased.  Saving model ...
2025-06-13 20:20:50,896 - {'epoch': 15, 'rec_loss': '6.8853'}
2025-06-13 20:20:55,086 - {'Epoch': 15, 'HR@5': '0.1213', 'NDCG@5': '0.0798', 'HR@10': '0.1863', 'NDCG@10': '0.1006', 'HR@20': '0.2675', 'NDCG@20': '0.1210'}
2025-06-13 20:20:55,088 - Validation score increased.  Saving model ...
2025-06-13 20:21:06,762 - {'epoch': 16, 'rec_loss': '6.7718'}
2025-06-13 20:21:11,070 - {'Epoch': 16, 'HR@5': '0.1242', 'NDCG@5': '0.0818', 'HR@10': '0.1909', 'NDCG@10': '0.1032', 'HR@20': '0.2758', 'NDCG@20': '0.1246'}
2025-06-13 20:21:11,070 - Validation score increased.  Saving model ...
2025-06-13 20:21:22,734 - {'epoch': 17, 'rec_loss': '6.6717'}
2025-06-13 20:21:27,039 - {'Epoch': 17, 'HR@5': '0.1271', 'NDCG@5': '0.0836', 'HR@10': '0.1971', 'NDCG@10': '0.1060', 'HR@20': '0.2814', 'NDCG@20': '0.1273'}
2025-06-13 20:21:27,042 - Validation score increased.  Saving model ...
2025-06-13 20:21:38,658 - {'epoch': 18, 'rec_loss': '6.5759'}
2025-06-13 20:21:42,904 - {'Epoch': 18, 'HR@5': '0.1294', 'NDCG@5': '0.0855', 'HR@10': '0.2014', 'NDCG@10': '0.1086', 'HR@20': '0.2878', 'NDCG@20': '0.1304'}
2025-06-13 20:21:42,906 - Validation score increased.  Saving model ...
2025-06-13 20:21:54,478 - {'epoch': 19, 'rec_loss': '6.5031'}
2025-06-13 20:21:58,680 - {'Epoch': 19, 'HR@5': '0.1320', 'NDCG@5': '0.0877', 'HR@10': '0.2061', 'NDCG@10': '0.1115', 'HR@20': '0.2921', 'NDCG@20': '0.1332'}
2025-06-13 20:21:58,681 - Validation score increased.  Saving model ...
2025-06-13 20:22:10,207 - {'epoch': 20, 'rec_loss': '6.4188'}
2025-06-13 20:22:14,495 - {'Epoch': 20, 'HR@5': '0.1363', 'NDCG@5': '0.0896', 'HR@10': '0.2077', 'NDCG@10': '0.1126', 'HR@20': '0.2967', 'NDCG@20': '0.1351'}
2025-06-13 20:22:14,496 - Validation score increased.  Saving model ...
2025-06-13 20:22:26,109 - {'epoch': 21, 'rec_loss': '6.3518'}
2025-06-13 20:22:30,387 - {'Epoch': 21, 'HR@5': '0.1399', 'NDCG@5': '0.0919', 'HR@10': '0.2130', 'NDCG@10': '0.1154', 'HR@20': '0.3010', 'NDCG@20': '0.1376'}
2025-06-13 20:22:30,391 - Validation score increased.  Saving model ...
2025-06-13 20:22:42,015 - {'epoch': 22, 'rec_loss': '6.2842'}
2025-06-13 20:22:46,269 - {'Epoch': 22, 'HR@5': '0.1419', 'NDCG@5': '0.0932', 'HR@10': '0.2159', 'NDCG@10': '0.1171', 'HR@20': '0.3047', 'NDCG@20': '0.1395'}
2025-06-13 20:22:46,270 - Validation score increased.  Saving model ...
2025-06-13 20:22:57,922 - {'epoch': 23, 'rec_loss': '6.2195'}
2025-06-13 20:23:02,169 - {'Epoch': 23, 'HR@5': '0.1451', 'NDCG@5': '0.0950', 'HR@10': '0.2194', 'NDCG@10': '0.1188', 'HR@20': '0.3075', 'NDCG@20': '0.1411'}
2025-06-13 20:23:02,170 - Validation score increased.  Saving model ...
2025-06-13 20:23:13,866 - {'epoch': 24, 'rec_loss': '6.1637'}
2025-06-13 20:23:18,095 - {'Epoch': 24, 'HR@5': '0.1460', 'NDCG@5': '0.0962', 'HR@10': '0.2211', 'NDCG@10': '0.1203', 'HR@20': '0.3124', 'NDCG@20': '0.1433'}
2025-06-13 20:23:18,097 - Validation score increased.  Saving model ...
2025-06-13 20:23:29,777 - {'epoch': 25, 'rec_loss': '6.1102'}
2025-06-13 20:23:34,008 - {'Epoch': 25, 'HR@5': '0.1474', 'NDCG@5': '0.0974', 'HR@10': '0.2235', 'NDCG@10': '0.1219', 'HR@20': '0.3163', 'NDCG@20': '0.1453'}
2025-06-13 20:23:34,011 - Validation score increased.  Saving model ...
2025-06-13 20:23:45,583 - {'epoch': 26, 'rec_loss': '6.0606'}
2025-06-13 20:23:49,795 - {'Epoch': 26, 'HR@5': '0.1488', 'NDCG@5': '0.0980', 'HR@10': '0.2249', 'NDCG@10': '0.1225', 'HR@20': '0.3178', 'NDCG@20': '0.1461'}
2025-06-13 20:23:49,797 - Validation score increased.  Saving model ...
2025-06-13 20:24:01,366 - {'epoch': 27, 'rec_loss': '6.0208'}
2025-06-13 20:24:05,673 - {'Epoch': 27, 'HR@5': '0.1506', 'NDCG@5': '0.0995', 'HR@10': '0.2293', 'NDCG@10': '0.1249', 'HR@20': '0.3222', 'NDCG@20': '0.1483'}
2025-06-13 20:24:05,675 - Validation score increased.  Saving model ...
2025-06-13 20:24:17,351 - {'epoch': 28, 'rec_loss': '5.9693'}
2025-06-13 20:24:21,628 - {'Epoch': 28, 'HR@5': '0.1528', 'NDCG@5': '0.1009', 'HR@10': '0.2313', 'NDCG@10': '0.1262', 'HR@20': '0.3255', 'NDCG@20': '0.1499'}
2025-06-13 20:24:21,629 - Validation score increased.  Saving model ...
2025-06-13 20:24:33,253 - {'epoch': 29, 'rec_loss': '5.9308'}
2025-06-13 20:24:37,485 - {'Epoch': 29, 'HR@5': '0.1526', 'NDCG@5': '0.1014', 'HR@10': '0.2341', 'NDCG@10': '0.1277', 'HR@20': '0.3278', 'NDCG@20': '0.1513'}
2025-06-13 20:24:37,486 - Validation score increased.  Saving model ...
2025-06-13 20:24:49,192 - {'epoch': 30, 'rec_loss': '5.8957'}
2025-06-13 20:24:53,500 - {'Epoch': 30, 'HR@5': '0.1545', 'NDCG@5': '0.1021', 'HR@10': '0.2358', 'NDCG@10': '0.1283', 'HR@20': '0.3294', 'NDCG@20': '0.1519'}
2025-06-13 20:24:53,501 - Validation score increased.  Saving model ...
2025-06-13 20:25:05,125 - {'epoch': 31, 'rec_loss': '5.8603'}
2025-06-13 20:25:09,400 - {'Epoch': 31, 'HR@5': '0.1550', 'NDCG@5': '0.1024', 'HR@10': '0.2363', 'NDCG@10': '0.1286', 'HR@20': '0.3313', 'NDCG@20': '0.1526'}
2025-06-13 20:25:09,401 - Validation score increased.  Saving model ...
2025-06-13 20:25:21,068 - {'epoch': 32, 'rec_loss': '5.8234'}
2025-06-13 20:25:25,365 - {'Epoch': 32, 'HR@5': '0.1568', 'NDCG@5': '0.1041', 'HR@10': '0.2397', 'NDCG@10': '0.1308', 'HR@20': '0.3325', 'NDCG@20': '0.1542'}
2025-06-13 20:25:25,365 - Validation score increased.  Saving model ...
2025-06-13 20:25:37,040 - {'epoch': 33, 'rec_loss': '5.7911'}
2025-06-13 20:25:41,313 - {'Epoch': 33, 'HR@5': '0.1573', 'NDCG@5': '0.1044', 'HR@10': '0.2391', 'NDCG@10': '0.1308', 'HR@20': '0.3342', 'NDCG@20': '0.1548'}
2025-06-13 20:25:41,314 - Validation score increased.  Saving model ...
2025-06-13 20:25:52,902 - {'epoch': 34, 'rec_loss': '5.7593'}
2025-06-13 20:25:57,186 - {'Epoch': 34, 'HR@5': '0.1579', 'NDCG@5': '0.1044', 'HR@10': '0.2408', 'NDCG@10': '0.1311', 'HR@20': '0.3352', 'NDCG@20': '0.1550'}
2025-06-13 20:25:57,190 - Validation score increased.  Saving model ...
2025-06-13 20:26:08,830 - {'epoch': 35, 'rec_loss': '5.7282'}
2025-06-13 20:26:13,054 - {'Epoch': 35, 'HR@5': '0.1590', 'NDCG@5': '0.1049', 'HR@10': '0.2411', 'NDCG@10': '0.1313', 'HR@20': '0.3370', 'NDCG@20': '0.1556'}
2025-06-13 20:26:13,055 - Validation score increased.  Saving model ...
2025-06-13 20:26:24,555 - {'epoch': 36, 'rec_loss': '5.7002'}
2025-06-13 20:26:28,816 - {'Epoch': 36, 'HR@5': '0.1595', 'NDCG@5': '0.1055', 'HR@10': '0.2436', 'NDCG@10': '0.1325', 'HR@20': '0.3388', 'NDCG@20': '0.1566'}
2025-06-13 20:26:28,818 - Validation score increased.  Saving model ...
2025-06-13 20:26:40,480 - {'epoch': 37, 'rec_loss': '5.6714'}
2025-06-13 20:26:44,784 - {'Epoch': 37, 'HR@5': '0.1616', 'NDCG@5': '0.1063', 'HR@10': '0.2455', 'NDCG@10': '0.1333', 'HR@20': '0.3411', 'NDCG@20': '0.1574'}
2025-06-13 20:26:44,786 - Validation score increased.  Saving model ...
2025-06-13 20:26:56,552 - {'epoch': 38, 'rec_loss': '5.6457'}
2025-06-13 20:27:00,856 - {'Epoch': 38, 'HR@5': '0.1624', 'NDCG@5': '0.1068', 'HR@10': '0.2443', 'NDCG@10': '0.1332', 'HR@20': '0.3425', 'NDCG@20': '0.1580'}
2025-06-13 20:27:00,857 - Validation score increased.  Saving model ...
2025-06-13 20:27:12,644 - {'epoch': 39, 'rec_loss': '5.6226'}
2025-06-13 20:27:16,974 - {'Epoch': 39, 'HR@5': '0.1628', 'NDCG@5': '0.1078', 'HR@10': '0.2466', 'NDCG@10': '0.1348', 'HR@20': '0.3414', 'NDCG@20': '0.1588'}
2025-06-13 20:27:16,975 - Validation score increased.  Saving model ...
2025-06-13 20:27:28,620 - {'epoch': 40, 'rec_loss': '5.5987'}
2025-06-13 20:27:32,903 - {'Epoch': 40, 'HR@5': '0.1629', 'NDCG@5': '0.1075', 'HR@10': '0.2478', 'NDCG@10': '0.1347', 'HR@20': '0.3419', 'NDCG@20': '0.1585'}
2025-06-13 20:27:32,905 - EarlyStopping counter: 1 out of 10
2025-06-13 20:27:44,462 - {'epoch': 41, 'rec_loss': '5.5747'}
2025-06-13 20:27:48,644 - {'Epoch': 41, 'HR@5': '0.1627', 'NDCG@5': '0.1076', 'HR@10': '0.2466', 'NDCG@10': '0.1347', 'HR@20': '0.3451', 'NDCG@20': '0.1596'}
2025-06-13 20:27:48,646 - Validation score increased.  Saving model ...
2025-06-13 20:28:00,193 - {'epoch': 42, 'rec_loss': '5.5568'}
2025-06-13 20:28:04,516 - {'Epoch': 42, 'HR@5': '0.1644', 'NDCG@5': '0.1090', 'HR@10': '0.2484', 'NDCG@10': '0.1361', 'HR@20': '0.3454', 'NDCG@20': '0.1606'}
2025-06-13 20:28:04,518 - Validation score increased.  Saving model ...
2025-06-13 20:28:16,118 - {'epoch': 43, 'rec_loss': '5.5380'}
2025-06-13 20:28:20,380 - {'Epoch': 43, 'HR@5': '0.1660', 'NDCG@5': '0.1094', 'HR@10': '0.2480', 'NDCG@10': '0.1358', 'HR@20': '0.3454', 'NDCG@20': '0.1605'}
2025-06-13 20:28:20,382 - EarlyStopping counter: 1 out of 10
2025-06-13 20:28:32,176 - {'epoch': 44, 'rec_loss': '5.5134'}
2025-06-13 20:28:36,429 - {'Epoch': 44, 'HR@5': '0.1647', 'NDCG@5': '0.1087', 'HR@10': '0.2493', 'NDCG@10': '0.1360', 'HR@20': '0.3463', 'NDCG@20': '0.1605'}
2025-06-13 20:28:36,429 - EarlyStopping counter: 2 out of 10
2025-06-13 20:28:48,114 - {'epoch': 45, 'rec_loss': '5.4928'}
2025-06-13 20:28:52,359 - {'Epoch': 45, 'HR@5': '0.1643', 'NDCG@5': '0.1091', 'HR@10': '0.2499', 'NDCG@10': '0.1367', 'HR@20': '0.3475', 'NDCG@20': '0.1614'}
2025-06-13 20:28:52,360 - Validation score increased.  Saving model ...
2025-06-13 20:29:03,953 - {'epoch': 46, 'rec_loss': '5.4746'}
2025-06-13 20:29:08,234 - {'Epoch': 46, 'HR@5': '0.1644', 'NDCG@5': '0.1092', 'HR@10': '0.2502', 'NDCG@10': '0.1370', 'HR@20': '0.3477', 'NDCG@20': '0.1616'}
2025-06-13 20:29:08,235 - Validation score increased.  Saving model ...
2025-06-13 20:29:19,917 - {'epoch': 47, 'rec_loss': '5.4618'}
2025-06-13 20:29:24,158 - {'Epoch': 47, 'HR@5': '0.1659', 'NDCG@5': '0.1105', 'HR@10': '0.2503', 'NDCG@10': '0.1377', 'HR@20': '0.3501', 'NDCG@20': '0.1630'}
2025-06-13 20:29:24,163 - Validation score increased.  Saving model ...
2025-06-13 20:29:35,890 - {'epoch': 48, 'rec_loss': '5.4405'}
2025-06-13 20:29:40,216 - {'Epoch': 48, 'HR@5': '0.1672', 'NDCG@5': '0.1108', 'HR@10': '0.2520', 'NDCG@10': '0.1382', 'HR@20': '0.3505', 'NDCG@20': '0.1631'}
2025-06-13 20:29:40,218 - Validation score increased.  Saving model ...
2025-06-13 20:29:51,772 - {'epoch': 49, 'rec_loss': '5.4235'}
2025-06-13 20:29:56,074 - {'Epoch': 49, 'HR@5': '0.1679', 'NDCG@5': '0.1106', 'HR@10': '0.2513', 'NDCG@10': '0.1375', 'HR@20': '0.3510', 'NDCG@20': '0.1628'}
2025-06-13 20:29:56,076 - EarlyStopping counter: 1 out of 10
2025-06-13 20:30:07,636 - {'epoch': 50, 'rec_loss': '5.4067'}
2025-06-13 20:30:11,908 - {'Epoch': 50, 'HR@5': '0.1674', 'NDCG@5': '0.1109', 'HR@10': '0.2530', 'NDCG@10': '0.1385', 'HR@20': '0.3532', 'NDCG@20': '0.1639'}
2025-06-13 20:30:11,908 - Validation score increased.  Saving model ...
2025-06-13 20:30:23,423 - {'epoch': 51, 'rec_loss': '5.3937'}
2025-06-13 20:30:27,750 - {'Epoch': 51, 'HR@5': '0.1666', 'NDCG@5': '0.1104', 'HR@10': '0.2520', 'NDCG@10': '0.1380', 'HR@20': '0.3532', 'NDCG@20': '0.1636'}
2025-06-13 20:30:27,752 - EarlyStopping counter: 1 out of 10
2025-06-13 20:30:39,416 - {'epoch': 52, 'rec_loss': '5.3836'}
2025-06-13 20:30:43,735 - {'Epoch': 52, 'HR@5': '0.1664', 'NDCG@5': '0.1102', 'HR@10': '0.2530', 'NDCG@10': '0.1382', 'HR@20': '0.3524', 'NDCG@20': '0.1634'}
2025-06-13 20:30:43,737 - EarlyStopping counter: 2 out of 10
2025-06-13 20:30:55,416 - {'epoch': 53, 'rec_loss': '5.3651'}
2025-06-13 20:30:59,792 - {'Epoch': 53, 'HR@5': '0.1651', 'NDCG@5': '0.1102', 'HR@10': '0.2537', 'NDCG@10': '0.1388', 'HR@20': '0.3533', 'NDCG@20': '0.1640'}
2025-06-13 20:30:59,794 - Validation score increased.  Saving model ...
2025-06-13 20:31:11,390 - {'epoch': 54, 'rec_loss': '5.3506'}
2025-06-13 20:31:15,638 - {'Epoch': 54, 'HR@5': '0.1679', 'NDCG@5': '0.1114', 'HR@10': '0.2541', 'NDCG@10': '0.1392', 'HR@20': '0.3527', 'NDCG@20': '0.1642'}
2025-06-13 20:31:15,640 - Validation score increased.  Saving model ...
2025-06-13 20:31:27,283 - {'epoch': 55, 'rec_loss': '5.3356'}
2025-06-13 20:31:31,525 - {'Epoch': 55, 'HR@5': '0.1689', 'NDCG@5': '0.1114', 'HR@10': '0.2544', 'NDCG@10': '0.1390', 'HR@20': '0.3553', 'NDCG@20': '0.1646'}
2025-06-13 20:31:31,526 - Validation score increased.  Saving model ...
2025-06-13 20:31:43,144 - {'epoch': 56, 'rec_loss': '5.3223'}
2025-06-13 20:31:47,501 - {'Epoch': 56, 'HR@5': '0.1686', 'NDCG@5': '0.1112', 'HR@10': '0.2546', 'NDCG@10': '0.1390', 'HR@20': '0.3553', 'NDCG@20': '0.1644'}
2025-06-13 20:31:47,503 - EarlyStopping counter: 1 out of 10
2025-06-13 20:31:59,084 - {'epoch': 57, 'rec_loss': '5.3129'}
2025-06-13 20:32:03,357 - {'Epoch': 57, 'HR@5': '0.1706', 'NDCG@5': '0.1120', 'HR@10': '0.2546', 'NDCG@10': '0.1391', 'HR@20': '0.3575', 'NDCG@20': '0.1652'}
2025-06-13 20:32:03,358 - Validation score increased.  Saving model ...
2025-06-13 20:32:15,087 - {'epoch': 58, 'rec_loss': '5.3016'}
2025-06-13 20:32:19,435 - {'Epoch': 58, 'HR@5': '0.1698', 'NDCG@5': '0.1120', 'HR@10': '0.2549', 'NDCG@10': '0.1395', 'HR@20': '0.3561', 'NDCG@20': '0.1650'}
2025-06-13 20:32:19,436 - EarlyStopping counter: 1 out of 10
2025-06-13 20:32:31,061 - {'epoch': 59, 'rec_loss': '5.2891'}
2025-06-13 20:32:35,406 - {'Epoch': 59, 'HR@5': '0.1693', 'NDCG@5': '0.1120', 'HR@10': '0.2564', 'NDCG@10': '0.1401', 'HR@20': '0.3568', 'NDCG@20': '0.1655'}
2025-06-13 20:32:35,406 - Validation score increased.  Saving model ...
2025-06-13 20:32:46,967 - {'epoch': 60, 'rec_loss': '5.2799'}
2025-06-13 20:32:51,248 - {'Epoch': 60, 'HR@5': '0.1686', 'NDCG@5': '0.1118', 'HR@10': '0.2575', 'NDCG@10': '0.1404', 'HR@20': '0.3561', 'NDCG@20': '0.1654'}
2025-06-13 20:32:51,253 - EarlyStopping counter: 1 out of 10
2025-06-13 20:33:02,749 - {'epoch': 61, 'rec_loss': '5.2656'}
2025-06-13 20:33:07,093 - {'Epoch': 61, 'HR@5': '0.1687', 'NDCG@5': '0.1119', 'HR@10': '0.2573', 'NDCG@10': '0.1404', 'HR@20': '0.3568', 'NDCG@20': '0.1656'}
2025-06-13 20:33:07,094 - Validation score increased.  Saving model ...
2025-06-13 20:33:18,680 - {'epoch': 62, 'rec_loss': '5.2551'}
2025-06-13 20:33:22,973 - {'Epoch': 62, 'HR@5': '0.1692', 'NDCG@5': '0.1121', 'HR@10': '0.2565', 'NDCG@10': '0.1403', 'HR@20': '0.3570', 'NDCG@20': '0.1658'}
2025-06-13 20:33:22,974 - Validation score increased.  Saving model ...
2025-06-13 20:33:34,653 - {'epoch': 63, 'rec_loss': '5.2440'}
2025-06-13 20:33:38,976 - {'Epoch': 63, 'HR@5': '0.1700', 'NDCG@5': '0.1126', 'HR@10': '0.2563', 'NDCG@10': '0.1404', 'HR@20': '0.3582', 'NDCG@20': '0.1662'}
2025-06-13 20:33:38,977 - Validation score increased.  Saving model ...
2025-06-13 20:33:50,527 - {'epoch': 64, 'rec_loss': '5.2304'}
2025-06-13 20:33:54,817 - {'Epoch': 64, 'HR@5': '0.1712', 'NDCG@5': '0.1129', 'HR@10': '0.2576', 'NDCG@10': '0.1407', 'HR@20': '0.3569', 'NDCG@20': '0.1659'}
2025-06-13 20:33:54,818 - EarlyStopping counter: 1 out of 10
2025-06-13 20:34:06,419 - {'epoch': 65, 'rec_loss': '5.2245'}
2025-06-13 20:34:10,709 - {'Epoch': 65, 'HR@5': '0.1699', 'NDCG@5': '0.1125', 'HR@10': '0.2584', 'NDCG@10': '0.1410', 'HR@20': '0.3571', 'NDCG@20': '0.1660'}
2025-06-13 20:34:10,710 - EarlyStopping counter: 2 out of 10
2025-06-13 20:34:22,269 - {'epoch': 66, 'rec_loss': '5.2210'}
2025-06-13 20:34:26,506 - {'Epoch': 66, 'HR@5': '0.1693', 'NDCG@5': '0.1122', 'HR@10': '0.2579', 'NDCG@10': '0.1409', 'HR@20': '0.3584', 'NDCG@20': '0.1663'}
2025-06-13 20:34:26,508 - Validation score increased.  Saving model ...
2025-06-13 20:34:38,049 - {'epoch': 67, 'rec_loss': '5.2092'}
2025-06-13 20:34:42,316 - {'Epoch': 67, 'HR@5': '0.1701', 'NDCG@5': '0.1130', 'HR@10': '0.2584', 'NDCG@10': '0.1416', 'HR@20': '0.3579', 'NDCG@20': '0.1668'}
2025-06-13 20:34:42,317 - Validation score increased.  Saving model ...
2025-06-13 20:34:53,887 - {'epoch': 68, 'rec_loss': '5.2018'}
2025-06-13 20:34:58,113 - {'Epoch': 68, 'HR@5': '0.1705', 'NDCG@5': '0.1126', 'HR@10': '0.2579', 'NDCG@10': '0.1408', 'HR@20': '0.3586', 'NDCG@20': '0.1663'}
2025-06-13 20:34:58,115 - EarlyStopping counter: 1 out of 10
2025-06-13 20:35:09,660 - {'epoch': 69, 'rec_loss': '5.1882'}
2025-06-13 20:35:13,894 - {'Epoch': 69, 'HR@5': '0.1708', 'NDCG@5': '0.1132', 'HR@10': '0.2579', 'NDCG@10': '0.1414', 'HR@20': '0.3579', 'NDCG@20': '0.1667'}
2025-06-13 20:35:13,895 - EarlyStopping counter: 2 out of 10
2025-06-13 20:35:25,431 - {'epoch': 70, 'rec_loss': '5.1756'}
2025-06-13 20:35:29,686 - {'Epoch': 70, 'HR@5': '0.1714', 'NDCG@5': '0.1128', 'HR@10': '0.2589', 'NDCG@10': '0.1410', 'HR@20': '0.3597', 'NDCG@20': '0.1665'}
2025-06-13 20:35:29,687 - EarlyStopping counter: 3 out of 10
2025-06-13 20:35:41,441 - {'epoch': 71, 'rec_loss': '5.1722'}
2025-06-13 20:35:45,811 - {'Epoch': 71, 'HR@5': '0.1706', 'NDCG@5': '0.1131', 'HR@10': '0.2591', 'NDCG@10': '0.1417', 'HR@20': '0.3592', 'NDCG@20': '0.1670'}
2025-06-13 20:35:45,814 - Validation score increased.  Saving model ...
2025-06-13 20:35:57,406 - {'epoch': 72, 'rec_loss': '5.1635'}
2025-06-13 20:36:01,610 - {'Epoch': 72, 'HR@5': '0.1702', 'NDCG@5': '0.1129', 'HR@10': '0.2599', 'NDCG@10': '0.1418', 'HR@20': '0.3597', 'NDCG@20': '0.1670'}
2025-06-13 20:36:01,613 - Validation score increased.  Saving model ...
2025-06-13 20:36:13,450 - {'epoch': 73, 'rec_loss': '5.1523'}
2025-06-13 20:36:17,767 - {'Epoch': 73, 'HR@5': '0.1716', 'NDCG@5': '0.1133', 'HR@10': '0.2599', 'NDCG@10': '0.1418', 'HR@20': '0.3604', 'NDCG@20': '0.1673'}
2025-06-13 20:36:17,768 - Validation score increased.  Saving model ...
2025-06-13 20:36:29,347 - {'epoch': 74, 'rec_loss': '5.1482'}
2025-06-13 20:36:33,570 - {'Epoch': 74, 'HR@5': '0.1705', 'NDCG@5': '0.1130', 'HR@10': '0.2595', 'NDCG@10': '0.1417', 'HR@20': '0.3605', 'NDCG@20': '0.1673'}
2025-06-13 20:36:33,573 - Validation score increased.  Saving model ...
2025-06-13 20:36:45,106 - {'epoch': 75, 'rec_loss': '5.1397'}
2025-06-13 20:36:49,421 - {'Epoch': 75, 'HR@5': '0.1710', 'NDCG@5': '0.1134', 'HR@10': '0.2612', 'NDCG@10': '0.1424', 'HR@20': '0.3609', 'NDCG@20': '0.1677'}
2025-06-13 20:36:49,422 - Validation score increased.  Saving model ...
2025-06-13 20:37:00,999 - {'epoch': 76, 'rec_loss': '5.1304'}
2025-06-13 20:37:05,364 - {'Epoch': 76, 'HR@5': '0.1712', 'NDCG@5': '0.1128', 'HR@10': '0.2596', 'NDCG@10': '0.1414', 'HR@20': '0.3595', 'NDCG@20': '0.1667'}
2025-06-13 20:37:05,365 - EarlyStopping counter: 1 out of 10
2025-06-13 20:37:17,060 - {'epoch': 77, 'rec_loss': '5.1252'}
2025-06-13 20:37:21,428 - {'Epoch': 77, 'HR@5': '0.1731', 'NDCG@5': '0.1140', 'HR@10': '0.2602', 'NDCG@10': '0.1420', 'HR@20': '0.3601', 'NDCG@20': '0.1673'}
2025-06-13 20:37:21,428 - EarlyStopping counter: 2 out of 10
2025-06-13 20:37:32,937 - {'epoch': 78, 'rec_loss': '5.1134'}
2025-06-13 20:37:37,258 - {'Epoch': 78, 'HR@5': '0.1704', 'NDCG@5': '0.1137', 'HR@10': '0.2599', 'NDCG@10': '0.1426', 'HR@20': '0.3609', 'NDCG@20': '0.1681'}
2025-06-13 20:37:37,260 - Validation score increased.  Saving model ...
2025-06-13 20:37:48,839 - {'epoch': 79, 'rec_loss': '5.1113'}
2025-06-13 20:37:53,112 - {'Epoch': 79, 'HR@5': '0.1717', 'NDCG@5': '0.1133', 'HR@10': '0.2590', 'NDCG@10': '0.1415', 'HR@20': '0.3609', 'NDCG@20': '0.1673'}
2025-06-13 20:37:53,113 - EarlyStopping counter: 1 out of 10
2025-06-13 20:38:04,622 - {'epoch': 80, 'rec_loss': '5.1034'}
2025-06-13 20:38:08,856 - {'Epoch': 80, 'HR@5': '0.1718', 'NDCG@5': '0.1137', 'HR@10': '0.2598', 'NDCG@10': '0.1422', 'HR@20': '0.3611', 'NDCG@20': '0.1678'}
2025-06-13 20:38:08,859 - EarlyStopping counter: 2 out of 10
2025-06-13 20:38:20,457 - {'epoch': 81, 'rec_loss': '5.0990'}
2025-06-13 20:38:24,799 - {'Epoch': 81, 'HR@5': '0.1711', 'NDCG@5': '0.1129', 'HR@10': '0.2599', 'NDCG@10': '0.1416', 'HR@20': '0.3599', 'NDCG@20': '0.1670'}
2025-06-13 20:38:24,799 - EarlyStopping counter: 3 out of 10
2025-06-13 20:38:36,455 - {'epoch': 82, 'rec_loss': '5.0920'}
2025-06-13 20:38:40,773 - {'Epoch': 82, 'HR@5': '0.1714', 'NDCG@5': '0.1135', 'HR@10': '0.2621', 'NDCG@10': '0.1428', 'HR@20': '0.3603', 'NDCG@20': '0.1676'}
2025-06-13 20:38:40,777 - EarlyStopping counter: 4 out of 10
2025-06-13 20:38:52,425 - {'epoch': 83, 'rec_loss': '5.0825'}
2025-06-13 20:38:56,740 - {'Epoch': 83, 'HR@5': '0.1716', 'NDCG@5': '0.1137', 'HR@10': '0.2603', 'NDCG@10': '0.1424', 'HR@20': '0.3614', 'NDCG@20': '0.1680'}
2025-06-13 20:38:56,742 - EarlyStopping counter: 5 out of 10
2025-06-13 20:39:08,502 - {'epoch': 84, 'rec_loss': '5.0787'}
2025-06-13 20:39:12,768 - {'Epoch': 84, 'HR@5': '0.1702', 'NDCG@5': '0.1128', 'HR@10': '0.2603', 'NDCG@10': '0.1419', 'HR@20': '0.3608', 'NDCG@20': '0.1673'}
2025-06-13 20:39:12,771 - EarlyStopping counter: 6 out of 10
2025-06-13 20:39:24,249 - {'epoch': 85, 'rec_loss': '5.0717'}
2025-06-13 20:39:28,587 - {'Epoch': 85, 'HR@5': '0.1706', 'NDCG@5': '0.1132', 'HR@10': '0.2602', 'NDCG@10': '0.1421', 'HR@20': '0.3611', 'NDCG@20': '0.1676'}
2025-06-13 20:39:28,589 - EarlyStopping counter: 7 out of 10
2025-06-13 20:39:40,240 - {'epoch': 86, 'rec_loss': '5.0607'}
2025-06-13 20:39:44,525 - {'Epoch': 86, 'HR@5': '0.1708', 'NDCG@5': '0.1133', 'HR@10': '0.2616', 'NDCG@10': '0.1425', 'HR@20': '0.3622', 'NDCG@20': '0.1679'}
2025-06-13 20:39:44,526 - EarlyStopping counter: 8 out of 10
2025-06-13 20:39:56,225 - {'epoch': 87, 'rec_loss': '5.0625'}
2025-06-13 20:40:00,521 - {'Epoch': 87, 'HR@5': '0.1707', 'NDCG@5': '0.1137', 'HR@10': '0.2622', 'NDCG@10': '0.1433', 'HR@20': '0.3620', 'NDCG@20': '0.1685'}
2025-06-13 20:40:00,523 - Validation score increased.  Saving model ...
2025-06-13 20:40:12,168 - {'epoch': 88, 'rec_loss': '5.0571'}
2025-06-13 20:40:16,436 - {'Epoch': 88, 'HR@5': '0.1702', 'NDCG@5': '0.1132', 'HR@10': '0.2606', 'NDCG@10': '0.1424', 'HR@20': '0.3615', 'NDCG@20': '0.1680'}
2025-06-13 20:40:16,438 - EarlyStopping counter: 1 out of 10
2025-06-13 20:40:28,096 - {'epoch': 89, 'rec_loss': '5.0541'}
2025-06-13 20:40:32,406 - {'Epoch': 89, 'HR@5': '0.1706', 'NDCG@5': '0.1131', 'HR@10': '0.2617', 'NDCG@10': '0.1425', 'HR@20': '0.3620', 'NDCG@20': '0.1679'}
2025-06-13 20:40:32,407 - EarlyStopping counter: 2 out of 10
2025-06-13 20:40:44,008 - {'epoch': 90, 'rec_loss': '5.0483'}
2025-06-13 20:40:48,339 - {'Epoch': 90, 'HR@5': '0.1711', 'NDCG@5': '0.1132', 'HR@10': '0.2621', 'NDCG@10': '0.1426', 'HR@20': '0.3620', 'NDCG@20': '0.1678'}
2025-06-13 20:40:48,341 - EarlyStopping counter: 3 out of 10
2025-06-13 20:40:59,917 - {'epoch': 91, 'rec_loss': '5.0413'}
2025-06-13 20:41:04,188 - {'Epoch': 91, 'HR@5': '0.1702', 'NDCG@5': '0.1130', 'HR@10': '0.2611', 'NDCG@10': '0.1424', 'HR@20': '0.3620', 'NDCG@20': '0.1680'}
2025-06-13 20:41:04,192 - EarlyStopping counter: 4 out of 10
2025-06-13 20:41:15,824 - {'epoch': 92, 'rec_loss': '5.0381'}
2025-06-13 20:41:20,073 - {'Epoch': 92, 'HR@5': '0.1715', 'NDCG@5': '0.1136', 'HR@10': '0.2617', 'NDCG@10': '0.1427', 'HR@20': '0.3619', 'NDCG@20': '0.1681'}
2025-06-13 20:41:20,075 - EarlyStopping counter: 5 out of 10
2025-06-13 20:41:31,620 - {'epoch': 93, 'rec_loss': '5.0283'}
2025-06-13 20:41:35,941 - {'Epoch': 93, 'HR@5': '0.1718', 'NDCG@5': '0.1135', 'HR@10': '0.2629', 'NDCG@10': '0.1429', 'HR@20': '0.3620', 'NDCG@20': '0.1679'}
2025-06-13 20:41:35,942 - EarlyStopping counter: 6 out of 10
2025-06-13 20:41:47,555 - {'epoch': 94, 'rec_loss': '5.0288'}
2025-06-13 20:41:51,843 - {'Epoch': 94, 'HR@5': '0.1711', 'NDCG@5': '0.1136', 'HR@10': '0.2609', 'NDCG@10': '0.1426', 'HR@20': '0.3631', 'NDCG@20': '0.1684'}
2025-06-13 20:41:51,845 - EarlyStopping counter: 7 out of 10
2025-06-13 20:42:03,479 - {'epoch': 95, 'rec_loss': '5.0214'}
2025-06-13 20:42:07,780 - {'Epoch': 95, 'HR@5': '0.1709', 'NDCG@5': '0.1130', 'HR@10': '0.2617', 'NDCG@10': '0.1423', 'HR@20': '0.3624', 'NDCG@20': '0.1677'}
2025-06-13 20:42:07,782 - EarlyStopping counter: 8 out of 10
2025-06-13 20:42:19,390 - {'epoch': 96, 'rec_loss': '5.0145'}
2025-06-13 20:42:23,609 - {'Epoch': 96, 'HR@5': '0.1714', 'NDCG@5': '0.1133', 'HR@10': '0.2613', 'NDCG@10': '0.1424', 'HR@20': '0.3622', 'NDCG@20': '0.1679'}
2025-06-13 20:42:23,611 - EarlyStopping counter: 9 out of 10
2025-06-13 20:42:35,096 - {'epoch': 97, 'rec_loss': '5.0117'}
2025-06-13 20:42:39,355 - {'Epoch': 97, 'HR@5': '0.1711', 'NDCG@5': '0.1135', 'HR@10': '0.2621', 'NDCG@10': '0.1429', 'HR@20': '0.3633', 'NDCG@20': '0.1684'}
2025-06-13 20:42:39,356 - EarlyStopping counter: 10 out of 10
2025-06-13 20:42:39,356 - Early stopping
2025-06-13 20:42:39,357 - ---------------Validation Score---------------
2025-06-13 20:42:43,677 - {'Epoch': 0, 'HR@5': '0.1707', 'NDCG@5': '0.1137', 'HR@10': '0.2622', 'NDCG@10': '0.1433', 'HR@20': '0.3620', 'NDCG@20': '0.1685'}
2025-06-13 20:42:43,679 - DuoRec_Diginetica
2025-06-13 20:42:43,679 - {'Epoch': 0, 'HR@5': '0.1707', 'NDCG@5': '0.1137', 'HR@10': '0.2622', 'NDCG@10': '0.1433', 'HR@20': '0.3620', 'NDCG@20': '0.1685'}
