2025-06-13 23:25:57,835 - Namespace(data_dir='data/self_processed/', output_dir='hparam_search/', data_name='Diginetica', train_name='BSARec_Diginetica', num_items=10, num_users=14829, lr=0.001, batch_size=256, epochs=200, no_cuda=False, log_freq=1, patience=10, num_workers=4, seed=42, weight_decay=0.0, adam_beta1=0.9, adam_beta2=0.999, gpu_id='0', variance=5, model_type='BSARec', max_seq_length=50, hidden_size=64, num_hidden_layers=2, hidden_act='gelu', num_attention_heads=4, attention_probs_dropout_prob=0.5, hidden_dropout_prob=0.5, initializer_range=0.02, c=1, alpha=0.1, cuda_condition=True, data_file='data/self_processed/Diginetica.txt', item_size=9441, checkpoint_path=PosixPath('/gpfs/home3/scur2771/BSARec/BSARec/src/hparam_search/BSARec_Diginetica/12367757_51/model.pt'), same_target_path='data/self_processed/Diginetica_same_target.npy')
2025-06-13 23:25:57,853 - BSARecModel(
  (item_embeddings): Embedding(9441, 64, padding_idx=0)
  (position_embeddings): Embedding(50, 64)
  (LayerNorm): LayerNorm()
  (dropout): Dropout(p=0.5, inplace=False)
  (item_encoder): BSARecEncoder(
    (blocks): ModuleList(
      (0): BSARecBlock(
        (layer): BSARecLayer(
          (filter_layer): FrequencyLayer(
            (out_dropout): Dropout(p=0.5, inplace=False)
            (LayerNorm): LayerNorm()
          )
          (attention_layer): MultiHeadAttention(
            (query): Linear(in_features=64, out_features=64, bias=True)
            (key): Linear(in_features=64, out_features=64, bias=True)
            (value): Linear(in_features=64, out_features=64, bias=True)
            (softmax): Softmax(dim=-1)
            (attn_dropout): Dropout(p=0.5, inplace=False)
            (dense): Linear(in_features=64, out_features=64, bias=True)
            (LayerNorm): LayerNorm((64,), eps=1e-12, elementwise_affine=True)
            (out_dropout): Dropout(p=0.5, inplace=False)
          )
        )
        (feed_forward): FeedForward(
          (dense_1): Linear(in_features=64, out_features=256, bias=True)
          (dense_2): Linear(in_features=256, out_features=64, bias=True)
          (LayerNorm): LayerNorm()
          (dropout): Dropout(p=0.5, inplace=False)
        )
      )
      (1): BSARecBlock(
        (layer): BSARecLayer(
          (filter_layer): FrequencyLayer(
            (out_dropout): Dropout(p=0.5, inplace=False)
            (LayerNorm): LayerNorm()
          )
          (attention_layer): MultiHeadAttention(
            (query): Linear(in_features=64, out_features=64, bias=True)
            (key): Linear(in_features=64, out_features=64, bias=True)
            (value): Linear(in_features=64, out_features=64, bias=True)
            (softmax): Softmax(dim=-1)
            (attn_dropout): Dropout(p=0.5, inplace=False)
            (dense): Linear(in_features=64, out_features=64, bias=True)
            (LayerNorm): LayerNorm((64,), eps=1e-12, elementwise_affine=True)
            (out_dropout): Dropout(p=0.5, inplace=False)
          )
        )
        (feed_forward): FeedForward(
          (dense_1): Linear(in_features=64, out_features=256, bias=True)
          (dense_2): Linear(in_features=256, out_features=64, bias=True)
          (LayerNorm): LayerNorm()
          (dropout): Dropout(p=0.5, inplace=False)
        )
      )
    )
  )
)
2025-06-13 23:26:00,028 - Total Parameters: 707904
2025-06-13 23:26:08,722 - {'epoch': 0, 'rec_loss': '8.6621'}
2025-06-13 23:26:13,023 - {'Epoch': 0, 'HR@5': '0.0382', 'NDCG@5': '0.0256', 'HR@10': '0.0568', 'NDCG@10': '0.0316', 'HR@20': '0.0750', 'NDCG@20': '0.0361'}
2025-06-13 23:26:13,024 - Validation score increased.  Saving model ...
2025-06-13 23:26:20,634 - {'epoch': 1, 'rec_loss': '7.4469'}
2025-06-13 23:26:24,938 - {'Epoch': 1, 'HR@5': '0.1041', 'NDCG@5': '0.0682', 'HR@10': '0.1544', 'NDCG@10': '0.0844', 'HR@20': '0.2183', 'NDCG@20': '0.1005'}
2025-06-13 23:26:24,939 - Validation score increased.  Saving model ...
2025-06-13 23:26:32,727 - {'epoch': 2, 'rec_loss': '6.2030'}
2025-06-13 23:26:36,992 - {'Epoch': 2, 'HR@5': '0.1358', 'NDCG@5': '0.0888', 'HR@10': '0.2004', 'NDCG@10': '0.1096', 'HR@20': '0.2838', 'NDCG@20': '0.1307'}
2025-06-13 23:26:36,995 - Validation score increased.  Saving model ...
2025-06-13 23:26:44,584 - {'epoch': 3, 'rec_loss': '5.5294'}
2025-06-13 23:26:48,942 - {'Epoch': 3, 'HR@5': '0.1511', 'NDCG@5': '0.0991', 'HR@10': '0.2278', 'NDCG@10': '0.1238', 'HR@20': '0.3212', 'NDCG@20': '0.1474'}
2025-06-13 23:26:48,943 - Validation score increased.  Saving model ...
2025-06-13 23:26:56,567 - {'epoch': 4, 'rec_loss': '5.2052'}
2025-06-13 23:27:00,861 - {'Epoch': 4, 'HR@5': '0.1581', 'NDCG@5': '0.1032', 'HR@10': '0.2411', 'NDCG@10': '0.1300', 'HR@20': '0.3367', 'NDCG@20': '0.1541'}
2025-06-13 23:27:00,863 - Validation score increased.  Saving model ...
2025-06-13 23:27:08,347 - {'epoch': 5, 'rec_loss': '5.0464'}
2025-06-13 23:27:12,687 - {'Epoch': 5, 'HR@5': '0.1640', 'NDCG@5': '0.1075', 'HR@10': '0.2463', 'NDCG@10': '0.1340', 'HR@20': '0.3441', 'NDCG@20': '0.1587'}
2025-06-13 23:27:12,689 - Validation score increased.  Saving model ...
2025-06-13 23:27:20,336 - {'epoch': 6, 'rec_loss': '4.9606'}
2025-06-13 23:27:24,650 - {'Epoch': 6, 'HR@5': '0.1666', 'NDCG@5': '0.1086', 'HR@10': '0.2505', 'NDCG@10': '0.1356', 'HR@20': '0.3501', 'NDCG@20': '0.1608'}
2025-06-13 23:27:24,651 - Validation score increased.  Saving model ...
2025-06-13 23:27:32,331 - {'epoch': 7, 'rec_loss': '4.9060'}
2025-06-13 23:27:36,666 - {'Epoch': 7, 'HR@5': '0.1637', 'NDCG@5': '0.1076', 'HR@10': '0.2538', 'NDCG@10': '0.1366', 'HR@20': '0.3522', 'NDCG@20': '0.1614'}
2025-06-13 23:27:36,668 - Validation score increased.  Saving model ...
2025-06-13 23:27:44,071 - {'epoch': 8, 'rec_loss': '4.8580'}
2025-06-13 23:27:48,445 - {'Epoch': 8, 'HR@5': '0.1654', 'NDCG@5': '0.1079', 'HR@10': '0.2551', 'NDCG@10': '0.1368', 'HR@20': '0.3554', 'NDCG@20': '0.1621'}
2025-06-13 23:27:48,446 - Validation score increased.  Saving model ...
2025-06-13 23:27:55,908 - {'epoch': 9, 'rec_loss': '4.8258'}
2025-06-13 23:28:00,189 - {'Epoch': 9, 'HR@5': '0.1688', 'NDCG@5': '0.1104', 'HR@10': '0.2536', 'NDCG@10': '0.1377', 'HR@20': '0.3568', 'NDCG@20': '0.1638'}
2025-06-13 23:28:00,191 - Validation score increased.  Saving model ...
2025-06-13 23:28:07,774 - {'epoch': 10, 'rec_loss': '4.7961'}
2025-06-13 23:28:12,111 - {'Epoch': 10, 'HR@5': '0.1677', 'NDCG@5': '0.1097', 'HR@10': '0.2547', 'NDCG@10': '0.1377', 'HR@20': '0.3591', 'NDCG@20': '0.1640'}
2025-06-13 23:28:12,113 - Validation score increased.  Saving model ...
2025-06-13 23:28:19,636 - {'epoch': 11, 'rec_loss': '4.7743'}
2025-06-13 23:28:23,943 - {'Epoch': 11, 'HR@5': '0.1662', 'NDCG@5': '0.1095', 'HR@10': '0.2598', 'NDCG@10': '0.1397', 'HR@20': '0.3584', 'NDCG@20': '0.1646'}
2025-06-13 23:28:23,945 - Validation score increased.  Saving model ...
2025-06-13 23:28:31,609 - {'epoch': 12, 'rec_loss': '4.7515'}
2025-06-13 23:28:35,913 - {'Epoch': 12, 'HR@5': '0.1660', 'NDCG@5': '0.1100', 'HR@10': '0.2561', 'NDCG@10': '0.1389', 'HR@20': '0.3604', 'NDCG@20': '0.1653'}
2025-06-13 23:28:35,914 - Validation score increased.  Saving model ...
2025-06-13 23:28:43,415 - {'epoch': 13, 'rec_loss': '4.7379'}
2025-06-13 23:28:47,808 - {'Epoch': 13, 'HR@5': '0.1690', 'NDCG@5': '0.1108', 'HR@10': '0.2580', 'NDCG@10': '0.1394', 'HR@20': '0.3568', 'NDCG@20': '0.1644'}
2025-06-13 23:28:47,809 - EarlyStopping counter: 1 out of 10
2025-06-13 23:28:55,292 - {'epoch': 14, 'rec_loss': '4.7152'}
2025-06-13 23:28:59,812 - {'Epoch': 14, 'HR@5': '0.1713', 'NDCG@5': '0.1114', 'HR@10': '0.2555', 'NDCG@10': '0.1385', 'HR@20': '0.3591', 'NDCG@20': '0.1646'}
2025-06-13 23:28:59,814 - EarlyStopping counter: 2 out of 10
2025-06-13 23:29:07,314 - {'epoch': 15, 'rec_loss': '4.7023'}
2025-06-13 23:29:11,634 - {'Epoch': 15, 'HR@5': '0.1681', 'NDCG@5': '0.1105', 'HR@10': '0.2570', 'NDCG@10': '0.1392', 'HR@20': '0.3605', 'NDCG@20': '0.1654'}
2025-06-13 23:29:11,635 - Validation score increased.  Saving model ...
2025-06-13 23:29:19,243 - {'epoch': 16, 'rec_loss': '4.6928'}
2025-06-13 23:29:23,550 - {'Epoch': 16, 'HR@5': '0.1677', 'NDCG@5': '0.1097', 'HR@10': '0.2557', 'NDCG@10': '0.1380', 'HR@20': '0.3593', 'NDCG@20': '0.1641'}
2025-06-13 23:29:23,551 - EarlyStopping counter: 1 out of 10
2025-06-13 23:29:31,115 - {'epoch': 17, 'rec_loss': '4.6794'}
2025-06-13 23:29:35,524 - {'Epoch': 17, 'HR@5': '0.1705', 'NDCG@5': '0.1115', 'HR@10': '0.2578', 'NDCG@10': '0.1396', 'HR@20': '0.3587', 'NDCG@20': '0.1651'}
2025-06-13 23:29:35,526 - EarlyStopping counter: 2 out of 10
2025-06-13 23:29:43,053 - {'epoch': 18, 'rec_loss': '4.6665'}
2025-06-13 23:29:47,396 - {'Epoch': 18, 'HR@5': '0.1685', 'NDCG@5': '0.1110', 'HR@10': '0.2539', 'NDCG@10': '0.1387', 'HR@20': '0.3568', 'NDCG@20': '0.1648'}
2025-06-13 23:29:47,397 - EarlyStopping counter: 3 out of 10
2025-06-13 23:29:54,934 - {'epoch': 19, 'rec_loss': '4.6547'}
2025-06-13 23:29:59,335 - {'Epoch': 19, 'HR@5': '0.1690', 'NDCG@5': '0.1105', 'HR@10': '0.2570', 'NDCG@10': '0.1389', 'HR@20': '0.3607', 'NDCG@20': '0.1651'}
2025-06-13 23:29:59,336 - EarlyStopping counter: 4 out of 10
2025-06-13 23:30:06,777 - {'epoch': 20, 'rec_loss': '4.6466'}
2025-06-13 23:30:11,103 - {'Epoch': 20, 'HR@5': '0.1699', 'NDCG@5': '0.1109', 'HR@10': '0.2567', 'NDCG@10': '0.1390', 'HR@20': '0.3608', 'NDCG@20': '0.1653'}
2025-06-13 23:30:11,105 - EarlyStopping counter: 5 out of 10
2025-06-13 23:30:18,579 - {'epoch': 21, 'rec_loss': '4.6384'}
2025-06-13 23:30:23,009 - {'Epoch': 21, 'HR@5': '0.1714', 'NDCG@5': '0.1116', 'HR@10': '0.2557', 'NDCG@10': '0.1388', 'HR@20': '0.3601', 'NDCG@20': '0.1652'}
2025-06-13 23:30:23,010 - EarlyStopping counter: 6 out of 10
2025-06-13 23:30:30,615 - {'epoch': 22, 'rec_loss': '4.6331'}
2025-06-13 23:30:35,009 - {'Epoch': 22, 'HR@5': '0.1741', 'NDCG@5': '0.1143', 'HR@10': '0.2590', 'NDCG@10': '0.1417', 'HR@20': '0.3609', 'NDCG@20': '0.1674'}
2025-06-13 23:30:35,011 - Validation score increased.  Saving model ...
2025-06-13 23:30:42,446 - {'epoch': 23, 'rec_loss': '4.6220'}
2025-06-13 23:30:46,844 - {'Epoch': 23, 'HR@5': '0.1677', 'NDCG@5': '0.1089', 'HR@10': '0.2537', 'NDCG@10': '0.1368', 'HR@20': '0.3589', 'NDCG@20': '0.1634'}
2025-06-13 23:30:46,846 - EarlyStopping counter: 1 out of 10
2025-06-13 23:30:54,387 - {'epoch': 24, 'rec_loss': '4.6170'}
2025-06-13 23:30:58,725 - {'Epoch': 24, 'HR@5': '0.1687', 'NDCG@5': '0.1111', 'HR@10': '0.2580', 'NDCG@10': '0.1400', 'HR@20': '0.3601', 'NDCG@20': '0.1658'}
2025-06-13 23:30:58,726 - EarlyStopping counter: 2 out of 10
2025-06-13 23:31:06,322 - {'epoch': 25, 'rec_loss': '4.6029'}
2025-06-13 23:31:10,682 - {'Epoch': 25, 'HR@5': '0.1747', 'NDCG@5': '0.1145', 'HR@10': '0.2577', 'NDCG@10': '0.1412', 'HR@20': '0.3582', 'NDCG@20': '0.1666'}
2025-06-13 23:31:10,683 - EarlyStopping counter: 3 out of 10
2025-06-13 23:31:18,170 - {'epoch': 26, 'rec_loss': '4.6022'}
2025-06-13 23:31:22,550 - {'Epoch': 26, 'HR@5': '0.1706', 'NDCG@5': '0.1121', 'HR@10': '0.2584', 'NDCG@10': '0.1405', 'HR@20': '0.3587', 'NDCG@20': '0.1658'}
2025-06-13 23:31:22,551 - EarlyStopping counter: 4 out of 10
2025-06-13 23:31:30,050 - {'epoch': 27, 'rec_loss': '4.5917'}
2025-06-13 23:31:34,442 - {'Epoch': 27, 'HR@5': '0.1709', 'NDCG@5': '0.1124', 'HR@10': '0.2580', 'NDCG@10': '0.1405', 'HR@20': '0.3615', 'NDCG@20': '0.1666'}
2025-06-13 23:31:34,444 - EarlyStopping counter: 5 out of 10
2025-06-13 23:31:41,952 - {'epoch': 28, 'rec_loss': '4.5840'}
2025-06-13 23:31:46,335 - {'Epoch': 28, 'HR@5': '0.1718', 'NDCG@5': '0.1123', 'HR@10': '0.2598', 'NDCG@10': '0.1407', 'HR@20': '0.3597', 'NDCG@20': '0.1659'}
2025-06-13 23:31:46,336 - EarlyStopping counter: 6 out of 10
2025-06-13 23:31:53,807 - {'epoch': 29, 'rec_loss': '4.5797'}
2025-06-13 23:31:58,109 - {'Epoch': 29, 'HR@5': '0.1722', 'NDCG@5': '0.1133', 'HR@10': '0.2574', 'NDCG@10': '0.1408', 'HR@20': '0.3586', 'NDCG@20': '0.1663'}
2025-06-13 23:31:58,111 - EarlyStopping counter: 7 out of 10
2025-06-13 23:32:05,708 - {'epoch': 30, 'rec_loss': '4.5768'}
2025-06-13 23:32:10,051 - {'Epoch': 30, 'HR@5': '0.1706', 'NDCG@5': '0.1114', 'HR@10': '0.2603', 'NDCG@10': '0.1404', 'HR@20': '0.3625', 'NDCG@20': '0.1662'}
2025-06-13 23:32:10,052 - EarlyStopping counter: 8 out of 10
2025-06-13 23:32:17,547 - {'epoch': 31, 'rec_loss': '4.5701'}
2025-06-13 23:32:21,940 - {'Epoch': 31, 'HR@5': '0.1706', 'NDCG@5': '0.1122', 'HR@10': '0.2603', 'NDCG@10': '0.1411', 'HR@20': '0.3624', 'NDCG@20': '0.1669'}
2025-06-13 23:32:21,942 - EarlyStopping counter: 9 out of 10
2025-06-13 23:32:29,619 - {'epoch': 32, 'rec_loss': '4.5619'}
2025-06-13 23:32:33,928 - {'Epoch': 32, 'HR@5': '0.1684', 'NDCG@5': '0.1103', 'HR@10': '0.2569', 'NDCG@10': '0.1390', 'HR@20': '0.3618', 'NDCG@20': '0.1655'}
2025-06-13 23:32:33,929 - EarlyStopping counter: 10 out of 10
2025-06-13 23:32:33,929 - Early stopping
2025-06-13 23:32:33,929 - ---------------Validation Score---------------
2025-06-13 23:32:38,278 - {'Epoch': 0, 'HR@5': '0.1741', 'NDCG@5': '0.1143', 'HR@10': '0.2590', 'NDCG@10': '0.1417', 'HR@20': '0.3609', 'NDCG@20': '0.1674'}
2025-06-13 23:32:38,279 - BSARec_Diginetica
2025-06-13 23:32:38,279 - {'Epoch': 0, 'HR@5': '0.1741', 'NDCG@5': '0.1143', 'HR@10': '0.2590', 'NDCG@10': '0.1417', 'HR@20': '0.3609', 'NDCG@20': '0.1674'}
