2025-06-13 20:21:15,090 - Namespace(data_dir='./data/', output_dir='hparam_search/', data_name='LastFM', train_name='SASRec_LastFM', num_items=10, num_users=1091, lr=0.0005, batch_size=256, epochs=200, no_cuda=False, log_freq=1, patience=10, num_workers=4, seed=42, weight_decay=0.0, adam_beta1=0.9, adam_beta2=0.999, gpu_id='0', variance=5, model_type='SASRec', max_seq_length=50, hidden_size=64, num_hidden_layers=2, hidden_act='gelu', num_attention_heads=1, attention_probs_dropout_prob=0.5, hidden_dropout_prob=0.5, initializer_range=0.02, cuda_condition=True, data_file='./data/LastFM.txt', item_size=3647, checkpoint_path=PosixPath('/gpfs/home3/scur2771/BSARec/BSARec/src/hparam_search/SASRec_LastFM/12364634_4/model.pt'), same_target_path='./data/LastFM_same_target.npy')
2025-06-13 20:21:15,107 - SASRecModel(
  (item_embeddings): Embedding(3647, 64, padding_idx=0)
  (position_embeddings): Embedding(50, 64)
  (LayerNorm): LayerNorm()
  (dropout): Dropout(p=0.5, inplace=False)
  (item_encoder): TransformerEncoder(
    (blocks): ModuleList(
      (0): TransformerBlock(
        (layer): MultiHeadAttention(
          (query): Linear(in_features=64, out_features=64, bias=True)
          (key): Linear(in_features=64, out_features=64, bias=True)
          (value): Linear(in_features=64, out_features=64, bias=True)
          (softmax): Softmax(dim=-1)
          (attn_dropout): Dropout(p=0.5, inplace=False)
          (dense): Linear(in_features=64, out_features=64, bias=True)
          (LayerNorm): LayerNorm((64,), eps=1e-12, elementwise_affine=True)
          (out_dropout): Dropout(p=0.5, inplace=False)
        )
        (feed_forward): FeedForward(
          (dense_1): Linear(in_features=64, out_features=256, bias=True)
          (dense_2): Linear(in_features=256, out_features=64, bias=True)
          (LayerNorm): LayerNorm()
          (dropout): Dropout(p=0.5, inplace=False)
        )
      )
      (1): TransformerBlock(
        (layer): MultiHeadAttention(
          (query): Linear(in_features=64, out_features=64, bias=True)
          (key): Linear(in_features=64, out_features=64, bias=True)
          (value): Linear(in_features=64, out_features=64, bias=True)
          (softmax): Softmax(dim=-1)
          (attn_dropout): Dropout(p=0.5, inplace=False)
          (dense): Linear(in_features=64, out_features=64, bias=True)
          (LayerNorm): LayerNorm((64,), eps=1e-12, elementwise_affine=True)
          (out_dropout): Dropout(p=0.5, inplace=False)
        )
        (feed_forward): FeedForward(
          (dense_1): Linear(in_features=64, out_features=256, bias=True)
          (dense_2): Linear(in_features=256, out_features=64, bias=True)
          (LayerNorm): LayerNorm()
          (dropout): Dropout(p=0.5, inplace=False)
        )
      )
    )
  )
)
2025-06-13 20:21:18,164 - Total Parameters: 336704
2025-06-13 20:21:21,258 - {'epoch': 0, 'rec_loss': '1.3638'}
2025-06-13 20:21:21,892 - {'Epoch': 0, 'HR@5': '0.0248', 'NDCG@5': '0.0151', 'HR@10': '0.0385', 'NDCG@10': '0.0195', 'HR@20': '0.0587', 'NDCG@20': '0.0245'}
2025-06-13 20:21:21,893 - Validation score increased.  Saving model ...
2025-06-13 20:21:24,114 - {'epoch': 1, 'rec_loss': '1.2709'}
2025-06-13 20:21:24,906 - {'Epoch': 1, 'HR@5': '0.0266', 'NDCG@5': '0.0139', 'HR@10': '0.0394', 'NDCG@10': '0.0181', 'HR@20': '0.0596', 'NDCG@20': '0.0232'}
2025-06-13 20:21:24,907 - EarlyStopping counter: 1 out of 10
2025-06-13 20:21:27,321 - {'epoch': 2, 'rec_loss': '1.2097'}
2025-06-13 20:21:28,007 - {'Epoch': 2, 'HR@5': '0.0239', 'NDCG@5': '0.0142', 'HR@10': '0.0385', 'NDCG@10': '0.0190', 'HR@20': '0.0550', 'NDCG@20': '0.0232'}
2025-06-13 20:21:28,007 - EarlyStopping counter: 2 out of 10
2025-06-13 20:21:30,246 - {'epoch': 3, 'rec_loss': '1.1647'}
2025-06-13 20:21:31,030 - {'Epoch': 3, 'HR@5': '0.0229', 'NDCG@5': '0.0132', 'HR@10': '0.0367', 'NDCG@10': '0.0177', 'HR@20': '0.0587', 'NDCG@20': '0.0231'}
2025-06-13 20:21:31,030 - EarlyStopping counter: 3 out of 10
2025-06-13 20:21:33,208 - {'epoch': 4, 'rec_loss': '1.1226'}
2025-06-13 20:21:33,989 - {'Epoch': 4, 'HR@5': '0.0239', 'NDCG@5': '0.0136', 'HR@10': '0.0367', 'NDCG@10': '0.0178', 'HR@20': '0.0560', 'NDCG@20': '0.0224'}
2025-06-13 20:21:33,989 - EarlyStopping counter: 4 out of 10
2025-06-13 20:21:36,281 - {'epoch': 5, 'rec_loss': '1.0941'}
2025-06-13 20:21:37,019 - {'Epoch': 5, 'HR@5': '0.0239', 'NDCG@5': '0.0136', 'HR@10': '0.0358', 'NDCG@10': '0.0174', 'HR@20': '0.0578', 'NDCG@20': '0.0229'}
2025-06-13 20:21:37,020 - EarlyStopping counter: 5 out of 10
2025-06-13 20:21:39,261 - {'epoch': 6, 'rec_loss': '1.0598'}
2025-06-13 20:21:39,965 - {'Epoch': 6, 'HR@5': '0.0239', 'NDCG@5': '0.0146', 'HR@10': '0.0367', 'NDCG@10': '0.0187', 'HR@20': '0.0560', 'NDCG@20': '0.0234'}
2025-06-13 20:21:39,967 - EarlyStopping counter: 6 out of 10
2025-06-13 20:21:42,242 - {'epoch': 7, 'rec_loss': '1.0300'}
2025-06-13 20:21:43,036 - {'Epoch': 7, 'HR@5': '0.0147', 'NDCG@5': '0.0087', 'HR@10': '0.0330', 'NDCG@10': '0.0147', 'HR@20': '0.0560', 'NDCG@20': '0.0205'}
2025-06-13 20:21:43,037 - EarlyStopping counter: 7 out of 10
2025-06-13 20:21:45,258 - {'epoch': 8, 'rec_loss': '1.0037'}
2025-06-13 20:21:46,035 - {'Epoch': 8, 'HR@5': '0.0174', 'NDCG@5': '0.0116', 'HR@10': '0.0349', 'NDCG@10': '0.0171', 'HR@20': '0.0560', 'NDCG@20': '0.0224'}
2025-06-13 20:21:46,036 - EarlyStopping counter: 8 out of 10
2025-06-13 20:21:48,241 - {'epoch': 9, 'rec_loss': '0.9772'}
2025-06-13 20:21:48,957 - {'Epoch': 9, 'HR@5': '0.0211', 'NDCG@5': '0.0143', 'HR@10': '0.0376', 'NDCG@10': '0.0197', 'HR@20': '0.0633', 'NDCG@20': '0.0261'}
2025-06-13 20:21:48,958 - Validation score increased.  Saving model ...
2025-06-13 20:21:51,240 - {'epoch': 10, 'rec_loss': '0.9403'}
2025-06-13 20:21:52,004 - {'Epoch': 10, 'HR@5': '0.0229', 'NDCG@5': '0.0140', 'HR@10': '0.0440', 'NDCG@10': '0.0206', 'HR@20': '0.0679', 'NDCG@20': '0.0266'}
2025-06-13 20:21:52,004 - Validation score increased.  Saving model ...
2025-06-13 20:21:54,229 - {'epoch': 11, 'rec_loss': '0.9206'}
2025-06-13 20:21:55,000 - {'Epoch': 11, 'HR@5': '0.0239', 'NDCG@5': '0.0145', 'HR@10': '0.0413', 'NDCG@10': '0.0199', 'HR@20': '0.0670', 'NDCG@20': '0.0264'}
2025-06-13 20:21:55,001 - EarlyStopping counter: 1 out of 10
2025-06-13 20:21:57,306 - {'epoch': 12, 'rec_loss': '0.8884'}
2025-06-13 20:21:58,037 - {'Epoch': 12, 'HR@5': '0.0321', 'NDCG@5': '0.0194', 'HR@10': '0.0459', 'NDCG@10': '0.0239', 'HR@20': '0.0734', 'NDCG@20': '0.0308'}
2025-06-13 20:21:58,038 - Validation score increased.  Saving model ...
2025-06-13 20:22:00,268 - {'epoch': 13, 'rec_loss': '0.8587'}
2025-06-13 20:22:01,031 - {'Epoch': 13, 'HR@5': '0.0339', 'NDCG@5': '0.0206', 'HR@10': '0.0569', 'NDCG@10': '0.0278', 'HR@20': '0.0826', 'NDCG@20': '0.0342'}
2025-06-13 20:22:01,032 - Validation score increased.  Saving model ...
2025-06-13 20:22:03,261 - {'epoch': 14, 'rec_loss': '0.8299'}
2025-06-13 20:22:03,982 - {'Epoch': 14, 'HR@5': '0.0349', 'NDCG@5': '0.0209', 'HR@10': '0.0514', 'NDCG@10': '0.0260', 'HR@20': '0.0899', 'NDCG@20': '0.0356'}
2025-06-13 20:22:03,983 - Validation score increased.  Saving model ...
2025-06-13 20:22:06,149 - {'epoch': 15, 'rec_loss': '0.8099'}
2025-06-13 20:22:06,836 - {'Epoch': 15, 'HR@5': '0.0303', 'NDCG@5': '0.0188', 'HR@10': '0.0514', 'NDCG@10': '0.0255', 'HR@20': '0.0917', 'NDCG@20': '0.0355'}
2025-06-13 20:22:06,837 - EarlyStopping counter: 1 out of 10
2025-06-13 20:22:09,070 - {'epoch': 16, 'rec_loss': '0.7809'}
2025-06-13 20:22:09,726 - {'Epoch': 16, 'HR@5': '0.0303', 'NDCG@5': '0.0187', 'HR@10': '0.0468', 'NDCG@10': '0.0239', 'HR@20': '0.0890', 'NDCG@20': '0.0346'}
2025-06-13 20:22:09,727 - EarlyStopping counter: 2 out of 10
2025-06-13 20:22:12,009 - {'epoch': 17, 'rec_loss': '0.7541'}
2025-06-13 20:22:12,755 - {'Epoch': 17, 'HR@5': '0.0312', 'NDCG@5': '0.0199', 'HR@10': '0.0486', 'NDCG@10': '0.0256', 'HR@20': '0.0899', 'NDCG@20': '0.0359'}
2025-06-13 20:22:12,756 - Validation score increased.  Saving model ...
2025-06-13 20:22:15,060 - {'epoch': 18, 'rec_loss': '0.7394'}
2025-06-13 20:22:15,762 - {'Epoch': 18, 'HR@5': '0.0367', 'NDCG@5': '0.0208', 'HR@10': '0.0578', 'NDCG@10': '0.0276', 'HR@20': '0.0917', 'NDCG@20': '0.0362'}
2025-06-13 20:22:15,763 - Validation score increased.  Saving model ...
2025-06-13 20:22:18,075 - {'epoch': 19, 'rec_loss': '0.7151'}
2025-06-13 20:22:18,742 - {'Epoch': 19, 'HR@5': '0.0358', 'NDCG@5': '0.0198', 'HR@10': '0.0550', 'NDCG@10': '0.0262', 'HR@20': '0.0954', 'NDCG@20': '0.0364'}
2025-06-13 20:22:18,742 - Validation score increased.  Saving model ...
2025-06-13 20:22:20,986 - {'epoch': 20, 'rec_loss': '0.6913'}
2025-06-13 20:22:21,670 - {'Epoch': 20, 'HR@5': '0.0358', 'NDCG@5': '0.0210', 'HR@10': '0.0587', 'NDCG@10': '0.0282', 'HR@20': '0.0972', 'NDCG@20': '0.0380'}
2025-06-13 20:22:21,671 - Validation score increased.  Saving model ...
2025-06-13 20:22:23,895 - {'epoch': 21, 'rec_loss': '0.6768'}
2025-06-13 20:22:24,597 - {'Epoch': 21, 'HR@5': '0.0376', 'NDCG@5': '0.0229', 'HR@10': '0.0642', 'NDCG@10': '0.0313', 'HR@20': '0.1028', 'NDCG@20': '0.0410'}
2025-06-13 20:22:24,598 - Validation score increased.  Saving model ...
2025-06-13 20:22:27,031 - {'epoch': 22, 'rec_loss': '0.6550'}
2025-06-13 20:22:27,765 - {'Epoch': 22, 'HR@5': '0.0367', 'NDCG@5': '0.0236', 'HR@10': '0.0550', 'NDCG@10': '0.0295', 'HR@20': '0.1000', 'NDCG@20': '0.0409'}
2025-06-13 20:22:27,766 - EarlyStopping counter: 1 out of 10
2025-06-13 20:22:29,956 - {'epoch': 23, 'rec_loss': '0.6401'}
2025-06-13 20:22:30,774 - {'Epoch': 23, 'HR@5': '0.0330', 'NDCG@5': '0.0215', 'HR@10': '0.0560', 'NDCG@10': '0.0288', 'HR@20': '0.0982', 'NDCG@20': '0.0394'}
2025-06-13 20:22:30,775 - EarlyStopping counter: 2 out of 10
2025-06-13 20:22:33,010 - {'epoch': 24, 'rec_loss': '0.6210'}
2025-06-13 20:22:33,664 - {'Epoch': 24, 'HR@5': '0.0303', 'NDCG@5': '0.0203', 'HR@10': '0.0606', 'NDCG@10': '0.0300', 'HR@20': '0.1037', 'NDCG@20': '0.0408'}
2025-06-13 20:22:33,665 - EarlyStopping counter: 3 out of 10
2025-06-13 20:22:35,997 - {'epoch': 25, 'rec_loss': '0.6161'}
2025-06-13 20:22:36,721 - {'Epoch': 25, 'HR@5': '0.0339', 'NDCG@5': '0.0217', 'HR@10': '0.0596', 'NDCG@10': '0.0299', 'HR@20': '0.1037', 'NDCG@20': '0.0410'}
2025-06-13 20:22:36,721 - Validation score increased.  Saving model ...
2025-06-13 20:22:38,926 - {'epoch': 26, 'rec_loss': '0.5973'}
2025-06-13 20:22:39,700 - {'Epoch': 26, 'HR@5': '0.0404', 'NDCG@5': '0.0254', 'HR@10': '0.0606', 'NDCG@10': '0.0318', 'HR@20': '0.0991', 'NDCG@20': '0.0415'}
2025-06-13 20:22:39,701 - Validation score increased.  Saving model ...
2025-06-13 20:22:41,962 - {'epoch': 27, 'rec_loss': '0.5779'}
2025-06-13 20:22:42,659 - {'Epoch': 27, 'HR@5': '0.0413', 'NDCG@5': '0.0267', 'HR@10': '0.0688', 'NDCG@10': '0.0354', 'HR@20': '0.1138', 'NDCG@20': '0.0466'}
2025-06-13 20:22:42,660 - Validation score increased.  Saving model ...
2025-06-13 20:22:44,930 - {'epoch': 28, 'rec_loss': '0.5631'}
2025-06-13 20:22:45,557 - {'Epoch': 28, 'HR@5': '0.0404', 'NDCG@5': '0.0262', 'HR@10': '0.0651', 'NDCG@10': '0.0343', 'HR@20': '0.1083', 'NDCG@20': '0.0451'}
2025-06-13 20:22:45,557 - EarlyStopping counter: 1 out of 10
2025-06-13 20:22:47,800 - {'epoch': 29, 'rec_loss': '0.5528'}
2025-06-13 20:22:48,473 - {'Epoch': 29, 'HR@5': '0.0394', 'NDCG@5': '0.0255', 'HR@10': '0.0679', 'NDCG@10': '0.0346', 'HR@20': '0.1000', 'NDCG@20': '0.0424'}
2025-06-13 20:22:48,474 - EarlyStopping counter: 2 out of 10
2025-06-13 20:22:50,678 - {'epoch': 30, 'rec_loss': '0.5469'}
2025-06-13 20:22:51,339 - {'Epoch': 30, 'HR@5': '0.0440', 'NDCG@5': '0.0285', 'HR@10': '0.0706', 'NDCG@10': '0.0370', 'HR@20': '0.1083', 'NDCG@20': '0.0465'}
2025-06-13 20:22:51,339 - EarlyStopping counter: 3 out of 10
2025-06-13 20:22:53,567 - {'epoch': 31, 'rec_loss': '0.5277'}
2025-06-13 20:22:54,308 - {'Epoch': 31, 'HR@5': '0.0376', 'NDCG@5': '0.0250', 'HR@10': '0.0716', 'NDCG@10': '0.0358', 'HR@20': '0.1083', 'NDCG@20': '0.0449'}
2025-06-13 20:22:54,309 - EarlyStopping counter: 4 out of 10
2025-06-13 20:22:56,564 - {'epoch': 32, 'rec_loss': '0.5189'}
2025-06-13 20:22:57,228 - {'Epoch': 32, 'HR@5': '0.0404', 'NDCG@5': '0.0253', 'HR@10': '0.0670', 'NDCG@10': '0.0340', 'HR@20': '0.1092', 'NDCG@20': '0.0448'}
2025-06-13 20:22:57,229 - EarlyStopping counter: 5 out of 10
2025-06-13 20:22:59,521 - {'epoch': 33, 'rec_loss': '0.5094'}
2025-06-13 20:23:00,283 - {'Epoch': 33, 'HR@5': '0.0394', 'NDCG@5': '0.0261', 'HR@10': '0.0771', 'NDCG@10': '0.0379', 'HR@20': '0.1083', 'NDCG@20': '0.0459'}
2025-06-13 20:23:00,283 - EarlyStopping counter: 6 out of 10
2025-06-13 20:23:02,536 - {'epoch': 34, 'rec_loss': '0.5063'}
2025-06-13 20:23:03,278 - {'Epoch': 34, 'HR@5': '0.0440', 'NDCG@5': '0.0270', 'HR@10': '0.0679', 'NDCG@10': '0.0347', 'HR@20': '0.1165', 'NDCG@20': '0.0469'}
2025-06-13 20:23:03,279 - Validation score increased.  Saving model ...
2025-06-13 20:23:05,488 - {'epoch': 35, 'rec_loss': '0.4857'}
2025-06-13 20:23:06,206 - {'Epoch': 35, 'HR@5': '0.0422', 'NDCG@5': '0.0259', 'HR@10': '0.0679', 'NDCG@10': '0.0341', 'HR@20': '0.1211', 'NDCG@20': '0.0476'}
2025-06-13 20:23:06,207 - Validation score increased.  Saving model ...
2025-06-13 20:23:08,407 - {'epoch': 36, 'rec_loss': '0.4798'}
2025-06-13 20:23:09,092 - {'Epoch': 36, 'HR@5': '0.0394', 'NDCG@5': '0.0254', 'HR@10': '0.0697', 'NDCG@10': '0.0352', 'HR@20': '0.1183', 'NDCG@20': '0.0474'}
2025-06-13 20:23:09,093 - EarlyStopping counter: 1 out of 10
2025-06-13 20:23:11,334 - {'epoch': 37, 'rec_loss': '0.4743'}
2025-06-13 20:23:12,013 - {'Epoch': 37, 'HR@5': '0.0385', 'NDCG@5': '0.0239', 'HR@10': '0.0743', 'NDCG@10': '0.0355', 'HR@20': '0.1211', 'NDCG@20': '0.0472'}
2025-06-13 20:23:12,042 - EarlyStopping counter: 2 out of 10
2025-06-13 20:23:14,333 - {'epoch': 38, 'rec_loss': '0.4634'}
2025-06-13 20:23:15,057 - {'Epoch': 38, 'HR@5': '0.0459', 'NDCG@5': '0.0252', 'HR@10': '0.0734', 'NDCG@10': '0.0339', 'HR@20': '0.1193', 'NDCG@20': '0.0454'}
2025-06-13 20:23:15,058 - EarlyStopping counter: 3 out of 10
2025-06-13 20:23:17,307 - {'epoch': 39, 'rec_loss': '0.4535'}
2025-06-13 20:23:17,958 - {'Epoch': 39, 'HR@5': '0.0394', 'NDCG@5': '0.0253', 'HR@10': '0.0688', 'NDCG@10': '0.0346', 'HR@20': '0.1138', 'NDCG@20': '0.0460'}
2025-06-13 20:23:17,958 - EarlyStopping counter: 4 out of 10
2025-06-13 20:23:20,249 - {'epoch': 40, 'rec_loss': '0.4496'}
2025-06-13 20:23:20,990 - {'Epoch': 40, 'HR@5': '0.0376', 'NDCG@5': '0.0235', 'HR@10': '0.0752', 'NDCG@10': '0.0357', 'HR@20': '0.1092', 'NDCG@20': '0.0443'}
2025-06-13 20:23:20,991 - EarlyStopping counter: 5 out of 10
2025-06-13 20:23:23,137 - {'epoch': 41, 'rec_loss': '0.4470'}
2025-06-13 20:23:23,881 - {'Epoch': 41, 'HR@5': '0.0422', 'NDCG@5': '0.0243', 'HR@10': '0.0716', 'NDCG@10': '0.0337', 'HR@20': '0.1156', 'NDCG@20': '0.0449'}
2025-06-13 20:23:23,882 - EarlyStopping counter: 6 out of 10
2025-06-13 20:23:26,199 - {'epoch': 42, 'rec_loss': '0.4405'}
2025-06-13 20:23:26,948 - {'Epoch': 42, 'HR@5': '0.0413', 'NDCG@5': '0.0266', 'HR@10': '0.0734', 'NDCG@10': '0.0370', 'HR@20': '0.1165', 'NDCG@20': '0.0479'}
2025-06-13 20:23:26,948 - Validation score increased.  Saving model ...
2025-06-13 20:23:29,112 - {'epoch': 43, 'rec_loss': '0.4323'}
2025-06-13 20:23:29,806 - {'Epoch': 43, 'HR@5': '0.0422', 'NDCG@5': '0.0250', 'HR@10': '0.0789', 'NDCG@10': '0.0367', 'HR@20': '0.1183', 'NDCG@20': '0.0466'}
2025-06-13 20:23:29,806 - EarlyStopping counter: 1 out of 10
2025-06-13 20:23:32,112 - {'epoch': 44, 'rec_loss': '0.4261'}
2025-06-13 20:23:32,781 - {'Epoch': 44, 'HR@5': '0.0394', 'NDCG@5': '0.0228', 'HR@10': '0.0734', 'NDCG@10': '0.0339', 'HR@20': '0.1165', 'NDCG@20': '0.0447'}
2025-06-13 20:23:32,782 - EarlyStopping counter: 2 out of 10
2025-06-13 20:23:34,926 - {'epoch': 45, 'rec_loss': '0.4274'}
2025-06-13 20:23:35,640 - {'Epoch': 45, 'HR@5': '0.0376', 'NDCG@5': '0.0225', 'HR@10': '0.0771', 'NDCG@10': '0.0350', 'HR@20': '0.1183', 'NDCG@20': '0.0454'}
2025-06-13 20:23:35,641 - EarlyStopping counter: 3 out of 10
2025-06-13 20:23:37,863 - {'epoch': 46, 'rec_loss': '0.4147'}
2025-06-13 20:23:38,664 - {'Epoch': 46, 'HR@5': '0.0367', 'NDCG@5': '0.0228', 'HR@10': '0.0734', 'NDCG@10': '0.0344', 'HR@20': '0.1165', 'NDCG@20': '0.0454'}
2025-06-13 20:23:38,665 - EarlyStopping counter: 4 out of 10
2025-06-13 20:23:41,030 - {'epoch': 47, 'rec_loss': '0.4179'}
2025-06-13 20:23:41,682 - {'Epoch': 47, 'HR@5': '0.0404', 'NDCG@5': '0.0247', 'HR@10': '0.0734', 'NDCG@10': '0.0351', 'HR@20': '0.1248', 'NDCG@20': '0.0483'}
2025-06-13 20:23:41,683 - Validation score increased.  Saving model ...
2025-06-13 20:23:43,969 - {'epoch': 48, 'rec_loss': '0.4081'}
2025-06-13 20:23:44,624 - {'Epoch': 48, 'HR@5': '0.0394', 'NDCG@5': '0.0236', 'HR@10': '0.0780', 'NDCG@10': '0.0357', 'HR@20': '0.1248', 'NDCG@20': '0.0475'}
2025-06-13 20:23:44,625 - EarlyStopping counter: 1 out of 10
2025-06-13 20:23:46,821 - {'epoch': 49, 'rec_loss': '0.4032'}
2025-06-13 20:23:47,569 - {'Epoch': 49, 'HR@5': '0.0440', 'NDCG@5': '0.0271', 'HR@10': '0.0734', 'NDCG@10': '0.0364', 'HR@20': '0.1193', 'NDCG@20': '0.0481'}
2025-06-13 20:23:47,570 - EarlyStopping counter: 2 out of 10
2025-06-13 20:23:49,807 - {'epoch': 50, 'rec_loss': '0.4015'}
2025-06-13 20:23:50,507 - {'Epoch': 50, 'HR@5': '0.0431', 'NDCG@5': '0.0275', 'HR@10': '0.0771', 'NDCG@10': '0.0382', 'HR@20': '0.1110', 'NDCG@20': '0.0467'}
2025-06-13 20:23:50,508 - EarlyStopping counter: 3 out of 10
2025-06-13 20:23:52,725 - {'epoch': 51, 'rec_loss': '0.3972'}
2025-06-13 20:23:53,396 - {'Epoch': 51, 'HR@5': '0.0431', 'NDCG@5': '0.0263', 'HR@10': '0.0761', 'NDCG@10': '0.0368', 'HR@20': '0.1165', 'NDCG@20': '0.0469'}
2025-06-13 20:23:53,397 - EarlyStopping counter: 4 out of 10
2025-06-13 20:23:55,628 - {'epoch': 52, 'rec_loss': '0.3923'}
2025-06-13 20:23:56,318 - {'Epoch': 52, 'HR@5': '0.0422', 'NDCG@5': '0.0267', 'HR@10': '0.0752', 'NDCG@10': '0.0372', 'HR@20': '0.1211', 'NDCG@20': '0.0490'}
2025-06-13 20:23:56,318 - Validation score increased.  Saving model ...
2025-06-13 20:23:58,599 - {'epoch': 53, 'rec_loss': '0.3826'}
2025-06-13 20:23:59,256 - {'Epoch': 53, 'HR@5': '0.0404', 'NDCG@5': '0.0269', 'HR@10': '0.0761', 'NDCG@10': '0.0382', 'HR@20': '0.1248', 'NDCG@20': '0.0504'}
2025-06-13 20:23:59,257 - Validation score increased.  Saving model ...
2025-06-13 20:24:01,537 - {'epoch': 54, 'rec_loss': '0.3816'}
2025-06-13 20:24:02,233 - {'Epoch': 54, 'HR@5': '0.0394', 'NDCG@5': '0.0263', 'HR@10': '0.0761', 'NDCG@10': '0.0381', 'HR@20': '0.1156', 'NDCG@20': '0.0481'}
2025-06-13 20:24:02,233 - EarlyStopping counter: 1 out of 10
2025-06-13 20:24:04,432 - {'epoch': 55, 'rec_loss': '0.3737'}
2025-06-13 20:24:05,176 - {'Epoch': 55, 'HR@5': '0.0505', 'NDCG@5': '0.0286', 'HR@10': '0.0725', 'NDCG@10': '0.0357', 'HR@20': '0.1174', 'NDCG@20': '0.0470'}
2025-06-13 20:24:05,176 - EarlyStopping counter: 2 out of 10
2025-06-13 20:24:07,392 - {'epoch': 56, 'rec_loss': '0.3797'}
2025-06-13 20:24:08,176 - {'Epoch': 56, 'HR@5': '0.0468', 'NDCG@5': '0.0278', 'HR@10': '0.0771', 'NDCG@10': '0.0375', 'HR@20': '0.1211', 'NDCG@20': '0.0486'}
2025-06-13 20:24:08,177 - EarlyStopping counter: 3 out of 10
2025-06-13 20:24:10,443 - {'epoch': 57, 'rec_loss': '0.3740'}
2025-06-13 20:24:11,168 - {'Epoch': 57, 'HR@5': '0.0394', 'NDCG@5': '0.0255', 'HR@10': '0.0752', 'NDCG@10': '0.0369', 'HR@20': '0.1266', 'NDCG@20': '0.0496'}
2025-06-13 20:24:11,169 - EarlyStopping counter: 4 out of 10
2025-06-13 20:24:13,442 - {'epoch': 58, 'rec_loss': '0.3735'}
2025-06-13 20:24:14,151 - {'Epoch': 58, 'HR@5': '0.0431', 'NDCG@5': '0.0279', 'HR@10': '0.0688', 'NDCG@10': '0.0361', 'HR@20': '0.1211', 'NDCG@20': '0.0493'}
2025-06-13 20:24:14,151 - EarlyStopping counter: 5 out of 10
2025-06-13 20:24:16,404 - {'epoch': 59, 'rec_loss': '0.3687'}
2025-06-13 20:24:17,103 - {'Epoch': 59, 'HR@5': '0.0422', 'NDCG@5': '0.0277', 'HR@10': '0.0725', 'NDCG@10': '0.0373', 'HR@20': '0.1174', 'NDCG@20': '0.0486'}
2025-06-13 20:24:17,104 - EarlyStopping counter: 6 out of 10
2025-06-13 20:24:19,329 - {'epoch': 60, 'rec_loss': '0.3674'}
2025-06-13 20:24:20,006 - {'Epoch': 60, 'HR@5': '0.0404', 'NDCG@5': '0.0252', 'HR@10': '0.0761', 'NDCG@10': '0.0369', 'HR@20': '0.1211', 'NDCG@20': '0.0482'}
2025-06-13 20:24:20,007 - EarlyStopping counter: 7 out of 10
2025-06-13 20:24:22,184 - {'epoch': 61, 'rec_loss': '0.3674'}
2025-06-13 20:24:22,888 - {'Epoch': 61, 'HR@5': '0.0394', 'NDCG@5': '0.0257', 'HR@10': '0.0706', 'NDCG@10': '0.0357', 'HR@20': '0.1165', 'NDCG@20': '0.0472'}
2025-06-13 20:24:22,889 - EarlyStopping counter: 8 out of 10
2025-06-13 20:24:25,159 - {'epoch': 62, 'rec_loss': '0.3632'}
2025-06-13 20:24:25,822 - {'Epoch': 62, 'HR@5': '0.0440', 'NDCG@5': '0.0289', 'HR@10': '0.0716', 'NDCG@10': '0.0378', 'HR@20': '0.1202', 'NDCG@20': '0.0499'}
2025-06-13 20:24:25,823 - EarlyStopping counter: 9 out of 10
2025-06-13 20:24:28,098 - {'epoch': 63, 'rec_loss': '0.3571'}
2025-06-13 20:24:28,821 - {'Epoch': 63, 'HR@5': '0.0394', 'NDCG@5': '0.0253', 'HR@10': '0.0688', 'NDCG@10': '0.0349', 'HR@20': '0.1183', 'NDCG@20': '0.0474'}
2025-06-13 20:24:28,822 - EarlyStopping counter: 10 out of 10
2025-06-13 20:24:28,822 - Early stopping
2025-06-13 20:24:28,822 - ---------------Validation Score---------------
2025-06-13 20:24:29,537 - {'Epoch': 0, 'HR@5': '0.0404', 'NDCG@5': '0.0269', 'HR@10': '0.0761', 'NDCG@10': '0.0382', 'HR@20': '0.1248', 'NDCG@20': '0.0504'}
2025-06-13 20:24:29,537 - SASRec_LastFM
2025-06-13 20:24:29,538 - {'Epoch': 0, 'HR@5': '0.0404', 'NDCG@5': '0.0269', 'HR@10': '0.0761', 'NDCG@10': '0.0382', 'HR@20': '0.1248', 'NDCG@20': '0.0504'}
