2025-06-13 23:02:32,940 - Namespace(data_dir='data/self_processed/', output_dir='hparam_search/', data_name='Diginetica', train_name='BSARec_Diginetica', num_items=10, num_users=14829, lr=0.001, batch_size=256, epochs=200, no_cuda=False, log_freq=1, patience=10, num_workers=4, seed=42, weight_decay=0.0, adam_beta1=0.9, adam_beta2=0.999, gpu_id='0', variance=5, model_type='BSARec', max_seq_length=50, hidden_size=64, num_hidden_layers=2, hidden_act='gelu', num_attention_heads=2, attention_probs_dropout_prob=0.5, hidden_dropout_prob=0.5, initializer_range=0.02, c=1, alpha=0.1, cuda_condition=True, data_file='data/self_processed/Diginetica.txt', item_size=9441, checkpoint_path=PosixPath('/gpfs/home3/scur2771/BSARec/BSARec/src/hparam_search/BSARec_Diginetica/12367757_26/model.pt'), same_target_path='data/self_processed/Diginetica_same_target.npy')
2025-06-13 23:02:32,964 - BSARecModel(
  (item_embeddings): Embedding(9441, 64, padding_idx=0)
  (position_embeddings): Embedding(50, 64)
  (LayerNorm): LayerNorm()
  (dropout): Dropout(p=0.5, inplace=False)
  (item_encoder): BSARecEncoder(
    (blocks): ModuleList(
      (0): BSARecBlock(
        (layer): BSARecLayer(
          (filter_layer): FrequencyLayer(
            (out_dropout): Dropout(p=0.5, inplace=False)
            (LayerNorm): LayerNorm()
          )
          (attention_layer): MultiHeadAttention(
            (query): Linear(in_features=64, out_features=64, bias=True)
            (key): Linear(in_features=64, out_features=64, bias=True)
            (value): Linear(in_features=64, out_features=64, bias=True)
            (softmax): Softmax(dim=-1)
            (attn_dropout): Dropout(p=0.5, inplace=False)
            (dense): Linear(in_features=64, out_features=64, bias=True)
            (LayerNorm): LayerNorm((64,), eps=1e-12, elementwise_affine=True)
            (out_dropout): Dropout(p=0.5, inplace=False)
          )
        )
        (feed_forward): FeedForward(
          (dense_1): Linear(in_features=64, out_features=256, bias=True)
          (dense_2): Linear(in_features=256, out_features=64, bias=True)
          (LayerNorm): LayerNorm()
          (dropout): Dropout(p=0.5, inplace=False)
        )
      )
      (1): BSARecBlock(
        (layer): BSARecLayer(
          (filter_layer): FrequencyLayer(
            (out_dropout): Dropout(p=0.5, inplace=False)
            (LayerNorm): LayerNorm()
          )
          (attention_layer): MultiHeadAttention(
            (query): Linear(in_features=64, out_features=64, bias=True)
            (key): Linear(in_features=64, out_features=64, bias=True)
            (value): Linear(in_features=64, out_features=64, bias=True)
            (softmax): Softmax(dim=-1)
            (attn_dropout): Dropout(p=0.5, inplace=False)
            (dense): Linear(in_features=64, out_features=64, bias=True)
            (LayerNorm): LayerNorm((64,), eps=1e-12, elementwise_affine=True)
            (out_dropout): Dropout(p=0.5, inplace=False)
          )
        )
        (feed_forward): FeedForward(
          (dense_1): Linear(in_features=64, out_features=256, bias=True)
          (dense_2): Linear(in_features=256, out_features=64, bias=True)
          (LayerNorm): LayerNorm()
          (dropout): Dropout(p=0.5, inplace=False)
        )
      )
    )
  )
)
2025-06-13 23:02:36,026 - Total Parameters: 707904
2025-06-13 23:02:44,977 - {'epoch': 0, 'rec_loss': '8.6612'}
2025-06-13 23:02:49,218 - {'Epoch': 0, 'HR@5': '0.0383', 'NDCG@5': '0.0260', 'HR@10': '0.0542', 'NDCG@10': '0.0310', 'HR@20': '0.0748', 'NDCG@20': '0.0362'}
2025-06-13 23:02:49,219 - Validation score increased.  Saving model ...
2025-06-13 23:02:56,799 - {'epoch': 1, 'rec_loss': '7.4379'}
2025-06-13 23:03:01,114 - {'Epoch': 1, 'HR@5': '0.1023', 'NDCG@5': '0.0668', 'HR@10': '0.1555', 'NDCG@10': '0.0840', 'HR@20': '0.2175', 'NDCG@20': '0.0996'}
2025-06-13 23:03:01,115 - Validation score increased.  Saving model ...
2025-06-13 23:03:08,811 - {'epoch': 2, 'rec_loss': '6.1940'}
2025-06-13 23:03:13,166 - {'Epoch': 2, 'HR@5': '0.1358', 'NDCG@5': '0.0886', 'HR@10': '0.2050', 'NDCG@10': '0.1108', 'HR@20': '0.2870', 'NDCG@20': '0.1315'}
2025-06-13 23:03:13,166 - Validation score increased.  Saving model ...
2025-06-13 23:03:20,766 - {'epoch': 3, 'rec_loss': '5.5147'}
2025-06-13 23:03:25,113 - {'Epoch': 3, 'HR@5': '0.1518', 'NDCG@5': '0.0996', 'HR@10': '0.2267', 'NDCG@10': '0.1238', 'HR@20': '0.3203', 'NDCG@20': '0.1474'}
2025-06-13 23:03:25,114 - Validation score increased.  Saving model ...
2025-06-13 23:03:32,711 - {'epoch': 4, 'rec_loss': '5.1905'}
2025-06-13 23:03:37,123 - {'Epoch': 4, 'HR@5': '0.1581', 'NDCG@5': '0.1041', 'HR@10': '0.2405', 'NDCG@10': '0.1306', 'HR@20': '0.3352', 'NDCG@20': '0.1545'}
2025-06-13 23:03:37,124 - Validation score increased.  Saving model ...
2025-06-13 23:03:44,743 - {'epoch': 5, 'rec_loss': '5.0395'}
2025-06-13 23:03:49,116 - {'Epoch': 5, 'HR@5': '0.1614', 'NDCG@5': '0.1065', 'HR@10': '0.2469', 'NDCG@10': '0.1341', 'HR@20': '0.3458', 'NDCG@20': '0.1591'}
2025-06-13 23:03:49,116 - Validation score increased.  Saving model ...
2025-06-13 23:03:56,694 - {'epoch': 6, 'rec_loss': '4.9507'}
2025-06-13 23:04:01,120 - {'Epoch': 6, 'HR@5': '0.1660', 'NDCG@5': '0.1082', 'HR@10': '0.2516', 'NDCG@10': '0.1358', 'HR@20': '0.3520', 'NDCG@20': '0.1612'}
2025-06-13 23:04:01,121 - Validation score increased.  Saving model ...
2025-06-13 23:04:08,782 - {'epoch': 7, 'rec_loss': '4.8965'}
2025-06-13 23:04:13,182 - {'Epoch': 7, 'HR@5': '0.1670', 'NDCG@5': '0.1093', 'HR@10': '0.2536', 'NDCG@10': '0.1372', 'HR@20': '0.3530', 'NDCG@20': '0.1623'}
2025-06-13 23:04:13,183 - Validation score increased.  Saving model ...
2025-06-13 23:04:20,715 - {'epoch': 8, 'rec_loss': '4.8516'}
2025-06-13 23:04:25,082 - {'Epoch': 8, 'HR@5': '0.1683', 'NDCG@5': '0.1101', 'HR@10': '0.2543', 'NDCG@10': '0.1377', 'HR@20': '0.3574', 'NDCG@20': '0.1638'}
2025-06-13 23:04:25,083 - Validation score increased.  Saving model ...
2025-06-13 23:04:32,676 - {'epoch': 9, 'rec_loss': '4.8195'}
2025-06-13 23:04:37,091 - {'Epoch': 9, 'HR@5': '0.1702', 'NDCG@5': '0.1107', 'HR@10': '0.2549', 'NDCG@10': '0.1380', 'HR@20': '0.3580', 'NDCG@20': '0.1640'}
2025-06-13 23:04:37,091 - Validation score increased.  Saving model ...
2025-06-13 23:04:44,642 - {'epoch': 10, 'rec_loss': '4.7929'}
2025-06-13 23:04:49,086 - {'Epoch': 10, 'HR@5': '0.1684', 'NDCG@5': '0.1103', 'HR@10': '0.2562', 'NDCG@10': '0.1385', 'HR@20': '0.3597', 'NDCG@20': '0.1647'}
2025-06-13 23:04:49,087 - Validation score increased.  Saving model ...
2025-06-13 23:04:56,552 - {'epoch': 11, 'rec_loss': '4.7655'}
2025-06-13 23:05:00,950 - {'Epoch': 11, 'HR@5': '0.1677', 'NDCG@5': '0.1108', 'HR@10': '0.2542', 'NDCG@10': '0.1387', 'HR@20': '0.3567', 'NDCG@20': '0.1646'}
2025-06-13 23:05:00,951 - EarlyStopping counter: 1 out of 10
2025-06-13 23:05:08,434 - {'epoch': 12, 'rec_loss': '4.7448'}
2025-06-13 23:05:12,818 - {'Epoch': 12, 'HR@5': '0.1685', 'NDCG@5': '0.1104', 'HR@10': '0.2547', 'NDCG@10': '0.1382', 'HR@20': '0.3599', 'NDCG@20': '0.1648'}
2025-06-13 23:05:12,818 - Validation score increased.  Saving model ...
2025-06-13 23:05:20,383 - {'epoch': 13, 'rec_loss': '4.7327'}
2025-06-13 23:05:24,737 - {'Epoch': 13, 'HR@5': '0.1689', 'NDCG@5': '0.1115', 'HR@10': '0.2599', 'NDCG@10': '0.1408', 'HR@20': '0.3603', 'NDCG@20': '0.1662'}
2025-06-13 23:05:24,738 - Validation score increased.  Saving model ...
2025-06-13 23:05:32,289 - {'epoch': 14, 'rec_loss': '4.7141'}
2025-06-13 23:05:36,633 - {'Epoch': 14, 'HR@5': '0.1713', 'NDCG@5': '0.1123', 'HR@10': '0.2562', 'NDCG@10': '0.1396', 'HR@20': '0.3605', 'NDCG@20': '0.1660'}
2025-06-13 23:05:36,634 - EarlyStopping counter: 1 out of 10
2025-06-13 23:05:44,213 - {'epoch': 15, 'rec_loss': '4.7031'}
2025-06-13 23:05:48,624 - {'Epoch': 15, 'HR@5': '0.1687', 'NDCG@5': '0.1112', 'HR@10': '0.2578', 'NDCG@10': '0.1399', 'HR@20': '0.3613', 'NDCG@20': '0.1661'}
2025-06-13 23:05:48,625 - EarlyStopping counter: 2 out of 10
2025-06-13 23:05:56,209 - {'epoch': 16, 'rec_loss': '4.6838'}
2025-06-13 23:06:00,673 - {'Epoch': 16, 'HR@5': '0.1666', 'NDCG@5': '0.1088', 'HR@10': '0.2564', 'NDCG@10': '0.1377', 'HR@20': '0.3564', 'NDCG@20': '0.1630'}
2025-06-13 23:06:00,674 - EarlyStopping counter: 3 out of 10
2025-06-13 23:06:08,143 - {'epoch': 17, 'rec_loss': '4.6727'}
2025-06-13 23:06:12,662 - {'Epoch': 17, 'HR@5': '0.1686', 'NDCG@5': '0.1098', 'HR@10': '0.2598', 'NDCG@10': '0.1392', 'HR@20': '0.3601', 'NDCG@20': '0.1646'}
2025-06-13 23:06:12,662 - EarlyStopping counter: 4 out of 10
2025-06-13 23:06:20,174 - {'epoch': 18, 'rec_loss': '4.6625'}
2025-06-13 23:06:24,550 - {'Epoch': 18, 'HR@5': '0.1702', 'NDCG@5': '0.1119', 'HR@10': '0.2584', 'NDCG@10': '0.1404', 'HR@20': '0.3599', 'NDCG@20': '0.1660'}
2025-06-13 23:06:24,551 - EarlyStopping counter: 5 out of 10
2025-06-13 23:06:32,215 - {'epoch': 19, 'rec_loss': '4.6526'}
2025-06-13 23:06:36,607 - {'Epoch': 19, 'HR@5': '0.1686', 'NDCG@5': '0.1105', 'HR@10': '0.2586', 'NDCG@10': '0.1395', 'HR@20': '0.3591', 'NDCG@20': '0.1649'}
2025-06-13 23:06:36,608 - EarlyStopping counter: 6 out of 10
2025-06-13 23:06:44,180 - {'epoch': 20, 'rec_loss': '4.6407'}
2025-06-13 23:06:48,556 - {'Epoch': 20, 'HR@5': '0.1725', 'NDCG@5': '0.1119', 'HR@10': '0.2594', 'NDCG@10': '0.1399', 'HR@20': '0.3620', 'NDCG@20': '0.1658'}
2025-06-13 23:06:48,556 - EarlyStopping counter: 7 out of 10
2025-06-13 23:06:56,145 - {'epoch': 21, 'rec_loss': '4.6355'}
2025-06-13 23:07:00,591 - {'Epoch': 21, 'HR@5': '0.1724', 'NDCG@5': '0.1124', 'HR@10': '0.2605', 'NDCG@10': '0.1407', 'HR@20': '0.3599', 'NDCG@20': '0.1659'}
2025-06-13 23:07:00,592 - EarlyStopping counter: 8 out of 10
2025-06-13 23:07:08,102 - {'epoch': 22, 'rec_loss': '4.6284'}
2025-06-13 23:07:12,490 - {'Epoch': 22, 'HR@5': '0.1726', 'NDCG@5': '0.1130', 'HR@10': '0.2594', 'NDCG@10': '0.1410', 'HR@20': '0.3603', 'NDCG@20': '0.1665'}
2025-06-13 23:07:12,491 - Validation score increased.  Saving model ...
2025-06-13 23:07:19,999 - {'epoch': 23, 'rec_loss': '4.6157'}
2025-06-13 23:07:24,416 - {'Epoch': 23, 'HR@5': '0.1702', 'NDCG@5': '0.1107', 'HR@10': '0.2561', 'NDCG@10': '0.1383', 'HR@20': '0.3613', 'NDCG@20': '0.1649'}
2025-06-13 23:07:24,417 - EarlyStopping counter: 1 out of 10
2025-06-13 23:07:31,971 - {'epoch': 24, 'rec_loss': '4.6092'}
2025-06-13 23:07:36,407 - {'Epoch': 24, 'HR@5': '0.1712', 'NDCG@5': '0.1117', 'HR@10': '0.2593', 'NDCG@10': '0.1401', 'HR@20': '0.3606', 'NDCG@20': '0.1657'}
2025-06-13 23:07:36,408 - EarlyStopping counter: 2 out of 10
2025-06-13 23:07:43,889 - {'epoch': 25, 'rec_loss': '4.5984'}
2025-06-13 23:07:48,351 - {'Epoch': 25, 'HR@5': '0.1747', 'NDCG@5': '0.1147', 'HR@10': '0.2582', 'NDCG@10': '0.1416', 'HR@20': '0.3610', 'NDCG@20': '0.1676'}
2025-06-13 23:07:48,352 - Validation score increased.  Saving model ...
2025-06-13 23:07:55,825 - {'epoch': 26, 'rec_loss': '4.5943'}
2025-06-13 23:08:00,278 - {'Epoch': 26, 'HR@5': '0.1710', 'NDCG@5': '0.1124', 'HR@10': '0.2587', 'NDCG@10': '0.1407', 'HR@20': '0.3595', 'NDCG@20': '0.1661'}
2025-06-13 23:08:00,279 - EarlyStopping counter: 1 out of 10
2025-06-13 23:08:07,754 - {'epoch': 27, 'rec_loss': '4.5882'}
2025-06-13 23:08:12,121 - {'Epoch': 27, 'HR@5': '0.1724', 'NDCG@5': '0.1119', 'HR@10': '0.2593', 'NDCG@10': '0.1399', 'HR@20': '0.3609', 'NDCG@20': '0.1655'}
2025-06-13 23:08:12,122 - EarlyStopping counter: 2 out of 10
2025-06-13 23:08:19,683 - {'epoch': 28, 'rec_loss': '4.5804'}
2025-06-13 23:08:24,082 - {'Epoch': 28, 'HR@5': '0.1746', 'NDCG@5': '0.1145', 'HR@10': '0.2614', 'NDCG@10': '0.1425', 'HR@20': '0.3608', 'NDCG@20': '0.1676'}
2025-06-13 23:08:24,083 - EarlyStopping counter: 3 out of 10
2025-06-13 23:08:31,604 - {'epoch': 29, 'rec_loss': '4.5774'}
2025-06-13 23:08:36,005 - {'Epoch': 29, 'HR@5': '0.1712', 'NDCG@5': '0.1133', 'HR@10': '0.2549', 'NDCG@10': '0.1402', 'HR@20': '0.3588', 'NDCG@20': '0.1665'}
2025-06-13 23:08:36,006 - EarlyStopping counter: 4 out of 10
2025-06-13 23:08:43,532 - {'epoch': 30, 'rec_loss': '4.5709'}
2025-06-13 23:08:47,997 - {'Epoch': 30, 'HR@5': '0.1709', 'NDCG@5': '0.1126', 'HR@10': '0.2581', 'NDCG@10': '0.1407', 'HR@20': '0.3619', 'NDCG@20': '0.1669'}
2025-06-13 23:08:47,997 - EarlyStopping counter: 5 out of 10
2025-06-13 23:08:55,593 - {'epoch': 31, 'rec_loss': '4.5612'}
2025-06-13 23:09:00,141 - {'Epoch': 31, 'HR@5': '0.1723', 'NDCG@5': '0.1129', 'HR@10': '0.2627', 'NDCG@10': '0.1420', 'HR@20': '0.3622', 'NDCG@20': '0.1670'}
2025-06-13 23:09:00,141 - EarlyStopping counter: 6 out of 10
2025-06-13 23:09:07,711 - {'epoch': 32, 'rec_loss': '4.5553'}
2025-06-13 23:09:12,206 - {'Epoch': 32, 'HR@5': '0.1715', 'NDCG@5': '0.1114', 'HR@10': '0.2590', 'NDCG@10': '0.1395', 'HR@20': '0.3618', 'NDCG@20': '0.1655'}
2025-06-13 23:09:12,207 - EarlyStopping counter: 7 out of 10
2025-06-13 23:09:19,783 - {'epoch': 33, 'rec_loss': '4.5496'}
2025-06-13 23:09:24,233 - {'Epoch': 33, 'HR@5': '0.1688', 'NDCG@5': '0.1117', 'HR@10': '0.2605', 'NDCG@10': '0.1413', 'HR@20': '0.3593', 'NDCG@20': '0.1663'}
2025-06-13 23:09:24,233 - EarlyStopping counter: 8 out of 10
2025-06-13 23:09:31,771 - {'epoch': 34, 'rec_loss': '4.5463'}
2025-06-13 23:09:36,268 - {'Epoch': 34, 'HR@5': '0.1749', 'NDCG@5': '0.1146', 'HR@10': '0.2602', 'NDCG@10': '0.1421', 'HR@20': '0.3601', 'NDCG@20': '0.1674'}
2025-06-13 23:09:36,269 - EarlyStopping counter: 9 out of 10
2025-06-13 23:09:43,656 - {'epoch': 35, 'rec_loss': '4.5408'}
2025-06-13 23:09:48,019 - {'Epoch': 35, 'HR@5': '0.1711', 'NDCG@5': '0.1124', 'HR@10': '0.2581', 'NDCG@10': '0.1404', 'HR@20': '0.3589', 'NDCG@20': '0.1660'}
2025-06-13 23:09:48,019 - EarlyStopping counter: 10 out of 10
2025-06-13 23:09:48,020 - Early stopping
2025-06-13 23:09:48,020 - ---------------Validation Score---------------
2025-06-13 23:09:52,502 - {'Epoch': 0, 'HR@5': '0.1747', 'NDCG@5': '0.1147', 'HR@10': '0.2582', 'NDCG@10': '0.1416', 'HR@20': '0.3610', 'NDCG@20': '0.1676'}
2025-06-13 23:09:52,503 - BSARec_Diginetica
2025-06-13 23:09:52,503 - {'Epoch': 0, 'HR@5': '0.1747', 'NDCG@5': '0.1147', 'HR@10': '0.2582', 'NDCG@10': '0.1416', 'HR@20': '0.3610', 'NDCG@20': '0.1676'}
