2025-06-13 23:28:50,807 - Namespace(data_dir='data/self_processed/', output_dir='hparam_search/', data_name='Diginetica', train_name='BSARec_Diginetica', num_items=10, num_users=14829, lr=0.001, batch_size=256, epochs=200, no_cuda=False, log_freq=1, patience=10, num_workers=4, seed=42, weight_decay=0.0, adam_beta1=0.9, adam_beta2=0.999, gpu_id='0', variance=5, model_type='BSARec', max_seq_length=50, hidden_size=64, num_hidden_layers=2, hidden_act='gelu', num_attention_heads=4, attention_probs_dropout_prob=0.5, hidden_dropout_prob=0.5, initializer_range=0.02, c=1, alpha=0.9, cuda_condition=True, data_file='data/self_processed/Diginetica.txt', item_size=9441, checkpoint_path=PosixPath('/gpfs/home3/scur2771/BSARec/BSARec/src/hparam_search/BSARec_Diginetica/12367757_55/model.pt'), same_target_path='data/self_processed/Diginetica_same_target.npy')
2025-06-13 23:28:50,824 - BSARecModel(
  (item_embeddings): Embedding(9441, 64, padding_idx=0)
  (position_embeddings): Embedding(50, 64)
  (LayerNorm): LayerNorm()
  (dropout): Dropout(p=0.5, inplace=False)
  (item_encoder): BSARecEncoder(
    (blocks): ModuleList(
      (0): BSARecBlock(
        (layer): BSARecLayer(
          (filter_layer): FrequencyLayer(
            (out_dropout): Dropout(p=0.5, inplace=False)
            (LayerNorm): LayerNorm()
          )
          (attention_layer): MultiHeadAttention(
            (query): Linear(in_features=64, out_features=64, bias=True)
            (key): Linear(in_features=64, out_features=64, bias=True)
            (value): Linear(in_features=64, out_features=64, bias=True)
            (softmax): Softmax(dim=-1)
            (attn_dropout): Dropout(p=0.5, inplace=False)
            (dense): Linear(in_features=64, out_features=64, bias=True)
            (LayerNorm): LayerNorm((64,), eps=1e-12, elementwise_affine=True)
            (out_dropout): Dropout(p=0.5, inplace=False)
          )
        )
        (feed_forward): FeedForward(
          (dense_1): Linear(in_features=64, out_features=256, bias=True)
          (dense_2): Linear(in_features=256, out_features=64, bias=True)
          (LayerNorm): LayerNorm()
          (dropout): Dropout(p=0.5, inplace=False)
        )
      )
      (1): BSARecBlock(
        (layer): BSARecLayer(
          (filter_layer): FrequencyLayer(
            (out_dropout): Dropout(p=0.5, inplace=False)
            (LayerNorm): LayerNorm()
          )
          (attention_layer): MultiHeadAttention(
            (query): Linear(in_features=64, out_features=64, bias=True)
            (key): Linear(in_features=64, out_features=64, bias=True)
            (value): Linear(in_features=64, out_features=64, bias=True)
            (softmax): Softmax(dim=-1)
            (attn_dropout): Dropout(p=0.5, inplace=False)
            (dense): Linear(in_features=64, out_features=64, bias=True)
            (LayerNorm): LayerNorm((64,), eps=1e-12, elementwise_affine=True)
            (out_dropout): Dropout(p=0.5, inplace=False)
          )
        )
        (feed_forward): FeedForward(
          (dense_1): Linear(in_features=64, out_features=256, bias=True)
          (dense_2): Linear(in_features=256, out_features=64, bias=True)
          (LayerNorm): LayerNorm()
          (dropout): Dropout(p=0.5, inplace=False)
        )
      )
    )
  )
)
2025-06-13 23:28:52,972 - Total Parameters: 707904
2025-06-13 23:29:01,619 - {'epoch': 0, 'rec_loss': '8.7629'}
2025-06-13 23:29:05,839 - {'Epoch': 0, 'HR@5': '0.0094', 'NDCG@5': '0.0061', 'HR@10': '0.0155', 'NDCG@10': '0.0080', 'HR@20': '0.0238', 'NDCG@20': '0.0101'}
2025-06-13 23:29:05,840 - Validation score increased.  Saving model ...
2025-06-13 23:29:13,426 - {'epoch': 1, 'rec_loss': '8.0255'}
2025-06-13 23:29:17,563 - {'Epoch': 1, 'HR@5': '0.0673', 'NDCG@5': '0.0446', 'HR@10': '0.1004', 'NDCG@10': '0.0553', 'HR@20': '0.1411', 'NDCG@20': '0.0655'}
2025-06-13 23:29:17,565 - Validation score increased.  Saving model ...
2025-06-13 23:29:25,132 - {'epoch': 2, 'rec_loss': '6.7909'}
2025-06-13 23:29:29,443 - {'Epoch': 2, 'HR@5': '0.1181', 'NDCG@5': '0.0774', 'HR@10': '0.1762', 'NDCG@10': '0.0961', 'HR@20': '0.2477', 'NDCG@20': '0.1141'}
2025-06-13 23:29:29,443 - Validation score increased.  Saving model ...
2025-06-13 23:29:37,029 - {'epoch': 3, 'rec_loss': '5.8483'}
2025-06-13 23:29:41,420 - {'Epoch': 3, 'HR@5': '0.1419', 'NDCG@5': '0.0940', 'HR@10': '0.2141', 'NDCG@10': '0.1173', 'HR@20': '0.3009', 'NDCG@20': '0.1392'}
2025-06-13 23:29:41,422 - Validation score increased.  Saving model ...
2025-06-13 23:29:48,965 - {'epoch': 4, 'rec_loss': '5.3622'}
2025-06-13 23:29:53,431 - {'Epoch': 4, 'HR@5': '0.1535', 'NDCG@5': '0.1002', 'HR@10': '0.2319', 'NDCG@10': '0.1254', 'HR@20': '0.3245', 'NDCG@20': '0.1488'}
2025-06-13 23:29:53,433 - Validation score increased.  Saving model ...
2025-06-13 23:30:01,028 - {'epoch': 5, 'rec_loss': '5.1332'}
2025-06-13 23:30:05,436 - {'Epoch': 5, 'HR@5': '0.1608', 'NDCG@5': '0.1060', 'HR@10': '0.2410', 'NDCG@10': '0.1317', 'HR@20': '0.3370', 'NDCG@20': '0.1561'}
2025-06-13 23:30:05,438 - Validation score increased.  Saving model ...
2025-06-13 23:30:12,960 - {'epoch': 6, 'rec_loss': '5.0129'}
2025-06-13 23:30:17,374 - {'Epoch': 6, 'HR@5': '0.1652', 'NDCG@5': '0.1078', 'HR@10': '0.2488', 'NDCG@10': '0.1347', 'HR@20': '0.3455', 'NDCG@20': '0.1592'}
2025-06-13 23:30:17,375 - Validation score increased.  Saving model ...
2025-06-13 23:30:24,981 - {'epoch': 7, 'rec_loss': '4.9319'}
2025-06-13 23:30:29,357 - {'Epoch': 7, 'HR@5': '0.1646', 'NDCG@5': '0.1081', 'HR@10': '0.2534', 'NDCG@10': '0.1366', 'HR@20': '0.3506', 'NDCG@20': '0.1611'}
2025-06-13 23:30:29,360 - Validation score increased.  Saving model ...
2025-06-13 23:30:36,867 - {'epoch': 8, 'rec_loss': '4.8775'}
2025-06-13 23:30:41,308 - {'Epoch': 8, 'HR@5': '0.1664', 'NDCG@5': '0.1092', 'HR@10': '0.2533', 'NDCG@10': '0.1373', 'HR@20': '0.3515', 'NDCG@20': '0.1621'}
2025-06-13 23:30:41,310 - Validation score increased.  Saving model ...
2025-06-13 23:30:48,900 - {'epoch': 9, 'rec_loss': '4.8328'}
2025-06-13 23:30:53,390 - {'Epoch': 9, 'HR@5': '0.1685', 'NDCG@5': '0.1109', 'HR@10': '0.2516', 'NDCG@10': '0.1377', 'HR@20': '0.3551', 'NDCG@20': '0.1639'}
2025-06-13 23:30:53,391 - Validation score increased.  Saving model ...
2025-06-13 23:31:00,883 - {'epoch': 10, 'rec_loss': '4.8005'}
2025-06-13 23:31:05,286 - {'Epoch': 10, 'HR@5': '0.1684', 'NDCG@5': '0.1109', 'HR@10': '0.2542', 'NDCG@10': '0.1386', 'HR@20': '0.3568', 'NDCG@20': '0.1645'}
2025-06-13 23:31:05,287 - Validation score increased.  Saving model ...
2025-06-13 23:31:12,754 - {'epoch': 11, 'rec_loss': '4.7722'}
2025-06-13 23:31:17,127 - {'Epoch': 11, 'HR@5': '0.1705', 'NDCG@5': '0.1117', 'HR@10': '0.2580', 'NDCG@10': '0.1399', 'HR@20': '0.3571', 'NDCG@20': '0.1649'}
2025-06-13 23:31:17,128 - Validation score increased.  Saving model ...
2025-06-13 23:31:24,693 - {'epoch': 12, 'rec_loss': '4.7413'}
2025-06-13 23:31:29,151 - {'Epoch': 12, 'HR@5': '0.1679', 'NDCG@5': '0.1111', 'HR@10': '0.2564', 'NDCG@10': '0.1396', 'HR@20': '0.3590', 'NDCG@20': '0.1655'}
2025-06-13 23:31:29,152 - Validation score increased.  Saving model ...
2025-06-13 23:31:36,731 - {'epoch': 13, 'rec_loss': '4.7239'}
2025-06-13 23:31:41,206 - {'Epoch': 13, 'HR@5': '0.1720', 'NDCG@5': '0.1132', 'HR@10': '0.2596', 'NDCG@10': '0.1414', 'HR@20': '0.3570', 'NDCG@20': '0.1660'}
2025-06-13 23:31:41,206 - Validation score increased.  Saving model ...
2025-06-13 23:31:48,880 - {'epoch': 14, 'rec_loss': '4.6984'}
2025-06-13 23:31:53,409 - {'Epoch': 14, 'HR@5': '0.1707', 'NDCG@5': '0.1126', 'HR@10': '0.2567', 'NDCG@10': '0.1403', 'HR@20': '0.3596', 'NDCG@20': '0.1663'}
2025-06-13 23:31:53,412 - Validation score increased.  Saving model ...
2025-06-13 23:32:00,922 - {'epoch': 15, 'rec_loss': '4.6867'}
2025-06-13 23:32:05,324 - {'Epoch': 15, 'HR@5': '0.1706', 'NDCG@5': '0.1128', 'HR@10': '0.2576', 'NDCG@10': '0.1408', 'HR@20': '0.3583', 'NDCG@20': '0.1662'}
2025-06-13 23:32:05,325 - EarlyStopping counter: 1 out of 10
2025-06-13 23:32:12,801 - {'epoch': 16, 'rec_loss': '4.6702'}
2025-06-13 23:32:17,183 - {'Epoch': 16, 'HR@5': '0.1691', 'NDCG@5': '0.1115', 'HR@10': '0.2553', 'NDCG@10': '0.1393', 'HR@20': '0.3598', 'NDCG@20': '0.1656'}
2025-06-13 23:32:17,186 - EarlyStopping counter: 2 out of 10
2025-06-13 23:32:24,764 - {'epoch': 17, 'rec_loss': '4.6573'}
2025-06-13 23:32:29,219 - {'Epoch': 17, 'HR@5': '0.1702', 'NDCG@5': '0.1113', 'HR@10': '0.2582', 'NDCG@10': '0.1397', 'HR@20': '0.3570', 'NDCG@20': '0.1647'}
2025-06-13 23:32:29,221 - EarlyStopping counter: 3 out of 10
2025-06-13 23:32:36,798 - {'epoch': 18, 'rec_loss': '4.6403'}
2025-06-13 23:32:41,163 - {'Epoch': 18, 'HR@5': '0.1717', 'NDCG@5': '0.1129', 'HR@10': '0.2561', 'NDCG@10': '0.1401', 'HR@20': '0.3548', 'NDCG@20': '0.1650'}
2025-06-13 23:32:41,165 - EarlyStopping counter: 4 out of 10
2025-06-13 23:32:48,741 - {'epoch': 19, 'rec_loss': '4.6254'}
2025-06-13 23:32:53,155 - {'Epoch': 19, 'HR@5': '0.1709', 'NDCG@5': '0.1116', 'HR@10': '0.2537', 'NDCG@10': '0.1383', 'HR@20': '0.3585', 'NDCG@20': '0.1648'}
2025-06-13 23:32:53,156 - EarlyStopping counter: 5 out of 10
2025-06-13 23:33:00,629 - {'epoch': 20, 'rec_loss': '4.6096'}
2025-06-13 23:33:05,054 - {'Epoch': 20, 'HR@5': '0.1739', 'NDCG@5': '0.1132', 'HR@10': '0.2578', 'NDCG@10': '0.1402', 'HR@20': '0.3588', 'NDCG@20': '0.1658'}
2025-06-13 23:33:05,056 - EarlyStopping counter: 6 out of 10
2025-06-13 23:33:12,627 - {'epoch': 21, 'rec_loss': '4.6015'}
2025-06-13 23:33:17,028 - {'Epoch': 21, 'HR@5': '0.1760', 'NDCG@5': '0.1137', 'HR@10': '0.2569', 'NDCG@10': '0.1398', 'HR@20': '0.3588', 'NDCG@20': '0.1655'}
2025-06-13 23:33:17,030 - EarlyStopping counter: 7 out of 10
2025-06-13 23:33:24,501 - {'epoch': 22, 'rec_loss': '4.5900'}
2025-06-13 23:33:28,971 - {'Epoch': 22, 'HR@5': '0.1724', 'NDCG@5': '0.1125', 'HR@10': '0.2584', 'NDCG@10': '0.1403', 'HR@20': '0.3595', 'NDCG@20': '0.1659'}
2025-06-13 23:33:28,973 - EarlyStopping counter: 8 out of 10
2025-06-13 23:33:36,412 - {'epoch': 23, 'rec_loss': '4.5778'}
2025-06-13 23:33:40,874 - {'Epoch': 23, 'HR@5': '0.1712', 'NDCG@5': '0.1119', 'HR@10': '0.2564', 'NDCG@10': '0.1394', 'HR@20': '0.3572', 'NDCG@20': '0.1648'}
2025-06-13 23:33:40,875 - EarlyStopping counter: 9 out of 10
2025-06-13 23:33:48,495 - {'epoch': 24, 'rec_loss': '4.5736'}
2025-06-13 23:33:52,977 - {'Epoch': 24, 'HR@5': '0.1724', 'NDCG@5': '0.1130', 'HR@10': '0.2587', 'NDCG@10': '0.1407', 'HR@20': '0.3574', 'NDCG@20': '0.1657'}
2025-06-13 23:33:52,978 - EarlyStopping counter: 10 out of 10
2025-06-13 23:33:52,978 - Early stopping
2025-06-13 23:33:52,978 - ---------------Validation Score---------------
2025-06-13 23:33:57,359 - {'Epoch': 0, 'HR@5': '0.1707', 'NDCG@5': '0.1126', 'HR@10': '0.2567', 'NDCG@10': '0.1403', 'HR@20': '0.3596', 'NDCG@20': '0.1663'}
2025-06-13 23:33:57,359 - BSARec_Diginetica
2025-06-13 23:33:57,359 - {'Epoch': 0, 'HR@5': '0.1707', 'NDCG@5': '0.1126', 'HR@10': '0.2567', 'NDCG@10': '0.1403', 'HR@20': '0.3596', 'NDCG@20': '0.1663'}
