2025-06-14 00:10:56,002 - Namespace(data_dir='data/self_processed/', output_dir='hparam_search/', data_name='Diginetica', train_name='BSARec_Diginetica', num_items=10, num_users=14829, lr=0.0005, batch_size=256, epochs=200, no_cuda=False, log_freq=1, patience=10, num_workers=4, seed=42, weight_decay=0.0, adam_beta1=0.9, adam_beta2=0.999, gpu_id='0', variance=5, model_type='BSARec', max_seq_length=50, hidden_size=64, num_hidden_layers=2, hidden_act='gelu', num_attention_heads=1, attention_probs_dropout_prob=0.5, hidden_dropout_prob=0.5, initializer_range=0.02, c=9, alpha=0.7, cuda_condition=True, data_file='data/self_processed/Diginetica.txt', item_size=9441, checkpoint_path=PosixPath('/gpfs/home3/scur2771/BSARec/BSARec/src/hparam_search/BSARec_Diginetica/12367757_99/model.pt'), same_target_path='data/self_processed/Diginetica_same_target.npy')
2025-06-14 00:10:56,020 - BSARecModel(
  (item_embeddings): Embedding(9441, 64, padding_idx=0)
  (position_embeddings): Embedding(50, 64)
  (LayerNorm): LayerNorm()
  (dropout): Dropout(p=0.5, inplace=False)
  (item_encoder): BSARecEncoder(
    (blocks): ModuleList(
      (0): BSARecBlock(
        (layer): BSARecLayer(
          (filter_layer): FrequencyLayer(
            (out_dropout): Dropout(p=0.5, inplace=False)
            (LayerNorm): LayerNorm()
          )
          (attention_layer): MultiHeadAttention(
            (query): Linear(in_features=64, out_features=64, bias=True)
            (key): Linear(in_features=64, out_features=64, bias=True)
            (value): Linear(in_features=64, out_features=64, bias=True)
            (softmax): Softmax(dim=-1)
            (attn_dropout): Dropout(p=0.5, inplace=False)
            (dense): Linear(in_features=64, out_features=64, bias=True)
            (LayerNorm): LayerNorm((64,), eps=1e-12, elementwise_affine=True)
            (out_dropout): Dropout(p=0.5, inplace=False)
          )
        )
        (feed_forward): FeedForward(
          (dense_1): Linear(in_features=64, out_features=256, bias=True)
          (dense_2): Linear(in_features=256, out_features=64, bias=True)
          (LayerNorm): LayerNorm()
          (dropout): Dropout(p=0.5, inplace=False)
        )
      )
      (1): BSARecBlock(
        (layer): BSARecLayer(
          (filter_layer): FrequencyLayer(
            (out_dropout): Dropout(p=0.5, inplace=False)
            (LayerNorm): LayerNorm()
          )
          (attention_layer): MultiHeadAttention(
            (query): Linear(in_features=64, out_features=64, bias=True)
            (key): Linear(in_features=64, out_features=64, bias=True)
            (value): Linear(in_features=64, out_features=64, bias=True)
            (softmax): Softmax(dim=-1)
            (attn_dropout): Dropout(p=0.5, inplace=False)
            (dense): Linear(in_features=64, out_features=64, bias=True)
            (LayerNorm): LayerNorm((64,), eps=1e-12, elementwise_affine=True)
            (out_dropout): Dropout(p=0.5, inplace=False)
          )
        )
        (feed_forward): FeedForward(
          (dense_1): Linear(in_features=64, out_features=256, bias=True)
          (dense_2): Linear(in_features=256, out_features=64, bias=True)
          (LayerNorm): LayerNorm()
          (dropout): Dropout(p=0.5, inplace=False)
        )
      )
    )
  )
)
2025-06-14 00:10:58,206 - Total Parameters: 707904
2025-06-14 00:11:06,589 - {'epoch': 0, 'rec_loss': '8.8235'}
2025-06-14 00:11:10,672 - {'Epoch': 0, 'HR@5': '0.0063', 'NDCG@5': '0.0041', 'HR@10': '0.0095', 'NDCG@10': '0.0051', 'HR@20': '0.0161', 'NDCG@20': '0.0067'}
2025-06-14 00:11:10,674 - Validation score increased.  Saving model ...
2025-06-14 00:11:18,056 - {'epoch': 1, 'rec_loss': '8.3794'}
2025-06-14 00:11:22,199 - {'Epoch': 1, 'HR@5': '0.0331', 'NDCG@5': '0.0228', 'HR@10': '0.0482', 'NDCG@10': '0.0276', 'HR@20': '0.0690', 'NDCG@20': '0.0328'}
2025-06-14 00:11:22,200 - Validation score increased.  Saving model ...
2025-06-14 00:11:29,632 - {'epoch': 2, 'rec_loss': '7.7761'}
2025-06-14 00:11:33,886 - {'Epoch': 2, 'HR@5': '0.0759', 'NDCG@5': '0.0499', 'HR@10': '0.1150', 'NDCG@10': '0.0625', 'HR@20': '0.1588', 'NDCG@20': '0.0735'}
2025-06-14 00:11:33,888 - Validation score increased.  Saving model ...
2025-06-14 00:11:41,294 - {'epoch': 3, 'rec_loss': '7.0166'}
2025-06-14 00:11:45,630 - {'Epoch': 3, 'HR@5': '0.1050', 'NDCG@5': '0.0683', 'HR@10': '0.1576', 'NDCG@10': '0.0852', 'HR@20': '0.2213', 'NDCG@20': '0.1013'}
2025-06-14 00:11:45,633 - Validation score increased.  Saving model ...
2025-06-14 00:11:53,119 - {'epoch': 4, 'rec_loss': '6.3512'}
2025-06-14 00:11:57,450 - {'Epoch': 4, 'HR@5': '0.1236', 'NDCG@5': '0.0810', 'HR@10': '0.1869', 'NDCG@10': '0.1013', 'HR@20': '0.2619', 'NDCG@20': '0.1203'}
2025-06-14 00:11:57,452 - Validation score increased.  Saving model ...
2025-06-14 00:12:04,967 - {'epoch': 5, 'rec_loss': '5.8522'}
2025-06-14 00:12:09,283 - {'Epoch': 5, 'HR@5': '0.1370', 'NDCG@5': '0.0900', 'HR@10': '0.2091', 'NDCG@10': '0.1132', 'HR@20': '0.2899', 'NDCG@20': '0.1336'}
2025-06-14 00:12:09,285 - Validation score increased.  Saving model ...
2025-06-14 00:12:16,770 - {'epoch': 6, 'rec_loss': '5.5063'}
2025-06-14 00:12:21,049 - {'Epoch': 6, 'HR@5': '0.1491', 'NDCG@5': '0.0981', 'HR@10': '0.2217', 'NDCG@10': '0.1214', 'HR@20': '0.3119', 'NDCG@20': '0.1442'}
2025-06-14 00:12:21,051 - Validation score increased.  Saving model ...
2025-06-14 00:12:28,337 - {'epoch': 7, 'rec_loss': '5.2586'}
2025-06-14 00:12:32,584 - {'Epoch': 7, 'HR@5': '0.1554', 'NDCG@5': '0.1023', 'HR@10': '0.2349', 'NDCG@10': '0.1280', 'HR@20': '0.3313', 'NDCG@20': '0.1523'}
2025-06-14 00:12:32,586 - Validation score increased.  Saving model ...
2025-06-14 00:12:39,938 - {'epoch': 8, 'rec_loss': '5.0831'}
2025-06-14 00:12:44,296 - {'Epoch': 8, 'HR@5': '0.1623', 'NDCG@5': '0.1070', 'HR@10': '0.2461', 'NDCG@10': '0.1340', 'HR@20': '0.3392', 'NDCG@20': '0.1575'}
2025-06-14 00:12:44,298 - Validation score increased.  Saving model ...
2025-06-14 00:12:51,729 - {'epoch': 9, 'rec_loss': '4.9596'}
2025-06-14 00:12:56,019 - {'Epoch': 9, 'HR@5': '0.1664', 'NDCG@5': '0.1095', 'HR@10': '0.2490', 'NDCG@10': '0.1361', 'HR@20': '0.3488', 'NDCG@20': '0.1613'}
2025-06-14 00:12:56,021 - Validation score increased.  Saving model ...
2025-06-14 00:13:03,511 - {'epoch': 10, 'rec_loss': '4.8734'}
2025-06-14 00:13:07,886 - {'Epoch': 10, 'HR@5': '0.1675', 'NDCG@5': '0.1094', 'HR@10': '0.2532', 'NDCG@10': '0.1369', 'HR@20': '0.3525', 'NDCG@20': '0.1621'}
2025-06-14 00:13:07,888 - Validation score increased.  Saving model ...
2025-06-14 00:13:15,390 - {'epoch': 11, 'rec_loss': '4.8052'}
2025-06-14 00:13:19,871 - {'Epoch': 11, 'HR@5': '0.1685', 'NDCG@5': '0.1119', 'HR@10': '0.2569', 'NDCG@10': '0.1404', 'HR@20': '0.3564', 'NDCG@20': '0.1655'}
2025-06-14 00:13:19,873 - Validation score increased.  Saving model ...
2025-06-14 00:13:27,279 - {'epoch': 12, 'rec_loss': '4.7568'}
2025-06-14 00:13:31,678 - {'Epoch': 12, 'HR@5': '0.1737', 'NDCG@5': '0.1132', 'HR@10': '0.2613', 'NDCG@10': '0.1414', 'HR@20': '0.3597', 'NDCG@20': '0.1662'}
2025-06-14 00:13:31,680 - Validation score increased.  Saving model ...
2025-06-14 00:13:39,099 - {'epoch': 13, 'rec_loss': '4.7222'}
2025-06-14 00:13:43,435 - {'Epoch': 13, 'HR@5': '0.1732', 'NDCG@5': '0.1144', 'HR@10': '0.2613', 'NDCG@10': '0.1427', 'HR@20': '0.3608', 'NDCG@20': '0.1679'}
2025-06-14 00:13:43,437 - Validation score increased.  Saving model ...
2025-06-14 00:13:50,887 - {'epoch': 14, 'rec_loss': '4.6900'}
2025-06-14 00:13:55,316 - {'Epoch': 14, 'HR@5': '0.1741', 'NDCG@5': '0.1146', 'HR@10': '0.2619', 'NDCG@10': '0.1429', 'HR@20': '0.3629', 'NDCG@20': '0.1683'}
2025-06-14 00:13:55,318 - Validation score increased.  Saving model ...
2025-06-14 00:14:02,865 - {'epoch': 15, 'rec_loss': '4.6666'}
2025-06-14 00:14:07,201 - {'Epoch': 15, 'HR@5': '0.1714', 'NDCG@5': '0.1137', 'HR@10': '0.2619', 'NDCG@10': '0.1429', 'HR@20': '0.3638', 'NDCG@20': '0.1686'}
2025-06-14 00:14:07,202 - Validation score increased.  Saving model ...
2025-06-14 00:14:14,728 - {'epoch': 16, 'rec_loss': '4.6468'}
2025-06-14 00:14:19,099 - {'Epoch': 16, 'HR@5': '0.1747', 'NDCG@5': '0.1143', 'HR@10': '0.2610', 'NDCG@10': '0.1420', 'HR@20': '0.3644', 'NDCG@20': '0.1681'}
2025-06-14 00:14:19,101 - EarlyStopping counter: 1 out of 10
2025-06-14 00:14:26,669 - {'epoch': 17, 'rec_loss': '4.6270'}
2025-06-14 00:14:31,013 - {'Epoch': 17, 'HR@5': '0.1747', 'NDCG@5': '0.1145', 'HR@10': '0.2610', 'NDCG@10': '0.1424', 'HR@20': '0.3653', 'NDCG@20': '0.1687'}
2025-06-14 00:14:31,015 - Validation score increased.  Saving model ...
2025-06-14 00:14:38,455 - {'epoch': 18, 'rec_loss': '4.6092'}
2025-06-14 00:14:42,856 - {'Epoch': 18, 'HR@5': '0.1766', 'NDCG@5': '0.1152', 'HR@10': '0.2617', 'NDCG@10': '0.1426', 'HR@20': '0.3657', 'NDCG@20': '0.1689'}
2025-06-14 00:14:42,859 - Validation score increased.  Saving model ...
2025-06-14 00:14:50,311 - {'epoch': 19, 'rec_loss': '4.5983'}
2025-06-14 00:14:54,742 - {'Epoch': 19, 'HR@5': '0.1761', 'NDCG@5': '0.1147', 'HR@10': '0.2615', 'NDCG@10': '0.1422', 'HR@20': '0.3651', 'NDCG@20': '0.1684'}
2025-06-14 00:14:54,744 - EarlyStopping counter: 1 out of 10
2025-06-14 00:15:02,263 - {'epoch': 20, 'rec_loss': '4.5839'}
2025-06-14 00:15:06,603 - {'Epoch': 20, 'HR@5': '0.1776', 'NDCG@5': '0.1160', 'HR@10': '0.2638', 'NDCG@10': '0.1437', 'HR@20': '0.3662', 'NDCG@20': '0.1696'}
2025-06-14 00:15:06,605 - Validation score increased.  Saving model ...
2025-06-14 00:15:14,132 - {'epoch': 21, 'rec_loss': '4.5766'}
2025-06-14 00:15:18,466 - {'Epoch': 21, 'HR@5': '0.1770', 'NDCG@5': '0.1161', 'HR@10': '0.2629', 'NDCG@10': '0.1438', 'HR@20': '0.3668', 'NDCG@20': '0.1700'}
2025-06-14 00:15:18,469 - Validation score increased.  Saving model ...
2025-06-14 00:15:25,915 - {'epoch': 22, 'rec_loss': '4.5663'}
2025-06-14 00:15:30,296 - {'Epoch': 22, 'HR@5': '0.1778', 'NDCG@5': '0.1161', 'HR@10': '0.2648', 'NDCG@10': '0.1441', 'HR@20': '0.3672', 'NDCG@20': '0.1700'}
2025-06-14 00:15:30,298 - EarlyStopping counter: 1 out of 10
2025-06-14 00:15:37,671 - {'epoch': 23, 'rec_loss': '4.5565'}
2025-06-14 00:15:42,044 - {'Epoch': 23, 'HR@5': '0.1761', 'NDCG@5': '0.1145', 'HR@10': '0.2623', 'NDCG@10': '0.1423', 'HR@20': '0.3647', 'NDCG@20': '0.1683'}
2025-06-14 00:15:42,046 - EarlyStopping counter: 2 out of 10
2025-06-14 00:15:49,378 - {'epoch': 24, 'rec_loss': '4.5489'}
2025-06-14 00:15:53,747 - {'Epoch': 24, 'HR@5': '0.1755', 'NDCG@5': '0.1151', 'HR@10': '0.2634', 'NDCG@10': '0.1434', 'HR@20': '0.3655', 'NDCG@20': '0.1692'}
2025-06-14 00:15:53,748 - EarlyStopping counter: 3 out of 10
2025-06-14 00:16:01,139 - {'epoch': 25, 'rec_loss': '4.5305'}
2025-06-14 00:16:05,567 - {'Epoch': 25, 'HR@5': '0.1761', 'NDCG@5': '0.1158', 'HR@10': '0.2663', 'NDCG@10': '0.1449', 'HR@20': '0.3664', 'NDCG@20': '0.1702'}
2025-06-14 00:16:05,569 - Validation score increased.  Saving model ...
2025-06-14 00:16:13,013 - {'epoch': 26, 'rec_loss': '4.5323'}
2025-06-14 00:16:17,425 - {'Epoch': 26, 'HR@5': '0.1767', 'NDCG@5': '0.1160', 'HR@10': '0.2623', 'NDCG@10': '0.1436', 'HR@20': '0.3656', 'NDCG@20': '0.1698'}
2025-06-14 00:16:17,427 - EarlyStopping counter: 1 out of 10
2025-06-14 00:16:24,829 - {'epoch': 27, 'rec_loss': '4.5243'}
2025-06-14 00:16:29,126 - {'Epoch': 27, 'HR@5': '0.1766', 'NDCG@5': '0.1155', 'HR@10': '0.2625', 'NDCG@10': '0.1432', 'HR@20': '0.3666', 'NDCG@20': '0.1696'}
2025-06-14 00:16:29,129 - EarlyStopping counter: 2 out of 10
2025-06-14 00:16:36,553 - {'epoch': 28, 'rec_loss': '4.5110'}
2025-06-14 00:16:40,877 - {'Epoch': 28, 'HR@5': '0.1769', 'NDCG@5': '0.1158', 'HR@10': '0.2653', 'NDCG@10': '0.1443', 'HR@20': '0.3667', 'NDCG@20': '0.1699'}
2025-06-14 00:16:40,878 - EarlyStopping counter: 3 out of 10
2025-06-14 00:16:48,330 - {'epoch': 29, 'rec_loss': '4.5070'}
2025-06-14 00:16:52,737 - {'Epoch': 29, 'HR@5': '0.1749', 'NDCG@5': '0.1151', 'HR@10': '0.2632', 'NDCG@10': '0.1435', 'HR@20': '0.3626', 'NDCG@20': '0.1687'}
2025-06-14 00:16:52,738 - EarlyStopping counter: 4 out of 10
2025-06-14 00:17:00,177 - {'epoch': 30, 'rec_loss': '4.4993'}
2025-06-14 00:17:04,612 - {'Epoch': 30, 'HR@5': '0.1762', 'NDCG@5': '0.1153', 'HR@10': '0.2624', 'NDCG@10': '0.1431', 'HR@20': '0.3634', 'NDCG@20': '0.1687'}
2025-06-14 00:17:04,614 - EarlyStopping counter: 5 out of 10
2025-06-14 00:17:12,032 - {'epoch': 31, 'rec_loss': '4.4957'}
2025-06-14 00:17:16,420 - {'Epoch': 31, 'HR@5': '0.1759', 'NDCG@5': '0.1148', 'HR@10': '0.2641', 'NDCG@10': '0.1431', 'HR@20': '0.3642', 'NDCG@20': '0.1684'}
2025-06-14 00:17:16,421 - EarlyStopping counter: 6 out of 10
2025-06-14 00:17:23,952 - {'epoch': 32, 'rec_loss': '4.4902'}
2025-06-14 00:17:28,264 - {'Epoch': 32, 'HR@5': '0.1741', 'NDCG@5': '0.1144', 'HR@10': '0.2660', 'NDCG@10': '0.1440', 'HR@20': '0.3657', 'NDCG@20': '0.1691'}
2025-06-14 00:17:28,266 - EarlyStopping counter: 7 out of 10
2025-06-14 00:17:35,697 - {'epoch': 33, 'rec_loss': '4.4822'}
2025-06-14 00:17:40,082 - {'Epoch': 33, 'HR@5': '0.1764', 'NDCG@5': '0.1157', 'HR@10': '0.2642', 'NDCG@10': '0.1439', 'HR@20': '0.3635', 'NDCG@20': '0.1690'}
2025-06-14 00:17:40,082 - EarlyStopping counter: 8 out of 10
2025-06-14 00:17:47,552 - {'epoch': 34, 'rec_loss': '4.4803'}
2025-06-14 00:17:51,863 - {'Epoch': 34, 'HR@5': '0.1786', 'NDCG@5': '0.1167', 'HR@10': '0.2648', 'NDCG@10': '0.1444', 'HR@20': '0.3650', 'NDCG@20': '0.1697'}
2025-06-14 00:17:51,864 - EarlyStopping counter: 9 out of 10
2025-06-14 00:17:59,309 - {'epoch': 35, 'rec_loss': '4.4725'}
2025-06-14 00:18:03,633 - {'Epoch': 35, 'HR@5': '0.1761', 'NDCG@5': '0.1156', 'HR@10': '0.2630', 'NDCG@10': '0.1435', 'HR@20': '0.3636', 'NDCG@20': '0.1689'}
2025-06-14 00:18:03,634 - EarlyStopping counter: 10 out of 10
2025-06-14 00:18:03,634 - Early stopping
2025-06-14 00:18:03,634 - ---------------Validation Score---------------
2025-06-14 00:18:07,962 - {'Epoch': 0, 'HR@5': '0.1761', 'NDCG@5': '0.1158', 'HR@10': '0.2663', 'NDCG@10': '0.1449', 'HR@20': '0.3664', 'NDCG@20': '0.1702'}
2025-06-14 00:18:07,964 - BSARec_Diginetica
2025-06-14 00:18:07,964 - {'Epoch': 0, 'HR@5': '0.1761', 'NDCG@5': '0.1158', 'HR@10': '0.2663', 'NDCG@10': '0.1449', 'HR@20': '0.3664', 'NDCG@20': '0.1702'}
