2025-06-14 00:38:58,764 - Namespace(data_dir='data/self_processed/', output_dir='hparam_search/', data_name='Diginetica', train_name='BSARec_Diginetica', num_items=10, num_users=14829, lr=0.0005, batch_size=256, epochs=200, no_cuda=False, log_freq=1, patience=10, num_workers=4, seed=42, weight_decay=0.0, adam_beta1=0.9, adam_beta2=0.999, gpu_id='0', variance=5, model_type='BSARec', max_seq_length=50, hidden_size=64, num_hidden_layers=2, hidden_act='gelu', num_attention_heads=4, attention_probs_dropout_prob=0.5, hidden_dropout_prob=0.5, initializer_range=0.02, c=1, alpha=0.5, cuda_condition=True, data_file='data/self_processed/Diginetica.txt', item_size=9441, checkpoint_path=PosixPath('/gpfs/home3/scur2771/BSARec/BSARec/src/hparam_search/BSARec_Diginetica/12367757_128/model.pt'), same_target_path='data/self_processed/Diginetica_same_target.npy')
2025-06-14 00:38:58,782 - BSARecModel(
  (item_embeddings): Embedding(9441, 64, padding_idx=0)
  (position_embeddings): Embedding(50, 64)
  (LayerNorm): LayerNorm()
  (dropout): Dropout(p=0.5, inplace=False)
  (item_encoder): BSARecEncoder(
    (blocks): ModuleList(
      (0): BSARecBlock(
        (layer): BSARecLayer(
          (filter_layer): FrequencyLayer(
            (out_dropout): Dropout(p=0.5, inplace=False)
            (LayerNorm): LayerNorm()
          )
          (attention_layer): MultiHeadAttention(
            (query): Linear(in_features=64, out_features=64, bias=True)
            (key): Linear(in_features=64, out_features=64, bias=True)
            (value): Linear(in_features=64, out_features=64, bias=True)
            (softmax): Softmax(dim=-1)
            (attn_dropout): Dropout(p=0.5, inplace=False)
            (dense): Linear(in_features=64, out_features=64, bias=True)
            (LayerNorm): LayerNorm((64,), eps=1e-12, elementwise_affine=True)
            (out_dropout): Dropout(p=0.5, inplace=False)
          )
        )
        (feed_forward): FeedForward(
          (dense_1): Linear(in_features=64, out_features=256, bias=True)
          (dense_2): Linear(in_features=256, out_features=64, bias=True)
          (LayerNorm): LayerNorm()
          (dropout): Dropout(p=0.5, inplace=False)
        )
      )
      (1): BSARecBlock(
        (layer): BSARecLayer(
          (filter_layer): FrequencyLayer(
            (out_dropout): Dropout(p=0.5, inplace=False)
            (LayerNorm): LayerNorm()
          )
          (attention_layer): MultiHeadAttention(
            (query): Linear(in_features=64, out_features=64, bias=True)
            (key): Linear(in_features=64, out_features=64, bias=True)
            (value): Linear(in_features=64, out_features=64, bias=True)
            (softmax): Softmax(dim=-1)
            (attn_dropout): Dropout(p=0.5, inplace=False)
            (dense): Linear(in_features=64, out_features=64, bias=True)
            (LayerNorm): LayerNorm((64,), eps=1e-12, elementwise_affine=True)
            (out_dropout): Dropout(p=0.5, inplace=False)
          )
        )
        (feed_forward): FeedForward(
          (dense_1): Linear(in_features=64, out_features=256, bias=True)
          (dense_2): Linear(in_features=256, out_features=64, bias=True)
          (LayerNorm): LayerNorm()
          (dropout): Dropout(p=0.5, inplace=False)
        )
      )
    )
  )
)
2025-06-14 00:39:00,961 - Total Parameters: 707904
2025-06-14 00:39:09,713 - {'epoch': 0, 'rec_loss': '8.8135'}
2025-06-14 00:39:13,902 - {'Epoch': 0, 'HR@5': '0.0065', 'NDCG@5': '0.0042', 'HR@10': '0.0098', 'NDCG@10': '0.0053', 'HR@20': '0.0165', 'NDCG@20': '0.0069'}
2025-06-14 00:39:13,904 - Validation score increased.  Saving model ...
2025-06-14 00:39:21,449 - {'epoch': 1, 'rec_loss': '8.3761'}
2025-06-14 00:39:25,740 - {'Epoch': 1, 'HR@5': '0.0361', 'NDCG@5': '0.0251', 'HR@10': '0.0510', 'NDCG@10': '0.0299', 'HR@20': '0.0684', 'NDCG@20': '0.0343'}
2025-06-14 00:39:25,742 - Validation score increased.  Saving model ...
2025-06-14 00:39:33,550 - {'epoch': 2, 'rec_loss': '7.7661'}
2025-06-14 00:39:37,810 - {'Epoch': 2, 'HR@5': '0.0772', 'NDCG@5': '0.0511', 'HR@10': '0.1163', 'NDCG@10': '0.0636', 'HR@20': '0.1632', 'NDCG@20': '0.0754'}
2025-06-14 00:39:37,812 - Validation score increased.  Saving model ...
2025-06-14 00:39:45,340 - {'epoch': 3, 'rec_loss': '6.9840'}
2025-06-14 00:39:49,545 - {'Epoch': 3, 'HR@5': '0.1056', 'NDCG@5': '0.0702', 'HR@10': '0.1601', 'NDCG@10': '0.0876', 'HR@20': '0.2231', 'NDCG@20': '0.1035'}
2025-06-14 00:39:49,546 - Validation score increased.  Saving model ...
2025-06-14 00:39:57,238 - {'epoch': 4, 'rec_loss': '6.3183'}
2025-06-14 00:40:01,551 - {'Epoch': 4, 'HR@5': '0.1253', 'NDCG@5': '0.0821', 'HR@10': '0.1878', 'NDCG@10': '0.1021', 'HR@20': '0.2638', 'NDCG@20': '0.1213'}
2025-06-14 00:40:01,553 - Validation score increased.  Saving model ...
2025-06-14 00:40:09,183 - {'epoch': 5, 'rec_loss': '5.8342'}
2025-06-14 00:40:13,473 - {'Epoch': 5, 'HR@5': '0.1366', 'NDCG@5': '0.0902', 'HR@10': '0.2085', 'NDCG@10': '0.1134', 'HR@20': '0.2903', 'NDCG@20': '0.1341'}
2025-06-14 00:40:13,476 - Validation score increased.  Saving model ...
2025-06-14 00:40:21,129 - {'epoch': 6, 'rec_loss': '5.4936'}
2025-06-14 00:40:25,447 - {'Epoch': 6, 'HR@5': '0.1474', 'NDCG@5': '0.0970', 'HR@10': '0.2229', 'NDCG@10': '0.1214', 'HR@20': '0.3114', 'NDCG@20': '0.1437'}
2025-06-14 00:40:25,449 - Validation score increased.  Saving model ...
2025-06-14 00:40:33,054 - {'epoch': 7, 'rec_loss': '5.2563'}
2025-06-14 00:40:37,429 - {'Epoch': 7, 'HR@5': '0.1561', 'NDCG@5': '0.1028', 'HR@10': '0.2353', 'NDCG@10': '0.1283', 'HR@20': '0.3261', 'NDCG@20': '0.1512'}
2025-06-14 00:40:37,429 - Validation score increased.  Saving model ...
2025-06-14 00:40:45,134 - {'epoch': 8, 'rec_loss': '5.0909'}
2025-06-14 00:40:49,432 - {'Epoch': 8, 'HR@5': '0.1633', 'NDCG@5': '0.1070', 'HR@10': '0.2432', 'NDCG@10': '0.1328', 'HR@20': '0.3359', 'NDCG@20': '0.1562'}
2025-06-14 00:40:49,434 - Validation score increased.  Saving model ...
2025-06-14 00:40:57,055 - {'epoch': 9, 'rec_loss': '4.9706'}
2025-06-14 00:41:01,510 - {'Epoch': 9, 'HR@5': '0.1676', 'NDCG@5': '0.1094', 'HR@10': '0.2466', 'NDCG@10': '0.1349', 'HR@20': '0.3438', 'NDCG@20': '0.1595'}
2025-06-14 00:41:01,512 - Validation score increased.  Saving model ...
2025-06-14 00:41:08,988 - {'epoch': 10, 'rec_loss': '4.8835'}
2025-06-14 00:41:13,421 - {'Epoch': 10, 'HR@5': '0.1674', 'NDCG@5': '0.1096', 'HR@10': '0.2536', 'NDCG@10': '0.1372', 'HR@20': '0.3508', 'NDCG@20': '0.1618'}
2025-06-14 00:41:13,423 - Validation score increased.  Saving model ...
2025-06-14 00:41:20,895 - {'epoch': 11, 'rec_loss': '4.8262'}
2025-06-14 00:41:25,281 - {'Epoch': 11, 'HR@5': '0.1717', 'NDCG@5': '0.1132', 'HR@10': '0.2573', 'NDCG@10': '0.1408', 'HR@20': '0.3530', 'NDCG@20': '0.1649'}
2025-06-14 00:41:25,283 - Validation score increased.  Saving model ...
2025-06-14 00:41:32,813 - {'epoch': 12, 'rec_loss': '4.7752'}
2025-06-14 00:41:37,260 - {'Epoch': 12, 'HR@5': '0.1693', 'NDCG@5': '0.1116', 'HR@10': '0.2580', 'NDCG@10': '0.1402', 'HR@20': '0.3564', 'NDCG@20': '0.1650'}
2025-06-14 00:41:37,262 - Validation score increased.  Saving model ...
2025-06-14 00:41:44,679 - {'epoch': 13, 'rec_loss': '4.7357'}
2025-06-14 00:41:49,082 - {'Epoch': 13, 'HR@5': '0.1714', 'NDCG@5': '0.1134', 'HR@10': '0.2578', 'NDCG@10': '0.1413', 'HR@20': '0.3577', 'NDCG@20': '0.1666'}
2025-06-14 00:41:49,083 - Validation score increased.  Saving model ...
2025-06-14 00:41:56,538 - {'epoch': 14, 'rec_loss': '4.7047'}
2025-06-14 00:42:00,880 - {'Epoch': 14, 'HR@5': '0.1708', 'NDCG@5': '0.1134', 'HR@10': '0.2602', 'NDCG@10': '0.1421', 'HR@20': '0.3590', 'NDCG@20': '0.1671'}
2025-06-14 00:42:00,882 - Validation score increased.  Saving model ...
2025-06-14 00:42:08,352 - {'epoch': 15, 'rec_loss': '4.6840'}
2025-06-14 00:42:12,708 - {'Epoch': 15, 'HR@5': '0.1732', 'NDCG@5': '0.1154', 'HR@10': '0.2605', 'NDCG@10': '0.1435', 'HR@20': '0.3611', 'NDCG@20': '0.1689'}
2025-06-14 00:42:12,709 - Validation score increased.  Saving model ...
2025-06-14 00:42:20,134 - {'epoch': 16, 'rec_loss': '4.6615'}
2025-06-14 00:42:24,549 - {'Epoch': 16, 'HR@5': '0.1729', 'NDCG@5': '0.1143', 'HR@10': '0.2594', 'NDCG@10': '0.1421', 'HR@20': '0.3634', 'NDCG@20': '0.1684'}
2025-06-14 00:42:24,550 - EarlyStopping counter: 1 out of 10
2025-06-14 00:42:31,902 - {'epoch': 17, 'rec_loss': '4.6469'}
2025-06-14 00:42:36,294 - {'Epoch': 17, 'HR@5': '0.1741', 'NDCG@5': '0.1148', 'HR@10': '0.2615', 'NDCG@10': '0.1429', 'HR@20': '0.3633', 'NDCG@20': '0.1686'}
2025-06-14 00:42:36,295 - EarlyStopping counter: 2 out of 10
2025-06-14 00:42:43,718 - {'epoch': 18, 'rec_loss': '4.6282'}
2025-06-14 00:42:48,142 - {'Epoch': 18, 'HR@5': '0.1737', 'NDCG@5': '0.1147', 'HR@10': '0.2608', 'NDCG@10': '0.1429', 'HR@20': '0.3613', 'NDCG@20': '0.1682'}
2025-06-14 00:42:48,144 - EarlyStopping counter: 3 out of 10
2025-06-14 00:42:55,497 - {'epoch': 19, 'rec_loss': '4.6113'}
2025-06-14 00:43:00,038 - {'Epoch': 19, 'HR@5': '0.1736', 'NDCG@5': '0.1146', 'HR@10': '0.2600', 'NDCG@10': '0.1425', 'HR@20': '0.3620', 'NDCG@20': '0.1683'}
2025-06-14 00:43:00,039 - EarlyStopping counter: 4 out of 10
2025-06-14 00:43:07,437 - {'epoch': 20, 'rec_loss': '4.6012'}
2025-06-14 00:43:11,918 - {'Epoch': 20, 'HR@5': '0.1755', 'NDCG@5': '0.1144', 'HR@10': '0.2628', 'NDCG@10': '0.1426', 'HR@20': '0.3640', 'NDCG@20': '0.1681'}
2025-06-14 00:43:11,919 - EarlyStopping counter: 5 out of 10
2025-06-14 00:43:19,374 - {'epoch': 21, 'rec_loss': '4.5916'}
2025-06-14 00:43:23,769 - {'Epoch': 21, 'HR@5': '0.1746', 'NDCG@5': '0.1143', 'HR@10': '0.2639', 'NDCG@10': '0.1432', 'HR@20': '0.3643', 'NDCG@20': '0.1685'}
2025-06-14 00:43:23,772 - EarlyStopping counter: 6 out of 10
2025-06-14 00:43:31,261 - {'epoch': 22, 'rec_loss': '4.5862'}
2025-06-14 00:43:35,580 - {'Epoch': 22, 'HR@5': '0.1755', 'NDCG@5': '0.1161', 'HR@10': '0.2637', 'NDCG@10': '0.1445', 'HR@20': '0.3655', 'NDCG@20': '0.1702'}
2025-06-14 00:43:35,581 - Validation score increased.  Saving model ...
2025-06-14 00:43:43,022 - {'epoch': 23, 'rec_loss': '4.5703'}
2025-06-14 00:43:47,397 - {'Epoch': 23, 'HR@5': '0.1753', 'NDCG@5': '0.1145', 'HR@10': '0.2617', 'NDCG@10': '0.1423', 'HR@20': '0.3636', 'NDCG@20': '0.1681'}
2025-06-14 00:43:47,399 - EarlyStopping counter: 1 out of 10
2025-06-14 00:43:54,774 - {'epoch': 24, 'rec_loss': '4.5658'}
2025-06-14 00:43:59,170 - {'Epoch': 24, 'HR@5': '0.1749', 'NDCG@5': '0.1149', 'HR@10': '0.2630', 'NDCG@10': '0.1433', 'HR@20': '0.3630', 'NDCG@20': '0.1685'}
2025-06-14 00:43:59,172 - EarlyStopping counter: 2 out of 10
2025-06-14 00:44:06,566 - {'epoch': 25, 'rec_loss': '4.5516'}
2025-06-14 00:44:10,905 - {'Epoch': 25, 'HR@5': '0.1761', 'NDCG@5': '0.1164', 'HR@10': '0.2648', 'NDCG@10': '0.1450', 'HR@20': '0.3632', 'NDCG@20': '0.1698'}
2025-06-14 00:44:10,908 - EarlyStopping counter: 3 out of 10
2025-06-14 00:44:18,403 - {'epoch': 26, 'rec_loss': '4.5491'}
2025-06-14 00:44:22,806 - {'Epoch': 26, 'HR@5': '0.1739', 'NDCG@5': '0.1157', 'HR@10': '0.2648', 'NDCG@10': '0.1450', 'HR@20': '0.3632', 'NDCG@20': '0.1699'}
2025-06-14 00:44:22,808 - EarlyStopping counter: 4 out of 10
2025-06-14 00:44:30,297 - {'epoch': 27, 'rec_loss': '4.5413'}
2025-06-14 00:44:34,707 - {'Epoch': 27, 'HR@5': '0.1765', 'NDCG@5': '0.1161', 'HR@10': '0.2638', 'NDCG@10': '0.1441', 'HR@20': '0.3630', 'NDCG@20': '0.1693'}
2025-06-14 00:44:34,708 - EarlyStopping counter: 5 out of 10
2025-06-14 00:44:42,199 - {'epoch': 28, 'rec_loss': '4.5328'}
2025-06-14 00:44:46,551 - {'Epoch': 28, 'HR@5': '0.1774', 'NDCG@5': '0.1162', 'HR@10': '0.2627', 'NDCG@10': '0.1437', 'HR@20': '0.3648', 'NDCG@20': '0.1695'}
2025-06-14 00:44:46,554 - EarlyStopping counter: 6 out of 10
2025-06-14 00:44:54,096 - {'epoch': 29, 'rec_loss': '4.5267'}
2025-06-14 00:44:58,510 - {'Epoch': 29, 'HR@5': '0.1742', 'NDCG@5': '0.1160', 'HR@10': '0.2634', 'NDCG@10': '0.1447', 'HR@20': '0.3618', 'NDCG@20': '0.1696'}
2025-06-14 00:44:58,512 - EarlyStopping counter: 7 out of 10
2025-06-14 00:45:05,790 - {'epoch': 30, 'rec_loss': '4.5206'}
2025-06-14 00:45:10,118 - {'Epoch': 30, 'HR@5': '0.1733', 'NDCG@5': '0.1142', 'HR@10': '0.2635', 'NDCG@10': '0.1434', 'HR@20': '0.3656', 'NDCG@20': '0.1692'}
2025-06-14 00:45:10,119 - EarlyStopping counter: 8 out of 10
2025-06-14 00:45:17,595 - {'epoch': 31, 'rec_loss': '4.5156'}
2025-06-14 00:45:21,925 - {'Epoch': 31, 'HR@5': '0.1760', 'NDCG@5': '0.1152', 'HR@10': '0.2639', 'NDCG@10': '0.1436', 'HR@20': '0.3627', 'NDCG@20': '0.1686'}
2025-06-14 00:45:21,927 - EarlyStopping counter: 9 out of 10
2025-06-14 00:45:29,356 - {'epoch': 32, 'rec_loss': '4.5080'}
2025-06-14 00:45:33,779 - {'Epoch': 32, 'HR@5': '0.1736', 'NDCG@5': '0.1143', 'HR@10': '0.2645', 'NDCG@10': '0.1437', 'HR@20': '0.3616', 'NDCG@20': '0.1682'}
2025-06-14 00:45:33,781 - EarlyStopping counter: 10 out of 10
2025-06-14 00:45:33,781 - Early stopping
2025-06-14 00:45:33,781 - ---------------Validation Score---------------
2025-06-14 00:45:38,193 - {'Epoch': 0, 'HR@5': '0.1755', 'NDCG@5': '0.1161', 'HR@10': '0.2637', 'NDCG@10': '0.1445', 'HR@20': '0.3655', 'NDCG@20': '0.1702'}
2025-06-14 00:45:38,194 - BSARec_Diginetica
2025-06-14 00:45:38,194 - {'Epoch': 0, 'HR@5': '0.1755', 'NDCG@5': '0.1161', 'HR@10': '0.2637', 'NDCG@10': '0.1445', 'HR@20': '0.3655', 'NDCG@20': '0.1702'}
