2025-06-13 22:42:39,310 - Namespace(data_dir='data/self_processed/', output_dir='hparam_search/', data_name='Diginetica', train_name='BSARec_Diginetica', num_items=10, num_users=14829, lr=0.001, batch_size=256, epochs=200, no_cuda=False, log_freq=1, patience=10, num_workers=4, seed=42, weight_decay=0.0, adam_beta1=0.9, adam_beta2=0.999, gpu_id='0', variance=5, model_type='BSARec', max_seq_length=50, hidden_size=64, num_hidden_layers=2, hidden_act='gelu', num_attention_heads=1, attention_probs_dropout_prob=0.5, hidden_dropout_prob=0.5, initializer_range=0.02, c=1, alpha=0.9, cuda_condition=True, data_file='data/self_processed/Diginetica.txt', item_size=9441, checkpoint_path=PosixPath('/gpfs/home3/scur2771/BSARec/BSARec/src/hparam_search/BSARec_Diginetica/12367757_5/model.pt'), same_target_path='data/self_processed/Diginetica_same_target.npy')
2025-06-13 22:42:39,334 - BSARecModel(
  (item_embeddings): Embedding(9441, 64, padding_idx=0)
  (position_embeddings): Embedding(50, 64)
  (LayerNorm): LayerNorm()
  (dropout): Dropout(p=0.5, inplace=False)
  (item_encoder): BSARecEncoder(
    (blocks): ModuleList(
      (0): BSARecBlock(
        (layer): BSARecLayer(
          (filter_layer): FrequencyLayer(
            (out_dropout): Dropout(p=0.5, inplace=False)
            (LayerNorm): LayerNorm()
          )
          (attention_layer): MultiHeadAttention(
            (query): Linear(in_features=64, out_features=64, bias=True)
            (key): Linear(in_features=64, out_features=64, bias=True)
            (value): Linear(in_features=64, out_features=64, bias=True)
            (softmax): Softmax(dim=-1)
            (attn_dropout): Dropout(p=0.5, inplace=False)
            (dense): Linear(in_features=64, out_features=64, bias=True)
            (LayerNorm): LayerNorm((64,), eps=1e-12, elementwise_affine=True)
            (out_dropout): Dropout(p=0.5, inplace=False)
          )
        )
        (feed_forward): FeedForward(
          (dense_1): Linear(in_features=64, out_features=256, bias=True)
          (dense_2): Linear(in_features=256, out_features=64, bias=True)
          (LayerNorm): LayerNorm()
          (dropout): Dropout(p=0.5, inplace=False)
        )
      )
      (1): BSARecBlock(
        (layer): BSARecLayer(
          (filter_layer): FrequencyLayer(
            (out_dropout): Dropout(p=0.5, inplace=False)
            (LayerNorm): LayerNorm()
          )
          (attention_layer): MultiHeadAttention(
            (query): Linear(in_features=64, out_features=64, bias=True)
            (key): Linear(in_features=64, out_features=64, bias=True)
            (value): Linear(in_features=64, out_features=64, bias=True)
            (softmax): Softmax(dim=-1)
            (attn_dropout): Dropout(p=0.5, inplace=False)
            (dense): Linear(in_features=64, out_features=64, bias=True)
            (LayerNorm): LayerNorm((64,), eps=1e-12, elementwise_affine=True)
            (out_dropout): Dropout(p=0.5, inplace=False)
          )
        )
        (feed_forward): FeedForward(
          (dense_1): Linear(in_features=64, out_features=256, bias=True)
          (dense_2): Linear(in_features=256, out_features=64, bias=True)
          (LayerNorm): LayerNorm()
          (dropout): Dropout(p=0.5, inplace=False)
        )
      )
    )
  )
)
2025-06-13 22:42:42,471 - Total Parameters: 707904
2025-06-13 22:42:51,222 - {'epoch': 0, 'rec_loss': '8.7683'}
2025-06-13 22:42:55,403 - {'Epoch': 0, 'HR@5': '0.0092', 'NDCG@5': '0.0064', 'HR@10': '0.0157', 'NDCG@10': '0.0085', 'HR@20': '0.0245', 'NDCG@20': '0.0107'}
2025-06-13 22:42:55,405 - Validation score increased.  Saving model ...
2025-06-13 22:43:02,819 - {'epoch': 1, 'rec_loss': '8.0242'}
2025-06-13 22:43:07,070 - {'Epoch': 1, 'HR@5': '0.0695', 'NDCG@5': '0.0467', 'HR@10': '0.1041', 'NDCG@10': '0.0578', 'HR@20': '0.1424', 'NDCG@20': '0.0675'}
2025-06-13 22:43:07,072 - Validation score increased.  Saving model ...
2025-06-13 22:43:14,501 - {'epoch': 2, 'rec_loss': '6.8044'}
2025-06-13 22:43:18,713 - {'Epoch': 2, 'HR@5': '0.1180', 'NDCG@5': '0.0769', 'HR@10': '0.1784', 'NDCG@10': '0.0964', 'HR@20': '0.2476', 'NDCG@20': '0.1139'}
2025-06-13 22:43:18,715 - Validation score increased.  Saving model ...
2025-06-13 22:43:26,083 - {'epoch': 3, 'rec_loss': '5.8541'}
2025-06-13 22:43:30,400 - {'Epoch': 3, 'HR@5': '0.1399', 'NDCG@5': '0.0924', 'HR@10': '0.2124', 'NDCG@10': '0.1157', 'HR@20': '0.2998', 'NDCG@20': '0.1379'}
2025-06-13 22:43:30,402 - Validation score increased.  Saving model ...
2025-06-13 22:43:37,793 - {'epoch': 4, 'rec_loss': '5.3709'}
2025-06-13 22:43:42,057 - {'Epoch': 4, 'HR@5': '0.1507', 'NDCG@5': '0.0992', 'HR@10': '0.2318', 'NDCG@10': '0.1253', 'HR@20': '0.3271', 'NDCG@20': '0.1493'}
2025-06-13 22:43:42,059 - Validation score increased.  Saving model ...
2025-06-13 22:43:49,428 - {'epoch': 5, 'rec_loss': '5.1344'}
2025-06-13 22:43:53,790 - {'Epoch': 5, 'HR@5': '0.1596', 'NDCG@5': '0.1044', 'HR@10': '0.2418', 'NDCG@10': '0.1308', 'HR@20': '0.3398', 'NDCG@20': '0.1556'}
2025-06-13 22:43:53,793 - Validation score increased.  Saving model ...
2025-06-13 22:44:01,142 - {'epoch': 6, 'rec_loss': '5.0151'}
2025-06-13 22:44:05,617 - {'Epoch': 6, 'HR@5': '0.1667', 'NDCG@5': '0.1094', 'HR@10': '0.2508', 'NDCG@10': '0.1364', 'HR@20': '0.3464', 'NDCG@20': '0.1605'}
2025-06-13 22:44:05,618 - Validation score increased.  Saving model ...
2025-06-13 22:44:13,029 - {'epoch': 7, 'rec_loss': '4.9380'}
2025-06-13 22:44:17,403 - {'Epoch': 7, 'HR@5': '0.1664', 'NDCG@5': '0.1095', 'HR@10': '0.2503', 'NDCG@10': '0.1366', 'HR@20': '0.3498', 'NDCG@20': '0.1617'}
2025-06-13 22:44:17,407 - Validation score increased.  Saving model ...
2025-06-13 22:44:24,684 - {'epoch': 8, 'rec_loss': '4.8788'}
2025-06-13 22:44:29,050 - {'Epoch': 8, 'HR@5': '0.1680', 'NDCG@5': '0.1104', 'HR@10': '0.2542', 'NDCG@10': '0.1382', 'HR@20': '0.3528', 'NDCG@20': '0.1631'}
2025-06-13 22:44:29,052 - Validation score increased.  Saving model ...
2025-06-13 22:44:36,429 - {'epoch': 9, 'rec_loss': '4.8345'}
2025-06-13 22:44:40,821 - {'Epoch': 9, 'HR@5': '0.1714', 'NDCG@5': '0.1111', 'HR@10': '0.2530', 'NDCG@10': '0.1373', 'HR@20': '0.3566', 'NDCG@20': '0.1634'}
2025-06-13 22:44:40,823 - Validation score increased.  Saving model ...
2025-06-13 22:44:48,211 - {'epoch': 10, 'rec_loss': '4.8016'}
2025-06-13 22:44:52,536 - {'Epoch': 10, 'HR@5': '0.1679', 'NDCG@5': '0.1107', 'HR@10': '0.2566', 'NDCG@10': '0.1392', 'HR@20': '0.3571', 'NDCG@20': '0.1645'}
2025-06-13 22:44:52,538 - Validation score increased.  Saving model ...
2025-06-13 22:44:59,908 - {'epoch': 11, 'rec_loss': '4.7680'}
2025-06-13 22:45:04,295 - {'Epoch': 11, 'HR@5': '0.1675', 'NDCG@5': '0.1107', 'HR@10': '0.2551', 'NDCG@10': '0.1390', 'HR@20': '0.3576', 'NDCG@20': '0.1648'}
2025-06-13 22:45:04,297 - Validation score increased.  Saving model ...
2025-06-13 22:45:11,608 - {'epoch': 12, 'rec_loss': '4.7437'}
2025-06-13 22:45:16,045 - {'Epoch': 12, 'HR@5': '0.1675', 'NDCG@5': '0.1106', 'HR@10': '0.2600', 'NDCG@10': '0.1403', 'HR@20': '0.3578', 'NDCG@20': '0.1650'}
2025-06-13 22:45:16,046 - Validation score increased.  Saving model ...
2025-06-13 22:45:23,412 - {'epoch': 13, 'rec_loss': '4.7246'}
2025-06-13 22:45:27,761 - {'Epoch': 13, 'HR@5': '0.1691', 'NDCG@5': '0.1113', 'HR@10': '0.2577', 'NDCG@10': '0.1398', 'HR@20': '0.3586', 'NDCG@20': '0.1653'}
2025-06-13 22:45:27,764 - Validation score increased.  Saving model ...
2025-06-13 22:45:35,052 - {'epoch': 14, 'rec_loss': '4.6997'}
2025-06-13 22:45:39,527 - {'Epoch': 14, 'HR@5': '0.1714', 'NDCG@5': '0.1128', 'HR@10': '0.2575', 'NDCG@10': '0.1406', 'HR@20': '0.3586', 'NDCG@20': '0.1661'}
2025-06-13 22:45:39,528 - Validation score increased.  Saving model ...
2025-06-13 22:45:47,008 - {'epoch': 15, 'rec_loss': '4.6859'}
2025-06-13 22:45:51,345 - {'Epoch': 15, 'HR@5': '0.1689', 'NDCG@5': '0.1116', 'HR@10': '0.2568', 'NDCG@10': '0.1399', 'HR@20': '0.3608', 'NDCG@20': '0.1663'}
2025-06-13 22:45:51,346 - Validation score increased.  Saving model ...
2025-06-13 22:45:58,838 - {'epoch': 16, 'rec_loss': '4.6657'}
2025-06-13 22:46:03,216 - {'Epoch': 16, 'HR@5': '0.1689', 'NDCG@5': '0.1104', 'HR@10': '0.2567', 'NDCG@10': '0.1388', 'HR@20': '0.3571', 'NDCG@20': '0.1641'}
2025-06-13 22:46:03,218 - EarlyStopping counter: 1 out of 10
2025-06-13 22:46:10,620 - {'epoch': 17, 'rec_loss': '4.6570'}
2025-06-13 22:46:14,936 - {'Epoch': 17, 'HR@5': '0.1679', 'NDCG@5': '0.1102', 'HR@10': '0.2575', 'NDCG@10': '0.1392', 'HR@20': '0.3573', 'NDCG@20': '0.1644'}
2025-06-13 22:46:14,938 - EarlyStopping counter: 2 out of 10
2025-06-13 22:46:22,395 - {'epoch': 18, 'rec_loss': '4.6386'}
2025-06-13 22:46:26,683 - {'Epoch': 18, 'HR@5': '0.1718', 'NDCG@5': '0.1120', 'HR@10': '0.2584', 'NDCG@10': '0.1398', 'HR@20': '0.3582', 'NDCG@20': '0.1651'}
2025-06-13 22:46:26,684 - EarlyStopping counter: 3 out of 10
2025-06-13 22:46:34,051 - {'epoch': 19, 'rec_loss': '4.6279'}
2025-06-13 22:46:38,394 - {'Epoch': 19, 'HR@5': '0.1691', 'NDCG@5': '0.1105', 'HR@10': '0.2565', 'NDCG@10': '0.1387', 'HR@20': '0.3593', 'NDCG@20': '0.1647'}
2025-06-13 22:46:38,395 - EarlyStopping counter: 4 out of 10
2025-06-13 22:46:45,798 - {'epoch': 20, 'rec_loss': '4.6157'}
2025-06-13 22:46:50,232 - {'Epoch': 20, 'HR@5': '0.1735', 'NDCG@5': '0.1135', 'HR@10': '0.2621', 'NDCG@10': '0.1421', 'HR@20': '0.3576', 'NDCG@20': '0.1662'}
2025-06-13 22:46:50,234 - EarlyStopping counter: 5 out of 10
2025-06-13 22:46:57,525 - {'epoch': 21, 'rec_loss': '4.6045'}
2025-06-13 22:47:01,911 - {'Epoch': 21, 'HR@5': '0.1716', 'NDCG@5': '0.1125', 'HR@10': '0.2586', 'NDCG@10': '0.1405', 'HR@20': '0.3601', 'NDCG@20': '0.1661'}
2025-06-13 22:47:01,912 - EarlyStopping counter: 6 out of 10
2025-06-13 22:47:09,261 - {'epoch': 22, 'rec_loss': '4.5946'}
2025-06-13 22:47:13,699 - {'Epoch': 22, 'HR@5': '0.1720', 'NDCG@5': '0.1126', 'HR@10': '0.2597', 'NDCG@10': '0.1409', 'HR@20': '0.3597', 'NDCG@20': '0.1661'}
2025-06-13 22:47:13,702 - EarlyStopping counter: 7 out of 10
2025-06-13 22:47:20,993 - {'epoch': 23, 'rec_loss': '4.5822'}
2025-06-13 22:47:25,329 - {'Epoch': 23, 'HR@5': '0.1703', 'NDCG@5': '0.1101', 'HR@10': '0.2565', 'NDCG@10': '0.1377', 'HR@20': '0.3580', 'NDCG@20': '0.1634'}
2025-06-13 22:47:25,331 - EarlyStopping counter: 8 out of 10
2025-06-13 22:47:32,737 - {'epoch': 24, 'rec_loss': '4.5756'}
2025-06-13 22:47:37,094 - {'Epoch': 24, 'HR@5': '0.1698', 'NDCG@5': '0.1111', 'HR@10': '0.2569', 'NDCG@10': '0.1392', 'HR@20': '0.3558', 'NDCG@20': '0.1642'}
2025-06-13 22:47:37,096 - EarlyStopping counter: 9 out of 10
2025-06-13 22:47:44,408 - {'epoch': 25, 'rec_loss': '4.5601'}
2025-06-13 22:47:48,754 - {'Epoch': 25, 'HR@5': '0.1742', 'NDCG@5': '0.1145', 'HR@10': '0.2571', 'NDCG@10': '0.1412', 'HR@20': '0.3587', 'NDCG@20': '0.1669'}
2025-06-13 22:47:48,756 - Validation score increased.  Saving model ...
2025-06-13 22:47:56,080 - {'epoch': 26, 'rec_loss': '4.5583'}
2025-06-13 22:48:00,492 - {'Epoch': 26, 'HR@5': '0.1720', 'NDCG@5': '0.1123', 'HR@10': '0.2592', 'NDCG@10': '0.1404', 'HR@20': '0.3555', 'NDCG@20': '0.1647'}
2025-06-13 22:48:00,494 - EarlyStopping counter: 1 out of 10
2025-06-13 22:48:07,874 - {'epoch': 27, 'rec_loss': '4.5455'}
2025-06-13 22:48:12,193 - {'Epoch': 27, 'HR@5': '0.1724', 'NDCG@5': '0.1128', 'HR@10': '0.2575', 'NDCG@10': '0.1401', 'HR@20': '0.3569', 'NDCG@20': '0.1653'}
2025-06-13 22:48:12,194 - EarlyStopping counter: 2 out of 10
2025-06-13 22:48:19,528 - {'epoch': 28, 'rec_loss': '4.5353'}
2025-06-13 22:48:23,865 - {'Epoch': 28, 'HR@5': '0.1709', 'NDCG@5': '0.1118', 'HR@10': '0.2584', 'NDCG@10': '0.1400', 'HR@20': '0.3599', 'NDCG@20': '0.1656'}
2025-06-13 22:48:23,867 - EarlyStopping counter: 3 out of 10
2025-06-13 22:48:31,286 - {'epoch': 29, 'rec_loss': '4.5277'}
2025-06-13 22:48:35,618 - {'Epoch': 29, 'HR@5': '0.1677', 'NDCG@5': '0.1107', 'HR@10': '0.2557', 'NDCG@10': '0.1391', 'HR@20': '0.3545', 'NDCG@20': '0.1641'}
2025-06-13 22:48:35,620 - EarlyStopping counter: 4 out of 10
2025-06-13 22:48:42,928 - {'epoch': 30, 'rec_loss': '4.5236'}
2025-06-13 22:48:47,282 - {'Epoch': 30, 'HR@5': '0.1687', 'NDCG@5': '0.1104', 'HR@10': '0.2535', 'NDCG@10': '0.1377', 'HR@20': '0.3575', 'NDCG@20': '0.1640'}
2025-06-13 22:48:47,285 - EarlyStopping counter: 5 out of 10
2025-06-13 22:48:54,635 - {'epoch': 31, 'rec_loss': '4.5159'}
2025-06-13 22:48:58,952 - {'Epoch': 31, 'HR@5': '0.1699', 'NDCG@5': '0.1107', 'HR@10': '0.2568', 'NDCG@10': '0.1387', 'HR@20': '0.3553', 'NDCG@20': '0.1636'}
2025-06-13 22:48:58,954 - EarlyStopping counter: 6 out of 10
2025-06-13 22:49:06,411 - {'epoch': 32, 'rec_loss': '4.5079'}
2025-06-13 22:49:10,827 - {'Epoch': 32, 'HR@5': '0.1699', 'NDCG@5': '0.1102', 'HR@10': '0.2567', 'NDCG@10': '0.1382', 'HR@20': '0.3577', 'NDCG@20': '0.1637'}
2025-06-13 22:49:10,829 - EarlyStopping counter: 7 out of 10
2025-06-13 22:49:18,245 - {'epoch': 33, 'rec_loss': '4.5005'}
2025-06-13 22:49:22,681 - {'Epoch': 33, 'HR@5': '0.1665', 'NDCG@5': '0.1087', 'HR@10': '0.2566', 'NDCG@10': '0.1378', 'HR@20': '0.3566', 'NDCG@20': '0.1631'}
2025-06-13 22:49:22,681 - EarlyStopping counter: 8 out of 10
2025-06-13 22:49:30,110 - {'epoch': 34, 'rec_loss': '4.4931'}
2025-06-13 22:49:34,537 - {'Epoch': 34, 'HR@5': '0.1683', 'NDCG@5': '0.1092', 'HR@10': '0.2576', 'NDCG@10': '0.1380', 'HR@20': '0.3570', 'NDCG@20': '0.1631'}
2025-06-13 22:49:34,539 - EarlyStopping counter: 9 out of 10
2025-06-13 22:49:42,090 - {'epoch': 35, 'rec_loss': '4.4889'}
2025-06-13 22:49:46,528 - {'Epoch': 35, 'HR@5': '0.1685', 'NDCG@5': '0.1101', 'HR@10': '0.2567', 'NDCG@10': '0.1387', 'HR@20': '0.3549', 'NDCG@20': '0.1635'}
2025-06-13 22:49:46,530 - EarlyStopping counter: 10 out of 10
2025-06-13 22:49:46,530 - Early stopping
2025-06-13 22:49:46,530 - ---------------Validation Score---------------
2025-06-13 22:49:50,897 - {'Epoch': 0, 'HR@5': '0.1742', 'NDCG@5': '0.1145', 'HR@10': '0.2571', 'NDCG@10': '0.1412', 'HR@20': '0.3587', 'NDCG@20': '0.1669'}
2025-06-13 22:49:50,899 - BSARec_Diginetica
2025-06-13 22:49:50,899 - {'Epoch': 0, 'HR@5': '0.1742', 'NDCG@5': '0.1145', 'HR@10': '0.2571', 'NDCG@10': '0.1412', 'HR@20': '0.3587', 'NDCG@20': '0.1669'}
