2025-06-13 20:29:35,017 - Namespace(data_dir='data/self_processed/', output_dir='hparam_search/', data_name='Diginetica', train_name='BERT4Rec_Diginetica', num_items=10, num_users=14829, lr=0.001, batch_size=256, epochs=200, no_cuda=False, log_freq=1, patience=10, num_workers=4, seed=42, weight_decay=0.0, adam_beta1=0.9, adam_beta2=0.999, gpu_id='0', variance=5, model_type='BERT4Rec', max_seq_length=50, hidden_size=64, num_hidden_layers=2, hidden_act='gelu', num_attention_heads=4, attention_probs_dropout_prob=0.5, hidden_dropout_prob=0.5, initializer_range=0.02, mask_ratio=0.6, cuda_condition=True, data_file='data/self_processed/Diginetica.txt', item_size=9441, checkpoint_path=PosixPath('/gpfs/home3/scur2771/BSARec/BSARec/src/hparam_search/BERT4Rec_Diginetica/12362289_9/model.pt'), same_target_path='data/self_processed/Diginetica_same_target.npy')
2025-06-13 20:29:35,041 - BERT4RecModel(
  (item_embeddings): Embedding(9442, 64, padding_idx=0)
  (position_embeddings): Embedding(50, 64)
  (item_encoder): TransformerEncoder(
    (blocks): ModuleList(
      (0): TransformerBlock(
        (layer): MultiHeadAttention(
          (query): Linear(in_features=64, out_features=64, bias=True)
          (key): Linear(in_features=64, out_features=64, bias=True)
          (value): Linear(in_features=64, out_features=64, bias=True)
          (softmax): Softmax(dim=-1)
          (attn_dropout): Dropout(p=0.5, inplace=False)
          (dense): Linear(in_features=64, out_features=64, bias=True)
          (LayerNorm): LayerNorm((64,), eps=1e-12, elementwise_affine=True)
          (out_dropout): Dropout(p=0.5, inplace=False)
        )
        (feed_forward): FeedForward(
          (dense_1): Linear(in_features=64, out_features=256, bias=True)
          (dense_2): Linear(in_features=256, out_features=64, bias=True)
          (LayerNorm): LayerNorm()
          (dropout): Dropout(p=0.5, inplace=False)
        )
      )
      (1): TransformerBlock(
        (layer): MultiHeadAttention(
          (query): Linear(in_features=64, out_features=64, bias=True)
          (key): Linear(in_features=64, out_features=64, bias=True)
          (value): Linear(in_features=64, out_features=64, bias=True)
          (softmax): Softmax(dim=-1)
          (attn_dropout): Dropout(p=0.5, inplace=False)
          (dense): Linear(in_features=64, out_features=64, bias=True)
          (LayerNorm): LayerNorm((64,), eps=1e-12, elementwise_affine=True)
          (out_dropout): Dropout(p=0.5, inplace=False)
        )
        (feed_forward): FeedForward(
          (dense_1): Linear(in_features=64, out_features=256, bias=True)
          (dense_2): Linear(in_features=256, out_features=64, bias=True)
          (LayerNorm): LayerNorm()
          (dropout): Dropout(p=0.5, inplace=False)
        )
      )
    )
  )
  (LayerNorm): LayerNorm()
  (dropout): Dropout(p=0.5, inplace=False)
)
2025-06-13 20:29:37,312 - Total Parameters: 707584
2025-06-13 20:29:50,358 - {'epoch': 0, 'rec_loss': '8.9392'}
2025-06-13 20:29:55,066 - {'Epoch': 0, 'HR@5': '0.0030', 'NDCG@5': '0.0017', 'HR@10': '0.0057', 'NDCG@10': '0.0025', 'HR@20': '0.0086', 'NDCG@20': '0.0033'}
2025-06-13 20:29:55,069 - Validation score increased.  Saving model ...
2025-06-13 20:30:07,505 - {'epoch': 1, 'rec_loss': '8.7292'}
2025-06-13 20:30:12,085 - {'Epoch': 1, 'HR@5': '0.0038', 'NDCG@5': '0.0021', 'HR@10': '0.0063', 'NDCG@10': '0.0029', 'HR@20': '0.0121', 'NDCG@20': '0.0044'}
2025-06-13 20:30:12,086 - Validation score increased.  Saving model ...
2025-06-13 20:30:24,466 - {'epoch': 2, 'rec_loss': '8.5334'}
2025-06-13 20:30:29,050 - {'Epoch': 2, 'HR@5': '0.0054', 'NDCG@5': '0.0031', 'HR@10': '0.0098', 'NDCG@10': '0.0045', 'HR@20': '0.0182', 'NDCG@20': '0.0066'}
2025-06-13 20:30:29,051 - Validation score increased.  Saving model ...
2025-06-13 20:30:41,365 - {'epoch': 3, 'rec_loss': '8.3323'}
2025-06-13 20:30:45,986 - {'Epoch': 3, 'HR@5': '0.0081', 'NDCG@5': '0.0046', 'HR@10': '0.0137', 'NDCG@10': '0.0064', 'HR@20': '0.0261', 'NDCG@20': '0.0096'}
2025-06-13 20:30:45,988 - Validation score increased.  Saving model ...
2025-06-13 20:30:58,320 - {'epoch': 4, 'rec_loss': '8.1773'}
2025-06-13 20:31:02,851 - {'Epoch': 4, 'HR@5': '0.0122', 'NDCG@5': '0.0073', 'HR@10': '0.0203', 'NDCG@10': '0.0099', 'HR@20': '0.0359', 'NDCG@20': '0.0138'}
2025-06-13 20:31:02,851 - Validation score increased.  Saving model ...
2025-06-13 20:31:15,194 - {'epoch': 5, 'rec_loss': '8.0348'}
2025-06-13 20:31:19,707 - {'Epoch': 5, 'HR@5': '0.0163', 'NDCG@5': '0.0097', 'HR@10': '0.0295', 'NDCG@10': '0.0139', 'HR@20': '0.0515', 'NDCG@20': '0.0194'}
2025-06-13 20:31:19,710 - Validation score increased.  Saving model ...
2025-06-13 20:31:32,056 - {'epoch': 6, 'rec_loss': '7.8612'}
2025-06-13 20:31:36,590 - {'Epoch': 6, 'HR@5': '0.0258', 'NDCG@5': '0.0155', 'HR@10': '0.0458', 'NDCG@10': '0.0219', 'HR@20': '0.0741', 'NDCG@20': '0.0290'}
2025-06-13 20:31:36,591 - Validation score increased.  Saving model ...
2025-06-13 20:31:48,969 - {'epoch': 7, 'rec_loss': '7.7232'}
2025-06-13 20:31:53,458 - {'Epoch': 7, 'HR@5': '0.0327', 'NDCG@5': '0.0202', 'HR@10': '0.0550', 'NDCG@10': '0.0272', 'HR@20': '0.0922', 'NDCG@20': '0.0365'}
2025-06-13 20:31:53,458 - Validation score increased.  Saving model ...
2025-06-13 20:32:05,861 - {'epoch': 8, 'rec_loss': '7.6033'}
2025-06-13 20:32:10,437 - {'Epoch': 8, 'HR@5': '0.0392', 'NDCG@5': '0.0242', 'HR@10': '0.0660', 'NDCG@10': '0.0327', 'HR@20': '0.1120', 'NDCG@20': '0.0443'}
2025-06-13 20:32:10,438 - Validation score increased.  Saving model ...
2025-06-13 20:32:22,837 - {'epoch': 9, 'rec_loss': '7.5137'}
2025-06-13 20:32:27,432 - {'Epoch': 9, 'HR@5': '0.0412', 'NDCG@5': '0.0252', 'HR@10': '0.0705', 'NDCG@10': '0.0346', 'HR@20': '0.1175', 'NDCG@20': '0.0464'}
2025-06-13 20:32:27,436 - Validation score increased.  Saving model ...
2025-06-13 20:32:39,837 - {'epoch': 10, 'rec_loss': '7.4453'}
2025-06-13 20:32:44,371 - {'Epoch': 10, 'HR@5': '0.0491', 'NDCG@5': '0.0311', 'HR@10': '0.0817', 'NDCG@10': '0.0415', 'HR@20': '0.1281', 'NDCG@20': '0.0531'}
2025-06-13 20:32:44,373 - Validation score increased.  Saving model ...
2025-06-13 20:32:56,655 - {'epoch': 11, 'rec_loss': '7.3747'}
2025-06-13 20:33:01,238 - {'Epoch': 11, 'HR@5': '0.0477', 'NDCG@5': '0.0297', 'HR@10': '0.0833', 'NDCG@10': '0.0411', 'HR@20': '0.1358', 'NDCG@20': '0.0542'}
2025-06-13 20:33:01,241 - Validation score increased.  Saving model ...
2025-06-13 20:33:13,554 - {'epoch': 12, 'rec_loss': '7.3156'}
2025-06-13 20:33:18,086 - {'Epoch': 12, 'HR@5': '0.0504', 'NDCG@5': '0.0325', 'HR@10': '0.0874', 'NDCG@10': '0.0443', 'HR@20': '0.1461', 'NDCG@20': '0.0591'}
2025-06-13 20:33:18,087 - Validation score increased.  Saving model ...
2025-06-13 20:33:30,444 - {'epoch': 13, 'rec_loss': '7.2579'}
2025-06-13 20:33:35,079 - {'Epoch': 13, 'HR@5': '0.0581', 'NDCG@5': '0.0361', 'HR@10': '0.0945', 'NDCG@10': '0.0478', 'HR@20': '0.1511', 'NDCG@20': '0.0620'}
2025-06-13 20:33:35,080 - Validation score increased.  Saving model ...
2025-06-13 20:33:47,460 - {'epoch': 14, 'rec_loss': '7.1907'}
2025-06-13 20:33:51,923 - {'Epoch': 14, 'HR@5': '0.0616', 'NDCG@5': '0.0393', 'HR@10': '0.1001', 'NDCG@10': '0.0516', 'HR@20': '0.1614', 'NDCG@20': '0.0670'}
2025-06-13 20:33:51,924 - Validation score increased.  Saving model ...
2025-06-13 20:34:04,333 - {'epoch': 15, 'rec_loss': '7.1279'}
2025-06-13 20:34:08,888 - {'Epoch': 15, 'HR@5': '0.0644', 'NDCG@5': '0.0402', 'HR@10': '0.1094', 'NDCG@10': '0.0547', 'HR@20': '0.1716', 'NDCG@20': '0.0703'}
2025-06-13 20:34:08,889 - Validation score increased.  Saving model ...
2025-06-13 20:34:21,185 - {'epoch': 16, 'rec_loss': '7.0714'}
2025-06-13 20:34:25,796 - {'Epoch': 16, 'HR@5': '0.0671', 'NDCG@5': '0.0416', 'HR@10': '0.1142', 'NDCG@10': '0.0567', 'HR@20': '0.1801', 'NDCG@20': '0.0733'}
2025-06-13 20:34:25,797 - Validation score increased.  Saving model ...
2025-06-13 20:34:38,150 - {'epoch': 17, 'rec_loss': '7.0128'}
2025-06-13 20:34:42,790 - {'Epoch': 17, 'HR@5': '0.0689', 'NDCG@5': '0.0427', 'HR@10': '0.1167', 'NDCG@10': '0.0581', 'HR@20': '0.1878', 'NDCG@20': '0.0759'}
2025-06-13 20:34:42,790 - Validation score increased.  Saving model ...
2025-06-13 20:34:55,102 - {'epoch': 18, 'rec_loss': '6.9701'}
2025-06-13 20:34:59,761 - {'Epoch': 18, 'HR@5': '0.0740', 'NDCG@5': '0.0467', 'HR@10': '0.1252', 'NDCG@10': '0.0631', 'HR@20': '0.1972', 'NDCG@20': '0.0812'}
2025-06-13 20:34:59,762 - Validation score increased.  Saving model ...
2025-06-13 20:35:12,088 - {'epoch': 19, 'rec_loss': '6.9119'}
2025-06-13 20:35:16,714 - {'Epoch': 19, 'HR@5': '0.0788', 'NDCG@5': '0.0483', 'HR@10': '0.1327', 'NDCG@10': '0.0656', 'HR@20': '0.2074', 'NDCG@20': '0.0843'}
2025-06-13 20:35:16,716 - Validation score increased.  Saving model ...
2025-06-13 20:35:29,034 - {'epoch': 20, 'rec_loss': '6.8781'}
2025-06-13 20:35:33,616 - {'Epoch': 20, 'HR@5': '0.0824', 'NDCG@5': '0.0517', 'HR@10': '0.1368', 'NDCG@10': '0.0691', 'HR@20': '0.2148', 'NDCG@20': '0.0887'}
2025-06-13 20:35:33,618 - Validation score increased.  Saving model ...
2025-06-13 20:35:45,944 - {'epoch': 21, 'rec_loss': '6.8309'}
2025-06-13 20:35:50,524 - {'Epoch': 21, 'HR@5': '0.0815', 'NDCG@5': '0.0509', 'HR@10': '0.1372', 'NDCG@10': '0.0688', 'HR@20': '0.2199', 'NDCG@20': '0.0896'}
2025-06-13 20:35:50,525 - Validation score increased.  Saving model ...
2025-06-13 20:36:02,862 - {'epoch': 22, 'rec_loss': '6.7939'}
2025-06-13 20:36:07,434 - {'Epoch': 22, 'HR@5': '0.0870', 'NDCG@5': '0.0544', 'HR@10': '0.1434', 'NDCG@10': '0.0725', 'HR@20': '0.2231', 'NDCG@20': '0.0925'}
2025-06-13 20:36:07,436 - Validation score increased.  Saving model ...
2025-06-13 20:36:19,831 - {'epoch': 23, 'rec_loss': '6.7731'}
2025-06-13 20:36:24,360 - {'Epoch': 23, 'HR@5': '0.0872', 'NDCG@5': '0.0550', 'HR@10': '0.1446', 'NDCG@10': '0.0734', 'HR@20': '0.2272', 'NDCG@20': '0.0942'}
2025-06-13 20:36:24,361 - Validation score increased.  Saving model ...
2025-06-13 20:36:36,795 - {'epoch': 24, 'rec_loss': '6.7435'}
2025-06-13 20:36:41,339 - {'Epoch': 24, 'HR@5': '0.0918', 'NDCG@5': '0.0573', 'HR@10': '0.1504', 'NDCG@10': '0.0761', 'HR@20': '0.2354', 'NDCG@20': '0.0974'}
2025-06-13 20:36:41,343 - Validation score increased.  Saving model ...
2025-06-13 20:36:53,711 - {'epoch': 25, 'rec_loss': '6.7158'}
2025-06-13 20:36:58,221 - {'Epoch': 25, 'HR@5': '0.0899', 'NDCG@5': '0.0562', 'HR@10': '0.1540', 'NDCG@10': '0.0768', 'HR@20': '0.2388', 'NDCG@20': '0.0982'}
2025-06-13 20:36:58,223 - Validation score increased.  Saving model ...
2025-06-13 20:37:10,620 - {'epoch': 26, 'rec_loss': '6.6877'}
2025-06-13 20:37:15,216 - {'Epoch': 26, 'HR@5': '0.0925', 'NDCG@5': '0.0584', 'HR@10': '0.1542', 'NDCG@10': '0.0781', 'HR@20': '0.2434', 'NDCG@20': '0.1006'}
2025-06-13 20:37:15,218 - Validation score increased.  Saving model ...
2025-06-13 20:37:27,658 - {'epoch': 27, 'rec_loss': '6.6624'}
2025-06-13 20:37:32,239 - {'Epoch': 27, 'HR@5': '0.0958', 'NDCG@5': '0.0595', 'HR@10': '0.1591', 'NDCG@10': '0.0798', 'HR@20': '0.2474', 'NDCG@20': '0.1021'}
2025-06-13 20:37:32,239 - Validation score increased.  Saving model ...
2025-06-13 20:37:44,650 - {'epoch': 28, 'rec_loss': '6.6375'}
2025-06-13 20:37:49,252 - {'Epoch': 28, 'HR@5': '0.0959', 'NDCG@5': '0.0598', 'HR@10': '0.1603', 'NDCG@10': '0.0806', 'HR@20': '0.2496', 'NDCG@20': '0.1031'}
2025-06-13 20:37:49,255 - Validation score increased.  Saving model ...
2025-06-13 20:38:01,810 - {'epoch': 29, 'rec_loss': '6.6140'}
2025-06-13 20:38:06,412 - {'Epoch': 29, 'HR@5': '0.1003', 'NDCG@5': '0.0617', 'HR@10': '0.1670', 'NDCG@10': '0.0831', 'HR@20': '0.2536', 'NDCG@20': '0.1050'}
2025-06-13 20:38:06,415 - Validation score increased.  Saving model ...
2025-06-13 20:38:18,853 - {'epoch': 30, 'rec_loss': '6.5846'}
2025-06-13 20:38:23,454 - {'Epoch': 30, 'HR@5': '0.0995', 'NDCG@5': '0.0616', 'HR@10': '0.1665', 'NDCG@10': '0.0832', 'HR@20': '0.2545', 'NDCG@20': '0.1053'}
2025-06-13 20:38:23,455 - Validation score increased.  Saving model ...
2025-06-13 20:38:35,852 - {'epoch': 31, 'rec_loss': '6.5744'}
2025-06-13 20:38:40,388 - {'Epoch': 31, 'HR@5': '0.1016', 'NDCG@5': '0.0637', 'HR@10': '0.1659', 'NDCG@10': '0.0844', 'HR@20': '0.2627', 'NDCG@20': '0.1087'}
2025-06-13 20:38:40,389 - Validation score increased.  Saving model ...
2025-06-13 20:38:52,764 - {'epoch': 32, 'rec_loss': '6.5562'}
2025-06-13 20:38:57,351 - {'Epoch': 32, 'HR@5': '0.1058', 'NDCG@5': '0.0670', 'HR@10': '0.1688', 'NDCG@10': '0.0872', 'HR@20': '0.2602', 'NDCG@20': '0.1103'}
2025-06-13 20:38:57,355 - Validation score increased.  Saving model ...
2025-06-13 20:39:09,710 - {'epoch': 33, 'rec_loss': '6.5318'}
2025-06-13 20:39:14,331 - {'Epoch': 33, 'HR@5': '0.1038', 'NDCG@5': '0.0649', 'HR@10': '0.1723', 'NDCG@10': '0.0869', 'HR@20': '0.2656', 'NDCG@20': '0.1103'}
2025-06-13 20:39:14,333 - Validation score increased.  Saving model ...
2025-06-13 20:39:26,713 - {'epoch': 34, 'rec_loss': '6.5113'}
2025-06-13 20:39:31,324 - {'Epoch': 34, 'HR@5': '0.1080', 'NDCG@5': '0.0669', 'HR@10': '0.1757', 'NDCG@10': '0.0887', 'HR@20': '0.2663', 'NDCG@20': '0.1116'}
2025-06-13 20:39:31,326 - Validation score increased.  Saving model ...
2025-06-13 20:39:43,770 - {'epoch': 35, 'rec_loss': '6.5018'}
2025-06-13 20:39:48,351 - {'Epoch': 35, 'HR@5': '0.1031', 'NDCG@5': '0.0646', 'HR@10': '0.1745', 'NDCG@10': '0.0875', 'HR@20': '0.2698', 'NDCG@20': '0.1115'}
2025-06-13 20:39:48,353 - EarlyStopping counter: 1 out of 10
2025-06-13 20:40:00,773 - {'epoch': 36, 'rec_loss': '6.4774'}
2025-06-13 20:40:05,368 - {'Epoch': 36, 'HR@5': '0.1060', 'NDCG@5': '0.0662', 'HR@10': '0.1776', 'NDCG@10': '0.0893', 'HR@20': '0.2679', 'NDCG@20': '0.1120'}
2025-06-13 20:40:05,370 - Validation score increased.  Saving model ...
2025-06-13 20:40:17,771 - {'epoch': 37, 'rec_loss': '6.4734'}
2025-06-13 20:40:22,348 - {'Epoch': 37, 'HR@5': '0.1090', 'NDCG@5': '0.0681', 'HR@10': '0.1782', 'NDCG@10': '0.0904', 'HR@20': '0.2698', 'NDCG@20': '0.1134'}
2025-06-13 20:40:22,349 - Validation score increased.  Saving model ...
2025-06-13 20:40:34,660 - {'epoch': 38, 'rec_loss': '6.4676'}
2025-06-13 20:40:39,198 - {'Epoch': 38, 'HR@5': '0.1115', 'NDCG@5': '0.0707', 'HR@10': '0.1787', 'NDCG@10': '0.0923', 'HR@20': '0.2762', 'NDCG@20': '0.1168'}
2025-06-13 20:40:39,199 - Validation score increased.  Saving model ...
2025-06-13 20:40:51,568 - {'epoch': 39, 'rec_loss': '6.4347'}
2025-06-13 20:40:56,127 - {'Epoch': 39, 'HR@5': '0.1093', 'NDCG@5': '0.0692', 'HR@10': '0.1821', 'NDCG@10': '0.0927', 'HR@20': '0.2758', 'NDCG@20': '0.1162'}
2025-06-13 20:40:56,128 - EarlyStopping counter: 1 out of 10
2025-06-13 20:41:08,466 - {'epoch': 40, 'rec_loss': '6.4378'}
2025-06-13 20:41:13,027 - {'Epoch': 40, 'HR@5': '0.1112', 'NDCG@5': '0.0708', 'HR@10': '0.1818', 'NDCG@10': '0.0934', 'HR@20': '0.2741', 'NDCG@20': '0.1167'}
2025-06-13 20:41:13,032 - EarlyStopping counter: 2 out of 10
2025-06-13 20:41:25,428 - {'epoch': 41, 'rec_loss': '6.4158'}
2025-06-13 20:41:30,038 - {'Epoch': 41, 'HR@5': '0.1111', 'NDCG@5': '0.0704', 'HR@10': '0.1842', 'NDCG@10': '0.0940', 'HR@20': '0.2824', 'NDCG@20': '0.1188'}
2025-06-13 20:41:30,038 - Validation score increased.  Saving model ...
2025-06-13 20:41:42,551 - {'epoch': 42, 'rec_loss': '6.4135'}
2025-06-13 20:41:47,091 - {'Epoch': 42, 'HR@5': '0.1152', 'NDCG@5': '0.0726', 'HR@10': '0.1870', 'NDCG@10': '0.0957', 'HR@20': '0.2814', 'NDCG@20': '0.1195'}
2025-06-13 20:41:47,091 - Validation score increased.  Saving model ...
2025-06-13 20:41:59,474 - {'epoch': 43, 'rec_loss': '6.3989'}
2025-06-13 20:42:04,073 - {'Epoch': 43, 'HR@5': '0.1150', 'NDCG@5': '0.0725', 'HR@10': '0.1850', 'NDCG@10': '0.0950', 'HR@20': '0.2824', 'NDCG@20': '0.1196'}
2025-06-13 20:42:04,079 - Validation score increased.  Saving model ...
2025-06-13 20:42:16,430 - {'epoch': 44, 'rec_loss': '6.3826'}
2025-06-13 20:42:20,978 - {'Epoch': 44, 'HR@5': '0.1155', 'NDCG@5': '0.0737', 'HR@10': '0.1887', 'NDCG@10': '0.0973', 'HR@20': '0.2857', 'NDCG@20': '0.1218'}
2025-06-13 20:42:20,980 - Validation score increased.  Saving model ...
2025-06-13 20:42:33,373 - {'epoch': 45, 'rec_loss': '6.3799'}
2025-06-13 20:42:37,914 - {'Epoch': 45, 'HR@5': '0.1190', 'NDCG@5': '0.0751', 'HR@10': '0.1871', 'NDCG@10': '0.0970', 'HR@20': '0.2830', 'NDCG@20': '0.1211'}
2025-06-13 20:42:37,917 - EarlyStopping counter: 1 out of 10
2025-06-13 20:42:50,260 - {'epoch': 46, 'rec_loss': '6.3631'}
2025-06-13 20:42:54,845 - {'Epoch': 46, 'HR@5': '0.1196', 'NDCG@5': '0.0740', 'HR@10': '0.1892', 'NDCG@10': '0.0964', 'HR@20': '0.2846', 'NDCG@20': '0.1204'}
2025-06-13 20:42:54,848 - EarlyStopping counter: 2 out of 10
2025-06-13 20:43:07,305 - {'epoch': 47, 'rec_loss': '6.3484'}
2025-06-13 20:43:11,837 - {'Epoch': 47, 'HR@5': '0.1137', 'NDCG@5': '0.0722', 'HR@10': '0.1890', 'NDCG@10': '0.0963', 'HR@20': '0.2899', 'NDCG@20': '0.1217'}
2025-06-13 20:43:11,839 - EarlyStopping counter: 3 out of 10
2025-06-13 20:43:24,230 - {'epoch': 48, 'rec_loss': '6.3560'}
2025-06-13 20:43:28,776 - {'Epoch': 48, 'HR@5': '0.1178', 'NDCG@5': '0.0750', 'HR@10': '0.1915', 'NDCG@10': '0.0987', 'HR@20': '0.2890', 'NDCG@20': '0.1233'}
2025-06-13 20:43:28,778 - Validation score increased.  Saving model ...
2025-06-13 20:43:41,194 - {'epoch': 49, 'rec_loss': '6.3418'}
2025-06-13 20:43:45,809 - {'Epoch': 49, 'HR@5': '0.1157', 'NDCG@5': '0.0725', 'HR@10': '0.1941', 'NDCG@10': '0.0977', 'HR@20': '0.2899', 'NDCG@20': '0.1218'}
2025-06-13 20:43:45,811 - EarlyStopping counter: 1 out of 10
2025-06-13 20:43:58,109 - {'epoch': 50, 'rec_loss': '6.3186'}
2025-06-13 20:44:02,708 - {'Epoch': 50, 'HR@5': '0.1188', 'NDCG@5': '0.0743', 'HR@10': '0.1925', 'NDCG@10': '0.0980', 'HR@20': '0.2880', 'NDCG@20': '0.1221'}
2025-06-13 20:44:02,708 - EarlyStopping counter: 2 out of 10
2025-06-13 20:44:15,089 - {'epoch': 51, 'rec_loss': '6.3223'}
2025-06-13 20:44:19,673 - {'Epoch': 51, 'HR@5': '0.1171', 'NDCG@5': '0.0739', 'HR@10': '0.1929', 'NDCG@10': '0.0983', 'HR@20': '0.2902', 'NDCG@20': '0.1230'}
2025-06-13 20:44:19,673 - EarlyStopping counter: 3 out of 10
2025-06-13 20:44:32,097 - {'epoch': 52, 'rec_loss': '6.3138'}
2025-06-13 20:44:36,694 - {'Epoch': 52, 'HR@5': '0.1178', 'NDCG@5': '0.0750', 'HR@10': '0.1959', 'NDCG@10': '0.1001', 'HR@20': '0.2921', 'NDCG@20': '0.1244'}
2025-06-13 20:44:36,696 - Validation score increased.  Saving model ...
2025-06-13 20:44:49,171 - {'epoch': 53, 'rec_loss': '6.3031'}
2025-06-13 20:44:53,807 - {'Epoch': 53, 'HR@5': '0.1194', 'NDCG@5': '0.0761', 'HR@10': '0.1949', 'NDCG@10': '0.1004', 'HR@20': '0.2943', 'NDCG@20': '0.1255'}
2025-06-13 20:44:53,810 - Validation score increased.  Saving model ...
2025-06-13 20:45:06,218 - {'epoch': 54, 'rec_loss': '6.3045'}
2025-06-13 20:45:10,806 - {'Epoch': 54, 'HR@5': '0.1190', 'NDCG@5': '0.0757', 'HR@10': '0.1969', 'NDCG@10': '0.1008', 'HR@20': '0.2931', 'NDCG@20': '0.1251'}
2025-06-13 20:45:10,807 - EarlyStopping counter: 1 out of 10
2025-06-13 20:45:23,140 - {'epoch': 55, 'rec_loss': '6.2873'}
2025-06-13 20:45:27,834 - {'Epoch': 55, 'HR@5': '0.1225', 'NDCG@5': '0.0782', 'HR@10': '0.1958', 'NDCG@10': '0.1018', 'HR@20': '0.2923', 'NDCG@20': '0.1261'}
2025-06-13 20:45:27,840 - Validation score increased.  Saving model ...
2025-06-13 20:45:40,227 - {'epoch': 56, 'rec_loss': '6.2890'}
2025-06-13 20:45:44,839 - {'Epoch': 56, 'HR@5': '0.1241', 'NDCG@5': '0.0788', 'HR@10': '0.1965', 'NDCG@10': '0.1020', 'HR@20': '0.2907', 'NDCG@20': '0.1257'}
2025-06-13 20:45:44,841 - EarlyStopping counter: 1 out of 10
2025-06-13 20:45:57,196 - {'epoch': 57, 'rec_loss': '6.2823'}
2025-06-13 20:46:01,728 - {'Epoch': 57, 'HR@5': '0.1225', 'NDCG@5': '0.0771', 'HR@10': '0.1979', 'NDCG@10': '0.1014', 'HR@20': '0.2913', 'NDCG@20': '0.1250'}
2025-06-13 20:46:01,730 - EarlyStopping counter: 2 out of 10
2025-06-13 20:46:14,092 - {'epoch': 58, 'rec_loss': '6.2851'}
2025-06-13 20:46:18,706 - {'Epoch': 58, 'HR@5': '0.1243', 'NDCG@5': '0.0782', 'HR@10': '0.1983', 'NDCG@10': '0.1020', 'HR@20': '0.2939', 'NDCG@20': '0.1260'}
2025-06-13 20:46:18,707 - EarlyStopping counter: 3 out of 10
2025-06-13 20:46:31,031 - {'epoch': 59, 'rec_loss': '6.2748'}
2025-06-13 20:46:35,613 - {'Epoch': 59, 'HR@5': '0.1216', 'NDCG@5': '0.0760', 'HR@10': '0.1975', 'NDCG@10': '0.1004', 'HR@20': '0.2948', 'NDCG@20': '0.1249'}
2025-06-13 20:46:35,614 - EarlyStopping counter: 4 out of 10
2025-06-13 20:46:48,073 - {'epoch': 60, 'rec_loss': '6.2583'}
2025-06-13 20:46:52,636 - {'Epoch': 60, 'HR@5': '0.1214', 'NDCG@5': '0.0762', 'HR@10': '0.1973', 'NDCG@10': '0.1007', 'HR@20': '0.2940', 'NDCG@20': '0.1251'}
2025-06-13 20:46:52,637 - EarlyStopping counter: 5 out of 10
2025-06-13 20:47:05,133 - {'epoch': 61, 'rec_loss': '6.2612'}
2025-06-13 20:47:09,699 - {'Epoch': 61, 'HR@5': '0.1244', 'NDCG@5': '0.0779', 'HR@10': '0.1994', 'NDCG@10': '0.1019', 'HR@20': '0.2951', 'NDCG@20': '0.1262'}
2025-06-13 20:47:09,699 - Validation score increased.  Saving model ...
2025-06-13 20:47:22,138 - {'epoch': 62, 'rec_loss': '6.2440'}
2025-06-13 20:47:26,744 - {'Epoch': 62, 'HR@5': '0.1264', 'NDCG@5': '0.0798', 'HR@10': '0.2009', 'NDCG@10': '0.1038', 'HR@20': '0.2938', 'NDCG@20': '0.1272'}
2025-06-13 20:47:26,745 - Validation score increased.  Saving model ...
2025-06-13 20:47:39,143 - {'epoch': 63, 'rec_loss': '6.2379'}
2025-06-13 20:47:43,774 - {'Epoch': 63, 'HR@5': '0.1231', 'NDCG@5': '0.0781', 'HR@10': '0.1980', 'NDCG@10': '0.1023', 'HR@20': '0.2969', 'NDCG@20': '0.1273'}
2025-06-13 20:47:43,775 - Validation score increased.  Saving model ...
2025-06-13 20:47:56,187 - {'epoch': 64, 'rec_loss': '6.2327'}
2025-06-13 20:48:00,765 - {'Epoch': 64, 'HR@5': '0.1260', 'NDCG@5': '0.0796', 'HR@10': '0.2017', 'NDCG@10': '0.1040', 'HR@20': '0.2977', 'NDCG@20': '0.1281'}
2025-06-13 20:48:00,766 - Validation score increased.  Saving model ...
2025-06-13 20:48:13,219 - {'epoch': 65, 'rec_loss': '6.2335'}
2025-06-13 20:48:17,809 - {'Epoch': 65, 'HR@5': '0.1262', 'NDCG@5': '0.0796', 'HR@10': '0.1986', 'NDCG@10': '0.1029', 'HR@20': '0.2939', 'NDCG@20': '0.1269'}
2025-06-13 20:48:17,809 - EarlyStopping counter: 1 out of 10
2025-06-13 20:48:30,165 - {'epoch': 66, 'rec_loss': '6.2172'}
2025-06-13 20:48:34,804 - {'Epoch': 66, 'HR@5': '0.1246', 'NDCG@5': '0.0781', 'HR@10': '0.2006', 'NDCG@10': '0.1025', 'HR@20': '0.2997', 'NDCG@20': '0.1274'}
2025-06-13 20:48:34,805 - EarlyStopping counter: 2 out of 10
2025-06-13 20:48:47,158 - {'epoch': 67, 'rec_loss': '6.2294'}
2025-06-13 20:48:51,707 - {'Epoch': 67, 'HR@5': '0.1245', 'NDCG@5': '0.0776', 'HR@10': '0.2025', 'NDCG@10': '0.1026', 'HR@20': '0.2957', 'NDCG@20': '0.1262'}
2025-06-13 20:48:51,712 - EarlyStopping counter: 3 out of 10
2025-06-13 20:49:04,074 - {'epoch': 68, 'rec_loss': '6.2163'}
2025-06-13 20:49:08,663 - {'Epoch': 68, 'HR@5': '0.1250', 'NDCG@5': '0.0787', 'HR@10': '0.2010', 'NDCG@10': '0.1031', 'HR@20': '0.2980', 'NDCG@20': '0.1277'}
2025-06-13 20:49:08,665 - EarlyStopping counter: 4 out of 10
2025-06-13 20:49:21,035 - {'epoch': 69, 'rec_loss': '6.2028'}
2025-06-13 20:49:25,575 - {'Epoch': 69, 'HR@5': '0.1258', 'NDCG@5': '0.0798', 'HR@10': '0.1979', 'NDCG@10': '0.1029', 'HR@20': '0.2957', 'NDCG@20': '0.1276'}
2025-06-13 20:49:25,578 - EarlyStopping counter: 5 out of 10
2025-06-13 20:49:37,962 - {'epoch': 70, 'rec_loss': '6.2051'}
2025-06-13 20:49:42,460 - {'Epoch': 70, 'HR@5': '0.1244', 'NDCG@5': '0.0781', 'HR@10': '0.2027', 'NDCG@10': '0.1032', 'HR@20': '0.2990', 'NDCG@20': '0.1275'}
2025-06-13 20:49:42,462 - EarlyStopping counter: 6 out of 10
2025-06-13 20:49:54,850 - {'epoch': 71, 'rec_loss': '6.1955'}
2025-06-13 20:49:59,386 - {'Epoch': 71, 'HR@5': '0.1241', 'NDCG@5': '0.0774', 'HR@10': '0.2039', 'NDCG@10': '0.1030', 'HR@20': '0.2974', 'NDCG@20': '0.1265'}
2025-06-13 20:49:59,388 - EarlyStopping counter: 7 out of 10
2025-06-13 20:50:11,726 - {'epoch': 72, 'rec_loss': '6.2048'}
2025-06-13 20:50:16,252 - {'Epoch': 72, 'HR@5': '0.1276', 'NDCG@5': '0.0818', 'HR@10': '0.2029', 'NDCG@10': '0.1060', 'HR@20': '0.3020', 'NDCG@20': '0.1310'}
2025-06-13 20:50:16,254 - Validation score increased.  Saving model ...
2025-06-13 20:50:28,701 - {'epoch': 73, 'rec_loss': '6.1905'}
2025-06-13 20:50:33,341 - {'Epoch': 73, 'HR@5': '0.1287', 'NDCG@5': '0.0808', 'HR@10': '0.2020', 'NDCG@10': '0.1043', 'HR@20': '0.3001', 'NDCG@20': '0.1290'}
2025-06-13 20:50:33,342 - EarlyStopping counter: 1 out of 10
2025-06-13 20:50:45,744 - {'epoch': 74, 'rec_loss': '6.1798'}
2025-06-13 20:50:50,378 - {'Epoch': 74, 'HR@5': '0.1265', 'NDCG@5': '0.0800', 'HR@10': '0.2046', 'NDCG@10': '0.1052', 'HR@20': '0.2990', 'NDCG@20': '0.1289'}
2025-06-13 20:50:50,381 - EarlyStopping counter: 2 out of 10
2025-06-13 20:51:02,770 - {'epoch': 75, 'rec_loss': '6.1894'}
2025-06-13 20:51:07,403 - {'Epoch': 75, 'HR@5': '0.1252', 'NDCG@5': '0.0800', 'HR@10': '0.2035', 'NDCG@10': '0.1051', 'HR@20': '0.2983', 'NDCG@20': '0.1291'}
2025-06-13 20:51:07,405 - EarlyStopping counter: 3 out of 10
2025-06-13 20:51:19,749 - {'epoch': 76, 'rec_loss': '6.1827'}
2025-06-13 20:51:24,385 - {'Epoch': 76, 'HR@5': '0.1283', 'NDCG@5': '0.0814', 'HR@10': '0.2037', 'NDCG@10': '0.1056', 'HR@20': '0.2990', 'NDCG@20': '0.1297'}
2025-06-13 20:51:24,386 - EarlyStopping counter: 4 out of 10
2025-06-13 20:51:36,714 - {'epoch': 77, 'rec_loss': '6.1833'}
2025-06-13 20:51:41,276 - {'Epoch': 77, 'HR@5': '0.1263', 'NDCG@5': '0.0802', 'HR@10': '0.2037', 'NDCG@10': '0.1050', 'HR@20': '0.3015', 'NDCG@20': '0.1297'}
2025-06-13 20:51:41,278 - EarlyStopping counter: 5 out of 10
2025-06-13 20:51:53,724 - {'epoch': 78, 'rec_loss': '6.1701'}
2025-06-13 20:51:58,304 - {'Epoch': 78, 'HR@5': '0.1259', 'NDCG@5': '0.0788', 'HR@10': '0.2008', 'NDCG@10': '0.1029', 'HR@20': '0.3008', 'NDCG@20': '0.1281'}
2025-06-13 20:51:58,305 - EarlyStopping counter: 6 out of 10
2025-06-13 20:52:10,691 - {'epoch': 79, 'rec_loss': '6.1529'}
2025-06-13 20:52:15,326 - {'Epoch': 79, 'HR@5': '0.1260', 'NDCG@5': '0.0789', 'HR@10': '0.2055', 'NDCG@10': '0.1045', 'HR@20': '0.3015', 'NDCG@20': '0.1287'}
2025-06-13 20:52:15,328 - EarlyStopping counter: 7 out of 10
2025-06-13 20:52:27,708 - {'epoch': 80, 'rec_loss': '6.1751'}
2025-06-13 20:52:32,303 - {'Epoch': 80, 'HR@5': '0.1251', 'NDCG@5': '0.0784', 'HR@10': '0.2049', 'NDCG@10': '0.1041', 'HR@20': '0.3031', 'NDCG@20': '0.1289'}
2025-06-13 20:52:32,304 - EarlyStopping counter: 8 out of 10
2025-06-13 20:52:44,651 - {'epoch': 81, 'rec_loss': '6.1549'}
2025-06-13 20:52:49,296 - {'Epoch': 81, 'HR@5': '0.1289', 'NDCG@5': '0.0819', 'HR@10': '0.2056', 'NDCG@10': '0.1065', 'HR@20': '0.3019', 'NDCG@20': '0.1308'}
2025-06-13 20:52:49,298 - EarlyStopping counter: 9 out of 10
2025-06-13 20:53:01,639 - {'epoch': 82, 'rec_loss': '6.1491'}
2025-06-13 20:53:06,276 - {'Epoch': 82, 'HR@5': '0.1258', 'NDCG@5': '0.0793', 'HR@10': '0.2040', 'NDCG@10': '0.1045', 'HR@20': '0.2992', 'NDCG@20': '0.1284'}
2025-06-13 20:53:06,277 - EarlyStopping counter: 10 out of 10
2025-06-13 20:53:06,277 - Early stopping
2025-06-13 20:53:06,277 - ---------------Validation Score---------------
2025-06-13 20:53:10,863 - {'Epoch': 0, 'HR@5': '0.1276', 'NDCG@5': '0.0818', 'HR@10': '0.2029', 'NDCG@10': '0.1060', 'HR@20': '0.3020', 'NDCG@20': '0.1310'}
2025-06-13 20:53:10,864 - BERT4Rec_Diginetica
2025-06-13 20:53:10,864 - {'Epoch': 0, 'HR@5': '0.1276', 'NDCG@5': '0.0818', 'HR@10': '0.2029', 'NDCG@10': '0.1060', 'HR@20': '0.3020', 'NDCG@20': '0.1310'}
