2025-06-14 16:54:17,430 - Namespace(data_dir='data/self_processed/', output_dir='hparam_search/', data_name='Diginetica', train_name='FEARec_Diginetica', num_items=10, num_users=14829, lr=0.001, batch_size=256, epochs=200, no_cuda=False, log_freq=1, patience=10, num_workers=4, seed=42, weight_decay=0.0, adam_beta1=0.9, adam_beta2=0.999, gpu_id='0', variance=5, model_type='FEARec', max_seq_length=50, hidden_size=64, num_hidden_layers=2, hidden_act='gelu', num_attention_heads=2, attention_probs_dropout_prob=0.5, hidden_dropout_prob=0.5, initializer_range=0.02, tau=1.0, lmd=0.1, lmd_sem=0.1, ssl='us_x', sim='dot', spatial_ratio=0.1, global_ratio=0.6, fredom_type='us_x', fredom='True', cuda_condition=True, data_file='data/self_processed/Diginetica.txt', item_size=9441, checkpoint_path=PosixPath('/gpfs/home3/scur2771/BSARec/BSARec/src/hparam_search/FEARec_Diginetica/12373668_2/model.pt'), same_target_path='data/self_processed/Diginetica_same_target.npy')
2025-06-14 16:54:17,458 - FEARecModel(
  (item_embeddings): Embedding(9441, 64, padding_idx=0)
  (position_embeddings): Embedding(50, 64)
  (LayerNorm): LayerNorm()
  (dropout): Dropout(p=0.5, inplace=False)
  (item_encoder): FEARecEncoder(
    (blocks): ModuleList(
      (0): FEARecBlock(
        (layer): FEARecLayer(
          (dropout): Dropout(p=0.1, inplace=False)
          (attn_dropout): Dropout(p=0.5, inplace=False)
          (LayerNorm): LayerNorm()
          (out_dropout): Dropout(p=0.5, inplace=False)
          (dense): Linear(in_features=64, out_features=64, bias=True)
          (query): Linear(in_features=64, out_features=64, bias=True)
          (key): Linear(in_features=64, out_features=64, bias=True)
          (value): Linear(in_features=64, out_features=64, bias=True)
        )
        (feed_forward): FeedForward(
          (dense_1): Linear(in_features=64, out_features=256, bias=True)
          (dense_2): Linear(in_features=256, out_features=64, bias=True)
          (LayerNorm): LayerNorm()
          (dropout): Dropout(p=0.5, inplace=False)
        )
      )
      (1): FEARecBlock(
        (layer): FEARecLayer(
          (dropout): Dropout(p=0.1, inplace=False)
          (attn_dropout): Dropout(p=0.5, inplace=False)
          (LayerNorm): LayerNorm()
          (out_dropout): Dropout(p=0.5, inplace=False)
          (dense): Linear(in_features=64, out_features=64, bias=True)
          (query): Linear(in_features=64, out_features=64, bias=True)
          (key): Linear(in_features=64, out_features=64, bias=True)
          (value): Linear(in_features=64, out_features=64, bias=True)
        )
        (feed_forward): FeedForward(
          (dense_1): Linear(in_features=64, out_features=256, bias=True)
          (dense_2): Linear(in_features=256, out_features=64, bias=True)
          (LayerNorm): LayerNorm()
          (dropout): Dropout(p=0.5, inplace=False)
        )
      )
    )
  )
  (aug_nce_fct): CrossEntropyLoss()
)
2025-06-14 16:54:20,221 - Total Parameters: 707520
2025-06-14 16:55:42,368 - {'epoch': 0, 'rec_loss': '9.7150'}
2025-06-14 16:55:47,952 - {'Epoch': 0, 'HR@5': '0.0030', 'NDCG@5': '0.0018', 'HR@10': '0.0054', 'NDCG@10': '0.0026', 'HR@20': '0.0095', 'NDCG@20': '0.0036'}
2025-06-14 16:55:47,956 - Validation score increased.  Saving model ...
2025-06-14 16:57:09,257 - {'epoch': 1, 'rec_loss': '9.4532'}
2025-06-14 16:57:14,901 - {'Epoch': 1, 'HR@5': '0.0033', 'NDCG@5': '0.0020', 'HR@10': '0.0055', 'NDCG@10': '0.0027', 'HR@20': '0.0096', 'NDCG@20': '0.0037'}
2025-06-14 16:57:14,905 - Validation score increased.  Saving model ...
2025-06-14 16:58:36,149 - {'epoch': 2, 'rec_loss': '9.1884'}
2025-06-14 16:58:41,930 - {'Epoch': 2, 'HR@5': '0.0057', 'NDCG@5': '0.0039', 'HR@10': '0.0113', 'NDCG@10': '0.0057', 'HR@20': '0.0178', 'NDCG@20': '0.0073'}
2025-06-14 16:58:41,934 - Validation score increased.  Saving model ...
2025-06-14 17:00:03,106 - {'epoch': 3, 'rec_loss': '8.7001'}
2025-06-14 17:00:08,825 - {'Epoch': 3, 'HR@5': '0.0407', 'NDCG@5': '0.0279', 'HR@10': '0.0590', 'NDCG@10': '0.0337', 'HR@20': '0.0835', 'NDCG@20': '0.0399'}
2025-06-14 17:00:08,829 - Validation score increased.  Saving model ...
2025-06-14 17:01:30,031 - {'epoch': 4, 'rec_loss': '8.0891'}
2025-06-14 17:01:35,767 - {'Epoch': 4, 'HR@5': '0.0779', 'NDCG@5': '0.0512', 'HR@10': '0.1229', 'NDCG@10': '0.0657', 'HR@20': '0.1753', 'NDCG@20': '0.0790'}
2025-06-14 17:01:35,771 - Validation score increased.  Saving model ...
2025-06-14 17:02:56,755 - {'epoch': 5, 'rec_loss': '7.5679'}
2025-06-14 17:03:02,370 - {'Epoch': 5, 'HR@5': '0.1041', 'NDCG@5': '0.0679', 'HR@10': '0.1616', 'NDCG@10': '0.0863', 'HR@20': '0.2371', 'NDCG@20': '0.1054'}
2025-06-14 17:03:02,374 - Validation score increased.  Saving model ...
2025-06-14 17:04:23,253 - {'epoch': 6, 'rec_loss': '7.1686'}
2025-06-14 17:04:28,884 - {'Epoch': 6, 'HR@5': '0.1172', 'NDCG@5': '0.0766', 'HR@10': '0.1813', 'NDCG@10': '0.0972', 'HR@20': '0.2633', 'NDCG@20': '0.1178'}
2025-06-14 17:04:28,888 - Validation score increased.  Saving model ...
2025-06-14 17:05:49,762 - {'epoch': 7, 'rec_loss': '6.8703'}
2025-06-14 17:05:55,338 - {'Epoch': 7, 'HR@5': '0.1249', 'NDCG@5': '0.0823', 'HR@10': '0.1949', 'NDCG@10': '0.1047', 'HR@20': '0.2803', 'NDCG@20': '0.1262'}
2025-06-14 17:05:55,341 - Validation score increased.  Saving model ...
2025-06-14 17:07:16,020 - {'epoch': 8, 'rec_loss': '6.6484'}
2025-06-14 17:07:21,666 - {'Epoch': 8, 'HR@5': '0.1316', 'NDCG@5': '0.0869', 'HR@10': '0.2064', 'NDCG@10': '0.1109', 'HR@20': '0.2940', 'NDCG@20': '0.1330'}
2025-06-14 17:07:21,670 - Validation score increased.  Saving model ...
2025-06-14 17:08:42,469 - {'epoch': 9, 'rec_loss': '6.4630'}
2025-06-14 17:08:48,066 - {'Epoch': 9, 'HR@5': '0.1388', 'NDCG@5': '0.0920', 'HR@10': '0.2141', 'NDCG@10': '0.1161', 'HR@20': '0.3046', 'NDCG@20': '0.1389'}
2025-06-14 17:08:48,072 - Validation score increased.  Saving model ...
2025-06-14 17:10:08,731 - {'epoch': 10, 'rec_loss': '6.3151'}
2025-06-14 17:10:14,370 - {'Epoch': 10, 'HR@5': '0.1467', 'NDCG@5': '0.0957', 'HR@10': '0.2199', 'NDCG@10': '0.1191', 'HR@20': '0.3158', 'NDCG@20': '0.1433'}
2025-06-14 17:10:14,374 - Validation score increased.  Saving model ...
2025-06-14 17:11:35,107 - {'epoch': 11, 'rec_loss': '6.1946'}
2025-06-14 17:11:40,706 - {'Epoch': 11, 'HR@5': '0.1484', 'NDCG@5': '0.0979', 'HR@10': '0.2295', 'NDCG@10': '0.1239', 'HR@20': '0.3244', 'NDCG@20': '0.1478'}
2025-06-14 17:11:40,710 - Validation score increased.  Saving model ...
2025-06-14 17:13:01,690 - {'epoch': 12, 'rec_loss': '6.0939'}
2025-06-14 17:13:07,231 - {'Epoch': 12, 'HR@5': '0.1509', 'NDCG@5': '0.0988', 'HR@10': '0.2298', 'NDCG@10': '0.1242', 'HR@20': '0.3272', 'NDCG@20': '0.1488'}
2025-06-14 17:13:07,235 - Validation score increased.  Saving model ...
2025-06-14 17:14:28,035 - {'epoch': 13, 'rec_loss': '5.9930'}
2025-06-14 17:14:33,625 - {'Epoch': 13, 'HR@5': '0.1550', 'NDCG@5': '0.1020', 'HR@10': '0.2349', 'NDCG@10': '0.1277', 'HR@20': '0.3317', 'NDCG@20': '0.1522'}
2025-06-14 17:14:33,629 - Validation score increased.  Saving model ...
2025-06-14 17:15:54,372 - {'epoch': 14, 'rec_loss': '5.9141'}
2025-06-14 17:15:59,926 - {'Epoch': 14, 'HR@5': '0.1567', 'NDCG@5': '0.1031', 'HR@10': '0.2386', 'NDCG@10': '0.1293', 'HR@20': '0.3371', 'NDCG@20': '0.1543'}
2025-06-14 17:15:59,931 - Validation score increased.  Saving model ...
2025-06-14 17:17:20,846 - {'epoch': 15, 'rec_loss': '5.8438'}
2025-06-14 17:17:26,570 - {'Epoch': 15, 'HR@5': '0.1603', 'NDCG@5': '0.1056', 'HR@10': '0.2414', 'NDCG@10': '0.1317', 'HR@20': '0.3407', 'NDCG@20': '0.1568'}
2025-06-14 17:17:26,573 - Validation score increased.  Saving model ...
2025-06-14 17:18:47,356 - {'epoch': 16, 'rec_loss': '5.7778'}
2025-06-14 17:18:52,979 - {'Epoch': 16, 'HR@5': '0.1616', 'NDCG@5': '0.1056', 'HR@10': '0.2462', 'NDCG@10': '0.1327', 'HR@20': '0.3429', 'NDCG@20': '0.1571'}
2025-06-14 17:18:52,983 - Validation score increased.  Saving model ...
2025-06-14 17:20:13,813 - {'epoch': 17, 'rec_loss': '5.7214'}
2025-06-14 17:20:19,467 - {'Epoch': 17, 'HR@5': '0.1625', 'NDCG@5': '0.1071', 'HR@10': '0.2479', 'NDCG@10': '0.1345', 'HR@20': '0.3450', 'NDCG@20': '0.1591'}
2025-06-14 17:20:19,471 - Validation score increased.  Saving model ...
2025-06-14 17:21:40,138 - {'epoch': 18, 'rec_loss': '5.6699'}
2025-06-14 17:21:45,772 - {'Epoch': 18, 'HR@5': '0.1652', 'NDCG@5': '0.1087', 'HR@10': '0.2472', 'NDCG@10': '0.1352', 'HR@20': '0.3487', 'NDCG@20': '0.1608'}
2025-06-14 17:21:45,776 - Validation score increased.  Saving model ...
2025-06-14 17:23:06,655 - {'epoch': 19, 'rec_loss': '5.6179'}
2025-06-14 17:23:12,226 - {'Epoch': 19, 'HR@5': '0.1660', 'NDCG@5': '0.1086', 'HR@10': '0.2519', 'NDCG@10': '0.1362', 'HR@20': '0.3495', 'NDCG@20': '0.1609'}
2025-06-14 17:23:12,230 - Validation score increased.  Saving model ...
2025-06-14 17:24:33,058 - {'epoch': 20, 'rec_loss': '5.5712'}
2025-06-14 17:24:38,627 - {'Epoch': 20, 'HR@5': '0.1673', 'NDCG@5': '0.1103', 'HR@10': '0.2520', 'NDCG@10': '0.1375', 'HR@20': '0.3528', 'NDCG@20': '0.1630'}
2025-06-14 17:24:38,631 - Validation score increased.  Saving model ...
2025-06-14 17:25:59,427 - {'epoch': 21, 'rec_loss': '5.5321'}
2025-06-14 17:26:05,016 - {'Epoch': 21, 'HR@5': '0.1668', 'NDCG@5': '0.1098', 'HR@10': '0.2529', 'NDCG@10': '0.1375', 'HR@20': '0.3545', 'NDCG@20': '0.1632'}
2025-06-14 17:26:05,020 - Validation score increased.  Saving model ...
2025-06-14 17:27:25,794 - {'epoch': 22, 'rec_loss': '5.4962'}
2025-06-14 17:27:31,421 - {'Epoch': 22, 'HR@5': '0.1691', 'NDCG@5': '0.1109', 'HR@10': '0.2558', 'NDCG@10': '0.1387', 'HR@20': '0.3563', 'NDCG@20': '0.1641'}
2025-06-14 17:27:31,425 - Validation score increased.  Saving model ...
2025-06-14 17:28:52,492 - {'epoch': 23, 'rec_loss': '5.4690'}
2025-06-14 17:28:58,046 - {'Epoch': 23, 'HR@5': '0.1671', 'NDCG@5': '0.1105', 'HR@10': '0.2565', 'NDCG@10': '0.1392', 'HR@20': '0.3568', 'NDCG@20': '0.1646'}
2025-06-14 17:28:58,050 - Validation score increased.  Saving model ...
2025-06-14 17:30:18,761 - {'epoch': 24, 'rec_loss': '5.4315'}
2025-06-14 17:30:24,395 - {'Epoch': 24, 'HR@5': '0.1694', 'NDCG@5': '0.1113', 'HR@10': '0.2575', 'NDCG@10': '0.1395', 'HR@20': '0.3579', 'NDCG@20': '0.1648'}
2025-06-14 17:30:24,399 - Validation score increased.  Saving model ...
2025-06-14 17:31:45,215 - {'epoch': 25, 'rec_loss': '5.3996'}
2025-06-14 17:31:50,863 - {'Epoch': 25, 'HR@5': '0.1714', 'NDCG@5': '0.1123', 'HR@10': '0.2562', 'NDCG@10': '0.1395', 'HR@20': '0.3573', 'NDCG@20': '0.1651'}
2025-06-14 17:31:50,866 - Validation score increased.  Saving model ...
2025-06-14 17:33:11,673 - {'epoch': 26, 'rec_loss': '5.3800'}
2025-06-14 17:33:17,361 - {'Epoch': 26, 'HR@5': '0.1684', 'NDCG@5': '0.1111', 'HR@10': '0.2596', 'NDCG@10': '0.1405', 'HR@20': '0.3599', 'NDCG@20': '0.1658'}
2025-06-14 17:33:17,365 - Validation score increased.  Saving model ...
2025-06-14 17:34:38,114 - {'epoch': 27, 'rec_loss': '5.3513'}
2025-06-14 17:34:43,779 - {'Epoch': 27, 'HR@5': '0.1716', 'NDCG@5': '0.1125', 'HR@10': '0.2596', 'NDCG@10': '0.1408', 'HR@20': '0.3599', 'NDCG@20': '0.1661'}
2025-06-14 17:34:43,783 - Validation score increased.  Saving model ...
2025-06-14 17:36:04,687 - {'epoch': 28, 'rec_loss': '5.3206'}
2025-06-14 17:36:10,282 - {'Epoch': 28, 'HR@5': '0.1721', 'NDCG@5': '0.1131', 'HR@10': '0.2608', 'NDCG@10': '0.1417', 'HR@20': '0.3607', 'NDCG@20': '0.1669'}
2025-06-14 17:36:10,285 - Validation score increased.  Saving model ...
2025-06-14 17:37:31,150 - {'epoch': 29, 'rec_loss': '5.3009'}
2025-06-14 17:37:36,917 - {'Epoch': 29, 'HR@5': '0.1716', 'NDCG@5': '0.1128', 'HR@10': '0.2613', 'NDCG@10': '0.1417', 'HR@20': '0.3632', 'NDCG@20': '0.1674'}
2025-06-14 17:37:36,920 - Validation score increased.  Saving model ...
2025-06-14 17:38:57,608 - {'epoch': 30, 'rec_loss': '5.2817'}
2025-06-14 17:39:03,226 - {'Epoch': 30, 'HR@5': '0.1730', 'NDCG@5': '0.1136', 'HR@10': '0.2614', 'NDCG@10': '0.1421', 'HR@20': '0.3629', 'NDCG@20': '0.1677'}
2025-06-14 17:39:03,230 - Validation score increased.  Saving model ...
2025-06-14 17:40:24,284 - {'epoch': 31, 'rec_loss': '5.2618'}
2025-06-14 17:40:29,968 - {'Epoch': 31, 'HR@5': '0.1714', 'NDCG@5': '0.1133', 'HR@10': '0.2617', 'NDCG@10': '0.1424', 'HR@20': '0.3615', 'NDCG@20': '0.1677'}
2025-06-14 17:40:29,972 - EarlyStopping counter: 1 out of 10
2025-06-14 17:41:50,660 - {'epoch': 32, 'rec_loss': '5.2403'}
2025-06-14 17:41:56,331 - {'Epoch': 32, 'HR@5': '0.1739', 'NDCG@5': '0.1140', 'HR@10': '0.2634', 'NDCG@10': '0.1429', 'HR@20': '0.3628', 'NDCG@20': '0.1679'}
2025-06-14 17:41:56,335 - Validation score increased.  Saving model ...
2025-06-14 17:43:17,537 - {'epoch': 33, 'rec_loss': '5.2245'}
2025-06-14 17:43:23,118 - {'Epoch': 33, 'HR@5': '0.1730', 'NDCG@5': '0.1133', 'HR@10': '0.2633', 'NDCG@10': '0.1425', 'HR@20': '0.3626', 'NDCG@20': '0.1675'}
2025-06-14 17:43:23,121 - EarlyStopping counter: 1 out of 10
2025-06-14 17:44:44,073 - {'epoch': 34, 'rec_loss': '5.2049'}
2025-06-14 17:44:49,730 - {'Epoch': 34, 'HR@5': '0.1737', 'NDCG@5': '0.1131', 'HR@10': '0.2620', 'NDCG@10': '0.1417', 'HR@20': '0.3639', 'NDCG@20': '0.1674'}
2025-06-14 17:44:49,733 - EarlyStopping counter: 2 out of 10
2025-06-14 17:46:10,767 - {'epoch': 35, 'rec_loss': '5.1916'}
2025-06-14 17:46:16,528 - {'Epoch': 35, 'HR@5': '0.1746', 'NDCG@5': '0.1142', 'HR@10': '0.2640', 'NDCG@10': '0.1430', 'HR@20': '0.3634', 'NDCG@20': '0.1681'}
2025-06-14 17:46:16,532 - Validation score increased.  Saving model ...
2025-06-14 17:47:37,332 - {'epoch': 36, 'rec_loss': '5.1723'}
2025-06-14 17:47:43,008 - {'Epoch': 36, 'HR@5': '0.1752', 'NDCG@5': '0.1147', 'HR@10': '0.2658', 'NDCG@10': '0.1439', 'HR@20': '0.3652', 'NDCG@20': '0.1690'}
2025-06-14 17:47:43,012 - Validation score increased.  Saving model ...
2025-06-14 17:49:03,986 - {'epoch': 37, 'rec_loss': '5.1623'}
2025-06-14 17:49:09,706 - {'Epoch': 37, 'HR@5': '0.1739', 'NDCG@5': '0.1141', 'HR@10': '0.2632', 'NDCG@10': '0.1430', 'HR@20': '0.3641', 'NDCG@20': '0.1685'}
2025-06-14 17:49:09,710 - EarlyStopping counter: 1 out of 10
2025-06-14 17:50:30,600 - {'epoch': 38, 'rec_loss': '5.1451'}
2025-06-14 17:50:36,314 - {'Epoch': 38, 'HR@5': '0.1765', 'NDCG@5': '0.1151', 'HR@10': '0.2647', 'NDCG@10': '0.1437', 'HR@20': '0.3636', 'NDCG@20': '0.1687'}
2025-06-14 17:50:36,318 - EarlyStopping counter: 2 out of 10
2025-06-14 17:51:57,210 - {'epoch': 39, 'rec_loss': '5.1348'}
2025-06-14 17:52:02,944 - {'Epoch': 39, 'HR@5': '0.1771', 'NDCG@5': '0.1165', 'HR@10': '0.2638', 'NDCG@10': '0.1444', 'HR@20': '0.3654', 'NDCG@20': '0.1701'}
2025-06-14 17:52:02,948 - Validation score increased.  Saving model ...
2025-06-14 17:53:23,887 - {'epoch': 40, 'rec_loss': '5.1216'}
2025-06-14 17:53:29,629 - {'Epoch': 40, 'HR@5': '0.1754', 'NDCG@5': '0.1153', 'HR@10': '0.2652', 'NDCG@10': '0.1443', 'HR@20': '0.3655', 'NDCG@20': '0.1696'}
2025-06-14 17:53:29,633 - EarlyStopping counter: 1 out of 10
2025-06-14 17:54:50,495 - {'epoch': 41, 'rec_loss': '5.1073'}
2025-06-14 17:54:56,284 - {'Epoch': 41, 'HR@5': '0.1758', 'NDCG@5': '0.1153', 'HR@10': '0.2640', 'NDCG@10': '0.1437', 'HR@20': '0.3663', 'NDCG@20': '0.1696'}
2025-06-14 17:54:56,288 - EarlyStopping counter: 2 out of 10
2025-06-14 17:56:17,152 - {'epoch': 42, 'rec_loss': '5.0984'}
2025-06-14 17:56:22,928 - {'Epoch': 42, 'HR@5': '0.1738', 'NDCG@5': '0.1142', 'HR@10': '0.2650', 'NDCG@10': '0.1437', 'HR@20': '0.3643', 'NDCG@20': '0.1689'}
2025-06-14 17:56:22,931 - EarlyStopping counter: 3 out of 10
2025-06-14 17:57:43,865 - {'epoch': 43, 'rec_loss': '5.0801'}
2025-06-14 17:57:49,564 - {'Epoch': 43, 'HR@5': '0.1733', 'NDCG@5': '0.1139', 'HR@10': '0.2647', 'NDCG@10': '0.1435', 'HR@20': '0.3640', 'NDCG@20': '0.1687'}
2025-06-14 17:57:49,568 - EarlyStopping counter: 4 out of 10
2025-06-14 17:59:10,728 - {'epoch': 44, 'rec_loss': '5.0738'}
2025-06-14 17:59:16,440 - {'Epoch': 44, 'HR@5': '0.1728', 'NDCG@5': '0.1132', 'HR@10': '0.2648', 'NDCG@10': '0.1429', 'HR@20': '0.3644', 'NDCG@20': '0.1681'}
2025-06-14 17:59:16,443 - EarlyStopping counter: 5 out of 10
2025-06-14 18:00:37,247 - {'epoch': 45, 'rec_loss': '5.0566'}
2025-06-14 18:00:43,063 - {'Epoch': 45, 'HR@5': '0.1747', 'NDCG@5': '0.1146', 'HR@10': '0.2629', 'NDCG@10': '0.1431', 'HR@20': '0.3645', 'NDCG@20': '0.1688'}
2025-06-14 18:00:43,066 - EarlyStopping counter: 6 out of 10
2025-06-14 18:02:03,873 - {'epoch': 46, 'rec_loss': '5.0530'}
2025-06-14 18:02:09,594 - {'Epoch': 46, 'HR@5': '0.1726', 'NDCG@5': '0.1137', 'HR@10': '0.2647', 'NDCG@10': '0.1435', 'HR@20': '0.3652', 'NDCG@20': '0.1689'}
2025-06-14 18:02:09,598 - EarlyStopping counter: 7 out of 10
2025-06-14 18:03:30,440 - {'epoch': 47, 'rec_loss': '5.0446'}
2025-06-14 18:03:36,108 - {'Epoch': 47, 'HR@5': '0.1741', 'NDCG@5': '0.1144', 'HR@10': '0.2637', 'NDCG@10': '0.1433', 'HR@20': '0.3663', 'NDCG@20': '0.1693'}
2025-06-14 18:03:36,112 - EarlyStopping counter: 8 out of 10
2025-06-14 18:04:56,865 - {'epoch': 48, 'rec_loss': '5.0295'}
2025-06-14 18:05:02,551 - {'Epoch': 48, 'HR@5': '0.1751', 'NDCG@5': '0.1147', 'HR@10': '0.2661', 'NDCG@10': '0.1440', 'HR@20': '0.3669', 'NDCG@20': '0.1695'}
2025-06-14 18:05:02,554 - EarlyStopping counter: 9 out of 10
2025-06-14 18:06:23,402 - {'epoch': 49, 'rec_loss': '5.0263'}
2025-06-14 18:06:29,043 - {'Epoch': 49, 'HR@5': '0.1741', 'NDCG@5': '0.1137', 'HR@10': '0.2646', 'NDCG@10': '0.1429', 'HR@20': '0.3647', 'NDCG@20': '0.1683'}
2025-06-14 18:06:29,047 - EarlyStopping counter: 10 out of 10
2025-06-14 18:06:29,047 - Early stopping
2025-06-14 18:06:29,047 - ---------------Validation Score---------------
2025-06-14 18:06:34,693 - {'Epoch': 0, 'HR@5': '0.1771', 'NDCG@5': '0.1165', 'HR@10': '0.2638', 'NDCG@10': '0.1444', 'HR@20': '0.3654', 'NDCG@20': '0.1701'}
2025-06-14 18:06:34,697 - FEARec_Diginetica
2025-06-14 18:06:34,697 - {'Epoch': 0, 'HR@5': '0.1771', 'NDCG@5': '0.1165', 'HR@10': '0.2638', 'NDCG@10': '0.1444', 'HR@20': '0.3654', 'NDCG@20': '0.1701'}
