2025-06-14 16:54:18,464 - Namespace(data_dir='data/self_processed/', output_dir='hparam_search/', data_name='Diginetica', train_name='FEARec_Diginetica', num_items=10, num_users=14829, lr=0.0005, batch_size=256, epochs=200, no_cuda=False, log_freq=1, patience=10, num_workers=4, seed=42, weight_decay=0.0, adam_beta1=0.9, adam_beta2=0.999, gpu_id='0', variance=5, model_type='FEARec', max_seq_length=50, hidden_size=64, num_hidden_layers=2, hidden_act='gelu', num_attention_heads=4, attention_probs_dropout_prob=0.5, hidden_dropout_prob=0.5, initializer_range=0.02, tau=1.0, lmd=0.1, lmd_sem=0.1, ssl='us_x', sim='dot', spatial_ratio=0.1, global_ratio=0.6, fredom_type='us_x', fredom='True', cuda_condition=True, data_file='data/self_processed/Diginetica.txt', item_size=9441, checkpoint_path=PosixPath('/gpfs/home3/scur2771/BSARec/BSARec/src/hparam_search/FEARec_Diginetica/12373668_6/model.pt'), same_target_path='data/self_processed/Diginetica_same_target.npy')
2025-06-14 16:54:18,494 - FEARecModel(
  (item_embeddings): Embedding(9441, 64, padding_idx=0)
  (position_embeddings): Embedding(50, 64)
  (LayerNorm): LayerNorm()
  (dropout): Dropout(p=0.5, inplace=False)
  (item_encoder): FEARecEncoder(
    (blocks): ModuleList(
      (0): FEARecBlock(
        (layer): FEARecLayer(
          (dropout): Dropout(p=0.1, inplace=False)
          (attn_dropout): Dropout(p=0.5, inplace=False)
          (LayerNorm): LayerNorm()
          (out_dropout): Dropout(p=0.5, inplace=False)
          (dense): Linear(in_features=64, out_features=64, bias=True)
          (query): Linear(in_features=64, out_features=64, bias=True)
          (key): Linear(in_features=64, out_features=64, bias=True)
          (value): Linear(in_features=64, out_features=64, bias=True)
        )
        (feed_forward): FeedForward(
          (dense_1): Linear(in_features=64, out_features=256, bias=True)
          (dense_2): Linear(in_features=256, out_features=64, bias=True)
          (LayerNorm): LayerNorm()
          (dropout): Dropout(p=0.5, inplace=False)
        )
      )
      (1): FEARecBlock(
        (layer): FEARecLayer(
          (dropout): Dropout(p=0.1, inplace=False)
          (attn_dropout): Dropout(p=0.5, inplace=False)
          (LayerNorm): LayerNorm()
          (out_dropout): Dropout(p=0.5, inplace=False)
          (dense): Linear(in_features=64, out_features=64, bias=True)
          (query): Linear(in_features=64, out_features=64, bias=True)
          (key): Linear(in_features=64, out_features=64, bias=True)
          (value): Linear(in_features=64, out_features=64, bias=True)
        )
        (feed_forward): FeedForward(
          (dense_1): Linear(in_features=64, out_features=256, bias=True)
          (dense_2): Linear(in_features=256, out_features=64, bias=True)
          (LayerNorm): LayerNorm()
          (dropout): Dropout(p=0.5, inplace=False)
        )
      )
    )
  )
  (aug_nce_fct): CrossEntropyLoss()
)
2025-06-14 16:54:21,208 - Total Parameters: 707520
2025-06-14 16:55:44,694 - {'epoch': 0, 'rec_loss': '9.7772'}
2025-06-14 16:55:50,486 - {'Epoch': 0, 'HR@5': '0.0030', 'NDCG@5': '0.0018', 'HR@10': '0.0051', 'NDCG@10': '0.0025', 'HR@20': '0.0094', 'NDCG@20': '0.0036'}
2025-06-14 16:55:50,490 - Validation score increased.  Saving model ...
2025-06-14 16:57:13,409 - {'epoch': 1, 'rec_loss': '9.5278'}
2025-06-14 16:57:19,053 - {'Epoch': 1, 'HR@5': '0.0033', 'NDCG@5': '0.0020', 'HR@10': '0.0053', 'NDCG@10': '0.0026', 'HR@20': '0.0096', 'NDCG@20': '0.0037'}
2025-06-14 16:57:19,057 - Validation score increased.  Saving model ...
2025-06-14 16:58:41,462 - {'epoch': 2, 'rec_loss': '9.4813'}
2025-06-14 16:58:47,267 - {'Epoch': 2, 'HR@5': '0.0033', 'NDCG@5': '0.0019', 'HR@10': '0.0055', 'NDCG@10': '0.0026', 'HR@20': '0.0094', 'NDCG@20': '0.0036'}
2025-06-14 16:58:47,271 - EarlyStopping counter: 1 out of 10
2025-06-14 17:00:10,094 - {'epoch': 3, 'rec_loss': '9.4101'}
2025-06-14 17:00:15,879 - {'Epoch': 3, 'HR@5': '0.0034', 'NDCG@5': '0.0019', 'HR@10': '0.0056', 'NDCG@10': '0.0026', 'HR@20': '0.0104', 'NDCG@20': '0.0038'}
2025-06-14 17:00:15,883 - Validation score increased.  Saving model ...
2025-06-14 17:01:40,310 - {'epoch': 4, 'rec_loss': '9.2539'}
2025-06-14 17:01:46,143 - {'Epoch': 4, 'HR@5': '0.0037', 'NDCG@5': '0.0023', 'HR@10': '0.0076', 'NDCG@10': '0.0036', 'HR@20': '0.0132', 'NDCG@20': '0.0050'}
2025-06-14 17:01:46,147 - Validation score increased.  Saving model ...
2025-06-14 17:03:09,254 - {'epoch': 5, 'rec_loss': '9.0203'}
2025-06-14 17:03:15,156 - {'Epoch': 5, 'HR@5': '0.0063', 'NDCG@5': '0.0044', 'HR@10': '0.0123', 'NDCG@10': '0.0063', 'HR@20': '0.0200', 'NDCG@20': '0.0083'}
2025-06-14 17:03:15,159 - Validation score increased.  Saving model ...
2025-06-14 17:04:38,456 - {'epoch': 6, 'rec_loss': '8.7556'}
2025-06-14 17:04:44,311 - {'Epoch': 6, 'HR@5': '0.0254', 'NDCG@5': '0.0173', 'HR@10': '0.0353', 'NDCG@10': '0.0205', 'HR@20': '0.0504', 'NDCG@20': '0.0243'}
2025-06-14 17:04:44,316 - Validation score increased.  Saving model ...
2025-06-14 17:06:07,292 - {'epoch': 7, 'rec_loss': '8.4633'}
2025-06-14 17:06:13,183 - {'Epoch': 7, 'HR@5': '0.0473', 'NDCG@5': '0.0317', 'HR@10': '0.0686', 'NDCG@10': '0.0385', 'HR@20': '0.0949', 'NDCG@20': '0.0452'}
2025-06-14 17:06:13,187 - Validation score increased.  Saving model ...
2025-06-14 17:07:35,972 - {'epoch': 8, 'rec_loss': '8.1928'}
2025-06-14 17:07:41,933 - {'Epoch': 8, 'HR@5': '0.0626', 'NDCG@5': '0.0414', 'HR@10': '0.0952', 'NDCG@10': '0.0519', 'HR@20': '0.1302', 'NDCG@20': '0.0607'}
2025-06-14 17:07:41,937 - Validation score increased.  Saving model ...
2025-06-14 17:09:05,524 - {'epoch': 9, 'rec_loss': '7.9385'}
2025-06-14 17:09:11,466 - {'Epoch': 9, 'HR@5': '0.0757', 'NDCG@5': '0.0494', 'HR@10': '0.1156', 'NDCG@10': '0.0623', 'HR@20': '0.1672', 'NDCG@20': '0.0753'}
2025-06-14 17:09:11,470 - Validation score increased.  Saving model ...
2025-06-14 17:10:34,173 - {'epoch': 10, 'rec_loss': '7.7095'}
2025-06-14 17:10:39,903 - {'Epoch': 10, 'HR@5': '0.0836', 'NDCG@5': '0.0549', 'HR@10': '0.1325', 'NDCG@10': '0.0706', 'HR@20': '0.1910', 'NDCG@20': '0.0854'}
2025-06-14 17:10:39,908 - Validation score increased.  Saving model ...
2025-06-14 17:12:04,062 - {'epoch': 11, 'rec_loss': '7.5097'}
2025-06-14 17:12:09,878 - {'Epoch': 11, 'HR@5': '0.0943', 'NDCG@5': '0.0611', 'HR@10': '0.1447', 'NDCG@10': '0.0773', 'HR@20': '0.2092', 'NDCG@20': '0.0936'}
2025-06-14 17:12:09,883 - Validation score increased.  Saving model ...
2025-06-14 17:13:33,719 - {'epoch': 12, 'rec_loss': '7.3341'}
2025-06-14 17:13:39,603 - {'Epoch': 12, 'HR@5': '0.0992', 'NDCG@5': '0.0646', 'HR@10': '0.1517', 'NDCG@10': '0.0815', 'HR@20': '0.2201', 'NDCG@20': '0.0987'}
2025-06-14 17:13:39,607 - Validation score increased.  Saving model ...
2025-06-14 17:15:04,658 - {'epoch': 13, 'rec_loss': '7.1706'}
2025-06-14 17:15:10,448 - {'Epoch': 13, 'HR@5': '0.1051', 'NDCG@5': '0.0687', 'HR@10': '0.1639', 'NDCG@10': '0.0876', 'HR@20': '0.2362', 'NDCG@20': '0.1059'}
2025-06-14 17:15:10,452 - Validation score increased.  Saving model ...
2025-06-14 17:16:35,295 - {'epoch': 14, 'rec_loss': '7.0332'}
2025-06-14 17:16:41,107 - {'Epoch': 14, 'HR@5': '0.1099', 'NDCG@5': '0.0715', 'HR@10': '0.1719', 'NDCG@10': '0.0914', 'HR@20': '0.2472', 'NDCG@20': '0.1103'}
2025-06-14 17:16:41,112 - Validation score increased.  Saving model ...
2025-06-14 17:18:06,197 - {'epoch': 15, 'rec_loss': '6.9030'}
2025-06-14 17:18:11,934 - {'Epoch': 15, 'HR@5': '0.1134', 'NDCG@5': '0.0738', 'HR@10': '0.1761', 'NDCG@10': '0.0940', 'HR@20': '0.2538', 'NDCG@20': '0.1136'}
2025-06-14 17:18:11,939 - Validation score increased.  Saving model ...
2025-06-14 17:19:36,793 - {'epoch': 16, 'rec_loss': '6.7894'}
2025-06-14 17:19:42,536 - {'Epoch': 16, 'HR@5': '0.1180', 'NDCG@5': '0.0766', 'HR@10': '0.1809', 'NDCG@10': '0.0968', 'HR@20': '0.2623', 'NDCG@20': '0.1174'}
2025-06-14 17:19:42,540 - Validation score increased.  Saving model ...
2025-06-14 17:21:07,458 - {'epoch': 17, 'rec_loss': '6.6868'}
2025-06-14 17:21:13,309 - {'Epoch': 17, 'HR@5': '0.1237', 'NDCG@5': '0.0804', 'HR@10': '0.1902', 'NDCG@10': '0.1018', 'HR@20': '0.2715', 'NDCG@20': '0.1223'}
2025-06-14 17:21:13,314 - Validation score increased.  Saving model ...
2025-06-14 17:22:38,306 - {'epoch': 18, 'rec_loss': '6.5936'}
2025-06-14 17:22:44,057 - {'Epoch': 18, 'HR@5': '0.1263', 'NDCG@5': '0.0821', 'HR@10': '0.1950', 'NDCG@10': '0.1041', 'HR@20': '0.2781', 'NDCG@20': '0.1250'}
2025-06-14 17:22:44,061 - Validation score increased.  Saving model ...
2025-06-14 17:24:08,971 - {'epoch': 19, 'rec_loss': '6.5057'}
2025-06-14 17:24:14,813 - {'Epoch': 19, 'HR@5': '0.1308', 'NDCG@5': '0.0848', 'HR@10': '0.2006', 'NDCG@10': '0.1072', 'HR@20': '0.2845', 'NDCG@20': '0.1283'}
2025-06-14 17:24:14,817 - Validation score increased.  Saving model ...
2025-06-14 17:25:39,722 - {'epoch': 20, 'rec_loss': '6.4261'}
2025-06-14 17:25:45,531 - {'Epoch': 20, 'HR@5': '0.1326', 'NDCG@5': '0.0867', 'HR@10': '0.2045', 'NDCG@10': '0.1100', 'HR@20': '0.2934', 'NDCG@20': '0.1323'}
2025-06-14 17:25:45,535 - Validation score increased.  Saving model ...
2025-06-14 17:27:10,381 - {'epoch': 21, 'rec_loss': '6.3538'}
2025-06-14 17:27:16,157 - {'Epoch': 21, 'HR@5': '0.1364', 'NDCG@5': '0.0883', 'HR@10': '0.2072', 'NDCG@10': '0.1110', 'HR@20': '0.2973', 'NDCG@20': '0.1337'}
2025-06-14 17:27:16,161 - Validation score increased.  Saving model ...
2025-06-14 17:28:41,038 - {'epoch': 22, 'rec_loss': '6.2837'}
2025-06-14 17:28:46,909 - {'Epoch': 22, 'HR@5': '0.1373', 'NDCG@5': '0.0892', 'HR@10': '0.2110', 'NDCG@10': '0.1130', 'HR@20': '0.3019', 'NDCG@20': '0.1359'}
2025-06-14 17:28:46,912 - Validation score increased.  Saving model ...
2025-06-14 17:30:11,836 - {'epoch': 23, 'rec_loss': '6.2298'}
2025-06-14 17:30:17,590 - {'Epoch': 23, 'HR@5': '0.1424', 'NDCG@5': '0.0927', 'HR@10': '0.2172', 'NDCG@10': '0.1168', 'HR@20': '0.3092', 'NDCG@20': '0.1400'}
2025-06-14 17:30:17,594 - Validation score increased.  Saving model ...
2025-06-14 17:31:42,552 - {'epoch': 24, 'rec_loss': '6.1638'}
2025-06-14 17:31:48,425 - {'Epoch': 24, 'HR@5': '0.1442', 'NDCG@5': '0.0946', 'HR@10': '0.2199', 'NDCG@10': '0.1189', 'HR@20': '0.3139', 'NDCG@20': '0.1427'}
2025-06-14 17:31:48,428 - Validation score increased.  Saving model ...
2025-06-14 17:33:13,380 - {'epoch': 25, 'rec_loss': '6.1098'}
2025-06-14 17:33:19,293 - {'Epoch': 25, 'HR@5': '0.1447', 'NDCG@5': '0.0945', 'HR@10': '0.2203', 'NDCG@10': '0.1188', 'HR@20': '0.3162', 'NDCG@20': '0.1430'}
2025-06-14 17:33:19,296 - Validation score increased.  Saving model ...
2025-06-14 17:34:44,360 - {'epoch': 26, 'rec_loss': '6.0583'}
2025-06-14 17:34:50,107 - {'Epoch': 26, 'HR@5': '0.1462', 'NDCG@5': '0.0953', 'HR@10': '0.2238', 'NDCG@10': '0.1202', 'HR@20': '0.3195', 'NDCG@20': '0.1444'}
2025-06-14 17:34:50,110 - Validation score increased.  Saving model ...
2025-06-14 17:36:15,009 - {'epoch': 27, 'rec_loss': '6.0135'}
2025-06-14 17:36:20,811 - {'Epoch': 27, 'HR@5': '0.1482', 'NDCG@5': '0.0973', 'HR@10': '0.2283', 'NDCG@10': '0.1230', 'HR@20': '0.3226', 'NDCG@20': '0.1468'}
2025-06-14 17:36:20,815 - Validation score increased.  Saving model ...
2025-06-14 17:37:45,644 - {'epoch': 28, 'rec_loss': '5.9676'}
2025-06-14 17:37:51,531 - {'Epoch': 28, 'HR@5': '0.1511', 'NDCG@5': '0.0994', 'HR@10': '0.2327', 'NDCG@10': '0.1255', 'HR@20': '0.3274', 'NDCG@20': '0.1495'}
2025-06-14 17:37:51,535 - Validation score increased.  Saving model ...
2025-06-14 17:39:16,446 - {'epoch': 29, 'rec_loss': '5.9249'}
2025-06-14 17:39:22,240 - {'Epoch': 29, 'HR@5': '0.1525', 'NDCG@5': '0.0999', 'HR@10': '0.2346', 'NDCG@10': '0.1263', 'HR@20': '0.3309', 'NDCG@20': '0.1506'}
2025-06-14 17:39:22,244 - Validation score increased.  Saving model ...
2025-06-14 17:40:47,163 - {'epoch': 30, 'rec_loss': '5.8849'}
2025-06-14 17:40:53,003 - {'Epoch': 30, 'HR@5': '0.1538', 'NDCG@5': '0.1009', 'HR@10': '0.2356', 'NDCG@10': '0.1272', 'HR@20': '0.3308', 'NDCG@20': '0.1513'}
2025-06-14 17:40:53,006 - Validation score increased.  Saving model ...
2025-06-14 17:42:17,764 - {'epoch': 31, 'rec_loss': '5.8500'}
2025-06-14 17:42:23,600 - {'Epoch': 31, 'HR@5': '0.1567', 'NDCG@5': '0.1030', 'HR@10': '0.2389', 'NDCG@10': '0.1294', 'HR@20': '0.3346', 'NDCG@20': '0.1536'}
2025-06-14 17:42:23,607 - Validation score increased.  Saving model ...
2025-06-14 17:43:48,498 - {'epoch': 32, 'rec_loss': '5.8152'}
2025-06-14 17:43:54,409 - {'Epoch': 32, 'HR@5': '0.1569', 'NDCG@5': '0.1031', 'HR@10': '0.2391', 'NDCG@10': '0.1295', 'HR@20': '0.3361', 'NDCG@20': '0.1539'}
2025-06-14 17:43:54,413 - Validation score increased.  Saving model ...
2025-06-14 17:45:19,226 - {'epoch': 33, 'rec_loss': '5.7851'}
2025-06-14 17:45:25,085 - {'Epoch': 33, 'HR@5': '0.1583', 'NDCG@5': '0.1038', 'HR@10': '0.2421', 'NDCG@10': '0.1308', 'HR@20': '0.3376', 'NDCG@20': '0.1549'}
2025-06-14 17:45:25,089 - Validation score increased.  Saving model ...
2025-06-14 17:46:49,891 - {'epoch': 34, 'rec_loss': '5.7466'}
2025-06-14 17:46:55,904 - {'Epoch': 34, 'HR@5': '0.1586', 'NDCG@5': '0.1049', 'HR@10': '0.2420', 'NDCG@10': '0.1318', 'HR@20': '0.3381', 'NDCG@20': '0.1561'}
2025-06-14 17:46:55,909 - Validation score increased.  Saving model ...
2025-06-14 17:48:20,786 - {'epoch': 35, 'rec_loss': '5.7222'}
2025-06-14 17:48:26,684 - {'Epoch': 35, 'HR@5': '0.1605', 'NDCG@5': '0.1063', 'HR@10': '0.2433', 'NDCG@10': '0.1330', 'HR@20': '0.3413', 'NDCG@20': '0.1578'}
2025-06-14 17:48:26,687 - Validation score increased.  Saving model ...
2025-06-14 17:49:51,533 - {'epoch': 36, 'rec_loss': '5.6874'}
2025-06-14 17:49:57,430 - {'Epoch': 36, 'HR@5': '0.1617', 'NDCG@5': '0.1064', 'HR@10': '0.2469', 'NDCG@10': '0.1338', 'HR@20': '0.3443', 'NDCG@20': '0.1584'}
2025-06-14 17:49:57,434 - Validation score increased.  Saving model ...
2025-06-14 17:51:22,417 - {'epoch': 37, 'rec_loss': '5.6659'}
2025-06-14 17:51:28,292 - {'Epoch': 37, 'HR@5': '0.1616', 'NDCG@5': '0.1060', 'HR@10': '0.2458', 'NDCG@10': '0.1331', 'HR@20': '0.3442', 'NDCG@20': '0.1580'}
2025-06-14 17:51:28,296 - EarlyStopping counter: 1 out of 10
2025-06-14 17:52:53,264 - {'epoch': 38, 'rec_loss': '5.6356'}
2025-06-14 17:52:59,114 - {'Epoch': 38, 'HR@5': '0.1627', 'NDCG@5': '0.1074', 'HR@10': '0.2497', 'NDCG@10': '0.1355', 'HR@20': '0.3477', 'NDCG@20': '0.1602'}
2025-06-14 17:52:59,119 - Validation score increased.  Saving model ...
2025-06-14 17:54:23,905 - {'epoch': 39, 'rec_loss': '5.6125'}
2025-06-14 17:54:29,765 - {'Epoch': 39, 'HR@5': '0.1652', 'NDCG@5': '0.1089', 'HR@10': '0.2493', 'NDCG@10': '0.1360', 'HR@20': '0.3467', 'NDCG@20': '0.1606'}
2025-06-14 17:54:29,769 - Validation score increased.  Saving model ...
2025-06-14 17:55:54,568 - {'epoch': 40, 'rec_loss': '5.5893'}
2025-06-14 17:56:00,514 - {'Epoch': 40, 'HR@5': '0.1636', 'NDCG@5': '0.1081', 'HR@10': '0.2497', 'NDCG@10': '0.1358', 'HR@20': '0.3479', 'NDCG@20': '0.1606'}
2025-06-14 17:56:00,519 - EarlyStopping counter: 1 out of 10
2025-06-14 17:57:25,322 - {'epoch': 41, 'rec_loss': '5.5626'}
2025-06-14 17:57:31,264 - {'Epoch': 41, 'HR@5': '0.1656', 'NDCG@5': '0.1090', 'HR@10': '0.2515', 'NDCG@10': '0.1366', 'HR@20': '0.3504', 'NDCG@20': '0.1615'}
2025-06-14 17:57:31,268 - Validation score increased.  Saving model ...
2025-06-14 17:58:56,244 - {'epoch': 42, 'rec_loss': '5.5422'}
2025-06-14 17:59:02,104 - {'Epoch': 42, 'HR@5': '0.1662', 'NDCG@5': '0.1093', 'HR@10': '0.2518', 'NDCG@10': '0.1368', 'HR@20': '0.3503', 'NDCG@20': '0.1617'}
2025-06-14 17:59:02,108 - Validation score increased.  Saving model ...
2025-06-14 18:00:26,929 - {'epoch': 43, 'rec_loss': '5.5203'}
2025-06-14 18:00:32,770 - {'Epoch': 43, 'HR@5': '0.1676', 'NDCG@5': '0.1102', 'HR@10': '0.2516', 'NDCG@10': '0.1372', 'HR@20': '0.3506', 'NDCG@20': '0.1623'}
2025-06-14 18:00:32,774 - Validation score increased.  Saving model ...
2025-06-14 18:01:57,727 - {'epoch': 44, 'rec_loss': '5.4997'}
2025-06-14 18:02:03,619 - {'Epoch': 44, 'HR@5': '0.1683', 'NDCG@5': '0.1112', 'HR@10': '0.2528', 'NDCG@10': '0.1383', 'HR@20': '0.3538', 'NDCG@20': '0.1639'}
2025-06-14 18:02:03,622 - Validation score increased.  Saving model ...
2025-06-14 18:03:28,404 - {'epoch': 45, 'rec_loss': '5.4843'}
2025-06-14 18:03:34,343 - {'Epoch': 45, 'HR@5': '0.1683', 'NDCG@5': '0.1109', 'HR@10': '0.2525', 'NDCG@10': '0.1380', 'HR@20': '0.3535', 'NDCG@20': '0.1636'}
2025-06-14 18:03:34,349 - EarlyStopping counter: 1 out of 10
2025-06-14 18:04:59,109 - {'epoch': 46, 'rec_loss': '5.4684'}
2025-06-14 18:05:04,944 - {'Epoch': 46, 'HR@5': '0.1668', 'NDCG@5': '0.1103', 'HR@10': '0.2545', 'NDCG@10': '0.1385', 'HR@20': '0.3547', 'NDCG@20': '0.1638'}
2025-06-14 18:05:04,947 - EarlyStopping counter: 2 out of 10
2025-06-14 18:06:29,889 - {'epoch': 47, 'rec_loss': '5.4482'}
2025-06-14 18:06:35,785 - {'Epoch': 47, 'HR@5': '0.1691', 'NDCG@5': '0.1116', 'HR@10': '0.2529', 'NDCG@10': '0.1386', 'HR@20': '0.3541', 'NDCG@20': '0.1642'}
2025-06-14 18:06:35,788 - Validation score increased.  Saving model ...
2025-06-14 18:08:00,704 - {'epoch': 48, 'rec_loss': '5.4213'}
2025-06-14 18:08:06,409 - {'Epoch': 48, 'HR@5': '0.1695', 'NDCG@5': '0.1118', 'HR@10': '0.2538', 'NDCG@10': '0.1390', 'HR@20': '0.3553', 'NDCG@20': '0.1647'}
2025-06-14 18:08:06,413 - Validation score increased.  Saving model ...
2025-06-14 18:09:31,298 - {'epoch': 49, 'rec_loss': '5.4100'}
2025-06-14 18:09:37,128 - {'Epoch': 49, 'HR@5': '0.1716', 'NDCG@5': '0.1127', 'HR@10': '0.2562', 'NDCG@10': '0.1399', 'HR@20': '0.3556', 'NDCG@20': '0.1651'}
2025-06-14 18:09:37,132 - Validation score increased.  Saving model ...
2025-06-14 18:11:02,123 - {'epoch': 50, 'rec_loss': '5.3959'}
2025-06-14 18:11:07,998 - {'Epoch': 50, 'HR@5': '0.1722', 'NDCG@5': '0.1133', 'HR@10': '0.2550', 'NDCG@10': '0.1399', 'HR@20': '0.3567', 'NDCG@20': '0.1656'}
2025-06-14 18:11:08,002 - Validation score increased.  Saving model ...
2025-06-14 18:12:32,793 - {'epoch': 51, 'rec_loss': '5.3812'}
2025-06-14 18:12:38,592 - {'Epoch': 51, 'HR@5': '0.1725', 'NDCG@5': '0.1132', 'HR@10': '0.2544', 'NDCG@10': '0.1395', 'HR@20': '0.3578', 'NDCG@20': '0.1657'}
2025-06-14 18:12:38,596 - Validation score increased.  Saving model ...
2025-06-14 18:14:03,796 - {'epoch': 52, 'rec_loss': '5.3650'}
2025-06-14 18:14:09,729 - {'Epoch': 52, 'HR@5': '0.1722', 'NDCG@5': '0.1135', 'HR@10': '0.2545', 'NDCG@10': '0.1400', 'HR@20': '0.3566', 'NDCG@20': '0.1659'}
2025-06-14 18:14:09,734 - Validation score increased.  Saving model ...
2025-06-14 18:15:34,611 - {'epoch': 53, 'rec_loss': '5.3580'}
2025-06-14 18:15:40,447 - {'Epoch': 53, 'HR@5': '0.1717', 'NDCG@5': '0.1137', 'HR@10': '0.2557', 'NDCG@10': '0.1407', 'HR@20': '0.3578', 'NDCG@20': '0.1666'}
2025-06-14 18:15:40,451 - Validation score increased.  Saving model ...
2025-06-14 18:17:04,506 - {'epoch': 54, 'rec_loss': '5.3385'}
2025-06-14 18:17:10,377 - {'Epoch': 54, 'HR@5': '0.1737', 'NDCG@5': '0.1141', 'HR@10': '0.2573', 'NDCG@10': '0.1410', 'HR@20': '0.3582', 'NDCG@20': '0.1665'}
2025-06-14 18:17:10,381 - EarlyStopping counter: 1 out of 10
2025-06-14 18:18:34,897 - {'epoch': 55, 'rec_loss': '5.3207'}
2025-06-14 18:18:40,771 - {'Epoch': 55, 'HR@5': '0.1724', 'NDCG@5': '0.1136', 'HR@10': '0.2555', 'NDCG@10': '0.1404', 'HR@20': '0.3580', 'NDCG@20': '0.1663'}
2025-06-14 18:18:40,775 - EarlyStopping counter: 2 out of 10
2025-06-14 18:20:05,444 - {'epoch': 56, 'rec_loss': '5.3130'}
2025-06-14 18:20:11,290 - {'Epoch': 56, 'HR@5': '0.1734', 'NDCG@5': '0.1136', 'HR@10': '0.2552', 'NDCG@10': '0.1399', 'HR@20': '0.3580', 'NDCG@20': '0.1660'}
2025-06-14 18:20:11,294 - EarlyStopping counter: 3 out of 10
2025-06-14 18:21:36,177 - {'epoch': 57, 'rec_loss': '5.2997'}
2025-06-14 18:21:42,047 - {'Epoch': 57, 'HR@5': '0.1742', 'NDCG@5': '0.1147', 'HR@10': '0.2556', 'NDCG@10': '0.1409', 'HR@20': '0.3581', 'NDCG@20': '0.1669'}
2025-06-14 18:21:42,050 - Validation score increased.  Saving model ...
2025-06-14 18:23:06,858 - {'epoch': 58, 'rec_loss': '5.2869'}
2025-06-14 18:23:12,782 - {'Epoch': 58, 'HR@5': '0.1738', 'NDCG@5': '0.1147', 'HR@10': '0.2588', 'NDCG@10': '0.1421', 'HR@20': '0.3593', 'NDCG@20': '0.1675'}
2025-06-14 18:23:12,785 - Validation score increased.  Saving model ...
2025-06-14 18:24:37,763 - {'epoch': 59, 'rec_loss': '5.2719'}
2025-06-14 18:24:43,610 - {'Epoch': 59, 'HR@5': '0.1753', 'NDCG@5': '0.1149', 'HR@10': '0.2555', 'NDCG@10': '0.1408', 'HR@20': '0.3607', 'NDCG@20': '0.1675'}
2025-06-14 18:24:43,619 - EarlyStopping counter: 1 out of 10
2025-06-14 18:26:08,675 - {'epoch': 60, 'rec_loss': '5.2601'}
2025-06-14 18:26:14,478 - {'Epoch': 60, 'HR@5': '0.1756', 'NDCG@5': '0.1152', 'HR@10': '0.2584', 'NDCG@10': '0.1418', 'HR@20': '0.3588', 'NDCG@20': '0.1672'}
2025-06-14 18:26:14,482 - EarlyStopping counter: 2 out of 10
2025-06-14 18:27:39,524 - {'epoch': 61, 'rec_loss': '5.2568'}
2025-06-14 18:27:45,457 - {'Epoch': 61, 'HR@5': '0.1741', 'NDCG@5': '0.1145', 'HR@10': '0.2571', 'NDCG@10': '0.1412', 'HR@20': '0.3604', 'NDCG@20': '0.1673'}
2025-06-14 18:27:45,461 - EarlyStopping counter: 3 out of 10
2025-06-14 18:29:10,320 - {'epoch': 62, 'rec_loss': '5.2389'}
2025-06-14 18:29:16,243 - {'Epoch': 62, 'HR@5': '0.1745', 'NDCG@5': '0.1147', 'HR@10': '0.2588', 'NDCG@10': '0.1419', 'HR@20': '0.3611', 'NDCG@20': '0.1677'}
2025-06-14 18:29:16,248 - Validation score increased.  Saving model ...
2025-06-14 18:30:41,246 - {'epoch': 63, 'rec_loss': '5.2296'}
2025-06-14 18:30:47,099 - {'Epoch': 63, 'HR@5': '0.1746', 'NDCG@5': '0.1151', 'HR@10': '0.2579', 'NDCG@10': '0.1419', 'HR@20': '0.3591', 'NDCG@20': '0.1676'}
2025-06-14 18:30:47,103 - EarlyStopping counter: 1 out of 10
2025-06-14 18:32:12,024 - {'epoch': 64, 'rec_loss': '5.2144'}
2025-06-14 18:32:17,878 - {'Epoch': 64, 'HR@5': '0.1732', 'NDCG@5': '0.1141', 'HR@10': '0.2594', 'NDCG@10': '0.1419', 'HR@20': '0.3599', 'NDCG@20': '0.1673'}
2025-06-14 18:32:17,882 - EarlyStopping counter: 2 out of 10
2025-06-14 18:33:42,958 - {'epoch': 65, 'rec_loss': '5.2104'}
2025-06-14 18:33:48,867 - {'Epoch': 65, 'HR@5': '0.1745', 'NDCG@5': '0.1144', 'HR@10': '0.2607', 'NDCG@10': '0.1422', 'HR@20': '0.3610', 'NDCG@20': '0.1675'}
2025-06-14 18:33:48,871 - EarlyStopping counter: 3 out of 10
2025-06-14 18:35:13,938 - {'epoch': 66, 'rec_loss': '5.2026'}
2025-06-14 18:35:19,941 - {'Epoch': 66, 'HR@5': '0.1737', 'NDCG@5': '0.1147', 'HR@10': '0.2598', 'NDCG@10': '0.1424', 'HR@20': '0.3611', 'NDCG@20': '0.1680'}
2025-06-14 18:35:19,946 - Validation score increased.  Saving model ...
2025-06-14 18:36:44,889 - {'epoch': 67, 'rec_loss': '5.1859'}
2025-06-14 18:36:50,727 - {'Epoch': 67, 'HR@5': '0.1749', 'NDCG@5': '0.1150', 'HR@10': '0.2606', 'NDCG@10': '0.1426', 'HR@20': '0.3590', 'NDCG@20': '0.1675'}
2025-06-14 18:36:50,731 - EarlyStopping counter: 1 out of 10
2025-06-14 18:38:15,637 - {'epoch': 68, 'rec_loss': '5.1828'}
2025-06-14 18:38:21,569 - {'Epoch': 68, 'HR@5': '0.1762', 'NDCG@5': '0.1148', 'HR@10': '0.2613', 'NDCG@10': '0.1422', 'HR@20': '0.3603', 'NDCG@20': '0.1673'}
2025-06-14 18:38:21,574 - EarlyStopping counter: 2 out of 10
2025-06-14 18:39:46,580 - {'epoch': 69, 'rec_loss': '5.1649'}
2025-06-14 18:39:52,461 - {'Epoch': 69, 'HR@5': '0.1754', 'NDCG@5': '0.1149', 'HR@10': '0.2611', 'NDCG@10': '0.1425', 'HR@20': '0.3609', 'NDCG@20': '0.1677'}
2025-06-14 18:39:52,464 - EarlyStopping counter: 3 out of 10
2025-06-14 18:41:17,375 - {'epoch': 70, 'rec_loss': '5.1573'}
2025-06-14 18:41:23,249 - {'Epoch': 70, 'HR@5': '0.1745', 'NDCG@5': '0.1144', 'HR@10': '0.2592', 'NDCG@10': '0.1416', 'HR@20': '0.3603', 'NDCG@20': '0.1672'}
2025-06-14 18:41:23,253 - EarlyStopping counter: 4 out of 10
2025-06-14 18:42:48,042 - {'epoch': 71, 'rec_loss': '5.1539'}
2025-06-14 18:42:53,893 - {'Epoch': 71, 'HR@5': '0.1753', 'NDCG@5': '0.1151', 'HR@10': '0.2600', 'NDCG@10': '0.1424', 'HR@20': '0.3601', 'NDCG@20': '0.1678'}
2025-06-14 18:42:53,896 - EarlyStopping counter: 5 out of 10
2025-06-14 18:44:18,961 - {'epoch': 72, 'rec_loss': '5.1418'}
2025-06-14 18:44:24,831 - {'Epoch': 72, 'HR@5': '0.1752', 'NDCG@5': '0.1145', 'HR@10': '0.2589', 'NDCG@10': '0.1415', 'HR@20': '0.3613', 'NDCG@20': '0.1675'}
2025-06-14 18:44:24,835 - EarlyStopping counter: 6 out of 10
2025-06-14 18:45:49,583 - {'epoch': 73, 'rec_loss': '5.1392'}
2025-06-14 18:45:55,417 - {'Epoch': 73, 'HR@5': '0.1769', 'NDCG@5': '0.1158', 'HR@10': '0.2617', 'NDCG@10': '0.1431', 'HR@20': '0.3632', 'NDCG@20': '0.1688'}
2025-06-14 18:45:55,422 - Validation score increased.  Saving model ...
2025-06-14 18:47:20,370 - {'epoch': 74, 'rec_loss': '5.1274'}
2025-06-14 18:47:26,235 - {'Epoch': 74, 'HR@5': '0.1745', 'NDCG@5': '0.1143', 'HR@10': '0.2618', 'NDCG@10': '0.1424', 'HR@20': '0.3611', 'NDCG@20': '0.1675'}
2025-06-14 18:47:26,240 - EarlyStopping counter: 1 out of 10
2025-06-14 18:48:51,083 - {'epoch': 75, 'rec_loss': '5.1230'}
2025-06-14 18:48:56,934 - {'Epoch': 75, 'HR@5': '0.1760', 'NDCG@5': '0.1147', 'HR@10': '0.2615', 'NDCG@10': '0.1423', 'HR@20': '0.3622', 'NDCG@20': '0.1678'}
2025-06-14 18:48:56,938 - EarlyStopping counter: 2 out of 10
2025-06-14 18:50:21,895 - {'epoch': 76, 'rec_loss': '5.1135'}
2025-06-14 18:50:27,771 - {'Epoch': 76, 'HR@5': '0.1753', 'NDCG@5': '0.1155', 'HR@10': '0.2624', 'NDCG@10': '0.1436', 'HR@20': '0.3616', 'NDCG@20': '0.1687'}
2025-06-14 18:50:27,775 - EarlyStopping counter: 3 out of 10
2025-06-14 18:51:52,596 - {'epoch': 77, 'rec_loss': '5.1083'}
2025-06-14 18:51:58,536 - {'Epoch': 77, 'HR@5': '0.1749', 'NDCG@5': '0.1149', 'HR@10': '0.2630', 'NDCG@10': '0.1434', 'HR@20': '0.3613', 'NDCG@20': '0.1682'}
2025-06-14 18:51:58,540 - EarlyStopping counter: 4 out of 10
2025-06-14 18:53:23,327 - {'epoch': 78, 'rec_loss': '5.0985'}
2025-06-14 18:53:29,152 - {'Epoch': 78, 'HR@5': '0.1759', 'NDCG@5': '0.1157', 'HR@10': '0.2615', 'NDCG@10': '0.1432', 'HR@20': '0.3626', 'NDCG@20': '0.1688'}
2025-06-14 18:53:29,156 - Validation score increased.  Saving model ...
2025-06-14 18:54:53,876 - {'epoch': 79, 'rec_loss': '5.0876'}
2025-06-14 18:54:59,747 - {'Epoch': 79, 'HR@5': '0.1765', 'NDCG@5': '0.1166', 'HR@10': '0.2627', 'NDCG@10': '0.1443', 'HR@20': '0.3628', 'NDCG@20': '0.1696'}
2025-06-14 18:54:59,751 - Validation score increased.  Saving model ...
2025-06-14 18:56:24,637 - {'epoch': 80, 'rec_loss': '5.0861'}
2025-06-14 18:56:30,535 - {'Epoch': 80, 'HR@5': '0.1757', 'NDCG@5': '0.1154', 'HR@10': '0.2625', 'NDCG@10': '0.1434', 'HR@20': '0.3628', 'NDCG@20': '0.1687'}
2025-06-14 18:56:30,539 - EarlyStopping counter: 1 out of 10
2025-06-14 18:57:55,446 - {'epoch': 81, 'rec_loss': '5.0789'}
2025-06-14 18:58:01,395 - {'Epoch': 81, 'HR@5': '0.1749', 'NDCG@5': '0.1149', 'HR@10': '0.2624', 'NDCG@10': '0.1431', 'HR@20': '0.3620', 'NDCG@20': '0.1683'}
2025-06-14 18:58:01,398 - EarlyStopping counter: 2 out of 10
2025-06-14 18:59:26,253 - {'epoch': 82, 'rec_loss': '5.0692'}
2025-06-14 18:59:32,185 - {'Epoch': 82, 'HR@5': '0.1760', 'NDCG@5': '0.1153', 'HR@10': '0.2615', 'NDCG@10': '0.1429', 'HR@20': '0.3625', 'NDCG@20': '0.1685'}
2025-06-14 18:59:32,190 - EarlyStopping counter: 3 out of 10
2025-06-14 19:00:56,977 - {'epoch': 83, 'rec_loss': '5.0598'}
2025-06-14 19:01:02,793 - {'Epoch': 83, 'HR@5': '0.1755', 'NDCG@5': '0.1152', 'HR@10': '0.2621', 'NDCG@10': '0.1431', 'HR@20': '0.3601', 'NDCG@20': '0.1679'}
2025-06-14 19:01:02,796 - EarlyStopping counter: 4 out of 10
2025-06-14 19:02:27,674 - {'epoch': 84, 'rec_loss': '5.0571'}
2025-06-14 19:02:33,556 - {'Epoch': 84, 'HR@5': '0.1749', 'NDCG@5': '0.1153', 'HR@10': '0.2623', 'NDCG@10': '0.1436', 'HR@20': '0.3617', 'NDCG@20': '0.1687'}
2025-06-14 19:02:33,560 - EarlyStopping counter: 5 out of 10
2025-06-14 19:03:58,612 - {'epoch': 85, 'rec_loss': '5.0513'}
2025-06-14 19:04:04,414 - {'Epoch': 85, 'HR@5': '0.1749', 'NDCG@5': '0.1152', 'HR@10': '0.2621', 'NDCG@10': '0.1433', 'HR@20': '0.3617', 'NDCG@20': '0.1685'}
2025-06-14 19:04:04,417 - EarlyStopping counter: 6 out of 10
2025-06-14 19:05:29,491 - {'epoch': 86, 'rec_loss': '5.0452'}
2025-06-14 19:05:35,354 - {'Epoch': 86, 'HR@5': '0.1771', 'NDCG@5': '0.1161', 'HR@10': '0.2641', 'NDCG@10': '0.1441', 'HR@20': '0.3642', 'NDCG@20': '0.1693'}
2025-06-14 19:05:35,357 - EarlyStopping counter: 7 out of 10
2025-06-14 19:07:00,260 - {'epoch': 87, 'rec_loss': '5.0384'}
2025-06-14 19:07:06,073 - {'Epoch': 87, 'HR@5': '0.1761', 'NDCG@5': '0.1160', 'HR@10': '0.2646', 'NDCG@10': '0.1445', 'HR@20': '0.3646', 'NDCG@20': '0.1698'}
2025-06-14 19:07:06,077 - Validation score increased.  Saving model ...
2025-06-14 19:08:30,895 - {'epoch': 88, 'rec_loss': '5.0383'}
2025-06-14 19:08:36,783 - {'Epoch': 88, 'HR@5': '0.1765', 'NDCG@5': '0.1156', 'HR@10': '0.2652', 'NDCG@10': '0.1441', 'HR@20': '0.3635', 'NDCG@20': '0.1689'}
2025-06-14 19:08:36,786 - EarlyStopping counter: 1 out of 10
2025-06-14 19:10:01,724 - {'epoch': 89, 'rec_loss': '5.0284'}
2025-06-14 19:10:07,625 - {'Epoch': 89, 'HR@5': '0.1764', 'NDCG@5': '0.1159', 'HR@10': '0.2661', 'NDCG@10': '0.1448', 'HR@20': '0.3641', 'NDCG@20': '0.1696'}
2025-06-14 19:10:07,629 - EarlyStopping counter: 2 out of 10
2025-06-14 19:11:32,483 - {'epoch': 90, 'rec_loss': '5.0243'}
2025-06-14 19:11:38,380 - {'Epoch': 90, 'HR@5': '0.1754', 'NDCG@5': '0.1153', 'HR@10': '0.2641', 'NDCG@10': '0.1439', 'HR@20': '0.3645', 'NDCG@20': '0.1693'}
2025-06-14 19:11:38,384 - EarlyStopping counter: 3 out of 10
2025-06-14 19:13:03,214 - {'epoch': 91, 'rec_loss': '5.0185'}
2025-06-14 19:13:09,072 - {'Epoch': 91, 'HR@5': '0.1746', 'NDCG@5': '0.1147', 'HR@10': '0.2649', 'NDCG@10': '0.1439', 'HR@20': '0.3643', 'NDCG@20': '0.1689'}
2025-06-14 19:13:09,076 - EarlyStopping counter: 4 out of 10
2025-06-14 19:14:33,874 - {'epoch': 92, 'rec_loss': '5.0085'}
2025-06-14 19:14:39,789 - {'Epoch': 92, 'HR@5': '0.1757', 'NDCG@5': '0.1154', 'HR@10': '0.2648', 'NDCG@10': '0.1442', 'HR@20': '0.3638', 'NDCG@20': '0.1692'}
2025-06-14 19:14:39,792 - EarlyStopping counter: 5 out of 10
2025-06-14 19:16:04,633 - {'epoch': 93, 'rec_loss': '5.0036'}
2025-06-14 19:16:10,547 - {'Epoch': 93, 'HR@5': '0.1758', 'NDCG@5': '0.1154', 'HR@10': '0.2656', 'NDCG@10': '0.1443', 'HR@20': '0.3630', 'NDCG@20': '0.1689'}
2025-06-14 19:16:10,550 - EarlyStopping counter: 6 out of 10
2025-06-14 19:17:35,335 - {'epoch': 94, 'rec_loss': '5.0007'}
2025-06-14 19:17:41,166 - {'Epoch': 94, 'HR@5': '0.1754', 'NDCG@5': '0.1153', 'HR@10': '0.2640', 'NDCG@10': '0.1439', 'HR@20': '0.3624', 'NDCG@20': '0.1687'}
2025-06-14 19:17:41,170 - EarlyStopping counter: 7 out of 10
2025-06-14 19:19:05,974 - {'epoch': 95, 'rec_loss': '4.9958'}
2025-06-14 19:19:11,836 - {'Epoch': 95, 'HR@5': '0.1747', 'NDCG@5': '0.1156', 'HR@10': '0.2642', 'NDCG@10': '0.1445', 'HR@20': '0.3616', 'NDCG@20': '0.1691'}
2025-06-14 19:19:11,840 - EarlyStopping counter: 8 out of 10
2025-06-14 19:20:36,514 - {'epoch': 96, 'rec_loss': '4.9893'}
2025-06-14 19:20:42,328 - {'Epoch': 96, 'HR@5': '0.1747', 'NDCG@5': '0.1154', 'HR@10': '0.2661', 'NDCG@10': '0.1449', 'HR@20': '0.3617', 'NDCG@20': '0.1690'}
2025-06-14 19:20:42,332 - EarlyStopping counter: 9 out of 10
2025-06-14 19:22:07,136 - {'epoch': 97, 'rec_loss': '4.9843'}
2025-06-14 19:22:12,953 - {'Epoch': 97, 'HR@5': '0.1762', 'NDCG@5': '0.1155', 'HR@10': '0.2653', 'NDCG@10': '0.1442', 'HR@20': '0.3624', 'NDCG@20': '0.1687'}
2025-06-14 19:22:12,958 - EarlyStopping counter: 10 out of 10
2025-06-14 19:22:12,958 - Early stopping
2025-06-14 19:22:12,958 - ---------------Validation Score---------------
2025-06-14 19:22:18,756 - {'Epoch': 0, 'HR@5': '0.1761', 'NDCG@5': '0.1160', 'HR@10': '0.2646', 'NDCG@10': '0.1445', 'HR@20': '0.3646', 'NDCG@20': '0.1698'}
2025-06-14 19:22:18,759 - FEARec_Diginetica
2025-06-14 19:22:18,759 - {'Epoch': 0, 'HR@5': '0.1761', 'NDCG@5': '0.1160', 'HR@10': '0.2646', 'NDCG@10': '0.1445', 'HR@20': '0.3646', 'NDCG@20': '0.1698'}
