2025-06-13 19:29:14,067 - Namespace(data_dir='data/self_processed/', output_dir='hparam_search/', data_name='Diginetica', train_name='SASRec_Diginetica', num_items=10, num_users=14829, lr=0.001, batch_size=256, epochs=200, no_cuda=False, log_freq=1, patience=10, num_workers=4, seed=42, weight_decay=0.0, adam_beta1=0.9, adam_beta2=0.999, gpu_id='0', variance=5, model_type='SASRec', max_seq_length=50, hidden_size=64, num_hidden_layers=2, hidden_act='gelu', num_attention_heads=4, attention_probs_dropout_prob=0.5, hidden_dropout_prob=0.5, initializer_range=0.02, cuda_condition=True, data_file='data/self_processed/Diginetica.txt', item_size=9441, checkpoint_path=PosixPath('/gpfs/home3/scur2771/BSARec/BSARec/src/hparam_search/SASRec_Diginetica/12362200_3/model.pt'), same_target_path='data/self_processed/Diginetica_same_target.npy')
2025-06-13 19:29:14,084 - SASRecModel(
  (item_embeddings): Embedding(9441, 64, padding_idx=0)
  (position_embeddings): Embedding(50, 64)
  (LayerNorm): LayerNorm()
  (dropout): Dropout(p=0.5, inplace=False)
  (item_encoder): TransformerEncoder(
    (blocks): ModuleList(
      (0): TransformerBlock(
        (layer): MultiHeadAttention(
          (query): Linear(in_features=64, out_features=64, bias=True)
          (key): Linear(in_features=64, out_features=64, bias=True)
          (value): Linear(in_features=64, out_features=64, bias=True)
          (softmax): Softmax(dim=-1)
          (attn_dropout): Dropout(p=0.5, inplace=False)
          (dense): Linear(in_features=64, out_features=64, bias=True)
          (LayerNorm): LayerNorm((64,), eps=1e-12, elementwise_affine=True)
          (out_dropout): Dropout(p=0.5, inplace=False)
        )
        (feed_forward): FeedForward(
          (dense_1): Linear(in_features=64, out_features=256, bias=True)
          (dense_2): Linear(in_features=256, out_features=64, bias=True)
          (LayerNorm): LayerNorm()
          (dropout): Dropout(p=0.5, inplace=False)
        )
      )
      (1): TransformerBlock(
        (layer): MultiHeadAttention(
          (query): Linear(in_features=64, out_features=64, bias=True)
          (key): Linear(in_features=64, out_features=64, bias=True)
          (value): Linear(in_features=64, out_features=64, bias=True)
          (softmax): Softmax(dim=-1)
          (attn_dropout): Dropout(p=0.5, inplace=False)
          (dense): Linear(in_features=64, out_features=64, bias=True)
          (LayerNorm): LayerNorm((64,), eps=1e-12, elementwise_affine=True)
          (out_dropout): Dropout(p=0.5, inplace=False)
        )
        (feed_forward): FeedForward(
          (dense_1): Linear(in_features=64, out_features=256, bias=True)
          (dense_2): Linear(in_features=256, out_features=64, bias=True)
          (LayerNorm): LayerNorm()
          (dropout): Dropout(p=0.5, inplace=False)
        )
      )
    )
  )
)
2025-06-13 19:29:16,311 - Total Parameters: 707520
2025-06-13 19:29:23,675 - {'epoch': 0, 'rec_loss': '1.2636'}
2025-06-13 19:29:28,032 - {'Epoch': 0, 'HR@5': '0.0122', 'NDCG@5': '0.0080', 'HR@10': '0.0185', 'NDCG@10': '0.0100', 'HR@20': '0.0272', 'NDCG@20': '0.0122'}
2025-06-13 19:29:28,034 - Validation score increased.  Saving model ...
2025-06-13 19:29:34,712 - {'epoch': 1, 'rec_loss': '1.0587'}
2025-06-13 19:29:39,060 - {'Epoch': 1, 'HR@5': '0.0383', 'NDCG@5': '0.0258', 'HR@10': '0.0573', 'NDCG@10': '0.0319', 'HR@20': '0.0829', 'NDCG@20': '0.0384'}
2025-06-13 19:29:39,062 - Validation score increased.  Saving model ...
2025-06-13 19:29:45,885 - {'epoch': 2, 'rec_loss': '0.8945'}
2025-06-13 19:29:50,283 - {'Epoch': 2, 'HR@5': '0.0565', 'NDCG@5': '0.0368', 'HR@10': '0.0877', 'NDCG@10': '0.0468', 'HR@20': '0.1278', 'NDCG@20': '0.0569'}
2025-06-13 19:29:50,285 - Validation score increased.  Saving model ...
2025-06-13 19:29:57,033 - {'epoch': 3, 'rec_loss': '0.7589'}
2025-06-13 19:30:01,263 - {'Epoch': 3, 'HR@5': '0.0709', 'NDCG@5': '0.0454', 'HR@10': '0.1103', 'NDCG@10': '0.0580', 'HR@20': '0.1605', 'NDCG@20': '0.0706'}
2025-06-13 19:30:01,266 - Validation score increased.  Saving model ...
2025-06-13 19:30:07,994 - {'epoch': 4, 'rec_loss': '0.6437'}
2025-06-13 19:30:12,173 - {'Epoch': 4, 'HR@5': '0.0817', 'NDCG@5': '0.0523', 'HR@10': '0.1317', 'NDCG@10': '0.0684', 'HR@20': '0.1980', 'NDCG@20': '0.0851'}
2025-06-13 19:30:12,175 - Validation score increased.  Saving model ...
2025-06-13 19:30:18,852 - {'epoch': 5, 'rec_loss': '0.5574'}
2025-06-13 19:30:22,752 - {'Epoch': 5, 'HR@5': '0.0946', 'NDCG@5': '0.0596', 'HR@10': '0.1506', 'NDCG@10': '0.0775', 'HR@20': '0.2221', 'NDCG@20': '0.0955'}
2025-06-13 19:30:22,754 - Validation score increased.  Saving model ...
2025-06-13 19:30:29,505 - {'epoch': 6, 'rec_loss': '0.4984'}
2025-06-13 19:30:33,455 - {'Epoch': 6, 'HR@5': '0.0986', 'NDCG@5': '0.0636', 'HR@10': '0.1578', 'NDCG@10': '0.0826', 'HR@20': '0.2342', 'NDCG@20': '0.1017'}
2025-06-13 19:30:33,458 - Validation score increased.  Saving model ...
2025-06-13 19:30:40,168 - {'epoch': 7, 'rec_loss': '0.4506'}
2025-06-13 19:30:44,303 - {'Epoch': 7, 'HR@5': '0.1047', 'NDCG@5': '0.0669', 'HR@10': '0.1658', 'NDCG@10': '0.0865', 'HR@20': '0.2487', 'NDCG@20': '0.1074'}
2025-06-13 19:30:44,306 - Validation score increased.  Saving model ...
2025-06-13 19:30:51,051 - {'epoch': 8, 'rec_loss': '0.4253'}
2025-06-13 19:30:55,007 - {'Epoch': 8, 'HR@5': '0.1062', 'NDCG@5': '0.0678', 'HR@10': '0.1728', 'NDCG@10': '0.0892', 'HR@20': '0.2563', 'NDCG@20': '0.1102'}
2025-06-13 19:30:55,009 - Validation score increased.  Saving model ...
2025-06-13 19:31:01,725 - {'epoch': 9, 'rec_loss': '0.3960'}
2025-06-13 19:31:05,630 - {'Epoch': 9, 'HR@5': '0.1072', 'NDCG@5': '0.0693', 'HR@10': '0.1689', 'NDCG@10': '0.0892', 'HR@20': '0.2528', 'NDCG@20': '0.1104'}
2025-06-13 19:31:05,632 - Validation score increased.  Saving model ...
2025-06-13 19:31:12,322 - {'epoch': 10, 'rec_loss': '0.3811'}
2025-06-13 19:31:16,304 - {'Epoch': 10, 'HR@5': '0.1107', 'NDCG@5': '0.0703', 'HR@10': '0.1741', 'NDCG@10': '0.0907', 'HR@20': '0.2593', 'NDCG@20': '0.1122'}
2025-06-13 19:31:16,306 - Validation score increased.  Saving model ...
2025-06-13 19:31:23,025 - {'epoch': 11, 'rec_loss': '0.3657'}
2025-06-13 19:31:26,883 - {'Epoch': 11, 'HR@5': '0.1107', 'NDCG@5': '0.0711', 'HR@10': '0.1760', 'NDCG@10': '0.0921', 'HR@20': '0.2586', 'NDCG@20': '0.1130'}
2025-06-13 19:31:26,885 - Validation score increased.  Saving model ...
2025-06-13 19:31:33,631 - {'epoch': 12, 'rec_loss': '0.3581'}
2025-06-13 19:31:37,557 - {'Epoch': 12, 'HR@5': '0.1082', 'NDCG@5': '0.0689', 'HR@10': '0.1731', 'NDCG@10': '0.0896', 'HR@20': '0.2585', 'NDCG@20': '0.1112'}
2025-06-13 19:31:37,559 - EarlyStopping counter: 1 out of 10
2025-06-13 19:31:44,308 - {'epoch': 13, 'rec_loss': '0.3448'}
2025-06-13 19:31:48,155 - {'Epoch': 13, 'HR@5': '0.1136', 'NDCG@5': '0.0717', 'HR@10': '0.1784', 'NDCG@10': '0.0925', 'HR@20': '0.2650', 'NDCG@20': '0.1143'}
2025-06-13 19:31:48,156 - Validation score increased.  Saving model ...
2025-06-13 19:31:54,935 - {'epoch': 14, 'rec_loss': '0.3399'}
2025-06-13 19:31:58,769 - {'Epoch': 14, 'HR@5': '0.1102', 'NDCG@5': '0.0707', 'HR@10': '0.1779', 'NDCG@10': '0.0924', 'HR@20': '0.2677', 'NDCG@20': '0.1150'}
2025-06-13 19:31:58,771 - Validation score increased.  Saving model ...
2025-06-13 19:32:05,530 - {'epoch': 15, 'rec_loss': '0.3336'}
2025-06-13 19:32:09,430 - {'Epoch': 15, 'HR@5': '0.1110', 'NDCG@5': '0.0714', 'HR@10': '0.1766', 'NDCG@10': '0.0925', 'HR@20': '0.2652', 'NDCG@20': '0.1149'}
2025-06-13 19:32:09,431 - EarlyStopping counter: 1 out of 10
2025-06-13 19:32:16,135 - {'epoch': 16, 'rec_loss': '0.3288'}
2025-06-13 19:32:20,086 - {'Epoch': 16, 'HR@5': '0.1100', 'NDCG@5': '0.0713', 'HR@10': '0.1761', 'NDCG@10': '0.0924', 'HR@20': '0.2662', 'NDCG@20': '0.1151'}
2025-06-13 19:32:20,087 - Validation score increased.  Saving model ...
2025-06-13 19:32:26,903 - {'epoch': 17, 'rec_loss': '0.3242'}
2025-06-13 19:32:30,826 - {'Epoch': 17, 'HR@5': '0.1117', 'NDCG@5': '0.0715', 'HR@10': '0.1782', 'NDCG@10': '0.0928', 'HR@20': '0.2654', 'NDCG@20': '0.1148'}
2025-06-13 19:32:30,829 - EarlyStopping counter: 1 out of 10
2025-06-13 19:32:37,480 - {'epoch': 18, 'rec_loss': '0.3202'}
2025-06-13 19:32:41,336 - {'Epoch': 18, 'HR@5': '0.1137', 'NDCG@5': '0.0740', 'HR@10': '0.1811', 'NDCG@10': '0.0956', 'HR@20': '0.2722', 'NDCG@20': '0.1185'}
2025-06-13 19:32:41,337 - Validation score increased.  Saving model ...
2025-06-13 19:32:48,134 - {'epoch': 19, 'rec_loss': '0.3140'}
2025-06-13 19:32:52,040 - {'Epoch': 19, 'HR@5': '0.1128', 'NDCG@5': '0.0730', 'HR@10': '0.1781', 'NDCG@10': '0.0940', 'HR@20': '0.2677', 'NDCG@20': '0.1165'}
2025-06-13 19:32:52,041 - EarlyStopping counter: 1 out of 10
2025-06-13 19:32:58,801 - {'epoch': 20, 'rec_loss': '0.3117'}
2025-06-13 19:33:02,799 - {'Epoch': 20, 'HR@5': '0.1102', 'NDCG@5': '0.0710', 'HR@10': '0.1759', 'NDCG@10': '0.0921', 'HR@20': '0.2695', 'NDCG@20': '0.1158'}
2025-06-13 19:33:02,800 - EarlyStopping counter: 2 out of 10
2025-06-13 19:33:09,493 - {'epoch': 21, 'rec_loss': '0.3052'}
2025-06-13 19:33:13,437 - {'Epoch': 21, 'HR@5': '0.1117', 'NDCG@5': '0.0714', 'HR@10': '0.1778', 'NDCG@10': '0.0927', 'HR@20': '0.2669', 'NDCG@20': '0.1150'}
2025-06-13 19:33:13,439 - EarlyStopping counter: 3 out of 10
2025-06-13 19:33:20,116 - {'epoch': 22, 'rec_loss': '0.3013'}
2025-06-13 19:33:23,967 - {'Epoch': 22, 'HR@5': '0.1080', 'NDCG@5': '0.0692', 'HR@10': '0.1772', 'NDCG@10': '0.0914', 'HR@20': '0.2677', 'NDCG@20': '0.1142'}
2025-06-13 19:33:23,968 - EarlyStopping counter: 4 out of 10
2025-06-13 19:33:30,609 - {'epoch': 23, 'rec_loss': '0.3037'}
2025-06-13 19:33:34,617 - {'Epoch': 23, 'HR@5': '0.1091', 'NDCG@5': '0.0698', 'HR@10': '0.1748', 'NDCG@10': '0.0910', 'HR@20': '0.2675', 'NDCG@20': '0.1144'}
2025-06-13 19:33:34,617 - EarlyStopping counter: 5 out of 10
2025-06-13 19:33:41,326 - {'epoch': 24, 'rec_loss': '0.3013'}
2025-06-13 19:33:45,248 - {'Epoch': 24, 'HR@5': '0.1071', 'NDCG@5': '0.0677', 'HR@10': '0.1736', 'NDCG@10': '0.0892', 'HR@20': '0.2673', 'NDCG@20': '0.1127'}
2025-06-13 19:33:45,251 - EarlyStopping counter: 6 out of 10
2025-06-13 19:33:52,142 - {'epoch': 25, 'rec_loss': '0.2915'}
2025-06-13 19:33:55,985 - {'Epoch': 25, 'HR@5': '0.1104', 'NDCG@5': '0.0697', 'HR@10': '0.1776', 'NDCG@10': '0.0913', 'HR@20': '0.2692', 'NDCG@20': '0.1143'}
2025-06-13 19:33:55,986 - EarlyStopping counter: 7 out of 10
2025-06-13 19:34:02,712 - {'epoch': 26, 'rec_loss': '0.2953'}
2025-06-13 19:34:06,658 - {'Epoch': 26, 'HR@5': '0.1063', 'NDCG@5': '0.0673', 'HR@10': '0.1764', 'NDCG@10': '0.0898', 'HR@20': '0.2683', 'NDCG@20': '0.1129'}
2025-06-13 19:34:06,661 - EarlyStopping counter: 8 out of 10
2025-06-13 19:34:13,443 - {'epoch': 27, 'rec_loss': '0.2877'}
2025-06-13 19:34:17,384 - {'Epoch': 27, 'HR@5': '0.1062', 'NDCG@5': '0.0679', 'HR@10': '0.1710', 'NDCG@10': '0.0886', 'HR@20': '0.2649', 'NDCG@20': '0.1122'}
2025-06-13 19:34:17,385 - EarlyStopping counter: 9 out of 10
2025-06-13 19:34:24,173 - {'epoch': 28, 'rec_loss': '0.2899'}
2025-06-13 19:34:28,000 - {'Epoch': 28, 'HR@5': '0.1080', 'NDCG@5': '0.0683', 'HR@10': '0.1725', 'NDCG@10': '0.0892', 'HR@20': '0.2670', 'NDCG@20': '0.1129'}
2025-06-13 19:34:28,002 - EarlyStopping counter: 10 out of 10
2025-06-13 19:34:28,002 - Early stopping
2025-06-13 19:34:28,002 - ---------------Validation Score---------------
2025-06-13 19:34:31,858 - {'Epoch': 0, 'HR@5': '0.1137', 'NDCG@5': '0.0740', 'HR@10': '0.1811', 'NDCG@10': '0.0956', 'HR@20': '0.2722', 'NDCG@20': '0.1185'}
2025-06-13 19:34:31,861 - SASRec_Diginetica
2025-06-13 19:34:31,861 - {'Epoch': 0, 'HR@5': '0.1137', 'NDCG@5': '0.0740', 'HR@10': '0.1811', 'NDCG@10': '0.0956', 'HR@20': '0.2722', 'NDCG@20': '0.1185'}
