2025-06-19 19:31:22,132 - Namespace(data_dir='data/self_processed/', output_dir='output/FEARec/', data_name='Diginetica', do_eval=False, load_model=None, train_name='FEARec_Diginetica_45', num_items=10, num_users=14829, lr=0.001, batch_size=256, epochs=200, no_cuda=False, log_freq=1, patience=10, num_workers=4, seed=45, weight_decay=0.0, adam_beta1=0.9, adam_beta2=0.999, gpu_id='0', variance=5, model_type='FEARec', max_seq_length=50, hidden_size=64, num_hidden_layers=2, hidden_act='gelu', num_attention_heads=1, attention_probs_dropout_prob=0.5, hidden_dropout_prob=0.5, initializer_range=0.02, tau=1.0, lmd=0.1, lmd_sem=0.1, ssl='us_x', sim='dot', spatial_ratio=0.1, global_ratio=0.6, fredom_type='us_x', fredom='True', cuda_condition=True, data_file='data/self_processed/Diginetica.txt', item_size=9441, checkpoint_path='output/FEARec/FEARec_Diginetica_45.pt', same_target_path='data/self_processed/Diginetica_same_target.npy')
2025-06-19 19:31:22,163 - FEARecModel(
  (item_embeddings): Embedding(9441, 64, padding_idx=0)
  (position_embeddings): Embedding(50, 64)
  (LayerNorm): LayerNorm()
  (dropout): Dropout(p=0.5, inplace=False)
  (item_encoder): FEARecEncoder(
    (blocks): ModuleList(
      (0): FEARecBlock(
        (layer): FEARecLayer(
          (dropout): Dropout(p=0.1, inplace=False)
          (attn_dropout): Dropout(p=0.5, inplace=False)
          (LayerNorm): LayerNorm()
          (out_dropout): Dropout(p=0.5, inplace=False)
          (dense): Linear(in_features=64, out_features=64, bias=True)
          (query): Linear(in_features=64, out_features=64, bias=True)
          (key): Linear(in_features=64, out_features=64, bias=True)
          (value): Linear(in_features=64, out_features=64, bias=True)
        )
        (feed_forward): FeedForward(
          (dense_1): Linear(in_features=64, out_features=256, bias=True)
          (dense_2): Linear(in_features=256, out_features=64, bias=True)
          (LayerNorm): LayerNorm()
          (dropout): Dropout(p=0.5, inplace=False)
        )
      )
      (1): FEARecBlock(
        (layer): FEARecLayer(
          (dropout): Dropout(p=0.1, inplace=False)
          (attn_dropout): Dropout(p=0.5, inplace=False)
          (LayerNorm): LayerNorm()
          (out_dropout): Dropout(p=0.5, inplace=False)
          (dense): Linear(in_features=64, out_features=64, bias=True)
          (query): Linear(in_features=64, out_features=64, bias=True)
          (key): Linear(in_features=64, out_features=64, bias=True)
          (value): Linear(in_features=64, out_features=64, bias=True)
        )
        (feed_forward): FeedForward(
          (dense_1): Linear(in_features=64, out_features=256, bias=True)
          (dense_2): Linear(in_features=256, out_features=64, bias=True)
          (LayerNorm): LayerNorm()
          (dropout): Dropout(p=0.5, inplace=False)
        )
      )
    )
  )
  (aug_nce_fct): CrossEntropyLoss()
)
2025-06-19 19:31:24,824 - Total Parameters: 707520
2025-06-19 19:32:43,944 - {'epoch': 0, 'rec_loss': '9.7304'}
2025-06-19 19:32:49,093 - {'Epoch': 0, 'HR@5': '0.0030', 'NDCG@5': '0.0017', 'HR@10': '0.0053', 'NDCG@10': '0.0025', 'HR@20': '0.0090', 'NDCG@20': '0.0034'}
2025-06-19 19:32:49,097 - Validation score increased.  Saving model ...
2025-06-19 19:34:07,102 - {'epoch': 1, 'rec_loss': '9.4481'}
2025-06-19 19:34:12,245 - {'Epoch': 1, 'HR@5': '0.0035', 'NDCG@5': '0.0020', 'HR@10': '0.0065', 'NDCG@10': '0.0030', 'HR@20': '0.0117', 'NDCG@20': '0.0043'}
2025-06-19 19:34:12,249 - Validation score increased.  Saving model ...
2025-06-19 19:35:30,433 - {'epoch': 2, 'rec_loss': '9.1904'}
2025-06-19 19:35:35,579 - {'Epoch': 2, 'HR@5': '0.0188', 'NDCG@5': '0.0129', 'HR@10': '0.0278', 'NDCG@10': '0.0158', 'HR@20': '0.0411', 'NDCG@20': '0.0191'}
2025-06-19 19:35:35,584 - Validation score increased.  Saving model ...
2025-06-19 19:36:53,542 - {'epoch': 3, 'rec_loss': '8.6773'}
2025-06-19 19:36:58,647 - {'Epoch': 3, 'HR@5': '0.0668', 'NDCG@5': '0.0436', 'HR@10': '0.0999', 'NDCG@10': '0.0542', 'HR@20': '0.1403', 'NDCG@20': '0.0644'}
2025-06-19 19:36:58,652 - Validation score increased.  Saving model ...
2025-06-19 19:38:16,607 - {'epoch': 4, 'rec_loss': '8.0712'}
2025-06-19 19:38:21,766 - {'Epoch': 4, 'HR@5': '0.0908', 'NDCG@5': '0.0585', 'HR@10': '0.1445', 'NDCG@10': '0.0758', 'HR@20': '0.2110', 'NDCG@20': '0.0926'}
2025-06-19 19:38:21,771 - Validation score increased.  Saving model ...
2025-06-19 19:39:39,727 - {'epoch': 5, 'rec_loss': '7.5381'}
2025-06-19 19:39:44,782 - {'Epoch': 5, 'HR@5': '0.1064', 'NDCG@5': '0.0698', 'HR@10': '0.1670', 'NDCG@10': '0.0893', 'HR@20': '0.2460', 'NDCG@20': '0.1092'}
2025-06-19 19:39:44,785 - Validation score increased.  Saving model ...
2025-06-19 19:41:02,800 - {'epoch': 6, 'rec_loss': '7.1473'}
2025-06-19 19:41:07,848 - {'Epoch': 6, 'HR@5': '0.1176', 'NDCG@5': '0.0764', 'HR@10': '0.1829', 'NDCG@10': '0.0974', 'HR@20': '0.2619', 'NDCG@20': '0.1173'}
2025-06-19 19:41:07,851 - Validation score increased.  Saving model ...
2025-06-19 19:42:26,027 - {'epoch': 7, 'rec_loss': '6.8473'}
2025-06-19 19:42:31,058 - {'Epoch': 7, 'HR@5': '0.1284', 'NDCG@5': '0.0829', 'HR@10': '0.1957', 'NDCG@10': '0.1045', 'HR@20': '0.2807', 'NDCG@20': '0.1259'}
2025-06-19 19:42:31,062 - Validation score increased.  Saving model ...
2025-06-19 19:43:49,203 - {'epoch': 8, 'rec_loss': '6.6227'}
2025-06-19 19:43:54,229 - {'Epoch': 8, 'HR@5': '0.1327', 'NDCG@5': '0.0873', 'HR@10': '0.2059', 'NDCG@10': '0.1108', 'HR@20': '0.2951', 'NDCG@20': '0.1333'}
2025-06-19 19:43:54,233 - Validation score increased.  Saving model ...
2025-06-19 19:45:11,999 - {'epoch': 9, 'rec_loss': '6.4387'}
2025-06-19 19:45:17,063 - {'Epoch': 9, 'HR@5': '0.1402', 'NDCG@5': '0.0910', 'HR@10': '0.2132', 'NDCG@10': '0.1145', 'HR@20': '0.3023', 'NDCG@20': '0.1370'}
2025-06-19 19:45:17,067 - Validation score increased.  Saving model ...
2025-06-19 19:46:35,805 - {'epoch': 10, 'rec_loss': '6.2856'}
2025-06-19 19:46:40,874 - {'Epoch': 10, 'HR@5': '0.1441', 'NDCG@5': '0.0951', 'HR@10': '0.2211', 'NDCG@10': '0.1199', 'HR@20': '0.3124', 'NDCG@20': '0.1429'}
2025-06-19 19:46:40,877 - Validation score increased.  Saving model ...
2025-06-19 19:47:59,753 - {'epoch': 11, 'rec_loss': '6.1688'}
2025-06-19 19:48:04,808 - {'Epoch': 11, 'HR@5': '0.1474', 'NDCG@5': '0.0973', 'HR@10': '0.2260', 'NDCG@10': '0.1227', 'HR@20': '0.3200', 'NDCG@20': '0.1464'}
2025-06-19 19:48:04,813 - Validation score increased.  Saving model ...
2025-06-19 19:49:22,808 - {'epoch': 12, 'rec_loss': '6.0606'}
2025-06-19 19:49:27,879 - {'Epoch': 12, 'HR@5': '0.1519', 'NDCG@5': '0.1006', 'HR@10': '0.2310', 'NDCG@10': '0.1261', 'HR@20': '0.3240', 'NDCG@20': '0.1496'}
2025-06-19 19:49:27,883 - Validation score increased.  Saving model ...
2025-06-19 19:50:45,776 - {'epoch': 13, 'rec_loss': '5.9651'}
2025-06-19 19:50:50,873 - {'Epoch': 13, 'HR@5': '0.1543', 'NDCG@5': '0.1024', 'HR@10': '0.2346', 'NDCG@10': '0.1282', 'HR@20': '0.3296', 'NDCG@20': '0.1523'}
2025-06-19 19:50:50,878 - Validation score increased.  Saving model ...
2025-06-19 19:52:08,578 - {'epoch': 14, 'rec_loss': '5.8879'}
2025-06-19 19:52:13,601 - {'Epoch': 14, 'HR@5': '0.1588', 'NDCG@5': '0.1045', 'HR@10': '0.2385', 'NDCG@10': '0.1302', 'HR@20': '0.3336', 'NDCG@20': '0.1542'}
2025-06-19 19:52:13,605 - Validation score increased.  Saving model ...
2025-06-19 19:53:31,406 - {'epoch': 15, 'rec_loss': '5.8173'}
2025-06-19 19:53:36,407 - {'Epoch': 15, 'HR@5': '0.1589', 'NDCG@5': '0.1046', 'HR@10': '0.2397', 'NDCG@10': '0.1306', 'HR@20': '0.3352', 'NDCG@20': '0.1548'}
2025-06-19 19:53:36,410 - Validation score increased.  Saving model ...
2025-06-19 19:54:54,221 - {'epoch': 16, 'rec_loss': '5.7513'}
2025-06-19 19:54:59,280 - {'Epoch': 16, 'HR@5': '0.1611', 'NDCG@5': '0.1061', 'HR@10': '0.2441', 'NDCG@10': '0.1328', 'HR@20': '0.3391', 'NDCG@20': '0.1568'}
2025-06-19 19:54:59,283 - Validation score increased.  Saving model ...
2025-06-19 19:56:17,180 - {'epoch': 17, 'rec_loss': '5.6944'}
2025-06-19 19:56:22,237 - {'Epoch': 17, 'HR@5': '0.1618', 'NDCG@5': '0.1060', 'HR@10': '0.2453', 'NDCG@10': '0.1329', 'HR@20': '0.3426', 'NDCG@20': '0.1576'}
2025-06-19 19:56:22,241 - Validation score increased.  Saving model ...
2025-06-19 19:57:40,368 - {'epoch': 18, 'rec_loss': '5.6449'}
2025-06-19 19:57:45,409 - {'Epoch': 18, 'HR@5': '0.1635', 'NDCG@5': '0.1080', 'HR@10': '0.2475', 'NDCG@10': '0.1351', 'HR@20': '0.3432', 'NDCG@20': '0.1593'}
2025-06-19 19:57:45,414 - Validation score increased.  Saving model ...
2025-06-19 19:59:03,477 - {'epoch': 19, 'rec_loss': '5.5906'}
2025-06-19 19:59:08,489 - {'Epoch': 19, 'HR@5': '0.1644', 'NDCG@5': '0.1083', 'HR@10': '0.2505', 'NDCG@10': '0.1361', 'HR@20': '0.3461', 'NDCG@20': '0.1603'}
2025-06-19 19:59:08,494 - Validation score increased.  Saving model ...
2025-06-19 20:00:26,564 - {'epoch': 20, 'rec_loss': '5.5497'}
2025-06-19 20:00:31,619 - {'Epoch': 20, 'HR@5': '0.1658', 'NDCG@5': '0.1093', 'HR@10': '0.2524', 'NDCG@10': '0.1372', 'HR@20': '0.3494', 'NDCG@20': '0.1617'}
2025-06-19 20:00:31,623 - Validation score increased.  Saving model ...
2025-06-19 20:01:49,281 - {'epoch': 21, 'rec_loss': '5.5090'}
2025-06-19 20:01:54,311 - {'Epoch': 21, 'HR@5': '0.1669', 'NDCG@5': '0.1094', 'HR@10': '0.2529', 'NDCG@10': '0.1372', 'HR@20': '0.3502', 'NDCG@20': '0.1618'}
2025-06-19 20:01:54,315 - Validation score increased.  Saving model ...
2025-06-19 20:03:12,077 - {'epoch': 22, 'rec_loss': '5.4779'}
2025-06-19 20:03:17,093 - {'Epoch': 22, 'HR@5': '0.1683', 'NDCG@5': '0.1102', 'HR@10': '0.2530', 'NDCG@10': '0.1375', 'HR@20': '0.3526', 'NDCG@20': '0.1626'}
2025-06-19 20:03:17,097 - Validation score increased.  Saving model ...
2025-06-19 20:04:34,939 - {'epoch': 23, 'rec_loss': '5.4415'}
2025-06-19 20:04:39,941 - {'Epoch': 23, 'HR@5': '0.1701', 'NDCG@5': '0.1115', 'HR@10': '0.2552', 'NDCG@10': '0.1388', 'HR@20': '0.3563', 'NDCG@20': '0.1643'}
2025-06-19 20:04:39,945 - Validation score increased.  Saving model ...
2025-06-19 20:05:57,787 - {'epoch': 24, 'rec_loss': '5.4110'}
2025-06-19 20:06:02,869 - {'Epoch': 24, 'HR@5': '0.1679', 'NDCG@5': '0.1109', 'HR@10': '0.2558', 'NDCG@10': '0.1392', 'HR@20': '0.3534', 'NDCG@20': '0.1639'}
2025-06-19 20:06:02,872 - EarlyStopping counter: 1 out of 10
2025-06-19 20:07:20,517 - {'epoch': 25, 'rec_loss': '5.3760'}
2025-06-19 20:07:25,574 - {'Epoch': 25, 'HR@5': '0.1700', 'NDCG@5': '0.1123', 'HR@10': '0.2550', 'NDCG@10': '0.1397', 'HR@20': '0.3575', 'NDCG@20': '0.1656'}
2025-06-19 20:07:25,581 - Validation score increased.  Saving model ...
2025-06-19 20:08:43,140 - {'epoch': 26, 'rec_loss': '5.3546'}
2025-06-19 20:08:48,214 - {'Epoch': 26, 'HR@5': '0.1722', 'NDCG@5': '0.1140', 'HR@10': '0.2579', 'NDCG@10': '0.1416', 'HR@20': '0.3578', 'NDCG@20': '0.1669'}
2025-06-19 20:08:48,218 - Validation score increased.  Saving model ...
2025-06-19 20:10:06,224 - {'epoch': 27, 'rec_loss': '5.3248'}
2025-06-19 20:10:11,283 - {'Epoch': 27, 'HR@5': '0.1712', 'NDCG@5': '0.1132', 'HR@10': '0.2569', 'NDCG@10': '0.1409', 'HR@20': '0.3581', 'NDCG@20': '0.1665'}
2025-06-19 20:10:11,287 - EarlyStopping counter: 1 out of 10
2025-06-19 20:11:29,091 - {'epoch': 28, 'rec_loss': '5.3028'}
2025-06-19 20:11:34,125 - {'Epoch': 28, 'HR@5': '0.1727', 'NDCG@5': '0.1135', 'HR@10': '0.2578', 'NDCG@10': '0.1409', 'HR@20': '0.3580', 'NDCG@20': '0.1663'}
2025-06-19 20:11:34,130 - EarlyStopping counter: 2 out of 10
2025-06-19 20:12:52,208 - {'epoch': 29, 'rec_loss': '5.2823'}
2025-06-19 20:12:57,352 - {'Epoch': 29, 'HR@5': '0.1711', 'NDCG@5': '0.1127', 'HR@10': '0.2584', 'NDCG@10': '0.1409', 'HR@20': '0.3577', 'NDCG@20': '0.1660'}
2025-06-19 20:12:57,355 - EarlyStopping counter: 3 out of 10
2025-06-19 20:14:16,467 - {'epoch': 30, 'rec_loss': '5.2548'}
2025-06-19 20:14:21,607 - {'Epoch': 30, 'HR@5': '0.1724', 'NDCG@5': '0.1144', 'HR@10': '0.2595', 'NDCG@10': '0.1425', 'HR@20': '0.3593', 'NDCG@20': '0.1678'}
2025-06-19 20:14:21,611 - Validation score increased.  Saving model ...
2025-06-19 20:15:40,587 - {'epoch': 31, 'rec_loss': '5.2415'}
2025-06-19 20:15:45,702 - {'Epoch': 31, 'HR@5': '0.1739', 'NDCG@5': '0.1143', 'HR@10': '0.2583', 'NDCG@10': '0.1415', 'HR@20': '0.3594', 'NDCG@20': '0.1671'}
2025-06-19 20:15:45,706 - EarlyStopping counter: 1 out of 10
2025-06-19 20:17:04,766 - {'epoch': 32, 'rec_loss': '5.2212'}
2025-06-19 20:17:09,826 - {'Epoch': 32, 'HR@5': '0.1739', 'NDCG@5': '0.1150', 'HR@10': '0.2623', 'NDCG@10': '0.1434', 'HR@20': '0.3624', 'NDCG@20': '0.1687'}
2025-06-19 20:17:09,830 - Validation score increased.  Saving model ...
2025-06-19 20:18:27,746 - {'epoch': 33, 'rec_loss': '5.2034'}
2025-06-19 20:18:32,792 - {'Epoch': 33, 'HR@5': '0.1743', 'NDCG@5': '0.1149', 'HR@10': '0.2607', 'NDCG@10': '0.1428', 'HR@20': '0.3615', 'NDCG@20': '0.1683'}
2025-06-19 20:18:32,796 - EarlyStopping counter: 1 out of 10
2025-06-19 20:19:50,667 - {'epoch': 34, 'rec_loss': '5.1786'}
2025-06-19 20:19:55,702 - {'Epoch': 34, 'HR@5': '0.1727', 'NDCG@5': '0.1151', 'HR@10': '0.2621', 'NDCG@10': '0.1439', 'HR@20': '0.3617', 'NDCG@20': '0.1691'}
2025-06-19 20:19:55,706 - Validation score increased.  Saving model ...
2025-06-19 20:21:13,496 - {'epoch': 35, 'rec_loss': '5.1684'}
2025-06-19 20:21:18,611 - {'Epoch': 35, 'HR@5': '0.1739', 'NDCG@5': '0.1148', 'HR@10': '0.2609', 'NDCG@10': '0.1429', 'HR@20': '0.3630', 'NDCG@20': '0.1687'}
2025-06-19 20:21:18,615 - EarlyStopping counter: 1 out of 10
2025-06-19 20:22:36,951 - {'epoch': 36, 'rec_loss': '5.1549'}
2025-06-19 20:22:42,023 - {'Epoch': 36, 'HR@5': '0.1739', 'NDCG@5': '0.1146', 'HR@10': '0.2622', 'NDCG@10': '0.1431', 'HR@20': '0.3632', 'NDCG@20': '0.1687'}
2025-06-19 20:22:42,026 - EarlyStopping counter: 2 out of 10
2025-06-19 20:24:01,962 - {'epoch': 37, 'rec_loss': '5.1391'}
2025-06-19 20:24:07,039 - {'Epoch': 37, 'HR@5': '0.1767', 'NDCG@5': '0.1167', 'HR@10': '0.2611', 'NDCG@10': '0.1439', 'HR@20': '0.3633', 'NDCG@20': '0.1697'}
2025-06-19 20:24:07,042 - Validation score increased.  Saving model ...
2025-06-19 20:25:25,289 - {'epoch': 38, 'rec_loss': '5.1296'}
2025-06-19 20:25:30,337 - {'Epoch': 38, 'HR@5': '0.1753', 'NDCG@5': '0.1156', 'HR@10': '0.2617', 'NDCG@10': '0.1435', 'HR@20': '0.3636', 'NDCG@20': '0.1692'}
2025-06-19 20:25:30,342 - EarlyStopping counter: 1 out of 10
2025-06-19 20:26:48,884 - {'epoch': 39, 'rec_loss': '5.1105'}
2025-06-19 20:26:53,933 - {'Epoch': 39, 'HR@5': '0.1757', 'NDCG@5': '0.1161', 'HR@10': '0.2625', 'NDCG@10': '0.1440', 'HR@20': '0.3636', 'NDCG@20': '0.1696'}
2025-06-19 20:26:53,936 - EarlyStopping counter: 2 out of 10
2025-06-19 20:28:12,373 - {'epoch': 40, 'rec_loss': '5.0967'}
2025-06-19 20:28:17,501 - {'Epoch': 40, 'HR@5': '0.1727', 'NDCG@5': '0.1147', 'HR@10': '0.2638', 'NDCG@10': '0.1441', 'HR@20': '0.3649', 'NDCG@20': '0.1697'}
2025-06-19 20:28:17,504 - Validation score increased.  Saving model ...
2025-06-19 20:29:35,967 - {'epoch': 41, 'rec_loss': '5.0872'}
2025-06-19 20:29:41,011 - {'Epoch': 41, 'HR@5': '0.1739', 'NDCG@5': '0.1152', 'HR@10': '0.2637', 'NDCG@10': '0.1443', 'HR@20': '0.3638', 'NDCG@20': '0.1696'}
2025-06-19 20:29:41,014 - EarlyStopping counter: 1 out of 10
2025-06-19 20:30:59,231 - {'epoch': 42, 'rec_loss': '5.0719'}
2025-06-19 20:31:04,305 - {'Epoch': 42, 'HR@5': '0.1760', 'NDCG@5': '0.1158', 'HR@10': '0.2620', 'NDCG@10': '0.1435', 'HR@20': '0.3650', 'NDCG@20': '0.1696'}
2025-06-19 20:31:04,309 - EarlyStopping counter: 2 out of 10
2025-06-19 20:32:22,565 - {'epoch': 43, 'rec_loss': '5.0638'}
2025-06-19 20:32:27,636 - {'Epoch': 43, 'HR@5': '0.1765', 'NDCG@5': '0.1161', 'HR@10': '0.2634', 'NDCG@10': '0.1441', 'HR@20': '0.3644', 'NDCG@20': '0.1697'}
2025-06-19 20:32:27,640 - EarlyStopping counter: 3 out of 10
2025-06-19 20:33:45,598 - {'epoch': 44, 'rec_loss': '5.0565'}
2025-06-19 20:33:50,700 - {'Epoch': 44, 'HR@5': '0.1765', 'NDCG@5': '0.1164', 'HR@10': '0.2640', 'NDCG@10': '0.1446', 'HR@20': '0.3657', 'NDCG@20': '0.1702'}
2025-06-19 20:33:50,705 - Validation score increased.  Saving model ...
2025-06-19 20:35:08,644 - {'epoch': 45, 'rec_loss': '5.0420'}
2025-06-19 20:35:13,660 - {'Epoch': 45, 'HR@5': '0.1747', 'NDCG@5': '0.1157', 'HR@10': '0.2626', 'NDCG@10': '0.1441', 'HR@20': '0.3654', 'NDCG@20': '0.1700'}
2025-06-19 20:35:13,664 - EarlyStopping counter: 1 out of 10
2025-06-19 20:36:32,401 - {'epoch': 46, 'rec_loss': '5.0309'}
2025-06-19 20:36:37,476 - {'Epoch': 46, 'HR@5': '0.1780', 'NDCG@5': '0.1167', 'HR@10': '0.2640', 'NDCG@10': '0.1445', 'HR@20': '0.3647', 'NDCG@20': '0.1699'}
2025-06-19 20:36:37,480 - EarlyStopping counter: 2 out of 10
2025-06-19 20:37:56,017 - {'epoch': 47, 'rec_loss': '5.0218'}
2025-06-19 20:38:01,099 - {'Epoch': 47, 'HR@5': '0.1773', 'NDCG@5': '0.1163', 'HR@10': '0.2640', 'NDCG@10': '0.1442', 'HR@20': '0.3665', 'NDCG@20': '0.1700'}
2025-06-19 20:38:01,103 - EarlyStopping counter: 3 out of 10
2025-06-19 20:39:19,293 - {'epoch': 48, 'rec_loss': '5.0155'}
2025-06-19 20:39:24,388 - {'Epoch': 48, 'HR@5': '0.1760', 'NDCG@5': '0.1158', 'HR@10': '0.2623', 'NDCG@10': '0.1437', 'HR@20': '0.3653', 'NDCG@20': '0.1697'}
2025-06-19 20:39:24,392 - EarlyStopping counter: 4 out of 10
2025-06-19 20:40:42,909 - {'epoch': 49, 'rec_loss': '5.0073'}
2025-06-19 20:40:48,031 - {'Epoch': 49, 'HR@5': '0.1776', 'NDCG@5': '0.1166', 'HR@10': '0.2633', 'NDCG@10': '0.1442', 'HR@20': '0.3649', 'NDCG@20': '0.1698'}
2025-06-19 20:40:48,036 - EarlyStopping counter: 5 out of 10
2025-06-19 20:42:05,970 - {'epoch': 50, 'rec_loss': '4.9977'}
2025-06-19 20:42:11,037 - {'Epoch': 50, 'HR@5': '0.1748', 'NDCG@5': '0.1155', 'HR@10': '0.2648', 'NDCG@10': '0.1445', 'HR@20': '0.3657', 'NDCG@20': '0.1700'}
2025-06-19 20:42:11,042 - EarlyStopping counter: 6 out of 10
2025-06-19 20:43:29,769 - {'epoch': 51, 'rec_loss': '4.9889'}
2025-06-19 20:43:34,843 - {'Epoch': 51, 'HR@5': '0.1760', 'NDCG@5': '0.1161', 'HR@10': '0.2663', 'NDCG@10': '0.1453', 'HR@20': '0.3675', 'NDCG@20': '0.1708'}
2025-06-19 20:43:34,847 - Validation score increased.  Saving model ...
2025-06-19 20:44:54,361 - {'epoch': 52, 'rec_loss': '4.9793'}
2025-06-19 20:44:59,418 - {'Epoch': 52, 'HR@5': '0.1770', 'NDCG@5': '0.1168', 'HR@10': '0.2652', 'NDCG@10': '0.1452', 'HR@20': '0.3659', 'NDCG@20': '0.1706'}
2025-06-19 20:44:59,423 - EarlyStopping counter: 1 out of 10
2025-06-19 20:46:17,479 - {'epoch': 53, 'rec_loss': '4.9720'}
2025-06-19 20:46:22,511 - {'Epoch': 53, 'HR@5': '0.1758', 'NDCG@5': '0.1157', 'HR@10': '0.2640', 'NDCG@10': '0.1442', 'HR@20': '0.3659', 'NDCG@20': '0.1699'}
2025-06-19 20:46:22,515 - EarlyStopping counter: 2 out of 10
2025-06-19 20:47:40,513 - {'epoch': 54, 'rec_loss': '4.9644'}
2025-06-19 20:47:45,599 - {'Epoch': 54, 'HR@5': '0.1748', 'NDCG@5': '0.1157', 'HR@10': '0.2632', 'NDCG@10': '0.1444', 'HR@20': '0.3668', 'NDCG@20': '0.1705'}
2025-06-19 20:47:45,604 - EarlyStopping counter: 3 out of 10
2025-06-19 20:49:04,535 - {'epoch': 55, 'rec_loss': '4.9599'}
2025-06-19 20:49:09,610 - {'Epoch': 55, 'HR@5': '0.1776', 'NDCG@5': '0.1162', 'HR@10': '0.2640', 'NDCG@10': '0.1441', 'HR@20': '0.3669', 'NDCG@20': '0.1702'}
2025-06-19 20:49:09,614 - EarlyStopping counter: 4 out of 10
2025-06-19 20:50:28,572 - {'epoch': 56, 'rec_loss': '4.9506'}
2025-06-19 20:50:33,728 - {'Epoch': 56, 'HR@5': '0.1781', 'NDCG@5': '0.1169', 'HR@10': '0.2657', 'NDCG@10': '0.1451', 'HR@20': '0.3660', 'NDCG@20': '0.1704'}
2025-06-19 20:50:33,733 - EarlyStopping counter: 5 out of 10
2025-06-19 20:51:52,691 - {'epoch': 57, 'rec_loss': '4.9429'}
2025-06-19 20:51:57,815 - {'Epoch': 57, 'HR@5': '0.1752', 'NDCG@5': '0.1152', 'HR@10': '0.2642', 'NDCG@10': '0.1439', 'HR@20': '0.3653', 'NDCG@20': '0.1695'}
2025-06-19 20:51:57,820 - EarlyStopping counter: 6 out of 10
2025-06-19 20:53:16,726 - {'epoch': 58, 'rec_loss': '4.9434'}
2025-06-19 20:53:21,814 - {'Epoch': 58, 'HR@5': '0.1771', 'NDCG@5': '0.1161', 'HR@10': '0.2658', 'NDCG@10': '0.1448', 'HR@20': '0.3671', 'NDCG@20': '0.1703'}
2025-06-19 20:53:21,817 - EarlyStopping counter: 7 out of 10
2025-06-19 20:54:40,836 - {'epoch': 59, 'rec_loss': '4.9315'}
2025-06-19 20:54:45,971 - {'Epoch': 59, 'HR@5': '0.1766', 'NDCG@5': '0.1165', 'HR@10': '0.2652', 'NDCG@10': '0.1452', 'HR@20': '0.3664', 'NDCG@20': '0.1707'}
2025-06-19 20:54:45,974 - EarlyStopping counter: 8 out of 10
2025-06-19 20:56:05,463 - {'epoch': 60, 'rec_loss': '4.9189'}
2025-06-19 20:56:10,504 - {'Epoch': 60, 'HR@5': '0.1743', 'NDCG@5': '0.1152', 'HR@10': '0.2665', 'NDCG@10': '0.1451', 'HR@20': '0.3667', 'NDCG@20': '0.1703'}
2025-06-19 20:56:10,508 - EarlyStopping counter: 9 out of 10
2025-06-19 20:57:28,990 - {'epoch': 61, 'rec_loss': '4.9182'}
2025-06-19 20:57:34,086 - {'Epoch': 61, 'HR@5': '0.1755', 'NDCG@5': '0.1159', 'HR@10': '0.2661', 'NDCG@10': '0.1450', 'HR@20': '0.3667', 'NDCG@20': '0.1704'}
2025-06-19 20:57:34,090 - EarlyStopping counter: 10 out of 10
2025-06-19 20:57:34,091 - Early stopping
2025-06-19 20:57:34,091 - ---------------Test Score---------------
2025-06-19 20:57:39,166 - {'Epoch': 0, 'HR@5': '0.1552', 'NDCG@5': '0.1010', 'HR@10': '0.2299', 'NDCG@10': '0.1250', 'HR@20': '0.3278', 'NDCG@20': '0.1496'}
2025-06-19 20:57:39,170 - FEARec_Diginetica_45
2025-06-19 20:57:39,170 - {'Epoch': 0, 'HR@5': '0.1552', 'NDCG@5': '0.1010', 'HR@10': '0.2299', 'NDCG@10': '0.1250', 'HR@20': '0.3278', 'NDCG@20': '0.1496'}
