2025-06-19 19:31:19,681 - Namespace(data_dir='data/self_processed/', output_dir='output/FEARec/', data_name='Diginetica', do_eval=False, load_model=None, train_name='FEARec_Diginetica_42', num_items=10, num_users=14829, lr=0.001, batch_size=256, epochs=200, no_cuda=False, log_freq=1, patience=10, num_workers=4, seed=42, weight_decay=0.0, adam_beta1=0.9, adam_beta2=0.999, gpu_id='0', variance=5, model_type='FEARec', max_seq_length=50, hidden_size=64, num_hidden_layers=2, hidden_act='gelu', num_attention_heads=1, attention_probs_dropout_prob=0.5, hidden_dropout_prob=0.5, initializer_range=0.02, tau=1.0, lmd=0.1, lmd_sem=0.1, ssl='us_x', sim='dot', spatial_ratio=0.1, global_ratio=0.6, fredom_type='us_x', fredom='True', cuda_condition=True, data_file='data/self_processed/Diginetica.txt', item_size=9441, checkpoint_path='output/FEARec/FEARec_Diginetica_42.pt', same_target_path='data/self_processed/Diginetica_same_target.npy')
2025-06-19 19:31:19,710 - FEARecModel(
  (item_embeddings): Embedding(9441, 64, padding_idx=0)
  (position_embeddings): Embedding(50, 64)
  (LayerNorm): LayerNorm()
  (dropout): Dropout(p=0.5, inplace=False)
  (item_encoder): FEARecEncoder(
    (blocks): ModuleList(
      (0): FEARecBlock(
        (layer): FEARecLayer(
          (dropout): Dropout(p=0.1, inplace=False)
          (attn_dropout): Dropout(p=0.5, inplace=False)
          (LayerNorm): LayerNorm()
          (out_dropout): Dropout(p=0.5, inplace=False)
          (dense): Linear(in_features=64, out_features=64, bias=True)
          (query): Linear(in_features=64, out_features=64, bias=True)
          (key): Linear(in_features=64, out_features=64, bias=True)
          (value): Linear(in_features=64, out_features=64, bias=True)
        )
        (feed_forward): FeedForward(
          (dense_1): Linear(in_features=64, out_features=256, bias=True)
          (dense_2): Linear(in_features=256, out_features=64, bias=True)
          (LayerNorm): LayerNorm()
          (dropout): Dropout(p=0.5, inplace=False)
        )
      )
      (1): FEARecBlock(
        (layer): FEARecLayer(
          (dropout): Dropout(p=0.1, inplace=False)
          (attn_dropout): Dropout(p=0.5, inplace=False)
          (LayerNorm): LayerNorm()
          (out_dropout): Dropout(p=0.5, inplace=False)
          (dense): Linear(in_features=64, out_features=64, bias=True)
          (query): Linear(in_features=64, out_features=64, bias=True)
          (key): Linear(in_features=64, out_features=64, bias=True)
          (value): Linear(in_features=64, out_features=64, bias=True)
        )
        (feed_forward): FeedForward(
          (dense_1): Linear(in_features=64, out_features=256, bias=True)
          (dense_2): Linear(in_features=256, out_features=64, bias=True)
          (LayerNorm): LayerNorm()
          (dropout): Dropout(p=0.5, inplace=False)
        )
      )
    )
  )
  (aug_nce_fct): CrossEntropyLoss()
)
2025-06-19 19:31:21,850 - Total Parameters: 707520
2025-06-19 19:32:41,494 - {'epoch': 0, 'rec_loss': '9.7133'}
2025-06-19 19:32:46,640 - {'Epoch': 0, 'HR@5': '0.0032', 'NDCG@5': '0.0019', 'HR@10': '0.0054', 'NDCG@10': '0.0026', 'HR@20': '0.0095', 'NDCG@20': '0.0036'}
2025-06-19 19:32:46,645 - Validation score increased.  Saving model ...
2025-06-19 19:34:05,750 - {'epoch': 1, 'rec_loss': '9.4332'}
2025-06-19 19:34:10,847 - {'Epoch': 1, 'HR@5': '0.0036', 'NDCG@5': '0.0021', 'HR@10': '0.0062', 'NDCG@10': '0.0029', 'HR@20': '0.0098', 'NDCG@20': '0.0038'}
2025-06-19 19:34:10,852 - Validation score increased.  Saving model ...
2025-06-19 19:35:29,721 - {'epoch': 2, 'rec_loss': '9.1605'}
2025-06-19 19:35:34,792 - {'Epoch': 2, 'HR@5': '0.0049', 'NDCG@5': '0.0035', 'HR@10': '0.0105', 'NDCG@10': '0.0053', 'HR@20': '0.0171', 'NDCG@20': '0.0070'}
2025-06-19 19:35:34,796 - Validation score increased.  Saving model ...
2025-06-19 19:36:54,591 - {'epoch': 3, 'rec_loss': '8.6708'}
2025-06-19 19:36:59,787 - {'Epoch': 3, 'HR@5': '0.0444', 'NDCG@5': '0.0299', 'HR@10': '0.0665', 'NDCG@10': '0.0370', 'HR@20': '0.0941', 'NDCG@20': '0.0440'}
2025-06-19 19:36:59,790 - Validation score increased.  Saving model ...
2025-06-19 19:38:18,743 - {'epoch': 4, 'rec_loss': '8.0600'}
2025-06-19 19:38:23,876 - {'Epoch': 4, 'HR@5': '0.0830', 'NDCG@5': '0.0542', 'HR@10': '0.1314', 'NDCG@10': '0.0697', 'HR@20': '0.1877', 'NDCG@20': '0.0839'}
2025-06-19 19:38:23,879 - Validation score increased.  Saving model ...
2025-06-19 19:39:42,788 - {'epoch': 5, 'rec_loss': '7.5420'}
2025-06-19 19:39:47,847 - {'Epoch': 5, 'HR@5': '0.1031', 'NDCG@5': '0.0671', 'HR@10': '0.1596', 'NDCG@10': '0.0852', 'HR@20': '0.2321', 'NDCG@20': '0.1036'}
2025-06-19 19:39:47,853 - Validation score increased.  Saving model ...
2025-06-19 19:41:06,970 - {'epoch': 6, 'rec_loss': '7.1549'}
2025-06-19 19:41:12,029 - {'Epoch': 6, 'HR@5': '0.1143', 'NDCG@5': '0.0747', 'HR@10': '0.1801', 'NDCG@10': '0.0958', 'HR@20': '0.2636', 'NDCG@20': '0.1169'}
2025-06-19 19:41:12,033 - Validation score increased.  Saving model ...
2025-06-19 19:42:31,013 - {'epoch': 7, 'rec_loss': '6.8619'}
2025-06-19 19:42:36,060 - {'Epoch': 7, 'HR@5': '0.1253', 'NDCG@5': '0.0820', 'HR@10': '0.1958', 'NDCG@10': '0.1046', 'HR@20': '0.2828', 'NDCG@20': '0.1266'}
2025-06-19 19:42:36,064 - Validation score increased.  Saving model ...
2025-06-19 19:43:55,240 - {'epoch': 8, 'rec_loss': '6.6410'}
2025-06-19 19:44:00,260 - {'Epoch': 8, 'HR@5': '0.1324', 'NDCG@5': '0.0865', 'HR@10': '0.2060', 'NDCG@10': '0.1102', 'HR@20': '0.2944', 'NDCG@20': '0.1325'}
2025-06-19 19:44:00,264 - Validation score increased.  Saving model ...
2025-06-19 19:45:19,185 - {'epoch': 9, 'rec_loss': '6.4563'}
2025-06-19 19:45:24,186 - {'Epoch': 9, 'HR@5': '0.1422', 'NDCG@5': '0.0919', 'HR@10': '0.2134', 'NDCG@10': '0.1148', 'HR@20': '0.3074', 'NDCG@20': '0.1386'}
2025-06-19 19:45:24,190 - Validation score increased.  Saving model ...
2025-06-19 19:46:42,955 - {'epoch': 10, 'rec_loss': '6.3087'}
2025-06-19 19:46:48,046 - {'Epoch': 10, 'HR@5': '0.1450', 'NDCG@5': '0.0952', 'HR@10': '0.2229', 'NDCG@10': '0.1203', 'HR@20': '0.3157', 'NDCG@20': '0.1438'}
2025-06-19 19:46:48,052 - Validation score increased.  Saving model ...
2025-06-19 19:48:07,031 - {'epoch': 11, 'rec_loss': '6.1877'}
2025-06-19 19:48:12,065 - {'Epoch': 11, 'HR@5': '0.1494', 'NDCG@5': '0.0978', 'HR@10': '0.2309', 'NDCG@10': '0.1241', 'HR@20': '0.3236', 'NDCG@20': '0.1475'}
2025-06-19 19:48:12,069 - Validation score increased.  Saving model ...
2025-06-19 19:49:30,999 - {'epoch': 12, 'rec_loss': '6.0778'}
2025-06-19 19:49:36,060 - {'Epoch': 12, 'HR@5': '0.1519', 'NDCG@5': '0.0999', 'HR@10': '0.2334', 'NDCG@10': '0.1262', 'HR@20': '0.3271', 'NDCG@20': '0.1499'}
2025-06-19 19:49:36,065 - Validation score increased.  Saving model ...
2025-06-19 19:50:54,852 - {'epoch': 13, 'rec_loss': '5.9854'}
2025-06-19 19:50:59,892 - {'Epoch': 13, 'HR@5': '0.1564', 'NDCG@5': '0.1020', 'HR@10': '0.2391', 'NDCG@10': '0.1287', 'HR@20': '0.3338', 'NDCG@20': '0.1526'}
2025-06-19 19:50:59,896 - Validation score increased.  Saving model ...
2025-06-19 19:52:18,591 - {'epoch': 14, 'rec_loss': '5.9104'}
2025-06-19 19:52:23,617 - {'Epoch': 14, 'HR@5': '0.1590', 'NDCG@5': '0.1033', 'HR@10': '0.2396', 'NDCG@10': '0.1293', 'HR@20': '0.3381', 'NDCG@20': '0.1542'}
2025-06-19 19:52:23,620 - Validation score increased.  Saving model ...
2025-06-19 19:53:42,950 - {'epoch': 15, 'rec_loss': '5.8375'}
2025-06-19 19:53:48,053 - {'Epoch': 15, 'HR@5': '0.1627', 'NDCG@5': '0.1065', 'HR@10': '0.2431', 'NDCG@10': '0.1323', 'HR@20': '0.3427', 'NDCG@20': '0.1575'}
2025-06-19 19:53:48,056 - Validation score increased.  Saving model ...
2025-06-19 19:55:07,165 - {'epoch': 16, 'rec_loss': '5.7736'}
2025-06-19 19:55:12,218 - {'Epoch': 16, 'HR@5': '0.1631', 'NDCG@5': '0.1066', 'HR@10': '0.2446', 'NDCG@10': '0.1329', 'HR@20': '0.3432', 'NDCG@20': '0.1579'}
2025-06-19 19:55:12,222 - Validation score increased.  Saving model ...
2025-06-19 19:56:31,233 - {'epoch': 17, 'rec_loss': '5.7172'}
2025-06-19 19:56:36,301 - {'Epoch': 17, 'HR@5': '0.1636', 'NDCG@5': '0.1081', 'HR@10': '0.2503', 'NDCG@10': '0.1360', 'HR@20': '0.3483', 'NDCG@20': '0.1608'}
2025-06-19 19:56:36,305 - Validation score increased.  Saving model ...
2025-06-19 19:57:55,281 - {'epoch': 18, 'rec_loss': '5.6622'}
2025-06-19 19:58:00,393 - {'Epoch': 18, 'HR@5': '0.1652', 'NDCG@5': '0.1084', 'HR@10': '0.2501', 'NDCG@10': '0.1359', 'HR@20': '0.3508', 'NDCG@20': '0.1613'}
2025-06-19 19:58:00,397 - Validation score increased.  Saving model ...
2025-06-19 19:59:19,246 - {'epoch': 19, 'rec_loss': '5.6147'}
2025-06-19 19:59:24,357 - {'Epoch': 19, 'HR@5': '0.1682', 'NDCG@5': '0.1101', 'HR@10': '0.2514', 'NDCG@10': '0.1369', 'HR@20': '0.3508', 'NDCG@20': '0.1620'}
2025-06-19 19:59:24,363 - Validation score increased.  Saving model ...
2025-06-19 20:00:43,361 - {'epoch': 20, 'rec_loss': '5.5707'}
2025-06-19 20:00:48,465 - {'Epoch': 20, 'HR@5': '0.1696', 'NDCG@5': '0.1112', 'HR@10': '0.2505', 'NDCG@10': '0.1372', 'HR@20': '0.3535', 'NDCG@20': '0.1633'}
2025-06-19 20:00:48,470 - Validation score increased.  Saving model ...
2025-06-19 20:02:07,641 - {'epoch': 21, 'rec_loss': '5.5275'}
2025-06-19 20:02:12,710 - {'Epoch': 21, 'HR@5': '0.1682', 'NDCG@5': '0.1111', 'HR@10': '0.2542', 'NDCG@10': '0.1387', 'HR@20': '0.3541', 'NDCG@20': '0.1640'}
2025-06-19 20:02:12,713 - Validation score increased.  Saving model ...
2025-06-19 20:03:31,925 - {'epoch': 22, 'rec_loss': '5.4932'}
2025-06-19 20:03:37,016 - {'Epoch': 22, 'HR@5': '0.1699', 'NDCG@5': '0.1122', 'HR@10': '0.2547', 'NDCG@10': '0.1395', 'HR@20': '0.3572', 'NDCG@20': '0.1655'}
2025-06-19 20:03:37,019 - Validation score increased.  Saving model ...
2025-06-19 20:06:16,750 - {'epoch': 23, 'rec_loss': '5.4671'}
2025-06-19 20:06:21,848 - {'Epoch': 23, 'HR@5': '0.1699', 'NDCG@5': '0.1116', 'HR@10': '0.2536', 'NDCG@10': '0.1386', 'HR@20': '0.3572', 'NDCG@20': '0.1648'}
2025-06-19 20:06:21,852 - EarlyStopping counter: 1 out of 10
2025-06-19 20:07:41,186 - {'epoch': 24, 'rec_loss': '5.4307'}
2025-06-19 20:07:46,294 - {'Epoch': 24, 'HR@5': '0.1720', 'NDCG@5': '0.1124', 'HR@10': '0.2561', 'NDCG@10': '0.1395', 'HR@20': '0.3605', 'NDCG@20': '0.1659'}
2025-06-19 20:07:46,298 - Validation score increased.  Saving model ...
2025-06-19 20:09:05,741 - {'epoch': 25, 'rec_loss': '5.3936'}
2025-06-19 20:09:10,812 - {'Epoch': 25, 'HR@5': '0.1737', 'NDCG@5': '0.1140', 'HR@10': '0.2584', 'NDCG@10': '0.1413', 'HR@20': '0.3586', 'NDCG@20': '0.1667'}
2025-06-19 20:09:10,816 - Validation score increased.  Saving model ...
2025-06-19 20:10:30,294 - {'epoch': 26, 'rec_loss': '5.3741'}
2025-06-19 20:10:35,372 - {'Epoch': 26, 'HR@5': '0.1728', 'NDCG@5': '0.1130', 'HR@10': '0.2582', 'NDCG@10': '0.1405', 'HR@20': '0.3611', 'NDCG@20': '0.1666'}
2025-06-19 20:10:35,377 - EarlyStopping counter: 1 out of 10
2025-06-19 20:11:54,000 - {'epoch': 27, 'rec_loss': '5.3457'}
2025-06-19 20:11:59,084 - {'Epoch': 27, 'HR@5': '0.1732', 'NDCG@5': '0.1132', 'HR@10': '0.2604', 'NDCG@10': '0.1413', 'HR@20': '0.3610', 'NDCG@20': '0.1668'}
2025-06-19 20:11:59,088 - Validation score increased.  Saving model ...
2025-06-19 20:13:17,877 - {'epoch': 28, 'rec_loss': '5.3232'}
2025-06-19 20:13:22,983 - {'Epoch': 28, 'HR@5': '0.1754', 'NDCG@5': '0.1150', 'HR@10': '0.2601', 'NDCG@10': '0.1423', 'HR@20': '0.3612', 'NDCG@20': '0.1679'}
2025-06-19 20:13:22,986 - Validation score increased.  Saving model ...
2025-06-19 20:14:42,182 - {'epoch': 29, 'rec_loss': '5.2990'}
2025-06-19 20:14:47,287 - {'Epoch': 29, 'HR@5': '0.1732', 'NDCG@5': '0.1134', 'HR@10': '0.2609', 'NDCG@10': '0.1417', 'HR@20': '0.3630', 'NDCG@20': '0.1675'}
2025-06-19 20:14:47,291 - EarlyStopping counter: 1 out of 10
2025-06-19 20:16:06,553 - {'epoch': 30, 'rec_loss': '5.2785'}
2025-06-19 20:16:11,651 - {'Epoch': 30, 'HR@5': '0.1755', 'NDCG@5': '0.1150', 'HR@10': '0.2620', 'NDCG@10': '0.1428', 'HR@20': '0.3636', 'NDCG@20': '0.1685'}
2025-06-19 20:16:11,656 - Validation score increased.  Saving model ...
2025-06-19 20:17:30,874 - {'epoch': 31, 'rec_loss': '5.2601'}
2025-06-19 20:17:35,956 - {'Epoch': 31, 'HR@5': '0.1751', 'NDCG@5': '0.1150', 'HR@10': '0.2634', 'NDCG@10': '0.1434', 'HR@20': '0.3637', 'NDCG@20': '0.1688'}
2025-06-19 20:17:35,960 - Validation score increased.  Saving model ...
2025-06-19 20:18:55,207 - {'epoch': 32, 'rec_loss': '5.2391'}
2025-06-19 20:19:00,276 - {'Epoch': 32, 'HR@5': '0.1753', 'NDCG@5': '0.1143', 'HR@10': '0.2638', 'NDCG@10': '0.1428', 'HR@20': '0.3628', 'NDCG@20': '0.1678'}
2025-06-19 20:19:00,280 - EarlyStopping counter: 1 out of 10
2025-06-19 20:20:19,598 - {'epoch': 33, 'rec_loss': '5.2234'}
2025-06-19 20:20:24,714 - {'Epoch': 33, 'HR@5': '0.1748', 'NDCG@5': '0.1142', 'HR@10': '0.2621', 'NDCG@10': '0.1423', 'HR@20': '0.3642', 'NDCG@20': '0.1682'}
2025-06-19 20:20:24,718 - EarlyStopping counter: 2 out of 10
2025-06-19 20:21:44,130 - {'epoch': 34, 'rec_loss': '5.2020'}
2025-06-19 20:21:49,266 - {'Epoch': 34, 'HR@5': '0.1750', 'NDCG@5': '0.1143', 'HR@10': '0.2638', 'NDCG@10': '0.1430', 'HR@20': '0.3649', 'NDCG@20': '0.1685'}
2025-06-19 20:21:49,269 - EarlyStopping counter: 3 out of 10
2025-06-19 20:23:10,160 - {'epoch': 35, 'rec_loss': '5.1865'}
2025-06-19 20:23:15,291 - {'Epoch': 35, 'HR@5': '0.1768', 'NDCG@5': '0.1156', 'HR@10': '0.2648', 'NDCG@10': '0.1439', 'HR@20': '0.3646', 'NDCG@20': '0.1691'}
2025-06-19 20:23:15,297 - Validation score increased.  Saving model ...
2025-06-19 20:24:34,560 - {'epoch': 36, 'rec_loss': '5.1695'}
2025-06-19 20:24:39,671 - {'Epoch': 36, 'HR@5': '0.1776', 'NDCG@5': '0.1159', 'HR@10': '0.2644', 'NDCG@10': '0.1439', 'HR@20': '0.3658', 'NDCG@20': '0.1696'}
2025-06-19 20:24:39,676 - Validation score increased.  Saving model ...
2025-06-19 20:25:59,069 - {'epoch': 37, 'rec_loss': '5.1509'}
2025-06-19 20:26:04,172 - {'Epoch': 37, 'HR@5': '0.1771', 'NDCG@5': '0.1150', 'HR@10': '0.2634', 'NDCG@10': '0.1428', 'HR@20': '0.3668', 'NDCG@20': '0.1690'}
2025-06-19 20:26:04,175 - EarlyStopping counter: 1 out of 10
2025-06-19 20:27:23,659 - {'epoch': 38, 'rec_loss': '5.1422'}
2025-06-19 20:27:28,807 - {'Epoch': 38, 'HR@5': '0.1770', 'NDCG@5': '0.1158', 'HR@10': '0.2651', 'NDCG@10': '0.1441', 'HR@20': '0.3675', 'NDCG@20': '0.1700'}
2025-06-19 20:27:28,812 - Validation score increased.  Saving model ...
2025-06-19 20:28:48,329 - {'epoch': 39, 'rec_loss': '5.1294'}
2025-06-19 20:28:53,410 - {'Epoch': 39, 'HR@5': '0.1774', 'NDCG@5': '0.1162', 'HR@10': '0.2657', 'NDCG@10': '0.1446', 'HR@20': '0.3665', 'NDCG@20': '0.1701'}
2025-06-19 20:28:53,414 - Validation score increased.  Saving model ...
2025-06-19 20:30:12,859 - {'epoch': 40, 'rec_loss': '5.1151'}
2025-06-19 20:30:17,959 - {'Epoch': 40, 'HR@5': '0.1777', 'NDCG@5': '0.1162', 'HR@10': '0.2668', 'NDCG@10': '0.1449', 'HR@20': '0.3665', 'NDCG@20': '0.1701'}
2025-06-19 20:30:17,964 - EarlyStopping counter: 1 out of 10
2025-06-19 20:31:37,021 - {'epoch': 41, 'rec_loss': '5.1007'}
2025-06-19 20:31:42,151 - {'Epoch': 41, 'HR@5': '0.1767', 'NDCG@5': '0.1159', 'HR@10': '0.2680', 'NDCG@10': '0.1454', 'HR@20': '0.3664', 'NDCG@20': '0.1703'}
2025-06-19 20:31:42,156 - Validation score increased.  Saving model ...
2025-06-19 20:33:01,268 - {'epoch': 42, 'rec_loss': '5.0949'}
2025-06-19 20:33:06,358 - {'Epoch': 42, 'HR@5': '0.1765', 'NDCG@5': '0.1151', 'HR@10': '0.2664', 'NDCG@10': '0.1441', 'HR@20': '0.3671', 'NDCG@20': '0.1695'}
2025-06-19 20:33:06,362 - EarlyStopping counter: 1 out of 10
2025-06-19 20:34:25,187 - {'epoch': 43, 'rec_loss': '5.0807'}
2025-06-19 20:34:30,316 - {'Epoch': 43, 'HR@5': '0.1770', 'NDCG@5': '0.1164', 'HR@10': '0.2647', 'NDCG@10': '0.1447', 'HR@20': '0.3657', 'NDCG@20': '0.1703'}
2025-06-19 20:34:30,320 - Validation score increased.  Saving model ...
2025-06-19 20:35:49,591 - {'epoch': 44, 'rec_loss': '5.0685'}
2025-06-19 20:35:54,704 - {'Epoch': 44, 'HR@5': '0.1761', 'NDCG@5': '0.1153', 'HR@10': '0.2669', 'NDCG@10': '0.1446', 'HR@20': '0.3653', 'NDCG@20': '0.1695'}
2025-06-19 20:35:54,709 - EarlyStopping counter: 1 out of 10
2025-06-19 20:37:14,042 - {'epoch': 45, 'rec_loss': '5.0594'}
2025-06-19 20:37:19,177 - {'Epoch': 45, 'HR@5': '0.1762', 'NDCG@5': '0.1156', 'HR@10': '0.2659', 'NDCG@10': '0.1446', 'HR@20': '0.3677', 'NDCG@20': '0.1704'}
2025-06-19 20:37:19,181 - Validation score increased.  Saving model ...
2025-06-19 20:38:38,606 - {'epoch': 46, 'rec_loss': '5.0521'}
2025-06-19 20:38:43,716 - {'Epoch': 46, 'HR@5': '0.1746', 'NDCG@5': '0.1150', 'HR@10': '0.2683', 'NDCG@10': '0.1452', 'HR@20': '0.3680', 'NDCG@20': '0.1704'}
2025-06-19 20:38:43,720 - EarlyStopping counter: 1 out of 10
2025-06-19 20:40:02,952 - {'epoch': 47, 'rec_loss': '5.0362'}
2025-06-19 20:40:08,019 - {'Epoch': 47, 'HR@5': '0.1773', 'NDCG@5': '0.1162', 'HR@10': '0.2662', 'NDCG@10': '0.1450', 'HR@20': '0.3681', 'NDCG@20': '0.1707'}
2025-06-19 20:40:08,023 - Validation score increased.  Saving model ...
2025-06-19 20:41:27,319 - {'epoch': 48, 'rec_loss': '5.0256'}
2025-06-19 20:41:32,525 - {'Epoch': 48, 'HR@5': '0.1760', 'NDCG@5': '0.1157', 'HR@10': '0.2654', 'NDCG@10': '0.1447', 'HR@20': '0.3681', 'NDCG@20': '0.1707'}
2025-06-19 20:41:32,530 - EarlyStopping counter: 1 out of 10
2025-06-19 20:42:52,029 - {'epoch': 49, 'rec_loss': '5.0237'}
2025-06-19 20:42:57,139 - {'Epoch': 49, 'HR@5': '0.1765', 'NDCG@5': '0.1156', 'HR@10': '0.2681', 'NDCG@10': '0.1451', 'HR@20': '0.3664', 'NDCG@20': '0.1699'}
2025-06-19 20:42:57,143 - EarlyStopping counter: 2 out of 10
2025-06-19 20:44:16,630 - {'epoch': 50, 'rec_loss': '5.0100'}
2025-06-19 20:44:21,733 - {'Epoch': 50, 'HR@5': '0.1744', 'NDCG@5': '0.1147', 'HR@10': '0.2667', 'NDCG@10': '0.1445', 'HR@20': '0.3683', 'NDCG@20': '0.1702'}
2025-06-19 20:44:21,737 - EarlyStopping counter: 3 out of 10
2025-06-19 20:45:40,871 - {'epoch': 51, 'rec_loss': '5.0051'}
2025-06-19 20:45:45,999 - {'Epoch': 51, 'HR@5': '0.1764', 'NDCG@5': '0.1158', 'HR@10': '0.2685', 'NDCG@10': '0.1455', 'HR@20': '0.3675', 'NDCG@20': '0.1705'}
2025-06-19 20:45:46,003 - EarlyStopping counter: 4 out of 10
2025-06-19 20:47:05,087 - {'epoch': 52, 'rec_loss': '4.9981'}
2025-06-19 20:47:10,228 - {'Epoch': 52, 'HR@5': '0.1772', 'NDCG@5': '0.1156', 'HR@10': '0.2663', 'NDCG@10': '0.1444', 'HR@20': '0.3666', 'NDCG@20': '0.1698'}
2025-06-19 20:47:10,232 - EarlyStopping counter: 5 out of 10
2025-06-19 20:48:29,680 - {'epoch': 53, 'rec_loss': '4.9897'}
2025-06-19 20:48:34,769 - {'Epoch': 53, 'HR@5': '0.1755', 'NDCG@5': '0.1150', 'HR@10': '0.2659', 'NDCG@10': '0.1442', 'HR@20': '0.3672', 'NDCG@20': '0.1698'}
2025-06-19 20:48:34,773 - EarlyStopping counter: 6 out of 10
2025-06-19 20:49:54,166 - {'epoch': 54, 'rec_loss': '4.9762'}
2025-06-19 20:49:59,283 - {'Epoch': 54, 'HR@5': '0.1760', 'NDCG@5': '0.1152', 'HR@10': '0.2675', 'NDCG@10': '0.1448', 'HR@20': '0.3661', 'NDCG@20': '0.1698'}
2025-06-19 20:49:59,286 - EarlyStopping counter: 7 out of 10
2025-06-19 20:51:18,634 - {'epoch': 55, 'rec_loss': '4.9654'}
2025-06-19 20:51:23,741 - {'Epoch': 55, 'HR@5': '0.1745', 'NDCG@5': '0.1148', 'HR@10': '0.2681', 'NDCG@10': '0.1451', 'HR@20': '0.3666', 'NDCG@20': '0.1699'}
2025-06-19 20:51:23,744 - EarlyStopping counter: 8 out of 10
2025-06-19 20:52:42,990 - {'epoch': 56, 'rec_loss': '4.9619'}
2025-06-19 20:52:48,153 - {'Epoch': 56, 'HR@5': '0.1778', 'NDCG@5': '0.1161', 'HR@10': '0.2681', 'NDCG@10': '0.1451', 'HR@20': '0.3659', 'NDCG@20': '0.1699'}
2025-06-19 20:52:48,158 - EarlyStopping counter: 9 out of 10
2025-06-19 20:54:07,297 - {'epoch': 57, 'rec_loss': '4.9583'}
2025-06-19 20:54:12,415 - {'Epoch': 57, 'HR@5': '0.1757', 'NDCG@5': '0.1153', 'HR@10': '0.2675', 'NDCG@10': '0.1449', 'HR@20': '0.3678', 'NDCG@20': '0.1703'}
2025-06-19 20:54:12,419 - EarlyStopping counter: 10 out of 10
2025-06-19 20:54:12,419 - Early stopping
2025-06-19 20:54:12,419 - ---------------Test Score---------------
2025-06-19 20:54:17,546 - {'Epoch': 0, 'HR@5': '0.1538', 'NDCG@5': '0.1014', 'HR@10': '0.2325', 'NDCG@10': '0.1267', 'HR@20': '0.3243', 'NDCG@20': '0.1499'}
2025-06-19 20:54:17,551 - FEARec_Diginetica_42
2025-06-19 20:54:17,552 - {'Epoch': 0, 'HR@5': '0.1538', 'NDCG@5': '0.1014', 'HR@10': '0.2325', 'NDCG@10': '0.1267', 'HR@20': '0.3243', 'NDCG@20': '0.1499'}
