2025-06-19 19:31:21,167 - Namespace(data_dir='data/self_processed/', output_dir='output/FEARec/', data_name='Diginetica', do_eval=False, load_model=None, train_name='FEARec_Diginetica_46', num_items=10, num_users=14829, lr=0.001, batch_size=256, epochs=200, no_cuda=False, log_freq=1, patience=10, num_workers=4, seed=46, weight_decay=0.0, adam_beta1=0.9, adam_beta2=0.999, gpu_id='0', variance=5, model_type='FEARec', max_seq_length=50, hidden_size=64, num_hidden_layers=2, hidden_act='gelu', num_attention_heads=1, attention_probs_dropout_prob=0.5, hidden_dropout_prob=0.5, initializer_range=0.02, tau=1.0, lmd=0.1, lmd_sem=0.1, ssl='us_x', sim='dot', spatial_ratio=0.1, global_ratio=0.6, fredom_type='us_x', fredom='True', cuda_condition=True, data_file='data/self_processed/Diginetica.txt', item_size=9441, checkpoint_path='output/FEARec/FEARec_Diginetica_46.pt', same_target_path='data/self_processed/Diginetica_same_target.npy')
2025-06-19 19:31:21,198 - FEARecModel(
  (item_embeddings): Embedding(9441, 64, padding_idx=0)
  (position_embeddings): Embedding(50, 64)
  (LayerNorm): LayerNorm()
  (dropout): Dropout(p=0.5, inplace=False)
  (item_encoder): FEARecEncoder(
    (blocks): ModuleList(
      (0): FEARecBlock(
        (layer): FEARecLayer(
          (dropout): Dropout(p=0.1, inplace=False)
          (attn_dropout): Dropout(p=0.5, inplace=False)
          (LayerNorm): LayerNorm()
          (out_dropout): Dropout(p=0.5, inplace=False)
          (dense): Linear(in_features=64, out_features=64, bias=True)
          (query): Linear(in_features=64, out_features=64, bias=True)
          (key): Linear(in_features=64, out_features=64, bias=True)
          (value): Linear(in_features=64, out_features=64, bias=True)
        )
        (feed_forward): FeedForward(
          (dense_1): Linear(in_features=64, out_features=256, bias=True)
          (dense_2): Linear(in_features=256, out_features=64, bias=True)
          (LayerNorm): LayerNorm()
          (dropout): Dropout(p=0.5, inplace=False)
        )
      )
      (1): FEARecBlock(
        (layer): FEARecLayer(
          (dropout): Dropout(p=0.1, inplace=False)
          (attn_dropout): Dropout(p=0.5, inplace=False)
          (LayerNorm): LayerNorm()
          (out_dropout): Dropout(p=0.5, inplace=False)
          (dense): Linear(in_features=64, out_features=64, bias=True)
          (query): Linear(in_features=64, out_features=64, bias=True)
          (key): Linear(in_features=64, out_features=64, bias=True)
          (value): Linear(in_features=64, out_features=64, bias=True)
        )
        (feed_forward): FeedForward(
          (dense_1): Linear(in_features=64, out_features=256, bias=True)
          (dense_2): Linear(in_features=256, out_features=64, bias=True)
          (LayerNorm): LayerNorm()
          (dropout): Dropout(p=0.5, inplace=False)
        )
      )
    )
  )
  (aug_nce_fct): CrossEntropyLoss()
)
2025-06-19 19:31:24,245 - Total Parameters: 707520
2025-06-19 19:32:43,644 - {'epoch': 0, 'rec_loss': '9.7150'}
2025-06-19 19:32:48,793 - {'Epoch': 0, 'HR@5': '0.0033', 'NDCG@5': '0.0019', 'HR@10': '0.0053', 'NDCG@10': '0.0025', 'HR@20': '0.0096', 'NDCG@20': '0.0036'}
2025-06-19 19:32:48,797 - Validation score increased.  Saving model ...
2025-06-19 19:34:06,674 - {'epoch': 1, 'rec_loss': '9.4323'}
2025-06-19 19:34:11,845 - {'Epoch': 1, 'HR@5': '0.0035', 'NDCG@5': '0.0020', 'HR@10': '0.0062', 'NDCG@10': '0.0028', 'HR@20': '0.0101', 'NDCG@20': '0.0038'}
2025-06-19 19:34:11,850 - Validation score increased.  Saving model ...
2025-06-19 19:35:29,987 - {'epoch': 2, 'rec_loss': '9.1493'}
2025-06-19 19:35:35,203 - {'Epoch': 2, 'HR@5': '0.0060', 'NDCG@5': '0.0040', 'HR@10': '0.0103', 'NDCG@10': '0.0054', 'HR@20': '0.0183', 'NDCG@20': '0.0074'}
2025-06-19 19:35:35,207 - Validation score increased.  Saving model ...
2025-06-19 19:36:53,750 - {'epoch': 3, 'rec_loss': '8.6458'}
2025-06-19 19:36:58,973 - {'Epoch': 3, 'HR@5': '0.0437', 'NDCG@5': '0.0290', 'HR@10': '0.0666', 'NDCG@10': '0.0363', 'HR@20': '0.0939', 'NDCG@20': '0.0432'}
2025-06-19 19:36:58,977 - Validation score increased.  Saving model ...
2025-06-19 19:38:21,049 - {'epoch': 4, 'rec_loss': '8.0610'}
2025-06-19 19:38:26,422 - {'Epoch': 4, 'HR@5': '0.0755', 'NDCG@5': '0.0494', 'HR@10': '0.1188', 'NDCG@10': '0.0633', 'HR@20': '0.1677', 'NDCG@20': '0.0756'}
2025-06-19 19:38:26,426 - Validation score increased.  Saving model ...
2025-06-19 19:39:48,921 - {'epoch': 5, 'rec_loss': '7.5556'}
2025-06-19 19:39:54,189 - {'Epoch': 5, 'HR@5': '0.1004', 'NDCG@5': '0.0656', 'HR@10': '0.1577', 'NDCG@10': '0.0841', 'HR@20': '0.2303', 'NDCG@20': '0.1024'}
2025-06-19 19:39:54,193 - Validation score increased.  Saving model ...
2025-06-19 19:41:14,459 - {'epoch': 6, 'rec_loss': '7.1743'}
2025-06-19 19:41:19,635 - {'Epoch': 6, 'HR@5': '0.1120', 'NDCG@5': '0.0730', 'HR@10': '0.1772', 'NDCG@10': '0.0939', 'HR@20': '0.2571', 'NDCG@20': '0.1140'}
2025-06-19 19:41:19,639 - Validation score increased.  Saving model ...
2025-06-19 19:42:38,866 - {'epoch': 7, 'rec_loss': '6.8865'}
2025-06-19 19:42:44,099 - {'Epoch': 7, 'HR@5': '0.1227', 'NDCG@5': '0.0801', 'HR@10': '0.1906', 'NDCG@10': '0.1020', 'HR@20': '0.2749', 'NDCG@20': '0.1232'}
2025-06-19 19:42:44,102 - Validation score increased.  Saving model ...
2025-06-19 19:44:06,062 - {'epoch': 8, 'rec_loss': '6.6570'}
2025-06-19 19:44:11,292 - {'Epoch': 8, 'HR@5': '0.1294', 'NDCG@5': '0.0843', 'HR@10': '0.2043', 'NDCG@10': '0.1084', 'HR@20': '0.2905', 'NDCG@20': '0.1301'}
2025-06-19 19:44:11,294 - Validation score increased.  Saving model ...
2025-06-19 19:45:33,714 - {'epoch': 9, 'rec_loss': '6.4750'}
2025-06-19 19:45:39,016 - {'Epoch': 9, 'HR@5': '0.1347', 'NDCG@5': '0.0879', 'HR@10': '0.2105', 'NDCG@10': '0.1123', 'HR@20': '0.2980', 'NDCG@20': '0.1343'}
2025-06-19 19:45:39,019 - Validation score increased.  Saving model ...
2025-06-19 19:46:58,731 - {'epoch': 10, 'rec_loss': '6.3261'}
2025-06-19 19:47:03,855 - {'Epoch': 10, 'HR@5': '0.1404', 'NDCG@5': '0.0919', 'HR@10': '0.2159', 'NDCG@10': '0.1162', 'HR@20': '0.3079', 'NDCG@20': '0.1395'}
2025-06-19 19:47:03,858 - Validation score increased.  Saving model ...
2025-06-19 19:48:22,758 - {'epoch': 11, 'rec_loss': '6.2016'}
2025-06-19 19:48:27,906 - {'Epoch': 11, 'HR@5': '0.1455', 'NDCG@5': '0.0953', 'HR@10': '0.2211', 'NDCG@10': '0.1197', 'HR@20': '0.3161', 'NDCG@20': '0.1437'}
2025-06-19 19:48:27,909 - Validation score increased.  Saving model ...
2025-06-19 19:49:46,750 - {'epoch': 12, 'rec_loss': '6.0966'}
2025-06-19 19:49:51,914 - {'Epoch': 12, 'HR@5': '0.1514', 'NDCG@5': '0.0986', 'HR@10': '0.2273', 'NDCG@10': '0.1230', 'HR@20': '0.3234', 'NDCG@20': '0.1472'}
2025-06-19 19:49:51,919 - Validation score increased.  Saving model ...
2025-06-19 19:51:10,757 - {'epoch': 13, 'rec_loss': '5.9980'}
2025-06-19 19:51:15,985 - {'Epoch': 13, 'HR@5': '0.1548', 'NDCG@5': '0.1016', 'HR@10': '0.2363', 'NDCG@10': '0.1277', 'HR@20': '0.3333', 'NDCG@20': '0.1522'}
2025-06-19 19:51:15,993 - Validation score increased.  Saving model ...
2025-06-19 19:52:34,913 - {'epoch': 14, 'rec_loss': '5.9211'}
2025-06-19 19:52:40,035 - {'Epoch': 14, 'HR@5': '0.1559', 'NDCG@5': '0.1027', 'HR@10': '0.2375', 'NDCG@10': '0.1289', 'HR@20': '0.3333', 'NDCG@20': '0.1531'}
2025-06-19 19:52:40,040 - Validation score increased.  Saving model ...
2025-06-19 19:53:59,120 - {'epoch': 15, 'rec_loss': '5.8460'}
2025-06-19 19:54:04,328 - {'Epoch': 15, 'HR@5': '0.1569', 'NDCG@5': '0.1030', 'HR@10': '0.2388', 'NDCG@10': '0.1294', 'HR@20': '0.3371', 'NDCG@20': '0.1543'}
2025-06-19 19:54:04,332 - Validation score increased.  Saving model ...
2025-06-19 19:55:22,790 - {'epoch': 16, 'rec_loss': '5.7809'}
2025-06-19 19:55:27,986 - {'Epoch': 16, 'HR@5': '0.1595', 'NDCG@5': '0.1048', 'HR@10': '0.2439', 'NDCG@10': '0.1320', 'HR@20': '0.3425', 'NDCG@20': '0.1569'}
2025-06-19 19:55:27,990 - Validation score increased.  Saving model ...
2025-06-19 19:56:49,344 - {'epoch': 17, 'rec_loss': '5.7237'}
2025-06-19 19:56:54,631 - {'Epoch': 17, 'HR@5': '0.1609', 'NDCG@5': '0.1055', 'HR@10': '0.2444', 'NDCG@10': '0.1323', 'HR@20': '0.3425', 'NDCG@20': '0.1571'}
2025-06-19 19:56:54,635 - Validation score increased.  Saving model ...
2025-06-19 19:58:16,815 - {'epoch': 18, 'rec_loss': '5.6749'}
2025-06-19 19:58:22,038 - {'Epoch': 18, 'HR@5': '0.1633', 'NDCG@5': '0.1077', 'HR@10': '0.2461', 'NDCG@10': '0.1343', 'HR@20': '0.3451', 'NDCG@20': '0.1594'}
2025-06-19 19:58:22,042 - Validation score increased.  Saving model ...
2025-06-19 19:59:42,226 - {'epoch': 19, 'rec_loss': '5.6250'}
2025-06-19 19:59:47,356 - {'Epoch': 19, 'HR@5': '0.1660', 'NDCG@5': '0.1085', 'HR@10': '0.2499', 'NDCG@10': '0.1355', 'HR@20': '0.3470', 'NDCG@20': '0.1600'}
2025-06-19 19:59:47,361 - Validation score increased.  Saving model ...
2025-06-19 20:01:05,348 - {'epoch': 20, 'rec_loss': '5.5797'}
2025-06-19 20:01:10,470 - {'Epoch': 20, 'HR@5': '0.1673', 'NDCG@5': '0.1101', 'HR@10': '0.2506', 'NDCG@10': '0.1369', 'HR@20': '0.3499', 'NDCG@20': '0.1620'}
2025-06-19 20:01:10,474 - Validation score increased.  Saving model ...
2025-06-19 20:02:28,397 - {'epoch': 21, 'rec_loss': '5.5411'}
2025-06-19 20:02:33,474 - {'Epoch': 21, 'HR@5': '0.1679', 'NDCG@5': '0.1102', 'HR@10': '0.2539', 'NDCG@10': '0.1378', 'HR@20': '0.3511', 'NDCG@20': '0.1624'}
2025-06-19 20:02:33,479 - Validation score increased.  Saving model ...
2025-06-19 20:03:51,424 - {'epoch': 22, 'rec_loss': '5.5034'}
2025-06-19 20:03:56,500 - {'Epoch': 22, 'HR@5': '0.1702', 'NDCG@5': '0.1115', 'HR@10': '0.2563', 'NDCG@10': '0.1392', 'HR@20': '0.3534', 'NDCG@20': '0.1637'}
2025-06-19 20:03:56,505 - Validation score increased.  Saving model ...
2025-06-19 20:06:14,598 - {'epoch': 23, 'rec_loss': '5.4681'}
2025-06-19 20:06:19,696 - {'Epoch': 23, 'HR@5': '0.1703', 'NDCG@5': '0.1127', 'HR@10': '0.2562', 'NDCG@10': '0.1403', 'HR@20': '0.3536', 'NDCG@20': '0.1649'}
2025-06-19 20:06:19,701 - Validation score increased.  Saving model ...
2025-06-19 20:07:37,562 - {'epoch': 24, 'rec_loss': '5.4360'}
2025-06-19 20:07:42,632 - {'Epoch': 24, 'HR@5': '0.1691', 'NDCG@5': '0.1118', 'HR@10': '0.2584', 'NDCG@10': '0.1405', 'HR@20': '0.3551', 'NDCG@20': '0.1650'}
2025-06-19 20:07:42,636 - Validation score increased.  Saving model ...
2025-06-19 20:09:00,334 - {'epoch': 25, 'rec_loss': '5.4058'}
2025-06-19 20:09:05,370 - {'Epoch': 25, 'HR@5': '0.1689', 'NDCG@5': '0.1122', 'HR@10': '0.2591', 'NDCG@10': '0.1413', 'HR@20': '0.3553', 'NDCG@20': '0.1656'}
2025-06-19 20:09:05,374 - Validation score increased.  Saving model ...
2025-06-19 20:10:23,177 - {'epoch': 26, 'rec_loss': '5.3805'}
2025-06-19 20:10:28,254 - {'Epoch': 26, 'HR@5': '0.1709', 'NDCG@5': '0.1133', 'HR@10': '0.2586', 'NDCG@10': '0.1414', 'HR@20': '0.3572', 'NDCG@20': '0.1663'}
2025-06-19 20:10:28,258 - Validation score increased.  Saving model ...
2025-06-19 20:11:45,989 - {'epoch': 27, 'rec_loss': '5.3583'}
2025-06-19 20:11:51,045 - {'Epoch': 27, 'HR@5': '0.1710', 'NDCG@5': '0.1124', 'HR@10': '0.2592', 'NDCG@10': '0.1407', 'HR@20': '0.3559', 'NDCG@20': '0.1652'}
2025-06-19 20:11:51,049 - EarlyStopping counter: 1 out of 10
2025-06-19 20:13:08,715 - {'epoch': 28, 'rec_loss': '5.3282'}
2025-06-19 20:13:13,735 - {'Epoch': 28, 'HR@5': '0.1738', 'NDCG@5': '0.1138', 'HR@10': '0.2599', 'NDCG@10': '0.1415', 'HR@20': '0.3592', 'NDCG@20': '0.1666'}
2025-06-19 20:13:13,739 - Validation score increased.  Saving model ...
2025-06-19 20:14:31,308 - {'epoch': 29, 'rec_loss': '5.3027'}
2025-06-19 20:14:36,349 - {'Epoch': 29, 'HR@5': '0.1733', 'NDCG@5': '0.1138', 'HR@10': '0.2613', 'NDCG@10': '0.1421', 'HR@20': '0.3600', 'NDCG@20': '0.1670'}
2025-06-19 20:14:36,352 - Validation score increased.  Saving model ...
2025-06-19 20:15:55,303 - {'epoch': 30, 'rec_loss': '5.2868'}
2025-06-19 20:16:00,401 - {'Epoch': 30, 'HR@5': '0.1718', 'NDCG@5': '0.1135', 'HR@10': '0.2594', 'NDCG@10': '0.1417', 'HR@20': '0.3587', 'NDCG@20': '0.1669'}
2025-06-19 20:16:00,407 - EarlyStopping counter: 1 out of 10
2025-06-19 20:17:20,166 - {'epoch': 31, 'rec_loss': '5.2648'}
2025-06-19 20:17:25,321 - {'Epoch': 31, 'HR@5': '0.1735', 'NDCG@5': '0.1144', 'HR@10': '0.2605', 'NDCG@10': '0.1425', 'HR@20': '0.3607', 'NDCG@20': '0.1679'}
2025-06-19 20:17:25,326 - Validation score increased.  Saving model ...
2025-06-19 20:18:45,265 - {'epoch': 32, 'rec_loss': '5.2439'}
2025-06-19 20:18:50,395 - {'Epoch': 32, 'HR@5': '0.1742', 'NDCG@5': '0.1147', 'HR@10': '0.2607', 'NDCG@10': '0.1425', 'HR@20': '0.3604', 'NDCG@20': '0.1678'}
2025-06-19 20:18:50,398 - EarlyStopping counter: 1 out of 10
2025-06-19 20:20:10,024 - {'epoch': 33, 'rec_loss': '5.2265'}
2025-06-19 20:20:15,241 - {'Epoch': 33, 'HR@5': '0.1738', 'NDCG@5': '0.1146', 'HR@10': '0.2617', 'NDCG@10': '0.1429', 'HR@20': '0.3631', 'NDCG@20': '0.1686'}
2025-06-19 20:20:15,244 - Validation score increased.  Saving model ...
2025-06-19 20:21:34,928 - {'epoch': 34, 'rec_loss': '5.2096'}
2025-06-19 20:21:40,138 - {'Epoch': 34, 'HR@5': '0.1762', 'NDCG@5': '0.1158', 'HR@10': '0.2625', 'NDCG@10': '0.1436', 'HR@20': '0.3618', 'NDCG@20': '0.1687'}
2025-06-19 20:21:40,141 - Validation score increased.  Saving model ...
2025-06-19 20:23:00,903 - {'epoch': 35, 'rec_loss': '5.1894'}
2025-06-19 20:23:06,079 - {'Epoch': 35, 'HR@5': '0.1735', 'NDCG@5': '0.1145', 'HR@10': '0.2621', 'NDCG@10': '0.1432', 'HR@20': '0.3630', 'NDCG@20': '0.1687'}
2025-06-19 20:23:06,084 - Validation score increased.  Saving model ...
2025-06-19 20:24:25,610 - {'epoch': 36, 'rec_loss': '5.1794'}
2025-06-19 20:24:30,687 - {'Epoch': 36, 'HR@5': '0.1746', 'NDCG@5': '0.1152', 'HR@10': '0.2617', 'NDCG@10': '0.1433', 'HR@20': '0.3627', 'NDCG@20': '0.1688'}
2025-06-19 20:24:30,692 - Validation score increased.  Saving model ...
2025-06-19 20:25:49,822 - {'epoch': 37, 'rec_loss': '5.1664'}
2025-06-19 20:25:54,917 - {'Epoch': 37, 'HR@5': '0.1740', 'NDCG@5': '0.1151', 'HR@10': '0.2636', 'NDCG@10': '0.1440', 'HR@20': '0.3631', 'NDCG@20': '0.1692'}
2025-06-19 20:25:54,922 - Validation score increased.  Saving model ...
2025-06-19 20:27:14,179 - {'epoch': 38, 'rec_loss': '5.1484'}
2025-06-19 20:27:19,326 - {'Epoch': 38, 'HR@5': '0.1752', 'NDCG@5': '0.1152', 'HR@10': '0.2663', 'NDCG@10': '0.1444', 'HR@20': '0.3633', 'NDCG@20': '0.1689'}
2025-06-19 20:27:19,329 - EarlyStopping counter: 1 out of 10
2025-06-19 20:28:38,672 - {'epoch': 39, 'rec_loss': '5.1320'}
2025-06-19 20:28:43,819 - {'Epoch': 39, 'HR@5': '0.1733', 'NDCG@5': '0.1150', 'HR@10': '0.2658', 'NDCG@10': '0.1448', 'HR@20': '0.3636', 'NDCG@20': '0.1695'}
2025-06-19 20:28:43,824 - Validation score increased.  Saving model ...
2025-06-19 20:30:03,156 - {'epoch': 40, 'rec_loss': '5.1242'}
2025-06-19 20:30:08,289 - {'Epoch': 40, 'HR@5': '0.1753', 'NDCG@5': '0.1155', 'HR@10': '0.2646', 'NDCG@10': '0.1442', 'HR@20': '0.3644', 'NDCG@20': '0.1695'}
2025-06-19 20:30:08,292 - Validation score increased.  Saving model ...
2025-06-19 20:31:27,470 - {'epoch': 41, 'rec_loss': '5.1122'}
2025-06-19 20:31:32,590 - {'Epoch': 41, 'HR@5': '0.1753', 'NDCG@5': '0.1159', 'HR@10': '0.2638', 'NDCG@10': '0.1445', 'HR@20': '0.3641', 'NDCG@20': '0.1699'}
2025-06-19 20:31:32,593 - Validation score increased.  Saving model ...
2025-06-19 20:32:51,649 - {'epoch': 42, 'rec_loss': '5.0931'}
2025-06-19 20:32:56,848 - {'Epoch': 42, 'HR@5': '0.1741', 'NDCG@5': '0.1152', 'HR@10': '0.2638', 'NDCG@10': '0.1441', 'HR@20': '0.3648', 'NDCG@20': '0.1696'}
2025-06-19 20:32:56,853 - EarlyStopping counter: 1 out of 10
2025-06-19 20:34:16,470 - {'epoch': 43, 'rec_loss': '5.0879'}
2025-06-19 20:34:21,618 - {'Epoch': 43, 'HR@5': '0.1763', 'NDCG@5': '0.1156', 'HR@10': '0.2627', 'NDCG@10': '0.1435', 'HR@20': '0.3643', 'NDCG@20': '0.1692'}
2025-06-19 20:34:21,622 - EarlyStopping counter: 2 out of 10
2025-06-19 20:35:40,858 - {'epoch': 44, 'rec_loss': '5.0760'}
2025-06-19 20:35:46,009 - {'Epoch': 44, 'HR@5': '0.1749', 'NDCG@5': '0.1152', 'HR@10': '0.2645', 'NDCG@10': '0.1441', 'HR@20': '0.3644', 'NDCG@20': '0.1693'}
2025-06-19 20:35:46,013 - EarlyStopping counter: 3 out of 10
2025-06-19 20:37:05,126 - {'epoch': 45, 'rec_loss': '5.0672'}
2025-06-19 20:37:10,253 - {'Epoch': 45, 'HR@5': '0.1747', 'NDCG@5': '0.1154', 'HR@10': '0.2664', 'NDCG@10': '0.1450', 'HR@20': '0.3655', 'NDCG@20': '0.1700'}
2025-06-19 20:37:10,256 - Validation score increased.  Saving model ...
2025-06-19 20:38:29,431 - {'epoch': 46, 'rec_loss': '5.0537'}
2025-06-19 20:38:34,533 - {'Epoch': 46, 'HR@5': '0.1744', 'NDCG@5': '0.1150', 'HR@10': '0.2646', 'NDCG@10': '0.1442', 'HR@20': '0.3649', 'NDCG@20': '0.1695'}
2025-06-19 20:38:34,539 - EarlyStopping counter: 1 out of 10
2025-06-19 20:39:53,887 - {'epoch': 47, 'rec_loss': '5.0456'}
2025-06-19 20:39:59,029 - {'Epoch': 47, 'HR@5': '0.1749', 'NDCG@5': '0.1155', 'HR@10': '0.2656', 'NDCG@10': '0.1448', 'HR@20': '0.3655', 'NDCG@20': '0.1700'}
2025-06-19 20:39:59,033 - EarlyStopping counter: 2 out of 10
2025-06-19 20:41:18,204 - {'epoch': 48, 'rec_loss': '5.0322'}
2025-06-19 20:41:23,371 - {'Epoch': 48, 'HR@5': '0.1733', 'NDCG@5': '0.1145', 'HR@10': '0.2637', 'NDCG@10': '0.1437', 'HR@20': '0.3621', 'NDCG@20': '0.1687'}
2025-06-19 20:41:23,374 - EarlyStopping counter: 3 out of 10
2025-06-19 20:42:42,451 - {'epoch': 49, 'rec_loss': '5.0192'}
2025-06-19 20:42:47,641 - {'Epoch': 49, 'HR@5': '0.1753', 'NDCG@5': '0.1157', 'HR@10': '0.2656', 'NDCG@10': '0.1448', 'HR@20': '0.3646', 'NDCG@20': '0.1698'}
2025-06-19 20:42:47,644 - EarlyStopping counter: 4 out of 10
2025-06-19 20:44:06,504 - {'epoch': 50, 'rec_loss': '5.0142'}
2025-06-19 20:44:11,709 - {'Epoch': 50, 'HR@5': '0.1762', 'NDCG@5': '0.1162', 'HR@10': '0.2656', 'NDCG@10': '0.1450', 'HR@20': '0.3659', 'NDCG@20': '0.1704'}
2025-06-19 20:44:11,715 - Validation score increased.  Saving model ...
2025-06-19 20:45:31,363 - {'epoch': 51, 'rec_loss': '5.0067'}
2025-06-19 20:45:36,491 - {'Epoch': 51, 'HR@5': '0.1749', 'NDCG@5': '0.1153', 'HR@10': '0.2646', 'NDCG@10': '0.1443', 'HR@20': '0.3666', 'NDCG@20': '0.1700'}
2025-06-19 20:45:36,495 - EarlyStopping counter: 1 out of 10
2025-06-19 20:46:55,714 - {'epoch': 52, 'rec_loss': '4.9988'}
2025-06-19 20:47:00,849 - {'Epoch': 52, 'HR@5': '0.1751', 'NDCG@5': '0.1153', 'HR@10': '0.2656', 'NDCG@10': '0.1446', 'HR@20': '0.3646', 'NDCG@20': '0.1696'}
2025-06-19 20:47:00,856 - EarlyStopping counter: 2 out of 10
2025-06-19 20:48:19,846 - {'epoch': 53, 'rec_loss': '4.9917'}
2025-06-19 20:48:24,977 - {'Epoch': 53, 'HR@5': '0.1780', 'NDCG@5': '0.1167', 'HR@10': '0.2656', 'NDCG@10': '0.1449', 'HR@20': '0.3663', 'NDCG@20': '0.1703'}
2025-06-19 20:48:24,981 - EarlyStopping counter: 3 out of 10
2025-06-19 20:49:43,949 - {'epoch': 54, 'rec_loss': '4.9829'}
2025-06-19 20:49:49,067 - {'Epoch': 54, 'HR@5': '0.1743', 'NDCG@5': '0.1155', 'HR@10': '0.2661', 'NDCG@10': '0.1452', 'HR@20': '0.3672', 'NDCG@20': '0.1707'}
2025-06-19 20:49:49,071 - Validation score increased.  Saving model ...
2025-06-19 20:51:08,652 - {'epoch': 55, 'rec_loss': '4.9769'}
2025-06-19 20:51:13,787 - {'Epoch': 55, 'HR@5': '0.1766', 'NDCG@5': '0.1170', 'HR@10': '0.2652', 'NDCG@10': '0.1456', 'HR@20': '0.3657', 'NDCG@20': '0.1710'}
2025-06-19 20:51:13,791 - Validation score increased.  Saving model ...
2025-06-19 20:52:33,014 - {'epoch': 56, 'rec_loss': '4.9667'}
2025-06-19 20:52:38,185 - {'Epoch': 56, 'HR@5': '0.1749', 'NDCG@5': '0.1153', 'HR@10': '0.2649', 'NDCG@10': '0.1443', 'HR@20': '0.3659', 'NDCG@20': '0.1699'}
2025-06-19 20:52:38,189 - EarlyStopping counter: 1 out of 10
2025-06-19 20:53:57,181 - {'epoch': 57, 'rec_loss': '4.9579'}
2025-06-19 20:54:02,284 - {'Epoch': 57, 'HR@5': '0.1747', 'NDCG@5': '0.1156', 'HR@10': '0.2673', 'NDCG@10': '0.1455', 'HR@20': '0.3655', 'NDCG@20': '0.1703'}
2025-06-19 20:54:02,288 - EarlyStopping counter: 2 out of 10
2025-06-19 20:55:21,527 - {'epoch': 58, 'rec_loss': '4.9498'}
2025-06-19 20:55:26,662 - {'Epoch': 58, 'HR@5': '0.1741', 'NDCG@5': '0.1148', 'HR@10': '0.2660', 'NDCG@10': '0.1445', 'HR@20': '0.3663', 'NDCG@20': '0.1698'}
2025-06-19 20:55:26,666 - EarlyStopping counter: 3 out of 10
2025-06-19 20:56:46,025 - {'epoch': 59, 'rec_loss': '4.9496'}
2025-06-19 20:56:51,204 - {'Epoch': 59, 'HR@5': '0.1764', 'NDCG@5': '0.1155', 'HR@10': '0.2680', 'NDCG@10': '0.1451', 'HR@20': '0.3674', 'NDCG@20': '0.1700'}
2025-06-19 20:56:51,208 - EarlyStopping counter: 4 out of 10
2025-06-19 20:58:10,640 - {'epoch': 60, 'rec_loss': '4.9405'}
2025-06-19 20:58:15,755 - {'Epoch': 60, 'HR@5': '0.1763', 'NDCG@5': '0.1160', 'HR@10': '0.2682', 'NDCG@10': '0.1456', 'HR@20': '0.3659', 'NDCG@20': '0.1703'}
2025-06-19 20:58:15,762 - EarlyStopping counter: 5 out of 10
2025-06-19 20:59:34,857 - {'epoch': 61, 'rec_loss': '4.9358'}
2025-06-19 20:59:39,987 - {'Epoch': 61, 'HR@5': '0.1753', 'NDCG@5': '0.1157', 'HR@10': '0.2669', 'NDCG@10': '0.1454', 'HR@20': '0.3673', 'NDCG@20': '0.1707'}
2025-06-19 20:59:39,991 - EarlyStopping counter: 6 out of 10
2025-06-19 21:00:59,037 - {'epoch': 62, 'rec_loss': '4.9250'}
2025-06-19 21:01:04,153 - {'Epoch': 62, 'HR@5': '0.1751', 'NDCG@5': '0.1153', 'HR@10': '0.2663', 'NDCG@10': '0.1447', 'HR@20': '0.3665', 'NDCG@20': '0.1700'}
2025-06-19 21:01:04,157 - EarlyStopping counter: 7 out of 10
2025-06-19 21:02:23,621 - {'epoch': 63, 'rec_loss': '4.9229'}
2025-06-19 21:02:28,810 - {'Epoch': 63, 'HR@5': '0.1768', 'NDCG@5': '0.1161', 'HR@10': '0.2681', 'NDCG@10': '0.1455', 'HR@20': '0.3663', 'NDCG@20': '0.1703'}
2025-06-19 21:02:28,814 - EarlyStopping counter: 8 out of 10
2025-06-19 21:03:47,852 - {'epoch': 64, 'rec_loss': '4.9118'}
2025-06-19 21:03:52,993 - {'Epoch': 64, 'HR@5': '0.1760', 'NDCG@5': '0.1160', 'HR@10': '0.2681', 'NDCG@10': '0.1457', 'HR@20': '0.3678', 'NDCG@20': '0.1708'}
2025-06-19 21:03:52,998 - EarlyStopping counter: 9 out of 10
2025-06-19 21:05:11,600 - {'epoch': 65, 'rec_loss': '4.9120'}
2025-06-19 21:05:16,711 - {'Epoch': 65, 'HR@5': '0.1758', 'NDCG@5': '0.1159', 'HR@10': '0.2670', 'NDCG@10': '0.1452', 'HR@20': '0.3667', 'NDCG@20': '0.1704'}
2025-06-19 21:05:16,715 - EarlyStopping counter: 10 out of 10
2025-06-19 21:05:16,715 - Early stopping
2025-06-19 21:05:16,716 - ---------------Test Score---------------
2025-06-19 21:05:21,834 - {'Epoch': 0, 'HR@5': '0.1531', 'NDCG@5': '0.0999', 'HR@10': '0.2307', 'NDCG@10': '0.1249', 'HR@20': '0.3289', 'NDCG@20': '0.1497'}
2025-06-19 21:05:21,838 - FEARec_Diginetica_46
2025-06-19 21:05:21,838 - {'Epoch': 0, 'HR@5': '0.1531', 'NDCG@5': '0.0999', 'HR@10': '0.2307', 'NDCG@10': '0.1249', 'HR@20': '0.3289', 'NDCG@20': '0.1497'}
