2025-06-19 19:31:22,334 - Namespace(data_dir='data/self_processed/', output_dir='output/FEARec/', data_name='Diginetica', do_eval=False, load_model=None, train_name='FEARec_Diginetica_43', num_items=10, num_users=14829, lr=0.001, batch_size=256, epochs=200, no_cuda=False, log_freq=1, patience=10, num_workers=4, seed=43, weight_decay=0.0, adam_beta1=0.9, adam_beta2=0.999, gpu_id='0', variance=5, model_type='FEARec', max_seq_length=50, hidden_size=64, num_hidden_layers=2, hidden_act='gelu', num_attention_heads=1, attention_probs_dropout_prob=0.5, hidden_dropout_prob=0.5, initializer_range=0.02, tau=1.0, lmd=0.1, lmd_sem=0.1, ssl='us_x', sim='dot', spatial_ratio=0.1, global_ratio=0.6, fredom_type='us_x', fredom='True', cuda_condition=True, data_file='data/self_processed/Diginetica.txt', item_size=9441, checkpoint_path='output/FEARec/FEARec_Diginetica_43.pt', same_target_path='data/self_processed/Diginetica_same_target.npy')
2025-06-19 19:31:22,382 - FEARecModel(
  (item_embeddings): Embedding(9441, 64, padding_idx=0)
  (position_embeddings): Embedding(50, 64)
  (LayerNorm): LayerNorm()
  (dropout): Dropout(p=0.5, inplace=False)
  (item_encoder): FEARecEncoder(
    (blocks): ModuleList(
      (0): FEARecBlock(
        (layer): FEARecLayer(
          (dropout): Dropout(p=0.1, inplace=False)
          (attn_dropout): Dropout(p=0.5, inplace=False)
          (LayerNorm): LayerNorm()
          (out_dropout): Dropout(p=0.5, inplace=False)
          (dense): Linear(in_features=64, out_features=64, bias=True)
          (query): Linear(in_features=64, out_features=64, bias=True)
          (key): Linear(in_features=64, out_features=64, bias=True)
          (value): Linear(in_features=64, out_features=64, bias=True)
        )
        (feed_forward): FeedForward(
          (dense_1): Linear(in_features=64, out_features=256, bias=True)
          (dense_2): Linear(in_features=256, out_features=64, bias=True)
          (LayerNorm): LayerNorm()
          (dropout): Dropout(p=0.5, inplace=False)
        )
      )
      (1): FEARecBlock(
        (layer): FEARecLayer(
          (dropout): Dropout(p=0.1, inplace=False)
          (attn_dropout): Dropout(p=0.5, inplace=False)
          (LayerNorm): LayerNorm()
          (out_dropout): Dropout(p=0.5, inplace=False)
          (dense): Linear(in_features=64, out_features=64, bias=True)
          (query): Linear(in_features=64, out_features=64, bias=True)
          (key): Linear(in_features=64, out_features=64, bias=True)
          (value): Linear(in_features=64, out_features=64, bias=True)
        )
        (feed_forward): FeedForward(
          (dense_1): Linear(in_features=64, out_features=256, bias=True)
          (dense_2): Linear(in_features=256, out_features=64, bias=True)
          (LayerNorm): LayerNorm()
          (dropout): Dropout(p=0.5, inplace=False)
        )
      )
    )
  )
  (aug_nce_fct): CrossEntropyLoss()
)
2025-06-19 19:31:26,118 - Total Parameters: 707520
2025-06-19 19:32:46,213 - {'epoch': 0, 'rec_loss': '9.7129'}
2025-06-19 19:32:51,390 - {'Epoch': 0, 'HR@5': '0.0033', 'NDCG@5': '0.0019', 'HR@10': '0.0055', 'NDCG@10': '0.0026', 'HR@20': '0.0092', 'NDCG@20': '0.0035'}
2025-06-19 19:32:51,395 - Validation score increased.  Saving model ...
2025-06-19 19:34:10,039 - {'epoch': 1, 'rec_loss': '9.4426'}
2025-06-19 19:34:15,214 - {'Epoch': 1, 'HR@5': '0.0032', 'NDCG@5': '0.0020', 'HR@10': '0.0061', 'NDCG@10': '0.0030', 'HR@20': '0.0098', 'NDCG@20': '0.0039'}
2025-06-19 19:34:15,218 - Validation score increased.  Saving model ...
2025-06-19 19:35:34,002 - {'epoch': 2, 'rec_loss': '9.1549'}
2025-06-19 19:35:39,291 - {'Epoch': 2, 'HR@5': '0.0076', 'NDCG@5': '0.0046', 'HR@10': '0.0135', 'NDCG@10': '0.0065', 'HR@20': '0.0212', 'NDCG@20': '0.0085'}
2025-06-19 19:35:39,295 - Validation score increased.  Saving model ...
2025-06-19 19:36:58,151 - {'epoch': 3, 'rec_loss': '8.6377'}
2025-06-19 19:37:03,385 - {'Epoch': 3, 'HR@5': '0.0477', 'NDCG@5': '0.0319', 'HR@10': '0.0728', 'NDCG@10': '0.0400', 'HR@20': '0.1033', 'NDCG@20': '0.0477'}
2025-06-19 19:37:03,389 - Validation score increased.  Saving model ...
2025-06-19 19:38:22,248 - {'epoch': 4, 'rec_loss': '8.0443'}
2025-06-19 19:38:27,428 - {'Epoch': 4, 'HR@5': '0.0821', 'NDCG@5': '0.0534', 'HR@10': '0.1278', 'NDCG@10': '0.0681', 'HR@20': '0.1832', 'NDCG@20': '0.0821'}
2025-06-19 19:38:27,433 - Validation score increased.  Saving model ...
2025-06-19 19:39:46,139 - {'epoch': 5, 'rec_loss': '7.5485'}
2025-06-19 19:39:51,252 - {'Epoch': 5, 'HR@5': '0.1005', 'NDCG@5': '0.0654', 'HR@10': '0.1581', 'NDCG@10': '0.0839', 'HR@20': '0.2304', 'NDCG@20': '0.1022'}
2025-06-19 19:39:51,256 - Validation score increased.  Saving model ...
2025-06-19 19:41:10,116 - {'epoch': 6, 'rec_loss': '7.1663'}
2025-06-19 19:41:15,228 - {'Epoch': 6, 'HR@5': '0.1133', 'NDCG@5': '0.0735', 'HR@10': '0.1780', 'NDCG@10': '0.0943', 'HR@20': '0.2567', 'NDCG@20': '0.1142'}
2025-06-19 19:41:15,232 - Validation score increased.  Saving model ...
2025-06-19 19:42:34,131 - {'epoch': 7, 'rec_loss': '6.8826'}
2025-06-19 19:42:39,233 - {'Epoch': 7, 'HR@5': '0.1241', 'NDCG@5': '0.0803', 'HR@10': '0.1911', 'NDCG@10': '0.1020', 'HR@20': '0.2769', 'NDCG@20': '0.1236'}
2025-06-19 19:42:39,237 - Validation score increased.  Saving model ...
2025-06-19 19:43:57,878 - {'epoch': 8, 'rec_loss': '6.6600'}
2025-06-19 19:44:02,976 - {'Epoch': 8, 'HR@5': '0.1312', 'NDCG@5': '0.0849', 'HR@10': '0.2010', 'NDCG@10': '0.1073', 'HR@20': '0.2887', 'NDCG@20': '0.1294'}
2025-06-19 19:44:02,980 - Validation score increased.  Saving model ...
2025-06-19 19:45:21,625 - {'epoch': 9, 'rec_loss': '6.4744'}
2025-06-19 19:45:26,749 - {'Epoch': 9, 'HR@5': '0.1392', 'NDCG@5': '0.0913', 'HR@10': '0.2145', 'NDCG@10': '0.1156', 'HR@20': '0.3041', 'NDCG@20': '0.1382'}
2025-06-19 19:45:26,753 - Validation score increased.  Saving model ...
2025-06-19 19:46:45,408 - {'epoch': 10, 'rec_loss': '6.3243'}
2025-06-19 19:46:50,549 - {'Epoch': 10, 'HR@5': '0.1436', 'NDCG@5': '0.0943', 'HR@10': '0.2198', 'NDCG@10': '0.1189', 'HR@20': '0.3133', 'NDCG@20': '0.1425'}
2025-06-19 19:46:50,554 - Validation score increased.  Saving model ...
2025-06-19 19:48:09,350 - {'epoch': 11, 'rec_loss': '6.2023'}
2025-06-19 19:48:14,408 - {'Epoch': 11, 'HR@5': '0.1471', 'NDCG@5': '0.0960', 'HR@10': '0.2237', 'NDCG@10': '0.1207', 'HR@20': '0.3176', 'NDCG@20': '0.1444'}
2025-06-19 19:48:14,411 - Validation score increased.  Saving model ...
2025-06-19 19:49:33,173 - {'epoch': 12, 'rec_loss': '6.0975'}
2025-06-19 19:49:38,286 - {'Epoch': 12, 'HR@5': '0.1525', 'NDCG@5': '0.1004', 'HR@10': '0.2307', 'NDCG@10': '0.1255', 'HR@20': '0.3278', 'NDCG@20': '0.1500'}
2025-06-19 19:49:38,291 - Validation score increased.  Saving model ...
2025-06-19 19:50:57,374 - {'epoch': 13, 'rec_loss': '6.0067'}
2025-06-19 19:51:02,481 - {'Epoch': 13, 'HR@5': '0.1542', 'NDCG@5': '0.1016', 'HR@10': '0.2339', 'NDCG@10': '0.1274', 'HR@20': '0.3327', 'NDCG@20': '0.1523'}
2025-06-19 19:51:02,486 - Validation score increased.  Saving model ...
2025-06-19 19:52:21,616 - {'epoch': 14, 'rec_loss': '5.9163'}
2025-06-19 19:52:26,701 - {'Epoch': 14, 'HR@5': '0.1551', 'NDCG@5': '0.1022', 'HR@10': '0.2389', 'NDCG@10': '0.1291', 'HR@20': '0.3368', 'NDCG@20': '0.1539'}
2025-06-19 19:52:26,706 - Validation score increased.  Saving model ...
2025-06-19 19:53:45,750 - {'epoch': 15, 'rec_loss': '5.8479'}
2025-06-19 19:53:50,869 - {'Epoch': 15, 'HR@5': '0.1579', 'NDCG@5': '0.1047', 'HR@10': '0.2448', 'NDCG@10': '0.1328', 'HR@20': '0.3408', 'NDCG@20': '0.1571'}
2025-06-19 19:53:50,873 - Validation score increased.  Saving model ...
2025-06-19 19:55:09,622 - {'epoch': 16, 'rec_loss': '5.7868'}
2025-06-19 19:55:14,664 - {'Epoch': 16, 'HR@5': '0.1608', 'NDCG@5': '0.1063', 'HR@10': '0.2464', 'NDCG@10': '0.1339', 'HR@20': '0.3439', 'NDCG@20': '0.1586'}
2025-06-19 19:55:14,668 - Validation score increased.  Saving model ...
2025-06-19 19:56:33,490 - {'epoch': 17, 'rec_loss': '5.7260'}
2025-06-19 19:56:38,568 - {'Epoch': 17, 'HR@5': '0.1623', 'NDCG@5': '0.1074', 'HR@10': '0.2495', 'NDCG@10': '0.1355', 'HR@20': '0.3464', 'NDCG@20': '0.1600'}
2025-06-19 19:56:38,572 - Validation score increased.  Saving model ...
2025-06-19 19:57:57,331 - {'epoch': 18, 'rec_loss': '5.6755'}
2025-06-19 19:58:02,370 - {'Epoch': 18, 'HR@5': '0.1644', 'NDCG@5': '0.1084', 'HR@10': '0.2499', 'NDCG@10': '0.1360', 'HR@20': '0.3485', 'NDCG@20': '0.1610'}
2025-06-19 19:58:02,374 - Validation score increased.  Saving model ...
2025-06-19 19:59:21,186 - {'epoch': 19, 'rec_loss': '5.6241'}
2025-06-19 19:59:26,301 - {'Epoch': 19, 'HR@5': '0.1642', 'NDCG@5': '0.1086', 'HR@10': '0.2520', 'NDCG@10': '0.1369', 'HR@20': '0.3499', 'NDCG@20': '0.1617'}
2025-06-19 19:59:26,306 - Validation score increased.  Saving model ...
2025-06-19 20:00:45,002 - {'epoch': 20, 'rec_loss': '5.5758'}
2025-06-19 20:00:50,098 - {'Epoch': 20, 'HR@5': '0.1671', 'NDCG@5': '0.1103', 'HR@10': '0.2548', 'NDCG@10': '0.1385', 'HR@20': '0.3526', 'NDCG@20': '0.1632'}
2025-06-19 20:00:50,103 - Validation score increased.  Saving model ...
2025-06-19 20:02:08,771 - {'epoch': 21, 'rec_loss': '5.5368'}
2025-06-19 20:02:13,906 - {'Epoch': 21, 'HR@5': '0.1664', 'NDCG@5': '0.1098', 'HR@10': '0.2556', 'NDCG@10': '0.1385', 'HR@20': '0.3513', 'NDCG@20': '0.1628'}
2025-06-19 20:02:13,909 - EarlyStopping counter: 1 out of 10
2025-06-19 20:03:32,844 - {'epoch': 22, 'rec_loss': '5.4982'}
2025-06-19 20:03:37,938 - {'Epoch': 22, 'HR@5': '0.1697', 'NDCG@5': '0.1113', 'HR@10': '0.2567', 'NDCG@10': '0.1394', 'HR@20': '0.3549', 'NDCG@20': '0.1642'}
2025-06-19 20:03:37,941 - Validation score increased.  Saving model ...
2025-06-19 20:06:15,596 - {'epoch': 23, 'rec_loss': '5.4658'}
2025-06-19 20:06:20,704 - {'Epoch': 23, 'HR@5': '0.1692', 'NDCG@5': '0.1121', 'HR@10': '0.2565', 'NDCG@10': '0.1402', 'HR@20': '0.3537', 'NDCG@20': '0.1648'}
2025-06-19 20:06:20,710 - Validation score increased.  Saving model ...
2025-06-19 20:07:39,456 - {'epoch': 24, 'rec_loss': '5.4345'}
2025-06-19 20:07:44,533 - {'Epoch': 24, 'HR@5': '0.1699', 'NDCG@5': '0.1119', 'HR@10': '0.2609', 'NDCG@10': '0.1411', 'HR@20': '0.3555', 'NDCG@20': '0.1650'}
2025-06-19 20:07:44,536 - Validation score increased.  Saving model ...
2025-06-19 20:09:03,066 - {'epoch': 25, 'rec_loss': '5.4031'}
2025-06-19 20:09:08,179 - {'Epoch': 25, 'HR@5': '0.1704', 'NDCG@5': '0.1129', 'HR@10': '0.2603', 'NDCG@10': '0.1419', 'HR@20': '0.3577', 'NDCG@20': '0.1666'}
2025-06-19 20:09:08,182 - Validation score increased.  Saving model ...
2025-06-19 20:10:26,725 - {'epoch': 26, 'rec_loss': '5.3724'}
2025-06-19 20:10:31,827 - {'Epoch': 26, 'HR@5': '0.1734', 'NDCG@5': '0.1141', 'HR@10': '0.2621', 'NDCG@10': '0.1426', 'HR@20': '0.3588', 'NDCG@20': '0.1670'}
2025-06-19 20:10:31,834 - Validation score increased.  Saving model ...
2025-06-19 20:11:50,552 - {'epoch': 27, 'rec_loss': '5.3524'}
2025-06-19 20:11:55,673 - {'Epoch': 27, 'HR@5': '0.1726', 'NDCG@5': '0.1142', 'HR@10': '0.2617', 'NDCG@10': '0.1429', 'HR@20': '0.3593', 'NDCG@20': '0.1676'}
2025-06-19 20:11:55,677 - Validation score increased.  Saving model ...
2025-06-19 20:13:14,504 - {'epoch': 28, 'rec_loss': '5.3229'}
2025-06-19 20:13:19,581 - {'Epoch': 28, 'HR@5': '0.1730', 'NDCG@5': '0.1137', 'HR@10': '0.2609', 'NDCG@10': '0.1421', 'HR@20': '0.3595', 'NDCG@20': '0.1670'}
2025-06-19 20:13:19,587 - EarlyStopping counter: 1 out of 10
2025-06-19 20:14:38,418 - {'epoch': 29, 'rec_loss': '5.3051'}
2025-06-19 20:14:43,539 - {'Epoch': 29, 'HR@5': '0.1736', 'NDCG@5': '0.1141', 'HR@10': '0.2621', 'NDCG@10': '0.1427', 'HR@20': '0.3599', 'NDCG@20': '0.1675'}
2025-06-19 20:14:43,544 - EarlyStopping counter: 2 out of 10
2025-06-19 20:16:02,517 - {'epoch': 30, 'rec_loss': '5.2803'}
2025-06-19 20:16:07,606 - {'Epoch': 30, 'HR@5': '0.1736', 'NDCG@5': '0.1149', 'HR@10': '0.2625', 'NDCG@10': '0.1435', 'HR@20': '0.3620', 'NDCG@20': '0.1686'}
2025-06-19 20:16:07,610 - Validation score increased.  Saving model ...
2025-06-19 20:17:26,357 - {'epoch': 31, 'rec_loss': '5.2586'}
2025-06-19 20:17:31,501 - {'Epoch': 31, 'HR@5': '0.1732', 'NDCG@5': '0.1139', 'HR@10': '0.2613', 'NDCG@10': '0.1423', 'HR@20': '0.3621', 'NDCG@20': '0.1678'}
2025-06-19 20:17:31,505 - EarlyStopping counter: 1 out of 10
2025-06-19 20:18:50,209 - {'epoch': 32, 'rec_loss': '5.2463'}
2025-06-19 20:18:55,297 - {'Epoch': 32, 'HR@5': '0.1753', 'NDCG@5': '0.1154', 'HR@10': '0.2625', 'NDCG@10': '0.1436', 'HR@20': '0.3624', 'NDCG@20': '0.1688'}
2025-06-19 20:18:55,302 - Validation score increased.  Saving model ...
2025-06-19 20:20:13,875 - {'epoch': 33, 'rec_loss': '5.2204'}
2025-06-19 20:20:19,013 - {'Epoch': 33, 'HR@5': '0.1745', 'NDCG@5': '0.1149', 'HR@10': '0.2614', 'NDCG@10': '0.1430', 'HR@20': '0.3640', 'NDCG@20': '0.1690'}
2025-06-19 20:20:19,017 - Validation score increased.  Saving model ...
2025-06-19 20:21:37,768 - {'epoch': 34, 'rec_loss': '5.2030'}
2025-06-19 20:21:42,917 - {'Epoch': 34, 'HR@5': '0.1743', 'NDCG@5': '0.1150', 'HR@10': '0.2632', 'NDCG@10': '0.1437', 'HR@20': '0.3641', 'NDCG@20': '0.1692'}
2025-06-19 20:21:42,922 - Validation score increased.  Saving model ...
2025-06-19 20:23:02,717 - {'epoch': 35, 'rec_loss': '5.1912'}
2025-06-19 20:23:07,876 - {'Epoch': 35, 'HR@5': '0.1744', 'NDCG@5': '0.1151', 'HR@10': '0.2637', 'NDCG@10': '0.1439', 'HR@20': '0.3630', 'NDCG@20': '0.1691'}
2025-06-19 20:23:07,880 - EarlyStopping counter: 1 out of 10
2025-06-19 20:24:26,346 - {'epoch': 36, 'rec_loss': '5.1722'}
2025-06-19 20:24:31,444 - {'Epoch': 36, 'HR@5': '0.1743', 'NDCG@5': '0.1153', 'HR@10': '0.2633', 'NDCG@10': '0.1441', 'HR@20': '0.3640', 'NDCG@20': '0.1695'}
2025-06-19 20:24:31,448 - Validation score increased.  Saving model ...
2025-06-19 20:25:50,136 - {'epoch': 37, 'rec_loss': '5.1550'}
2025-06-19 20:25:55,276 - {'Epoch': 37, 'HR@5': '0.1739', 'NDCG@5': '0.1151', 'HR@10': '0.2631', 'NDCG@10': '0.1438', 'HR@20': '0.3657', 'NDCG@20': '0.1698'}
2025-06-19 20:25:55,281 - Validation score increased.  Saving model ...
2025-06-19 20:27:14,205 - {'epoch': 38, 'rec_loss': '5.1452'}
2025-06-19 20:27:19,365 - {'Epoch': 38, 'HR@5': '0.1749', 'NDCG@5': '0.1151', 'HR@10': '0.2658', 'NDCG@10': '0.1445', 'HR@20': '0.3653', 'NDCG@20': '0.1696'}
2025-06-19 20:27:19,369 - EarlyStopping counter: 1 out of 10
2025-06-19 20:28:38,100 - {'epoch': 39, 'rec_loss': '5.1259'}
2025-06-19 20:28:43,242 - {'Epoch': 39, 'HR@5': '0.1756', 'NDCG@5': '0.1158', 'HR@10': '0.2650', 'NDCG@10': '0.1446', 'HR@20': '0.3645', 'NDCG@20': '0.1698'}
2025-06-19 20:28:43,247 - EarlyStopping counter: 2 out of 10
2025-06-19 20:30:02,183 - {'epoch': 40, 'rec_loss': '5.1130'}
2025-06-19 20:30:07,306 - {'Epoch': 40, 'HR@5': '0.1761', 'NDCG@5': '0.1165', 'HR@10': '0.2651', 'NDCG@10': '0.1452', 'HR@20': '0.3654', 'NDCG@20': '0.1705'}
2025-06-19 20:30:07,310 - Validation score increased.  Saving model ...
2025-06-19 20:31:26,003 - {'epoch': 41, 'rec_loss': '5.1011'}
2025-06-19 20:31:31,091 - {'Epoch': 41, 'HR@5': '0.1743', 'NDCG@5': '0.1147', 'HR@10': '0.2653', 'NDCG@10': '0.1441', 'HR@20': '0.3651', 'NDCG@20': '0.1693'}
2025-06-19 20:31:31,095 - EarlyStopping counter: 1 out of 10
2025-06-19 20:32:49,694 - {'epoch': 42, 'rec_loss': '5.0916'}
2025-06-19 20:32:54,792 - {'Epoch': 42, 'HR@5': '0.1753', 'NDCG@5': '0.1160', 'HR@10': '0.2656', 'NDCG@10': '0.1452', 'HR@20': '0.3662', 'NDCG@20': '0.1705'}
2025-06-19 20:32:54,796 - Validation score increased.  Saving model ...
2025-06-19 20:34:13,508 - {'epoch': 43, 'rec_loss': '5.0812'}
2025-06-19 20:34:18,630 - {'Epoch': 43, 'HR@5': '0.1749', 'NDCG@5': '0.1151', 'HR@10': '0.2648', 'NDCG@10': '0.1442', 'HR@20': '0.3675', 'NDCG@20': '0.1701'}
2025-06-19 20:34:18,633 - EarlyStopping counter: 1 out of 10
2025-06-19 20:35:37,339 - {'epoch': 44, 'rec_loss': '5.0660'}
2025-06-19 20:35:42,479 - {'Epoch': 44, 'HR@5': '0.1761', 'NDCG@5': '0.1162', 'HR@10': '0.2652', 'NDCG@10': '0.1450', 'HR@20': '0.3669', 'NDCG@20': '0.1706'}
2025-06-19 20:35:42,484 - Validation score increased.  Saving model ...
2025-06-19 20:37:01,384 - {'epoch': 45, 'rec_loss': '5.0542'}
2025-06-19 20:37:06,461 - {'Epoch': 45, 'HR@5': '0.1761', 'NDCG@5': '0.1154', 'HR@10': '0.2644', 'NDCG@10': '0.1439', 'HR@20': '0.3664', 'NDCG@20': '0.1697'}
2025-06-19 20:37:06,464 - EarlyStopping counter: 1 out of 10
2025-06-19 20:38:25,358 - {'epoch': 46, 'rec_loss': '5.0492'}
2025-06-19 20:38:30,438 - {'Epoch': 46, 'HR@5': '0.1745', 'NDCG@5': '0.1147', 'HR@10': '0.2645', 'NDCG@10': '0.1438', 'HR@20': '0.3646', 'NDCG@20': '0.1691'}
2025-06-19 20:38:30,443 - EarlyStopping counter: 2 out of 10
2025-06-19 20:39:49,092 - {'epoch': 47, 'rec_loss': '5.0362'}
2025-06-19 20:39:54,207 - {'Epoch': 47, 'HR@5': '0.1753', 'NDCG@5': '0.1151', 'HR@10': '0.2654', 'NDCG@10': '0.1442', 'HR@20': '0.3669', 'NDCG@20': '0.1698'}
2025-06-19 20:39:54,211 - EarlyStopping counter: 3 out of 10
2025-06-19 20:41:12,895 - {'epoch': 48, 'rec_loss': '5.0308'}
2025-06-19 20:41:17,992 - {'Epoch': 48, 'HR@5': '0.1747', 'NDCG@5': '0.1147', 'HR@10': '0.2652', 'NDCG@10': '0.1439', 'HR@20': '0.3669', 'NDCG@20': '0.1696'}
2025-06-19 20:41:17,996 - EarlyStopping counter: 4 out of 10
2025-06-19 20:42:36,813 - {'epoch': 49, 'rec_loss': '5.0168'}
2025-06-19 20:42:41,912 - {'Epoch': 49, 'HR@5': '0.1751', 'NDCG@5': '0.1149', 'HR@10': '0.2673', 'NDCG@10': '0.1447', 'HR@20': '0.3669', 'NDCG@20': '0.1698'}
2025-06-19 20:42:41,916 - EarlyStopping counter: 5 out of 10
2025-06-19 20:44:00,858 - {'epoch': 50, 'rec_loss': '5.0063'}
2025-06-19 20:44:05,995 - {'Epoch': 50, 'HR@5': '0.1773', 'NDCG@5': '0.1164', 'HR@10': '0.2660', 'NDCG@10': '0.1450', 'HR@20': '0.3671', 'NDCG@20': '0.1705'}
2025-06-19 20:44:05,999 - EarlyStopping counter: 6 out of 10
2025-06-19 20:45:24,845 - {'epoch': 51, 'rec_loss': '5.0003'}
2025-06-19 20:45:29,943 - {'Epoch': 51, 'HR@5': '0.1764', 'NDCG@5': '0.1154', 'HR@10': '0.2658', 'NDCG@10': '0.1442', 'HR@20': '0.3665', 'NDCG@20': '0.1697'}
2025-06-19 20:45:29,947 - EarlyStopping counter: 7 out of 10
2025-06-19 20:46:48,619 - {'epoch': 52, 'rec_loss': '4.9935'}
2025-06-19 20:46:53,745 - {'Epoch': 52, 'HR@5': '0.1794', 'NDCG@5': '0.1174', 'HR@10': '0.2681', 'NDCG@10': '0.1460', 'HR@20': '0.3675', 'NDCG@20': '0.1711'}
2025-06-19 20:46:53,749 - Validation score increased.  Saving model ...
2025-06-19 20:48:12,483 - {'epoch': 53, 'rec_loss': '4.9802'}
2025-06-19 20:48:17,612 - {'Epoch': 53, 'HR@5': '0.1762', 'NDCG@5': '0.1156', 'HR@10': '0.2658', 'NDCG@10': '0.1445', 'HR@20': '0.3668', 'NDCG@20': '0.1700'}
2025-06-19 20:48:17,617 - EarlyStopping counter: 1 out of 10
2025-06-19 20:49:36,417 - {'epoch': 54, 'rec_loss': '4.9770'}
2025-06-19 20:49:41,525 - {'Epoch': 54, 'HR@5': '0.1760', 'NDCG@5': '0.1156', 'HR@10': '0.2646', 'NDCG@10': '0.1443', 'HR@20': '0.3655', 'NDCG@20': '0.1697'}
2025-06-19 20:49:41,529 - EarlyStopping counter: 2 out of 10
2025-06-19 20:51:00,361 - {'epoch': 55, 'rec_loss': '4.9671'}
2025-06-19 20:51:05,473 - {'Epoch': 55, 'HR@5': '0.1760', 'NDCG@5': '0.1158', 'HR@10': '0.2659', 'NDCG@10': '0.1449', 'HR@20': '0.3674', 'NDCG@20': '0.1705'}
2025-06-19 20:51:05,477 - EarlyStopping counter: 3 out of 10
2025-06-19 20:52:24,465 - {'epoch': 56, 'rec_loss': '4.9646'}
2025-06-19 20:52:29,546 - {'Epoch': 56, 'HR@5': '0.1759', 'NDCG@5': '0.1151', 'HR@10': '0.2658', 'NDCG@10': '0.1441', 'HR@20': '0.3665', 'NDCG@20': '0.1696'}
2025-06-19 20:52:29,549 - EarlyStopping counter: 4 out of 10
2025-06-19 20:53:48,529 - {'epoch': 57, 'rec_loss': '4.9572'}
2025-06-19 20:53:53,666 - {'Epoch': 57, 'HR@5': '0.1772', 'NDCG@5': '0.1155', 'HR@10': '0.2661', 'NDCG@10': '0.1442', 'HR@20': '0.3667', 'NDCG@20': '0.1696'}
2025-06-19 20:53:53,669 - EarlyStopping counter: 5 out of 10
2025-06-19 20:55:12,469 - {'epoch': 58, 'rec_loss': '4.9533'}
2025-06-19 20:55:17,585 - {'Epoch': 58, 'HR@5': '0.1759', 'NDCG@5': '0.1155', 'HR@10': '0.2665', 'NDCG@10': '0.1448', 'HR@20': '0.3667', 'NDCG@20': '0.1701'}
2025-06-19 20:55:17,591 - EarlyStopping counter: 6 out of 10
2025-06-19 20:56:36,393 - {'epoch': 59, 'rec_loss': '4.9445'}
2025-06-19 20:56:41,480 - {'Epoch': 59, 'HR@5': '0.1737', 'NDCG@5': '0.1146', 'HR@10': '0.2654', 'NDCG@10': '0.1443', 'HR@20': '0.3658', 'NDCG@20': '0.1696'}
2025-06-19 20:56:41,486 - EarlyStopping counter: 7 out of 10
2025-06-19 20:58:00,564 - {'epoch': 60, 'rec_loss': '4.9390'}
2025-06-19 20:58:05,628 - {'Epoch': 60, 'HR@5': '0.1757', 'NDCG@5': '0.1153', 'HR@10': '0.2655', 'NDCG@10': '0.1442', 'HR@20': '0.3654', 'NDCG@20': '0.1695'}
2025-06-19 20:58:05,632 - EarlyStopping counter: 8 out of 10
2025-06-19 20:59:24,346 - {'epoch': 61, 'rec_loss': '4.9275'}
2025-06-19 20:59:29,450 - {'Epoch': 61, 'HR@5': '0.1749', 'NDCG@5': '0.1146', 'HR@10': '0.2661', 'NDCG@10': '0.1439', 'HR@20': '0.3644', 'NDCG@20': '0.1688'}
2025-06-19 20:59:29,454 - EarlyStopping counter: 9 out of 10
2025-06-19 21:00:49,170 - {'epoch': 62, 'rec_loss': '4.9171'}
2025-06-19 21:00:54,252 - {'Epoch': 62, 'HR@5': '0.1780', 'NDCG@5': '0.1170', 'HR@10': '0.2673', 'NDCG@10': '0.1457', 'HR@20': '0.3673', 'NDCG@20': '0.1709'}
2025-06-19 21:00:54,257 - EarlyStopping counter: 10 out of 10
2025-06-19 21:00:54,257 - Early stopping
2025-06-19 21:00:54,257 - ---------------Test Score---------------
2025-06-19 21:00:59,316 - {'Epoch': 0, 'HR@5': '0.1515', 'NDCG@5': '0.0998', 'HR@10': '0.2315', 'NDCG@10': '0.1256', 'HR@20': '0.3292', 'NDCG@20': '0.1503'}
2025-06-19 21:00:59,320 - FEARec_Diginetica_43
2025-06-19 21:00:59,320 - {'Epoch': 0, 'HR@5': '0.1515', 'NDCG@5': '0.0998', 'HR@10': '0.2315', 'NDCG@10': '0.1256', 'HR@20': '0.3292', 'NDCG@20': '0.1503'}
