2025-06-19 19:31:50,971 - Namespace(data_dir='data/', output_dir='output/FEARec/', data_name='LastFM', do_eval=False, load_model=None, train_name='FEARec_LastFM_46', num_items=10, num_users=1091, lr=0.001, batch_size=256, epochs=200, no_cuda=False, log_freq=1, patience=10, num_workers=4, seed=46, weight_decay=0.0, adam_beta1=0.9, adam_beta2=0.999, gpu_id='0', variance=5, model_type='FEARec', max_seq_length=50, hidden_size=64, num_hidden_layers=2, hidden_act='gelu', num_attention_heads=4, attention_probs_dropout_prob=0.5, hidden_dropout_prob=0.5, initializer_range=0.02, tau=1.0, lmd=0.1, lmd_sem=0.1, ssl='us_x', sim='dot', spatial_ratio=0.1, global_ratio=0.6, fredom_type='us_x', fredom='True', cuda_condition=True, data_file='data/LastFM.txt', item_size=3647, checkpoint_path='output/FEARec/FEARec_LastFM_46.pt', same_target_path='data/LastFM_same_target.npy')
2025-06-19 19:31:50,990 - FEARecModel(
  (item_embeddings): Embedding(3647, 64, padding_idx=0)
  (position_embeddings): Embedding(50, 64)
  (LayerNorm): LayerNorm()
  (dropout): Dropout(p=0.5, inplace=False)
  (item_encoder): FEARecEncoder(
    (blocks): ModuleList(
      (0): FEARecBlock(
        (layer): FEARecLayer(
          (dropout): Dropout(p=0.1, inplace=False)
          (attn_dropout): Dropout(p=0.5, inplace=False)
          (LayerNorm): LayerNorm()
          (out_dropout): Dropout(p=0.5, inplace=False)
          (dense): Linear(in_features=64, out_features=64, bias=True)
          (query): Linear(in_features=64, out_features=64, bias=True)
          (key): Linear(in_features=64, out_features=64, bias=True)
          (value): Linear(in_features=64, out_features=64, bias=True)
        )
        (feed_forward): FeedForward(
          (dense_1): Linear(in_features=64, out_features=256, bias=True)
          (dense_2): Linear(in_features=256, out_features=64, bias=True)
          (LayerNorm): LayerNorm()
          (dropout): Dropout(p=0.5, inplace=False)
        )
      )
      (1): FEARecBlock(
        (layer): FEARecLayer(
          (dropout): Dropout(p=0.1, inplace=False)
          (attn_dropout): Dropout(p=0.5, inplace=False)
          (LayerNorm): LayerNorm()
          (out_dropout): Dropout(p=0.5, inplace=False)
          (dense): Linear(in_features=64, out_features=64, bias=True)
          (query): Linear(in_features=64, out_features=64, bias=True)
          (key): Linear(in_features=64, out_features=64, bias=True)
          (value): Linear(in_features=64, out_features=64, bias=True)
        )
        (feed_forward): FeedForward(
          (dense_1): Linear(in_features=64, out_features=256, bias=True)
          (dense_2): Linear(in_features=256, out_features=64, bias=True)
          (LayerNorm): LayerNorm()
          (dropout): Dropout(p=0.5, inplace=False)
        )
      )
    )
  )
  (aug_nce_fct): CrossEntropyLoss()
)
2025-06-19 19:31:53,991 - Total Parameters: 336704
2025-06-19 19:32:17,895 - {'epoch': 0, 'rec_loss': '8.9076'}
2025-06-19 19:32:18,615 - {'Epoch': 0, 'HR@5': '0.0202', 'NDCG@5': '0.0123', 'HR@10': '0.0312', 'NDCG@10': '0.0156', 'HR@20': '0.0624', 'NDCG@20': '0.0233'}
2025-06-19 19:32:18,617 - Validation score increased.  Saving model ...
2025-06-19 19:32:41,274 - {'epoch': 1, 'rec_loss': '8.5572'}
2025-06-19 19:32:41,935 - {'Epoch': 1, 'HR@5': '0.0183', 'NDCG@5': '0.0133', 'HR@10': '0.0330', 'NDCG@10': '0.0179', 'HR@20': '0.0615', 'NDCG@20': '0.0251'}
2025-06-19 19:32:41,938 - Validation score increased.  Saving model ...
2025-06-19 19:33:04,605 - {'epoch': 2, 'rec_loss': '8.5093'}
2025-06-19 19:33:05,310 - {'Epoch': 2, 'HR@5': '0.0202', 'NDCG@5': '0.0125', 'HR@10': '0.0358', 'NDCG@10': '0.0175', 'HR@20': '0.0624', 'NDCG@20': '0.0241'}
2025-06-19 19:33:05,312 - EarlyStopping counter: 1 out of 10
2025-06-19 19:33:28,025 - {'epoch': 3, 'rec_loss': '8.4848'}
2025-06-19 19:33:28,739 - {'Epoch': 3, 'HR@5': '0.0202', 'NDCG@5': '0.0123', 'HR@10': '0.0358', 'NDCG@10': '0.0172', 'HR@20': '0.0615', 'NDCG@20': '0.0237'}
2025-06-19 19:33:28,742 - EarlyStopping counter: 2 out of 10
2025-06-19 19:33:51,347 - {'epoch': 4, 'rec_loss': '8.4676'}
2025-06-19 19:33:52,043 - {'Epoch': 4, 'HR@5': '0.0193', 'NDCG@5': '0.0130', 'HR@10': '0.0339', 'NDCG@10': '0.0177', 'HR@20': '0.0624', 'NDCG@20': '0.0249'}
2025-06-19 19:33:52,045 - EarlyStopping counter: 3 out of 10
2025-06-19 19:34:14,711 - {'epoch': 5, 'rec_loss': '8.4537'}
2025-06-19 19:34:15,411 - {'Epoch': 5, 'HR@5': '0.0202', 'NDCG@5': '0.0130', 'HR@10': '0.0404', 'NDCG@10': '0.0195', 'HR@20': '0.0624', 'NDCG@20': '0.0249'}
2025-06-19 19:34:15,413 - EarlyStopping counter: 4 out of 10
2025-06-19 19:34:38,056 - {'epoch': 6, 'rec_loss': '8.4370'}
2025-06-19 19:34:38,744 - {'Epoch': 6, 'HR@5': '0.0211', 'NDCG@5': '0.0125', 'HR@10': '0.0349', 'NDCG@10': '0.0170', 'HR@20': '0.0633', 'NDCG@20': '0.0242'}
2025-06-19 19:34:38,746 - EarlyStopping counter: 5 out of 10
2025-06-19 19:35:01,421 - {'epoch': 7, 'rec_loss': '8.3906'}
2025-06-19 19:35:02,168 - {'Epoch': 7, 'HR@5': '0.0220', 'NDCG@5': '0.0128', 'HR@10': '0.0349', 'NDCG@10': '0.0170', 'HR@20': '0.0624', 'NDCG@20': '0.0239'}
2025-06-19 19:35:02,171 - EarlyStopping counter: 6 out of 10
2025-06-19 19:35:24,798 - {'epoch': 8, 'rec_loss': '8.3281'}
2025-06-19 19:35:25,499 - {'Epoch': 8, 'HR@5': '0.0202', 'NDCG@5': '0.0107', 'HR@10': '0.0358', 'NDCG@10': '0.0158', 'HR@20': '0.0606', 'NDCG@20': '0.0221'}
2025-06-19 19:35:25,501 - EarlyStopping counter: 7 out of 10
2025-06-19 19:35:48,136 - {'epoch': 9, 'rec_loss': '8.2723'}
2025-06-19 19:35:48,851 - {'Epoch': 9, 'HR@5': '0.0220', 'NDCG@5': '0.0169', 'HR@10': '0.0385', 'NDCG@10': '0.0221', 'HR@20': '0.0633', 'NDCG@20': '0.0283'}
2025-06-19 19:35:48,853 - Validation score increased.  Saving model ...
2025-06-19 19:36:11,535 - {'epoch': 10, 'rec_loss': '8.2115'}
2025-06-19 19:36:12,201 - {'Epoch': 10, 'HR@5': '0.0257', 'NDCG@5': '0.0161', 'HR@10': '0.0422', 'NDCG@10': '0.0215', 'HR@20': '0.0670', 'NDCG@20': '0.0276'}
2025-06-19 19:36:12,203 - EarlyStopping counter: 1 out of 10
2025-06-19 19:36:34,854 - {'epoch': 11, 'rec_loss': '8.1525'}
2025-06-19 19:36:35,542 - {'Epoch': 11, 'HR@5': '0.0275', 'NDCG@5': '0.0162', 'HR@10': '0.0431', 'NDCG@10': '0.0212', 'HR@20': '0.0651', 'NDCG@20': '0.0268'}
2025-06-19 19:36:35,545 - EarlyStopping counter: 2 out of 10
2025-06-19 19:36:58,103 - {'epoch': 12, 'rec_loss': '8.0885'}
2025-06-19 19:36:58,821 - {'Epoch': 12, 'HR@5': '0.0275', 'NDCG@5': '0.0170', 'HR@10': '0.0431', 'NDCG@10': '0.0220', 'HR@20': '0.0651', 'NDCG@20': '0.0276'}
2025-06-19 19:36:58,823 - EarlyStopping counter: 3 out of 10
2025-06-19 19:37:21,390 - {'epoch': 13, 'rec_loss': '8.0272'}
2025-06-19 19:37:22,112 - {'Epoch': 13, 'HR@5': '0.0321', 'NDCG@5': '0.0197', 'HR@10': '0.0459', 'NDCG@10': '0.0240', 'HR@20': '0.0752', 'NDCG@20': '0.0312'}
2025-06-19 19:37:22,114 - Validation score increased.  Saving model ...
2025-06-19 19:37:44,743 - {'epoch': 14, 'rec_loss': '7.9609'}
2025-06-19 19:37:45,442 - {'Epoch': 14, 'HR@5': '0.0339', 'NDCG@5': '0.0209', 'HR@10': '0.0486', 'NDCG@10': '0.0258', 'HR@20': '0.0743', 'NDCG@20': '0.0322'}
2025-06-19 19:37:45,445 - Validation score increased.  Saving model ...
2025-06-19 19:38:08,032 - {'epoch': 15, 'rec_loss': '7.8961'}
2025-06-19 19:38:08,711 - {'Epoch': 15, 'HR@5': '0.0385', 'NDCG@5': '0.0227', 'HR@10': '0.0532', 'NDCG@10': '0.0272', 'HR@20': '0.0789', 'NDCG@20': '0.0337'}
2025-06-19 19:38:08,714 - Validation score increased.  Saving model ...
2025-06-19 19:38:31,343 - {'epoch': 16, 'rec_loss': '7.8243'}
2025-06-19 19:38:32,023 - {'Epoch': 16, 'HR@5': '0.0385', 'NDCG@5': '0.0240', 'HR@10': '0.0587', 'NDCG@10': '0.0305', 'HR@20': '0.0872', 'NDCG@20': '0.0375'}
2025-06-19 19:38:32,025 - Validation score increased.  Saving model ...
2025-06-19 19:38:54,673 - {'epoch': 17, 'rec_loss': '7.7607'}
2025-06-19 19:38:55,343 - {'Epoch': 17, 'HR@5': '0.0422', 'NDCG@5': '0.0269', 'HR@10': '0.0615', 'NDCG@10': '0.0330', 'HR@20': '0.0862', 'NDCG@20': '0.0392'}
2025-06-19 19:38:55,345 - Validation score increased.  Saving model ...
2025-06-19 19:39:17,996 - {'epoch': 18, 'rec_loss': '7.6950'}
2025-06-19 19:39:18,669 - {'Epoch': 18, 'HR@5': '0.0422', 'NDCG@5': '0.0249', 'HR@10': '0.0550', 'NDCG@10': '0.0291', 'HR@20': '0.0899', 'NDCG@20': '0.0380'}
2025-06-19 19:39:18,671 - EarlyStopping counter: 1 out of 10
2025-06-19 19:39:41,327 - {'epoch': 19, 'rec_loss': '7.6369'}
2025-06-19 19:39:42,043 - {'Epoch': 19, 'HR@5': '0.0450', 'NDCG@5': '0.0283', 'HR@10': '0.0633', 'NDCG@10': '0.0341', 'HR@20': '0.0954', 'NDCG@20': '0.0421'}
2025-06-19 19:39:42,045 - Validation score increased.  Saving model ...
2025-06-19 19:40:04,714 - {'epoch': 20, 'rec_loss': '7.5708'}
2025-06-19 19:40:05,419 - {'Epoch': 20, 'HR@5': '0.0450', 'NDCG@5': '0.0285', 'HR@10': '0.0651', 'NDCG@10': '0.0349', 'HR@20': '0.0945', 'NDCG@20': '0.0423'}
2025-06-19 19:40:05,421 - Validation score increased.  Saving model ...
2025-06-19 19:40:28,066 - {'epoch': 21, 'rec_loss': '7.5093'}
2025-06-19 19:40:28,765 - {'Epoch': 21, 'HR@5': '0.0450', 'NDCG@5': '0.0272', 'HR@10': '0.0697', 'NDCG@10': '0.0352', 'HR@20': '0.0945', 'NDCG@20': '0.0415'}
2025-06-19 19:40:28,767 - EarlyStopping counter: 1 out of 10
2025-06-19 19:40:51,507 - {'epoch': 22, 'rec_loss': '7.4521'}
2025-06-19 19:40:52,223 - {'Epoch': 22, 'HR@5': '0.0450', 'NDCG@5': '0.0279', 'HR@10': '0.0716', 'NDCG@10': '0.0366', 'HR@20': '0.0991', 'NDCG@20': '0.0437'}
2025-06-19 19:40:52,225 - Validation score increased.  Saving model ...
2025-06-19 19:41:14,859 - {'epoch': 23, 'rec_loss': '7.4007'}
2025-06-19 19:41:15,575 - {'Epoch': 23, 'HR@5': '0.0468', 'NDCG@5': '0.0287', 'HR@10': '0.0743', 'NDCG@10': '0.0376', 'HR@20': '0.1000', 'NDCG@20': '0.0440'}
2025-06-19 19:41:15,577 - Validation score increased.  Saving model ...
2025-06-19 19:41:38,254 - {'epoch': 24, 'rec_loss': '7.3402'}
2025-06-19 19:41:38,937 - {'Epoch': 24, 'HR@5': '0.0486', 'NDCG@5': '0.0304', 'HR@10': '0.0734', 'NDCG@10': '0.0386', 'HR@20': '0.1028', 'NDCG@20': '0.0460'}
2025-06-19 19:41:38,940 - Validation score increased.  Saving model ...
2025-06-19 19:42:01,656 - {'epoch': 25, 'rec_loss': '7.2874'}
2025-06-19 19:42:02,395 - {'Epoch': 25, 'HR@5': '0.0505', 'NDCG@5': '0.0306', 'HR@10': '0.0716', 'NDCG@10': '0.0374', 'HR@20': '0.1009', 'NDCG@20': '0.0449'}
2025-06-19 19:42:02,397 - EarlyStopping counter: 1 out of 10
2025-06-19 19:42:25,056 - {'epoch': 26, 'rec_loss': '7.2417'}
2025-06-19 19:42:25,787 - {'Epoch': 26, 'HR@5': '0.0459', 'NDCG@5': '0.0282', 'HR@10': '0.0743', 'NDCG@10': '0.0374', 'HR@20': '0.1073', 'NDCG@20': '0.0457'}
2025-06-19 19:42:25,789 - EarlyStopping counter: 2 out of 10
2025-06-19 19:42:48,529 - {'epoch': 27, 'rec_loss': '7.1848'}
2025-06-19 19:42:49,214 - {'Epoch': 27, 'HR@5': '0.0477', 'NDCG@5': '0.0278', 'HR@10': '0.0771', 'NDCG@10': '0.0372', 'HR@20': '0.1009', 'NDCG@20': '0.0432'}
2025-06-19 19:42:49,216 - EarlyStopping counter: 3 out of 10
2025-06-19 19:43:11,857 - {'epoch': 28, 'rec_loss': '7.1529'}
2025-06-19 19:43:12,546 - {'Epoch': 28, 'HR@5': '0.0523', 'NDCG@5': '0.0321', 'HR@10': '0.0761', 'NDCG@10': '0.0397', 'HR@20': '0.1101', 'NDCG@20': '0.0483'}
2025-06-19 19:43:12,548 - Validation score increased.  Saving model ...
2025-06-19 19:43:35,184 - {'epoch': 29, 'rec_loss': '7.0959'}
2025-06-19 19:43:35,889 - {'Epoch': 29, 'HR@5': '0.0505', 'NDCG@5': '0.0317', 'HR@10': '0.0761', 'NDCG@10': '0.0403', 'HR@20': '0.1147', 'NDCG@20': '0.0499'}
2025-06-19 19:43:35,891 - Validation score increased.  Saving model ...
2025-06-19 19:43:58,551 - {'epoch': 30, 'rec_loss': '7.0481'}
2025-06-19 19:43:59,231 - {'Epoch': 30, 'HR@5': '0.0560', 'NDCG@5': '0.0334', 'HR@10': '0.0761', 'NDCG@10': '0.0398', 'HR@20': '0.1110', 'NDCG@20': '0.0485'}
2025-06-19 19:43:59,233 - EarlyStopping counter: 1 out of 10
2025-06-19 19:44:21,963 - {'epoch': 31, 'rec_loss': '7.0128'}
2025-06-19 19:44:22,673 - {'Epoch': 31, 'HR@5': '0.0532', 'NDCG@5': '0.0319', 'HR@10': '0.0807', 'NDCG@10': '0.0407', 'HR@20': '0.1046', 'NDCG@20': '0.0466'}
2025-06-19 19:44:22,676 - EarlyStopping counter: 2 out of 10
2025-06-19 19:44:45,316 - {'epoch': 32, 'rec_loss': '6.9699'}
2025-06-19 19:44:46,010 - {'Epoch': 32, 'HR@5': '0.0495', 'NDCG@5': '0.0316', 'HR@10': '0.0761', 'NDCG@10': '0.0403', 'HR@20': '0.1073', 'NDCG@20': '0.0482'}
2025-06-19 19:44:46,012 - EarlyStopping counter: 3 out of 10
2025-06-19 19:45:08,604 - {'epoch': 33, 'rec_loss': '6.9290'}
2025-06-19 19:45:09,273 - {'Epoch': 33, 'HR@5': '0.0541', 'NDCG@5': '0.0329', 'HR@10': '0.0826', 'NDCG@10': '0.0424', 'HR@20': '0.1092', 'NDCG@20': '0.0491'}
2025-06-19 19:45:09,275 - EarlyStopping counter: 4 out of 10
2025-06-19 19:45:31,924 - {'epoch': 34, 'rec_loss': '6.8932'}
2025-06-19 19:45:32,613 - {'Epoch': 34, 'HR@5': '0.0560', 'NDCG@5': '0.0354', 'HR@10': '0.0826', 'NDCG@10': '0.0439', 'HR@20': '0.1165', 'NDCG@20': '0.0523'}
2025-06-19 19:45:32,615 - Validation score increased.  Saving model ...
2025-06-19 19:45:55,359 - {'epoch': 35, 'rec_loss': '6.8531'}
2025-06-19 19:45:56,057 - {'Epoch': 35, 'HR@5': '0.0514', 'NDCG@5': '0.0316', 'HR@10': '0.0835', 'NDCG@10': '0.0420', 'HR@20': '0.1128', 'NDCG@20': '0.0495'}
2025-06-19 19:45:56,060 - EarlyStopping counter: 1 out of 10
2025-06-19 19:46:18,659 - {'epoch': 36, 'rec_loss': '6.8075'}
2025-06-19 19:46:19,380 - {'Epoch': 36, 'HR@5': '0.0606', 'NDCG@5': '0.0365', 'HR@10': '0.0826', 'NDCG@10': '0.0436', 'HR@20': '0.1156', 'NDCG@20': '0.0518'}
2025-06-19 19:46:19,382 - EarlyStopping counter: 2 out of 10
2025-06-19 19:46:41,990 - {'epoch': 37, 'rec_loss': '6.7840'}
2025-06-19 19:46:42,698 - {'Epoch': 37, 'HR@5': '0.0606', 'NDCG@5': '0.0359', 'HR@10': '0.0826', 'NDCG@10': '0.0433', 'HR@20': '0.1220', 'NDCG@20': '0.0532'}
2025-06-19 19:46:42,701 - Validation score increased.  Saving model ...
2025-06-19 19:47:05,352 - {'epoch': 38, 'rec_loss': '6.7447'}
2025-06-19 19:47:06,079 - {'Epoch': 38, 'HR@5': '0.0578', 'NDCG@5': '0.0372', 'HR@10': '0.0853', 'NDCG@10': '0.0462', 'HR@20': '0.1211', 'NDCG@20': '0.0551'}
2025-06-19 19:47:06,082 - Validation score increased.  Saving model ...
2025-06-19 19:47:28,788 - {'epoch': 39, 'rec_loss': '6.7089'}
2025-06-19 19:47:29,487 - {'Epoch': 39, 'HR@5': '0.0560', 'NDCG@5': '0.0361', 'HR@10': '0.0807', 'NDCG@10': '0.0443', 'HR@20': '0.1183', 'NDCG@20': '0.0537'}
2025-06-19 19:47:29,489 - EarlyStopping counter: 1 out of 10
2025-06-19 19:47:52,135 - {'epoch': 40, 'rec_loss': '6.6776'}
2025-06-19 19:47:52,864 - {'Epoch': 40, 'HR@5': '0.0596', 'NDCG@5': '0.0372', 'HR@10': '0.0835', 'NDCG@10': '0.0450', 'HR@20': '0.1202', 'NDCG@20': '0.0543'}
2025-06-19 19:47:52,867 - EarlyStopping counter: 2 out of 10
2025-06-19 19:48:15,526 - {'epoch': 41, 'rec_loss': '6.6494'}
2025-06-19 19:48:16,357 - {'Epoch': 41, 'HR@5': '0.0606', 'NDCG@5': '0.0381', 'HR@10': '0.0872', 'NDCG@10': '0.0467', 'HR@20': '0.1220', 'NDCG@20': '0.0556'}
2025-06-19 19:48:16,359 - Validation score increased.  Saving model ...
2025-06-19 19:48:38,957 - {'epoch': 42, 'rec_loss': '6.6205'}
2025-06-19 19:48:39,658 - {'Epoch': 42, 'HR@5': '0.0587', 'NDCG@5': '0.0378', 'HR@10': '0.0844', 'NDCG@10': '0.0459', 'HR@20': '0.1211', 'NDCG@20': '0.0551'}
2025-06-19 19:48:39,660 - EarlyStopping counter: 1 out of 10
2025-06-19 19:49:02,416 - {'epoch': 43, 'rec_loss': '6.5930'}
2025-06-19 19:49:03,121 - {'Epoch': 43, 'HR@5': '0.0587', 'NDCG@5': '0.0383', 'HR@10': '0.0844', 'NDCG@10': '0.0464', 'HR@20': '0.1220', 'NDCG@20': '0.0559'}
2025-06-19 19:49:03,124 - Validation score increased.  Saving model ...
2025-06-19 19:49:25,744 - {'epoch': 44, 'rec_loss': '6.5566'}
2025-06-19 19:49:26,472 - {'Epoch': 44, 'HR@5': '0.0615', 'NDCG@5': '0.0380', 'HR@10': '0.0862', 'NDCG@10': '0.0459', 'HR@20': '0.1239', 'NDCG@20': '0.0553'}
2025-06-19 19:49:26,474 - EarlyStopping counter: 1 out of 10
2025-06-19 19:49:49,146 - {'epoch': 45, 'rec_loss': '6.5297'}
2025-06-19 19:49:49,869 - {'Epoch': 45, 'HR@5': '0.0596', 'NDCG@5': '0.0386', 'HR@10': '0.0826', 'NDCG@10': '0.0460', 'HR@20': '0.1257', 'NDCG@20': '0.0570'}
2025-06-19 19:49:49,871 - Validation score increased.  Saving model ...
2025-06-19 19:50:12,510 - {'epoch': 46, 'rec_loss': '6.5117'}
2025-06-19 19:50:13,263 - {'Epoch': 46, 'HR@5': '0.0569', 'NDCG@5': '0.0377', 'HR@10': '0.0853', 'NDCG@10': '0.0469', 'HR@20': '0.1183', 'NDCG@20': '0.0552'}
2025-06-19 19:50:13,265 - EarlyStopping counter: 1 out of 10
2025-06-19 19:50:35,952 - {'epoch': 47, 'rec_loss': '6.4891'}
2025-06-19 19:50:36,664 - {'Epoch': 47, 'HR@5': '0.0587', 'NDCG@5': '0.0390', 'HR@10': '0.0881', 'NDCG@10': '0.0484', 'HR@20': '0.1248', 'NDCG@20': '0.0577'}
2025-06-19 19:50:36,667 - Validation score increased.  Saving model ...
2025-06-19 19:50:59,343 - {'epoch': 48, 'rec_loss': '6.4604'}
2025-06-19 19:51:00,053 - {'Epoch': 48, 'HR@5': '0.0587', 'NDCG@5': '0.0376', 'HR@10': '0.0817', 'NDCG@10': '0.0450', 'HR@20': '0.1284', 'NDCG@20': '0.0568'}
2025-06-19 19:51:00,055 - EarlyStopping counter: 1 out of 10
2025-06-19 19:51:22,866 - {'epoch': 49, 'rec_loss': '6.4287'}
2025-06-19 19:51:23,600 - {'Epoch': 49, 'HR@5': '0.0615', 'NDCG@5': '0.0399', 'HR@10': '0.0780', 'NDCG@10': '0.0451', 'HR@20': '0.1193', 'NDCG@20': '0.0557'}
2025-06-19 19:51:23,602 - EarlyStopping counter: 2 out of 10
2025-06-19 19:51:46,275 - {'epoch': 50, 'rec_loss': '6.4140'}
2025-06-19 19:51:46,981 - {'Epoch': 50, 'HR@5': '0.0587', 'NDCG@5': '0.0384', 'HR@10': '0.0872', 'NDCG@10': '0.0475', 'HR@20': '0.1266', 'NDCG@20': '0.0575'}
2025-06-19 19:51:46,983 - EarlyStopping counter: 3 out of 10
2025-06-19 19:52:09,636 - {'epoch': 51, 'rec_loss': '6.3869'}
2025-06-19 19:52:10,382 - {'Epoch': 51, 'HR@5': '0.0633', 'NDCG@5': '0.0409', 'HR@10': '0.0817', 'NDCG@10': '0.0467', 'HR@20': '0.1239', 'NDCG@20': '0.0574'}
2025-06-19 19:52:10,384 - EarlyStopping counter: 4 out of 10
2025-06-19 19:52:33,063 - {'epoch': 52, 'rec_loss': '6.3634'}
2025-06-19 19:52:33,798 - {'Epoch': 52, 'HR@5': '0.0596', 'NDCG@5': '0.0401', 'HR@10': '0.0853', 'NDCG@10': '0.0483', 'HR@20': '0.1211', 'NDCG@20': '0.0573'}
2025-06-19 19:52:33,801 - EarlyStopping counter: 5 out of 10
2025-06-19 19:52:56,485 - {'epoch': 53, 'rec_loss': '6.3448'}
2025-06-19 19:52:57,213 - {'Epoch': 53, 'HR@5': '0.0596', 'NDCG@5': '0.0391', 'HR@10': '0.0807', 'NDCG@10': '0.0458', 'HR@20': '0.1211', 'NDCG@20': '0.0560'}
2025-06-19 19:52:57,215 - EarlyStopping counter: 6 out of 10
2025-06-19 19:53:19,896 - {'epoch': 54, 'rec_loss': '6.3149'}
2025-06-19 19:53:20,631 - {'Epoch': 54, 'HR@5': '0.0642', 'NDCG@5': '0.0405', 'HR@10': '0.0881', 'NDCG@10': '0.0482', 'HR@20': '0.1257', 'NDCG@20': '0.0576'}
2025-06-19 19:53:20,633 - EarlyStopping counter: 7 out of 10
2025-06-19 19:53:43,255 - {'epoch': 55, 'rec_loss': '6.3050'}
2025-06-19 19:53:43,995 - {'Epoch': 55, 'HR@5': '0.0606', 'NDCG@5': '0.0400', 'HR@10': '0.0817', 'NDCG@10': '0.0469', 'HR@20': '0.1211', 'NDCG@20': '0.0569'}
2025-06-19 19:53:43,997 - EarlyStopping counter: 8 out of 10
2025-06-19 19:54:06,729 - {'epoch': 56, 'rec_loss': '6.2800'}
2025-06-19 19:54:07,462 - {'Epoch': 56, 'HR@5': '0.0624', 'NDCG@5': '0.0414', 'HR@10': '0.0835', 'NDCG@10': '0.0482', 'HR@20': '0.1294', 'NDCG@20': '0.0595'}
2025-06-19 19:54:07,465 - Validation score increased.  Saving model ...
2025-06-19 19:54:30,179 - {'epoch': 57, 'rec_loss': '6.2597'}
2025-06-19 19:54:30,885 - {'Epoch': 57, 'HR@5': '0.0606', 'NDCG@5': '0.0395', 'HR@10': '0.0844', 'NDCG@10': '0.0471', 'HR@20': '0.1156', 'NDCG@20': '0.0551'}
2025-06-19 19:54:30,888 - EarlyStopping counter: 1 out of 10
2025-06-19 19:54:53,640 - {'epoch': 58, 'rec_loss': '6.2388'}
2025-06-19 19:54:54,377 - {'Epoch': 58, 'HR@5': '0.0596', 'NDCG@5': '0.0397', 'HR@10': '0.0835', 'NDCG@10': '0.0473', 'HR@20': '0.1257', 'NDCG@20': '0.0577'}
2025-06-19 19:54:54,380 - EarlyStopping counter: 2 out of 10
2025-06-19 19:55:17,125 - {'epoch': 59, 'rec_loss': '6.2341'}
2025-06-19 19:55:17,849 - {'Epoch': 59, 'HR@5': '0.0633', 'NDCG@5': '0.0418', 'HR@10': '0.0844', 'NDCG@10': '0.0485', 'HR@20': '0.1229', 'NDCG@20': '0.0581'}
2025-06-19 19:55:17,851 - EarlyStopping counter: 3 out of 10
2025-06-19 19:55:40,534 - {'epoch': 60, 'rec_loss': '6.2078'}
2025-06-19 19:55:41,273 - {'Epoch': 60, 'HR@5': '0.0569', 'NDCG@5': '0.0400', 'HR@10': '0.0826', 'NDCG@10': '0.0482', 'HR@20': '0.1211', 'NDCG@20': '0.0579'}
2025-06-19 19:55:41,275 - EarlyStopping counter: 4 out of 10
2025-06-19 19:56:03,941 - {'epoch': 61, 'rec_loss': '6.1824'}
2025-06-19 19:56:04,665 - {'Epoch': 61, 'HR@5': '0.0615', 'NDCG@5': '0.0423', 'HR@10': '0.0835', 'NDCG@10': '0.0493', 'HR@20': '0.1229', 'NDCG@20': '0.0594'}
2025-06-19 19:56:04,667 - EarlyStopping counter: 5 out of 10
2025-06-19 19:56:27,351 - {'epoch': 62, 'rec_loss': '6.1776'}
2025-06-19 19:56:28,044 - {'Epoch': 62, 'HR@5': '0.0596', 'NDCG@5': '0.0404', 'HR@10': '0.0862', 'NDCG@10': '0.0489', 'HR@20': '0.1303', 'NDCG@20': '0.0598'}
2025-06-19 19:56:28,047 - Validation score increased.  Saving model ...
2025-06-19 19:56:50,774 - {'epoch': 63, 'rec_loss': '6.1556'}
2025-06-19 19:56:51,462 - {'Epoch': 63, 'HR@5': '0.0596', 'NDCG@5': '0.0408', 'HR@10': '0.0853', 'NDCG@10': '0.0491', 'HR@20': '0.1257', 'NDCG@20': '0.0591'}
2025-06-19 19:56:51,465 - EarlyStopping counter: 1 out of 10
2025-06-19 19:57:14,146 - {'epoch': 64, 'rec_loss': '6.1309'}
2025-06-19 19:57:14,827 - {'Epoch': 64, 'HR@5': '0.0615', 'NDCG@5': '0.0413', 'HR@10': '0.0826', 'NDCG@10': '0.0481', 'HR@20': '0.1294', 'NDCG@20': '0.0597'}
2025-06-19 19:57:14,830 - EarlyStopping counter: 2 out of 10
2025-06-19 19:57:37,433 - {'epoch': 65, 'rec_loss': '6.1265'}
2025-06-19 19:57:38,136 - {'Epoch': 65, 'HR@5': '0.0596', 'NDCG@5': '0.0401', 'HR@10': '0.0853', 'NDCG@10': '0.0482', 'HR@20': '0.1303', 'NDCG@20': '0.0594'}
2025-06-19 19:57:38,138 - EarlyStopping counter: 3 out of 10
2025-06-19 19:58:00,765 - {'epoch': 66, 'rec_loss': '6.1088'}
2025-06-19 19:58:01,470 - {'Epoch': 66, 'HR@5': '0.0661', 'NDCG@5': '0.0423', 'HR@10': '0.0872', 'NDCG@10': '0.0492', 'HR@20': '0.1321', 'NDCG@20': '0.0603'}
2025-06-19 19:58:01,472 - Validation score increased.  Saving model ...
2025-06-19 19:58:24,172 - {'epoch': 67, 'rec_loss': '6.0910'}
2025-06-19 19:58:24,868 - {'Epoch': 67, 'HR@5': '0.0587', 'NDCG@5': '0.0402', 'HR@10': '0.0853', 'NDCG@10': '0.0489', 'HR@20': '0.1303', 'NDCG@20': '0.0601'}
2025-06-19 19:58:24,871 - EarlyStopping counter: 1 out of 10
2025-06-19 19:58:47,541 - {'epoch': 68, 'rec_loss': '6.0803'}
2025-06-19 19:58:48,228 - {'Epoch': 68, 'HR@5': '0.0578', 'NDCG@5': '0.0398', 'HR@10': '0.0872', 'NDCG@10': '0.0495', 'HR@20': '0.1303', 'NDCG@20': '0.0601'}
2025-06-19 19:58:48,230 - EarlyStopping counter: 2 out of 10
2025-06-19 19:59:10,923 - {'epoch': 69, 'rec_loss': '6.0638'}
2025-06-19 19:59:11,615 - {'Epoch': 69, 'HR@5': '0.0606', 'NDCG@5': '0.0390', 'HR@10': '0.0872', 'NDCG@10': '0.0477', 'HR@20': '0.1339', 'NDCG@20': '0.0593'}
2025-06-19 19:59:11,617 - EarlyStopping counter: 3 out of 10
2025-06-19 19:59:34,294 - {'epoch': 70, 'rec_loss': '6.0452'}
2025-06-19 19:59:34,955 - {'Epoch': 70, 'HR@5': '0.0633', 'NDCG@5': '0.0414', 'HR@10': '0.0835', 'NDCG@10': '0.0479', 'HR@20': '0.1275', 'NDCG@20': '0.0588'}
2025-06-19 19:59:34,957 - EarlyStopping counter: 4 out of 10
2025-06-19 19:59:57,632 - {'epoch': 71, 'rec_loss': '6.0392'}
2025-06-19 19:59:58,326 - {'Epoch': 71, 'HR@5': '0.0615', 'NDCG@5': '0.0418', 'HR@10': '0.0899', 'NDCG@10': '0.0510', 'HR@20': '0.1321', 'NDCG@20': '0.0613'}
2025-06-19 19:59:58,328 - Validation score increased.  Saving model ...
2025-06-19 20:00:20,935 - {'epoch': 72, 'rec_loss': '6.0232'}
2025-06-19 20:00:21,631 - {'Epoch': 72, 'HR@5': '0.0624', 'NDCG@5': '0.0414', 'HR@10': '0.0890', 'NDCG@10': '0.0500', 'HR@20': '0.1312', 'NDCG@20': '0.0604'}
2025-06-19 20:00:21,633 - EarlyStopping counter: 1 out of 10
2025-06-19 20:00:44,215 - {'epoch': 73, 'rec_loss': '6.0047'}
2025-06-19 20:00:44,908 - {'Epoch': 73, 'HR@5': '0.0661', 'NDCG@5': '0.0433', 'HR@10': '0.0881', 'NDCG@10': '0.0502', 'HR@20': '0.1349', 'NDCG@20': '0.0618'}
2025-06-19 20:00:44,910 - Validation score increased.  Saving model ...
2025-06-19 20:01:07,521 - {'epoch': 74, 'rec_loss': '5.9972'}
2025-06-19 20:01:08,202 - {'Epoch': 74, 'HR@5': '0.0615', 'NDCG@5': '0.0400', 'HR@10': '0.0917', 'NDCG@10': '0.0498', 'HR@20': '0.1275', 'NDCG@20': '0.0586'}
2025-06-19 20:01:08,204 - EarlyStopping counter: 1 out of 10
2025-06-19 20:01:30,869 - {'epoch': 75, 'rec_loss': '5.9848'}
2025-06-19 20:01:31,544 - {'Epoch': 75, 'HR@5': '0.0596', 'NDCG@5': '0.0401', 'HR@10': '0.0862', 'NDCG@10': '0.0488', 'HR@20': '0.1248', 'NDCG@20': '0.0584'}
2025-06-19 20:01:31,546 - EarlyStopping counter: 2 out of 10
2025-06-19 20:01:54,144 - {'epoch': 76, 'rec_loss': '5.9773'}
2025-06-19 20:01:54,841 - {'Epoch': 76, 'HR@5': '0.0615', 'NDCG@5': '0.0403', 'HR@10': '0.0872', 'NDCG@10': '0.0488', 'HR@20': '0.1294', 'NDCG@20': '0.0594'}
2025-06-19 20:01:54,843 - EarlyStopping counter: 3 out of 10
2025-06-19 20:02:17,474 - {'epoch': 77, 'rec_loss': '5.9540'}
2025-06-19 20:02:18,151 - {'Epoch': 77, 'HR@5': '0.0596', 'NDCG@5': '0.0404', 'HR@10': '0.0908', 'NDCG@10': '0.0507', 'HR@20': '0.1284', 'NDCG@20': '0.0601'}
2025-06-19 20:02:18,154 - EarlyStopping counter: 4 out of 10
2025-06-19 20:02:40,760 - {'epoch': 78, 'rec_loss': '5.9491'}
2025-06-19 20:02:41,434 - {'Epoch': 78, 'HR@5': '0.0615', 'NDCG@5': '0.0409', 'HR@10': '0.0908', 'NDCG@10': '0.0505', 'HR@20': '0.1312', 'NDCG@20': '0.0604'}
2025-06-19 20:02:41,436 - EarlyStopping counter: 5 out of 10
2025-06-19 20:03:04,127 - {'epoch': 79, 'rec_loss': '5.9326'}
2025-06-19 20:03:04,813 - {'Epoch': 79, 'HR@5': '0.0606', 'NDCG@5': '0.0404', 'HR@10': '0.0917', 'NDCG@10': '0.0506', 'HR@20': '0.1321', 'NDCG@20': '0.0606'}
2025-06-19 20:03:04,815 - EarlyStopping counter: 6 out of 10
2025-06-19 20:03:27,451 - {'epoch': 80, 'rec_loss': '5.9278'}
2025-06-19 20:03:28,136 - {'Epoch': 80, 'HR@5': '0.0587', 'NDCG@5': '0.0387', 'HR@10': '0.0862', 'NDCG@10': '0.0476', 'HR@20': '0.1303', 'NDCG@20': '0.0587'}
2025-06-19 20:03:28,138 - EarlyStopping counter: 7 out of 10
2025-06-19 20:03:50,728 - {'epoch': 81, 'rec_loss': '5.9148'}
2025-06-19 20:04:57,427 - {'Epoch': 81, 'HR@5': '0.0596', 'NDCG@5': '0.0394', 'HR@10': '0.0853', 'NDCG@10': '0.0477', 'HR@20': '0.1385', 'NDCG@20': '0.0608'}
2025-06-19 20:04:57,430 - EarlyStopping counter: 8 out of 10
2025-06-19 20:05:20,214 - {'epoch': 82, 'rec_loss': '5.9007'}
2025-06-19 20:05:20,933 - {'Epoch': 82, 'HR@5': '0.0661', 'NDCG@5': '0.0430', 'HR@10': '0.0890', 'NDCG@10': '0.0504', 'HR@20': '0.1303', 'NDCG@20': '0.0607'}
2025-06-19 20:05:20,935 - EarlyStopping counter: 9 out of 10
2025-06-19 20:05:43,564 - {'epoch': 83, 'rec_loss': '5.8966'}
2025-06-19 20:05:44,286 - {'Epoch': 83, 'HR@5': '0.0670', 'NDCG@5': '0.0421', 'HR@10': '0.0872', 'NDCG@10': '0.0486', 'HR@20': '0.1312', 'NDCG@20': '0.0595'}
2025-06-19 20:05:44,289 - EarlyStopping counter: 10 out of 10
2025-06-19 20:05:44,289 - Early stopping
2025-06-19 20:05:44,290 - ---------------Test Score---------------
2025-06-19 20:05:44,983 - {'Epoch': 0, 'HR@5': '0.0505', 'NDCG@5': '0.0329', 'HR@10': '0.0633', 'NDCG@10': '0.0370', 'HR@20': '0.0908', 'NDCG@20': '0.0439'}
2025-06-19 20:05:44,986 - FEARec_LastFM_46
2025-06-19 20:05:44,986 - {'Epoch': 0, 'HR@5': '0.0505', 'NDCG@5': '0.0329', 'HR@10': '0.0633', 'NDCG@10': '0.0370', 'HR@20': '0.0908', 'NDCG@20': '0.0439'}
