2025-06-13 23:05:46,904 - Namespace(data_dir='data/self_processed/', output_dir='hparam_search/', data_name='Diginetica', train_name='BSARec_Diginetica', num_items=10, num_users=14829, lr=0.001, batch_size=256, epochs=200, no_cuda=False, log_freq=1, patience=10, num_workers=4, seed=42, weight_decay=0.0, adam_beta1=0.9, adam_beta2=0.999, gpu_id='0', variance=5, model_type='BSARec', max_seq_length=50, hidden_size=64, num_hidden_layers=2, hidden_act='gelu', num_attention_heads=2, attention_probs_dropout_prob=0.5, hidden_dropout_prob=0.5, initializer_range=0.02, c=3, alpha=0.3, cuda_condition=True, data_file='data/self_processed/Diginetica.txt', item_size=9441, checkpoint_path=PosixPath('/gpfs/home3/scur2771/BSARec/BSARec/src/hparam_search/BSARec_Diginetica/12367757_32/model.pt'), same_target_path='data/self_processed/Diginetica_same_target.npy')
2025-06-13 23:05:46,921 - BSARecModel(
  (item_embeddings): Embedding(9441, 64, padding_idx=0)
  (position_embeddings): Embedding(50, 64)
  (LayerNorm): LayerNorm()
  (dropout): Dropout(p=0.5, inplace=False)
  (item_encoder): BSARecEncoder(
    (blocks): ModuleList(
      (0): BSARecBlock(
        (layer): BSARecLayer(
          (filter_layer): FrequencyLayer(
            (out_dropout): Dropout(p=0.5, inplace=False)
            (LayerNorm): LayerNorm()
          )
          (attention_layer): MultiHeadAttention(
            (query): Linear(in_features=64, out_features=64, bias=True)
            (key): Linear(in_features=64, out_features=64, bias=True)
            (value): Linear(in_features=64, out_features=64, bias=True)
            (softmax): Softmax(dim=-1)
            (attn_dropout): Dropout(p=0.5, inplace=False)
            (dense): Linear(in_features=64, out_features=64, bias=True)
            (LayerNorm): LayerNorm((64,), eps=1e-12, elementwise_affine=True)
            (out_dropout): Dropout(p=0.5, inplace=False)
          )
        )
        (feed_forward): FeedForward(
          (dense_1): Linear(in_features=64, out_features=256, bias=True)
          (dense_2): Linear(in_features=256, out_features=64, bias=True)
          (LayerNorm): LayerNorm()
          (dropout): Dropout(p=0.5, inplace=False)
        )
      )
      (1): BSARecBlock(
        (layer): BSARecLayer(
          (filter_layer): FrequencyLayer(
            (out_dropout): Dropout(p=0.5, inplace=False)
            (LayerNorm): LayerNorm()
          )
          (attention_layer): MultiHeadAttention(
            (query): Linear(in_features=64, out_features=64, bias=True)
            (key): Linear(in_features=64, out_features=64, bias=True)
            (value): Linear(in_features=64, out_features=64, bias=True)
            (softmax): Softmax(dim=-1)
            (attn_dropout): Dropout(p=0.5, inplace=False)
            (dense): Linear(in_features=64, out_features=64, bias=True)
            (LayerNorm): LayerNorm((64,), eps=1e-12, elementwise_affine=True)
            (out_dropout): Dropout(p=0.5, inplace=False)
          )
        )
        (feed_forward): FeedForward(
          (dense_1): Linear(in_features=64, out_features=256, bias=True)
          (dense_2): Linear(in_features=256, out_features=64, bias=True)
          (LayerNorm): LayerNorm()
          (dropout): Dropout(p=0.5, inplace=False)
        )
      )
    )
  )
)
2025-06-13 23:05:49,081 - Total Parameters: 707904
2025-06-13 23:05:57,574 - {'epoch': 0, 'rec_loss': '8.6684'}
2025-06-13 23:06:01,845 - {'Epoch': 0, 'HR@5': '0.0356', 'NDCG@5': '0.0243', 'HR@10': '0.0506', 'NDCG@10': '0.0292', 'HR@20': '0.0695', 'NDCG@20': '0.0340'}
2025-06-13 23:06:01,847 - Validation score increased.  Saving model ...
2025-06-13 23:06:09,401 - {'epoch': 1, 'rec_loss': '7.4759'}
2025-06-13 23:06:13,605 - {'Epoch': 1, 'HR@5': '0.1004', 'NDCG@5': '0.0655', 'HR@10': '0.1527', 'NDCG@10': '0.0823', 'HR@20': '0.2136', 'NDCG@20': '0.0976'}
2025-06-13 23:06:13,606 - Validation score increased.  Saving model ...
2025-06-13 23:06:21,127 - {'epoch': 2, 'rec_loss': '6.2228'}
2025-06-13 23:06:25,460 - {'Epoch': 2, 'HR@5': '0.1339', 'NDCG@5': '0.0880', 'HR@10': '0.2038', 'NDCG@10': '0.1106', 'HR@20': '0.2837', 'NDCG@20': '0.1308'}
2025-06-13 23:06:25,462 - Validation score increased.  Saving model ...
2025-06-13 23:06:32,866 - {'epoch': 3, 'rec_loss': '5.5163'}
2025-06-13 23:06:37,234 - {'Epoch': 3, 'HR@5': '0.1530', 'NDCG@5': '0.1004', 'HR@10': '0.2261', 'NDCG@10': '0.1240', 'HR@20': '0.3193', 'NDCG@20': '0.1475'}
2025-06-13 23:06:37,236 - Validation score increased.  Saving model ...
2025-06-13 23:06:44,700 - {'epoch': 4, 'rec_loss': '5.1774'}
2025-06-13 23:06:48,974 - {'Epoch': 4, 'HR@5': '0.1572', 'NDCG@5': '0.1038', 'HR@10': '0.2410', 'NDCG@10': '0.1308', 'HR@20': '0.3374', 'NDCG@20': '0.1551'}
2025-06-13 23:06:48,976 - Validation score increased.  Saving model ...
2025-06-13 23:06:56,470 - {'epoch': 5, 'rec_loss': '5.0197'}
2025-06-13 23:07:00,856 - {'Epoch': 5, 'HR@5': '0.1637', 'NDCG@5': '0.1077', 'HR@10': '0.2480', 'NDCG@10': '0.1349', 'HR@20': '0.3467', 'NDCG@20': '0.1598'}
2025-06-13 23:07:00,858 - Validation score increased.  Saving model ...
2025-06-13 23:07:08,353 - {'epoch': 6, 'rec_loss': '4.9250'}
2025-06-13 23:07:12,742 - {'Epoch': 6, 'HR@5': '0.1668', 'NDCG@5': '0.1097', 'HR@10': '0.2516', 'NDCG@10': '0.1370', 'HR@20': '0.3526', 'NDCG@20': '0.1626'}
2025-06-13 23:07:12,744 - Validation score increased.  Saving model ...
2025-06-13 23:07:20,145 - {'epoch': 7, 'rec_loss': '4.8677'}
2025-06-13 23:07:24,561 - {'Epoch': 7, 'HR@5': '0.1664', 'NDCG@5': '0.1090', 'HR@10': '0.2550', 'NDCG@10': '0.1375', 'HR@20': '0.3545', 'NDCG@20': '0.1627'}
2025-06-13 23:07:24,563 - Validation score increased.  Saving model ...
2025-06-13 23:07:32,018 - {'epoch': 8, 'rec_loss': '4.8241'}
2025-06-13 23:07:36,494 - {'Epoch': 8, 'HR@5': '0.1694', 'NDCG@5': '0.1105', 'HR@10': '0.2551', 'NDCG@10': '0.1380', 'HR@20': '0.3573', 'NDCG@20': '0.1639'}
2025-06-13 23:07:36,495 - Validation score increased.  Saving model ...
2025-06-13 23:07:43,919 - {'epoch': 9, 'rec_loss': '4.7889'}
2025-06-13 23:07:48,309 - {'Epoch': 9, 'HR@5': '0.1728', 'NDCG@5': '0.1114', 'HR@10': '0.2574', 'NDCG@10': '0.1385', 'HR@20': '0.3589', 'NDCG@20': '0.1641'}
2025-06-13 23:07:48,310 - Validation score increased.  Saving model ...
2025-06-13 23:07:55,706 - {'epoch': 10, 'rec_loss': '4.7625'}
2025-06-13 23:08:00,119 - {'Epoch': 10, 'HR@5': '0.1685', 'NDCG@5': '0.1107', 'HR@10': '0.2548', 'NDCG@10': '0.1384', 'HR@20': '0.3605', 'NDCG@20': '0.1652'}
2025-06-13 23:08:00,120 - Validation score increased.  Saving model ...
2025-06-13 23:08:07,595 - {'epoch': 11, 'rec_loss': '4.7331'}
2025-06-13 23:08:12,007 - {'Epoch': 11, 'HR@5': '0.1701', 'NDCG@5': '0.1118', 'HR@10': '0.2553', 'NDCG@10': '0.1393', 'HR@20': '0.3573', 'NDCG@20': '0.1651'}
2025-06-13 23:08:12,010 - EarlyStopping counter: 1 out of 10
2025-06-13 23:08:19,479 - {'epoch': 12, 'rec_loss': '4.7107'}
2025-06-13 23:08:23,878 - {'Epoch': 12, 'HR@5': '0.1698', 'NDCG@5': '0.1115', 'HR@10': '0.2584', 'NDCG@10': '0.1399', 'HR@20': '0.3584', 'NDCG@20': '0.1652'}
2025-06-13 23:08:23,880 - Validation score increased.  Saving model ...
2025-06-13 23:08:31,313 - {'epoch': 13, 'rec_loss': '4.6986'}
2025-06-13 23:08:35,704 - {'Epoch': 13, 'HR@5': '0.1678', 'NDCG@5': '0.1109', 'HR@10': '0.2597', 'NDCG@10': '0.1406', 'HR@20': '0.3599', 'NDCG@20': '0.1660'}
2025-06-13 23:08:35,706 - Validation score increased.  Saving model ...
2025-06-13 23:08:43,089 - {'epoch': 14, 'rec_loss': '4.6786'}
2025-06-13 23:08:47,527 - {'Epoch': 14, 'HR@5': '0.1731', 'NDCG@5': '0.1129', 'HR@10': '0.2580', 'NDCG@10': '0.1402', 'HR@20': '0.3599', 'NDCG@20': '0.1660'}
2025-06-13 23:08:47,529 - Validation score increased.  Saving model ...
2025-06-13 23:08:55,142 - {'epoch': 15, 'rec_loss': '4.6688'}
2025-06-13 23:08:59,583 - {'Epoch': 15, 'HR@5': '0.1688', 'NDCG@5': '0.1116', 'HR@10': '0.2599', 'NDCG@10': '0.1410', 'HR@20': '0.3609', 'NDCG@20': '0.1666'}
2025-06-13 23:08:59,585 - Validation score increased.  Saving model ...
2025-06-13 23:09:07,064 - {'epoch': 16, 'rec_loss': '4.6489'}
2025-06-13 23:09:11,410 - {'Epoch': 16, 'HR@5': '0.1702', 'NDCG@5': '0.1110', 'HR@10': '0.2559', 'NDCG@10': '0.1385', 'HR@20': '0.3591', 'NDCG@20': '0.1646'}
2025-06-13 23:09:11,412 - EarlyStopping counter: 1 out of 10
2025-06-13 23:09:18,929 - {'epoch': 17, 'rec_loss': '4.6381'}
2025-06-13 23:09:23,271 - {'Epoch': 17, 'HR@5': '0.1704', 'NDCG@5': '0.1113', 'HR@10': '0.2598', 'NDCG@10': '0.1402', 'HR@20': '0.3589', 'NDCG@20': '0.1652'}
2025-06-13 23:09:23,273 - EarlyStopping counter: 2 out of 10
2025-06-13 23:09:30,768 - {'epoch': 18, 'rec_loss': '4.6256'}
2025-06-13 23:09:35,205 - {'Epoch': 18, 'HR@5': '0.1727', 'NDCG@5': '0.1132', 'HR@10': '0.2596', 'NDCG@10': '0.1412', 'HR@20': '0.3603', 'NDCG@20': '0.1666'}
2025-06-13 23:09:35,207 - EarlyStopping counter: 3 out of 10
2025-06-13 23:09:42,658 - {'epoch': 19, 'rec_loss': '4.6157'}
2025-06-13 23:09:47,078 - {'Epoch': 19, 'HR@5': '0.1720', 'NDCG@5': '0.1120', 'HR@10': '0.2570', 'NDCG@10': '0.1393', 'HR@20': '0.3591', 'NDCG@20': '0.1651'}
2025-06-13 23:09:47,081 - EarlyStopping counter: 4 out of 10
2025-06-13 23:09:54,585 - {'epoch': 20, 'rec_loss': '4.6018'}
2025-06-13 23:09:59,006 - {'Epoch': 20, 'HR@5': '0.1727', 'NDCG@5': '0.1130', 'HR@10': '0.2604', 'NDCG@10': '0.1412', 'HR@20': '0.3635', 'NDCG@20': '0.1672'}
2025-06-13 23:09:59,008 - Validation score increased.  Saving model ...
2025-06-13 23:10:06,559 - {'epoch': 21, 'rec_loss': '4.5950'}
2025-06-13 23:10:11,014 - {'Epoch': 21, 'HR@5': '0.1739', 'NDCG@5': '0.1130', 'HR@10': '0.2594', 'NDCG@10': '0.1405', 'HR@20': '0.3615', 'NDCG@20': '0.1665'}
2025-06-13 23:10:11,016 - EarlyStopping counter: 1 out of 10
2025-06-13 23:10:18,496 - {'epoch': 22, 'rec_loss': '4.5905'}
2025-06-13 23:10:22,862 - {'Epoch': 22, 'HR@5': '0.1716', 'NDCG@5': '0.1136', 'HR@10': '0.2619', 'NDCG@10': '0.1426', 'HR@20': '0.3617', 'NDCG@20': '0.1678'}
2025-06-13 23:10:22,864 - Validation score increased.  Saving model ...
2025-06-13 23:10:30,388 - {'epoch': 23, 'rec_loss': '4.5761'}
2025-06-13 23:10:34,841 - {'Epoch': 23, 'HR@5': '0.1702', 'NDCG@5': '0.1111', 'HR@10': '0.2558', 'NDCG@10': '0.1387', 'HR@20': '0.3605', 'NDCG@20': '0.1651'}
2025-06-13 23:10:34,843 - EarlyStopping counter: 1 out of 10
2025-06-13 23:10:42,277 - {'epoch': 24, 'rec_loss': '4.5707'}
2025-06-13 23:10:46,645 - {'Epoch': 24, 'HR@5': '0.1712', 'NDCG@5': '0.1121', 'HR@10': '0.2600', 'NDCG@10': '0.1407', 'HR@20': '0.3605', 'NDCG@20': '0.1661'}
2025-06-13 23:10:46,646 - EarlyStopping counter: 2 out of 10
2025-06-13 23:10:54,274 - {'epoch': 25, 'rec_loss': '4.5589'}
2025-06-13 23:10:58,753 - {'Epoch': 25, 'HR@5': '0.1745', 'NDCG@5': '0.1152', 'HR@10': '0.2592', 'NDCG@10': '0.1425', 'HR@20': '0.3607', 'NDCG@20': '0.1682'}
2025-06-13 23:10:58,755 - Validation score increased.  Saving model ...
2025-06-13 23:11:06,272 - {'epoch': 26, 'rec_loss': '4.5529'}
2025-06-13 23:11:10,692 - {'Epoch': 26, 'HR@5': '0.1708', 'NDCG@5': '0.1125', 'HR@10': '0.2593', 'NDCG@10': '0.1410', 'HR@20': '0.3608', 'NDCG@20': '0.1667'}
2025-06-13 23:11:10,694 - EarlyStopping counter: 1 out of 10
2025-06-13 23:11:18,270 - {'epoch': 27, 'rec_loss': '4.5494'}
2025-06-13 23:11:22,654 - {'Epoch': 27, 'HR@5': '0.1738', 'NDCG@5': '0.1135', 'HR@10': '0.2586', 'NDCG@10': '0.1408', 'HR@20': '0.3599', 'NDCG@20': '0.1665'}
2025-06-13 23:11:22,657 - EarlyStopping counter: 2 out of 10
2025-06-13 23:11:30,131 - {'epoch': 28, 'rec_loss': '4.5385'}
2025-06-13 23:11:34,529 - {'Epoch': 28, 'HR@5': '0.1740', 'NDCG@5': '0.1146', 'HR@10': '0.2595', 'NDCG@10': '0.1422', 'HR@20': '0.3615', 'NDCG@20': '0.1680'}
2025-06-13 23:11:34,531 - EarlyStopping counter: 3 out of 10
2025-06-13 23:11:41,958 - {'epoch': 29, 'rec_loss': '4.5348'}
2025-06-13 23:11:46,288 - {'Epoch': 29, 'HR@5': '0.1714', 'NDCG@5': '0.1135', 'HR@10': '0.2559', 'NDCG@10': '0.1407', 'HR@20': '0.3576', 'NDCG@20': '0.1664'}
2025-06-13 23:11:46,290 - EarlyStopping counter: 4 out of 10
2025-06-13 23:11:53,730 - {'epoch': 30, 'rec_loss': '4.5311'}
2025-06-13 23:11:58,078 - {'Epoch': 30, 'HR@5': '0.1710', 'NDCG@5': '0.1115', 'HR@10': '0.2600', 'NDCG@10': '0.1402', 'HR@20': '0.3631', 'NDCG@20': '0.1662'}
2025-06-13 23:11:58,079 - EarlyStopping counter: 5 out of 10
2025-06-13 23:12:05,654 - {'epoch': 31, 'rec_loss': '4.5200'}
2025-06-13 23:12:10,039 - {'Epoch': 31, 'HR@5': '0.1728', 'NDCG@5': '0.1136', 'HR@10': '0.2606', 'NDCG@10': '0.1419', 'HR@20': '0.3617', 'NDCG@20': '0.1674'}
2025-06-13 23:12:10,041 - EarlyStopping counter: 6 out of 10
2025-06-13 23:12:17,573 - {'epoch': 32, 'rec_loss': '4.5149'}
2025-06-13 23:12:22,035 - {'Epoch': 32, 'HR@5': '0.1716', 'NDCG@5': '0.1120', 'HR@10': '0.2608', 'NDCG@10': '0.1409', 'HR@20': '0.3616', 'NDCG@20': '0.1663'}
2025-06-13 23:12:22,037 - EarlyStopping counter: 7 out of 10
2025-06-13 23:12:29,532 - {'epoch': 33, 'rec_loss': '4.5097'}
2025-06-13 23:12:33,982 - {'Epoch': 33, 'HR@5': '0.1720', 'NDCG@5': '0.1134', 'HR@10': '0.2586', 'NDCG@10': '0.1413', 'HR@20': '0.3617', 'NDCG@20': '0.1675'}
2025-06-13 23:12:33,984 - EarlyStopping counter: 8 out of 10
2025-06-13 23:12:41,379 - {'epoch': 34, 'rec_loss': '4.5050'}
2025-06-13 23:12:45,812 - {'Epoch': 34, 'HR@5': '0.1751', 'NDCG@5': '0.1145', 'HR@10': '0.2603', 'NDCG@10': '0.1420', 'HR@20': '0.3584', 'NDCG@20': '0.1668'}
2025-06-13 23:12:45,815 - EarlyStopping counter: 9 out of 10
2025-06-13 23:12:53,319 - {'epoch': 35, 'rec_loss': '4.5007'}
2025-06-13 23:12:57,692 - {'Epoch': 35, 'HR@5': '0.1705', 'NDCG@5': '0.1117', 'HR@10': '0.2594', 'NDCG@10': '0.1403', 'HR@20': '0.3591', 'NDCG@20': '0.1654'}
2025-06-13 23:12:57,693 - EarlyStopping counter: 10 out of 10
2025-06-13 23:12:57,694 - Early stopping
2025-06-13 23:12:57,694 - ---------------Validation Score---------------
2025-06-13 23:13:02,052 - {'Epoch': 0, 'HR@5': '0.1745', 'NDCG@5': '0.1152', 'HR@10': '0.2592', 'NDCG@10': '0.1425', 'HR@20': '0.3607', 'NDCG@20': '0.1682'}
2025-06-13 23:13:02,053 - BSARec_Diginetica
2025-06-13 23:13:02,053 - {'Epoch': 0, 'HR@5': '0.1745', 'NDCG@5': '0.1152', 'HR@10': '0.2592', 'NDCG@10': '0.1425', 'HR@20': '0.3607', 'NDCG@20': '0.1682'}
