2025-06-13 22:42:38,411 - Namespace(data_dir='data/self_processed/', output_dir='hparam_search/', data_name='Diginetica', train_name='BSARec_Diginetica', num_items=10, num_users=14829, lr=0.001, batch_size=256, epochs=200, no_cuda=False, log_freq=1, patience=10, num_workers=4, seed=42, weight_decay=0.0, adam_beta1=0.9, adam_beta2=0.999, gpu_id='0', variance=5, model_type='BSARec', max_seq_length=50, hidden_size=64, num_hidden_layers=2, hidden_act='gelu', num_attention_heads=1, attention_probs_dropout_prob=0.5, hidden_dropout_prob=0.5, initializer_range=0.02, c=3, alpha=0.1, cuda_condition=True, data_file='data/self_processed/Diginetica.txt', item_size=9441, checkpoint_path=PosixPath('/gpfs/home3/scur2771/BSARec/BSARec/src/hparam_search/BSARec_Diginetica/12367757_6/model.pt'), same_target_path='data/self_processed/Diginetica_same_target.npy')
2025-06-13 22:42:38,429 - BSARecModel(
  (item_embeddings): Embedding(9441, 64, padding_idx=0)
  (position_embeddings): Embedding(50, 64)
  (LayerNorm): LayerNorm()
  (dropout): Dropout(p=0.5, inplace=False)
  (item_encoder): BSARecEncoder(
    (blocks): ModuleList(
      (0): BSARecBlock(
        (layer): BSARecLayer(
          (filter_layer): FrequencyLayer(
            (out_dropout): Dropout(p=0.5, inplace=False)
            (LayerNorm): LayerNorm()
          )
          (attention_layer): MultiHeadAttention(
            (query): Linear(in_features=64, out_features=64, bias=True)
            (key): Linear(in_features=64, out_features=64, bias=True)
            (value): Linear(in_features=64, out_features=64, bias=True)
            (softmax): Softmax(dim=-1)
            (attn_dropout): Dropout(p=0.5, inplace=False)
            (dense): Linear(in_features=64, out_features=64, bias=True)
            (LayerNorm): LayerNorm((64,), eps=1e-12, elementwise_affine=True)
            (out_dropout): Dropout(p=0.5, inplace=False)
          )
        )
        (feed_forward): FeedForward(
          (dense_1): Linear(in_features=64, out_features=256, bias=True)
          (dense_2): Linear(in_features=256, out_features=64, bias=True)
          (LayerNorm): LayerNorm()
          (dropout): Dropout(p=0.5, inplace=False)
        )
      )
      (1): BSARecBlock(
        (layer): BSARecLayer(
          (filter_layer): FrequencyLayer(
            (out_dropout): Dropout(p=0.5, inplace=False)
            (LayerNorm): LayerNorm()
          )
          (attention_layer): MultiHeadAttention(
            (query): Linear(in_features=64, out_features=64, bias=True)
            (key): Linear(in_features=64, out_features=64, bias=True)
            (value): Linear(in_features=64, out_features=64, bias=True)
            (softmax): Softmax(dim=-1)
            (attn_dropout): Dropout(p=0.5, inplace=False)
            (dense): Linear(in_features=64, out_features=64, bias=True)
            (LayerNorm): LayerNorm((64,), eps=1e-12, elementwise_affine=True)
            (out_dropout): Dropout(p=0.5, inplace=False)
          )
        )
        (feed_forward): FeedForward(
          (dense_1): Linear(in_features=64, out_features=256, bias=True)
          (dense_2): Linear(in_features=256, out_features=64, bias=True)
          (LayerNorm): LayerNorm()
          (dropout): Dropout(p=0.5, inplace=False)
        )
      )
    )
  )
)
2025-06-13 22:42:40,678 - Total Parameters: 707904
2025-06-13 22:42:49,099 - {'epoch': 0, 'rec_loss': '8.6664'}
2025-06-13 22:42:53,336 - {'Epoch': 0, 'HR@5': '0.0359', 'NDCG@5': '0.0251', 'HR@10': '0.0508', 'NDCG@10': '0.0298', 'HR@20': '0.0710', 'NDCG@20': '0.0349'}
2025-06-13 22:42:53,337 - Validation score increased.  Saving model ...
2025-06-13 22:43:00,723 - {'epoch': 1, 'rec_loss': '7.4599'}
2025-06-13 22:43:05,117 - {'Epoch': 1, 'HR@5': '0.1039', 'NDCG@5': '0.0678', 'HR@10': '0.1557', 'NDCG@10': '0.0845', 'HR@20': '0.2157', 'NDCG@20': '0.0996'}
2025-06-13 22:43:05,123 - Validation score increased.  Saving model ...
2025-06-13 22:43:12,427 - {'epoch': 2, 'rec_loss': '6.2227'}
2025-06-13 22:43:16,788 - {'Epoch': 2, 'HR@5': '0.1368', 'NDCG@5': '0.0891', 'HR@10': '0.2034', 'NDCG@10': '0.1106', 'HR@20': '0.2857', 'NDCG@20': '0.1314'}
2025-06-13 22:43:16,791 - Validation score increased.  Saving model ...
2025-06-13 22:43:24,181 - {'epoch': 3, 'rec_loss': '5.5345'}
2025-06-13 22:43:28,585 - {'Epoch': 3, 'HR@5': '0.1532', 'NDCG@5': '0.1007', 'HR@10': '0.2277', 'NDCG@10': '0.1246', 'HR@20': '0.3234', 'NDCG@20': '0.1488'}
2025-06-13 22:43:28,587 - Validation score increased.  Saving model ...
2025-06-13 22:43:36,010 - {'epoch': 4, 'rec_loss': '5.2092'}
2025-06-13 22:43:40,345 - {'Epoch': 4, 'HR@5': '0.1607', 'NDCG@5': '0.1051', 'HR@10': '0.2423', 'NDCG@10': '0.1313', 'HR@20': '0.3379', 'NDCG@20': '0.1555'}
2025-06-13 22:43:40,347 - Validation score increased.  Saving model ...
2025-06-13 22:43:47,684 - {'epoch': 5, 'rec_loss': '5.0489'}
2025-06-13 22:43:52,057 - {'Epoch': 5, 'HR@5': '0.1652', 'NDCG@5': '0.1083', 'HR@10': '0.2474', 'NDCG@10': '0.1346', 'HR@20': '0.3456', 'NDCG@20': '0.1595'}
2025-06-13 22:43:52,058 - Validation score increased.  Saving model ...
2025-06-13 22:43:59,417 - {'epoch': 6, 'rec_loss': '4.9591'}
2025-06-13 22:44:03,811 - {'Epoch': 6, 'HR@5': '0.1681', 'NDCG@5': '0.1101', 'HR@10': '0.2522', 'NDCG@10': '0.1373', 'HR@20': '0.3522', 'NDCG@20': '0.1626'}
2025-06-13 22:44:03,814 - Validation score increased.  Saving model ...
2025-06-13 22:44:11,327 - {'epoch': 7, 'rec_loss': '4.9010'}
2025-06-13 22:44:15,771 - {'Epoch': 7, 'HR@5': '0.1688', 'NDCG@5': '0.1110', 'HR@10': '0.2551', 'NDCG@10': '0.1386', 'HR@20': '0.3554', 'NDCG@20': '0.1640'}
2025-06-13 22:44:15,772 - Validation score increased.  Saving model ...
2025-06-13 22:44:23,294 - {'epoch': 8, 'rec_loss': '4.8561'}
2025-06-13 22:44:27,652 - {'Epoch': 8, 'HR@5': '0.1692', 'NDCG@5': '0.1101', 'HR@10': '0.2563', 'NDCG@10': '0.1382', 'HR@20': '0.3564', 'NDCG@20': '0.1634'}
2025-06-13 22:44:27,653 - EarlyStopping counter: 1 out of 10
2025-06-13 22:44:35,044 - {'epoch': 9, 'rec_loss': '4.8188'}
2025-06-13 22:44:39,520 - {'Epoch': 9, 'HR@5': '0.1714', 'NDCG@5': '0.1116', 'HR@10': '0.2549', 'NDCG@10': '0.1384', 'HR@20': '0.3588', 'NDCG@20': '0.1647'}
2025-06-13 22:44:39,525 - Validation score increased.  Saving model ...
2025-06-13 22:44:46,864 - {'epoch': 10, 'rec_loss': '4.7892'}
2025-06-13 22:44:51,130 - {'Epoch': 10, 'HR@5': '0.1678', 'NDCG@5': '0.1099', 'HR@10': '0.2549', 'NDCG@10': '0.1379', 'HR@20': '0.3595', 'NDCG@20': '0.1644'}
2025-06-13 22:44:51,132 - EarlyStopping counter: 1 out of 10
2025-06-13 22:44:58,456 - {'epoch': 11, 'rec_loss': '4.7640'}
2025-06-13 22:45:02,986 - {'Epoch': 11, 'HR@5': '0.1696', 'NDCG@5': '0.1113', 'HR@10': '0.2561', 'NDCG@10': '0.1393', 'HR@20': '0.3586', 'NDCG@20': '0.1652'}
2025-06-13 22:45:02,987 - Validation score increased.  Saving model ...
2025-06-13 22:45:10,393 - {'epoch': 12, 'rec_loss': '4.7433'}
2025-06-13 22:45:14,834 - {'Epoch': 12, 'HR@5': '0.1695', 'NDCG@5': '0.1093', 'HR@10': '0.2546', 'NDCG@10': '0.1368', 'HR@20': '0.3614', 'NDCG@20': '0.1638'}
2025-06-13 22:45:14,835 - EarlyStopping counter: 1 out of 10
2025-06-13 22:45:22,225 - {'epoch': 13, 'rec_loss': '4.7285'}
2025-06-13 22:45:26,627 - {'Epoch': 13, 'HR@5': '0.1699', 'NDCG@5': '0.1114', 'HR@10': '0.2592', 'NDCG@10': '0.1402', 'HR@20': '0.3591', 'NDCG@20': '0.1655'}
2025-06-13 22:45:26,629 - Validation score increased.  Saving model ...
2025-06-13 22:45:34,071 - {'epoch': 14, 'rec_loss': '4.7091'}
2025-06-13 22:45:38,478 - {'Epoch': 14, 'HR@5': '0.1722', 'NDCG@5': '0.1123', 'HR@10': '0.2578', 'NDCG@10': '0.1399', 'HR@20': '0.3589', 'NDCG@20': '0.1654'}
2025-06-13 22:45:38,480 - EarlyStopping counter: 1 out of 10
2025-06-13 22:45:45,793 - {'epoch': 15, 'rec_loss': '4.6988'}
2025-06-13 22:45:50,202 - {'Epoch': 15, 'HR@5': '0.1699', 'NDCG@5': '0.1114', 'HR@10': '0.2583', 'NDCG@10': '0.1399', 'HR@20': '0.3609', 'NDCG@20': '0.1658'}
2025-06-13 22:45:50,204 - Validation score increased.  Saving model ...
2025-06-13 22:45:57,596 - {'epoch': 16, 'rec_loss': '4.6838'}
2025-06-13 22:46:02,053 - {'Epoch': 16, 'HR@5': '0.1689', 'NDCG@5': '0.1105', 'HR@10': '0.2554', 'NDCG@10': '0.1383', 'HR@20': '0.3591', 'NDCG@20': '0.1645'}
2025-06-13 22:46:02,055 - EarlyStopping counter: 1 out of 10
2025-06-13 22:46:09,430 - {'epoch': 17, 'rec_loss': '4.6712'}
2025-06-13 22:46:13,760 - {'Epoch': 17, 'HR@5': '0.1716', 'NDCG@5': '0.1114', 'HR@10': '0.2575', 'NDCG@10': '0.1391', 'HR@20': '0.3587', 'NDCG@20': '0.1647'}
2025-06-13 22:46:13,761 - EarlyStopping counter: 2 out of 10
2025-06-13 22:46:21,159 - {'epoch': 18, 'rec_loss': '4.6580'}
2025-06-13 22:46:25,570 - {'Epoch': 18, 'HR@5': '0.1724', 'NDCG@5': '0.1127', 'HR@10': '0.2575', 'NDCG@10': '0.1401', 'HR@20': '0.3595', 'NDCG@20': '0.1658'}
2025-06-13 22:46:25,572 - EarlyStopping counter: 3 out of 10
2025-06-13 22:46:32,894 - {'epoch': 19, 'rec_loss': '4.6511'}
2025-06-13 22:46:37,365 - {'Epoch': 19, 'HR@5': '0.1702', 'NDCG@5': '0.1105', 'HR@10': '0.2574', 'NDCG@10': '0.1386', 'HR@20': '0.3604', 'NDCG@20': '0.1646'}
2025-06-13 22:46:37,366 - EarlyStopping counter: 4 out of 10
2025-06-13 22:46:44,726 - {'epoch': 20, 'rec_loss': '4.6393'}
2025-06-13 22:46:49,160 - {'Epoch': 20, 'HR@5': '0.1720', 'NDCG@5': '0.1120', 'HR@10': '0.2611', 'NDCG@10': '0.1407', 'HR@20': '0.3616', 'NDCG@20': '0.1660'}
2025-06-13 22:46:49,161 - Validation score increased.  Saving model ...
2025-06-13 22:46:56,534 - {'epoch': 21, 'rec_loss': '4.6306'}
2025-06-13 22:47:00,949 - {'Epoch': 21, 'HR@5': '0.1722', 'NDCG@5': '0.1118', 'HR@10': '0.2595', 'NDCG@10': '0.1399', 'HR@20': '0.3615', 'NDCG@20': '0.1657'}
2025-06-13 22:47:00,951 - EarlyStopping counter: 1 out of 10
2025-06-13 22:47:08,434 - {'epoch': 22, 'rec_loss': '4.6289'}
2025-06-13 22:47:12,908 - {'Epoch': 22, 'HR@5': '0.1732', 'NDCG@5': '0.1121', 'HR@10': '0.2597', 'NDCG@10': '0.1400', 'HR@20': '0.3642', 'NDCG@20': '0.1664'}
2025-06-13 22:47:12,910 - Validation score increased.  Saving model ...
2025-06-13 22:47:20,200 - {'epoch': 23, 'rec_loss': '4.6130'}
2025-06-13 22:47:24,554 - {'Epoch': 23, 'HR@5': '0.1702', 'NDCG@5': '0.1103', 'HR@10': '0.2559', 'NDCG@10': '0.1380', 'HR@20': '0.3593', 'NDCG@20': '0.1641'}
2025-06-13 22:47:24,556 - EarlyStopping counter: 1 out of 10
2025-06-13 22:47:31,891 - {'epoch': 24, 'rec_loss': '4.6080'}
2025-06-13 22:47:36,334 - {'Epoch': 24, 'HR@5': '0.1698', 'NDCG@5': '0.1105', 'HR@10': '0.2594', 'NDCG@10': '0.1394', 'HR@20': '0.3630', 'NDCG@20': '0.1655'}
2025-06-13 22:47:36,335 - EarlyStopping counter: 2 out of 10
2025-06-13 22:47:43,651 - {'epoch': 25, 'rec_loss': '4.5944'}
2025-06-13 22:47:48,015 - {'Epoch': 25, 'HR@5': '0.1744', 'NDCG@5': '0.1145', 'HR@10': '0.2582', 'NDCG@10': '0.1416', 'HR@20': '0.3619', 'NDCG@20': '0.1678'}
2025-06-13 22:47:48,016 - Validation score increased.  Saving model ...
2025-06-13 22:47:55,486 - {'epoch': 26, 'rec_loss': '4.5929'}
2025-06-13 22:47:59,845 - {'Epoch': 26, 'HR@5': '0.1708', 'NDCG@5': '0.1123', 'HR@10': '0.2592', 'NDCG@10': '0.1408', 'HR@20': '0.3614', 'NDCG@20': '0.1667'}
2025-06-13 22:47:59,847 - EarlyStopping counter: 1 out of 10
2025-06-13 22:48:07,230 - {'epoch': 27, 'rec_loss': '4.5836'}
2025-06-13 22:48:11,621 - {'Epoch': 27, 'HR@5': '0.1712', 'NDCG@5': '0.1127', 'HR@10': '0.2603', 'NDCG@10': '0.1414', 'HR@20': '0.3611', 'NDCG@20': '0.1669'}
2025-06-13 22:48:11,623 - EarlyStopping counter: 2 out of 10
2025-06-13 22:48:18,891 - {'epoch': 28, 'rec_loss': '4.5784'}
2025-06-13 22:48:23,249 - {'Epoch': 28, 'HR@5': '0.1730', 'NDCG@5': '0.1137', 'HR@10': '0.2614', 'NDCG@10': '0.1422', 'HR@20': '0.3631', 'NDCG@20': '0.1679'}
2025-06-13 22:48:23,251 - Validation score increased.  Saving model ...
2025-06-13 22:48:30,572 - {'epoch': 29, 'rec_loss': '4.5678'}
2025-06-13 22:48:35,002 - {'Epoch': 29, 'HR@5': '0.1700', 'NDCG@5': '0.1131', 'HR@10': '0.2576', 'NDCG@10': '0.1414', 'HR@20': '0.3590', 'NDCG@20': '0.1670'}
2025-06-13 22:48:35,004 - EarlyStopping counter: 1 out of 10
2025-06-13 22:48:42,292 - {'epoch': 30, 'rec_loss': '4.5652'}
2025-06-13 22:48:46,685 - {'Epoch': 30, 'HR@5': '0.1703', 'NDCG@5': '0.1114', 'HR@10': '0.2578', 'NDCG@10': '0.1397', 'HR@20': '0.3624', 'NDCG@20': '0.1661'}
2025-06-13 22:48:46,686 - EarlyStopping counter: 2 out of 10
2025-06-13 22:48:53,944 - {'epoch': 31, 'rec_loss': '4.5571'}
2025-06-13 22:48:58,301 - {'Epoch': 31, 'HR@5': '0.1714', 'NDCG@5': '0.1132', 'HR@10': '0.2596', 'NDCG@10': '0.1416', 'HR@20': '0.3614', 'NDCG@20': '0.1674'}
2025-06-13 22:48:58,302 - EarlyStopping counter: 3 out of 10
2025-06-13 22:49:05,738 - {'epoch': 32, 'rec_loss': '4.5523'}
2025-06-13 22:49:10,066 - {'Epoch': 32, 'HR@5': '0.1698', 'NDCG@5': '0.1107', 'HR@10': '0.2596', 'NDCG@10': '0.1396', 'HR@20': '0.3594', 'NDCG@20': '0.1648'}
2025-06-13 22:49:10,068 - EarlyStopping counter: 4 out of 10
2025-06-13 22:49:17,368 - {'epoch': 33, 'rec_loss': '4.5437'}
2025-06-13 22:49:21,705 - {'Epoch': 33, 'HR@5': '0.1703', 'NDCG@5': '0.1119', 'HR@10': '0.2595', 'NDCG@10': '0.1406', 'HR@20': '0.3626', 'NDCG@20': '0.1666'}
2025-06-13 22:49:21,707 - EarlyStopping counter: 5 out of 10
2025-06-13 22:49:29,056 - {'epoch': 34, 'rec_loss': '4.5417'}
2025-06-13 22:49:33,456 - {'Epoch': 34, 'HR@5': '0.1739', 'NDCG@5': '0.1142', 'HR@10': '0.2598', 'NDCG@10': '0.1418', 'HR@20': '0.3616', 'NDCG@20': '0.1675'}
2025-06-13 22:49:33,457 - EarlyStopping counter: 6 out of 10
2025-06-13 22:49:40,938 - {'epoch': 35, 'rec_loss': '4.5333'}
2025-06-13 22:49:45,351 - {'Epoch': 35, 'HR@5': '0.1716', 'NDCG@5': '0.1118', 'HR@10': '0.2583', 'NDCG@10': '0.1397', 'HR@20': '0.3601', 'NDCG@20': '0.1654'}
2025-06-13 22:49:45,352 - EarlyStopping counter: 7 out of 10
2025-06-13 22:49:52,781 - {'epoch': 36, 'rec_loss': '4.5327'}
2025-06-13 22:49:57,150 - {'Epoch': 36, 'HR@5': '0.1699', 'NDCG@5': '0.1123', 'HR@10': '0.2591', 'NDCG@10': '0.1409', 'HR@20': '0.3605', 'NDCG@20': '0.1666'}
2025-06-13 22:49:57,152 - EarlyStopping counter: 8 out of 10
2025-06-13 22:50:04,633 - {'epoch': 37, 'rec_loss': '4.5274'}
2025-06-13 22:50:09,210 - {'Epoch': 37, 'HR@5': '0.1726', 'NDCG@5': '0.1123', 'HR@10': '0.2595', 'NDCG@10': '0.1403', 'HR@20': '0.3607', 'NDCG@20': '0.1660'}
2025-06-13 22:50:09,212 - EarlyStopping counter: 9 out of 10
2025-06-13 22:50:16,647 - {'epoch': 38, 'rec_loss': '4.5156'}
2025-06-13 22:50:21,074 - {'Epoch': 38, 'HR@5': '0.1702', 'NDCG@5': '0.1114', 'HR@10': '0.2583', 'NDCG@10': '0.1397', 'HR@20': '0.3593', 'NDCG@20': '0.1653'}
2025-06-13 22:50:21,075 - EarlyStopping counter: 10 out of 10
2025-06-13 22:50:21,076 - Early stopping
2025-06-13 22:50:21,076 - ---------------Validation Score---------------
2025-06-13 22:50:25,502 - {'Epoch': 0, 'HR@5': '0.1730', 'NDCG@5': '0.1137', 'HR@10': '0.2614', 'NDCG@10': '0.1422', 'HR@20': '0.3631', 'NDCG@20': '0.1679'}
2025-06-13 22:50:25,504 - BSARec_Diginetica
2025-06-13 22:50:25,504 - {'Epoch': 0, 'HR@5': '0.1730', 'NDCG@5': '0.1137', 'HR@10': '0.2614', 'NDCG@10': '0.1422', 'HR@20': '0.3631', 'NDCG@20': '0.1679'}
