2025-06-13 23:04:47,620 - Namespace(data_dir='data/self_processed/', output_dir='hparam_search/', data_name='Diginetica', train_name='BSARec_Diginetica', num_items=10, num_users=14829, lr=0.001, batch_size=256, epochs=200, no_cuda=False, log_freq=1, patience=10, num_workers=4, seed=42, weight_decay=0.0, adam_beta1=0.9, adam_beta2=0.999, gpu_id='0', variance=5, model_type='BSARec', max_seq_length=50, hidden_size=64, num_hidden_layers=2, hidden_act='gelu', num_attention_heads=2, attention_probs_dropout_prob=0.5, hidden_dropout_prob=0.5, initializer_range=0.02, c=1, alpha=0.7, cuda_condition=True, data_file='data/self_processed/Diginetica.txt', item_size=9441, checkpoint_path=PosixPath('/gpfs/home3/scur2771/BSARec/BSARec/src/hparam_search/BSARec_Diginetica/12367757_29/model.pt'), same_target_path='data/self_processed/Diginetica_same_target.npy')
2025-06-13 23:04:47,638 - BSARecModel(
  (item_embeddings): Embedding(9441, 64, padding_idx=0)
  (position_embeddings): Embedding(50, 64)
  (LayerNorm): LayerNorm()
  (dropout): Dropout(p=0.5, inplace=False)
  (item_encoder): BSARecEncoder(
    (blocks): ModuleList(
      (0): BSARecBlock(
        (layer): BSARecLayer(
          (filter_layer): FrequencyLayer(
            (out_dropout): Dropout(p=0.5, inplace=False)
            (LayerNorm): LayerNorm()
          )
          (attention_layer): MultiHeadAttention(
            (query): Linear(in_features=64, out_features=64, bias=True)
            (key): Linear(in_features=64, out_features=64, bias=True)
            (value): Linear(in_features=64, out_features=64, bias=True)
            (softmax): Softmax(dim=-1)
            (attn_dropout): Dropout(p=0.5, inplace=False)
            (dense): Linear(in_features=64, out_features=64, bias=True)
            (LayerNorm): LayerNorm((64,), eps=1e-12, elementwise_affine=True)
            (out_dropout): Dropout(p=0.5, inplace=False)
          )
        )
        (feed_forward): FeedForward(
          (dense_1): Linear(in_features=64, out_features=256, bias=True)
          (dense_2): Linear(in_features=256, out_features=64, bias=True)
          (LayerNorm): LayerNorm()
          (dropout): Dropout(p=0.5, inplace=False)
        )
      )
      (1): BSARecBlock(
        (layer): BSARecLayer(
          (filter_layer): FrequencyLayer(
            (out_dropout): Dropout(p=0.5, inplace=False)
            (LayerNorm): LayerNorm()
          )
          (attention_layer): MultiHeadAttention(
            (query): Linear(in_features=64, out_features=64, bias=True)
            (key): Linear(in_features=64, out_features=64, bias=True)
            (value): Linear(in_features=64, out_features=64, bias=True)
            (softmax): Softmax(dim=-1)
            (attn_dropout): Dropout(p=0.5, inplace=False)
            (dense): Linear(in_features=64, out_features=64, bias=True)
            (LayerNorm): LayerNorm((64,), eps=1e-12, elementwise_affine=True)
            (out_dropout): Dropout(p=0.5, inplace=False)
          )
        )
        (feed_forward): FeedForward(
          (dense_1): Linear(in_features=64, out_features=256, bias=True)
          (dense_2): Linear(in_features=256, out_features=64, bias=True)
          (LayerNorm): LayerNorm()
          (dropout): Dropout(p=0.5, inplace=False)
        )
      )
    )
  )
)
2025-06-13 23:04:49,824 - Total Parameters: 707904
2025-06-13 23:04:58,358 - {'epoch': 0, 'rec_loss': '8.7199'}
2025-06-13 23:05:02,658 - {'Epoch': 0, 'HR@5': '0.0196', 'NDCG@5': '0.0138', 'HR@10': '0.0293', 'NDCG@10': '0.0169', 'HR@20': '0.0438', 'NDCG@20': '0.0205'}
2025-06-13 23:05:02,659 - Validation score increased.  Saving model ...
2025-06-13 23:05:10,146 - {'epoch': 1, 'rec_loss': '7.7509'}
2025-06-13 23:05:14,402 - {'Epoch': 1, 'HR@5': '0.0863', 'NDCG@5': '0.0571', 'HR@10': '0.1299', 'NDCG@10': '0.0711', 'HR@20': '0.1839', 'NDCG@20': '0.0848'}
2025-06-13 23:05:14,404 - Validation score increased.  Saving model ...
2025-06-13 23:05:21,822 - {'epoch': 2, 'rec_loss': '6.4640'}
2025-06-13 23:05:26,065 - {'Epoch': 2, 'HR@5': '0.1263', 'NDCG@5': '0.0826', 'HR@10': '0.1900', 'NDCG@10': '0.1031', 'HR@20': '0.2677', 'NDCG@20': '0.1228'}
2025-06-13 23:05:26,067 - Validation score increased.  Saving model ...
2025-06-13 23:05:33,496 - {'epoch': 3, 'rec_loss': '5.6586'}
2025-06-13 23:05:37,803 - {'Epoch': 3, 'HR@5': '0.1467', 'NDCG@5': '0.0965', 'HR@10': '0.2197', 'NDCG@10': '0.1200', 'HR@20': '0.3119', 'NDCG@20': '0.1432'}
2025-06-13 23:05:37,804 - Validation score increased.  Saving model ...
2025-06-13 23:05:45,298 - {'epoch': 4, 'rec_loss': '5.2570'}
2025-06-13 23:05:49,768 - {'Epoch': 4, 'HR@5': '0.1550', 'NDCG@5': '0.1020', 'HR@10': '0.2365', 'NDCG@10': '0.1281', 'HR@20': '0.3342', 'NDCG@20': '0.1528'}
2025-06-13 23:05:49,770 - Validation score increased.  Saving model ...
2025-06-13 23:05:57,166 - {'epoch': 5, 'rec_loss': '5.0687'}
2025-06-13 23:06:01,540 - {'Epoch': 5, 'HR@5': '0.1617', 'NDCG@5': '0.1059', 'HR@10': '0.2434', 'NDCG@10': '0.1322', 'HR@20': '0.3445', 'NDCG@20': '0.1577'}
2025-06-13 23:06:01,542 - Validation score increased.  Saving model ...
2025-06-13 23:06:09,101 - {'epoch': 6, 'rec_loss': '4.9605'}
2025-06-13 23:06:13,547 - {'Epoch': 6, 'HR@5': '0.1654', 'NDCG@5': '0.1084', 'HR@10': '0.2492', 'NDCG@10': '0.1355', 'HR@20': '0.3502', 'NDCG@20': '0.1609'}
2025-06-13 23:06:13,548 - Validation score increased.  Saving model ...
2025-06-13 23:06:21,072 - {'epoch': 7, 'rec_loss': '4.8929'}
2025-06-13 23:06:25,563 - {'Epoch': 7, 'HR@5': '0.1647', 'NDCG@5': '0.1089', 'HR@10': '0.2516', 'NDCG@10': '0.1368', 'HR@20': '0.3541', 'NDCG@20': '0.1628'}
2025-06-13 23:06:25,565 - Validation score increased.  Saving model ...
2025-06-13 23:06:32,956 - {'epoch': 8, 'rec_loss': '4.8466'}
2025-06-13 23:06:37,341 - {'Epoch': 8, 'HR@5': '0.1681', 'NDCG@5': '0.1088', 'HR@10': '0.2540', 'NDCG@10': '0.1365', 'HR@20': '0.3550', 'NDCG@20': '0.1620'}
2025-06-13 23:06:37,343 - EarlyStopping counter: 1 out of 10
2025-06-13 23:06:44,783 - {'epoch': 9, 'rec_loss': '4.8023'}
2025-06-13 23:06:49,218 - {'Epoch': 9, 'HR@5': '0.1677', 'NDCG@5': '0.1102', 'HR@10': '0.2526', 'NDCG@10': '0.1376', 'HR@20': '0.3573', 'NDCG@20': '0.1641'}
2025-06-13 23:06:49,221 - Validation score increased.  Saving model ...
2025-06-13 23:06:56,723 - {'epoch': 10, 'rec_loss': '4.7731'}
2025-06-13 23:07:01,171 - {'Epoch': 10, 'HR@5': '0.1664', 'NDCG@5': '0.1088', 'HR@10': '0.2551', 'NDCG@10': '0.1375', 'HR@20': '0.3597', 'NDCG@20': '0.1639'}
2025-06-13 23:07:01,173 - EarlyStopping counter: 1 out of 10
2025-06-13 23:07:08,633 - {'epoch': 11, 'rec_loss': '4.7425'}
2025-06-13 23:07:13,117 - {'Epoch': 11, 'HR@5': '0.1697', 'NDCG@5': '0.1117', 'HR@10': '0.2546', 'NDCG@10': '0.1389', 'HR@20': '0.3551', 'NDCG@20': '0.1644'}
2025-06-13 23:07:13,118 - Validation score increased.  Saving model ...
2025-06-13 23:07:20,556 - {'epoch': 12, 'rec_loss': '4.7188'}
2025-06-13 23:07:25,035 - {'Epoch': 12, 'HR@5': '0.1674', 'NDCG@5': '0.1111', 'HR@10': '0.2555', 'NDCG@10': '0.1395', 'HR@20': '0.3588', 'NDCG@20': '0.1656'}
2025-06-13 23:07:25,038 - Validation score increased.  Saving model ...
2025-06-13 23:07:32,519 - {'epoch': 13, 'rec_loss': '4.7064'}
2025-06-13 23:07:36,976 - {'Epoch': 13, 'HR@5': '0.1713', 'NDCG@5': '0.1124', 'HR@10': '0.2574', 'NDCG@10': '0.1400', 'HR@20': '0.3585', 'NDCG@20': '0.1656'}
2025-06-13 23:07:36,978 - EarlyStopping counter: 1 out of 10
2025-06-13 23:07:44,434 - {'epoch': 14, 'rec_loss': '4.6804'}
2025-06-13 23:07:48,920 - {'Epoch': 14, 'HR@5': '0.1704', 'NDCG@5': '0.1123', 'HR@10': '0.2581', 'NDCG@10': '0.1405', 'HR@20': '0.3571', 'NDCG@20': '0.1656'}
2025-06-13 23:07:48,921 - EarlyStopping counter: 2 out of 10
2025-06-13 23:07:56,285 - {'epoch': 15, 'rec_loss': '4.6675'}
2025-06-13 23:08:00,616 - {'Epoch': 15, 'HR@5': '0.1704', 'NDCG@5': '0.1123', 'HR@10': '0.2592', 'NDCG@10': '0.1408', 'HR@20': '0.3601', 'NDCG@20': '0.1664'}
2025-06-13 23:08:00,618 - Validation score increased.  Saving model ...
2025-06-13 23:08:08,130 - {'epoch': 16, 'rec_loss': '4.6484'}
2025-06-13 23:08:12,610 - {'Epoch': 16, 'HR@5': '0.1710', 'NDCG@5': '0.1116', 'HR@10': '0.2537', 'NDCG@10': '0.1382', 'HR@20': '0.3606', 'NDCG@20': '0.1652'}
2025-06-13 23:08:12,612 - EarlyStopping counter: 1 out of 10
2025-06-13 23:08:20,061 - {'epoch': 17, 'rec_loss': '4.6351'}
2025-06-13 23:08:24,433 - {'Epoch': 17, 'HR@5': '0.1716', 'NDCG@5': '0.1122', 'HR@10': '0.2587', 'NDCG@10': '0.1402', 'HR@20': '0.3582', 'NDCG@20': '0.1654'}
2025-06-13 23:08:24,434 - EarlyStopping counter: 2 out of 10
2025-06-13 23:08:31,810 - {'epoch': 18, 'rec_loss': '4.6183'}
2025-06-13 23:08:36,150 - {'Epoch': 18, 'HR@5': '0.1736', 'NDCG@5': '0.1140', 'HR@10': '0.2580', 'NDCG@10': '0.1412', 'HR@20': '0.3586', 'NDCG@20': '0.1667'}
2025-06-13 23:08:36,152 - Validation score increased.  Saving model ...
2025-06-13 23:08:43,628 - {'epoch': 19, 'rec_loss': '4.6096'}
2025-06-13 23:08:48,038 - {'Epoch': 19, 'HR@5': '0.1713', 'NDCG@5': '0.1119', 'HR@10': '0.2592', 'NDCG@10': '0.1402', 'HR@20': '0.3576', 'NDCG@20': '0.1651'}
2025-06-13 23:08:48,040 - EarlyStopping counter: 1 out of 10
2025-06-13 23:08:55,452 - {'epoch': 20, 'rec_loss': '4.5937'}
2025-06-13 23:08:59,835 - {'Epoch': 20, 'HR@5': '0.1735', 'NDCG@5': '0.1134', 'HR@10': '0.2589', 'NDCG@10': '0.1410', 'HR@20': '0.3595', 'NDCG@20': '0.1664'}
2025-06-13 23:08:59,837 - EarlyStopping counter: 2 out of 10
2025-06-13 23:09:07,236 - {'epoch': 21, 'rec_loss': '4.5862'}
2025-06-13 23:09:11,685 - {'Epoch': 21, 'HR@5': '0.1741', 'NDCG@5': '0.1125', 'HR@10': '0.2591', 'NDCG@10': '0.1399', 'HR@20': '0.3612', 'NDCG@20': '0.1657'}
2025-06-13 23:09:11,686 - EarlyStopping counter: 3 out of 10
2025-06-13 23:09:19,167 - {'epoch': 22, 'rec_loss': '4.5811'}
2025-06-13 23:09:23,595 - {'Epoch': 22, 'HR@5': '0.1731', 'NDCG@5': '0.1138', 'HR@10': '0.2587', 'NDCG@10': '0.1413', 'HR@20': '0.3595', 'NDCG@20': '0.1668'}
2025-06-13 23:09:23,597 - Validation score increased.  Saving model ...
2025-06-13 23:09:31,061 - {'epoch': 23, 'rec_loss': '4.5660'}
2025-06-13 23:09:35,415 - {'Epoch': 23, 'HR@5': '0.1686', 'NDCG@5': '0.1109', 'HR@10': '0.2590', 'NDCG@10': '0.1401', 'HR@20': '0.3586', 'NDCG@20': '0.1652'}
2025-06-13 23:09:35,417 - EarlyStopping counter: 1 out of 10
2025-06-13 23:09:42,881 - {'epoch': 24, 'rec_loss': '4.5600'}
2025-06-13 23:09:47,345 - {'Epoch': 24, 'HR@5': '0.1719', 'NDCG@5': '0.1123', 'HR@10': '0.2592', 'NDCG@10': '0.1405', 'HR@20': '0.3602', 'NDCG@20': '0.1660'}
2025-06-13 23:09:47,347 - EarlyStopping counter: 2 out of 10
2025-06-13 23:09:54,709 - {'epoch': 25, 'rec_loss': '4.5466'}
2025-06-13 23:09:59,090 - {'Epoch': 25, 'HR@5': '0.1755', 'NDCG@5': '0.1142', 'HR@10': '0.2590', 'NDCG@10': '0.1411', 'HR@20': '0.3591', 'NDCG@20': '0.1663'}
2025-06-13 23:09:59,091 - EarlyStopping counter: 3 out of 10
2025-06-13 23:10:06,454 - {'epoch': 26, 'rec_loss': '4.5358'}
2025-06-13 23:10:10,893 - {'Epoch': 26, 'HR@5': '0.1718', 'NDCG@5': '0.1123', 'HR@10': '0.2592', 'NDCG@10': '0.1404', 'HR@20': '0.3584', 'NDCG@20': '0.1654'}
2025-06-13 23:10:10,894 - EarlyStopping counter: 4 out of 10
2025-06-13 23:10:18,440 - {'epoch': 27, 'rec_loss': '4.5343'}
2025-06-13 23:10:22,892 - {'Epoch': 27, 'HR@5': '0.1710', 'NDCG@5': '0.1129', 'HR@10': '0.2591', 'NDCG@10': '0.1413', 'HR@20': '0.3596', 'NDCG@20': '0.1667'}
2025-06-13 23:10:22,893 - EarlyStopping counter: 5 out of 10
2025-06-13 23:10:30,444 - {'epoch': 28, 'rec_loss': '4.5193'}
2025-06-13 23:10:34,824 - {'Epoch': 28, 'HR@5': '0.1714', 'NDCG@5': '0.1134', 'HR@10': '0.2601', 'NDCG@10': '0.1420', 'HR@20': '0.3568', 'NDCG@20': '0.1665'}
2025-06-13 23:10:34,825 - EarlyStopping counter: 6 out of 10
2025-06-13 23:10:42,271 - {'epoch': 29, 'rec_loss': '4.5149'}
2025-06-13 23:10:46,713 - {'Epoch': 29, 'HR@5': '0.1692', 'NDCG@5': '0.1122', 'HR@10': '0.2560', 'NDCG@10': '0.1401', 'HR@20': '0.3558', 'NDCG@20': '0.1653'}
2025-06-13 23:10:46,714 - EarlyStopping counter: 7 out of 10
2025-06-13 23:10:54,191 - {'epoch': 30, 'rec_loss': '4.5089'}
2025-06-13 23:10:58,651 - {'Epoch': 30, 'HR@5': '0.1698', 'NDCG@5': '0.1120', 'HR@10': '0.2556', 'NDCG@10': '0.1397', 'HR@20': '0.3595', 'NDCG@20': '0.1660'}
2025-06-13 23:10:58,653 - EarlyStopping counter: 8 out of 10
2025-06-13 23:11:06,092 - {'epoch': 31, 'rec_loss': '4.4984'}
2025-06-13 23:11:10,563 - {'Epoch': 31, 'HR@5': '0.1714', 'NDCG@5': '0.1124', 'HR@10': '0.2595', 'NDCG@10': '0.1407', 'HR@20': '0.3580', 'NDCG@20': '0.1656'}
2025-06-13 23:11:10,565 - EarlyStopping counter: 9 out of 10
2025-06-13 23:11:17,982 - {'epoch': 32, 'rec_loss': '4.4946'}
2025-06-13 23:11:22,357 - {'Epoch': 32, 'HR@5': '0.1681', 'NDCG@5': '0.1105', 'HR@10': '0.2569', 'NDCG@10': '0.1393', 'HR@20': '0.3599', 'NDCG@20': '0.1652'}
2025-06-13 23:11:22,358 - EarlyStopping counter: 10 out of 10
2025-06-13 23:11:22,358 - Early stopping
2025-06-13 23:11:22,358 - ---------------Validation Score---------------
2025-06-13 23:11:26,743 - {'Epoch': 0, 'HR@5': '0.1731', 'NDCG@5': '0.1138', 'HR@10': '0.2587', 'NDCG@10': '0.1413', 'HR@20': '0.3595', 'NDCG@20': '0.1668'}
2025-06-13 23:11:26,745 - BSARec_Diginetica
2025-06-13 23:11:26,745 - {'Epoch': 0, 'HR@5': '0.1731', 'NDCG@5': '0.1138', 'HR@10': '0.2587', 'NDCG@10': '0.1413', 'HR@20': '0.3595', 'NDCG@20': '0.1668'}
