2025-06-14 00:50:17,283 - Namespace(data_dir='data/self_processed/', output_dir='hparam_search/', data_name='Diginetica', train_name='BSARec_Diginetica', num_items=10, num_users=14829, lr=0.0005, batch_size=256, epochs=200, no_cuda=False, log_freq=1, patience=10, num_workers=4, seed=42, weight_decay=0.0, adam_beta1=0.9, adam_beta2=0.999, gpu_id='0', variance=5, model_type='BSARec', max_seq_length=50, hidden_size=64, num_hidden_layers=2, hidden_act='gelu', num_attention_heads=4, attention_probs_dropout_prob=0.5, hidden_dropout_prob=0.5, initializer_range=0.02, c=5, alpha=0.7, cuda_condition=True, data_file='data/self_processed/Diginetica.txt', item_size=9441, checkpoint_path=PosixPath('/gpfs/home3/scur2771/BSARec/BSARec/src/hparam_search/BSARec_Diginetica/12367757_139/model.pt'), same_target_path='data/self_processed/Diginetica_same_target.npy')
2025-06-14 00:50:17,301 - BSARecModel(
  (item_embeddings): Embedding(9441, 64, padding_idx=0)
  (position_embeddings): Embedding(50, 64)
  (LayerNorm): LayerNorm()
  (dropout): Dropout(p=0.5, inplace=False)
  (item_encoder): BSARecEncoder(
    (blocks): ModuleList(
      (0): BSARecBlock(
        (layer): BSARecLayer(
          (filter_layer): FrequencyLayer(
            (out_dropout): Dropout(p=0.5, inplace=False)
            (LayerNorm): LayerNorm()
          )
          (attention_layer): MultiHeadAttention(
            (query): Linear(in_features=64, out_features=64, bias=True)
            (key): Linear(in_features=64, out_features=64, bias=True)
            (value): Linear(in_features=64, out_features=64, bias=True)
            (softmax): Softmax(dim=-1)
            (attn_dropout): Dropout(p=0.5, inplace=False)
            (dense): Linear(in_features=64, out_features=64, bias=True)
            (LayerNorm): LayerNorm((64,), eps=1e-12, elementwise_affine=True)
            (out_dropout): Dropout(p=0.5, inplace=False)
          )
        )
        (feed_forward): FeedForward(
          (dense_1): Linear(in_features=64, out_features=256, bias=True)
          (dense_2): Linear(in_features=256, out_features=64, bias=True)
          (LayerNorm): LayerNorm()
          (dropout): Dropout(p=0.5, inplace=False)
        )
      )
      (1): BSARecBlock(
        (layer): BSARecLayer(
          (filter_layer): FrequencyLayer(
            (out_dropout): Dropout(p=0.5, inplace=False)
            (LayerNorm): LayerNorm()
          )
          (attention_layer): MultiHeadAttention(
            (query): Linear(in_features=64, out_features=64, bias=True)
            (key): Linear(in_features=64, out_features=64, bias=True)
            (value): Linear(in_features=64, out_features=64, bias=True)
            (softmax): Softmax(dim=-1)
            (attn_dropout): Dropout(p=0.5, inplace=False)
            (dense): Linear(in_features=64, out_features=64, bias=True)
            (LayerNorm): LayerNorm((64,), eps=1e-12, elementwise_affine=True)
            (out_dropout): Dropout(p=0.5, inplace=False)
          )
        )
        (feed_forward): FeedForward(
          (dense_1): Linear(in_features=64, out_features=256, bias=True)
          (dense_2): Linear(in_features=256, out_features=64, bias=True)
          (LayerNorm): LayerNorm()
          (dropout): Dropout(p=0.5, inplace=False)
        )
      )
    )
  )
)
2025-06-14 00:50:19,459 - Total Parameters: 707904
2025-06-14 00:50:28,030 - {'epoch': 0, 'rec_loss': '8.8237'}
2025-06-14 00:50:32,180 - {'Epoch': 0, 'HR@5': '0.0055', 'NDCG@5': '0.0035', 'HR@10': '0.0093', 'NDCG@10': '0.0048', 'HR@20': '0.0147', 'NDCG@20': '0.0061'}
2025-06-14 00:50:32,182 - Validation score increased.  Saving model ...
2025-06-14 00:50:39,737 - {'epoch': 1, 'rec_loss': '8.3975'}
2025-06-14 00:50:43,836 - {'Epoch': 1, 'HR@5': '0.0312', 'NDCG@5': '0.0211', 'HR@10': '0.0449', 'NDCG@10': '0.0255', 'HR@20': '0.0632', 'NDCG@20': '0.0301'}
2025-06-14 00:50:43,838 - Validation score increased.  Saving model ...
2025-06-14 00:50:51,470 - {'epoch': 2, 'rec_loss': '7.8062'}
2025-06-14 00:50:55,583 - {'Epoch': 2, 'HR@5': '0.0716', 'NDCG@5': '0.0471', 'HR@10': '0.1088', 'NDCG@10': '0.0592', 'HR@20': '0.1540', 'NDCG@20': '0.0706'}
2025-06-14 00:50:55,585 - Validation score increased.  Saving model ...
2025-06-14 00:51:03,203 - {'epoch': 3, 'rec_loss': '7.0398'}
2025-06-14 00:51:07,439 - {'Epoch': 3, 'HR@5': '0.1030', 'NDCG@5': '0.0681', 'HR@10': '0.1564', 'NDCG@10': '0.0852', 'HR@20': '0.2192', 'NDCG@20': '0.1011'}
2025-06-14 00:51:07,441 - Validation score increased.  Saving model ...
2025-06-14 00:51:14,880 - {'epoch': 4, 'rec_loss': '6.3592'}
2025-06-14 00:51:19,061 - {'Epoch': 4, 'HR@5': '0.1227', 'NDCG@5': '0.0807', 'HR@10': '0.1856', 'NDCG@10': '0.1010', 'HR@20': '0.2609', 'NDCG@20': '0.1200'}
2025-06-14 00:51:19,063 - Validation score increased.  Saving model ...
2025-06-14 00:51:26,460 - {'epoch': 5, 'rec_loss': '5.8538'}
2025-06-14 00:51:30,782 - {'Epoch': 5, 'HR@5': '0.1369', 'NDCG@5': '0.0899', 'HR@10': '0.2083', 'NDCG@10': '0.1128', 'HR@20': '0.2905', 'NDCG@20': '0.1335'}
2025-06-14 00:51:30,783 - Validation score increased.  Saving model ...
2025-06-14 00:51:38,179 - {'epoch': 6, 'rec_loss': '5.4998'}
2025-06-14 00:51:42,443 - {'Epoch': 6, 'HR@5': '0.1488', 'NDCG@5': '0.0978', 'HR@10': '0.2226', 'NDCG@10': '0.1216', 'HR@20': '0.3123', 'NDCG@20': '0.1442'}
2025-06-14 00:51:42,446 - Validation score increased.  Saving model ...
2025-06-14 00:51:49,917 - {'epoch': 7, 'rec_loss': '5.2516'}
2025-06-14 00:51:54,313 - {'Epoch': 7, 'HR@5': '0.1567', 'NDCG@5': '0.1031', 'HR@10': '0.2356', 'NDCG@10': '0.1285', 'HR@20': '0.3271', 'NDCG@20': '0.1515'}
2025-06-14 00:51:54,315 - Validation score increased.  Saving model ...
2025-06-14 00:52:01,805 - {'epoch': 8, 'rec_loss': '5.0789'}
2025-06-14 00:52:06,127 - {'Epoch': 8, 'HR@5': '0.1637', 'NDCG@5': '0.1071', 'HR@10': '0.2441', 'NDCG@10': '0.1330', 'HR@20': '0.3387', 'NDCG@20': '0.1569'}
2025-06-14 00:52:06,129 - Validation score increased.  Saving model ...
2025-06-14 00:52:13,469 - {'epoch': 9, 'rec_loss': '4.9547'}
2025-06-14 00:52:17,792 - {'Epoch': 9, 'HR@5': '0.1675', 'NDCG@5': '0.1098', 'HR@10': '0.2482', 'NDCG@10': '0.1358', 'HR@20': '0.3444', 'NDCG@20': '0.1601'}
2025-06-14 00:52:17,794 - Validation score increased.  Saving model ...
2025-06-14 00:52:25,265 - {'epoch': 10, 'rec_loss': '4.8677'}
2025-06-14 00:52:29,687 - {'Epoch': 10, 'HR@5': '0.1675', 'NDCG@5': '0.1100', 'HR@10': '0.2507', 'NDCG@10': '0.1368', 'HR@20': '0.3513', 'NDCG@20': '0.1623'}
2025-06-14 00:52:29,688 - Validation score increased.  Saving model ...
2025-06-14 00:52:37,168 - {'epoch': 11, 'rec_loss': '4.8089'}
2025-06-14 00:52:41,498 - {'Epoch': 11, 'HR@5': '0.1704', 'NDCG@5': '0.1122', 'HR@10': '0.2580', 'NDCG@10': '0.1404', 'HR@20': '0.3519', 'NDCG@20': '0.1642'}
2025-06-14 00:52:41,500 - Validation score increased.  Saving model ...
2025-06-14 00:52:48,980 - {'epoch': 12, 'rec_loss': '4.7531'}
2025-06-14 00:52:53,320 - {'Epoch': 12, 'HR@5': '0.1703', 'NDCG@5': '0.1124', 'HR@10': '0.2582', 'NDCG@10': '0.1407', 'HR@20': '0.3580', 'NDCG@20': '0.1658'}
2025-06-14 00:52:53,322 - Validation score increased.  Saving model ...
2025-06-14 00:53:00,783 - {'epoch': 13, 'rec_loss': '4.7161'}
2025-06-14 00:53:05,139 - {'Epoch': 13, 'HR@5': '0.1714', 'NDCG@5': '0.1133', 'HR@10': '0.2577', 'NDCG@10': '0.1411', 'HR@20': '0.3579', 'NDCG@20': '0.1665'}
2025-06-14 00:53:05,141 - Validation score increased.  Saving model ...
2025-06-14 00:53:12,695 - {'epoch': 14, 'rec_loss': '4.6829'}
2025-06-14 00:53:17,127 - {'Epoch': 14, 'HR@5': '0.1721', 'NDCG@5': '0.1139', 'HR@10': '0.2595', 'NDCG@10': '0.1420', 'HR@20': '0.3608', 'NDCG@20': '0.1675'}
2025-06-14 00:53:17,128 - Validation score increased.  Saving model ...
2025-06-14 00:53:24,551 - {'epoch': 15, 'rec_loss': '4.6645'}
2025-06-14 00:53:28,932 - {'Epoch': 15, 'HR@5': '0.1714', 'NDCG@5': '0.1143', 'HR@10': '0.2588', 'NDCG@10': '0.1425', 'HR@20': '0.3603', 'NDCG@20': '0.1681'}
2025-06-14 00:53:28,934 - Validation score increased.  Saving model ...
2025-06-14 00:53:36,355 - {'epoch': 16, 'rec_loss': '4.6437'}
2025-06-14 00:53:40,611 - {'Epoch': 16, 'HR@5': '0.1731', 'NDCG@5': '0.1142', 'HR@10': '0.2599', 'NDCG@10': '0.1421', 'HR@20': '0.3611', 'NDCG@20': '0.1677'}
2025-06-14 00:53:40,614 - EarlyStopping counter: 1 out of 10
2025-06-14 00:53:48,031 - {'epoch': 17, 'rec_loss': '4.6265'}
2025-06-14 00:53:52,376 - {'Epoch': 17, 'HR@5': '0.1751', 'NDCG@5': '0.1154', 'HR@10': '0.2597', 'NDCG@10': '0.1426', 'HR@20': '0.3608', 'NDCG@20': '0.1681'}
2025-06-14 00:53:52,378 - EarlyStopping counter: 2 out of 10
2025-06-14 00:53:59,880 - {'epoch': 18, 'rec_loss': '4.6082'}
2025-06-14 00:54:04,240 - {'Epoch': 18, 'HR@5': '0.1735', 'NDCG@5': '0.1147', 'HR@10': '0.2629', 'NDCG@10': '0.1435', 'HR@20': '0.3610', 'NDCG@20': '0.1682'}
2025-06-14 00:54:04,244 - Validation score increased.  Saving model ...
2025-06-14 00:54:11,775 - {'epoch': 19, 'rec_loss': '4.5910'}
2025-06-14 00:54:16,191 - {'Epoch': 19, 'HR@5': '0.1754', 'NDCG@5': '0.1156', 'HR@10': '0.2596', 'NDCG@10': '0.1427', 'HR@20': '0.3633', 'NDCG@20': '0.1688'}
2025-06-14 00:54:16,193 - Validation score increased.  Saving model ...
2025-06-14 00:54:23,635 - {'epoch': 20, 'rec_loss': '4.5783'}
2025-06-14 00:54:27,926 - {'Epoch': 20, 'HR@5': '0.1747', 'NDCG@5': '0.1152', 'HR@10': '0.2610', 'NDCG@10': '0.1430', 'HR@20': '0.3647', 'NDCG@20': '0.1692'}
2025-06-14 00:54:27,928 - Validation score increased.  Saving model ...
2025-06-14 00:54:35,307 - {'epoch': 21, 'rec_loss': '4.5703'}
2025-06-14 00:54:39,712 - {'Epoch': 21, 'HR@5': '0.1751', 'NDCG@5': '0.1149', 'HR@10': '0.2614', 'NDCG@10': '0.1428', 'HR@20': '0.3655', 'NDCG@20': '0.1691'}
2025-06-14 00:54:39,714 - EarlyStopping counter: 1 out of 10
2025-06-14 00:54:47,147 - {'epoch': 22, 'rec_loss': '4.5583'}
2025-06-14 00:54:51,511 - {'Epoch': 22, 'HR@5': '0.1763', 'NDCG@5': '0.1155', 'HR@10': '0.2612', 'NDCG@10': '0.1429', 'HR@20': '0.3649', 'NDCG@20': '0.1692'}
2025-06-14 00:54:51,513 - EarlyStopping counter: 2 out of 10
2025-06-14 00:54:58,950 - {'epoch': 23, 'rec_loss': '4.5502'}
2025-06-14 00:55:03,376 - {'Epoch': 23, 'HR@5': '0.1751', 'NDCG@5': '0.1140', 'HR@10': '0.2619', 'NDCG@10': '0.1421', 'HR@20': '0.3640', 'NDCG@20': '0.1678'}
2025-06-14 00:55:03,378 - EarlyStopping counter: 3 out of 10
2025-06-14 00:55:10,932 - {'epoch': 24, 'rec_loss': '4.5395'}
2025-06-14 00:55:15,232 - {'Epoch': 24, 'HR@5': '0.1770', 'NDCG@5': '0.1156', 'HR@10': '0.2629', 'NDCG@10': '0.1433', 'HR@20': '0.3624', 'NDCG@20': '0.1684'}
2025-06-14 00:55:15,234 - EarlyStopping counter: 4 out of 10
2025-06-14 00:55:22,652 - {'epoch': 25, 'rec_loss': '4.5294'}
2025-06-14 00:55:26,943 - {'Epoch': 25, 'HR@5': '0.1753', 'NDCG@5': '0.1159', 'HR@10': '0.2631', 'NDCG@10': '0.1443', 'HR@20': '0.3632', 'NDCG@20': '0.1696'}
2025-06-14 00:55:26,945 - Validation score increased.  Saving model ...
2025-06-14 00:55:34,440 - {'epoch': 26, 'rec_loss': '4.5230'}
2025-06-14 00:55:38,798 - {'Epoch': 26, 'HR@5': '0.1766', 'NDCG@5': '0.1161', 'HR@10': '0.2625', 'NDCG@10': '0.1439', 'HR@20': '0.3626', 'NDCG@20': '0.1692'}
2025-06-14 00:55:38,801 - EarlyStopping counter: 1 out of 10
2025-06-14 00:55:46,300 - {'epoch': 27, 'rec_loss': '4.5187'}
2025-06-14 00:55:50,640 - {'Epoch': 27, 'HR@5': '0.1779', 'NDCG@5': '0.1165', 'HR@10': '0.2628', 'NDCG@10': '0.1439', 'HR@20': '0.3649', 'NDCG@20': '0.1696'}
2025-06-14 00:55:50,642 - Validation score increased.  Saving model ...
2025-06-14 00:55:58,149 - {'epoch': 28, 'rec_loss': '4.5077'}
2025-06-14 00:56:02,436 - {'Epoch': 28, 'HR@5': '0.1762', 'NDCG@5': '0.1158', 'HR@10': '0.2613', 'NDCG@10': '0.1434', 'HR@20': '0.3649', 'NDCG@20': '0.1696'}
2025-06-14 00:56:02,438 - EarlyStopping counter: 1 out of 10
2025-06-14 00:56:09,866 - {'epoch': 29, 'rec_loss': '4.4986'}
2025-06-14 00:56:14,216 - {'Epoch': 29, 'HR@5': '0.1737', 'NDCG@5': '0.1153', 'HR@10': '0.2617', 'NDCG@10': '0.1437', 'HR@20': '0.3638', 'NDCG@20': '0.1694'}
2025-06-14 00:56:14,218 - EarlyStopping counter: 2 out of 10
2025-06-14 00:56:21,741 - {'epoch': 30, 'rec_loss': '4.4957'}
2025-06-14 00:56:26,054 - {'Epoch': 30, 'HR@5': '0.1759', 'NDCG@5': '0.1151', 'HR@10': '0.2630', 'NDCG@10': '0.1431', 'HR@20': '0.3651', 'NDCG@20': '0.1689'}
2025-06-14 00:56:26,055 - EarlyStopping counter: 3 out of 10
2025-06-14 00:56:33,481 - {'epoch': 31, 'rec_loss': '4.4840'}
2025-06-14 00:56:37,800 - {'Epoch': 31, 'HR@5': '0.1739', 'NDCG@5': '0.1149', 'HR@10': '0.2639', 'NDCG@10': '0.1440', 'HR@20': '0.3643', 'NDCG@20': '0.1693'}
2025-06-14 00:56:37,802 - EarlyStopping counter: 4 out of 10
2025-06-14 00:56:45,280 - {'epoch': 32, 'rec_loss': '4.4807'}
2025-06-14 00:56:49,676 - {'Epoch': 32, 'HR@5': '0.1758', 'NDCG@5': '0.1154', 'HR@10': '0.2621', 'NDCG@10': '0.1433', 'HR@20': '0.3639', 'NDCG@20': '0.1690'}
2025-06-14 00:56:49,678 - EarlyStopping counter: 5 out of 10
2025-06-14 00:56:57,036 - {'epoch': 33, 'rec_loss': '4.4712'}
2025-06-14 00:57:01,312 - {'Epoch': 33, 'HR@5': '0.1753', 'NDCG@5': '0.1148', 'HR@10': '0.2625', 'NDCG@10': '0.1430', 'HR@20': '0.3649', 'NDCG@20': '0.1688'}
2025-06-14 00:57:01,313 - EarlyStopping counter: 6 out of 10
2025-06-14 00:57:08,685 - {'epoch': 34, 'rec_loss': '4.4681'}
2025-06-14 00:57:13,011 - {'Epoch': 34, 'HR@5': '0.1765', 'NDCG@5': '0.1157', 'HR@10': '0.2632', 'NDCG@10': '0.1438', 'HR@20': '0.3628', 'NDCG@20': '0.1690'}
2025-06-14 00:57:13,012 - EarlyStopping counter: 7 out of 10
2025-06-14 00:57:20,495 - {'epoch': 35, 'rec_loss': '4.4634'}
2025-06-14 00:57:24,858 - {'Epoch': 35, 'HR@5': '0.1730', 'NDCG@5': '0.1143', 'HR@10': '0.2625', 'NDCG@10': '0.1432', 'HR@20': '0.3631', 'NDCG@20': '0.1686'}
2025-06-14 00:57:24,860 - EarlyStopping counter: 8 out of 10
2025-06-14 00:57:32,269 - {'epoch': 36, 'rec_loss': '4.4595'}
2025-06-14 00:57:36,558 - {'Epoch': 36, 'HR@5': '0.1754', 'NDCG@5': '0.1149', 'HR@10': '0.2612', 'NDCG@10': '0.1426', 'HR@20': '0.3634', 'NDCG@20': '0.1684'}
2025-06-14 00:57:36,561 - EarlyStopping counter: 9 out of 10
2025-06-14 00:57:43,988 - {'epoch': 37, 'rec_loss': '4.4538'}
2025-06-14 00:57:48,381 - {'Epoch': 37, 'HR@5': '0.1773', 'NDCG@5': '0.1159', 'HR@10': '0.2627', 'NDCG@10': '0.1435', 'HR@20': '0.3644', 'NDCG@20': '0.1691'}
2025-06-14 00:57:48,382 - EarlyStopping counter: 10 out of 10
2025-06-14 00:57:48,382 - Early stopping
2025-06-14 00:57:48,382 - ---------------Validation Score---------------
2025-06-14 00:57:52,666 - {'Epoch': 0, 'HR@5': '0.1779', 'NDCG@5': '0.1165', 'HR@10': '0.2628', 'NDCG@10': '0.1439', 'HR@20': '0.3649', 'NDCG@20': '0.1696'}
2025-06-14 00:57:52,669 - BSARec_Diginetica
2025-06-14 00:57:52,669 - {'Epoch': 0, 'HR@5': '0.1779', 'NDCG@5': '0.1165', 'HR@10': '0.2628', 'NDCG@10': '0.1439', 'HR@20': '0.3649', 'NDCG@20': '0.1696'}
