2025-06-13 22:42:38,095 - Namespace(data_dir='data/self_processed/', output_dir='hparam_search/', data_name='Diginetica', train_name='BSARec_Diginetica', num_items=10, num_users=14829, lr=0.001, batch_size=256, epochs=200, no_cuda=False, log_freq=1, patience=10, num_workers=4, seed=42, weight_decay=0.0, adam_beta1=0.9, adam_beta2=0.999, gpu_id='0', variance=5, model_type='BSARec', max_seq_length=50, hidden_size=64, num_hidden_layers=2, hidden_act='gelu', num_attention_heads=1, attention_probs_dropout_prob=0.5, hidden_dropout_prob=0.5, initializer_range=0.02, c=3, alpha=0.5, cuda_condition=True, data_file='data/self_processed/Diginetica.txt', item_size=9441, checkpoint_path=PosixPath('/gpfs/home3/scur2771/BSARec/BSARec/src/hparam_search/BSARec_Diginetica/12367757_8/model.pt'), same_target_path='data/self_processed/Diginetica_same_target.npy')
2025-06-13 22:42:38,114 - BSARecModel(
  (item_embeddings): Embedding(9441, 64, padding_idx=0)
  (position_embeddings): Embedding(50, 64)
  (LayerNorm): LayerNorm()
  (dropout): Dropout(p=0.5, inplace=False)
  (item_encoder): BSARecEncoder(
    (blocks): ModuleList(
      (0): BSARecBlock(
        (layer): BSARecLayer(
          (filter_layer): FrequencyLayer(
            (out_dropout): Dropout(p=0.5, inplace=False)
            (LayerNorm): LayerNorm()
          )
          (attention_layer): MultiHeadAttention(
            (query): Linear(in_features=64, out_features=64, bias=True)
            (key): Linear(in_features=64, out_features=64, bias=True)
            (value): Linear(in_features=64, out_features=64, bias=True)
            (softmax): Softmax(dim=-1)
            (attn_dropout): Dropout(p=0.5, inplace=False)
            (dense): Linear(in_features=64, out_features=64, bias=True)
            (LayerNorm): LayerNorm((64,), eps=1e-12, elementwise_affine=True)
            (out_dropout): Dropout(p=0.5, inplace=False)
          )
        )
        (feed_forward): FeedForward(
          (dense_1): Linear(in_features=64, out_features=256, bias=True)
          (dense_2): Linear(in_features=256, out_features=64, bias=True)
          (LayerNorm): LayerNorm()
          (dropout): Dropout(p=0.5, inplace=False)
        )
      )
      (1): BSARecBlock(
        (layer): BSARecLayer(
          (filter_layer): FrequencyLayer(
            (out_dropout): Dropout(p=0.5, inplace=False)
            (LayerNorm): LayerNorm()
          )
          (attention_layer): MultiHeadAttention(
            (query): Linear(in_features=64, out_features=64, bias=True)
            (key): Linear(in_features=64, out_features=64, bias=True)
            (value): Linear(in_features=64, out_features=64, bias=True)
            (softmax): Softmax(dim=-1)
            (attn_dropout): Dropout(p=0.5, inplace=False)
            (dense): Linear(in_features=64, out_features=64, bias=True)
            (LayerNorm): LayerNorm((64,), eps=1e-12, elementwise_affine=True)
            (out_dropout): Dropout(p=0.5, inplace=False)
          )
        )
        (feed_forward): FeedForward(
          (dense_1): Linear(in_features=64, out_features=256, bias=True)
          (dense_2): Linear(in_features=256, out_features=64, bias=True)
          (LayerNorm): LayerNorm()
          (dropout): Dropout(p=0.5, inplace=False)
        )
      )
    )
  )
)
2025-06-13 22:42:40,315 - Total Parameters: 707904
2025-06-13 22:42:48,686 - {'epoch': 0, 'rec_loss': '8.6866'}
2025-06-13 22:42:52,809 - {'Epoch': 0, 'HR@5': '0.0289', 'NDCG@5': '0.0202', 'HR@10': '0.0404', 'NDCG@10': '0.0239', 'HR@20': '0.0585', 'NDCG@20': '0.0285'}
2025-06-13 22:42:52,810 - Validation score increased.  Saving model ...
2025-06-13 22:43:00,121 - {'epoch': 1, 'rec_loss': '7.5602'}
2025-06-13 22:43:04,417 - {'Epoch': 1, 'HR@5': '0.0965', 'NDCG@5': '0.0639', 'HR@10': '0.1439', 'NDCG@10': '0.0792', 'HR@20': '0.2049', 'NDCG@20': '0.0945'}
2025-06-13 22:43:04,419 - Validation score increased.  Saving model ...
2025-06-13 22:43:11,694 - {'epoch': 2, 'rec_loss': '6.3007'}
2025-06-13 22:43:15,954 - {'Epoch': 2, 'HR@5': '0.1315', 'NDCG@5': '0.0868', 'HR@10': '0.1999', 'NDCG@10': '0.1089', 'HR@20': '0.2786', 'NDCG@20': '0.1286'}
2025-06-13 22:43:15,956 - Validation score increased.  Saving model ...
2025-06-13 22:43:23,195 - {'epoch': 3, 'rec_loss': '5.5636'}
2025-06-13 22:43:27,405 - {'Epoch': 3, 'HR@5': '0.1520', 'NDCG@5': '0.1000', 'HR@10': '0.2273', 'NDCG@10': '0.1242', 'HR@20': '0.3189', 'NDCG@20': '0.1473'}
2025-06-13 22:43:27,406 - Validation score increased.  Saving model ...
2025-06-13 22:43:34,678 - {'epoch': 4, 'rec_loss': '5.2097'}
2025-06-13 22:43:38,914 - {'Epoch': 4, 'HR@5': '0.1607', 'NDCG@5': '0.1056', 'HR@10': '0.2428', 'NDCG@10': '0.1320', 'HR@20': '0.3390', 'NDCG@20': '0.1563'}
2025-06-13 22:43:38,917 - Validation score increased.  Saving model ...
2025-06-13 22:43:46,177 - {'epoch': 5, 'rec_loss': '5.0359'}
2025-06-13 22:43:50,511 - {'Epoch': 5, 'HR@5': '0.1656', 'NDCG@5': '0.1085', 'HR@10': '0.2481', 'NDCG@10': '0.1350', 'HR@20': '0.3460', 'NDCG@20': '0.1598'}
2025-06-13 22:43:50,513 - Validation score increased.  Saving model ...
2025-06-13 22:43:57,751 - {'epoch': 6, 'rec_loss': '4.9415'}
2025-06-13 22:44:01,996 - {'Epoch': 6, 'HR@5': '0.1674', 'NDCG@5': '0.1102', 'HR@10': '0.2551', 'NDCG@10': '0.1386', 'HR@20': '0.3528', 'NDCG@20': '0.1632'}
2025-06-13 22:44:01,998 - Validation score increased.  Saving model ...
2025-06-13 22:44:09,279 - {'epoch': 7, 'rec_loss': '4.8803'}
2025-06-13 22:44:13,516 - {'Epoch': 7, 'HR@5': '0.1688', 'NDCG@5': '0.1112', 'HR@10': '0.2553', 'NDCG@10': '0.1390', 'HR@20': '0.3573', 'NDCG@20': '0.1648'}
2025-06-13 22:44:13,519 - Validation score increased.  Saving model ...
2025-06-13 22:44:20,872 - {'epoch': 8, 'rec_loss': '4.8278'}
2025-06-13 22:44:25,140 - {'Epoch': 8, 'HR@5': '0.1712', 'NDCG@5': '0.1116', 'HR@10': '0.2549', 'NDCG@10': '0.1385', 'HR@20': '0.3591', 'NDCG@20': '0.1648'}
2025-06-13 22:44:25,141 - Validation score increased.  Saving model ...
2025-06-13 22:44:32,534 - {'epoch': 9, 'rec_loss': '4.7908'}
2025-06-13 22:44:36,911 - {'Epoch': 9, 'HR@5': '0.1705', 'NDCG@5': '0.1111', 'HR@10': '0.2546', 'NDCG@10': '0.1382', 'HR@20': '0.3573', 'NDCG@20': '0.1642'}
2025-06-13 22:44:36,912 - EarlyStopping counter: 1 out of 10
2025-06-13 22:44:44,317 - {'epoch': 10, 'rec_loss': '4.7638'}
2025-06-13 22:44:48,660 - {'Epoch': 10, 'HR@5': '0.1667', 'NDCG@5': '0.1104', 'HR@10': '0.2584', 'NDCG@10': '0.1400', 'HR@20': '0.3595', 'NDCG@20': '0.1655'}
2025-06-13 22:44:48,661 - Validation score increased.  Saving model ...
2025-06-13 22:44:56,046 - {'epoch': 11, 'rec_loss': '4.7356'}
2025-06-13 22:45:00,395 - {'Epoch': 11, 'HR@5': '0.1687', 'NDCG@5': '0.1117', 'HR@10': '0.2561', 'NDCG@10': '0.1399', 'HR@20': '0.3597', 'NDCG@20': '0.1661'}
2025-06-13 22:45:00,398 - Validation score increased.  Saving model ...
2025-06-13 22:45:07,719 - {'epoch': 12, 'rec_loss': '4.7147'}
2025-06-13 22:45:11,929 - {'Epoch': 12, 'HR@5': '0.1685', 'NDCG@5': '0.1106', 'HR@10': '0.2584', 'NDCG@10': '0.1395', 'HR@20': '0.3599', 'NDCG@20': '0.1652'}
2025-06-13 22:45:11,930 - EarlyStopping counter: 1 out of 10
2025-06-13 22:45:19,222 - {'epoch': 13, 'rec_loss': '4.7004'}
2025-06-13 22:45:23,435 - {'Epoch': 13, 'HR@5': '0.1737', 'NDCG@5': '0.1131', 'HR@10': '0.2578', 'NDCG@10': '0.1402', 'HR@20': '0.3613', 'NDCG@20': '0.1663'}
2025-06-13 22:45:23,436 - Validation score increased.  Saving model ...
2025-06-13 22:45:30,770 - {'epoch': 14, 'rec_loss': '4.6770'}
2025-06-13 22:45:35,101 - {'Epoch': 14, 'HR@5': '0.1727', 'NDCG@5': '0.1127', 'HR@10': '0.2572', 'NDCG@10': '0.1399', 'HR@20': '0.3588', 'NDCG@20': '0.1656'}
2025-06-13 22:45:35,103 - EarlyStopping counter: 1 out of 10
2025-06-13 22:45:42,333 - {'epoch': 15, 'rec_loss': '4.6690'}
2025-06-13 22:45:46,644 - {'Epoch': 15, 'HR@5': '0.1703', 'NDCG@5': '0.1121', 'HR@10': '0.2586', 'NDCG@10': '0.1406', 'HR@20': '0.3605', 'NDCG@20': '0.1664'}
2025-06-13 22:45:46,646 - Validation score increased.  Saving model ...
2025-06-13 22:45:53,927 - {'epoch': 16, 'rec_loss': '4.6466'}
2025-06-13 22:45:58,160 - {'Epoch': 16, 'HR@5': '0.1699', 'NDCG@5': '0.1108', 'HR@10': '0.2576', 'NDCG@10': '0.1390', 'HR@20': '0.3576', 'NDCG@20': '0.1642'}
2025-06-13 22:45:58,162 - EarlyStopping counter: 1 out of 10
2025-06-13 22:46:05,365 - {'epoch': 17, 'rec_loss': '4.6385'}
2025-06-13 22:46:09,646 - {'Epoch': 17, 'HR@5': '0.1703', 'NDCG@5': '0.1114', 'HR@10': '0.2588', 'NDCG@10': '0.1399', 'HR@20': '0.3601', 'NDCG@20': '0.1654'}
2025-06-13 22:46:09,648 - EarlyStopping counter: 2 out of 10
2025-06-13 22:46:16,940 - {'epoch': 18, 'rec_loss': '4.6240'}
2025-06-13 22:46:21,181 - {'Epoch': 18, 'HR@5': '0.1722', 'NDCG@5': '0.1126', 'HR@10': '0.2579', 'NDCG@10': '0.1402', 'HR@20': '0.3565', 'NDCG@20': '0.1652'}
2025-06-13 22:46:21,183 - EarlyStopping counter: 3 out of 10
2025-06-13 22:46:28,426 - {'epoch': 19, 'rec_loss': '4.6150'}
2025-06-13 22:46:32,640 - {'Epoch': 19, 'HR@5': '0.1712', 'NDCG@5': '0.1117', 'HR@10': '0.2571', 'NDCG@10': '0.1395', 'HR@20': '0.3588', 'NDCG@20': '0.1652'}
2025-06-13 22:46:32,641 - EarlyStopping counter: 4 out of 10
2025-06-13 22:46:39,904 - {'epoch': 20, 'rec_loss': '4.6076'}
2025-06-13 22:46:44,240 - {'Epoch': 20, 'HR@5': '0.1742', 'NDCG@5': '0.1135', 'HR@10': '0.2596', 'NDCG@10': '0.1410', 'HR@20': '0.3603', 'NDCG@20': '0.1665'}
2025-06-13 22:46:44,242 - Validation score increased.  Saving model ...
2025-06-13 22:46:51,491 - {'epoch': 21, 'rec_loss': '4.5979'}
2025-06-13 22:46:55,748 - {'Epoch': 21, 'HR@5': '0.1712', 'NDCG@5': '0.1120', 'HR@10': '0.2596', 'NDCG@10': '0.1406', 'HR@20': '0.3613', 'NDCG@20': '0.1662'}
2025-06-13 22:46:55,749 - EarlyStopping counter: 1 out of 10
2025-06-13 22:47:03,027 - {'epoch': 22, 'rec_loss': '4.5883'}
2025-06-13 22:47:07,330 - {'Epoch': 22, 'HR@5': '0.1738', 'NDCG@5': '0.1132', 'HR@10': '0.2617', 'NDCG@10': '0.1415', 'HR@20': '0.3613', 'NDCG@20': '0.1667'}
2025-06-13 22:47:07,333 - Validation score increased.  Saving model ...
2025-06-13 22:47:14,624 - {'epoch': 23, 'rec_loss': '4.5755'}
2025-06-13 22:47:18,885 - {'Epoch': 23, 'HR@5': '0.1700', 'NDCG@5': '0.1107', 'HR@10': '0.2554', 'NDCG@10': '0.1382', 'HR@20': '0.3576', 'NDCG@20': '0.1641'}
2025-06-13 22:47:18,886 - EarlyStopping counter: 1 out of 10
2025-06-13 22:47:26,173 - {'epoch': 24, 'rec_loss': '4.5685'}
2025-06-13 22:47:30,380 - {'Epoch': 24, 'HR@5': '0.1704', 'NDCG@5': '0.1115', 'HR@10': '0.2575', 'NDCG@10': '0.1396', 'HR@20': '0.3599', 'NDCG@20': '0.1655'}
2025-06-13 22:47:30,383 - EarlyStopping counter: 2 out of 10
2025-06-13 22:47:37,640 - {'epoch': 25, 'rec_loss': '4.5550'}
2025-06-13 22:47:41,974 - {'Epoch': 25, 'HR@5': '0.1757', 'NDCG@5': '0.1154', 'HR@10': '0.2573', 'NDCG@10': '0.1417', 'HR@20': '0.3613', 'NDCG@20': '0.1680'}
2025-06-13 22:47:41,975 - Validation score increased.  Saving model ...
2025-06-13 22:47:49,299 - {'epoch': 26, 'rec_loss': '4.5530'}
2025-06-13 22:47:53,579 - {'Epoch': 26, 'HR@5': '0.1735', 'NDCG@5': '0.1136', 'HR@10': '0.2579', 'NDCG@10': '0.1409', 'HR@20': '0.3584', 'NDCG@20': '0.1663'}
2025-06-13 22:47:53,581 - EarlyStopping counter: 1 out of 10
2025-06-13 22:48:00,836 - {'epoch': 27, 'rec_loss': '4.5458'}
2025-06-13 22:48:04,987 - {'Epoch': 27, 'HR@5': '0.1712', 'NDCG@5': '0.1121', 'HR@10': '0.2602', 'NDCG@10': '0.1408', 'HR@20': '0.3600', 'NDCG@20': '0.1660'}
2025-06-13 22:48:05,003 - EarlyStopping counter: 2 out of 10
2025-06-13 22:48:12,275 - {'epoch': 28, 'rec_loss': '4.5355'}
2025-06-13 22:48:16,595 - {'Epoch': 28, 'HR@5': '0.1722', 'NDCG@5': '0.1128', 'HR@10': '0.2615', 'NDCG@10': '0.1416', 'HR@20': '0.3616', 'NDCG@20': '0.1669'}
2025-06-13 22:48:16,597 - EarlyStopping counter: 3 out of 10
2025-06-13 22:48:23,909 - {'epoch': 29, 'rec_loss': '4.5273'}
2025-06-13 22:48:28,244 - {'Epoch': 29, 'HR@5': '0.1700', 'NDCG@5': '0.1130', 'HR@10': '0.2571', 'NDCG@10': '0.1411', 'HR@20': '0.3560', 'NDCG@20': '0.1661'}
2025-06-13 22:48:28,247 - EarlyStopping counter: 4 out of 10
2025-06-13 22:48:35,507 - {'epoch': 30, 'rec_loss': '4.5240'}
2025-06-13 22:48:39,796 - {'Epoch': 30, 'HR@5': '0.1708', 'NDCG@5': '0.1127', 'HR@10': '0.2578', 'NDCG@10': '0.1408', 'HR@20': '0.3609', 'NDCG@20': '0.1668'}
2025-06-13 22:48:39,797 - EarlyStopping counter: 5 out of 10
2025-06-13 22:48:47,183 - {'epoch': 31, 'rec_loss': '4.5157'}
2025-06-13 22:48:51,446 - {'Epoch': 31, 'HR@5': '0.1723', 'NDCG@5': '0.1126', 'HR@10': '0.2589', 'NDCG@10': '0.1404', 'HR@20': '0.3617', 'NDCG@20': '0.1664'}
2025-06-13 22:48:51,447 - EarlyStopping counter: 6 out of 10
2025-06-13 22:48:58,653 - {'epoch': 32, 'rec_loss': '4.5121'}
2025-06-13 22:49:02,965 - {'Epoch': 32, 'HR@5': '0.1696', 'NDCG@5': '0.1113', 'HR@10': '0.2584', 'NDCG@10': '0.1399', 'HR@20': '0.3601', 'NDCG@20': '0.1656'}
2025-06-13 22:49:02,967 - EarlyStopping counter: 7 out of 10
2025-06-13 22:49:10,348 - {'epoch': 33, 'rec_loss': '4.5018'}
2025-06-13 22:49:14,629 - {'Epoch': 33, 'HR@5': '0.1714', 'NDCG@5': '0.1123', 'HR@10': '0.2586', 'NDCG@10': '0.1404', 'HR@20': '0.3619', 'NDCG@20': '0.1664'}
2025-06-13 22:49:14,631 - EarlyStopping counter: 8 out of 10
2025-06-13 22:49:21,915 - {'epoch': 34, 'rec_loss': '4.5030'}
2025-06-13 22:49:26,122 - {'Epoch': 34, 'HR@5': '0.1723', 'NDCG@5': '0.1129', 'HR@10': '0.2617', 'NDCG@10': '0.1417', 'HR@20': '0.3622', 'NDCG@20': '0.1671'}
2025-06-13 22:49:26,123 - EarlyStopping counter: 9 out of 10
2025-06-13 22:49:33,477 - {'epoch': 35, 'rec_loss': '4.4919'}
2025-06-13 22:49:37,743 - {'Epoch': 35, 'HR@5': '0.1733', 'NDCG@5': '0.1126', 'HR@10': '0.2598', 'NDCG@10': '0.1404', 'HR@20': '0.3609', 'NDCG@20': '0.1659'}
2025-06-13 22:49:37,744 - EarlyStopping counter: 10 out of 10
2025-06-13 22:49:37,744 - Early stopping
2025-06-13 22:49:37,744 - ---------------Validation Score---------------
2025-06-13 22:49:42,037 - {'Epoch': 0, 'HR@5': '0.1757', 'NDCG@5': '0.1154', 'HR@10': '0.2573', 'NDCG@10': '0.1417', 'HR@20': '0.3613', 'NDCG@20': '0.1680'}
2025-06-13 22:49:42,038 - BSARec_Diginetica
2025-06-13 22:49:42,039 - {'Epoch': 0, 'HR@5': '0.1757', 'NDCG@5': '0.1154', 'HR@10': '0.2573', 'NDCG@10': '0.1417', 'HR@20': '0.3613', 'NDCG@20': '0.1680'}
