2025-06-13 20:34:40,251 - Namespace(data_dir='data/self_processed/', output_dir='hparam_search/', data_name='Diginetica', train_name='BERT4Rec_Diginetica', num_items=10, num_users=14829, lr=0.0005, batch_size=256, epochs=200, no_cuda=False, log_freq=1, patience=10, num_workers=4, seed=42, weight_decay=0.0, adam_beta1=0.9, adam_beta2=0.999, gpu_id='0', variance=5, model_type='BERT4Rec', max_seq_length=50, hidden_size=64, num_hidden_layers=2, hidden_act='gelu', num_attention_heads=1, attention_probs_dropout_prob=0.5, hidden_dropout_prob=0.5, initializer_range=0.02, mask_ratio=0.4, cuda_condition=True, data_file='data/self_processed/Diginetica.txt', item_size=9441, checkpoint_path=PosixPath('/gpfs/home3/scur2771/BSARec/BSARec/src/hparam_search/BERT4Rec_Diginetica/12362289_11/model.pt'), same_target_path='data/self_processed/Diginetica_same_target.npy')
2025-06-13 20:34:40,275 - BERT4RecModel(
  (item_embeddings): Embedding(9442, 64, padding_idx=0)
  (position_embeddings): Embedding(50, 64)
  (item_encoder): TransformerEncoder(
    (blocks): ModuleList(
      (0): TransformerBlock(
        (layer): MultiHeadAttention(
          (query): Linear(in_features=64, out_features=64, bias=True)
          (key): Linear(in_features=64, out_features=64, bias=True)
          (value): Linear(in_features=64, out_features=64, bias=True)
          (softmax): Softmax(dim=-1)
          (attn_dropout): Dropout(p=0.5, inplace=False)
          (dense): Linear(in_features=64, out_features=64, bias=True)
          (LayerNorm): LayerNorm((64,), eps=1e-12, elementwise_affine=True)
          (out_dropout): Dropout(p=0.5, inplace=False)
        )
        (feed_forward): FeedForward(
          (dense_1): Linear(in_features=64, out_features=256, bias=True)
          (dense_2): Linear(in_features=256, out_features=64, bias=True)
          (LayerNorm): LayerNorm()
          (dropout): Dropout(p=0.5, inplace=False)
        )
      )
      (1): TransformerBlock(
        (layer): MultiHeadAttention(
          (query): Linear(in_features=64, out_features=64, bias=True)
          (key): Linear(in_features=64, out_features=64, bias=True)
          (value): Linear(in_features=64, out_features=64, bias=True)
          (softmax): Softmax(dim=-1)
          (attn_dropout): Dropout(p=0.5, inplace=False)
          (dense): Linear(in_features=64, out_features=64, bias=True)
          (LayerNorm): LayerNorm((64,), eps=1e-12, elementwise_affine=True)
          (out_dropout): Dropout(p=0.5, inplace=False)
        )
        (feed_forward): FeedForward(
          (dense_1): Linear(in_features=64, out_features=256, bias=True)
          (dense_2): Linear(in_features=256, out_features=64, bias=True)
          (LayerNorm): LayerNorm()
          (dropout): Dropout(p=0.5, inplace=False)
        )
      )
    )
  )
  (LayerNorm): LayerNorm()
  (dropout): Dropout(p=0.5, inplace=False)
)
2025-06-13 20:34:42,507 - Total Parameters: 707584
2025-06-13 20:34:55,002 - {'epoch': 0, 'rec_loss': '8.9437'}
2025-06-13 20:34:59,716 - {'Epoch': 0, 'HR@5': '0.0031', 'NDCG@5': '0.0017', 'HR@10': '0.0050', 'NDCG@10': '0.0023', 'HR@20': '0.0082', 'NDCG@20': '0.0031'}
2025-06-13 20:34:59,718 - Validation score increased.  Saving model ...
2025-06-13 20:35:11,636 - {'epoch': 1, 'rec_loss': '8.7530'}
2025-06-13 20:35:16,361 - {'Epoch': 1, 'HR@5': '0.0034', 'NDCG@5': '0.0020', 'HR@10': '0.0061', 'NDCG@10': '0.0029', 'HR@20': '0.0105', 'NDCG@20': '0.0040'}
2025-06-13 20:35:16,363 - Validation score increased.  Saving model ...
2025-06-13 20:35:28,241 - {'epoch': 2, 'rec_loss': '8.6197'}
2025-06-13 20:35:32,949 - {'Epoch': 2, 'HR@5': '0.0040', 'NDCG@5': '0.0026', 'HR@10': '0.0066', 'NDCG@10': '0.0034', 'HR@20': '0.0119', 'NDCG@20': '0.0047'}
2025-06-13 20:35:32,951 - Validation score increased.  Saving model ...
2025-06-13 20:35:44,839 - {'epoch': 3, 'rec_loss': '8.4926'}
2025-06-13 20:35:49,529 - {'Epoch': 3, 'HR@5': '0.0041', 'NDCG@5': '0.0025', 'HR@10': '0.0080', 'NDCG@10': '0.0038', 'HR@20': '0.0142', 'NDCG@20': '0.0053'}
2025-06-13 20:35:49,532 - Validation score increased.  Saving model ...
2025-06-13 20:36:01,336 - {'epoch': 4, 'rec_loss': '8.3794'}
2025-06-13 20:36:06,051 - {'Epoch': 4, 'HR@5': '0.0056', 'NDCG@5': '0.0034', 'HR@10': '0.0103', 'NDCG@10': '0.0049', 'HR@20': '0.0178', 'NDCG@20': '0.0068'}
2025-06-13 20:36:06,053 - Validation score increased.  Saving model ...
2025-06-13 20:36:17,920 - {'epoch': 5, 'rec_loss': '8.2388'}
2025-06-13 20:36:22,576 - {'Epoch': 5, 'HR@5': '0.0082', 'NDCG@5': '0.0049', 'HR@10': '0.0148', 'NDCG@10': '0.0071', 'HR@20': '0.0275', 'NDCG@20': '0.0102'}
2025-06-13 20:36:22,578 - Validation score increased.  Saving model ...
2025-06-13 20:36:34,490 - {'epoch': 6, 'rec_loss': '8.0895'}
2025-06-13 20:36:39,105 - {'Epoch': 6, 'HR@5': '0.0125', 'NDCG@5': '0.0076', 'HR@10': '0.0219', 'NDCG@10': '0.0106', 'HR@20': '0.0378', 'NDCG@20': '0.0146'}
2025-06-13 20:36:39,106 - Validation score increased.  Saving model ...
2025-06-13 20:36:51,071 - {'epoch': 7, 'rec_loss': '7.9478'}
2025-06-13 20:36:55,601 - {'Epoch': 7, 'HR@5': '0.0163', 'NDCG@5': '0.0098', 'HR@10': '0.0291', 'NDCG@10': '0.0139', 'HR@20': '0.0480', 'NDCG@20': '0.0186'}
2025-06-13 20:36:55,601 - Validation score increased.  Saving model ...
2025-06-13 20:37:07,461 - {'epoch': 8, 'rec_loss': '7.8225'}
2025-06-13 20:37:12,033 - {'Epoch': 8, 'HR@5': '0.0198', 'NDCG@5': '0.0124', 'HR@10': '0.0345', 'NDCG@10': '0.0171', 'HR@20': '0.0581', 'NDCG@20': '0.0230'}
2025-06-13 20:37:12,035 - Validation score increased.  Saving model ...
2025-06-13 20:37:23,904 - {'epoch': 9, 'rec_loss': '7.7149'}
2025-06-13 20:37:28,443 - {'Epoch': 9, 'HR@5': '0.0233', 'NDCG@5': '0.0143', 'HR@10': '0.0389', 'NDCG@10': '0.0193', 'HR@20': '0.0670', 'NDCG@20': '0.0264'}
2025-06-13 20:37:28,446 - Validation score increased.  Saving model ...
2025-06-13 20:37:40,371 - {'epoch': 10, 'rec_loss': '7.6243'}
2025-06-13 20:37:44,841 - {'Epoch': 10, 'HR@5': '0.0260', 'NDCG@5': '0.0160', 'HR@10': '0.0448', 'NDCG@10': '0.0220', 'HR@20': '0.0772', 'NDCG@20': '0.0302'}
2025-06-13 20:37:44,842 - Validation score increased.  Saving model ...
2025-06-13 20:37:56,822 - {'epoch': 11, 'rec_loss': '7.5484'}
2025-06-13 20:38:01,345 - {'Epoch': 11, 'HR@5': '0.0286', 'NDCG@5': '0.0178', 'HR@10': '0.0499', 'NDCG@10': '0.0246', 'HR@20': '0.0848', 'NDCG@20': '0.0334'}
2025-06-13 20:38:01,351 - Validation score increased.  Saving model ...
2025-06-13 20:38:13,280 - {'epoch': 12, 'rec_loss': '7.4757'}
2025-06-13 20:38:17,715 - {'Epoch': 12, 'HR@5': '0.0328', 'NDCG@5': '0.0201', 'HR@10': '0.0565', 'NDCG@10': '0.0277', 'HR@20': '0.0927', 'NDCG@20': '0.0368'}
2025-06-13 20:38:17,716 - Validation score increased.  Saving model ...
2025-06-13 20:38:29,697 - {'epoch': 13, 'rec_loss': '7.4061'}
2025-06-13 20:38:34,170 - {'Epoch': 13, 'HR@5': '0.0344', 'NDCG@5': '0.0211', 'HR@10': '0.0598', 'NDCG@10': '0.0292', 'HR@20': '0.0979', 'NDCG@20': '0.0388'}
2025-06-13 20:38:34,174 - Validation score increased.  Saving model ...
2025-06-13 20:38:46,172 - {'epoch': 14, 'rec_loss': '7.3362'}
2025-06-13 20:38:50,654 - {'Epoch': 14, 'HR@5': '0.0355', 'NDCG@5': '0.0225', 'HR@10': '0.0638', 'NDCG@10': '0.0316', 'HR@20': '0.1032', 'NDCG@20': '0.0415'}
2025-06-13 20:38:50,655 - Validation score increased.  Saving model ...
2025-06-13 20:39:02,591 - {'epoch': 15, 'rec_loss': '7.2703'}
2025-06-13 20:39:07,100 - {'Epoch': 15, 'HR@5': '0.0409', 'NDCG@5': '0.0256', 'HR@10': '0.0675', 'NDCG@10': '0.0342', 'HR@20': '0.1107', 'NDCG@20': '0.0450'}
2025-06-13 20:39:07,103 - Validation score increased.  Saving model ...
2025-06-13 20:39:19,014 - {'epoch': 16, 'rec_loss': '7.2085'}
2025-06-13 20:39:23,484 - {'Epoch': 16, 'HR@5': '0.0433', 'NDCG@5': '0.0268', 'HR@10': '0.0734', 'NDCG@10': '0.0364', 'HR@20': '0.1182', 'NDCG@20': '0.0477'}
2025-06-13 20:39:23,484 - Validation score increased.  Saving model ...
2025-06-13 20:39:35,391 - {'epoch': 17, 'rec_loss': '7.1419'}
2025-06-13 20:39:39,823 - {'Epoch': 17, 'HR@5': '0.0488', 'NDCG@5': '0.0301', 'HR@10': '0.0782', 'NDCG@10': '0.0396', 'HR@20': '0.1257', 'NDCG@20': '0.0515'}
2025-06-13 20:39:39,828 - Validation score increased.  Saving model ...
2025-06-13 20:39:51,720 - {'epoch': 18, 'rec_loss': '7.0858'}
2025-06-13 20:39:56,119 - {'Epoch': 18, 'HR@5': '0.0501', 'NDCG@5': '0.0313', 'HR@10': '0.0867', 'NDCG@10': '0.0430', 'HR@20': '0.1349', 'NDCG@20': '0.0551'}
2025-06-13 20:39:56,121 - Validation score increased.  Saving model ...
2025-06-13 20:40:08,016 - {'epoch': 19, 'rec_loss': '7.0190'}
2025-06-13 20:40:12,498 - {'Epoch': 19, 'HR@5': '0.0557', 'NDCG@5': '0.0348', 'HR@10': '0.0929', 'NDCG@10': '0.0468', 'HR@20': '0.1428', 'NDCG@20': '0.0593'}
2025-06-13 20:40:12,500 - Validation score increased.  Saving model ...
2025-06-13 20:40:24,491 - {'epoch': 20, 'rec_loss': '6.9654'}
2025-06-13 20:40:28,946 - {'Epoch': 20, 'HR@5': '0.0583', 'NDCG@5': '0.0367', 'HR@10': '0.0968', 'NDCG@10': '0.0489', 'HR@20': '0.1520', 'NDCG@20': '0.0629'}
2025-06-13 20:40:28,947 - Validation score increased.  Saving model ...
2025-06-13 20:40:40,883 - {'epoch': 21, 'rec_loss': '6.9190'}
2025-06-13 20:40:45,372 - {'Epoch': 21, 'HR@5': '0.0614', 'NDCG@5': '0.0379', 'HR@10': '0.1027', 'NDCG@10': '0.0512', 'HR@20': '0.1584', 'NDCG@20': '0.0652'}
2025-06-13 20:40:45,374 - Validation score increased.  Saving model ...
2025-06-13 20:40:57,290 - {'epoch': 22, 'rec_loss': '6.8633'}
2025-06-13 20:41:01,760 - {'Epoch': 22, 'HR@5': '0.0647', 'NDCG@5': '0.0406', 'HR@10': '0.1042', 'NDCG@10': '0.0533', 'HR@20': '0.1681', 'NDCG@20': '0.0694'}
2025-06-13 20:41:01,760 - Validation score increased.  Saving model ...
2025-06-13 20:41:13,839 - {'epoch': 23, 'rec_loss': '6.8168'}
2025-06-13 20:41:18,269 - {'Epoch': 23, 'HR@5': '0.0672', 'NDCG@5': '0.0423', 'HR@10': '0.1094', 'NDCG@10': '0.0559', 'HR@20': '0.1760', 'NDCG@20': '0.0726'}
2025-06-13 20:41:18,270 - Validation score increased.  Saving model ...
2025-06-13 20:41:30,239 - {'epoch': 24, 'rec_loss': '6.7741'}
2025-06-13 20:41:34,696 - {'Epoch': 24, 'HR@5': '0.0704', 'NDCG@5': '0.0443', 'HR@10': '0.1161', 'NDCG@10': '0.0590', 'HR@20': '0.1832', 'NDCG@20': '0.0758'}
2025-06-13 20:41:34,701 - Validation score increased.  Saving model ...
2025-06-13 20:41:46,619 - {'epoch': 25, 'rec_loss': '6.7280'}
2025-06-13 20:41:51,029 - {'Epoch': 25, 'HR@5': '0.0718', 'NDCG@5': '0.0457', 'HR@10': '0.1181', 'NDCG@10': '0.0606', 'HR@20': '0.1826', 'NDCG@20': '0.0768'}
2025-06-13 20:41:51,030 - Validation score increased.  Saving model ...
2025-06-13 20:42:02,983 - {'epoch': 26, 'rec_loss': '6.6862'}
2025-06-13 20:42:07,560 - {'Epoch': 26, 'HR@5': '0.0720', 'NDCG@5': '0.0460', 'HR@10': '0.1183', 'NDCG@10': '0.0608', 'HR@20': '0.1941', 'NDCG@20': '0.0799'}
2025-06-13 20:42:07,562 - Validation score increased.  Saving model ...
2025-06-13 20:42:19,433 - {'epoch': 27, 'rec_loss': '6.6449'}
2025-06-13 20:42:23,881 - {'Epoch': 27, 'HR@5': '0.0767', 'NDCG@5': '0.0477', 'HR@10': '0.1254', 'NDCG@10': '0.0634', 'HR@20': '0.2003', 'NDCG@20': '0.0822'}
2025-06-13 20:42:23,883 - Validation score increased.  Saving model ...
2025-06-13 20:42:35,772 - {'epoch': 28, 'rec_loss': '6.6203'}
2025-06-13 20:42:40,278 - {'Epoch': 28, 'HR@5': '0.0776', 'NDCG@5': '0.0496', 'HR@10': '0.1272', 'NDCG@10': '0.0656', 'HR@20': '0.2053', 'NDCG@20': '0.0852'}
2025-06-13 20:42:40,280 - Validation score increased.  Saving model ...
2025-06-13 20:42:52,175 - {'epoch': 29, 'rec_loss': '6.5842'}
2025-06-13 20:42:56,628 - {'Epoch': 29, 'HR@5': '0.0799', 'NDCG@5': '0.0510', 'HR@10': '0.1367', 'NDCG@10': '0.0693', 'HR@20': '0.2112', 'NDCG@20': '0.0879'}
2025-06-13 20:42:56,630 - Validation score increased.  Saving model ...
2025-06-13 20:43:08,604 - {'epoch': 30, 'rec_loss': '6.5492'}
2025-06-13 20:43:13,156 - {'Epoch': 30, 'HR@5': '0.0834', 'NDCG@5': '0.0522', 'HR@10': '0.1340', 'NDCG@10': '0.0684', 'HR@20': '0.2149', 'NDCG@20': '0.0888'}
2025-06-13 20:43:13,158 - Validation score increased.  Saving model ...
2025-06-13 20:43:25,048 - {'epoch': 31, 'rec_loss': '6.5254'}
2025-06-13 20:43:29,561 - {'Epoch': 31, 'HR@5': '0.0844', 'NDCG@5': '0.0530', 'HR@10': '0.1396', 'NDCG@10': '0.0708', 'HR@20': '0.2227', 'NDCG@20': '0.0917'}
2025-06-13 20:43:29,563 - Validation score increased.  Saving model ...
2025-06-13 20:43:41,562 - {'epoch': 32, 'rec_loss': '6.5003'}
2025-06-13 20:43:46,018 - {'Epoch': 32, 'HR@5': '0.0848', 'NDCG@5': '0.0540', 'HR@10': '0.1395', 'NDCG@10': '0.0716', 'HR@20': '0.2223', 'NDCG@20': '0.0924'}
2025-06-13 20:43:46,019 - Validation score increased.  Saving model ...
2025-06-13 20:43:57,871 - {'epoch': 33, 'rec_loss': '6.4650'}
2025-06-13 20:44:02,407 - {'Epoch': 33, 'HR@5': '0.0877', 'NDCG@5': '0.0554', 'HR@10': '0.1436', 'NDCG@10': '0.0733', 'HR@20': '0.2282', 'NDCG@20': '0.0946'}
2025-06-13 20:44:02,409 - Validation score increased.  Saving model ...
2025-06-13 20:44:14,349 - {'epoch': 34, 'rec_loss': '6.4410'}
2025-06-13 20:44:18,889 - {'Epoch': 34, 'HR@5': '0.0912', 'NDCG@5': '0.0576', 'HR@10': '0.1505', 'NDCG@10': '0.0766', 'HR@20': '0.2337', 'NDCG@20': '0.0975'}
2025-06-13 20:44:18,890 - Validation score increased.  Saving model ...
2025-06-13 20:44:30,799 - {'epoch': 35, 'rec_loss': '6.4176'}
2025-06-13 20:44:35,335 - {'Epoch': 35, 'HR@5': '0.0927', 'NDCG@5': '0.0583', 'HR@10': '0.1532', 'NDCG@10': '0.0777', 'HR@20': '0.2367', 'NDCG@20': '0.0987'}
2025-06-13 20:44:35,337 - Validation score increased.  Saving model ...
2025-06-13 20:44:47,300 - {'epoch': 36, 'rec_loss': '6.3863'}
2025-06-13 20:44:51,802 - {'Epoch': 36, 'HR@5': '0.0920', 'NDCG@5': '0.0592', 'HR@10': '0.1531', 'NDCG@10': '0.0787', 'HR@20': '0.2377', 'NDCG@20': '0.1000'}
2025-06-13 20:44:51,804 - Validation score increased.  Saving model ...
2025-06-13 20:45:03,806 - {'epoch': 37, 'rec_loss': '6.3624'}
2025-06-13 20:45:08,322 - {'Epoch': 37, 'HR@5': '0.0943', 'NDCG@5': '0.0602', 'HR@10': '0.1558', 'NDCG@10': '0.0799', 'HR@20': '0.2446', 'NDCG@20': '0.1022'}
2025-06-13 20:45:08,323 - Validation score increased.  Saving model ...
2025-06-13 20:45:20,280 - {'epoch': 38, 'rec_loss': '6.3445'}
2025-06-13 20:45:24,743 - {'Epoch': 38, 'HR@5': '0.0970', 'NDCG@5': '0.0625', 'HR@10': '0.1590', 'NDCG@10': '0.0824', 'HR@20': '0.2493', 'NDCG@20': '0.1051'}
2025-06-13 20:45:24,745 - Validation score increased.  Saving model ...
2025-06-13 20:45:36,641 - {'epoch': 39, 'rec_loss': '6.3078'}
2025-06-13 20:45:41,144 - {'Epoch': 39, 'HR@5': '0.1000', 'NDCG@5': '0.0633', 'HR@10': '0.1650', 'NDCG@10': '0.0841', 'HR@20': '0.2556', 'NDCG@20': '0.1069'}
2025-06-13 20:45:41,145 - Validation score increased.  Saving model ...
2025-06-13 20:45:52,998 - {'epoch': 40, 'rec_loss': '6.2983'}
2025-06-13 20:45:57,628 - {'Epoch': 40, 'HR@5': '0.1034', 'NDCG@5': '0.0659', 'HR@10': '0.1677', 'NDCG@10': '0.0865', 'HR@20': '0.2556', 'NDCG@20': '0.1087'}
2025-06-13 20:45:57,629 - Validation score increased.  Saving model ...
2025-06-13 20:46:09,648 - {'epoch': 41, 'rec_loss': '6.2699'}
2025-06-13 20:46:14,219 - {'Epoch': 41, 'HR@5': '0.1030', 'NDCG@5': '0.0656', 'HR@10': '0.1654', 'NDCG@10': '0.0857', 'HR@20': '0.2600', 'NDCG@20': '0.1095'}
2025-06-13 20:46:14,225 - Validation score increased.  Saving model ...
2025-06-13 20:46:26,089 - {'epoch': 42, 'rec_loss': '6.2465'}
2025-06-13 20:46:30,564 - {'Epoch': 42, 'HR@5': '0.1046', 'NDCG@5': '0.0663', 'HR@10': '0.1708', 'NDCG@10': '0.0875', 'HR@20': '0.2650', 'NDCG@20': '0.1112'}
2025-06-13 20:46:30,566 - Validation score increased.  Saving model ...
2025-06-13 20:46:42,513 - {'epoch': 43, 'rec_loss': '6.2243'}
2025-06-13 20:46:47,042 - {'Epoch': 43, 'HR@5': '0.1097', 'NDCG@5': '0.0697', 'HR@10': '0.1755', 'NDCG@10': '0.0909', 'HR@20': '0.2656', 'NDCG@20': '0.1136'}
2025-06-13 20:46:47,043 - Validation score increased.  Saving model ...
2025-06-13 20:46:58,877 - {'epoch': 44, 'rec_loss': '6.2074'}
2025-06-13 20:47:03,397 - {'Epoch': 44, 'HR@5': '0.1091', 'NDCG@5': '0.0691', 'HR@10': '0.1772', 'NDCG@10': '0.0908', 'HR@20': '0.2665', 'NDCG@20': '0.1133'}
2025-06-13 20:47:03,398 - EarlyStopping counter: 1 out of 10
2025-06-13 20:47:15,340 - {'epoch': 45, 'rec_loss': '6.1991'}
2025-06-13 20:47:19,883 - {'Epoch': 45, 'HR@5': '0.1121', 'NDCG@5': '0.0711', 'HR@10': '0.1768', 'NDCG@10': '0.0918', 'HR@20': '0.2690', 'NDCG@20': '0.1150'}
2025-06-13 20:47:19,884 - Validation score increased.  Saving model ...
2025-06-13 20:47:31,763 - {'epoch': 46, 'rec_loss': '6.1707'}
2025-06-13 20:47:36,305 - {'Epoch': 46, 'HR@5': '0.1107', 'NDCG@5': '0.0696', 'HR@10': '0.1811', 'NDCG@10': '0.0923', 'HR@20': '0.2710', 'NDCG@20': '0.1150'}
2025-06-13 20:47:36,312 - EarlyStopping counter: 1 out of 10
2025-06-13 20:47:48,183 - {'epoch': 47, 'rec_loss': '6.1441'}
2025-06-13 20:47:52,715 - {'Epoch': 47, 'HR@5': '0.1072', 'NDCG@5': '0.0686', 'HR@10': '0.1797', 'NDCG@10': '0.0919', 'HR@20': '0.2768', 'NDCG@20': '0.1163'}
2025-06-13 20:47:52,716 - Validation score increased.  Saving model ...
2025-06-13 20:48:04,640 - {'epoch': 48, 'rec_loss': '6.1311'}
2025-06-13 20:48:09,276 - {'Epoch': 48, 'HR@5': '0.1133', 'NDCG@5': '0.0721', 'HR@10': '0.1822', 'NDCG@10': '0.0942', 'HR@20': '0.2816', 'NDCG@20': '0.1193'}
2025-06-13 20:48:09,281 - Validation score increased.  Saving model ...
2025-06-13 20:48:21,122 - {'epoch': 49, 'rec_loss': '6.1218'}
2025-06-13 20:48:25,702 - {'Epoch': 49, 'HR@5': '0.1123', 'NDCG@5': '0.0717', 'HR@10': '0.1857', 'NDCG@10': '0.0952', 'HR@20': '0.2817', 'NDCG@20': '0.1193'}
2025-06-13 20:48:25,704 - Validation score increased.  Saving model ...
2025-06-13 20:48:37,588 - {'epoch': 50, 'rec_loss': '6.0929'}
2025-06-13 20:48:42,159 - {'Epoch': 50, 'HR@5': '0.1161', 'NDCG@5': '0.0736', 'HR@10': '0.1879', 'NDCG@10': '0.0967', 'HR@20': '0.2814', 'NDCG@20': '0.1202'}
2025-06-13 20:48:42,160 - Validation score increased.  Saving model ...
2025-06-13 20:48:54,061 - {'epoch': 51, 'rec_loss': '6.0827'}
2025-06-13 20:48:58,653 - {'Epoch': 51, 'HR@5': '0.1157', 'NDCG@5': '0.0741', 'HR@10': '0.1874', 'NDCG@10': '0.0972', 'HR@20': '0.2830', 'NDCG@20': '0.1213'}
2025-06-13 20:48:58,654 - Validation score increased.  Saving model ...
2025-06-13 20:49:10,621 - {'epoch': 52, 'rec_loss': '6.0741'}
2025-06-13 20:49:15,220 - {'Epoch': 52, 'HR@5': '0.1194', 'NDCG@5': '0.0760', 'HR@10': '0.1916', 'NDCG@10': '0.0993', 'HR@20': '0.2866', 'NDCG@20': '0.1233'}
2025-06-13 20:49:15,222 - Validation score increased.  Saving model ...
2025-06-13 20:49:27,105 - {'epoch': 53, 'rec_loss': '6.0617'}
2025-06-13 20:49:31,609 - {'Epoch': 53, 'HR@5': '0.1206', 'NDCG@5': '0.0774', 'HR@10': '0.1934', 'NDCG@10': '0.1008', 'HR@20': '0.2908', 'NDCG@20': '0.1253'}
2025-06-13 20:49:31,610 - Validation score increased.  Saving model ...
2025-06-13 20:49:43,560 - {'epoch': 54, 'rec_loss': '6.0447'}
2025-06-13 20:49:48,100 - {'Epoch': 54, 'HR@5': '0.1188', 'NDCG@5': '0.0762', 'HR@10': '0.1952', 'NDCG@10': '0.1007', 'HR@20': '0.2889', 'NDCG@20': '0.1242'}
2025-06-13 20:49:48,101 - EarlyStopping counter: 1 out of 10
2025-06-13 20:49:59,920 - {'epoch': 55, 'rec_loss': '6.0292'}
2025-06-13 20:50:04,491 - {'Epoch': 55, 'HR@5': '0.1189', 'NDCG@5': '0.0769', 'HR@10': '0.1984', 'NDCG@10': '0.1024', 'HR@20': '0.2959', 'NDCG@20': '0.1270'}
2025-06-13 20:50:04,492 - Validation score increased.  Saving model ...
2025-06-13 20:50:16,428 - {'epoch': 56, 'rec_loss': '6.0215'}
2025-06-13 20:50:21,004 - {'Epoch': 56, 'HR@5': '0.1228', 'NDCG@5': '0.0781', 'HR@10': '0.1952', 'NDCG@10': '0.1014', 'HR@20': '0.2921', 'NDCG@20': '0.1259'}
2025-06-13 20:50:21,005 - EarlyStopping counter: 1 out of 10
2025-06-13 20:50:32,828 - {'epoch': 57, 'rec_loss': '6.0063'}
2025-06-13 20:50:37,311 - {'Epoch': 57, 'HR@5': '0.1217', 'NDCG@5': '0.0777', 'HR@10': '0.1973', 'NDCG@10': '0.1020', 'HR@20': '0.2963', 'NDCG@20': '0.1270'}
2025-06-13 20:50:37,316 - EarlyStopping counter: 2 out of 10
2025-06-13 20:50:49,204 - {'epoch': 58, 'rec_loss': '5.9921'}
2025-06-13 20:50:53,763 - {'Epoch': 58, 'HR@5': '0.1235', 'NDCG@5': '0.0799', 'HR@10': '0.1994', 'NDCG@10': '0.1043', 'HR@20': '0.2961', 'NDCG@20': '0.1287'}
2025-06-13 20:50:53,765 - Validation score increased.  Saving model ...
2025-06-13 20:51:05,767 - {'epoch': 59, 'rec_loss': '5.9827'}
2025-06-13 20:51:10,328 - {'Epoch': 59, 'HR@5': '0.1258', 'NDCG@5': '0.0801', 'HR@10': '0.2004', 'NDCG@10': '0.1041', 'HR@20': '0.2961', 'NDCG@20': '0.1283'}
2025-06-13 20:51:10,329 - EarlyStopping counter: 1 out of 10
2025-06-13 20:51:22,245 - {'epoch': 60, 'rec_loss': '5.9624'}
2025-06-13 20:51:26,783 - {'Epoch': 60, 'HR@5': '0.1246', 'NDCG@5': '0.0800', 'HR@10': '0.2035', 'NDCG@10': '0.1054', 'HR@20': '0.2982', 'NDCG@20': '0.1293'}
2025-06-13 20:51:26,784 - Validation score increased.  Saving model ...
2025-06-13 20:51:38,743 - {'epoch': 61, 'rec_loss': '5.9566'}
2025-06-13 20:51:43,264 - {'Epoch': 61, 'HR@5': '0.1259', 'NDCG@5': '0.0794', 'HR@10': '0.2029', 'NDCG@10': '0.1042', 'HR@20': '0.2999', 'NDCG@20': '0.1287'}
2025-06-13 20:51:43,269 - EarlyStopping counter: 1 out of 10
2025-06-13 20:51:55,138 - {'epoch': 62, 'rec_loss': '5.9514'}
2025-06-13 20:51:59,599 - {'Epoch': 62, 'HR@5': '0.1298', 'NDCG@5': '0.0833', 'HR@10': '0.2035', 'NDCG@10': '0.1071', 'HR@20': '0.2998', 'NDCG@20': '0.1315'}
2025-06-13 20:51:59,600 - Validation score increased.  Saving model ...
2025-06-13 20:52:11,519 - {'epoch': 63, 'rec_loss': '5.9395'}
2025-06-13 20:52:16,068 - {'Epoch': 63, 'HR@5': '0.1265', 'NDCG@5': '0.0810', 'HR@10': '0.2033', 'NDCG@10': '0.1057', 'HR@20': '0.3023', 'NDCG@20': '0.1307'}
2025-06-13 20:52:16,069 - EarlyStopping counter: 1 out of 10
2025-06-13 20:52:27,947 - {'epoch': 64, 'rec_loss': '5.9287'}
2025-06-13 20:52:32,487 - {'Epoch': 64, 'HR@5': '0.1290', 'NDCG@5': '0.0813', 'HR@10': '0.2062', 'NDCG@10': '0.1061', 'HR@20': '0.3030', 'NDCG@20': '0.1306'}
2025-06-13 20:52:32,490 - EarlyStopping counter: 2 out of 10
2025-06-13 20:52:44,391 - {'epoch': 65, 'rec_loss': '5.9278'}
2025-06-13 20:52:48,996 - {'Epoch': 65, 'HR@5': '0.1287', 'NDCG@5': '0.0825', 'HR@10': '0.2081', 'NDCG@10': '0.1080', 'HR@20': '0.3049', 'NDCG@20': '0.1324'}
2025-06-13 20:52:48,997 - Validation score increased.  Saving model ...
2025-06-13 20:53:00,916 - {'epoch': 66, 'rec_loss': '5.9141'}
2025-06-13 20:53:05,524 - {'Epoch': 66, 'HR@5': '0.1282', 'NDCG@5': '0.0811', 'HR@10': '0.2057', 'NDCG@10': '0.1060', 'HR@20': '0.3044', 'NDCG@20': '0.1309'}
2025-06-13 20:53:05,525 - EarlyStopping counter: 1 out of 10
2025-06-13 20:53:17,539 - {'epoch': 67, 'rec_loss': '5.9119'}
2025-06-13 20:53:22,002 - {'Epoch': 67, 'HR@5': '0.1319', 'NDCG@5': '0.0830', 'HR@10': '0.2088', 'NDCG@10': '0.1076', 'HR@20': '0.3031', 'NDCG@20': '0.1315'}
2025-06-13 20:53:22,003 - EarlyStopping counter: 2 out of 10
2025-06-13 20:53:33,928 - {'epoch': 68, 'rec_loss': '5.9033'}
2025-06-13 20:53:38,436 - {'Epoch': 68, 'HR@5': '0.1333', 'NDCG@5': '0.0841', 'HR@10': '0.2109', 'NDCG@10': '0.1090', 'HR@20': '0.3044', 'NDCG@20': '0.1326'}
2025-06-13 20:53:38,437 - Validation score increased.  Saving model ...
2025-06-13 20:53:50,432 - {'epoch': 69, 'rec_loss': '5.8883'}
2025-06-13 20:53:54,906 - {'Epoch': 69, 'HR@5': '0.1316', 'NDCG@5': '0.0840', 'HR@10': '0.2062', 'NDCG@10': '0.1079', 'HR@20': '0.3079', 'NDCG@20': '0.1337'}
2025-06-13 20:53:54,907 - Validation score increased.  Saving model ...
2025-06-13 20:54:06,848 - {'epoch': 70, 'rec_loss': '5.8891'}
2025-06-13 20:54:11,354 - {'Epoch': 70, 'HR@5': '0.1331', 'NDCG@5': '0.0846', 'HR@10': '0.2060', 'NDCG@10': '0.1080', 'HR@20': '0.3048', 'NDCG@20': '0.1330'}
2025-06-13 20:54:11,356 - EarlyStopping counter: 1 out of 10
2025-06-13 20:54:23,303 - {'epoch': 71, 'rec_loss': '5.8846'}
2025-06-13 20:54:27,829 - {'Epoch': 71, 'HR@5': '0.1292', 'NDCG@5': '0.0823', 'HR@10': '0.2087', 'NDCG@10': '0.1079', 'HR@20': '0.3065', 'NDCG@20': '0.1326'}
2025-06-13 20:54:27,831 - EarlyStopping counter: 2 out of 10
2025-06-13 20:54:39,755 - {'epoch': 72, 'rec_loss': '5.8764'}
2025-06-13 20:54:44,300 - {'Epoch': 72, 'HR@5': '0.1343', 'NDCG@5': '0.0869', 'HR@10': '0.2111', 'NDCG@10': '0.1116', 'HR@20': '0.3080', 'NDCG@20': '0.1360'}
2025-06-13 20:54:44,303 - Validation score increased.  Saving model ...
2025-06-13 20:54:56,184 - {'epoch': 73, 'rec_loss': '5.8683'}
2025-06-13 20:55:00,715 - {'Epoch': 73, 'HR@5': '0.1338', 'NDCG@5': '0.0855', 'HR@10': '0.2118', 'NDCG@10': '0.1107', 'HR@20': '0.3073', 'NDCG@20': '0.1347'}
2025-06-13 20:55:00,716 - EarlyStopping counter: 1 out of 10
2025-06-13 20:55:12,615 - {'epoch': 74, 'rec_loss': '5.8463'}
2025-06-13 20:55:17,193 - {'Epoch': 74, 'HR@5': '0.1325', 'NDCG@5': '0.0847', 'HR@10': '0.2120', 'NDCG@10': '0.1103', 'HR@20': '0.3075', 'NDCG@20': '0.1345'}
2025-06-13 20:55:17,195 - EarlyStopping counter: 2 out of 10
2025-06-13 20:55:29,075 - {'epoch': 75, 'rec_loss': '5.8610'}
2025-06-13 20:55:33,641 - {'Epoch': 75, 'HR@5': '0.1364', 'NDCG@5': '0.0878', 'HR@10': '0.2145', 'NDCG@10': '0.1128', 'HR@20': '0.3104', 'NDCG@20': '0.1370'}
2025-06-13 20:55:33,643 - Validation score increased.  Saving model ...
2025-06-13 20:55:45,551 - {'epoch': 76, 'rec_loss': '5.8580'}
2025-06-13 20:55:50,127 - {'Epoch': 76, 'HR@5': '0.1360', 'NDCG@5': '0.0865', 'HR@10': '0.2141', 'NDCG@10': '0.1117', 'HR@20': '0.3115', 'NDCG@20': '0.1362'}
2025-06-13 20:55:50,128 - EarlyStopping counter: 1 out of 10
2025-06-13 20:56:02,063 - {'epoch': 77, 'rec_loss': '5.8506'}
2025-06-13 20:56:06,637 - {'Epoch': 77, 'HR@5': '0.1389', 'NDCG@5': '0.0885', 'HR@10': '0.2129', 'NDCG@10': '0.1122', 'HR@20': '0.3083', 'NDCG@20': '0.1364'}
2025-06-13 20:56:06,642 - EarlyStopping counter: 2 out of 10
2025-06-13 20:56:18,570 - {'epoch': 78, 'rec_loss': '5.8379'}
2025-06-13 20:56:23,088 - {'Epoch': 78, 'HR@5': '0.1356', 'NDCG@5': '0.0857', 'HR@10': '0.2142', 'NDCG@10': '0.1111', 'HR@20': '0.3123', 'NDCG@20': '0.1358'}
2025-06-13 20:56:23,089 - EarlyStopping counter: 3 out of 10
2025-06-13 20:56:34,923 - {'epoch': 79, 'rec_loss': '5.8319'}
2025-06-13 20:56:39,527 - {'Epoch': 79, 'HR@5': '0.1351', 'NDCG@5': '0.0858', 'HR@10': '0.2153', 'NDCG@10': '0.1116', 'HR@20': '0.3109', 'NDCG@20': '0.1358'}
2025-06-13 20:56:39,529 - EarlyStopping counter: 4 out of 10
2025-06-13 20:56:51,419 - {'epoch': 80, 'rec_loss': '5.8265'}
2025-06-13 20:56:55,932 - {'Epoch': 80, 'HR@5': '0.1366', 'NDCG@5': '0.0866', 'HR@10': '0.2173', 'NDCG@10': '0.1125', 'HR@20': '0.3133', 'NDCG@20': '0.1367'}
2025-06-13 20:56:55,934 - EarlyStopping counter: 5 out of 10
2025-06-13 20:57:07,836 - {'epoch': 81, 'rec_loss': '5.8215'}
2025-06-13 20:57:12,352 - {'Epoch': 81, 'HR@5': '0.1391', 'NDCG@5': '0.0883', 'HR@10': '0.2180', 'NDCG@10': '0.1137', 'HR@20': '0.3115', 'NDCG@20': '0.1373'}
2025-06-13 20:57:12,355 - Validation score increased.  Saving model ...
2025-06-13 20:57:24,187 - {'epoch': 82, 'rec_loss': '5.8139'}
2025-06-13 20:57:28,687 - {'Epoch': 82, 'HR@5': '0.1378', 'NDCG@5': '0.0882', 'HR@10': '0.2200', 'NDCG@10': '0.1146', 'HR@20': '0.3146', 'NDCG@20': '0.1384'}
2025-06-13 20:57:28,689 - Validation score increased.  Saving model ...
2025-06-13 20:57:40,583 - {'epoch': 83, 'rec_loss': '5.8132'}
2025-06-13 20:57:45,097 - {'Epoch': 83, 'HR@5': '0.1409', 'NDCG@5': '0.0896', 'HR@10': '0.2184', 'NDCG@10': '0.1145', 'HR@20': '0.3122', 'NDCG@20': '0.1382'}
2025-06-13 20:57:45,099 - EarlyStopping counter: 1 out of 10
2025-06-13 20:57:57,047 - {'epoch': 84, 'rec_loss': '5.8044'}
2025-06-13 20:58:01,500 - {'Epoch': 84, 'HR@5': '0.1372', 'NDCG@5': '0.0874', 'HR@10': '0.2170', 'NDCG@10': '0.1130', 'HR@20': '0.3126', 'NDCG@20': '0.1373'}
2025-06-13 20:58:01,502 - EarlyStopping counter: 2 out of 10
2025-06-13 20:58:13,424 - {'epoch': 85, 'rec_loss': '5.7927'}
2025-06-13 20:58:17,935 - {'Epoch': 85, 'HR@5': '0.1407', 'NDCG@5': '0.0894', 'HR@10': '0.2160', 'NDCG@10': '0.1136', 'HR@20': '0.3133', 'NDCG@20': '0.1381'}
2025-06-13 20:58:17,937 - EarlyStopping counter: 3 out of 10
2025-06-13 20:58:29,850 - {'epoch': 86, 'rec_loss': '5.7902'}
2025-06-13 20:58:34,378 - {'Epoch': 86, 'HR@5': '0.1382', 'NDCG@5': '0.0889', 'HR@10': '0.2190', 'NDCG@10': '0.1148', 'HR@20': '0.3131', 'NDCG@20': '0.1386'}
2025-06-13 20:58:34,381 - Validation score increased.  Saving model ...
2025-06-13 20:58:46,313 - {'epoch': 87, 'rec_loss': '5.7914'}
2025-06-13 20:58:50,779 - {'Epoch': 87, 'HR@5': '0.1368', 'NDCG@5': '0.0867', 'HR@10': '0.2192', 'NDCG@10': '0.1133', 'HR@20': '0.3129', 'NDCG@20': '0.1369'}
2025-06-13 20:58:50,781 - EarlyStopping counter: 1 out of 10
2025-06-13 20:59:02,697 - {'epoch': 88, 'rec_loss': '5.7941'}
2025-06-13 20:59:07,201 - {'Epoch': 88, 'HR@5': '0.1361', 'NDCG@5': '0.0878', 'HR@10': '0.2140', 'NDCG@10': '0.1129', 'HR@20': '0.3131', 'NDCG@20': '0.1380'}
2025-06-13 20:59:07,202 - EarlyStopping counter: 2 out of 10
2025-06-13 20:59:19,148 - {'epoch': 89, 'rec_loss': '5.7788'}
2025-06-13 20:59:23,732 - {'Epoch': 89, 'HR@5': '0.1423', 'NDCG@5': '0.0903', 'HR@10': '0.2203', 'NDCG@10': '0.1154', 'HR@20': '0.3139', 'NDCG@20': '0.1390'}
2025-06-13 20:59:23,733 - Validation score increased.  Saving model ...
2025-06-13 20:59:35,618 - {'epoch': 90, 'rec_loss': '5.7682'}
2025-06-13 20:59:40,206 - {'Epoch': 90, 'HR@5': '0.1412', 'NDCG@5': '0.0898', 'HR@10': '0.2214', 'NDCG@10': '0.1156', 'HR@20': '0.3162', 'NDCG@20': '0.1395'}
2025-06-13 20:59:40,208 - Validation score increased.  Saving model ...
2025-06-13 20:59:52,157 - {'epoch': 91, 'rec_loss': '5.7740'}
2025-06-13 20:59:56,598 - {'Epoch': 91, 'HR@5': '0.1389', 'NDCG@5': '0.0890', 'HR@10': '0.2193', 'NDCG@10': '0.1149', 'HR@20': '0.3189', 'NDCG@20': '0.1400'}
2025-06-13 20:59:56,600 - Validation score increased.  Saving model ...
2025-06-13 21:00:08,498 - {'epoch': 92, 'rec_loss': '5.7621'}
2025-06-13 21:00:12,963 - {'Epoch': 92, 'HR@5': '0.1412', 'NDCG@5': '0.0894', 'HR@10': '0.2197', 'NDCG@10': '0.1147', 'HR@20': '0.3153', 'NDCG@20': '0.1389'}
2025-06-13 21:00:12,964 - EarlyStopping counter: 1 out of 10
2025-06-13 21:00:24,877 - {'epoch': 93, 'rec_loss': '5.7605'}
2025-06-13 21:00:29,408 - {'Epoch': 93, 'HR@5': '0.1400', 'NDCG@5': '0.0888', 'HR@10': '0.2184', 'NDCG@10': '0.1140', 'HR@20': '0.3161', 'NDCG@20': '0.1386'}
2025-06-13 21:00:29,410 - EarlyStopping counter: 2 out of 10
2025-06-13 21:00:41,364 - {'epoch': 94, 'rec_loss': '5.7633'}
2025-06-13 21:00:45,815 - {'Epoch': 94, 'HR@5': '0.1403', 'NDCG@5': '0.0899', 'HR@10': '0.2201', 'NDCG@10': '0.1155', 'HR@20': '0.3157', 'NDCG@20': '0.1396'}
2025-06-13 21:00:45,817 - EarlyStopping counter: 3 out of 10
2025-06-13 21:00:57,774 - {'epoch': 95, 'rec_loss': '5.7557'}
2025-06-13 21:01:02,319 - {'Epoch': 95, 'HR@5': '0.1434', 'NDCG@5': '0.0915', 'HR@10': '0.2207', 'NDCG@10': '0.1163', 'HR@20': '0.3165', 'NDCG@20': '0.1405'}
2025-06-13 21:01:02,321 - Validation score increased.  Saving model ...
2025-06-13 21:01:14,264 - {'epoch': 96, 'rec_loss': '5.7482'}
2025-06-13 21:01:18,807 - {'Epoch': 96, 'HR@5': '0.1405', 'NDCG@5': '0.0900', 'HR@10': '0.2227', 'NDCG@10': '0.1164', 'HR@20': '0.3177', 'NDCG@20': '0.1404'}
2025-06-13 21:01:18,810 - EarlyStopping counter: 1 out of 10
2025-06-13 21:01:30,706 - {'epoch': 97, 'rec_loss': '5.7500'}
2025-06-13 21:01:35,264 - {'Epoch': 97, 'HR@5': '0.1403', 'NDCG@5': '0.0900', 'HR@10': '0.2201', 'NDCG@10': '0.1157', 'HR@20': '0.3166', 'NDCG@20': '0.1400'}
2025-06-13 21:01:35,265 - EarlyStopping counter: 2 out of 10
2025-06-13 21:01:47,257 - {'epoch': 98, 'rec_loss': '5.7446'}
2025-06-13 21:01:51,782 - {'Epoch': 98, 'HR@5': '0.1414', 'NDCG@5': '0.0904', 'HR@10': '0.2229', 'NDCG@10': '0.1166', 'HR@20': '0.3171', 'NDCG@20': '0.1404'}
2025-06-13 21:01:51,784 - EarlyStopping counter: 3 out of 10
2025-06-13 21:02:03,720 - {'epoch': 99, 'rec_loss': '5.7335'}
2025-06-13 21:02:08,222 - {'Epoch': 99, 'HR@5': '0.1415', 'NDCG@5': '0.0911', 'HR@10': '0.2180', 'NDCG@10': '0.1159', 'HR@20': '0.3174', 'NDCG@20': '0.1410'}
2025-06-13 21:02:08,224 - Validation score increased.  Saving model ...
2025-06-13 21:02:20,174 - {'epoch': 100, 'rec_loss': '5.7356'}
2025-06-13 21:02:24,659 - {'Epoch': 100, 'HR@5': '0.1399', 'NDCG@5': '0.0892', 'HR@10': '0.2205', 'NDCG@10': '0.1151', 'HR@20': '0.3176', 'NDCG@20': '0.1395'}
2025-06-13 21:02:24,661 - EarlyStopping counter: 1 out of 10
2025-06-13 21:02:36,587 - {'epoch': 101, 'rec_loss': '5.7242'}
2025-06-13 21:02:41,098 - {'Epoch': 101, 'HR@5': '0.1428', 'NDCG@5': '0.0907', 'HR@10': '0.2212', 'NDCG@10': '0.1160', 'HR@20': '0.3176', 'NDCG@20': '0.1403'}
2025-06-13 21:02:41,099 - EarlyStopping counter: 2 out of 10
2025-06-13 21:02:53,030 - {'epoch': 102, 'rec_loss': '5.7162'}
2025-06-13 21:02:57,485 - {'Epoch': 102, 'HR@5': '0.1426', 'NDCG@5': '0.0908', 'HR@10': '0.2204', 'NDCG@10': '0.1159', 'HR@20': '0.3179', 'NDCG@20': '0.1405'}
2025-06-13 21:02:57,488 - EarlyStopping counter: 3 out of 10
2025-06-13 21:03:09,366 - {'epoch': 103, 'rec_loss': '5.7145'}
2025-06-13 21:03:13,833 - {'Epoch': 103, 'HR@5': '0.1427', 'NDCG@5': '0.0912', 'HR@10': '0.2213', 'NDCG@10': '0.1165', 'HR@20': '0.3172', 'NDCG@20': '0.1407'}
2025-06-13 21:03:13,835 - EarlyStopping counter: 4 out of 10
2025-06-13 21:03:25,810 - {'epoch': 104, 'rec_loss': '5.7135'}
2025-06-13 21:03:30,362 - {'Epoch': 104, 'HR@5': '0.1441', 'NDCG@5': '0.0919', 'HR@10': '0.2232', 'NDCG@10': '0.1174', 'HR@20': '0.3180', 'NDCG@20': '0.1413'}
2025-06-13 21:03:30,364 - Validation score increased.  Saving model ...
2025-06-13 21:03:42,315 - {'epoch': 105, 'rec_loss': '5.7089'}
2025-06-13 21:03:46,821 - {'Epoch': 105, 'HR@5': '0.1427', 'NDCG@5': '0.0911', 'HR@10': '0.2233', 'NDCG@10': '0.1171', 'HR@20': '0.3210', 'NDCG@20': '0.1417'}
2025-06-13 21:03:46,823 - Validation score increased.  Saving model ...
2025-06-13 21:03:58,732 - {'epoch': 106, 'rec_loss': '5.7051'}
2025-06-13 21:04:03,260 - {'Epoch': 106, 'HR@5': '0.1420', 'NDCG@5': '0.0917', 'HR@10': '0.2237', 'NDCG@10': '0.1180', 'HR@20': '0.3193', 'NDCG@20': '0.1423'}
2025-06-13 21:04:03,261 - Validation score increased.  Saving model ...
2025-06-13 21:04:15,227 - {'epoch': 107, 'rec_loss': '5.6963'}
2025-06-13 21:04:19,694 - {'Epoch': 107, 'HR@5': '0.1417', 'NDCG@5': '0.0914', 'HR@10': '0.2221', 'NDCG@10': '0.1173', 'HR@20': '0.3183', 'NDCG@20': '0.1416'}
2025-06-13 21:04:19,694 - EarlyStopping counter: 1 out of 10
2025-06-13 21:04:31,592 - {'epoch': 108, 'rec_loss': '5.7045'}
2025-06-13 21:04:36,182 - {'Epoch': 108, 'HR@5': '0.1427', 'NDCG@5': '0.0909', 'HR@10': '0.2205', 'NDCG@10': '0.1159', 'HR@20': '0.3201', 'NDCG@20': '0.1410'}
2025-06-13 21:04:36,187 - EarlyStopping counter: 2 out of 10
2025-06-13 21:04:48,084 - {'epoch': 109, 'rec_loss': '5.6968'}
2025-06-13 21:04:52,585 - {'Epoch': 109, 'HR@5': '0.1424', 'NDCG@5': '0.0906', 'HR@10': '0.2235', 'NDCG@10': '0.1166', 'HR@20': '0.3200', 'NDCG@20': '0.1410'}
2025-06-13 21:04:52,587 - EarlyStopping counter: 3 out of 10
2025-06-13 21:05:04,533 - {'epoch': 110, 'rec_loss': '5.6872'}
2025-06-13 21:05:09,046 - {'Epoch': 110, 'HR@5': '0.1420', 'NDCG@5': '0.0903', 'HR@10': '0.2203', 'NDCG@10': '0.1155', 'HR@20': '0.3193', 'NDCG@20': '0.1405'}
2025-06-13 21:05:09,049 - EarlyStopping counter: 4 out of 10
2025-06-13 21:05:20,933 - {'epoch': 111, 'rec_loss': '5.6974'}
2025-06-13 21:05:25,503 - {'Epoch': 111, 'HR@5': '0.1407', 'NDCG@5': '0.0903', 'HR@10': '0.2208', 'NDCG@10': '0.1160', 'HR@20': '0.3185', 'NDCG@20': '0.1407'}
2025-06-13 21:05:25,505 - EarlyStopping counter: 5 out of 10
2025-06-13 21:05:37,415 - {'epoch': 112, 'rec_loss': '5.6798'}
2025-06-13 21:05:41,961 - {'Epoch': 112, 'HR@5': '0.1421', 'NDCG@5': '0.0911', 'HR@10': '0.2238', 'NDCG@10': '0.1174', 'HR@20': '0.3215', 'NDCG@20': '0.1420'}
2025-06-13 21:05:41,962 - EarlyStopping counter: 6 out of 10
2025-06-13 21:05:53,868 - {'epoch': 113, 'rec_loss': '5.6789'}
2025-06-13 21:05:58,448 - {'Epoch': 113, 'HR@5': '0.1451', 'NDCG@5': '0.0927', 'HR@10': '0.2259', 'NDCG@10': '0.1188', 'HR@20': '0.3209', 'NDCG@20': '0.1428'}
2025-06-13 21:05:58,454 - Validation score increased.  Saving model ...
2025-06-13 21:06:10,315 - {'epoch': 114, 'rec_loss': '5.6831'}
2025-06-13 21:06:14,803 - {'Epoch': 114, 'HR@5': '0.1451', 'NDCG@5': '0.0922', 'HR@10': '0.2267', 'NDCG@10': '0.1186', 'HR@20': '0.3218', 'NDCG@20': '0.1426'}
2025-06-13 21:06:14,804 - EarlyStopping counter: 1 out of 10
2025-06-13 21:06:26,721 - {'epoch': 115, 'rec_loss': '5.6750'}
2025-06-13 21:06:31,215 - {'Epoch': 115, 'HR@5': '0.1452', 'NDCG@5': '0.0926', 'HR@10': '0.2256', 'NDCG@10': '0.1185', 'HR@20': '0.3207', 'NDCG@20': '0.1424'}
2025-06-13 21:06:31,216 - EarlyStopping counter: 2 out of 10
2025-06-13 21:06:43,133 - {'epoch': 116, 'rec_loss': '5.6697'}
2025-06-13 21:06:47,704 - {'Epoch': 116, 'HR@5': '0.1459', 'NDCG@5': '0.0933', 'HR@10': '0.2239', 'NDCG@10': '0.1184', 'HR@20': '0.3203', 'NDCG@20': '0.1427'}
2025-06-13 21:06:47,705 - EarlyStopping counter: 3 out of 10
2025-06-13 21:06:59,589 - {'epoch': 117, 'rec_loss': '5.6605'}
2025-06-13 21:07:04,149 - {'Epoch': 117, 'HR@5': '0.1428', 'NDCG@5': '0.0909', 'HR@10': '0.2220', 'NDCG@10': '0.1164', 'HR@20': '0.3221', 'NDCG@20': '0.1416'}
2025-06-13 21:07:04,155 - EarlyStopping counter: 4 out of 10
2025-06-13 21:07:16,095 - {'epoch': 118, 'rec_loss': '5.6585'}
2025-06-13 21:07:20,596 - {'Epoch': 118, 'HR@5': '0.1452', 'NDCG@5': '0.0929', 'HR@10': '0.2237', 'NDCG@10': '0.1182', 'HR@20': '0.3211', 'NDCG@20': '0.1428'}
2025-06-13 21:07:20,596 - Validation score increased.  Saving model ...
2025-06-13 21:07:32,446 - {'epoch': 119, 'rec_loss': '5.6610'}
2025-06-13 21:07:36,950 - {'Epoch': 119, 'HR@5': '0.1459', 'NDCG@5': '0.0935', 'HR@10': '0.2239', 'NDCG@10': '0.1186', 'HR@20': '0.3211', 'NDCG@20': '0.1432'}
2025-06-13 21:07:36,951 - Validation score increased.  Saving model ...
2025-06-13 21:07:48,874 - {'epoch': 120, 'rec_loss': '5.6605'}
2025-06-13 21:07:53,452 - {'Epoch': 120, 'HR@5': '0.1444', 'NDCG@5': '0.0927', 'HR@10': '0.2234', 'NDCG@10': '0.1181', 'HR@20': '0.3194', 'NDCG@20': '0.1424'}
2025-06-13 21:07:53,456 - EarlyStopping counter: 1 out of 10
2025-06-13 21:08:05,346 - {'epoch': 121, 'rec_loss': '5.6458'}
2025-06-13 21:08:09,886 - {'Epoch': 121, 'HR@5': '0.1416', 'NDCG@5': '0.0912', 'HR@10': '0.2271', 'NDCG@10': '0.1187', 'HR@20': '0.3207', 'NDCG@20': '0.1423'}
2025-06-13 21:08:09,887 - EarlyStopping counter: 2 out of 10
2025-06-13 21:08:21,724 - {'epoch': 122, 'rec_loss': '5.6449'}
2025-06-13 21:08:26,267 - {'Epoch': 122, 'HR@5': '0.1460', 'NDCG@5': '0.0929', 'HR@10': '0.2260', 'NDCG@10': '0.1185', 'HR@20': '0.3249', 'NDCG@20': '0.1435'}
2025-06-13 21:08:26,267 - Validation score increased.  Saving model ...
2025-06-13 21:08:38,157 - {'epoch': 123, 'rec_loss': '5.6472'}
2025-06-13 21:08:42,725 - {'Epoch': 123, 'HR@5': '0.1428', 'NDCG@5': '0.0916', 'HR@10': '0.2252', 'NDCG@10': '0.1181', 'HR@20': '0.3226', 'NDCG@20': '0.1426'}
2025-06-13 21:08:42,727 - EarlyStopping counter: 1 out of 10
2025-06-13 21:08:54,650 - {'epoch': 124, 'rec_loss': '5.6475'}
2025-06-13 21:08:59,226 - {'Epoch': 124, 'HR@5': '0.1441', 'NDCG@5': '0.0918', 'HR@10': '0.2244', 'NDCG@10': '0.1177', 'HR@20': '0.3214', 'NDCG@20': '0.1422'}
2025-06-13 21:08:59,227 - EarlyStopping counter: 2 out of 10
2025-06-13 21:09:11,100 - {'epoch': 125, 'rec_loss': '5.6487'}
2025-06-13 21:09:15,740 - {'Epoch': 125, 'HR@5': '0.1471', 'NDCG@5': '0.0935', 'HR@10': '0.2257', 'NDCG@10': '0.1188', 'HR@20': '0.3207', 'NDCG@20': '0.1427'}
2025-06-13 21:09:15,740 - EarlyStopping counter: 3 out of 10
2025-06-13 21:09:27,612 - {'epoch': 126, 'rec_loss': '5.6342'}
2025-06-13 21:09:32,145 - {'Epoch': 126, 'HR@5': '0.1453', 'NDCG@5': '0.0935', 'HR@10': '0.2264', 'NDCG@10': '0.1195', 'HR@20': '0.3234', 'NDCG@20': '0.1440'}
2025-06-13 21:09:32,149 - Validation score increased.  Saving model ...
2025-06-13 21:09:44,061 - {'epoch': 127, 'rec_loss': '5.6359'}
2025-06-13 21:09:48,584 - {'Epoch': 127, 'HR@5': '0.1435', 'NDCG@5': '0.0940', 'HR@10': '0.2241', 'NDCG@10': '0.1200', 'HR@20': '0.3203', 'NDCG@20': '0.1443'}
2025-06-13 21:09:48,586 - Validation score increased.  Saving model ...
2025-06-13 21:10:00,461 - {'epoch': 128, 'rec_loss': '5.6389'}
2025-06-13 21:10:05,076 - {'Epoch': 128, 'HR@5': '0.1462', 'NDCG@5': '0.0939', 'HR@10': '0.2252', 'NDCG@10': '0.1194', 'HR@20': '0.3227', 'NDCG@20': '0.1440'}
2025-06-13 21:10:05,078 - EarlyStopping counter: 1 out of 10
2025-06-13 21:10:17,024 - {'epoch': 129, 'rec_loss': '5.6398'}
2025-06-13 21:10:21,487 - {'Epoch': 129, 'HR@5': '0.1478', 'NDCG@5': '0.0944', 'HR@10': '0.2238', 'NDCG@10': '0.1189', 'HR@20': '0.3199', 'NDCG@20': '0.1430'}
2025-06-13 21:10:21,489 - EarlyStopping counter: 2 out of 10
2025-06-13 21:10:33,352 - {'epoch': 130, 'rec_loss': '5.6286'}
2025-06-13 21:10:37,864 - {'Epoch': 130, 'HR@5': '0.1449', 'NDCG@5': '0.0934', 'HR@10': '0.2249', 'NDCG@10': '0.1191', 'HR@20': '0.3198', 'NDCG@20': '0.1431'}
2025-06-13 21:10:37,866 - EarlyStopping counter: 3 out of 10
2025-06-13 21:10:49,773 - {'epoch': 131, 'rec_loss': '5.6266'}
2025-06-13 21:10:54,280 - {'Epoch': 131, 'HR@5': '0.1459', 'NDCG@5': '0.0943', 'HR@10': '0.2261', 'NDCG@10': '0.1200', 'HR@20': '0.3240', 'NDCG@20': '0.1447'}
2025-06-13 21:10:54,282 - Validation score increased.  Saving model ...
2025-06-13 21:11:06,166 - {'epoch': 132, 'rec_loss': '5.6226'}
2025-06-13 21:11:10,665 - {'Epoch': 132, 'HR@5': '0.1467', 'NDCG@5': '0.0941', 'HR@10': '0.2248', 'NDCG@10': '0.1192', 'HR@20': '0.3187', 'NDCG@20': '0.1429'}
2025-06-13 21:11:10,667 - EarlyStopping counter: 1 out of 10
2025-06-13 21:11:22,593 - {'epoch': 133, 'rec_loss': '5.6197'}
2025-06-13 21:11:27,110 - {'Epoch': 133, 'HR@5': '0.1426', 'NDCG@5': '0.0923', 'HR@10': '0.2239', 'NDCG@10': '0.1185', 'HR@20': '0.3214', 'NDCG@20': '0.1430'}
2025-06-13 21:11:27,111 - EarlyStopping counter: 2 out of 10
2025-06-13 21:11:39,107 - {'epoch': 134, 'rec_loss': '5.6128'}
2025-06-13 21:11:43,564 - {'Epoch': 134, 'HR@5': '0.1466', 'NDCG@5': '0.0932', 'HR@10': '0.2266', 'NDCG@10': '0.1189', 'HR@20': '0.3253', 'NDCG@20': '0.1438'}
2025-06-13 21:11:43,566 - EarlyStopping counter: 3 out of 10
2025-06-13 21:11:55,449 - {'epoch': 135, 'rec_loss': '5.6136'}
2025-06-13 21:11:59,985 - {'Epoch': 135, 'HR@5': '0.1461', 'NDCG@5': '0.0944', 'HR@10': '0.2258', 'NDCG@10': '0.1201', 'HR@20': '0.3249', 'NDCG@20': '0.1451'}
2025-06-13 21:11:59,987 - Validation score increased.  Saving model ...
2025-06-13 21:12:11,942 - {'epoch': 136, 'rec_loss': '5.6190'}
2025-06-13 21:12:16,462 - {'Epoch': 136, 'HR@5': '0.1450', 'NDCG@5': '0.0925', 'HR@10': '0.2265', 'NDCG@10': '0.1187', 'HR@20': '0.3238', 'NDCG@20': '0.1432'}
2025-06-13 21:12:16,465 - EarlyStopping counter: 1 out of 10
2025-06-13 21:12:28,403 - {'epoch': 137, 'rec_loss': '5.6057'}
2025-06-13 21:12:32,918 - {'Epoch': 137, 'HR@5': '0.1487', 'NDCG@5': '0.0945', 'HR@10': '0.2280', 'NDCG@10': '0.1200', 'HR@20': '0.3249', 'NDCG@20': '0.1444'}
2025-06-13 21:12:32,920 - EarlyStopping counter: 2 out of 10
2025-06-13 21:12:44,841 - {'epoch': 138, 'rec_loss': '5.5989'}
2025-06-13 21:12:49,335 - {'Epoch': 138, 'HR@5': '0.1451', 'NDCG@5': '0.0934', 'HR@10': '0.2286', 'NDCG@10': '0.1203', 'HR@20': '0.3246', 'NDCG@20': '0.1446'}
2025-06-13 21:12:49,337 - EarlyStopping counter: 3 out of 10
2025-06-13 21:13:01,290 - {'epoch': 139, 'rec_loss': '5.5927'}
2025-06-13 21:13:05,834 - {'Epoch': 139, 'HR@5': '0.1447', 'NDCG@5': '0.0934', 'HR@10': '0.2283', 'NDCG@10': '0.1203', 'HR@20': '0.3226', 'NDCG@20': '0.1441'}
2025-06-13 21:13:05,835 - EarlyStopping counter: 4 out of 10
2025-06-13 21:13:17,806 - {'epoch': 140, 'rec_loss': '5.5938'}
2025-06-13 21:13:22,303 - {'Epoch': 140, 'HR@5': '0.1430', 'NDCG@5': '0.0922', 'HR@10': '0.2251', 'NDCG@10': '0.1186', 'HR@20': '0.3211', 'NDCG@20': '0.1428'}
2025-06-13 21:13:22,303 - EarlyStopping counter: 5 out of 10
2025-06-13 21:13:34,247 - {'epoch': 141, 'rec_loss': '5.6014'}
2025-06-13 21:13:38,793 - {'Epoch': 141, 'HR@5': '0.1441', 'NDCG@5': '0.0926', 'HR@10': '0.2254', 'NDCG@10': '0.1188', 'HR@20': '0.3268', 'NDCG@20': '0.1443'}
2025-06-13 21:13:38,794 - EarlyStopping counter: 6 out of 10
2025-06-13 21:13:50,694 - {'epoch': 142, 'rec_loss': '5.6121'}
2025-06-13 21:13:55,199 - {'Epoch': 142, 'HR@5': '0.1460', 'NDCG@5': '0.0939', 'HR@10': '0.2258', 'NDCG@10': '0.1196', 'HR@20': '0.3223', 'NDCG@20': '0.1440'}
2025-06-13 21:13:55,200 - EarlyStopping counter: 7 out of 10
2025-06-13 21:14:07,146 - {'epoch': 143, 'rec_loss': '5.5885'}
2025-06-13 21:14:11,696 - {'Epoch': 143, 'HR@5': '0.1435', 'NDCG@5': '0.0924', 'HR@10': '0.2263', 'NDCG@10': '0.1192', 'HR@20': '0.3242', 'NDCG@20': '0.1438'}
2025-06-13 21:14:11,701 - EarlyStopping counter: 8 out of 10
2025-06-13 21:14:23,642 - {'epoch': 144, 'rec_loss': '5.5916'}
2025-06-13 21:14:28,134 - {'Epoch': 144, 'HR@5': '0.1461', 'NDCG@5': '0.0944', 'HR@10': '0.2275', 'NDCG@10': '0.1207', 'HR@20': '0.3255', 'NDCG@20': '0.1454'}
2025-06-13 21:14:28,135 - Validation score increased.  Saving model ...
2025-06-13 21:14:40,140 - {'epoch': 145, 'rec_loss': '5.5916'}
2025-06-13 21:14:44,656 - {'Epoch': 145, 'HR@5': '0.1469', 'NDCG@5': '0.0950', 'HR@10': '0.2285', 'NDCG@10': '0.1212', 'HR@20': '0.3263', 'NDCG@20': '0.1458'}
2025-06-13 21:14:44,657 - Validation score increased.  Saving model ...
2025-06-13 21:14:56,570 - {'epoch': 146, 'rec_loss': '5.5827'}
2025-06-13 21:15:01,018 - {'Epoch': 146, 'HR@5': '0.1483', 'NDCG@5': '0.0939', 'HR@10': '0.2267', 'NDCG@10': '0.1192', 'HR@20': '0.3280', 'NDCG@20': '0.1447'}
2025-06-13 21:15:01,020 - EarlyStopping counter: 1 out of 10
2025-06-13 21:15:12,916 - {'epoch': 147, 'rec_loss': '5.5921'}
2025-06-13 21:15:17,413 - {'Epoch': 147, 'HR@5': '0.1451', 'NDCG@5': '0.0929', 'HR@10': '0.2295', 'NDCG@10': '0.1201', 'HR@20': '0.3268', 'NDCG@20': '0.1446'}
2025-06-13 21:15:17,414 - EarlyStopping counter: 2 out of 10
2025-06-13 21:15:29,331 - {'epoch': 148, 'rec_loss': '5.5907'}
2025-06-13 21:15:33,802 - {'Epoch': 148, 'HR@5': '0.1480', 'NDCG@5': '0.0944', 'HR@10': '0.2271', 'NDCG@10': '0.1200', 'HR@20': '0.3257', 'NDCG@20': '0.1449'}
2025-06-13 21:15:33,804 - EarlyStopping counter: 3 out of 10
2025-06-13 21:15:45,801 - {'epoch': 149, 'rec_loss': '5.5792'}
2025-06-13 21:15:50,335 - {'Epoch': 149, 'HR@5': '0.1473', 'NDCG@5': '0.0935', 'HR@10': '0.2261', 'NDCG@10': '0.1188', 'HR@20': '0.3245', 'NDCG@20': '0.1437'}
2025-06-13 21:15:50,335 - EarlyStopping counter: 4 out of 10
2025-06-13 21:16:02,207 - {'epoch': 150, 'rec_loss': '5.5771'}
2025-06-13 21:16:06,734 - {'Epoch': 150, 'HR@5': '0.1472', 'NDCG@5': '0.0945', 'HR@10': '0.2268', 'NDCG@10': '0.1201', 'HR@20': '0.3237', 'NDCG@20': '0.1446'}
2025-06-13 21:16:06,735 - EarlyStopping counter: 5 out of 10
2025-06-13 21:16:18,624 - {'epoch': 151, 'rec_loss': '5.5840'}
2025-06-13 21:16:23,190 - {'Epoch': 151, 'HR@5': '0.1464', 'NDCG@5': '0.0942', 'HR@10': '0.2263', 'NDCG@10': '0.1199', 'HR@20': '0.3252', 'NDCG@20': '0.1449'}
2025-06-13 21:16:23,193 - EarlyStopping counter: 6 out of 10
2025-06-13 21:16:35,124 - {'epoch': 152, 'rec_loss': '5.5756'}
2025-06-13 21:16:39,713 - {'Epoch': 152, 'HR@5': '0.1450', 'NDCG@5': '0.0931', 'HR@10': '0.2302', 'NDCG@10': '0.1205', 'HR@20': '0.3261', 'NDCG@20': '0.1448'}
2025-06-13 21:16:39,715 - EarlyStopping counter: 7 out of 10
2025-06-13 21:16:51,538 - {'epoch': 153, 'rec_loss': '5.5771'}
2025-06-13 21:16:56,005 - {'Epoch': 153, 'HR@5': '0.1457', 'NDCG@5': '0.0935', 'HR@10': '0.2288', 'NDCG@10': '0.1202', 'HR@20': '0.3252', 'NDCG@20': '0.1445'}
2025-06-13 21:16:56,007 - EarlyStopping counter: 8 out of 10
2025-06-13 21:17:07,893 - {'epoch': 154, 'rec_loss': '5.5755'}
2025-06-13 21:17:12,422 - {'Epoch': 154, 'HR@5': '0.1457', 'NDCG@5': '0.0935', 'HR@10': '0.2279', 'NDCG@10': '0.1200', 'HR@20': '0.3259', 'NDCG@20': '0.1447'}
2025-06-13 21:17:12,424 - EarlyStopping counter: 9 out of 10
2025-06-13 21:17:24,326 - {'epoch': 155, 'rec_loss': '5.5662'}
2025-06-13 21:17:28,867 - {'Epoch': 155, 'HR@5': '0.1443', 'NDCG@5': '0.0927', 'HR@10': '0.2300', 'NDCG@10': '0.1203', 'HR@20': '0.3276', 'NDCG@20': '0.1449'}
2025-06-13 21:17:28,868 - EarlyStopping counter: 10 out of 10
2025-06-13 21:17:28,868 - Early stopping
2025-06-13 21:17:28,868 - ---------------Validation Score---------------
2025-06-13 21:17:33,411 - {'Epoch': 0, 'HR@5': '0.1469', 'NDCG@5': '0.0950', 'HR@10': '0.2285', 'NDCG@10': '0.1212', 'HR@20': '0.3263', 'NDCG@20': '0.1458'}
2025-06-13 21:17:33,412 - BERT4Rec_Diginetica
2025-06-13 21:17:33,412 - {'Epoch': 0, 'HR@5': '0.1469', 'NDCG@5': '0.0950', 'HR@10': '0.2285', 'NDCG@10': '0.1212', 'HR@20': '0.3263', 'NDCG@20': '0.1458'}
