2025-06-13 22:57:09,646 - Namespace(data_dir='data/self_processed/', output_dir='hparam_search/', data_name='Diginetica', train_name='BSARec_Diginetica', num_items=10, num_users=14829, lr=0.001, batch_size=256, epochs=200, no_cuda=False, log_freq=1, patience=10, num_workers=4, seed=42, weight_decay=0.0, adam_beta1=0.9, adam_beta2=0.999, gpu_id='0', variance=5, model_type='BSARec', max_seq_length=50, hidden_size=64, num_hidden_layers=2, hidden_act='gelu', num_attention_heads=1, attention_probs_dropout_prob=0.5, hidden_dropout_prob=0.5, initializer_range=0.02, c=7, alpha=0.5, cuda_condition=True, data_file='data/self_processed/Diginetica.txt', item_size=9441, checkpoint_path=PosixPath('/gpfs/home3/scur2771/BSARec/BSARec/src/hparam_search/BSARec_Diginetica/12367757_18/model.pt'), same_target_path='data/self_processed/Diginetica_same_target.npy')
2025-06-13 22:57:09,684 - BSARecModel(
  (item_embeddings): Embedding(9441, 64, padding_idx=0)
  (position_embeddings): Embedding(50, 64)
  (LayerNorm): LayerNorm()
  (dropout): Dropout(p=0.5, inplace=False)
  (item_encoder): BSARecEncoder(
    (blocks): ModuleList(
      (0): BSARecBlock(
        (layer): BSARecLayer(
          (filter_layer): FrequencyLayer(
            (out_dropout): Dropout(p=0.5, inplace=False)
            (LayerNorm): LayerNorm()
          )
          (attention_layer): MultiHeadAttention(
            (query): Linear(in_features=64, out_features=64, bias=True)
            (key): Linear(in_features=64, out_features=64, bias=True)
            (value): Linear(in_features=64, out_features=64, bias=True)
            (softmax): Softmax(dim=-1)
            (attn_dropout): Dropout(p=0.5, inplace=False)
            (dense): Linear(in_features=64, out_features=64, bias=True)
            (LayerNorm): LayerNorm((64,), eps=1e-12, elementwise_affine=True)
            (out_dropout): Dropout(p=0.5, inplace=False)
          )
        )
        (feed_forward): FeedForward(
          (dense_1): Linear(in_features=64, out_features=256, bias=True)
          (dense_2): Linear(in_features=256, out_features=64, bias=True)
          (LayerNorm): LayerNorm()
          (dropout): Dropout(p=0.5, inplace=False)
        )
      )
      (1): BSARecBlock(
        (layer): BSARecLayer(
          (filter_layer): FrequencyLayer(
            (out_dropout): Dropout(p=0.5, inplace=False)
            (LayerNorm): LayerNorm()
          )
          (attention_layer): MultiHeadAttention(
            (query): Linear(in_features=64, out_features=64, bias=True)
            (key): Linear(in_features=64, out_features=64, bias=True)
            (value): Linear(in_features=64, out_features=64, bias=True)
            (softmax): Softmax(dim=-1)
            (attn_dropout): Dropout(p=0.5, inplace=False)
            (dense): Linear(in_features=64, out_features=64, bias=True)
            (LayerNorm): LayerNorm((64,), eps=1e-12, elementwise_affine=True)
            (out_dropout): Dropout(p=0.5, inplace=False)
          )
        )
        (feed_forward): FeedForward(
          (dense_1): Linear(in_features=64, out_features=256, bias=True)
          (dense_2): Linear(in_features=256, out_features=64, bias=True)
          (LayerNorm): LayerNorm()
          (dropout): Dropout(p=0.5, inplace=False)
        )
      )
    )
  )
)
2025-06-13 22:57:13,455 - Total Parameters: 707904
2025-06-13 22:57:22,538 - {'epoch': 0, 'rec_loss': '8.6778'}
2025-06-13 22:57:26,763 - {'Epoch': 0, 'HR@5': '0.0301', 'NDCG@5': '0.0206', 'HR@10': '0.0426', 'NDCG@10': '0.0246', 'HR@20': '0.0611', 'NDCG@20': '0.0293'}
2025-06-13 22:57:26,765 - Validation score increased.  Saving model ...
2025-06-13 22:57:34,244 - {'epoch': 1, 'rec_loss': '7.5270'}
2025-06-13 22:57:38,457 - {'Epoch': 1, 'HR@5': '0.0992', 'NDCG@5': '0.0653', 'HR@10': '0.1494', 'NDCG@10': '0.0814', 'HR@20': '0.2072', 'NDCG@20': '0.0960'}
2025-06-13 22:57:38,459 - Validation score increased.  Saving model ...
2025-06-13 22:57:45,941 - {'epoch': 2, 'rec_loss': '6.2652'}
2025-06-13 22:57:50,222 - {'Epoch': 2, 'HR@5': '0.1337', 'NDCG@5': '0.0874', 'HR@10': '0.2008', 'NDCG@10': '0.1089', 'HR@20': '0.2814', 'NDCG@20': '0.1292'}
2025-06-13 22:57:50,224 - Validation score increased.  Saving model ...
2025-06-13 22:57:57,603 - {'epoch': 3, 'rec_loss': '5.5376'}
2025-06-13 22:58:01,988 - {'Epoch': 3, 'HR@5': '0.1525', 'NDCG@5': '0.1006', 'HR@10': '0.2294', 'NDCG@10': '0.1254', 'HR@20': '0.3206', 'NDCG@20': '0.1484'}
2025-06-13 22:58:01,989 - Validation score increased.  Saving model ...
2025-06-13 22:58:09,444 - {'epoch': 4, 'rec_loss': '5.1901'}
2025-06-13 22:58:13,863 - {'Epoch': 4, 'HR@5': '0.1608', 'NDCG@5': '0.1055', 'HR@10': '0.2431', 'NDCG@10': '0.1320', 'HR@20': '0.3393', 'NDCG@20': '0.1563'}
2025-06-13 22:58:13,865 - Validation score increased.  Saving model ...
2025-06-13 22:58:21,388 - {'epoch': 5, 'rec_loss': '5.0216'}
2025-06-13 22:58:25,860 - {'Epoch': 5, 'HR@5': '0.1650', 'NDCG@5': '0.1079', 'HR@10': '0.2485', 'NDCG@10': '0.1347', 'HR@20': '0.3488', 'NDCG@20': '0.1601'}
2025-06-13 22:58:25,863 - Validation score increased.  Saving model ...
2025-06-13 22:58:33,413 - {'epoch': 6, 'rec_loss': '4.9326'}
2025-06-13 22:58:37,812 - {'Epoch': 6, 'HR@5': '0.1681', 'NDCG@5': '0.1107', 'HR@10': '0.2549', 'NDCG@10': '0.1387', 'HR@20': '0.3531', 'NDCG@20': '0.1636'}
2025-06-13 22:58:37,813 - Validation score increased.  Saving model ...
2025-06-13 22:58:45,419 - {'epoch': 7, 'rec_loss': '4.8711'}
2025-06-13 22:58:49,875 - {'Epoch': 7, 'HR@5': '0.1684', 'NDCG@5': '0.1107', 'HR@10': '0.2558', 'NDCG@10': '0.1389', 'HR@20': '0.3568', 'NDCG@20': '0.1644'}
2025-06-13 22:58:49,877 - Validation score increased.  Saving model ...
2025-06-13 22:58:57,379 - {'epoch': 8, 'rec_loss': '4.8198'}
2025-06-13 22:59:01,771 - {'Epoch': 8, 'HR@5': '0.1695', 'NDCG@5': '0.1104', 'HR@10': '0.2570', 'NDCG@10': '0.1386', 'HR@20': '0.3594', 'NDCG@20': '0.1645'}
2025-06-13 22:59:01,773 - Validation score increased.  Saving model ...
2025-06-13 22:59:09,343 - {'epoch': 9, 'rec_loss': '4.7842'}
2025-06-13 22:59:13,718 - {'Epoch': 9, 'HR@5': '0.1714', 'NDCG@5': '0.1112', 'HR@10': '0.2551', 'NDCG@10': '0.1381', 'HR@20': '0.3592', 'NDCG@20': '0.1644'}
2025-06-13 22:59:13,719 - EarlyStopping counter: 1 out of 10
2025-06-13 22:59:21,262 - {'epoch': 10, 'rec_loss': '4.7572'}
2025-06-13 22:59:25,626 - {'Epoch': 10, 'HR@5': '0.1669', 'NDCG@5': '0.1105', 'HR@10': '0.2594', 'NDCG@10': '0.1403', 'HR@20': '0.3620', 'NDCG@20': '0.1661'}
2025-06-13 22:59:25,628 - Validation score increased.  Saving model ...
2025-06-13 22:59:33,148 - {'epoch': 11, 'rec_loss': '4.7293'}
2025-06-13 22:59:37,563 - {'Epoch': 11, 'HR@5': '0.1699', 'NDCG@5': '0.1124', 'HR@10': '0.2562', 'NDCG@10': '0.1402', 'HR@20': '0.3594', 'NDCG@20': '0.1663'}
2025-06-13 22:59:37,564 - Validation score increased.  Saving model ...
2025-06-13 22:59:45,009 - {'epoch': 12, 'rec_loss': '4.7110'}
2025-06-13 22:59:49,407 - {'Epoch': 12, 'HR@5': '0.1677', 'NDCG@5': '0.1102', 'HR@10': '0.2586', 'NDCG@10': '0.1396', 'HR@20': '0.3611', 'NDCG@20': '0.1655'}
2025-06-13 22:59:49,409 - EarlyStopping counter: 1 out of 10
2025-06-13 22:59:56,892 - {'epoch': 13, 'rec_loss': '4.6939'}
2025-06-13 23:00:01,260 - {'Epoch': 13, 'HR@5': '0.1724', 'NDCG@5': '0.1123', 'HR@10': '0.2584', 'NDCG@10': '0.1399', 'HR@20': '0.3620', 'NDCG@20': '0.1661'}
2025-06-13 23:00:01,262 - EarlyStopping counter: 2 out of 10
2025-06-13 23:00:08,696 - {'epoch': 14, 'rec_loss': '4.6725'}
2025-06-13 23:00:13,039 - {'Epoch': 14, 'HR@5': '0.1732', 'NDCG@5': '0.1130', 'HR@10': '0.2599', 'NDCG@10': '0.1409', 'HR@20': '0.3620', 'NDCG@20': '0.1667'}
2025-06-13 23:00:13,041 - Validation score increased.  Saving model ...
2025-06-13 23:00:20,457 - {'epoch': 15, 'rec_loss': '4.6625'}
2025-06-13 23:00:24,750 - {'Epoch': 15, 'HR@5': '0.1695', 'NDCG@5': '0.1115', 'HR@10': '0.2589', 'NDCG@10': '0.1403', 'HR@20': '0.3621', 'NDCG@20': '0.1664'}
2025-06-13 23:00:24,753 - EarlyStopping counter: 1 out of 10
2025-06-13 23:00:32,170 - {'epoch': 16, 'rec_loss': '4.6413'}
2025-06-13 23:00:36,536 - {'Epoch': 16, 'HR@5': '0.1688', 'NDCG@5': '0.1101', 'HR@10': '0.2594', 'NDCG@10': '0.1392', 'HR@20': '0.3601', 'NDCG@20': '0.1647'}
2025-06-13 23:00:36,538 - EarlyStopping counter: 2 out of 10
2025-06-13 23:00:44,049 - {'epoch': 17, 'rec_loss': '4.6325'}
2025-06-13 23:00:48,422 - {'Epoch': 17, 'HR@5': '0.1707', 'NDCG@5': '0.1114', 'HR@10': '0.2582', 'NDCG@10': '0.1397', 'HR@20': '0.3597', 'NDCG@20': '0.1653'}
2025-06-13 23:00:48,424 - EarlyStopping counter: 3 out of 10
2025-06-13 23:00:55,808 - {'epoch': 18, 'rec_loss': '4.6177'}
2025-06-13 23:01:00,192 - {'Epoch': 18, 'HR@5': '0.1737', 'NDCG@5': '0.1130', 'HR@10': '0.2565', 'NDCG@10': '0.1397', 'HR@20': '0.3596', 'NDCG@20': '0.1658'}
2025-06-13 23:01:00,193 - EarlyStopping counter: 4 out of 10
2025-06-13 23:01:07,786 - {'epoch': 19, 'rec_loss': '4.6098'}
2025-06-13 23:01:12,228 - {'Epoch': 19, 'HR@5': '0.1713', 'NDCG@5': '0.1106', 'HR@10': '0.2567', 'NDCG@10': '0.1382', 'HR@20': '0.3584', 'NDCG@20': '0.1639'}
2025-06-13 23:01:12,230 - EarlyStopping counter: 5 out of 10
2025-06-13 23:01:19,595 - {'epoch': 20, 'rec_loss': '4.6019'}
2025-06-13 23:01:23,975 - {'Epoch': 20, 'HR@5': '0.1753', 'NDCG@5': '0.1140', 'HR@10': '0.2589', 'NDCG@10': '0.1409', 'HR@20': '0.3622', 'NDCG@20': '0.1671'}
2025-06-13 23:01:23,977 - Validation score increased.  Saving model ...
2025-06-13 23:01:31,464 - {'epoch': 21, 'rec_loss': '4.5897'}
2025-06-13 23:01:35,819 - {'Epoch': 21, 'HR@5': '0.1720', 'NDCG@5': '0.1122', 'HR@10': '0.2600', 'NDCG@10': '0.1405', 'HR@20': '0.3614', 'NDCG@20': '0.1661'}
2025-06-13 23:01:35,820 - EarlyStopping counter: 1 out of 10
2025-06-13 23:01:43,228 - {'epoch': 22, 'rec_loss': '4.5820'}
2025-06-13 23:01:47,600 - {'Epoch': 22, 'HR@5': '0.1721', 'NDCG@5': '0.1124', 'HR@10': '0.2607', 'NDCG@10': '0.1409', 'HR@20': '0.3613', 'NDCG@20': '0.1664'}
2025-06-13 23:01:47,602 - EarlyStopping counter: 2 out of 10
2025-06-13 23:01:55,052 - {'epoch': 23, 'rec_loss': '4.5707'}
2025-06-13 23:01:59,380 - {'Epoch': 23, 'HR@5': '0.1706', 'NDCG@5': '0.1112', 'HR@10': '0.2559', 'NDCG@10': '0.1388', 'HR@20': '0.3586', 'NDCG@20': '0.1648'}
2025-06-13 23:01:59,383 - EarlyStopping counter: 3 out of 10
2025-06-13 23:02:06,809 - {'epoch': 24, 'rec_loss': '4.5657'}
2025-06-13 23:02:11,120 - {'Epoch': 24, 'HR@5': '0.1718', 'NDCG@5': '0.1120', 'HR@10': '0.2579', 'NDCG@10': '0.1398', 'HR@20': '0.3601', 'NDCG@20': '0.1656'}
2025-06-13 23:02:11,122 - EarlyStopping counter: 4 out of 10
2025-06-13 23:02:18,593 - {'epoch': 25, 'rec_loss': '4.5499'}
2025-06-13 23:02:22,962 - {'Epoch': 25, 'HR@5': '0.1758', 'NDCG@5': '0.1155', 'HR@10': '0.2596', 'NDCG@10': '0.1425', 'HR@20': '0.3611', 'NDCG@20': '0.1682'}
2025-06-13 23:02:22,964 - Validation score increased.  Saving model ...
2025-06-13 23:02:30,431 - {'epoch': 26, 'rec_loss': '4.5488'}
2025-06-13 23:02:34,778 - {'Epoch': 26, 'HR@5': '0.1720', 'NDCG@5': '0.1127', 'HR@10': '0.2590', 'NDCG@10': '0.1408', 'HR@20': '0.3594', 'NDCG@20': '0.1662'}
2025-06-13 23:02:34,779 - EarlyStopping counter: 1 out of 10
2025-06-13 23:02:42,227 - {'epoch': 27, 'rec_loss': '4.5415'}
2025-06-13 23:02:46,577 - {'Epoch': 27, 'HR@5': '0.1721', 'NDCG@5': '0.1127', 'HR@10': '0.2602', 'NDCG@10': '0.1410', 'HR@20': '0.3634', 'NDCG@20': '0.1671'}
2025-06-13 23:02:46,578 - EarlyStopping counter: 2 out of 10
2025-06-13 23:02:54,124 - {'epoch': 28, 'rec_loss': '4.5295'}
2025-06-13 23:02:58,509 - {'Epoch': 28, 'HR@5': '0.1740', 'NDCG@5': '0.1132', 'HR@10': '0.2612', 'NDCG@10': '0.1411', 'HR@20': '0.3619', 'NDCG@20': '0.1666'}
2025-06-13 23:02:58,513 - EarlyStopping counter: 3 out of 10
2025-06-13 23:03:06,015 - {'epoch': 29, 'rec_loss': '4.5233'}
2025-06-13 23:03:10,414 - {'Epoch': 29, 'HR@5': '0.1701', 'NDCG@5': '0.1126', 'HR@10': '0.2582', 'NDCG@10': '0.1409', 'HR@20': '0.3566', 'NDCG@20': '0.1657'}
2025-06-13 23:03:10,416 - EarlyStopping counter: 4 out of 10
2025-06-13 23:03:17,899 - {'epoch': 30, 'rec_loss': '4.5175'}
2025-06-13 23:03:22,233 - {'Epoch': 30, 'HR@5': '0.1714', 'NDCG@5': '0.1124', 'HR@10': '0.2581', 'NDCG@10': '0.1404', 'HR@20': '0.3621', 'NDCG@20': '0.1666'}
2025-06-13 23:03:22,235 - EarlyStopping counter: 5 out of 10
2025-06-13 23:03:29,664 - {'epoch': 31, 'rec_loss': '4.5147'}
2025-06-13 23:03:33,970 - {'Epoch': 31, 'HR@5': '0.1697', 'NDCG@5': '0.1114', 'HR@10': '0.2601', 'NDCG@10': '0.1406', 'HR@20': '0.3620', 'NDCG@20': '0.1664'}
2025-06-13 23:03:33,972 - EarlyStopping counter: 6 out of 10
2025-06-13 23:03:41,387 - {'epoch': 32, 'rec_loss': '4.5080'}
2025-06-13 23:03:45,671 - {'Epoch': 32, 'HR@5': '0.1718', 'NDCG@5': '0.1114', 'HR@10': '0.2597', 'NDCG@10': '0.1398', 'HR@20': '0.3639', 'NDCG@20': '0.1660'}
2025-06-13 23:03:45,673 - EarlyStopping counter: 7 out of 10
2025-06-13 23:03:53,116 - {'epoch': 33, 'rec_loss': '4.4974'}
2025-06-13 23:03:57,475 - {'Epoch': 33, 'HR@5': '0.1717', 'NDCG@5': '0.1116', 'HR@10': '0.2590', 'NDCG@10': '0.1397', 'HR@20': '0.3628', 'NDCG@20': '0.1659'}
2025-06-13 23:03:57,477 - EarlyStopping counter: 8 out of 10
2025-06-13 23:04:05,084 - {'epoch': 34, 'rec_loss': '4.4977'}
2025-06-13 23:04:09,419 - {'Epoch': 34, 'HR@5': '0.1726', 'NDCG@5': '0.1125', 'HR@10': '0.2634', 'NDCG@10': '0.1418', 'HR@20': '0.3620', 'NDCG@20': '0.1666'}
2025-06-13 23:04:09,421 - EarlyStopping counter: 9 out of 10
2025-06-13 23:04:16,890 - {'epoch': 35, 'rec_loss': '4.4879'}
2025-06-13 23:04:21,282 - {'Epoch': 35, 'HR@5': '0.1730', 'NDCG@5': '0.1117', 'HR@10': '0.2606', 'NDCG@10': '0.1400', 'HR@20': '0.3601', 'NDCG@20': '0.1651'}
2025-06-13 23:04:21,284 - EarlyStopping counter: 10 out of 10
2025-06-13 23:04:21,284 - Early stopping
2025-06-13 23:04:21,284 - ---------------Validation Score---------------
2025-06-13 23:04:25,676 - {'Epoch': 0, 'HR@5': '0.1758', 'NDCG@5': '0.1155', 'HR@10': '0.2596', 'NDCG@10': '0.1425', 'HR@20': '0.3611', 'NDCG@20': '0.1682'}
2025-06-13 23:04:25,678 - BSARec_Diginetica
2025-06-13 23:04:25,678 - {'Epoch': 0, 'HR@5': '0.1758', 'NDCG@5': '0.1155', 'HR@10': '0.2596', 'NDCG@10': '0.1425', 'HR@20': '0.3611', 'NDCG@20': '0.1682'}
