2025-06-14 00:27:41,166 - Namespace(data_dir='data/self_processed/', output_dir='hparam_search/', data_name='Diginetica', train_name='BSARec_Diginetica', num_items=10, num_users=14829, lr=0.0005, batch_size=256, epochs=200, no_cuda=False, log_freq=1, patience=10, num_workers=4, seed=42, weight_decay=0.0, adam_beta1=0.9, adam_beta2=0.999, gpu_id='0', variance=5, model_type='BSARec', max_seq_length=50, hidden_size=64, num_hidden_layers=2, hidden_act='gelu', num_attention_heads=2, attention_probs_dropout_prob=0.5, hidden_dropout_prob=0.5, initializer_range=0.02, c=5, alpha=0.9, cuda_condition=True, data_file='data/self_processed/Diginetica.txt', item_size=9441, checkpoint_path=PosixPath('/gpfs/home3/scur2771/BSARec/BSARec/src/hparam_search/BSARec_Diginetica/12367757_115/model.pt'), same_target_path='data/self_processed/Diginetica_same_target.npy')
2025-06-14 00:27:41,184 - BSARecModel(
  (item_embeddings): Embedding(9441, 64, padding_idx=0)
  (position_embeddings): Embedding(50, 64)
  (LayerNorm): LayerNorm()
  (dropout): Dropout(p=0.5, inplace=False)
  (item_encoder): BSARecEncoder(
    (blocks): ModuleList(
      (0): BSARecBlock(
        (layer): BSARecLayer(
          (filter_layer): FrequencyLayer(
            (out_dropout): Dropout(p=0.5, inplace=False)
            (LayerNorm): LayerNorm()
          )
          (attention_layer): MultiHeadAttention(
            (query): Linear(in_features=64, out_features=64, bias=True)
            (key): Linear(in_features=64, out_features=64, bias=True)
            (value): Linear(in_features=64, out_features=64, bias=True)
            (softmax): Softmax(dim=-1)
            (attn_dropout): Dropout(p=0.5, inplace=False)
            (dense): Linear(in_features=64, out_features=64, bias=True)
            (LayerNorm): LayerNorm((64,), eps=1e-12, elementwise_affine=True)
            (out_dropout): Dropout(p=0.5, inplace=False)
          )
        )
        (feed_forward): FeedForward(
          (dense_1): Linear(in_features=64, out_features=256, bias=True)
          (dense_2): Linear(in_features=256, out_features=64, bias=True)
          (LayerNorm): LayerNorm()
          (dropout): Dropout(p=0.5, inplace=False)
        )
      )
      (1): BSARecBlock(
        (layer): BSARecLayer(
          (filter_layer): FrequencyLayer(
            (out_dropout): Dropout(p=0.5, inplace=False)
            (LayerNorm): LayerNorm()
          )
          (attention_layer): MultiHeadAttention(
            (query): Linear(in_features=64, out_features=64, bias=True)
            (key): Linear(in_features=64, out_features=64, bias=True)
            (value): Linear(in_features=64, out_features=64, bias=True)
            (softmax): Softmax(dim=-1)
            (attn_dropout): Dropout(p=0.5, inplace=False)
            (dense): Linear(in_features=64, out_features=64, bias=True)
            (LayerNorm): LayerNorm((64,), eps=1e-12, elementwise_affine=True)
            (out_dropout): Dropout(p=0.5, inplace=False)
          )
        )
        (feed_forward): FeedForward(
          (dense_1): Linear(in_features=64, out_features=256, bias=True)
          (dense_2): Linear(in_features=256, out_features=64, bias=True)
          (LayerNorm): LayerNorm()
          (dropout): Dropout(p=0.5, inplace=False)
        )
      )
    )
  )
)
2025-06-14 00:27:43,363 - Total Parameters: 707904
2025-06-14 00:27:51,908 - {'epoch': 0, 'rec_loss': '8.8465'}
2025-06-14 00:27:56,090 - {'Epoch': 0, 'HR@5': '0.0041', 'NDCG@5': '0.0027', 'HR@10': '0.0080', 'NDCG@10': '0.0039', 'HR@20': '0.0124', 'NDCG@20': '0.0050'}
2025-06-14 00:27:56,092 - Validation score increased.  Saving model ...
2025-06-14 00:28:03,585 - {'epoch': 1, 'rec_loss': '8.4627'}
2025-06-14 00:28:07,652 - {'Epoch': 1, 'HR@5': '0.0171', 'NDCG@5': '0.0115', 'HR@10': '0.0286', 'NDCG@10': '0.0152', 'HR@20': '0.0417', 'NDCG@20': '0.0184'}
2025-06-14 00:28:07,654 - Validation score increased.  Saving model ...
2025-06-14 00:28:15,085 - {'epoch': 2, 'rec_loss': '7.9599'}
2025-06-14 00:28:19,248 - {'Epoch': 2, 'HR@5': '0.0569', 'NDCG@5': '0.0376', 'HR@10': '0.0857', 'NDCG@10': '0.0468', 'HR@20': '0.1189', 'NDCG@20': '0.0552'}
2025-06-14 00:28:19,250 - Validation score increased.  Saving model ...
2025-06-14 00:28:26,590 - {'epoch': 3, 'rec_loss': '7.2496'}
2025-06-14 00:28:30,880 - {'Epoch': 3, 'HR@5': '0.0919', 'NDCG@5': '0.0608', 'HR@10': '0.1411', 'NDCG@10': '0.0766', 'HR@20': '0.2008', 'NDCG@20': '0.0916'}
2025-06-14 00:28:30,882 - Validation score increased.  Saving model ...
2025-06-14 00:28:38,210 - {'epoch': 4, 'rec_loss': '6.5467'}
2025-06-14 00:28:42,452 - {'Epoch': 4, 'HR@5': '0.1142', 'NDCG@5': '0.0756', 'HR@10': '0.1764', 'NDCG@10': '0.0956', 'HR@20': '0.2481', 'NDCG@20': '0.1137'}
2025-06-14 00:28:42,454 - Validation score increased.  Saving model ...
2025-06-14 00:28:49,830 - {'epoch': 5, 'rec_loss': '6.0026'}
2025-06-14 00:28:54,067 - {'Epoch': 5, 'HR@5': '0.1306', 'NDCG@5': '0.0859', 'HR@10': '0.1982', 'NDCG@10': '0.1077', 'HR@20': '0.2783', 'NDCG@20': '0.1280'}
2025-06-14 00:28:54,069 - Validation score increased.  Saving model ...
2025-06-14 00:29:01,536 - {'epoch': 6, 'rec_loss': '5.6109'}
2025-06-14 00:29:05,789 - {'Epoch': 6, 'HR@5': '0.1431', 'NDCG@5': '0.0941', 'HR@10': '0.2134', 'NDCG@10': '0.1168', 'HR@20': '0.3040', 'NDCG@20': '0.1396'}
2025-06-14 00:29:05,790 - Validation score increased.  Saving model ...
2025-06-14 00:29:13,340 - {'epoch': 7, 'rec_loss': '5.3384'}
2025-06-14 00:29:17,642 - {'Epoch': 7, 'HR@5': '0.1529', 'NDCG@5': '0.1004', 'HR@10': '0.2279', 'NDCG@10': '0.1247', 'HR@20': '0.3207', 'NDCG@20': '0.1481'}
2025-06-14 00:29:17,643 - Validation score increased.  Saving model ...
2025-06-14 00:29:25,152 - {'epoch': 8, 'rec_loss': '5.1526'}
2025-06-14 00:29:29,443 - {'Epoch': 8, 'HR@5': '0.1563', 'NDCG@5': '0.1036', 'HR@10': '0.2409', 'NDCG@10': '0.1309', 'HR@20': '0.3325', 'NDCG@20': '0.1541'}
2025-06-14 00:29:29,445 - Validation score increased.  Saving model ...
2025-06-14 00:29:36,764 - {'epoch': 9, 'rec_loss': '5.0117'}
2025-06-14 00:29:41,172 - {'Epoch': 9, 'HR@5': '0.1629', 'NDCG@5': '0.1074', 'HR@10': '0.2445', 'NDCG@10': '0.1337', 'HR@20': '0.3424', 'NDCG@20': '0.1584'}
2025-06-14 00:29:41,174 - Validation score increased.  Saving model ...
2025-06-14 00:29:48,590 - {'epoch': 10, 'rec_loss': '4.9150'}
2025-06-14 00:29:52,986 - {'Epoch': 10, 'HR@5': '0.1673', 'NDCG@5': '0.1093', 'HR@10': '0.2513', 'NDCG@10': '0.1363', 'HR@20': '0.3470', 'NDCG@20': '0.1605'}
2025-06-14 00:29:52,987 - Validation score increased.  Saving model ...
2025-06-14 00:30:00,402 - {'epoch': 11, 'rec_loss': '4.8400'}
2025-06-14 00:30:04,712 - {'Epoch': 11, 'HR@5': '0.1679', 'NDCG@5': '0.1103', 'HR@10': '0.2531', 'NDCG@10': '0.1377', 'HR@20': '0.3520', 'NDCG@20': '0.1627'}
2025-06-14 00:30:04,714 - Validation score increased.  Saving model ...
2025-06-14 00:30:12,111 - {'epoch': 12, 'rec_loss': '4.7847'}
2025-06-14 00:30:16,463 - {'Epoch': 12, 'HR@5': '0.1716', 'NDCG@5': '0.1125', 'HR@10': '0.2557', 'NDCG@10': '0.1396', 'HR@20': '0.3555', 'NDCG@20': '0.1648'}
2025-06-14 00:30:16,465 - Validation score increased.  Saving model ...
2025-06-14 00:30:23,836 - {'epoch': 13, 'rec_loss': '4.7518'}
2025-06-14 00:30:28,194 - {'Epoch': 13, 'HR@5': '0.1706', 'NDCG@5': '0.1126', 'HR@10': '0.2570', 'NDCG@10': '0.1404', 'HR@20': '0.3573', 'NDCG@20': '0.1658'}
2025-06-14 00:30:28,195 - Validation score increased.  Saving model ...
2025-06-14 00:30:35,630 - {'epoch': 14, 'rec_loss': '4.7099'}
2025-06-14 00:30:39,906 - {'Epoch': 14, 'HR@5': '0.1738', 'NDCG@5': '0.1138', 'HR@10': '0.2582', 'NDCG@10': '0.1410', 'HR@20': '0.3579', 'NDCG@20': '0.1662'}
2025-06-14 00:30:39,908 - Validation score increased.  Saving model ...
2025-06-14 00:30:47,408 - {'epoch': 15, 'rec_loss': '4.6933'}
2025-06-14 00:30:51,785 - {'Epoch': 15, 'HR@5': '0.1698', 'NDCG@5': '0.1126', 'HR@10': '0.2590', 'NDCG@10': '0.1413', 'HR@20': '0.3609', 'NDCG@20': '0.1671'}
2025-06-14 00:30:51,787 - Validation score increased.  Saving model ...
2025-06-14 00:30:59,236 - {'epoch': 16, 'rec_loss': '4.6621'}
2025-06-14 00:31:03,641 - {'Epoch': 16, 'HR@5': '0.1708', 'NDCG@5': '0.1128', 'HR@10': '0.2594', 'NDCG@10': '0.1412', 'HR@20': '0.3615', 'NDCG@20': '0.1670'}
2025-06-14 00:31:03,643 - EarlyStopping counter: 1 out of 10
2025-06-14 00:31:11,025 - {'epoch': 17, 'rec_loss': '4.6432'}
2025-06-14 00:31:15,371 - {'Epoch': 17, 'HR@5': '0.1758', 'NDCG@5': '0.1147', 'HR@10': '0.2592', 'NDCG@10': '0.1415', 'HR@20': '0.3617', 'NDCG@20': '0.1674'}
2025-06-14 00:31:15,373 - Validation score increased.  Saving model ...
2025-06-14 00:31:22,670 - {'epoch': 18, 'rec_loss': '4.6269'}
2025-06-14 00:31:26,944 - {'Epoch': 18, 'HR@5': '0.1738', 'NDCG@5': '0.1144', 'HR@10': '0.2599', 'NDCG@10': '0.1422', 'HR@20': '0.3628', 'NDCG@20': '0.1683'}
2025-06-14 00:31:26,945 - Validation score increased.  Saving model ...
2025-06-14 00:31:34,342 - {'epoch': 19, 'rec_loss': '4.6151'}
2025-06-14 00:31:38,654 - {'Epoch': 19, 'HR@5': '0.1747', 'NDCG@5': '0.1144', 'HR@10': '0.2592', 'NDCG@10': '0.1416', 'HR@20': '0.3628', 'NDCG@20': '0.1678'}
2025-06-14 00:31:38,668 - EarlyStopping counter: 1 out of 10
2025-06-14 00:31:46,074 - {'epoch': 20, 'rec_loss': '4.5984'}
2025-06-14 00:31:50,433 - {'Epoch': 20, 'HR@5': '0.1763', 'NDCG@5': '0.1158', 'HR@10': '0.2615', 'NDCG@10': '0.1433', 'HR@20': '0.3634', 'NDCG@20': '0.1690'}
2025-06-14 00:31:50,434 - Validation score increased.  Saving model ...
2025-06-14 00:31:57,785 - {'epoch': 21, 'rec_loss': '4.5865'}
2025-06-14 00:32:02,163 - {'Epoch': 21, 'HR@5': '0.1761', 'NDCG@5': '0.1151', 'HR@10': '0.2616', 'NDCG@10': '0.1426', 'HR@20': '0.3645', 'NDCG@20': '0.1687'}
2025-06-14 00:32:02,166 - EarlyStopping counter: 1 out of 10
2025-06-14 00:32:09,590 - {'epoch': 22, 'rec_loss': '4.5779'}
2025-06-14 00:32:13,953 - {'Epoch': 22, 'HR@5': '0.1747', 'NDCG@5': '0.1153', 'HR@10': '0.2631', 'NDCG@10': '0.1438', 'HR@20': '0.3648', 'NDCG@20': '0.1695'}
2025-06-14 00:32:13,955 - Validation score increased.  Saving model ...
2025-06-14 00:32:21,412 - {'epoch': 23, 'rec_loss': '4.5634'}
2025-06-14 00:32:25,800 - {'Epoch': 23, 'HR@5': '0.1743', 'NDCG@5': '0.1143', 'HR@10': '0.2596', 'NDCG@10': '0.1419', 'HR@20': '0.3637', 'NDCG@20': '0.1682'}
2025-06-14 00:32:25,802 - EarlyStopping counter: 1 out of 10
2025-06-14 00:32:33,258 - {'epoch': 24, 'rec_loss': '4.5567'}
2025-06-14 00:32:37,568 - {'Epoch': 24, 'HR@5': '0.1744', 'NDCG@5': '0.1143', 'HR@10': '0.2611', 'NDCG@10': '0.1422', 'HR@20': '0.3628', 'NDCG@20': '0.1680'}
2025-06-14 00:32:37,570 - EarlyStopping counter: 2 out of 10
2025-06-14 00:32:44,985 - {'epoch': 25, 'rec_loss': '4.5464'}
2025-06-14 00:32:49,383 - {'Epoch': 25, 'HR@5': '0.1757', 'NDCG@5': '0.1160', 'HR@10': '0.2604', 'NDCG@10': '0.1433', 'HR@20': '0.3619', 'NDCG@20': '0.1690'}
2025-06-14 00:32:49,384 - EarlyStopping counter: 3 out of 10
2025-06-14 00:32:56,854 - {'epoch': 26, 'rec_loss': '4.5359'}
2025-06-14 00:33:01,233 - {'Epoch': 26, 'HR@5': '0.1768', 'NDCG@5': '0.1155', 'HR@10': '0.2616', 'NDCG@10': '0.1428', 'HR@20': '0.3639', 'NDCG@20': '0.1687'}
2025-06-14 00:33:01,235 - EarlyStopping counter: 4 out of 10
2025-06-14 00:33:08,626 - {'epoch': 27, 'rec_loss': '4.5316'}
2025-06-14 00:33:12,891 - {'Epoch': 27, 'HR@5': '0.1741', 'NDCG@5': '0.1140', 'HR@10': '0.2622', 'NDCG@10': '0.1424', 'HR@20': '0.3640', 'NDCG@20': '0.1682'}
2025-06-14 00:33:12,893 - EarlyStopping counter: 5 out of 10
2025-06-14 00:33:20,144 - {'epoch': 28, 'rec_loss': '4.5199'}
2025-06-14 00:33:24,484 - {'Epoch': 28, 'HR@5': '0.1755', 'NDCG@5': '0.1150', 'HR@10': '0.2616', 'NDCG@10': '0.1427', 'HR@20': '0.3619', 'NDCG@20': '0.1681'}
2025-06-14 00:33:24,486 - EarlyStopping counter: 6 out of 10
2025-06-14 00:33:31,921 - {'epoch': 29, 'rec_loss': '4.5145'}
2025-06-14 00:33:36,271 - {'Epoch': 29, 'HR@5': '0.1740', 'NDCG@5': '0.1151', 'HR@10': '0.2598', 'NDCG@10': '0.1428', 'HR@20': '0.3607', 'NDCG@20': '0.1683'}
2025-06-14 00:33:36,275 - EarlyStopping counter: 7 out of 10
2025-06-14 00:33:43,668 - {'epoch': 30, 'rec_loss': '4.5115'}
2025-06-14 00:33:48,071 - {'Epoch': 30, 'HR@5': '0.1733', 'NDCG@5': '0.1141', 'HR@10': '0.2612', 'NDCG@10': '0.1424', 'HR@20': '0.3651', 'NDCG@20': '0.1686'}
2025-06-14 00:33:48,073 - EarlyStopping counter: 8 out of 10
2025-06-14 00:33:55,522 - {'epoch': 31, 'rec_loss': '4.4996'}
2025-06-14 00:33:59,870 - {'Epoch': 31, 'HR@5': '0.1734', 'NDCG@5': '0.1143', 'HR@10': '0.2601', 'NDCG@10': '0.1422', 'HR@20': '0.3636', 'NDCG@20': '0.1684'}
2025-06-14 00:33:59,872 - EarlyStopping counter: 9 out of 10
2025-06-14 00:34:07,325 - {'epoch': 32, 'rec_loss': '4.4921'}
2025-06-14 00:34:11,688 - {'Epoch': 32, 'HR@5': '0.1742', 'NDCG@5': '0.1138', 'HR@10': '0.2622', 'NDCG@10': '0.1421', 'HR@20': '0.3640', 'NDCG@20': '0.1678'}
2025-06-14 00:34:11,690 - EarlyStopping counter: 10 out of 10
2025-06-14 00:34:11,690 - Early stopping
2025-06-14 00:34:11,690 - ---------------Validation Score---------------
2025-06-14 00:34:15,984 - {'Epoch': 0, 'HR@5': '0.1747', 'NDCG@5': '0.1153', 'HR@10': '0.2631', 'NDCG@10': '0.1438', 'HR@20': '0.3648', 'NDCG@20': '0.1695'}
2025-06-14 00:34:15,985 - BSARec_Diginetica
2025-06-14 00:34:15,985 - {'Epoch': 0, 'HR@5': '0.1747', 'NDCG@5': '0.1153', 'HR@10': '0.2631', 'NDCG@10': '0.1438', 'HR@20': '0.3648', 'NDCG@20': '0.1695'}
