2025-06-14 00:16:58,083 - Namespace(data_dir='data/self_processed/', output_dir='hparam_search/', data_name='Diginetica', train_name='BSARec_Diginetica', num_items=10, num_users=14829, lr=0.0005, batch_size=256, epochs=200, no_cuda=False, log_freq=1, patience=10, num_workers=4, seed=42, weight_decay=0.0, adam_beta1=0.9, adam_beta2=0.999, gpu_id='0', variance=5, model_type='BSARec', max_seq_length=50, hidden_size=64, num_hidden_layers=2, hidden_act='gelu', num_attention_heads=2, attention_probs_dropout_prob=0.5, hidden_dropout_prob=0.5, initializer_range=0.02, c=3, alpha=0.1, cuda_condition=True, data_file='data/self_processed/Diginetica.txt', item_size=9441, checkpoint_path=PosixPath('/gpfs/home3/scur2771/BSARec/BSARec/src/hparam_search/BSARec_Diginetica/12367757_106/model.pt'), same_target_path='data/self_processed/Diginetica_same_target.npy')
2025-06-14 00:16:58,101 - BSARecModel(
  (item_embeddings): Embedding(9441, 64, padding_idx=0)
  (position_embeddings): Embedding(50, 64)
  (LayerNorm): LayerNorm()
  (dropout): Dropout(p=0.5, inplace=False)
  (item_encoder): BSARecEncoder(
    (blocks): ModuleList(
      (0): BSARecBlock(
        (layer): BSARecLayer(
          (filter_layer): FrequencyLayer(
            (out_dropout): Dropout(p=0.5, inplace=False)
            (LayerNorm): LayerNorm()
          )
          (attention_layer): MultiHeadAttention(
            (query): Linear(in_features=64, out_features=64, bias=True)
            (key): Linear(in_features=64, out_features=64, bias=True)
            (value): Linear(in_features=64, out_features=64, bias=True)
            (softmax): Softmax(dim=-1)
            (attn_dropout): Dropout(p=0.5, inplace=False)
            (dense): Linear(in_features=64, out_features=64, bias=True)
            (LayerNorm): LayerNorm((64,), eps=1e-12, elementwise_affine=True)
            (out_dropout): Dropout(p=0.5, inplace=False)
          )
        )
        (feed_forward): FeedForward(
          (dense_1): Linear(in_features=64, out_features=256, bias=True)
          (dense_2): Linear(in_features=256, out_features=64, bias=True)
          (LayerNorm): LayerNorm()
          (dropout): Dropout(p=0.5, inplace=False)
        )
      )
      (1): BSARecBlock(
        (layer): BSARecLayer(
          (filter_layer): FrequencyLayer(
            (out_dropout): Dropout(p=0.5, inplace=False)
            (LayerNorm): LayerNorm()
          )
          (attention_layer): MultiHeadAttention(
            (query): Linear(in_features=64, out_features=64, bias=True)
            (key): Linear(in_features=64, out_features=64, bias=True)
            (value): Linear(in_features=64, out_features=64, bias=True)
            (softmax): Softmax(dim=-1)
            (attn_dropout): Dropout(p=0.5, inplace=False)
            (dense): Linear(in_features=64, out_features=64, bias=True)
            (LayerNorm): LayerNorm((64,), eps=1e-12, elementwise_affine=True)
            (out_dropout): Dropout(p=0.5, inplace=False)
          )
        )
        (feed_forward): FeedForward(
          (dense_1): Linear(in_features=64, out_features=256, bias=True)
          (dense_2): Linear(in_features=256, out_features=64, bias=True)
          (LayerNorm): LayerNorm()
          (dropout): Dropout(p=0.5, inplace=False)
        )
      )
    )
  )
)
2025-06-14 00:17:00,269 - Total Parameters: 707904
2025-06-14 00:17:09,050 - {'epoch': 0, 'rec_loss': '8.8016'}
2025-06-14 00:17:13,125 - {'Epoch': 0, 'HR@5': '0.0073', 'NDCG@5': '0.0046', 'HR@10': '0.0123', 'NDCG@10': '0.0063', 'HR@20': '0.0183', 'NDCG@20': '0.0078'}
2025-06-14 00:17:13,127 - Validation score increased.  Saving model ...
2025-06-14 00:17:20,709 - {'epoch': 1, 'rec_loss': '8.3094'}
2025-06-14 00:17:24,873 - {'Epoch': 1, 'HR@5': '0.0496', 'NDCG@5': '0.0339', 'HR@10': '0.0719', 'NDCG@10': '0.0411', 'HR@20': '0.0975', 'NDCG@20': '0.0475'}
2025-06-14 00:17:24,875 - Validation score increased.  Saving model ...
2025-06-14 00:17:32,343 - {'epoch': 2, 'rec_loss': '7.5850'}
2025-06-14 00:17:36,624 - {'Epoch': 2, 'HR@5': '0.0873', 'NDCG@5': '0.0574', 'HR@10': '0.1322', 'NDCG@10': '0.0718', 'HR@20': '0.1849', 'NDCG@20': '0.0851'}
2025-06-14 00:17:36,626 - Validation score increased.  Saving model ...
2025-06-14 00:17:44,145 - {'epoch': 3, 'rec_loss': '6.7897'}
2025-06-14 00:17:48,399 - {'Epoch': 3, 'HR@5': '0.1135', 'NDCG@5': '0.0746', 'HR@10': '0.1710', 'NDCG@10': '0.0930', 'HR@20': '0.2380', 'NDCG@20': '0.1099'}
2025-06-14 00:17:48,401 - Validation score increased.  Saving model ...
2025-06-14 00:17:55,994 - {'epoch': 4, 'rec_loss': '6.1567'}
2025-06-14 00:18:00,311 - {'Epoch': 4, 'HR@5': '0.1285', 'NDCG@5': '0.0851', 'HR@10': '0.1940', 'NDCG@10': '0.1062', 'HR@20': '0.2756', 'NDCG@20': '0.1268'}
2025-06-14 00:18:00,313 - Validation score increased.  Saving model ...
2025-06-14 00:18:07,763 - {'epoch': 5, 'rec_loss': '5.7100'}
2025-06-14 00:18:12,177 - {'Epoch': 5, 'HR@5': '0.1394', 'NDCG@5': '0.0925', 'HR@10': '0.2125', 'NDCG@10': '0.1161', 'HR@20': '0.2985', 'NDCG@20': '0.1378'}
2025-06-14 00:18:12,180 - Validation score increased.  Saving model ...
2025-06-14 00:18:19,620 - {'epoch': 6, 'rec_loss': '5.4021'}
2025-06-14 00:18:23,981 - {'Epoch': 6, 'HR@5': '0.1486', 'NDCG@5': '0.0986', 'HR@10': '0.2268', 'NDCG@10': '0.1237', 'HR@20': '0.3166', 'NDCG@20': '0.1463'}
2025-06-14 00:18:23,984 - Validation score increased.  Saving model ...
2025-06-14 00:18:31,627 - {'epoch': 7, 'rec_loss': '5.1879'}
2025-06-14 00:18:35,968 - {'Epoch': 7, 'HR@5': '0.1567', 'NDCG@5': '0.1028', 'HR@10': '0.2360', 'NDCG@10': '0.1284', 'HR@20': '0.3312', 'NDCG@20': '0.1524'}
2025-06-14 00:18:35,969 - Validation score increased.  Saving model ...
2025-06-14 00:18:43,469 - {'epoch': 8, 'rec_loss': '5.0430'}
2025-06-14 00:18:47,822 - {'Epoch': 8, 'HR@5': '0.1610', 'NDCG@5': '0.1061', 'HR@10': '0.2445', 'NDCG@10': '0.1330', 'HR@20': '0.3396', 'NDCG@20': '0.1570'}
2025-06-14 00:18:47,823 - Validation score increased.  Saving model ...
2025-06-14 00:18:55,396 - {'epoch': 9, 'rec_loss': '4.9338'}
2025-06-14 00:18:59,723 - {'Epoch': 9, 'HR@5': '0.1652', 'NDCG@5': '0.1082', 'HR@10': '0.2498', 'NDCG@10': '0.1355', 'HR@20': '0.3485', 'NDCG@20': '0.1603'}
2025-06-14 00:18:59,726 - Validation score increased.  Saving model ...
2025-06-14 00:19:07,110 - {'epoch': 10, 'rec_loss': '4.8582'}
2025-06-14 00:19:11,478 - {'Epoch': 10, 'HR@5': '0.1658', 'NDCG@5': '0.1085', 'HR@10': '0.2507', 'NDCG@10': '0.1360', 'HR@20': '0.3509', 'NDCG@20': '0.1614'}
2025-06-14 00:19:11,480 - Validation score increased.  Saving model ...
2025-06-14 00:19:18,971 - {'epoch': 11, 'rec_loss': '4.7989'}
2025-06-14 00:19:23,347 - {'Epoch': 11, 'HR@5': '0.1660', 'NDCG@5': '0.1103', 'HR@10': '0.2553', 'NDCG@10': '0.1392', 'HR@20': '0.3561', 'NDCG@20': '0.1646'}
2025-06-14 00:19:23,349 - Validation score increased.  Saving model ...
2025-06-14 00:19:30,746 - {'epoch': 12, 'rec_loss': '4.7528'}
2025-06-14 00:19:35,101 - {'Epoch': 12, 'HR@5': '0.1711', 'NDCG@5': '0.1121', 'HR@10': '0.2572', 'NDCG@10': '0.1399', 'HR@20': '0.3572', 'NDCG@20': '0.1651'}
2025-06-14 00:19:35,103 - Validation score increased.  Saving model ...
2025-06-14 00:19:42,526 - {'epoch': 13, 'rec_loss': '4.7262'}
2025-06-14 00:19:46,831 - {'Epoch': 13, 'HR@5': '0.1709', 'NDCG@5': '0.1133', 'HR@10': '0.2589', 'NDCG@10': '0.1416', 'HR@20': '0.3593', 'NDCG@20': '0.1669'}
2025-06-14 00:19:46,833 - Validation score increased.  Saving model ...
2025-06-14 00:19:54,293 - {'epoch': 14, 'rec_loss': '4.6962'}
2025-06-14 00:19:58,623 - {'Epoch': 14, 'HR@5': '0.1718', 'NDCG@5': '0.1128', 'HR@10': '0.2582', 'NDCG@10': '0.1407', 'HR@20': '0.3605', 'NDCG@20': '0.1665'}
2025-06-14 00:19:58,624 - EarlyStopping counter: 1 out of 10
2025-06-14 00:20:05,972 - {'epoch': 15, 'rec_loss': '4.6770'}
2025-06-14 00:20:10,311 - {'Epoch': 15, 'HR@5': '0.1702', 'NDCG@5': '0.1127', 'HR@10': '0.2596', 'NDCG@10': '0.1415', 'HR@20': '0.3622', 'NDCG@20': '0.1674'}
2025-06-14 00:20:10,313 - Validation score increased.  Saving model ...
2025-06-14 00:20:17,726 - {'epoch': 16, 'rec_loss': '4.6545'}
2025-06-14 00:20:22,151 - {'Epoch': 16, 'HR@5': '0.1725', 'NDCG@5': '0.1133', 'HR@10': '0.2584', 'NDCG@10': '0.1409', 'HR@20': '0.3607', 'NDCG@20': '0.1668'}
2025-06-14 00:20:22,153 - EarlyStopping counter: 1 out of 10
2025-06-14 00:20:29,655 - {'epoch': 17, 'rec_loss': '4.6409'}
2025-06-14 00:20:33,962 - {'Epoch': 17, 'HR@5': '0.1726', 'NDCG@5': '0.1131', 'HR@10': '0.2622', 'NDCG@10': '0.1419', 'HR@20': '0.3619', 'NDCG@20': '0.1670'}
2025-06-14 00:20:33,965 - EarlyStopping counter: 2 out of 10
2025-06-14 00:20:41,387 - {'epoch': 18, 'rec_loss': '4.6223'}
2025-06-14 00:20:45,738 - {'Epoch': 18, 'HR@5': '0.1736', 'NDCG@5': '0.1143', 'HR@10': '0.2611', 'NDCG@10': '0.1426', 'HR@20': '0.3615', 'NDCG@20': '0.1679'}
2025-06-14 00:20:45,740 - Validation score increased.  Saving model ...
2025-06-14 00:20:53,069 - {'epoch': 19, 'rec_loss': '4.6104'}
2025-06-14 00:20:57,423 - {'Epoch': 19, 'HR@5': '0.1734', 'NDCG@5': '0.1132', 'HR@10': '0.2600', 'NDCG@10': '0.1411', 'HR@20': '0.3609', 'NDCG@20': '0.1667'}
2025-06-14 00:20:57,424 - EarlyStopping counter: 1 out of 10
2025-06-14 00:21:04,781 - {'epoch': 20, 'rec_loss': '4.6014'}
2025-06-14 00:21:09,132 - {'Epoch': 20, 'HR@5': '0.1752', 'NDCG@5': '0.1146', 'HR@10': '0.2615', 'NDCG@10': '0.1424', 'HR@20': '0.3642', 'NDCG@20': '0.1683'}
2025-06-14 00:21:09,134 - Validation score increased.  Saving model ...
2025-06-14 00:21:16,509 - {'epoch': 21, 'rec_loss': '4.5911'}
2025-06-14 00:21:20,875 - {'Epoch': 21, 'HR@5': '0.1737', 'NDCG@5': '0.1141', 'HR@10': '0.2638', 'NDCG@10': '0.1430', 'HR@20': '0.3641', 'NDCG@20': '0.1684'}
2025-06-14 00:21:20,877 - Validation score increased.  Saving model ...
2025-06-14 00:21:28,335 - {'epoch': 22, 'rec_loss': '4.5813'}
2025-06-14 00:21:32,650 - {'Epoch': 22, 'HR@5': '0.1755', 'NDCG@5': '0.1152', 'HR@10': '0.2641', 'NDCG@10': '0.1436', 'HR@20': '0.3638', 'NDCG@20': '0.1688'}
2025-06-14 00:21:32,651 - Validation score increased.  Saving model ...
2025-06-14 00:21:40,063 - {'epoch': 23, 'rec_loss': '4.5696'}
2025-06-14 00:21:44,533 - {'Epoch': 23, 'HR@5': '0.1719', 'NDCG@5': '0.1125', 'HR@10': '0.2606', 'NDCG@10': '0.1411', 'HR@20': '0.3653', 'NDCG@20': '0.1674'}
2025-06-14 00:21:44,535 - EarlyStopping counter: 1 out of 10
2025-06-14 00:21:51,822 - {'epoch': 24, 'rec_loss': '4.5649'}
2025-06-14 00:21:56,241 - {'Epoch': 24, 'HR@5': '0.1732', 'NDCG@5': '0.1135', 'HR@10': '0.2606', 'NDCG@10': '0.1417', 'HR@20': '0.3641', 'NDCG@20': '0.1678'}
2025-06-14 00:21:56,243 - EarlyStopping counter: 2 out of 10
2025-06-14 00:22:03,601 - {'epoch': 25, 'rec_loss': '4.5554'}
2025-06-14 00:22:07,930 - {'Epoch': 25, 'HR@5': '0.1747', 'NDCG@5': '0.1152', 'HR@10': '0.2605', 'NDCG@10': '0.1428', 'HR@20': '0.3638', 'NDCG@20': '0.1690'}
2025-06-14 00:22:07,932 - Validation score increased.  Saving model ...
2025-06-14 00:22:15,318 - {'epoch': 26, 'rec_loss': '4.5502'}
2025-06-14 00:22:19,667 - {'Epoch': 26, 'HR@5': '0.1752', 'NDCG@5': '0.1145', 'HR@10': '0.2635', 'NDCG@10': '0.1429', 'HR@20': '0.3642', 'NDCG@20': '0.1684'}
2025-06-14 00:22:19,669 - EarlyStopping counter: 1 out of 10
2025-06-14 00:22:27,019 - {'epoch': 27, 'rec_loss': '4.5455'}
2025-06-14 00:22:31,330 - {'Epoch': 27, 'HR@5': '0.1741', 'NDCG@5': '0.1136', 'HR@10': '0.2625', 'NDCG@10': '0.1421', 'HR@20': '0.3649', 'NDCG@20': '0.1679'}
2025-06-14 00:22:31,332 - EarlyStopping counter: 2 out of 10
2025-06-14 00:22:38,723 - {'epoch': 28, 'rec_loss': '4.5334'}
2025-06-14 00:22:43,100 - {'Epoch': 28, 'HR@5': '0.1753', 'NDCG@5': '0.1150', 'HR@10': '0.2613', 'NDCG@10': '0.1427', 'HR@20': '0.3633', 'NDCG@20': '0.1686'}
2025-06-14 00:22:43,101 - EarlyStopping counter: 3 out of 10
2025-06-14 00:22:50,461 - {'epoch': 29, 'rec_loss': '4.5333'}
2025-06-14 00:22:54,913 - {'Epoch': 29, 'HR@5': '0.1757', 'NDCG@5': '0.1149', 'HR@10': '0.2598', 'NDCG@10': '0.1419', 'HR@20': '0.3622', 'NDCG@20': '0.1678'}
2025-06-14 00:22:54,914 - EarlyStopping counter: 4 out of 10
2025-06-14 00:23:02,314 - {'epoch': 30, 'rec_loss': '4.5312'}
2025-06-14 00:23:06,587 - {'Epoch': 30, 'HR@5': '0.1741', 'NDCG@5': '0.1143', 'HR@10': '0.2609', 'NDCG@10': '0.1423', 'HR@20': '0.3653', 'NDCG@20': '0.1687'}
2025-06-14 00:23:06,587 - EarlyStopping counter: 5 out of 10
2025-06-14 00:23:14,015 - {'epoch': 31, 'rec_loss': '4.5213'}
2025-06-14 00:23:18,360 - {'Epoch': 31, 'HR@5': '0.1754', 'NDCG@5': '0.1154', 'HR@10': '0.2618', 'NDCG@10': '0.1431', 'HR@20': '0.3657', 'NDCG@20': '0.1694'}
2025-06-14 00:23:18,363 - Validation score increased.  Saving model ...
2025-06-14 00:23:25,806 - {'epoch': 32, 'rec_loss': '4.5142'}
2025-06-14 00:23:30,231 - {'Epoch': 32, 'HR@5': '0.1733', 'NDCG@5': '0.1140', 'HR@10': '0.2629', 'NDCG@10': '0.1428', 'HR@20': '0.3638', 'NDCG@20': '0.1683'}
2025-06-14 00:23:30,233 - EarlyStopping counter: 1 out of 10
2025-06-14 00:23:37,444 - {'epoch': 33, 'rec_loss': '4.5112'}
2025-06-14 00:23:41,849 - {'Epoch': 33, 'HR@5': '0.1731', 'NDCG@5': '0.1146', 'HR@10': '0.2638', 'NDCG@10': '0.1437', 'HR@20': '0.3652', 'NDCG@20': '0.1693'}
2025-06-14 00:23:41,851 - EarlyStopping counter: 2 out of 10
2025-06-14 00:23:49,224 - {'epoch': 34, 'rec_loss': '4.5041'}
2025-06-14 00:23:53,629 - {'Epoch': 34, 'HR@5': '0.1762', 'NDCG@5': '0.1163', 'HR@10': '0.2650', 'NDCG@10': '0.1449', 'HR@20': '0.3644', 'NDCG@20': '0.1700'}
2025-06-14 00:23:53,631 - Validation score increased.  Saving model ...
2025-06-14 00:24:01,077 - {'epoch': 35, 'rec_loss': '4.5024'}
2025-06-14 00:24:05,495 - {'Epoch': 35, 'HR@5': '0.1713', 'NDCG@5': '0.1136', 'HR@10': '0.2629', 'NDCG@10': '0.1431', 'HR@20': '0.3645', 'NDCG@20': '0.1688'}
2025-06-14 00:24:05,497 - EarlyStopping counter: 1 out of 10
2025-06-14 00:24:12,832 - {'epoch': 36, 'rec_loss': '4.4940'}
2025-06-14 00:24:17,206 - {'Epoch': 36, 'HR@5': '0.1737', 'NDCG@5': '0.1138', 'HR@10': '0.2611', 'NDCG@10': '0.1420', 'HR@20': '0.3645', 'NDCG@20': '0.1682'}
2025-06-14 00:24:17,209 - EarlyStopping counter: 2 out of 10
2025-06-14 00:24:24,636 - {'epoch': 37, 'rec_loss': '4.4914'}
2025-06-14 00:24:28,961 - {'Epoch': 37, 'HR@5': '0.1743', 'NDCG@5': '0.1141', 'HR@10': '0.2640', 'NDCG@10': '0.1431', 'HR@20': '0.3646', 'NDCG@20': '0.1685'}
2025-06-14 00:24:28,962 - EarlyStopping counter: 3 out of 10
2025-06-14 00:24:36,280 - {'epoch': 38, 'rec_loss': '4.4901'}
2025-06-14 00:24:40,693 - {'Epoch': 38, 'HR@5': '0.1746', 'NDCG@5': '0.1148', 'HR@10': '0.2627', 'NDCG@10': '0.1432', 'HR@20': '0.3650', 'NDCG@20': '0.1690'}
2025-06-14 00:24:40,695 - EarlyStopping counter: 4 out of 10
2025-06-14 00:24:48,032 - {'epoch': 39, 'rec_loss': '4.4813'}
2025-06-14 00:24:52,397 - {'Epoch': 39, 'HR@5': '0.1731', 'NDCG@5': '0.1141', 'HR@10': '0.2613', 'NDCG@10': '0.1426', 'HR@20': '0.3636', 'NDCG@20': '0.1685'}
2025-06-14 00:24:52,400 - EarlyStopping counter: 5 out of 10
2025-06-14 00:24:59,736 - {'epoch': 40, 'rec_loss': '4.4827'}
2025-06-14 00:25:04,010 - {'Epoch': 40, 'HR@5': '0.1741', 'NDCG@5': '0.1148', 'HR@10': '0.2602', 'NDCG@10': '0.1425', 'HR@20': '0.3665', 'NDCG@20': '0.1693'}
2025-06-14 00:25:04,012 - EarlyStopping counter: 6 out of 10
2025-06-14 00:25:11,412 - {'epoch': 41, 'rec_loss': '4.4770'}
2025-06-14 00:25:15,770 - {'Epoch': 41, 'HR@5': '0.1733', 'NDCG@5': '0.1143', 'HR@10': '0.2606', 'NDCG@10': '0.1424', 'HR@20': '0.3632', 'NDCG@20': '0.1684'}
2025-06-14 00:25:15,772 - EarlyStopping counter: 7 out of 10
2025-06-14 00:25:23,120 - {'epoch': 42, 'rec_loss': '4.4659'}
2025-06-14 00:25:27,441 - {'Epoch': 42, 'HR@5': '0.1731', 'NDCG@5': '0.1143', 'HR@10': '0.2609', 'NDCG@10': '0.1427', 'HR@20': '0.3644', 'NDCG@20': '0.1688'}
2025-06-14 00:25:27,443 - EarlyStopping counter: 8 out of 10
2025-06-14 00:25:34,821 - {'epoch': 43, 'rec_loss': '4.4636'}
2025-06-14 00:25:39,170 - {'Epoch': 43, 'HR@5': '0.1744', 'NDCG@5': '0.1150', 'HR@10': '0.2600', 'NDCG@10': '0.1425', 'HR@20': '0.3643', 'NDCG@20': '0.1689'}
2025-06-14 00:25:39,173 - EarlyStopping counter: 9 out of 10
2025-06-14 00:25:46,590 - {'epoch': 44, 'rec_loss': '4.4693'}
2025-06-14 00:25:50,916 - {'Epoch': 44, 'HR@5': '0.1713', 'NDCG@5': '0.1125', 'HR@10': '0.2640', 'NDCG@10': '0.1423', 'HR@20': '0.3630', 'NDCG@20': '0.1673'}
2025-06-14 00:25:50,918 - EarlyStopping counter: 10 out of 10
2025-06-14 00:25:50,918 - Early stopping
2025-06-14 00:25:50,918 - ---------------Validation Score---------------
2025-06-14 00:25:55,311 - {'Epoch': 0, 'HR@5': '0.1762', 'NDCG@5': '0.1163', 'HR@10': '0.2650', 'NDCG@10': '0.1449', 'HR@20': '0.3644', 'NDCG@20': '0.1700'}
2025-06-14 00:25:55,313 - BSARec_Diginetica
2025-06-14 00:25:55,313 - {'Epoch': 0, 'HR@5': '0.1762', 'NDCG@5': '0.1163', 'HR@10': '0.2650', 'NDCG@10': '0.1449', 'HR@20': '0.3644', 'NDCG@20': '0.1700'}
