2025-06-13 22:58:12,404 - Namespace(data_dir='data/self_processed/', output_dir='hparam_search/', data_name='Diginetica', train_name='BSARec_Diginetica', num_items=10, num_users=14829, lr=0.001, batch_size=256, epochs=200, no_cuda=False, log_freq=1, patience=10, num_workers=4, seed=42, weight_decay=0.0, adam_beta1=0.9, adam_beta2=0.999, gpu_id='0', variance=5, model_type='BSARec', max_seq_length=50, hidden_size=64, num_hidden_layers=2, hidden_act='gelu', num_attention_heads=1, attention_probs_dropout_prob=0.5, hidden_dropout_prob=0.5, initializer_range=0.02, c=9, alpha=0.9, cuda_condition=True, data_file='data/self_processed/Diginetica.txt', item_size=9441, checkpoint_path=PosixPath('/gpfs/home3/scur2771/BSARec/BSARec/src/hparam_search/BSARec_Diginetica/12367757_25/model.pt'), same_target_path='data/self_processed/Diginetica_same_target.npy')
2025-06-13 22:58:12,421 - BSARecModel(
  (item_embeddings): Embedding(9441, 64, padding_idx=0)
  (position_embeddings): Embedding(50, 64)
  (LayerNorm): LayerNorm()
  (dropout): Dropout(p=0.5, inplace=False)
  (item_encoder): BSARecEncoder(
    (blocks): ModuleList(
      (0): BSARecBlock(
        (layer): BSARecLayer(
          (filter_layer): FrequencyLayer(
            (out_dropout): Dropout(p=0.5, inplace=False)
            (LayerNorm): LayerNorm()
          )
          (attention_layer): MultiHeadAttention(
            (query): Linear(in_features=64, out_features=64, bias=True)
            (key): Linear(in_features=64, out_features=64, bias=True)
            (value): Linear(in_features=64, out_features=64, bias=True)
            (softmax): Softmax(dim=-1)
            (attn_dropout): Dropout(p=0.5, inplace=False)
            (dense): Linear(in_features=64, out_features=64, bias=True)
            (LayerNorm): LayerNorm((64,), eps=1e-12, elementwise_affine=True)
            (out_dropout): Dropout(p=0.5, inplace=False)
          )
        )
        (feed_forward): FeedForward(
          (dense_1): Linear(in_features=64, out_features=256, bias=True)
          (dense_2): Linear(in_features=256, out_features=64, bias=True)
          (LayerNorm): LayerNorm()
          (dropout): Dropout(p=0.5, inplace=False)
        )
      )
      (1): BSARecBlock(
        (layer): BSARecLayer(
          (filter_layer): FrequencyLayer(
            (out_dropout): Dropout(p=0.5, inplace=False)
            (LayerNorm): LayerNorm()
          )
          (attention_layer): MultiHeadAttention(
            (query): Linear(in_features=64, out_features=64, bias=True)
            (key): Linear(in_features=64, out_features=64, bias=True)
            (value): Linear(in_features=64, out_features=64, bias=True)
            (softmax): Softmax(dim=-1)
            (attn_dropout): Dropout(p=0.5, inplace=False)
            (dense): Linear(in_features=64, out_features=64, bias=True)
            (LayerNorm): LayerNorm((64,), eps=1e-12, elementwise_affine=True)
            (out_dropout): Dropout(p=0.5, inplace=False)
          )
        )
        (feed_forward): FeedForward(
          (dense_1): Linear(in_features=64, out_features=256, bias=True)
          (dense_2): Linear(in_features=256, out_features=64, bias=True)
          (LayerNorm): LayerNorm()
          (dropout): Dropout(p=0.5, inplace=False)
        )
      )
    )
  )
)
2025-06-13 22:58:14,571 - Total Parameters: 707904
2025-06-13 22:58:23,098 - {'epoch': 0, 'rec_loss': '8.7372'}
2025-06-13 22:58:27,226 - {'Epoch': 0, 'HR@5': '0.0152', 'NDCG@5': '0.0103', 'HR@10': '0.0222', 'NDCG@10': '0.0126', 'HR@20': '0.0339', 'NDCG@20': '0.0155'}
2025-06-13 22:58:27,227 - Validation score increased.  Saving model ...
2025-06-13 22:58:34,819 - {'epoch': 1, 'rec_loss': '7.8006'}
2025-06-13 22:58:39,094 - {'Epoch': 1, 'HR@5': '0.0868', 'NDCG@5': '0.0571', 'HR@10': '0.1327', 'NDCG@10': '0.0720', 'HR@20': '0.1852', 'NDCG@20': '0.0852'}
2025-06-13 22:58:39,096 - Validation score increased.  Saving model ...
2025-06-13 22:58:46,684 - {'epoch': 2, 'rec_loss': '6.5016'}
2025-06-13 22:58:50,995 - {'Epoch': 2, 'HR@5': '0.1264', 'NDCG@5': '0.0829', 'HR@10': '0.1925', 'NDCG@10': '0.1042', 'HR@20': '0.2674', 'NDCG@20': '0.1231'}
2025-06-13 22:58:50,997 - Validation score increased.  Saving model ...
2025-06-13 22:58:58,590 - {'epoch': 3, 'rec_loss': '5.6781'}
2025-06-13 22:59:02,942 - {'Epoch': 3, 'HR@5': '0.1456', 'NDCG@5': '0.0960', 'HR@10': '0.2227', 'NDCG@10': '0.1208', 'HR@20': '0.3117', 'NDCG@20': '0.1432'}
2025-06-13 22:59:02,945 - Validation score increased.  Saving model ...
2025-06-13 22:59:10,536 - {'epoch': 4, 'rec_loss': '5.2796'}
2025-06-13 22:59:14,894 - {'Epoch': 4, 'HR@5': '0.1593', 'NDCG@5': '0.1036', 'HR@10': '0.2395', 'NDCG@10': '0.1294', 'HR@20': '0.3338', 'NDCG@20': '0.1531'}
2025-06-13 22:59:14,895 - Validation score increased.  Saving model ...
2025-06-13 22:59:22,354 - {'epoch': 5, 'rec_loss': '5.0883'}
2025-06-13 22:59:26,717 - {'Epoch': 5, 'HR@5': '0.1624', 'NDCG@5': '0.1060', 'HR@10': '0.2478', 'NDCG@10': '0.1334', 'HR@20': '0.3437', 'NDCG@20': '0.1576'}
2025-06-13 22:59:26,718 - Validation score increased.  Saving model ...
2025-06-13 22:59:34,279 - {'epoch': 6, 'rec_loss': '4.9824'}
2025-06-13 22:59:38,628 - {'Epoch': 6, 'HR@5': '0.1685', 'NDCG@5': '0.1102', 'HR@10': '0.2513', 'NDCG@10': '0.1370', 'HR@20': '0.3475', 'NDCG@20': '0.1613'}
2025-06-13 22:59:38,628 - Validation score increased.  Saving model ...
2025-06-13 22:59:46,060 - {'epoch': 7, 'rec_loss': '4.9156'}
2025-06-13 22:59:50,559 - {'Epoch': 7, 'HR@5': '0.1649', 'NDCG@5': '0.1085', 'HR@10': '0.2551', 'NDCG@10': '0.1376', 'HR@20': '0.3524', 'NDCG@20': '0.1622'}
2025-06-13 22:59:50,564 - Validation score increased.  Saving model ...
2025-06-13 22:59:58,080 - {'epoch': 8, 'rec_loss': '4.8647'}
2025-06-13 23:00:02,388 - {'Epoch': 8, 'HR@5': '0.1679', 'NDCG@5': '0.1101', 'HR@10': '0.2556', 'NDCG@10': '0.1383', 'HR@20': '0.3559', 'NDCG@20': '0.1637'}
2025-06-13 23:00:02,390 - Validation score increased.  Saving model ...
2025-06-13 23:00:09,758 - {'epoch': 9, 'rec_loss': '4.8243'}
2025-06-13 23:00:14,130 - {'Epoch': 9, 'HR@5': '0.1699', 'NDCG@5': '0.1103', 'HR@10': '0.2538', 'NDCG@10': '0.1373', 'HR@20': '0.3566', 'NDCG@20': '0.1633'}
2025-06-13 23:00:14,131 - EarlyStopping counter: 1 out of 10
2025-06-13 23:00:21,620 - {'epoch': 10, 'rec_loss': '4.7963'}
2025-06-13 23:00:25,967 - {'Epoch': 10, 'HR@5': '0.1681', 'NDCG@5': '0.1103', 'HR@10': '0.2581', 'NDCG@10': '0.1393', 'HR@20': '0.3580', 'NDCG@20': '0.1647'}
2025-06-13 23:00:25,968 - Validation score increased.  Saving model ...
2025-06-13 23:00:33,507 - {'epoch': 11, 'rec_loss': '4.7644'}
2025-06-13 23:00:37,845 - {'Epoch': 11, 'HR@5': '0.1703', 'NDCG@5': '0.1115', 'HR@10': '0.2579', 'NDCG@10': '0.1396', 'HR@20': '0.3599', 'NDCG@20': '0.1655'}
2025-06-13 23:00:37,848 - Validation score increased.  Saving model ...
2025-06-13 23:00:45,323 - {'epoch': 12, 'rec_loss': '4.7429'}
2025-06-13 23:00:49,633 - {'Epoch': 12, 'HR@5': '0.1726', 'NDCG@5': '0.1119', 'HR@10': '0.2570', 'NDCG@10': '0.1391', 'HR@20': '0.3618', 'NDCG@20': '0.1656'}
2025-06-13 23:00:49,635 - Validation score increased.  Saving model ...
2025-06-13 23:00:57,122 - {'epoch': 13, 'rec_loss': '4.7242'}
2025-06-13 23:01:01,426 - {'Epoch': 13, 'HR@5': '0.1697', 'NDCG@5': '0.1118', 'HR@10': '0.2591', 'NDCG@10': '0.1405', 'HR@20': '0.3620', 'NDCG@20': '0.1666'}
2025-06-13 23:01:01,428 - Validation score increased.  Saving model ...
2025-06-13 23:01:08,968 - {'epoch': 14, 'rec_loss': '4.7009'}
2025-06-13 23:01:13,289 - {'Epoch': 14, 'HR@5': '0.1697', 'NDCG@5': '0.1112', 'HR@10': '0.2584', 'NDCG@10': '0.1399', 'HR@20': '0.3613', 'NDCG@20': '0.1659'}
2025-06-13 23:01:13,292 - EarlyStopping counter: 1 out of 10
2025-06-13 23:01:20,777 - {'epoch': 15, 'rec_loss': '4.6919'}
2025-06-13 23:01:25,048 - {'Epoch': 15, 'HR@5': '0.1676', 'NDCG@5': '0.1108', 'HR@10': '0.2596', 'NDCG@10': '0.1404', 'HR@20': '0.3637', 'NDCG@20': '0.1667'}
2025-06-13 23:01:25,049 - Validation score increased.  Saving model ...
2025-06-13 23:01:32,433 - {'epoch': 16, 'rec_loss': '4.6708'}
2025-06-13 23:01:36,798 - {'Epoch': 16, 'HR@5': '0.1687', 'NDCG@5': '0.1099', 'HR@10': '0.2602', 'NDCG@10': '0.1394', 'HR@20': '0.3586', 'NDCG@20': '0.1642'}
2025-06-13 23:01:36,800 - EarlyStopping counter: 1 out of 10
2025-06-13 23:01:44,365 - {'epoch': 17, 'rec_loss': '4.6557'}
2025-06-13 23:01:48,679 - {'Epoch': 17, 'HR@5': '0.1691', 'NDCG@5': '0.1102', 'HR@10': '0.2592', 'NDCG@10': '0.1393', 'HR@20': '0.3585', 'NDCG@20': '0.1645'}
2025-06-13 23:01:48,680 - EarlyStopping counter: 2 out of 10
2025-06-13 23:01:56,151 - {'epoch': 18, 'rec_loss': '4.6404'}
2025-06-13 23:02:00,524 - {'Epoch': 18, 'HR@5': '0.1732', 'NDCG@5': '0.1126', 'HR@10': '0.2592', 'NDCG@10': '0.1403', 'HR@20': '0.3579', 'NDCG@20': '0.1653'}
2025-06-13 23:02:00,525 - EarlyStopping counter: 3 out of 10
2025-06-13 23:02:08,105 - {'epoch': 19, 'rec_loss': '4.6317'}
2025-06-13 23:02:12,465 - {'Epoch': 19, 'HR@5': '0.1698', 'NDCG@5': '0.1100', 'HR@10': '0.2600', 'NDCG@10': '0.1390', 'HR@20': '0.3582', 'NDCG@20': '0.1639'}
2025-06-13 23:02:12,467 - EarlyStopping counter: 4 out of 10
2025-06-13 23:02:19,990 - {'epoch': 20, 'rec_loss': '4.6192'}
2025-06-13 23:02:24,364 - {'Epoch': 20, 'HR@5': '0.1728', 'NDCG@5': '0.1118', 'HR@10': '0.2589', 'NDCG@10': '0.1396', 'HR@20': '0.3625', 'NDCG@20': '0.1658'}
2025-06-13 23:02:24,366 - EarlyStopping counter: 5 out of 10
2025-06-13 23:02:31,835 - {'epoch': 21, 'rec_loss': '4.6102'}
2025-06-13 23:02:36,126 - {'Epoch': 21, 'HR@5': '0.1711', 'NDCG@5': '0.1118', 'HR@10': '0.2603', 'NDCG@10': '0.1405', 'HR@20': '0.3612', 'NDCG@20': '0.1659'}
2025-06-13 23:02:36,127 - EarlyStopping counter: 6 out of 10
2025-06-13 23:02:43,655 - {'epoch': 22, 'rec_loss': '4.5991'}
2025-06-13 23:02:48,126 - {'Epoch': 22, 'HR@5': '0.1721', 'NDCG@5': '0.1126', 'HR@10': '0.2580', 'NDCG@10': '0.1403', 'HR@20': '0.3600', 'NDCG@20': '0.1661'}
2025-06-13 23:02:48,131 - EarlyStopping counter: 7 out of 10
2025-06-13 23:02:55,649 - {'epoch': 23, 'rec_loss': '4.5865'}
2025-06-13 23:03:00,031 - {'Epoch': 23, 'HR@5': '0.1695', 'NDCG@5': '0.1103', 'HR@10': '0.2587', 'NDCG@10': '0.1390', 'HR@20': '0.3580', 'NDCG@20': '0.1641'}
2025-06-13 23:03:00,033 - EarlyStopping counter: 8 out of 10
2025-06-13 23:03:07,529 - {'epoch': 24, 'rec_loss': '4.5813'}
2025-06-13 23:03:11,866 - {'Epoch': 24, 'HR@5': '0.1721', 'NDCG@5': '0.1111', 'HR@10': '0.2577', 'NDCG@10': '0.1386', 'HR@20': '0.3577', 'NDCG@20': '0.1639'}
2025-06-13 23:03:11,868 - EarlyStopping counter: 9 out of 10
2025-06-13 23:03:19,337 - {'epoch': 25, 'rec_loss': '4.5677'}
2025-06-13 23:03:23,686 - {'Epoch': 25, 'HR@5': '0.1737', 'NDCG@5': '0.1139', 'HR@10': '0.2578', 'NDCG@10': '0.1411', 'HR@20': '0.3595', 'NDCG@20': '0.1667'}
2025-06-13 23:03:23,689 - Validation score increased.  Saving model ...
2025-06-13 23:03:31,253 - {'epoch': 26, 'rec_loss': '4.5634'}
2025-06-13 23:03:35,647 - {'Epoch': 26, 'HR@5': '0.1706', 'NDCG@5': '0.1120', 'HR@10': '0.2595', 'NDCG@10': '0.1407', 'HR@20': '0.3576', 'NDCG@20': '0.1655'}
2025-06-13 23:03:35,649 - EarlyStopping counter: 1 out of 10
2025-06-13 23:03:43,124 - {'epoch': 27, 'rec_loss': '4.5540'}
2025-06-13 23:03:47,477 - {'Epoch': 27, 'HR@5': '0.1696', 'NDCG@5': '0.1117', 'HR@10': '0.2598', 'NDCG@10': '0.1408', 'HR@20': '0.3609', 'NDCG@20': '0.1663'}
2025-06-13 23:03:47,478 - EarlyStopping counter: 2 out of 10
2025-06-13 23:03:54,982 - {'epoch': 28, 'rec_loss': '4.5387'}
2025-06-13 23:03:59,338 - {'Epoch': 28, 'HR@5': '0.1737', 'NDCG@5': '0.1137', 'HR@10': '0.2593', 'NDCG@10': '0.1412', 'HR@20': '0.3586', 'NDCG@20': '0.1663'}
2025-06-13 23:03:59,340 - EarlyStopping counter: 3 out of 10
2025-06-13 23:04:06,914 - {'epoch': 29, 'rec_loss': '4.5336'}
2025-06-13 23:04:11,296 - {'Epoch': 29, 'HR@5': '0.1676', 'NDCG@5': '0.1098', 'HR@10': '0.2555', 'NDCG@10': '0.1381', 'HR@20': '0.3555', 'NDCG@20': '0.1633'}
2025-06-13 23:04:11,297 - EarlyStopping counter: 4 out of 10
2025-06-13 23:04:18,799 - {'epoch': 30, 'rec_loss': '4.5294'}
2025-06-13 23:04:23,257 - {'Epoch': 30, 'HR@5': '0.1682', 'NDCG@5': '0.1105', 'HR@10': '0.2574', 'NDCG@10': '0.1392', 'HR@20': '0.3573', 'NDCG@20': '0.1645'}
2025-06-13 23:04:23,258 - EarlyStopping counter: 5 out of 10
2025-06-13 23:04:30,704 - {'epoch': 31, 'rec_loss': '4.5224'}
2025-06-13 23:04:35,088 - {'Epoch': 31, 'HR@5': '0.1699', 'NDCG@5': '0.1113', 'HR@10': '0.2563', 'NDCG@10': '0.1393', 'HR@20': '0.3583', 'NDCG@20': '0.1651'}
2025-06-13 23:04:35,089 - EarlyStopping counter: 6 out of 10
2025-06-13 23:04:42,577 - {'epoch': 32, 'rec_loss': '4.5187'}
2025-06-13 23:04:46,955 - {'Epoch': 32, 'HR@5': '0.1691', 'NDCG@5': '0.1101', 'HR@10': '0.2608', 'NDCG@10': '0.1395', 'HR@20': '0.3584', 'NDCG@20': '0.1642'}
2025-06-13 23:04:46,956 - EarlyStopping counter: 7 out of 10
2025-06-13 23:04:54,463 - {'epoch': 33, 'rec_loss': '4.5085'}
2025-06-13 23:04:58,993 - {'Epoch': 33, 'HR@5': '0.1699', 'NDCG@5': '0.1104', 'HR@10': '0.2573', 'NDCG@10': '0.1385', 'HR@20': '0.3588', 'NDCG@20': '0.1642'}
2025-06-13 23:04:58,995 - EarlyStopping counter: 8 out of 10
2025-06-13 23:05:06,539 - {'epoch': 34, 'rec_loss': '4.5047'}
2025-06-13 23:05:10,932 - {'Epoch': 34, 'HR@5': '0.1715', 'NDCG@5': '0.1110', 'HR@10': '0.2577', 'NDCG@10': '0.1388', 'HR@20': '0.3597', 'NDCG@20': '0.1646'}
2025-06-13 23:05:10,933 - EarlyStopping counter: 9 out of 10
2025-06-13 23:05:18,484 - {'epoch': 35, 'rec_loss': '4.5003'}
2025-06-13 23:05:22,863 - {'Epoch': 35, 'HR@5': '0.1681', 'NDCG@5': '0.1098', 'HR@10': '0.2589', 'NDCG@10': '0.1391', 'HR@20': '0.3560', 'NDCG@20': '0.1637'}
2025-06-13 23:05:22,864 - EarlyStopping counter: 10 out of 10
2025-06-13 23:05:22,864 - Early stopping
2025-06-13 23:05:22,864 - ---------------Validation Score---------------
2025-06-13 23:05:27,203 - {'Epoch': 0, 'HR@5': '0.1737', 'NDCG@5': '0.1139', 'HR@10': '0.2578', 'NDCG@10': '0.1411', 'HR@20': '0.3595', 'NDCG@20': '0.1667'}
2025-06-13 23:05:27,205 - BSARec_Diginetica
2025-06-13 23:05:27,205 - {'Epoch': 0, 'HR@5': '0.1737', 'NDCG@5': '0.1139', 'HR@10': '0.2578', 'NDCG@10': '0.1411', 'HR@20': '0.3595', 'NDCG@20': '0.1667'}
