2025-06-13 23:46:50,798 - Namespace(data_dir='data/self_processed/', output_dir='hparam_search/', data_name='Diginetica', train_name='BSARec_Diginetica', num_items=10, num_users=14829, lr=0.001, batch_size=256, epochs=200, no_cuda=False, log_freq=1, patience=10, num_workers=4, seed=42, weight_decay=0.0, adam_beta1=0.9, adam_beta2=0.999, gpu_id='0', variance=5, model_type='BSARec', max_seq_length=50, hidden_size=64, num_hidden_layers=2, hidden_act='gelu', num_attention_heads=4, attention_probs_dropout_prob=0.5, hidden_dropout_prob=0.5, initializer_range=0.02, c=9, alpha=0.5, cuda_condition=True, data_file='data/self_processed/Diginetica.txt', item_size=9441, checkpoint_path=PosixPath('/gpfs/home3/scur2771/BSARec/BSARec/src/hparam_search/BSARec_Diginetica/12367757_73/model.pt'), same_target_path='data/self_processed/Diginetica_same_target.npy')
2025-06-13 23:46:50,816 - BSARecModel(
  (item_embeddings): Embedding(9441, 64, padding_idx=0)
  (position_embeddings): Embedding(50, 64)
  (LayerNorm): LayerNorm()
  (dropout): Dropout(p=0.5, inplace=False)
  (item_encoder): BSARecEncoder(
    (blocks): ModuleList(
      (0): BSARecBlock(
        (layer): BSARecLayer(
          (filter_layer): FrequencyLayer(
            (out_dropout): Dropout(p=0.5, inplace=False)
            (LayerNorm): LayerNorm()
          )
          (attention_layer): MultiHeadAttention(
            (query): Linear(in_features=64, out_features=64, bias=True)
            (key): Linear(in_features=64, out_features=64, bias=True)
            (value): Linear(in_features=64, out_features=64, bias=True)
            (softmax): Softmax(dim=-1)
            (attn_dropout): Dropout(p=0.5, inplace=False)
            (dense): Linear(in_features=64, out_features=64, bias=True)
            (LayerNorm): LayerNorm((64,), eps=1e-12, elementwise_affine=True)
            (out_dropout): Dropout(p=0.5, inplace=False)
          )
        )
        (feed_forward): FeedForward(
          (dense_1): Linear(in_features=64, out_features=256, bias=True)
          (dense_2): Linear(in_features=256, out_features=64, bias=True)
          (LayerNorm): LayerNorm()
          (dropout): Dropout(p=0.5, inplace=False)
        )
      )
      (1): BSARecBlock(
        (layer): BSARecLayer(
          (filter_layer): FrequencyLayer(
            (out_dropout): Dropout(p=0.5, inplace=False)
            (LayerNorm): LayerNorm()
          )
          (attention_layer): MultiHeadAttention(
            (query): Linear(in_features=64, out_features=64, bias=True)
            (key): Linear(in_features=64, out_features=64, bias=True)
            (value): Linear(in_features=64, out_features=64, bias=True)
            (softmax): Softmax(dim=-1)
            (attn_dropout): Dropout(p=0.5, inplace=False)
            (dense): Linear(in_features=64, out_features=64, bias=True)
            (LayerNorm): LayerNorm((64,), eps=1e-12, elementwise_affine=True)
            (out_dropout): Dropout(p=0.5, inplace=False)
          )
        )
        (feed_forward): FeedForward(
          (dense_1): Linear(in_features=64, out_features=256, bias=True)
          (dense_2): Linear(in_features=256, out_features=64, bias=True)
          (LayerNorm): LayerNorm()
          (dropout): Dropout(p=0.5, inplace=False)
        )
      )
    )
  )
)
2025-06-13 23:46:52,996 - Total Parameters: 707904
2025-06-13 23:47:01,683 - {'epoch': 0, 'rec_loss': '8.6740'}
2025-06-13 23:47:06,068 - {'Epoch': 0, 'HR@5': '0.0320', 'NDCG@5': '0.0220', 'HR@10': '0.0451', 'NDCG@10': '0.0262', 'HR@20': '0.0662', 'NDCG@20': '0.0315'}
2025-06-13 23:47:06,069 - Validation score increased.  Saving model ...
2025-06-13 23:47:13,590 - {'epoch': 1, 'rec_loss': '7.5240'}
2025-06-13 23:47:18,042 - {'Epoch': 1, 'HR@5': '0.1006', 'NDCG@5': '0.0664', 'HR@10': '0.1500', 'NDCG@10': '0.0823', 'HR@20': '0.2121', 'NDCG@20': '0.0979'}
2025-06-13 23:47:18,044 - Validation score increased.  Saving model ...
2025-06-13 23:47:25,682 - {'epoch': 2, 'rec_loss': '6.2542'}
2025-06-13 23:47:30,081 - {'Epoch': 2, 'HR@5': '0.1324', 'NDCG@5': '0.0873', 'HR@10': '0.1987', 'NDCG@10': '0.1087', 'HR@20': '0.2822', 'NDCG@20': '0.1298'}
2025-06-13 23:47:30,083 - Validation score increased.  Saving model ...
2025-06-13 23:47:37,719 - {'epoch': 3, 'rec_loss': '5.5387'}
2025-06-13 23:47:42,111 - {'Epoch': 3, 'HR@5': '0.1524', 'NDCG@5': '0.0997', 'HR@10': '0.2286', 'NDCG@10': '0.1242', 'HR@20': '0.3216', 'NDCG@20': '0.1477'}
2025-06-13 23:47:42,112 - Validation score increased.  Saving model ...
2025-06-13 23:47:49,848 - {'epoch': 4, 'rec_loss': '5.1871'}
2025-06-13 23:47:54,342 - {'Epoch': 4, 'HR@5': '0.1594', 'NDCG@5': '0.1043', 'HR@10': '0.2435', 'NDCG@10': '0.1313', 'HR@20': '0.3388', 'NDCG@20': '0.1554'}
2025-06-13 23:47:54,343 - Validation score increased.  Saving model ...
2025-06-13 23:48:01,961 - {'epoch': 5, 'rec_loss': '5.0171'}
2025-06-13 23:48:06,402 - {'Epoch': 5, 'HR@5': '0.1663', 'NDCG@5': '0.1097', 'HR@10': '0.2476', 'NDCG@10': '0.1359', 'HR@20': '0.3452', 'NDCG@20': '0.1605'}
2025-06-13 23:48:06,403 - Validation score increased.  Saving model ...
2025-06-13 23:48:13,994 - {'epoch': 6, 'rec_loss': '4.9260'}
2025-06-13 23:48:18,513 - {'Epoch': 6, 'HR@5': '0.1675', 'NDCG@5': '0.1099', 'HR@10': '0.2540', 'NDCG@10': '0.1378', 'HR@20': '0.3497', 'NDCG@20': '0.1620'}
2025-06-13 23:48:18,515 - Validation score increased.  Saving model ...
2025-06-13 23:48:26,123 - {'epoch': 7, 'rec_loss': '4.8652'}
2025-06-13 23:48:30,554 - {'Epoch': 7, 'HR@5': '0.1673', 'NDCG@5': '0.1094', 'HR@10': '0.2503', 'NDCG@10': '0.1363', 'HR@20': '0.3545', 'NDCG@20': '0.1627'}
2025-06-13 23:48:30,556 - Validation score increased.  Saving model ...
2025-06-13 23:48:38,171 - {'epoch': 8, 'rec_loss': '4.8187'}
2025-06-13 23:48:42,647 - {'Epoch': 8, 'HR@5': '0.1693', 'NDCG@5': '0.1101', 'HR@10': '0.2563', 'NDCG@10': '0.1381', 'HR@20': '0.3582', 'NDCG@20': '0.1639'}
2025-06-13 23:48:42,649 - Validation score increased.  Saving model ...
2025-06-13 23:48:50,258 - {'epoch': 9, 'rec_loss': '4.7818'}
2025-06-13 23:48:54,811 - {'Epoch': 9, 'HR@5': '0.1683', 'NDCG@5': '0.1103', 'HR@10': '0.2532', 'NDCG@10': '0.1377', 'HR@20': '0.3570', 'NDCG@20': '0.1640'}
2025-06-13 23:48:54,812 - Validation score increased.  Saving model ...
2025-06-13 23:49:02,392 - {'epoch': 10, 'rec_loss': '4.7546'}
2025-06-13 23:49:06,997 - {'Epoch': 10, 'HR@5': '0.1692', 'NDCG@5': '0.1116', 'HR@10': '0.2567', 'NDCG@10': '0.1398', 'HR@20': '0.3591', 'NDCG@20': '0.1657'}
2025-06-13 23:49:06,999 - Validation score increased.  Saving model ...
2025-06-13 23:49:14,663 - {'epoch': 11, 'rec_loss': '4.7330'}
2025-06-13 23:49:19,161 - {'Epoch': 11, 'HR@5': '0.1701', 'NDCG@5': '0.1119', 'HR@10': '0.2586', 'NDCG@10': '0.1405', 'HR@20': '0.3588', 'NDCG@20': '0.1658'}
2025-06-13 23:49:19,162 - Validation score increased.  Saving model ...
2025-06-13 23:49:26,719 - {'epoch': 12, 'rec_loss': '4.7121'}
2025-06-13 23:49:31,118 - {'Epoch': 12, 'HR@5': '0.1695', 'NDCG@5': '0.1113', 'HR@10': '0.2570', 'NDCG@10': '0.1395', 'HR@20': '0.3623', 'NDCG@20': '0.1661'}
2025-06-13 23:49:31,119 - Validation score increased.  Saving model ...
2025-06-13 23:49:38,772 - {'epoch': 13, 'rec_loss': '4.6947'}
2025-06-13 23:49:43,294 - {'Epoch': 13, 'HR@5': '0.1712', 'NDCG@5': '0.1132', 'HR@10': '0.2587', 'NDCG@10': '0.1414', 'HR@20': '0.3611', 'NDCG@20': '0.1672'}
2025-06-13 23:49:43,296 - Validation score increased.  Saving model ...
2025-06-13 23:49:50,849 - {'epoch': 14, 'rec_loss': '4.6730'}
2025-06-13 23:49:55,294 - {'Epoch': 14, 'HR@5': '0.1715', 'NDCG@5': '0.1123', 'HR@10': '0.2569', 'NDCG@10': '0.1398', 'HR@20': '0.3620', 'NDCG@20': '0.1663'}
2025-06-13 23:49:55,296 - EarlyStopping counter: 1 out of 10
2025-06-13 23:50:02,881 - {'epoch': 15, 'rec_loss': '4.6635'}
2025-06-13 23:50:07,332 - {'Epoch': 15, 'HR@5': '0.1698', 'NDCG@5': '0.1126', 'HR@10': '0.2565', 'NDCG@10': '0.1406', 'HR@20': '0.3602', 'NDCG@20': '0.1668'}
2025-06-13 23:50:07,332 - EarlyStopping counter: 2 out of 10
2025-06-13 23:50:14,836 - {'epoch': 16, 'rec_loss': '4.6497'}
2025-06-13 23:50:19,463 - {'Epoch': 16, 'HR@5': '0.1678', 'NDCG@5': '0.1104', 'HR@10': '0.2565', 'NDCG@10': '0.1391', 'HR@20': '0.3638', 'NDCG@20': '0.1661'}
2025-06-13 23:50:19,464 - EarlyStopping counter: 3 out of 10
2025-06-13 23:50:26,988 - {'epoch': 17, 'rec_loss': '4.6419'}
2025-06-13 23:50:31,541 - {'Epoch': 17, 'HR@5': '0.1735', 'NDCG@5': '0.1127', 'HR@10': '0.2573', 'NDCG@10': '0.1396', 'HR@20': '0.3599', 'NDCG@20': '0.1655'}
2025-06-13 23:50:31,542 - EarlyStopping counter: 4 out of 10
2025-06-13 23:50:39,048 - {'epoch': 18, 'rec_loss': '4.6297'}
2025-06-13 23:50:43,461 - {'Epoch': 18, 'HR@5': '0.1700', 'NDCG@5': '0.1121', 'HR@10': '0.2570', 'NDCG@10': '0.1402', 'HR@20': '0.3572', 'NDCG@20': '0.1656'}
2025-06-13 23:50:43,463 - EarlyStopping counter: 5 out of 10
2025-06-13 23:50:50,999 - {'epoch': 19, 'rec_loss': '4.6129'}
2025-06-13 23:50:55,504 - {'Epoch': 19, 'HR@5': '0.1731', 'NDCG@5': '0.1126', 'HR@10': '0.2585', 'NDCG@10': '0.1401', 'HR@20': '0.3606', 'NDCG@20': '0.1660'}
2025-06-13 23:50:55,506 - EarlyStopping counter: 6 out of 10
2025-06-13 23:51:03,092 - {'epoch': 20, 'rec_loss': '4.6074'}
2025-06-13 23:51:07,527 - {'Epoch': 20, 'HR@5': '0.1739', 'NDCG@5': '0.1125', 'HR@10': '0.2585', 'NDCG@10': '0.1398', 'HR@20': '0.3648', 'NDCG@20': '0.1666'}
2025-06-13 23:51:07,529 - EarlyStopping counter: 7 out of 10
2025-06-13 23:51:15,153 - {'epoch': 21, 'rec_loss': '4.5997'}
2025-06-13 23:51:19,651 - {'Epoch': 21, 'HR@5': '0.1719', 'NDCG@5': '0.1117', 'HR@10': '0.2587', 'NDCG@10': '0.1396', 'HR@20': '0.3607', 'NDCG@20': '0.1654'}
2025-06-13 23:51:19,653 - EarlyStopping counter: 8 out of 10
2025-06-13 23:51:27,199 - {'epoch': 22, 'rec_loss': '4.5869'}
2025-06-13 23:51:31,679 - {'Epoch': 22, 'HR@5': '0.1725', 'NDCG@5': '0.1130', 'HR@10': '0.2603', 'NDCG@10': '0.1413', 'HR@20': '0.3646', 'NDCG@20': '0.1676'}
2025-06-13 23:51:31,680 - Validation score increased.  Saving model ...
2025-06-13 23:51:39,237 - {'epoch': 23, 'rec_loss': '4.5798'}
2025-06-13 23:51:43,711 - {'Epoch': 23, 'HR@5': '0.1724', 'NDCG@5': '0.1114', 'HR@10': '0.2563', 'NDCG@10': '0.1384', 'HR@20': '0.3601', 'NDCG@20': '0.1646'}
2025-06-13 23:51:43,712 - EarlyStopping counter: 1 out of 10
2025-06-13 23:51:51,296 - {'epoch': 24, 'rec_loss': '4.5739'}
2025-06-13 23:51:55,768 - {'Epoch': 24, 'HR@5': '0.1731', 'NDCG@5': '0.1132', 'HR@10': '0.2589', 'NDCG@10': '0.1409', 'HR@20': '0.3609', 'NDCG@20': '0.1667'}
2025-06-13 23:51:55,769 - EarlyStopping counter: 2 out of 10
2025-06-13 23:52:03,471 - {'epoch': 25, 'rec_loss': '4.5614'}
2025-06-13 23:52:07,995 - {'Epoch': 25, 'HR@5': '0.1766', 'NDCG@5': '0.1148', 'HR@10': '0.2603', 'NDCG@10': '0.1417', 'HR@20': '0.3603', 'NDCG@20': '0.1670'}
2025-06-13 23:52:07,998 - EarlyStopping counter: 3 out of 10
2025-06-13 23:52:15,617 - {'epoch': 26, 'rec_loss': '4.5616'}
2025-06-13 23:52:20,107 - {'Epoch': 26, 'HR@5': '0.1720', 'NDCG@5': '0.1124', 'HR@10': '0.2612', 'NDCG@10': '0.1413', 'HR@20': '0.3591', 'NDCG@20': '0.1660'}
2025-06-13 23:52:20,109 - EarlyStopping counter: 4 out of 10
2025-06-13 23:52:27,668 - {'epoch': 27, 'rec_loss': '4.5494'}
2025-06-13 23:52:32,141 - {'Epoch': 27, 'HR@5': '0.1739', 'NDCG@5': '0.1141', 'HR@10': '0.2611', 'NDCG@10': '0.1422', 'HR@20': '0.3619', 'NDCG@20': '0.1677'}
2025-06-13 23:52:32,142 - Validation score increased.  Saving model ...
2025-06-13 23:52:39,773 - {'epoch': 28, 'rec_loss': '4.5441'}
2025-06-13 23:52:44,275 - {'Epoch': 28, 'HR@5': '0.1735', 'NDCG@5': '0.1139', 'HR@10': '0.2611', 'NDCG@10': '0.1422', 'HR@20': '0.3626', 'NDCG@20': '0.1679'}
2025-06-13 23:52:44,276 - Validation score increased.  Saving model ...
2025-06-13 23:52:51,885 - {'epoch': 29, 'rec_loss': '4.5383'}
2025-06-13 23:52:56,332 - {'Epoch': 29, 'HR@5': '0.1709', 'NDCG@5': '0.1131', 'HR@10': '0.2562', 'NDCG@10': '0.1406', 'HR@20': '0.3620', 'NDCG@20': '0.1674'}
2025-06-13 23:52:56,334 - EarlyStopping counter: 1 out of 10
2025-06-13 23:53:03,913 - {'epoch': 30, 'rec_loss': '4.5298'}
2025-06-13 23:53:08,342 - {'Epoch': 30, 'HR@5': '0.1724', 'NDCG@5': '0.1129', 'HR@10': '0.2618', 'NDCG@10': '0.1417', 'HR@20': '0.3634', 'NDCG@20': '0.1674'}
2025-06-13 23:53:08,343 - EarlyStopping counter: 2 out of 10
2025-06-13 23:53:15,800 - {'epoch': 31, 'rec_loss': '4.5211'}
2025-06-13 23:53:20,276 - {'Epoch': 31, 'HR@5': '0.1736', 'NDCG@5': '0.1142', 'HR@10': '0.2621', 'NDCG@10': '0.1428', 'HR@20': '0.3618', 'NDCG@20': '0.1680'}
2025-06-13 23:53:20,277 - Validation score increased.  Saving model ...
2025-06-13 23:53:27,813 - {'epoch': 32, 'rec_loss': '4.5190'}
2025-06-13 23:53:32,262 - {'Epoch': 32, 'HR@5': '0.1704', 'NDCG@5': '0.1111', 'HR@10': '0.2600', 'NDCG@10': '0.1400', 'HR@20': '0.3616', 'NDCG@20': '0.1657'}
2025-06-13 23:53:32,266 - EarlyStopping counter: 1 out of 10
2025-06-13 23:53:39,857 - {'epoch': 33, 'rec_loss': '4.5158'}
2025-06-13 23:53:44,316 - {'Epoch': 33, 'HR@5': '0.1725', 'NDCG@5': '0.1124', 'HR@10': '0.2595', 'NDCG@10': '0.1405', 'HR@20': '0.3617', 'NDCG@20': '0.1663'}
2025-06-13 23:53:44,317 - EarlyStopping counter: 2 out of 10
2025-06-13 23:53:51,891 - {'epoch': 34, 'rec_loss': '4.5066'}
2025-06-13 23:53:56,326 - {'Epoch': 34, 'HR@5': '0.1737', 'NDCG@5': '0.1144', 'HR@10': '0.2605', 'NDCG@10': '0.1425', 'HR@20': '0.3610', 'NDCG@20': '0.1679'}
2025-06-13 23:53:56,327 - EarlyStopping counter: 3 out of 10
2025-06-13 23:54:03,924 - {'epoch': 35, 'rec_loss': '4.5010'}
2025-06-13 23:54:08,394 - {'Epoch': 35, 'HR@5': '0.1699', 'NDCG@5': '0.1112', 'HR@10': '0.2627', 'NDCG@10': '0.1410', 'HR@20': '0.3609', 'NDCG@20': '0.1658'}
2025-06-13 23:54:08,398 - EarlyStopping counter: 4 out of 10
2025-06-13 23:54:16,002 - {'epoch': 36, 'rec_loss': '4.4976'}
2025-06-13 23:54:20,485 - {'Epoch': 36, 'HR@5': '0.1723', 'NDCG@5': '0.1130', 'HR@10': '0.2592', 'NDCG@10': '0.1411', 'HR@20': '0.3613', 'NDCG@20': '0.1669'}
2025-06-13 23:54:20,486 - EarlyStopping counter: 5 out of 10
2025-06-13 23:54:27,994 - {'epoch': 37, 'rec_loss': '4.4905'}
2025-06-13 23:54:32,461 - {'Epoch': 37, 'HR@5': '0.1761', 'NDCG@5': '0.1138', 'HR@10': '0.2618', 'NDCG@10': '0.1415', 'HR@20': '0.3617', 'NDCG@20': '0.1667'}
2025-06-13 23:54:32,462 - EarlyStopping counter: 6 out of 10
2025-06-13 23:54:40,175 - {'epoch': 38, 'rec_loss': '4.4842'}
2025-06-13 23:54:44,664 - {'Epoch': 38, 'HR@5': '0.1732', 'NDCG@5': '0.1139', 'HR@10': '0.2591', 'NDCG@10': '0.1415', 'HR@20': '0.3630', 'NDCG@20': '0.1678'}
2025-06-13 23:54:44,665 - EarlyStopping counter: 7 out of 10
2025-06-13 23:54:52,294 - {'epoch': 39, 'rec_loss': '4.4832'}
2025-06-13 23:54:56,739 - {'Epoch': 39, 'HR@5': '0.1721', 'NDCG@5': '0.1121', 'HR@10': '0.2605', 'NDCG@10': '0.1406', 'HR@20': '0.3610', 'NDCG@20': '0.1660'}
2025-06-13 23:54:56,742 - EarlyStopping counter: 8 out of 10
2025-06-13 23:55:04,359 - {'epoch': 40, 'rec_loss': '4.4762'}
2025-06-13 23:55:08,841 - {'Epoch': 40, 'HR@5': '0.1722', 'NDCG@5': '0.1123', 'HR@10': '0.2581', 'NDCG@10': '0.1400', 'HR@20': '0.3620', 'NDCG@20': '0.1662'}
2025-06-13 23:55:08,843 - EarlyStopping counter: 9 out of 10
2025-06-13 23:55:16,410 - {'epoch': 41, 'rec_loss': '4.4701'}
2025-06-13 23:55:20,827 - {'Epoch': 41, 'HR@5': '0.1734', 'NDCG@5': '0.1129', 'HR@10': '0.2594', 'NDCG@10': '0.1406', 'HR@20': '0.3635', 'NDCG@20': '0.1669'}
2025-06-13 23:55:20,829 - EarlyStopping counter: 10 out of 10
2025-06-13 23:55:20,829 - Early stopping
2025-06-13 23:55:20,829 - ---------------Validation Score---------------
2025-06-13 23:55:25,317 - {'Epoch': 0, 'HR@5': '0.1736', 'NDCG@5': '0.1142', 'HR@10': '0.2621', 'NDCG@10': '0.1428', 'HR@20': '0.3618', 'NDCG@20': '0.1680'}
2025-06-13 23:55:25,318 - BSARec_Diginetica
2025-06-13 23:55:25,318 - {'Epoch': 0, 'HR@5': '0.1736', 'NDCG@5': '0.1142', 'HR@10': '0.2621', 'NDCG@10': '0.1428', 'HR@20': '0.3618', 'NDCG@20': '0.1680'}
