2025-06-13 20:16:34,920 - Namespace(data_dir='data/self_processed/', output_dir='hparam_search/', data_name='Diginetica', train_name='DuoRec_Diginetica', num_items=10, num_users=14829, lr=0.001, batch_size=256, epochs=200, no_cuda=False, log_freq=1, patience=10, num_workers=4, seed=42, weight_decay=0.0, adam_beta1=0.9, adam_beta2=0.999, gpu_id='0', variance=5, model_type='DuoRec', max_seq_length=50, hidden_size=64, num_hidden_layers=2, hidden_act='gelu', num_attention_heads=2, attention_probs_dropout_prob=0.5, hidden_dropout_prob=0.5, initializer_range=0.02, tau=1.0, lmd=0.1, lmd_sem=0.1, ssl='us_x', sim='dot', cuda_condition=True, data_file='data/self_processed/Diginetica.txt', item_size=9441, checkpoint_path=PosixPath('/gpfs/home3/scur2771/BSARec/BSARec/src/hparam_search/DuoRec_Diginetica/12364443_2/model.pt'), same_target_path='data/self_processed/Diginetica_same_target.npy')
2025-06-13 20:16:34,946 - DuoRecModel(
  (item_embeddings): Embedding(9441, 64, padding_idx=0)
  (position_embeddings): Embedding(50, 64)
  (LayerNorm): LayerNorm()
  (dropout): Dropout(p=0.5, inplace=False)
  (item_encoder): TransformerEncoder(
    (blocks): ModuleList(
      (0): TransformerBlock(
        (layer): MultiHeadAttention(
          (query): Linear(in_features=64, out_features=64, bias=True)
          (key): Linear(in_features=64, out_features=64, bias=True)
          (value): Linear(in_features=64, out_features=64, bias=True)
          (softmax): Softmax(dim=-1)
          (attn_dropout): Dropout(p=0.5, inplace=False)
          (dense): Linear(in_features=64, out_features=64, bias=True)
          (LayerNorm): LayerNorm((64,), eps=1e-12, elementwise_affine=True)
          (out_dropout): Dropout(p=0.5, inplace=False)
        )
        (feed_forward): FeedForward(
          (dense_1): Linear(in_features=64, out_features=256, bias=True)
          (dense_2): Linear(in_features=256, out_features=64, bias=True)
          (LayerNorm): LayerNorm()
          (dropout): Dropout(p=0.5, inplace=False)
        )
      )
      (1): TransformerBlock(
        (layer): MultiHeadAttention(
          (query): Linear(in_features=64, out_features=64, bias=True)
          (key): Linear(in_features=64, out_features=64, bias=True)
          (value): Linear(in_features=64, out_features=64, bias=True)
          (softmax): Softmax(dim=-1)
          (attn_dropout): Dropout(p=0.5, inplace=False)
          (dense): Linear(in_features=64, out_features=64, bias=True)
          (LayerNorm): LayerNorm((64,), eps=1e-12, elementwise_affine=True)
          (out_dropout): Dropout(p=0.5, inplace=False)
        )
        (feed_forward): FeedForward(
          (dense_1): Linear(in_features=64, out_features=256, bias=True)
          (dense_2): Linear(in_features=256, out_features=64, bias=True)
          (LayerNorm): LayerNorm()
          (dropout): Dropout(p=0.5, inplace=False)
        )
      )
    )
  )
  (aug_nce_fct): CrossEntropyLoss()
)
2025-06-13 20:16:37,219 - Total Parameters: 707520
2025-06-13 20:16:49,096 - {'epoch': 0, 'rec_loss': '9.6714'}
2025-06-13 20:16:53,498 - {'Epoch': 0, 'HR@5': '0.0032', 'NDCG@5': '0.0019', 'HR@10': '0.0055', 'NDCG@10': '0.0026', 'HR@20': '0.0093', 'NDCG@20': '0.0036'}
2025-06-13 20:16:53,500 - Validation score increased.  Saving model ...
2025-06-13 20:17:04,731 - {'epoch': 1, 'rec_loss': '9.3961'}
2025-06-13 20:17:09,076 - {'Epoch': 1, 'HR@5': '0.0040', 'NDCG@5': '0.0024', 'HR@10': '0.0074', 'NDCG@10': '0.0035', 'HR@20': '0.0139', 'NDCG@20': '0.0051'}
2025-06-13 20:17:09,078 - Validation score increased.  Saving model ...
2025-06-13 20:17:20,220 - {'epoch': 2, 'rec_loss': '9.1156'}
2025-06-13 20:17:24,549 - {'Epoch': 2, 'HR@5': '0.0206', 'NDCG@5': '0.0141', 'HR@10': '0.0326', 'NDCG@10': '0.0178', 'HR@20': '0.0493', 'NDCG@20': '0.0221'}
2025-06-13 20:17:24,551 - Validation score increased.  Saving model ...
2025-06-13 20:17:35,922 - {'epoch': 3, 'rec_loss': '8.5893'}
2025-06-13 20:17:40,135 - {'Epoch': 3, 'HR@5': '0.0670', 'NDCG@5': '0.0447', 'HR@10': '0.0999', 'NDCG@10': '0.0553', 'HR@20': '0.1447', 'NDCG@20': '0.0666'}
2025-06-13 20:17:40,137 - Validation score increased.  Saving model ...
2025-06-13 20:17:51,482 - {'epoch': 4, 'rec_loss': '8.0065'}
2025-06-13 20:17:55,728 - {'Epoch': 4, 'HR@5': '0.0904', 'NDCG@5': '0.0584', 'HR@10': '0.1407', 'NDCG@10': '0.0746', 'HR@20': '0.2077', 'NDCG@20': '0.0914'}
2025-06-13 20:17:55,729 - Validation score increased.  Saving model ...
2025-06-13 20:18:07,239 - {'epoch': 5, 'rec_loss': '7.5126'}
2025-06-13 20:18:11,583 - {'Epoch': 5, 'HR@5': '0.1041', 'NDCG@5': '0.0679', 'HR@10': '0.1652', 'NDCG@10': '0.0876', 'HR@20': '0.2416', 'NDCG@20': '0.1069'}
2025-06-13 20:18:11,586 - Validation score increased.  Saving model ...
2025-06-13 20:18:22,978 - {'epoch': 6, 'rec_loss': '7.1366'}
2025-06-13 20:18:27,276 - {'Epoch': 6, 'HR@5': '0.1149', 'NDCG@5': '0.0757', 'HR@10': '0.1794', 'NDCG@10': '0.0965', 'HR@20': '0.2619', 'NDCG@20': '0.1173'}
2025-06-13 20:18:27,278 - Validation score increased.  Saving model ...
2025-06-13 20:18:38,800 - {'epoch': 7, 'rec_loss': '6.8523'}
2025-06-13 20:18:43,135 - {'Epoch': 7, 'HR@5': '0.1252', 'NDCG@5': '0.0819', 'HR@10': '0.1919', 'NDCG@10': '0.1034', 'HR@20': '0.2779', 'NDCG@20': '0.1252'}
2025-06-13 20:18:43,137 - Validation score increased.  Saving model ...
2025-06-13 20:18:54,629 - {'epoch': 8, 'rec_loss': '6.6399'}
2025-06-13 20:18:58,930 - {'Epoch': 8, 'HR@5': '0.1335', 'NDCG@5': '0.0867', 'HR@10': '0.2010', 'NDCG@10': '0.1084', 'HR@20': '0.2895', 'NDCG@20': '0.1307'}
2025-06-13 20:18:58,931 - Validation score increased.  Saving model ...
2025-06-13 20:19:10,434 - {'epoch': 9, 'rec_loss': '6.4616'}
2025-06-13 20:19:14,717 - {'Epoch': 9, 'HR@5': '0.1363', 'NDCG@5': '0.0898', 'HR@10': '0.2097', 'NDCG@10': '0.1136', 'HR@20': '0.2987', 'NDCG@20': '0.1360'}
2025-06-13 20:19:14,718 - Validation score increased.  Saving model ...
2025-06-13 20:19:26,065 - {'epoch': 10, 'rec_loss': '6.3141'}
2025-06-13 20:19:30,433 - {'Epoch': 10, 'HR@5': '0.1434', 'NDCG@5': '0.0941', 'HR@10': '0.2167', 'NDCG@10': '0.1177', 'HR@20': '0.3073', 'NDCG@20': '0.1405'}
2025-06-13 20:19:30,434 - Validation score increased.  Saving model ...
2025-06-13 20:19:41,849 - {'epoch': 11, 'rec_loss': '6.1891'}
2025-06-13 20:19:46,203 - {'Epoch': 11, 'HR@5': '0.1463', 'NDCG@5': '0.0959', 'HR@10': '0.2201', 'NDCG@10': '0.1198', 'HR@20': '0.3167', 'NDCG@20': '0.1442'}
2025-06-13 20:19:46,204 - Validation score increased.  Saving model ...
2025-06-13 20:19:57,590 - {'epoch': 12, 'rec_loss': '6.0868'}
2025-06-13 20:20:01,876 - {'Epoch': 12, 'HR@5': '0.1506', 'NDCG@5': '0.0992', 'HR@10': '0.2248', 'NDCG@10': '0.1230', 'HR@20': '0.3208', 'NDCG@20': '0.1472'}
2025-06-13 20:20:01,877 - Validation score increased.  Saving model ...
2025-06-13 20:20:13,491 - {'epoch': 13, 'rec_loss': '5.9956'}
2025-06-13 20:20:17,848 - {'Epoch': 13, 'HR@5': '0.1539', 'NDCG@5': '0.1009', 'HR@10': '0.2294', 'NDCG@10': '0.1252', 'HR@20': '0.3249', 'NDCG@20': '0.1493'}
2025-06-13 20:20:17,849 - Validation score increased.  Saving model ...
2025-06-13 20:20:29,185 - {'epoch': 14, 'rec_loss': '5.9076'}
2025-06-13 20:20:33,574 - {'Epoch': 14, 'HR@5': '0.1536', 'NDCG@5': '0.1012', 'HR@10': '0.2346', 'NDCG@10': '0.1272', 'HR@20': '0.3309', 'NDCG@20': '0.1516'}
2025-06-13 20:20:33,574 - Validation score increased.  Saving model ...
2025-06-13 20:20:44,955 - {'epoch': 15, 'rec_loss': '5.8514'}
2025-06-13 20:20:49,275 - {'Epoch': 15, 'HR@5': '0.1565', 'NDCG@5': '0.1035', 'HR@10': '0.2375', 'NDCG@10': '0.1295', 'HR@20': '0.3343', 'NDCG@20': '0.1540'}
2025-06-13 20:20:49,277 - Validation score increased.  Saving model ...
2025-06-13 20:21:00,724 - {'epoch': 16, 'rec_loss': '5.7836'}
2025-06-13 20:21:05,109 - {'Epoch': 16, 'HR@5': '0.1586', 'NDCG@5': '0.1041', 'HR@10': '0.2402', 'NDCG@10': '0.1303', 'HR@20': '0.3363', 'NDCG@20': '0.1546'}
2025-06-13 20:21:05,111 - Validation score increased.  Saving model ...
2025-06-13 20:21:16,552 - {'epoch': 17, 'rec_loss': '5.7220'}
2025-06-13 20:21:20,804 - {'Epoch': 17, 'HR@5': '0.1608', 'NDCG@5': '0.1055', 'HR@10': '0.2430', 'NDCG@10': '0.1319', 'HR@20': '0.3392', 'NDCG@20': '0.1563'}
2025-06-13 20:21:20,805 - Validation score increased.  Saving model ...
2025-06-13 20:21:32,261 - {'epoch': 18, 'rec_loss': '5.6693'}
2025-06-13 20:21:36,574 - {'Epoch': 18, 'HR@5': '0.1627', 'NDCG@5': '0.1067', 'HR@10': '0.2431', 'NDCG@10': '0.1325', 'HR@20': '0.3414', 'NDCG@20': '0.1573'}
2025-06-13 20:21:36,576 - Validation score increased.  Saving model ...
2025-06-13 20:21:47,986 - {'epoch': 19, 'rec_loss': '5.6299'}
2025-06-13 20:21:52,364 - {'Epoch': 19, 'HR@5': '0.1621', 'NDCG@5': '0.1073', 'HR@10': '0.2460', 'NDCG@10': '0.1343', 'HR@20': '0.3437', 'NDCG@20': '0.1590'}
2025-06-13 20:21:52,366 - Validation score increased.  Saving model ...
2025-06-13 20:22:03,735 - {'epoch': 20, 'rec_loss': '5.5842'}
2025-06-13 20:22:07,969 - {'Epoch': 20, 'HR@5': '0.1625', 'NDCG@5': '0.1072', 'HR@10': '0.2476', 'NDCG@10': '0.1345', 'HR@20': '0.3435', 'NDCG@20': '0.1587'}
2025-06-13 20:22:07,970 - EarlyStopping counter: 1 out of 10
2025-06-13 20:22:19,416 - {'epoch': 21, 'rec_loss': '5.5424'}
2025-06-13 20:22:23,736 - {'Epoch': 21, 'HR@5': '0.1645', 'NDCG@5': '0.1085', 'HR@10': '0.2485', 'NDCG@10': '0.1355', 'HR@20': '0.3452', 'NDCG@20': '0.1600'}
2025-06-13 20:22:23,738 - Validation score increased.  Saving model ...
2025-06-13 20:22:35,245 - {'epoch': 22, 'rec_loss': '5.5064'}
2025-06-13 20:22:39,555 - {'Epoch': 22, 'HR@5': '0.1650', 'NDCG@5': '0.1085', 'HR@10': '0.2492', 'NDCG@10': '0.1356', 'HR@20': '0.3475', 'NDCG@20': '0.1604'}
2025-06-13 20:22:39,557 - Validation score increased.  Saving model ...
2025-06-13 20:22:51,019 - {'epoch': 23, 'rec_loss': '5.4702'}
2025-06-13 20:22:55,343 - {'Epoch': 23, 'HR@5': '0.1662', 'NDCG@5': '0.1099', 'HR@10': '0.2495', 'NDCG@10': '0.1368', 'HR@20': '0.3482', 'NDCG@20': '0.1617'}
2025-06-13 20:22:55,346 - Validation score increased.  Saving model ...
2025-06-13 20:23:06,799 - {'epoch': 24, 'rec_loss': '5.4406'}
2025-06-13 20:23:11,132 - {'Epoch': 24, 'HR@5': '0.1644', 'NDCG@5': '0.1091', 'HR@10': '0.2501', 'NDCG@10': '0.1368', 'HR@20': '0.3502', 'NDCG@20': '0.1620'}
2025-06-13 20:23:11,135 - Validation score increased.  Saving model ...
2025-06-13 20:23:22,556 - {'epoch': 25, 'rec_loss': '5.4169'}
2025-06-13 20:23:26,847 - {'Epoch': 25, 'HR@5': '0.1647', 'NDCG@5': '0.1093', 'HR@10': '0.2520', 'NDCG@10': '0.1375', 'HR@20': '0.3496', 'NDCG@20': '0.1621'}
2025-06-13 20:23:26,849 - Validation score increased.  Saving model ...
2025-06-13 20:23:38,362 - {'epoch': 26, 'rec_loss': '5.3826'}
2025-06-13 20:23:42,698 - {'Epoch': 26, 'HR@5': '0.1666', 'NDCG@5': '0.1095', 'HR@10': '0.2533', 'NDCG@10': '0.1374', 'HR@20': '0.3498', 'NDCG@20': '0.1617'}
2025-06-13 20:23:42,700 - EarlyStopping counter: 1 out of 10
2025-06-13 20:23:54,193 - {'epoch': 27, 'rec_loss': '5.3586'}
2025-06-13 20:23:58,483 - {'Epoch': 27, 'HR@5': '0.1665', 'NDCG@5': '0.1097', 'HR@10': '0.2526', 'NDCG@10': '0.1374', 'HR@20': '0.3539', 'NDCG@20': '0.1630'}
2025-06-13 20:23:58,485 - Validation score increased.  Saving model ...
2025-06-13 20:24:09,908 - {'epoch': 28, 'rec_loss': '5.3331'}
2025-06-13 20:24:14,257 - {'Epoch': 28, 'HR@5': '0.1675', 'NDCG@5': '0.1107', 'HR@10': '0.2526', 'NDCG@10': '0.1381', 'HR@20': '0.3545', 'NDCG@20': '0.1639'}
2025-06-13 20:24:14,259 - Validation score increased.  Saving model ...
2025-06-13 20:24:25,562 - {'epoch': 29, 'rec_loss': '5.3100'}
2025-06-13 20:24:29,885 - {'Epoch': 29, 'HR@5': '0.1675', 'NDCG@5': '0.1103', 'HR@10': '0.2539', 'NDCG@10': '0.1381', 'HR@20': '0.3549', 'NDCG@20': '0.1637'}
2025-06-13 20:24:29,887 - EarlyStopping counter: 1 out of 10
2025-06-13 20:24:41,290 - {'epoch': 30, 'rec_loss': '5.2909'}
2025-06-13 20:24:45,662 - {'Epoch': 30, 'HR@5': '0.1684', 'NDCG@5': '0.1112', 'HR@10': '0.2544', 'NDCG@10': '0.1389', 'HR@20': '0.3537', 'NDCG@20': '0.1641'}
2025-06-13 20:24:45,664 - Validation score increased.  Saving model ...
2025-06-13 20:24:57,070 - {'epoch': 31, 'rec_loss': '5.2721'}
2025-06-13 20:25:01,403 - {'Epoch': 31, 'HR@5': '0.1697', 'NDCG@5': '0.1116', 'HR@10': '0.2554', 'NDCG@10': '0.1392', 'HR@20': '0.3547', 'NDCG@20': '0.1643'}
2025-06-13 20:25:01,405 - Validation score increased.  Saving model ...
2025-06-13 20:25:12,711 - {'epoch': 32, 'rec_loss': '5.2535'}
2025-06-13 20:25:16,942 - {'Epoch': 32, 'HR@5': '0.1687', 'NDCG@5': '0.1112', 'HR@10': '0.2558', 'NDCG@10': '0.1393', 'HR@20': '0.3559', 'NDCG@20': '0.1646'}
2025-06-13 20:25:16,943 - Validation score increased.  Saving model ...
2025-06-13 20:25:28,346 - {'epoch': 33, 'rec_loss': '5.2364'}
2025-06-13 20:25:32,648 - {'Epoch': 33, 'HR@5': '0.1694', 'NDCG@5': '0.1119', 'HR@10': '0.2560', 'NDCG@10': '0.1398', 'HR@20': '0.3571', 'NDCG@20': '0.1654'}
2025-06-13 20:25:32,650 - Validation score increased.  Saving model ...
2025-06-13 20:25:43,902 - {'epoch': 34, 'rec_loss': '5.2150'}
2025-06-13 20:25:48,122 - {'Epoch': 34, 'HR@5': '0.1706', 'NDCG@5': '0.1123', 'HR@10': '0.2567', 'NDCG@10': '0.1400', 'HR@20': '0.3573', 'NDCG@20': '0.1655'}
2025-06-13 20:25:48,124 - Validation score increased.  Saving model ...
2025-06-13 20:25:59,507 - {'epoch': 35, 'rec_loss': '5.1995'}
2025-06-13 20:26:03,882 - {'Epoch': 35, 'HR@5': '0.1697', 'NDCG@5': '0.1119', 'HR@10': '0.2551', 'NDCG@10': '0.1395', 'HR@20': '0.3571', 'NDCG@20': '0.1653'}
2025-06-13 20:26:03,884 - EarlyStopping counter: 1 out of 10
2025-06-13 20:26:15,261 - {'epoch': 36, 'rec_loss': '5.1868'}
2025-06-13 20:26:19,579 - {'Epoch': 36, 'HR@5': '0.1702', 'NDCG@5': '0.1116', 'HR@10': '0.2585', 'NDCG@10': '0.1401', 'HR@20': '0.3592', 'NDCG@20': '0.1655'}
2025-06-13 20:26:19,581 - Validation score increased.  Saving model ...
2025-06-13 20:26:30,945 - {'epoch': 37, 'rec_loss': '5.1720'}
2025-06-13 20:26:35,264 - {'Epoch': 37, 'HR@5': '0.1708', 'NDCG@5': '0.1124', 'HR@10': '0.2584', 'NDCG@10': '0.1405', 'HR@20': '0.3591', 'NDCG@20': '0.1660'}
2025-06-13 20:26:35,265 - Validation score increased.  Saving model ...
2025-06-13 20:26:46,635 - {'epoch': 38, 'rec_loss': '5.1575'}
2025-06-13 20:26:50,851 - {'Epoch': 38, 'HR@5': '0.1694', 'NDCG@5': '0.1123', 'HR@10': '0.2564', 'NDCG@10': '0.1404', 'HR@20': '0.3572', 'NDCG@20': '0.1659'}
2025-06-13 20:26:50,852 - EarlyStopping counter: 1 out of 10
2025-06-13 20:27:02,270 - {'epoch': 39, 'rec_loss': '5.1447'}
2025-06-13 20:27:06,605 - {'Epoch': 39, 'HR@5': '0.1726', 'NDCG@5': '0.1135', 'HR@10': '0.2561', 'NDCG@10': '0.1405', 'HR@20': '0.3603', 'NDCG@20': '0.1668'}
2025-06-13 20:27:06,606 - Validation score increased.  Saving model ...
2025-06-13 20:27:17,934 - {'epoch': 40, 'rec_loss': '5.1303'}
2025-06-13 20:27:22,206 - {'Epoch': 40, 'HR@5': '0.1724', 'NDCG@5': '0.1142', 'HR@10': '0.2568', 'NDCG@10': '0.1414', 'HR@20': '0.3601', 'NDCG@20': '0.1675'}
2025-06-13 20:27:22,207 - Validation score increased.  Saving model ...
2025-06-13 20:27:33,451 - {'epoch': 41, 'rec_loss': '5.1144'}
2025-06-13 20:27:37,732 - {'Epoch': 41, 'HR@5': '0.1701', 'NDCG@5': '0.1131', 'HR@10': '0.2559', 'NDCG@10': '0.1408', 'HR@20': '0.3601', 'NDCG@20': '0.1671'}
2025-06-13 20:27:37,732 - EarlyStopping counter: 1 out of 10
2025-06-13 20:27:49,092 - {'epoch': 42, 'rec_loss': '5.1068'}
2025-06-13 20:27:53,397 - {'Epoch': 42, 'HR@5': '0.1716', 'NDCG@5': '0.1135', 'HR@10': '0.2590', 'NDCG@10': '0.1416', 'HR@20': '0.3607', 'NDCG@20': '0.1673'}
2025-06-13 20:27:53,397 - EarlyStopping counter: 2 out of 10
2025-06-13 20:28:04,788 - {'epoch': 43, 'rec_loss': '5.0996'}
2025-06-13 20:28:09,015 - {'Epoch': 43, 'HR@5': '0.1726', 'NDCG@5': '0.1136', 'HR@10': '0.2590', 'NDCG@10': '0.1413', 'HR@20': '0.3610', 'NDCG@20': '0.1671'}
2025-06-13 20:28:09,017 - EarlyStopping counter: 3 out of 10
2025-06-13 20:28:20,315 - {'epoch': 44, 'rec_loss': '5.0874'}
2025-06-13 20:28:24,602 - {'Epoch': 44, 'HR@5': '0.1703', 'NDCG@5': '0.1125', 'HR@10': '0.2571', 'NDCG@10': '0.1405', 'HR@20': '0.3617', 'NDCG@20': '0.1669'}
2025-06-13 20:28:24,603 - EarlyStopping counter: 4 out of 10
2025-06-13 20:28:36,009 - {'epoch': 45, 'rec_loss': '5.0724'}
2025-06-13 20:28:40,327 - {'Epoch': 45, 'HR@5': '0.1717', 'NDCG@5': '0.1133', 'HR@10': '0.2581', 'NDCG@10': '0.1412', 'HR@20': '0.3609', 'NDCG@20': '0.1672'}
2025-06-13 20:28:40,328 - EarlyStopping counter: 5 out of 10
2025-06-13 20:28:51,744 - {'epoch': 46, 'rec_loss': '5.0628'}
2025-06-13 20:28:55,994 - {'Epoch': 46, 'HR@5': '0.1708', 'NDCG@5': '0.1126', 'HR@10': '0.2587', 'NDCG@10': '0.1409', 'HR@20': '0.3617', 'NDCG@20': '0.1669'}
2025-06-13 20:28:55,996 - EarlyStopping counter: 6 out of 10
2025-06-13 20:29:07,357 - {'epoch': 47, 'rec_loss': '5.0580'}
2025-06-13 20:29:11,628 - {'Epoch': 47, 'HR@5': '0.1716', 'NDCG@5': '0.1136', 'HR@10': '0.2580', 'NDCG@10': '0.1415', 'HR@20': '0.3617', 'NDCG@20': '0.1677'}
2025-06-13 20:29:11,630 - Validation score increased.  Saving model ...
2025-06-13 20:29:22,987 - {'epoch': 48, 'rec_loss': '5.0444'}
2025-06-13 20:29:27,242 - {'Epoch': 48, 'HR@5': '0.1732', 'NDCG@5': '0.1140', 'HR@10': '0.2599', 'NDCG@10': '0.1420', 'HR@20': '0.3640', 'NDCG@20': '0.1682'}
2025-06-13 20:29:27,244 - Validation score increased.  Saving model ...
2025-06-13 20:29:38,735 - {'epoch': 49, 'rec_loss': '5.0364'}
2025-06-13 20:29:43,135 - {'Epoch': 49, 'HR@5': '0.1743', 'NDCG@5': '0.1143', 'HR@10': '0.2583', 'NDCG@10': '0.1414', 'HR@20': '0.3621', 'NDCG@20': '0.1676'}
2025-06-13 20:29:43,137 - EarlyStopping counter: 1 out of 10
2025-06-13 20:29:54,569 - {'epoch': 50, 'rec_loss': '5.0336'}
2025-06-13 20:29:58,836 - {'Epoch': 50, 'HR@5': '0.1735', 'NDCG@5': '0.1141', 'HR@10': '0.2604', 'NDCG@10': '0.1421', 'HR@20': '0.3617', 'NDCG@20': '0.1677'}
2025-06-13 20:29:58,839 - EarlyStopping counter: 2 out of 10
2025-06-13 20:30:10,239 - {'epoch': 51, 'rec_loss': '5.0209'}
2025-06-13 20:30:14,516 - {'Epoch': 51, 'HR@5': '0.1730', 'NDCG@5': '0.1140', 'HR@10': '0.2608', 'NDCG@10': '0.1424', 'HR@20': '0.3630', 'NDCG@20': '0.1682'}
2025-06-13 20:30:14,517 - EarlyStopping counter: 3 out of 10
2025-06-13 20:30:25,892 - {'epoch': 52, 'rec_loss': '5.0184'}
2025-06-13 20:30:30,172 - {'Epoch': 52, 'HR@5': '0.1730', 'NDCG@5': '0.1137', 'HR@10': '0.2604', 'NDCG@10': '0.1419', 'HR@20': '0.3631', 'NDCG@20': '0.1679'}
2025-06-13 20:30:30,173 - EarlyStopping counter: 4 out of 10
2025-06-13 20:30:41,545 - {'epoch': 53, 'rec_loss': '5.0044'}
2025-06-13 20:30:45,770 - {'Epoch': 53, 'HR@5': '0.1722', 'NDCG@5': '0.1131', 'HR@10': '0.2592', 'NDCG@10': '0.1412', 'HR@20': '0.3612', 'NDCG@20': '0.1670'}
2025-06-13 20:30:45,771 - EarlyStopping counter: 5 out of 10
2025-06-13 20:30:57,111 - {'epoch': 54, 'rec_loss': '4.9953'}
2025-06-13 20:31:01,423 - {'Epoch': 54, 'HR@5': '0.1714', 'NDCG@5': '0.1124', 'HR@10': '0.2590', 'NDCG@10': '0.1408', 'HR@20': '0.3612', 'NDCG@20': '0.1666'}
2025-06-13 20:31:01,424 - EarlyStopping counter: 6 out of 10
2025-06-13 20:31:12,819 - {'epoch': 55, 'rec_loss': '4.9888'}
2025-06-13 20:31:17,147 - {'Epoch': 55, 'HR@5': '0.1738', 'NDCG@5': '0.1139', 'HR@10': '0.2609', 'NDCG@10': '0.1420', 'HR@20': '0.3620', 'NDCG@20': '0.1675'}
2025-06-13 20:31:17,148 - EarlyStopping counter: 7 out of 10
2025-06-13 20:31:28,495 - {'epoch': 56, 'rec_loss': '4.9829'}
2025-06-13 20:31:32,840 - {'Epoch': 56, 'HR@5': '0.1713', 'NDCG@5': '0.1125', 'HR@10': '0.2615', 'NDCG@10': '0.1416', 'HR@20': '0.3617', 'NDCG@20': '0.1669'}
2025-06-13 20:31:32,841 - EarlyStopping counter: 8 out of 10
2025-06-13 20:31:44,215 - {'epoch': 57, 'rec_loss': '4.9758'}
2025-06-13 20:31:48,520 - {'Epoch': 57, 'HR@5': '0.1723', 'NDCG@5': '0.1131', 'HR@10': '0.2604', 'NDCG@10': '0.1415', 'HR@20': '0.3626', 'NDCG@20': '0.1673'}
2025-06-13 20:31:48,525 - EarlyStopping counter: 9 out of 10
2025-06-13 20:31:59,839 - {'epoch': 58, 'rec_loss': '4.9664'}
2025-06-13 20:32:04,209 - {'Epoch': 58, 'HR@5': '0.1733', 'NDCG@5': '0.1140', 'HR@10': '0.2608', 'NDCG@10': '0.1421', 'HR@20': '0.3626', 'NDCG@20': '0.1679'}
2025-06-13 20:32:04,209 - EarlyStopping counter: 10 out of 10
2025-06-13 20:32:04,210 - Early stopping
2025-06-13 20:32:04,210 - ---------------Validation Score---------------
2025-06-13 20:32:08,512 - {'Epoch': 0, 'HR@5': '0.1732', 'NDCG@5': '0.1140', 'HR@10': '0.2599', 'NDCG@10': '0.1420', 'HR@20': '0.3640', 'NDCG@20': '0.1682'}
2025-06-13 20:32:08,513 - DuoRec_Diginetica
2025-06-13 20:32:08,513 - {'Epoch': 0, 'HR@5': '0.1732', 'NDCG@5': '0.1140', 'HR@10': '0.2599', 'NDCG@10': '0.1420', 'HR@20': '0.3640', 'NDCG@20': '0.1682'}
