2025-06-14 15:26:48,114 - Namespace(data_dir='./data/', output_dir='hparam_search/', data_name='LastFM', train_name='BERT4Rec_LastFM', num_items=10, num_users=1091, lr=0.001, batch_size=256, epochs=200, no_cuda=False, log_freq=1, patience=10, num_workers=4, seed=42, weight_decay=0.0, adam_beta1=0.9, adam_beta2=0.999, gpu_id='0', variance=5, model_type='Bert4Rec', max_seq_length=50, hidden_size=64, num_hidden_layers=2, hidden_act='gelu', num_attention_heads=1, attention_probs_dropout_prob=0.5, hidden_dropout_prob=0.5, initializer_range=0.02, mask_ratio=0.4, cuda_condition=True, data_file='./data/LastFM.txt', item_size=3647, checkpoint_path=PosixPath('/gpfs/home3/scur2771/BSARec/BSARec/src/hparam_search/BERT4Rec_LastFM/12373134_2/model.pt'), same_target_path='./data/LastFM_same_target.npy')
2025-06-14 15:26:48,134 - BERT4RecModel(
  (item_embeddings): Embedding(3648, 64, padding_idx=0)
  (position_embeddings): Embedding(50, 64)
  (item_encoder): TransformerEncoder(
    (blocks): ModuleList(
      (0): TransformerBlock(
        (layer): MultiHeadAttention(
          (query): Linear(in_features=64, out_features=64, bias=True)
          (key): Linear(in_features=64, out_features=64, bias=True)
          (value): Linear(in_features=64, out_features=64, bias=True)
          (softmax): Softmax(dim=-1)
          (attn_dropout): Dropout(p=0.5, inplace=False)
          (dense): Linear(in_features=64, out_features=64, bias=True)
          (LayerNorm): LayerNorm((64,), eps=1e-12, elementwise_affine=True)
          (out_dropout): Dropout(p=0.5, inplace=False)
        )
        (feed_forward): FeedForward(
          (dense_1): Linear(in_features=64, out_features=256, bias=True)
          (dense_2): Linear(in_features=256, out_features=64, bias=True)
          (LayerNorm): LayerNorm()
          (dropout): Dropout(p=0.5, inplace=False)
        )
      )
      (1): TransformerBlock(
        (layer): MultiHeadAttention(
          (query): Linear(in_features=64, out_features=64, bias=True)
          (key): Linear(in_features=64, out_features=64, bias=True)
          (value): Linear(in_features=64, out_features=64, bias=True)
          (softmax): Softmax(dim=-1)
          (attn_dropout): Dropout(p=0.5, inplace=False)
          (dense): Linear(in_features=64, out_features=64, bias=True)
          (LayerNorm): LayerNorm((64,), eps=1e-12, elementwise_affine=True)
          (out_dropout): Dropout(p=0.5, inplace=False)
        )
        (feed_forward): FeedForward(
          (dense_1): Linear(in_features=64, out_features=256, bias=True)
          (dense_2): Linear(in_features=256, out_features=64, bias=True)
          (LayerNorm): LayerNorm()
          (dropout): Dropout(p=0.5, inplace=False)
        )
      )
    )
  )
  (LayerNorm): LayerNorm()
  (dropout): Dropout(p=0.5, inplace=False)
)
2025-06-14 15:26:51,561 - Total Parameters: 336768
2025-06-14 15:26:56,009 - {'epoch': 0, 'rec_loss': '7.9825'}
2025-06-14 15:26:56,660 - {'Epoch': 0, 'HR@5': '0.0101', 'NDCG@5': '0.0070', 'HR@10': '0.0229', 'NDCG@10': '0.0111', 'HR@20': '0.0394', 'NDCG@20': '0.0153'}
2025-06-14 15:26:56,660 - Validation score increased.  Saving model ...
2025-06-14 15:27:00,269 - {'epoch': 1, 'rec_loss': '7.7410'}
2025-06-14 15:27:00,976 - {'Epoch': 1, 'HR@5': '0.0257', 'NDCG@5': '0.0152', 'HR@10': '0.0376', 'NDCG@10': '0.0190', 'HR@20': '0.0541', 'NDCG@20': '0.0232'}
2025-06-14 15:27:00,976 - Validation score increased.  Saving model ...
2025-06-14 15:27:04,479 - {'epoch': 2, 'rec_loss': '7.6570'}
2025-06-14 15:27:05,245 - {'Epoch': 2, 'HR@5': '0.0294', 'NDCG@5': '0.0176', 'HR@10': '0.0422', 'NDCG@10': '0.0218', 'HR@20': '0.0587', 'NDCG@20': '0.0259'}
2025-06-14 15:27:05,246 - Validation score increased.  Saving model ...
2025-06-14 15:27:08,809 - {'epoch': 3, 'rec_loss': '7.5976'}
2025-06-14 15:27:09,502 - {'Epoch': 3, 'HR@5': '0.0294', 'NDCG@5': '0.0176', 'HR@10': '0.0477', 'NDCG@10': '0.0233', 'HR@20': '0.0679', 'NDCG@20': '0.0286'}
2025-06-14 15:27:09,503 - Validation score increased.  Saving model ...
2025-06-14 15:27:13,089 - {'epoch': 4, 'rec_loss': '7.5373'}
2025-06-14 15:27:13,734 - {'Epoch': 4, 'HR@5': '0.0312', 'NDCG@5': '0.0186', 'HR@10': '0.0514', 'NDCG@10': '0.0249', 'HR@20': '0.0817', 'NDCG@20': '0.0324'}
2025-06-14 15:27:13,735 - Validation score increased.  Saving model ...
2025-06-14 15:27:17,342 - {'epoch': 5, 'rec_loss': '7.4863'}
2025-06-14 15:27:18,047 - {'Epoch': 5, 'HR@5': '0.0339', 'NDCG@5': '0.0199', 'HR@10': '0.0532', 'NDCG@10': '0.0259', 'HR@20': '0.0752', 'NDCG@20': '0.0314'}
2025-06-14 15:27:18,047 - EarlyStopping counter: 1 out of 10
2025-06-14 15:27:21,656 - {'epoch': 6, 'rec_loss': '7.4373'}
2025-06-14 15:27:22,323 - {'Epoch': 6, 'HR@5': '0.0257', 'NDCG@5': '0.0164', 'HR@10': '0.0413', 'NDCG@10': '0.0214', 'HR@20': '0.0688', 'NDCG@20': '0.0284'}
2025-06-14 15:27:22,324 - EarlyStopping counter: 2 out of 10
2025-06-14 15:27:25,966 - {'epoch': 7, 'rec_loss': '7.3948'}
2025-06-14 15:27:26,640 - {'Epoch': 7, 'HR@5': '0.0275', 'NDCG@5': '0.0174', 'HR@10': '0.0404', 'NDCG@10': '0.0216', 'HR@20': '0.0651', 'NDCG@20': '0.0277'}
2025-06-14 15:27:26,641 - EarlyStopping counter: 3 out of 10
2025-06-14 15:27:30,238 - {'epoch': 8, 'rec_loss': '7.3511'}
2025-06-14 15:27:31,098 - {'Epoch': 8, 'HR@5': '0.0321', 'NDCG@5': '0.0220', 'HR@10': '0.0404', 'NDCG@10': '0.0247', 'HR@20': '0.0661', 'NDCG@20': '0.0311'}
2025-06-14 15:27:31,099 - EarlyStopping counter: 4 out of 10
2025-06-14 15:27:34,704 - {'epoch': 9, 'rec_loss': '7.3116'}
2025-06-14 15:27:35,417 - {'Epoch': 9, 'HR@5': '0.0248', 'NDCG@5': '0.0167', 'HR@10': '0.0440', 'NDCG@10': '0.0226', 'HR@20': '0.0716', 'NDCG@20': '0.0294'}
2025-06-14 15:27:35,418 - EarlyStopping counter: 5 out of 10
2025-06-14 15:27:39,071 - {'epoch': 10, 'rec_loss': '7.2555'}
2025-06-14 15:27:39,743 - {'Epoch': 10, 'HR@5': '0.0321', 'NDCG@5': '0.0210', 'HR@10': '0.0450', 'NDCG@10': '0.0253', 'HR@20': '0.0688', 'NDCG@20': '0.0311'}
2025-06-14 15:27:39,743 - EarlyStopping counter: 6 out of 10
2025-06-14 15:27:43,363 - {'epoch': 11, 'rec_loss': '7.1995'}
2025-06-14 15:27:44,074 - {'Epoch': 11, 'HR@5': '0.0211', 'NDCG@5': '0.0148', 'HR@10': '0.0459', 'NDCG@10': '0.0229', 'HR@20': '0.0789', 'NDCG@20': '0.0312'}
2025-06-14 15:27:44,075 - EarlyStopping counter: 7 out of 10
2025-06-14 15:27:47,679 - {'epoch': 12, 'rec_loss': '7.1559'}
2025-06-14 15:27:48,347 - {'Epoch': 12, 'HR@5': '0.0330', 'NDCG@5': '0.0213', 'HR@10': '0.0477', 'NDCG@10': '0.0259', 'HR@20': '0.0752', 'NDCG@20': '0.0328'}
2025-06-14 15:27:48,348 - Validation score increased.  Saving model ...
2025-06-14 15:27:51,913 - {'epoch': 13, 'rec_loss': '7.1165'}
2025-06-14 15:27:52,651 - {'Epoch': 13, 'HR@5': '0.0339', 'NDCG@5': '0.0224', 'HR@10': '0.0550', 'NDCG@10': '0.0292', 'HR@20': '0.0853', 'NDCG@20': '0.0368'}
2025-06-14 15:27:52,652 - Validation score increased.  Saving model ...
2025-06-14 15:27:56,280 - {'epoch': 14, 'rec_loss': '7.0823'}
2025-06-14 15:27:57,038 - {'Epoch': 14, 'HR@5': '0.0294', 'NDCG@5': '0.0194', 'HR@10': '0.0422', 'NDCG@10': '0.0235', 'HR@20': '0.0743', 'NDCG@20': '0.0314'}
2025-06-14 15:27:57,038 - EarlyStopping counter: 1 out of 10
2025-06-14 15:28:00,600 - {'epoch': 15, 'rec_loss': '7.0452'}
2025-06-14 15:28:01,261 - {'Epoch': 15, 'HR@5': '0.0294', 'NDCG@5': '0.0187', 'HR@10': '0.0514', 'NDCG@10': '0.0258', 'HR@20': '0.0761', 'NDCG@20': '0.0320'}
2025-06-14 15:28:01,261 - EarlyStopping counter: 2 out of 10
2025-06-14 15:28:04,831 - {'epoch': 16, 'rec_loss': '7.0125'}
2025-06-14 15:28:05,545 - {'Epoch': 16, 'HR@5': '0.0321', 'NDCG@5': '0.0205', 'HR@10': '0.0523', 'NDCG@10': '0.0270', 'HR@20': '0.0862', 'NDCG@20': '0.0354'}
2025-06-14 15:28:05,546 - EarlyStopping counter: 3 out of 10
2025-06-14 15:28:09,126 - {'epoch': 17, 'rec_loss': '6.9676'}
2025-06-14 15:28:09,868 - {'Epoch': 17, 'HR@5': '0.0303', 'NDCG@5': '0.0195', 'HR@10': '0.0569', 'NDCG@10': '0.0279', 'HR@20': '0.0927', 'NDCG@20': '0.0368'}
2025-06-14 15:28:09,869 - EarlyStopping counter: 4 out of 10
2025-06-14 15:28:13,389 - {'epoch': 18, 'rec_loss': '6.9439'}
2025-06-14 15:28:14,046 - {'Epoch': 18, 'HR@5': '0.0303', 'NDCG@5': '0.0185', 'HR@10': '0.0486', 'NDCG@10': '0.0244', 'HR@20': '0.0844', 'NDCG@20': '0.0335'}
2025-06-14 15:28:14,047 - EarlyStopping counter: 5 out of 10
2025-06-14 15:28:17,698 - {'epoch': 19, 'rec_loss': '6.9029'}
2025-06-14 15:28:18,426 - {'Epoch': 19, 'HR@5': '0.0330', 'NDCG@5': '0.0206', 'HR@10': '0.0569', 'NDCG@10': '0.0283', 'HR@20': '0.0872', 'NDCG@20': '0.0360'}
2025-06-14 15:28:18,427 - EarlyStopping counter: 6 out of 10
2025-06-14 15:28:22,039 - {'epoch': 20, 'rec_loss': '6.8745'}
2025-06-14 15:28:22,810 - {'Epoch': 20, 'HR@5': '0.0303', 'NDCG@5': '0.0197', 'HR@10': '0.0514', 'NDCG@10': '0.0264', 'HR@20': '0.0844', 'NDCG@20': '0.0348'}
2025-06-14 15:28:22,810 - EarlyStopping counter: 7 out of 10
2025-06-14 15:28:26,423 - {'epoch': 21, 'rec_loss': '6.8484'}
2025-06-14 15:28:27,144 - {'Epoch': 21, 'HR@5': '0.0321', 'NDCG@5': '0.0208', 'HR@10': '0.0578', 'NDCG@10': '0.0289', 'HR@20': '0.0908', 'NDCG@20': '0.0371'}
2025-06-14 15:28:27,144 - Validation score increased.  Saving model ...
2025-06-14 15:28:30,767 - {'epoch': 22, 'rec_loss': '6.8324'}
2025-06-14 15:28:31,410 - {'Epoch': 22, 'HR@5': '0.0312', 'NDCG@5': '0.0200', 'HR@10': '0.0523', 'NDCG@10': '0.0267', 'HR@20': '0.1009', 'NDCG@20': '0.0389'}
2025-06-14 15:28:31,410 - Validation score increased.  Saving model ...
2025-06-14 15:28:35,041 - {'epoch': 23, 'rec_loss': '6.8040'}
2025-06-14 15:28:35,784 - {'Epoch': 23, 'HR@5': '0.0312', 'NDCG@5': '0.0195', 'HR@10': '0.0505', 'NDCG@10': '0.0258', 'HR@20': '0.0917', 'NDCG@20': '0.0361'}
2025-06-14 15:28:35,785 - EarlyStopping counter: 1 out of 10
2025-06-14 15:28:39,413 - {'epoch': 24, 'rec_loss': '6.7875'}
2025-06-14 15:28:40,080 - {'Epoch': 24, 'HR@5': '0.0349', 'NDCG@5': '0.0235', 'HR@10': '0.0606', 'NDCG@10': '0.0316', 'HR@20': '0.0972', 'NDCG@20': '0.0410'}
2025-06-14 15:28:40,081 - Validation score increased.  Saving model ...
2025-06-14 15:28:43,780 - {'epoch': 25, 'rec_loss': '6.7649'}
2025-06-14 15:28:44,517 - {'Epoch': 25, 'HR@5': '0.0294', 'NDCG@5': '0.0191', 'HR@10': '0.0569', 'NDCG@10': '0.0279', 'HR@20': '0.0936', 'NDCG@20': '0.0370'}
2025-06-14 15:28:44,518 - EarlyStopping counter: 1 out of 10
2025-06-14 15:28:48,167 - {'epoch': 26, 'rec_loss': '6.7544'}
2025-06-14 15:28:48,900 - {'Epoch': 26, 'HR@5': '0.0321', 'NDCG@5': '0.0219', 'HR@10': '0.0578', 'NDCG@10': '0.0300', 'HR@20': '0.1000', 'NDCG@20': '0.0409'}
2025-06-14 15:28:48,900 - EarlyStopping counter: 2 out of 10
2025-06-14 15:28:52,502 - {'epoch': 27, 'rec_loss': '6.7305'}
2025-06-14 15:28:53,213 - {'Epoch': 27, 'HR@5': '0.0349', 'NDCG@5': '0.0202', 'HR@10': '0.0587', 'NDCG@10': '0.0278', 'HR@20': '0.1009', 'NDCG@20': '0.0382'}
2025-06-14 15:28:53,213 - EarlyStopping counter: 3 out of 10
2025-06-14 15:28:56,802 - {'epoch': 28, 'rec_loss': '6.7042'}
2025-06-14 15:28:57,571 - {'Epoch': 28, 'HR@5': '0.0321', 'NDCG@5': '0.0186', 'HR@10': '0.0560', 'NDCG@10': '0.0261', 'HR@20': '0.0945', 'NDCG@20': '0.0358'}
2025-06-14 15:28:57,572 - EarlyStopping counter: 4 out of 10
2025-06-14 15:29:01,119 - {'epoch': 29, 'rec_loss': '6.6845'}
2025-06-14 15:29:01,834 - {'Epoch': 29, 'HR@5': '0.0339', 'NDCG@5': '0.0231', 'HR@10': '0.0560', 'NDCG@10': '0.0301', 'HR@20': '0.0936', 'NDCG@20': '0.0395'}
2025-06-14 15:29:01,835 - EarlyStopping counter: 5 out of 10
2025-06-14 15:29:05,456 - {'epoch': 30, 'rec_loss': '6.6651'}
2025-06-14 15:29:06,111 - {'Epoch': 30, 'HR@5': '0.0303', 'NDCG@5': '0.0198', 'HR@10': '0.0578', 'NDCG@10': '0.0287', 'HR@20': '0.0982', 'NDCG@20': '0.0389'}
2025-06-14 15:29:06,111 - EarlyStopping counter: 6 out of 10
2025-06-14 15:29:09,782 - {'epoch': 31, 'rec_loss': '6.6533'}
2025-06-14 15:29:10,508 - {'Epoch': 31, 'HR@5': '0.0339', 'NDCG@5': '0.0218', 'HR@10': '0.0578', 'NDCG@10': '0.0294', 'HR@20': '0.0927', 'NDCG@20': '0.0381'}
2025-06-14 15:29:10,509 - EarlyStopping counter: 7 out of 10
2025-06-14 15:29:14,118 - {'epoch': 32, 'rec_loss': '6.6306'}
2025-06-14 15:29:14,869 - {'Epoch': 32, 'HR@5': '0.0367', 'NDCG@5': '0.0231', 'HR@10': '0.0560', 'NDCG@10': '0.0292', 'HR@20': '0.0936', 'NDCG@20': '0.0386'}
2025-06-14 15:29:14,870 - EarlyStopping counter: 8 out of 10
2025-06-14 15:29:18,417 - {'epoch': 33, 'rec_loss': '6.6223'}
2025-06-14 15:29:19,104 - {'Epoch': 33, 'HR@5': '0.0394', 'NDCG@5': '0.0241', 'HR@10': '0.0642', 'NDCG@10': '0.0320', 'HR@20': '0.0991', 'NDCG@20': '0.0408'}
2025-06-14 15:29:19,105 - EarlyStopping counter: 9 out of 10
2025-06-14 15:29:22,675 - {'epoch': 34, 'rec_loss': '6.6087'}
2025-06-14 15:29:23,330 - {'Epoch': 34, 'HR@5': '0.0385', 'NDCG@5': '0.0225', 'HR@10': '0.0569', 'NDCG@10': '0.0285', 'HR@20': '0.0899', 'NDCG@20': '0.0369'}
2025-06-14 15:29:23,331 - EarlyStopping counter: 10 out of 10
2025-06-14 15:29:23,331 - Early stopping
2025-06-14 15:29:23,331 - ---------------Validation Score---------------
2025-06-14 15:29:24,098 - {'Epoch': 0, 'HR@5': '0.0349', 'NDCG@5': '0.0235', 'HR@10': '0.0606', 'NDCG@10': '0.0316', 'HR@20': '0.0972', 'NDCG@20': '0.0410'}
2025-06-14 15:29:24,098 - BERT4Rec_LastFM
2025-06-14 15:29:24,099 - {'Epoch': 0, 'HR@5': '0.0349', 'NDCG@5': '0.0235', 'HR@10': '0.0606', 'NDCG@10': '0.0316', 'HR@20': '0.0972', 'NDCG@20': '0.0410'}
