2025-06-14 00:54:17,174 - Namespace(data_dir='data/self_processed/', output_dir='hparam_search/', data_name='Diginetica', train_name='BSARec_Diginetica', num_items=10, num_users=14829, lr=0.0005, batch_size=256, epochs=200, no_cuda=False, log_freq=1, patience=10, num_workers=4, seed=42, weight_decay=0.0, adam_beta1=0.9, adam_beta2=0.999, gpu_id='0', variance=5, model_type='BSARec', max_seq_length=50, hidden_size=64, num_hidden_layers=2, hidden_act='gelu', num_attention_heads=4, attention_probs_dropout_prob=0.5, hidden_dropout_prob=0.5, initializer_range=0.02, c=7, alpha=0.5, cuda_condition=True, data_file='data/self_processed/Diginetica.txt', item_size=9441, checkpoint_path=PosixPath('/gpfs/home3/scur2771/BSARec/BSARec/src/hparam_search/BSARec_Diginetica/12367757_143/model.pt'), same_target_path='data/self_processed/Diginetica_same_target.npy')
2025-06-14 00:54:17,191 - BSARecModel(
  (item_embeddings): Embedding(9441, 64, padding_idx=0)
  (position_embeddings): Embedding(50, 64)
  (LayerNorm): LayerNorm()
  (dropout): Dropout(p=0.5, inplace=False)
  (item_encoder): BSARecEncoder(
    (blocks): ModuleList(
      (0): BSARecBlock(
        (layer): BSARecLayer(
          (filter_layer): FrequencyLayer(
            (out_dropout): Dropout(p=0.5, inplace=False)
            (LayerNorm): LayerNorm()
          )
          (attention_layer): MultiHeadAttention(
            (query): Linear(in_features=64, out_features=64, bias=True)
            (key): Linear(in_features=64, out_features=64, bias=True)
            (value): Linear(in_features=64, out_features=64, bias=True)
            (softmax): Softmax(dim=-1)
            (attn_dropout): Dropout(p=0.5, inplace=False)
            (dense): Linear(in_features=64, out_features=64, bias=True)
            (LayerNorm): LayerNorm((64,), eps=1e-12, elementwise_affine=True)
            (out_dropout): Dropout(p=0.5, inplace=False)
          )
        )
        (feed_forward): FeedForward(
          (dense_1): Linear(in_features=64, out_features=256, bias=True)
          (dense_2): Linear(in_features=256, out_features=64, bias=True)
          (LayerNorm): LayerNorm()
          (dropout): Dropout(p=0.5, inplace=False)
        )
      )
      (1): BSARecBlock(
        (layer): BSARecLayer(
          (filter_layer): FrequencyLayer(
            (out_dropout): Dropout(p=0.5, inplace=False)
            (LayerNorm): LayerNorm()
          )
          (attention_layer): MultiHeadAttention(
            (query): Linear(in_features=64, out_features=64, bias=True)
            (key): Linear(in_features=64, out_features=64, bias=True)
            (value): Linear(in_features=64, out_features=64, bias=True)
            (softmax): Softmax(dim=-1)
            (attn_dropout): Dropout(p=0.5, inplace=False)
            (dense): Linear(in_features=64, out_features=64, bias=True)
            (LayerNorm): LayerNorm((64,), eps=1e-12, elementwise_affine=True)
            (out_dropout): Dropout(p=0.5, inplace=False)
          )
        )
        (feed_forward): FeedForward(
          (dense_1): Linear(in_features=64, out_features=256, bias=True)
          (dense_2): Linear(in_features=256, out_features=64, bias=True)
          (LayerNorm): LayerNorm()
          (dropout): Dropout(p=0.5, inplace=False)
        )
      )
    )
  )
)
2025-06-14 00:54:19,460 - Total Parameters: 707904
2025-06-14 00:54:28,147 - {'epoch': 0, 'rec_loss': '8.8095'}
2025-06-14 00:54:32,244 - {'Epoch': 0, 'HR@5': '0.0067', 'NDCG@5': '0.0044', 'HR@10': '0.0107', 'NDCG@10': '0.0057', 'HR@20': '0.0172', 'NDCG@20': '0.0073'}
2025-06-14 00:54:32,246 - Validation score increased.  Saving model ...
2025-06-14 00:54:39,828 - {'epoch': 1, 'rec_loss': '8.3507'}
2025-06-14 00:54:44,097 - {'Epoch': 1, 'HR@5': '0.0409', 'NDCG@5': '0.0276', 'HR@10': '0.0588', 'NDCG@10': '0.0333', 'HR@20': '0.0802', 'NDCG@20': '0.0387'}
2025-06-14 00:54:44,099 - Validation score increased.  Saving model ...
2025-06-14 00:54:51,671 - {'epoch': 2, 'rec_loss': '7.6918'}
2025-06-14 00:54:55,908 - {'Epoch': 2, 'HR@5': '0.0819', 'NDCG@5': '0.0540', 'HR@10': '0.1238', 'NDCG@10': '0.0674', 'HR@20': '0.1753', 'NDCG@20': '0.0804'}
2025-06-14 00:54:55,909 - Validation score increased.  Saving model ...
2025-06-14 00:55:03,433 - {'epoch': 3, 'rec_loss': '6.9007'}
2025-06-14 00:55:07,640 - {'Epoch': 3, 'HR@5': '0.1090', 'NDCG@5': '0.0724', 'HR@10': '0.1663', 'NDCG@10': '0.0909', 'HR@20': '0.2311', 'NDCG@20': '0.1072'}
2025-06-14 00:55:07,643 - Validation score increased.  Saving model ...
2025-06-14 00:55:15,224 - {'epoch': 4, 'rec_loss': '6.2414'}
2025-06-14 00:55:19,529 - {'Epoch': 4, 'HR@5': '0.1279', 'NDCG@5': '0.0838', 'HR@10': '0.1938', 'NDCG@10': '0.1050', 'HR@20': '0.2692', 'NDCG@20': '0.1241'}
2025-06-14 00:55:19,531 - Validation score increased.  Saving model ...
2025-06-14 00:55:26,999 - {'epoch': 5, 'rec_loss': '5.7652'}
2025-06-14 00:55:31,340 - {'Epoch': 5, 'HR@5': '0.1410', 'NDCG@5': '0.0925', 'HR@10': '0.2146', 'NDCG@10': '0.1161', 'HR@20': '0.2973', 'NDCG@20': '0.1370'}
2025-06-14 00:55:31,342 - Validation score increased.  Saving model ...
2025-06-14 00:55:38,999 - {'epoch': 6, 'rec_loss': '5.4345'}
2025-06-14 00:55:43,352 - {'Epoch': 6, 'HR@5': '0.1514', 'NDCG@5': '0.0997', 'HR@10': '0.2253', 'NDCG@10': '0.1237', 'HR@20': '0.3160', 'NDCG@20': '0.1466'}
2025-06-14 00:55:43,353 - Validation score increased.  Saving model ...
2025-06-14 00:55:50,965 - {'epoch': 7, 'rec_loss': '5.2042'}
2025-06-14 00:55:55,351 - {'Epoch': 7, 'HR@5': '0.1572', 'NDCG@5': '0.1038', 'HR@10': '0.2377', 'NDCG@10': '0.1297', 'HR@20': '0.3312', 'NDCG@20': '0.1533'}
2025-06-14 00:55:55,353 - Validation score increased.  Saving model ...
2025-06-14 00:56:02,882 - {'epoch': 8, 'rec_loss': '5.0463'}
2025-06-14 00:56:07,319 - {'Epoch': 8, 'HR@5': '0.1671', 'NDCG@5': '0.1094', 'HR@10': '0.2450', 'NDCG@10': '0.1345', 'HR@20': '0.3400', 'NDCG@20': '0.1586'}
2025-06-14 00:56:07,320 - Validation score increased.  Saving model ...
2025-06-14 00:56:15,025 - {'epoch': 9, 'rec_loss': '4.9294'}
2025-06-14 00:56:19,502 - {'Epoch': 9, 'HR@5': '0.1700', 'NDCG@5': '0.1117', 'HR@10': '0.2509', 'NDCG@10': '0.1377', 'HR@20': '0.3471', 'NDCG@20': '0.1620'}
2025-06-14 00:56:19,504 - Validation score increased.  Saving model ...
2025-06-14 00:56:27,035 - {'epoch': 10, 'rec_loss': '4.8485'}
2025-06-14 00:56:31,462 - {'Epoch': 10, 'HR@5': '0.1702', 'NDCG@5': '0.1115', 'HR@10': '0.2536', 'NDCG@10': '0.1384', 'HR@20': '0.3525', 'NDCG@20': '0.1635'}
2025-06-14 00:56:31,464 - Validation score increased.  Saving model ...
2025-06-14 00:56:38,945 - {'epoch': 11, 'rec_loss': '4.7920'}
2025-06-14 00:56:43,382 - {'Epoch': 11, 'HR@5': '0.1715', 'NDCG@5': '0.1129', 'HR@10': '0.2584', 'NDCG@10': '0.1409', 'HR@20': '0.3553', 'NDCG@20': '0.1654'}
2025-06-14 00:56:43,382 - Validation score increased.  Saving model ...
2025-06-14 00:56:51,012 - {'epoch': 12, 'rec_loss': '4.7416'}
2025-06-14 00:56:55,455 - {'Epoch': 12, 'HR@5': '0.1719', 'NDCG@5': '0.1133', 'HR@10': '0.2588', 'NDCG@10': '0.1414', 'HR@20': '0.3584', 'NDCG@20': '0.1665'}
2025-06-14 00:56:55,457 - Validation score increased.  Saving model ...
2025-06-14 00:57:02,988 - {'epoch': 13, 'rec_loss': '4.7083'}
2025-06-14 00:57:07,463 - {'Epoch': 13, 'HR@5': '0.1724', 'NDCG@5': '0.1146', 'HR@10': '0.2584', 'NDCG@10': '0.1424', 'HR@20': '0.3616', 'NDCG@20': '0.1685'}
2025-06-14 00:57:07,465 - Validation score increased.  Saving model ...
2025-06-14 00:57:15,088 - {'epoch': 14, 'rec_loss': '4.6746'}
2025-06-14 00:57:19,542 - {'Epoch': 14, 'HR@5': '0.1724', 'NDCG@5': '0.1142', 'HR@10': '0.2609', 'NDCG@10': '0.1427', 'HR@20': '0.3632', 'NDCG@20': '0.1685'}
2025-06-14 00:57:19,543 - Validation score increased.  Saving model ...
2025-06-14 00:57:27,112 - {'epoch': 15, 'rec_loss': '4.6579'}
2025-06-14 00:57:31,533 - {'Epoch': 15, 'HR@5': '0.1737', 'NDCG@5': '0.1156', 'HR@10': '0.2609', 'NDCG@10': '0.1437', 'HR@20': '0.3635', 'NDCG@20': '0.1696'}
2025-06-14 00:57:31,535 - Validation score increased.  Saving model ...
2025-06-14 00:57:39,134 - {'epoch': 16, 'rec_loss': '4.6358'}
2025-06-14 00:57:43,466 - {'Epoch': 16, 'HR@5': '0.1733', 'NDCG@5': '0.1148', 'HR@10': '0.2621', 'NDCG@10': '0.1434', 'HR@20': '0.3632', 'NDCG@20': '0.1689'}
2025-06-14 00:57:43,468 - EarlyStopping counter: 1 out of 10
2025-06-14 00:57:51,035 - {'epoch': 17, 'rec_loss': '4.6209'}
2025-06-14 00:57:55,430 - {'Epoch': 17, 'HR@5': '0.1764', 'NDCG@5': '0.1161', 'HR@10': '0.2598', 'NDCG@10': '0.1430', 'HR@20': '0.3619', 'NDCG@20': '0.1689'}
2025-06-14 00:57:55,432 - EarlyStopping counter: 2 out of 10
2025-06-14 00:58:03,047 - {'epoch': 18, 'rec_loss': '4.6033'}
2025-06-14 00:58:07,513 - {'Epoch': 18, 'HR@5': '0.1739', 'NDCG@5': '0.1152', 'HR@10': '0.2621', 'NDCG@10': '0.1436', 'HR@20': '0.3624', 'NDCG@20': '0.1690'}
2025-06-14 00:58:07,516 - EarlyStopping counter: 3 out of 10
2025-06-14 00:58:15,046 - {'epoch': 19, 'rec_loss': '4.5894'}
2025-06-14 00:58:19,419 - {'Epoch': 19, 'HR@5': '0.1771', 'NDCG@5': '0.1163', 'HR@10': '0.2610', 'NDCG@10': '0.1433', 'HR@20': '0.3640', 'NDCG@20': '0.1693'}
2025-06-14 00:58:19,421 - EarlyStopping counter: 4 out of 10
2025-06-14 00:58:26,995 - {'epoch': 20, 'rec_loss': '4.5767'}
2025-06-14 00:58:31,395 - {'Epoch': 20, 'HR@5': '0.1757', 'NDCG@5': '0.1157', 'HR@10': '0.2642', 'NDCG@10': '0.1442', 'HR@20': '0.3669', 'NDCG@20': '0.1701'}
2025-06-14 00:58:31,397 - Validation score increased.  Saving model ...
2025-06-14 00:58:38,986 - {'epoch': 21, 'rec_loss': '4.5685'}
2025-06-14 00:58:43,339 - {'Epoch': 21, 'HR@5': '0.1757', 'NDCG@5': '0.1155', 'HR@10': '0.2625', 'NDCG@10': '0.1435', 'HR@20': '0.3649', 'NDCG@20': '0.1694'}
2025-06-14 00:58:43,340 - EarlyStopping counter: 1 out of 10
2025-06-14 00:58:50,941 - {'epoch': 22, 'rec_loss': '4.5617'}
2025-06-14 00:58:55,273 - {'Epoch': 22, 'HR@5': '0.1764', 'NDCG@5': '0.1165', 'HR@10': '0.2621', 'NDCG@10': '0.1443', 'HR@20': '0.3684', 'NDCG@20': '0.1712'}
2025-06-14 00:58:55,274 - Validation score increased.  Saving model ...
2025-06-14 00:59:02,847 - {'epoch': 23, 'rec_loss': '4.5505'}
2025-06-14 00:59:07,197 - {'Epoch': 23, 'HR@5': '0.1766', 'NDCG@5': '0.1150', 'HR@10': '0.2603', 'NDCG@10': '0.1420', 'HR@20': '0.3659', 'NDCG@20': '0.1687'}
2025-06-14 00:59:07,198 - EarlyStopping counter: 1 out of 10
2025-06-14 00:59:14,710 - {'epoch': 24, 'rec_loss': '4.5428'}
2025-06-14 00:59:19,131 - {'Epoch': 24, 'HR@5': '0.1757', 'NDCG@5': '0.1157', 'HR@10': '0.2638', 'NDCG@10': '0.1441', 'HR@20': '0.3655', 'NDCG@20': '0.1698'}
2025-06-14 00:59:19,134 - EarlyStopping counter: 2 out of 10
2025-06-14 00:59:26,821 - {'epoch': 25, 'rec_loss': '4.5316'}
2025-06-14 00:59:31,196 - {'Epoch': 25, 'HR@5': '0.1766', 'NDCG@5': '0.1171', 'HR@10': '0.2644', 'NDCG@10': '0.1454', 'HR@20': '0.3657', 'NDCG@20': '0.1710'}
2025-06-14 00:59:31,198 - EarlyStopping counter: 3 out of 10
2025-06-14 00:59:38,749 - {'epoch': 26, 'rec_loss': '4.5268'}
2025-06-14 00:59:43,159 - {'Epoch': 26, 'HR@5': '0.1771', 'NDCG@5': '0.1163', 'HR@10': '0.2638', 'NDCG@10': '0.1444', 'HR@20': '0.3650', 'NDCG@20': '0.1699'}
2025-06-14 00:59:43,161 - EarlyStopping counter: 4 out of 10
2025-06-14 00:59:50,875 - {'epoch': 27, 'rec_loss': '4.5225'}
2025-06-14 00:59:55,278 - {'Epoch': 27, 'HR@5': '0.1752', 'NDCG@5': '0.1154', 'HR@10': '0.2640', 'NDCG@10': '0.1441', 'HR@20': '0.3683', 'NDCG@20': '0.1704'}
2025-06-14 00:59:55,281 - EarlyStopping counter: 5 out of 10
2025-06-14 01:00:02,887 - {'epoch': 28, 'rec_loss': '4.5146'}
2025-06-14 01:00:07,354 - {'Epoch': 28, 'HR@5': '0.1764', 'NDCG@5': '0.1158', 'HR@10': '0.2646', 'NDCG@10': '0.1442', 'HR@20': '0.3654', 'NDCG@20': '0.1698'}
2025-06-14 01:00:07,356 - EarlyStopping counter: 6 out of 10
2025-06-14 01:00:14,933 - {'epoch': 29, 'rec_loss': '4.5019'}
2025-06-14 01:00:19,203 - {'Epoch': 29, 'HR@5': '0.1758', 'NDCG@5': '0.1160', 'HR@10': '0.2644', 'NDCG@10': '0.1445', 'HR@20': '0.3653', 'NDCG@20': '0.1700'}
2025-06-14 01:00:19,204 - EarlyStopping counter: 7 out of 10
2025-06-14 01:00:26,828 - {'epoch': 30, 'rec_loss': '4.4988'}
2025-06-14 01:00:31,210 - {'Epoch': 30, 'HR@5': '0.1757', 'NDCG@5': '0.1152', 'HR@10': '0.2647', 'NDCG@10': '0.1440', 'HR@20': '0.3660', 'NDCG@20': '0.1696'}
2025-06-14 01:00:31,213 - EarlyStopping counter: 8 out of 10
2025-06-14 01:00:38,876 - {'epoch': 31, 'rec_loss': '4.4920'}
2025-06-14 01:00:43,292 - {'Epoch': 31, 'HR@5': '0.1761', 'NDCG@5': '0.1159', 'HR@10': '0.2630', 'NDCG@10': '0.1439', 'HR@20': '0.3642', 'NDCG@20': '0.1696'}
2025-06-14 01:00:43,293 - EarlyStopping counter: 9 out of 10
2025-06-14 01:00:50,861 - {'epoch': 32, 'rec_loss': '4.4874'}
2025-06-14 01:00:55,323 - {'Epoch': 32, 'HR@5': '0.1743', 'NDCG@5': '0.1149', 'HR@10': '0.2647', 'NDCG@10': '0.1441', 'HR@20': '0.3635', 'NDCG@20': '0.1690'}
2025-06-14 01:00:55,326 - EarlyStopping counter: 10 out of 10
2025-06-14 01:00:55,326 - Early stopping
2025-06-14 01:00:55,326 - ---------------Validation Score---------------
2025-06-14 01:00:59,712 - {'Epoch': 0, 'HR@5': '0.1764', 'NDCG@5': '0.1165', 'HR@10': '0.2621', 'NDCG@10': '0.1443', 'HR@20': '0.3684', 'NDCG@20': '0.1712'}
2025-06-14 01:00:59,714 - BSARec_Diginetica
2025-06-14 01:00:59,714 - {'Epoch': 0, 'HR@5': '0.1764', 'NDCG@5': '0.1165', 'HR@10': '0.2621', 'NDCG@10': '0.1443', 'HR@20': '0.3684', 'NDCG@20': '0.1712'}
