2025-06-13 22:57:25,333 - Namespace(data_dir='data/self_processed/', output_dir='hparam_search/', data_name='Diginetica', train_name='BSARec_Diginetica', num_items=10, num_users=14829, lr=0.001, batch_size=256, epochs=200, no_cuda=False, log_freq=1, patience=10, num_workers=4, seed=42, weight_decay=0.0, adam_beta1=0.9, adam_beta2=0.999, gpu_id='0', variance=5, model_type='BSARec', max_seq_length=50, hidden_size=64, num_hidden_layers=2, hidden_act='gelu', num_attention_heads=1, attention_probs_dropout_prob=0.5, hidden_dropout_prob=0.5, initializer_range=0.02, c=7, alpha=0.7, cuda_condition=True, data_file='data/self_processed/Diginetica.txt', item_size=9441, checkpoint_path=PosixPath('/gpfs/home3/scur2771/BSARec/BSARec/src/hparam_search/BSARec_Diginetica/12367757_19/model.pt'), same_target_path='data/self_processed/Diginetica_same_target.npy')
2025-06-13 22:57:25,350 - BSARecModel(
  (item_embeddings): Embedding(9441, 64, padding_idx=0)
  (position_embeddings): Embedding(50, 64)
  (LayerNorm): LayerNorm()
  (dropout): Dropout(p=0.5, inplace=False)
  (item_encoder): BSARecEncoder(
    (blocks): ModuleList(
      (0): BSARecBlock(
        (layer): BSARecLayer(
          (filter_layer): FrequencyLayer(
            (out_dropout): Dropout(p=0.5, inplace=False)
            (LayerNorm): LayerNorm()
          )
          (attention_layer): MultiHeadAttention(
            (query): Linear(in_features=64, out_features=64, bias=True)
            (key): Linear(in_features=64, out_features=64, bias=True)
            (value): Linear(in_features=64, out_features=64, bias=True)
            (softmax): Softmax(dim=-1)
            (attn_dropout): Dropout(p=0.5, inplace=False)
            (dense): Linear(in_features=64, out_features=64, bias=True)
            (LayerNorm): LayerNorm((64,), eps=1e-12, elementwise_affine=True)
            (out_dropout): Dropout(p=0.5, inplace=False)
          )
        )
        (feed_forward): FeedForward(
          (dense_1): Linear(in_features=64, out_features=256, bias=True)
          (dense_2): Linear(in_features=256, out_features=64, bias=True)
          (LayerNorm): LayerNorm()
          (dropout): Dropout(p=0.5, inplace=False)
        )
      )
      (1): BSARecBlock(
        (layer): BSARecLayer(
          (filter_layer): FrequencyLayer(
            (out_dropout): Dropout(p=0.5, inplace=False)
            (LayerNorm): LayerNorm()
          )
          (attention_layer): MultiHeadAttention(
            (query): Linear(in_features=64, out_features=64, bias=True)
            (key): Linear(in_features=64, out_features=64, bias=True)
            (value): Linear(in_features=64, out_features=64, bias=True)
            (softmax): Softmax(dim=-1)
            (attn_dropout): Dropout(p=0.5, inplace=False)
            (dense): Linear(in_features=64, out_features=64, bias=True)
            (LayerNorm): LayerNorm((64,), eps=1e-12, elementwise_affine=True)
            (out_dropout): Dropout(p=0.5, inplace=False)
          )
        )
        (feed_forward): FeedForward(
          (dense_1): Linear(in_features=64, out_features=256, bias=True)
          (dense_2): Linear(in_features=256, out_features=64, bias=True)
          (LayerNorm): LayerNorm()
          (dropout): Dropout(p=0.5, inplace=False)
        )
      )
    )
  )
)
2025-06-13 22:57:27,484 - Total Parameters: 707904
2025-06-13 22:57:35,918 - {'epoch': 0, 'rec_loss': '8.7033'}
2025-06-13 22:57:40,166 - {'Epoch': 0, 'HR@5': '0.0236', 'NDCG@5': '0.0156', 'HR@10': '0.0326', 'NDCG@10': '0.0185', 'HR@20': '0.0450', 'NDCG@20': '0.0217'}
2025-06-13 22:57:40,167 - Validation score increased.  Saving model ...
2025-06-13 22:57:47,569 - {'epoch': 1, 'rec_loss': '7.6346'}
2025-06-13 22:57:51,840 - {'Epoch': 1, 'HR@5': '0.0945', 'NDCG@5': '0.0625', 'HR@10': '0.1429', 'NDCG@10': '0.0781', 'HR@20': '0.2002', 'NDCG@20': '0.0925'}
2025-06-13 22:57:51,842 - Validation score increased.  Saving model ...
2025-06-13 22:57:59,232 - {'epoch': 2, 'rec_loss': '6.3398'}
2025-06-13 22:58:03,527 - {'Epoch': 2, 'HR@5': '0.1289', 'NDCG@5': '0.0853', 'HR@10': '0.1971', 'NDCG@10': '0.1073', 'HR@20': '0.2766', 'NDCG@20': '0.1273'}
2025-06-13 22:58:03,529 - Validation score increased.  Saving model ...
2025-06-13 22:58:11,006 - {'epoch': 3, 'rec_loss': '5.5784'}
2025-06-13 22:58:15,338 - {'Epoch': 3, 'HR@5': '0.1496', 'NDCG@5': '0.0983', 'HR@10': '0.2268', 'NDCG@10': '0.1232', 'HR@20': '0.3166', 'NDCG@20': '0.1458'}
2025-06-13 22:58:15,340 - Validation score increased.  Saving model ...
2025-06-13 22:58:22,676 - {'epoch': 4, 'rec_loss': '5.2140'}
2025-06-13 22:58:27,062 - {'Epoch': 4, 'HR@5': '0.1617', 'NDCG@5': '0.1050', 'HR@10': '0.2411', 'NDCG@10': '0.1306', 'HR@20': '0.3383', 'NDCG@20': '0.1551'}
2025-06-13 22:58:27,064 - Validation score increased.  Saving model ...
2025-06-13 22:58:34,479 - {'epoch': 5, 'rec_loss': '5.0394'}
2025-06-13 22:58:38,811 - {'Epoch': 5, 'HR@5': '0.1651', 'NDCG@5': '0.1074', 'HR@10': '0.2466', 'NDCG@10': '0.1336', 'HR@20': '0.3461', 'NDCG@20': '0.1588'}
2025-06-13 22:58:38,813 - Validation score increased.  Saving model ...
2025-06-13 22:58:46,197 - {'epoch': 6, 'rec_loss': '4.9420'}
2025-06-13 22:58:50,716 - {'Epoch': 6, 'HR@5': '0.1696', 'NDCG@5': '0.1114', 'HR@10': '0.2542', 'NDCG@10': '0.1387', 'HR@20': '0.3508', 'NDCG@20': '0.1631'}
2025-06-13 22:58:50,716 - Validation score increased.  Saving model ...
2025-06-13 22:58:58,143 - {'epoch': 7, 'rec_loss': '4.8800'}
2025-06-13 22:59:02,592 - {'Epoch': 7, 'HR@5': '0.1676', 'NDCG@5': '0.1099', 'HR@10': '0.2548', 'NDCG@10': '0.1381', 'HR@20': '0.3546', 'NDCG@20': '0.1633'}
2025-06-13 22:59:02,593 - Validation score increased.  Saving model ...
2025-06-13 22:59:10,050 - {'epoch': 8, 'rec_loss': '4.8268'}
2025-06-13 22:59:14,467 - {'Epoch': 8, 'HR@5': '0.1693', 'NDCG@5': '0.1103', 'HR@10': '0.2578', 'NDCG@10': '0.1388', 'HR@20': '0.3567', 'NDCG@20': '0.1638'}
2025-06-13 22:59:14,473 - Validation score increased.  Saving model ...
2025-06-13 22:59:21,822 - {'epoch': 9, 'rec_loss': '4.7909'}
2025-06-13 22:59:26,295 - {'Epoch': 9, 'HR@5': '0.1706', 'NDCG@5': '0.1107', 'HR@10': '0.2561', 'NDCG@10': '0.1382', 'HR@20': '0.3583', 'NDCG@20': '0.1640'}
2025-06-13 22:59:26,298 - Validation score increased.  Saving model ...
2025-06-13 22:59:33,687 - {'epoch': 10, 'rec_loss': '4.7612'}
2025-06-13 22:59:38,055 - {'Epoch': 10, 'HR@5': '0.1683', 'NDCG@5': '0.1108', 'HR@10': '0.2586', 'NDCG@10': '0.1400', 'HR@20': '0.3595', 'NDCG@20': '0.1655'}
2025-06-13 22:59:38,056 - Validation score increased.  Saving model ...
2025-06-13 22:59:45,529 - {'epoch': 11, 'rec_loss': '4.7338'}
2025-06-13 22:59:49,901 - {'Epoch': 11, 'HR@5': '0.1678', 'NDCG@5': '0.1099', 'HR@10': '0.2582', 'NDCG@10': '0.1390', 'HR@20': '0.3591', 'NDCG@20': '0.1646'}
2025-06-13 22:59:49,904 - EarlyStopping counter: 1 out of 10
2025-06-13 22:59:57,373 - {'epoch': 12, 'rec_loss': '4.7131'}
2025-06-13 23:00:01,771 - {'Epoch': 12, 'HR@5': '0.1709', 'NDCG@5': '0.1113', 'HR@10': '0.2594', 'NDCG@10': '0.1398', 'HR@20': '0.3616', 'NDCG@20': '0.1656'}
2025-06-13 23:00:01,773 - Validation score increased.  Saving model ...
2025-06-13 23:00:09,161 - {'epoch': 13, 'rec_loss': '4.6950'}
2025-06-13 23:00:13,537 - {'Epoch': 13, 'HR@5': '0.1700', 'NDCG@5': '0.1118', 'HR@10': '0.2586', 'NDCG@10': '0.1403', 'HR@20': '0.3611', 'NDCG@20': '0.1662'}
2025-06-13 23:00:13,539 - Validation score increased.  Saving model ...
2025-06-13 23:00:20,874 - {'epoch': 14, 'rec_loss': '4.6741'}
2025-06-13 23:00:25,420 - {'Epoch': 14, 'HR@5': '0.1706', 'NDCG@5': '0.1115', 'HR@10': '0.2574', 'NDCG@10': '0.1395', 'HR@20': '0.3618', 'NDCG@20': '0.1658'}
2025-06-13 23:00:25,423 - EarlyStopping counter: 1 out of 10
2025-06-13 23:00:32,770 - {'epoch': 15, 'rec_loss': '4.6633'}
2025-06-13 23:00:37,124 - {'Epoch': 15, 'HR@5': '0.1668', 'NDCG@5': '0.1101', 'HR@10': '0.2594', 'NDCG@10': '0.1400', 'HR@20': '0.3633', 'NDCG@20': '0.1662'}
2025-06-13 23:00:37,126 - EarlyStopping counter: 2 out of 10
2025-06-13 23:00:44,547 - {'epoch': 16, 'rec_loss': '4.6431'}
2025-06-13 23:00:48,858 - {'Epoch': 16, 'HR@5': '0.1677', 'NDCG@5': '0.1097', 'HR@10': '0.2569', 'NDCG@10': '0.1385', 'HR@20': '0.3591', 'NDCG@20': '0.1644'}
2025-06-13 23:00:48,860 - EarlyStopping counter: 3 out of 10
2025-06-13 23:00:56,356 - {'epoch': 17, 'rec_loss': '4.6292'}
2025-06-13 23:01:00,750 - {'Epoch': 17, 'HR@5': '0.1695', 'NDCG@5': '0.1105', 'HR@10': '0.2574', 'NDCG@10': '0.1389', 'HR@20': '0.3593', 'NDCG@20': '0.1646'}
2025-06-13 23:01:00,752 - EarlyStopping counter: 4 out of 10
2025-06-13 23:01:08,036 - {'epoch': 18, 'rec_loss': '4.6146'}
2025-06-13 23:01:12,456 - {'Epoch': 18, 'HR@5': '0.1710', 'NDCG@5': '0.1118', 'HR@10': '0.2580', 'NDCG@10': '0.1398', 'HR@20': '0.3586', 'NDCG@20': '0.1652'}
2025-06-13 23:01:12,458 - EarlyStopping counter: 5 out of 10
2025-06-13 23:01:19,738 - {'epoch': 19, 'rec_loss': '4.6073'}
2025-06-13 23:01:24,208 - {'Epoch': 19, 'HR@5': '0.1693', 'NDCG@5': '0.1099', 'HR@10': '0.2555', 'NDCG@10': '0.1378', 'HR@20': '0.3575', 'NDCG@20': '0.1636'}
2025-06-13 23:01:24,211 - EarlyStopping counter: 6 out of 10
2025-06-13 23:01:31,601 - {'epoch': 20, 'rec_loss': '4.5970'}
2025-06-13 23:01:36,068 - {'Epoch': 20, 'HR@5': '0.1745', 'NDCG@5': '0.1131', 'HR@10': '0.2588', 'NDCG@10': '0.1402', 'HR@20': '0.3607', 'NDCG@20': '0.1659'}
2025-06-13 23:01:36,070 - EarlyStopping counter: 7 out of 10
2025-06-13 23:01:43,401 - {'epoch': 21, 'rec_loss': '4.5853'}
2025-06-13 23:01:47,879 - {'Epoch': 21, 'HR@5': '0.1726', 'NDCG@5': '0.1120', 'HR@10': '0.2575', 'NDCG@10': '0.1394', 'HR@20': '0.3582', 'NDCG@20': '0.1649'}
2025-06-13 23:01:47,881 - EarlyStopping counter: 8 out of 10
2025-06-13 23:01:55,301 - {'epoch': 22, 'rec_loss': '4.5758'}
2025-06-13 23:01:59,673 - {'Epoch': 22, 'HR@5': '0.1731', 'NDCG@5': '0.1124', 'HR@10': '0.2567', 'NDCG@10': '0.1394', 'HR@20': '0.3601', 'NDCG@20': '0.1655'}
2025-06-13 23:01:59,675 - EarlyStopping counter: 9 out of 10
2025-06-13 23:02:06,970 - {'epoch': 23, 'rec_loss': '4.5660'}
2025-06-13 23:02:11,313 - {'Epoch': 23, 'HR@5': '0.1687', 'NDCG@5': '0.1101', 'HR@10': '0.2555', 'NDCG@10': '0.1380', 'HR@20': '0.3568', 'NDCG@20': '0.1637'}
2025-06-13 23:02:11,315 - EarlyStopping counter: 10 out of 10
2025-06-13 23:02:11,315 - Early stopping
2025-06-13 23:02:11,315 - ---------------Validation Score---------------
2025-06-13 23:02:15,719 - {'Epoch': 0, 'HR@5': '0.1700', 'NDCG@5': '0.1118', 'HR@10': '0.2586', 'NDCG@10': '0.1403', 'HR@20': '0.3611', 'NDCG@20': '0.1662'}
2025-06-13 23:02:15,722 - BSARec_Diginetica
2025-06-13 23:02:15,722 - {'Epoch': 0, 'HR@5': '0.1700', 'NDCG@5': '0.1118', 'HR@10': '0.2586', 'NDCG@10': '0.1403', 'HR@20': '0.3611', 'NDCG@20': '0.1662'}
