2025-06-13 23:42:23,747 - Namespace(data_dir='data/self_processed/', output_dir='hparam_search/', data_name='Diginetica', train_name='BSARec_Diginetica', num_items=10, num_users=14829, lr=0.001, batch_size=256, epochs=200, no_cuda=False, log_freq=1, patience=10, num_workers=4, seed=42, weight_decay=0.0, adam_beta1=0.9, adam_beta2=0.999, gpu_id='0', variance=5, model_type='BSARec', max_seq_length=50, hidden_size=64, num_hidden_layers=2, hidden_act='gelu', num_attention_heads=4, attention_probs_dropout_prob=0.5, hidden_dropout_prob=0.5, initializer_range=0.02, c=7, alpha=0.9, cuda_condition=True, data_file='data/self_processed/Diginetica.txt', item_size=9441, checkpoint_path=PosixPath('/gpfs/home3/scur2771/BSARec/BSARec/src/hparam_search/BSARec_Diginetica/12367757_70/model.pt'), same_target_path='data/self_processed/Diginetica_same_target.npy')
2025-06-13 23:42:23,765 - BSARecModel(
  (item_embeddings): Embedding(9441, 64, padding_idx=0)
  (position_embeddings): Embedding(50, 64)
  (LayerNorm): LayerNorm()
  (dropout): Dropout(p=0.5, inplace=False)
  (item_encoder): BSARecEncoder(
    (blocks): ModuleList(
      (0): BSARecBlock(
        (layer): BSARecLayer(
          (filter_layer): FrequencyLayer(
            (out_dropout): Dropout(p=0.5, inplace=False)
            (LayerNorm): LayerNorm()
          )
          (attention_layer): MultiHeadAttention(
            (query): Linear(in_features=64, out_features=64, bias=True)
            (key): Linear(in_features=64, out_features=64, bias=True)
            (value): Linear(in_features=64, out_features=64, bias=True)
            (softmax): Softmax(dim=-1)
            (attn_dropout): Dropout(p=0.5, inplace=False)
            (dense): Linear(in_features=64, out_features=64, bias=True)
            (LayerNorm): LayerNorm((64,), eps=1e-12, elementwise_affine=True)
            (out_dropout): Dropout(p=0.5, inplace=False)
          )
        )
        (feed_forward): FeedForward(
          (dense_1): Linear(in_features=64, out_features=256, bias=True)
          (dense_2): Linear(in_features=256, out_features=64, bias=True)
          (LayerNorm): LayerNorm()
          (dropout): Dropout(p=0.5, inplace=False)
        )
      )
      (1): BSARecBlock(
        (layer): BSARecLayer(
          (filter_layer): FrequencyLayer(
            (out_dropout): Dropout(p=0.5, inplace=False)
            (LayerNorm): LayerNorm()
          )
          (attention_layer): MultiHeadAttention(
            (query): Linear(in_features=64, out_features=64, bias=True)
            (key): Linear(in_features=64, out_features=64, bias=True)
            (value): Linear(in_features=64, out_features=64, bias=True)
            (softmax): Softmax(dim=-1)
            (attn_dropout): Dropout(p=0.5, inplace=False)
            (dense): Linear(in_features=64, out_features=64, bias=True)
            (LayerNorm): LayerNorm((64,), eps=1e-12, elementwise_affine=True)
            (out_dropout): Dropout(p=0.5, inplace=False)
          )
        )
        (feed_forward): FeedForward(
          (dense_1): Linear(in_features=64, out_features=256, bias=True)
          (dense_2): Linear(in_features=256, out_features=64, bias=True)
          (LayerNorm): LayerNorm()
          (dropout): Dropout(p=0.5, inplace=False)
        )
      )
    )
  )
)
2025-06-13 23:42:25,938 - Total Parameters: 707904
2025-06-13 23:42:34,538 - {'epoch': 0, 'rec_loss': '8.7345'}
2025-06-13 23:42:38,807 - {'Epoch': 0, 'HR@5': '0.0150', 'NDCG@5': '0.0103', 'HR@10': '0.0222', 'NDCG@10': '0.0126', 'HR@20': '0.0342', 'NDCG@20': '0.0157'}
2025-06-13 23:42:38,807 - Validation score increased.  Saving model ...
2025-06-13 23:42:46,380 - {'epoch': 1, 'rec_loss': '7.8131'}
2025-06-13 23:42:50,722 - {'Epoch': 1, 'HR@5': '0.0858', 'NDCG@5': '0.0557', 'HR@10': '0.1289', 'NDCG@10': '0.0695', 'HR@20': '0.1810', 'NDCG@20': '0.0826'}
2025-06-13 23:42:50,723 - Validation score increased.  Saving model ...
2025-06-13 23:42:58,334 - {'epoch': 2, 'rec_loss': '6.5095'}
2025-06-13 23:43:02,666 - {'Epoch': 2, 'HR@5': '0.1260', 'NDCG@5': '0.0824', 'HR@10': '0.1907', 'NDCG@10': '0.1032', 'HR@20': '0.2701', 'NDCG@20': '0.1232'}
2025-06-13 23:43:02,667 - Validation score increased.  Saving model ...
2025-06-13 23:43:10,220 - {'epoch': 3, 'rec_loss': '5.6828'}
2025-06-13 23:43:14,622 - {'Epoch': 3, 'HR@5': '0.1479', 'NDCG@5': '0.0973', 'HR@10': '0.2221', 'NDCG@10': '0.1212', 'HR@20': '0.3128', 'NDCG@20': '0.1441'}
2025-06-13 23:43:14,623 - Validation score increased.  Saving model ...
2025-06-13 23:43:22,183 - {'epoch': 4, 'rec_loss': '5.2720'}
2025-06-13 23:43:26,629 - {'Epoch': 4, 'HR@5': '0.1554', 'NDCG@5': '0.1018', 'HR@10': '0.2364', 'NDCG@10': '0.1279', 'HR@20': '0.3346', 'NDCG@20': '0.1527'}
2025-06-13 23:43:26,630 - Validation score increased.  Saving model ...
2025-06-13 23:43:34,161 - {'epoch': 5, 'rec_loss': '5.0735'}
2025-06-13 23:43:38,619 - {'Epoch': 5, 'HR@5': '0.1637', 'NDCG@5': '0.1074', 'HR@10': '0.2474', 'NDCG@10': '0.1342', 'HR@20': '0.3426', 'NDCG@20': '0.1583'}
2025-06-13 23:43:38,620 - Validation score increased.  Saving model ...
2025-06-13 23:43:46,223 - {'epoch': 6, 'rec_loss': '4.9704'}
2025-06-13 23:43:50,636 - {'Epoch': 6, 'HR@5': '0.1658', 'NDCG@5': '0.1088', 'HR@10': '0.2508', 'NDCG@10': '0.1362', 'HR@20': '0.3499', 'NDCG@20': '0.1612'}
2025-06-13 23:43:50,637 - Validation score increased.  Saving model ...
2025-06-13 23:43:58,239 - {'epoch': 7, 'rec_loss': '4.8992'}
2025-06-13 23:44:02,725 - {'Epoch': 7, 'HR@5': '0.1641', 'NDCG@5': '0.1075', 'HR@10': '0.2521', 'NDCG@10': '0.1358', 'HR@20': '0.3524', 'NDCG@20': '0.1612'}
2025-06-13 23:44:02,726 - EarlyStopping counter: 1 out of 10
2025-06-13 23:44:10,271 - {'epoch': 8, 'rec_loss': '4.8486'}
2025-06-13 23:44:14,691 - {'Epoch': 8, 'HR@5': '0.1668', 'NDCG@5': '0.1097', 'HR@10': '0.2542', 'NDCG@10': '0.1378', 'HR@20': '0.3543', 'NDCG@20': '0.1631'}
2025-06-13 23:44:14,692 - Validation score increased.  Saving model ...
2025-06-13 23:44:22,246 - {'epoch': 9, 'rec_loss': '4.8111'}
2025-06-13 23:44:26,780 - {'Epoch': 9, 'HR@5': '0.1695', 'NDCG@5': '0.1111', 'HR@10': '0.2529', 'NDCG@10': '0.1380', 'HR@20': '0.3551', 'NDCG@20': '0.1638'}
2025-06-13 23:44:26,781 - Validation score increased.  Saving model ...
2025-06-13 23:44:34,345 - {'epoch': 10, 'rec_loss': '4.7753'}
2025-06-13 23:44:38,830 - {'Epoch': 10, 'HR@5': '0.1675', 'NDCG@5': '0.1106', 'HR@10': '0.2574', 'NDCG@10': '0.1396', 'HR@20': '0.3563', 'NDCG@20': '0.1646'}
2025-06-13 23:44:38,835 - Validation score increased.  Saving model ...
2025-06-13 23:44:46,441 - {'epoch': 11, 'rec_loss': '4.7530'}
2025-06-13 23:44:50,860 - {'Epoch': 11, 'HR@5': '0.1691', 'NDCG@5': '0.1108', 'HR@10': '0.2576', 'NDCG@10': '0.1393', 'HR@20': '0.3572', 'NDCG@20': '0.1644'}
2025-06-13 23:44:50,861 - EarlyStopping counter: 1 out of 10
2025-06-13 23:44:58,400 - {'epoch': 12, 'rec_loss': '4.7271'}
2025-06-13 23:45:02,811 - {'Epoch': 12, 'HR@5': '0.1691', 'NDCG@5': '0.1112', 'HR@10': '0.2565', 'NDCG@10': '0.1393', 'HR@20': '0.3588', 'NDCG@20': '0.1652'}
2025-06-13 23:45:02,812 - Validation score increased.  Saving model ...
2025-06-13 23:45:10,340 - {'epoch': 13, 'rec_loss': '4.7065'}
2025-06-13 23:45:14,738 - {'Epoch': 13, 'HR@5': '0.1715', 'NDCG@5': '0.1119', 'HR@10': '0.2567', 'NDCG@10': '0.1394', 'HR@20': '0.3578', 'NDCG@20': '0.1649'}
2025-06-13 23:45:14,739 - EarlyStopping counter: 1 out of 10
2025-06-13 23:45:22,272 - {'epoch': 14, 'rec_loss': '4.6812'}
2025-06-13 23:45:26,689 - {'Epoch': 14, 'HR@5': '0.1691', 'NDCG@5': '0.1114', 'HR@10': '0.2599', 'NDCG@10': '0.1406', 'HR@20': '0.3599', 'NDCG@20': '0.1658'}
2025-06-13 23:45:26,693 - Validation score increased.  Saving model ...
2025-06-13 23:45:34,160 - {'epoch': 15, 'rec_loss': '4.6773'}
2025-06-13 23:45:38,610 - {'Epoch': 15, 'HR@5': '0.1677', 'NDCG@5': '0.1109', 'HR@10': '0.2562', 'NDCG@10': '0.1395', 'HR@20': '0.3592', 'NDCG@20': '0.1655'}
2025-06-13 23:45:38,611 - EarlyStopping counter: 1 out of 10
2025-06-13 23:45:46,180 - {'epoch': 16, 'rec_loss': '4.6567'}
2025-06-13 23:45:50,675 - {'Epoch': 16, 'HR@5': '0.1680', 'NDCG@5': '0.1100', 'HR@10': '0.2538', 'NDCG@10': '0.1377', 'HR@20': '0.3582', 'NDCG@20': '0.1641'}
2025-06-13 23:45:50,676 - EarlyStopping counter: 2 out of 10
2025-06-13 23:45:58,236 - {'epoch': 17, 'rec_loss': '4.6441'}
2025-06-13 23:46:02,667 - {'Epoch': 17, 'HR@5': '0.1711', 'NDCG@5': '0.1120', 'HR@10': '0.2564', 'NDCG@10': '0.1395', 'HR@20': '0.3588', 'NDCG@20': '0.1653'}
2025-06-13 23:46:02,668 - EarlyStopping counter: 3 out of 10
2025-06-13 23:46:10,219 - {'epoch': 18, 'rec_loss': '4.6302'}
2025-06-13 23:46:14,637 - {'Epoch': 18, 'HR@5': '0.1678', 'NDCG@5': '0.1101', 'HR@10': '0.2568', 'NDCG@10': '0.1388', 'HR@20': '0.3564', 'NDCG@20': '0.1640'}
2025-06-13 23:46:14,638 - EarlyStopping counter: 4 out of 10
2025-06-13 23:46:22,234 - {'epoch': 19, 'rec_loss': '4.6125'}
2025-06-13 23:46:26,741 - {'Epoch': 19, 'HR@5': '0.1700', 'NDCG@5': '0.1107', 'HR@10': '0.2553', 'NDCG@10': '0.1382', 'HR@20': '0.3563', 'NDCG@20': '0.1637'}
2025-06-13 23:46:26,742 - EarlyStopping counter: 5 out of 10
2025-06-13 23:46:34,251 - {'epoch': 20, 'rec_loss': '4.6027'}
2025-06-13 23:46:38,611 - {'Epoch': 20, 'HR@5': '0.1720', 'NDCG@5': '0.1118', 'HR@10': '0.2564', 'NDCG@10': '0.1390', 'HR@20': '0.3598', 'NDCG@20': '0.1651'}
2025-06-13 23:46:38,612 - EarlyStopping counter: 6 out of 10
2025-06-13 23:46:46,169 - {'epoch': 21, 'rec_loss': '4.5925'}
2025-06-13 23:46:50,644 - {'Epoch': 21, 'HR@5': '0.1728', 'NDCG@5': '0.1123', 'HR@10': '0.2552', 'NDCG@10': '0.1389', 'HR@20': '0.3586', 'NDCG@20': '0.1649'}
2025-06-13 23:46:50,645 - EarlyStopping counter: 7 out of 10
2025-06-13 23:46:58,306 - {'epoch': 22, 'rec_loss': '4.5778'}
2025-06-13 23:47:02,784 - {'Epoch': 22, 'HR@5': '0.1704', 'NDCG@5': '0.1123', 'HR@10': '0.2588', 'NDCG@10': '0.1408', 'HR@20': '0.3587', 'NDCG@20': '0.1660'}
2025-06-13 23:47:02,785 - Validation score increased.  Saving model ...
2025-06-13 23:47:10,285 - {'epoch': 23, 'rec_loss': '4.5733'}
2025-06-13 23:47:14,764 - {'Epoch': 23, 'HR@5': '0.1713', 'NDCG@5': '0.1115', 'HR@10': '0.2549', 'NDCG@10': '0.1384', 'HR@20': '0.3563', 'NDCG@20': '0.1640'}
2025-06-13 23:47:14,765 - EarlyStopping counter: 1 out of 10
2025-06-13 23:47:22,345 - {'epoch': 24, 'rec_loss': '4.5618'}
2025-06-13 23:47:26,783 - {'Epoch': 24, 'HR@5': '0.1687', 'NDCG@5': '0.1108', 'HR@10': '0.2551', 'NDCG@10': '0.1387', 'HR@20': '0.3574', 'NDCG@20': '0.1645'}
2025-06-13 23:47:26,784 - EarlyStopping counter: 2 out of 10
2025-06-13 23:47:34,408 - {'epoch': 25, 'rec_loss': '4.5509'}
2025-06-13 23:47:38,857 - {'Epoch': 25, 'HR@5': '0.1739', 'NDCG@5': '0.1137', 'HR@10': '0.2591', 'NDCG@10': '0.1412', 'HR@20': '0.3561', 'NDCG@20': '0.1657'}
2025-06-13 23:47:38,858 - EarlyStopping counter: 3 out of 10
2025-06-13 23:47:46,491 - {'epoch': 26, 'rec_loss': '4.5432'}
2025-06-13 23:47:51,035 - {'Epoch': 26, 'HR@5': '0.1706', 'NDCG@5': '0.1122', 'HR@10': '0.2588', 'NDCG@10': '0.1407', 'HR@20': '0.3559', 'NDCG@20': '0.1652'}
2025-06-13 23:47:51,035 - EarlyStopping counter: 4 out of 10
2025-06-13 23:47:58,700 - {'epoch': 27, 'rec_loss': '4.5372'}
2025-06-13 23:48:03,072 - {'Epoch': 27, 'HR@5': '0.1724', 'NDCG@5': '0.1125', 'HR@10': '0.2596', 'NDCG@10': '0.1406', 'HR@20': '0.3569', 'NDCG@20': '0.1651'}
2025-06-13 23:48:03,073 - EarlyStopping counter: 5 out of 10
2025-06-13 23:48:10,561 - {'epoch': 28, 'rec_loss': '4.5269'}
2025-06-13 23:48:15,098 - {'Epoch': 28, 'HR@5': '0.1683', 'NDCG@5': '0.1101', 'HR@10': '0.2572', 'NDCG@10': '0.1390', 'HR@20': '0.3572', 'NDCG@20': '0.1642'}
2025-06-13 23:48:15,099 - EarlyStopping counter: 6 out of 10
2025-06-13 23:48:22,685 - {'epoch': 29, 'rec_loss': '4.5196'}
2025-06-13 23:48:27,113 - {'Epoch': 29, 'HR@5': '0.1676', 'NDCG@5': '0.1109', 'HR@10': '0.2546', 'NDCG@10': '0.1389', 'HR@20': '0.3555', 'NDCG@20': '0.1645'}
2025-06-13 23:48:27,114 - EarlyStopping counter: 7 out of 10
2025-06-13 23:48:34,593 - {'epoch': 30, 'rec_loss': '4.5112'}
2025-06-13 23:48:39,053 - {'Epoch': 30, 'HR@5': '0.1693', 'NDCG@5': '0.1105', 'HR@10': '0.2544', 'NDCG@10': '0.1380', 'HR@20': '0.3568', 'NDCG@20': '0.1639'}
2025-06-13 23:48:39,054 - EarlyStopping counter: 8 out of 10
2025-06-13 23:48:46,515 - {'epoch': 31, 'rec_loss': '4.4996'}
2025-06-13 23:48:51,001 - {'Epoch': 31, 'HR@5': '0.1699', 'NDCG@5': '0.1119', 'HR@10': '0.2575', 'NDCG@10': '0.1402', 'HR@20': '0.3560', 'NDCG@20': '0.1651'}
2025-06-13 23:48:51,002 - EarlyStopping counter: 9 out of 10
2025-06-13 23:48:58,574 - {'epoch': 32, 'rec_loss': '4.4989'}
2025-06-13 23:49:03,001 - {'Epoch': 32, 'HR@5': '0.1691', 'NDCG@5': '0.1105', 'HR@10': '0.2579', 'NDCG@10': '0.1391', 'HR@20': '0.3584', 'NDCG@20': '0.1645'}
2025-06-13 23:49:03,002 - EarlyStopping counter: 10 out of 10
2025-06-13 23:49:03,002 - Early stopping
2025-06-13 23:49:03,002 - ---------------Validation Score---------------
2025-06-13 23:49:07,402 - {'Epoch': 0, 'HR@5': '0.1704', 'NDCG@5': '0.1123', 'HR@10': '0.2588', 'NDCG@10': '0.1408', 'HR@20': '0.3587', 'NDCG@20': '0.1660'}
2025-06-13 23:49:07,403 - BSARec_Diginetica
2025-06-13 23:49:07,403 - {'Epoch': 0, 'HR@5': '0.1704', 'NDCG@5': '0.1123', 'HR@10': '0.2588', 'NDCG@10': '0.1408', 'HR@20': '0.3587', 'NDCG@20': '0.1660'}
