2025-06-13 23:13:15,116 - Namespace(data_dir='data/self_processed/', output_dir='hparam_search/', data_name='Diginetica', train_name='BSARec_Diginetica', num_items=10, num_users=14829, lr=0.001, batch_size=256, epochs=200, no_cuda=False, log_freq=1, patience=10, num_workers=4, seed=42, weight_decay=0.0, adam_beta1=0.9, adam_beta2=0.999, gpu_id='0', variance=5, model_type='BSARec', max_seq_length=50, hidden_size=64, num_hidden_layers=2, hidden_act='gelu', num_attention_heads=2, attention_probs_dropout_prob=0.5, hidden_dropout_prob=0.5, initializer_range=0.02, c=5, alpha=0.7, cuda_condition=True, data_file='data/self_processed/Diginetica.txt', item_size=9441, checkpoint_path=PosixPath('/gpfs/home3/scur2771/BSARec/BSARec/src/hparam_search/BSARec_Diginetica/12367757_39/model.pt'), same_target_path='data/self_processed/Diginetica_same_target.npy')
2025-06-13 23:13:15,134 - BSARecModel(
  (item_embeddings): Embedding(9441, 64, padding_idx=0)
  (position_embeddings): Embedding(50, 64)
  (LayerNorm): LayerNorm()
  (dropout): Dropout(p=0.5, inplace=False)
  (item_encoder): BSARecEncoder(
    (blocks): ModuleList(
      (0): BSARecBlock(
        (layer): BSARecLayer(
          (filter_layer): FrequencyLayer(
            (out_dropout): Dropout(p=0.5, inplace=False)
            (LayerNorm): LayerNorm()
          )
          (attention_layer): MultiHeadAttention(
            (query): Linear(in_features=64, out_features=64, bias=True)
            (key): Linear(in_features=64, out_features=64, bias=True)
            (value): Linear(in_features=64, out_features=64, bias=True)
            (softmax): Softmax(dim=-1)
            (attn_dropout): Dropout(p=0.5, inplace=False)
            (dense): Linear(in_features=64, out_features=64, bias=True)
            (LayerNorm): LayerNorm((64,), eps=1e-12, elementwise_affine=True)
            (out_dropout): Dropout(p=0.5, inplace=False)
          )
        )
        (feed_forward): FeedForward(
          (dense_1): Linear(in_features=64, out_features=256, bias=True)
          (dense_2): Linear(in_features=256, out_features=64, bias=True)
          (LayerNorm): LayerNorm()
          (dropout): Dropout(p=0.5, inplace=False)
        )
      )
      (1): BSARecBlock(
        (layer): BSARecLayer(
          (filter_layer): FrequencyLayer(
            (out_dropout): Dropout(p=0.5, inplace=False)
            (LayerNorm): LayerNorm()
          )
          (attention_layer): MultiHeadAttention(
            (query): Linear(in_features=64, out_features=64, bias=True)
            (key): Linear(in_features=64, out_features=64, bias=True)
            (value): Linear(in_features=64, out_features=64, bias=True)
            (softmax): Softmax(dim=-1)
            (attn_dropout): Dropout(p=0.5, inplace=False)
            (dense): Linear(in_features=64, out_features=64, bias=True)
            (LayerNorm): LayerNorm((64,), eps=1e-12, elementwise_affine=True)
            (out_dropout): Dropout(p=0.5, inplace=False)
          )
        )
        (feed_forward): FeedForward(
          (dense_1): Linear(in_features=64, out_features=256, bias=True)
          (dense_2): Linear(in_features=256, out_features=64, bias=True)
          (LayerNorm): LayerNorm()
          (dropout): Dropout(p=0.5, inplace=False)
        )
      )
    )
  )
)
2025-06-13 23:13:17,296 - Total Parameters: 707904
2025-06-13 23:13:25,955 - {'epoch': 0, 'rec_loss': '8.7044'}
2025-06-13 23:13:30,159 - {'Epoch': 0, 'HR@5': '0.0222', 'NDCG@5': '0.0153', 'HR@10': '0.0322', 'NDCG@10': '0.0185', 'HR@20': '0.0465', 'NDCG@20': '0.0221'}
2025-06-13 23:13:30,161 - Validation score increased.  Saving model ...
2025-06-13 23:13:37,677 - {'epoch': 1, 'rec_loss': '7.6372'}
2025-06-13 23:13:41,813 - {'Epoch': 1, 'HR@5': '0.0921', 'NDCG@5': '0.0608', 'HR@10': '0.1382', 'NDCG@10': '0.0757', 'HR@20': '0.1965', 'NDCG@20': '0.0904'}
2025-06-13 23:13:41,815 - Validation score increased.  Saving model ...
2025-06-13 23:13:49,384 - {'epoch': 2, 'rec_loss': '6.3392'}
2025-06-13 23:13:53,654 - {'Epoch': 2, 'HR@5': '0.1301', 'NDCG@5': '0.0857', 'HR@10': '0.1983', 'NDCG@10': '0.1077', 'HR@20': '0.2754', 'NDCG@20': '0.1271'}
2025-06-13 23:13:53,656 - Validation score increased.  Saving model ...
2025-06-13 23:14:01,133 - {'epoch': 3, 'rec_loss': '5.5779'}
2025-06-13 23:14:05,331 - {'Epoch': 3, 'HR@5': '0.1472', 'NDCG@5': '0.0974', 'HR@10': '0.2248', 'NDCG@10': '0.1226', 'HR@20': '0.3191', 'NDCG@20': '0.1464'}
2025-06-13 23:14:05,333 - Validation score increased.  Saving model ...
2025-06-13 23:14:12,839 - {'epoch': 4, 'rec_loss': '5.2080'}
2025-06-13 23:14:17,210 - {'Epoch': 4, 'HR@5': '0.1565', 'NDCG@5': '0.1031', 'HR@10': '0.2410', 'NDCG@10': '0.1304', 'HR@20': '0.3398', 'NDCG@20': '0.1553'}
2025-06-13 23:14:17,212 - Validation score increased.  Saving model ...
2025-06-13 23:14:24,663 - {'epoch': 5, 'rec_loss': '5.0343'}
2025-06-13 23:14:29,004 - {'Epoch': 5, 'HR@5': '0.1653', 'NDCG@5': '0.1080', 'HR@10': '0.2466', 'NDCG@10': '0.1341', 'HR@20': '0.3466', 'NDCG@20': '0.1594'}
2025-06-13 23:14:29,006 - Validation score increased.  Saving model ...
2025-06-13 23:14:36,423 - {'epoch': 6, 'rec_loss': '4.9334'}
2025-06-13 23:14:40,778 - {'Epoch': 6, 'HR@5': '0.1685', 'NDCG@5': '0.1102', 'HR@10': '0.2524', 'NDCG@10': '0.1373', 'HR@20': '0.3512', 'NDCG@20': '0.1622'}
2025-06-13 23:14:40,781 - Validation score increased.  Saving model ...
2025-06-13 23:14:48,268 - {'epoch': 7, 'rec_loss': '4.8699'}
2025-06-13 23:14:52,661 - {'Epoch': 7, 'HR@5': '0.1662', 'NDCG@5': '0.1094', 'HR@10': '0.2530', 'NDCG@10': '0.1373', 'HR@20': '0.3557', 'NDCG@20': '0.1632'}
2025-06-13 23:14:52,662 - Validation score increased.  Saving model ...
2025-06-13 23:15:00,166 - {'epoch': 8, 'rec_loss': '4.8265'}
2025-06-13 23:15:04,510 - {'Epoch': 8, 'HR@5': '0.1675', 'NDCG@5': '0.1094', 'HR@10': '0.2550', 'NDCG@10': '0.1376', 'HR@20': '0.3569', 'NDCG@20': '0.1633'}
2025-06-13 23:15:04,512 - Validation score increased.  Saving model ...
2025-06-13 23:15:11,831 - {'epoch': 9, 'rec_loss': '4.7874'}
2025-06-13 23:15:16,195 - {'Epoch': 9, 'HR@5': '0.1701', 'NDCG@5': '0.1103', 'HR@10': '0.2570', 'NDCG@10': '0.1383', 'HR@20': '0.3575', 'NDCG@20': '0.1636'}
2025-06-13 23:15:16,197 - Validation score increased.  Saving model ...
2025-06-13 23:15:23,643 - {'epoch': 10, 'rec_loss': '4.7584'}
2025-06-13 23:15:28,115 - {'Epoch': 10, 'HR@5': '0.1644', 'NDCG@5': '0.1092', 'HR@10': '0.2572', 'NDCG@10': '0.1391', 'HR@20': '0.3584', 'NDCG@20': '0.1647'}
2025-06-13 23:15:28,118 - Validation score increased.  Saving model ...
2025-06-13 23:15:35,564 - {'epoch': 11, 'rec_loss': '4.7287'}
2025-06-13 23:15:39,946 - {'Epoch': 11, 'HR@5': '0.1668', 'NDCG@5': '0.1102', 'HR@10': '0.2556', 'NDCG@10': '0.1387', 'HR@20': '0.3591', 'NDCG@20': '0.1648'}
2025-06-13 23:15:39,948 - Validation score increased.  Saving model ...
2025-06-13 23:15:47,432 - {'epoch': 12, 'rec_loss': '4.7043'}
2025-06-13 23:15:51,801 - {'Epoch': 12, 'HR@5': '0.1666', 'NDCG@5': '0.1097', 'HR@10': '0.2582', 'NDCG@10': '0.1393', 'HR@20': '0.3596', 'NDCG@20': '0.1649'}
2025-06-13 23:15:51,803 - Validation score increased.  Saving model ...
2025-06-13 23:15:59,301 - {'epoch': 13, 'rec_loss': '4.6969'}
2025-06-13 23:16:03,680 - {'Epoch': 13, 'HR@5': '0.1684', 'NDCG@5': '0.1109', 'HR@10': '0.2571', 'NDCG@10': '0.1394', 'HR@20': '0.3587', 'NDCG@20': '0.1651'}
2025-06-13 23:16:03,682 - Validation score increased.  Saving model ...
2025-06-13 23:16:11,146 - {'epoch': 14, 'rec_loss': '4.6715'}
2025-06-13 23:16:15,616 - {'Epoch': 14, 'HR@5': '0.1681', 'NDCG@5': '0.1106', 'HR@10': '0.2582', 'NDCG@10': '0.1396', 'HR@20': '0.3587', 'NDCG@20': '0.1650'}
2025-06-13 23:16:15,618 - EarlyStopping counter: 1 out of 10
2025-06-13 23:16:23,027 - {'epoch': 15, 'rec_loss': '4.6618'}
2025-06-13 23:16:27,393 - {'Epoch': 15, 'HR@5': '0.1696', 'NDCG@5': '0.1116', 'HR@10': '0.2563', 'NDCG@10': '0.1395', 'HR@20': '0.3613', 'NDCG@20': '0.1661'}
2025-06-13 23:16:27,395 - Validation score increased.  Saving model ...
2025-06-13 23:16:34,924 - {'epoch': 16, 'rec_loss': '4.6423'}
2025-06-13 23:16:39,263 - {'Epoch': 16, 'HR@5': '0.1681', 'NDCG@5': '0.1097', 'HR@10': '0.2560', 'NDCG@10': '0.1380', 'HR@20': '0.3597', 'NDCG@20': '0.1642'}
2025-06-13 23:16:39,266 - EarlyStopping counter: 1 out of 10
2025-06-13 23:16:46,775 - {'epoch': 17, 'rec_loss': '4.6306'}
2025-06-13 23:16:51,223 - {'Epoch': 17, 'HR@5': '0.1693', 'NDCG@5': '0.1106', 'HR@10': '0.2573', 'NDCG@10': '0.1390', 'HR@20': '0.3580', 'NDCG@20': '0.1645'}
2025-06-13 23:16:51,225 - EarlyStopping counter: 2 out of 10
2025-06-13 23:16:58,696 - {'epoch': 18, 'rec_loss': '4.6151'}
2025-06-13 23:17:03,046 - {'Epoch': 18, 'HR@5': '0.1703', 'NDCG@5': '0.1119', 'HR@10': '0.2596', 'NDCG@10': '0.1407', 'HR@20': '0.3589', 'NDCG@20': '0.1658'}
2025-06-13 23:17:03,047 - EarlyStopping counter: 3 out of 10
2025-06-13 23:17:10,544 - {'epoch': 19, 'rec_loss': '4.6078'}
2025-06-13 23:17:14,966 - {'Epoch': 19, 'HR@5': '0.1689', 'NDCG@5': '0.1104', 'HR@10': '0.2566', 'NDCG@10': '0.1387', 'HR@20': '0.3587', 'NDCG@20': '0.1645'}
2025-06-13 23:17:14,968 - EarlyStopping counter: 4 out of 10
2025-06-13 23:17:22,430 - {'epoch': 20, 'rec_loss': '4.5932'}
2025-06-13 23:17:26,774 - {'Epoch': 20, 'HR@5': '0.1721', 'NDCG@5': '0.1122', 'HR@10': '0.2586', 'NDCG@10': '0.1400', 'HR@20': '0.3605', 'NDCG@20': '0.1658'}
2025-06-13 23:17:26,776 - EarlyStopping counter: 5 out of 10
2025-06-13 23:17:34,138 - {'epoch': 21, 'rec_loss': '4.5855'}
2025-06-13 23:17:38,462 - {'Epoch': 21, 'HR@5': '0.1737', 'NDCG@5': '0.1124', 'HR@10': '0.2607', 'NDCG@10': '0.1403', 'HR@20': '0.3613', 'NDCG@20': '0.1657'}
2025-06-13 23:17:38,463 - EarlyStopping counter: 6 out of 10
2025-06-13 23:17:45,940 - {'epoch': 22, 'rec_loss': '4.5808'}
2025-06-13 23:17:50,331 - {'Epoch': 22, 'HR@5': '0.1712', 'NDCG@5': '0.1124', 'HR@10': '0.2611', 'NDCG@10': '0.1413', 'HR@20': '0.3623', 'NDCG@20': '0.1669'}
2025-06-13 23:17:50,333 - Validation score increased.  Saving model ...
2025-06-13 23:17:57,825 - {'epoch': 23, 'rec_loss': '4.5658'}
2025-06-13 23:18:02,230 - {'Epoch': 23, 'HR@5': '0.1705', 'NDCG@5': '0.1111', 'HR@10': '0.2576', 'NDCG@10': '0.1391', 'HR@20': '0.3586', 'NDCG@20': '0.1647'}
2025-06-13 23:18:02,232 - EarlyStopping counter: 1 out of 10
2025-06-13 23:18:09,668 - {'epoch': 24, 'rec_loss': '4.5624'}
2025-06-13 23:18:14,084 - {'Epoch': 24, 'HR@5': '0.1707', 'NDCG@5': '0.1111', 'HR@10': '0.2589', 'NDCG@10': '0.1396', 'HR@20': '0.3603', 'NDCG@20': '0.1652'}
2025-06-13 23:18:14,086 - EarlyStopping counter: 2 out of 10
2025-06-13 23:18:21,556 - {'epoch': 25, 'rec_loss': '4.5518'}
2025-06-13 23:18:25,959 - {'Epoch': 25, 'HR@5': '0.1740', 'NDCG@5': '0.1143', 'HR@10': '0.2597', 'NDCG@10': '0.1420', 'HR@20': '0.3605', 'NDCG@20': '0.1674'}
2025-06-13 23:18:25,962 - Validation score increased.  Saving model ...
2025-06-13 23:18:33,505 - {'epoch': 26, 'rec_loss': '4.5409'}
2025-06-13 23:18:37,825 - {'Epoch': 26, 'HR@5': '0.1723', 'NDCG@5': '0.1122', 'HR@10': '0.2588', 'NDCG@10': '0.1400', 'HR@20': '0.3586', 'NDCG@20': '0.1653'}
2025-06-13 23:18:37,827 - EarlyStopping counter: 1 out of 10
2025-06-13 23:18:45,297 - {'epoch': 27, 'rec_loss': '4.5414'}
2025-06-13 23:18:49,648 - {'Epoch': 27, 'HR@5': '0.1728', 'NDCG@5': '0.1129', 'HR@10': '0.2559', 'NDCG@10': '0.1397', 'HR@20': '0.3613', 'NDCG@20': '0.1663'}
2025-06-13 23:18:49,650 - EarlyStopping counter: 2 out of 10
2025-06-13 23:18:57,252 - {'epoch': 28, 'rec_loss': '4.5265'}
2025-06-13 23:19:01,636 - {'Epoch': 28, 'HR@5': '0.1714', 'NDCG@5': '0.1136', 'HR@10': '0.2590', 'NDCG@10': '0.1418', 'HR@20': '0.3601', 'NDCG@20': '0.1674'}
2025-06-13 23:19:01,638 - EarlyStopping counter: 3 out of 10
2025-06-13 23:19:09,108 - {'epoch': 29, 'rec_loss': '4.5212'}
2025-06-13 23:19:13,504 - {'Epoch': 29, 'HR@5': '0.1698', 'NDCG@5': '0.1124', 'HR@10': '0.2522', 'NDCG@10': '0.1389', 'HR@20': '0.3558', 'NDCG@20': '0.1651'}
2025-06-13 23:19:13,506 - EarlyStopping counter: 4 out of 10
2025-06-13 23:19:20,882 - {'epoch': 30, 'rec_loss': '4.5172'}
2025-06-13 23:19:25,233 - {'Epoch': 30, 'HR@5': '0.1683', 'NDCG@5': '0.1111', 'HR@10': '0.2588', 'NDCG@10': '0.1403', 'HR@20': '0.3591', 'NDCG@20': '0.1655'}
2025-06-13 23:19:25,234 - EarlyStopping counter: 5 out of 10
2025-06-13 23:19:32,709 - {'epoch': 31, 'rec_loss': '4.5092'}
2025-06-13 23:19:37,057 - {'Epoch': 31, 'HR@5': '0.1711', 'NDCG@5': '0.1122', 'HR@10': '0.2579', 'NDCG@10': '0.1402', 'HR@20': '0.3582', 'NDCG@20': '0.1656'}
2025-06-13 23:19:37,060 - EarlyStopping counter: 6 out of 10
2025-06-13 23:19:44,605 - {'epoch': 32, 'rec_loss': '4.5024'}
2025-06-13 23:19:48,958 - {'Epoch': 32, 'HR@5': '0.1724', 'NDCG@5': '0.1121', 'HR@10': '0.2582', 'NDCG@10': '0.1397', 'HR@20': '0.3575', 'NDCG@20': '0.1648'}
2025-06-13 23:19:48,959 - EarlyStopping counter: 7 out of 10
2025-06-13 23:19:56,580 - {'epoch': 33, 'rec_loss': '4.4917'}
2025-06-13 23:20:00,966 - {'Epoch': 33, 'HR@5': '0.1710', 'NDCG@5': '0.1123', 'HR@10': '0.2574', 'NDCG@10': '0.1402', 'HR@20': '0.3572', 'NDCG@20': '0.1655'}
2025-06-13 23:20:00,968 - EarlyStopping counter: 8 out of 10
2025-06-13 23:20:08,462 - {'epoch': 34, 'rec_loss': '4.4897'}
2025-06-13 23:20:12,850 - {'Epoch': 34, 'HR@5': '0.1734', 'NDCG@5': '0.1131', 'HR@10': '0.2605', 'NDCG@10': '0.1413', 'HR@20': '0.3576', 'NDCG@20': '0.1658'}
2025-06-13 23:20:12,852 - EarlyStopping counter: 9 out of 10
2025-06-13 23:20:20,315 - {'epoch': 35, 'rec_loss': '4.4847'}
2025-06-13 23:20:24,707 - {'Epoch': 35, 'HR@5': '0.1705', 'NDCG@5': '0.1115', 'HR@10': '0.2561', 'NDCG@10': '0.1391', 'HR@20': '0.3568', 'NDCG@20': '0.1647'}
2025-06-13 23:20:24,708 - EarlyStopping counter: 10 out of 10
2025-06-13 23:20:24,708 - Early stopping
2025-06-13 23:20:24,708 - ---------------Validation Score---------------
2025-06-13 23:20:29,019 - {'Epoch': 0, 'HR@5': '0.1740', 'NDCG@5': '0.1143', 'HR@10': '0.2597', 'NDCG@10': '0.1420', 'HR@20': '0.3605', 'NDCG@20': '0.1674'}
2025-06-13 23:20:29,023 - BSARec_Diginetica
2025-06-13 23:20:29,023 - {'Epoch': 0, 'HR@5': '0.1740', 'NDCG@5': '0.1143', 'HR@10': '0.2597', 'NDCG@10': '0.1420', 'HR@20': '0.3605', 'NDCG@20': '0.1674'}
