2025-06-13 23:56:30,119 - Namespace(data_dir='data/self_processed/', output_dir='hparam_search/', data_name='Diginetica', train_name='BSARec_Diginetica', num_items=10, num_users=14829, lr=0.0005, batch_size=256, epochs=200, no_cuda=False, log_freq=1, patience=10, num_workers=4, seed=42, weight_decay=0.0, adam_beta1=0.9, adam_beta2=0.999, gpu_id='0', variance=5, model_type='BSARec', max_seq_length=50, hidden_size=64, num_hidden_layers=2, hidden_act='gelu', num_attention_heads=1, attention_probs_dropout_prob=0.5, hidden_dropout_prob=0.5, initializer_range=0.02, c=3, alpha=0.7, cuda_condition=True, data_file='data/self_processed/Diginetica.txt', item_size=9441, checkpoint_path=PosixPath('/gpfs/home3/scur2771/BSARec/BSARec/src/hparam_search/BSARec_Diginetica/12367757_84/model.pt'), same_target_path='data/self_processed/Diginetica_same_target.npy')
2025-06-13 23:56:30,158 - BSARecModel(
  (item_embeddings): Embedding(9441, 64, padding_idx=0)
  (position_embeddings): Embedding(50, 64)
  (LayerNorm): LayerNorm()
  (dropout): Dropout(p=0.5, inplace=False)
  (item_encoder): BSARecEncoder(
    (blocks): ModuleList(
      (0): BSARecBlock(
        (layer): BSARecLayer(
          (filter_layer): FrequencyLayer(
            (out_dropout): Dropout(p=0.5, inplace=False)
            (LayerNorm): LayerNorm()
          )
          (attention_layer): MultiHeadAttention(
            (query): Linear(in_features=64, out_features=64, bias=True)
            (key): Linear(in_features=64, out_features=64, bias=True)
            (value): Linear(in_features=64, out_features=64, bias=True)
            (softmax): Softmax(dim=-1)
            (attn_dropout): Dropout(p=0.5, inplace=False)
            (dense): Linear(in_features=64, out_features=64, bias=True)
            (LayerNorm): LayerNorm((64,), eps=1e-12, elementwise_affine=True)
            (out_dropout): Dropout(p=0.5, inplace=False)
          )
        )
        (feed_forward): FeedForward(
          (dense_1): Linear(in_features=64, out_features=256, bias=True)
          (dense_2): Linear(in_features=256, out_features=64, bias=True)
          (LayerNorm): LayerNorm()
          (dropout): Dropout(p=0.5, inplace=False)
        )
      )
      (1): BSARecBlock(
        (layer): BSARecLayer(
          (filter_layer): FrequencyLayer(
            (out_dropout): Dropout(p=0.5, inplace=False)
            (LayerNorm): LayerNorm()
          )
          (attention_layer): MultiHeadAttention(
            (query): Linear(in_features=64, out_features=64, bias=True)
            (key): Linear(in_features=64, out_features=64, bias=True)
            (value): Linear(in_features=64, out_features=64, bias=True)
            (softmax): Softmax(dim=-1)
            (attn_dropout): Dropout(p=0.5, inplace=False)
            (dense): Linear(in_features=64, out_features=64, bias=True)
            (LayerNorm): LayerNorm((64,), eps=1e-12, elementwise_affine=True)
            (out_dropout): Dropout(p=0.5, inplace=False)
          )
        )
        (feed_forward): FeedForward(
          (dense_1): Linear(in_features=64, out_features=256, bias=True)
          (dense_2): Linear(in_features=256, out_features=64, bias=True)
          (LayerNorm): LayerNorm()
          (dropout): Dropout(p=0.5, inplace=False)
        )
      )
    )
  )
)
2025-06-13 23:56:33,202 - Total Parameters: 707904
2025-06-13 23:56:41,798 - {'epoch': 0, 'rec_loss': '8.8286'}
2025-06-13 23:56:45,988 - {'Epoch': 0, 'HR@5': '0.0051', 'NDCG@5': '0.0032', 'HR@10': '0.0090', 'NDCG@10': '0.0045', 'HR@20': '0.0148', 'NDCG@20': '0.0059'}
2025-06-13 23:56:45,991 - Validation score increased.  Saving model ...
2025-06-13 23:56:53,651 - {'epoch': 1, 'rec_loss': '8.4056'}
2025-06-13 23:56:57,814 - {'Epoch': 1, 'HR@5': '0.0303', 'NDCG@5': '0.0214', 'HR@10': '0.0435', 'NDCG@10': '0.0256', 'HR@20': '0.0631', 'NDCG@20': '0.0306'}
2025-06-13 23:56:57,816 - Validation score increased.  Saving model ...
2025-06-13 23:57:05,327 - {'epoch': 2, 'rec_loss': '7.8330'}
2025-06-13 23:57:09,586 - {'Epoch': 2, 'HR@5': '0.0737', 'NDCG@5': '0.0486', 'HR@10': '0.1090', 'NDCG@10': '0.0600', 'HR@20': '0.1508', 'NDCG@20': '0.0705'}
2025-06-13 23:57:09,587 - Validation score increased.  Saving model ...
2025-06-13 23:57:17,204 - {'epoch': 3, 'rec_loss': '7.0713'}
2025-06-13 23:57:21,454 - {'Epoch': 3, 'HR@5': '0.1008', 'NDCG@5': '0.0662', 'HR@10': '0.1530', 'NDCG@10': '0.0829', 'HR@20': '0.2158', 'NDCG@20': '0.0988'}
2025-06-13 23:57:21,456 - Validation score increased.  Saving model ...
2025-06-13 23:57:28,968 - {'epoch': 4, 'rec_loss': '6.3932'}
2025-06-13 23:57:33,376 - {'Epoch': 4, 'HR@5': '0.1220', 'NDCG@5': '0.0800', 'HR@10': '0.1853', 'NDCG@10': '0.1003', 'HR@20': '0.2567', 'NDCG@20': '0.1183'}
2025-06-13 23:57:33,378 - Validation score increased.  Saving model ...
2025-06-13 23:57:40,855 - {'epoch': 5, 'rec_loss': '5.8842'}
2025-06-13 23:57:45,185 - {'Epoch': 5, 'HR@5': '0.1364', 'NDCG@5': '0.0897', 'HR@10': '0.2074', 'NDCG@10': '0.1126', 'HR@20': '0.2870', 'NDCG@20': '0.1327'}
2025-06-13 23:57:45,187 - Validation score increased.  Saving model ...
2025-06-13 23:57:52,715 - {'epoch': 6, 'rec_loss': '5.5292'}
2025-06-13 23:57:57,101 - {'Epoch': 6, 'HR@5': '0.1484', 'NDCG@5': '0.0977', 'HR@10': '0.2227', 'NDCG@10': '0.1217', 'HR@20': '0.3103', 'NDCG@20': '0.1438'}
2025-06-13 23:57:57,103 - Validation score increased.  Saving model ...
2025-06-13 23:58:04,602 - {'epoch': 7, 'rec_loss': '5.2768'}
2025-06-13 23:58:08,913 - {'Epoch': 7, 'HR@5': '0.1562', 'NDCG@5': '0.1024', 'HR@10': '0.2348', 'NDCG@10': '0.1277', 'HR@20': '0.3278', 'NDCG@20': '0.1511'}
2025-06-13 23:58:08,914 - Validation score increased.  Saving model ...
2025-06-13 23:58:16,497 - {'epoch': 8, 'rec_loss': '5.0977'}
2025-06-13 23:58:20,841 - {'Epoch': 8, 'HR@5': '0.1627', 'NDCG@5': '0.1068', 'HR@10': '0.2444', 'NDCG@10': '0.1331', 'HR@20': '0.3342', 'NDCG@20': '0.1559'}
2025-06-13 23:58:20,843 - Validation score increased.  Saving model ...
2025-06-13 23:58:28,353 - {'epoch': 9, 'rec_loss': '4.9749'}
2025-06-13 23:58:32,737 - {'Epoch': 9, 'HR@5': '0.1669', 'NDCG@5': '0.1100', 'HR@10': '0.2475', 'NDCG@10': '0.1359', 'HR@20': '0.3460', 'NDCG@20': '0.1608'}
2025-06-13 23:58:32,739 - Validation score increased.  Saving model ...
2025-06-13 23:58:40,247 - {'epoch': 10, 'rec_loss': '4.8858'}
2025-06-13 23:58:44,523 - {'Epoch': 10, 'HR@5': '0.1673', 'NDCG@5': '0.1095', 'HR@10': '0.2535', 'NDCG@10': '0.1373', 'HR@20': '0.3511', 'NDCG@20': '0.1620'}
2025-06-13 23:58:44,524 - Validation score increased.  Saving model ...
2025-06-13 23:58:51,913 - {'epoch': 11, 'rec_loss': '4.8133'}
2025-06-13 23:58:56,175 - {'Epoch': 11, 'HR@5': '0.1690', 'NDCG@5': '0.1121', 'HR@10': '0.2575', 'NDCG@10': '0.1405', 'HR@20': '0.3541', 'NDCG@20': '0.1649'}
2025-06-13 23:58:56,177 - Validation score increased.  Saving model ...
2025-06-13 23:59:03,743 - {'epoch': 12, 'rec_loss': '4.7665'}
2025-06-13 23:59:08,139 - {'Epoch': 12, 'HR@5': '0.1712', 'NDCG@5': '0.1130', 'HR@10': '0.2589', 'NDCG@10': '0.1412', 'HR@20': '0.3585', 'NDCG@20': '0.1663'}
2025-06-13 23:59:08,142 - Validation score increased.  Saving model ...
2025-06-13 23:59:15,578 - {'epoch': 13, 'rec_loss': '4.7315'}
2025-06-13 23:59:19,893 - {'Epoch': 13, 'HR@5': '0.1714', 'NDCG@5': '0.1139', 'HR@10': '0.2603', 'NDCG@10': '0.1425', 'HR@20': '0.3595', 'NDCG@20': '0.1676'}
2025-06-13 23:59:19,894 - Validation score increased.  Saving model ...
2025-06-13 23:59:27,381 - {'epoch': 14, 'rec_loss': '4.6981'}
2025-06-13 23:59:31,672 - {'Epoch': 14, 'HR@5': '0.1741', 'NDCG@5': '0.1149', 'HR@10': '0.2605', 'NDCG@10': '0.1428', 'HR@20': '0.3607', 'NDCG@20': '0.1681'}
2025-06-13 23:59:31,673 - Validation score increased.  Saving model ...
2025-06-13 23:59:39,130 - {'epoch': 15, 'rec_loss': '4.6723'}
2025-06-13 23:59:43,391 - {'Epoch': 15, 'HR@5': '0.1718', 'NDCG@5': '0.1143', 'HR@10': '0.2607', 'NDCG@10': '0.1429', 'HR@20': '0.3641', 'NDCG@20': '0.1690'}
2025-06-13 23:59:43,393 - Validation score increased.  Saving model ...
2025-06-13 23:59:50,852 - {'epoch': 16, 'rec_loss': '4.6515'}
2025-06-13 23:59:55,201 - {'Epoch': 16, 'HR@5': '0.1751', 'NDCG@5': '0.1146', 'HR@10': '0.2616', 'NDCG@10': '0.1425', 'HR@20': '0.3625', 'NDCG@20': '0.1679'}
2025-06-13 23:59:55,202 - EarlyStopping counter: 1 out of 10
2025-06-14 00:00:02,658 - {'epoch': 17, 'rec_loss': '4.6316'}
2025-06-14 00:00:06,985 - {'Epoch': 17, 'HR@5': '0.1742', 'NDCG@5': '0.1145', 'HR@10': '0.2606', 'NDCG@10': '0.1424', 'HR@20': '0.3634', 'NDCG@20': '0.1684'}
2025-06-14 00:00:06,987 - EarlyStopping counter: 2 out of 10
2025-06-14 00:00:14,579 - {'epoch': 18, 'rec_loss': '4.6144'}
2025-06-14 00:00:18,889 - {'Epoch': 18, 'HR@5': '0.1745', 'NDCG@5': '0.1148', 'HR@10': '0.2629', 'NDCG@10': '0.1434', 'HR@20': '0.3630', 'NDCG@20': '0.1686'}
2025-06-14 00:00:18,890 - EarlyStopping counter: 3 out of 10
2025-06-14 00:00:26,376 - {'epoch': 19, 'rec_loss': '4.6016'}
2025-06-14 00:00:30,760 - {'Epoch': 19, 'HR@5': '0.1749', 'NDCG@5': '0.1149', 'HR@10': '0.2618', 'NDCG@10': '0.1428', 'HR@20': '0.3646', 'NDCG@20': '0.1687'}
2025-06-14 00:00:30,761 - EarlyStopping counter: 4 out of 10
2025-06-14 00:00:38,217 - {'epoch': 20, 'rec_loss': '4.5863'}
2025-06-14 00:00:42,606 - {'Epoch': 20, 'HR@5': '0.1763', 'NDCG@5': '0.1161', 'HR@10': '0.2638', 'NDCG@10': '0.1443', 'HR@20': '0.3661', 'NDCG@20': '0.1701'}
2025-06-14 00:00:42,608 - Validation score increased.  Saving model ...
2025-06-14 00:00:50,146 - {'epoch': 21, 'rec_loss': '4.5803'}
2025-06-14 00:00:54,582 - {'Epoch': 21, 'HR@5': '0.1760', 'NDCG@5': '0.1156', 'HR@10': '0.2631', 'NDCG@10': '0.1436', 'HR@20': '0.3651', 'NDCG@20': '0.1694'}
2025-06-14 00:00:54,584 - EarlyStopping counter: 1 out of 10
2025-06-14 00:01:02,184 - {'epoch': 22, 'rec_loss': '4.5696'}
2025-06-14 00:01:06,442 - {'Epoch': 22, 'HR@5': '0.1761', 'NDCG@5': '0.1156', 'HR@10': '0.2658', 'NDCG@10': '0.1445', 'HR@20': '0.3650', 'NDCG@20': '0.1696'}
2025-06-14 00:01:06,444 - EarlyStopping counter: 2 out of 10
2025-06-14 00:01:13,964 - {'epoch': 23, 'rec_loss': '4.5576'}
2025-06-14 00:01:18,398 - {'Epoch': 23, 'HR@5': '0.1759', 'NDCG@5': '0.1144', 'HR@10': '0.2623', 'NDCG@10': '0.1423', 'HR@20': '0.3622', 'NDCG@20': '0.1676'}
2025-06-14 00:01:18,400 - EarlyStopping counter: 3 out of 10
2025-06-14 00:01:25,891 - {'epoch': 24, 'rec_loss': '4.5500'}
2025-06-14 00:01:30,316 - {'Epoch': 24, 'HR@5': '0.1756', 'NDCG@5': '0.1154', 'HR@10': '0.2632', 'NDCG@10': '0.1436', 'HR@20': '0.3634', 'NDCG@20': '0.1689'}
2025-06-14 00:01:30,318 - EarlyStopping counter: 4 out of 10
2025-06-14 00:01:37,739 - {'epoch': 25, 'rec_loss': '4.5327'}
2025-06-14 00:01:42,140 - {'Epoch': 25, 'HR@5': '0.1761', 'NDCG@5': '0.1157', 'HR@10': '0.2653', 'NDCG@10': '0.1444', 'HR@20': '0.3655', 'NDCG@20': '0.1697'}
2025-06-14 00:01:42,141 - EarlyStopping counter: 5 out of 10
2025-06-14 00:01:49,714 - {'epoch': 26, 'rec_loss': '4.5317'}
2025-06-14 00:01:54,110 - {'Epoch': 26, 'HR@5': '0.1753', 'NDCG@5': '0.1156', 'HR@10': '0.2633', 'NDCG@10': '0.1439', 'HR@20': '0.3638', 'NDCG@20': '0.1694'}
2025-06-14 00:01:54,112 - EarlyStopping counter: 6 out of 10
2025-06-14 00:02:01,668 - {'epoch': 27, 'rec_loss': '4.5230'}
2025-06-14 00:02:05,973 - {'Epoch': 27, 'HR@5': '0.1762', 'NDCG@5': '0.1156', 'HR@10': '0.2638', 'NDCG@10': '0.1438', 'HR@20': '0.3653', 'NDCG@20': '0.1695'}
2025-06-14 00:02:05,975 - EarlyStopping counter: 7 out of 10
2025-06-14 00:02:13,460 - {'epoch': 28, 'rec_loss': '4.5120'}
2025-06-14 00:02:17,805 - {'Epoch': 28, 'HR@5': '0.1759', 'NDCG@5': '0.1163', 'HR@10': '0.2642', 'NDCG@10': '0.1447', 'HR@20': '0.3644', 'NDCG@20': '0.1701'}
2025-06-14 00:02:17,806 - EarlyStopping counter: 8 out of 10
2025-06-14 00:02:25,351 - {'epoch': 29, 'rec_loss': '4.5051'}
2025-06-14 00:02:29,744 - {'Epoch': 29, 'HR@5': '0.1747', 'NDCG@5': '0.1158', 'HR@10': '0.2624', 'NDCG@10': '0.1440', 'HR@20': '0.3616', 'NDCG@20': '0.1691'}
2025-06-14 00:02:29,745 - EarlyStopping counter: 9 out of 10
2025-06-14 00:02:37,284 - {'epoch': 30, 'rec_loss': '4.5001'}
2025-06-14 00:02:41,607 - {'Epoch': 30, 'HR@5': '0.1763', 'NDCG@5': '0.1154', 'HR@10': '0.2630', 'NDCG@10': '0.1434', 'HR@20': '0.3626', 'NDCG@20': '0.1685'}
2025-06-14 00:02:41,608 - EarlyStopping counter: 10 out of 10
2025-06-14 00:02:41,608 - Early stopping
2025-06-14 00:02:41,608 - ---------------Validation Score---------------
2025-06-14 00:02:45,904 - {'Epoch': 0, 'HR@5': '0.1763', 'NDCG@5': '0.1161', 'HR@10': '0.2638', 'NDCG@10': '0.1443', 'HR@20': '0.3661', 'NDCG@20': '0.1701'}
2025-06-14 00:02:45,905 - BSARec_Diginetica
2025-06-14 00:02:45,905 - {'Epoch': 0, 'HR@5': '0.1763', 'NDCG@5': '0.1161', 'HR@10': '0.2638', 'NDCG@10': '0.1443', 'HR@20': '0.3661', 'NDCG@20': '0.1701'}
