2025-06-19 15:58:18,656 - Namespace(data_dir='data/self_processed/', output_dir='output/BSARec/', data_name='Diginetica', do_eval=False, load_model=None, train_name='BSARec_Diginetica_46', num_items=10, num_users=14829, lr=0.0005, batch_size=256, epochs=200, no_cuda=False, log_freq=1, patience=10, num_workers=4, seed=46, weight_decay=0.0, adam_beta1=0.9, adam_beta2=0.999, gpu_id='0', variance=5, model_type='BSARec', max_seq_length=50, hidden_size=64, num_hidden_layers=2, hidden_act='gelu', num_attention_heads=4, attention_probs_dropout_prob=0.5, hidden_dropout_prob=0.5, initializer_range=0.02, c=7, alpha=0.5, cuda_condition=True, data_file='data/self_processed/Diginetica.txt', item_size=9441, checkpoint_path='output/BSARec/BSARec_Diginetica_46.pt', same_target_path='data/self_processed/Diginetica_same_target.npy')
2025-06-19 15:58:18,679 - BSARecModel(
  (item_embeddings): Embedding(9441, 64, padding_idx=0)
  (position_embeddings): Embedding(50, 64)
  (LayerNorm): LayerNorm()
  (dropout): Dropout(p=0.5, inplace=False)
  (item_encoder): BSARecEncoder(
    (blocks): ModuleList(
      (0): BSARecBlock(
        (layer): BSARecLayer(
          (filter_layer): FrequencyLayer(
            (out_dropout): Dropout(p=0.5, inplace=False)
            (LayerNorm): LayerNorm()
          )
          (attention_layer): MultiHeadAttention(
            (query): Linear(in_features=64, out_features=64, bias=True)
            (key): Linear(in_features=64, out_features=64, bias=True)
            (value): Linear(in_features=64, out_features=64, bias=True)
            (softmax): Softmax(dim=-1)
            (attn_dropout): Dropout(p=0.5, inplace=False)
            (dense): Linear(in_features=64, out_features=64, bias=True)
            (LayerNorm): LayerNorm((64,), eps=1e-12, elementwise_affine=True)
            (out_dropout): Dropout(p=0.5, inplace=False)
          )
        )
        (feed_forward): FeedForward(
          (dense_1): Linear(in_features=64, out_features=256, bias=True)
          (dense_2): Linear(in_features=256, out_features=64, bias=True)
          (LayerNorm): LayerNorm()
          (dropout): Dropout(p=0.5, inplace=False)
        )
      )
      (1): BSARecBlock(
        (layer): BSARecLayer(
          (filter_layer): FrequencyLayer(
            (out_dropout): Dropout(p=0.5, inplace=False)
            (LayerNorm): LayerNorm()
          )
          (attention_layer): MultiHeadAttention(
            (query): Linear(in_features=64, out_features=64, bias=True)
            (key): Linear(in_features=64, out_features=64, bias=True)
            (value): Linear(in_features=64, out_features=64, bias=True)
            (softmax): Softmax(dim=-1)
            (attn_dropout): Dropout(p=0.5, inplace=False)
            (dense): Linear(in_features=64, out_features=64, bias=True)
            (LayerNorm): LayerNorm((64,), eps=1e-12, elementwise_affine=True)
            (out_dropout): Dropout(p=0.5, inplace=False)
          )
        )
        (feed_forward): FeedForward(
          (dense_1): Linear(in_features=64, out_features=256, bias=True)
          (dense_2): Linear(in_features=256, out_features=64, bias=True)
          (LayerNorm): LayerNorm()
          (dropout): Dropout(p=0.5, inplace=False)
        )
      )
    )
  )
)
2025-06-19 15:58:21,748 - Total Parameters: 707904
2025-06-19 15:58:28,183 - {'epoch': 0, 'rec_loss': '8.8090'}
2025-06-19 15:58:31,881 - {'Epoch': 0, 'HR@5': '0.0065', 'NDCG@5': '0.0039', 'HR@10': '0.0105', 'NDCG@10': '0.0052', 'HR@20': '0.0171', 'NDCG@20': '0.0068'}
2025-06-19 15:58:31,884 - Validation score increased.  Saving model ...
2025-06-19 15:58:36,983 - {'epoch': 1, 'rec_loss': '8.3410'}
2025-06-19 15:58:40,804 - {'Epoch': 1, 'HR@5': '0.0402', 'NDCG@5': '0.0269', 'HR@10': '0.0578', 'NDCG@10': '0.0326', 'HR@20': '0.0819', 'NDCG@20': '0.0386'}
2025-06-19 15:58:40,806 - Validation score increased.  Saving model ...
2025-06-19 15:58:45,911 - {'epoch': 2, 'rec_loss': '7.6621'}
2025-06-19 15:58:49,719 - {'Epoch': 2, 'HR@5': '0.0809', 'NDCG@5': '0.0538', 'HR@10': '0.1248', 'NDCG@10': '0.0680', 'HR@20': '0.1769', 'NDCG@20': '0.0811'}
2025-06-19 15:58:49,721 - Validation score increased.  Saving model ...
2025-06-19 15:58:54,926 - {'epoch': 3, 'rec_loss': '6.8668'}
2025-06-19 15:58:58,792 - {'Epoch': 3, 'HR@5': '0.1076', 'NDCG@5': '0.0711', 'HR@10': '0.1650', 'NDCG@10': '0.0896', 'HR@20': '0.2325', 'NDCG@20': '0.1066'}
2025-06-19 15:58:58,795 - Validation score increased.  Saving model ...
2025-06-19 15:59:03,888 - {'epoch': 4, 'rec_loss': '6.2248'}
2025-06-19 15:59:07,764 - {'Epoch': 4, 'HR@5': '0.1255', 'NDCG@5': '0.0829', 'HR@10': '0.1898', 'NDCG@10': '0.1036', 'HR@20': '0.2726', 'NDCG@20': '0.1245'}
2025-06-19 15:59:07,766 - Validation score increased.  Saving model ...
2025-06-19 15:59:12,893 - {'epoch': 5, 'rec_loss': '5.7517'}
2025-06-19 15:59:16,734 - {'Epoch': 5, 'HR@5': '0.1393', 'NDCG@5': '0.0913', 'HR@10': '0.2109', 'NDCG@10': '0.1145', 'HR@20': '0.2998', 'NDCG@20': '0.1369'}
2025-06-19 15:59:16,736 - Validation score increased.  Saving model ...
2025-06-19 15:59:21,857 - {'epoch': 6, 'rec_loss': '5.4299'}
2025-06-19 15:59:25,733 - {'Epoch': 6, 'HR@5': '0.1519', 'NDCG@5': '0.0991', 'HR@10': '0.2276', 'NDCG@10': '0.1234', 'HR@20': '0.3178', 'NDCG@20': '0.1461'}
2025-06-19 15:59:25,735 - Validation score increased.  Saving model ...
2025-06-19 15:59:30,896 - {'epoch': 7, 'rec_loss': '5.1990'}
2025-06-19 15:59:34,751 - {'Epoch': 7, 'HR@5': '0.1578', 'NDCG@5': '0.1023', 'HR@10': '0.2381', 'NDCG@10': '0.1282', 'HR@20': '0.3309', 'NDCG@20': '0.1518'}
2025-06-19 15:59:34,753 - Validation score increased.  Saving model ...
2025-06-19 15:59:39,834 - {'epoch': 8, 'rec_loss': '5.0399'}
2025-06-19 15:59:43,707 - {'Epoch': 8, 'HR@5': '0.1617', 'NDCG@5': '0.1066', 'HR@10': '0.2472', 'NDCG@10': '0.1341', 'HR@20': '0.3402', 'NDCG@20': '0.1576'}
2025-06-19 15:59:43,709 - Validation score increased.  Saving model ...
2025-06-19 15:59:48,804 - {'epoch': 9, 'rec_loss': '4.9271'}
2025-06-19 15:59:52,724 - {'Epoch': 9, 'HR@5': '0.1653', 'NDCG@5': '0.1083', 'HR@10': '0.2516', 'NDCG@10': '0.1361', 'HR@20': '0.3467', 'NDCG@20': '0.1602'}
2025-06-19 15:59:52,727 - Validation score increased.  Saving model ...
2025-06-19 15:59:57,823 - {'epoch': 10, 'rec_loss': '4.8495'}
2025-06-19 16:00:01,700 - {'Epoch': 10, 'HR@5': '0.1670', 'NDCG@5': '0.1099', 'HR@10': '0.2531', 'NDCG@10': '0.1376', 'HR@20': '0.3523', 'NDCG@20': '0.1627'}
2025-06-19 16:00:01,702 - Validation score increased.  Saving model ...
2025-06-19 16:00:06,790 - {'epoch': 11, 'rec_loss': '4.7870'}
2025-06-19 16:00:10,654 - {'Epoch': 11, 'HR@5': '0.1708', 'NDCG@5': '0.1121', 'HR@10': '0.2576', 'NDCG@10': '0.1401', 'HR@20': '0.3549', 'NDCG@20': '0.1647'}
2025-06-19 16:00:10,656 - Validation score increased.  Saving model ...
2025-06-19 16:00:15,837 - {'epoch': 12, 'rec_loss': '4.7433'}
2025-06-19 16:00:19,706 - {'Epoch': 12, 'HR@5': '0.1701', 'NDCG@5': '0.1116', 'HR@10': '0.2592', 'NDCG@10': '0.1404', 'HR@20': '0.3564', 'NDCG@20': '0.1650'}
2025-06-19 16:00:19,708 - Validation score increased.  Saving model ...
2025-06-19 16:00:24,955 - {'epoch': 13, 'rec_loss': '4.7073'}
2025-06-19 16:00:28,851 - {'Epoch': 13, 'HR@5': '0.1739', 'NDCG@5': '0.1130', 'HR@10': '0.2610', 'NDCG@10': '0.1411', 'HR@20': '0.3592', 'NDCG@20': '0.1660'}
2025-06-19 16:00:28,853 - Validation score increased.  Saving model ...
2025-06-19 16:00:33,992 - {'epoch': 14, 'rec_loss': '4.6821'}
2025-06-19 16:00:37,894 - {'Epoch': 14, 'HR@5': '0.1728', 'NDCG@5': '0.1142', 'HR@10': '0.2627', 'NDCG@10': '0.1431', 'HR@20': '0.3602', 'NDCG@20': '0.1678'}
2025-06-19 16:00:37,896 - Validation score increased.  Saving model ...
2025-06-19 16:00:43,020 - {'epoch': 15, 'rec_loss': '4.6603'}
2025-06-19 16:00:46,953 - {'Epoch': 15, 'HR@5': '0.1747', 'NDCG@5': '0.1144', 'HR@10': '0.2631', 'NDCG@10': '0.1429', 'HR@20': '0.3606', 'NDCG@20': '0.1676'}
2025-06-19 16:00:46,955 - EarlyStopping counter: 1 out of 10
2025-06-19 16:00:52,049 - {'epoch': 16, 'rec_loss': '4.6336'}
2025-06-19 16:00:55,960 - {'Epoch': 16, 'HR@5': '0.1726', 'NDCG@5': '0.1138', 'HR@10': '0.2637', 'NDCG@10': '0.1432', 'HR@20': '0.3646', 'NDCG@20': '0.1687'}
2025-06-19 16:00:55,964 - Validation score increased.  Saving model ...
2025-06-19 16:01:01,071 - {'epoch': 17, 'rec_loss': '4.6126'}
2025-06-19 16:01:04,931 - {'Epoch': 17, 'HR@5': '0.1755', 'NDCG@5': '0.1149', 'HR@10': '0.2639', 'NDCG@10': '0.1434', 'HR@20': '0.3642', 'NDCG@20': '0.1688'}
2025-06-19 16:01:04,933 - Validation score increased.  Saving model ...
2025-06-19 16:01:10,005 - {'epoch': 18, 'rec_loss': '4.6064'}
2025-06-19 16:01:13,917 - {'Epoch': 18, 'HR@5': '0.1749', 'NDCG@5': '0.1155', 'HR@10': '0.2648', 'NDCG@10': '0.1445', 'HR@20': '0.3652', 'NDCG@20': '0.1699'}
2025-06-19 16:01:13,919 - Validation score increased.  Saving model ...
2025-06-19 16:01:19,021 - {'epoch': 19, 'rec_loss': '4.5913'}
2025-06-19 16:01:22,916 - {'Epoch': 19, 'HR@5': '0.1764', 'NDCG@5': '0.1156', 'HR@10': '0.2625', 'NDCG@10': '0.1435', 'HR@20': '0.3649', 'NDCG@20': '0.1694'}
2025-06-19 16:01:22,919 - EarlyStopping counter: 1 out of 10
2025-06-19 16:01:28,001 - {'epoch': 20, 'rec_loss': '4.5800'}
2025-06-19 16:01:31,884 - {'Epoch': 20, 'HR@5': '0.1743', 'NDCG@5': '0.1150', 'HR@10': '0.2645', 'NDCG@10': '0.1440', 'HR@20': '0.3655', 'NDCG@20': '0.1695'}
2025-06-19 16:01:31,885 - EarlyStopping counter: 2 out of 10
2025-06-19 16:01:37,014 - {'epoch': 21, 'rec_loss': '4.5650'}
2025-06-19 16:01:40,920 - {'Epoch': 21, 'HR@5': '0.1745', 'NDCG@5': '0.1139', 'HR@10': '0.2627', 'NDCG@10': '0.1424', 'HR@20': '0.3668', 'NDCG@20': '0.1688'}
2025-06-19 16:01:40,922 - EarlyStopping counter: 3 out of 10
2025-06-19 16:01:46,086 - {'epoch': 22, 'rec_loss': '4.5616'}
2025-06-19 16:01:49,982 - {'Epoch': 22, 'HR@5': '0.1751', 'NDCG@5': '0.1148', 'HR@10': '0.2635', 'NDCG@10': '0.1433', 'HR@20': '0.3662', 'NDCG@20': '0.1692'}
2025-06-19 16:01:49,983 - EarlyStopping counter: 4 out of 10
2025-06-19 16:01:55,089 - {'epoch': 23, 'rec_loss': '4.5463'}
2025-06-19 16:01:58,993 - {'Epoch': 23, 'HR@5': '0.1747', 'NDCG@5': '0.1146', 'HR@10': '0.2647', 'NDCG@10': '0.1436', 'HR@20': '0.3661', 'NDCG@20': '0.1692'}
2025-06-19 16:01:58,996 - EarlyStopping counter: 5 out of 10
2025-06-19 16:02:04,134 - {'epoch': 24, 'rec_loss': '4.5426'}
2025-06-19 16:02:08,041 - {'Epoch': 24, 'HR@5': '0.1755', 'NDCG@5': '0.1152', 'HR@10': '0.2650', 'NDCG@10': '0.1441', 'HR@20': '0.3655', 'NDCG@20': '0.1695'}
2025-06-19 16:02:08,043 - EarlyStopping counter: 6 out of 10
2025-06-19 16:02:13,170 - {'epoch': 25, 'rec_loss': '4.5333'}
2025-06-19 16:02:17,060 - {'Epoch': 25, 'HR@5': '0.1750', 'NDCG@5': '0.1147', 'HR@10': '0.2651', 'NDCG@10': '0.1436', 'HR@20': '0.3655', 'NDCG@20': '0.1690'}
2025-06-19 16:02:17,061 - EarlyStopping counter: 7 out of 10
2025-06-19 16:02:22,190 - {'epoch': 26, 'rec_loss': '4.5213'}
2025-06-19 16:02:26,069 - {'Epoch': 26, 'HR@5': '0.1746', 'NDCG@5': '0.1135', 'HR@10': '0.2638', 'NDCG@10': '0.1423', 'HR@20': '0.3655', 'NDCG@20': '0.1680'}
2025-06-19 16:02:26,071 - EarlyStopping counter: 8 out of 10
2025-06-19 16:02:31,222 - {'epoch': 27, 'rec_loss': '4.5117'}
2025-06-19 16:02:35,096 - {'Epoch': 27, 'HR@5': '0.1782', 'NDCG@5': '0.1157', 'HR@10': '0.2640', 'NDCG@10': '0.1433', 'HR@20': '0.3650', 'NDCG@20': '0.1688'}
2025-06-19 16:02:35,097 - EarlyStopping counter: 9 out of 10
2025-06-19 16:02:40,190 - {'epoch': 28, 'rec_loss': '4.5066'}
2025-06-19 16:02:44,078 - {'Epoch': 28, 'HR@5': '0.1782', 'NDCG@5': '0.1157', 'HR@10': '0.2658', 'NDCG@10': '0.1438', 'HR@20': '0.3651', 'NDCG@20': '0.1689'}
2025-06-19 16:02:44,079 - EarlyStopping counter: 10 out of 10
2025-06-19 16:02:44,080 - Early stopping
2025-06-19 16:02:44,080 - ---------------Test Score---------------
2025-06-19 16:02:47,980 - {'Epoch': 0, 'HR@5': '0.1546', 'NDCG@5': '0.1008', 'HR@10': '0.2325', 'NDCG@10': '0.1258', 'HR@20': '0.3243', 'NDCG@20': '0.1490'}
2025-06-19 16:02:47,981 - BSARec_Diginetica_46
2025-06-19 16:02:47,981 - {'Epoch': 0, 'HR@5': '0.1546', 'NDCG@5': '0.1008', 'HR@10': '0.2325', 'NDCG@10': '0.1258', 'HR@20': '0.3243', 'NDCG@20': '0.1490'}
