2025-06-19 19:20:49,427 - Namespace(data_dir='data/', output_dir='output/BSARec/', data_name='LastFM', do_eval=False, load_model=None, train_name='BSARec_LastFM_44', num_items=10, num_users=1091, lr=0.001, batch_size=256, epochs=200, no_cuda=False, log_freq=1, patience=10, num_workers=4, seed=44, weight_decay=0.0, adam_beta1=0.9, adam_beta2=0.999, gpu_id='0', variance=5, model_type='BSARec', max_seq_length=50, hidden_size=64, num_hidden_layers=2, hidden_act='gelu', num_attention_heads=1, attention_probs_dropout_prob=0.5, hidden_dropout_prob=0.5, initializer_range=0.02, c=3, alpha=0.9, cuda_condition=True, data_file='data/LastFM.txt', item_size=3647, checkpoint_path='output/BSARec/BSARec_LastFM_44.pt', same_target_path='data/LastFM_same_target.npy')
2025-06-19 19:20:49,449 - BSARecModel(
  (item_embeddings): Embedding(3647, 64, padding_idx=0)
  (position_embeddings): Embedding(50, 64)
  (LayerNorm): LayerNorm()
  (dropout): Dropout(p=0.5, inplace=False)
  (item_encoder): BSARecEncoder(
    (blocks): ModuleList(
      (0): BSARecBlock(
        (layer): BSARecLayer(
          (filter_layer): FrequencyLayer(
            (out_dropout): Dropout(p=0.5, inplace=False)
            (LayerNorm): LayerNorm()
          )
          (attention_layer): MultiHeadAttention(
            (query): Linear(in_features=64, out_features=64, bias=True)
            (key): Linear(in_features=64, out_features=64, bias=True)
            (value): Linear(in_features=64, out_features=64, bias=True)
            (softmax): Softmax(dim=-1)
            (attn_dropout): Dropout(p=0.5, inplace=False)
            (dense): Linear(in_features=64, out_features=64, bias=True)
            (LayerNorm): LayerNorm((64,), eps=1e-12, elementwise_affine=True)
            (out_dropout): Dropout(p=0.5, inplace=False)
          )
        )
        (feed_forward): FeedForward(
          (dense_1): Linear(in_features=64, out_features=256, bias=True)
          (dense_2): Linear(in_features=256, out_features=64, bias=True)
          (LayerNorm): LayerNorm()
          (dropout): Dropout(p=0.5, inplace=False)
        )
      )
      (1): BSARecBlock(
        (layer): BSARecLayer(
          (filter_layer): FrequencyLayer(
            (out_dropout): Dropout(p=0.5, inplace=False)
            (LayerNorm): LayerNorm()
          )
          (attention_layer): MultiHeadAttention(
            (query): Linear(in_features=64, out_features=64, bias=True)
            (key): Linear(in_features=64, out_features=64, bias=True)
            (value): Linear(in_features=64, out_features=64, bias=True)
            (softmax): Softmax(dim=-1)
            (attn_dropout): Dropout(p=0.5, inplace=False)
            (dense): Linear(in_features=64, out_features=64, bias=True)
            (LayerNorm): LayerNorm((64,), eps=1e-12, elementwise_affine=True)
            (out_dropout): Dropout(p=0.5, inplace=False)
          )
        )
        (feed_forward): FeedForward(
          (dense_1): Linear(in_features=64, out_features=256, bias=True)
          (dense_2): Linear(in_features=256, out_features=64, bias=True)
          (LayerNorm): LayerNorm()
          (dropout): Dropout(p=0.5, inplace=False)
        )
      )
    )
  )
)
2025-06-19 19:20:52,684 - Total Parameters: 337088
2025-06-19 19:20:55,740 - {'epoch': 0, 'rec_loss': '7.9665'}
2025-06-19 19:20:56,280 - {'Epoch': 0, 'HR@5': '0.0211', 'NDCG@5': '0.0131', 'HR@10': '0.0349', 'NDCG@10': '0.0175', 'HR@20': '0.0624', 'NDCG@20': '0.0243'}
2025-06-19 19:20:56,281 - Validation score increased.  Saving model ...
2025-06-19 19:20:57,974 - {'epoch': 1, 'rec_loss': '7.6615'}
2025-06-19 19:20:58,506 - {'Epoch': 1, 'HR@5': '0.0211', 'NDCG@5': '0.0133', 'HR@10': '0.0376', 'NDCG@10': '0.0187', 'HR@20': '0.0560', 'NDCG@20': '0.0233'}
2025-06-19 19:20:58,507 - EarlyStopping counter: 1 out of 10
2025-06-19 19:21:00,185 - {'epoch': 2, 'rec_loss': '7.4797'}
2025-06-19 19:21:00,743 - {'Epoch': 2, 'HR@5': '0.0220', 'NDCG@5': '0.0136', 'HR@10': '0.0358', 'NDCG@10': '0.0180', 'HR@20': '0.0606', 'NDCG@20': '0.0243'}
2025-06-19 19:21:00,745 - EarlyStopping counter: 2 out of 10
2025-06-19 19:21:02,461 - {'epoch': 3, 'rec_loss': '7.3047'}
2025-06-19 19:21:02,996 - {'Epoch': 3, 'HR@5': '0.0284', 'NDCG@5': '0.0181', 'HR@10': '0.0468', 'NDCG@10': '0.0241', 'HR@20': '0.0661', 'NDCG@20': '0.0290'}
2025-06-19 19:21:02,997 - Validation score increased.  Saving model ...
2025-06-19 19:21:04,683 - {'epoch': 4, 'rec_loss': '7.1197'}
2025-06-19 19:21:05,232 - {'Epoch': 4, 'HR@5': '0.0385', 'NDCG@5': '0.0250', 'HR@10': '0.0569', 'NDCG@10': '0.0309', 'HR@20': '0.0862', 'NDCG@20': '0.0382'}
2025-06-19 19:21:05,233 - Validation score increased.  Saving model ...
2025-06-19 19:21:06,917 - {'epoch': 5, 'rec_loss': '6.9188'}
2025-06-19 19:21:07,421 - {'Epoch': 5, 'HR@5': '0.0440', 'NDCG@5': '0.0297', 'HR@10': '0.0670', 'NDCG@10': '0.0371', 'HR@20': '0.0954', 'NDCG@20': '0.0441'}
2025-06-19 19:21:07,422 - Validation score increased.  Saving model ...
2025-06-19 19:21:09,127 - {'epoch': 6, 'rec_loss': '6.7174'}
2025-06-19 19:21:09,671 - {'Epoch': 6, 'HR@5': '0.0541', 'NDCG@5': '0.0355', 'HR@10': '0.0743', 'NDCG@10': '0.0419', 'HR@20': '0.1083', 'NDCG@20': '0.0504'}
2025-06-19 19:21:09,672 - Validation score increased.  Saving model ...
2025-06-19 19:21:11,375 - {'epoch': 7, 'rec_loss': '6.5200'}
2025-06-19 19:21:11,915 - {'Epoch': 7, 'HR@5': '0.0541', 'NDCG@5': '0.0386', 'HR@10': '0.0780', 'NDCG@10': '0.0463', 'HR@20': '0.1128', 'NDCG@20': '0.0551'}
2025-06-19 19:21:11,915 - Validation score increased.  Saving model ...
2025-06-19 19:21:13,589 - {'epoch': 8, 'rec_loss': '6.3443'}
2025-06-19 19:21:14,110 - {'Epoch': 8, 'HR@5': '0.0514', 'NDCG@5': '0.0378', 'HR@10': '0.0780', 'NDCG@10': '0.0465', 'HR@20': '0.1193', 'NDCG@20': '0.0570'}
2025-06-19 19:21:14,111 - Validation score increased.  Saving model ...
2025-06-19 19:21:15,789 - {'epoch': 9, 'rec_loss': '6.1810'}
2025-06-19 19:21:16,356 - {'Epoch': 9, 'HR@5': '0.0532', 'NDCG@5': '0.0377', 'HR@10': '0.0789', 'NDCG@10': '0.0462', 'HR@20': '0.1202', 'NDCG@20': '0.0566'}
2025-06-19 19:21:16,357 - EarlyStopping counter: 1 out of 10
2025-06-19 19:21:18,044 - {'epoch': 10, 'rec_loss': '6.0336'}
2025-06-19 19:21:18,589 - {'Epoch': 10, 'HR@5': '0.0514', 'NDCG@5': '0.0330', 'HR@10': '0.0881', 'NDCG@10': '0.0447', 'HR@20': '0.1220', 'NDCG@20': '0.0534'}
2025-06-19 19:21:18,590 - EarlyStopping counter: 2 out of 10
2025-06-19 19:21:20,273 - {'epoch': 11, 'rec_loss': '5.9176'}
2025-06-19 19:21:20,832 - {'Epoch': 11, 'HR@5': '0.0523', 'NDCG@5': '0.0342', 'HR@10': '0.0853', 'NDCG@10': '0.0447', 'HR@20': '0.1266', 'NDCG@20': '0.0551'}
2025-06-19 19:21:20,832 - EarlyStopping counter: 3 out of 10
2025-06-19 19:21:22,511 - {'epoch': 12, 'rec_loss': '5.8129'}
2025-06-19 19:21:23,058 - {'Epoch': 12, 'HR@5': '0.0505', 'NDCG@5': '0.0334', 'HR@10': '0.0954', 'NDCG@10': '0.0478', 'HR@20': '0.1321', 'NDCG@20': '0.0570'}
2025-06-19 19:21:23,059 - Validation score increased.  Saving model ...
2025-06-19 19:21:24,707 - {'epoch': 13, 'rec_loss': '5.7140'}
2025-06-19 19:21:25,250 - {'Epoch': 13, 'HR@5': '0.0532', 'NDCG@5': '0.0348', 'HR@10': '0.0862', 'NDCG@10': '0.0453', 'HR@20': '0.1312', 'NDCG@20': '0.0566'}
2025-06-19 19:21:25,251 - EarlyStopping counter: 1 out of 10
2025-06-19 19:21:26,933 - {'epoch': 14, 'rec_loss': '5.6322'}
2025-06-19 19:21:27,487 - {'Epoch': 14, 'HR@5': '0.0541', 'NDCG@5': '0.0368', 'HR@10': '0.0872', 'NDCG@10': '0.0473', 'HR@20': '0.1330', 'NDCG@20': '0.0587'}
2025-06-19 19:21:27,488 - Validation score increased.  Saving model ...
2025-06-19 19:21:29,161 - {'epoch': 15, 'rec_loss': '5.5639'}
2025-06-19 19:21:29,700 - {'Epoch': 15, 'HR@5': '0.0495', 'NDCG@5': '0.0342', 'HR@10': '0.0862', 'NDCG@10': '0.0458', 'HR@20': '0.1422', 'NDCG@20': '0.0599'}
2025-06-19 19:21:29,701 - Validation score increased.  Saving model ...
2025-06-19 19:21:31,413 - {'epoch': 16, 'rec_loss': '5.5098'}
2025-06-19 19:21:31,909 - {'Epoch': 16, 'HR@5': '0.0587', 'NDCG@5': '0.0376', 'HR@10': '0.0963', 'NDCG@10': '0.0498', 'HR@20': '0.1404', 'NDCG@20': '0.0609'}
2025-06-19 19:21:31,910 - Validation score increased.  Saving model ...
2025-06-19 19:21:33,577 - {'epoch': 17, 'rec_loss': '5.4511'}
2025-06-19 19:21:34,314 - {'Epoch': 17, 'HR@5': '0.0541', 'NDCG@5': '0.0369', 'HR@10': '0.0890', 'NDCG@10': '0.0482', 'HR@20': '0.1349', 'NDCG@20': '0.0599'}
2025-06-19 19:21:34,316 - EarlyStopping counter: 1 out of 10
2025-06-19 19:21:35,996 - {'epoch': 18, 'rec_loss': '5.4070'}
2025-06-19 19:21:36,528 - {'Epoch': 18, 'HR@5': '0.0495', 'NDCG@5': '0.0332', 'HR@10': '0.0881', 'NDCG@10': '0.0456', 'HR@20': '0.1376', 'NDCG@20': '0.0583'}
2025-06-19 19:21:36,529 - EarlyStopping counter: 2 out of 10
2025-06-19 19:21:38,209 - {'epoch': 19, 'rec_loss': '5.3791'}
2025-06-19 19:21:38,753 - {'Epoch': 19, 'HR@5': '0.0578', 'NDCG@5': '0.0381', 'HR@10': '0.0890', 'NDCG@10': '0.0482', 'HR@20': '0.1367', 'NDCG@20': '0.0602'}
2025-06-19 19:21:38,754 - EarlyStopping counter: 3 out of 10
2025-06-19 19:21:40,419 - {'epoch': 20, 'rec_loss': '5.3368'}
2025-06-19 19:21:40,949 - {'Epoch': 20, 'HR@5': '0.0578', 'NDCG@5': '0.0379', 'HR@10': '0.0991', 'NDCG@10': '0.0511', 'HR@20': '0.1404', 'NDCG@20': '0.0616'}
2025-06-19 19:21:40,950 - Validation score increased.  Saving model ...
2025-06-19 19:21:42,653 - {'epoch': 21, 'rec_loss': '5.3165'}
2025-06-19 19:21:43,155 - {'Epoch': 21, 'HR@5': '0.0550', 'NDCG@5': '0.0364', 'HR@10': '0.0917', 'NDCG@10': '0.0484', 'HR@20': '0.1385', 'NDCG@20': '0.0602'}
2025-06-19 19:21:43,156 - EarlyStopping counter: 1 out of 10
2025-06-19 19:21:44,807 - {'epoch': 22, 'rec_loss': '5.2860'}
2025-06-19 19:21:45,301 - {'Epoch': 22, 'HR@5': '0.0560', 'NDCG@5': '0.0372', 'HR@10': '0.0972', 'NDCG@10': '0.0505', 'HR@20': '0.1413', 'NDCG@20': '0.0617'}
2025-06-19 19:21:45,301 - Validation score increased.  Saving model ...
2025-06-19 19:21:46,981 - {'epoch': 23, 'rec_loss': '5.2601'}
2025-06-19 19:21:47,519 - {'Epoch': 23, 'HR@5': '0.0560', 'NDCG@5': '0.0383', 'HR@10': '0.0945', 'NDCG@10': '0.0508', 'HR@20': '0.1440', 'NDCG@20': '0.0632'}
2025-06-19 19:21:47,519 - Validation score increased.  Saving model ...
2025-06-19 19:21:49,169 - {'epoch': 24, 'rec_loss': '5.2207'}
2025-06-19 19:21:49,686 - {'Epoch': 24, 'HR@5': '0.0523', 'NDCG@5': '0.0355', 'HR@10': '0.1018', 'NDCG@10': '0.0513', 'HR@20': '0.1440', 'NDCG@20': '0.0619'}
2025-06-19 19:21:49,687 - EarlyStopping counter: 1 out of 10
2025-06-19 19:21:51,400 - {'epoch': 25, 'rec_loss': '5.2179'}
2025-06-19 19:21:51,928 - {'Epoch': 25, 'HR@5': '0.0560', 'NDCG@5': '0.0373', 'HR@10': '0.0963', 'NDCG@10': '0.0504', 'HR@20': '0.1440', 'NDCG@20': '0.0625'}
2025-06-19 19:21:51,928 - EarlyStopping counter: 2 out of 10
2025-06-19 19:21:53,606 - {'epoch': 26, 'rec_loss': '5.1853'}
2025-06-19 19:21:54,146 - {'Epoch': 26, 'HR@5': '0.0587', 'NDCG@5': '0.0391', 'HR@10': '0.1028', 'NDCG@10': '0.0534', 'HR@20': '0.1514', 'NDCG@20': '0.0655'}
2025-06-19 19:21:54,147 - Validation score increased.  Saving model ...
2025-06-19 19:21:55,862 - {'epoch': 27, 'rec_loss': '5.1641'}
2025-06-19 19:21:56,379 - {'Epoch': 27, 'HR@5': '0.0532', 'NDCG@5': '0.0360', 'HR@10': '0.0982', 'NDCG@10': '0.0504', 'HR@20': '0.1431', 'NDCG@20': '0.0617'}
2025-06-19 19:21:56,379 - EarlyStopping counter: 1 out of 10
2025-06-19 19:21:58,068 - {'epoch': 28, 'rec_loss': '5.1373'}
2025-06-19 19:21:58,592 - {'Epoch': 28, 'HR@5': '0.0615', 'NDCG@5': '0.0391', 'HR@10': '0.0982', 'NDCG@10': '0.0507', 'HR@20': '0.1413', 'NDCG@20': '0.0617'}
2025-06-19 19:21:58,593 - EarlyStopping counter: 2 out of 10
2025-06-19 19:22:00,258 - {'epoch': 29, 'rec_loss': '5.1102'}
2025-06-19 19:22:00,784 - {'Epoch': 29, 'HR@5': '0.0550', 'NDCG@5': '0.0366', 'HR@10': '0.1037', 'NDCG@10': '0.0521', 'HR@20': '0.1468', 'NDCG@20': '0.0631'}
2025-06-19 19:22:00,784 - EarlyStopping counter: 3 out of 10
2025-06-19 19:22:02,431 - {'epoch': 30, 'rec_loss': '5.1164'}
2025-06-19 19:22:02,952 - {'Epoch': 30, 'HR@5': '0.0642', 'NDCG@5': '0.0420', 'HR@10': '0.1055', 'NDCG@10': '0.0551', 'HR@20': '0.1450', 'NDCG@20': '0.0651'}
2025-06-19 19:22:02,953 - EarlyStopping counter: 4 out of 10
2025-06-19 19:22:04,634 - {'epoch': 31, 'rec_loss': '5.0875'}
2025-06-19 19:22:05,171 - {'Epoch': 31, 'HR@5': '0.0615', 'NDCG@5': '0.0409', 'HR@10': '0.1064', 'NDCG@10': '0.0552', 'HR@20': '0.1514', 'NDCG@20': '0.0664'}
2025-06-19 19:22:05,172 - Validation score increased.  Saving model ...
2025-06-19 19:22:06,860 - {'epoch': 32, 'rec_loss': '5.0740'}
2025-06-19 19:22:07,379 - {'Epoch': 32, 'HR@5': '0.0578', 'NDCG@5': '0.0393', 'HR@10': '0.0991', 'NDCG@10': '0.0524', 'HR@20': '0.1495', 'NDCG@20': '0.0652'}
2025-06-19 19:22:07,379 - EarlyStopping counter: 1 out of 10
2025-06-19 19:22:09,090 - {'epoch': 33, 'rec_loss': '5.0473'}
2025-06-19 19:22:09,638 - {'Epoch': 33, 'HR@5': '0.0606', 'NDCG@5': '0.0399', 'HR@10': '0.0982', 'NDCG@10': '0.0520', 'HR@20': '0.1523', 'NDCG@20': '0.0657'}
2025-06-19 19:22:09,639 - EarlyStopping counter: 2 out of 10
2025-06-19 19:22:11,343 - {'epoch': 34, 'rec_loss': '5.0356'}
2025-06-19 19:22:11,864 - {'Epoch': 34, 'HR@5': '0.0624', 'NDCG@5': '0.0402', 'HR@10': '0.0972', 'NDCG@10': '0.0512', 'HR@20': '0.1514', 'NDCG@20': '0.0648'}
2025-06-19 19:22:11,865 - EarlyStopping counter: 3 out of 10
2025-06-19 19:22:13,535 - {'epoch': 35, 'rec_loss': '5.0331'}
2025-06-19 19:22:14,089 - {'Epoch': 35, 'HR@5': '0.0587', 'NDCG@5': '0.0402', 'HR@10': '0.0972', 'NDCG@10': '0.0526', 'HR@20': '0.1523', 'NDCG@20': '0.0666'}
2025-06-19 19:22:14,090 - Validation score increased.  Saving model ...
2025-06-19 19:22:15,841 - {'epoch': 36, 'rec_loss': '5.0179'}
2025-06-19 19:22:16,387 - {'Epoch': 36, 'HR@5': '0.0560', 'NDCG@5': '0.0391', 'HR@10': '0.0963', 'NDCG@10': '0.0519', 'HR@20': '0.1459', 'NDCG@20': '0.0643'}
2025-06-19 19:22:16,388 - EarlyStopping counter: 1 out of 10
2025-06-19 19:22:18,074 - {'epoch': 37, 'rec_loss': '5.0000'}
2025-06-19 19:22:18,583 - {'Epoch': 37, 'HR@5': '0.0633', 'NDCG@5': '0.0437', 'HR@10': '0.1028', 'NDCG@10': '0.0562', 'HR@20': '0.1505', 'NDCG@20': '0.0683'}
2025-06-19 19:22:18,583 - Validation score increased.  Saving model ...
2025-06-19 19:22:20,258 - {'epoch': 38, 'rec_loss': '4.9925'}
2025-06-19 19:22:20,778 - {'Epoch': 38, 'HR@5': '0.0606', 'NDCG@5': '0.0406', 'HR@10': '0.0945', 'NDCG@10': '0.0514', 'HR@20': '0.1495', 'NDCG@20': '0.0652'}
2025-06-19 19:22:20,779 - EarlyStopping counter: 1 out of 10
2025-06-19 19:22:22,457 - {'epoch': 39, 'rec_loss': '4.9691'}
2025-06-19 19:22:23,013 - {'Epoch': 39, 'HR@5': '0.0624', 'NDCG@5': '0.0437', 'HR@10': '0.0917', 'NDCG@10': '0.0530', 'HR@20': '0.1450', 'NDCG@20': '0.0664'}
2025-06-19 19:22:23,014 - EarlyStopping counter: 2 out of 10
2025-06-19 19:22:24,700 - {'epoch': 40, 'rec_loss': '4.9559'}
2025-06-19 19:22:25,242 - {'Epoch': 40, 'HR@5': '0.0651', 'NDCG@5': '0.0455', 'HR@10': '0.0927', 'NDCG@10': '0.0543', 'HR@20': '0.1413', 'NDCG@20': '0.0667'}
2025-06-19 19:22:25,243 - EarlyStopping counter: 3 out of 10
2025-06-19 19:22:26,947 - {'epoch': 41, 'rec_loss': '4.9563'}
2025-06-19 19:22:27,458 - {'Epoch': 41, 'HR@5': '0.0624', 'NDCG@5': '0.0427', 'HR@10': '0.1009', 'NDCG@10': '0.0550', 'HR@20': '0.1440', 'NDCG@20': '0.0658'}
2025-06-19 19:22:27,459 - EarlyStopping counter: 4 out of 10
2025-06-19 19:22:29,103 - {'epoch': 42, 'rec_loss': '4.9361'}
2025-06-19 19:22:29,634 - {'Epoch': 42, 'HR@5': '0.0587', 'NDCG@5': '0.0397', 'HR@10': '0.0945', 'NDCG@10': '0.0512', 'HR@20': '0.1431', 'NDCG@20': '0.0634'}
2025-06-19 19:22:29,635 - EarlyStopping counter: 5 out of 10
2025-06-19 19:22:31,297 - {'epoch': 43, 'rec_loss': '4.9280'}
2025-06-19 19:22:31,802 - {'Epoch': 43, 'HR@5': '0.0651', 'NDCG@5': '0.0446', 'HR@10': '0.1055', 'NDCG@10': '0.0570', 'HR@20': '0.1505', 'NDCG@20': '0.0684'}
2025-06-19 19:22:31,802 - Validation score increased.  Saving model ...
2025-06-19 19:22:33,452 - {'epoch': 44, 'rec_loss': '4.9166'}
2025-06-19 19:22:33,977 - {'Epoch': 44, 'HR@5': '0.0615', 'NDCG@5': '0.0418', 'HR@10': '0.1000', 'NDCG@10': '0.0543', 'HR@20': '0.1450', 'NDCG@20': '0.0656'}
2025-06-19 19:22:33,978 - EarlyStopping counter: 1 out of 10
2025-06-19 19:22:35,692 - {'epoch': 45, 'rec_loss': '4.9132'}
2025-06-19 19:22:36,219 - {'Epoch': 45, 'HR@5': '0.0661', 'NDCG@5': '0.0461', 'HR@10': '0.1028', 'NDCG@10': '0.0578', 'HR@20': '0.1514', 'NDCG@20': '0.0699'}
2025-06-19 19:22:36,220 - Validation score increased.  Saving model ...
2025-06-19 19:22:37,899 - {'epoch': 46, 'rec_loss': '4.8994'}
2025-06-19 19:22:38,429 - {'Epoch': 46, 'HR@5': '0.0642', 'NDCG@5': '0.0440', 'HR@10': '0.1000', 'NDCG@10': '0.0556', 'HR@20': '0.1505', 'NDCG@20': '0.0681'}
2025-06-19 19:22:38,430 - EarlyStopping counter: 1 out of 10
2025-06-19 19:22:40,114 - {'epoch': 47, 'rec_loss': '4.8916'}
2025-06-19 19:22:40,654 - {'Epoch': 47, 'HR@5': '0.0651', 'NDCG@5': '0.0433', 'HR@10': '0.0982', 'NDCG@10': '0.0541', 'HR@20': '0.1422', 'NDCG@20': '0.0652'}
2025-06-19 19:22:40,655 - EarlyStopping counter: 2 out of 10
2025-06-19 19:22:42,377 - {'epoch': 48, 'rec_loss': '4.8848'}
2025-06-19 19:22:42,920 - {'Epoch': 48, 'HR@5': '0.0670', 'NDCG@5': '0.0420', 'HR@10': '0.1046', 'NDCG@10': '0.0538', 'HR@20': '0.1450', 'NDCG@20': '0.0641'}
2025-06-19 19:22:42,921 - EarlyStopping counter: 3 out of 10
2025-06-19 19:22:44,609 - {'epoch': 49, 'rec_loss': '4.8800'}
2025-06-19 19:22:45,108 - {'Epoch': 49, 'HR@5': '0.0642', 'NDCG@5': '0.0443', 'HR@10': '0.1037', 'NDCG@10': '0.0568', 'HR@20': '0.1459', 'NDCG@20': '0.0676'}
2025-06-19 19:22:45,108 - EarlyStopping counter: 4 out of 10
2025-06-19 19:22:46,781 - {'epoch': 50, 'rec_loss': '4.8636'}
2025-06-19 19:22:47,321 - {'Epoch': 50, 'HR@5': '0.0615', 'NDCG@5': '0.0425', 'HR@10': '0.1018', 'NDCG@10': '0.0557', 'HR@20': '0.1495', 'NDCG@20': '0.0675'}
2025-06-19 19:22:47,322 - EarlyStopping counter: 5 out of 10
2025-06-19 19:22:49,001 - {'epoch': 51, 'rec_loss': '4.8625'}
2025-06-19 19:22:49,532 - {'Epoch': 51, 'HR@5': '0.0624', 'NDCG@5': '0.0428', 'HR@10': '0.0936', 'NDCG@10': '0.0528', 'HR@20': '0.1431', 'NDCG@20': '0.0654'}
2025-06-19 19:22:49,533 - EarlyStopping counter: 6 out of 10
2025-06-19 19:22:51,217 - {'epoch': 52, 'rec_loss': '4.8462'}
2025-06-19 19:22:51,745 - {'Epoch': 52, 'HR@5': '0.0633', 'NDCG@5': '0.0422', 'HR@10': '0.0954', 'NDCG@10': '0.0526', 'HR@20': '0.1486', 'NDCG@20': '0.0661'}
2025-06-19 19:22:51,745 - EarlyStopping counter: 7 out of 10
2025-06-19 19:22:53,449 - {'epoch': 53, 'rec_loss': '4.8383'}
2025-06-19 19:22:53,998 - {'Epoch': 53, 'HR@5': '0.0661', 'NDCG@5': '0.0438', 'HR@10': '0.0982', 'NDCG@10': '0.0540', 'HR@20': '0.1495', 'NDCG@20': '0.0671'}
2025-06-19 19:22:53,999 - EarlyStopping counter: 8 out of 10
2025-06-19 19:22:55,687 - {'epoch': 54, 'rec_loss': '4.8331'}
2025-06-19 19:22:56,217 - {'Epoch': 54, 'HR@5': '0.0587', 'NDCG@5': '0.0411', 'HR@10': '0.0972', 'NDCG@10': '0.0533', 'HR@20': '0.1468', 'NDCG@20': '0.0657'}
2025-06-19 19:22:56,218 - EarlyStopping counter: 9 out of 10
2025-06-19 19:22:57,902 - {'epoch': 55, 'rec_loss': '4.8304'}
2025-06-19 19:22:58,426 - {'Epoch': 55, 'HR@5': '0.0624', 'NDCG@5': '0.0430', 'HR@10': '0.1018', 'NDCG@10': '0.0557', 'HR@20': '0.1523', 'NDCG@20': '0.0683'}
2025-06-19 19:22:58,426 - EarlyStopping counter: 10 out of 10
2025-06-19 19:22:58,426 - Early stopping
2025-06-19 19:22:58,426 - ---------------Test Score---------------
2025-06-19 19:22:58,959 - {'Epoch': 0, 'HR@5': '0.0477', 'NDCG@5': '0.0326', 'HR@10': '0.0780', 'NDCG@10': '0.0424', 'HR@20': '0.1165', 'NDCG@20': '0.0519'}
2025-06-19 19:22:58,960 - BSARec_LastFM_44
2025-06-19 19:22:58,960 - {'Epoch': 0, 'HR@5': '0.0477', 'NDCG@5': '0.0326', 'HR@10': '0.0780', 'NDCG@10': '0.0424', 'HR@20': '0.1165', 'NDCG@20': '0.0519'}
