2025-06-19 15:58:19,296 - Namespace(data_dir='data/self_processed/', output_dir='output/BSARec/', data_name='Diginetica', do_eval=False, load_model=None, train_name='BSARec_Diginetica_45', num_items=10, num_users=14829, lr=0.0005, batch_size=256, epochs=200, no_cuda=False, log_freq=1, patience=10, num_workers=4, seed=45, weight_decay=0.0, adam_beta1=0.9, adam_beta2=0.999, gpu_id='0', variance=5, model_type='BSARec', max_seq_length=50, hidden_size=64, num_hidden_layers=2, hidden_act='gelu', num_attention_heads=4, attention_probs_dropout_prob=0.5, hidden_dropout_prob=0.5, initializer_range=0.02, c=7, alpha=0.5, cuda_condition=True, data_file='data/self_processed/Diginetica.txt', item_size=9441, checkpoint_path='output/BSARec/BSARec_Diginetica_45.pt', same_target_path='data/self_processed/Diginetica_same_target.npy')
2025-06-19 15:58:19,313 - BSARecModel(
  (item_embeddings): Embedding(9441, 64, padding_idx=0)
  (position_embeddings): Embedding(50, 64)
  (LayerNorm): LayerNorm()
  (dropout): Dropout(p=0.5, inplace=False)
  (item_encoder): BSARecEncoder(
    (blocks): ModuleList(
      (0): BSARecBlock(
        (layer): BSARecLayer(
          (filter_layer): FrequencyLayer(
            (out_dropout): Dropout(p=0.5, inplace=False)
            (LayerNorm): LayerNorm()
          )
          (attention_layer): MultiHeadAttention(
            (query): Linear(in_features=64, out_features=64, bias=True)
            (key): Linear(in_features=64, out_features=64, bias=True)
            (value): Linear(in_features=64, out_features=64, bias=True)
            (softmax): Softmax(dim=-1)
            (attn_dropout): Dropout(p=0.5, inplace=False)
            (dense): Linear(in_features=64, out_features=64, bias=True)
            (LayerNorm): LayerNorm((64,), eps=1e-12, elementwise_affine=True)
            (out_dropout): Dropout(p=0.5, inplace=False)
          )
        )
        (feed_forward): FeedForward(
          (dense_1): Linear(in_features=64, out_features=256, bias=True)
          (dense_2): Linear(in_features=256, out_features=64, bias=True)
          (LayerNorm): LayerNorm()
          (dropout): Dropout(p=0.5, inplace=False)
        )
      )
      (1): BSARecBlock(
        (layer): BSARecLayer(
          (filter_layer): FrequencyLayer(
            (out_dropout): Dropout(p=0.5, inplace=False)
            (LayerNorm): LayerNorm()
          )
          (attention_layer): MultiHeadAttention(
            (query): Linear(in_features=64, out_features=64, bias=True)
            (key): Linear(in_features=64, out_features=64, bias=True)
            (value): Linear(in_features=64, out_features=64, bias=True)
            (softmax): Softmax(dim=-1)
            (attn_dropout): Dropout(p=0.5, inplace=False)
            (dense): Linear(in_features=64, out_features=64, bias=True)
            (LayerNorm): LayerNorm((64,), eps=1e-12, elementwise_affine=True)
            (out_dropout): Dropout(p=0.5, inplace=False)
          )
        )
        (feed_forward): FeedForward(
          (dense_1): Linear(in_features=64, out_features=256, bias=True)
          (dense_2): Linear(in_features=256, out_features=64, bias=True)
          (LayerNorm): LayerNorm()
          (dropout): Dropout(p=0.5, inplace=False)
        )
      )
    )
  )
)
2025-06-19 15:58:21,970 - Total Parameters: 707904
2025-06-19 15:58:28,238 - {'epoch': 0, 'rec_loss': '8.7983'}
2025-06-19 15:58:31,825 - {'Epoch': 0, 'HR@5': '0.0061', 'NDCG@5': '0.0041', 'HR@10': '0.0109', 'NDCG@10': '0.0056', 'HR@20': '0.0175', 'NDCG@20': '0.0073'}
2025-06-19 15:58:31,827 - Validation score increased.  Saving model ...
2025-06-19 15:58:36,797 - {'epoch': 1, 'rec_loss': '8.3275'}
2025-06-19 15:58:40,479 - {'Epoch': 1, 'HR@5': '0.0479', 'NDCG@5': '0.0315', 'HR@10': '0.0658', 'NDCG@10': '0.0372', 'HR@20': '0.0898', 'NDCG@20': '0.0433'}
2025-06-19 15:58:40,480 - Validation score increased.  Saving model ...
2025-06-19 15:58:45,570 - {'epoch': 2, 'rec_loss': '7.6309'}
2025-06-19 15:58:49,324 - {'Epoch': 2, 'HR@5': '0.0877', 'NDCG@5': '0.0567', 'HR@10': '0.1330', 'NDCG@10': '0.0712', 'HR@20': '0.1867', 'NDCG@20': '0.0847'}
2025-06-19 15:58:49,326 - Validation score increased.  Saving model ...
2025-06-19 15:58:54,322 - {'epoch': 3, 'rec_loss': '6.8151'}
2025-06-19 15:58:58,097 - {'Epoch': 3, 'HR@5': '0.1097', 'NDCG@5': '0.0717', 'HR@10': '0.1688', 'NDCG@10': '0.0907', 'HR@20': '0.2409', 'NDCG@20': '0.1089'}
2025-06-19 15:58:58,100 - Validation score increased.  Saving model ...
2025-06-19 15:59:03,219 - {'epoch': 4, 'rec_loss': '6.1615'}
2025-06-19 15:59:06,975 - {'Epoch': 4, 'HR@5': '0.1273', 'NDCG@5': '0.0847', 'HR@10': '0.1913', 'NDCG@10': '0.1054', 'HR@20': '0.2734', 'NDCG@20': '0.1261'}
2025-06-19 15:59:06,976 - Validation score increased.  Saving model ...
2025-06-19 15:59:11,965 - {'epoch': 5, 'rec_loss': '5.6997'}
2025-06-19 15:59:15,802 - {'Epoch': 5, 'HR@5': '0.1418', 'NDCG@5': '0.0934', 'HR@10': '0.2124', 'NDCG@10': '0.1161', 'HR@20': '0.3025', 'NDCG@20': '0.1389'}
2025-06-19 15:59:15,804 - Validation score increased.  Saving model ...
2025-06-19 15:59:20,857 - {'epoch': 6, 'rec_loss': '5.3788'}
2025-06-19 15:59:24,641 - {'Epoch': 6, 'HR@5': '0.1517', 'NDCG@5': '0.0997', 'HR@10': '0.2268', 'NDCG@10': '0.1238', 'HR@20': '0.3180', 'NDCG@20': '0.1468'}
2025-06-19 15:59:24,643 - Validation score increased.  Saving model ...
2025-06-19 15:59:29,652 - {'epoch': 7, 'rec_loss': '5.1632'}
2025-06-19 15:59:33,457 - {'Epoch': 7, 'HR@5': '0.1594', 'NDCG@5': '0.1050', 'HR@10': '0.2385', 'NDCG@10': '0.1305', 'HR@20': '0.3283', 'NDCG@20': '0.1533'}
2025-06-19 15:59:33,459 - Validation score increased.  Saving model ...
2025-06-19 15:59:38,432 - {'epoch': 8, 'rec_loss': '5.0071'}
2025-06-19 15:59:42,242 - {'Epoch': 8, 'HR@5': '0.1648', 'NDCG@5': '0.1084', 'HR@10': '0.2462', 'NDCG@10': '0.1346', 'HR@20': '0.3410', 'NDCG@20': '0.1586'}
2025-06-19 15:59:42,243 - Validation score increased.  Saving model ...
2025-06-19 15:59:47,296 - {'epoch': 9, 'rec_loss': '4.9051'}
2025-06-19 15:59:51,084 - {'Epoch': 9, 'HR@5': '0.1658', 'NDCG@5': '0.1099', 'HR@10': '0.2520', 'NDCG@10': '0.1376', 'HR@20': '0.3489', 'NDCG@20': '0.1620'}
2025-06-19 15:59:51,086 - Validation score increased.  Saving model ...
2025-06-19 15:59:56,122 - {'epoch': 10, 'rec_loss': '4.8256'}
2025-06-19 15:59:59,942 - {'Epoch': 10, 'HR@5': '0.1669', 'NDCG@5': '0.1107', 'HR@10': '0.2530', 'NDCG@10': '0.1384', 'HR@20': '0.3532', 'NDCG@20': '0.1638'}
2025-06-19 15:59:59,944 - Validation score increased.  Saving model ...
2025-06-19 16:00:04,930 - {'epoch': 11, 'rec_loss': '4.7659'}
2025-06-19 16:00:08,735 - {'Epoch': 11, 'HR@5': '0.1709', 'NDCG@5': '0.1125', 'HR@10': '0.2584', 'NDCG@10': '0.1406', 'HR@20': '0.3564', 'NDCG@20': '0.1654'}
2025-06-19 16:00:08,738 - Validation score increased.  Saving model ...
2025-06-19 16:00:13,792 - {'epoch': 12, 'rec_loss': '4.7245'}
2025-06-19 16:00:17,637 - {'Epoch': 12, 'HR@5': '0.1722', 'NDCG@5': '0.1133', 'HR@10': '0.2596', 'NDCG@10': '0.1414', 'HR@20': '0.3600', 'NDCG@20': '0.1668'}
2025-06-19 16:00:17,638 - Validation score increased.  Saving model ...
2025-06-19 16:00:22,676 - {'epoch': 13, 'rec_loss': '4.6853'}
2025-06-19 16:00:26,475 - {'Epoch': 13, 'HR@5': '0.1743', 'NDCG@5': '0.1144', 'HR@10': '0.2604', 'NDCG@10': '0.1421', 'HR@20': '0.3626', 'NDCG@20': '0.1679'}
2025-06-19 16:00:26,476 - Validation score increased.  Saving model ...
2025-06-19 16:00:31,505 - {'epoch': 14, 'rec_loss': '4.6586'}
2025-06-19 16:00:35,309 - {'Epoch': 14, 'HR@5': '0.1751', 'NDCG@5': '0.1154', 'HR@10': '0.2621', 'NDCG@10': '0.1434', 'HR@20': '0.3646', 'NDCG@20': '0.1693'}
2025-06-19 16:00:35,311 - Validation score increased.  Saving model ...
2025-06-19 16:00:40,319 - {'epoch': 15, 'rec_loss': '4.6458'}
2025-06-19 16:00:44,159 - {'Epoch': 15, 'HR@5': '0.1764', 'NDCG@5': '0.1156', 'HR@10': '0.2632', 'NDCG@10': '0.1437', 'HR@20': '0.3633', 'NDCG@20': '0.1690'}
2025-06-19 16:00:44,161 - EarlyStopping counter: 1 out of 10
2025-06-19 16:00:49,183 - {'epoch': 16, 'rec_loss': '4.6238'}
2025-06-19 16:00:53,035 - {'Epoch': 16, 'HR@5': '0.1750', 'NDCG@5': '0.1144', 'HR@10': '0.2630', 'NDCG@10': '0.1427', 'HR@20': '0.3657', 'NDCG@20': '0.1687'}
2025-06-19 16:00:53,038 - EarlyStopping counter: 2 out of 10
2025-06-19 16:00:58,047 - {'epoch': 17, 'rec_loss': '4.6060'}
2025-06-19 16:01:01,844 - {'Epoch': 17, 'HR@5': '0.1754', 'NDCG@5': '0.1155', 'HR@10': '0.2644', 'NDCG@10': '0.1442', 'HR@20': '0.3662', 'NDCG@20': '0.1699'}
2025-06-19 16:01:01,845 - Validation score increased.  Saving model ...
2025-06-19 16:01:06,889 - {'epoch': 18, 'rec_loss': '4.5910'}
2025-06-19 16:01:10,749 - {'Epoch': 18, 'HR@5': '0.1747', 'NDCG@5': '0.1146', 'HR@10': '0.2642', 'NDCG@10': '0.1434', 'HR@20': '0.3665', 'NDCG@20': '0.1693'}
2025-06-19 16:01:10,751 - EarlyStopping counter: 1 out of 10
2025-06-19 16:01:15,795 - {'epoch': 19, 'rec_loss': '4.5862'}
2025-06-19 16:01:19,657 - {'Epoch': 19, 'HR@5': '0.1745', 'NDCG@5': '0.1152', 'HR@10': '0.2640', 'NDCG@10': '0.1440', 'HR@20': '0.3667', 'NDCG@20': '0.1699'}
2025-06-19 16:01:19,659 - Validation score increased.  Saving model ...
2025-06-19 16:01:24,648 - {'epoch': 20, 'rec_loss': '4.5635'}
2025-06-19 16:01:28,495 - {'Epoch': 20, 'HR@5': '0.1733', 'NDCG@5': '0.1139', 'HR@10': '0.2667', 'NDCG@10': '0.1440', 'HR@20': '0.3650', 'NDCG@20': '0.1688'}
2025-06-19 16:01:28,497 - EarlyStopping counter: 1 out of 10
2025-06-19 16:01:33,512 - {'epoch': 21, 'rec_loss': '4.5583'}
2025-06-19 16:01:37,340 - {'Epoch': 21, 'HR@5': '0.1769', 'NDCG@5': '0.1146', 'HR@10': '0.2644', 'NDCG@10': '0.1428', 'HR@20': '0.3659', 'NDCG@20': '0.1685'}
2025-06-19 16:01:37,341 - EarlyStopping counter: 2 out of 10
2025-06-19 16:01:42,368 - {'epoch': 22, 'rec_loss': '4.5549'}
2025-06-19 16:01:46,258 - {'Epoch': 22, 'HR@5': '0.1750', 'NDCG@5': '0.1146', 'HR@10': '0.2663', 'NDCG@10': '0.1440', 'HR@20': '0.3680', 'NDCG@20': '0.1696'}
2025-06-19 16:01:46,260 - EarlyStopping counter: 3 out of 10
2025-06-19 16:01:51,274 - {'epoch': 23, 'rec_loss': '4.5407'}
2025-06-19 16:01:55,089 - {'Epoch': 23, 'HR@5': '0.1761', 'NDCG@5': '0.1154', 'HR@10': '0.2658', 'NDCG@10': '0.1443', 'HR@20': '0.3649', 'NDCG@20': '0.1693'}
2025-06-19 16:01:55,092 - EarlyStopping counter: 4 out of 10
2025-06-19 16:02:00,096 - {'epoch': 24, 'rec_loss': '4.5310'}
2025-06-19 16:02:03,912 - {'Epoch': 24, 'HR@5': '0.1766', 'NDCG@5': '0.1152', 'HR@10': '0.2673', 'NDCG@10': '0.1444', 'HR@20': '0.3661', 'NDCG@20': '0.1694'}
2025-06-19 16:02:03,912 - EarlyStopping counter: 5 out of 10
2025-06-19 16:02:08,912 - {'epoch': 25, 'rec_loss': '4.5268'}
2025-06-19 16:02:12,732 - {'Epoch': 25, 'HR@5': '0.1748', 'NDCG@5': '0.1154', 'HR@10': '0.2637', 'NDCG@10': '0.1440', 'HR@20': '0.3664', 'NDCG@20': '0.1699'}
2025-06-19 16:02:12,734 - Validation score increased.  Saving model ...
2025-06-19 16:02:17,797 - {'epoch': 26, 'rec_loss': '4.5197'}
2025-06-19 16:02:21,669 - {'Epoch': 26, 'HR@5': '0.1775', 'NDCG@5': '0.1170', 'HR@10': '0.2645', 'NDCG@10': '0.1450', 'HR@20': '0.3653', 'NDCG@20': '0.1705'}
2025-06-19 16:02:21,671 - Validation score increased.  Saving model ...
2025-06-19 16:02:26,771 - {'epoch': 27, 'rec_loss': '4.5133'}
2025-06-19 16:02:30,613 - {'Epoch': 27, 'HR@5': '0.1770', 'NDCG@5': '0.1155', 'HR@10': '0.2654', 'NDCG@10': '0.1439', 'HR@20': '0.3667', 'NDCG@20': '0.1695'}
2025-06-19 16:02:30,615 - EarlyStopping counter: 1 out of 10
2025-06-19 16:02:35,579 - {'epoch': 28, 'rec_loss': '4.5025'}
2025-06-19 16:02:39,409 - {'Epoch': 28, 'HR@5': '0.1772', 'NDCG@5': '0.1158', 'HR@10': '0.2660', 'NDCG@10': '0.1443', 'HR@20': '0.3669', 'NDCG@20': '0.1698'}
2025-06-19 16:02:39,412 - EarlyStopping counter: 2 out of 10
2025-06-19 16:02:44,469 - {'epoch': 29, 'rec_loss': '4.5002'}
2025-06-19 16:02:48,305 - {'Epoch': 29, 'HR@5': '0.1761', 'NDCG@5': '0.1155', 'HR@10': '0.2645', 'NDCG@10': '0.1441', 'HR@20': '0.3683', 'NDCG@20': '0.1703'}
2025-06-19 16:02:48,308 - EarlyStopping counter: 3 out of 10
2025-06-19 16:02:53,324 - {'epoch': 30, 'rec_loss': '4.4946'}
2025-06-19 16:02:57,180 - {'Epoch': 30, 'HR@5': '0.1757', 'NDCG@5': '0.1151', 'HR@10': '0.2643', 'NDCG@10': '0.1436', 'HR@20': '0.3660', 'NDCG@20': '0.1694'}
2025-06-19 16:02:57,182 - EarlyStopping counter: 4 out of 10
2025-06-19 16:03:02,251 - {'epoch': 31, 'rec_loss': '4.4870'}
2025-06-19 16:03:06,054 - {'Epoch': 31, 'HR@5': '0.1777', 'NDCG@5': '0.1159', 'HR@10': '0.2663', 'NDCG@10': '0.1444', 'HR@20': '0.3670', 'NDCG@20': '0.1698'}
2025-06-19 16:03:06,056 - EarlyStopping counter: 5 out of 10
2025-06-19 16:03:11,057 - {'epoch': 32, 'rec_loss': '4.4805'}
2025-06-19 16:03:14,934 - {'Epoch': 32, 'HR@5': '0.1762', 'NDCG@5': '0.1155', 'HR@10': '0.2663', 'NDCG@10': '0.1445', 'HR@20': '0.3649', 'NDCG@20': '0.1694'}
2025-06-19 16:03:14,936 - EarlyStopping counter: 6 out of 10
2025-06-19 16:03:19,989 - {'epoch': 33, 'rec_loss': '4.4766'}
2025-06-19 16:03:23,826 - {'Epoch': 33, 'HR@5': '0.1764', 'NDCG@5': '0.1161', 'HR@10': '0.2648', 'NDCG@10': '0.1445', 'HR@20': '0.3659', 'NDCG@20': '0.1700'}
2025-06-19 16:03:23,827 - EarlyStopping counter: 7 out of 10
2025-06-19 16:03:28,832 - {'epoch': 34, 'rec_loss': '4.4689'}
2025-06-19 16:03:32,666 - {'Epoch': 34, 'HR@5': '0.1760', 'NDCG@5': '0.1153', 'HR@10': '0.2667', 'NDCG@10': '0.1447', 'HR@20': '0.3640', 'NDCG@20': '0.1693'}
2025-06-19 16:03:32,668 - EarlyStopping counter: 8 out of 10
2025-06-19 16:03:37,676 - {'epoch': 35, 'rec_loss': '4.4688'}
2025-06-19 16:03:41,496 - {'Epoch': 35, 'HR@5': '0.1747', 'NDCG@5': '0.1141', 'HR@10': '0.2625', 'NDCG@10': '0.1426', 'HR@20': '0.3665', 'NDCG@20': '0.1688'}
2025-06-19 16:03:41,497 - EarlyStopping counter: 9 out of 10
2025-06-19 16:03:46,576 - {'epoch': 36, 'rec_loss': '4.4615'}
2025-06-19 16:03:50,415 - {'Epoch': 36, 'HR@5': '0.1769', 'NDCG@5': '0.1154', 'HR@10': '0.2622', 'NDCG@10': '0.1429', 'HR@20': '0.3668', 'NDCG@20': '0.1693'}
2025-06-19 16:03:50,417 - EarlyStopping counter: 10 out of 10
2025-06-19 16:03:50,417 - Early stopping
2025-06-19 16:03:50,417 - ---------------Test Score---------------
2025-06-19 16:03:54,295 - {'Epoch': 0, 'HR@5': '0.1556', 'NDCG@5': '0.1025', 'HR@10': '0.2319', 'NDCG@10': '0.1270', 'HR@20': '0.3256', 'NDCG@20': '0.1508'}
2025-06-19 16:03:54,297 - BSARec_Diginetica_45
2025-06-19 16:03:54,297 - {'Epoch': 0, 'HR@5': '0.1556', 'NDCG@5': '0.1025', 'HR@10': '0.2319', 'NDCG@10': '0.1270', 'HR@20': '0.3256', 'NDCG@20': '0.1508'}
