2025-06-19 19:20:49,481 - Namespace(data_dir='data/', output_dir='output/BSARec/', data_name='LastFM', do_eval=False, load_model=None, train_name='BSARec_LastFM_42', num_items=10, num_users=1091, lr=0.001, batch_size=256, epochs=200, no_cuda=False, log_freq=1, patience=10, num_workers=4, seed=42, weight_decay=0.0, adam_beta1=0.9, adam_beta2=0.999, gpu_id='0', variance=5, model_type='BSARec', max_seq_length=50, hidden_size=64, num_hidden_layers=2, hidden_act='gelu', num_attention_heads=1, attention_probs_dropout_prob=0.5, hidden_dropout_prob=0.5, initializer_range=0.02, c=3, alpha=0.9, cuda_condition=True, data_file='data/LastFM.txt', item_size=3647, checkpoint_path='output/BSARec/BSARec_LastFM_42.pt', same_target_path='data/LastFM_same_target.npy')
2025-06-19 19:20:49,497 - BSARecModel(
  (item_embeddings): Embedding(3647, 64, padding_idx=0)
  (position_embeddings): Embedding(50, 64)
  (LayerNorm): LayerNorm()
  (dropout): Dropout(p=0.5, inplace=False)
  (item_encoder): BSARecEncoder(
    (blocks): ModuleList(
      (0): BSARecBlock(
        (layer): BSARecLayer(
          (filter_layer): FrequencyLayer(
            (out_dropout): Dropout(p=0.5, inplace=False)
            (LayerNorm): LayerNorm()
          )
          (attention_layer): MultiHeadAttention(
            (query): Linear(in_features=64, out_features=64, bias=True)
            (key): Linear(in_features=64, out_features=64, bias=True)
            (value): Linear(in_features=64, out_features=64, bias=True)
            (softmax): Softmax(dim=-1)
            (attn_dropout): Dropout(p=0.5, inplace=False)
            (dense): Linear(in_features=64, out_features=64, bias=True)
            (LayerNorm): LayerNorm((64,), eps=1e-12, elementwise_affine=True)
            (out_dropout): Dropout(p=0.5, inplace=False)
          )
        )
        (feed_forward): FeedForward(
          (dense_1): Linear(in_features=64, out_features=256, bias=True)
          (dense_2): Linear(in_features=256, out_features=64, bias=True)
          (LayerNorm): LayerNorm()
          (dropout): Dropout(p=0.5, inplace=False)
        )
      )
      (1): BSARecBlock(
        (layer): BSARecLayer(
          (filter_layer): FrequencyLayer(
            (out_dropout): Dropout(p=0.5, inplace=False)
            (LayerNorm): LayerNorm()
          )
          (attention_layer): MultiHeadAttention(
            (query): Linear(in_features=64, out_features=64, bias=True)
            (key): Linear(in_features=64, out_features=64, bias=True)
            (value): Linear(in_features=64, out_features=64, bias=True)
            (softmax): Softmax(dim=-1)
            (attn_dropout): Dropout(p=0.5, inplace=False)
            (dense): Linear(in_features=64, out_features=64, bias=True)
            (LayerNorm): LayerNorm((64,), eps=1e-12, elementwise_affine=True)
            (out_dropout): Dropout(p=0.5, inplace=False)
          )
        )
        (feed_forward): FeedForward(
          (dense_1): Linear(in_features=64, out_features=256, bias=True)
          (dense_2): Linear(in_features=256, out_features=64, bias=True)
          (LayerNorm): LayerNorm()
          (dropout): Dropout(p=0.5, inplace=False)
        )
      )
    )
  )
)
2025-06-19 19:20:52,708 - Total Parameters: 337088
2025-06-19 19:20:55,727 - {'epoch': 0, 'rec_loss': '7.9790'}
2025-06-19 19:20:56,282 - {'Epoch': 0, 'HR@5': '0.0229', 'NDCG@5': '0.0144', 'HR@10': '0.0394', 'NDCG@10': '0.0196', 'HR@20': '0.0606', 'NDCG@20': '0.0248'}
2025-06-19 19:20:56,283 - Validation score increased.  Saving model ...
2025-06-19 19:20:58,007 - {'epoch': 1, 'rec_loss': '7.6893'}
2025-06-19 19:20:58,576 - {'Epoch': 1, 'HR@5': '0.0248', 'NDCG@5': '0.0144', 'HR@10': '0.0367', 'NDCG@10': '0.0182', 'HR@20': '0.0578', 'NDCG@20': '0.0234'}
2025-06-19 19:20:58,577 - EarlyStopping counter: 1 out of 10
2025-06-19 19:21:00,292 - {'epoch': 2, 'rec_loss': '7.5209'}
2025-06-19 19:21:00,847 - {'Epoch': 2, 'HR@5': '0.0229', 'NDCG@5': '0.0141', 'HR@10': '0.0404', 'NDCG@10': '0.0196', 'HR@20': '0.0578', 'NDCG@20': '0.0239'}
2025-06-19 19:21:00,848 - EarlyStopping counter: 2 out of 10
2025-06-19 19:21:02,559 - {'epoch': 3, 'rec_loss': '7.3525'}
2025-06-19 19:21:03,123 - {'Epoch': 3, 'HR@5': '0.0284', 'NDCG@5': '0.0195', 'HR@10': '0.0495', 'NDCG@10': '0.0263', 'HR@20': '0.0679', 'NDCG@20': '0.0309'}
2025-06-19 19:21:03,124 - Validation score increased.  Saving model ...
2025-06-19 19:21:04,822 - {'epoch': 4, 'rec_loss': '7.1790'}
2025-06-19 19:21:05,375 - {'Epoch': 4, 'HR@5': '0.0404', 'NDCG@5': '0.0262', 'HR@10': '0.0560', 'NDCG@10': '0.0312', 'HR@20': '0.0789', 'NDCG@20': '0.0370'}
2025-06-19 19:21:05,376 - Validation score increased.  Saving model ...
2025-06-19 19:21:07,060 - {'epoch': 5, 'rec_loss': '7.0047'}
2025-06-19 19:21:07,661 - {'Epoch': 5, 'HR@5': '0.0431', 'NDCG@5': '0.0264', 'HR@10': '0.0596', 'NDCG@10': '0.0318', 'HR@20': '0.0917', 'NDCG@20': '0.0400'}
2025-06-19 19:21:07,662 - Validation score increased.  Saving model ...
2025-06-19 19:21:09,378 - {'epoch': 6, 'rec_loss': '6.8231'}
2025-06-19 19:21:09,925 - {'Epoch': 6, 'HR@5': '0.0459', 'NDCG@5': '0.0290', 'HR@10': '0.0587', 'NDCG@10': '0.0333', 'HR@20': '0.0963', 'NDCG@20': '0.0428'}
2025-06-19 19:21:09,926 - Validation score increased.  Saving model ...
2025-06-19 19:21:11,627 - {'epoch': 7, 'rec_loss': '6.6297'}
2025-06-19 19:21:12,200 - {'Epoch': 7, 'HR@5': '0.0450', 'NDCG@5': '0.0294', 'HR@10': '0.0661', 'NDCG@10': '0.0362', 'HR@20': '0.1073', 'NDCG@20': '0.0465'}
2025-06-19 19:21:12,201 - Validation score increased.  Saving model ...
2025-06-19 19:21:13,952 - {'epoch': 8, 'rec_loss': '6.4648'}
2025-06-19 19:21:14,491 - {'Epoch': 8, 'HR@5': '0.0404', 'NDCG@5': '0.0264', 'HR@10': '0.0679', 'NDCG@10': '0.0351', 'HR@20': '0.1064', 'NDCG@20': '0.0449'}
2025-06-19 19:21:14,492 - EarlyStopping counter: 1 out of 10
2025-06-19 19:21:16,296 - {'epoch': 9, 'rec_loss': '6.3025'}
2025-06-19 19:21:16,847 - {'Epoch': 9, 'HR@5': '0.0459', 'NDCG@5': '0.0290', 'HR@10': '0.0688', 'NDCG@10': '0.0363', 'HR@20': '0.1055', 'NDCG@20': '0.0454'}
2025-06-19 19:21:16,847 - EarlyStopping counter: 2 out of 10
2025-06-19 19:21:18,550 - {'epoch': 10, 'rec_loss': '6.1544'}
2025-06-19 19:21:19,115 - {'Epoch': 10, 'HR@5': '0.0459', 'NDCG@5': '0.0311', 'HR@10': '0.0725', 'NDCG@10': '0.0397', 'HR@20': '0.1119', 'NDCG@20': '0.0496'}
2025-06-19 19:21:19,116 - Validation score increased.  Saving model ...
2025-06-19 19:21:20,829 - {'epoch': 11, 'rec_loss': '6.0265'}
2025-06-19 19:21:21,373 - {'Epoch': 11, 'HR@5': '0.0523', 'NDCG@5': '0.0347', 'HR@10': '0.0761', 'NDCG@10': '0.0423', 'HR@20': '0.1174', 'NDCG@20': '0.0527'}
2025-06-19 19:21:21,374 - Validation score increased.  Saving model ...
2025-06-19 19:21:23,072 - {'epoch': 12, 'rec_loss': '5.9082'}
2025-06-19 19:21:23,651 - {'Epoch': 12, 'HR@5': '0.0440', 'NDCG@5': '0.0318', 'HR@10': '0.0752', 'NDCG@10': '0.0419', 'HR@20': '0.1138', 'NDCG@20': '0.0518'}
2025-06-19 19:21:23,652 - EarlyStopping counter: 1 out of 10
2025-06-19 19:21:25,320 - {'epoch': 13, 'rec_loss': '5.8083'}
2025-06-19 19:21:25,877 - {'Epoch': 13, 'HR@5': '0.0495', 'NDCG@5': '0.0320', 'HR@10': '0.0771', 'NDCG@10': '0.0409', 'HR@20': '0.1239', 'NDCG@20': '0.0527'}
2025-06-19 19:21:25,878 - Validation score increased.  Saving model ...
2025-06-19 19:21:27,592 - {'epoch': 14, 'rec_loss': '5.7121'}
2025-06-19 19:21:28,142 - {'Epoch': 14, 'HR@5': '0.0486', 'NDCG@5': '0.0325', 'HR@10': '0.0835', 'NDCG@10': '0.0434', 'HR@20': '0.1202', 'NDCG@20': '0.0525'}
2025-06-19 19:21:28,143 - EarlyStopping counter: 1 out of 10
2025-06-19 19:21:29,815 - {'epoch': 15, 'rec_loss': '5.6479'}
2025-06-19 19:21:30,391 - {'Epoch': 15, 'HR@5': '0.0459', 'NDCG@5': '0.0331', 'HR@10': '0.0798', 'NDCG@10': '0.0441', 'HR@20': '0.1128', 'NDCG@20': '0.0524'}
2025-06-19 19:21:30,392 - EarlyStopping counter: 2 out of 10
2025-06-19 19:21:32,081 - {'epoch': 16, 'rec_loss': '5.5735'}
2025-06-19 19:21:32,635 - {'Epoch': 16, 'HR@5': '0.0505', 'NDCG@5': '0.0336', 'HR@10': '0.0780', 'NDCG@10': '0.0424', 'HR@20': '0.1284', 'NDCG@20': '0.0551'}
2025-06-19 19:21:32,636 - Validation score increased.  Saving model ...
2025-06-19 19:21:34,357 - {'epoch': 17, 'rec_loss': '5.5276'}
2025-06-19 19:21:34,917 - {'Epoch': 17, 'HR@5': '0.0495', 'NDCG@5': '0.0343', 'HR@10': '0.0872', 'NDCG@10': '0.0463', 'HR@20': '0.1275', 'NDCG@20': '0.0564'}
2025-06-19 19:21:34,918 - Validation score increased.  Saving model ...
2025-06-19 19:21:36,648 - {'epoch': 18, 'rec_loss': '5.4659'}
2025-06-19 19:21:37,199 - {'Epoch': 18, 'HR@5': '0.0523', 'NDCG@5': '0.0369', 'HR@10': '0.0798', 'NDCG@10': '0.0455', 'HR@20': '0.1229', 'NDCG@20': '0.0566'}
2025-06-19 19:21:37,200 - Validation score increased.  Saving model ...
2025-06-19 19:21:38,925 - {'epoch': 19, 'rec_loss': '5.4292'}
2025-06-19 19:21:39,486 - {'Epoch': 19, 'HR@5': '0.0514', 'NDCG@5': '0.0349', 'HR@10': '0.0835', 'NDCG@10': '0.0452', 'HR@20': '0.1284', 'NDCG@20': '0.0566'}
2025-06-19 19:21:39,487 - Validation score increased.  Saving model ...
2025-06-19 19:21:41,228 - {'epoch': 20, 'rec_loss': '5.3912'}
2025-06-19 19:21:41,781 - {'Epoch': 20, 'HR@5': '0.0587', 'NDCG@5': '0.0366', 'HR@10': '0.0908', 'NDCG@10': '0.0468', 'HR@20': '0.1275', 'NDCG@20': '0.0561'}
2025-06-19 19:21:41,782 - EarlyStopping counter: 1 out of 10
2025-06-19 19:21:43,481 - {'epoch': 21, 'rec_loss': '5.3365'}
2025-06-19 19:21:44,021 - {'Epoch': 21, 'HR@5': '0.0541', 'NDCG@5': '0.0365', 'HR@10': '0.0899', 'NDCG@10': '0.0482', 'HR@20': '0.1303', 'NDCG@20': '0.0584'}
2025-06-19 19:21:44,022 - Validation score increased.  Saving model ...
2025-06-19 19:21:46,083 - {'epoch': 22, 'rec_loss': '5.3155'}
2025-06-19 19:21:46,639 - {'Epoch': 22, 'HR@5': '0.0514', 'NDCG@5': '0.0336', 'HR@10': '0.0872', 'NDCG@10': '0.0450', 'HR@20': '0.1394', 'NDCG@20': '0.0581'}
2025-06-19 19:21:46,639 - EarlyStopping counter: 1 out of 10
2025-06-19 19:21:48,350 - {'epoch': 23, 'rec_loss': '5.2798'}
2025-06-19 19:21:48,906 - {'Epoch': 23, 'HR@5': '0.0523', 'NDCG@5': '0.0343', 'HR@10': '0.0817', 'NDCG@10': '0.0439', 'HR@20': '0.1312', 'NDCG@20': '0.0563'}
2025-06-19 19:21:48,907 - EarlyStopping counter: 2 out of 10
2025-06-19 19:21:50,620 - {'epoch': 24, 'rec_loss': '5.2613'}
2025-06-19 19:21:51,177 - {'Epoch': 24, 'HR@5': '0.0596', 'NDCG@5': '0.0378', 'HR@10': '0.0899', 'NDCG@10': '0.0475', 'HR@20': '0.1394', 'NDCG@20': '0.0598'}
2025-06-19 19:21:51,178 - Validation score increased.  Saving model ...
2025-06-19 19:21:52,877 - {'epoch': 25, 'rec_loss': '5.2278'}
2025-06-19 19:21:53,435 - {'Epoch': 25, 'HR@5': '0.0578', 'NDCG@5': '0.0405', 'HR@10': '0.0917', 'NDCG@10': '0.0515', 'HR@20': '0.1413', 'NDCG@20': '0.0640'}
2025-06-19 19:21:53,436 - Validation score increased.  Saving model ...
2025-06-19 19:21:55,168 - {'epoch': 26, 'rec_loss': '5.2122'}
2025-06-19 19:21:55,719 - {'Epoch': 26, 'HR@5': '0.0578', 'NDCG@5': '0.0391', 'HR@10': '0.0945', 'NDCG@10': '0.0508', 'HR@20': '0.1376', 'NDCG@20': '0.0616'}
2025-06-19 19:21:55,720 - EarlyStopping counter: 1 out of 10
2025-06-19 19:21:57,390 - {'epoch': 27, 'rec_loss': '5.1954'}
2025-06-19 19:21:57,966 - {'Epoch': 27, 'HR@5': '0.0560', 'NDCG@5': '0.0374', 'HR@10': '0.0835', 'NDCG@10': '0.0462', 'HR@20': '0.1367', 'NDCG@20': '0.0596'}
2025-06-19 19:21:57,967 - EarlyStopping counter: 2 out of 10
2025-06-19 19:21:59,634 - {'epoch': 28, 'rec_loss': '5.1749'}
2025-06-19 19:22:00,191 - {'Epoch': 28, 'HR@5': '0.0596', 'NDCG@5': '0.0402', 'HR@10': '0.0899', 'NDCG@10': '0.0499', 'HR@20': '0.1413', 'NDCG@20': '0.0629'}
2025-06-19 19:22:00,192 - EarlyStopping counter: 3 out of 10
2025-06-19 19:22:01,918 - {'epoch': 29, 'rec_loss': '5.1556'}
2025-06-19 19:22:02,460 - {'Epoch': 29, 'HR@5': '0.0596', 'NDCG@5': '0.0401', 'HR@10': '0.0917', 'NDCG@10': '0.0505', 'HR@20': '0.1349', 'NDCG@20': '0.0614'}
2025-06-19 19:22:02,460 - EarlyStopping counter: 4 out of 10
2025-06-19 19:22:04,127 - {'epoch': 30, 'rec_loss': '5.1372'}
2025-06-19 19:22:04,681 - {'Epoch': 30, 'HR@5': '0.0569', 'NDCG@5': '0.0392', 'HR@10': '0.0927', 'NDCG@10': '0.0507', 'HR@20': '0.1358', 'NDCG@20': '0.0616'}
2025-06-19 19:22:04,682 - EarlyStopping counter: 5 out of 10
2025-06-19 19:22:06,352 - {'epoch': 31, 'rec_loss': '5.1038'}
2025-06-19 19:22:06,943 - {'Epoch': 31, 'HR@5': '0.0606', 'NDCG@5': '0.0401', 'HR@10': '0.0917', 'NDCG@10': '0.0501', 'HR@20': '0.1422', 'NDCG@20': '0.0630'}
2025-06-19 19:22:06,943 - EarlyStopping counter: 6 out of 10
2025-06-19 19:22:08,624 - {'epoch': 32, 'rec_loss': '5.0969'}
2025-06-19 19:22:09,177 - {'Epoch': 32, 'HR@5': '0.0587', 'NDCG@5': '0.0407', 'HR@10': '0.0972', 'NDCG@10': '0.0529', 'HR@20': '0.1550', 'NDCG@20': '0.0674'}
2025-06-19 19:22:09,178 - Validation score increased.  Saving model ...
2025-06-19 19:22:10,878 - {'epoch': 33, 'rec_loss': '5.0736'}
2025-06-19 19:22:11,474 - {'Epoch': 33, 'HR@5': '0.0587', 'NDCG@5': '0.0394', 'HR@10': '0.1009', 'NDCG@10': '0.0526', 'HR@20': '0.1495', 'NDCG@20': '0.0646'}
2025-06-19 19:22:11,475 - EarlyStopping counter: 1 out of 10
2025-06-19 19:22:13,176 - {'epoch': 34, 'rec_loss': '5.0638'}
2025-06-19 19:22:13,751 - {'Epoch': 34, 'HR@5': '0.0596', 'NDCG@5': '0.0416', 'HR@10': '0.1009', 'NDCG@10': '0.0547', 'HR@20': '0.1431', 'NDCG@20': '0.0654'}
2025-06-19 19:22:13,752 - EarlyStopping counter: 2 out of 10
2025-06-19 19:22:15,472 - {'epoch': 35, 'rec_loss': '5.0495'}
2025-06-19 19:22:16,053 - {'Epoch': 35, 'HR@5': '0.0596', 'NDCG@5': '0.0410', 'HR@10': '0.0945', 'NDCG@10': '0.0522', 'HR@20': '0.1450', 'NDCG@20': '0.0647'}
2025-06-19 19:22:16,054 - EarlyStopping counter: 3 out of 10
2025-06-19 19:22:17,792 - {'epoch': 36, 'rec_loss': '5.0467'}
2025-06-19 19:22:18,361 - {'Epoch': 36, 'HR@5': '0.0606', 'NDCG@5': '0.0424', 'HR@10': '0.1009', 'NDCG@10': '0.0554', 'HR@20': '0.1450', 'NDCG@20': '0.0665'}
2025-06-19 19:22:18,362 - EarlyStopping counter: 4 out of 10
2025-06-19 19:22:20,073 - {'epoch': 37, 'rec_loss': '5.0124'}
2025-06-19 19:22:20,615 - {'Epoch': 37, 'HR@5': '0.0624', 'NDCG@5': '0.0420', 'HR@10': '0.0945', 'NDCG@10': '0.0523', 'HR@20': '0.1468', 'NDCG@20': '0.0656'}
2025-06-19 19:22:20,616 - EarlyStopping counter: 5 out of 10
2025-06-19 19:22:22,329 - {'epoch': 38, 'rec_loss': '5.0166'}
2025-06-19 19:22:22,922 - {'Epoch': 38, 'HR@5': '0.0560', 'NDCG@5': '0.0399', 'HR@10': '0.1000', 'NDCG@10': '0.0540', 'HR@20': '0.1431', 'NDCG@20': '0.0649'}
2025-06-19 19:22:22,923 - EarlyStopping counter: 6 out of 10
2025-06-19 19:22:24,623 - {'epoch': 39, 'rec_loss': '5.0013'}
2025-06-19 19:22:25,175 - {'Epoch': 39, 'HR@5': '0.0569', 'NDCG@5': '0.0378', 'HR@10': '0.1046', 'NDCG@10': '0.0531', 'HR@20': '0.1477', 'NDCG@20': '0.0640'}
2025-06-19 19:22:25,175 - EarlyStopping counter: 7 out of 10
2025-06-19 19:22:26,909 - {'epoch': 40, 'rec_loss': '4.9736'}
2025-06-19 19:22:27,480 - {'Epoch': 40, 'HR@5': '0.0642', 'NDCG@5': '0.0432', 'HR@10': '0.0982', 'NDCG@10': '0.0540', 'HR@20': '0.1431', 'NDCG@20': '0.0651'}
2025-06-19 19:22:27,481 - EarlyStopping counter: 8 out of 10
2025-06-19 19:22:29,131 - {'epoch': 41, 'rec_loss': '4.9703'}
2025-06-19 19:22:29,695 - {'Epoch': 41, 'HR@5': '0.0615', 'NDCG@5': '0.0424', 'HR@10': '0.0954', 'NDCG@10': '0.0534', 'HR@20': '0.1468', 'NDCG@20': '0.0664'}
2025-06-19 19:22:29,695 - EarlyStopping counter: 9 out of 10
2025-06-19 19:22:31,393 - {'epoch': 42, 'rec_loss': '4.9634'}
2025-06-19 19:22:31,949 - {'Epoch': 42, 'HR@5': '0.0606', 'NDCG@5': '0.0400', 'HR@10': '0.0972', 'NDCG@10': '0.0519', 'HR@20': '0.1468', 'NDCG@20': '0.0646'}
2025-06-19 19:22:31,949 - EarlyStopping counter: 10 out of 10
2025-06-19 19:22:31,950 - Early stopping
2025-06-19 19:22:31,950 - ---------------Test Score---------------
2025-06-19 19:22:32,515 - {'Epoch': 0, 'HR@5': '0.0532', 'NDCG@5': '0.0352', 'HR@10': '0.0771', 'NDCG@10': '0.0429', 'HR@20': '0.1064', 'NDCG@20': '0.0501'}
2025-06-19 19:22:32,516 - BSARec_LastFM_42
2025-06-19 19:22:32,516 - {'Epoch': 0, 'HR@5': '0.0532', 'NDCG@5': '0.0352', 'HR@10': '0.0771', 'NDCG@10': '0.0429', 'HR@20': '0.1064', 'NDCG@20': '0.0501'}
