2025-06-19 19:20:49,388 - Namespace(data_dir='data/', output_dir='output/BSARec/', data_name='LastFM', do_eval=False, load_model=None, train_name='BSARec_LastFM_45', num_items=10, num_users=1091, lr=0.001, batch_size=256, epochs=200, no_cuda=False, log_freq=1, patience=10, num_workers=4, seed=45, weight_decay=0.0, adam_beta1=0.9, adam_beta2=0.999, gpu_id='0', variance=5, model_type='BSARec', max_seq_length=50, hidden_size=64, num_hidden_layers=2, hidden_act='gelu', num_attention_heads=1, attention_probs_dropout_prob=0.5, hidden_dropout_prob=0.5, initializer_range=0.02, c=3, alpha=0.9, cuda_condition=True, data_file='data/LastFM.txt', item_size=3647, checkpoint_path='output/BSARec/BSARec_LastFM_45.pt', same_target_path='data/LastFM_same_target.npy')
2025-06-19 19:20:49,407 - BSARecModel(
  (item_embeddings): Embedding(3647, 64, padding_idx=0)
  (position_embeddings): Embedding(50, 64)
  (LayerNorm): LayerNorm()
  (dropout): Dropout(p=0.5, inplace=False)
  (item_encoder): BSARecEncoder(
    (blocks): ModuleList(
      (0): BSARecBlock(
        (layer): BSARecLayer(
          (filter_layer): FrequencyLayer(
            (out_dropout): Dropout(p=0.5, inplace=False)
            (LayerNorm): LayerNorm()
          )
          (attention_layer): MultiHeadAttention(
            (query): Linear(in_features=64, out_features=64, bias=True)
            (key): Linear(in_features=64, out_features=64, bias=True)
            (value): Linear(in_features=64, out_features=64, bias=True)
            (softmax): Softmax(dim=-1)
            (attn_dropout): Dropout(p=0.5, inplace=False)
            (dense): Linear(in_features=64, out_features=64, bias=True)
            (LayerNorm): LayerNorm((64,), eps=1e-12, elementwise_affine=True)
            (out_dropout): Dropout(p=0.5, inplace=False)
          )
        )
        (feed_forward): FeedForward(
          (dense_1): Linear(in_features=64, out_features=256, bias=True)
          (dense_2): Linear(in_features=256, out_features=64, bias=True)
          (LayerNorm): LayerNorm()
          (dropout): Dropout(p=0.5, inplace=False)
        )
      )
      (1): BSARecBlock(
        (layer): BSARecLayer(
          (filter_layer): FrequencyLayer(
            (out_dropout): Dropout(p=0.5, inplace=False)
            (LayerNorm): LayerNorm()
          )
          (attention_layer): MultiHeadAttention(
            (query): Linear(in_features=64, out_features=64, bias=True)
            (key): Linear(in_features=64, out_features=64, bias=True)
            (value): Linear(in_features=64, out_features=64, bias=True)
            (softmax): Softmax(dim=-1)
            (attn_dropout): Dropout(p=0.5, inplace=False)
            (dense): Linear(in_features=64, out_features=64, bias=True)
            (LayerNorm): LayerNorm((64,), eps=1e-12, elementwise_affine=True)
            (out_dropout): Dropout(p=0.5, inplace=False)
          )
        )
        (feed_forward): FeedForward(
          (dense_1): Linear(in_features=64, out_features=256, bias=True)
          (dense_2): Linear(in_features=256, out_features=64, bias=True)
          (LayerNorm): LayerNorm()
          (dropout): Dropout(p=0.5, inplace=False)
        )
      )
    )
  )
)
2025-06-19 19:20:52,809 - Total Parameters: 337088
2025-06-19 19:20:55,816 - {'epoch': 0, 'rec_loss': '7.9828'}
2025-06-19 19:20:56,401 - {'Epoch': 0, 'HR@5': '0.0257', 'NDCG@5': '0.0168', 'HR@10': '0.0394', 'NDCG@10': '0.0211', 'HR@20': '0.0569', 'NDCG@20': '0.0254'}
2025-06-19 19:20:56,402 - Validation score increased.  Saving model ...
2025-06-19 19:20:58,116 - {'epoch': 1, 'rec_loss': '7.6932'}
2025-06-19 19:20:58,685 - {'Epoch': 1, 'HR@5': '0.0156', 'NDCG@5': '0.0091', 'HR@10': '0.0284', 'NDCG@10': '0.0133', 'HR@20': '0.0495', 'NDCG@20': '0.0186'}
2025-06-19 19:20:58,686 - EarlyStopping counter: 1 out of 10
2025-06-19 19:21:00,386 - {'epoch': 2, 'rec_loss': '7.5354'}
2025-06-19 19:21:00,944 - {'Epoch': 2, 'HR@5': '0.0183', 'NDCG@5': '0.0112', 'HR@10': '0.0330', 'NDCG@10': '0.0159', 'HR@20': '0.0569', 'NDCG@20': '0.0219'}
2025-06-19 19:21:00,945 - EarlyStopping counter: 2 out of 10
2025-06-19 19:21:02,668 - {'epoch': 3, 'rec_loss': '7.3721'}
2025-06-19 19:21:03,233 - {'Epoch': 3, 'HR@5': '0.0303', 'NDCG@5': '0.0189', 'HR@10': '0.0495', 'NDCG@10': '0.0252', 'HR@20': '0.0670', 'NDCG@20': '0.0296'}
2025-06-19 19:21:03,233 - Validation score increased.  Saving model ...
2025-06-19 19:21:04,912 - {'epoch': 4, 'rec_loss': '7.2219'}
2025-06-19 19:21:05,489 - {'Epoch': 4, 'HR@5': '0.0330', 'NDCG@5': '0.0232', 'HR@10': '0.0514', 'NDCG@10': '0.0291', 'HR@20': '0.0752', 'NDCG@20': '0.0352'}
2025-06-19 19:21:05,489 - Validation score increased.  Saving model ...
2025-06-19 19:21:07,206 - {'epoch': 5, 'rec_loss': '7.0651'}
2025-06-19 19:21:07,749 - {'Epoch': 5, 'HR@5': '0.0422', 'NDCG@5': '0.0274', 'HR@10': '0.0706', 'NDCG@10': '0.0367', 'HR@20': '0.0972', 'NDCG@20': '0.0433'}
2025-06-19 19:21:07,749 - Validation score increased.  Saving model ...
2025-06-19 19:21:09,429 - {'epoch': 6, 'rec_loss': '6.9003'}
2025-06-19 19:21:10,036 - {'Epoch': 6, 'HR@5': '0.0477', 'NDCG@5': '0.0303', 'HR@10': '0.0651', 'NDCG@10': '0.0358', 'HR@20': '0.1018', 'NDCG@20': '0.0452'}
2025-06-19 19:21:10,037 - Validation score increased.  Saving model ...
2025-06-19 19:21:11,740 - {'epoch': 7, 'rec_loss': '6.7251'}
2025-06-19 19:21:12,300 - {'Epoch': 7, 'HR@5': '0.0477', 'NDCG@5': '0.0305', 'HR@10': '0.0716', 'NDCG@10': '0.0381', 'HR@20': '0.1073', 'NDCG@20': '0.0473'}
2025-06-19 19:21:12,301 - Validation score increased.  Saving model ...
2025-06-19 19:21:13,984 - {'epoch': 8, 'rec_loss': '6.5504'}
2025-06-19 19:21:14,539 - {'Epoch': 8, 'HR@5': '0.0477', 'NDCG@5': '0.0307', 'HR@10': '0.0716', 'NDCG@10': '0.0384', 'HR@20': '0.1156', 'NDCG@20': '0.0496'}
2025-06-19 19:21:14,540 - Validation score increased.  Saving model ...
2025-06-19 19:21:16,285 - {'epoch': 9, 'rec_loss': '6.3831'}
2025-06-19 19:21:16,862 - {'Epoch': 9, 'HR@5': '0.0495', 'NDCG@5': '0.0326', 'HR@10': '0.0789', 'NDCG@10': '0.0422', 'HR@20': '0.1229', 'NDCG@20': '0.0533'}
2025-06-19 19:21:16,863 - Validation score increased.  Saving model ...
2025-06-19 19:21:18,580 - {'epoch': 10, 'rec_loss': '6.2279'}
2025-06-19 19:21:19,135 - {'Epoch': 10, 'HR@5': '0.0560', 'NDCG@5': '0.0354', 'HR@10': '0.0881', 'NDCG@10': '0.0458', 'HR@20': '0.1220', 'NDCG@20': '0.0545'}
2025-06-19 19:21:19,136 - Validation score increased.  Saving model ...
2025-06-19 19:21:20,807 - {'epoch': 11, 'rec_loss': '6.0915'}
2025-06-19 19:21:21,332 - {'Epoch': 11, 'HR@5': '0.0550', 'NDCG@5': '0.0356', 'HR@10': '0.0817', 'NDCG@10': '0.0441', 'HR@20': '0.1193', 'NDCG@20': '0.0537'}
2025-06-19 19:21:21,333 - EarlyStopping counter: 1 out of 10
2025-06-19 19:21:23,038 - {'epoch': 12, 'rec_loss': '5.9621'}
2025-06-19 19:21:23,596 - {'Epoch': 12, 'HR@5': '0.0477', 'NDCG@5': '0.0313', 'HR@10': '0.0835', 'NDCG@10': '0.0427', 'HR@20': '0.1229', 'NDCG@20': '0.0525'}
2025-06-19 19:21:23,596 - EarlyStopping counter: 2 out of 10
2025-06-19 19:21:25,290 - {'epoch': 13, 'rec_loss': '5.8637'}
2025-06-19 19:21:25,904 - {'Epoch': 13, 'HR@5': '0.0578', 'NDCG@5': '0.0358', 'HR@10': '0.0899', 'NDCG@10': '0.0461', 'HR@20': '0.1303', 'NDCG@20': '0.0562'}
2025-06-19 19:21:25,904 - Validation score increased.  Saving model ...
2025-06-19 19:21:27,600 - {'epoch': 14, 'rec_loss': '5.7639'}
2025-06-19 19:21:28,165 - {'Epoch': 14, 'HR@5': '0.0505', 'NDCG@5': '0.0337', 'HR@10': '0.0881', 'NDCG@10': '0.0459', 'HR@20': '0.1349', 'NDCG@20': '0.0575'}
2025-06-19 19:21:28,165 - Validation score increased.  Saving model ...
2025-06-19 19:21:29,875 - {'epoch': 15, 'rec_loss': '5.6711'}
2025-06-19 19:21:30,443 - {'Epoch': 15, 'HR@5': '0.0495', 'NDCG@5': '0.0326', 'HR@10': '0.0853', 'NDCG@10': '0.0439', 'HR@20': '0.1477', 'NDCG@20': '0.0598'}
2025-06-19 19:21:30,444 - Validation score increased.  Saving model ...
2025-06-19 19:21:32,179 - {'epoch': 16, 'rec_loss': '5.6076'}
2025-06-19 19:21:32,746 - {'Epoch': 16, 'HR@5': '0.0486', 'NDCG@5': '0.0321', 'HR@10': '0.0872', 'NDCG@10': '0.0444', 'HR@20': '0.1431', 'NDCG@20': '0.0585'}
2025-06-19 19:21:32,747 - EarlyStopping counter: 1 out of 10
2025-06-19 19:21:34,484 - {'epoch': 17, 'rec_loss': '5.5387'}
2025-06-19 19:21:35,032 - {'Epoch': 17, 'HR@5': '0.0532', 'NDCG@5': '0.0343', 'HR@10': '0.0954', 'NDCG@10': '0.0479', 'HR@20': '0.1422', 'NDCG@20': '0.0596'}
2025-06-19 19:21:35,033 - EarlyStopping counter: 2 out of 10
2025-06-19 19:21:36,754 - {'epoch': 18, 'rec_loss': '5.4901'}
2025-06-19 19:21:37,333 - {'Epoch': 18, 'HR@5': '0.0578', 'NDCG@5': '0.0366', 'HR@10': '0.0881', 'NDCG@10': '0.0466', 'HR@20': '0.1404', 'NDCG@20': '0.0596'}
2025-06-19 19:21:37,334 - EarlyStopping counter: 3 out of 10
2025-06-19 19:21:39,035 - {'epoch': 19, 'rec_loss': '5.4393'}
2025-06-19 19:21:39,603 - {'Epoch': 19, 'HR@5': '0.0560', 'NDCG@5': '0.0353', 'HR@10': '0.1000', 'NDCG@10': '0.0493', 'HR@20': '0.1450', 'NDCG@20': '0.0604'}
2025-06-19 19:21:39,603 - Validation score increased.  Saving model ...
2025-06-19 19:21:41,320 - {'epoch': 20, 'rec_loss': '5.4037'}
2025-06-19 19:21:41,907 - {'Epoch': 20, 'HR@5': '0.0550', 'NDCG@5': '0.0349', 'HR@10': '0.0908', 'NDCG@10': '0.0461', 'HR@20': '0.1431', 'NDCG@20': '0.0593'}
2025-06-19 19:21:41,908 - EarlyStopping counter: 1 out of 10
2025-06-19 19:21:43,587 - {'epoch': 21, 'rec_loss': '5.3634'}
2025-06-19 19:21:44,149 - {'Epoch': 21, 'HR@5': '0.0514', 'NDCG@5': '0.0348', 'HR@10': '0.0917', 'NDCG@10': '0.0477', 'HR@20': '0.1532', 'NDCG@20': '0.0634'}
2025-06-19 19:21:44,149 - Validation score increased.  Saving model ...
2025-06-19 19:21:45,870 - {'epoch': 22, 'rec_loss': '5.3379'}
2025-06-19 19:21:46,430 - {'Epoch': 22, 'HR@5': '0.0560', 'NDCG@5': '0.0337', 'HR@10': '0.0954', 'NDCG@10': '0.0463', 'HR@20': '0.1541', 'NDCG@20': '0.0610'}
2025-06-19 19:21:46,430 - EarlyStopping counter: 1 out of 10
2025-06-19 19:21:48,120 - {'epoch': 23, 'rec_loss': '5.3024'}
2025-06-19 19:21:48,689 - {'Epoch': 23, 'HR@5': '0.0514', 'NDCG@5': '0.0328', 'HR@10': '0.0844', 'NDCG@10': '0.0435', 'HR@20': '0.1541', 'NDCG@20': '0.0609'}
2025-06-19 19:21:48,690 - EarlyStopping counter: 2 out of 10
2025-06-19 19:21:50,368 - {'epoch': 24, 'rec_loss': '5.2761'}
2025-06-19 19:21:50,916 - {'Epoch': 24, 'HR@5': '0.0541', 'NDCG@5': '0.0357', 'HR@10': '0.0936', 'NDCG@10': '0.0482', 'HR@20': '0.1468', 'NDCG@20': '0.0616'}
2025-06-19 19:21:50,917 - EarlyStopping counter: 3 out of 10
2025-06-19 19:21:52,580 - {'epoch': 25, 'rec_loss': '5.2467'}
2025-06-19 19:21:53,140 - {'Epoch': 25, 'HR@5': '0.0560', 'NDCG@5': '0.0354', 'HR@10': '0.0936', 'NDCG@10': '0.0473', 'HR@20': '0.1431', 'NDCG@20': '0.0598'}
2025-06-19 19:21:53,140 - EarlyStopping counter: 4 out of 10
2025-06-19 19:21:54,821 - {'epoch': 26, 'rec_loss': '5.2232'}
2025-06-19 19:21:55,416 - {'Epoch': 26, 'HR@5': '0.0532', 'NDCG@5': '0.0337', 'HR@10': '0.0927', 'NDCG@10': '0.0464', 'HR@20': '0.1394', 'NDCG@20': '0.0582'}
2025-06-19 19:21:55,417 - EarlyStopping counter: 5 out of 10
2025-06-19 19:21:57,096 - {'epoch': 27, 'rec_loss': '5.1948'}
2025-06-19 19:21:57,663 - {'Epoch': 27, 'HR@5': '0.0523', 'NDCG@5': '0.0347', 'HR@10': '0.1000', 'NDCG@10': '0.0498', 'HR@20': '0.1505', 'NDCG@20': '0.0626'}
2025-06-19 19:21:57,664 - EarlyStopping counter: 6 out of 10
2025-06-19 19:21:59,357 - {'epoch': 28, 'rec_loss': '5.1737'}
2025-06-19 19:21:59,914 - {'Epoch': 28, 'HR@5': '0.0505', 'NDCG@5': '0.0331', 'HR@10': '0.0982', 'NDCG@10': '0.0481', 'HR@20': '0.1505', 'NDCG@20': '0.0612'}
2025-06-19 19:21:59,915 - EarlyStopping counter: 7 out of 10
2025-06-19 19:22:01,633 - {'epoch': 29, 'rec_loss': '5.1600'}
2025-06-19 19:22:02,223 - {'Epoch': 29, 'HR@5': '0.0532', 'NDCG@5': '0.0340', 'HR@10': '0.1009', 'NDCG@10': '0.0496', 'HR@20': '0.1569', 'NDCG@20': '0.0637'}
2025-06-19 19:22:02,224 - Validation score increased.  Saving model ...
2025-06-19 19:22:03,902 - {'epoch': 30, 'rec_loss': '5.1420'}
2025-06-19 19:22:04,459 - {'Epoch': 30, 'HR@5': '0.0523', 'NDCG@5': '0.0340', 'HR@10': '0.0954', 'NDCG@10': '0.0478', 'HR@20': '0.1495', 'NDCG@20': '0.0615'}
2025-06-19 19:22:04,460 - EarlyStopping counter: 1 out of 10
2025-06-19 19:22:06,162 - {'epoch': 31, 'rec_loss': '5.1254'}
2025-06-19 19:22:06,746 - {'Epoch': 31, 'HR@5': '0.0523', 'NDCG@5': '0.0334', 'HR@10': '0.0972', 'NDCG@10': '0.0476', 'HR@20': '0.1541', 'NDCG@20': '0.0619'}
2025-06-19 19:22:06,747 - EarlyStopping counter: 2 out of 10
2025-06-19 19:22:08,425 - {'epoch': 32, 'rec_loss': '5.0953'}
2025-06-19 19:22:09,023 - {'Epoch': 32, 'HR@5': '0.0523', 'NDCG@5': '0.0346', 'HR@10': '0.0972', 'NDCG@10': '0.0488', 'HR@20': '0.1505', 'NDCG@20': '0.0623'}
2025-06-19 19:22:09,023 - EarlyStopping counter: 3 out of 10
2025-06-19 19:22:10,739 - {'epoch': 33, 'rec_loss': '5.0821'}
2025-06-19 19:22:11,285 - {'Epoch': 33, 'HR@5': '0.0541', 'NDCG@5': '0.0349', 'HR@10': '0.1083', 'NDCG@10': '0.0521', 'HR@20': '0.1541', 'NDCG@20': '0.0637'}
2025-06-19 19:22:11,286 - Validation score increased.  Saving model ...
2025-06-19 19:22:12,923 - {'epoch': 34, 'rec_loss': '5.0681'}
2025-06-19 19:22:13,498 - {'Epoch': 34, 'HR@5': '0.0550', 'NDCG@5': '0.0337', 'HR@10': '0.0927', 'NDCG@10': '0.0457', 'HR@20': '0.1587', 'NDCG@20': '0.0625'}
2025-06-19 19:22:13,499 - EarlyStopping counter: 1 out of 10
2025-06-19 19:22:15,197 - {'epoch': 35, 'rec_loss': '5.0497'}
2025-06-19 19:22:15,827 - {'Epoch': 35, 'HR@5': '0.0569', 'NDCG@5': '0.0376', 'HR@10': '0.1009', 'NDCG@10': '0.0516', 'HR@20': '0.1560', 'NDCG@20': '0.0654'}
2025-06-19 19:22:15,828 - Validation score increased.  Saving model ...
2025-06-19 19:22:17,521 - {'epoch': 36, 'rec_loss': '5.0376'}
2025-06-19 19:22:18,079 - {'Epoch': 36, 'HR@5': '0.0569', 'NDCG@5': '0.0372', 'HR@10': '0.0927', 'NDCG@10': '0.0488', 'HR@20': '0.1596', 'NDCG@20': '0.0655'}
2025-06-19 19:22:18,079 - Validation score increased.  Saving model ...
2025-06-19 19:22:19,787 - {'epoch': 37, 'rec_loss': '5.0250'}
2025-06-19 19:22:20,347 - {'Epoch': 37, 'HR@5': '0.0587', 'NDCG@5': '0.0371', 'HR@10': '0.0963', 'NDCG@10': '0.0491', 'HR@20': '0.1532', 'NDCG@20': '0.0635'}
2025-06-19 19:22:20,347 - EarlyStopping counter: 1 out of 10
2025-06-19 19:22:22,048 - {'epoch': 38, 'rec_loss': '5.0076'}
2025-06-19 19:22:22,601 - {'Epoch': 38, 'HR@5': '0.0596', 'NDCG@5': '0.0373', 'HR@10': '0.1009', 'NDCG@10': '0.0507', 'HR@20': '0.1569', 'NDCG@20': '0.0648'}
2025-06-19 19:22:22,602 - EarlyStopping counter: 2 out of 10
2025-06-19 19:22:24,309 - {'epoch': 39, 'rec_loss': '4.9934'}
2025-06-19 19:22:24,883 - {'Epoch': 39, 'HR@5': '0.0578', 'NDCG@5': '0.0372', 'HR@10': '0.1037', 'NDCG@10': '0.0517', 'HR@20': '0.1596', 'NDCG@20': '0.0659'}
2025-06-19 19:22:24,883 - Validation score increased.  Saving model ...
2025-06-19 19:22:26,579 - {'epoch': 40, 'rec_loss': '4.9833'}
2025-06-19 19:22:27,157 - {'Epoch': 40, 'HR@5': '0.0541', 'NDCG@5': '0.0362', 'HR@10': '0.1000', 'NDCG@10': '0.0508', 'HR@20': '0.1578', 'NDCG@20': '0.0656'}
2025-06-19 19:22:27,158 - EarlyStopping counter: 1 out of 10
2025-06-19 19:22:28,830 - {'epoch': 41, 'rec_loss': '4.9677'}
2025-06-19 19:22:29,404 - {'Epoch': 41, 'HR@5': '0.0532', 'NDCG@5': '0.0350', 'HR@10': '0.0982', 'NDCG@10': '0.0493', 'HR@20': '0.1615', 'NDCG@20': '0.0652'}
2025-06-19 19:22:29,405 - EarlyStopping counter: 2 out of 10
2025-06-19 19:22:31,094 - {'epoch': 42, 'rec_loss': '4.9574'}
2025-06-19 19:22:31,661 - {'Epoch': 42, 'HR@5': '0.0606', 'NDCG@5': '0.0398', 'HR@10': '0.1046', 'NDCG@10': '0.0541', 'HR@20': '0.1587', 'NDCG@20': '0.0679'}
2025-06-19 19:22:31,662 - Validation score increased.  Saving model ...
2025-06-19 19:22:33,366 - {'epoch': 43, 'rec_loss': '4.9439'}
2025-06-19 19:22:33,970 - {'Epoch': 43, 'HR@5': '0.0550', 'NDCG@5': '0.0362', 'HR@10': '0.1046', 'NDCG@10': '0.0520', 'HR@20': '0.1651', 'NDCG@20': '0.0673'}
2025-06-19 19:22:33,970 - EarlyStopping counter: 1 out of 10
2025-06-19 19:22:35,689 - {'epoch': 44, 'rec_loss': '4.9421'}
2025-06-19 19:22:36,262 - {'Epoch': 44, 'HR@5': '0.0569', 'NDCG@5': '0.0364', 'HR@10': '0.1000', 'NDCG@10': '0.0502', 'HR@20': '0.1587', 'NDCG@20': '0.0649'}
2025-06-19 19:22:36,262 - EarlyStopping counter: 2 out of 10
2025-06-19 19:22:37,929 - {'epoch': 45, 'rec_loss': '4.9393'}
2025-06-19 19:22:38,477 - {'Epoch': 45, 'HR@5': '0.0606', 'NDCG@5': '0.0399', 'HR@10': '0.1018', 'NDCG@10': '0.0530', 'HR@20': '0.1624', 'NDCG@20': '0.0683'}
2025-06-19 19:22:38,477 - Validation score increased.  Saving model ...
2025-06-19 19:22:40,160 - {'epoch': 46, 'rec_loss': '4.9185'}
2025-06-19 19:22:40,732 - {'Epoch': 46, 'HR@5': '0.0541', 'NDCG@5': '0.0363', 'HR@10': '0.0954', 'NDCG@10': '0.0495', 'HR@20': '0.1697', 'NDCG@20': '0.0681'}
2025-06-19 19:22:40,733 - EarlyStopping counter: 1 out of 10
2025-06-19 19:22:42,411 - {'epoch': 47, 'rec_loss': '4.9004'}
2025-06-19 19:22:42,992 - {'Epoch': 47, 'HR@5': '0.0596', 'NDCG@5': '0.0395', 'HR@10': '0.1046', 'NDCG@10': '0.0541', 'HR@20': '0.1587', 'NDCG@20': '0.0678'}
2025-06-19 19:22:42,992 - EarlyStopping counter: 2 out of 10
2025-06-19 19:22:44,674 - {'epoch': 48, 'rec_loss': '4.9045'}
2025-06-19 19:22:45,246 - {'Epoch': 48, 'HR@5': '0.0569', 'NDCG@5': '0.0385', 'HR@10': '0.1073', 'NDCG@10': '0.0546', 'HR@20': '0.1550', 'NDCG@20': '0.0664'}
2025-06-19 19:22:45,246 - EarlyStopping counter: 3 out of 10
2025-06-19 19:22:47,054 - {'epoch': 49, 'rec_loss': '4.8910'}
2025-06-19 19:22:47,619 - {'Epoch': 49, 'HR@5': '0.0596', 'NDCG@5': '0.0375', 'HR@10': '0.1037', 'NDCG@10': '0.0518', 'HR@20': '0.1560', 'NDCG@20': '0.0649'}
2025-06-19 19:22:47,620 - EarlyStopping counter: 4 out of 10
2025-06-19 19:22:49,328 - {'epoch': 50, 'rec_loss': '4.8716'}
2025-06-19 19:22:49,899 - {'Epoch': 50, 'HR@5': '0.0532', 'NDCG@5': '0.0362', 'HR@10': '0.1000', 'NDCG@10': '0.0513', 'HR@20': '0.1578', 'NDCG@20': '0.0659'}
2025-06-19 19:22:49,900 - EarlyStopping counter: 5 out of 10
2025-06-19 19:22:51,603 - {'epoch': 51, 'rec_loss': '4.8682'}
2025-06-19 19:22:52,170 - {'Epoch': 51, 'HR@5': '0.0550', 'NDCG@5': '0.0364', 'HR@10': '0.0954', 'NDCG@10': '0.0494', 'HR@20': '0.1606', 'NDCG@20': '0.0658'}
2025-06-19 19:22:52,171 - EarlyStopping counter: 6 out of 10
2025-06-19 19:22:53,819 - {'epoch': 52, 'rec_loss': '4.8604'}
2025-06-19 19:22:54,412 - {'Epoch': 52, 'HR@5': '0.0606', 'NDCG@5': '0.0400', 'HR@10': '0.1046', 'NDCG@10': '0.0539', 'HR@20': '0.1615', 'NDCG@20': '0.0683'}
2025-06-19 19:22:54,412 - Validation score increased.  Saving model ...
2025-06-19 19:22:56,091 - {'epoch': 53, 'rec_loss': '4.8445'}
2025-06-19 19:22:56,640 - {'Epoch': 53, 'HR@5': '0.0550', 'NDCG@5': '0.0363', 'HR@10': '0.1018', 'NDCG@10': '0.0516', 'HR@20': '0.1596', 'NDCG@20': '0.0661'}
2025-06-19 19:22:56,641 - EarlyStopping counter: 1 out of 10
2025-06-19 19:22:58,350 - {'epoch': 54, 'rec_loss': '4.8448'}
2025-06-19 19:22:58,903 - {'Epoch': 54, 'HR@5': '0.0596', 'NDCG@5': '0.0391', 'HR@10': '0.0991', 'NDCG@10': '0.0518', 'HR@20': '0.1596', 'NDCG@20': '0.0670'}
2025-06-19 19:22:58,903 - EarlyStopping counter: 2 out of 10
2025-06-19 19:23:00,591 - {'epoch': 55, 'rec_loss': '4.8293'}
2025-06-19 19:23:01,153 - {'Epoch': 55, 'HR@5': '0.0541', 'NDCG@5': '0.0382', 'HR@10': '0.1009', 'NDCG@10': '0.0532', 'HR@20': '0.1624', 'NDCG@20': '0.0686'}
2025-06-19 19:23:01,154 - Validation score increased.  Saving model ...
2025-06-19 19:23:02,897 - {'epoch': 56, 'rec_loss': '4.8333'}
2025-06-19 19:23:03,453 - {'Epoch': 56, 'HR@5': '0.0606', 'NDCG@5': '0.0399', 'HR@10': '0.1018', 'NDCG@10': '0.0531', 'HR@20': '0.1633', 'NDCG@20': '0.0687'}
2025-06-19 19:23:03,454 - Validation score increased.  Saving model ...
2025-06-19 19:23:05,124 - {'epoch': 57, 'rec_loss': '4.8110'}
2025-06-19 19:23:05,692 - {'Epoch': 57, 'HR@5': '0.0606', 'NDCG@5': '0.0391', 'HR@10': '0.1018', 'NDCG@10': '0.0523', 'HR@20': '0.1560', 'NDCG@20': '0.0659'}
2025-06-19 19:23:05,693 - EarlyStopping counter: 1 out of 10
2025-06-19 19:23:07,402 - {'epoch': 58, 'rec_loss': '4.8193'}
2025-06-19 19:23:07,959 - {'Epoch': 58, 'HR@5': '0.0560', 'NDCG@5': '0.0377', 'HR@10': '0.1083', 'NDCG@10': '0.0540', 'HR@20': '0.1587', 'NDCG@20': '0.0667'}
2025-06-19 19:23:07,960 - EarlyStopping counter: 2 out of 10
2025-06-19 19:23:09,673 - {'epoch': 59, 'rec_loss': '4.8068'}
2025-06-19 19:23:10,216 - {'Epoch': 59, 'HR@5': '0.0587', 'NDCG@5': '0.0389', 'HR@10': '0.1028', 'NDCG@10': '0.0528', 'HR@20': '0.1560', 'NDCG@20': '0.0662'}
2025-06-19 19:23:10,216 - EarlyStopping counter: 3 out of 10
2025-06-19 19:23:11,921 - {'epoch': 60, 'rec_loss': '4.7975'}
2025-06-19 19:23:12,483 - {'Epoch': 60, 'HR@5': '0.0596', 'NDCG@5': '0.0415', 'HR@10': '0.0963', 'NDCG@10': '0.0535', 'HR@20': '0.1541', 'NDCG@20': '0.0681'}
2025-06-19 19:23:12,483 - EarlyStopping counter: 4 out of 10
2025-06-19 19:23:14,190 - {'epoch': 61, 'rec_loss': '4.7919'}
2025-06-19 19:23:14,738 - {'Epoch': 61, 'HR@5': '0.0633', 'NDCG@5': '0.0419', 'HR@10': '0.1018', 'NDCG@10': '0.0541', 'HR@20': '0.1560', 'NDCG@20': '0.0676'}
2025-06-19 19:23:14,739 - EarlyStopping counter: 5 out of 10
2025-06-19 19:23:16,478 - {'epoch': 62, 'rec_loss': '4.7699'}
2025-06-19 19:23:17,026 - {'Epoch': 62, 'HR@5': '0.0642', 'NDCG@5': '0.0448', 'HR@10': '0.1037', 'NDCG@10': '0.0575', 'HR@20': '0.1495', 'NDCG@20': '0.0691'}
2025-06-19 19:23:17,026 - Validation score increased.  Saving model ...
2025-06-19 19:23:18,725 - {'epoch': 63, 'rec_loss': '4.7794'}
2025-06-19 19:23:19,284 - {'Epoch': 63, 'HR@5': '0.0642', 'NDCG@5': '0.0426', 'HR@10': '0.1000', 'NDCG@10': '0.0538', 'HR@20': '0.1523', 'NDCG@20': '0.0670'}
2025-06-19 19:23:19,284 - EarlyStopping counter: 1 out of 10
2025-06-19 19:23:20,959 - {'epoch': 64, 'rec_loss': '4.7656'}
2025-06-19 19:23:21,518 - {'Epoch': 64, 'HR@5': '0.0569', 'NDCG@5': '0.0383', 'HR@10': '0.1009', 'NDCG@10': '0.0522', 'HR@20': '0.1505', 'NDCG@20': '0.0646'}
2025-06-19 19:23:21,519 - EarlyStopping counter: 2 out of 10
2025-06-19 19:23:23,238 - {'epoch': 65, 'rec_loss': '4.7582'}
2025-06-19 19:23:23,804 - {'Epoch': 65, 'HR@5': '0.0560', 'NDCG@5': '0.0389', 'HR@10': '0.1000', 'NDCG@10': '0.0532', 'HR@20': '0.1495', 'NDCG@20': '0.0656'}
2025-06-19 19:23:23,804 - EarlyStopping counter: 3 out of 10
2025-06-19 19:23:25,488 - {'epoch': 66, 'rec_loss': '4.7577'}
2025-06-19 19:23:26,070 - {'Epoch': 66, 'HR@5': '0.0578', 'NDCG@5': '0.0399', 'HR@10': '0.1018', 'NDCG@10': '0.0539', 'HR@20': '0.1440', 'NDCG@20': '0.0646'}
2025-06-19 19:23:26,071 - EarlyStopping counter: 4 out of 10
2025-06-19 19:23:27,796 - {'epoch': 67, 'rec_loss': '4.7375'}
2025-06-19 19:23:28,368 - {'Epoch': 67, 'HR@5': '0.0587', 'NDCG@5': '0.0401', 'HR@10': '0.0982', 'NDCG@10': '0.0528', 'HR@20': '0.1550', 'NDCG@20': '0.0671'}
2025-06-19 19:23:28,369 - EarlyStopping counter: 5 out of 10
2025-06-19 19:23:30,101 - {'epoch': 68, 'rec_loss': '4.7490'}
2025-06-19 19:23:30,663 - {'Epoch': 68, 'HR@5': '0.0615', 'NDCG@5': '0.0407', 'HR@10': '0.1037', 'NDCG@10': '0.0541', 'HR@20': '0.1569', 'NDCG@20': '0.0675'}
2025-06-19 19:23:30,664 - EarlyStopping counter: 6 out of 10
2025-06-19 19:23:32,346 - {'epoch': 69, 'rec_loss': '4.7376'}
2025-06-19 19:23:32,915 - {'Epoch': 69, 'HR@5': '0.0615', 'NDCG@5': '0.0413', 'HR@10': '0.0991', 'NDCG@10': '0.0533', 'HR@20': '0.1596', 'NDCG@20': '0.0686'}
2025-06-19 19:23:32,916 - EarlyStopping counter: 7 out of 10
2025-06-19 19:23:34,618 - {'epoch': 70, 'rec_loss': '4.7337'}
2025-06-19 19:23:35,179 - {'Epoch': 70, 'HR@5': '0.0633', 'NDCG@5': '0.0434', 'HR@10': '0.1028', 'NDCG@10': '0.0561', 'HR@20': '0.1596', 'NDCG@20': '0.0702'}
2025-06-19 19:23:35,180 - Validation score increased.  Saving model ...
2025-06-19 19:23:36,883 - {'epoch': 71, 'rec_loss': '4.7306'}
2025-06-19 19:23:37,454 - {'Epoch': 71, 'HR@5': '0.0633', 'NDCG@5': '0.0414', 'HR@10': '0.1046', 'NDCG@10': '0.0545', 'HR@20': '0.1560', 'NDCG@20': '0.0673'}
2025-06-19 19:23:37,455 - EarlyStopping counter: 1 out of 10
2025-06-19 19:23:39,168 - {'epoch': 72, 'rec_loss': '4.7182'}
2025-06-19 19:23:39,745 - {'Epoch': 72, 'HR@5': '0.0633', 'NDCG@5': '0.0400', 'HR@10': '0.0991', 'NDCG@10': '0.0513', 'HR@20': '0.1578', 'NDCG@20': '0.0660'}
2025-06-19 19:23:39,745 - EarlyStopping counter: 2 out of 10
2025-06-19 19:23:41,434 - {'epoch': 73, 'rec_loss': '4.7121'}
2025-06-19 19:23:42,009 - {'Epoch': 73, 'HR@5': '0.0560', 'NDCG@5': '0.0365', 'HR@10': '0.1009', 'NDCG@10': '0.0510', 'HR@20': '0.1486', 'NDCG@20': '0.0630'}
2025-06-19 19:23:42,010 - EarlyStopping counter: 3 out of 10
2025-06-19 19:23:43,740 - {'epoch': 74, 'rec_loss': '4.7157'}
2025-06-19 19:23:44,343 - {'Epoch': 74, 'HR@5': '0.0606', 'NDCG@5': '0.0395', 'HR@10': '0.0945', 'NDCG@10': '0.0505', 'HR@20': '0.1587', 'NDCG@20': '0.0667'}
2025-06-19 19:23:44,343 - EarlyStopping counter: 4 out of 10
2025-06-19 19:23:46,090 - {'epoch': 75, 'rec_loss': '4.7015'}
2025-06-19 19:23:46,673 - {'Epoch': 75, 'HR@5': '0.0633', 'NDCG@5': '0.0423', 'HR@10': '0.0982', 'NDCG@10': '0.0533', 'HR@20': '0.1569', 'NDCG@20': '0.0681'}
2025-06-19 19:23:46,673 - EarlyStopping counter: 5 out of 10
2025-06-19 19:23:48,379 - {'epoch': 76, 'rec_loss': '4.7015'}
2025-06-19 19:23:48,941 - {'Epoch': 76, 'HR@5': '0.0624', 'NDCG@5': '0.0410', 'HR@10': '0.1028', 'NDCG@10': '0.0538', 'HR@20': '0.1615', 'NDCG@20': '0.0688'}
2025-06-19 19:23:48,942 - EarlyStopping counter: 6 out of 10
2025-06-19 19:23:50,662 - {'epoch': 77, 'rec_loss': '4.6978'}
2025-06-19 19:23:51,232 - {'Epoch': 77, 'HR@5': '0.0615', 'NDCG@5': '0.0407', 'HR@10': '0.1028', 'NDCG@10': '0.0538', 'HR@20': '0.1587', 'NDCG@20': '0.0678'}
2025-06-19 19:23:51,233 - EarlyStopping counter: 7 out of 10
2025-06-19 19:23:52,959 - {'epoch': 78, 'rec_loss': '4.6878'}
2025-06-19 19:23:53,533 - {'Epoch': 78, 'HR@5': '0.0624', 'NDCG@5': '0.0425', 'HR@10': '0.0991', 'NDCG@10': '0.0541', 'HR@20': '0.1606', 'NDCG@20': '0.0699'}
2025-06-19 19:23:53,534 - EarlyStopping counter: 8 out of 10
2025-06-19 19:23:55,251 - {'epoch': 79, 'rec_loss': '4.6915'}
2025-06-19 19:23:55,800 - {'Epoch': 79, 'HR@5': '0.0615', 'NDCG@5': '0.0420', 'HR@10': '0.0991', 'NDCG@10': '0.0540', 'HR@20': '0.1578', 'NDCG@20': '0.0688'}
2025-06-19 19:23:55,800 - EarlyStopping counter: 9 out of 10
2025-06-19 19:23:57,461 - {'epoch': 80, 'rec_loss': '4.6899'}
2025-06-19 19:23:58,063 - {'Epoch': 80, 'HR@5': '0.0633', 'NDCG@5': '0.0424', 'HR@10': '0.1037', 'NDCG@10': '0.0552', 'HR@20': '0.1505', 'NDCG@20': '0.0672'}
2025-06-19 19:23:58,064 - EarlyStopping counter: 10 out of 10
2025-06-19 19:23:58,064 - Early stopping
2025-06-19 19:23:58,064 - ---------------Test Score---------------
2025-06-19 19:23:58,621 - {'Epoch': 0, 'HR@5': '0.0514', 'NDCG@5': '0.0339', 'HR@10': '0.0734', 'NDCG@10': '0.0409', 'HR@20': '0.1073', 'NDCG@20': '0.0494'}
2025-06-19 19:23:58,622 - BSARec_LastFM_45
2025-06-19 19:23:58,622 - {'Epoch': 0, 'HR@5': '0.0514', 'NDCG@5': '0.0339', 'HR@10': '0.0734', 'NDCG@10': '0.0409', 'HR@20': '0.1073', 'NDCG@20': '0.0494'}
