2025-06-11 14:56:35,557 - Namespace(data_dir='data/', output_dir='output/', data_name='Diginetica', do_eval=False, load_model=None, train_name='BSARec_Diginetica', num_items=10, num_users=14829, lr=0.001, batch_size=256, epochs=200, no_cuda=False, log_freq=1, patience=10, num_workers=4, seed=42, weight_decay=0.0, adam_beta1=0.9, adam_beta2=0.999, gpu_id='0', variance=5, model_type='BSARec', max_seq_length=50, hidden_size=64, num_hidden_layers=2, hidden_act='gelu', num_attention_heads=1, attention_probs_dropout_prob=0.5, hidden_dropout_prob=0.5, initializer_range=0.02, c=3, alpha=0.9, cuda_condition=True, data_file='data/Diginetica.txt', item_size=9441, checkpoint_path='output/BSARec_Diginetica.pt', same_target_path='data/Diginetica_same_target.npy')
2025-06-11 14:56:35,583 - BSARecModel(
  (item_embeddings): Embedding(9441, 64, padding_idx=0)
  (position_embeddings): Embedding(50, 64)
  (LayerNorm): LayerNorm()
  (dropout): Dropout(p=0.5, inplace=False)
  (item_encoder): BSARecEncoder(
    (blocks): ModuleList(
      (0): BSARecBlock(
        (layer): BSARecLayer(
          (filter_layer): FrequencyLayer(
            (out_dropout): Dropout(p=0.5, inplace=False)
            (LayerNorm): LayerNorm()
          )
          (attention_layer): MultiHeadAttention(
            (query): Linear(in_features=64, out_features=64, bias=True)
            (key): Linear(in_features=64, out_features=64, bias=True)
            (value): Linear(in_features=64, out_features=64, bias=True)
            (softmax): Softmax(dim=-1)
            (attn_dropout): Dropout(p=0.5, inplace=False)
            (dense): Linear(in_features=64, out_features=64, bias=True)
            (LayerNorm): LayerNorm((64,), eps=1e-12, elementwise_affine=True)
            (out_dropout): Dropout(p=0.5, inplace=False)
          )
        )
        (feed_forward): FeedForward(
          (dense_1): Linear(in_features=64, out_features=256, bias=True)
          (dense_2): Linear(in_features=256, out_features=64, bias=True)
          (LayerNorm): LayerNorm()
          (dropout): Dropout(p=0.5, inplace=False)
        )
      )
      (1): BSARecBlock(
        (layer): BSARecLayer(
          (filter_layer): FrequencyLayer(
            (out_dropout): Dropout(p=0.5, inplace=False)
            (LayerNorm): LayerNorm()
          )
          (attention_layer): MultiHeadAttention(
            (query): Linear(in_features=64, out_features=64, bias=True)
            (key): Linear(in_features=64, out_features=64, bias=True)
            (value): Linear(in_features=64, out_features=64, bias=True)
            (softmax): Softmax(dim=-1)
            (attn_dropout): Dropout(p=0.5, inplace=False)
            (dense): Linear(in_features=64, out_features=64, bias=True)
            (LayerNorm): LayerNorm((64,), eps=1e-12, elementwise_affine=True)
            (out_dropout): Dropout(p=0.5, inplace=False)
          )
        )
        (feed_forward): FeedForward(
          (dense_1): Linear(in_features=64, out_features=256, bias=True)
          (dense_2): Linear(in_features=256, out_features=64, bias=True)
          (LayerNorm): LayerNorm()
          (dropout): Dropout(p=0.5, inplace=False)
        )
      )
    )
  )
)
2025-06-11 14:56:38,827 - Total Parameters: 707904
2025-06-11 14:56:45,170 - {'epoch': 0, 'rec_loss': '8.7554'}
2025-06-11 14:56:48,949 - {'Epoch': 0, 'HR@5': '0.0104', 'NDCG@5': '0.0069', 'HR@10': '0.0169', 'NDCG@10': '0.0091', 'HR@20': '0.0272', 'NDCG@20': '0.0116'}
2025-06-11 14:56:48,950 - Validation score increased.  Saving model ...
2025-06-11 14:56:53,950 - {'epoch': 1, 'rec_loss': '7.9095'}
2025-06-11 14:56:57,779 - {'Epoch': 1, 'HR@5': '0.0788', 'NDCG@5': '0.0518', 'HR@10': '0.1171', 'NDCG@10': '0.0640', 'HR@20': '0.1639', 'NDCG@20': '0.0758'}
2025-06-11 14:56:57,781 - Validation score increased.  Saving model ...
2025-06-11 14:57:02,746 - {'epoch': 2, 'rec_loss': '6.6346'}
2025-06-11 14:57:06,629 - {'Epoch': 2, 'HR@5': '0.1223', 'NDCG@5': '0.0810', 'HR@10': '0.1859', 'NDCG@10': '0.1015', 'HR@20': '0.2605', 'NDCG@20': '0.1203'}
2025-06-11 14:57:06,631 - Validation score increased.  Saving model ...
2025-06-11 14:57:11,642 - {'epoch': 3, 'rec_loss': '5.7441'}
2025-06-11 14:57:15,528 - {'Epoch': 3, 'HR@5': '0.1441', 'NDCG@5': '0.0949', 'HR@10': '0.2193', 'NDCG@10': '0.1191', 'HR@20': '0.3079', 'NDCG@20': '0.1415'}
2025-06-11 14:57:15,531 - Validation score increased.  Saving model ...
2025-06-11 14:57:20,552 - {'epoch': 4, 'rec_loss': '5.3039'}
2025-06-11 14:57:24,559 - {'Epoch': 4, 'HR@5': '0.1575', 'NDCG@5': '0.1018', 'HR@10': '0.2373', 'NDCG@10': '0.1275', 'HR@20': '0.3311', 'NDCG@20': '0.1511'}
2025-06-11 14:57:24,562 - Validation score increased.  Saving model ...
2025-06-11 14:57:29,498 - {'epoch': 5, 'rec_loss': '5.0965'}
2025-06-11 14:57:33,428 - {'Epoch': 5, 'HR@5': '0.1631', 'NDCG@5': '0.1063', 'HR@10': '0.2466', 'NDCG@10': '0.1330', 'HR@20': '0.3432', 'NDCG@20': '0.1575'}
2025-06-11 14:57:33,434 - Validation score increased.  Saving model ...
2025-06-11 14:57:38,385 - {'epoch': 6, 'rec_loss': '4.9842'}
2025-06-11 14:57:42,388 - {'Epoch': 6, 'HR@5': '0.1702', 'NDCG@5': '0.1106', 'HR@10': '0.2513', 'NDCG@10': '0.1367', 'HR@20': '0.3472', 'NDCG@20': '0.1609'}
2025-06-11 14:57:42,396 - Validation score increased.  Saving model ...
2025-06-11 14:57:47,382 - {'epoch': 7, 'rec_loss': '4.9130'}
2025-06-11 14:57:51,308 - {'Epoch': 7, 'HR@5': '0.1666', 'NDCG@5': '0.1092', 'HR@10': '0.2520', 'NDCG@10': '0.1368', 'HR@20': '0.3491', 'NDCG@20': '0.1614'}
2025-06-11 14:57:51,313 - Validation score increased.  Saving model ...
2025-06-11 14:57:56,214 - {'epoch': 8, 'rec_loss': '4.8605'}
2025-06-11 14:58:00,126 - {'Epoch': 8, 'HR@5': '0.1682', 'NDCG@5': '0.1106', 'HR@10': '0.2558', 'NDCG@10': '0.1388', 'HR@20': '0.3552', 'NDCG@20': '0.1640'}
2025-06-11 14:58:00,129 - Validation score increased.  Saving model ...
2025-06-11 14:58:05,277 - {'epoch': 9, 'rec_loss': '4.8175'}
2025-06-11 14:58:09,261 - {'Epoch': 9, 'HR@5': '0.1700', 'NDCG@5': '0.1109', 'HR@10': '0.2555', 'NDCG@10': '0.1385', 'HR@20': '0.3564', 'NDCG@20': '0.1640'}
2025-06-11 14:58:09,264 - Validation score increased.  Saving model ...
2025-06-11 14:58:14,200 - {'epoch': 10, 'rec_loss': '4.7871'}
2025-06-11 14:58:18,104 - {'Epoch': 10, 'HR@5': '0.1692', 'NDCG@5': '0.1115', 'HR@10': '0.2578', 'NDCG@10': '0.1400', 'HR@20': '0.3596', 'NDCG@20': '0.1658'}
2025-06-11 14:58:18,107 - Validation score increased.  Saving model ...
2025-06-11 14:58:23,098 - {'epoch': 11, 'rec_loss': '4.7555'}
2025-06-11 14:58:26,976 - {'Epoch': 11, 'HR@5': '0.1710', 'NDCG@5': '0.1120', 'HR@10': '0.2569', 'NDCG@10': '0.1396', 'HR@20': '0.3600', 'NDCG@20': '0.1657'}
2025-06-11 14:58:26,979 - EarlyStopping counter: 1 out of 10
2025-06-11 14:58:31,979 - {'epoch': 12, 'rec_loss': '4.7342'}
2025-06-11 14:58:35,859 - {'Epoch': 12, 'HR@5': '0.1709', 'NDCG@5': '0.1116', 'HR@10': '0.2576', 'NDCG@10': '0.1396', 'HR@20': '0.3597', 'NDCG@20': '0.1654'}
2025-06-11 14:58:35,861 - EarlyStopping counter: 2 out of 10
2025-06-11 14:58:40,776 - {'epoch': 13, 'rec_loss': '4.7151'}
2025-06-11 14:58:44,668 - {'Epoch': 13, 'HR@5': '0.1719', 'NDCG@5': '0.1129', 'HR@10': '0.2585', 'NDCG@10': '0.1407', 'HR@20': '0.3594', 'NDCG@20': '0.1662'}
2025-06-11 14:58:44,671 - Validation score increased.  Saving model ...
2025-06-11 14:58:49,589 - {'epoch': 14, 'rec_loss': '4.6890'}
2025-06-11 14:58:53,501 - {'Epoch': 14, 'HR@5': '0.1697', 'NDCG@5': '0.1120', 'HR@10': '0.2553', 'NDCG@10': '0.1397', 'HR@20': '0.3587', 'NDCG@20': '0.1659'}
2025-06-11 14:58:53,503 - EarlyStopping counter: 1 out of 10
2025-06-11 14:58:58,475 - {'epoch': 15, 'rec_loss': '4.6802'}
2025-06-11 14:59:02,406 - {'Epoch': 15, 'HR@5': '0.1683', 'NDCG@5': '0.1113', 'HR@10': '0.2572', 'NDCG@10': '0.1399', 'HR@20': '0.3616', 'NDCG@20': '0.1664'}
2025-06-11 14:59:02,409 - Validation score increased.  Saving model ...
2025-06-11 14:59:07,368 - {'epoch': 16, 'rec_loss': '4.6604'}
2025-06-11 14:59:11,244 - {'Epoch': 16, 'HR@5': '0.1691', 'NDCG@5': '0.1112', 'HR@10': '0.2576', 'NDCG@10': '0.1398', 'HR@20': '0.3575', 'NDCG@20': '0.1650'}
2025-06-11 14:59:11,247 - EarlyStopping counter: 1 out of 10
2025-06-11 14:59:16,218 - {'epoch': 17, 'rec_loss': '4.6466'}
2025-06-11 14:59:20,203 - {'Epoch': 17, 'HR@5': '0.1689', 'NDCG@5': '0.1110', 'HR@10': '0.2590', 'NDCG@10': '0.1402', 'HR@20': '0.3577', 'NDCG@20': '0.1651'}
2025-06-11 14:59:20,207 - EarlyStopping counter: 2 out of 10
2025-06-11 14:59:25,193 - {'epoch': 18, 'rec_loss': '4.6306'}
2025-06-11 14:59:29,057 - {'Epoch': 18, 'HR@5': '0.1734', 'NDCG@5': '0.1132', 'HR@10': '0.2569', 'NDCG@10': '0.1401', 'HR@20': '0.3583', 'NDCG@20': '0.1658'}
2025-06-11 14:59:29,060 - EarlyStopping counter: 3 out of 10
2025-06-11 14:59:34,018 - {'epoch': 19, 'rec_loss': '4.6242'}
2025-06-11 14:59:37,914 - {'Epoch': 19, 'HR@5': '0.1708', 'NDCG@5': '0.1115', 'HR@10': '0.2574', 'NDCG@10': '0.1394', 'HR@20': '0.3597', 'NDCG@20': '0.1652'}
2025-06-11 14:59:37,918 - EarlyStopping counter: 4 out of 10
2025-06-11 14:59:42,887 - {'epoch': 20, 'rec_loss': '4.6112'}
2025-06-11 14:59:46,767 - {'Epoch': 20, 'HR@5': '0.1735', 'NDCG@5': '0.1134', 'HR@10': '0.2608', 'NDCG@10': '0.1416', 'HR@20': '0.3605', 'NDCG@20': '0.1668'}
2025-06-11 14:59:46,770 - Validation score increased.  Saving model ...
2025-06-11 14:59:51,895 - {'epoch': 21, 'rec_loss': '4.5977'}
2025-06-11 14:59:55,797 - {'Epoch': 21, 'HR@5': '0.1711', 'NDCG@5': '0.1118', 'HR@10': '0.2601', 'NDCG@10': '0.1405', 'HR@20': '0.3586', 'NDCG@20': '0.1654'}
2025-06-11 14:59:55,799 - EarlyStopping counter: 1 out of 10
2025-06-11 15:00:00,839 - {'epoch': 22, 'rec_loss': '4.5898'}
2025-06-11 15:00:04,753 - {'Epoch': 22, 'HR@5': '0.1722', 'NDCG@5': '0.1134', 'HR@10': '0.2590', 'NDCG@10': '0.1414', 'HR@20': '0.3602', 'NDCG@20': '0.1670'}
2025-06-11 15:00:04,757 - Validation score increased.  Saving model ...
2025-06-11 15:00:09,799 - {'epoch': 23, 'rec_loss': '4.5767'}
2025-06-11 15:00:13,651 - {'Epoch': 23, 'HR@5': '0.1706', 'NDCG@5': '0.1105', 'HR@10': '0.2549', 'NDCG@10': '0.1377', 'HR@20': '0.3581', 'NDCG@20': '0.1637'}
2025-06-11 15:00:13,654 - EarlyStopping counter: 1 out of 10
2025-06-11 15:00:18,619 - {'epoch': 24, 'rec_loss': '4.5722'}
2025-06-11 15:00:22,519 - {'Epoch': 24, 'HR@5': '0.1713', 'NDCG@5': '0.1118', 'HR@10': '0.2565', 'NDCG@10': '0.1393', 'HR@20': '0.3599', 'NDCG@20': '0.1655'}
2025-06-11 15:00:22,522 - EarlyStopping counter: 2 out of 10
2025-06-11 15:00:27,512 - {'epoch': 25, 'rec_loss': '4.5559'}
2025-06-11 15:00:31,352 - {'Epoch': 25, 'HR@5': '0.1740', 'NDCG@5': '0.1152', 'HR@10': '0.2572', 'NDCG@10': '0.1420', 'HR@20': '0.3577', 'NDCG@20': '0.1674'}
2025-06-11 15:00:31,355 - Validation score increased.  Saving model ...
2025-06-11 15:00:36,322 - {'epoch': 26, 'rec_loss': '4.5515'}
2025-06-11 15:00:40,212 - {'Epoch': 26, 'HR@5': '0.1701', 'NDCG@5': '0.1127', 'HR@10': '0.2571', 'NDCG@10': '0.1407', 'HR@20': '0.3564', 'NDCG@20': '0.1658'}
2025-06-11 15:00:40,215 - EarlyStopping counter: 1 out of 10
2025-06-11 15:00:45,148 - {'epoch': 27, 'rec_loss': '4.5436'}
2025-06-11 15:00:48,996 - {'Epoch': 27, 'HR@5': '0.1700', 'NDCG@5': '0.1122', 'HR@10': '0.2592', 'NDCG@10': '0.1409', 'HR@20': '0.3599', 'NDCG@20': '0.1663'}
2025-06-11 15:00:48,999 - EarlyStopping counter: 2 out of 10
2025-06-11 15:00:53,952 - {'epoch': 28, 'rec_loss': '4.5301'}
2025-06-11 15:00:57,810 - {'Epoch': 28, 'HR@5': '0.1716', 'NDCG@5': '0.1119', 'HR@10': '0.2582', 'NDCG@10': '0.1398', 'HR@20': '0.3598', 'NDCG@20': '0.1655'}
2025-06-11 15:00:57,812 - EarlyStopping counter: 3 out of 10
2025-06-11 15:01:02,900 - {'epoch': 29, 'rec_loss': '4.5260'}
2025-06-11 15:01:06,853 - {'Epoch': 29, 'HR@5': '0.1669', 'NDCG@5': '0.1106', 'HR@10': '0.2557', 'NDCG@10': '0.1391', 'HR@20': '0.3551', 'NDCG@20': '0.1642'}
2025-06-11 15:01:06,855 - EarlyStopping counter: 4 out of 10
2025-06-11 15:01:11,827 - {'epoch': 30, 'rec_loss': '4.5222'}
2025-06-11 15:01:15,754 - {'Epoch': 30, 'HR@5': '0.1693', 'NDCG@5': '0.1104', 'HR@10': '0.2557', 'NDCG@10': '0.1383', 'HR@20': '0.3578', 'NDCG@20': '0.1641'}
2025-06-11 15:01:15,756 - EarlyStopping counter: 5 out of 10
2025-06-11 15:01:20,682 - {'epoch': 31, 'rec_loss': '4.5146'}
2025-06-11 15:01:24,577 - {'Epoch': 31, 'HR@5': '0.1707', 'NDCG@5': '0.1127', 'HR@10': '0.2584', 'NDCG@10': '0.1409', 'HR@20': '0.3562', 'NDCG@20': '0.1656'}
2025-06-11 15:01:24,582 - EarlyStopping counter: 6 out of 10
2025-06-11 15:01:29,522 - {'epoch': 32, 'rec_loss': '4.5072'}
2025-06-11 15:01:33,422 - {'Epoch': 32, 'HR@5': '0.1687', 'NDCG@5': '0.1099', 'HR@10': '0.2562', 'NDCG@10': '0.1381', 'HR@20': '0.3568', 'NDCG@20': '0.1635'}
2025-06-11 15:01:33,424 - EarlyStopping counter: 7 out of 10
2025-06-11 15:01:38,359 - {'epoch': 33, 'rec_loss': '4.4995'}
2025-06-11 15:01:42,228 - {'Epoch': 33, 'HR@5': '0.1674', 'NDCG@5': '0.1098', 'HR@10': '0.2540', 'NDCG@10': '0.1379', 'HR@20': '0.3571', 'NDCG@20': '0.1640'}
2025-06-11 15:01:42,230 - EarlyStopping counter: 8 out of 10
2025-06-11 15:01:47,229 - {'epoch': 34, 'rec_loss': '4.4962'}
2025-06-11 15:01:51,151 - {'Epoch': 34, 'HR@5': '0.1710', 'NDCG@5': '0.1116', 'HR@10': '0.2580', 'NDCG@10': '0.1396', 'HR@20': '0.3568', 'NDCG@20': '0.1646'}
2025-06-11 15:01:51,157 - EarlyStopping counter: 9 out of 10
2025-06-11 15:01:56,178 - {'epoch': 35, 'rec_loss': '4.4919'}
2025-06-11 15:02:00,094 - {'Epoch': 35, 'HR@5': '0.1705', 'NDCG@5': '0.1111', 'HR@10': '0.2559', 'NDCG@10': '0.1386', 'HR@20': '0.3554', 'NDCG@20': '0.1637'}
2025-06-11 15:02:00,096 - EarlyStopping counter: 10 out of 10
2025-06-11 15:02:00,096 - Early stopping
2025-06-11 15:02:00,096 - ---------------Test Score---------------
2025-06-11 15:02:03,980 - {'Epoch': 0, 'HR@5': '0.1486', 'NDCG@5': '0.0967', 'HR@10': '0.2288', 'NDCG@10': '0.1225', 'HR@20': '0.3207', 'NDCG@20': '0.1458'}
2025-06-11 15:02:03,982 - BSARec_Diginetica
2025-06-11 15:02:03,982 - {'Epoch': 0, 'HR@5': '0.1486', 'NDCG@5': '0.0967', 'HR@10': '0.2288', 'NDCG@10': '0.1225', 'HR@20': '0.3207', 'NDCG@20': '0.1458'}
