2025-06-12 22:18:57,869 - Namespace(data_dir='data/', output_dir='output/', data_name='LastFM', do_eval=False, load_model=None, train_name='BSARec_LastFM', num_items=10, num_users=1091, lr=0.001, batch_size=256, epochs=200, no_cuda=False, log_freq=1, patience=10, num_workers=4, seed=42, weight_decay=0.0, adam_beta1=0.9, adam_beta2=0.999, gpu_id='0', variance=5, model_type='BSARec', max_seq_length=50, hidden_size=64, num_hidden_layers=2, hidden_act='gelu', num_attention_heads=1, attention_probs_dropout_prob=0.5, hidden_dropout_prob=0.5, initializer_range=0.02, c=3, alpha=0.9, cuda_condition=True, data_file='data/LastFM.txt', item_size=3647, checkpoint_path='output/BSARec_LastFM.pt', same_target_path='data/LastFM_same_target.npy')
2025-06-12 22:18:57,886 - BSARecModel(
  (item_embeddings): Embedding(3647, 64, padding_idx=0)
  (position_embeddings): Embedding(50, 64)
  (LayerNorm): LayerNorm()
  (dropout): Dropout(p=0.5, inplace=False)
  (item_encoder): BSARecEncoder(
    (blocks): ModuleList(
      (0): BSARecBlock(
        (layer): BSARecLayer(
          (filter_layer): FrequencyLayer(
            (out_dropout): Dropout(p=0.5, inplace=False)
            (LayerNorm): LayerNorm()
          )
          (attention_layer): MultiHeadAttention(
            (query): Linear(in_features=64, out_features=64, bias=True)
            (key): Linear(in_features=64, out_features=64, bias=True)
            (value): Linear(in_features=64, out_features=64, bias=True)
            (softmax): Softmax(dim=-1)
            (attn_dropout): Dropout(p=0.5, inplace=False)
            (dense): Linear(in_features=64, out_features=64, bias=True)
            (LayerNorm): LayerNorm((64,), eps=1e-12, elementwise_affine=True)
            (out_dropout): Dropout(p=0.5, inplace=False)
          )
        )
        (feed_forward): FeedForward(
          (dense_1): Linear(in_features=64, out_features=256, bias=True)
          (dense_2): Linear(in_features=256, out_features=64, bias=True)
          (LayerNorm): LayerNorm()
          (dropout): Dropout(p=0.5, inplace=False)
        )
      )
      (1): BSARecBlock(
        (layer): BSARecLayer(
          (filter_layer): FrequencyLayer(
            (out_dropout): Dropout(p=0.5, inplace=False)
            (LayerNorm): LayerNorm()
          )
          (attention_layer): MultiHeadAttention(
            (query): Linear(in_features=64, out_features=64, bias=True)
            (key): Linear(in_features=64, out_features=64, bias=True)
            (value): Linear(in_features=64, out_features=64, bias=True)
            (softmax): Softmax(dim=-1)
            (attn_dropout): Dropout(p=0.5, inplace=False)
            (dense): Linear(in_features=64, out_features=64, bias=True)
            (LayerNorm): LayerNorm((64,), eps=1e-12, elementwise_affine=True)
            (out_dropout): Dropout(p=0.5, inplace=False)
          )
        )
        (feed_forward): FeedForward(
          (dense_1): Linear(in_features=64, out_features=256, bias=True)
          (dense_2): Linear(in_features=256, out_features=64, bias=True)
          (LayerNorm): LayerNorm()
          (dropout): Dropout(p=0.5, inplace=False)
        )
      )
    )
  )
)
2025-06-12 22:19:00,632 - Total Parameters: 337088
2025-06-12 22:19:03,554 - {'epoch': 0, 'rec_loss': '7.9790'}
2025-06-12 22:19:04,112 - {'Epoch': 0, 'HR@5': '0.0229', 'NDCG@5': '0.0144', 'HR@10': '0.0394', 'NDCG@10': '0.0196', 'HR@20': '0.0606', 'NDCG@20': '0.0248'}
2025-06-12 22:19:04,113 - Validation score increased.  Saving model ...
2025-06-12 22:19:05,875 - {'epoch': 1, 'rec_loss': '7.6893'}
2025-06-12 22:19:06,443 - {'Epoch': 1, 'HR@5': '0.0248', 'NDCG@5': '0.0144', 'HR@10': '0.0367', 'NDCG@10': '0.0182', 'HR@20': '0.0578', 'NDCG@20': '0.0234'}
2025-06-12 22:19:06,444 - EarlyStopping counter: 1 out of 10
2025-06-12 22:19:08,192 - {'epoch': 2, 'rec_loss': '7.5209'}
2025-06-12 22:19:08,763 - {'Epoch': 2, 'HR@5': '0.0229', 'NDCG@5': '0.0141', 'HR@10': '0.0404', 'NDCG@10': '0.0196', 'HR@20': '0.0578', 'NDCG@20': '0.0239'}
2025-06-12 22:19:08,764 - EarlyStopping counter: 2 out of 10
2025-06-12 22:19:10,475 - {'epoch': 3, 'rec_loss': '7.3525'}
2025-06-12 22:19:11,046 - {'Epoch': 3, 'HR@5': '0.0284', 'NDCG@5': '0.0195', 'HR@10': '0.0495', 'NDCG@10': '0.0263', 'HR@20': '0.0679', 'NDCG@20': '0.0309'}
2025-06-12 22:19:11,047 - Validation score increased.  Saving model ...
2025-06-12 22:19:12,744 - {'epoch': 4, 'rec_loss': '7.1790'}
2025-06-12 22:19:13,338 - {'Epoch': 4, 'HR@5': '0.0404', 'NDCG@5': '0.0262', 'HR@10': '0.0560', 'NDCG@10': '0.0312', 'HR@20': '0.0789', 'NDCG@20': '0.0370'}
2025-06-12 22:19:13,338 - Validation score increased.  Saving model ...
2025-06-12 22:19:15,036 - {'epoch': 5, 'rec_loss': '7.0047'}
2025-06-12 22:19:15,628 - {'Epoch': 5, 'HR@5': '0.0431', 'NDCG@5': '0.0264', 'HR@10': '0.0596', 'NDCG@10': '0.0318', 'HR@20': '0.0917', 'NDCG@20': '0.0400'}
2025-06-12 22:19:15,628 - Validation score increased.  Saving model ...
2025-06-12 22:19:17,324 - {'epoch': 6, 'rec_loss': '6.8231'}
2025-06-12 22:19:17,888 - {'Epoch': 6, 'HR@5': '0.0459', 'NDCG@5': '0.0290', 'HR@10': '0.0587', 'NDCG@10': '0.0333', 'HR@20': '0.0963', 'NDCG@20': '0.0428'}
2025-06-12 22:19:17,888 - Validation score increased.  Saving model ...
2025-06-12 22:19:19,628 - {'epoch': 7, 'rec_loss': '6.6297'}
2025-06-12 22:19:20,196 - {'Epoch': 7, 'HR@5': '0.0450', 'NDCG@5': '0.0294', 'HR@10': '0.0661', 'NDCG@10': '0.0362', 'HR@20': '0.1073', 'NDCG@20': '0.0465'}
2025-06-12 22:19:20,196 - Validation score increased.  Saving model ...
2025-06-12 22:19:21,886 - {'epoch': 8, 'rec_loss': '6.4648'}
2025-06-12 22:19:22,425 - {'Epoch': 8, 'HR@5': '0.0404', 'NDCG@5': '0.0264', 'HR@10': '0.0679', 'NDCG@10': '0.0351', 'HR@20': '0.1064', 'NDCG@20': '0.0449'}
2025-06-12 22:19:22,425 - EarlyStopping counter: 1 out of 10
2025-06-12 22:19:24,190 - {'epoch': 9, 'rec_loss': '6.3025'}
2025-06-12 22:19:24,769 - {'Epoch': 9, 'HR@5': '0.0459', 'NDCG@5': '0.0290', 'HR@10': '0.0688', 'NDCG@10': '0.0363', 'HR@20': '0.1055', 'NDCG@20': '0.0454'}
2025-06-12 22:19:24,770 - EarlyStopping counter: 2 out of 10
2025-06-12 22:19:26,489 - {'epoch': 10, 'rec_loss': '6.1544'}
2025-06-12 22:19:27,046 - {'Epoch': 10, 'HR@5': '0.0459', 'NDCG@5': '0.0311', 'HR@10': '0.0725', 'NDCG@10': '0.0397', 'HR@20': '0.1119', 'NDCG@20': '0.0496'}
2025-06-12 22:19:27,046 - Validation score increased.  Saving model ...
2025-06-12 22:19:28,742 - {'epoch': 11, 'rec_loss': '6.0265'}
2025-06-12 22:19:29,295 - {'Epoch': 11, 'HR@5': '0.0523', 'NDCG@5': '0.0347', 'HR@10': '0.0761', 'NDCG@10': '0.0423', 'HR@20': '0.1174', 'NDCG@20': '0.0527'}
2025-06-12 22:19:29,296 - Validation score increased.  Saving model ...
2025-06-12 22:19:31,075 - {'epoch': 12, 'rec_loss': '5.9082'}
2025-06-12 22:19:31,641 - {'Epoch': 12, 'HR@5': '0.0440', 'NDCG@5': '0.0318', 'HR@10': '0.0752', 'NDCG@10': '0.0419', 'HR@20': '0.1138', 'NDCG@20': '0.0518'}
2025-06-12 22:19:31,641 - EarlyStopping counter: 1 out of 10
2025-06-12 22:19:33,367 - {'epoch': 13, 'rec_loss': '5.8083'}
2025-06-12 22:19:33,943 - {'Epoch': 13, 'HR@5': '0.0495', 'NDCG@5': '0.0320', 'HR@10': '0.0771', 'NDCG@10': '0.0409', 'HR@20': '0.1239', 'NDCG@20': '0.0527'}
2025-06-12 22:19:33,943 - Validation score increased.  Saving model ...
2025-06-12 22:19:35,689 - {'epoch': 14, 'rec_loss': '5.7121'}
2025-06-12 22:19:36,254 - {'Epoch': 14, 'HR@5': '0.0486', 'NDCG@5': '0.0325', 'HR@10': '0.0835', 'NDCG@10': '0.0434', 'HR@20': '0.1202', 'NDCG@20': '0.0525'}
2025-06-12 22:19:36,255 - EarlyStopping counter: 1 out of 10
2025-06-12 22:19:37,972 - {'epoch': 15, 'rec_loss': '5.6479'}
2025-06-12 22:19:38,534 - {'Epoch': 15, 'HR@5': '0.0459', 'NDCG@5': '0.0331', 'HR@10': '0.0798', 'NDCG@10': '0.0441', 'HR@20': '0.1128', 'NDCG@20': '0.0524'}
2025-06-12 22:19:38,535 - EarlyStopping counter: 2 out of 10
2025-06-12 22:19:40,240 - {'epoch': 16, 'rec_loss': '5.5735'}
2025-06-12 22:19:40,816 - {'Epoch': 16, 'HR@5': '0.0505', 'NDCG@5': '0.0336', 'HR@10': '0.0780', 'NDCG@10': '0.0424', 'HR@20': '0.1284', 'NDCG@20': '0.0551'}
2025-06-12 22:19:40,816 - Validation score increased.  Saving model ...
2025-06-12 22:19:42,510 - {'epoch': 17, 'rec_loss': '5.5276'}
2025-06-12 22:19:43,083 - {'Epoch': 17, 'HR@5': '0.0495', 'NDCG@5': '0.0343', 'HR@10': '0.0872', 'NDCG@10': '0.0463', 'HR@20': '0.1275', 'NDCG@20': '0.0564'}
2025-06-12 22:19:43,083 - Validation score increased.  Saving model ...
2025-06-12 22:19:44,797 - {'epoch': 18, 'rec_loss': '5.4659'}
2025-06-12 22:19:45,368 - {'Epoch': 18, 'HR@5': '0.0523', 'NDCG@5': '0.0369', 'HR@10': '0.0798', 'NDCG@10': '0.0455', 'HR@20': '0.1229', 'NDCG@20': '0.0566'}
2025-06-12 22:19:45,369 - Validation score increased.  Saving model ...
2025-06-12 22:19:47,094 - {'epoch': 19, 'rec_loss': '5.4292'}
2025-06-12 22:19:47,678 - {'Epoch': 19, 'HR@5': '0.0514', 'NDCG@5': '0.0349', 'HR@10': '0.0835', 'NDCG@10': '0.0452', 'HR@20': '0.1284', 'NDCG@20': '0.0566'}
2025-06-12 22:19:47,679 - Validation score increased.  Saving model ...
2025-06-12 22:19:49,424 - {'epoch': 20, 'rec_loss': '5.3912'}
2025-06-12 22:19:49,973 - {'Epoch': 20, 'HR@5': '0.0587', 'NDCG@5': '0.0366', 'HR@10': '0.0908', 'NDCG@10': '0.0468', 'HR@20': '0.1275', 'NDCG@20': '0.0561'}
2025-06-12 22:19:49,974 - EarlyStopping counter: 1 out of 10
2025-06-12 22:19:51,680 - {'epoch': 21, 'rec_loss': '5.3365'}
2025-06-12 22:19:52,232 - {'Epoch': 21, 'HR@5': '0.0541', 'NDCG@5': '0.0365', 'HR@10': '0.0899', 'NDCG@10': '0.0482', 'HR@20': '0.1303', 'NDCG@20': '0.0584'}
2025-06-12 22:19:52,233 - Validation score increased.  Saving model ...
2025-06-12 22:19:53,972 - {'epoch': 22, 'rec_loss': '5.3155'}
2025-06-12 22:19:54,560 - {'Epoch': 22, 'HR@5': '0.0514', 'NDCG@5': '0.0336', 'HR@10': '0.0872', 'NDCG@10': '0.0450', 'HR@20': '0.1394', 'NDCG@20': '0.0581'}
2025-06-12 22:19:54,560 - EarlyStopping counter: 1 out of 10
2025-06-12 22:19:56,251 - {'epoch': 23, 'rec_loss': '5.2798'}
2025-06-12 22:19:56,802 - {'Epoch': 23, 'HR@5': '0.0523', 'NDCG@5': '0.0343', 'HR@10': '0.0817', 'NDCG@10': '0.0439', 'HR@20': '0.1312', 'NDCG@20': '0.0563'}
2025-06-12 22:19:56,803 - EarlyStopping counter: 2 out of 10
2025-06-12 22:19:58,517 - {'epoch': 24, 'rec_loss': '5.2613'}
2025-06-12 22:19:59,096 - {'Epoch': 24, 'HR@5': '0.0596', 'NDCG@5': '0.0378', 'HR@10': '0.0899', 'NDCG@10': '0.0475', 'HR@20': '0.1394', 'NDCG@20': '0.0598'}
2025-06-12 22:19:59,097 - Validation score increased.  Saving model ...
2025-06-12 22:20:00,833 - {'epoch': 25, 'rec_loss': '5.2278'}
2025-06-12 22:20:01,406 - {'Epoch': 25, 'HR@5': '0.0578', 'NDCG@5': '0.0405', 'HR@10': '0.0917', 'NDCG@10': '0.0515', 'HR@20': '0.1413', 'NDCG@20': '0.0640'}
2025-06-12 22:20:01,407 - Validation score increased.  Saving model ...
2025-06-12 22:20:03,128 - {'epoch': 26, 'rec_loss': '5.2122'}
2025-06-12 22:20:03,695 - {'Epoch': 26, 'HR@5': '0.0578', 'NDCG@5': '0.0391', 'HR@10': '0.0945', 'NDCG@10': '0.0508', 'HR@20': '0.1376', 'NDCG@20': '0.0616'}
2025-06-12 22:20:03,696 - EarlyStopping counter: 1 out of 10
2025-06-12 22:20:05,417 - {'epoch': 27, 'rec_loss': '5.1954'}
2025-06-12 22:20:05,985 - {'Epoch': 27, 'HR@5': '0.0560', 'NDCG@5': '0.0374', 'HR@10': '0.0835', 'NDCG@10': '0.0462', 'HR@20': '0.1367', 'NDCG@20': '0.0596'}
2025-06-12 22:20:05,986 - EarlyStopping counter: 2 out of 10
2025-06-12 22:20:07,692 - {'epoch': 28, 'rec_loss': '5.1749'}
2025-06-12 22:20:08,271 - {'Epoch': 28, 'HR@5': '0.0596', 'NDCG@5': '0.0402', 'HR@10': '0.0899', 'NDCG@10': '0.0499', 'HR@20': '0.1413', 'NDCG@20': '0.0629'}
2025-06-12 22:20:08,272 - EarlyStopping counter: 3 out of 10
2025-06-12 22:20:09,959 - {'epoch': 29, 'rec_loss': '5.1556'}
2025-06-12 22:20:10,510 - {'Epoch': 29, 'HR@5': '0.0596', 'NDCG@5': '0.0401', 'HR@10': '0.0917', 'NDCG@10': '0.0505', 'HR@20': '0.1349', 'NDCG@20': '0.0614'}
2025-06-12 22:20:10,511 - EarlyStopping counter: 4 out of 10
2025-06-12 22:20:12,241 - {'epoch': 30, 'rec_loss': '5.1372'}
2025-06-12 22:20:12,841 - {'Epoch': 30, 'HR@5': '0.0569', 'NDCG@5': '0.0392', 'HR@10': '0.0927', 'NDCG@10': '0.0507', 'HR@20': '0.1358', 'NDCG@20': '0.0616'}
2025-06-12 22:20:12,842 - EarlyStopping counter: 5 out of 10
2025-06-12 22:20:14,589 - {'epoch': 31, 'rec_loss': '5.1038'}
2025-06-12 22:20:15,153 - {'Epoch': 31, 'HR@5': '0.0606', 'NDCG@5': '0.0401', 'HR@10': '0.0917', 'NDCG@10': '0.0501', 'HR@20': '0.1422', 'NDCG@20': '0.0630'}
2025-06-12 22:20:15,153 - EarlyStopping counter: 6 out of 10
2025-06-12 22:20:16,838 - {'epoch': 32, 'rec_loss': '5.0969'}
2025-06-12 22:20:17,396 - {'Epoch': 32, 'HR@5': '0.0587', 'NDCG@5': '0.0407', 'HR@10': '0.0972', 'NDCG@10': '0.0529', 'HR@20': '0.1550', 'NDCG@20': '0.0674'}
2025-06-12 22:20:17,397 - Validation score increased.  Saving model ...
2025-06-12 22:20:19,077 - {'epoch': 33, 'rec_loss': '5.0736'}
2025-06-12 22:20:19,653 - {'Epoch': 33, 'HR@5': '0.0587', 'NDCG@5': '0.0394', 'HR@10': '0.1009', 'NDCG@10': '0.0526', 'HR@20': '0.1495', 'NDCG@20': '0.0646'}
2025-06-12 22:20:19,654 - EarlyStopping counter: 1 out of 10
2025-06-12 22:20:21,370 - {'epoch': 34, 'rec_loss': '5.0638'}
2025-06-12 22:20:21,935 - {'Epoch': 34, 'HR@5': '0.0596', 'NDCG@5': '0.0416', 'HR@10': '0.1009', 'NDCG@10': '0.0547', 'HR@20': '0.1431', 'NDCG@20': '0.0654'}
2025-06-12 22:20:21,936 - EarlyStopping counter: 2 out of 10
2025-06-12 22:20:23,679 - {'epoch': 35, 'rec_loss': '5.0495'}
2025-06-12 22:20:24,244 - {'Epoch': 35, 'HR@5': '0.0596', 'NDCG@5': '0.0410', 'HR@10': '0.0945', 'NDCG@10': '0.0522', 'HR@20': '0.1450', 'NDCG@20': '0.0647'}
2025-06-12 22:20:24,245 - EarlyStopping counter: 3 out of 10
2025-06-12 22:20:25,965 - {'epoch': 36, 'rec_loss': '5.0467'}
2025-06-12 22:20:26,535 - {'Epoch': 36, 'HR@5': '0.0606', 'NDCG@5': '0.0424', 'HR@10': '0.1009', 'NDCG@10': '0.0554', 'HR@20': '0.1450', 'NDCG@20': '0.0665'}
2025-06-12 22:20:26,535 - EarlyStopping counter: 4 out of 10
2025-06-12 22:20:28,290 - {'epoch': 37, 'rec_loss': '5.0124'}
2025-06-12 22:20:28,878 - {'Epoch': 37, 'HR@5': '0.0624', 'NDCG@5': '0.0420', 'HR@10': '0.0945', 'NDCG@10': '0.0523', 'HR@20': '0.1468', 'NDCG@20': '0.0656'}
2025-06-12 22:20:28,879 - EarlyStopping counter: 5 out of 10
2025-06-12 22:20:30,547 - {'epoch': 38, 'rec_loss': '5.0166'}
2025-06-12 22:20:31,108 - {'Epoch': 38, 'HR@5': '0.0560', 'NDCG@5': '0.0399', 'HR@10': '0.1000', 'NDCG@10': '0.0540', 'HR@20': '0.1431', 'NDCG@20': '0.0649'}
2025-06-12 22:20:31,108 - EarlyStopping counter: 6 out of 10
2025-06-12 22:20:32,830 - {'epoch': 39, 'rec_loss': '5.0013'}
2025-06-12 22:20:33,417 - {'Epoch': 39, 'HR@5': '0.0569', 'NDCG@5': '0.0378', 'HR@10': '0.1046', 'NDCG@10': '0.0531', 'HR@20': '0.1477', 'NDCG@20': '0.0640'}
2025-06-12 22:20:33,417 - EarlyStopping counter: 7 out of 10
2025-06-12 22:20:35,146 - {'epoch': 40, 'rec_loss': '4.9736'}
2025-06-12 22:20:35,723 - {'Epoch': 40, 'HR@5': '0.0642', 'NDCG@5': '0.0432', 'HR@10': '0.0982', 'NDCG@10': '0.0540', 'HR@20': '0.1431', 'NDCG@20': '0.0651'}
2025-06-12 22:20:35,724 - EarlyStopping counter: 8 out of 10
2025-06-12 22:20:37,446 - {'epoch': 41, 'rec_loss': '4.9703'}
2025-06-12 22:20:38,011 - {'Epoch': 41, 'HR@5': '0.0615', 'NDCG@5': '0.0424', 'HR@10': '0.0954', 'NDCG@10': '0.0534', 'HR@20': '0.1468', 'NDCG@20': '0.0664'}
2025-06-12 22:20:38,011 - EarlyStopping counter: 9 out of 10
2025-06-12 22:20:39,721 - {'epoch': 42, 'rec_loss': '4.9634'}
2025-06-12 22:20:40,292 - {'Epoch': 42, 'HR@5': '0.0606', 'NDCG@5': '0.0400', 'HR@10': '0.0972', 'NDCG@10': '0.0519', 'HR@20': '0.1468', 'NDCG@20': '0.0646'}
2025-06-12 22:20:40,293 - EarlyStopping counter: 10 out of 10
2025-06-12 22:20:40,293 - Early stopping
2025-06-12 22:20:40,293 - ---------------Test Score---------------
2025-06-12 22:20:40,854 - {'Epoch': 0, 'HR@5': '0.0532', 'NDCG@5': '0.0352', 'HR@10': '0.0771', 'NDCG@10': '0.0429', 'HR@20': '0.1064', 'NDCG@20': '0.0501'}
2025-06-12 22:20:40,854 - BSARec_LastFM
2025-06-12 22:20:40,854 - {'Epoch': 0, 'HR@5': '0.0532', 'NDCG@5': '0.0352', 'HR@10': '0.0771', 'NDCG@10': '0.0429', 'HR@20': '0.1064', 'NDCG@20': '0.0501'}
