2025-06-14 17:10:12,531 - Namespace(data_dir='data/', output_dir='output/', data_name='LastFM', do_eval=False, load_model=None, train_name='DuoRec_LastFM', num_items=10, num_users=1091, lr=0.001, batch_size=256, epochs=200, no_cuda=False, log_freq=1, patience=10, num_workers=4, seed=42, weight_decay=0.0, adam_beta1=0.9, adam_beta2=0.999, gpu_id='0', variance=5, model_type='DuoRec', max_seq_length=50, hidden_size=64, num_hidden_layers=2, hidden_act='gelu', num_attention_heads=4, attention_probs_dropout_prob=0.5, hidden_dropout_prob=0.5, initializer_range=0.02, tau=1.0, lmd=0.1, lmd_sem=0.1, ssl='us_x', sim='dot', cuda_condition=True, data_file='data/LastFM.txt', item_size=3647, checkpoint_path='output/DuoRec_LastFM.pt', same_target_path='data/LastFM_same_target.npy')
2025-06-14 17:10:12,550 - DuoRecModel(
  (item_embeddings): Embedding(3647, 64, padding_idx=0)
  (position_embeddings): Embedding(50, 64)
  (LayerNorm): LayerNorm()
  (dropout): Dropout(p=0.5, inplace=False)
  (item_encoder): TransformerEncoder(
    (blocks): ModuleList(
      (0): TransformerBlock(
        (layer): MultiHeadAttention(
          (query): Linear(in_features=64, out_features=64, bias=True)
          (key): Linear(in_features=64, out_features=64, bias=True)
          (value): Linear(in_features=64, out_features=64, bias=True)
          (softmax): Softmax(dim=-1)
          (attn_dropout): Dropout(p=0.5, inplace=False)
          (dense): Linear(in_features=64, out_features=64, bias=True)
          (LayerNorm): LayerNorm((64,), eps=1e-12, elementwise_affine=True)
          (out_dropout): Dropout(p=0.5, inplace=False)
        )
        (feed_forward): FeedForward(
          (dense_1): Linear(in_features=64, out_features=256, bias=True)
          (dense_2): Linear(in_features=256, out_features=64, bias=True)
          (LayerNorm): LayerNorm()
          (dropout): Dropout(p=0.5, inplace=False)
        )
      )
      (1): TransformerBlock(
        (layer): MultiHeadAttention(
          (query): Linear(in_features=64, out_features=64, bias=True)
          (key): Linear(in_features=64, out_features=64, bias=True)
          (value): Linear(in_features=64, out_features=64, bias=True)
          (softmax): Softmax(dim=-1)
          (attn_dropout): Dropout(p=0.5, inplace=False)
          (dense): Linear(in_features=64, out_features=64, bias=True)
          (LayerNorm): LayerNorm((64,), eps=1e-12, elementwise_affine=True)
          (out_dropout): Dropout(p=0.5, inplace=False)
        )
        (feed_forward): FeedForward(
          (dense_1): Linear(in_features=64, out_features=256, bias=True)
          (dense_2): Linear(in_features=256, out_features=64, bias=True)
          (LayerNorm): LayerNorm()
          (dropout): Dropout(p=0.5, inplace=False)
        )
      )
    )
  )
  (aug_nce_fct): CrossEntropyLoss()
)
2025-06-14 17:10:15,687 - Total Parameters: 336704
2025-06-14 17:10:19,395 - {'epoch': 0, 'rec_loss': '8.8540'}
2025-06-14 17:10:19,949 - {'Epoch': 0, 'HR@5': '0.0183', 'NDCG@5': '0.0113', 'HR@10': '0.0376', 'NDCG@10': '0.0176', 'HR@20': '0.0569', 'NDCG@20': '0.0224'}
2025-06-14 17:10:19,950 - Validation score increased.  Saving model ...
2025-06-14 17:10:22,836 - {'epoch': 1, 'rec_loss': '8.5149'}
2025-06-14 17:10:23,404 - {'Epoch': 1, 'HR@5': '0.0183', 'NDCG@5': '0.0110', 'HR@10': '0.0376', 'NDCG@10': '0.0173', 'HR@20': '0.0615', 'NDCG@20': '0.0232'}
2025-06-14 17:10:23,404 - Validation score increased.  Saving model ...
2025-06-14 17:10:26,287 - {'epoch': 2, 'rec_loss': '8.4757'}
2025-06-14 17:10:26,827 - {'Epoch': 2, 'HR@5': '0.0211', 'NDCG@5': '0.0125', 'HR@10': '0.0385', 'NDCG@10': '0.0182', 'HR@20': '0.0615', 'NDCG@20': '0.0238'}
2025-06-14 17:10:26,828 - Validation score increased.  Saving model ...
2025-06-14 17:10:29,742 - {'epoch': 3, 'rec_loss': '8.4533'}
2025-06-14 17:10:30,294 - {'Epoch': 3, 'HR@5': '0.0165', 'NDCG@5': '0.0127', 'HR@10': '0.0367', 'NDCG@10': '0.0193', 'HR@20': '0.0624', 'NDCG@20': '0.0257'}
2025-06-14 17:10:30,294 - Validation score increased.  Saving model ...
2025-06-14 17:10:33,180 - {'epoch': 4, 'rec_loss': '8.4323'}
2025-06-14 17:10:33,753 - {'Epoch': 4, 'HR@5': '0.0248', 'NDCG@5': '0.0152', 'HR@10': '0.0330', 'NDCG@10': '0.0179', 'HR@20': '0.0606', 'NDCG@20': '0.0249'}
2025-06-14 17:10:33,753 - EarlyStopping counter: 1 out of 10
2025-06-14 17:10:36,635 - {'epoch': 5, 'rec_loss': '8.3881'}
2025-06-14 17:10:37,191 - {'Epoch': 5, 'HR@5': '0.0220', 'NDCG@5': '0.0126', 'HR@10': '0.0404', 'NDCG@10': '0.0187', 'HR@20': '0.0587', 'NDCG@20': '0.0233'}
2025-06-14 17:10:37,193 - EarlyStopping counter: 2 out of 10
2025-06-14 17:10:40,066 - {'epoch': 6, 'rec_loss': '8.3294'}
2025-06-14 17:10:40,634 - {'Epoch': 6, 'HR@5': '0.0257', 'NDCG@5': '0.0169', 'HR@10': '0.0413', 'NDCG@10': '0.0221', 'HR@20': '0.0615', 'NDCG@20': '0.0271'}
2025-06-14 17:10:40,636 - Validation score increased.  Saving model ...
2025-06-14 17:10:43,533 - {'epoch': 7, 'rec_loss': '8.2715'}
2025-06-14 17:10:44,104 - {'Epoch': 7, 'HR@5': '0.0248', 'NDCG@5': '0.0142', 'HR@10': '0.0440', 'NDCG@10': '0.0206', 'HR@20': '0.0624', 'NDCG@20': '0.0251'}
2025-06-14 17:10:44,104 - EarlyStopping counter: 1 out of 10
2025-06-14 17:10:46,976 - {'epoch': 8, 'rec_loss': '8.2170'}
2025-06-14 17:10:47,546 - {'Epoch': 8, 'HR@5': '0.0312', 'NDCG@5': '0.0187', 'HR@10': '0.0431', 'NDCG@10': '0.0226', 'HR@20': '0.0670', 'NDCG@20': '0.0285'}
2025-06-14 17:10:47,547 - Validation score increased.  Saving model ...
2025-06-14 17:10:50,445 - {'epoch': 9, 'rec_loss': '8.1549'}
2025-06-14 17:10:51,003 - {'Epoch': 9, 'HR@5': '0.0284', 'NDCG@5': '0.0188', 'HR@10': '0.0468', 'NDCG@10': '0.0249', 'HR@20': '0.0743', 'NDCG@20': '0.0318'}
2025-06-14 17:10:51,005 - Validation score increased.  Saving model ...
2025-06-14 17:10:53,896 - {'epoch': 10, 'rec_loss': '8.0817'}
2025-06-14 17:10:54,452 - {'Epoch': 10, 'HR@5': '0.0330', 'NDCG@5': '0.0206', 'HR@10': '0.0550', 'NDCG@10': '0.0275', 'HR@20': '0.0862', 'NDCG@20': '0.0353'}
2025-06-14 17:10:54,454 - Validation score increased.  Saving model ...
2025-06-14 17:10:57,313 - {'epoch': 11, 'rec_loss': '8.0102'}
2025-06-14 17:10:57,875 - {'Epoch': 11, 'HR@5': '0.0349', 'NDCG@5': '0.0214', 'HR@10': '0.0560', 'NDCG@10': '0.0282', 'HR@20': '0.0844', 'NDCG@20': '0.0355'}
2025-06-14 17:10:57,877 - Validation score increased.  Saving model ...
2025-06-14 17:11:00,737 - {'epoch': 12, 'rec_loss': '7.9341'}
2025-06-14 17:11:01,306 - {'Epoch': 12, 'HR@5': '0.0385', 'NDCG@5': '0.0244', 'HR@10': '0.0550', 'NDCG@10': '0.0299', 'HR@20': '0.0862', 'NDCG@20': '0.0376'}
2025-06-14 17:11:01,308 - Validation score increased.  Saving model ...
2025-06-14 17:11:04,147 - {'epoch': 13, 'rec_loss': '7.8639'}
2025-06-14 17:11:04,717 - {'Epoch': 13, 'HR@5': '0.0431', 'NDCG@5': '0.0261', 'HR@10': '0.0596', 'NDCG@10': '0.0315', 'HR@20': '0.0872', 'NDCG@20': '0.0385'}
2025-06-14 17:11:04,717 - Validation score increased.  Saving model ...
2025-06-14 17:11:07,575 - {'epoch': 14, 'rec_loss': '7.7947'}
2025-06-14 17:11:08,134 - {'Epoch': 14, 'HR@5': '0.0431', 'NDCG@5': '0.0262', 'HR@10': '0.0624', 'NDCG@10': '0.0323', 'HR@20': '0.0927', 'NDCG@20': '0.0401'}
2025-06-14 17:11:08,134 - Validation score increased.  Saving model ...
2025-06-14 17:11:11,021 - {'epoch': 15, 'rec_loss': '7.7268'}
2025-06-14 17:11:11,574 - {'Epoch': 15, 'HR@5': '0.0422', 'NDCG@5': '0.0255', 'HR@10': '0.0578', 'NDCG@10': '0.0306', 'HR@20': '0.0936', 'NDCG@20': '0.0397'}
2025-06-14 17:11:11,574 - EarlyStopping counter: 1 out of 10
2025-06-14 17:11:14,463 - {'epoch': 16, 'rec_loss': '7.6580'}
2025-06-14 17:11:15,053 - {'Epoch': 16, 'HR@5': '0.0459', 'NDCG@5': '0.0286', 'HR@10': '0.0624', 'NDCG@10': '0.0339', 'HR@20': '0.0936', 'NDCG@20': '0.0417'}
2025-06-14 17:11:15,054 - Validation score increased.  Saving model ...
2025-06-14 17:11:17,960 - {'epoch': 17, 'rec_loss': '7.5877'}
2025-06-14 17:11:18,544 - {'Epoch': 17, 'HR@5': '0.0450', 'NDCG@5': '0.0269', 'HR@10': '0.0615', 'NDCG@10': '0.0321', 'HR@20': '0.0908', 'NDCG@20': '0.0395'}
2025-06-14 17:11:18,545 - EarlyStopping counter: 1 out of 10
2025-06-14 17:11:21,411 - {'epoch': 18, 'rec_loss': '7.5219'}
2025-06-14 17:11:21,957 - {'Epoch': 18, 'HR@5': '0.0477', 'NDCG@5': '0.0308', 'HR@10': '0.0651', 'NDCG@10': '0.0366', 'HR@20': '0.0954', 'NDCG@20': '0.0440'}
2025-06-14 17:11:21,958 - Validation score increased.  Saving model ...
2025-06-14 17:11:24,869 - {'epoch': 19, 'rec_loss': '7.4587'}
2025-06-14 17:11:25,428 - {'Epoch': 19, 'HR@5': '0.0385', 'NDCG@5': '0.0259', 'HR@10': '0.0651', 'NDCG@10': '0.0345', 'HR@20': '0.1009', 'NDCG@20': '0.0435'}
2025-06-14 17:11:25,429 - EarlyStopping counter: 1 out of 10
2025-06-14 17:11:28,320 - {'epoch': 20, 'rec_loss': '7.3973'}
2025-06-14 17:11:28,866 - {'Epoch': 20, 'HR@5': '0.0431', 'NDCG@5': '0.0267', 'HR@10': '0.0670', 'NDCG@10': '0.0345', 'HR@20': '0.0963', 'NDCG@20': '0.0418'}
2025-06-14 17:11:28,867 - EarlyStopping counter: 2 out of 10
2025-06-14 17:11:31,765 - {'epoch': 21, 'rec_loss': '7.3414'}
2025-06-14 17:11:32,334 - {'Epoch': 21, 'HR@5': '0.0486', 'NDCG@5': '0.0315', 'HR@10': '0.0688', 'NDCG@10': '0.0382', 'HR@20': '0.1000', 'NDCG@20': '0.0460'}
2025-06-14 17:11:32,335 - Validation score increased.  Saving model ...
2025-06-14 17:11:35,241 - {'epoch': 22, 'rec_loss': '7.2838'}
2025-06-14 17:11:35,808 - {'Epoch': 22, 'HR@5': '0.0459', 'NDCG@5': '0.0289', 'HR@10': '0.0697', 'NDCG@10': '0.0366', 'HR@20': '0.1092', 'NDCG@20': '0.0465'}
2025-06-14 17:11:35,809 - Validation score increased.  Saving model ...
2025-06-14 17:11:38,735 - {'epoch': 23, 'rec_loss': '7.2235'}
2025-06-14 17:11:39,292 - {'Epoch': 23, 'HR@5': '0.0450', 'NDCG@5': '0.0286', 'HR@10': '0.0734', 'NDCG@10': '0.0377', 'HR@20': '0.1092', 'NDCG@20': '0.0466'}
2025-06-14 17:11:39,293 - Validation score increased.  Saving model ...
2025-06-14 17:11:42,168 - {'epoch': 24, 'rec_loss': '7.1668'}
2025-06-14 17:11:42,761 - {'Epoch': 24, 'HR@5': '0.0431', 'NDCG@5': '0.0297', 'HR@10': '0.0716', 'NDCG@10': '0.0390', 'HR@20': '0.1046', 'NDCG@20': '0.0473'}
2025-06-14 17:11:42,762 - Validation score increased.  Saving model ...
2025-06-14 17:11:45,690 - {'epoch': 25, 'rec_loss': '7.1198'}
2025-06-14 17:11:46,246 - {'Epoch': 25, 'HR@5': '0.0450', 'NDCG@5': '0.0292', 'HR@10': '0.0752', 'NDCG@10': '0.0389', 'HR@20': '0.1174', 'NDCG@20': '0.0493'}
2025-06-14 17:11:46,246 - Validation score increased.  Saving model ...
2025-06-14 17:11:49,167 - {'epoch': 26, 'rec_loss': '7.0721'}
2025-06-14 17:11:49,708 - {'Epoch': 26, 'HR@5': '0.0477', 'NDCG@5': '0.0296', 'HR@10': '0.0734', 'NDCG@10': '0.0379', 'HR@20': '0.1110', 'NDCG@20': '0.0472'}
2025-06-14 17:11:49,709 - EarlyStopping counter: 1 out of 10
2025-06-14 17:11:52,595 - {'epoch': 27, 'rec_loss': '7.0236'}
2025-06-14 17:11:53,147 - {'Epoch': 27, 'HR@5': '0.0505', 'NDCG@5': '0.0329', 'HR@10': '0.0734', 'NDCG@10': '0.0403', 'HR@20': '0.1110', 'NDCG@20': '0.0498'}
2025-06-14 17:11:53,147 - Validation score increased.  Saving model ...
2025-06-14 17:11:56,109 - {'epoch': 28, 'rec_loss': '6.9720'}
2025-06-14 17:11:56,688 - {'Epoch': 28, 'HR@5': '0.0541', 'NDCG@5': '0.0326', 'HR@10': '0.0761', 'NDCG@10': '0.0399', 'HR@20': '0.1119', 'NDCG@20': '0.0489'}
2025-06-14 17:11:56,688 - EarlyStopping counter: 1 out of 10
2025-06-14 17:11:59,558 - {'epoch': 29, 'rec_loss': '6.9295'}
2025-06-14 17:12:00,113 - {'Epoch': 29, 'HR@5': '0.0541', 'NDCG@5': '0.0341', 'HR@10': '0.0734', 'NDCG@10': '0.0404', 'HR@20': '0.1156', 'NDCG@20': '0.0512'}
2025-06-14 17:12:00,114 - Validation score increased.  Saving model ...
2025-06-14 17:12:03,036 - {'epoch': 30, 'rec_loss': '6.8886'}
2025-06-14 17:12:03,590 - {'Epoch': 30, 'HR@5': '0.0468', 'NDCG@5': '0.0307', 'HR@10': '0.0743', 'NDCG@10': '0.0397', 'HR@20': '0.1092', 'NDCG@20': '0.0487'}
2025-06-14 17:12:03,591 - EarlyStopping counter: 1 out of 10
2025-06-14 17:12:06,448 - {'epoch': 31, 'rec_loss': '6.8483'}
2025-06-14 17:12:07,026 - {'Epoch': 31, 'HR@5': '0.0560', 'NDCG@5': '0.0355', 'HR@10': '0.0771', 'NDCG@10': '0.0423', 'HR@20': '0.1147', 'NDCG@20': '0.0518'}
2025-06-14 17:12:07,026 - Validation score increased.  Saving model ...
2025-06-14 17:12:09,962 - {'epoch': 32, 'rec_loss': '6.8080'}
2025-06-14 17:12:10,555 - {'Epoch': 32, 'HR@5': '0.0541', 'NDCG@5': '0.0346', 'HR@10': '0.0761', 'NDCG@10': '0.0417', 'HR@20': '0.1183', 'NDCG@20': '0.0523'}
2025-06-14 17:12:10,555 - Validation score increased.  Saving model ...
2025-06-14 17:12:13,489 - {'epoch': 33, 'rec_loss': '6.7682'}
2025-06-14 17:12:14,042 - {'Epoch': 33, 'HR@5': '0.0550', 'NDCG@5': '0.0365', 'HR@10': '0.0789', 'NDCG@10': '0.0441', 'HR@20': '0.1156', 'NDCG@20': '0.0533'}
2025-06-14 17:12:14,043 - Validation score increased.  Saving model ...
2025-06-14 17:12:16,994 - {'epoch': 34, 'rec_loss': '6.7244'}
2025-06-14 17:12:17,504 - {'Epoch': 34, 'HR@5': '0.0477', 'NDCG@5': '0.0324', 'HR@10': '0.0817', 'NDCG@10': '0.0435', 'HR@20': '0.1128', 'NDCG@20': '0.0513'}
2025-06-14 17:12:17,505 - EarlyStopping counter: 1 out of 10
2025-06-14 17:12:20,437 - {'epoch': 35, 'rec_loss': '6.6945'}
2025-06-14 17:12:21,004 - {'Epoch': 35, 'HR@5': '0.0532', 'NDCG@5': '0.0355', 'HR@10': '0.0752', 'NDCG@10': '0.0427', 'HR@20': '0.1119', 'NDCG@20': '0.0519'}
2025-06-14 17:12:21,005 - EarlyStopping counter: 2 out of 10
2025-06-14 17:12:23,889 - {'epoch': 36, 'rec_loss': '6.6468'}
2025-06-14 17:12:24,431 - {'Epoch': 36, 'HR@5': '0.0606', 'NDCG@5': '0.0389', 'HR@10': '0.0807', 'NDCG@10': '0.0454', 'HR@20': '0.1138', 'NDCG@20': '0.0537'}
2025-06-14 17:12:24,432 - Validation score increased.  Saving model ...
2025-06-14 17:12:27,336 - {'epoch': 37, 'rec_loss': '6.6242'}
2025-06-14 17:12:27,915 - {'Epoch': 37, 'HR@5': '0.0550', 'NDCG@5': '0.0367', 'HR@10': '0.0872', 'NDCG@10': '0.0470', 'HR@20': '0.1174', 'NDCG@20': '0.0546'}
2025-06-14 17:12:27,916 - Validation score increased.  Saving model ...
2025-06-14 17:12:30,823 - {'epoch': 38, 'rec_loss': '6.5883'}
2025-06-14 17:12:31,384 - {'Epoch': 38, 'HR@5': '0.0541', 'NDCG@5': '0.0362', 'HR@10': '0.0835', 'NDCG@10': '0.0456', 'HR@20': '0.1193', 'NDCG@20': '0.0547'}
2025-06-14 17:12:31,384 - Validation score increased.  Saving model ...
2025-06-14 17:12:34,299 - {'epoch': 39, 'rec_loss': '6.5570'}
2025-06-14 17:12:34,845 - {'Epoch': 39, 'HR@5': '0.0550', 'NDCG@5': '0.0375', 'HR@10': '0.0826', 'NDCG@10': '0.0465', 'HR@20': '0.1220', 'NDCG@20': '0.0564'}
2025-06-14 17:12:34,846 - Validation score increased.  Saving model ...
2025-06-14 17:12:37,764 - {'epoch': 40, 'rec_loss': '6.5295'}
2025-06-14 17:12:38,360 - {'Epoch': 40, 'HR@5': '0.0569', 'NDCG@5': '0.0375', 'HR@10': '0.0817', 'NDCG@10': '0.0454', 'HR@20': '0.1211', 'NDCG@20': '0.0554'}
2025-06-14 17:12:38,361 - EarlyStopping counter: 1 out of 10
2025-06-14 17:12:41,267 - {'epoch': 41, 'rec_loss': '6.4920'}
2025-06-14 17:12:41,826 - {'Epoch': 41, 'HR@5': '0.0578', 'NDCG@5': '0.0380', 'HR@10': '0.0798', 'NDCG@10': '0.0451', 'HR@20': '0.1193', 'NDCG@20': '0.0550'}
2025-06-14 17:12:41,826 - EarlyStopping counter: 2 out of 10
2025-06-14 17:12:44,655 - {'epoch': 42, 'rec_loss': '6.4698'}
2025-06-14 17:12:45,238 - {'Epoch': 42, 'HR@5': '0.0596', 'NDCG@5': '0.0391', 'HR@10': '0.0771', 'NDCG@10': '0.0446', 'HR@20': '0.1202', 'NDCG@20': '0.0555'}
2025-06-14 17:12:45,238 - EarlyStopping counter: 3 out of 10
2025-06-14 17:12:48,151 - {'epoch': 43, 'rec_loss': '6.4360'}
2025-06-14 17:12:48,709 - {'Epoch': 43, 'HR@5': '0.0560', 'NDCG@5': '0.0382', 'HR@10': '0.0853', 'NDCG@10': '0.0476', 'HR@20': '0.1174', 'NDCG@20': '0.0557'}
2025-06-14 17:12:48,710 - EarlyStopping counter: 4 out of 10
2025-06-14 17:12:51,591 - {'epoch': 44, 'rec_loss': '6.4142'}
2025-06-14 17:12:52,151 - {'Epoch': 44, 'HR@5': '0.0578', 'NDCG@5': '0.0384', 'HR@10': '0.0807', 'NDCG@10': '0.0458', 'HR@20': '0.1183', 'NDCG@20': '0.0552'}
2025-06-14 17:12:52,152 - EarlyStopping counter: 5 out of 10
2025-06-14 17:12:55,081 - {'epoch': 45, 'rec_loss': '6.3822'}
2025-06-14 17:12:55,655 - {'Epoch': 45, 'HR@5': '0.0578', 'NDCG@5': '0.0377', 'HR@10': '0.0835', 'NDCG@10': '0.0459', 'HR@20': '0.1239', 'NDCG@20': '0.0560'}
2025-06-14 17:12:55,656 - EarlyStopping counter: 6 out of 10
2025-06-14 17:12:58,539 - {'epoch': 46, 'rec_loss': '6.3610'}
2025-06-14 17:12:59,094 - {'Epoch': 46, 'HR@5': '0.0569', 'NDCG@5': '0.0386', 'HR@10': '0.0835', 'NDCG@10': '0.0470', 'HR@20': '0.1248', 'NDCG@20': '0.0572'}
2025-06-14 17:12:59,094 - Validation score increased.  Saving model ...
2025-06-14 17:13:02,032 - {'epoch': 47, 'rec_loss': '6.3326'}
2025-06-14 17:13:02,592 - {'Epoch': 47, 'HR@5': '0.0514', 'NDCG@5': '0.0365', 'HR@10': '0.0789', 'NDCG@10': '0.0453', 'HR@20': '0.1202', 'NDCG@20': '0.0557'}
2025-06-14 17:13:02,593 - EarlyStopping counter: 1 out of 10
2025-06-14 17:13:05,513 - {'epoch': 48, 'rec_loss': '6.3121'}
2025-06-14 17:13:06,071 - {'Epoch': 48, 'HR@5': '0.0560', 'NDCG@5': '0.0384', 'HR@10': '0.0826', 'NDCG@10': '0.0469', 'HR@20': '0.1193', 'NDCG@20': '0.0562'}
2025-06-14 17:13:06,072 - EarlyStopping counter: 2 out of 10
2025-06-14 17:13:09,074 - {'epoch': 49, 'rec_loss': '6.2930'}
2025-06-14 17:13:09,660 - {'Epoch': 49, 'HR@5': '0.0550', 'NDCG@5': '0.0381', 'HR@10': '0.0844', 'NDCG@10': '0.0474', 'HR@20': '0.1257', 'NDCG@20': '0.0578'}
2025-06-14 17:13:09,660 - Validation score increased.  Saving model ...
2025-06-14 17:13:12,572 - {'epoch': 50, 'rec_loss': '6.2630'}
2025-06-14 17:13:13,168 - {'Epoch': 50, 'HR@5': '0.0541', 'NDCG@5': '0.0385', 'HR@10': '0.0872', 'NDCG@10': '0.0490', 'HR@20': '0.1183', 'NDCG@20': '0.0568'}
2025-06-14 17:13:13,169 - EarlyStopping counter: 1 out of 10
2025-06-14 17:13:16,050 - {'epoch': 51, 'rec_loss': '6.2522'}
2025-06-14 17:13:16,672 - {'Epoch': 51, 'HR@5': '0.0550', 'NDCG@5': '0.0399', 'HR@10': '0.0798', 'NDCG@10': '0.0477', 'HR@20': '0.1257', 'NDCG@20': '0.0594'}
2025-06-14 17:13:16,673 - Validation score increased.  Saving model ...
2025-06-14 17:13:19,608 - {'epoch': 52, 'rec_loss': '6.2197'}
2025-06-14 17:13:20,201 - {'Epoch': 52, 'HR@5': '0.0523', 'NDCG@5': '0.0370', 'HR@10': '0.0798', 'NDCG@10': '0.0460', 'HR@20': '0.1275', 'NDCG@20': '0.0580'}
2025-06-14 17:13:20,202 - EarlyStopping counter: 1 out of 10
2025-06-14 17:13:23,113 - {'epoch': 53, 'rec_loss': '6.2080'}
2025-06-14 17:13:23,731 - {'Epoch': 53, 'HR@5': '0.0569', 'NDCG@5': '0.0406', 'HR@10': '0.0780', 'NDCG@10': '0.0473', 'HR@20': '0.1229', 'NDCG@20': '0.0587'}
2025-06-14 17:13:23,732 - EarlyStopping counter: 2 out of 10
2025-06-14 17:13:26,644 - {'epoch': 54, 'rec_loss': '6.1829'}
2025-06-14 17:13:27,230 - {'Epoch': 54, 'HR@5': '0.0560', 'NDCG@5': '0.0393', 'HR@10': '0.0826', 'NDCG@10': '0.0478', 'HR@20': '0.1266', 'NDCG@20': '0.0588'}
2025-06-14 17:13:27,231 - EarlyStopping counter: 3 out of 10
2025-06-14 17:13:30,141 - {'epoch': 55, 'rec_loss': '6.1608'}
2025-06-14 17:13:30,731 - {'Epoch': 55, 'HR@5': '0.0550', 'NDCG@5': '0.0387', 'HR@10': '0.0817', 'NDCG@10': '0.0471', 'HR@20': '0.1275', 'NDCG@20': '0.0585'}
2025-06-14 17:13:30,732 - EarlyStopping counter: 4 out of 10
2025-06-14 17:13:33,624 - {'epoch': 56, 'rec_loss': '6.1465'}
2025-06-14 17:13:34,224 - {'Epoch': 56, 'HR@5': '0.0569', 'NDCG@5': '0.0387', 'HR@10': '0.0817', 'NDCG@10': '0.0467', 'HR@20': '0.1193', 'NDCG@20': '0.0560'}
2025-06-14 17:13:34,225 - EarlyStopping counter: 5 out of 10
2025-06-14 17:13:37,142 - {'epoch': 57, 'rec_loss': '6.1174'}
2025-06-14 17:13:37,763 - {'Epoch': 57, 'HR@5': '0.0569', 'NDCG@5': '0.0392', 'HR@10': '0.0807', 'NDCG@10': '0.0468', 'HR@20': '0.1202', 'NDCG@20': '0.0567'}
2025-06-14 17:13:37,764 - EarlyStopping counter: 6 out of 10
2025-06-14 17:13:40,641 - {'epoch': 58, 'rec_loss': '6.0992'}
2025-06-14 17:13:41,239 - {'Epoch': 58, 'HR@5': '0.0587', 'NDCG@5': '0.0408', 'HR@10': '0.0844', 'NDCG@10': '0.0492', 'HR@20': '0.1321', 'NDCG@20': '0.0609'}
2025-06-14 17:13:41,240 - Validation score increased.  Saving model ...
2025-06-14 17:13:44,152 - {'epoch': 59, 'rec_loss': '6.0878'}
2025-06-14 17:13:44,747 - {'Epoch': 59, 'HR@5': '0.0569', 'NDCG@5': '0.0394', 'HR@10': '0.0872', 'NDCG@10': '0.0490', 'HR@20': '0.1312', 'NDCG@20': '0.0599'}
2025-06-14 17:13:44,747 - EarlyStopping counter: 1 out of 10
2025-06-14 17:13:47,652 - {'epoch': 60, 'rec_loss': '6.0641'}
2025-06-14 17:13:48,229 - {'Epoch': 60, 'HR@5': '0.0550', 'NDCG@5': '0.0385', 'HR@10': '0.0862', 'NDCG@10': '0.0487', 'HR@20': '0.1303', 'NDCG@20': '0.0595'}
2025-06-14 17:13:48,229 - EarlyStopping counter: 2 out of 10
2025-06-14 17:13:51,159 - {'epoch': 61, 'rec_loss': '6.0538'}
2025-06-14 17:13:51,746 - {'Epoch': 61, 'HR@5': '0.0532', 'NDCG@5': '0.0383', 'HR@10': '0.0835', 'NDCG@10': '0.0482', 'HR@20': '0.1275', 'NDCG@20': '0.0592'}
2025-06-14 17:13:51,747 - EarlyStopping counter: 3 out of 10
2025-06-14 17:13:54,639 - {'epoch': 62, 'rec_loss': '6.0427'}
2025-06-14 17:13:55,228 - {'Epoch': 62, 'HR@5': '0.0569', 'NDCG@5': '0.0388', 'HR@10': '0.0835', 'NDCG@10': '0.0473', 'HR@20': '0.1266', 'NDCG@20': '0.0580'}
2025-06-14 17:13:55,229 - EarlyStopping counter: 4 out of 10
2025-06-14 17:13:58,093 - {'epoch': 63, 'rec_loss': '6.0235'}
2025-06-14 17:13:58,709 - {'Epoch': 63, 'HR@5': '0.0550', 'NDCG@5': '0.0393', 'HR@10': '0.0807', 'NDCG@10': '0.0476', 'HR@20': '0.1257', 'NDCG@20': '0.0589'}
2025-06-14 17:13:58,709 - EarlyStopping counter: 5 out of 10
2025-06-14 17:14:01,607 - {'epoch': 64, 'rec_loss': '6.0138'}
2025-06-14 17:14:02,222 - {'Epoch': 64, 'HR@5': '0.0569', 'NDCG@5': '0.0406', 'HR@10': '0.0881', 'NDCG@10': '0.0507', 'HR@20': '0.1284', 'NDCG@20': '0.0608'}
2025-06-14 17:14:02,222 - EarlyStopping counter: 6 out of 10
2025-06-14 17:14:05,123 - {'epoch': 65, 'rec_loss': '5.9901'}
2025-06-14 17:14:05,752 - {'Epoch': 65, 'HR@5': '0.0560', 'NDCG@5': '0.0391', 'HR@10': '0.0862', 'NDCG@10': '0.0489', 'HR@20': '0.1248', 'NDCG@20': '0.0585'}
2025-06-14 17:14:05,753 - EarlyStopping counter: 7 out of 10
2025-06-14 17:14:08,686 - {'epoch': 66, 'rec_loss': '5.9835'}
2025-06-14 17:14:09,279 - {'Epoch': 66, 'HR@5': '0.0569', 'NDCG@5': '0.0398', 'HR@10': '0.0853', 'NDCG@10': '0.0488', 'HR@20': '0.1294', 'NDCG@20': '0.0598'}
2025-06-14 17:14:09,279 - EarlyStopping counter: 8 out of 10
2025-06-14 17:14:12,211 - {'epoch': 67, 'rec_loss': '5.9607'}
2025-06-14 17:14:12,805 - {'Epoch': 67, 'HR@5': '0.0606', 'NDCG@5': '0.0416', 'HR@10': '0.0862', 'NDCG@10': '0.0498', 'HR@20': '0.1294', 'NDCG@20': '0.0605'}
2025-06-14 17:14:12,806 - EarlyStopping counter: 9 out of 10
2025-06-14 17:14:15,704 - {'epoch': 68, 'rec_loss': '5.9525'}
2025-06-14 17:14:16,286 - {'Epoch': 68, 'HR@5': '0.0578', 'NDCG@5': '0.0412', 'HR@10': '0.0853', 'NDCG@10': '0.0500', 'HR@20': '0.1303', 'NDCG@20': '0.0612'}
2025-06-14 17:14:16,286 - Validation score increased.  Saving model ...
2025-06-14 17:14:19,242 - {'epoch': 69, 'rec_loss': '5.9307'}
2025-06-14 17:14:19,832 - {'Epoch': 69, 'HR@5': '0.0587', 'NDCG@5': '0.0414', 'HR@10': '0.0908', 'NDCG@10': '0.0515', 'HR@20': '0.1303', 'NDCG@20': '0.0612'}
2025-06-14 17:14:19,833 - EarlyStopping counter: 1 out of 10
2025-06-14 17:14:22,673 - {'epoch': 70, 'rec_loss': '5.9186'}
2025-06-14 17:14:23,254 - {'Epoch': 70, 'HR@5': '0.0569', 'NDCG@5': '0.0410', 'HR@10': '0.0835', 'NDCG@10': '0.0496', 'HR@20': '0.1312', 'NDCG@20': '0.0615'}
2025-06-14 17:14:23,254 - Validation score increased.  Saving model ...
2025-06-14 17:14:26,168 - {'epoch': 71, 'rec_loss': '5.9169'}
2025-06-14 17:14:26,725 - {'Epoch': 71, 'HR@5': '0.0596', 'NDCG@5': '0.0409', 'HR@10': '0.0872', 'NDCG@10': '0.0497', 'HR@20': '0.1303', 'NDCG@20': '0.0603'}
2025-06-14 17:14:26,726 - EarlyStopping counter: 1 out of 10
2025-06-14 17:14:29,594 - {'epoch': 72, 'rec_loss': '5.9008'}
2025-06-14 17:14:30,146 - {'Epoch': 72, 'HR@5': '0.0606', 'NDCG@5': '0.0422', 'HR@10': '0.0890', 'NDCG@10': '0.0513', 'HR@20': '0.1312', 'NDCG@20': '0.0618'}
2025-06-14 17:14:30,147 - Validation score increased.  Saving model ...
2025-06-14 17:14:33,011 - {'epoch': 73, 'rec_loss': '5.8832'}
2025-06-14 17:14:33,567 - {'Epoch': 73, 'HR@5': '0.0624', 'NDCG@5': '0.0417', 'HR@10': '0.0890', 'NDCG@10': '0.0502', 'HR@20': '0.1284', 'NDCG@20': '0.0599'}
2025-06-14 17:14:33,568 - EarlyStopping counter: 1 out of 10
2025-06-14 17:14:36,433 - {'epoch': 74, 'rec_loss': '5.8728'}
2025-06-14 17:14:36,999 - {'Epoch': 74, 'HR@5': '0.0587', 'NDCG@5': '0.0399', 'HR@10': '0.0881', 'NDCG@10': '0.0495', 'HR@20': '0.1284', 'NDCG@20': '0.0598'}
2025-06-14 17:14:37,000 - EarlyStopping counter: 2 out of 10
2025-06-14 17:14:39,898 - {'epoch': 75, 'rec_loss': '5.8685'}
2025-06-14 17:14:40,440 - {'Epoch': 75, 'HR@5': '0.0606', 'NDCG@5': '0.0414', 'HR@10': '0.0908', 'NDCG@10': '0.0511', 'HR@20': '0.1303', 'NDCG@20': '0.0610'}
2025-06-14 17:14:40,441 - EarlyStopping counter: 3 out of 10
2025-06-14 17:14:43,341 - {'epoch': 76, 'rec_loss': '5.8491'}
2025-06-14 17:14:43,897 - {'Epoch': 76, 'HR@5': '0.0606', 'NDCG@5': '0.0414', 'HR@10': '0.0881', 'NDCG@10': '0.0502', 'HR@20': '0.1330', 'NDCG@20': '0.0614'}
2025-06-14 17:14:43,898 - EarlyStopping counter: 4 out of 10
2025-06-14 17:14:46,792 - {'epoch': 77, 'rec_loss': '5.8501'}
2025-06-14 17:14:47,364 - {'Epoch': 77, 'HR@5': '0.0578', 'NDCG@5': '0.0409', 'HR@10': '0.0853', 'NDCG@10': '0.0499', 'HR@20': '0.1303', 'NDCG@20': '0.0613'}
2025-06-14 17:14:47,365 - EarlyStopping counter: 5 out of 10
2025-06-14 17:14:50,204 - {'epoch': 78, 'rec_loss': '5.8209'}
2025-06-14 17:14:50,774 - {'Epoch': 78, 'HR@5': '0.0606', 'NDCG@5': '0.0404', 'HR@10': '0.0853', 'NDCG@10': '0.0485', 'HR@20': '0.1330', 'NDCG@20': '0.0604'}
2025-06-14 17:14:50,774 - EarlyStopping counter: 6 out of 10
2025-06-14 17:14:53,643 - {'epoch': 79, 'rec_loss': '5.8094'}
2025-06-14 17:14:54,200 - {'Epoch': 79, 'HR@5': '0.0578', 'NDCG@5': '0.0412', 'HR@10': '0.0872', 'NDCG@10': '0.0507', 'HR@20': '0.1321', 'NDCG@20': '0.0620'}
2025-06-14 17:14:54,201 - Validation score increased.  Saving model ...
2025-06-14 17:14:57,096 - {'epoch': 80, 'rec_loss': '5.8024'}
2025-06-14 17:14:57,658 - {'Epoch': 80, 'HR@5': '0.0560', 'NDCG@5': '0.0390', 'HR@10': '0.0872', 'NDCG@10': '0.0492', 'HR@20': '0.1339', 'NDCG@20': '0.0609'}
2025-06-14 17:14:57,658 - EarlyStopping counter: 1 out of 10
2025-06-14 17:15:00,523 - {'epoch': 81, 'rec_loss': '5.8015'}
2025-06-14 17:15:01,068 - {'Epoch': 81, 'HR@5': '0.0569', 'NDCG@5': '0.0397', 'HR@10': '0.0826', 'NDCG@10': '0.0480', 'HR@20': '0.1294', 'NDCG@20': '0.0598'}
2025-06-14 17:15:01,069 - EarlyStopping counter: 2 out of 10
2025-06-14 17:15:03,941 - {'epoch': 82, 'rec_loss': '5.7742'}
2025-06-14 17:15:04,514 - {'Epoch': 82, 'HR@5': '0.0606', 'NDCG@5': '0.0415', 'HR@10': '0.0872', 'NDCG@10': '0.0501', 'HR@20': '0.1303', 'NDCG@20': '0.0608'}
2025-06-14 17:15:04,514 - EarlyStopping counter: 3 out of 10
2025-06-14 17:15:07,380 - {'epoch': 83, 'rec_loss': '5.7753'}
2025-06-14 17:15:07,966 - {'Epoch': 83, 'HR@5': '0.0606', 'NDCG@5': '0.0408', 'HR@10': '0.0862', 'NDCG@10': '0.0491', 'HR@20': '0.1367', 'NDCG@20': '0.0616'}
2025-06-14 17:15:07,966 - EarlyStopping counter: 4 out of 10
2025-06-14 17:15:10,822 - {'epoch': 84, 'rec_loss': '5.7646'}
2025-06-14 17:15:11,347 - {'Epoch': 84, 'HR@5': '0.0633', 'NDCG@5': '0.0428', 'HR@10': '0.0890', 'NDCG@10': '0.0511', 'HR@20': '0.1303', 'NDCG@20': '0.0615'}
2025-06-14 17:15:11,347 - EarlyStopping counter: 5 out of 10
2025-06-14 17:15:14,225 - {'epoch': 85, 'rec_loss': '5.7579'}
2025-06-14 17:15:14,799 - {'Epoch': 85, 'HR@5': '0.0615', 'NDCG@5': '0.0412', 'HR@10': '0.0890', 'NDCG@10': '0.0502', 'HR@20': '0.1303', 'NDCG@20': '0.0605'}
2025-06-14 17:15:14,800 - EarlyStopping counter: 6 out of 10
2025-06-14 17:15:17,698 - {'epoch': 86, 'rec_loss': '5.7423'}
2025-06-14 17:15:18,251 - {'Epoch': 86, 'HR@5': '0.0642', 'NDCG@5': '0.0428', 'HR@10': '0.0899', 'NDCG@10': '0.0510', 'HR@20': '0.1321', 'NDCG@20': '0.0617'}
2025-06-14 17:15:18,251 - EarlyStopping counter: 7 out of 10
2025-06-14 17:15:21,111 - {'epoch': 87, 'rec_loss': '5.7390'}
2025-06-14 17:15:21,669 - {'Epoch': 87, 'HR@5': '0.0624', 'NDCG@5': '0.0438', 'HR@10': '0.0881', 'NDCG@10': '0.0520', 'HR@20': '0.1312', 'NDCG@20': '0.0629'}
2025-06-14 17:15:21,669 - Validation score increased.  Saving model ...
2025-06-14 17:15:24,556 - {'epoch': 88, 'rec_loss': '5.7264'}
2025-06-14 17:15:25,124 - {'Epoch': 88, 'HR@5': '0.0642', 'NDCG@5': '0.0420', 'HR@10': '0.0890', 'NDCG@10': '0.0498', 'HR@20': '0.1312', 'NDCG@20': '0.0604'}
2025-06-14 17:15:25,124 - EarlyStopping counter: 1 out of 10
2025-06-14 17:15:28,011 - {'epoch': 89, 'rec_loss': '5.7163'}
2025-06-14 17:15:28,578 - {'Epoch': 89, 'HR@5': '0.0651', 'NDCG@5': '0.0426', 'HR@10': '0.0899', 'NDCG@10': '0.0504', 'HR@20': '0.1312', 'NDCG@20': '0.0607'}
2025-06-14 17:15:28,579 - EarlyStopping counter: 2 out of 10
2025-06-14 17:15:31,487 - {'epoch': 90, 'rec_loss': '5.7089'}
2025-06-14 17:15:32,068 - {'Epoch': 90, 'HR@5': '0.0661', 'NDCG@5': '0.0446', 'HR@10': '0.0890', 'NDCG@10': '0.0520', 'HR@20': '0.1330', 'NDCG@20': '0.0630'}
2025-06-14 17:15:32,069 - Validation score increased.  Saving model ...
2025-06-14 17:15:34,945 - {'epoch': 91, 'rec_loss': '5.7035'}
2025-06-14 17:15:35,492 - {'Epoch': 91, 'HR@5': '0.0661', 'NDCG@5': '0.0441', 'HR@10': '0.0908', 'NDCG@10': '0.0521', 'HR@20': '0.1339', 'NDCG@20': '0.0629'}
2025-06-14 17:15:35,493 - EarlyStopping counter: 1 out of 10
2025-06-14 17:15:38,395 - {'epoch': 92, 'rec_loss': '5.6957'}
2025-06-14 17:15:38,960 - {'Epoch': 92, 'HR@5': '0.0679', 'NDCG@5': '0.0445', 'HR@10': '0.0890', 'NDCG@10': '0.0514', 'HR@20': '0.1349', 'NDCG@20': '0.0628'}
2025-06-14 17:15:38,960 - EarlyStopping counter: 2 out of 10
2025-06-14 17:15:41,848 - {'epoch': 93, 'rec_loss': '5.6921'}
2025-06-14 17:15:42,379 - {'Epoch': 93, 'HR@5': '0.0642', 'NDCG@5': '0.0436', 'HR@10': '0.0908', 'NDCG@10': '0.0522', 'HR@20': '0.1330', 'NDCG@20': '0.0627'}
2025-06-14 17:15:42,379 - EarlyStopping counter: 3 out of 10
2025-06-14 17:15:45,276 - {'epoch': 94, 'rec_loss': '5.6756'}
2025-06-14 17:15:45,838 - {'Epoch': 94, 'HR@5': '0.0670', 'NDCG@5': '0.0456', 'HR@10': '0.0927', 'NDCG@10': '0.0538', 'HR@20': '0.1376', 'NDCG@20': '0.0648'}
2025-06-14 17:15:45,839 - Validation score increased.  Saving model ...
2025-06-14 17:15:48,737 - {'epoch': 95, 'rec_loss': '5.6631'}
2025-06-14 17:15:49,291 - {'Epoch': 95, 'HR@5': '0.0651', 'NDCG@5': '0.0421', 'HR@10': '0.0908', 'NDCG@10': '0.0502', 'HR@20': '0.1339', 'NDCG@20': '0.0610'}
2025-06-14 17:15:49,291 - EarlyStopping counter: 1 out of 10
2025-06-14 17:15:52,168 - {'epoch': 96, 'rec_loss': '5.6672'}
2025-06-14 17:15:52,711 - {'Epoch': 96, 'HR@5': '0.0633', 'NDCG@5': '0.0435', 'HR@10': '0.0899', 'NDCG@10': '0.0521', 'HR@20': '0.1339', 'NDCG@20': '0.0631'}
2025-06-14 17:15:52,712 - EarlyStopping counter: 2 out of 10
2025-06-14 17:15:55,640 - {'epoch': 97, 'rec_loss': '5.6511'}
2025-06-14 17:15:56,205 - {'Epoch': 97, 'HR@5': '0.0642', 'NDCG@5': '0.0431', 'HR@10': '0.0936', 'NDCG@10': '0.0524', 'HR@20': '0.1376', 'NDCG@20': '0.0633'}
2025-06-14 17:15:56,206 - EarlyStopping counter: 3 out of 10
2025-06-14 17:15:59,118 - {'epoch': 98, 'rec_loss': '5.6488'}
2025-06-14 17:15:59,680 - {'Epoch': 98, 'HR@5': '0.0615', 'NDCG@5': '0.0429', 'HR@10': '0.0844', 'NDCG@10': '0.0506', 'HR@20': '0.1330', 'NDCG@20': '0.0629'}
2025-06-14 17:15:59,680 - EarlyStopping counter: 4 out of 10
2025-06-14 17:16:02,509 - {'epoch': 99, 'rec_loss': '5.6393'}
2025-06-14 17:16:03,066 - {'Epoch': 99, 'HR@5': '0.0642', 'NDCG@5': '0.0430', 'HR@10': '0.0890', 'NDCG@10': '0.0511', 'HR@20': '0.1330', 'NDCG@20': '0.0623'}
2025-06-14 17:16:03,067 - EarlyStopping counter: 5 out of 10
2025-06-14 17:16:05,917 - {'epoch': 100, 'rec_loss': '5.6306'}
2025-06-14 17:16:06,491 - {'Epoch': 100, 'HR@5': '0.0688', 'NDCG@5': '0.0458', 'HR@10': '0.0927', 'NDCG@10': '0.0535', 'HR@20': '0.1358', 'NDCG@20': '0.0641'}
2025-06-14 17:16:06,492 - EarlyStopping counter: 6 out of 10
2025-06-14 17:16:09,374 - {'epoch': 101, 'rec_loss': '5.6211'}
2025-06-14 17:16:09,934 - {'Epoch': 101, 'HR@5': '0.0642', 'NDCG@5': '0.0434', 'HR@10': '0.0936', 'NDCG@10': '0.0528', 'HR@20': '0.1330', 'NDCG@20': '0.0626'}
2025-06-14 17:16:09,935 - EarlyStopping counter: 7 out of 10
2025-06-14 17:16:12,778 - {'epoch': 102, 'rec_loss': '5.6189'}
2025-06-14 17:16:13,338 - {'Epoch': 102, 'HR@5': '0.0606', 'NDCG@5': '0.0416', 'HR@10': '0.0954', 'NDCG@10': '0.0527', 'HR@20': '0.1367', 'NDCG@20': '0.0630'}
2025-06-14 17:16:13,338 - EarlyStopping counter: 8 out of 10
2025-06-14 17:16:16,167 - {'epoch': 103, 'rec_loss': '5.6067'}
2025-06-14 17:16:16,763 - {'Epoch': 103, 'HR@5': '0.0661', 'NDCG@5': '0.0443', 'HR@10': '0.0917', 'NDCG@10': '0.0526', 'HR@20': '0.1349', 'NDCG@20': '0.0636'}
2025-06-14 17:16:16,763 - EarlyStopping counter: 9 out of 10
2025-06-14 17:16:19,656 - {'epoch': 104, 'rec_loss': '5.5965'}
2025-06-14 17:16:20,206 - {'Epoch': 104, 'HR@5': '0.0615', 'NDCG@5': '0.0429', 'HR@10': '0.0908', 'NDCG@10': '0.0523', 'HR@20': '0.1312', 'NDCG@20': '0.0624'}
2025-06-14 17:16:20,207 - EarlyStopping counter: 10 out of 10
2025-06-14 17:16:20,207 - Early stopping
2025-06-14 17:16:20,207 - ---------------Test Score---------------
2025-06-14 17:16:20,763 - {'Epoch': 0, 'HR@5': '0.0404', 'NDCG@5': '0.0312', 'HR@10': '0.0541', 'NDCG@10': '0.0358', 'HR@20': '0.0917', 'NDCG@20': '0.0451'}
2025-06-14 17:16:20,764 - DuoRec_LastFM
2025-06-14 17:16:20,764 - {'Epoch': 0, 'HR@5': '0.0404', 'NDCG@5': '0.0312', 'HR@10': '0.0541', 'NDCG@10': '0.0358', 'HR@20': '0.0917', 'NDCG@20': '0.0451'}
