2025-06-14 17:10:25,374 - Namespace(data_dir='data/', output_dir='output/', data_name='LastFM', do_eval=False, load_model=None, train_name='FEARec_LastFM', num_items=10, num_users=1091, lr=0.001, batch_size=256, epochs=200, no_cuda=False, log_freq=1, patience=10, num_workers=4, seed=42, weight_decay=0.0, adam_beta1=0.9, adam_beta2=0.999, gpu_id='0', variance=5, model_type='FEARec', max_seq_length=50, hidden_size=64, num_hidden_layers=2, hidden_act='gelu', num_attention_heads=4, attention_probs_dropout_prob=0.5, hidden_dropout_prob=0.5, initializer_range=0.02, tau=1.0, lmd=0.1, lmd_sem=0.1, ssl='us_x', sim='dot', spatial_ratio=0.1, global_ratio=0.6, fredom_type='us_x', fredom='True', cuda_condition=True, data_file='data/LastFM.txt', item_size=3647, checkpoint_path='output/FEARec_LastFM.pt', same_target_path='data/LastFM_same_target.npy')
2025-06-14 17:10:25,388 - FEARecModel(
  (item_embeddings): Embedding(3647, 64, padding_idx=0)
  (position_embeddings): Embedding(50, 64)
  (LayerNorm): LayerNorm()
  (dropout): Dropout(p=0.5, inplace=False)
  (item_encoder): FEARecEncoder(
    (blocks): ModuleList(
      (0): FEARecBlock(
        (layer): FEARecLayer(
          (dropout): Dropout(p=0.1, inplace=False)
          (attn_dropout): Dropout(p=0.5, inplace=False)
          (LayerNorm): LayerNorm()
          (out_dropout): Dropout(p=0.5, inplace=False)
          (dense): Linear(in_features=64, out_features=64, bias=True)
          (query): Linear(in_features=64, out_features=64, bias=True)
          (key): Linear(in_features=64, out_features=64, bias=True)
          (value): Linear(in_features=64, out_features=64, bias=True)
        )
        (feed_forward): FeedForward(
          (dense_1): Linear(in_features=64, out_features=256, bias=True)
          (dense_2): Linear(in_features=256, out_features=64, bias=True)
          (LayerNorm): LayerNorm()
          (dropout): Dropout(p=0.5, inplace=False)
        )
      )
      (1): FEARecBlock(
        (layer): FEARecLayer(
          (dropout): Dropout(p=0.1, inplace=False)
          (attn_dropout): Dropout(p=0.5, inplace=False)
          (LayerNorm): LayerNorm()
          (out_dropout): Dropout(p=0.5, inplace=False)
          (dense): Linear(in_features=64, out_features=64, bias=True)
          (query): Linear(in_features=64, out_features=64, bias=True)
          (key): Linear(in_features=64, out_features=64, bias=True)
          (value): Linear(in_features=64, out_features=64, bias=True)
        )
        (feed_forward): FeedForward(
          (dense_1): Linear(in_features=64, out_features=256, bias=True)
          (dense_2): Linear(in_features=256, out_features=64, bias=True)
          (LayerNorm): LayerNorm()
          (dropout): Dropout(p=0.5, inplace=False)
        )
      )
    )
  )
  (aug_nce_fct): CrossEntropyLoss()
)
2025-06-14 17:10:27,597 - Total Parameters: 336704
2025-06-14 17:10:51,897 - {'epoch': 0, 'rec_loss': '8.9165'}
2025-06-14 17:10:52,599 - {'Epoch': 0, 'HR@5': '0.0239', 'NDCG@5': '0.0160', 'HR@10': '0.0440', 'NDCG@10': '0.0225', 'HR@20': '0.0651', 'NDCG@20': '0.0278'}
2025-06-14 17:10:52,603 - Validation score increased.  Saving model ...
2025-06-14 17:11:16,214 - {'epoch': 1, 'rec_loss': '8.5603'}
2025-06-14 17:11:16,908 - {'Epoch': 1, 'HR@5': '0.0229', 'NDCG@5': '0.0135', 'HR@10': '0.0376', 'NDCG@10': '0.0182', 'HR@20': '0.0578', 'NDCG@20': '0.0233'}
2025-06-14 17:11:16,910 - EarlyStopping counter: 1 out of 10
2025-06-14 17:11:40,157 - {'epoch': 2, 'rec_loss': '8.5123'}
2025-06-14 17:11:40,843 - {'Epoch': 2, 'HR@5': '0.0193', 'NDCG@5': '0.0144', 'HR@10': '0.0349', 'NDCG@10': '0.0195', 'HR@20': '0.0624', 'NDCG@20': '0.0264'}
2025-06-14 17:11:40,845 - EarlyStopping counter: 2 out of 10
2025-06-14 17:12:04,190 - {'epoch': 3, 'rec_loss': '8.4864'}
2025-06-14 17:12:04,887 - {'Epoch': 3, 'HR@5': '0.0220', 'NDCG@5': '0.0133', 'HR@10': '0.0367', 'NDCG@10': '0.0180', 'HR@20': '0.0642', 'NDCG@20': '0.0248'}
2025-06-14 17:12:04,889 - EarlyStopping counter: 3 out of 10
2025-06-14 17:12:28,212 - {'epoch': 4, 'rec_loss': '8.4671'}
2025-06-14 17:12:28,913 - {'Epoch': 4, 'HR@5': '0.0193', 'NDCG@5': '0.0131', 'HR@10': '0.0321', 'NDCG@10': '0.0173', 'HR@20': '0.0651', 'NDCG@20': '0.0256'}
2025-06-14 17:12:28,915 - EarlyStopping counter: 4 out of 10
2025-06-14 17:12:52,220 - {'epoch': 5, 'rec_loss': '8.4543'}
2025-06-14 17:12:52,908 - {'Epoch': 5, 'HR@5': '0.0220', 'NDCG@5': '0.0140', 'HR@10': '0.0394', 'NDCG@10': '0.0196', 'HR@20': '0.0606', 'NDCG@20': '0.0248'}
2025-06-14 17:12:52,910 - EarlyStopping counter: 5 out of 10
2025-06-14 17:13:16,386 - {'epoch': 6, 'rec_loss': '8.4336'}
2025-06-14 17:13:17,090 - {'Epoch': 6, 'HR@5': '0.0193', 'NDCG@5': '0.0131', 'HR@10': '0.0358', 'NDCG@10': '0.0184', 'HR@20': '0.0642', 'NDCG@20': '0.0255'}
2025-06-14 17:13:17,092 - EarlyStopping counter: 6 out of 10
2025-06-14 17:13:40,653 - {'epoch': 7, 'rec_loss': '8.3830'}
2025-06-14 17:13:41,337 - {'Epoch': 7, 'HR@5': '0.0220', 'NDCG@5': '0.0156', 'HR@10': '0.0376', 'NDCG@10': '0.0207', 'HR@20': '0.0615', 'NDCG@20': '0.0266'}
2025-06-14 17:13:41,339 - EarlyStopping counter: 7 out of 10
2025-06-14 17:14:05,034 - {'epoch': 8, 'rec_loss': '8.3247'}
2025-06-14 17:14:05,766 - {'Epoch': 8, 'HR@5': '0.0229', 'NDCG@5': '0.0134', 'HR@10': '0.0394', 'NDCG@10': '0.0188', 'HR@20': '0.0606', 'NDCG@20': '0.0241'}
2025-06-14 17:14:05,769 - EarlyStopping counter: 8 out of 10
2025-06-14 17:14:29,519 - {'epoch': 9, 'rec_loss': '8.2701'}
2025-06-14 17:14:30,242 - {'Epoch': 9, 'HR@5': '0.0248', 'NDCG@5': '0.0151', 'HR@10': '0.0394', 'NDCG@10': '0.0198', 'HR@20': '0.0596', 'NDCG@20': '0.0249'}
2025-06-14 17:14:30,244 - EarlyStopping counter: 9 out of 10
2025-06-14 17:14:53,969 - {'epoch': 10, 'rec_loss': '8.2149'}
2025-06-14 17:14:54,678 - {'Epoch': 10, 'HR@5': '0.0220', 'NDCG@5': '0.0137', 'HR@10': '0.0404', 'NDCG@10': '0.0198', 'HR@20': '0.0642', 'NDCG@20': '0.0258'}
2025-06-14 17:14:54,681 - EarlyStopping counter: 10 out of 10
2025-06-14 17:14:54,681 - Early stopping
2025-06-14 17:14:54,681 - ---------------Test Score---------------
2025-06-14 17:14:55,369 - {'Epoch': 0, 'HR@5': '0.0284', 'NDCG@5': '0.0199', 'HR@10': '0.0404', 'NDCG@10': '0.0238', 'HR@20': '0.0624', 'NDCG@20': '0.0293'}
2025-06-14 17:14:55,371 - FEARec_LastFM
2025-06-14 17:14:55,371 - {'Epoch': 0, 'HR@5': '0.0284', 'NDCG@5': '0.0199', 'HR@10': '0.0404', 'NDCG@10': '0.0238', 'HR@20': '0.0624', 'NDCG@20': '0.0293'}
2025-06-23 12:38:46,938 - Namespace(data_dir='data/', output_dir='output/', data_name='LastFM', do_val_eval=False, do_eval=False, load_model=None, train_name='FEARec_LastFM', num_items=10, num_users=1091, lr=0.001, batch_size=256, epochs=200, no_cuda=False, log_freq=1, patience=10, num_workers=4, seed=44, weight_decay=0.0, adam_beta1=0.9, adam_beta2=0.999, gpu_id='0', variance=5, model_type='FEARec', max_seq_length=50, hidden_size=64, num_hidden_layers=2, hidden_act='gelu', num_attention_heads=4, attention_probs_dropout_prob=0.5, hidden_dropout_prob=0.5, initializer_range=0.02, tau=1.0, lmd=0.1, lmd_sem=0.1, ssl='us_x', sim='dot', spatial_ratio=0.1, global_ratio=0.6, fredom_type='us_x', fredom='True', cuda_condition=True, data_file='data/LastFM.txt', item_size=3647, checkpoint_path='output/FEARec_LastFM.pt', same_target_path='data/LastFM_same_target.npy')
2025-06-23 12:38:46,958 - FEARecModel(
  (item_embeddings): Embedding(3647, 64, padding_idx=0)
  (position_embeddings): Embedding(50, 64)
  (LayerNorm): LayerNorm()
  (dropout): Dropout(p=0.5, inplace=False)
  (item_encoder): FEARecEncoder(
    (blocks): ModuleList(
      (0): FEARecBlock(
        (layer): FEARecLayer(
          (dropout): Dropout(p=0.1, inplace=False)
          (attn_dropout): Dropout(p=0.5, inplace=False)
          (LayerNorm): LayerNorm()
          (out_dropout): Dropout(p=0.5, inplace=False)
          (dense): Linear(in_features=64, out_features=64, bias=True)
          (query): Linear(in_features=64, out_features=64, bias=True)
          (key): Linear(in_features=64, out_features=64, bias=True)
          (value): Linear(in_features=64, out_features=64, bias=True)
        )
        (feed_forward): FeedForward(
          (dense_1): Linear(in_features=64, out_features=256, bias=True)
          (dense_2): Linear(in_features=256, out_features=64, bias=True)
          (LayerNorm): LayerNorm()
          (dropout): Dropout(p=0.5, inplace=False)
        )
      )
      (1): FEARecBlock(
        (layer): FEARecLayer(
          (dropout): Dropout(p=0.1, inplace=False)
          (attn_dropout): Dropout(p=0.5, inplace=False)
          (LayerNorm): LayerNorm()
          (out_dropout): Dropout(p=0.5, inplace=False)
          (dense): Linear(in_features=64, out_features=64, bias=True)
          (query): Linear(in_features=64, out_features=64, bias=True)
          (key): Linear(in_features=64, out_features=64, bias=True)
          (value): Linear(in_features=64, out_features=64, bias=True)
        )
        (feed_forward): FeedForward(
          (dense_1): Linear(in_features=64, out_features=256, bias=True)
          (dense_2): Linear(in_features=256, out_features=64, bias=True)
          (LayerNorm): LayerNorm()
          (dropout): Dropout(p=0.5, inplace=False)
        )
      )
    )
  )
  (aug_nce_fct): CrossEntropyLoss()
)
2025-06-23 12:38:50,049 - Total Parameters: 336704
2025-06-23 12:39:14,522 - {'epoch': 0, 'rec_loss': '8.8846'}
2025-06-23 12:39:15,170 - {'Epoch': 0, 'HR@5': '0.0193', 'NDCG@5': '0.0121', 'HR@10': '0.0339', 'NDCG@10': '0.0168', 'HR@20': '0.0596', 'NDCG@20': '0.0234'}
2025-06-23 12:39:15,172 - Validation score increased.  Saving model ...
2025-06-23 12:39:38,359 - {'epoch': 1, 'rec_loss': '8.5540'}
2025-06-23 12:39:38,956 - {'Epoch': 1, 'HR@5': '0.0220', 'NDCG@5': '0.0151', 'HR@10': '0.0394', 'NDCG@10': '0.0206', 'HR@20': '0.0624', 'NDCG@20': '0.0264'}
2025-06-23 12:39:38,958 - Validation score increased.  Saving model ...
2025-06-23 12:40:02,132 - {'epoch': 2, 'rec_loss': '8.5079'}
2025-06-23 12:40:02,764 - {'Epoch': 2, 'HR@5': '0.0266', 'NDCG@5': '0.0179', 'HR@10': '0.0376', 'NDCG@10': '0.0214', 'HR@20': '0.0624', 'NDCG@20': '0.0276'}
2025-06-23 12:40:02,766 - Validation score increased.  Saving model ...
2025-06-23 12:40:26,063 - {'epoch': 3, 'rec_loss': '8.4826'}
2025-06-23 12:40:26,708 - {'Epoch': 3, 'HR@5': '0.0165', 'NDCG@5': '0.0105', 'HR@10': '0.0349', 'NDCG@10': '0.0165', 'HR@20': '0.0569', 'NDCG@20': '0.0221'}
2025-06-23 12:40:26,711 - EarlyStopping counter: 1 out of 10
2025-06-23 12:40:50,086 - {'epoch': 4, 'rec_loss': '8.4649'}
2025-06-23 12:40:50,748 - {'Epoch': 4, 'HR@5': '0.0183', 'NDCG@5': '0.0133', 'HR@10': '0.0339', 'NDCG@10': '0.0183', 'HR@20': '0.0615', 'NDCG@20': '0.0253'}
2025-06-23 12:40:50,750 - EarlyStopping counter: 2 out of 10
2025-06-23 12:41:14,132 - {'epoch': 5, 'rec_loss': '8.4503'}
2025-06-23 12:41:14,758 - {'Epoch': 5, 'HR@5': '0.0193', 'NDCG@5': '0.0144', 'HR@10': '0.0376', 'NDCG@10': '0.0204', 'HR@20': '0.0670', 'NDCG@20': '0.0278'}
2025-06-23 12:41:14,760 - Validation score increased.  Saving model ...
2025-06-23 12:41:37,909 - {'epoch': 6, 'rec_loss': '8.4283'}
2025-06-23 12:41:38,534 - {'Epoch': 6, 'HR@5': '0.0229', 'NDCG@5': '0.0139', 'HR@10': '0.0394', 'NDCG@10': '0.0192', 'HR@20': '0.0633', 'NDCG@20': '0.0251'}
2025-06-23 12:41:38,537 - EarlyStopping counter: 1 out of 10
2025-06-23 12:42:01,753 - {'epoch': 7, 'rec_loss': '8.3779'}
2025-06-23 12:42:02,390 - {'Epoch': 7, 'HR@5': '0.0229', 'NDCG@5': '0.0131', 'HR@10': '0.0394', 'NDCG@10': '0.0183', 'HR@20': '0.0624', 'NDCG@20': '0.0241'}
2025-06-23 12:42:02,392 - EarlyStopping counter: 2 out of 10
2025-06-23 12:42:25,568 - {'epoch': 8, 'rec_loss': '8.3165'}
2025-06-23 12:42:26,198 - {'Epoch': 8, 'HR@5': '0.0248', 'NDCG@5': '0.0145', 'HR@10': '0.0404', 'NDCG@10': '0.0195', 'HR@20': '0.0633', 'NDCG@20': '0.0252'}
2025-06-23 12:42:26,200 - EarlyStopping counter: 3 out of 10
2025-06-23 12:42:49,454 - {'epoch': 9, 'rec_loss': '8.2583'}
2025-06-23 12:42:50,096 - {'Epoch': 9, 'HR@5': '0.0248', 'NDCG@5': '0.0150', 'HR@10': '0.0404', 'NDCG@10': '0.0200', 'HR@20': '0.0651', 'NDCG@20': '0.0262'}
2025-06-23 12:42:50,098 - EarlyStopping counter: 4 out of 10
2025-06-23 12:43:13,226 - {'epoch': 10, 'rec_loss': '8.1961'}
2025-06-23 12:43:13,863 - {'Epoch': 10, 'HR@5': '0.0229', 'NDCG@5': '0.0145', 'HR@10': '0.0404', 'NDCG@10': '0.0203', 'HR@20': '0.0642', 'NDCG@20': '0.0263'}
2025-06-23 12:43:13,865 - EarlyStopping counter: 5 out of 10
2025-06-23 12:43:37,020 - {'epoch': 11, 'rec_loss': '8.1365'}
2025-06-23 12:43:37,687 - {'Epoch': 11, 'HR@5': '0.0275', 'NDCG@5': '0.0160', 'HR@10': '0.0413', 'NDCG@10': '0.0205', 'HR@20': '0.0642', 'NDCG@20': '0.0264'}
2025-06-23 12:43:37,690 - EarlyStopping counter: 6 out of 10
2025-06-23 12:44:00,832 - {'epoch': 12, 'rec_loss': '8.0701'}
2025-06-23 12:44:01,474 - {'Epoch': 12, 'HR@5': '0.0294', 'NDCG@5': '0.0174', 'HR@10': '0.0440', 'NDCG@10': '0.0222', 'HR@20': '0.0734', 'NDCG@20': '0.0295'}
2025-06-23 12:44:01,477 - Validation score increased.  Saving model ...
2025-06-23 12:44:24,697 - {'epoch': 13, 'rec_loss': '8.0048'}
2025-06-23 12:44:25,321 - {'Epoch': 13, 'HR@5': '0.0275', 'NDCG@5': '0.0175', 'HR@10': '0.0459', 'NDCG@10': '0.0233', 'HR@20': '0.0743', 'NDCG@20': '0.0304'}
2025-06-23 12:44:25,323 - Validation score increased.  Saving model ...
2025-06-23 12:44:48,510 - {'epoch': 14, 'rec_loss': '7.9384'}
2025-06-23 12:44:49,127 - {'Epoch': 14, 'HR@5': '0.0266', 'NDCG@5': '0.0167', 'HR@10': '0.0450', 'NDCG@10': '0.0227', 'HR@20': '0.0771', 'NDCG@20': '0.0309'}
2025-06-23 12:44:49,129 - Validation score increased.  Saving model ...
2025-06-23 12:45:12,292 - {'epoch': 15, 'rec_loss': '7.8676'}
2025-06-23 12:45:12,968 - {'Epoch': 15, 'HR@5': '0.0330', 'NDCG@5': '0.0220', 'HR@10': '0.0550', 'NDCG@10': '0.0292', 'HR@20': '0.0881', 'NDCG@20': '0.0374'}
2025-06-23 12:45:12,970 - Validation score increased.  Saving model ...
2025-06-23 12:45:36,172 - {'epoch': 16, 'rec_loss': '7.7986'}
2025-06-23 12:45:36,817 - {'Epoch': 16, 'HR@5': '0.0330', 'NDCG@5': '0.0211', 'HR@10': '0.0541', 'NDCG@10': '0.0281', 'HR@20': '0.0881', 'NDCG@20': '0.0366'}
2025-06-23 12:45:36,820 - EarlyStopping counter: 1 out of 10
2025-06-23 12:45:59,972 - {'epoch': 17, 'rec_loss': '7.7349'}
2025-06-23 12:46:00,604 - {'Epoch': 17, 'HR@5': '0.0330', 'NDCG@5': '0.0229', 'HR@10': '0.0606', 'NDCG@10': '0.0321', 'HR@20': '0.0982', 'NDCG@20': '0.0415'}
2025-06-23 12:46:00,607 - Validation score increased.  Saving model ...
2025-06-23 12:46:23,872 - {'epoch': 18, 'rec_loss': '7.6720'}
2025-06-23 12:46:24,505 - {'Epoch': 18, 'HR@5': '0.0385', 'NDCG@5': '0.0238', 'HR@10': '0.0688', 'NDCG@10': '0.0333', 'HR@20': '0.0936', 'NDCG@20': '0.0397'}
2025-06-23 12:46:24,507 - EarlyStopping counter: 1 out of 10
2025-06-23 12:46:47,689 - {'epoch': 19, 'rec_loss': '7.6123'}
2025-06-23 12:46:48,334 - {'Epoch': 19, 'HR@5': '0.0440', 'NDCG@5': '0.0281', 'HR@10': '0.0679', 'NDCG@10': '0.0358', 'HR@20': '0.1028', 'NDCG@20': '0.0445'}
2025-06-23 12:46:48,336 - Validation score increased.  Saving model ...
2025-06-23 12:47:11,443 - {'epoch': 20, 'rec_loss': '7.5503'}
2025-06-23 12:47:12,080 - {'Epoch': 20, 'HR@5': '0.0468', 'NDCG@5': '0.0294', 'HR@10': '0.0633', 'NDCG@10': '0.0345', 'HR@20': '0.0972', 'NDCG@20': '0.0432'}
2025-06-23 12:47:12,082 - EarlyStopping counter: 1 out of 10
2025-06-23 12:47:35,253 - {'epoch': 21, 'rec_loss': '7.5006'}
2025-06-23 12:47:35,893 - {'Epoch': 21, 'HR@5': '0.0523', 'NDCG@5': '0.0313', 'HR@10': '0.0706', 'NDCG@10': '0.0372', 'HR@20': '0.1055', 'NDCG@20': '0.0461'}
2025-06-23 12:47:35,895 - Validation score increased.  Saving model ...
2025-06-23 12:47:59,069 - {'epoch': 22, 'rec_loss': '7.4413'}
2025-06-23 12:47:59,700 - {'Epoch': 22, 'HR@5': '0.0477', 'NDCG@5': '0.0309', 'HR@10': '0.0734', 'NDCG@10': '0.0392', 'HR@20': '0.1028', 'NDCG@20': '0.0466'}
2025-06-23 12:47:59,703 - Validation score increased.  Saving model ...
2025-06-23 12:48:22,852 - {'epoch': 23, 'rec_loss': '7.3855'}
2025-06-23 12:48:23,485 - {'Epoch': 23, 'HR@5': '0.0541', 'NDCG@5': '0.0343', 'HR@10': '0.0771', 'NDCG@10': '0.0418', 'HR@20': '0.1064', 'NDCG@20': '0.0492'}
2025-06-23 12:48:23,487 - Validation score increased.  Saving model ...
2025-06-23 12:48:46,661 - {'epoch': 24, 'rec_loss': '7.3297'}
2025-06-23 12:48:47,291 - {'Epoch': 24, 'HR@5': '0.0486', 'NDCG@5': '0.0324', 'HR@10': '0.0752', 'NDCG@10': '0.0408', 'HR@20': '0.1101', 'NDCG@20': '0.0495'}
2025-06-23 12:48:47,293 - Validation score increased.  Saving model ...
2025-06-23 12:49:10,523 - {'epoch': 25, 'rec_loss': '7.2828'}
2025-06-23 12:49:11,178 - {'Epoch': 25, 'HR@5': '0.0532', 'NDCG@5': '0.0349', 'HR@10': '0.0771', 'NDCG@10': '0.0427', 'HR@20': '0.1046', 'NDCG@20': '0.0497'}
2025-06-23 12:49:11,181 - Validation score increased.  Saving model ...
2025-06-23 12:49:34,383 - {'epoch': 26, 'rec_loss': '7.2302'}
2025-06-23 12:49:35,022 - {'Epoch': 26, 'HR@5': '0.0569', 'NDCG@5': '0.0346', 'HR@10': '0.0789', 'NDCG@10': '0.0417', 'HR@20': '0.1101', 'NDCG@20': '0.0495'}
2025-06-23 12:49:35,025 - EarlyStopping counter: 1 out of 10
2025-06-23 12:49:58,136 - {'epoch': 27, 'rec_loss': '7.1843'}
2025-06-23 12:49:58,789 - {'Epoch': 27, 'HR@5': '0.0587', 'NDCG@5': '0.0366', 'HR@10': '0.0807', 'NDCG@10': '0.0437', 'HR@20': '0.1147', 'NDCG@20': '0.0523'}
2025-06-23 12:49:58,791 - Validation score increased.  Saving model ...
2025-06-23 12:50:22,058 - {'epoch': 28, 'rec_loss': '7.1346'}
2025-06-23 12:50:22,667 - {'Epoch': 28, 'HR@5': '0.0514', 'NDCG@5': '0.0327', 'HR@10': '0.0798', 'NDCG@10': '0.0418', 'HR@20': '0.1147', 'NDCG@20': '0.0506'}
2025-06-23 12:50:22,670 - EarlyStopping counter: 1 out of 10
2025-06-23 12:50:45,903 - {'epoch': 29, 'rec_loss': '7.0912'}
2025-06-23 12:50:46,513 - {'Epoch': 29, 'HR@5': '0.0514', 'NDCG@5': '0.0323', 'HR@10': '0.0789', 'NDCG@10': '0.0412', 'HR@20': '0.1211', 'NDCG@20': '0.0518'}
2025-06-23 12:50:46,515 - EarlyStopping counter: 2 out of 10
2025-06-23 12:51:09,683 - {'epoch': 30, 'rec_loss': '7.0510'}
2025-06-23 12:51:10,305 - {'Epoch': 30, 'HR@5': '0.0587', 'NDCG@5': '0.0360', 'HR@10': '0.0835', 'NDCG@10': '0.0439', 'HR@20': '0.1138', 'NDCG@20': '0.0515'}
2025-06-23 12:51:10,307 - EarlyStopping counter: 3 out of 10
2025-06-23 12:51:33,449 - {'epoch': 31, 'rec_loss': '6.9980'}
2025-06-23 12:51:34,087 - {'Epoch': 31, 'HR@5': '0.0587', 'NDCG@5': '0.0358', 'HR@10': '0.0798', 'NDCG@10': '0.0426', 'HR@20': '0.1128', 'NDCG@20': '0.0510'}
2025-06-23 12:51:34,089 - EarlyStopping counter: 4 out of 10
2025-06-23 12:51:57,231 - {'epoch': 32, 'rec_loss': '6.9664'}
2025-06-23 12:51:57,879 - {'Epoch': 32, 'HR@5': '0.0569', 'NDCG@5': '0.0366', 'HR@10': '0.0771', 'NDCG@10': '0.0431', 'HR@20': '0.1202', 'NDCG@20': '0.0541'}
2025-06-23 12:51:57,881 - Validation score increased.  Saving model ...
2025-06-23 12:52:21,098 - {'epoch': 33, 'rec_loss': '6.9247'}
2025-06-23 12:52:21,760 - {'Epoch': 33, 'HR@5': '0.0615', 'NDCG@5': '0.0372', 'HR@10': '0.0835', 'NDCG@10': '0.0442', 'HR@20': '0.1229', 'NDCG@20': '0.0542'}
2025-06-23 12:52:21,762 - Validation score increased.  Saving model ...
2025-06-23 12:52:44,944 - {'epoch': 34, 'rec_loss': '6.8898'}
2025-06-23 12:52:45,575 - {'Epoch': 34, 'HR@5': '0.0541', 'NDCG@5': '0.0338', 'HR@10': '0.0807', 'NDCG@10': '0.0424', 'HR@20': '0.1220', 'NDCG@20': '0.0528'}
2025-06-23 12:52:45,577 - EarlyStopping counter: 1 out of 10
2025-06-23 12:53:08,738 - {'epoch': 35, 'rec_loss': '6.8507'}
2025-06-23 12:53:09,382 - {'Epoch': 35, 'HR@5': '0.0596', 'NDCG@5': '0.0374', 'HR@10': '0.0817', 'NDCG@10': '0.0444', 'HR@20': '0.1202', 'NDCG@20': '0.0542'}
2025-06-23 12:53:09,384 - EarlyStopping counter: 2 out of 10
2025-06-23 12:53:32,562 - {'epoch': 36, 'rec_loss': '6.8121'}
2025-06-23 12:53:33,204 - {'Epoch': 36, 'HR@5': '0.0587', 'NDCG@5': '0.0381', 'HR@10': '0.0917', 'NDCG@10': '0.0486', 'HR@20': '0.1294', 'NDCG@20': '0.0581'}
2025-06-23 12:53:33,206 - Validation score increased.  Saving model ...
2025-06-23 12:53:56,370 - {'epoch': 37, 'rec_loss': '6.7759'}
2025-06-23 12:53:56,993 - {'Epoch': 37, 'HR@5': '0.0633', 'NDCG@5': '0.0386', 'HR@10': '0.0881', 'NDCG@10': '0.0466', 'HR@20': '0.1303', 'NDCG@20': '0.0572'}
2025-06-23 12:53:56,996 - EarlyStopping counter: 1 out of 10
2025-06-23 12:54:20,232 - {'epoch': 38, 'rec_loss': '6.7471'}
2025-06-23 12:54:20,877 - {'Epoch': 38, 'HR@5': '0.0569', 'NDCG@5': '0.0368', 'HR@10': '0.0872', 'NDCG@10': '0.0463', 'HR@20': '0.1266', 'NDCG@20': '0.0563'}
2025-06-23 12:54:20,879 - EarlyStopping counter: 2 out of 10
2025-06-23 12:54:44,087 - {'epoch': 39, 'rec_loss': '6.7167'}
2025-06-23 12:54:44,725 - {'Epoch': 39, 'HR@5': '0.0606', 'NDCG@5': '0.0377', 'HR@10': '0.0899', 'NDCG@10': '0.0471', 'HR@20': '0.1284', 'NDCG@20': '0.0569'}
2025-06-23 12:54:44,727 - EarlyStopping counter: 3 out of 10
2025-06-23 12:55:07,898 - {'epoch': 40, 'rec_loss': '6.6840'}
2025-06-23 12:55:08,494 - {'Epoch': 40, 'HR@5': '0.0606', 'NDCG@5': '0.0386', 'HR@10': '0.0917', 'NDCG@10': '0.0486', 'HR@20': '0.1257', 'NDCG@20': '0.0573'}
2025-06-23 12:55:08,496 - EarlyStopping counter: 4 out of 10
2025-06-23 12:55:31,702 - {'epoch': 41, 'rec_loss': '6.6564'}
2025-06-23 12:55:32,339 - {'Epoch': 41, 'HR@5': '0.0587', 'NDCG@5': '0.0370', 'HR@10': '0.0908', 'NDCG@10': '0.0472', 'HR@20': '0.1239', 'NDCG@20': '0.0556'}
2025-06-23 12:55:32,341 - EarlyStopping counter: 5 out of 10
2025-06-23 12:55:55,509 - {'epoch': 42, 'rec_loss': '6.6187'}
2025-06-23 12:55:56,148 - {'Epoch': 42, 'HR@5': '0.0624', 'NDCG@5': '0.0392', 'HR@10': '0.0862', 'NDCG@10': '0.0470', 'HR@20': '0.1284', 'NDCG@20': '0.0577'}
2025-06-23 12:55:56,151 - EarlyStopping counter: 6 out of 10
2025-06-23 12:56:19,475 - {'epoch': 43, 'rec_loss': '6.5963'}
2025-06-23 12:56:20,107 - {'Epoch': 43, 'HR@5': '0.0606', 'NDCG@5': '0.0386', 'HR@10': '0.0954', 'NDCG@10': '0.0498', 'HR@20': '0.1303', 'NDCG@20': '0.0585'}
2025-06-23 12:56:20,109 - Validation score increased.  Saving model ...
2025-06-23 12:56:43,387 - {'epoch': 44, 'rec_loss': '6.5686'}
2025-06-23 12:56:44,047 - {'Epoch': 44, 'HR@5': '0.0596', 'NDCG@5': '0.0376', 'HR@10': '0.0945', 'NDCG@10': '0.0489', 'HR@20': '0.1312', 'NDCG@20': '0.0580'}
2025-06-23 12:56:44,049 - EarlyStopping counter: 1 out of 10
2025-06-23 12:57:07,275 - {'epoch': 45, 'rec_loss': '6.5409'}
2025-06-23 12:57:07,950 - {'Epoch': 45, 'HR@5': '0.0642', 'NDCG@5': '0.0405', 'HR@10': '0.0899', 'NDCG@10': '0.0487', 'HR@20': '0.1275', 'NDCG@20': '0.0583'}
2025-06-23 12:57:07,952 - EarlyStopping counter: 2 out of 10
2025-06-23 12:57:31,141 - {'epoch': 46, 'rec_loss': '6.5124'}
2025-06-23 12:57:31,808 - {'Epoch': 46, 'HR@5': '0.0670', 'NDCG@5': '0.0419', 'HR@10': '0.0945', 'NDCG@10': '0.0507', 'HR@20': '0.1284', 'NDCG@20': '0.0591'}
2025-06-23 12:57:31,810 - Validation score increased.  Saving model ...
2025-06-23 12:57:54,974 - {'epoch': 47, 'rec_loss': '6.4838'}
2025-06-23 12:57:55,631 - {'Epoch': 47, 'HR@5': '0.0624', 'NDCG@5': '0.0385', 'HR@10': '0.0908', 'NDCG@10': '0.0479', 'HR@20': '0.1303', 'NDCG@20': '0.0580'}
2025-06-23 12:57:55,634 - EarlyStopping counter: 1 out of 10
2025-06-23 12:58:18,762 - {'epoch': 48, 'rec_loss': '6.4639'}
2025-06-23 12:58:19,413 - {'Epoch': 48, 'HR@5': '0.0706', 'NDCG@5': '0.0435', 'HR@10': '0.0954', 'NDCG@10': '0.0517', 'HR@20': '0.1339', 'NDCG@20': '0.0614'}
2025-06-23 12:58:19,415 - Validation score increased.  Saving model ...
2025-06-23 12:58:42,604 - {'epoch': 49, 'rec_loss': '6.4396'}
2025-06-23 12:58:43,266 - {'Epoch': 49, 'HR@5': '0.0651', 'NDCG@5': '0.0412', 'HR@10': '0.0917', 'NDCG@10': '0.0497', 'HR@20': '0.1275', 'NDCG@20': '0.0588'}
2025-06-23 12:58:43,268 - EarlyStopping counter: 1 out of 10
2025-06-23 12:59:06,403 - {'epoch': 50, 'rec_loss': '6.4120'}
2025-06-23 12:59:07,069 - {'Epoch': 50, 'HR@5': '0.0725', 'NDCG@5': '0.0453', 'HR@10': '0.0954', 'NDCG@10': '0.0525', 'HR@20': '0.1339', 'NDCG@20': '0.0623'}
2025-06-23 12:59:07,072 - Validation score increased.  Saving model ...
2025-06-23 12:59:30,326 - {'epoch': 51, 'rec_loss': '6.3963'}
2025-06-23 12:59:31,012 - {'Epoch': 51, 'HR@5': '0.0679', 'NDCG@5': '0.0426', 'HR@10': '0.0936', 'NDCG@10': '0.0510', 'HR@20': '0.1330', 'NDCG@20': '0.0610'}
2025-06-23 12:59:31,014 - EarlyStopping counter: 1 out of 10
2025-06-23 12:59:54,229 - {'epoch': 52, 'rec_loss': '6.3713'}
2025-06-23 12:59:54,884 - {'Epoch': 52, 'HR@5': '0.0679', 'NDCG@5': '0.0436', 'HR@10': '0.0963', 'NDCG@10': '0.0527', 'HR@20': '0.1312', 'NDCG@20': '0.0614'}
2025-06-23 12:59:54,886 - EarlyStopping counter: 2 out of 10
2025-06-23 13:00:18,065 - {'epoch': 53, 'rec_loss': '6.3526'}
2025-06-23 13:00:18,744 - {'Epoch': 53, 'HR@5': '0.0670', 'NDCG@5': '0.0419', 'HR@10': '0.0917', 'NDCG@10': '0.0500', 'HR@20': '0.1321', 'NDCG@20': '0.0601'}
2025-06-23 13:00:18,747 - EarlyStopping counter: 3 out of 10
2025-06-23 13:00:41,880 - {'epoch': 54, 'rec_loss': '6.3248'}
2025-06-23 13:00:42,534 - {'Epoch': 54, 'HR@5': '0.0688', 'NDCG@5': '0.0426', 'HR@10': '0.0954', 'NDCG@10': '0.0512', 'HR@20': '0.1394', 'NDCG@20': '0.0624'}
2025-06-23 13:00:42,537 - Validation score increased.  Saving model ...
2025-06-23 13:01:05,770 - {'epoch': 55, 'rec_loss': '6.3118'}
2025-06-23 13:01:06,462 - {'Epoch': 55, 'HR@5': '0.0670', 'NDCG@5': '0.0421', 'HR@10': '0.0954', 'NDCG@10': '0.0514', 'HR@20': '0.1284', 'NDCG@20': '0.0599'}
2025-06-23 13:01:06,465 - EarlyStopping counter: 1 out of 10
2025-06-23 13:01:29,723 - {'epoch': 56, 'rec_loss': '6.2925'}
2025-06-23 13:01:30,389 - {'Epoch': 56, 'HR@5': '0.0633', 'NDCG@5': '0.0407', 'HR@10': '0.0991', 'NDCG@10': '0.0523', 'HR@20': '0.1394', 'NDCG@20': '0.0624'}
2025-06-23 13:01:30,392 - Validation score increased.  Saving model ...
2025-06-23 13:01:53,556 - {'epoch': 57, 'rec_loss': '6.2747'}
2025-06-23 13:01:54,234 - {'Epoch': 57, 'HR@5': '0.0670', 'NDCG@5': '0.0423', 'HR@10': '0.0945', 'NDCG@10': '0.0513', 'HR@20': '0.1339', 'NDCG@20': '0.0612'}
2025-06-23 13:01:54,236 - EarlyStopping counter: 1 out of 10
2025-06-23 13:02:17,420 - {'epoch': 58, 'rec_loss': '6.2478'}
2025-06-23 13:02:18,082 - {'Epoch': 58, 'HR@5': '0.0716', 'NDCG@5': '0.0426', 'HR@10': '0.0963', 'NDCG@10': '0.0505', 'HR@20': '0.1385', 'NDCG@20': '0.0611'}
2025-06-23 13:02:18,085 - EarlyStopping counter: 2 out of 10
2025-06-23 13:02:41,264 - {'epoch': 59, 'rec_loss': '6.2300'}
2025-06-23 13:02:41,924 - {'Epoch': 59, 'HR@5': '0.0651', 'NDCG@5': '0.0415', 'HR@10': '0.0945', 'NDCG@10': '0.0511', 'HR@20': '0.1376', 'NDCG@20': '0.0620'}
2025-06-23 13:02:41,927 - EarlyStopping counter: 3 out of 10
2025-06-23 13:03:05,157 - {'epoch': 60, 'rec_loss': '6.2243'}
2025-06-23 13:03:05,835 - {'Epoch': 60, 'HR@5': '0.0651', 'NDCG@5': '0.0426', 'HR@10': '0.0954', 'NDCG@10': '0.0525', 'HR@20': '0.1330', 'NDCG@20': '0.0619'}
2025-06-23 13:03:05,837 - EarlyStopping counter: 4 out of 10
2025-06-23 13:03:29,074 - {'epoch': 61, 'rec_loss': '6.1995'}
2025-06-23 13:03:29,734 - {'Epoch': 61, 'HR@5': '0.0606', 'NDCG@5': '0.0407', 'HR@10': '0.0963', 'NDCG@10': '0.0523', 'HR@20': '0.1385', 'NDCG@20': '0.0630'}
2025-06-23 13:03:29,737 - Validation score increased.  Saving model ...
2025-06-23 13:03:53,032 - {'epoch': 62, 'rec_loss': '6.1746'}
2025-06-23 13:03:53,643 - {'Epoch': 62, 'HR@5': '0.0633', 'NDCG@5': '0.0399', 'HR@10': '0.0927', 'NDCG@10': '0.0493', 'HR@20': '0.1376', 'NDCG@20': '0.0606'}
2025-06-23 13:03:53,646 - EarlyStopping counter: 1 out of 10
2025-06-23 13:04:16,876 - {'epoch': 63, 'rec_loss': '6.1701'}
2025-06-23 13:04:17,505 - {'Epoch': 63, 'HR@5': '0.0670', 'NDCG@5': '0.0421', 'HR@10': '0.0982', 'NDCG@10': '0.0520', 'HR@20': '0.1358', 'NDCG@20': '0.0615'}
2025-06-23 13:04:17,508 - EarlyStopping counter: 2 out of 10
2025-06-23 13:04:40,678 - {'epoch': 64, 'rec_loss': '6.1523'}
2025-06-23 13:04:41,296 - {'Epoch': 64, 'HR@5': '0.0679', 'NDCG@5': '0.0420', 'HR@10': '0.0936', 'NDCG@10': '0.0503', 'HR@20': '0.1385', 'NDCG@20': '0.0616'}
2025-06-23 13:04:41,299 - EarlyStopping counter: 3 out of 10
2025-06-23 13:05:04,483 - {'epoch': 65, 'rec_loss': '6.1333'}
2025-06-23 13:05:05,100 - {'Epoch': 65, 'HR@5': '0.0670', 'NDCG@5': '0.0426', 'HR@10': '0.0927', 'NDCG@10': '0.0509', 'HR@20': '0.1339', 'NDCG@20': '0.0612'}
2025-06-23 13:05:05,104 - EarlyStopping counter: 4 out of 10
2025-06-23 13:05:28,278 - {'epoch': 66, 'rec_loss': '6.1191'}
2025-06-23 13:05:28,900 - {'Epoch': 66, 'HR@5': '0.0661', 'NDCG@5': '0.0410', 'HR@10': '0.0954', 'NDCG@10': '0.0505', 'HR@20': '0.1349', 'NDCG@20': '0.0603'}
2025-06-23 13:05:28,902 - EarlyStopping counter: 5 out of 10
2025-06-23 13:05:52,120 - {'epoch': 67, 'rec_loss': '6.1034'}
2025-06-23 13:05:52,739 - {'Epoch': 67, 'HR@5': '0.0642', 'NDCG@5': '0.0410', 'HR@10': '0.0917', 'NDCG@10': '0.0500', 'HR@20': '0.1349', 'NDCG@20': '0.0608'}
2025-06-23 13:05:52,741 - EarlyStopping counter: 6 out of 10
2025-06-23 13:06:16,005 - {'epoch': 68, 'rec_loss': '6.0908'}
2025-06-23 13:06:16,640 - {'Epoch': 68, 'HR@5': '0.0642', 'NDCG@5': '0.0409', 'HR@10': '0.0954', 'NDCG@10': '0.0508', 'HR@20': '0.1376', 'NDCG@20': '0.0613'}
2025-06-23 13:06:16,642 - EarlyStopping counter: 7 out of 10
2025-06-23 13:06:39,763 - {'epoch': 69, 'rec_loss': '6.0727'}
2025-06-23 13:06:40,403 - {'Epoch': 69, 'HR@5': '0.0606', 'NDCG@5': '0.0399', 'HR@10': '0.0963', 'NDCG@10': '0.0515', 'HR@20': '0.1339', 'NDCG@20': '0.0610'}
2025-06-23 13:06:40,406 - EarlyStopping counter: 8 out of 10
2025-06-23 13:07:03,531 - {'epoch': 70, 'rec_loss': '6.0530'}
2025-06-23 13:07:04,176 - {'Epoch': 70, 'HR@5': '0.0651', 'NDCG@5': '0.0410', 'HR@10': '0.0908', 'NDCG@10': '0.0492', 'HR@20': '0.1376', 'NDCG@20': '0.0610'}
2025-06-23 13:07:04,178 - EarlyStopping counter: 9 out of 10
2025-06-23 13:07:27,330 - {'epoch': 71, 'rec_loss': '6.0397'}
2025-06-23 13:07:27,965 - {'Epoch': 71, 'HR@5': '0.0624', 'NDCG@5': '0.0394', 'HR@10': '0.0945', 'NDCG@10': '0.0498', 'HR@20': '0.1339', 'NDCG@20': '0.0597'}
2025-06-23 13:07:27,967 - EarlyStopping counter: 10 out of 10
2025-06-23 13:07:27,968 - Early stopping
2025-06-23 13:07:27,968 - ---------------Test Score---------------
2025-06-23 13:07:28,600 - {'Epoch': 0, 'HR@5': '0.0486', 'NDCG@5': '0.0328', 'HR@10': '0.0725', 'NDCG@10': '0.0406', 'HR@20': '0.1018', 'NDCG@20': '0.0479'}
2025-06-23 13:07:28,603 - FEARec_LastFM
2025-06-23 13:07:28,603 - {'Epoch': 0, 'HR@5': '0.0486', 'NDCG@5': '0.0328', 'HR@10': '0.0725', 'NDCG@10': '0.0406', 'HR@20': '0.1018', 'NDCG@20': '0.0479'}
