2025-06-19 19:31:52,034 - Namespace(data_dir='data/', output_dir='output/SASRec/', data_name='LastFM', do_eval=False, load_model=None, train_name='SASRec_LastFM_43', num_items=10, num_users=1091, lr=0.001, batch_size=256, epochs=200, no_cuda=False, log_freq=1, patience=10, num_workers=4, seed=43, weight_decay=0.0, adam_beta1=0.9, adam_beta2=0.999, gpu_id='0', variance=5, model_type='SASRec', max_seq_length=50, hidden_size=64, num_hidden_layers=2, hidden_act='gelu', num_attention_heads=4, attention_probs_dropout_prob=0.5, hidden_dropout_prob=0.5, initializer_range=0.02, cuda_condition=True, data_file='data/LastFM.txt', item_size=3647, checkpoint_path='output/SASRec/SASRec_LastFM_43.pt', same_target_path='data/LastFM_same_target.npy')
2025-06-19 19:31:52,049 - SASRecModel(
  (item_embeddings): Embedding(3647, 64, padding_idx=0)
  (position_embeddings): Embedding(50, 64)
  (LayerNorm): LayerNorm()
  (dropout): Dropout(p=0.5, inplace=False)
  (item_encoder): TransformerEncoder(
    (blocks): ModuleList(
      (0): TransformerBlock(
        (layer): MultiHeadAttention(
          (query): Linear(in_features=64, out_features=64, bias=True)
          (key): Linear(in_features=64, out_features=64, bias=True)
          (value): Linear(in_features=64, out_features=64, bias=True)
          (softmax): Softmax(dim=-1)
          (attn_dropout): Dropout(p=0.5, inplace=False)
          (dense): Linear(in_features=64, out_features=64, bias=True)
          (LayerNorm): LayerNorm((64,), eps=1e-12, elementwise_affine=True)
          (out_dropout): Dropout(p=0.5, inplace=False)
        )
        (feed_forward): FeedForward(
          (dense_1): Linear(in_features=64, out_features=256, bias=True)
          (dense_2): Linear(in_features=256, out_features=64, bias=True)
          (LayerNorm): LayerNorm()
          (dropout): Dropout(p=0.5, inplace=False)
        )
      )
      (1): TransformerBlock(
        (layer): MultiHeadAttention(
          (query): Linear(in_features=64, out_features=64, bias=True)
          (key): Linear(in_features=64, out_features=64, bias=True)
          (value): Linear(in_features=64, out_features=64, bias=True)
          (softmax): Softmax(dim=-1)
          (attn_dropout): Dropout(p=0.5, inplace=False)
          (dense): Linear(in_features=64, out_features=64, bias=True)
          (LayerNorm): LayerNorm((64,), eps=1e-12, elementwise_affine=True)
          (out_dropout): Dropout(p=0.5, inplace=False)
        )
        (feed_forward): FeedForward(
          (dense_1): Linear(in_features=64, out_features=256, bias=True)
          (dense_2): Linear(in_features=256, out_features=64, bias=True)
          (LayerNorm): LayerNorm()
          (dropout): Dropout(p=0.5, inplace=False)
        )
      )
    )
  )
)
2025-06-19 19:31:55,170 - Total Parameters: 336704
2025-06-19 19:31:57,500 - {'epoch': 0, 'rec_loss': '1.3337'}
2025-06-19 19:31:57,991 - {'Epoch': 0, 'HR@5': '0.0202', 'NDCG@5': '0.0105', 'HR@10': '0.0330', 'NDCG@10': '0.0148', 'HR@20': '0.0578', 'NDCG@20': '0.0211'}
2025-06-19 19:31:57,991 - Validation score increased.  Saving model ...
2025-06-19 19:31:59,495 - {'epoch': 1, 'rec_loss': '1.2200'}
2025-06-19 19:32:00,036 - {'Epoch': 1, 'HR@5': '0.0165', 'NDCG@5': '0.0117', 'HR@10': '0.0284', 'NDCG@10': '0.0155', 'HR@20': '0.0523', 'NDCG@20': '0.0215'}
2025-06-19 19:32:00,037 - Validation score increased.  Saving model ...
2025-06-19 19:32:01,525 - {'epoch': 2, 'rec_loss': '1.1401'}
2025-06-19 19:32:02,083 - {'Epoch': 2, 'HR@5': '0.0202', 'NDCG@5': '0.0120', 'HR@10': '0.0312', 'NDCG@10': '0.0156', 'HR@20': '0.0541', 'NDCG@20': '0.0213'}
2025-06-19 19:32:02,084 - EarlyStopping counter: 1 out of 10
2025-06-19 19:32:03,585 - {'epoch': 3, 'rec_loss': '1.0809'}
2025-06-19 19:32:04,103 - {'Epoch': 3, 'HR@5': '0.0165', 'NDCG@5': '0.0106', 'HR@10': '0.0312', 'NDCG@10': '0.0153', 'HR@20': '0.0495', 'NDCG@20': '0.0200'}
2025-06-19 19:32:04,104 - EarlyStopping counter: 2 out of 10
2025-06-19 19:32:05,623 - {'epoch': 4, 'rec_loss': '1.0241'}
2025-06-19 19:32:06,159 - {'Epoch': 4, 'HR@5': '0.0229', 'NDCG@5': '0.0126', 'HR@10': '0.0404', 'NDCG@10': '0.0181', 'HR@20': '0.0541', 'NDCG@20': '0.0216'}
2025-06-19 19:32:06,160 - Validation score increased.  Saving model ...
2025-06-19 19:32:07,683 - {'epoch': 5, 'rec_loss': '0.9674'}
2025-06-19 19:32:08,198 - {'Epoch': 5, 'HR@5': '0.0220', 'NDCG@5': '0.0147', 'HR@10': '0.0404', 'NDCG@10': '0.0207', 'HR@20': '0.0624', 'NDCG@20': '0.0262'}
2025-06-19 19:32:08,199 - Validation score increased.  Saving model ...
2025-06-19 19:32:09,744 - {'epoch': 6, 'rec_loss': '0.9139'}
2025-06-19 19:32:10,272 - {'Epoch': 6, 'HR@5': '0.0266', 'NDCG@5': '0.0173', 'HR@10': '0.0495', 'NDCG@10': '0.0247', 'HR@20': '0.0725', 'NDCG@20': '0.0304'}
2025-06-19 19:32:10,272 - Validation score increased.  Saving model ...
2025-06-19 19:32:11,775 - {'epoch': 7, 'rec_loss': '0.8602'}
2025-06-19 19:32:12,301 - {'Epoch': 7, 'HR@5': '0.0321', 'NDCG@5': '0.0187', 'HR@10': '0.0560', 'NDCG@10': '0.0264', 'HR@20': '0.0826', 'NDCG@20': '0.0331'}
2025-06-19 19:32:12,301 - Validation score increased.  Saving model ...
2025-06-19 19:32:13,861 - {'epoch': 8, 'rec_loss': '0.8167'}
2025-06-19 19:32:14,377 - {'Epoch': 8, 'HR@5': '0.0321', 'NDCG@5': '0.0201', 'HR@10': '0.0477', 'NDCG@10': '0.0252', 'HR@20': '0.0835', 'NDCG@20': '0.0342'}
2025-06-19 19:32:14,378 - Validation score increased.  Saving model ...
2025-06-19 19:32:15,889 - {'epoch': 9, 'rec_loss': '0.7764'}
2025-06-19 19:32:16,416 - {'Epoch': 9, 'HR@5': '0.0358', 'NDCG@5': '0.0227', 'HR@10': '0.0578', 'NDCG@10': '0.0297', 'HR@20': '0.0872', 'NDCG@20': '0.0370'}
2025-06-19 19:32:16,417 - Validation score increased.  Saving model ...
2025-06-19 19:32:17,920 - {'epoch': 10, 'rec_loss': '0.7405'}
2025-06-19 19:32:18,433 - {'Epoch': 10, 'HR@5': '0.0321', 'NDCG@5': '0.0204', 'HR@10': '0.0523', 'NDCG@10': '0.0269', 'HR@20': '0.0844', 'NDCG@20': '0.0350'}
2025-06-19 19:32:18,434 - EarlyStopping counter: 1 out of 10
2025-06-19 19:32:19,935 - {'epoch': 11, 'rec_loss': '0.7025'}
2025-06-19 19:32:20,467 - {'Epoch': 11, 'HR@5': '0.0358', 'NDCG@5': '0.0232', 'HR@10': '0.0615', 'NDCG@10': '0.0314', 'HR@20': '0.1000', 'NDCG@20': '0.0411'}
2025-06-19 19:32:20,468 - Validation score increased.  Saving model ...
2025-06-19 19:32:21,959 - {'epoch': 12, 'rec_loss': '0.6770'}
2025-06-19 19:32:22,474 - {'Epoch': 12, 'HR@5': '0.0367', 'NDCG@5': '0.0230', 'HR@10': '0.0651', 'NDCG@10': '0.0320', 'HR@20': '0.0963', 'NDCG@20': '0.0399'}
2025-06-19 19:32:22,474 - EarlyStopping counter: 1 out of 10
2025-06-19 19:32:23,969 - {'epoch': 13, 'rec_loss': '0.6387'}
2025-06-19 19:32:24,521 - {'Epoch': 13, 'HR@5': '0.0367', 'NDCG@5': '0.0233', 'HR@10': '0.0624', 'NDCG@10': '0.0314', 'HR@20': '0.0991', 'NDCG@20': '0.0407'}
2025-06-19 19:32:24,522 - EarlyStopping counter: 2 out of 10
2025-06-19 19:32:26,047 - {'epoch': 14, 'rec_loss': '0.6200'}
2025-06-19 19:32:26,583 - {'Epoch': 14, 'HR@5': '0.0385', 'NDCG@5': '0.0266', 'HR@10': '0.0633', 'NDCG@10': '0.0348', 'HR@20': '0.1046', 'NDCG@20': '0.0452'}
2025-06-19 19:32:26,584 - Validation score increased.  Saving model ...
2025-06-19 19:32:28,086 - {'epoch': 15, 'rec_loss': '0.5915'}
2025-06-19 19:32:28,630 - {'Epoch': 15, 'HR@5': '0.0468', 'NDCG@5': '0.0303', 'HR@10': '0.0661', 'NDCG@10': '0.0366', 'HR@20': '0.1000', 'NDCG@20': '0.0451'}
2025-06-19 19:32:28,631 - EarlyStopping counter: 1 out of 10
2025-06-19 19:32:30,125 - {'epoch': 16, 'rec_loss': '0.5731'}
2025-06-19 19:32:30,638 - {'Epoch': 16, 'HR@5': '0.0358', 'NDCG@5': '0.0233', 'HR@10': '0.0651', 'NDCG@10': '0.0326', 'HR@20': '0.1000', 'NDCG@20': '0.0413'}
2025-06-19 19:32:30,639 - EarlyStopping counter: 2 out of 10
2025-06-19 19:32:32,098 - {'epoch': 17, 'rec_loss': '0.5515'}
2025-06-19 19:32:32,591 - {'Epoch': 17, 'HR@5': '0.0459', 'NDCG@5': '0.0290', 'HR@10': '0.0688', 'NDCG@10': '0.0364', 'HR@20': '0.1073', 'NDCG@20': '0.0461'}
2025-06-19 19:32:32,592 - Validation score increased.  Saving model ...
2025-06-19 19:32:34,109 - {'epoch': 18, 'rec_loss': '0.5347'}
2025-06-19 19:32:34,629 - {'Epoch': 18, 'HR@5': '0.0440', 'NDCG@5': '0.0259', 'HR@10': '0.0615', 'NDCG@10': '0.0315', 'HR@20': '0.0972', 'NDCG@20': '0.0407'}
2025-06-19 19:32:34,630 - EarlyStopping counter: 1 out of 10
2025-06-19 19:32:36,141 - {'epoch': 19, 'rec_loss': '0.5152'}
2025-06-19 19:32:36,688 - {'Epoch': 19, 'HR@5': '0.0459', 'NDCG@5': '0.0288', 'HR@10': '0.0651', 'NDCG@10': '0.0349', 'HR@20': '0.1028', 'NDCG@20': '0.0444'}
2025-06-19 19:32:36,688 - EarlyStopping counter: 2 out of 10
2025-06-19 19:32:38,194 - {'epoch': 20, 'rec_loss': '0.5017'}
2025-06-19 19:32:38,716 - {'Epoch': 20, 'HR@5': '0.0468', 'NDCG@5': '0.0295', 'HR@10': '0.0679', 'NDCG@10': '0.0362', 'HR@20': '0.0982', 'NDCG@20': '0.0439'}
2025-06-19 19:32:38,717 - EarlyStopping counter: 3 out of 10
2025-06-19 19:32:40,207 - {'epoch': 21, 'rec_loss': '0.4931'}
2025-06-19 19:32:40,728 - {'Epoch': 21, 'HR@5': '0.0486', 'NDCG@5': '0.0301', 'HR@10': '0.0725', 'NDCG@10': '0.0377', 'HR@20': '0.1092', 'NDCG@20': '0.0469'}
2025-06-19 19:32:40,728 - Validation score increased.  Saving model ...
2025-06-19 19:32:42,228 - {'epoch': 22, 'rec_loss': '0.4780'}
2025-06-19 19:32:42,744 - {'Epoch': 22, 'HR@5': '0.0413', 'NDCG@5': '0.0249', 'HR@10': '0.0615', 'NDCG@10': '0.0313', 'HR@20': '0.0991', 'NDCG@20': '0.0409'}
2025-06-19 19:32:42,745 - EarlyStopping counter: 1 out of 10
2025-06-19 19:32:44,261 - {'epoch': 23, 'rec_loss': '0.4672'}
2025-06-19 19:32:44,784 - {'Epoch': 23, 'HR@5': '0.0431', 'NDCG@5': '0.0256', 'HR@10': '0.0651', 'NDCG@10': '0.0326', 'HR@20': '0.1046', 'NDCG@20': '0.0426'}
2025-06-19 19:32:44,785 - EarlyStopping counter: 2 out of 10
2025-06-19 19:32:46,282 - {'epoch': 24, 'rec_loss': '0.4635'}
2025-06-19 19:32:46,842 - {'Epoch': 24, 'HR@5': '0.0385', 'NDCG@5': '0.0257', 'HR@10': '0.0596', 'NDCG@10': '0.0325', 'HR@20': '0.1028', 'NDCG@20': '0.0433'}
2025-06-19 19:32:46,843 - EarlyStopping counter: 3 out of 10
2025-06-19 19:32:48,353 - {'epoch': 25, 'rec_loss': '0.4527'}
2025-06-19 19:32:48,887 - {'Epoch': 25, 'HR@5': '0.0404', 'NDCG@5': '0.0260', 'HR@10': '0.0615', 'NDCG@10': '0.0326', 'HR@20': '0.0972', 'NDCG@20': '0.0416'}
2025-06-19 19:32:48,888 - EarlyStopping counter: 4 out of 10
2025-06-19 19:32:50,415 - {'epoch': 26, 'rec_loss': '0.4392'}
2025-06-19 19:32:50,939 - {'Epoch': 26, 'HR@5': '0.0422', 'NDCG@5': '0.0260', 'HR@10': '0.0725', 'NDCG@10': '0.0356', 'HR@20': '0.1028', 'NDCG@20': '0.0431'}
2025-06-19 19:32:50,940 - EarlyStopping counter: 5 out of 10
2025-06-19 19:32:52,464 - {'epoch': 27, 'rec_loss': '0.4309'}
2025-06-19 19:32:53,009 - {'Epoch': 27, 'HR@5': '0.0376', 'NDCG@5': '0.0239', 'HR@10': '0.0615', 'NDCG@10': '0.0315', 'HR@20': '0.1073', 'NDCG@20': '0.0431'}
2025-06-19 19:32:53,010 - EarlyStopping counter: 6 out of 10
2025-06-19 19:32:54,521 - {'epoch': 28, 'rec_loss': '0.4228'}
2025-06-19 19:32:55,028 - {'Epoch': 28, 'HR@5': '0.0495', 'NDCG@5': '0.0298', 'HR@10': '0.0752', 'NDCG@10': '0.0383', 'HR@20': '0.1092', 'NDCG@20': '0.0469'}
2025-06-19 19:32:55,028 - EarlyStopping counter: 7 out of 10
2025-06-19 19:32:56,571 - {'epoch': 29, 'rec_loss': '0.4307'}
2025-06-19 19:32:57,096 - {'Epoch': 29, 'HR@5': '0.0450', 'NDCG@5': '0.0287', 'HR@10': '0.0734', 'NDCG@10': '0.0378', 'HR@20': '0.1028', 'NDCG@20': '0.0452'}
2025-06-19 19:32:57,097 - EarlyStopping counter: 8 out of 10
2025-06-19 19:32:58,601 - {'epoch': 30, 'rec_loss': '0.4183'}
2025-06-19 19:32:59,115 - {'Epoch': 30, 'HR@5': '0.0413', 'NDCG@5': '0.0251', 'HR@10': '0.0642', 'NDCG@10': '0.0324', 'HR@20': '0.1009', 'NDCG@20': '0.0415'}
2025-06-19 19:32:59,116 - EarlyStopping counter: 9 out of 10
2025-06-19 19:33:00,602 - {'epoch': 31, 'rec_loss': '0.4052'}
2025-06-19 19:33:01,136 - {'Epoch': 31, 'HR@5': '0.0404', 'NDCG@5': '0.0238', 'HR@10': '0.0679', 'NDCG@10': '0.0327', 'HR@20': '0.1064', 'NDCG@20': '0.0424'}
2025-06-19 19:33:01,136 - EarlyStopping counter: 10 out of 10
2025-06-19 19:33:01,137 - Early stopping
2025-06-19 19:33:01,137 - ---------------Test Score---------------
2025-06-19 19:33:01,655 - {'Epoch': 0, 'HR@5': '0.0404', 'NDCG@5': '0.0264', 'HR@10': '0.0615', 'NDCG@10': '0.0329', 'HR@20': '0.0881', 'NDCG@20': '0.0395'}
2025-06-19 19:33:01,655 - SASRec_LastFM_43
2025-06-19 19:33:01,656 - {'Epoch': 0, 'HR@5': '0.0404', 'NDCG@5': '0.0264', 'HR@10': '0.0615', 'NDCG@10': '0.0329', 'HR@20': '0.0881', 'NDCG@20': '0.0395'}
