2025-06-19 19:31:48,914 - Namespace(data_dir='data/self_processed/', output_dir='output/SASRec/', data_name='Diginetica', do_eval=False, load_model=None, train_name='SASRec_Diginetica_45', num_items=10, num_users=14829, lr=0.0005, batch_size=256, epochs=200, no_cuda=False, log_freq=1, patience=10, num_workers=4, seed=45, weight_decay=0.0, adam_beta1=0.9, adam_beta2=0.999, gpu_id='0', variance=5, model_type='SASRec', max_seq_length=50, hidden_size=64, num_hidden_layers=2, hidden_act='gelu', num_attention_heads=1, attention_probs_dropout_prob=0.5, hidden_dropout_prob=0.5, initializer_range=0.02, cuda_condition=True, data_file='data/self_processed/Diginetica.txt', item_size=9441, checkpoint_path='output/SASRec/SASRec_Diginetica_45.pt', same_target_path='data/self_processed/Diginetica_same_target.npy')
2025-06-19 19:31:48,931 - SASRecModel(
  (item_embeddings): Embedding(9441, 64, padding_idx=0)
  (position_embeddings): Embedding(50, 64)
  (LayerNorm): LayerNorm()
  (dropout): Dropout(p=0.5, inplace=False)
  (item_encoder): TransformerEncoder(
    (blocks): ModuleList(
      (0): TransformerBlock(
        (layer): MultiHeadAttention(
          (query): Linear(in_features=64, out_features=64, bias=True)
          (key): Linear(in_features=64, out_features=64, bias=True)
          (value): Linear(in_features=64, out_features=64, bias=True)
          (softmax): Softmax(dim=-1)
          (attn_dropout): Dropout(p=0.5, inplace=False)
          (dense): Linear(in_features=64, out_features=64, bias=True)
          (LayerNorm): LayerNorm((64,), eps=1e-12, elementwise_affine=True)
          (out_dropout): Dropout(p=0.5, inplace=False)
        )
        (feed_forward): FeedForward(
          (dense_1): Linear(in_features=64, out_features=256, bias=True)
          (dense_2): Linear(in_features=256, out_features=64, bias=True)
          (LayerNorm): LayerNorm()
          (dropout): Dropout(p=0.5, inplace=False)
        )
      )
      (1): TransformerBlock(
        (layer): MultiHeadAttention(
          (query): Linear(in_features=64, out_features=64, bias=True)
          (key): Linear(in_features=64, out_features=64, bias=True)
          (value): Linear(in_features=64, out_features=64, bias=True)
          (softmax): Softmax(dim=-1)
          (attn_dropout): Dropout(p=0.5, inplace=False)
          (dense): Linear(in_features=64, out_features=64, bias=True)
          (LayerNorm): LayerNorm((64,), eps=1e-12, elementwise_affine=True)
          (out_dropout): Dropout(p=0.5, inplace=False)
        )
        (feed_forward): FeedForward(
          (dense_1): Linear(in_features=64, out_features=256, bias=True)
          (dense_2): Linear(in_features=256, out_features=64, bias=True)
          (LayerNorm): LayerNorm()
          (dropout): Dropout(p=0.5, inplace=False)
        )
      )
    )
  )
)
2025-06-19 19:31:51,096 - Total Parameters: 707520
2025-06-19 19:31:55,894 - {'epoch': 0, 'rec_loss': '1.3065'}
2025-06-19 19:31:59,729 - {'Epoch': 0, 'HR@5': '0.0040', 'NDCG@5': '0.0027', 'HR@10': '0.0082', 'NDCG@10': '0.0040', 'HR@20': '0.0132', 'NDCG@20': '0.0053'}
2025-06-19 19:31:59,731 - Validation score increased.  Saving model ...
2025-06-19 19:32:03,943 - {'epoch': 1, 'rec_loss': '1.1607'}
2025-06-19 19:32:07,690 - {'Epoch': 1, 'HR@5': '0.0141', 'NDCG@5': '0.0100', 'HR@10': '0.0212', 'NDCG@10': '0.0123', 'HR@20': '0.0324', 'NDCG@20': '0.0151'}
2025-06-19 19:32:07,692 - Validation score increased.  Saving model ...
2025-06-19 19:32:11,891 - {'epoch': 2, 'rec_loss': '1.0541'}
2025-06-19 19:32:15,702 - {'Epoch': 2, 'HR@5': '0.0347', 'NDCG@5': '0.0235', 'HR@10': '0.0496', 'NDCG@10': '0.0282', 'HR@20': '0.0689', 'NDCG@20': '0.0331'}
2025-06-19 19:32:15,703 - Validation score increased.  Saving model ...
2025-06-19 19:32:19,897 - {'epoch': 3, 'rec_loss': '0.9548'}
2025-06-19 19:32:23,731 - {'Epoch': 3, 'HR@5': '0.0534', 'NDCG@5': '0.0363', 'HR@10': '0.0795', 'NDCG@10': '0.0447', 'HR@20': '0.1108', 'NDCG@20': '0.0526'}
2025-06-19 19:32:23,736 - Validation score increased.  Saving model ...
2025-06-19 19:32:27,973 - {'epoch': 4, 'rec_loss': '0.8598'}
2025-06-19 19:32:31,756 - {'Epoch': 4, 'HR@5': '0.0693', 'NDCG@5': '0.0463', 'HR@10': '0.1017', 'NDCG@10': '0.0567', 'HR@20': '0.1455', 'NDCG@20': '0.0678'}
2025-06-19 19:32:31,758 - Validation score increased.  Saving model ...
2025-06-19 19:32:35,974 - {'epoch': 5, 'rec_loss': '0.7748'}
2025-06-19 19:32:39,660 - {'Epoch': 5, 'HR@5': '0.0815', 'NDCG@5': '0.0536', 'HR@10': '0.1232', 'NDCG@10': '0.0671', 'HR@20': '0.1747', 'NDCG@20': '0.0801'}
2025-06-19 19:32:39,662 - Validation score increased.  Saving model ...
2025-06-19 19:32:43,858 - {'epoch': 6, 'rec_loss': '0.6987'}
2025-06-19 19:32:47,506 - {'Epoch': 6, 'HR@5': '0.0932', 'NDCG@5': '0.0604', 'HR@10': '0.1433', 'NDCG@10': '0.0765', 'HR@20': '0.2035', 'NDCG@20': '0.0917'}
2025-06-19 19:32:47,507 - Validation score increased.  Saving model ...
2025-06-19 19:32:51,684 - {'epoch': 7, 'rec_loss': '0.6320'}
2025-06-19 19:32:55,240 - {'Epoch': 7, 'HR@5': '0.0991', 'NDCG@5': '0.0639', 'HR@10': '0.1543', 'NDCG@10': '0.0816', 'HR@20': '0.2232', 'NDCG@20': '0.0990'}
2025-06-19 19:32:55,242 - Validation score increased.  Saving model ...
2025-06-19 19:32:59,448 - {'epoch': 8, 'rec_loss': '0.5717'}
2025-06-19 19:33:02,898 - {'Epoch': 8, 'HR@5': '0.1051', 'NDCG@5': '0.0677', 'HR@10': '0.1668', 'NDCG@10': '0.0875', 'HR@20': '0.2455', 'NDCG@20': '0.1073'}
2025-06-19 19:33:02,899 - Validation score increased.  Saving model ...
2025-06-19 19:33:07,118 - {'epoch': 9, 'rec_loss': '0.5231'}
2025-06-19 19:33:10,621 - {'Epoch': 9, 'HR@5': '0.1147', 'NDCG@5': '0.0731', 'HR@10': '0.1745', 'NDCG@10': '0.0922', 'HR@20': '0.2560', 'NDCG@20': '0.1128'}
2025-06-19 19:33:10,623 - Validation score increased.  Saving model ...
2025-06-19 19:33:14,818 - {'epoch': 10, 'rec_loss': '0.4877'}
2025-06-19 19:33:18,346 - {'Epoch': 10, 'HR@5': '0.1131', 'NDCG@5': '0.0729', 'HR@10': '0.1784', 'NDCG@10': '0.0939', 'HR@20': '0.2645', 'NDCG@20': '0.1157'}
2025-06-19 19:33:18,349 - Validation score increased.  Saving model ...
2025-06-19 19:33:22,554 - {'epoch': 11, 'rec_loss': '0.4553'}
2025-06-19 19:33:26,021 - {'Epoch': 11, 'HR@5': '0.1145', 'NDCG@5': '0.0732', 'HR@10': '0.1796', 'NDCG@10': '0.0941', 'HR@20': '0.2688', 'NDCG@20': '0.1166'}
2025-06-19 19:33:26,024 - Validation score increased.  Saving model ...
2025-06-19 19:33:30,262 - {'epoch': 12, 'rec_loss': '0.4292'}
2025-06-19 19:33:33,675 - {'Epoch': 12, 'HR@5': '0.1157', 'NDCG@5': '0.0756', 'HR@10': '0.1878', 'NDCG@10': '0.0987', 'HR@20': '0.2758', 'NDCG@20': '0.1209'}
2025-06-19 19:33:33,677 - Validation score increased.  Saving model ...
2025-06-19 19:33:37,868 - {'epoch': 13, 'rec_loss': '0.4065'}
2025-06-19 19:33:41,308 - {'Epoch': 13, 'HR@5': '0.1182', 'NDCG@5': '0.0758', 'HR@10': '0.1907', 'NDCG@10': '0.0991', 'HR@20': '0.2793', 'NDCG@20': '0.1214'}
2025-06-19 19:33:41,311 - Validation score increased.  Saving model ...
2025-06-19 19:33:45,541 - {'epoch': 14, 'rec_loss': '0.3862'}
2025-06-19 19:33:48,964 - {'Epoch': 14, 'HR@5': '0.1178', 'NDCG@5': '0.0763', 'HR@10': '0.1875', 'NDCG@10': '0.0987', 'HR@20': '0.2777', 'NDCG@20': '0.1214'}
2025-06-19 19:33:48,966 - Validation score increased.  Saving model ...
2025-06-19 19:33:53,169 - {'epoch': 15, 'rec_loss': '0.3732'}
2025-06-19 19:33:56,612 - {'Epoch': 15, 'HR@5': '0.1213', 'NDCG@5': '0.0777', 'HR@10': '0.1879', 'NDCG@10': '0.0991', 'HR@20': '0.2801', 'NDCG@20': '0.1224'}
2025-06-19 19:33:56,614 - Validation score increased.  Saving model ...
2025-06-19 19:34:00,836 - {'epoch': 16, 'rec_loss': '0.3614'}
2025-06-19 19:34:04,252 - {'Epoch': 16, 'HR@5': '0.1156', 'NDCG@5': '0.0747', 'HR@10': '0.1890', 'NDCG@10': '0.0983', 'HR@20': '0.2774', 'NDCG@20': '0.1205'}
2025-06-19 19:34:04,254 - EarlyStopping counter: 1 out of 10
2025-06-19 19:34:08,435 - {'epoch': 17, 'rec_loss': '0.3506'}
2025-06-19 19:34:11,872 - {'Epoch': 17, 'HR@5': '0.1177', 'NDCG@5': '0.0760', 'HR@10': '0.1892', 'NDCG@10': '0.0990', 'HR@20': '0.2820', 'NDCG@20': '0.1224'}
2025-06-19 19:34:11,875 - EarlyStopping counter: 2 out of 10
2025-06-19 19:34:16,152 - {'epoch': 18, 'rec_loss': '0.3429'}
2025-06-19 19:34:19,532 - {'Epoch': 18, 'HR@5': '0.1182', 'NDCG@5': '0.0751', 'HR@10': '0.1894', 'NDCG@10': '0.0980', 'HR@20': '0.2867', 'NDCG@20': '0.1226'}
2025-06-19 19:34:19,534 - Validation score increased.  Saving model ...
2025-06-19 19:34:23,738 - {'epoch': 19, 'rec_loss': '0.3349'}
2025-06-19 19:34:27,151 - {'Epoch': 19, 'HR@5': '0.1204', 'NDCG@5': '0.0768', 'HR@10': '0.1950', 'NDCG@10': '0.1007', 'HR@20': '0.2836', 'NDCG@20': '0.1230'}
2025-06-19 19:34:27,152 - Validation score increased.  Saving model ...
2025-06-19 19:34:31,354 - {'epoch': 20, 'rec_loss': '0.3299'}
2025-06-19 19:34:34,793 - {'Epoch': 20, 'HR@5': '0.1169', 'NDCG@5': '0.0739', 'HR@10': '0.1888', 'NDCG@10': '0.0970', 'HR@20': '0.2810', 'NDCG@20': '0.1203'}
2025-06-19 19:34:34,794 - EarlyStopping counter: 1 out of 10
2025-06-19 19:34:39,013 - {'epoch': 21, 'rec_loss': '0.3195'}
2025-06-19 19:34:42,392 - {'Epoch': 21, 'HR@5': '0.1175', 'NDCG@5': '0.0748', 'HR@10': '0.1894', 'NDCG@10': '0.0979', 'HR@20': '0.2814', 'NDCG@20': '0.1210'}
2025-06-19 19:34:42,394 - EarlyStopping counter: 2 out of 10
2025-06-19 19:34:46,636 - {'epoch': 22, 'rec_loss': '0.3157'}
2025-06-19 19:34:50,071 - {'Epoch': 22, 'HR@5': '0.1154', 'NDCG@5': '0.0745', 'HR@10': '0.1877', 'NDCG@10': '0.0977', 'HR@20': '0.2855', 'NDCG@20': '0.1223'}
2025-06-19 19:34:50,073 - EarlyStopping counter: 3 out of 10
2025-06-19 19:34:54,309 - {'epoch': 23, 'rec_loss': '0.3078'}
2025-06-19 19:34:57,710 - {'Epoch': 23, 'HR@5': '0.1162', 'NDCG@5': '0.0733', 'HR@10': '0.1882', 'NDCG@10': '0.0963', 'HR@20': '0.2841', 'NDCG@20': '0.1205'}
2025-06-19 19:34:57,714 - EarlyStopping counter: 4 out of 10
2025-06-19 19:35:01,921 - {'epoch': 24, 'rec_loss': '0.3045'}
2025-06-19 19:35:05,299 - {'Epoch': 24, 'HR@5': '0.1159', 'NDCG@5': '0.0734', 'HR@10': '0.1882', 'NDCG@10': '0.0967', 'HR@20': '0.2821', 'NDCG@20': '0.1204'}
2025-06-19 19:35:05,301 - EarlyStopping counter: 5 out of 10
2025-06-19 19:35:09,538 - {'epoch': 25, 'rec_loss': '0.2999'}
2025-06-19 19:35:12,898 - {'Epoch': 25, 'HR@5': '0.1169', 'NDCG@5': '0.0749', 'HR@10': '0.1880', 'NDCG@10': '0.0977', 'HR@20': '0.2818', 'NDCG@20': '0.1214'}
2025-06-19 19:35:12,901 - EarlyStopping counter: 6 out of 10
2025-06-19 19:35:17,392 - {'epoch': 26, 'rec_loss': '0.2978'}
2025-06-19 19:35:20,715 - {'Epoch': 26, 'HR@5': '0.1169', 'NDCG@5': '0.0750', 'HR@10': '0.1892', 'NDCG@10': '0.0982', 'HR@20': '0.2801', 'NDCG@20': '0.1212'}
2025-06-19 19:35:20,716 - EarlyStopping counter: 7 out of 10
2025-06-19 19:35:24,897 - {'epoch': 27, 'rec_loss': '0.2940'}
2025-06-19 19:35:28,244 - {'Epoch': 27, 'HR@5': '0.1187', 'NDCG@5': '0.0763', 'HR@10': '0.1910', 'NDCG@10': '0.0995', 'HR@20': '0.2853', 'NDCG@20': '0.1233'}
2025-06-19 19:35:28,246 - Validation score increased.  Saving model ...
2025-06-19 19:35:32,467 - {'epoch': 28, 'rec_loss': '0.2941'}
2025-06-19 19:35:35,806 - {'Epoch': 28, 'HR@5': '0.1206', 'NDCG@5': '0.0771', 'HR@10': '0.1892', 'NDCG@10': '0.0991', 'HR@20': '0.2828', 'NDCG@20': '0.1228'}
2025-06-19 19:35:35,808 - EarlyStopping counter: 1 out of 10
2025-06-19 19:35:40,008 - {'epoch': 29, 'rec_loss': '0.2906'}
2025-06-19 19:35:43,327 - {'Epoch': 29, 'HR@5': '0.1194', 'NDCG@5': '0.0763', 'HR@10': '0.1894', 'NDCG@10': '0.0989', 'HR@20': '0.2845', 'NDCG@20': '0.1227'}
2025-06-19 19:35:43,328 - EarlyStopping counter: 2 out of 10
2025-06-19 19:35:47,589 - {'epoch': 30, 'rec_loss': '0.2888'}
2025-06-19 19:35:50,965 - {'Epoch': 30, 'HR@5': '0.1205', 'NDCG@5': '0.0765', 'HR@10': '0.1887', 'NDCG@10': '0.0984', 'HR@20': '0.2864', 'NDCG@20': '0.1230'}
2025-06-19 19:35:50,967 - EarlyStopping counter: 3 out of 10
2025-06-19 19:35:55,169 - {'epoch': 31, 'rec_loss': '0.2871'}
2025-06-19 19:35:58,544 - {'Epoch': 31, 'HR@5': '0.1159', 'NDCG@5': '0.0749', 'HR@10': '0.1870', 'NDCG@10': '0.0977', 'HR@20': '0.2843', 'NDCG@20': '0.1223'}
2025-06-19 19:35:58,546 - EarlyStopping counter: 4 out of 10
2025-06-19 19:36:02,723 - {'epoch': 32, 'rec_loss': '0.2824'}
2025-06-19 19:36:06,105 - {'Epoch': 32, 'HR@5': '0.1162', 'NDCG@5': '0.0750', 'HR@10': '0.1867', 'NDCG@10': '0.0977', 'HR@20': '0.2855', 'NDCG@20': '0.1226'}
2025-06-19 19:36:06,106 - EarlyStopping counter: 5 out of 10
2025-06-19 19:36:10,324 - {'epoch': 33, 'rec_loss': '0.2813'}
2025-06-19 19:36:13,655 - {'Epoch': 33, 'HR@5': '0.1198', 'NDCG@5': '0.0759', 'HR@10': '0.1898', 'NDCG@10': '0.0984', 'HR@20': '0.2890', 'NDCG@20': '0.1234'}
2025-06-19 19:36:13,657 - Validation score increased.  Saving model ...
2025-06-19 19:36:17,918 - {'epoch': 34, 'rec_loss': '0.2754'}
2025-06-19 19:36:21,275 - {'Epoch': 34, 'HR@5': '0.1186', 'NDCG@5': '0.0756', 'HR@10': '0.1928', 'NDCG@10': '0.0994', 'HR@20': '0.2909', 'NDCG@20': '0.1241'}
2025-06-19 19:36:21,276 - Validation score increased.  Saving model ...
2025-06-19 19:36:25,465 - {'epoch': 35, 'rec_loss': '0.2779'}
2025-06-19 19:36:28,784 - {'Epoch': 35, 'HR@5': '0.1167', 'NDCG@5': '0.0742', 'HR@10': '0.1896', 'NDCG@10': '0.0975', 'HR@20': '0.2864', 'NDCG@20': '0.1219'}
2025-06-19 19:36:28,787 - EarlyStopping counter: 1 out of 10
2025-06-19 19:36:32,975 - {'epoch': 36, 'rec_loss': '0.2759'}
2025-06-19 19:36:36,313 - {'Epoch': 36, 'HR@5': '0.1188', 'NDCG@5': '0.0754', 'HR@10': '0.1913', 'NDCG@10': '0.0985', 'HR@20': '0.2873', 'NDCG@20': '0.1226'}
2025-06-19 19:36:36,315 - EarlyStopping counter: 2 out of 10
2025-06-19 19:36:40,520 - {'epoch': 37, 'rec_loss': '0.2742'}
2025-06-19 19:36:43,796 - {'Epoch': 37, 'HR@5': '0.1204', 'NDCG@5': '0.0762', 'HR@10': '0.1919', 'NDCG@10': '0.0992', 'HR@20': '0.2893', 'NDCG@20': '0.1237'}
2025-06-19 19:36:43,799 - EarlyStopping counter: 3 out of 10
2025-06-19 19:36:48,040 - {'epoch': 38, 'rec_loss': '0.2744'}
2025-06-19 19:36:51,263 - {'Epoch': 38, 'HR@5': '0.1165', 'NDCG@5': '0.0737', 'HR@10': '0.1907', 'NDCG@10': '0.0976', 'HR@20': '0.2879', 'NDCG@20': '0.1221'}
2025-06-19 19:36:51,264 - EarlyStopping counter: 4 out of 10
2025-06-19 19:36:55,525 - {'epoch': 39, 'rec_loss': '0.2695'}
2025-06-19 19:36:58,747 - {'Epoch': 39, 'HR@5': '0.1153', 'NDCG@5': '0.0739', 'HR@10': '0.1913', 'NDCG@10': '0.0983', 'HR@20': '0.2879', 'NDCG@20': '0.1226'}
2025-06-19 19:36:58,749 - EarlyStopping counter: 5 out of 10
2025-06-19 19:37:02,993 - {'epoch': 40, 'rec_loss': '0.2723'}
2025-06-19 19:37:06,237 - {'Epoch': 40, 'HR@5': '0.1175', 'NDCG@5': '0.0743', 'HR@10': '0.1874', 'NDCG@10': '0.0968', 'HR@20': '0.2860', 'NDCG@20': '0.1216'}
2025-06-19 19:37:06,239 - EarlyStopping counter: 6 out of 10
2025-06-19 19:37:10,442 - {'epoch': 41, 'rec_loss': '0.2642'}
2025-06-19 19:37:13,750 - {'Epoch': 41, 'HR@5': '0.1159', 'NDCG@5': '0.0738', 'HR@10': '0.1898', 'NDCG@10': '0.0976', 'HR@20': '0.2882', 'NDCG@20': '0.1223'}
2025-06-19 19:37:13,752 - EarlyStopping counter: 7 out of 10
2025-06-19 19:37:18,024 - {'epoch': 42, 'rec_loss': '0.2700'}
2025-06-19 19:37:21,318 - {'Epoch': 42, 'HR@5': '0.1177', 'NDCG@5': '0.0757', 'HR@10': '0.1912', 'NDCG@10': '0.0993', 'HR@20': '0.2911', 'NDCG@20': '0.1245'}
2025-06-19 19:37:21,320 - Validation score increased.  Saving model ...
2025-06-19 19:37:25,553 - {'epoch': 43, 'rec_loss': '0.2636'}
2025-06-19 19:37:28,925 - {'Epoch': 43, 'HR@5': '0.1162', 'NDCG@5': '0.0735', 'HR@10': '0.1878', 'NDCG@10': '0.0964', 'HR@20': '0.2888', 'NDCG@20': '0.1219'}
2025-06-19 19:37:28,927 - EarlyStopping counter: 1 out of 10
2025-06-19 19:37:33,140 - {'epoch': 44, 'rec_loss': '0.2651'}
2025-06-19 19:37:36,461 - {'Epoch': 44, 'HR@5': '0.1157', 'NDCG@5': '0.0727', 'HR@10': '0.1884', 'NDCG@10': '0.0960', 'HR@20': '0.2890', 'NDCG@20': '0.1213'}
2025-06-19 19:37:36,464 - EarlyStopping counter: 2 out of 10
2025-06-19 19:37:40,682 - {'epoch': 45, 'rec_loss': '0.2667'}
2025-06-19 19:37:43,972 - {'Epoch': 45, 'HR@5': '0.1142', 'NDCG@5': '0.0732', 'HR@10': '0.1893', 'NDCG@10': '0.0973', 'HR@20': '0.2882', 'NDCG@20': '0.1223'}
2025-06-19 19:37:43,974 - EarlyStopping counter: 3 out of 10
2025-06-19 19:37:48,240 - {'epoch': 46, 'rec_loss': '0.2612'}
2025-06-19 19:37:51,653 - {'Epoch': 46, 'HR@5': '0.1160', 'NDCG@5': '0.0727', 'HR@10': '0.1888', 'NDCG@10': '0.0962', 'HR@20': '0.2895', 'NDCG@20': '0.1215'}
2025-06-19 19:37:51,655 - EarlyStopping counter: 4 out of 10
2025-06-19 19:37:55,899 - {'epoch': 47, 'rec_loss': '0.2618'}
2025-06-19 19:37:59,261 - {'Epoch': 47, 'HR@5': '0.1155', 'NDCG@5': '0.0724', 'HR@10': '0.1889', 'NDCG@10': '0.0960', 'HR@20': '0.2909', 'NDCG@20': '0.1217'}
2025-06-19 19:37:59,263 - EarlyStopping counter: 5 out of 10
2025-06-19 19:38:03,468 - {'epoch': 48, 'rec_loss': '0.2629'}
2025-06-19 19:38:06,827 - {'Epoch': 48, 'HR@5': '0.1173', 'NDCG@5': '0.0733', 'HR@10': '0.1895', 'NDCG@10': '0.0965', 'HR@20': '0.2891', 'NDCG@20': '0.1215'}
2025-06-19 19:38:06,828 - EarlyStopping counter: 6 out of 10
2025-06-19 19:38:11,020 - {'epoch': 49, 'rec_loss': '0.2597'}
2025-06-19 19:38:14,319 - {'Epoch': 49, 'HR@5': '0.1202', 'NDCG@5': '0.0754', 'HR@10': '0.1932', 'NDCG@10': '0.0989', 'HR@20': '0.2913', 'NDCG@20': '0.1237'}
2025-06-19 19:38:14,322 - EarlyStopping counter: 7 out of 10
2025-06-19 19:38:18,554 - {'epoch': 50, 'rec_loss': '0.2593'}
2025-06-19 19:38:21,807 - {'Epoch': 50, 'HR@5': '0.1165', 'NDCG@5': '0.0736', 'HR@10': '0.1884', 'NDCG@10': '0.0968', 'HR@20': '0.2904', 'NDCG@20': '0.1225'}
2025-06-19 19:38:21,809 - EarlyStopping counter: 8 out of 10
2025-06-19 19:38:26,024 - {'epoch': 51, 'rec_loss': '0.2582'}
2025-06-19 19:38:29,393 - {'Epoch': 51, 'HR@5': '0.1165', 'NDCG@5': '0.0741', 'HR@10': '0.1900', 'NDCG@10': '0.0977', 'HR@20': '0.2910', 'NDCG@20': '0.1232'}
2025-06-19 19:38:29,395 - EarlyStopping counter: 9 out of 10
2025-06-19 19:38:33,621 - {'epoch': 52, 'rec_loss': '0.2592'}
2025-06-19 19:38:37,049 - {'Epoch': 52, 'HR@5': '0.1190', 'NDCG@5': '0.0748', 'HR@10': '0.1948', 'NDCG@10': '0.0992', 'HR@20': '0.2947', 'NDCG@20': '0.1243'}
2025-06-19 19:38:37,050 - EarlyStopping counter: 10 out of 10
2025-06-19 19:38:37,051 - Early stopping
2025-06-19 19:38:37,051 - ---------------Test Score---------------
2025-06-19 19:38:40,383 - {'Epoch': 0, 'HR@5': '0.1035', 'NDCG@5': '0.0667', 'HR@10': '0.1695', 'NDCG@10': '0.0879', 'HR@20': '0.2581', 'NDCG@20': '0.1103'}
2025-06-19 19:38:40,384 - SASRec_Diginetica_45
2025-06-19 19:38:40,384 - {'Epoch': 0, 'HR@5': '0.1035', 'NDCG@5': '0.0667', 'HR@10': '0.1695', 'NDCG@10': '0.0879', 'HR@20': '0.2581', 'NDCG@20': '0.1103'}
