2025-06-19 19:31:53,831 - Namespace(data_dir='data/self_processed/', output_dir='output/SASRec/', data_name='Diginetica', do_eval=False, load_model=None, train_name='SASRec_Diginetica_43', num_items=10, num_users=14829, lr=0.0005, batch_size=256, epochs=200, no_cuda=False, log_freq=1, patience=10, num_workers=4, seed=43, weight_decay=0.0, adam_beta1=0.9, adam_beta2=0.999, gpu_id='0', variance=5, model_type='SASRec', max_seq_length=50, hidden_size=64, num_hidden_layers=2, hidden_act='gelu', num_attention_heads=1, attention_probs_dropout_prob=0.5, hidden_dropout_prob=0.5, initializer_range=0.02, cuda_condition=True, data_file='data/self_processed/Diginetica.txt', item_size=9441, checkpoint_path='output/SASRec/SASRec_Diginetica_43.pt', same_target_path='data/self_processed/Diginetica_same_target.npy')
2025-06-19 19:31:53,854 - SASRecModel(
  (item_embeddings): Embedding(9441, 64, padding_idx=0)
  (position_embeddings): Embedding(50, 64)
  (LayerNorm): LayerNorm()
  (dropout): Dropout(p=0.5, inplace=False)
  (item_encoder): TransformerEncoder(
    (blocks): ModuleList(
      (0): TransformerBlock(
        (layer): MultiHeadAttention(
          (query): Linear(in_features=64, out_features=64, bias=True)
          (key): Linear(in_features=64, out_features=64, bias=True)
          (value): Linear(in_features=64, out_features=64, bias=True)
          (softmax): Softmax(dim=-1)
          (attn_dropout): Dropout(p=0.5, inplace=False)
          (dense): Linear(in_features=64, out_features=64, bias=True)
          (LayerNorm): LayerNorm((64,), eps=1e-12, elementwise_affine=True)
          (out_dropout): Dropout(p=0.5, inplace=False)
        )
        (feed_forward): FeedForward(
          (dense_1): Linear(in_features=64, out_features=256, bias=True)
          (dense_2): Linear(in_features=256, out_features=64, bias=True)
          (LayerNorm): LayerNorm()
          (dropout): Dropout(p=0.5, inplace=False)
        )
      )
      (1): TransformerBlock(
        (layer): MultiHeadAttention(
          (query): Linear(in_features=64, out_features=64, bias=True)
          (key): Linear(in_features=64, out_features=64, bias=True)
          (value): Linear(in_features=64, out_features=64, bias=True)
          (softmax): Softmax(dim=-1)
          (attn_dropout): Dropout(p=0.5, inplace=False)
          (dense): Linear(in_features=64, out_features=64, bias=True)
          (LayerNorm): LayerNorm((64,), eps=1e-12, elementwise_affine=True)
          (out_dropout): Dropout(p=0.5, inplace=False)
        )
        (feed_forward): FeedForward(
          (dense_1): Linear(in_features=64, out_features=256, bias=True)
          (dense_2): Linear(in_features=256, out_features=64, bias=True)
          (LayerNorm): LayerNorm()
          (dropout): Dropout(p=0.5, inplace=False)
        )
      )
    )
  )
)
2025-06-19 19:31:56,812 - Total Parameters: 707520
2025-06-19 19:32:01,828 - {'epoch': 0, 'rec_loss': '1.3094'}
2025-06-19 19:32:05,593 - {'Epoch': 0, 'HR@5': '0.0045', 'NDCG@5': '0.0025', 'HR@10': '0.0087', 'NDCG@10': '0.0038', 'HR@20': '0.0129', 'NDCG@20': '0.0049'}
2025-06-19 19:32:05,594 - Validation score increased.  Saving model ...
2025-06-19 19:32:09,865 - {'epoch': 1, 'rec_loss': '1.1606'}
2025-06-19 19:32:13,615 - {'Epoch': 1, 'HR@5': '0.0169', 'NDCG@5': '0.0113', 'HR@10': '0.0260', 'NDCG@10': '0.0142', 'HR@20': '0.0366', 'NDCG@20': '0.0168'}
2025-06-19 19:32:13,616 - Validation score increased.  Saving model ...
2025-06-19 19:32:17,878 - {'epoch': 2, 'rec_loss': '1.0519'}
2025-06-19 19:32:21,645 - {'Epoch': 2, 'HR@5': '0.0378', 'NDCG@5': '0.0268', 'HR@10': '0.0543', 'NDCG@10': '0.0321', 'HR@20': '0.0778', 'NDCG@20': '0.0379'}
2025-06-19 19:32:21,647 - Validation score increased.  Saving model ...
2025-06-19 19:32:25,864 - {'epoch': 3, 'rec_loss': '0.9488'}
2025-06-19 19:32:29,632 - {'Epoch': 3, 'HR@5': '0.0585', 'NDCG@5': '0.0398', 'HR@10': '0.0841', 'NDCG@10': '0.0480', 'HR@20': '0.1156', 'NDCG@20': '0.0559'}
2025-06-19 19:32:29,634 - Validation score increased.  Saving model ...
2025-06-19 19:32:34,560 - {'epoch': 4, 'rec_loss': '0.8562'}
2025-06-19 19:32:38,364 - {'Epoch': 4, 'HR@5': '0.0734', 'NDCG@5': '0.0493', 'HR@10': '0.1091', 'NDCG@10': '0.0608', 'HR@20': '0.1498', 'NDCG@20': '0.0711'}
2025-06-19 19:32:38,365 - Validation score increased.  Saving model ...
2025-06-19 19:32:42,574 - {'epoch': 5, 'rec_loss': '0.7725'}
2025-06-19 19:32:46,341 - {'Epoch': 5, 'HR@5': '0.0821', 'NDCG@5': '0.0546', 'HR@10': '0.1221', 'NDCG@10': '0.0674', 'HR@20': '0.1734', 'NDCG@20': '0.0803'}
2025-06-19 19:32:46,343 - Validation score increased.  Saving model ...
2025-06-19 19:32:50,559 - {'epoch': 6, 'rec_loss': '0.6949'}
2025-06-19 19:32:54,235 - {'Epoch': 6, 'HR@5': '0.0922', 'NDCG@5': '0.0604', 'HR@10': '0.1385', 'NDCG@10': '0.0753', 'HR@20': '0.2029', 'NDCG@20': '0.0915'}
2025-06-19 19:32:54,237 - Validation score increased.  Saving model ...
2025-06-19 19:32:58,446 - {'epoch': 7, 'rec_loss': '0.6289'}
2025-06-19 19:33:02,020 - {'Epoch': 7, 'HR@5': '0.1022', 'NDCG@5': '0.0665', 'HR@10': '0.1548', 'NDCG@10': '0.0834', 'HR@20': '0.2229', 'NDCG@20': '0.1006'}
2025-06-19 19:33:02,022 - Validation score increased.  Saving model ...
2025-06-19 19:33:06,757 - {'epoch': 8, 'rec_loss': '0.5723'}
2025-06-19 19:33:10,451 - {'Epoch': 8, 'HR@5': '0.1070', 'NDCG@5': '0.0694', 'HR@10': '0.1664', 'NDCG@10': '0.0886', 'HR@20': '0.2408', 'NDCG@20': '0.1073'}
2025-06-19 19:33:10,452 - Validation score increased.  Saving model ...
2025-06-19 19:33:14,642 - {'epoch': 9, 'rec_loss': '0.5223'}
2025-06-19 19:33:18,174 - {'Epoch': 9, 'HR@5': '0.1135', 'NDCG@5': '0.0731', 'HR@10': '0.1737', 'NDCG@10': '0.0925', 'HR@20': '0.2505', 'NDCG@20': '0.1117'}
2025-06-19 19:33:18,176 - Validation score increased.  Saving model ...
2025-06-19 19:33:22,405 - {'epoch': 10, 'rec_loss': '0.4876'}
2025-06-19 19:33:25,812 - {'Epoch': 10, 'HR@5': '0.1151', 'NDCG@5': '0.0736', 'HR@10': '0.1773', 'NDCG@10': '0.0937', 'HR@20': '0.2617', 'NDCG@20': '0.1149'}
2025-06-19 19:33:25,814 - Validation score increased.  Saving model ...
2025-06-19 19:33:30,079 - {'epoch': 11, 'rec_loss': '0.4538'}
2025-06-19 19:33:33,528 - {'Epoch': 11, 'HR@5': '0.1156', 'NDCG@5': '0.0739', 'HR@10': '0.1820', 'NDCG@10': '0.0953', 'HR@20': '0.2696', 'NDCG@20': '0.1173'}
2025-06-19 19:33:33,530 - Validation score increased.  Saving model ...
2025-06-19 19:33:37,731 - {'epoch': 12, 'rec_loss': '0.4268'}
2025-06-19 19:33:41,126 - {'Epoch': 12, 'HR@5': '0.1132', 'NDCG@5': '0.0733', 'HR@10': '0.1838', 'NDCG@10': '0.0961', 'HR@20': '0.2686', 'NDCG@20': '0.1174'}
2025-06-19 19:33:41,128 - Validation score increased.  Saving model ...
2025-06-19 19:33:45,330 - {'epoch': 13, 'rec_loss': '0.4075'}
2025-06-19 19:33:48,755 - {'Epoch': 13, 'HR@5': '0.1189', 'NDCG@5': '0.0763', 'HR@10': '0.1847', 'NDCG@10': '0.0976', 'HR@20': '0.2727', 'NDCG@20': '0.1197'}
2025-06-19 19:33:48,757 - Validation score increased.  Saving model ...
2025-06-19 19:33:53,711 - {'epoch': 14, 'rec_loss': '0.3874'}
2025-06-19 19:33:57,496 - {'Epoch': 14, 'HR@5': '0.1187', 'NDCG@5': '0.0754', 'HR@10': '0.1854', 'NDCG@10': '0.0968', 'HR@20': '0.2741', 'NDCG@20': '0.1192'}
2025-06-19 19:33:57,499 - EarlyStopping counter: 1 out of 10
2025-06-19 19:34:02,354 - {'epoch': 15, 'rec_loss': '0.3739'}
2025-06-19 19:34:05,882 - {'Epoch': 15, 'HR@5': '0.1184', 'NDCG@5': '0.0756', 'HR@10': '0.1873', 'NDCG@10': '0.0978', 'HR@20': '0.2792', 'NDCG@20': '0.1210'}
2025-06-19 19:34:05,884 - Validation score increased.  Saving model ...
2025-06-19 19:34:10,744 - {'epoch': 16, 'rec_loss': '0.3589'}
2025-06-19 19:34:14,641 - {'Epoch': 16, 'HR@5': '0.1190', 'NDCG@5': '0.0755', 'HR@10': '0.1878', 'NDCG@10': '0.0977', 'HR@20': '0.2814', 'NDCG@20': '0.1213'}
2025-06-19 19:34:14,643 - Validation score increased.  Saving model ...
2025-06-19 19:34:18,889 - {'epoch': 17, 'rec_loss': '0.3487'}
2025-06-19 19:34:22,233 - {'Epoch': 17, 'HR@5': '0.1213', 'NDCG@5': '0.0767', 'HR@10': '0.1885', 'NDCG@10': '0.0983', 'HR@20': '0.2825', 'NDCG@20': '0.1220'}
2025-06-19 19:34:22,235 - Validation score increased.  Saving model ...
2025-06-19 19:34:26,439 - {'epoch': 18, 'rec_loss': '0.3432'}
2025-06-19 19:34:29,799 - {'Epoch': 18, 'HR@5': '0.1168', 'NDCG@5': '0.0744', 'HR@10': '0.1898', 'NDCG@10': '0.0980', 'HR@20': '0.2854', 'NDCG@20': '0.1220'}
2025-06-19 19:34:29,800 - Validation score increased.  Saving model ...
2025-06-19 19:34:34,458 - {'epoch': 19, 'rec_loss': '0.3348'}
2025-06-19 19:34:38,081 - {'Epoch': 19, 'HR@5': '0.1216', 'NDCG@5': '0.0766', 'HR@10': '0.1931', 'NDCG@10': '0.0997', 'HR@20': '0.2868', 'NDCG@20': '0.1232'}
2025-06-19 19:34:38,083 - Validation score increased.  Saving model ...
2025-06-19 19:34:42,941 - {'epoch': 20, 'rec_loss': '0.3270'}
2025-06-19 19:34:46,656 - {'Epoch': 20, 'HR@5': '0.1199', 'NDCG@5': '0.0766', 'HR@10': '0.1925', 'NDCG@10': '0.0999', 'HR@20': '0.2850', 'NDCG@20': '0.1232'}
2025-06-19 19:34:46,657 - Validation score increased.  Saving model ...
2025-06-19 19:34:51,524 - {'epoch': 21, 'rec_loss': '0.3181'}
2025-06-19 19:34:55,113 - {'Epoch': 21, 'HR@5': '0.1215', 'NDCG@5': '0.0771', 'HR@10': '0.1947', 'NDCG@10': '0.1006', 'HR@20': '0.2868', 'NDCG@20': '0.1238'}
2025-06-19 19:34:55,117 - Validation score increased.  Saving model ...
2025-06-19 19:34:59,975 - {'epoch': 22, 'rec_loss': '0.3142'}
2025-06-19 19:35:03,302 - {'Epoch': 22, 'HR@5': '0.1210', 'NDCG@5': '0.0765', 'HR@10': '0.1897', 'NDCG@10': '0.0985', 'HR@20': '0.2864', 'NDCG@20': '0.1229'}
2025-06-19 19:35:03,304 - EarlyStopping counter: 1 out of 10
2025-06-19 19:35:07,491 - {'epoch': 23, 'rec_loss': '0.3064'}
2025-06-19 19:35:10,775 - {'Epoch': 23, 'HR@5': '0.1208', 'NDCG@5': '0.0754', 'HR@10': '0.1913', 'NDCG@10': '0.0981', 'HR@20': '0.2845', 'NDCG@20': '0.1216'}
2025-06-19 19:35:10,777 - EarlyStopping counter: 2 out of 10
2025-06-19 19:35:14,971 - {'epoch': 24, 'rec_loss': '0.3022'}
2025-06-19 19:35:18,314 - {'Epoch': 24, 'HR@5': '0.1194', 'NDCG@5': '0.0750', 'HR@10': '0.1898', 'NDCG@10': '0.0976', 'HR@20': '0.2850', 'NDCG@20': '0.1215'}
2025-06-19 19:35:18,316 - EarlyStopping counter: 3 out of 10
2025-06-19 19:35:23,237 - {'epoch': 25, 'rec_loss': '0.2998'}
2025-06-19 19:35:26,689 - {'Epoch': 25, 'HR@5': '0.1207', 'NDCG@5': '0.0766', 'HR@10': '0.1912', 'NDCG@10': '0.0993', 'HR@20': '0.2831', 'NDCG@20': '0.1225'}
2025-06-19 19:35:26,691 - EarlyStopping counter: 4 out of 10
2025-06-19 19:35:31,581 - {'epoch': 26, 'rec_loss': '0.2959'}
2025-06-19 19:35:35,303 - {'Epoch': 26, 'HR@5': '0.1188', 'NDCG@5': '0.0753', 'HR@10': '0.1901', 'NDCG@10': '0.0982', 'HR@20': '0.2872', 'NDCG@20': '0.1226'}
2025-06-19 19:35:35,305 - EarlyStopping counter: 5 out of 10
2025-06-19 19:35:40,267 - {'epoch': 27, 'rec_loss': '0.2939'}
2025-06-19 19:35:43,982 - {'Epoch': 27, 'HR@5': '0.1163', 'NDCG@5': '0.0746', 'HR@10': '0.1927', 'NDCG@10': '0.0991', 'HR@20': '0.2883', 'NDCG@20': '0.1232'}
2025-06-19 19:35:43,984 - EarlyStopping counter: 6 out of 10
2025-06-19 19:35:48,883 - {'epoch': 28, 'rec_loss': '0.2925'}
2025-06-19 19:35:52,394 - {'Epoch': 28, 'HR@5': '0.1186', 'NDCG@5': '0.0754', 'HR@10': '0.1934', 'NDCG@10': '0.0995', 'HR@20': '0.2882', 'NDCG@20': '0.1233'}
2025-06-19 19:35:52,395 - EarlyStopping counter: 7 out of 10
2025-06-19 19:35:57,272 - {'epoch': 29, 'rec_loss': '0.2849'}
2025-06-19 19:36:01,014 - {'Epoch': 29, 'HR@5': '0.1195', 'NDCG@5': '0.0768', 'HR@10': '0.1917', 'NDCG@10': '0.1000', 'HR@20': '0.2915', 'NDCG@20': '0.1252'}
2025-06-19 19:36:01,017 - Validation score increased.  Saving model ...
2025-06-19 19:36:06,003 - {'epoch': 30, 'rec_loss': '0.2831'}
2025-06-19 19:36:09,212 - {'Epoch': 30, 'HR@5': '0.1202', 'NDCG@5': '0.0763', 'HR@10': '0.1927', 'NDCG@10': '0.0995', 'HR@20': '0.2872', 'NDCG@20': '0.1234'}
2025-06-19 19:36:09,215 - EarlyStopping counter: 1 out of 10
2025-06-19 19:36:13,595 - {'epoch': 31, 'rec_loss': '0.2846'}
2025-06-19 19:36:16,822 - {'Epoch': 31, 'HR@5': '0.1192', 'NDCG@5': '0.0760', 'HR@10': '0.1914', 'NDCG@10': '0.0993', 'HR@20': '0.2861', 'NDCG@20': '0.1231'}
2025-06-19 19:36:16,824 - EarlyStopping counter: 2 out of 10
2025-06-19 19:36:21,667 - {'epoch': 32, 'rec_loss': '0.2827'}
2025-06-19 19:36:25,203 - {'Epoch': 32, 'HR@5': '0.1173', 'NDCG@5': '0.0747', 'HR@10': '0.1882', 'NDCG@10': '0.0975', 'HR@20': '0.2860', 'NDCG@20': '0.1221'}
2025-06-19 19:36:25,206 - EarlyStopping counter: 3 out of 10
2025-06-19 19:36:30,049 - {'epoch': 33, 'rec_loss': '0.2775'}
2025-06-19 19:36:33,838 - {'Epoch': 33, 'HR@5': '0.1201', 'NDCG@5': '0.0763', 'HR@10': '0.1905', 'NDCG@10': '0.0989', 'HR@20': '0.2884', 'NDCG@20': '0.1236'}
2025-06-19 19:36:33,840 - EarlyStopping counter: 4 out of 10
2025-06-19 19:36:38,832 - {'epoch': 34, 'rec_loss': '0.2787'}
2025-06-19 19:36:42,537 - {'Epoch': 34, 'HR@5': '0.1201', 'NDCG@5': '0.0767', 'HR@10': '0.1925', 'NDCG@10': '0.0999', 'HR@20': '0.2872', 'NDCG@20': '0.1238'}
2025-06-19 19:36:42,540 - EarlyStopping counter: 5 out of 10
2025-06-19 19:36:47,484 - {'epoch': 35, 'rec_loss': '0.2729'}
2025-06-19 19:36:50,913 - {'Epoch': 35, 'HR@5': '0.1167', 'NDCG@5': '0.0743', 'HR@10': '0.1907', 'NDCG@10': '0.0980', 'HR@20': '0.2830', 'NDCG@20': '0.1213'}
2025-06-19 19:36:50,915 - EarlyStopping counter: 6 out of 10
2025-06-19 19:36:55,795 - {'epoch': 36, 'rec_loss': '0.2702'}
2025-06-19 19:36:59,535 - {'Epoch': 36, 'HR@5': '0.1202', 'NDCG@5': '0.0769', 'HR@10': '0.1914', 'NDCG@10': '0.0998', 'HR@20': '0.2893', 'NDCG@20': '0.1245'}
2025-06-19 19:36:59,537 - EarlyStopping counter: 7 out of 10
2025-06-19 19:37:04,496 - {'epoch': 37, 'rec_loss': '0.2710'}
2025-06-19 19:37:08,275 - {'Epoch': 37, 'HR@5': '0.1185', 'NDCG@5': '0.0761', 'HR@10': '0.1922', 'NDCG@10': '0.0998', 'HR@20': '0.2879', 'NDCG@20': '0.1238'}
2025-06-19 19:37:08,277 - EarlyStopping counter: 8 out of 10
2025-06-19 19:37:12,538 - {'epoch': 38, 'rec_loss': '0.2731'}
2025-06-19 19:37:15,813 - {'Epoch': 38, 'HR@5': '0.1194', 'NDCG@5': '0.0761', 'HR@10': '0.1888', 'NDCG@10': '0.0984', 'HR@20': '0.2864', 'NDCG@20': '0.1230'}
2025-06-19 19:37:15,814 - EarlyStopping counter: 9 out of 10
2025-06-19 19:37:20,052 - {'epoch': 39, 'rec_loss': '0.2710'}
2025-06-19 19:37:23,424 - {'Epoch': 39, 'HR@5': '0.1163', 'NDCG@5': '0.0743', 'HR@10': '0.1924', 'NDCG@10': '0.0988', 'HR@20': '0.2890', 'NDCG@20': '0.1231'}
2025-06-19 19:37:23,426 - EarlyStopping counter: 10 out of 10
2025-06-19 19:37:23,426 - Early stopping
2025-06-19 19:37:23,426 - ---------------Test Score---------------
2025-06-19 19:37:26,634 - {'Epoch': 0, 'HR@5': '0.1035', 'NDCG@5': '0.0665', 'HR@10': '0.1639', 'NDCG@10': '0.0859', 'HR@20': '0.2503', 'NDCG@20': '0.1076'}
2025-06-19 19:37:26,636 - SASRec_Diginetica_43
2025-06-19 19:37:26,636 - {'Epoch': 0, 'HR@5': '0.1035', 'NDCG@5': '0.0665', 'HR@10': '0.1639', 'NDCG@10': '0.0859', 'HR@20': '0.2503', 'NDCG@20': '0.1076'}
