2025-06-14 00:12:11,202 - Namespace(data_dir='data/self_processed/', output_dir='hparam_search/', data_name='Diginetica', train_name='BSARec_Diginetica', num_items=10, num_users=14829, lr=0.0005, batch_size=256, epochs=200, no_cuda=False, log_freq=1, patience=10, num_workers=4, seed=42, weight_decay=0.0, adam_beta1=0.9, adam_beta2=0.999, gpu_id='0', variance=5, model_type='BSARec', max_seq_length=50, hidden_size=64, num_hidden_layers=2, hidden_act='gelu', num_attention_heads=2, attention_probs_dropout_prob=0.5, hidden_dropout_prob=0.5, initializer_range=0.02, c=1, alpha=0.5, cuda_condition=True, data_file='data/self_processed/Diginetica.txt', item_size=9441, checkpoint_path=PosixPath('/gpfs/home3/scur2771/BSARec/BSARec/src/hparam_search/BSARec_Diginetica/12367757_103/model.pt'), same_target_path='data/self_processed/Diginetica_same_target.npy')
2025-06-14 00:12:11,219 - BSARecModel(
  (item_embeddings): Embedding(9441, 64, padding_idx=0)
  (position_embeddings): Embedding(50, 64)
  (LayerNorm): LayerNorm()
  (dropout): Dropout(p=0.5, inplace=False)
  (item_encoder): BSARecEncoder(
    (blocks): ModuleList(
      (0): BSARecBlock(
        (layer): BSARecLayer(
          (filter_layer): FrequencyLayer(
            (out_dropout): Dropout(p=0.5, inplace=False)
            (LayerNorm): LayerNorm()
          )
          (attention_layer): MultiHeadAttention(
            (query): Linear(in_features=64, out_features=64, bias=True)
            (key): Linear(in_features=64, out_features=64, bias=True)
            (value): Linear(in_features=64, out_features=64, bias=True)
            (softmax): Softmax(dim=-1)
            (attn_dropout): Dropout(p=0.5, inplace=False)
            (dense): Linear(in_features=64, out_features=64, bias=True)
            (LayerNorm): LayerNorm((64,), eps=1e-12, elementwise_affine=True)
            (out_dropout): Dropout(p=0.5, inplace=False)
          )
        )
        (feed_forward): FeedForward(
          (dense_1): Linear(in_features=64, out_features=256, bias=True)
          (dense_2): Linear(in_features=256, out_features=64, bias=True)
          (LayerNorm): LayerNorm()
          (dropout): Dropout(p=0.5, inplace=False)
        )
      )
      (1): BSARecBlock(
        (layer): BSARecLayer(
          (filter_layer): FrequencyLayer(
            (out_dropout): Dropout(p=0.5, inplace=False)
            (LayerNorm): LayerNorm()
          )
          (attention_layer): MultiHeadAttention(
            (query): Linear(in_features=64, out_features=64, bias=True)
            (key): Linear(in_features=64, out_features=64, bias=True)
            (value): Linear(in_features=64, out_features=64, bias=True)
            (softmax): Softmax(dim=-1)
            (attn_dropout): Dropout(p=0.5, inplace=False)
            (dense): Linear(in_features=64, out_features=64, bias=True)
            (LayerNorm): LayerNorm((64,), eps=1e-12, elementwise_affine=True)
            (out_dropout): Dropout(p=0.5, inplace=False)
          )
        )
        (feed_forward): FeedForward(
          (dense_1): Linear(in_features=64, out_features=256, bias=True)
          (dense_2): Linear(in_features=256, out_features=64, bias=True)
          (LayerNorm): LayerNorm()
          (dropout): Dropout(p=0.5, inplace=False)
        )
      )
    )
  )
)
2025-06-14 00:12:13,439 - Total Parameters: 707904
2025-06-14 00:12:22,040 - {'epoch': 0, 'rec_loss': '8.8162'}
2025-06-14 00:12:26,370 - {'Epoch': 0, 'HR@5': '0.0056', 'NDCG@5': '0.0037', 'HR@10': '0.0109', 'NDCG@10': '0.0054', 'HR@20': '0.0160', 'NDCG@20': '0.0067'}
2025-06-14 00:12:26,371 - Validation score increased.  Saving model ...
2025-06-14 00:12:33,854 - {'epoch': 1, 'rec_loss': '8.3623'}
2025-06-14 00:12:38,154 - {'Epoch': 1, 'HR@5': '0.0390', 'NDCG@5': '0.0268', 'HR@10': '0.0569', 'NDCG@10': '0.0325', 'HR@20': '0.0775', 'NDCG@20': '0.0377'}
2025-06-14 00:12:38,156 - Validation score increased.  Saving model ...
2025-06-14 00:12:45,569 - {'epoch': 2, 'rec_loss': '7.7299'}
2025-06-14 00:12:49,842 - {'Epoch': 2, 'HR@5': '0.0743', 'NDCG@5': '0.0488', 'HR@10': '0.1132', 'NDCG@10': '0.0614', 'HR@20': '0.1604', 'NDCG@20': '0.0733'}
2025-06-14 00:12:49,844 - Validation score increased.  Saving model ...
2025-06-14 00:12:57,395 - {'epoch': 3, 'rec_loss': '6.9639'}
2025-06-14 00:13:01,845 - {'Epoch': 3, 'HR@5': '0.1024', 'NDCG@5': '0.0681', 'HR@10': '0.1577', 'NDCG@10': '0.0859', 'HR@20': '0.2207', 'NDCG@20': '0.1018'}
2025-06-14 00:13:01,846 - Validation score increased.  Saving model ...
2025-06-14 00:13:09,263 - {'epoch': 4, 'rec_loss': '6.3069'}
2025-06-14 00:13:13,631 - {'Epoch': 4, 'HR@5': '0.1224', 'NDCG@5': '0.0807', 'HR@10': '0.1867', 'NDCG@10': '0.1014', 'HR@20': '0.2623', 'NDCG@20': '0.1204'}
2025-06-14 00:13:13,632 - Validation score increased.  Saving model ...
2025-06-14 00:13:21,177 - {'epoch': 5, 'rec_loss': '5.8216'}
2025-06-14 00:13:25,593 - {'Epoch': 5, 'HR@5': '0.1356', 'NDCG@5': '0.0897', 'HR@10': '0.2068', 'NDCG@10': '0.1127', 'HR@20': '0.2900', 'NDCG@20': '0.1337'}
2025-06-14 00:13:25,595 - Validation score increased.  Saving model ...
2025-06-14 00:13:33,147 - {'epoch': 6, 'rec_loss': '5.4809'}
2025-06-14 00:13:37,665 - {'Epoch': 6, 'HR@5': '0.1468', 'NDCG@5': '0.0967', 'HR@10': '0.2216', 'NDCG@10': '0.1207', 'HR@20': '0.3109', 'NDCG@20': '0.1434'}
2025-06-14 00:13:37,667 - Validation score increased.  Saving model ...
2025-06-14 00:13:45,139 - {'epoch': 7, 'rec_loss': '5.2415'}
2025-06-14 00:13:49,624 - {'Epoch': 7, 'HR@5': '0.1538', 'NDCG@5': '0.1015', 'HR@10': '0.2324', 'NDCG@10': '0.1269', 'HR@20': '0.3283', 'NDCG@20': '0.1511'}
2025-06-14 00:13:49,626 - Validation score increased.  Saving model ...
2025-06-14 00:13:57,124 - {'epoch': 8, 'rec_loss': '5.0794'}
2025-06-14 00:14:01,624 - {'Epoch': 8, 'HR@5': '0.1599', 'NDCG@5': '0.1052', 'HR@10': '0.2415', 'NDCG@10': '0.1315', 'HR@20': '0.3366', 'NDCG@20': '0.1556'}
2025-06-14 00:14:01,626 - Validation score increased.  Saving model ...
2025-06-14 00:14:09,064 - {'epoch': 9, 'rec_loss': '4.9589'}
2025-06-14 00:14:13,647 - {'Epoch': 9, 'HR@5': '0.1666', 'NDCG@5': '0.1088', 'HR@10': '0.2464', 'NDCG@10': '0.1345', 'HR@20': '0.3460', 'NDCG@20': '0.1597'}
2025-06-14 00:14:13,649 - Validation score increased.  Saving model ...
2025-06-14 00:14:21,076 - {'epoch': 10, 'rec_loss': '4.8750'}
2025-06-14 00:14:25,646 - {'Epoch': 10, 'HR@5': '0.1656', 'NDCG@5': '0.1083', 'HR@10': '0.2520', 'NDCG@10': '0.1362', 'HR@20': '0.3512', 'NDCG@20': '0.1612'}
2025-06-14 00:14:25,647 - Validation score increased.  Saving model ...
2025-06-14 00:14:33,196 - {'epoch': 11, 'rec_loss': '4.8105'}
2025-06-14 00:14:37,737 - {'Epoch': 11, 'HR@5': '0.1695', 'NDCG@5': '0.1113', 'HR@10': '0.2551', 'NDCG@10': '0.1389', 'HR@20': '0.3537', 'NDCG@20': '0.1637'}
2025-06-14 00:14:37,737 - Validation score increased.  Saving model ...
2025-06-14 00:14:45,212 - {'epoch': 12, 'rec_loss': '4.7580'}
2025-06-14 00:14:49,750 - {'Epoch': 12, 'HR@5': '0.1719', 'NDCG@5': '0.1127', 'HR@10': '0.2559', 'NDCG@10': '0.1397', 'HR@20': '0.3575', 'NDCG@20': '0.1654'}
2025-06-14 00:14:49,751 - Validation score increased.  Saving model ...
2025-06-14 00:14:57,213 - {'epoch': 13, 'rec_loss': '4.7307'}
2025-06-14 00:15:01,764 - {'Epoch': 13, 'HR@5': '0.1691', 'NDCG@5': '0.1120', 'HR@10': '0.2578', 'NDCG@10': '0.1406', 'HR@20': '0.3563', 'NDCG@20': '0.1656'}
2025-06-14 00:15:01,765 - Validation score increased.  Saving model ...
2025-06-14 00:15:09,244 - {'epoch': 14, 'rec_loss': '4.6954'}
2025-06-14 00:15:13,776 - {'Epoch': 14, 'HR@5': '0.1732', 'NDCG@5': '0.1138', 'HR@10': '0.2575', 'NDCG@10': '0.1409', 'HR@20': '0.3592', 'NDCG@20': '0.1667'}
2025-06-14 00:15:13,777 - Validation score increased.  Saving model ...
2025-06-14 00:15:21,219 - {'epoch': 15, 'rec_loss': '4.6795'}
2025-06-14 00:15:25,730 - {'Epoch': 15, 'HR@5': '0.1716', 'NDCG@5': '0.1134', 'HR@10': '0.2595', 'NDCG@10': '0.1417', 'HR@20': '0.3613', 'NDCG@20': '0.1674'}
2025-06-14 00:15:25,731 - Validation score increased.  Saving model ...
2025-06-14 00:15:33,174 - {'epoch': 16, 'rec_loss': '4.6519'}
2025-06-14 00:15:37,694 - {'Epoch': 16, 'HR@5': '0.1714', 'NDCG@5': '0.1132', 'HR@10': '0.2592', 'NDCG@10': '0.1414', 'HR@20': '0.3613', 'NDCG@20': '0.1672'}
2025-06-14 00:15:37,695 - EarlyStopping counter: 1 out of 10
2025-06-14 00:15:45,074 - {'epoch': 17, 'rec_loss': '4.6345'}
2025-06-14 00:15:49,566 - {'Epoch': 17, 'HR@5': '0.1733', 'NDCG@5': '0.1133', 'HR@10': '0.2614', 'NDCG@10': '0.1416', 'HR@20': '0.3632', 'NDCG@20': '0.1673'}
2025-06-14 00:15:49,569 - EarlyStopping counter: 2 out of 10
2025-06-14 00:15:57,037 - {'epoch': 18, 'rec_loss': '4.6158'}
2025-06-14 00:16:01,632 - {'Epoch': 18, 'HR@5': '0.1737', 'NDCG@5': '0.1148', 'HR@10': '0.2609', 'NDCG@10': '0.1429', 'HR@20': '0.3619', 'NDCG@20': '0.1684'}
2025-06-14 00:16:01,633 - Validation score increased.  Saving model ...
2025-06-14 00:16:09,190 - {'epoch': 19, 'rec_loss': '4.6016'}
2025-06-14 00:16:13,715 - {'Epoch': 19, 'HR@5': '0.1744', 'NDCG@5': '0.1138', 'HR@10': '0.2607', 'NDCG@10': '0.1416', 'HR@20': '0.3605', 'NDCG@20': '0.1668'}
2025-06-14 00:16:13,717 - EarlyStopping counter: 1 out of 10
2025-06-14 00:16:21,275 - {'epoch': 20, 'rec_loss': '4.5942'}
2025-06-14 00:16:25,809 - {'Epoch': 20, 'HR@5': '0.1748', 'NDCG@5': '0.1150', 'HR@10': '0.2624', 'NDCG@10': '0.1432', 'HR@20': '0.3626', 'NDCG@20': '0.1685'}
2025-06-14 00:16:25,812 - Validation score increased.  Saving model ...
2025-06-14 00:16:33,393 - {'epoch': 21, 'rec_loss': '4.5817'}
2025-06-14 00:16:37,873 - {'Epoch': 21, 'HR@5': '0.1742', 'NDCG@5': '0.1148', 'HR@10': '0.2621', 'NDCG@10': '0.1431', 'HR@20': '0.3667', 'NDCG@20': '0.1696'}
2025-06-14 00:16:37,875 - Validation score increased.  Saving model ...
2025-06-14 00:16:45,393 - {'epoch': 22, 'rec_loss': '4.5718'}
2025-06-14 00:16:49,954 - {'Epoch': 22, 'HR@5': '0.1742', 'NDCG@5': '0.1148', 'HR@10': '0.2642', 'NDCG@10': '0.1437', 'HR@20': '0.3644', 'NDCG@20': '0.1690'}
2025-06-14 00:16:49,956 - EarlyStopping counter: 1 out of 10
2025-06-14 00:16:57,465 - {'epoch': 23, 'rec_loss': '4.5590'}
2025-06-14 00:17:02,052 - {'Epoch': 23, 'HR@5': '0.1745', 'NDCG@5': '0.1144', 'HR@10': '0.2592', 'NDCG@10': '0.1417', 'HR@20': '0.3636', 'NDCG@20': '0.1681'}
2025-06-14 00:17:02,054 - EarlyStopping counter: 2 out of 10
2025-06-14 00:17:09,544 - {'epoch': 24, 'rec_loss': '4.5558'}
2025-06-14 00:17:14,017 - {'Epoch': 24, 'HR@5': '0.1735', 'NDCG@5': '0.1145', 'HR@10': '0.2607', 'NDCG@10': '0.1426', 'HR@20': '0.3636', 'NDCG@20': '0.1686'}
2025-06-14 00:17:14,018 - EarlyStopping counter: 3 out of 10
2025-06-14 00:17:21,544 - {'epoch': 25, 'rec_loss': '4.5435'}
2025-06-14 00:17:26,062 - {'Epoch': 25, 'HR@5': '0.1753', 'NDCG@5': '0.1159', 'HR@10': '0.2626', 'NDCG@10': '0.1440', 'HR@20': '0.3626', 'NDCG@20': '0.1693'}
2025-06-14 00:17:26,063 - EarlyStopping counter: 4 out of 10
2025-06-14 00:17:33,430 - {'epoch': 26, 'rec_loss': '4.5357'}
2025-06-14 00:17:37,977 - {'Epoch': 26, 'HR@5': '0.1741', 'NDCG@5': '0.1149', 'HR@10': '0.2622', 'NDCG@10': '0.1434', 'HR@20': '0.3652', 'NDCG@20': '0.1694'}
2025-06-14 00:17:37,979 - EarlyStopping counter: 5 out of 10
2025-06-14 00:17:45,498 - {'epoch': 27, 'rec_loss': '4.5307'}
2025-06-14 00:17:50,020 - {'Epoch': 27, 'HR@5': '0.1755', 'NDCG@5': '0.1155', 'HR@10': '0.2609', 'NDCG@10': '0.1431', 'HR@20': '0.3637', 'NDCG@20': '0.1691'}
2025-06-14 00:17:50,022 - EarlyStopping counter: 6 out of 10
2025-06-14 00:17:57,529 - {'epoch': 28, 'rec_loss': '4.5195'}
2025-06-14 00:18:02,002 - {'Epoch': 28, 'HR@5': '0.1764', 'NDCG@5': '0.1164', 'HR@10': '0.2611', 'NDCG@10': '0.1438', 'HR@20': '0.3628', 'NDCG@20': '0.1695'}
2025-06-14 00:18:02,004 - EarlyStopping counter: 7 out of 10
2025-06-14 00:18:09,569 - {'epoch': 29, 'rec_loss': '4.5170'}
2025-06-14 00:18:14,056 - {'Epoch': 29, 'HR@5': '0.1735', 'NDCG@5': '0.1142', 'HR@10': '0.2611', 'NDCG@10': '0.1424', 'HR@20': '0.3604', 'NDCG@20': '0.1676'}
2025-06-14 00:18:14,058 - EarlyStopping counter: 8 out of 10
2025-06-14 00:18:21,488 - {'epoch': 30, 'rec_loss': '4.5144'}
2025-06-14 00:18:26,058 - {'Epoch': 30, 'HR@5': '0.1745', 'NDCG@5': '0.1149', 'HR@10': '0.2617', 'NDCG@10': '0.1431', 'HR@20': '0.3620', 'NDCG@20': '0.1685'}
2025-06-14 00:18:26,060 - EarlyStopping counter: 9 out of 10
2025-06-14 00:18:33,549 - {'epoch': 31, 'rec_loss': '4.5031'}
2025-06-14 00:18:38,029 - {'Epoch': 31, 'HR@5': '0.1747', 'NDCG@5': '0.1156', 'HR@10': '0.2632', 'NDCG@10': '0.1440', 'HR@20': '0.3625', 'NDCG@20': '0.1692'}
2025-06-14 00:18:38,032 - EarlyStopping counter: 10 out of 10
2025-06-14 00:18:38,032 - Early stopping
2025-06-14 00:18:38,032 - ---------------Validation Score---------------
2025-06-14 00:18:42,575 - {'Epoch': 0, 'HR@5': '0.1742', 'NDCG@5': '0.1148', 'HR@10': '0.2621', 'NDCG@10': '0.1431', 'HR@20': '0.3667', 'NDCG@20': '0.1696'}
2025-06-14 00:18:42,576 - BSARec_Diginetica
2025-06-14 00:18:42,577 - {'Epoch': 0, 'HR@5': '0.1742', 'NDCG@5': '0.1148', 'HR@10': '0.2621', 'NDCG@10': '0.1431', 'HR@20': '0.3667', 'NDCG@20': '0.1696'}
