2025-06-19 14:17:26,098 - Namespace(data_dir='data/', output_dir='output/BERT4Rec/', data_name='LastFM', do_eval=False, load_model=None, train_name='BERT4Rec_LastFM_43', num_items=10, num_users=1091, lr=0.001, batch_size=256, epochs=200, no_cuda=False, log_freq=1, patience=10, num_workers=4, seed=43, weight_decay=0.0, adam_beta1=0.9, adam_beta2=0.999, gpu_id='0', variance=5, model_type='BERT4Rec', max_seq_length=50, hidden_size=64, num_hidden_layers=2, hidden_act='gelu', num_attention_heads=2, attention_probs_dropout_prob=0.5, hidden_dropout_prob=0.5, initializer_range=0.02, mask_ratio=0.4, cuda_condition=True, data_file='data/LastFM.txt', item_size=3647, checkpoint_path='output/BERT4Rec/BERT4Rec_LastFM_43.pt', same_target_path='data/LastFM_same_target.npy')
2025-06-19 14:17:26,116 - BERT4RecModel(
  (item_embeddings): Embedding(3648, 64, padding_idx=0)
  (position_embeddings): Embedding(50, 64)
  (item_encoder): TransformerEncoder(
    (blocks): ModuleList(
      (0): TransformerBlock(
        (layer): MultiHeadAttention(
          (query): Linear(in_features=64, out_features=64, bias=True)
          (key): Linear(in_features=64, out_features=64, bias=True)
          (value): Linear(in_features=64, out_features=64, bias=True)
          (softmax): Softmax(dim=-1)
          (attn_dropout): Dropout(p=0.5, inplace=False)
          (dense): Linear(in_features=64, out_features=64, bias=True)
          (LayerNorm): LayerNorm((64,), eps=1e-12, elementwise_affine=True)
          (out_dropout): Dropout(p=0.5, inplace=False)
        )
        (feed_forward): FeedForward(
          (dense_1): Linear(in_features=64, out_features=256, bias=True)
          (dense_2): Linear(in_features=256, out_features=64, bias=True)
          (LayerNorm): LayerNorm()
          (dropout): Dropout(p=0.5, inplace=False)
        )
      )
      (1): TransformerBlock(
        (layer): MultiHeadAttention(
          (query): Linear(in_features=64, out_features=64, bias=True)
          (key): Linear(in_features=64, out_features=64, bias=True)
          (value): Linear(in_features=64, out_features=64, bias=True)
          (softmax): Softmax(dim=-1)
          (attn_dropout): Dropout(p=0.5, inplace=False)
          (dense): Linear(in_features=64, out_features=64, bias=True)
          (LayerNorm): LayerNorm((64,), eps=1e-12, elementwise_affine=True)
          (out_dropout): Dropout(p=0.5, inplace=False)
        )
        (feed_forward): FeedForward(
          (dense_1): Linear(in_features=64, out_features=256, bias=True)
          (dense_2): Linear(in_features=256, out_features=64, bias=True)
          (LayerNorm): LayerNorm()
          (dropout): Dropout(p=0.5, inplace=False)
        )
      )
    )
  )
  (LayerNorm): LayerNorm()
  (dropout): Dropout(p=0.5, inplace=False)
)
2025-06-19 14:17:29,226 - Total Parameters: 336768
2025-06-19 14:17:33,385 - {'epoch': 0, 'rec_loss': '7.9688'}
2025-06-19 14:17:33,844 - {'Epoch': 0, 'HR@5': '0.0183', 'NDCG@5': '0.0098', 'HR@10': '0.0321', 'NDCG@10': '0.0144', 'HR@20': '0.0495', 'NDCG@20': '0.0187'}
2025-06-19 14:17:33,844 - Validation score increased.  Saving model ...
2025-06-19 14:17:37,153 - {'epoch': 1, 'rec_loss': '7.7317'}
2025-06-19 14:17:37,638 - {'Epoch': 1, 'HR@5': '0.0229', 'NDCG@5': '0.0150', 'HR@10': '0.0376', 'NDCG@10': '0.0197', 'HR@20': '0.0615', 'NDCG@20': '0.0257'}
2025-06-19 14:17:37,638 - Validation score increased.  Saving model ...
2025-06-19 14:17:40,961 - {'epoch': 2, 'rec_loss': '7.6447'}
2025-06-19 14:17:41,453 - {'Epoch': 2, 'HR@5': '0.0321', 'NDCG@5': '0.0210', 'HR@10': '0.0477', 'NDCG@10': '0.0260', 'HR@20': '0.0615', 'NDCG@20': '0.0295'}
2025-06-19 14:17:41,454 - Validation score increased.  Saving model ...
2025-06-19 14:17:44,801 - {'epoch': 3, 'rec_loss': '7.5799'}
2025-06-19 14:17:45,273 - {'Epoch': 3, 'HR@5': '0.0239', 'NDCG@5': '0.0142', 'HR@10': '0.0431', 'NDCG@10': '0.0202', 'HR@20': '0.0716', 'NDCG@20': '0.0273'}
2025-06-19 14:17:45,274 - EarlyStopping counter: 1 out of 10
2025-06-19 14:17:48,629 - {'epoch': 4, 'rec_loss': '7.5193'}
2025-06-19 14:17:49,112 - {'Epoch': 4, 'HR@5': '0.0248', 'NDCG@5': '0.0170', 'HR@10': '0.0422', 'NDCG@10': '0.0226', 'HR@20': '0.0716', 'NDCG@20': '0.0299'}
2025-06-19 14:17:49,112 - Validation score increased.  Saving model ...
2025-06-19 14:17:52,416 - {'epoch': 5, 'rec_loss': '7.4612'}
2025-06-19 14:17:52,901 - {'Epoch': 5, 'HR@5': '0.0303', 'NDCG@5': '0.0193', 'HR@10': '0.0477', 'NDCG@10': '0.0247', 'HR@20': '0.0734', 'NDCG@20': '0.0313'}
2025-06-19 14:17:52,902 - Validation score increased.  Saving model ...
2025-06-19 14:17:56,231 - {'epoch': 6, 'rec_loss': '7.4085'}
2025-06-19 14:17:56,712 - {'Epoch': 6, 'HR@5': '0.0303', 'NDCG@5': '0.0208', 'HR@10': '0.0477', 'NDCG@10': '0.0265', 'HR@20': '0.0734', 'NDCG@20': '0.0330'}
2025-06-19 14:17:56,713 - Validation score increased.  Saving model ...
2025-06-19 14:18:00,042 - {'epoch': 7, 'rec_loss': '7.3597'}
2025-06-19 14:18:00,500 - {'Epoch': 7, 'HR@5': '0.0229', 'NDCG@5': '0.0150', 'HR@10': '0.0394', 'NDCG@10': '0.0203', 'HR@20': '0.0624', 'NDCG@20': '0.0261'}
2025-06-19 14:18:00,501 - EarlyStopping counter: 1 out of 10
2025-06-19 14:18:03,822 - {'epoch': 8, 'rec_loss': '7.3072'}
2025-06-19 14:18:04,295 - {'Epoch': 8, 'HR@5': '0.0257', 'NDCG@5': '0.0153', 'HR@10': '0.0413', 'NDCG@10': '0.0204', 'HR@20': '0.0670', 'NDCG@20': '0.0268'}
2025-06-19 14:18:04,296 - EarlyStopping counter: 2 out of 10
2025-06-19 14:18:07,648 - {'epoch': 9, 'rec_loss': '7.2485'}
2025-06-19 14:18:08,111 - {'Epoch': 9, 'HR@5': '0.0202', 'NDCG@5': '0.0145', 'HR@10': '0.0376', 'NDCG@10': '0.0201', 'HR@20': '0.0651', 'NDCG@20': '0.0269'}
2025-06-19 14:18:08,112 - EarlyStopping counter: 3 out of 10
2025-06-19 14:18:11,428 - {'epoch': 10, 'rec_loss': '7.1956'}
2025-06-19 14:18:11,913 - {'Epoch': 10, 'HR@5': '0.0257', 'NDCG@5': '0.0151', 'HR@10': '0.0376', 'NDCG@10': '0.0189', 'HR@20': '0.0578', 'NDCG@20': '0.0239'}
2025-06-19 14:18:11,913 - EarlyStopping counter: 4 out of 10
2025-06-19 14:18:15,256 - {'epoch': 11, 'rec_loss': '7.1517'}
2025-06-19 14:18:15,753 - {'Epoch': 11, 'HR@5': '0.0211', 'NDCG@5': '0.0140', 'HR@10': '0.0376', 'NDCG@10': '0.0194', 'HR@20': '0.0642', 'NDCG@20': '0.0261'}
2025-06-19 14:18:15,754 - EarlyStopping counter: 5 out of 10
2025-06-19 14:18:19,062 - {'epoch': 12, 'rec_loss': '7.1161'}
2025-06-19 14:18:19,536 - {'Epoch': 12, 'HR@5': '0.0275', 'NDCG@5': '0.0166', 'HR@10': '0.0459', 'NDCG@10': '0.0226', 'HR@20': '0.0761', 'NDCG@20': '0.0300'}
2025-06-19 14:18:19,536 - EarlyStopping counter: 6 out of 10
2025-06-19 14:18:22,865 - {'epoch': 13, 'rec_loss': '7.0763'}
2025-06-19 14:18:23,342 - {'Epoch': 13, 'HR@5': '0.0385', 'NDCG@5': '0.0229', 'HR@10': '0.0550', 'NDCG@10': '0.0283', 'HR@20': '0.0807', 'NDCG@20': '0.0348'}
2025-06-19 14:18:23,343 - Validation score increased.  Saving model ...
2025-06-19 14:18:26,680 - {'epoch': 14, 'rec_loss': '7.0401'}
2025-06-19 14:18:27,174 - {'Epoch': 14, 'HR@5': '0.0257', 'NDCG@5': '0.0149', 'HR@10': '0.0477', 'NDCG@10': '0.0219', 'HR@20': '0.0688', 'NDCG@20': '0.0271'}
2025-06-19 14:18:27,174 - EarlyStopping counter: 1 out of 10
2025-06-19 14:18:30,534 - {'epoch': 15, 'rec_loss': '7.0074'}
2025-06-19 14:18:31,006 - {'Epoch': 15, 'HR@5': '0.0358', 'NDCG@5': '0.0213', 'HR@10': '0.0541', 'NDCG@10': '0.0270', 'HR@20': '0.0835', 'NDCG@20': '0.0344'}
2025-06-19 14:18:31,007 - EarlyStopping counter: 2 out of 10
2025-06-19 14:18:34,342 - {'epoch': 16, 'rec_loss': '6.9815'}
2025-06-19 14:18:34,813 - {'Epoch': 16, 'HR@5': '0.0358', 'NDCG@5': '0.0238', 'HR@10': '0.0532', 'NDCG@10': '0.0294', 'HR@20': '0.0890', 'NDCG@20': '0.0384'}
2025-06-19 14:18:34,814 - Validation score increased.  Saving model ...
2025-06-19 14:18:38,123 - {'epoch': 17, 'rec_loss': '6.9360'}
2025-06-19 14:18:38,604 - {'Epoch': 17, 'HR@5': '0.0321', 'NDCG@5': '0.0187', 'HR@10': '0.0550', 'NDCG@10': '0.0260', 'HR@20': '0.0826', 'NDCG@20': '0.0329'}
2025-06-19 14:18:38,605 - EarlyStopping counter: 1 out of 10
2025-06-19 14:18:41,942 - {'epoch': 18, 'rec_loss': '6.8990'}
2025-06-19 14:18:42,418 - {'Epoch': 18, 'HR@5': '0.0339', 'NDCG@5': '0.0209', 'HR@10': '0.0550', 'NDCG@10': '0.0276', 'HR@20': '0.0899', 'NDCG@20': '0.0364'}
2025-06-19 14:18:42,419 - EarlyStopping counter: 2 out of 10
2025-06-19 14:18:45,723 - {'epoch': 19, 'rec_loss': '6.8576'}
2025-06-19 14:18:46,218 - {'Epoch': 19, 'HR@5': '0.0321', 'NDCG@5': '0.0225', 'HR@10': '0.0532', 'NDCG@10': '0.0291', 'HR@20': '0.0881', 'NDCG@20': '0.0378'}
2025-06-19 14:18:46,219 - EarlyStopping counter: 3 out of 10
2025-06-19 14:18:49,538 - {'epoch': 20, 'rec_loss': '6.8288'}
2025-06-19 14:18:50,025 - {'Epoch': 20, 'HR@5': '0.0394', 'NDCG@5': '0.0234', 'HR@10': '0.0569', 'NDCG@10': '0.0291', 'HR@20': '0.0917', 'NDCG@20': '0.0378'}
2025-06-19 14:18:50,026 - EarlyStopping counter: 4 out of 10
2025-06-19 14:18:53,366 - {'epoch': 21, 'rec_loss': '6.8089'}
2025-06-19 14:18:53,889 - {'Epoch': 21, 'HR@5': '0.0349', 'NDCG@5': '0.0235', 'HR@10': '0.0505', 'NDCG@10': '0.0285', 'HR@20': '0.0761', 'NDCG@20': '0.0350'}
2025-06-19 14:18:53,890 - EarlyStopping counter: 5 out of 10
2025-06-19 14:18:57,220 - {'epoch': 22, 'rec_loss': '6.7849'}
2025-06-19 14:18:57,713 - {'Epoch': 22, 'HR@5': '0.0376', 'NDCG@5': '0.0235', 'HR@10': '0.0560', 'NDCG@10': '0.0293', 'HR@20': '0.0853', 'NDCG@20': '0.0368'}
2025-06-19 14:18:57,714 - EarlyStopping counter: 6 out of 10
2025-06-19 14:19:01,024 - {'epoch': 23, 'rec_loss': '6.7544'}
2025-06-19 14:19:01,486 - {'Epoch': 23, 'HR@5': '0.0413', 'NDCG@5': '0.0251', 'HR@10': '0.0651', 'NDCG@10': '0.0328', 'HR@20': '0.0917', 'NDCG@20': '0.0395'}
2025-06-19 14:19:01,487 - Validation score increased.  Saving model ...
2025-06-19 14:19:04,773 - {'epoch': 24, 'rec_loss': '6.7354'}
2025-06-19 14:19:05,260 - {'Epoch': 24, 'HR@5': '0.0367', 'NDCG@5': '0.0226', 'HR@10': '0.0578', 'NDCG@10': '0.0293', 'HR@20': '0.0927', 'NDCG@20': '0.0380'}
2025-06-19 14:19:05,261 - EarlyStopping counter: 1 out of 10
2025-06-19 14:19:08,611 - {'epoch': 25, 'rec_loss': '6.7085'}
2025-06-19 14:19:09,096 - {'Epoch': 25, 'HR@5': '0.0376', 'NDCG@5': '0.0228', 'HR@10': '0.0615', 'NDCG@10': '0.0303', 'HR@20': '0.0908', 'NDCG@20': '0.0376'}
2025-06-19 14:19:09,097 - EarlyStopping counter: 2 out of 10
2025-06-19 14:19:12,411 - {'epoch': 26, 'rec_loss': '6.7002'}
2025-06-19 14:19:12,890 - {'Epoch': 26, 'HR@5': '0.0358', 'NDCG@5': '0.0239', 'HR@10': '0.0606', 'NDCG@10': '0.0319', 'HR@20': '0.0991', 'NDCG@20': '0.0416'}
2025-06-19 14:19:12,890 - Validation score increased.  Saving model ...
2025-06-19 14:19:16,241 - {'epoch': 27, 'rec_loss': '6.6720'}
2025-06-19 14:19:16,731 - {'Epoch': 27, 'HR@5': '0.0376', 'NDCG@5': '0.0228', 'HR@10': '0.0615', 'NDCG@10': '0.0302', 'HR@20': '0.0972', 'NDCG@20': '0.0392'}
2025-06-19 14:19:16,731 - EarlyStopping counter: 1 out of 10
2025-06-19 14:19:20,073 - {'epoch': 28, 'rec_loss': '6.6489'}
2025-06-19 14:19:20,587 - {'Epoch': 28, 'HR@5': '0.0312', 'NDCG@5': '0.0186', 'HR@10': '0.0569', 'NDCG@10': '0.0269', 'HR@20': '0.0954', 'NDCG@20': '0.0365'}
2025-06-19 14:19:20,587 - EarlyStopping counter: 2 out of 10
2025-06-19 14:19:23,946 - {'epoch': 29, 'rec_loss': '6.6314'}
2025-06-19 14:19:24,454 - {'Epoch': 29, 'HR@5': '0.0294', 'NDCG@5': '0.0214', 'HR@10': '0.0624', 'NDCG@10': '0.0318', 'HR@20': '0.1083', 'NDCG@20': '0.0433'}
2025-06-19 14:19:24,454 - Validation score increased.  Saving model ...
2025-06-19 14:19:27,795 - {'epoch': 30, 'rec_loss': '6.6027'}
2025-06-19 14:19:28,283 - {'Epoch': 30, 'HR@5': '0.0358', 'NDCG@5': '0.0215', 'HR@10': '0.0624', 'NDCG@10': '0.0299', 'HR@20': '0.1009', 'NDCG@20': '0.0396'}
2025-06-19 14:19:28,284 - EarlyStopping counter: 1 out of 10
2025-06-19 14:19:31,611 - {'epoch': 31, 'rec_loss': '6.5914'}
2025-06-19 14:19:32,113 - {'Epoch': 31, 'HR@5': '0.0321', 'NDCG@5': '0.0212', 'HR@10': '0.0587', 'NDCG@10': '0.0298', 'HR@20': '0.1110', 'NDCG@20': '0.0431'}
2025-06-19 14:19:32,114 - EarlyStopping counter: 2 out of 10
2025-06-19 14:19:35,441 - {'epoch': 32, 'rec_loss': '6.5704'}
2025-06-19 14:19:35,973 - {'Epoch': 32, 'HR@5': '0.0404', 'NDCG@5': '0.0247', 'HR@10': '0.0734', 'NDCG@10': '0.0353', 'HR@20': '0.1110', 'NDCG@20': '0.0447'}
2025-06-19 14:19:35,974 - Validation score increased.  Saving model ...
2025-06-19 14:19:39,305 - {'epoch': 33, 'rec_loss': '6.5526'}
2025-06-19 14:19:39,809 - {'Epoch': 33, 'HR@5': '0.0330', 'NDCG@5': '0.0210', 'HR@10': '0.0587', 'NDCG@10': '0.0292', 'HR@20': '0.1119', 'NDCG@20': '0.0427'}
2025-06-19 14:19:39,810 - EarlyStopping counter: 1 out of 10
2025-06-19 14:19:43,119 - {'epoch': 34, 'rec_loss': '6.5375'}
2025-06-19 14:19:43,612 - {'Epoch': 34, 'HR@5': '0.0349', 'NDCG@5': '0.0227', 'HR@10': '0.0587', 'NDCG@10': '0.0303', 'HR@20': '0.1128', 'NDCG@20': '0.0438'}
2025-06-19 14:19:43,612 - EarlyStopping counter: 2 out of 10
2025-06-19 14:19:46,926 - {'epoch': 35, 'rec_loss': '6.5096'}
2025-06-19 14:19:47,429 - {'Epoch': 35, 'HR@5': '0.0358', 'NDCG@5': '0.0244', 'HR@10': '0.0661', 'NDCG@10': '0.0341', 'HR@20': '0.1101', 'NDCG@20': '0.0449'}
2025-06-19 14:19:47,430 - Validation score increased.  Saving model ...
2025-06-19 14:19:50,737 - {'epoch': 36, 'rec_loss': '6.4958'}
2025-06-19 14:19:51,262 - {'Epoch': 36, 'HR@5': '0.0404', 'NDCG@5': '0.0233', 'HR@10': '0.0697', 'NDCG@10': '0.0325', 'HR@20': '0.1156', 'NDCG@20': '0.0439'}
2025-06-19 14:19:51,263 - EarlyStopping counter: 1 out of 10
2025-06-19 14:19:54,668 - {'epoch': 37, 'rec_loss': '6.4838'}
2025-06-19 14:19:55,168 - {'Epoch': 37, 'HR@5': '0.0440', 'NDCG@5': '0.0270', 'HR@10': '0.0706', 'NDCG@10': '0.0354', 'HR@20': '0.1101', 'NDCG@20': '0.0453'}
2025-06-19 14:19:55,168 - Validation score increased.  Saving model ...
2025-06-19 14:19:58,543 - {'epoch': 38, 'rec_loss': '6.4690'}
2025-06-19 14:19:59,033 - {'Epoch': 38, 'HR@5': '0.0312', 'NDCG@5': '0.0183', 'HR@10': '0.0651', 'NDCG@10': '0.0292', 'HR@20': '0.1073', 'NDCG@20': '0.0398'}
2025-06-19 14:19:59,034 - EarlyStopping counter: 1 out of 10
2025-06-19 14:20:02,356 - {'epoch': 39, 'rec_loss': '6.4479'}
2025-06-19 14:20:02,879 - {'Epoch': 39, 'HR@5': '0.0413', 'NDCG@5': '0.0252', 'HR@10': '0.0697', 'NDCG@10': '0.0343', 'HR@20': '0.1147', 'NDCG@20': '0.0457'}
2025-06-19 14:20:02,879 - Validation score increased.  Saving model ...
2025-06-19 14:20:06,187 - {'epoch': 40, 'rec_loss': '6.4286'}
2025-06-19 14:20:06,675 - {'Epoch': 40, 'HR@5': '0.0394', 'NDCG@5': '0.0245', 'HR@10': '0.0688', 'NDCG@10': '0.0338', 'HR@20': '0.1110', 'NDCG@20': '0.0443'}
2025-06-19 14:20:06,675 - EarlyStopping counter: 1 out of 10
2025-06-19 14:20:09,973 - {'epoch': 41, 'rec_loss': '6.4180'}
2025-06-19 14:20:10,460 - {'Epoch': 41, 'HR@5': '0.0422', 'NDCG@5': '0.0255', 'HR@10': '0.0670', 'NDCG@10': '0.0335', 'HR@20': '0.1128', 'NDCG@20': '0.0450'}
2025-06-19 14:20:10,460 - EarlyStopping counter: 2 out of 10
2025-06-19 14:20:13,780 - {'epoch': 42, 'rec_loss': '6.3983'}
2025-06-19 14:20:14,289 - {'Epoch': 42, 'HR@5': '0.0349', 'NDCG@5': '0.0218', 'HR@10': '0.0651', 'NDCG@10': '0.0315', 'HR@20': '0.1119', 'NDCG@20': '0.0432'}
2025-06-19 14:20:14,289 - EarlyStopping counter: 3 out of 10
2025-06-19 14:20:17,633 - {'epoch': 43, 'rec_loss': '6.3775'}
2025-06-19 14:20:18,116 - {'Epoch': 43, 'HR@5': '0.0404', 'NDCG@5': '0.0230', 'HR@10': '0.0670', 'NDCG@10': '0.0314', 'HR@20': '0.1110', 'NDCG@20': '0.0425'}
2025-06-19 14:20:18,117 - EarlyStopping counter: 4 out of 10
2025-06-19 14:20:21,423 - {'epoch': 44, 'rec_loss': '6.3664'}
2025-06-19 14:20:21,909 - {'Epoch': 44, 'HR@5': '0.0376', 'NDCG@5': '0.0229', 'HR@10': '0.0642', 'NDCG@10': '0.0315', 'HR@20': '0.1174', 'NDCG@20': '0.0450'}
2025-06-19 14:20:21,909 - EarlyStopping counter: 5 out of 10
2025-06-19 14:20:25,264 - {'epoch': 45, 'rec_loss': '6.3549'}
2025-06-19 14:20:25,729 - {'Epoch': 45, 'HR@5': '0.0385', 'NDCG@5': '0.0240', 'HR@10': '0.0661', 'NDCG@10': '0.0328', 'HR@20': '0.1101', 'NDCG@20': '0.0439'}
2025-06-19 14:20:25,730 - EarlyStopping counter: 6 out of 10
2025-06-19 14:20:29,057 - {'epoch': 46, 'rec_loss': '6.3340'}
2025-06-19 14:20:29,547 - {'Epoch': 46, 'HR@5': '0.0450', 'NDCG@5': '0.0274', 'HR@10': '0.0697', 'NDCG@10': '0.0354', 'HR@20': '0.1174', 'NDCG@20': '0.0474'}
2025-06-19 14:20:29,548 - Validation score increased.  Saving model ...
2025-06-19 14:20:32,895 - {'epoch': 47, 'rec_loss': '6.3267'}
2025-06-19 14:20:33,376 - {'Epoch': 47, 'HR@5': '0.0376', 'NDCG@5': '0.0244', 'HR@10': '0.0651', 'NDCG@10': '0.0334', 'HR@20': '0.1183', 'NDCG@20': '0.0467'}
2025-06-19 14:20:33,377 - EarlyStopping counter: 1 out of 10
2025-06-19 14:20:36,700 - {'epoch': 48, 'rec_loss': '6.3015'}
2025-06-19 14:20:37,191 - {'Epoch': 48, 'HR@5': '0.0385', 'NDCG@5': '0.0224', 'HR@10': '0.0633', 'NDCG@10': '0.0304', 'HR@20': '0.1193', 'NDCG@20': '0.0443'}
2025-06-19 14:20:37,192 - EarlyStopping counter: 2 out of 10
2025-06-19 14:20:40,501 - {'epoch': 49, 'rec_loss': '6.2959'}
2025-06-19 14:20:41,015 - {'Epoch': 49, 'HR@5': '0.0413', 'NDCG@5': '0.0252', 'HR@10': '0.0651', 'NDCG@10': '0.0327', 'HR@20': '0.1183', 'NDCG@20': '0.0461'}
2025-06-19 14:20:41,016 - EarlyStopping counter: 3 out of 10
2025-06-19 14:20:44,321 - {'epoch': 50, 'rec_loss': '6.2927'}
2025-06-19 14:20:44,798 - {'Epoch': 50, 'HR@5': '0.0404', 'NDCG@5': '0.0244', 'HR@10': '0.0688', 'NDCG@10': '0.0332', 'HR@20': '0.1220', 'NDCG@20': '0.0466'}
2025-06-19 14:20:44,798 - EarlyStopping counter: 4 out of 10
2025-06-19 14:20:48,118 - {'epoch': 51, 'rec_loss': '6.2818'}
2025-06-19 14:20:48,596 - {'Epoch': 51, 'HR@5': '0.0459', 'NDCG@5': '0.0276', 'HR@10': '0.0688', 'NDCG@10': '0.0349', 'HR@20': '0.1083', 'NDCG@20': '0.0447'}
2025-06-19 14:20:48,597 - EarlyStopping counter: 5 out of 10
2025-06-19 14:20:51,933 - {'epoch': 52, 'rec_loss': '6.2636'}
2025-06-19 14:20:52,437 - {'Epoch': 52, 'HR@5': '0.0367', 'NDCG@5': '0.0233', 'HR@10': '0.0670', 'NDCG@10': '0.0330', 'HR@20': '0.1202', 'NDCG@20': '0.0465'}
2025-06-19 14:20:52,437 - EarlyStopping counter: 6 out of 10
2025-06-19 14:20:55,773 - {'epoch': 53, 'rec_loss': '6.2560'}
2025-06-19 14:20:56,276 - {'Epoch': 53, 'HR@5': '0.0394', 'NDCG@5': '0.0263', 'HR@10': '0.0661', 'NDCG@10': '0.0349', 'HR@20': '0.1147', 'NDCG@20': '0.0471'}
2025-06-19 14:20:56,277 - EarlyStopping counter: 7 out of 10
2025-06-19 14:20:59,578 - {'epoch': 54, 'rec_loss': '6.2524'}
2025-06-19 14:21:00,083 - {'Epoch': 54, 'HR@5': '0.0367', 'NDCG@5': '0.0242', 'HR@10': '0.0688', 'NDCG@10': '0.0344', 'HR@20': '0.1138', 'NDCG@20': '0.0458'}
2025-06-19 14:21:00,084 - EarlyStopping counter: 8 out of 10
2025-06-19 14:21:03,387 - {'epoch': 55, 'rec_loss': '6.2320'}
2025-06-19 14:21:03,859 - {'Epoch': 55, 'HR@5': '0.0440', 'NDCG@5': '0.0271', 'HR@10': '0.0679', 'NDCG@10': '0.0347', 'HR@20': '0.1174', 'NDCG@20': '0.0471'}
2025-06-19 14:21:03,860 - EarlyStopping counter: 9 out of 10
2025-06-19 14:21:07,174 - {'epoch': 56, 'rec_loss': '6.2350'}
2025-06-19 14:21:07,682 - {'Epoch': 56, 'HR@5': '0.0394', 'NDCG@5': '0.0233', 'HR@10': '0.0752', 'NDCG@10': '0.0347', 'HR@20': '0.1275', 'NDCG@20': '0.0476'}
2025-06-19 14:21:07,683 - Validation score increased.  Saving model ...
2025-06-19 14:21:10,995 - {'epoch': 57, 'rec_loss': '6.2277'}
2025-06-19 14:21:11,493 - {'Epoch': 57, 'HR@5': '0.0431', 'NDCG@5': '0.0276', 'HR@10': '0.0679', 'NDCG@10': '0.0354', 'HR@20': '0.1156', 'NDCG@20': '0.0473'}
2025-06-19 14:21:11,494 - EarlyStopping counter: 1 out of 10
2025-06-19 14:21:14,819 - {'epoch': 58, 'rec_loss': '6.2136'}
2025-06-19 14:21:15,302 - {'Epoch': 58, 'HR@5': '0.0394', 'NDCG@5': '0.0248', 'HR@10': '0.0670', 'NDCG@10': '0.0338', 'HR@20': '0.1266', 'NDCG@20': '0.0487'}
2025-06-19 14:21:15,303 - Validation score increased.  Saving model ...
2025-06-19 14:21:18,643 - {'epoch': 59, 'rec_loss': '6.2030'}
2025-06-19 14:21:19,134 - {'Epoch': 59, 'HR@5': '0.0459', 'NDCG@5': '0.0280', 'HR@10': '0.0752', 'NDCG@10': '0.0371', 'HR@20': '0.1229', 'NDCG@20': '0.0493'}
2025-06-19 14:21:19,135 - Validation score increased.  Saving model ...
2025-06-19 14:21:22,510 - {'epoch': 60, 'rec_loss': '6.1877'}
2025-06-19 14:21:23,013 - {'Epoch': 60, 'HR@5': '0.0459', 'NDCG@5': '0.0290', 'HR@10': '0.0706', 'NDCG@10': '0.0370', 'HR@20': '0.1202', 'NDCG@20': '0.0493'}
2025-06-19 14:21:23,013 - EarlyStopping counter: 1 out of 10
2025-06-19 14:21:26,334 - {'epoch': 61, 'rec_loss': '6.1859'}
2025-06-19 14:21:26,810 - {'Epoch': 61, 'HR@5': '0.0468', 'NDCG@5': '0.0297', 'HR@10': '0.0771', 'NDCG@10': '0.0395', 'HR@20': '0.1193', 'NDCG@20': '0.0500'}
2025-06-19 14:21:26,811 - Validation score increased.  Saving model ...
2025-06-19 14:21:30,143 - {'epoch': 62, 'rec_loss': '6.1733'}
2025-06-19 14:21:30,636 - {'Epoch': 62, 'HR@5': '0.0422', 'NDCG@5': '0.0298', 'HR@10': '0.0743', 'NDCG@10': '0.0400', 'HR@20': '0.1138', 'NDCG@20': '0.0500'}
2025-06-19 14:21:30,637 - EarlyStopping counter: 1 out of 10
2025-06-19 14:21:34,004 - {'epoch': 63, 'rec_loss': '6.1716'}
2025-06-19 14:21:34,469 - {'Epoch': 63, 'HR@5': '0.0385', 'NDCG@5': '0.0253', 'HR@10': '0.0725', 'NDCG@10': '0.0364', 'HR@20': '0.1119', 'NDCG@20': '0.0463'}
2025-06-19 14:21:34,470 - EarlyStopping counter: 2 out of 10
2025-06-19 14:21:37,763 - {'epoch': 64, 'rec_loss': '6.1547'}
2025-06-19 14:21:38,263 - {'Epoch': 64, 'HR@5': '0.0385', 'NDCG@5': '0.0253', 'HR@10': '0.0661', 'NDCG@10': '0.0343', 'HR@20': '0.1110', 'NDCG@20': '0.0455'}
2025-06-19 14:21:38,264 - EarlyStopping counter: 3 out of 10
2025-06-19 14:21:41,572 - {'epoch': 65, 'rec_loss': '6.1486'}
2025-06-19 14:21:42,068 - {'Epoch': 65, 'HR@5': '0.0358', 'NDCG@5': '0.0234', 'HR@10': '0.0670', 'NDCG@10': '0.0334', 'HR@20': '0.1239', 'NDCG@20': '0.0475'}
2025-06-19 14:21:42,069 - EarlyStopping counter: 4 out of 10
2025-06-19 14:21:45,431 - {'epoch': 66, 'rec_loss': '6.1489'}
2025-06-19 14:21:45,926 - {'Epoch': 66, 'HR@5': '0.0431', 'NDCG@5': '0.0265', 'HR@10': '0.0743', 'NDCG@10': '0.0364', 'HR@20': '0.1174', 'NDCG@20': '0.0471'}
2025-06-19 14:21:45,926 - EarlyStopping counter: 5 out of 10
2025-06-19 14:21:49,254 - {'epoch': 67, 'rec_loss': '6.1272'}
2025-06-19 14:21:49,744 - {'Epoch': 67, 'HR@5': '0.0440', 'NDCG@5': '0.0281', 'HR@10': '0.0734', 'NDCG@10': '0.0374', 'HR@20': '0.1183', 'NDCG@20': '0.0486'}
2025-06-19 14:21:49,744 - EarlyStopping counter: 6 out of 10
2025-06-19 14:21:53,076 - {'epoch': 68, 'rec_loss': '6.1220'}
2025-06-19 14:21:53,556 - {'Epoch': 68, 'HR@5': '0.0413', 'NDCG@5': '0.0286', 'HR@10': '0.0716', 'NDCG@10': '0.0385', 'HR@20': '0.1284', 'NDCG@20': '0.0527'}
2025-06-19 14:21:53,557 - Validation score increased.  Saving model ...
2025-06-19 14:21:56,896 - {'epoch': 69, 'rec_loss': '6.1219'}
2025-06-19 14:21:57,390 - {'Epoch': 69, 'HR@5': '0.0450', 'NDCG@5': '0.0296', 'HR@10': '0.0798', 'NDCG@10': '0.0407', 'HR@20': '0.1257', 'NDCG@20': '0.0523'}
2025-06-19 14:21:57,391 - EarlyStopping counter: 1 out of 10
2025-06-19 14:22:00,729 - {'epoch': 70, 'rec_loss': '6.1135'}
2025-06-19 14:22:01,231 - {'Epoch': 70, 'HR@5': '0.0486', 'NDCG@5': '0.0326', 'HR@10': '0.0817', 'NDCG@10': '0.0433', 'HR@20': '0.1312', 'NDCG@20': '0.0556'}
2025-06-19 14:22:01,232 - Validation score increased.  Saving model ...
2025-06-19 14:22:04,575 - {'epoch': 71, 'rec_loss': '6.0995'}
2025-06-19 14:22:05,088 - {'Epoch': 71, 'HR@5': '0.0431', 'NDCG@5': '0.0296', 'HR@10': '0.0752', 'NDCG@10': '0.0396', 'HR@20': '0.1248', 'NDCG@20': '0.0520'}
2025-06-19 14:22:05,088 - EarlyStopping counter: 1 out of 10
2025-06-19 14:22:08,423 - {'epoch': 72, 'rec_loss': '6.1016'}
2025-06-19 14:22:08,897 - {'Epoch': 72, 'HR@5': '0.0477', 'NDCG@5': '0.0309', 'HR@10': '0.0697', 'NDCG@10': '0.0380', 'HR@20': '0.1239', 'NDCG@20': '0.0515'}
2025-06-19 14:22:08,898 - EarlyStopping counter: 2 out of 10
2025-06-19 14:22:12,236 - {'epoch': 73, 'rec_loss': '6.0962'}
2025-06-19 14:22:12,748 - {'Epoch': 73, 'HR@5': '0.0440', 'NDCG@5': '0.0303', 'HR@10': '0.0734', 'NDCG@10': '0.0396', 'HR@20': '0.1266', 'NDCG@20': '0.0528'}
2025-06-19 14:22:12,749 - EarlyStopping counter: 3 out of 10
2025-06-19 14:22:16,051 - {'epoch': 74, 'rec_loss': '6.0922'}
2025-06-19 14:22:16,527 - {'Epoch': 74, 'HR@5': '0.0450', 'NDCG@5': '0.0284', 'HR@10': '0.0752', 'NDCG@10': '0.0378', 'HR@20': '0.1183', 'NDCG@20': '0.0486'}
2025-06-19 14:22:16,528 - EarlyStopping counter: 4 out of 10
2025-06-19 14:22:19,826 - {'epoch': 75, 'rec_loss': '6.0727'}
2025-06-19 14:22:20,308 - {'Epoch': 75, 'HR@5': '0.0413', 'NDCG@5': '0.0282', 'HR@10': '0.0716', 'NDCG@10': '0.0383', 'HR@20': '0.1128', 'NDCG@20': '0.0485'}
2025-06-19 14:22:20,309 - EarlyStopping counter: 5 out of 10
2025-06-19 14:22:23,647 - {'epoch': 76, 'rec_loss': '6.0766'}
2025-06-19 14:22:24,132 - {'Epoch': 76, 'HR@5': '0.0440', 'NDCG@5': '0.0305', 'HR@10': '0.0697', 'NDCG@10': '0.0387', 'HR@20': '0.1220', 'NDCG@20': '0.0517'}
2025-06-19 14:22:24,133 - EarlyStopping counter: 6 out of 10
2025-06-19 14:22:27,443 - {'epoch': 77, 'rec_loss': '6.0687'}
2025-06-19 14:22:27,914 - {'Epoch': 77, 'HR@5': '0.0450', 'NDCG@5': '0.0302', 'HR@10': '0.0706', 'NDCG@10': '0.0383', 'HR@20': '0.1229', 'NDCG@20': '0.0513'}
2025-06-19 14:22:27,915 - EarlyStopping counter: 7 out of 10
2025-06-19 14:22:31,228 - {'epoch': 78, 'rec_loss': '6.0531'}
2025-06-19 14:22:31,704 - {'Epoch': 78, 'HR@5': '0.0468', 'NDCG@5': '0.0294', 'HR@10': '0.0679', 'NDCG@10': '0.0361', 'HR@20': '0.1174', 'NDCG@20': '0.0486'}
2025-06-19 14:22:31,704 - EarlyStopping counter: 8 out of 10
2025-06-19 14:22:35,054 - {'epoch': 79, 'rec_loss': '6.0509'}
2025-06-19 14:22:35,544 - {'Epoch': 79, 'HR@5': '0.0422', 'NDCG@5': '0.0285', 'HR@10': '0.0716', 'NDCG@10': '0.0378', 'HR@20': '0.1193', 'NDCG@20': '0.0496'}
2025-06-19 14:22:35,545 - EarlyStopping counter: 9 out of 10
2025-06-19 14:22:38,867 - {'epoch': 80, 'rec_loss': '6.0405'}
2025-06-19 14:22:39,353 - {'Epoch': 80, 'HR@5': '0.0468', 'NDCG@5': '0.0310', 'HR@10': '0.0734', 'NDCG@10': '0.0394', 'HR@20': '0.1294', 'NDCG@20': '0.0534'}
2025-06-19 14:22:39,354 - EarlyStopping counter: 10 out of 10
2025-06-19 14:22:39,354 - Early stopping
2025-06-19 14:22:39,354 - ---------------Test Score---------------
2025-06-19 14:22:39,861 - {'Epoch': 0, 'HR@5': '0.0239', 'NDCG@5': '0.0152', 'HR@10': '0.0505', 'NDCG@10': '0.0239', 'HR@20': '0.0826', 'NDCG@20': '0.0319'}
2025-06-19 14:22:39,861 - BERT4Rec_LastFM_43
2025-06-19 14:22:39,862 - {'Epoch': 0, 'HR@5': '0.0239', 'NDCG@5': '0.0152', 'HR@10': '0.0505', 'NDCG@10': '0.0239', 'HR@20': '0.0826', 'NDCG@20': '0.0319'}
