2025-06-19 14:26:24,802 - Namespace(data_dir='data/self_processed/', output_dir='output/BERT4Rec/', data_name='Diginetica', do_eval=False, load_model=None, train_name='BERT4Rec_Diginetica_45', num_items=10, num_users=14829, lr=0.001, batch_size=256, epochs=200, no_cuda=False, log_freq=1, patience=10, num_workers=4, seed=45, weight_decay=0.0, adam_beta1=0.9, adam_beta2=0.999, gpu_id='0', variance=5, model_type='BERT4Rec', max_seq_length=50, hidden_size=64, num_hidden_layers=2, hidden_act='gelu', num_attention_heads=4, attention_probs_dropout_prob=0.5, hidden_dropout_prob=0.5, initializer_range=0.02, mask_ratio=0.2, cuda_condition=True, data_file='data/self_processed/Diginetica.txt', item_size=9441, checkpoint_path='output/BERT4Rec/BERT4Rec_Diginetica_45.pt', same_target_path='data/self_processed/Diginetica_same_target.npy')
2025-06-19 14:26:24,825 - BERT4RecModel(
  (item_embeddings): Embedding(9442, 64, padding_idx=0)
  (position_embeddings): Embedding(50, 64)
  (item_encoder): TransformerEncoder(
    (blocks): ModuleList(
      (0): TransformerBlock(
        (layer): MultiHeadAttention(
          (query): Linear(in_features=64, out_features=64, bias=True)
          (key): Linear(in_features=64, out_features=64, bias=True)
          (value): Linear(in_features=64, out_features=64, bias=True)
          (softmax): Softmax(dim=-1)
          (attn_dropout): Dropout(p=0.5, inplace=False)
          (dense): Linear(in_features=64, out_features=64, bias=True)
          (LayerNorm): LayerNorm((64,), eps=1e-12, elementwise_affine=True)
          (out_dropout): Dropout(p=0.5, inplace=False)
        )
        (feed_forward): FeedForward(
          (dense_1): Linear(in_features=64, out_features=256, bias=True)
          (dense_2): Linear(in_features=256, out_features=64, bias=True)
          (LayerNorm): LayerNorm()
          (dropout): Dropout(p=0.5, inplace=False)
        )
      )
      (1): TransformerBlock(
        (layer): MultiHeadAttention(
          (query): Linear(in_features=64, out_features=64, bias=True)
          (key): Linear(in_features=64, out_features=64, bias=True)
          (value): Linear(in_features=64, out_features=64, bias=True)
          (softmax): Softmax(dim=-1)
          (attn_dropout): Dropout(p=0.5, inplace=False)
          (dense): Linear(in_features=64, out_features=64, bias=True)
          (LayerNorm): LayerNorm((64,), eps=1e-12, elementwise_affine=True)
          (out_dropout): Dropout(p=0.5, inplace=False)
        )
        (feed_forward): FeedForward(
          (dense_1): Linear(in_features=64, out_features=256, bias=True)
          (dense_2): Linear(in_features=256, out_features=64, bias=True)
          (LayerNorm): LayerNorm()
          (dropout): Dropout(p=0.5, inplace=False)
        )
      )
    )
  )
  (LayerNorm): LayerNorm()
  (dropout): Dropout(p=0.5, inplace=False)
)
2025-06-19 14:26:27,004 - Total Parameters: 707584
2025-06-19 14:26:38,389 - {'epoch': 0, 'rec_loss': '8.8883'}
2025-06-19 14:26:42,586 - {'Epoch': 0, 'HR@5': '0.0033', 'NDCG@5': '0.0021', 'HR@10': '0.0061', 'NDCG@10': '0.0030', 'HR@20': '0.0115', 'NDCG@20': '0.0043'}
2025-06-19 14:26:42,589 - Validation score increased.  Saving model ...
2025-06-19 14:26:53,445 - {'epoch': 1, 'rec_loss': '8.5173'}
2025-06-19 14:26:57,891 - {'Epoch': 1, 'HR@5': '0.0065', 'NDCG@5': '0.0039', 'HR@10': '0.0127', 'NDCG@10': '0.0059', 'HR@20': '0.0225', 'NDCG@20': '0.0083'}
2025-06-19 14:26:57,893 - Validation score increased.  Saving model ...
2025-06-19 14:27:08,816 - {'epoch': 2, 'rec_loss': '8.1629'}
2025-06-19 14:27:13,134 - {'Epoch': 2, 'HR@5': '0.0121', 'NDCG@5': '0.0078', 'HR@10': '0.0220', 'NDCG@10': '0.0109', 'HR@20': '0.0378', 'NDCG@20': '0.0149'}
2025-06-19 14:27:13,136 - Validation score increased.  Saving model ...
2025-06-19 14:27:24,025 - {'epoch': 3, 'rec_loss': '7.8968'}
2025-06-19 14:27:28,314 - {'Epoch': 3, 'HR@5': '0.0183', 'NDCG@5': '0.0117', 'HR@10': '0.0316', 'NDCG@10': '0.0159', 'HR@20': '0.0527', 'NDCG@20': '0.0212'}
2025-06-19 14:27:28,315 - Validation score increased.  Saving model ...
2025-06-19 14:27:39,156 - {'epoch': 4, 'rec_loss': '7.6698'}
2025-06-19 14:27:43,360 - {'Epoch': 4, 'HR@5': '0.0242', 'NDCG@5': '0.0153', 'HR@10': '0.0416', 'NDCG@10': '0.0208', 'HR@20': '0.0693', 'NDCG@20': '0.0277'}
2025-06-19 14:27:43,361 - Validation score increased.  Saving model ...
2025-06-19 14:27:54,257 - {'epoch': 5, 'rec_loss': '7.4687'}
2025-06-19 14:27:58,555 - {'Epoch': 5, 'HR@5': '0.0318', 'NDCG@5': '0.0203', 'HR@10': '0.0532', 'NDCG@10': '0.0272', 'HR@20': '0.0879', 'NDCG@20': '0.0359'}
2025-06-19 14:27:58,555 - Validation score increased.  Saving model ...
2025-06-19 14:28:09,428 - {'epoch': 6, 'rec_loss': '7.2723'}
2025-06-19 14:28:13,660 - {'Epoch': 6, 'HR@5': '0.0407', 'NDCG@5': '0.0250', 'HR@10': '0.0686', 'NDCG@10': '0.0339', 'HR@20': '0.1082', 'NDCG@20': '0.0439'}
2025-06-19 14:28:13,661 - Validation score increased.  Saving model ...
2025-06-19 14:28:24,511 - {'epoch': 7, 'rec_loss': '7.0632'}
2025-06-19 14:28:28,734 - {'Epoch': 7, 'HR@5': '0.0488', 'NDCG@5': '0.0308', 'HR@10': '0.0805', 'NDCG@10': '0.0410', 'HR@20': '0.1298', 'NDCG@20': '0.0534'}
2025-06-19 14:28:28,734 - Validation score increased.  Saving model ...
2025-06-19 14:28:39,635 - {'epoch': 8, 'rec_loss': '6.8853'}
2025-06-19 14:28:43,905 - {'Epoch': 8, 'HR@5': '0.0556', 'NDCG@5': '0.0352', 'HR@10': '0.0932', 'NDCG@10': '0.0473', 'HR@20': '0.1463', 'NDCG@20': '0.0607'}
2025-06-19 14:28:43,905 - Validation score increased.  Saving model ...
2025-06-19 14:28:54,735 - {'epoch': 9, 'rec_loss': '6.7343'}
2025-06-19 14:28:59,039 - {'Epoch': 9, 'HR@5': '0.0645', 'NDCG@5': '0.0412', 'HR@10': '0.1046', 'NDCG@10': '0.0541', 'HR@20': '0.1689', 'NDCG@20': '0.0702'}
2025-06-19 14:28:59,040 - Validation score increased.  Saving model ...
2025-06-19 14:29:09,841 - {'epoch': 10, 'rec_loss': '6.6016'}
2025-06-19 14:29:14,143 - {'Epoch': 10, 'HR@5': '0.0720', 'NDCG@5': '0.0459', 'HR@10': '0.1175', 'NDCG@10': '0.0606', 'HR@20': '0.1827', 'NDCG@20': '0.0769'}
2025-06-19 14:29:14,143 - Validation score increased.  Saving model ...
2025-06-19 14:29:25,036 - {'epoch': 11, 'rec_loss': '6.4880'}
2025-06-19 14:29:29,342 - {'Epoch': 11, 'HR@5': '0.0729', 'NDCG@5': '0.0456', 'HR@10': '0.1215', 'NDCG@10': '0.0612', 'HR@20': '0.1954', 'NDCG@20': '0.0797'}
2025-06-19 14:29:29,342 - Validation score increased.  Saving model ...
2025-06-19 14:29:40,177 - {'epoch': 12, 'rec_loss': '6.4017'}
2025-06-19 14:29:44,494 - {'Epoch': 12, 'HR@5': '0.0794', 'NDCG@5': '0.0501', 'HR@10': '0.1339', 'NDCG@10': '0.0675', 'HR@20': '0.2083', 'NDCG@20': '0.0863'}
2025-06-19 14:29:44,494 - Validation score increased.  Saving model ...
2025-06-19 14:29:55,329 - {'epoch': 13, 'rec_loss': '6.3174'}
2025-06-19 14:29:59,623 - {'Epoch': 13, 'HR@5': '0.0845', 'NDCG@5': '0.0533', 'HR@10': '0.1423', 'NDCG@10': '0.0719', 'HR@20': '0.2228', 'NDCG@20': '0.0921'}
2025-06-19 14:29:59,629 - Validation score increased.  Saving model ...
2025-06-19 14:30:10,483 - {'epoch': 14, 'rec_loss': '6.2361'}
2025-06-19 14:30:14,760 - {'Epoch': 14, 'HR@5': '0.0887', 'NDCG@5': '0.0554', 'HR@10': '0.1490', 'NDCG@10': '0.0749', 'HR@20': '0.2331', 'NDCG@20': '0.0960'}
2025-06-19 14:30:14,760 - Validation score increased.  Saving model ...
2025-06-19 14:30:25,629 - {'epoch': 15, 'rec_loss': '6.1691'}
2025-06-19 14:30:29,934 - {'Epoch': 15, 'HR@5': '0.0945', 'NDCG@5': '0.0601', 'HR@10': '0.1561', 'NDCG@10': '0.0798', 'HR@20': '0.2376', 'NDCG@20': '0.1003'}
2025-06-19 14:30:29,935 - Validation score increased.  Saving model ...
2025-06-19 14:30:40,792 - {'epoch': 16, 'rec_loss': '6.1104'}
2025-06-19 14:30:45,088 - {'Epoch': 16, 'HR@5': '0.0967', 'NDCG@5': '0.0620', 'HR@10': '0.1612', 'NDCG@10': '0.0826', 'HR@20': '0.2447', 'NDCG@20': '0.1036'}
2025-06-19 14:30:45,091 - Validation score increased.  Saving model ...
2025-06-19 14:30:55,953 - {'epoch': 17, 'rec_loss': '6.0587'}
2025-06-19 14:31:00,258 - {'Epoch': 17, 'HR@5': '0.1037', 'NDCG@5': '0.0650', 'HR@10': '0.1665', 'NDCG@10': '0.0852', 'HR@20': '0.2576', 'NDCG@20': '0.1081'}
2025-06-19 14:31:00,259 - Validation score increased.  Saving model ...
2025-06-19 14:31:11,072 - {'epoch': 18, 'rec_loss': '6.0028'}
2025-06-19 14:31:15,381 - {'Epoch': 18, 'HR@5': '0.1060', 'NDCG@5': '0.0678', 'HR@10': '0.1728', 'NDCG@10': '0.0892', 'HR@20': '0.2634', 'NDCG@20': '0.1121'}
2025-06-19 14:31:15,382 - Validation score increased.  Saving model ...
2025-06-19 14:31:26,272 - {'epoch': 19, 'rec_loss': '5.9586'}
2025-06-19 14:31:30,570 - {'Epoch': 19, 'HR@5': '0.1119', 'NDCG@5': '0.0696', 'HR@10': '0.1765', 'NDCG@10': '0.0904', 'HR@20': '0.2690', 'NDCG@20': '0.1137'}
2025-06-19 14:31:30,573 - Validation score increased.  Saving model ...
2025-06-19 14:31:41,382 - {'epoch': 20, 'rec_loss': '5.9168'}
2025-06-19 14:31:45,723 - {'Epoch': 20, 'HR@5': '0.1098', 'NDCG@5': '0.0708', 'HR@10': '0.1803', 'NDCG@10': '0.0934', 'HR@20': '0.2732', 'NDCG@20': '0.1169'}
2025-06-19 14:31:45,725 - Validation score increased.  Saving model ...
2025-06-19 14:31:56,618 - {'epoch': 21, 'rec_loss': '5.8892'}
2025-06-19 14:32:00,941 - {'Epoch': 21, 'HR@5': '0.1149', 'NDCG@5': '0.0717', 'HR@10': '0.1871', 'NDCG@10': '0.0949', 'HR@20': '0.2794', 'NDCG@20': '0.1182'}
2025-06-19 14:32:00,943 - Validation score increased.  Saving model ...
2025-06-19 14:32:11,779 - {'epoch': 22, 'rec_loss': '5.8525'}
2025-06-19 14:32:16,071 - {'Epoch': 22, 'HR@5': '0.1136', 'NDCG@5': '0.0718', 'HR@10': '0.1863', 'NDCG@10': '0.0951', 'HR@20': '0.2825', 'NDCG@20': '0.1194'}
2025-06-19 14:32:16,072 - Validation score increased.  Saving model ...
2025-06-19 14:32:26,925 - {'epoch': 23, 'rec_loss': '5.8325'}
2025-06-19 14:32:31,247 - {'Epoch': 23, 'HR@5': '0.1143', 'NDCG@5': '0.0730', 'HR@10': '0.1876', 'NDCG@10': '0.0966', 'HR@20': '0.2865', 'NDCG@20': '0.1215'}
2025-06-19 14:32:31,249 - Validation score increased.  Saving model ...
2025-06-19 14:32:42,119 - {'epoch': 24, 'rec_loss': '5.8086'}
2025-06-19 14:32:46,453 - {'Epoch': 24, 'HR@5': '0.1175', 'NDCG@5': '0.0748', 'HR@10': '0.1940', 'NDCG@10': '0.0994', 'HR@20': '0.2905', 'NDCG@20': '0.1237'}
2025-06-19 14:32:46,453 - Validation score increased.  Saving model ...
2025-06-19 14:32:57,280 - {'epoch': 25, 'rec_loss': '5.7746'}
2025-06-19 14:33:01,572 - {'Epoch': 25, 'HR@5': '0.1206', 'NDCG@5': '0.0775', 'HR@10': '0.1922', 'NDCG@10': '0.1005', 'HR@20': '0.2899', 'NDCG@20': '0.1251'}
2025-06-19 14:33:01,573 - Validation score increased.  Saving model ...
2025-06-19 14:33:12,437 - {'epoch': 26, 'rec_loss': '5.7577'}
2025-06-19 14:33:16,757 - {'Epoch': 26, 'HR@5': '0.1227', 'NDCG@5': '0.0770', 'HR@10': '0.1967', 'NDCG@10': '0.1007', 'HR@20': '0.2911', 'NDCG@20': '0.1245'}
2025-06-19 14:33:16,758 - EarlyStopping counter: 1 out of 10
2025-06-19 14:33:27,615 - {'epoch': 27, 'rec_loss': '5.7342'}
2025-06-19 14:33:31,983 - {'Epoch': 27, 'HR@5': '0.1224', 'NDCG@5': '0.0782', 'HR@10': '0.1966', 'NDCG@10': '0.1021', 'HR@20': '0.2935', 'NDCG@20': '0.1265'}
2025-06-19 14:33:31,984 - Validation score increased.  Saving model ...
2025-06-19 14:33:42,813 - {'epoch': 28, 'rec_loss': '5.7079'}
2025-06-19 14:33:47,182 - {'Epoch': 28, 'HR@5': '0.1226', 'NDCG@5': '0.0778', 'HR@10': '0.1988', 'NDCG@10': '0.1022', 'HR@20': '0.2971', 'NDCG@20': '0.1270'}
2025-06-19 14:33:47,182 - Validation score increased.  Saving model ...
2025-06-19 14:33:58,025 - {'epoch': 29, 'rec_loss': '5.6915'}
2025-06-19 14:34:02,404 - {'Epoch': 29, 'HR@5': '0.1248', 'NDCG@5': '0.0794', 'HR@10': '0.1970', 'NDCG@10': '0.1026', 'HR@20': '0.2980', 'NDCG@20': '0.1281'}
2025-06-19 14:34:02,408 - Validation score increased.  Saving model ...
2025-06-19 14:34:13,248 - {'epoch': 30, 'rec_loss': '5.6692'}
2025-06-19 14:34:17,538 - {'Epoch': 30, 'HR@5': '0.1262', 'NDCG@5': '0.0805', 'HR@10': '0.2035', 'NDCG@10': '0.1053', 'HR@20': '0.3011', 'NDCG@20': '0.1298'}
2025-06-19 14:34:17,540 - Validation score increased.  Saving model ...
2025-06-19 14:34:28,375 - {'epoch': 31, 'rec_loss': '5.6555'}
2025-06-19 14:34:32,695 - {'Epoch': 31, 'HR@5': '0.1281', 'NDCG@5': '0.0812', 'HR@10': '0.2019', 'NDCG@10': '0.1049', 'HR@20': '0.3000', 'NDCG@20': '0.1296'}
2025-06-19 14:34:32,696 - EarlyStopping counter: 1 out of 10
2025-06-19 14:34:43,517 - {'epoch': 32, 'rec_loss': '5.6354'}
2025-06-19 14:34:47,802 - {'Epoch': 32, 'HR@5': '0.1281', 'NDCG@5': '0.0813', 'HR@10': '0.2048', 'NDCG@10': '0.1060', 'HR@20': '0.3018', 'NDCG@20': '0.1304'}
2025-06-19 14:34:47,803 - Validation score increased.  Saving model ...
2025-06-19 14:34:58,672 - {'epoch': 33, 'rec_loss': '5.6107'}
2025-06-19 14:35:03,032 - {'Epoch': 33, 'HR@5': '0.1304', 'NDCG@5': '0.0834', 'HR@10': '0.2045', 'NDCG@10': '0.1072', 'HR@20': '0.3061', 'NDCG@20': '0.1329'}
2025-06-19 14:35:03,033 - Validation score increased.  Saving model ...
2025-06-19 14:35:13,890 - {'epoch': 34, 'rec_loss': '5.5985'}
2025-06-19 14:35:18,195 - {'Epoch': 34, 'HR@5': '0.1267', 'NDCG@5': '0.0809', 'HR@10': '0.2044', 'NDCG@10': '0.1059', 'HR@20': '0.3046', 'NDCG@20': '0.1312'}
2025-06-19 14:35:18,197 - EarlyStopping counter: 1 out of 10
2025-06-19 14:35:29,044 - {'epoch': 35, 'rec_loss': '5.5832'}
2025-06-19 14:35:33,383 - {'Epoch': 35, 'HR@5': '0.1284', 'NDCG@5': '0.0822', 'HR@10': '0.2045', 'NDCG@10': '0.1068', 'HR@20': '0.3053', 'NDCG@20': '0.1322'}
2025-06-19 14:35:33,385 - EarlyStopping counter: 2 out of 10
2025-06-19 14:35:44,208 - {'epoch': 36, 'rec_loss': '5.5719'}
2025-06-19 14:35:48,556 - {'Epoch': 36, 'HR@5': '0.1316', 'NDCG@5': '0.0832', 'HR@10': '0.2072', 'NDCG@10': '0.1076', 'HR@20': '0.3048', 'NDCG@20': '0.1321'}
2025-06-19 14:35:48,558 - EarlyStopping counter: 3 out of 10
2025-06-19 14:35:59,419 - {'epoch': 37, 'rec_loss': '5.5475'}
2025-06-19 14:36:03,720 - {'Epoch': 37, 'HR@5': '0.1329', 'NDCG@5': '0.0842', 'HR@10': '0.2139', 'NDCG@10': '0.1102', 'HR@20': '0.3108', 'NDCG@20': '0.1346'}
2025-06-19 14:36:03,721 - Validation score increased.  Saving model ...
2025-06-19 14:36:14,545 - {'epoch': 38, 'rec_loss': '5.5304'}
2025-06-19 14:36:18,882 - {'Epoch': 38, 'HR@5': '0.1312', 'NDCG@5': '0.0838', 'HR@10': '0.2125', 'NDCG@10': '0.1099', 'HR@20': '0.3100', 'NDCG@20': '0.1345'}
2025-06-19 14:36:18,885 - EarlyStopping counter: 1 out of 10
2025-06-19 14:36:29,808 - {'epoch': 39, 'rec_loss': '5.5283'}
2025-06-19 14:36:34,129 - {'Epoch': 39, 'HR@5': '0.1344', 'NDCG@5': '0.0867', 'HR@10': '0.2112', 'NDCG@10': '0.1114', 'HR@20': '0.3093', 'NDCG@20': '0.1362'}
2025-06-19 14:36:34,129 - Validation score increased.  Saving model ...
2025-06-19 14:36:44,962 - {'epoch': 40, 'rec_loss': '5.4996'}
2025-06-19 14:36:49,326 - {'Epoch': 40, 'HR@5': '0.1352', 'NDCG@5': '0.0864', 'HR@10': '0.2133', 'NDCG@10': '0.1116', 'HR@20': '0.3114', 'NDCG@20': '0.1363'}
2025-06-19 14:36:49,327 - Validation score increased.  Saving model ...
2025-06-19 14:37:00,224 - {'epoch': 41, 'rec_loss': '5.4756'}
2025-06-19 14:37:04,584 - {'Epoch': 41, 'HR@5': '0.1357', 'NDCG@5': '0.0871', 'HR@10': '0.2158', 'NDCG@10': '0.1128', 'HR@20': '0.3123', 'NDCG@20': '0.1373'}
2025-06-19 14:37:04,585 - Validation score increased.  Saving model ...
2025-06-19 14:37:15,486 - {'epoch': 42, 'rec_loss': '5.4658'}
2025-06-19 14:37:19,818 - {'Epoch': 42, 'HR@5': '0.1372', 'NDCG@5': '0.0889', 'HR@10': '0.2198', 'NDCG@10': '0.1155', 'HR@20': '0.3149', 'NDCG@20': '0.1395'}
2025-06-19 14:37:19,821 - Validation score increased.  Saving model ...
2025-06-19 14:37:30,707 - {'epoch': 43, 'rec_loss': '5.4609'}
2025-06-19 14:37:35,091 - {'Epoch': 43, 'HR@5': '0.1361', 'NDCG@5': '0.0865', 'HR@10': '0.2141', 'NDCG@10': '0.1116', 'HR@20': '0.3166', 'NDCG@20': '0.1375'}
2025-06-19 14:37:35,093 - EarlyStopping counter: 1 out of 10
2025-06-19 14:37:45,951 - {'epoch': 44, 'rec_loss': '5.4437'}
2025-06-19 14:37:50,255 - {'Epoch': 44, 'HR@5': '0.1351', 'NDCG@5': '0.0871', 'HR@10': '0.2161', 'NDCG@10': '0.1132', 'HR@20': '0.3174', 'NDCG@20': '0.1387'}
2025-06-19 14:37:50,257 - EarlyStopping counter: 2 out of 10
2025-06-19 14:38:01,133 - {'epoch': 45, 'rec_loss': '5.4311'}
2025-06-19 14:38:05,437 - {'Epoch': 45, 'HR@5': '0.1358', 'NDCG@5': '0.0872', 'HR@10': '0.2155', 'NDCG@10': '0.1129', 'HR@20': '0.3166', 'NDCG@20': '0.1384'}
2025-06-19 14:38:05,439 - EarlyStopping counter: 3 out of 10
2025-06-19 14:38:16,301 - {'epoch': 46, 'rec_loss': '5.4107'}
2025-06-19 14:38:20,626 - {'Epoch': 46, 'HR@5': '0.1384', 'NDCG@5': '0.0892', 'HR@10': '0.2239', 'NDCG@10': '0.1167', 'HR@20': '0.3211', 'NDCG@20': '0.1412'}
2025-06-19 14:38:20,628 - Validation score increased.  Saving model ...
2025-06-19 14:38:31,508 - {'epoch': 47, 'rec_loss': '5.4007'}
2025-06-19 14:38:35,834 - {'Epoch': 47, 'HR@5': '0.1429', 'NDCG@5': '0.0917', 'HR@10': '0.2201', 'NDCG@10': '0.1166', 'HR@20': '0.3193', 'NDCG@20': '0.1417'}
2025-06-19 14:38:35,836 - Validation score increased.  Saving model ...
2025-06-19 14:38:46,700 - {'epoch': 48, 'rec_loss': '5.3852'}
2025-06-19 14:38:51,004 - {'Epoch': 48, 'HR@5': '0.1424', 'NDCG@5': '0.0922', 'HR@10': '0.2192', 'NDCG@10': '0.1169', 'HR@20': '0.3218', 'NDCG@20': '0.1428'}
2025-06-19 14:38:51,006 - Validation score increased.  Saving model ...
2025-06-19 14:39:01,875 - {'epoch': 49, 'rec_loss': '5.3872'}
2025-06-19 14:39:06,173 - {'Epoch': 49, 'HR@5': '0.1391', 'NDCG@5': '0.0904', 'HR@10': '0.2199', 'NDCG@10': '0.1165', 'HR@20': '0.3222', 'NDCG@20': '0.1422'}
2025-06-19 14:39:06,174 - EarlyStopping counter: 1 out of 10
2025-06-19 14:39:17,062 - {'epoch': 50, 'rec_loss': '5.3787'}
2025-06-19 14:39:21,340 - {'Epoch': 50, 'HR@5': '0.1406', 'NDCG@5': '0.0897', 'HR@10': '0.2232', 'NDCG@10': '0.1163', 'HR@20': '0.3195', 'NDCG@20': '0.1406'}
2025-06-19 14:39:21,342 - EarlyStopping counter: 2 out of 10
2025-06-19 14:39:32,194 - {'epoch': 51, 'rec_loss': '5.3702'}
2025-06-19 14:39:36,551 - {'Epoch': 51, 'HR@5': '0.1405', 'NDCG@5': '0.0912', 'HR@10': '0.2224', 'NDCG@10': '0.1176', 'HR@20': '0.3209', 'NDCG@20': '0.1424'}
2025-06-19 14:39:36,552 - EarlyStopping counter: 3 out of 10
2025-06-19 14:39:47,362 - {'epoch': 52, 'rec_loss': '5.3549'}
2025-06-19 14:39:51,693 - {'Epoch': 52, 'HR@5': '0.1453', 'NDCG@5': '0.0928', 'HR@10': '0.2222', 'NDCG@10': '0.1177', 'HR@20': '0.3199', 'NDCG@20': '0.1424'}
2025-06-19 14:39:51,695 - EarlyStopping counter: 4 out of 10
2025-06-19 14:40:02,576 - {'epoch': 53, 'rec_loss': '5.3415'}
2025-06-19 14:40:06,980 - {'Epoch': 53, 'HR@5': '0.1449', 'NDCG@5': '0.0932', 'HR@10': '0.2252', 'NDCG@10': '0.1191', 'HR@20': '0.3234', 'NDCG@20': '0.1439'}
2025-06-19 14:40:06,981 - Validation score increased.  Saving model ...
2025-06-19 14:40:17,840 - {'epoch': 54, 'rec_loss': '5.3376'}
2025-06-19 14:40:22,200 - {'Epoch': 54, 'HR@5': '0.1436', 'NDCG@5': '0.0931', 'HR@10': '0.2217', 'NDCG@10': '0.1182', 'HR@20': '0.3198', 'NDCG@20': '0.1430'}
2025-06-19 14:40:22,201 - EarlyStopping counter: 1 out of 10
2025-06-19 14:40:33,058 - {'epoch': 55, 'rec_loss': '5.3228'}
2025-06-19 14:40:37,394 - {'Epoch': 55, 'HR@5': '0.1428', 'NDCG@5': '0.0917', 'HR@10': '0.2210', 'NDCG@10': '0.1168', 'HR@20': '0.3217', 'NDCG@20': '0.1422'}
2025-06-19 14:40:37,397 - EarlyStopping counter: 2 out of 10
2025-06-19 14:40:48,277 - {'epoch': 56, 'rec_loss': '5.3142'}
2025-06-19 14:40:52,595 - {'Epoch': 56, 'HR@5': '0.1445', 'NDCG@5': '0.0940', 'HR@10': '0.2262', 'NDCG@10': '0.1203', 'HR@20': '0.3243', 'NDCG@20': '0.1450'}
2025-06-19 14:40:52,597 - Validation score increased.  Saving model ...
2025-06-19 14:41:03,440 - {'epoch': 57, 'rec_loss': '5.2992'}
2025-06-19 14:41:07,764 - {'Epoch': 57, 'HR@5': '0.1453', 'NDCG@5': '0.0930', 'HR@10': '0.2284', 'NDCG@10': '0.1197', 'HR@20': '0.3237', 'NDCG@20': '0.1438'}
2025-06-19 14:41:07,766 - EarlyStopping counter: 1 out of 10
2025-06-19 14:41:18,585 - {'epoch': 58, 'rec_loss': '5.2962'}
2025-06-19 14:41:22,916 - {'Epoch': 58, 'HR@5': '0.1451', 'NDCG@5': '0.0940', 'HR@10': '0.2286', 'NDCG@10': '0.1209', 'HR@20': '0.3231', 'NDCG@20': '0.1448'}
2025-06-19 14:41:22,918 - EarlyStopping counter: 2 out of 10
2025-06-19 14:41:33,715 - {'epoch': 59, 'rec_loss': '5.2870'}
2025-06-19 14:41:38,111 - {'Epoch': 59, 'HR@5': '0.1490', 'NDCG@5': '0.0965', 'HR@10': '0.2267', 'NDCG@10': '0.1215', 'HR@20': '0.3249', 'NDCG@20': '0.1462'}
2025-06-19 14:41:38,112 - Validation score increased.  Saving model ...
2025-06-19 14:41:48,979 - {'epoch': 60, 'rec_loss': '5.2860'}
2025-06-19 14:41:53,362 - {'Epoch': 60, 'HR@5': '0.1470', 'NDCG@5': '0.0941', 'HR@10': '0.2265', 'NDCG@10': '0.1197', 'HR@20': '0.3245', 'NDCG@20': '0.1443'}
2025-06-19 14:41:53,363 - EarlyStopping counter: 1 out of 10
2025-06-19 14:42:04,213 - {'epoch': 61, 'rec_loss': '5.2763'}
2025-06-19 14:42:08,589 - {'Epoch': 61, 'HR@5': '0.1466', 'NDCG@5': '0.0936', 'HR@10': '0.2287', 'NDCG@10': '0.1201', 'HR@20': '0.3247', 'NDCG@20': '0.1444'}
2025-06-19 14:42:08,593 - EarlyStopping counter: 2 out of 10
2025-06-19 14:42:19,438 - {'epoch': 62, 'rec_loss': '5.2708'}
2025-06-19 14:42:23,786 - {'Epoch': 62, 'HR@5': '0.1465', 'NDCG@5': '0.0934', 'HR@10': '0.2276', 'NDCG@10': '0.1195', 'HR@20': '0.3269', 'NDCG@20': '0.1445'}
2025-06-19 14:42:23,788 - EarlyStopping counter: 3 out of 10
2025-06-19 14:42:34,632 - {'epoch': 63, 'rec_loss': '5.2527'}
2025-06-19 14:42:38,951 - {'Epoch': 63, 'HR@5': '0.1470', 'NDCG@5': '0.0949', 'HR@10': '0.2279', 'NDCG@10': '0.1210', 'HR@20': '0.3261', 'NDCG@20': '0.1457'}
2025-06-19 14:42:38,952 - EarlyStopping counter: 4 out of 10
2025-06-19 14:42:49,745 - {'epoch': 64, 'rec_loss': '5.2497'}
2025-06-19 14:42:54,094 - {'Epoch': 64, 'HR@5': '0.1472', 'NDCG@5': '0.0948', 'HR@10': '0.2284', 'NDCG@10': '0.1210', 'HR@20': '0.3254', 'NDCG@20': '0.1455'}
2025-06-19 14:42:54,096 - EarlyStopping counter: 5 out of 10
2025-06-19 14:43:04,945 - {'epoch': 65, 'rec_loss': '5.2415'}
2025-06-19 14:43:09,250 - {'Epoch': 65, 'HR@5': '0.1458', 'NDCG@5': '0.0947', 'HR@10': '0.2294', 'NDCG@10': '0.1215', 'HR@20': '0.3260', 'NDCG@20': '0.1458'}
2025-06-19 14:43:09,252 - EarlyStopping counter: 6 out of 10
2025-06-19 14:43:20,070 - {'epoch': 66, 'rec_loss': '5.2392'}
2025-06-19 14:43:24,409 - {'Epoch': 66, 'HR@5': '0.1500', 'NDCG@5': '0.0961', 'HR@10': '0.2292', 'NDCG@10': '0.1216', 'HR@20': '0.3253', 'NDCG@20': '0.1459'}
2025-06-19 14:43:24,410 - EarlyStopping counter: 7 out of 10
2025-06-19 14:43:35,226 - {'epoch': 67, 'rec_loss': '5.2309'}
2025-06-19 14:43:39,550 - {'Epoch': 67, 'HR@5': '0.1488', 'NDCG@5': '0.0969', 'HR@10': '0.2290', 'NDCG@10': '0.1227', 'HR@20': '0.3253', 'NDCG@20': '0.1469'}
2025-06-19 14:43:39,552 - Validation score increased.  Saving model ...
2025-06-19 14:43:50,430 - {'epoch': 68, 'rec_loss': '5.2199'}
2025-06-19 14:43:54,752 - {'Epoch': 68, 'HR@5': '0.1519', 'NDCG@5': '0.0979', 'HR@10': '0.2341', 'NDCG@10': '0.1244', 'HR@20': '0.3258', 'NDCG@20': '0.1475'}
2025-06-19 14:43:54,754 - Validation score increased.  Saving model ...
2025-06-19 14:44:05,659 - {'epoch': 69, 'rec_loss': '5.2217'}
2025-06-19 14:44:09,951 - {'Epoch': 69, 'HR@5': '0.1493', 'NDCG@5': '0.0959', 'HR@10': '0.2312', 'NDCG@10': '0.1223', 'HR@20': '0.3284', 'NDCG@20': '0.1468'}
2025-06-19 14:44:09,952 - EarlyStopping counter: 1 out of 10
2025-06-19 14:44:20,873 - {'epoch': 70, 'rec_loss': '5.2069'}
2025-06-19 14:44:25,256 - {'Epoch': 70, 'HR@5': '0.1490', 'NDCG@5': '0.0958', 'HR@10': '0.2323', 'NDCG@10': '0.1226', 'HR@20': '0.3277', 'NDCG@20': '0.1466'}
2025-06-19 14:44:25,257 - EarlyStopping counter: 2 out of 10
2025-06-19 14:44:36,167 - {'epoch': 71, 'rec_loss': '5.2083'}
2025-06-19 14:44:40,549 - {'Epoch': 71, 'HR@5': '0.1462', 'NDCG@5': '0.0947', 'HR@10': '0.2298', 'NDCG@10': '0.1217', 'HR@20': '0.3289', 'NDCG@20': '0.1467'}
2025-06-19 14:44:40,550 - EarlyStopping counter: 3 out of 10
2025-06-19 14:44:51,433 - {'epoch': 72, 'rec_loss': '5.2006'}
2025-06-19 14:44:55,791 - {'Epoch': 72, 'HR@5': '0.1488', 'NDCG@5': '0.0966', 'HR@10': '0.2312', 'NDCG@10': '0.1232', 'HR@20': '0.3268', 'NDCG@20': '0.1473'}
2025-06-19 14:44:55,791 - EarlyStopping counter: 4 out of 10
2025-06-19 14:45:06,666 - {'epoch': 73, 'rec_loss': '5.1870'}
2025-06-19 14:45:11,048 - {'Epoch': 73, 'HR@5': '0.1515', 'NDCG@5': '0.0970', 'HR@10': '0.2314', 'NDCG@10': '0.1228', 'HR@20': '0.3270', 'NDCG@20': '0.1470'}
2025-06-19 14:45:11,049 - EarlyStopping counter: 5 out of 10
2025-06-19 14:45:21,945 - {'epoch': 74, 'rec_loss': '5.1883'}
2025-06-19 14:45:26,350 - {'Epoch': 74, 'HR@5': '0.1496', 'NDCG@5': '0.0967', 'HR@10': '0.2301', 'NDCG@10': '0.1226', 'HR@20': '0.3253', 'NDCG@20': '0.1466'}
2025-06-19 14:45:26,351 - EarlyStopping counter: 6 out of 10
2025-06-19 14:45:37,229 - {'epoch': 75, 'rec_loss': '5.1863'}
2025-06-19 14:45:41,603 - {'Epoch': 75, 'HR@5': '0.1480', 'NDCG@5': '0.0960', 'HR@10': '0.2313', 'NDCG@10': '0.1227', 'HR@20': '0.3261', 'NDCG@20': '0.1466'}
2025-06-19 14:45:41,604 - EarlyStopping counter: 7 out of 10
2025-06-19 14:45:52,508 - {'epoch': 76, 'rec_loss': '5.1807'}
2025-06-19 14:45:56,811 - {'Epoch': 76, 'HR@5': '0.1495', 'NDCG@5': '0.0975', 'HR@10': '0.2307', 'NDCG@10': '0.1237', 'HR@20': '0.3259', 'NDCG@20': '0.1477'}
2025-06-19 14:45:56,813 - Validation score increased.  Saving model ...
2025-06-19 14:46:07,685 - {'epoch': 77, 'rec_loss': '5.1805'}
2025-06-19 14:46:11,989 - {'Epoch': 77, 'HR@5': '0.1469', 'NDCG@5': '0.0963', 'HR@10': '0.2288', 'NDCG@10': '0.1227', 'HR@20': '0.3281', 'NDCG@20': '0.1478'}
2025-06-19 14:46:11,991 - Validation score increased.  Saving model ...
2025-06-19 14:46:22,837 - {'epoch': 78, 'rec_loss': '5.1663'}
2025-06-19 14:46:27,216 - {'Epoch': 78, 'HR@5': '0.1472', 'NDCG@5': '0.0952', 'HR@10': '0.2280', 'NDCG@10': '0.1212', 'HR@20': '0.3238', 'NDCG@20': '0.1453'}
2025-06-19 14:46:27,218 - EarlyStopping counter: 1 out of 10
2025-06-19 14:46:38,077 - {'epoch': 79, 'rec_loss': '5.1632'}
2025-06-19 14:46:42,444 - {'Epoch': 79, 'HR@5': '0.1505', 'NDCG@5': '0.0964', 'HR@10': '0.2307', 'NDCG@10': '0.1223', 'HR@20': '0.3288', 'NDCG@20': '0.1471'}
2025-06-19 14:46:42,446 - EarlyStopping counter: 2 out of 10
2025-06-19 14:46:53,314 - {'epoch': 80, 'rec_loss': '5.1553'}
2025-06-19 14:46:57,657 - {'Epoch': 80, 'HR@5': '0.1475', 'NDCG@5': '0.0949', 'HR@10': '0.2279', 'NDCG@10': '0.1208', 'HR@20': '0.3284', 'NDCG@20': '0.1461'}
2025-06-19 14:46:57,659 - EarlyStopping counter: 3 out of 10
2025-06-19 14:47:08,490 - {'epoch': 81, 'rec_loss': '5.1482'}
2025-06-19 14:47:12,844 - {'Epoch': 81, 'HR@5': '0.1502', 'NDCG@5': '0.0967', 'HR@10': '0.2319', 'NDCG@10': '0.1229', 'HR@20': '0.3307', 'NDCG@20': '0.1479'}
2025-06-19 14:47:12,846 - Validation score increased.  Saving model ...
2025-06-19 14:47:23,725 - {'epoch': 82, 'rec_loss': '5.1580'}
2025-06-19 14:47:28,047 - {'Epoch': 82, 'HR@5': '0.1511', 'NDCG@5': '0.0976', 'HR@10': '0.2306', 'NDCG@10': '0.1232', 'HR@20': '0.3307', 'NDCG@20': '0.1484'}
2025-06-19 14:47:28,049 - Validation score increased.  Saving model ...
2025-06-19 14:47:38,898 - {'epoch': 83, 'rec_loss': '5.1444'}
2025-06-19 14:47:43,212 - {'Epoch': 83, 'HR@5': '0.1484', 'NDCG@5': '0.0964', 'HR@10': '0.2288', 'NDCG@10': '0.1224', 'HR@20': '0.3263', 'NDCG@20': '0.1470'}
2025-06-19 14:47:43,214 - EarlyStopping counter: 1 out of 10
2025-06-19 14:47:54,078 - {'epoch': 84, 'rec_loss': '5.1351'}
2025-06-19 14:47:58,475 - {'Epoch': 84, 'HR@5': '0.1519', 'NDCG@5': '0.0976', 'HR@10': '0.2302', 'NDCG@10': '0.1228', 'HR@20': '0.3296', 'NDCG@20': '0.1479'}
2025-06-19 14:47:58,477 - EarlyStopping counter: 2 out of 10
2025-06-19 14:48:09,322 - {'epoch': 85, 'rec_loss': '5.1309'}
2025-06-19 14:48:13,623 - {'Epoch': 85, 'HR@5': '0.1506', 'NDCG@5': '0.0983', 'HR@10': '0.2314', 'NDCG@10': '0.1243', 'HR@20': '0.3290', 'NDCG@20': '0.1489'}
2025-06-19 14:48:13,625 - Validation score increased.  Saving model ...
2025-06-19 14:48:24,568 - {'epoch': 86, 'rec_loss': '5.1359'}
2025-06-19 14:48:28,896 - {'Epoch': 86, 'HR@5': '0.1497', 'NDCG@5': '0.0976', 'HR@10': '0.2310', 'NDCG@10': '0.1237', 'HR@20': '0.3291', 'NDCG@20': '0.1485'}
2025-06-19 14:48:28,898 - EarlyStopping counter: 1 out of 10
2025-06-19 14:48:39,761 - {'epoch': 87, 'rec_loss': '5.1289'}
2025-06-19 14:48:44,143 - {'Epoch': 87, 'HR@5': '0.1505', 'NDCG@5': '0.0970', 'HR@10': '0.2360', 'NDCG@10': '0.1245', 'HR@20': '0.3302', 'NDCG@20': '0.1483'}
2025-06-19 14:48:44,146 - EarlyStopping counter: 2 out of 10
2025-06-19 14:48:55,028 - {'epoch': 88, 'rec_loss': '5.1362'}
2025-06-19 14:48:59,371 - {'Epoch': 88, 'HR@5': '0.1504', 'NDCG@5': '0.0977', 'HR@10': '0.2319', 'NDCG@10': '0.1239', 'HR@20': '0.3306', 'NDCG@20': '0.1487'}
2025-06-19 14:48:59,374 - EarlyStopping counter: 3 out of 10
2025-06-19 14:49:10,237 - {'epoch': 89, 'rec_loss': '5.1253'}
2025-06-19 14:49:14,588 - {'Epoch': 89, 'HR@5': '0.1490', 'NDCG@5': '0.0961', 'HR@10': '0.2305', 'NDCG@10': '0.1224', 'HR@20': '0.3292', 'NDCG@20': '0.1473'}
2025-06-19 14:49:14,590 - EarlyStopping counter: 4 out of 10
2025-06-19 14:49:25,447 - {'epoch': 90, 'rec_loss': '5.1136'}
2025-06-19 14:49:29,824 - {'Epoch': 90, 'HR@5': '0.1505', 'NDCG@5': '0.0977', 'HR@10': '0.2316', 'NDCG@10': '0.1237', 'HR@20': '0.3314', 'NDCG@20': '0.1489'}
2025-06-19 14:49:29,826 - EarlyStopping counter: 5 out of 10
2025-06-19 14:49:40,746 - {'epoch': 91, 'rec_loss': '5.1090'}
2025-06-19 14:49:45,093 - {'Epoch': 91, 'HR@5': '0.1513', 'NDCG@5': '0.0975', 'HR@10': '0.2320', 'NDCG@10': '0.1236', 'HR@20': '0.3321', 'NDCG@20': '0.1488'}
2025-06-19 14:49:45,094 - EarlyStopping counter: 6 out of 10
2025-06-19 14:49:55,947 - {'epoch': 92, 'rec_loss': '5.1064'}
2025-06-19 14:50:00,328 - {'Epoch': 92, 'HR@5': '0.1508', 'NDCG@5': '0.0972', 'HR@10': '0.2332', 'NDCG@10': '0.1238', 'HR@20': '0.3310', 'NDCG@20': '0.1485'}
2025-06-19 14:50:00,329 - EarlyStopping counter: 7 out of 10
2025-06-19 14:50:11,169 - {'epoch': 93, 'rec_loss': '5.1023'}
2025-06-19 14:50:15,514 - {'Epoch': 93, 'HR@5': '0.1512', 'NDCG@5': '0.0975', 'HR@10': '0.2296', 'NDCG@10': '0.1228', 'HR@20': '0.3301', 'NDCG@20': '0.1482'}
2025-06-19 14:50:15,515 - EarlyStopping counter: 8 out of 10
2025-06-19 14:50:26,366 - {'epoch': 94, 'rec_loss': '5.1021'}
2025-06-19 14:50:30,718 - {'Epoch': 94, 'HR@5': '0.1479', 'NDCG@5': '0.0960', 'HR@10': '0.2303', 'NDCG@10': '0.1226', 'HR@20': '0.3296', 'NDCG@20': '0.1477'}
2025-06-19 14:50:30,719 - EarlyStopping counter: 9 out of 10
2025-06-19 14:50:41,559 - {'epoch': 95, 'rec_loss': '5.1031'}
2025-06-19 14:50:45,917 - {'Epoch': 95, 'HR@5': '0.1497', 'NDCG@5': '0.0974', 'HR@10': '0.2332', 'NDCG@10': '0.1243', 'HR@20': '0.3311', 'NDCG@20': '0.1490'}
2025-06-19 14:50:45,918 - Validation score increased.  Saving model ...
2025-06-19 14:50:56,754 - {'epoch': 96, 'rec_loss': '5.0908'}
2025-06-19 14:51:01,121 - {'Epoch': 96, 'HR@5': '0.1508', 'NDCG@5': '0.0961', 'HR@10': '0.2344', 'NDCG@10': '0.1230', 'HR@20': '0.3298', 'NDCG@20': '0.1471'}
2025-06-19 14:51:01,121 - EarlyStopping counter: 1 out of 10
2025-06-19 14:51:11,955 - {'epoch': 97, 'rec_loss': '5.0917'}
2025-06-19 14:51:16,254 - {'Epoch': 97, 'HR@5': '0.1478', 'NDCG@5': '0.0952', 'HR@10': '0.2315', 'NDCG@10': '0.1220', 'HR@20': '0.3311', 'NDCG@20': '0.1471'}
2025-06-19 14:51:16,256 - EarlyStopping counter: 2 out of 10
2025-06-19 14:51:27,113 - {'epoch': 98, 'rec_loss': '5.0842'}
2025-06-19 14:51:31,438 - {'Epoch': 98, 'HR@5': '0.1507', 'NDCG@5': '0.0966', 'HR@10': '0.2320', 'NDCG@10': '0.1228', 'HR@20': '0.3288', 'NDCG@20': '0.1472'}
2025-06-19 14:51:31,440 - EarlyStopping counter: 3 out of 10
2025-06-19 14:51:42,324 - {'epoch': 99, 'rec_loss': '5.0859'}
2025-06-19 14:51:46,657 - {'Epoch': 99, 'HR@5': '0.1523', 'NDCG@5': '0.0978', 'HR@10': '0.2327', 'NDCG@10': '0.1237', 'HR@20': '0.3301', 'NDCG@20': '0.1482'}
2025-06-19 14:51:46,659 - EarlyStopping counter: 4 out of 10
2025-06-19 14:51:57,553 - {'epoch': 100, 'rec_loss': '5.0829'}
2025-06-19 14:52:01,879 - {'Epoch': 100, 'HR@5': '0.1513', 'NDCG@5': '0.0973', 'HR@10': '0.2333', 'NDCG@10': '0.1237', 'HR@20': '0.3315', 'NDCG@20': '0.1485'}
2025-06-19 14:52:01,880 - EarlyStopping counter: 5 out of 10
2025-06-19 14:52:12,694 - {'epoch': 101, 'rec_loss': '5.0786'}
2025-06-19 14:52:17,063 - {'Epoch': 101, 'HR@5': '0.1503', 'NDCG@5': '0.0961', 'HR@10': '0.2356', 'NDCG@10': '0.1236', 'HR@20': '0.3325', 'NDCG@20': '0.1480'}
2025-06-19 14:52:17,065 - EarlyStopping counter: 6 out of 10
2025-06-19 14:52:27,887 - {'epoch': 102, 'rec_loss': '5.0734'}
2025-06-19 14:52:32,280 - {'Epoch': 102, 'HR@5': '0.1506', 'NDCG@5': '0.0963', 'HR@10': '0.2327', 'NDCG@10': '0.1229', 'HR@20': '0.3338', 'NDCG@20': '0.1484'}
2025-06-19 14:52:32,281 - EarlyStopping counter: 7 out of 10
2025-06-19 14:52:43,173 - {'epoch': 103, 'rec_loss': '5.0728'}
2025-06-19 14:52:47,591 - {'Epoch': 103, 'HR@5': '0.1505', 'NDCG@5': '0.0963', 'HR@10': '0.2336', 'NDCG@10': '0.1231', 'HR@20': '0.3312', 'NDCG@20': '0.1477'}
2025-06-19 14:52:47,594 - EarlyStopping counter: 8 out of 10
2025-06-19 14:52:58,409 - {'epoch': 104, 'rec_loss': '5.0611'}
2025-06-19 14:53:02,764 - {'Epoch': 104, 'HR@5': '0.1503', 'NDCG@5': '0.0980', 'HR@10': '0.2311', 'NDCG@10': '0.1241', 'HR@20': '0.3312', 'NDCG@20': '0.1494'}
2025-06-19 14:53:02,767 - Validation score increased.  Saving model ...
2025-06-19 14:53:13,624 - {'epoch': 105, 'rec_loss': '5.0636'}
2025-06-19 14:53:17,908 - {'Epoch': 105, 'HR@5': '0.1514', 'NDCG@5': '0.0970', 'HR@10': '0.2346', 'NDCG@10': '0.1238', 'HR@20': '0.3305', 'NDCG@20': '0.1480'}
2025-06-19 14:53:17,909 - EarlyStopping counter: 1 out of 10
2025-06-19 14:53:28,798 - {'epoch': 106, 'rec_loss': '5.0654'}
2025-06-19 14:53:33,106 - {'Epoch': 106, 'HR@5': '0.1525', 'NDCG@5': '0.0981', 'HR@10': '0.2339', 'NDCG@10': '0.1243', 'HR@20': '0.3304', 'NDCG@20': '0.1487'}
2025-06-19 14:53:33,108 - EarlyStopping counter: 2 out of 10
2025-06-19 14:53:43,926 - {'epoch': 107, 'rec_loss': '5.0618'}
2025-06-19 14:53:48,282 - {'Epoch': 107, 'HR@5': '0.1494', 'NDCG@5': '0.0963', 'HR@10': '0.2319', 'NDCG@10': '0.1229', 'HR@20': '0.3301', 'NDCG@20': '0.1477'}
2025-06-19 14:53:48,285 - EarlyStopping counter: 3 out of 10
2025-06-19 14:53:59,220 - {'epoch': 108, 'rec_loss': '5.0592'}
2025-06-19 14:54:03,509 - {'Epoch': 108, 'HR@5': '0.1501', 'NDCG@5': '0.0978', 'HR@10': '0.2337', 'NDCG@10': '0.1247', 'HR@20': '0.3306', 'NDCG@20': '0.1492'}
2025-06-19 14:54:03,511 - EarlyStopping counter: 4 out of 10
2025-06-19 14:54:14,352 - {'epoch': 109, 'rec_loss': '5.0564'}
2025-06-19 14:54:18,691 - {'Epoch': 109, 'HR@5': '0.1499', 'NDCG@5': '0.0972', 'HR@10': '0.2337', 'NDCG@10': '0.1243', 'HR@20': '0.3322', 'NDCG@20': '0.1492'}
2025-06-19 14:54:18,692 - EarlyStopping counter: 5 out of 10
2025-06-19 14:54:29,511 - {'epoch': 110, 'rec_loss': '5.0535'}
2025-06-19 14:54:33,868 - {'Epoch': 110, 'HR@5': '0.1528', 'NDCG@5': '0.0982', 'HR@10': '0.2329', 'NDCG@10': '0.1240', 'HR@20': '0.3304', 'NDCG@20': '0.1485'}
2025-06-19 14:54:33,870 - EarlyStopping counter: 6 out of 10
2025-06-19 14:54:44,721 - {'epoch': 111, 'rec_loss': '5.0479'}
2025-06-19 14:54:49,051 - {'Epoch': 111, 'HR@5': '0.1528', 'NDCG@5': '0.0987', 'HR@10': '0.2333', 'NDCG@10': '0.1246', 'HR@20': '0.3309', 'NDCG@20': '0.1491'}
2025-06-19 14:54:49,053 - EarlyStopping counter: 7 out of 10
2025-06-19 14:54:59,961 - {'epoch': 112, 'rec_loss': '5.0407'}
2025-06-19 14:55:04,282 - {'Epoch': 112, 'HR@5': '0.1501', 'NDCG@5': '0.0963', 'HR@10': '0.2329', 'NDCG@10': '0.1230', 'HR@20': '0.3334', 'NDCG@20': '0.1485'}
2025-06-19 14:55:04,284 - EarlyStopping counter: 8 out of 10
2025-06-19 14:55:15,163 - {'epoch': 113, 'rec_loss': '5.0337'}
2025-06-19 14:55:19,556 - {'Epoch': 113, 'HR@5': '0.1499', 'NDCG@5': '0.0971', 'HR@10': '0.2315', 'NDCG@10': '0.1234', 'HR@20': '0.3315', 'NDCG@20': '0.1487'}
2025-06-19 14:55:19,558 - EarlyStopping counter: 9 out of 10
2025-06-19 14:55:30,423 - {'epoch': 114, 'rec_loss': '5.0266'}
2025-06-19 14:55:34,785 - {'Epoch': 114, 'HR@5': '0.1499', 'NDCG@5': '0.0970', 'HR@10': '0.2344', 'NDCG@10': '0.1242', 'HR@20': '0.3317', 'NDCG@20': '0.1488'}
2025-06-19 14:55:34,785 - EarlyStopping counter: 10 out of 10
2025-06-19 14:55:34,786 - Early stopping
2025-06-19 14:55:34,786 - ---------------Test Score---------------
2025-06-19 14:55:39,154 - {'Epoch': 0, 'HR@5': '0.1203', 'NDCG@5': '0.0764', 'HR@10': '0.1894', 'NDCG@10': '0.0987', 'HR@20': '0.2760', 'NDCG@20': '0.1206'}
2025-06-19 14:55:39,158 - BERT4Rec_Diginetica_45
2025-06-19 14:55:39,158 - {'Epoch': 0, 'HR@5': '0.1203', 'NDCG@5': '0.0764', 'HR@10': '0.1894', 'NDCG@10': '0.0987', 'HR@20': '0.2760', 'NDCG@20': '0.1206'}
