2025-06-19 14:17:26,029 - Namespace(data_dir='data/', output_dir='output/BERT4Rec/', data_name='LastFM', do_eval=False, load_model=None, train_name='BERT4Rec_LastFM_45', num_items=10, num_users=1091, lr=0.001, batch_size=256, epochs=200, no_cuda=False, log_freq=1, patience=10, num_workers=4, seed=45, weight_decay=0.0, adam_beta1=0.9, adam_beta2=0.999, gpu_id='0', variance=5, model_type='BERT4Rec', max_seq_length=50, hidden_size=64, num_hidden_layers=2, hidden_act='gelu', num_attention_heads=2, attention_probs_dropout_prob=0.5, hidden_dropout_prob=0.5, initializer_range=0.02, mask_ratio=0.4, cuda_condition=True, data_file='data/LastFM.txt', item_size=3647, checkpoint_path='output/BERT4Rec/BERT4Rec_LastFM_45.pt', same_target_path='data/LastFM_same_target.npy')
2025-06-19 14:17:26,047 - BERT4RecModel(
  (item_embeddings): Embedding(3648, 64, padding_idx=0)
  (position_embeddings): Embedding(50, 64)
  (item_encoder): TransformerEncoder(
    (blocks): ModuleList(
      (0): TransformerBlock(
        (layer): MultiHeadAttention(
          (query): Linear(in_features=64, out_features=64, bias=True)
          (key): Linear(in_features=64, out_features=64, bias=True)
          (value): Linear(in_features=64, out_features=64, bias=True)
          (softmax): Softmax(dim=-1)
          (attn_dropout): Dropout(p=0.5, inplace=False)
          (dense): Linear(in_features=64, out_features=64, bias=True)
          (LayerNorm): LayerNorm((64,), eps=1e-12, elementwise_affine=True)
          (out_dropout): Dropout(p=0.5, inplace=False)
        )
        (feed_forward): FeedForward(
          (dense_1): Linear(in_features=64, out_features=256, bias=True)
          (dense_2): Linear(in_features=256, out_features=64, bias=True)
          (LayerNorm): LayerNorm()
          (dropout): Dropout(p=0.5, inplace=False)
        )
      )
      (1): TransformerBlock(
        (layer): MultiHeadAttention(
          (query): Linear(in_features=64, out_features=64, bias=True)
          (key): Linear(in_features=64, out_features=64, bias=True)
          (value): Linear(in_features=64, out_features=64, bias=True)
          (softmax): Softmax(dim=-1)
          (attn_dropout): Dropout(p=0.5, inplace=False)
          (dense): Linear(in_features=64, out_features=64, bias=True)
          (LayerNorm): LayerNorm((64,), eps=1e-12, elementwise_affine=True)
          (out_dropout): Dropout(p=0.5, inplace=False)
        )
        (feed_forward): FeedForward(
          (dense_1): Linear(in_features=64, out_features=256, bias=True)
          (dense_2): Linear(in_features=256, out_features=64, bias=True)
          (LayerNorm): LayerNorm()
          (dropout): Dropout(p=0.5, inplace=False)
        )
      )
    )
  )
  (LayerNorm): LayerNorm()
  (dropout): Dropout(p=0.5, inplace=False)
)
2025-06-19 14:17:29,205 - Total Parameters: 336768
2025-06-19 14:17:33,405 - {'epoch': 0, 'rec_loss': '7.9893'}
2025-06-19 14:17:33,974 - {'Epoch': 0, 'HR@5': '0.0183', 'NDCG@5': '0.0113', 'HR@10': '0.0339', 'NDCG@10': '0.0164', 'HR@20': '0.0569', 'NDCG@20': '0.0222'}
2025-06-19 14:17:33,975 - Validation score increased.  Saving model ...
2025-06-19 14:17:37,351 - {'epoch': 1, 'rec_loss': '7.7624'}
2025-06-19 14:17:37,888 - {'Epoch': 1, 'HR@5': '0.0193', 'NDCG@5': '0.0122', 'HR@10': '0.0312', 'NDCG@10': '0.0161', 'HR@20': '0.0459', 'NDCG@20': '0.0198'}
2025-06-19 14:17:37,889 - EarlyStopping counter: 1 out of 10
2025-06-19 14:17:41,300 - {'epoch': 2, 'rec_loss': '7.6861'}
2025-06-19 14:17:41,875 - {'Epoch': 2, 'HR@5': '0.0275', 'NDCG@5': '0.0164', 'HR@10': '0.0431', 'NDCG@10': '0.0214', 'HR@20': '0.0615', 'NDCG@20': '0.0260'}
2025-06-19 14:17:41,875 - Validation score increased.  Saving model ...
2025-06-19 14:17:45,269 - {'epoch': 3, 'rec_loss': '7.6201'}
2025-06-19 14:17:45,841 - {'Epoch': 3, 'HR@5': '0.0321', 'NDCG@5': '0.0218', 'HR@10': '0.0459', 'NDCG@10': '0.0263', 'HR@20': '0.0550', 'NDCG@20': '0.0286'}
2025-06-19 14:17:45,841 - Validation score increased.  Saving model ...
2025-06-19 14:17:49,251 - {'epoch': 4, 'rec_loss': '7.5546'}
2025-06-19 14:17:49,820 - {'Epoch': 4, 'HR@5': '0.0257', 'NDCG@5': '0.0148', 'HR@10': '0.0385', 'NDCG@10': '0.0188', 'HR@20': '0.0688', 'NDCG@20': '0.0264'}
2025-06-19 14:17:49,820 - EarlyStopping counter: 1 out of 10
2025-06-19 14:17:53,265 - {'epoch': 5, 'rec_loss': '7.4927'}
2025-06-19 14:17:53,841 - {'Epoch': 5, 'HR@5': '0.0239', 'NDCG@5': '0.0157', 'HR@10': '0.0450', 'NDCG@10': '0.0224', 'HR@20': '0.0807', 'NDCG@20': '0.0315'}
2025-06-19 14:17:53,842 - Validation score increased.  Saving model ...
2025-06-19 14:17:57,239 - {'epoch': 6, 'rec_loss': '7.4333'}
2025-06-19 14:17:57,798 - {'Epoch': 6, 'HR@5': '0.0266', 'NDCG@5': '0.0159', 'HR@10': '0.0431', 'NDCG@10': '0.0213', 'HR@20': '0.0752', 'NDCG@20': '0.0294'}
2025-06-19 14:17:57,799 - EarlyStopping counter: 1 out of 10
2025-06-19 14:18:01,212 - {'epoch': 7, 'rec_loss': '7.3603'}
2025-06-19 14:18:01,766 - {'Epoch': 7, 'HR@5': '0.0294', 'NDCG@5': '0.0211', 'HR@10': '0.0413', 'NDCG@10': '0.0249', 'HR@20': '0.0697', 'NDCG@20': '0.0320'}
2025-06-19 14:18:01,767 - Validation score increased.  Saving model ...
2025-06-19 14:18:05,174 - {'epoch': 8, 'rec_loss': '7.2867'}
2025-06-19 14:18:05,763 - {'Epoch': 8, 'HR@5': '0.0321', 'NDCG@5': '0.0212', 'HR@10': '0.0468', 'NDCG@10': '0.0259', 'HR@20': '0.0789', 'NDCG@20': '0.0340'}
2025-06-19 14:18:05,764 - Validation score increased.  Saving model ...
2025-06-19 14:18:09,179 - {'epoch': 9, 'rec_loss': '7.2291'}
2025-06-19 14:18:09,734 - {'Epoch': 9, 'HR@5': '0.0312', 'NDCG@5': '0.0191', 'HR@10': '0.0495', 'NDCG@10': '0.0250', 'HR@20': '0.0706', 'NDCG@20': '0.0303'}
2025-06-19 14:18:09,734 - EarlyStopping counter: 1 out of 10
2025-06-19 14:18:13,141 - {'epoch': 10, 'rec_loss': '7.1855'}
2025-06-19 14:18:13,701 - {'Epoch': 10, 'HR@5': '0.0294', 'NDCG@5': '0.0196', 'HR@10': '0.0514', 'NDCG@10': '0.0266', 'HR@20': '0.0743', 'NDCG@20': '0.0323'}
2025-06-19 14:18:13,701 - EarlyStopping counter: 2 out of 10
2025-06-19 14:18:17,115 - {'epoch': 11, 'rec_loss': '7.1404'}
2025-06-19 14:18:17,659 - {'Epoch': 11, 'HR@5': '0.0220', 'NDCG@5': '0.0160', 'HR@10': '0.0431', 'NDCG@10': '0.0226', 'HR@20': '0.0743', 'NDCG@20': '0.0303'}
2025-06-19 14:18:17,660 - EarlyStopping counter: 3 out of 10
2025-06-19 14:18:21,016 - {'epoch': 12, 'rec_loss': '7.1048'}
2025-06-19 14:18:21,559 - {'Epoch': 12, 'HR@5': '0.0284', 'NDCG@5': '0.0207', 'HR@10': '0.0431', 'NDCG@10': '0.0252', 'HR@20': '0.0780', 'NDCG@20': '0.0342'}
2025-06-19 14:18:21,560 - Validation score increased.  Saving model ...
2025-06-19 14:18:24,945 - {'epoch': 13, 'rec_loss': '7.0821'}
2025-06-19 14:18:25,518 - {'Epoch': 13, 'HR@5': '0.0303', 'NDCG@5': '0.0205', 'HR@10': '0.0505', 'NDCG@10': '0.0271', 'HR@20': '0.0716', 'NDCG@20': '0.0324'}
2025-06-19 14:18:25,519 - EarlyStopping counter: 1 out of 10
2025-06-19 14:18:28,893 - {'epoch': 14, 'rec_loss': '7.0677'}
2025-06-19 14:18:29,438 - {'Epoch': 14, 'HR@5': '0.0284', 'NDCG@5': '0.0190', 'HR@10': '0.0486', 'NDCG@10': '0.0257', 'HR@20': '0.0798', 'NDCG@20': '0.0336'}
2025-06-19 14:18:29,439 - EarlyStopping counter: 2 out of 10
2025-06-19 14:18:32,801 - {'epoch': 15, 'rec_loss': '7.0366'}
2025-06-19 14:18:33,371 - {'Epoch': 15, 'HR@5': '0.0330', 'NDCG@5': '0.0225', 'HR@10': '0.0541', 'NDCG@10': '0.0290', 'HR@20': '0.0798', 'NDCG@20': '0.0355'}
2025-06-19 14:18:33,372 - Validation score increased.  Saving model ...
2025-06-19 14:18:36,788 - {'epoch': 16, 'rec_loss': '7.0057'}
2025-06-19 14:18:37,356 - {'Epoch': 16, 'HR@5': '0.0303', 'NDCG@5': '0.0219', 'HR@10': '0.0541', 'NDCG@10': '0.0295', 'HR@20': '0.0761', 'NDCG@20': '0.0351'}
2025-06-19 14:18:37,357 - EarlyStopping counter: 1 out of 10
2025-06-19 14:18:40,731 - {'epoch': 17, 'rec_loss': '6.9901'}
2025-06-19 14:18:41,309 - {'Epoch': 17, 'HR@5': '0.0321', 'NDCG@5': '0.0201', 'HR@10': '0.0523', 'NDCG@10': '0.0266', 'HR@20': '0.0817', 'NDCG@20': '0.0340'}
2025-06-19 14:18:41,309 - EarlyStopping counter: 2 out of 10
2025-06-19 14:18:44,710 - {'epoch': 18, 'rec_loss': '6.9589'}
2025-06-19 14:18:45,294 - {'Epoch': 18, 'HR@5': '0.0248', 'NDCG@5': '0.0164', 'HR@10': '0.0413', 'NDCG@10': '0.0217', 'HR@20': '0.0761', 'NDCG@20': '0.0305'}
2025-06-19 14:18:45,295 - EarlyStopping counter: 3 out of 10
2025-06-19 14:18:48,727 - {'epoch': 19, 'rec_loss': '6.9305'}
2025-06-19 14:18:49,297 - {'Epoch': 19, 'HR@5': '0.0284', 'NDCG@5': '0.0192', 'HR@10': '0.0550', 'NDCG@10': '0.0276', 'HR@20': '0.0844', 'NDCG@20': '0.0350'}
2025-06-19 14:18:49,298 - EarlyStopping counter: 4 out of 10
2025-06-19 14:18:52,704 - {'epoch': 20, 'rec_loss': '6.9054'}
2025-06-19 14:18:53,267 - {'Epoch': 20, 'HR@5': '0.0229', 'NDCG@5': '0.0160', 'HR@10': '0.0486', 'NDCG@10': '0.0243', 'HR@20': '0.0789', 'NDCG@20': '0.0318'}
2025-06-19 14:18:53,268 - EarlyStopping counter: 5 out of 10
2025-06-19 14:18:56,674 - {'epoch': 21, 'rec_loss': '6.8829'}
2025-06-19 14:18:57,257 - {'Epoch': 21, 'HR@5': '0.0404', 'NDCG@5': '0.0247', 'HR@10': '0.0532', 'NDCG@10': '0.0288', 'HR@20': '0.0844', 'NDCG@20': '0.0367'}
2025-06-19 14:18:57,257 - Validation score increased.  Saving model ...
2025-06-19 14:19:00,655 - {'epoch': 22, 'rec_loss': '6.8458'}
2025-06-19 14:19:01,229 - {'Epoch': 22, 'HR@5': '0.0422', 'NDCG@5': '0.0267', 'HR@10': '0.0651', 'NDCG@10': '0.0338', 'HR@20': '0.0954', 'NDCG@20': '0.0413'}
2025-06-19 14:19:01,229 - Validation score increased.  Saving model ...
2025-06-19 14:19:04,637 - {'epoch': 23, 'rec_loss': '6.8162'}
2025-06-19 14:19:05,190 - {'Epoch': 23, 'HR@5': '0.0339', 'NDCG@5': '0.0227', 'HR@10': '0.0587', 'NDCG@10': '0.0307', 'HR@20': '0.0945', 'NDCG@20': '0.0397'}
2025-06-19 14:19:05,191 - EarlyStopping counter: 1 out of 10
2025-06-19 14:19:08,573 - {'epoch': 24, 'rec_loss': '6.7768'}
2025-06-19 14:19:09,115 - {'Epoch': 24, 'HR@5': '0.0385', 'NDCG@5': '0.0241', 'HR@10': '0.0661', 'NDCG@10': '0.0329', 'HR@20': '0.0963', 'NDCG@20': '0.0406'}
2025-06-19 14:19:09,116 - EarlyStopping counter: 2 out of 10
2025-06-19 14:19:12,514 - {'epoch': 25, 'rec_loss': '6.7339'}
2025-06-19 14:19:13,042 - {'Epoch': 25, 'HR@5': '0.0339', 'NDCG@5': '0.0238', 'HR@10': '0.0596', 'NDCG@10': '0.0321', 'HR@20': '0.0982', 'NDCG@20': '0.0418'}
2025-06-19 14:19:13,043 - Validation score increased.  Saving model ...
2025-06-19 14:19:16,420 - {'epoch': 26, 'rec_loss': '6.7010'}
2025-06-19 14:19:16,979 - {'Epoch': 26, 'HR@5': '0.0394', 'NDCG@5': '0.0237', 'HR@10': '0.0679', 'NDCG@10': '0.0327', 'HR@20': '0.1046', 'NDCG@20': '0.0418'}
2025-06-19 14:19:16,980 - Validation score increased.  Saving model ...
2025-06-19 14:19:20,346 - {'epoch': 27, 'rec_loss': '6.6652'}
2025-06-19 14:19:20,911 - {'Epoch': 27, 'HR@5': '0.0404', 'NDCG@5': '0.0224', 'HR@10': '0.0688', 'NDCG@10': '0.0314', 'HR@20': '0.1101', 'NDCG@20': '0.0416'}
2025-06-19 14:19:20,912 - EarlyStopping counter: 1 out of 10
2025-06-19 14:19:24,286 - {'epoch': 28, 'rec_loss': '6.6445'}
2025-06-19 14:19:24,822 - {'Epoch': 28, 'HR@5': '0.0349', 'NDCG@5': '0.0237', 'HR@10': '0.0651', 'NDCG@10': '0.0335', 'HR@20': '0.1046', 'NDCG@20': '0.0434'}
2025-06-19 14:19:24,822 - Validation score increased.  Saving model ...
2025-06-19 14:19:28,214 - {'epoch': 29, 'rec_loss': '6.6060'}
2025-06-19 14:19:28,769 - {'Epoch': 29, 'HR@5': '0.0413', 'NDCG@5': '0.0261', 'HR@10': '0.0661', 'NDCG@10': '0.0340', 'HR@20': '0.1101', 'NDCG@20': '0.0453'}
2025-06-19 14:19:28,770 - Validation score increased.  Saving model ...
2025-06-19 14:19:32,149 - {'epoch': 30, 'rec_loss': '6.5887'}
2025-06-19 14:19:32,714 - {'Epoch': 30, 'HR@5': '0.0413', 'NDCG@5': '0.0262', 'HR@10': '0.0697', 'NDCG@10': '0.0352', 'HR@20': '0.1119', 'NDCG@20': '0.0459'}
2025-06-19 14:19:32,714 - Validation score increased.  Saving model ...
2025-06-19 14:19:36,151 - {'epoch': 31, 'rec_loss': '6.5656'}
2025-06-19 14:19:36,716 - {'Epoch': 31, 'HR@5': '0.0413', 'NDCG@5': '0.0261', 'HR@10': '0.0679', 'NDCG@10': '0.0344', 'HR@20': '0.1110', 'NDCG@20': '0.0453'}
2025-06-19 14:19:36,717 - EarlyStopping counter: 1 out of 10
2025-06-19 14:19:40,092 - {'epoch': 32, 'rec_loss': '6.5465'}
2025-06-19 14:19:40,635 - {'Epoch': 32, 'HR@5': '0.0422', 'NDCG@5': '0.0271', 'HR@10': '0.0743', 'NDCG@10': '0.0375', 'HR@20': '0.1128', 'NDCG@20': '0.0471'}
2025-06-19 14:19:40,635 - Validation score increased.  Saving model ...
2025-06-19 14:19:44,052 - {'epoch': 33, 'rec_loss': '6.5321'}
2025-06-19 14:19:44,618 - {'Epoch': 33, 'HR@5': '0.0404', 'NDCG@5': '0.0253', 'HR@10': '0.0697', 'NDCG@10': '0.0349', 'HR@20': '0.1119', 'NDCG@20': '0.0453'}
2025-06-19 14:19:44,619 - EarlyStopping counter: 1 out of 10
2025-06-19 14:19:47,998 - {'epoch': 34, 'rec_loss': '6.5056'}
2025-06-19 14:19:48,583 - {'Epoch': 34, 'HR@5': '0.0486', 'NDCG@5': '0.0287', 'HR@10': '0.0679', 'NDCG@10': '0.0349', 'HR@20': '0.1193', 'NDCG@20': '0.0477'}
2025-06-19 14:19:48,584 - Validation score increased.  Saving model ...
2025-06-19 14:19:51,958 - {'epoch': 35, 'rec_loss': '6.4898'}
2025-06-19 14:19:52,541 - {'Epoch': 35, 'HR@5': '0.0468', 'NDCG@5': '0.0289', 'HR@10': '0.0761', 'NDCG@10': '0.0381', 'HR@20': '0.1128', 'NDCG@20': '0.0473'}
2025-06-19 14:19:52,542 - EarlyStopping counter: 1 out of 10
2025-06-19 14:19:55,937 - {'epoch': 36, 'rec_loss': '6.4848'}
2025-06-19 14:19:56,493 - {'Epoch': 36, 'HR@5': '0.0450', 'NDCG@5': '0.0274', 'HR@10': '0.0789', 'NDCG@10': '0.0382', 'HR@20': '0.1211', 'NDCG@20': '0.0488'}
2025-06-19 14:19:56,494 - Validation score increased.  Saving model ...
2025-06-19 14:19:59,854 - {'epoch': 37, 'rec_loss': '6.4541'}
2025-06-19 14:20:00,413 - {'Epoch': 37, 'HR@5': '0.0431', 'NDCG@5': '0.0256', 'HR@10': '0.0679', 'NDCG@10': '0.0334', 'HR@20': '0.1193', 'NDCG@20': '0.0465'}
2025-06-19 14:20:00,413 - EarlyStopping counter: 1 out of 10
2025-06-19 14:20:03,819 - {'epoch': 38, 'rec_loss': '6.4331'}
2025-06-19 14:20:04,384 - {'Epoch': 38, 'HR@5': '0.0394', 'NDCG@5': '0.0247', 'HR@10': '0.0771', 'NDCG@10': '0.0370', 'HR@20': '0.1128', 'NDCG@20': '0.0460'}
2025-06-19 14:20:04,384 - EarlyStopping counter: 2 out of 10
2025-06-19 14:20:07,785 - {'epoch': 39, 'rec_loss': '6.4239'}
2025-06-19 14:20:08,361 - {'Epoch': 39, 'HR@5': '0.0468', 'NDCG@5': '0.0284', 'HR@10': '0.0771', 'NDCG@10': '0.0382', 'HR@20': '0.1202', 'NDCG@20': '0.0490'}
2025-06-19 14:20:08,362 - Validation score increased.  Saving model ...
2025-06-19 14:20:11,745 - {'epoch': 40, 'rec_loss': '6.4093'}
2025-06-19 14:20:12,290 - {'Epoch': 40, 'HR@5': '0.0367', 'NDCG@5': '0.0233', 'HR@10': '0.0697', 'NDCG@10': '0.0338', 'HR@20': '0.1138', 'NDCG@20': '0.0450'}
2025-06-19 14:20:12,291 - EarlyStopping counter: 1 out of 10
2025-06-19 14:20:15,669 - {'epoch': 41, 'rec_loss': '6.3934'}
2025-06-19 14:20:16,233 - {'Epoch': 41, 'HR@5': '0.0431', 'NDCG@5': '0.0272', 'HR@10': '0.0752', 'NDCG@10': '0.0375', 'HR@20': '0.1165', 'NDCG@20': '0.0478'}
2025-06-19 14:20:16,233 - EarlyStopping counter: 2 out of 10
2025-06-19 14:20:19,609 - {'epoch': 42, 'rec_loss': '6.3776'}
2025-06-19 14:20:20,169 - {'Epoch': 42, 'HR@5': '0.0413', 'NDCG@5': '0.0262', 'HR@10': '0.0780', 'NDCG@10': '0.0379', 'HR@20': '0.1193', 'NDCG@20': '0.0483'}
2025-06-19 14:20:20,169 - EarlyStopping counter: 3 out of 10
2025-06-19 14:20:23,565 - {'epoch': 43, 'rec_loss': '6.3736'}
2025-06-19 14:20:24,142 - {'Epoch': 43, 'HR@5': '0.0367', 'NDCG@5': '0.0243', 'HR@10': '0.0697', 'NDCG@10': '0.0351', 'HR@20': '0.1156', 'NDCG@20': '0.0466'}
2025-06-19 14:20:24,143 - EarlyStopping counter: 4 out of 10
2025-06-19 14:20:27,552 - {'epoch': 44, 'rec_loss': '6.3516'}
2025-06-19 14:20:28,100 - {'Epoch': 44, 'HR@5': '0.0495', 'NDCG@5': '0.0284', 'HR@10': '0.0761', 'NDCG@10': '0.0369', 'HR@20': '0.1183', 'NDCG@20': '0.0472'}
2025-06-19 14:20:28,101 - EarlyStopping counter: 5 out of 10
2025-06-19 14:20:31,462 - {'epoch': 45, 'rec_loss': '6.3431'}
2025-06-19 14:20:31,995 - {'Epoch': 45, 'HR@5': '0.0486', 'NDCG@5': '0.0319', 'HR@10': '0.0780', 'NDCG@10': '0.0412', 'HR@20': '0.1202', 'NDCG@20': '0.0518'}
2025-06-19 14:20:31,996 - Validation score increased.  Saving model ...
2025-06-19 14:20:35,381 - {'epoch': 46, 'rec_loss': '6.3249'}
2025-06-19 14:20:35,965 - {'Epoch': 46, 'HR@5': '0.0450', 'NDCG@5': '0.0282', 'HR@10': '0.0688', 'NDCG@10': '0.0360', 'HR@20': '0.1055', 'NDCG@20': '0.0453'}
2025-06-19 14:20:35,966 - EarlyStopping counter: 1 out of 10
2025-06-19 14:20:39,347 - {'epoch': 47, 'rec_loss': '6.3170'}
2025-06-19 14:20:39,911 - {'Epoch': 47, 'HR@5': '0.0422', 'NDCG@5': '0.0265', 'HR@10': '0.0761', 'NDCG@10': '0.0374', 'HR@20': '0.1156', 'NDCG@20': '0.0471'}
2025-06-19 14:20:39,911 - EarlyStopping counter: 2 out of 10
2025-06-19 14:20:43,317 - {'epoch': 48, 'rec_loss': '6.3074'}
2025-06-19 14:20:43,858 - {'Epoch': 48, 'HR@5': '0.0459', 'NDCG@5': '0.0272', 'HR@10': '0.0725', 'NDCG@10': '0.0355', 'HR@20': '0.1156', 'NDCG@20': '0.0463'}
2025-06-19 14:20:43,858 - EarlyStopping counter: 3 out of 10
2025-06-19 14:20:47,215 - {'epoch': 49, 'rec_loss': '6.2933'}
2025-06-19 14:20:47,789 - {'Epoch': 49, 'HR@5': '0.0440', 'NDCG@5': '0.0283', 'HR@10': '0.0661', 'NDCG@10': '0.0355', 'HR@20': '0.1239', 'NDCG@20': '0.0498'}
2025-06-19 14:20:47,789 - EarlyStopping counter: 4 out of 10
2025-06-19 14:20:51,198 - {'epoch': 50, 'rec_loss': '6.2815'}
2025-06-19 14:20:51,756 - {'Epoch': 50, 'HR@5': '0.0404', 'NDCG@5': '0.0261', 'HR@10': '0.0688', 'NDCG@10': '0.0352', 'HR@20': '0.1128', 'NDCG@20': '0.0462'}
2025-06-19 14:20:51,757 - EarlyStopping counter: 5 out of 10
2025-06-19 14:20:55,187 - {'epoch': 51, 'rec_loss': '6.2756'}
2025-06-19 14:20:55,729 - {'Epoch': 51, 'HR@5': '0.0385', 'NDCG@5': '0.0262', 'HR@10': '0.0661', 'NDCG@10': '0.0349', 'HR@20': '0.1202', 'NDCG@20': '0.0484'}
2025-06-19 14:20:55,730 - EarlyStopping counter: 6 out of 10
2025-06-19 14:20:59,126 - {'epoch': 52, 'rec_loss': '6.2662'}
2025-06-19 14:20:59,691 - {'Epoch': 52, 'HR@5': '0.0431', 'NDCG@5': '0.0276', 'HR@10': '0.0679', 'NDCG@10': '0.0355', 'HR@20': '0.1156', 'NDCG@20': '0.0474'}
2025-06-19 14:20:59,691 - EarlyStopping counter: 7 out of 10
2025-06-19 14:21:03,069 - {'epoch': 53, 'rec_loss': '6.2622'}
2025-06-19 14:21:03,634 - {'Epoch': 53, 'HR@5': '0.0422', 'NDCG@5': '0.0278', 'HR@10': '0.0716', 'NDCG@10': '0.0372', 'HR@20': '0.1128', 'NDCG@20': '0.0475'}
2025-06-19 14:21:03,634 - EarlyStopping counter: 8 out of 10
2025-06-19 14:21:06,996 - {'epoch': 54, 'rec_loss': '6.2605'}
2025-06-19 14:21:07,562 - {'Epoch': 54, 'HR@5': '0.0394', 'NDCG@5': '0.0297', 'HR@10': '0.0734', 'NDCG@10': '0.0407', 'HR@20': '0.1156', 'NDCG@20': '0.0512'}
2025-06-19 14:21:07,562 - EarlyStopping counter: 9 out of 10
2025-06-19 14:21:10,957 - {'epoch': 55, 'rec_loss': '6.2472'}
2025-06-19 14:21:11,510 - {'Epoch': 55, 'HR@5': '0.0440', 'NDCG@5': '0.0258', 'HR@10': '0.0679', 'NDCG@10': '0.0335', 'HR@20': '0.1202', 'NDCG@20': '0.0468'}
2025-06-19 14:21:11,511 - EarlyStopping counter: 10 out of 10
2025-06-19 14:21:11,511 - Early stopping
2025-06-19 14:21:11,511 - ---------------Test Score---------------
2025-06-19 14:21:12,058 - {'Epoch': 0, 'HR@5': '0.0349', 'NDCG@5': '0.0208', 'HR@10': '0.0477', 'NDCG@10': '0.0249', 'HR@20': '0.0817', 'NDCG@20': '0.0334'}
2025-06-19 14:21:12,058 - BERT4Rec_LastFM_45
2025-06-19 14:21:12,058 - {'Epoch': 0, 'HR@5': '0.0349', 'NDCG@5': '0.0208', 'HR@10': '0.0477', 'NDCG@10': '0.0249', 'HR@20': '0.0817', 'NDCG@20': '0.0334'}
