2025-06-19 14:26:26,593 - Namespace(data_dir='data/self_processed/', output_dir='output/BERT4Rec/', data_name='Diginetica', do_eval=False, load_model=None, train_name='BERT4Rec_Diginetica_44', num_items=10, num_users=14829, lr=0.001, batch_size=256, epochs=200, no_cuda=False, log_freq=1, patience=10, num_workers=4, seed=44, weight_decay=0.0, adam_beta1=0.9, adam_beta2=0.999, gpu_id='0', variance=5, model_type='BERT4Rec', max_seq_length=50, hidden_size=64, num_hidden_layers=2, hidden_act='gelu', num_attention_heads=4, attention_probs_dropout_prob=0.5, hidden_dropout_prob=0.5, initializer_range=0.02, mask_ratio=0.2, cuda_condition=True, data_file='data/self_processed/Diginetica.txt', item_size=9441, checkpoint_path='output/BERT4Rec/BERT4Rec_Diginetica_44.pt', same_target_path='data/self_processed/Diginetica_same_target.npy')
2025-06-19 14:26:26,624 - BERT4RecModel(
  (item_embeddings): Embedding(9442, 64, padding_idx=0)
  (position_embeddings): Embedding(50, 64)
  (item_encoder): TransformerEncoder(
    (blocks): ModuleList(
      (0): TransformerBlock(
        (layer): MultiHeadAttention(
          (query): Linear(in_features=64, out_features=64, bias=True)
          (key): Linear(in_features=64, out_features=64, bias=True)
          (value): Linear(in_features=64, out_features=64, bias=True)
          (softmax): Softmax(dim=-1)
          (attn_dropout): Dropout(p=0.5, inplace=False)
          (dense): Linear(in_features=64, out_features=64, bias=True)
          (LayerNorm): LayerNorm((64,), eps=1e-12, elementwise_affine=True)
          (out_dropout): Dropout(p=0.5, inplace=False)
        )
        (feed_forward): FeedForward(
          (dense_1): Linear(in_features=64, out_features=256, bias=True)
          (dense_2): Linear(in_features=256, out_features=64, bias=True)
          (LayerNorm): LayerNorm()
          (dropout): Dropout(p=0.5, inplace=False)
        )
      )
      (1): TransformerBlock(
        (layer): MultiHeadAttention(
          (query): Linear(in_features=64, out_features=64, bias=True)
          (key): Linear(in_features=64, out_features=64, bias=True)
          (value): Linear(in_features=64, out_features=64, bias=True)
          (softmax): Softmax(dim=-1)
          (attn_dropout): Dropout(p=0.5, inplace=False)
          (dense): Linear(in_features=64, out_features=64, bias=True)
          (LayerNorm): LayerNorm((64,), eps=1e-12, elementwise_affine=True)
          (out_dropout): Dropout(p=0.5, inplace=False)
        )
        (feed_forward): FeedForward(
          (dense_1): Linear(in_features=64, out_features=256, bias=True)
          (dense_2): Linear(in_features=256, out_features=64, bias=True)
          (LayerNorm): LayerNorm()
          (dropout): Dropout(p=0.5, inplace=False)
        )
      )
    )
  )
  (LayerNorm): LayerNorm()
  (dropout): Dropout(p=0.5, inplace=False)
)
2025-06-19 14:26:29,984 - Total Parameters: 707584
2025-06-19 14:26:41,628 - {'epoch': 0, 'rec_loss': '8.8908'}
2025-06-19 14:26:46,186 - {'Epoch': 0, 'HR@5': '0.0034', 'NDCG@5': '0.0020', 'HR@10': '0.0057', 'NDCG@10': '0.0027', 'HR@20': '0.0103', 'NDCG@20': '0.0039'}
2025-06-19 14:26:46,187 - Validation score increased.  Saving model ...
2025-06-19 14:26:57,067 - {'epoch': 1, 'rec_loss': '8.5181'}
2025-06-19 14:27:01,408 - {'Epoch': 1, 'HR@5': '0.0061', 'NDCG@5': '0.0037', 'HR@10': '0.0115', 'NDCG@10': '0.0054', 'HR@20': '0.0204', 'NDCG@20': '0.0077'}
2025-06-19 14:27:01,409 - Validation score increased.  Saving model ...
2025-06-19 14:27:12,246 - {'epoch': 2, 'rec_loss': '8.1772'}
2025-06-19 14:27:16,386 - {'Epoch': 2, 'HR@5': '0.0108', 'NDCG@5': '0.0064', 'HR@10': '0.0173', 'NDCG@10': '0.0085', 'HR@20': '0.0308', 'NDCG@20': '0.0118'}
2025-06-19 14:27:16,387 - Validation score increased.  Saving model ...
2025-06-19 14:27:27,243 - {'epoch': 3, 'rec_loss': '7.9321'}
2025-06-19 14:27:31,419 - {'Epoch': 3, 'HR@5': '0.0140', 'NDCG@5': '0.0089', 'HR@10': '0.0248', 'NDCG@10': '0.0123', 'HR@20': '0.0440', 'NDCG@20': '0.0171'}
2025-06-19 14:27:31,421 - Validation score increased.  Saving model ...
2025-06-19 14:27:42,271 - {'epoch': 4, 'rec_loss': '7.7234'}
2025-06-19 14:27:46,461 - {'Epoch': 4, 'HR@5': '0.0210', 'NDCG@5': '0.0132', 'HR@10': '0.0376', 'NDCG@10': '0.0185', 'HR@20': '0.0604', 'NDCG@20': '0.0242'}
2025-06-19 14:27:46,463 - Validation score increased.  Saving model ...
2025-06-19 14:27:57,307 - {'epoch': 5, 'rec_loss': '7.5179'}
2025-06-19 14:28:01,479 - {'Epoch': 5, 'HR@5': '0.0268', 'NDCG@5': '0.0161', 'HR@10': '0.0474', 'NDCG@10': '0.0227', 'HR@20': '0.0805', 'NDCG@20': '0.0309'}
2025-06-19 14:28:01,481 - Validation score increased.  Saving model ...
2025-06-19 14:28:12,352 - {'epoch': 6, 'rec_loss': '7.2970'}
2025-06-19 14:28:16,532 - {'Epoch': 6, 'HR@5': '0.0370', 'NDCG@5': '0.0227', 'HR@10': '0.0647', 'NDCG@10': '0.0315', 'HR@20': '0.1033', 'NDCG@20': '0.0412'}
2025-06-19 14:28:16,534 - Validation score increased.  Saving model ...
2025-06-19 14:28:27,420 - {'epoch': 7, 'rec_loss': '7.0877'}
2025-06-19 14:28:31,633 - {'Epoch': 7, 'HR@5': '0.0421', 'NDCG@5': '0.0268', 'HR@10': '0.0739', 'NDCG@10': '0.0370', 'HR@20': '0.1212', 'NDCG@20': '0.0488'}
2025-06-19 14:28:31,634 - Validation score increased.  Saving model ...
2025-06-19 14:28:42,466 - {'epoch': 8, 'rec_loss': '6.9207'}
2025-06-19 14:28:46,639 - {'Epoch': 8, 'HR@5': '0.0531', 'NDCG@5': '0.0342', 'HR@10': '0.0869', 'NDCG@10': '0.0450', 'HR@20': '0.1386', 'NDCG@20': '0.0580'}
2025-06-19 14:28:46,641 - Validation score increased.  Saving model ...
2025-06-19 14:28:57,518 - {'epoch': 9, 'rec_loss': '6.7865'}
2025-06-19 14:29:01,750 - {'Epoch': 9, 'HR@5': '0.0603', 'NDCG@5': '0.0374', 'HR@10': '0.1012', 'NDCG@10': '0.0506', 'HR@20': '0.1596', 'NDCG@20': '0.0652'}
2025-06-19 14:29:01,752 - Validation score increased.  Saving model ...
2025-06-19 14:29:12,560 - {'epoch': 10, 'rec_loss': '6.6638'}
2025-06-19 14:29:16,756 - {'Epoch': 10, 'HR@5': '0.0660', 'NDCG@5': '0.0408', 'HR@10': '0.1102', 'NDCG@10': '0.0551', 'HR@20': '0.1726', 'NDCG@20': '0.0708'}
2025-06-19 14:29:16,759 - Validation score increased.  Saving model ...
2025-06-19 14:29:27,646 - {'epoch': 11, 'rec_loss': '6.5507'}
2025-06-19 14:29:31,836 - {'Epoch': 11, 'HR@5': '0.0734', 'NDCG@5': '0.0456', 'HR@10': '0.1182', 'NDCG@10': '0.0600', 'HR@20': '0.1848', 'NDCG@20': '0.0767'}
2025-06-19 14:29:31,838 - Validation score increased.  Saving model ...
2025-06-19 14:29:42,682 - {'epoch': 12, 'rec_loss': '6.4564'}
2025-06-19 14:29:46,889 - {'Epoch': 12, 'HR@5': '0.0786', 'NDCG@5': '0.0483', 'HR@10': '0.1312', 'NDCG@10': '0.0652', 'HR@20': '0.2020', 'NDCG@20': '0.0830'}
2025-06-19 14:29:46,890 - Validation score increased.  Saving model ...
2025-06-19 14:29:57,690 - {'epoch': 13, 'rec_loss': '6.3572'}
2025-06-19 14:30:01,925 - {'Epoch': 13, 'HR@5': '0.0841', 'NDCG@5': '0.0544', 'HR@10': '0.1388', 'NDCG@10': '0.0718', 'HR@20': '0.2157', 'NDCG@20': '0.0911'}
2025-06-19 14:30:01,927 - Validation score increased.  Saving model ...
2025-06-19 14:30:12,698 - {'epoch': 14, 'rec_loss': '6.2728'}
2025-06-19 14:30:16,908 - {'Epoch': 14, 'HR@5': '0.0921', 'NDCG@5': '0.0573', 'HR@10': '0.1490', 'NDCG@10': '0.0756', 'HR@20': '0.2286', 'NDCG@20': '0.0956'}
2025-06-19 14:30:16,910 - Validation score increased.  Saving model ...
2025-06-19 14:30:27,749 - {'epoch': 15, 'rec_loss': '6.1875'}
2025-06-19 14:30:32,005 - {'Epoch': 15, 'HR@5': '0.0918', 'NDCG@5': '0.0578', 'HR@10': '0.1561', 'NDCG@10': '0.0785', 'HR@20': '0.2389', 'NDCG@20': '0.0993'}
2025-06-19 14:30:32,007 - Validation score increased.  Saving model ...
2025-06-19 14:30:42,842 - {'epoch': 16, 'rec_loss': '6.1160'}
2025-06-19 14:30:47,071 - {'Epoch': 16, 'HR@5': '0.0978', 'NDCG@5': '0.0623', 'HR@10': '0.1622', 'NDCG@10': '0.0830', 'HR@20': '0.2494', 'NDCG@20': '0.1049'}
2025-06-19 14:30:47,073 - Validation score increased.  Saving model ...
2025-06-19 14:30:57,903 - {'epoch': 17, 'rec_loss': '6.0536'}
2025-06-19 14:31:02,121 - {'Epoch': 17, 'HR@5': '0.1007', 'NDCG@5': '0.0646', 'HR@10': '0.1658', 'NDCG@10': '0.0856', 'HR@20': '0.2538', 'NDCG@20': '0.1078'}
2025-06-19 14:31:02,123 - Validation score increased.  Saving model ...
2025-06-19 14:31:12,978 - {'epoch': 18, 'rec_loss': '6.0001'}
2025-06-19 14:31:17,214 - {'Epoch': 18, 'HR@5': '0.1090', 'NDCG@5': '0.0688', 'HR@10': '0.1751', 'NDCG@10': '0.0900', 'HR@20': '0.2637', 'NDCG@20': '0.1123'}
2025-06-19 14:31:17,215 - Validation score increased.  Saving model ...
2025-06-19 14:31:28,032 - {'epoch': 19, 'rec_loss': '5.9441'}
2025-06-19 14:31:32,397 - {'Epoch': 19, 'HR@5': '0.1097', 'NDCG@5': '0.0696', 'HR@10': '0.1738', 'NDCG@10': '0.0902', 'HR@20': '0.2725', 'NDCG@20': '0.1151'}
2025-06-19 14:31:32,398 - Validation score increased.  Saving model ...
2025-06-19 14:31:43,228 - {'epoch': 20, 'rec_loss': '5.9026'}
2025-06-19 14:31:47,501 - {'Epoch': 20, 'HR@5': '0.1085', 'NDCG@5': '0.0697', 'HR@10': '0.1796', 'NDCG@10': '0.0926', 'HR@20': '0.2764', 'NDCG@20': '0.1169'}
2025-06-19 14:31:47,504 - Validation score increased.  Saving model ...
2025-06-19 14:31:58,362 - {'epoch': 21, 'rec_loss': '5.8594'}
2025-06-19 14:32:02,620 - {'Epoch': 21, 'HR@5': '0.1141', 'NDCG@5': '0.0724', 'HR@10': '0.1849', 'NDCG@10': '0.0950', 'HR@20': '0.2803', 'NDCG@20': '0.1191'}
2025-06-19 14:32:02,622 - Validation score increased.  Saving model ...
2025-06-19 14:32:13,446 - {'epoch': 22, 'rec_loss': '5.8242'}
2025-06-19 14:32:17,721 - {'Epoch': 22, 'HR@5': '0.1163', 'NDCG@5': '0.0749', 'HR@10': '0.1884', 'NDCG@10': '0.0981', 'HR@20': '0.2864', 'NDCG@20': '0.1227'}
2025-06-19 14:32:17,723 - Validation score increased.  Saving model ...
2025-06-19 14:32:28,576 - {'epoch': 23, 'rec_loss': '5.7915'}
2025-06-19 14:32:32,848 - {'Epoch': 23, 'HR@5': '0.1190', 'NDCG@5': '0.0762', 'HR@10': '0.1902', 'NDCG@10': '0.0990', 'HR@20': '0.2909', 'NDCG@20': '0.1243'}
2025-06-19 14:32:32,850 - Validation score increased.  Saving model ...
2025-06-19 14:32:43,670 - {'epoch': 24, 'rec_loss': '5.7601'}
2025-06-19 14:32:47,909 - {'Epoch': 24, 'HR@5': '0.1197', 'NDCG@5': '0.0759', 'HR@10': '0.1932', 'NDCG@10': '0.0996', 'HR@20': '0.2901', 'NDCG@20': '0.1240'}
2025-06-19 14:32:47,910 - EarlyStopping counter: 1 out of 10
2025-06-19 14:32:58,732 - {'epoch': 25, 'rec_loss': '5.7399'}
2025-06-19 14:33:03,030 - {'Epoch': 25, 'HR@5': '0.1214', 'NDCG@5': '0.0778', 'HR@10': '0.1930', 'NDCG@10': '0.1007', 'HR@20': '0.2890', 'NDCG@20': '0.1250'}
2025-06-19 14:33:03,032 - Validation score increased.  Saving model ...
2025-06-19 14:33:13,865 - {'epoch': 26, 'rec_loss': '5.7176'}
2025-06-19 14:33:18,167 - {'Epoch': 26, 'HR@5': '0.1238', 'NDCG@5': '0.0798', 'HR@10': '0.1996', 'NDCG@10': '0.1041', 'HR@20': '0.2992', 'NDCG@20': '0.1292'}
2025-06-19 14:33:18,170 - Validation score increased.  Saving model ...
2025-06-19 14:33:29,013 - {'epoch': 27, 'rec_loss': '5.6945'}
2025-06-19 14:33:33,272 - {'Epoch': 27, 'HR@5': '0.1260', 'NDCG@5': '0.0802', 'HR@10': '0.2018', 'NDCG@10': '0.1045', 'HR@20': '0.2994', 'NDCG@20': '0.1291'}
2025-06-19 14:33:33,273 - EarlyStopping counter: 1 out of 10
2025-06-19 14:33:44,073 - {'epoch': 28, 'rec_loss': '5.6662'}
2025-06-19 14:33:48,369 - {'Epoch': 28, 'HR@5': '0.1238', 'NDCG@5': '0.0792', 'HR@10': '0.1989', 'NDCG@10': '0.1034', 'HR@20': '0.3000', 'NDCG@20': '0.1288'}
2025-06-19 14:33:48,370 - EarlyStopping counter: 2 out of 10
2025-06-19 14:33:59,196 - {'epoch': 29, 'rec_loss': '5.6523'}
2025-06-19 14:34:03,467 - {'Epoch': 29, 'HR@5': '0.1260', 'NDCG@5': '0.0809', 'HR@10': '0.2038', 'NDCG@10': '0.1058', 'HR@20': '0.3020', 'NDCG@20': '0.1306'}
2025-06-19 14:34:03,469 - Validation score increased.  Saving model ...
2025-06-19 14:34:14,294 - {'epoch': 30, 'rec_loss': '5.6271'}
2025-06-19 14:34:18,565 - {'Epoch': 30, 'HR@5': '0.1331', 'NDCG@5': '0.0858', 'HR@10': '0.2090', 'NDCG@10': '0.1102', 'HR@20': '0.3040', 'NDCG@20': '0.1342'}
2025-06-19 14:34:18,566 - Validation score increased.  Saving model ...
2025-06-19 14:34:29,473 - {'epoch': 31, 'rec_loss': '5.6074'}
2025-06-19 14:34:33,757 - {'Epoch': 31, 'HR@5': '0.1281', 'NDCG@5': '0.0816', 'HR@10': '0.2059', 'NDCG@10': '0.1066', 'HR@20': '0.3054', 'NDCG@20': '0.1318'}
2025-06-19 14:34:33,760 - EarlyStopping counter: 1 out of 10
2025-06-19 14:34:44,548 - {'epoch': 32, 'rec_loss': '5.5910'}
2025-06-19 14:34:48,811 - {'Epoch': 32, 'HR@5': '0.1298', 'NDCG@5': '0.0831', 'HR@10': '0.2093', 'NDCG@10': '0.1086', 'HR@20': '0.3079', 'NDCG@20': '0.1335'}
2025-06-19 14:34:48,813 - EarlyStopping counter: 2 out of 10
2025-06-19 14:34:59,661 - {'epoch': 33, 'rec_loss': '5.5693'}
2025-06-19 14:35:03,956 - {'Epoch': 33, 'HR@5': '0.1305', 'NDCG@5': '0.0836', 'HR@10': '0.2109', 'NDCG@10': '0.1095', 'HR@20': '0.3072', 'NDCG@20': '0.1338'}
2025-06-19 14:35:03,957 - EarlyStopping counter: 3 out of 10
2025-06-19 14:35:14,785 - {'epoch': 34, 'rec_loss': '5.5582'}
2025-06-19 14:35:19,051 - {'Epoch': 34, 'HR@5': '0.1327', 'NDCG@5': '0.0836', 'HR@10': '0.2103', 'NDCG@10': '0.1087', 'HR@20': '0.3098', 'NDCG@20': '0.1338'}
2025-06-19 14:35:19,052 - EarlyStopping counter: 4 out of 10
2025-06-19 14:35:29,894 - {'epoch': 35, 'rec_loss': '5.5385'}
2025-06-19 14:35:34,157 - {'Epoch': 35, 'HR@5': '0.1306', 'NDCG@5': '0.0840', 'HR@10': '0.2120', 'NDCG@10': '0.1100', 'HR@20': '0.3110', 'NDCG@20': '0.1349'}
2025-06-19 14:35:34,159 - Validation score increased.  Saving model ...
2025-06-19 14:35:45,024 - {'epoch': 36, 'rec_loss': '5.5202'}
2025-06-19 14:35:49,318 - {'Epoch': 36, 'HR@5': '0.1335', 'NDCG@5': '0.0856', 'HR@10': '0.2157', 'NDCG@10': '0.1121', 'HR@20': '0.3124', 'NDCG@20': '0.1365'}
2025-06-19 14:35:49,320 - Validation score increased.  Saving model ...
2025-06-19 14:36:00,153 - {'epoch': 37, 'rec_loss': '5.5056'}
2025-06-19 14:36:04,413 - {'Epoch': 37, 'HR@5': '0.1380', 'NDCG@5': '0.0884', 'HR@10': '0.2154', 'NDCG@10': '0.1133', 'HR@20': '0.3139', 'NDCG@20': '0.1381'}
2025-06-19 14:36:04,414 - Validation score increased.  Saving model ...
2025-06-19 14:36:15,217 - {'epoch': 38, 'rec_loss': '5.4988'}
2025-06-19 14:36:19,481 - {'Epoch': 38, 'HR@5': '0.1365', 'NDCG@5': '0.0878', 'HR@10': '0.2122', 'NDCG@10': '0.1122', 'HR@20': '0.3147', 'NDCG@20': '0.1380'}
2025-06-19 14:36:19,481 - EarlyStopping counter: 1 out of 10
2025-06-19 14:36:30,289 - {'epoch': 39, 'rec_loss': '5.4873'}
2025-06-19 14:36:34,604 - {'Epoch': 39, 'HR@5': '0.1358', 'NDCG@5': '0.0866', 'HR@10': '0.2121', 'NDCG@10': '0.1111', 'HR@20': '0.3145', 'NDCG@20': '0.1369'}
2025-06-19 14:36:34,606 - EarlyStopping counter: 2 out of 10
2025-06-19 14:36:45,442 - {'epoch': 40, 'rec_loss': '5.4628'}
2025-06-19 14:36:49,750 - {'Epoch': 40, 'HR@5': '0.1333', 'NDCG@5': '0.0857', 'HR@10': '0.2157', 'NDCG@10': '0.1122', 'HR@20': '0.3146', 'NDCG@20': '0.1371'}
2025-06-19 14:36:49,751 - EarlyStopping counter: 3 out of 10
2025-06-19 14:37:00,576 - {'epoch': 41, 'rec_loss': '5.4593'}
2025-06-19 14:37:04,871 - {'Epoch': 41, 'HR@5': '0.1367', 'NDCG@5': '0.0870', 'HR@10': '0.2165', 'NDCG@10': '0.1126', 'HR@20': '0.3151', 'NDCG@20': '0.1375'}
2025-06-19 14:37:04,873 - EarlyStopping counter: 4 out of 10
2025-06-19 14:37:15,688 - {'epoch': 42, 'rec_loss': '5.4400'}
2025-06-19 14:37:19,950 - {'Epoch': 42, 'HR@5': '0.1350', 'NDCG@5': '0.0876', 'HR@10': '0.2156', 'NDCG@10': '0.1135', 'HR@20': '0.3125', 'NDCG@20': '0.1380'}
2025-06-19 14:37:19,950 - EarlyStopping counter: 5 out of 10
2025-06-19 14:37:30,786 - {'epoch': 43, 'rec_loss': '5.4363'}
2025-06-19 14:37:35,093 - {'Epoch': 43, 'HR@5': '0.1399', 'NDCG@5': '0.0893', 'HR@10': '0.2178', 'NDCG@10': '0.1142', 'HR@20': '0.3152', 'NDCG@20': '0.1389'}
2025-06-19 14:37:35,098 - Validation score increased.  Saving model ...
2025-06-19 14:37:45,958 - {'epoch': 44, 'rec_loss': '5.4212'}
2025-06-19 14:37:50,265 - {'Epoch': 44, 'HR@5': '0.1382', 'NDCG@5': '0.0888', 'HR@10': '0.2161', 'NDCG@10': '0.1138', 'HR@20': '0.3137', 'NDCG@20': '0.1385'}
2025-06-19 14:37:50,267 - EarlyStopping counter: 1 out of 10
2025-06-19 14:38:01,146 - {'epoch': 45, 'rec_loss': '5.4051'}
2025-06-19 14:38:05,438 - {'Epoch': 45, 'HR@5': '0.1394', 'NDCG@5': '0.0899', 'HR@10': '0.2210', 'NDCG@10': '0.1162', 'HR@20': '0.3159', 'NDCG@20': '0.1402'}
2025-06-19 14:38:05,439 - Validation score increased.  Saving model ...
2025-06-19 14:38:16,267 - {'epoch': 46, 'rec_loss': '5.4035'}
2025-06-19 14:38:20,524 - {'Epoch': 46, 'HR@5': '0.1403', 'NDCG@5': '0.0901', 'HR@10': '0.2193', 'NDCG@10': '0.1155', 'HR@20': '0.3180', 'NDCG@20': '0.1404'}
2025-06-19 14:38:20,525 - Validation score increased.  Saving model ...
2025-06-19 14:38:31,378 - {'epoch': 47, 'rec_loss': '5.3884'}
2025-06-19 14:38:35,684 - {'Epoch': 47, 'HR@5': '0.1412', 'NDCG@5': '0.0909', 'HR@10': '0.2191', 'NDCG@10': '0.1159', 'HR@20': '0.3167', 'NDCG@20': '0.1405'}
2025-06-19 14:38:35,686 - Validation score increased.  Saving model ...
2025-06-19 14:38:46,556 - {'epoch': 48, 'rec_loss': '5.3784'}
2025-06-19 14:38:50,848 - {'Epoch': 48, 'HR@5': '0.1415', 'NDCG@5': '0.0914', 'HR@10': '0.2188', 'NDCG@10': '0.1163', 'HR@20': '0.3192', 'NDCG@20': '0.1417'}
2025-06-19 14:38:50,849 - Validation score increased.  Saving model ...
2025-06-19 14:39:01,753 - {'epoch': 49, 'rec_loss': '5.3749'}
2025-06-19 14:39:06,029 - {'Epoch': 49, 'HR@5': '0.1420', 'NDCG@5': '0.0907', 'HR@10': '0.2212', 'NDCG@10': '0.1161', 'HR@20': '0.3182', 'NDCG@20': '0.1406'}
2025-06-19 14:39:06,031 - EarlyStopping counter: 1 out of 10
2025-06-19 14:39:16,838 - {'epoch': 50, 'rec_loss': '5.3560'}
2025-06-19 14:39:21,126 - {'Epoch': 50, 'HR@5': '0.1453', 'NDCG@5': '0.0936', 'HR@10': '0.2236', 'NDCG@10': '0.1187', 'HR@20': '0.3191', 'NDCG@20': '0.1428'}
2025-06-19 14:39:21,127 - Validation score increased.  Saving model ...
2025-06-19 14:39:32,000 - {'epoch': 51, 'rec_loss': '5.3498'}
2025-06-19 14:39:36,303 - {'Epoch': 51, 'HR@5': '0.1401', 'NDCG@5': '0.0905', 'HR@10': '0.2206', 'NDCG@10': '0.1164', 'HR@20': '0.3201', 'NDCG@20': '0.1415'}
2025-06-19 14:39:36,305 - EarlyStopping counter: 1 out of 10
2025-06-19 14:39:47,099 - {'epoch': 52, 'rec_loss': '5.3445'}
2025-06-19 14:39:51,363 - {'Epoch': 52, 'HR@5': '0.1378', 'NDCG@5': '0.0902', 'HR@10': '0.2221', 'NDCG@10': '0.1172', 'HR@20': '0.3203', 'NDCG@20': '0.1420'}
2025-06-19 14:39:51,365 - EarlyStopping counter: 2 out of 10
2025-06-19 14:40:02,211 - {'epoch': 53, 'rec_loss': '5.3273'}
2025-06-19 14:40:06,501 - {'Epoch': 53, 'HR@5': '0.1410', 'NDCG@5': '0.0898', 'HR@10': '0.2232', 'NDCG@10': '0.1162', 'HR@20': '0.3195', 'NDCG@20': '0.1405'}
2025-06-19 14:40:06,502 - EarlyStopping counter: 3 out of 10
2025-06-19 14:40:17,294 - {'epoch': 54, 'rec_loss': '5.3384'}
2025-06-19 14:40:21,544 - {'Epoch': 54, 'HR@5': '0.1436', 'NDCG@5': '0.0924', 'HR@10': '0.2230', 'NDCG@10': '0.1180', 'HR@20': '0.3203', 'NDCG@20': '0.1426'}
2025-06-19 14:40:21,545 - EarlyStopping counter: 4 out of 10
2025-06-19 14:40:32,351 - {'epoch': 55, 'rec_loss': '5.3228'}
2025-06-19 14:40:36,599 - {'Epoch': 55, 'HR@5': '0.1441', 'NDCG@5': '0.0926', 'HR@10': '0.2246', 'NDCG@10': '0.1184', 'HR@20': '0.3222', 'NDCG@20': '0.1431'}
2025-06-19 14:40:36,600 - Validation score increased.  Saving model ...
2025-06-19 14:40:47,394 - {'epoch': 56, 'rec_loss': '5.3121'}
2025-06-19 14:40:51,659 - {'Epoch': 56, 'HR@5': '0.1418', 'NDCG@5': '0.0909', 'HR@10': '0.2245', 'NDCG@10': '0.1175', 'HR@20': '0.3232', 'NDCG@20': '0.1424'}
2025-06-19 14:40:51,659 - EarlyStopping counter: 1 out of 10
2025-06-19 14:41:02,458 - {'epoch': 57, 'rec_loss': '5.3066'}
2025-06-19 14:41:06,712 - {'Epoch': 57, 'HR@5': '0.1431', 'NDCG@5': '0.0911', 'HR@10': '0.2239', 'NDCG@10': '0.1171', 'HR@20': '0.3234', 'NDCG@20': '0.1423'}
2025-06-19 14:41:06,713 - EarlyStopping counter: 2 out of 10
2025-06-19 14:41:17,529 - {'epoch': 58, 'rec_loss': '5.2916'}
2025-06-19 14:41:21,828 - {'Epoch': 58, 'HR@5': '0.1402', 'NDCG@5': '0.0901', 'HR@10': '0.2197', 'NDCG@10': '0.1157', 'HR@20': '0.3209', 'NDCG@20': '0.1413'}
2025-06-19 14:41:21,830 - EarlyStopping counter: 3 out of 10
2025-06-19 14:41:32,664 - {'epoch': 59, 'rec_loss': '5.2929'}
2025-06-19 14:41:36,987 - {'Epoch': 59, 'HR@5': '0.1463', 'NDCG@5': '0.0937', 'HR@10': '0.2230', 'NDCG@10': '0.1184', 'HR@20': '0.3220', 'NDCG@20': '0.1434'}
2025-06-19 14:41:36,989 - Validation score increased.  Saving model ...
2025-06-19 14:41:47,790 - {'epoch': 60, 'rec_loss': '5.2857'}
2025-06-19 14:41:52,098 - {'Epoch': 60, 'HR@5': '0.1420', 'NDCG@5': '0.0913', 'HR@10': '0.2237', 'NDCG@10': '0.1177', 'HR@20': '0.3214', 'NDCG@20': '0.1424'}
2025-06-19 14:41:52,100 - EarlyStopping counter: 1 out of 10
2025-06-19 14:42:02,953 - {'epoch': 61, 'rec_loss': '5.2812'}
2025-06-19 14:42:07,241 - {'Epoch': 61, 'HR@5': '0.1445', 'NDCG@5': '0.0925', 'HR@10': '0.2260', 'NDCG@10': '0.1187', 'HR@20': '0.3228', 'NDCG@20': '0.1432'}
2025-06-19 14:42:07,242 - EarlyStopping counter: 2 out of 10
2025-06-19 14:42:18,057 - {'epoch': 62, 'rec_loss': '5.2735'}
2025-06-19 14:42:22,378 - {'Epoch': 62, 'HR@5': '0.1451', 'NDCG@5': '0.0922', 'HR@10': '0.2248', 'NDCG@10': '0.1179', 'HR@20': '0.3176', 'NDCG@20': '0.1413'}
2025-06-19 14:42:22,379 - EarlyStopping counter: 3 out of 10
2025-06-19 14:42:33,207 - {'epoch': 63, 'rec_loss': '5.2675'}
2025-06-19 14:42:37,466 - {'Epoch': 63, 'HR@5': '0.1454', 'NDCG@5': '0.0939', 'HR@10': '0.2233', 'NDCG@10': '0.1191', 'HR@20': '0.3216', 'NDCG@20': '0.1439'}
2025-06-19 14:42:37,468 - Validation score increased.  Saving model ...
2025-06-19 14:42:48,285 - {'epoch': 64, 'rec_loss': '5.2517'}
2025-06-19 14:42:52,597 - {'Epoch': 64, 'HR@5': '0.1473', 'NDCG@5': '0.0951', 'HR@10': '0.2281', 'NDCG@10': '0.1212', 'HR@20': '0.3247', 'NDCG@20': '0.1455'}
2025-06-19 14:42:52,598 - Validation score increased.  Saving model ...
2025-06-19 14:43:03,400 - {'epoch': 65, 'rec_loss': '5.2506'}
2025-06-19 14:43:07,657 - {'Epoch': 65, 'HR@5': '0.1445', 'NDCG@5': '0.0937', 'HR@10': '0.2258', 'NDCG@10': '0.1198', 'HR@20': '0.3232', 'NDCG@20': '0.1444'}
2025-06-19 14:43:07,659 - EarlyStopping counter: 1 out of 10
2025-06-19 14:43:18,459 - {'epoch': 66, 'rec_loss': '5.2424'}
2025-06-19 14:43:22,771 - {'Epoch': 66, 'HR@5': '0.1478', 'NDCG@5': '0.0941', 'HR@10': '0.2263', 'NDCG@10': '0.1193', 'HR@20': '0.3249', 'NDCG@20': '0.1442'}
2025-06-19 14:43:22,771 - EarlyStopping counter: 2 out of 10
2025-06-19 14:43:33,631 - {'epoch': 67, 'rec_loss': '5.2303'}
2025-06-19 14:43:37,897 - {'Epoch': 67, 'HR@5': '0.1486', 'NDCG@5': '0.0943', 'HR@10': '0.2286', 'NDCG@10': '0.1201', 'HR@20': '0.3237', 'NDCG@20': '0.1441'}
2025-06-19 14:43:37,899 - EarlyStopping counter: 3 out of 10
2025-06-19 14:43:48,667 - {'epoch': 68, 'rec_loss': '5.2381'}
2025-06-19 14:43:53,017 - {'Epoch': 68, 'HR@5': '0.1465', 'NDCG@5': '0.0949', 'HR@10': '0.2286', 'NDCG@10': '0.1213', 'HR@20': '0.3226', 'NDCG@20': '0.1450'}
2025-06-19 14:43:53,018 - EarlyStopping counter: 4 out of 10
2025-06-19 14:44:03,836 - {'epoch': 69, 'rec_loss': '5.2245'}
2025-06-19 14:44:08,115 - {'Epoch': 69, 'HR@5': '0.1448', 'NDCG@5': '0.0932', 'HR@10': '0.2267', 'NDCG@10': '0.1196', 'HR@20': '0.3234', 'NDCG@20': '0.1440'}
2025-06-19 14:44:08,117 - EarlyStopping counter: 5 out of 10
2025-06-19 14:44:18,961 - {'epoch': 70, 'rec_loss': '5.2221'}
2025-06-19 14:44:23,250 - {'Epoch': 70, 'HR@5': '0.1472', 'NDCG@5': '0.0930', 'HR@10': '0.2271', 'NDCG@10': '0.1188', 'HR@20': '0.3227', 'NDCG@20': '0.1428'}
2025-06-19 14:44:23,251 - EarlyStopping counter: 6 out of 10
2025-06-19 14:44:34,064 - {'epoch': 71, 'rec_loss': '5.2188'}
2025-06-19 14:44:38,322 - {'Epoch': 71, 'HR@5': '0.1492', 'NDCG@5': '0.0956', 'HR@10': '0.2284', 'NDCG@10': '0.1211', 'HR@20': '0.3251', 'NDCG@20': '0.1455'}
2025-06-19 14:44:38,325 - EarlyStopping counter: 7 out of 10
2025-06-19 14:44:49,123 - {'epoch': 72, 'rec_loss': '5.2153'}
2025-06-19 14:44:53,453 - {'Epoch': 72, 'HR@5': '0.1459', 'NDCG@5': '0.0937', 'HR@10': '0.2268', 'NDCG@10': '0.1197', 'HR@20': '0.3239', 'NDCG@20': '0.1442'}
2025-06-19 14:44:53,455 - EarlyStopping counter: 8 out of 10
2025-06-19 14:45:04,317 - {'epoch': 73, 'rec_loss': '5.2064'}
2025-06-19 14:45:08,612 - {'Epoch': 73, 'HR@5': '0.1488', 'NDCG@5': '0.0953', 'HR@10': '0.2293', 'NDCG@10': '0.1211', 'HR@20': '0.3229', 'NDCG@20': '0.1448'}
2025-06-19 14:45:08,614 - EarlyStopping counter: 9 out of 10
2025-06-19 14:45:19,455 - {'epoch': 74, 'rec_loss': '5.1942'}
2025-06-19 14:45:23,810 - {'Epoch': 74, 'HR@5': '0.1479', 'NDCG@5': '0.0951', 'HR@10': '0.2290', 'NDCG@10': '0.1212', 'HR@20': '0.3266', 'NDCG@20': '0.1458'}
2025-06-19 14:45:23,813 - Validation score increased.  Saving model ...
2025-06-19 14:45:34,622 - {'epoch': 75, 'rec_loss': '5.1894'}
2025-06-19 14:45:38,910 - {'Epoch': 75, 'HR@5': '0.1465', 'NDCG@5': '0.0945', 'HR@10': '0.2305', 'NDCG@10': '0.1217', 'HR@20': '0.3278', 'NDCG@20': '0.1462'}
2025-06-19 14:45:38,912 - Validation score increased.  Saving model ...
2025-06-19 14:45:49,781 - {'epoch': 76, 'rec_loss': '5.1831'}
2025-06-19 14:45:54,107 - {'Epoch': 76, 'HR@5': '0.1475', 'NDCG@5': '0.0954', 'HR@10': '0.2302', 'NDCG@10': '0.1220', 'HR@20': '0.3259', 'NDCG@20': '0.1462'}
2025-06-19 14:45:54,109 - EarlyStopping counter: 1 out of 10
2025-06-19 14:46:04,935 - {'epoch': 77, 'rec_loss': '5.1804'}
2025-06-19 14:46:09,195 - {'Epoch': 77, 'HR@5': '0.1488', 'NDCG@5': '0.0958', 'HR@10': '0.2315', 'NDCG@10': '0.1224', 'HR@20': '0.3263', 'NDCG@20': '0.1463'}
2025-06-19 14:46:09,197 - Validation score increased.  Saving model ...
2025-06-19 14:46:20,013 - {'epoch': 78, 'rec_loss': '5.1806'}
2025-06-19 14:46:24,358 - {'Epoch': 78, 'HR@5': '0.1489', 'NDCG@5': '0.0964', 'HR@10': '0.2313', 'NDCG@10': '0.1230', 'HR@20': '0.3278', 'NDCG@20': '0.1474'}
2025-06-19 14:46:24,359 - Validation score increased.  Saving model ...
2025-06-19 14:46:35,189 - {'epoch': 79, 'rec_loss': '5.1739'}
2025-06-19 14:46:39,469 - {'Epoch': 79, 'HR@5': '0.1500', 'NDCG@5': '0.0966', 'HR@10': '0.2322', 'NDCG@10': '0.1230', 'HR@20': '0.3259', 'NDCG@20': '0.1467'}
2025-06-19 14:46:39,471 - EarlyStopping counter: 1 out of 10
2025-06-19 14:46:50,313 - {'epoch': 80, 'rec_loss': '5.1676'}
2025-06-19 14:46:54,667 - {'Epoch': 80, 'HR@5': '0.1482', 'NDCG@5': '0.0957', 'HR@10': '0.2314', 'NDCG@10': '0.1224', 'HR@20': '0.3261', 'NDCG@20': '0.1464'}
2025-06-19 14:46:54,668 - EarlyStopping counter: 2 out of 10
2025-06-19 14:47:05,491 - {'epoch': 81, 'rec_loss': '5.1624'}
2025-06-19 14:47:09,773 - {'Epoch': 81, 'HR@5': '0.1492', 'NDCG@5': '0.0964', 'HR@10': '0.2288', 'NDCG@10': '0.1219', 'HR@20': '0.3236', 'NDCG@20': '0.1459'}
2025-06-19 14:47:09,776 - EarlyStopping counter: 3 out of 10
2025-06-19 14:47:20,557 - {'epoch': 82, 'rec_loss': '5.1628'}
2025-06-19 14:47:24,854 - {'Epoch': 82, 'HR@5': '0.1489', 'NDCG@5': '0.0965', 'HR@10': '0.2298', 'NDCG@10': '0.1226', 'HR@20': '0.3239', 'NDCG@20': '0.1464'}
2025-06-19 14:47:24,855 - EarlyStopping counter: 4 out of 10
2025-06-19 14:47:35,731 - {'epoch': 83, 'rec_loss': '5.1539'}
2025-06-19 14:47:40,067 - {'Epoch': 83, 'HR@5': '0.1490', 'NDCG@5': '0.0952', 'HR@10': '0.2308', 'NDCG@10': '0.1215', 'HR@20': '0.3255', 'NDCG@20': '0.1454'}
2025-06-19 14:47:40,069 - EarlyStopping counter: 5 out of 10
2025-06-19 14:47:50,878 - {'epoch': 84, 'rec_loss': '5.1459'}
2025-06-19 14:47:55,185 - {'Epoch': 84, 'HR@5': '0.1472', 'NDCG@5': '0.0950', 'HR@10': '0.2268', 'NDCG@10': '0.1208', 'HR@20': '0.3246', 'NDCG@20': '0.1455'}
2025-06-19 14:47:55,187 - EarlyStopping counter: 6 out of 10
2025-06-19 14:48:06,024 - {'epoch': 85, 'rec_loss': '5.1425'}
2025-06-19 14:48:10,326 - {'Epoch': 85, 'HR@5': '0.1485', 'NDCG@5': '0.0944', 'HR@10': '0.2299', 'NDCG@10': '0.1207', 'HR@20': '0.3269', 'NDCG@20': '0.1452'}
2025-06-19 14:48:10,328 - EarlyStopping counter: 7 out of 10
2025-06-19 14:48:21,118 - {'epoch': 86, 'rec_loss': '5.1484'}
2025-06-19 14:48:25,426 - {'Epoch': 86, 'HR@5': '0.1490', 'NDCG@5': '0.0958', 'HR@10': '0.2299', 'NDCG@10': '0.1218', 'HR@20': '0.3226', 'NDCG@20': '0.1451'}
2025-06-19 14:48:25,427 - EarlyStopping counter: 8 out of 10
2025-06-19 14:48:36,267 - {'epoch': 87, 'rec_loss': '5.1425'}
2025-06-19 14:48:40,556 - {'Epoch': 87, 'HR@5': '0.1494', 'NDCG@5': '0.0964', 'HR@10': '0.2289', 'NDCG@10': '0.1221', 'HR@20': '0.3254', 'NDCG@20': '0.1465'}
2025-06-19 14:48:40,559 - EarlyStopping counter: 9 out of 10
2025-06-19 14:48:51,351 - {'epoch': 88, 'rec_loss': '5.1332'}
2025-06-19 14:48:55,657 - {'Epoch': 88, 'HR@5': '0.1481', 'NDCG@5': '0.0969', 'HR@10': '0.2296', 'NDCG@10': '0.1232', 'HR@20': '0.3264', 'NDCG@20': '0.1476'}
2025-06-19 14:48:55,659 - Validation score increased.  Saving model ...
2025-06-19 14:49:06,440 - {'epoch': 89, 'rec_loss': '5.1266'}
2025-06-19 14:49:10,709 - {'Epoch': 89, 'HR@5': '0.1505', 'NDCG@5': '0.0974', 'HR@10': '0.2305', 'NDCG@10': '0.1232', 'HR@20': '0.3253', 'NDCG@20': '0.1471'}
2025-06-19 14:49:10,711 - EarlyStopping counter: 1 out of 10
2025-06-19 14:49:21,569 - {'epoch': 90, 'rec_loss': '5.1220'}
2025-06-19 14:49:25,935 - {'Epoch': 90, 'HR@5': '0.1499', 'NDCG@5': '0.0971', 'HR@10': '0.2304', 'NDCG@10': '0.1231', 'HR@20': '0.3241', 'NDCG@20': '0.1468'}
2025-06-19 14:49:25,937 - EarlyStopping counter: 2 out of 10
2025-06-19 14:49:36,776 - {'epoch': 91, 'rec_loss': '5.1210'}
2025-06-19 14:49:41,078 - {'Epoch': 91, 'HR@5': '0.1488', 'NDCG@5': '0.0963', 'HR@10': '0.2286', 'NDCG@10': '0.1221', 'HR@20': '0.3249', 'NDCG@20': '0.1464'}
2025-06-19 14:49:41,081 - EarlyStopping counter: 3 out of 10
2025-06-19 14:49:51,938 - {'epoch': 92, 'rec_loss': '5.1209'}
2025-06-19 14:49:56,210 - {'Epoch': 92, 'HR@5': '0.1510', 'NDCG@5': '0.0964', 'HR@10': '0.2308', 'NDCG@10': '0.1222', 'HR@20': '0.3274', 'NDCG@20': '0.1465'}
2025-06-19 14:49:56,211 - EarlyStopping counter: 4 out of 10
2025-06-19 14:50:07,003 - {'epoch': 93, 'rec_loss': '5.1040'}
2025-06-19 14:50:11,287 - {'Epoch': 93, 'HR@5': '0.1484', 'NDCG@5': '0.0956', 'HR@10': '0.2293', 'NDCG@10': '0.1217', 'HR@20': '0.3279', 'NDCG@20': '0.1465'}
2025-06-19 14:50:11,289 - EarlyStopping counter: 5 out of 10
2025-06-19 14:50:22,178 - {'epoch': 94, 'rec_loss': '5.1154'}
2025-06-19 14:50:26,528 - {'Epoch': 94, 'HR@5': '0.1506', 'NDCG@5': '0.0965', 'HR@10': '0.2302', 'NDCG@10': '0.1221', 'HR@20': '0.3263', 'NDCG@20': '0.1464'}
2025-06-19 14:50:26,530 - EarlyStopping counter: 6 out of 10
2025-06-19 14:50:37,365 - {'epoch': 95, 'rec_loss': '5.1098'}
2025-06-19 14:50:41,646 - {'Epoch': 95, 'HR@5': '0.1488', 'NDCG@5': '0.0961', 'HR@10': '0.2310', 'NDCG@10': '0.1227', 'HR@20': '0.3284', 'NDCG@20': '0.1473'}
2025-06-19 14:50:41,647 - EarlyStopping counter: 7 out of 10
2025-06-19 14:50:52,534 - {'epoch': 96, 'rec_loss': '5.1039'}
2025-06-19 14:50:56,814 - {'Epoch': 96, 'HR@5': '0.1511', 'NDCG@5': '0.0973', 'HR@10': '0.2300', 'NDCG@10': '0.1227', 'HR@20': '0.3267', 'NDCG@20': '0.1472'}
2025-06-19 14:50:56,817 - EarlyStopping counter: 8 out of 10
2025-06-19 14:51:07,615 - {'epoch': 97, 'rec_loss': '5.0931'}
2025-06-19 14:51:11,867 - {'Epoch': 97, 'HR@5': '0.1492', 'NDCG@5': '0.0962', 'HR@10': '0.2329', 'NDCG@10': '0.1232', 'HR@20': '0.3258', 'NDCG@20': '0.1467'}
2025-06-19 14:51:11,869 - EarlyStopping counter: 9 out of 10
2025-06-19 14:51:22,717 - {'epoch': 98, 'rec_loss': '5.0913'}
2025-06-19 14:51:27,000 - {'Epoch': 98, 'HR@5': '0.1482', 'NDCG@5': '0.0963', 'HR@10': '0.2304', 'NDCG@10': '0.1228', 'HR@20': '0.3260', 'NDCG@20': '0.1469'}
2025-06-19 14:51:27,002 - EarlyStopping counter: 10 out of 10
2025-06-19 14:51:27,002 - Early stopping
2025-06-19 14:51:27,003 - ---------------Test Score---------------
2025-06-19 14:51:31,309 - {'Epoch': 0, 'HR@5': '0.1213', 'NDCG@5': '0.0774', 'HR@10': '0.1901', 'NDCG@10': '0.0995', 'HR@20': '0.2781', 'NDCG@20': '0.1217'}
2025-06-19 14:51:31,310 - BERT4Rec_Diginetica_44
2025-06-19 14:51:31,310 - {'Epoch': 0, 'HR@5': '0.1213', 'NDCG@5': '0.0774', 'HR@10': '0.1901', 'NDCG@10': '0.0995', 'HR@20': '0.2781', 'NDCG@20': '0.1217'}
