2025-06-19 14:26:25,850 - Namespace(data_dir='data/self_processed/', output_dir='output/BERT4Rec/', data_name='Diginetica', do_eval=False, load_model=None, train_name='BERT4Rec_Diginetica_43', num_items=10, num_users=14829, lr=0.001, batch_size=256, epochs=200, no_cuda=False, log_freq=1, patience=10, num_workers=4, seed=43, weight_decay=0.0, adam_beta1=0.9, adam_beta2=0.999, gpu_id='0', variance=5, model_type='BERT4Rec', max_seq_length=50, hidden_size=64, num_hidden_layers=2, hidden_act='gelu', num_attention_heads=4, attention_probs_dropout_prob=0.5, hidden_dropout_prob=0.5, initializer_range=0.02, mask_ratio=0.2, cuda_condition=True, data_file='data/self_processed/Diginetica.txt', item_size=9441, checkpoint_path='output/BERT4Rec/BERT4Rec_Diginetica_43.pt', same_target_path='data/self_processed/Diginetica_same_target.npy')
2025-06-19 14:26:25,873 - BERT4RecModel(
  (item_embeddings): Embedding(9442, 64, padding_idx=0)
  (position_embeddings): Embedding(50, 64)
  (item_encoder): TransformerEncoder(
    (blocks): ModuleList(
      (0): TransformerBlock(
        (layer): MultiHeadAttention(
          (query): Linear(in_features=64, out_features=64, bias=True)
          (key): Linear(in_features=64, out_features=64, bias=True)
          (value): Linear(in_features=64, out_features=64, bias=True)
          (softmax): Softmax(dim=-1)
          (attn_dropout): Dropout(p=0.5, inplace=False)
          (dense): Linear(in_features=64, out_features=64, bias=True)
          (LayerNorm): LayerNorm((64,), eps=1e-12, elementwise_affine=True)
          (out_dropout): Dropout(p=0.5, inplace=False)
        )
        (feed_forward): FeedForward(
          (dense_1): Linear(in_features=64, out_features=256, bias=True)
          (dense_2): Linear(in_features=256, out_features=64, bias=True)
          (LayerNorm): LayerNorm()
          (dropout): Dropout(p=0.5, inplace=False)
        )
      )
      (1): TransformerBlock(
        (layer): MultiHeadAttention(
          (query): Linear(in_features=64, out_features=64, bias=True)
          (key): Linear(in_features=64, out_features=64, bias=True)
          (value): Linear(in_features=64, out_features=64, bias=True)
          (softmax): Softmax(dim=-1)
          (attn_dropout): Dropout(p=0.5, inplace=False)
          (dense): Linear(in_features=64, out_features=64, bias=True)
          (LayerNorm): LayerNorm((64,), eps=1e-12, elementwise_affine=True)
          (out_dropout): Dropout(p=0.5, inplace=False)
        )
        (feed_forward): FeedForward(
          (dense_1): Linear(in_features=64, out_features=256, bias=True)
          (dense_2): Linear(in_features=256, out_features=64, bias=True)
          (LayerNorm): LayerNorm()
          (dropout): Dropout(p=0.5, inplace=False)
        )
      )
    )
  )
  (LayerNorm): LayerNorm()
  (dropout): Dropout(p=0.5, inplace=False)
)
2025-06-19 14:26:28,026 - Total Parameters: 707584
2025-06-19 14:26:39,548 - {'epoch': 0, 'rec_loss': '8.8882'}
2025-06-19 14:26:43,500 - {'Epoch': 0, 'HR@5': '0.0032', 'NDCG@5': '0.0019', 'HR@10': '0.0058', 'NDCG@10': '0.0028', 'HR@20': '0.0111', 'NDCG@20': '0.0041'}
2025-06-19 14:26:43,503 - Validation score increased.  Saving model ...
2025-06-19 14:26:54,471 - {'epoch': 1, 'rec_loss': '8.5453'}
2025-06-19 14:26:58,625 - {'Epoch': 1, 'HR@5': '0.0053', 'NDCG@5': '0.0032', 'HR@10': '0.0100', 'NDCG@10': '0.0047', 'HR@20': '0.0192', 'NDCG@20': '0.0071'}
2025-06-19 14:26:58,626 - Validation score increased.  Saving model ...
2025-06-19 14:27:09,535 - {'epoch': 2, 'rec_loss': '8.2237'}
2025-06-19 14:27:13,738 - {'Epoch': 2, 'HR@5': '0.0088', 'NDCG@5': '0.0053', 'HR@10': '0.0165', 'NDCG@10': '0.0078', 'HR@20': '0.0280', 'NDCG@20': '0.0106'}
2025-06-19 14:27:13,740 - Validation score increased.  Saving model ...
2025-06-19 14:27:24,643 - {'epoch': 3, 'rec_loss': '7.9780'}
2025-06-19 14:27:28,921 - {'Epoch': 3, 'HR@5': '0.0140', 'NDCG@5': '0.0089', 'HR@10': '0.0241', 'NDCG@10': '0.0121', 'HR@20': '0.0428', 'NDCG@20': '0.0168'}
2025-06-19 14:27:28,922 - Validation score increased.  Saving model ...
2025-06-19 14:27:39,815 - {'epoch': 4, 'rec_loss': '7.7636'}
2025-06-19 14:27:44,078 - {'Epoch': 4, 'HR@5': '0.0194', 'NDCG@5': '0.0121', 'HR@10': '0.0354', 'NDCG@10': '0.0172', 'HR@20': '0.0601', 'NDCG@20': '0.0234'}
2025-06-19 14:27:44,079 - Validation score increased.  Saving model ...
2025-06-19 14:27:55,017 - {'epoch': 5, 'rec_loss': '7.5489'}
2025-06-19 14:27:59,225 - {'Epoch': 5, 'HR@5': '0.0284', 'NDCG@5': '0.0172', 'HR@10': '0.0491', 'NDCG@10': '0.0239', 'HR@20': '0.0804', 'NDCG@20': '0.0317'}
2025-06-19 14:27:59,229 - Validation score increased.  Saving model ...
2025-06-19 14:28:10,113 - {'epoch': 6, 'rec_loss': '7.3150'}
2025-06-19 14:28:14,344 - {'Epoch': 6, 'HR@5': '0.0390', 'NDCG@5': '0.0244', 'HR@10': '0.0649', 'NDCG@10': '0.0327', 'HR@20': '0.1055', 'NDCG@20': '0.0429'}
2025-06-19 14:28:14,346 - Validation score increased.  Saving model ...
2025-06-19 14:28:25,210 - {'epoch': 7, 'rec_loss': '7.1056'}
2025-06-19 14:28:29,457 - {'Epoch': 7, 'HR@5': '0.0456', 'NDCG@5': '0.0283', 'HR@10': '0.0770', 'NDCG@10': '0.0385', 'HR@20': '0.1232', 'NDCG@20': '0.0500'}
2025-06-19 14:28:29,459 - Validation score increased.  Saving model ...
2025-06-19 14:28:40,383 - {'epoch': 8, 'rec_loss': '6.9486'}
2025-06-19 14:28:44,631 - {'Epoch': 8, 'HR@5': '0.0525', 'NDCG@5': '0.0328', 'HR@10': '0.0847', 'NDCG@10': '0.0431', 'HR@20': '0.1379', 'NDCG@20': '0.0565'}
2025-06-19 14:28:44,633 - Validation score increased.  Saving model ...
2025-06-19 14:28:55,558 - {'epoch': 9, 'rec_loss': '6.8175'}
2025-06-19 14:28:59,832 - {'Epoch': 9, 'HR@5': '0.0543', 'NDCG@5': '0.0337', 'HR@10': '0.0933', 'NDCG@10': '0.0462', 'HR@20': '0.1574', 'NDCG@20': '0.0623'}
2025-06-19 14:28:59,833 - Validation score increased.  Saving model ...
2025-06-19 14:29:10,684 - {'epoch': 10, 'rec_loss': '6.6995'}
2025-06-19 14:29:14,942 - {'Epoch': 10, 'HR@5': '0.0627', 'NDCG@5': '0.0391', 'HR@10': '0.1083', 'NDCG@10': '0.0537', 'HR@20': '0.1661', 'NDCG@20': '0.0682'}
2025-06-19 14:29:14,942 - Validation score increased.  Saving model ...
2025-06-19 14:29:25,826 - {'epoch': 11, 'rec_loss': '6.5910'}
2025-06-19 14:29:30,079 - {'Epoch': 11, 'HR@5': '0.0686', 'NDCG@5': '0.0433', 'HR@10': '0.1150', 'NDCG@10': '0.0582', 'HR@20': '0.1778', 'NDCG@20': '0.0739'}
2025-06-19 14:29:30,079 - Validation score increased.  Saving model ...
2025-06-19 14:29:41,041 - {'epoch': 12, 'rec_loss': '6.4904'}
2025-06-19 14:29:45,275 - {'Epoch': 12, 'HR@5': '0.0775', 'NDCG@5': '0.0492', 'HR@10': '0.1250', 'NDCG@10': '0.0645', 'HR@20': '0.1942', 'NDCG@20': '0.0818'}
2025-06-19 14:29:45,276 - Validation score increased.  Saving model ...
2025-06-19 14:29:56,220 - {'epoch': 13, 'rec_loss': '6.3901'}
2025-06-19 14:30:00,522 - {'Epoch': 13, 'HR@5': '0.0821', 'NDCG@5': '0.0520', 'HR@10': '0.1338', 'NDCG@10': '0.0686', 'HR@20': '0.2059', 'NDCG@20': '0.0867'}
2025-06-19 14:30:00,523 - Validation score increased.  Saving model ...
2025-06-19 14:30:11,430 - {'epoch': 14, 'rec_loss': '6.3056'}
2025-06-19 14:30:15,710 - {'Epoch': 14, 'HR@5': '0.0890', 'NDCG@5': '0.0562', 'HR@10': '0.1427', 'NDCG@10': '0.0735', 'HR@20': '0.2184', 'NDCG@20': '0.0926'}
2025-06-19 14:30:15,710 - Validation score increased.  Saving model ...
2025-06-19 14:30:26,682 - {'epoch': 15, 'rec_loss': '6.2311'}
2025-06-19 14:30:30,968 - {'Epoch': 15, 'HR@5': '0.0922', 'NDCG@5': '0.0586', 'HR@10': '0.1513', 'NDCG@10': '0.0775', 'HR@20': '0.2354', 'NDCG@20': '0.0987'}
2025-06-19 14:30:30,972 - Validation score increased.  Saving model ...
2025-06-19 14:30:41,884 - {'epoch': 16, 'rec_loss': '6.1614'}
2025-06-19 14:30:46,128 - {'Epoch': 16, 'HR@5': '0.0950', 'NDCG@5': '0.0595', 'HR@10': '0.1532', 'NDCG@10': '0.0781', 'HR@20': '0.2404', 'NDCG@20': '0.1001'}
2025-06-19 14:30:46,128 - Validation score increased.  Saving model ...
2025-06-19 14:30:57,055 - {'epoch': 17, 'rec_loss': '6.0936'}
2025-06-19 14:31:01,363 - {'Epoch': 17, 'HR@5': '0.1016', 'NDCG@5': '0.0642', 'HR@10': '0.1646', 'NDCG@10': '0.0843', 'HR@20': '0.2498', 'NDCG@20': '0.1058'}
2025-06-19 14:31:01,364 - Validation score increased.  Saving model ...
2025-06-19 14:31:12,238 - {'epoch': 18, 'rec_loss': '6.0418'}
2025-06-19 14:31:16,546 - {'Epoch': 18, 'HR@5': '0.1031', 'NDCG@5': '0.0651', 'HR@10': '0.1697', 'NDCG@10': '0.0865', 'HR@20': '0.2560', 'NDCG@20': '0.1082'}
2025-06-19 14:31:16,546 - Validation score increased.  Saving model ...
2025-06-19 14:31:27,461 - {'epoch': 19, 'rec_loss': '5.9919'}
2025-06-19 14:31:31,733 - {'Epoch': 19, 'HR@5': '0.1064', 'NDCG@5': '0.0669', 'HR@10': '0.1738', 'NDCG@10': '0.0886', 'HR@20': '0.2659', 'NDCG@20': '0.1118'}
2025-06-19 14:31:31,735 - Validation score increased.  Saving model ...
2025-06-19 14:31:42,665 - {'epoch': 20, 'rec_loss': '5.9453'}
2025-06-19 14:31:46,963 - {'Epoch': 20, 'HR@5': '0.1101', 'NDCG@5': '0.0698', 'HR@10': '0.1763', 'NDCG@10': '0.0911', 'HR@20': '0.2704', 'NDCG@20': '0.1148'}
2025-06-19 14:31:46,964 - Validation score increased.  Saving model ...
2025-06-19 14:31:57,913 - {'epoch': 21, 'rec_loss': '5.8967'}
2025-06-19 14:32:02,176 - {'Epoch': 21, 'HR@5': '0.1141', 'NDCG@5': '0.0727', 'HR@10': '0.1843', 'NDCG@10': '0.0953', 'HR@20': '0.2770', 'NDCG@20': '0.1186'}
2025-06-19 14:32:02,177 - Validation score increased.  Saving model ...
2025-06-19 14:32:13,085 - {'epoch': 22, 'rec_loss': '5.8664'}
2025-06-19 14:32:17,388 - {'Epoch': 22, 'HR@5': '0.1155', 'NDCG@5': '0.0750', 'HR@10': '0.1852', 'NDCG@10': '0.0974', 'HR@20': '0.2809', 'NDCG@20': '0.1215'}
2025-06-19 14:32:17,389 - Validation score increased.  Saving model ...
2025-06-19 14:32:28,355 - {'epoch': 23, 'rec_loss': '5.8211'}
2025-06-19 14:32:32,629 - {'Epoch': 23, 'HR@5': '0.1159', 'NDCG@5': '0.0735', 'HR@10': '0.1855', 'NDCG@10': '0.0959', 'HR@20': '0.2836', 'NDCG@20': '0.1207'}
2025-06-19 14:32:32,630 - EarlyStopping counter: 1 out of 10
2025-06-19 14:32:43,511 - {'epoch': 24, 'rec_loss': '5.7847'}
2025-06-19 14:32:47,814 - {'Epoch': 24, 'HR@5': '0.1213', 'NDCG@5': '0.0764', 'HR@10': '0.1921', 'NDCG@10': '0.0992', 'HR@20': '0.2879', 'NDCG@20': '0.1233'}
2025-06-19 14:32:47,814 - Validation score increased.  Saving model ...
2025-06-19 14:32:58,735 - {'epoch': 25, 'rec_loss': '5.7509'}
2025-06-19 14:33:03,000 - {'Epoch': 25, 'HR@5': '0.1208', 'NDCG@5': '0.0765', 'HR@10': '0.1929', 'NDCG@10': '0.0998', 'HR@20': '0.2919', 'NDCG@20': '0.1248'}
2025-06-19 14:33:03,001 - Validation score increased.  Saving model ...
2025-06-19 14:33:13,941 - {'epoch': 26, 'rec_loss': '5.7200'}
2025-06-19 14:33:18,226 - {'Epoch': 26, 'HR@5': '0.1240', 'NDCG@5': '0.0787', 'HR@10': '0.1967', 'NDCG@10': '0.1021', 'HR@20': '0.2948', 'NDCG@20': '0.1269'}
2025-06-19 14:33:18,227 - Validation score increased.  Saving model ...
2025-06-19 14:33:29,195 - {'epoch': 27, 'rec_loss': '5.6948'}
2025-06-19 14:33:33,476 - {'Epoch': 27, 'HR@5': '0.1261', 'NDCG@5': '0.0805', 'HR@10': '0.2010', 'NDCG@10': '0.1046', 'HR@20': '0.2984', 'NDCG@20': '0.1292'}
2025-06-19 14:33:33,477 - Validation score increased.  Saving model ...
2025-06-19 14:33:44,372 - {'epoch': 28, 'rec_loss': '5.6650'}
2025-06-19 14:33:48,680 - {'Epoch': 28, 'HR@5': '0.1252', 'NDCG@5': '0.0802', 'HR@10': '0.2023', 'NDCG@10': '0.1050', 'HR@20': '0.2988', 'NDCG@20': '0.1293'}
2025-06-19 14:33:48,681 - Validation score increased.  Saving model ...
2025-06-19 14:33:59,598 - {'epoch': 29, 'rec_loss': '5.6424'}
2025-06-19 14:34:03,909 - {'Epoch': 29, 'HR@5': '0.1277', 'NDCG@5': '0.0815', 'HR@10': '0.2030', 'NDCG@10': '0.1056', 'HR@20': '0.3008', 'NDCG@20': '0.1303'}
2025-06-19 14:34:03,910 - Validation score increased.  Saving model ...
2025-06-19 14:34:14,836 - {'epoch': 30, 'rec_loss': '5.6217'}
2025-06-19 14:34:19,100 - {'Epoch': 30, 'HR@5': '0.1276', 'NDCG@5': '0.0817', 'HR@10': '0.2061', 'NDCG@10': '0.1071', 'HR@20': '0.3025', 'NDCG@20': '0.1313'}
2025-06-19 14:34:19,101 - Validation score increased.  Saving model ...
2025-06-19 14:34:29,982 - {'epoch': 31, 'rec_loss': '5.6060'}
2025-06-19 14:34:34,325 - {'Epoch': 31, 'HR@5': '0.1285', 'NDCG@5': '0.0831', 'HR@10': '0.2074', 'NDCG@10': '0.1084', 'HR@20': '0.3037', 'NDCG@20': '0.1327'}
2025-06-19 14:34:34,325 - Validation score increased.  Saving model ...
2025-06-19 14:34:45,230 - {'epoch': 32, 'rec_loss': '5.5876'}
2025-06-19 14:34:49,556 - {'Epoch': 32, 'HR@5': '0.1330', 'NDCG@5': '0.0844', 'HR@10': '0.2110', 'NDCG@10': '0.1095', 'HR@20': '0.3091', 'NDCG@20': '0.1342'}
2025-06-19 14:34:49,557 - Validation score increased.  Saving model ...
2025-06-19 14:35:00,493 - {'epoch': 33, 'rec_loss': '5.5717'}
2025-06-19 14:35:04,893 - {'Epoch': 33, 'HR@5': '0.1313', 'NDCG@5': '0.0848', 'HR@10': '0.2096', 'NDCG@10': '0.1101', 'HR@20': '0.3093', 'NDCG@20': '0.1353'}
2025-06-19 14:35:04,893 - Validation score increased.  Saving model ...
2025-06-19 14:35:15,839 - {'epoch': 34, 'rec_loss': '5.5630'}
2025-06-19 14:35:20,140 - {'Epoch': 34, 'HR@5': '0.1360', 'NDCG@5': '0.0863', 'HR@10': '0.2119', 'NDCG@10': '0.1107', 'HR@20': '0.3100', 'NDCG@20': '0.1355'}
2025-06-19 14:35:20,141 - Validation score increased.  Saving model ...
2025-06-19 14:35:31,054 - {'epoch': 35, 'rec_loss': '5.5357'}
2025-06-19 14:35:35,365 - {'Epoch': 35, 'HR@5': '0.1354', 'NDCG@5': '0.0852', 'HR@10': '0.2110', 'NDCG@10': '0.1096', 'HR@20': '0.3090', 'NDCG@20': '0.1343'}
2025-06-19 14:35:35,366 - EarlyStopping counter: 1 out of 10
2025-06-19 14:35:46,220 - {'epoch': 36, 'rec_loss': '5.5221'}
2025-06-19 14:35:50,517 - {'Epoch': 36, 'HR@5': '0.1353', 'NDCG@5': '0.0867', 'HR@10': '0.2141', 'NDCG@10': '0.1120', 'HR@20': '0.3135', 'NDCG@20': '0.1371'}
2025-06-19 14:35:50,523 - Validation score increased.  Saving model ...
2025-06-19 14:36:01,466 - {'epoch': 37, 'rec_loss': '5.5091'}
2025-06-19 14:36:05,722 - {'Epoch': 37, 'HR@5': '0.1351', 'NDCG@5': '0.0867', 'HR@10': '0.2139', 'NDCG@10': '0.1120', 'HR@20': '0.3139', 'NDCG@20': '0.1372'}
2025-06-19 14:36:05,724 - Validation score increased.  Saving model ...
2025-06-19 14:36:16,623 - {'epoch': 38, 'rec_loss': '5.4891'}
2025-06-19 14:36:20,882 - {'Epoch': 38, 'HR@5': '0.1411', 'NDCG@5': '0.0896', 'HR@10': '0.2223', 'NDCG@10': '0.1157', 'HR@20': '0.3159', 'NDCG@20': '0.1393'}
2025-06-19 14:36:20,883 - Validation score increased.  Saving model ...
2025-06-19 14:36:31,826 - {'epoch': 39, 'rec_loss': '5.4744'}
2025-06-19 14:36:36,111 - {'Epoch': 39, 'HR@5': '0.1361', 'NDCG@5': '0.0881', 'HR@10': '0.2183', 'NDCG@10': '0.1146', 'HR@20': '0.3135', 'NDCG@20': '0.1387'}
2025-06-19 14:36:36,112 - EarlyStopping counter: 1 out of 10
2025-06-19 14:36:46,992 - {'epoch': 40, 'rec_loss': '5.4675'}
2025-06-19 14:36:51,313 - {'Epoch': 40, 'HR@5': '0.1404', 'NDCG@5': '0.0892', 'HR@10': '0.2196', 'NDCG@10': '0.1147', 'HR@20': '0.3180', 'NDCG@20': '0.1395'}
2025-06-19 14:36:51,314 - Validation score increased.  Saving model ...
2025-06-19 14:37:02,272 - {'epoch': 41, 'rec_loss': '5.4606'}
2025-06-19 14:37:06,509 - {'Epoch': 41, 'HR@5': '0.1374', 'NDCG@5': '0.0887', 'HR@10': '0.2201', 'NDCG@10': '0.1153', 'HR@20': '0.3172', 'NDCG@20': '0.1398'}
2025-06-19 14:37:06,510 - Validation score increased.  Saving model ...
2025-06-19 14:37:17,420 - {'epoch': 42, 'rec_loss': '5.4437'}
2025-06-19 14:37:21,718 - {'Epoch': 42, 'HR@5': '0.1400', 'NDCG@5': '0.0895', 'HR@10': '0.2186', 'NDCG@10': '0.1148', 'HR@20': '0.3180', 'NDCG@20': '0.1399'}
2025-06-19 14:37:21,719 - Validation score increased.  Saving model ...
2025-06-19 14:37:32,623 - {'epoch': 43, 'rec_loss': '5.4363'}
2025-06-19 14:37:36,896 - {'Epoch': 43, 'HR@5': '0.1403', 'NDCG@5': '0.0889', 'HR@10': '0.2193', 'NDCG@10': '0.1143', 'HR@20': '0.3191', 'NDCG@20': '0.1396'}
2025-06-19 14:37:36,897 - EarlyStopping counter: 1 out of 10
2025-06-19 14:37:47,738 - {'epoch': 44, 'rec_loss': '5.4305'}
2025-06-19 14:37:52,007 - {'Epoch': 44, 'HR@5': '0.1370', 'NDCG@5': '0.0877', 'HR@10': '0.2190', 'NDCG@10': '0.1141', 'HR@20': '0.3164', 'NDCG@20': '0.1387'}
2025-06-19 14:37:52,008 - EarlyStopping counter: 2 out of 10
2025-06-19 14:38:02,906 - {'epoch': 45, 'rec_loss': '5.4105'}
2025-06-19 14:38:07,215 - {'Epoch': 45, 'HR@5': '0.1403', 'NDCG@5': '0.0889', 'HR@10': '0.2179', 'NDCG@10': '0.1138', 'HR@20': '0.3185', 'NDCG@20': '0.1392'}
2025-06-19 14:38:07,215 - EarlyStopping counter: 3 out of 10
2025-06-19 14:38:18,067 - {'epoch': 46, 'rec_loss': '5.4073'}
2025-06-19 14:38:22,318 - {'Epoch': 46, 'HR@5': '0.1417', 'NDCG@5': '0.0902', 'HR@10': '0.2218', 'NDCG@10': '0.1159', 'HR@20': '0.3203', 'NDCG@20': '0.1409'}
2025-06-19 14:38:22,321 - Validation score increased.  Saving model ...
2025-06-19 14:38:33,269 - {'epoch': 47, 'rec_loss': '5.4015'}
2025-06-19 14:38:37,566 - {'Epoch': 47, 'HR@5': '0.1375', 'NDCG@5': '0.0887', 'HR@10': '0.2214', 'NDCG@10': '0.1159', 'HR@20': '0.3211', 'NDCG@20': '0.1410'}
2025-06-19 14:38:37,567 - Validation score increased.  Saving model ...
2025-06-19 14:38:48,494 - {'epoch': 48, 'rec_loss': '5.3812'}
2025-06-19 14:38:52,748 - {'Epoch': 48, 'HR@5': '0.1405', 'NDCG@5': '0.0903', 'HR@10': '0.2228', 'NDCG@10': '0.1168', 'HR@20': '0.3228', 'NDCG@20': '0.1421'}
2025-06-19 14:38:52,751 - Validation score increased.  Saving model ...
2025-06-19 14:39:03,632 - {'epoch': 49, 'rec_loss': '5.3784'}
2025-06-19 14:39:07,902 - {'Epoch': 49, 'HR@5': '0.1418', 'NDCG@5': '0.0915', 'HR@10': '0.2229', 'NDCG@10': '0.1176', 'HR@20': '0.3195', 'NDCG@20': '0.1420'}
2025-06-19 14:39:07,902 - EarlyStopping counter: 1 out of 10
2025-06-19 14:39:18,809 - {'epoch': 50, 'rec_loss': '5.3684'}
2025-06-19 14:39:23,114 - {'Epoch': 50, 'HR@5': '0.1420', 'NDCG@5': '0.0913', 'HR@10': '0.2234', 'NDCG@10': '0.1174', 'HR@20': '0.3263', 'NDCG@20': '0.1434'}
2025-06-19 14:39:23,115 - Validation score increased.  Saving model ...
2025-06-19 14:39:34,020 - {'epoch': 51, 'rec_loss': '5.3559'}
2025-06-19 14:39:38,353 - {'Epoch': 51, 'HR@5': '0.1426', 'NDCG@5': '0.0913', 'HR@10': '0.2234', 'NDCG@10': '0.1174', 'HR@20': '0.3243', 'NDCG@20': '0.1429'}
2025-06-19 14:39:38,353 - EarlyStopping counter: 1 out of 10
2025-06-19 14:39:49,241 - {'epoch': 52, 'rec_loss': '5.3508'}
2025-06-19 14:39:53,553 - {'Epoch': 52, 'HR@5': '0.1420', 'NDCG@5': '0.0918', 'HR@10': '0.2247', 'NDCG@10': '0.1185', 'HR@20': '0.3262', 'NDCG@20': '0.1441'}
2025-06-19 14:39:53,554 - Validation score increased.  Saving model ...
2025-06-19 14:40:04,489 - {'epoch': 53, 'rec_loss': '5.3476'}
2025-06-19 14:40:08,789 - {'Epoch': 53, 'HR@5': '0.1453', 'NDCG@5': '0.0929', 'HR@10': '0.2228', 'NDCG@10': '0.1178', 'HR@20': '0.3222', 'NDCG@20': '0.1429'}
2025-06-19 14:40:08,790 - EarlyStopping counter: 1 out of 10
2025-06-19 14:40:19,678 - {'epoch': 54, 'rec_loss': '5.3282'}
2025-06-19 14:40:24,031 - {'Epoch': 54, 'HR@5': '0.1431', 'NDCG@5': '0.0919', 'HR@10': '0.2246', 'NDCG@10': '0.1181', 'HR@20': '0.3236', 'NDCG@20': '0.1430'}
2025-06-19 14:40:24,031 - EarlyStopping counter: 2 out of 10
2025-06-19 14:40:34,939 - {'epoch': 55, 'rec_loss': '5.3165'}
2025-06-19 14:40:39,283 - {'Epoch': 55, 'HR@5': '0.1445', 'NDCG@5': '0.0927', 'HR@10': '0.2244', 'NDCG@10': '0.1185', 'HR@20': '0.3235', 'NDCG@20': '0.1435'}
2025-06-19 14:40:39,284 - EarlyStopping counter: 3 out of 10
2025-06-19 14:40:50,213 - {'epoch': 56, 'rec_loss': '5.3078'}
2025-06-19 14:40:54,592 - {'Epoch': 56, 'HR@5': '0.1436', 'NDCG@5': '0.0925', 'HR@10': '0.2242', 'NDCG@10': '0.1184', 'HR@20': '0.3220', 'NDCG@20': '0.1431'}
2025-06-19 14:40:54,598 - EarlyStopping counter: 4 out of 10
2025-06-19 14:41:05,474 - {'epoch': 57, 'rec_loss': '5.3107'}
2025-06-19 14:41:09,746 - {'Epoch': 57, 'HR@5': '0.1438', 'NDCG@5': '0.0924', 'HR@10': '0.2228', 'NDCG@10': '0.1179', 'HR@20': '0.3218', 'NDCG@20': '0.1428'}
2025-06-19 14:41:09,748 - EarlyStopping counter: 5 out of 10
2025-06-19 14:41:20,628 - {'epoch': 58, 'rec_loss': '5.2962'}
2025-06-19 14:41:24,949 - {'Epoch': 58, 'HR@5': '0.1446', 'NDCG@5': '0.0927', 'HR@10': '0.2265', 'NDCG@10': '0.1191', 'HR@20': '0.3237', 'NDCG@20': '0.1437'}
2025-06-19 14:41:24,951 - EarlyStopping counter: 6 out of 10
2025-06-19 14:41:35,838 - {'epoch': 59, 'rec_loss': '5.2912'}
2025-06-19 14:41:40,080 - {'Epoch': 59, 'HR@5': '0.1460', 'NDCG@5': '0.0943', 'HR@10': '0.2290', 'NDCG@10': '0.1210', 'HR@20': '0.3253', 'NDCG@20': '0.1454'}
2025-06-19 14:41:40,082 - Validation score increased.  Saving model ...
2025-06-19 14:41:50,943 - {'epoch': 60, 'rec_loss': '5.2918'}
2025-06-19 14:41:55,265 - {'Epoch': 60, 'HR@5': '0.1407', 'NDCG@5': '0.0898', 'HR@10': '0.2271', 'NDCG@10': '0.1177', 'HR@20': '0.3256', 'NDCG@20': '0.1425'}
2025-06-19 14:41:55,265 - EarlyStopping counter: 1 out of 10
2025-06-19 14:42:06,150 - {'epoch': 61, 'rec_loss': '5.2784'}
2025-06-19 14:42:10,434 - {'Epoch': 61, 'HR@5': '0.1438', 'NDCG@5': '0.0931', 'HR@10': '0.2286', 'NDCG@10': '0.1204', 'HR@20': '0.3269', 'NDCG@20': '0.1452'}
2025-06-19 14:42:10,435 - EarlyStopping counter: 2 out of 10
2025-06-19 14:42:21,309 - {'epoch': 62, 'rec_loss': '5.2689'}
2025-06-19 14:42:25,647 - {'Epoch': 62, 'HR@5': '0.1469', 'NDCG@5': '0.0940', 'HR@10': '0.2292', 'NDCG@10': '0.1205', 'HR@20': '0.3252', 'NDCG@20': '0.1448'}
2025-06-19 14:42:25,648 - EarlyStopping counter: 3 out of 10
2025-06-19 14:42:36,491 - {'epoch': 63, 'rec_loss': '5.2720'}
2025-06-19 14:42:40,819 - {'Epoch': 63, 'HR@5': '0.1458', 'NDCG@5': '0.0940', 'HR@10': '0.2294', 'NDCG@10': '0.1209', 'HR@20': '0.3265', 'NDCG@20': '0.1454'}
2025-06-19 14:42:40,819 - Validation score increased.  Saving model ...
2025-06-19 14:42:51,695 - {'epoch': 64, 'rec_loss': '5.2518'}
2025-06-19 14:42:56,050 - {'Epoch': 64, 'HR@5': '0.1506', 'NDCG@5': '0.0961', 'HR@10': '0.2326', 'NDCG@10': '0.1225', 'HR@20': '0.3282', 'NDCG@20': '0.1466'}
2025-06-19 14:42:56,054 - Validation score increased.  Saving model ...
2025-06-19 14:43:06,943 - {'epoch': 65, 'rec_loss': '5.2513'}
2025-06-19 14:43:11,276 - {'Epoch': 65, 'HR@5': '0.1486', 'NDCG@5': '0.0952', 'HR@10': '0.2309', 'NDCG@10': '0.1218', 'HR@20': '0.3295', 'NDCG@20': '0.1467'}
2025-06-19 14:43:11,276 - Validation score increased.  Saving model ...
2025-06-19 14:43:22,209 - {'epoch': 66, 'rec_loss': '5.2396'}
2025-06-19 14:43:26,520 - {'Epoch': 66, 'HR@5': '0.1485', 'NDCG@5': '0.0956', 'HR@10': '0.2323', 'NDCG@10': '0.1227', 'HR@20': '0.3292', 'NDCG@20': '0.1471'}
2025-06-19 14:43:26,523 - Validation score increased.  Saving model ...
2025-06-19 14:43:37,438 - {'epoch': 67, 'rec_loss': '5.2352'}
2025-06-19 14:43:41,713 - {'Epoch': 67, 'HR@5': '0.1489', 'NDCG@5': '0.0960', 'HR@10': '0.2305', 'NDCG@10': '0.1223', 'HR@20': '0.3270', 'NDCG@20': '0.1466'}
2025-06-19 14:43:41,714 - EarlyStopping counter: 1 out of 10
2025-06-19 14:43:52,585 - {'epoch': 68, 'rec_loss': '5.2244'}
2025-06-19 14:43:56,840 - {'Epoch': 68, 'HR@5': '0.1454', 'NDCG@5': '0.0944', 'HR@10': '0.2335', 'NDCG@10': '0.1228', 'HR@20': '0.3296', 'NDCG@20': '0.1470'}
2025-06-19 14:43:56,841 - EarlyStopping counter: 2 out of 10
2025-06-19 14:44:07,748 - {'epoch': 69, 'rec_loss': '5.2253'}
2025-06-19 14:44:12,055 - {'Epoch': 69, 'HR@5': '0.1461', 'NDCG@5': '0.0938', 'HR@10': '0.2304', 'NDCG@10': '0.1210', 'HR@20': '0.3277', 'NDCG@20': '0.1456'}
2025-06-19 14:44:12,058 - EarlyStopping counter: 3 out of 10
2025-06-19 14:44:22,937 - {'epoch': 70, 'rec_loss': '5.2212'}
2025-06-19 14:44:27,244 - {'Epoch': 70, 'HR@5': '0.1495', 'NDCG@5': '0.0962', 'HR@10': '0.2329', 'NDCG@10': '0.1231', 'HR@20': '0.3315', 'NDCG@20': '0.1481'}
2025-06-19 14:44:27,246 - Validation score increased.  Saving model ...
2025-06-19 14:44:38,195 - {'epoch': 71, 'rec_loss': '5.2026'}
2025-06-19 14:44:42,503 - {'Epoch': 71, 'HR@5': '0.1467', 'NDCG@5': '0.0954', 'HR@10': '0.2285', 'NDCG@10': '0.1217', 'HR@20': '0.3296', 'NDCG@20': '0.1473'}
2025-06-19 14:44:42,504 - EarlyStopping counter: 1 out of 10
2025-06-19 14:44:53,417 - {'epoch': 72, 'rec_loss': '5.2071'}
2025-06-19 14:44:57,663 - {'Epoch': 72, 'HR@5': '0.1473', 'NDCG@5': '0.0943', 'HR@10': '0.2309', 'NDCG@10': '0.1212', 'HR@20': '0.3309', 'NDCG@20': '0.1464'}
2025-06-19 14:44:57,665 - EarlyStopping counter: 2 out of 10
2025-06-19 14:45:08,528 - {'epoch': 73, 'rec_loss': '5.1982'}
2025-06-19 14:45:12,841 - {'Epoch': 73, 'HR@5': '0.1504', 'NDCG@5': '0.0955', 'HR@10': '0.2308', 'NDCG@10': '0.1214', 'HR@20': '0.3294', 'NDCG@20': '0.1463'}
2025-06-19 14:45:12,843 - EarlyStopping counter: 3 out of 10
2025-06-19 14:45:23,687 - {'epoch': 74, 'rec_loss': '5.1994'}
2025-06-19 14:45:28,057 - {'Epoch': 74, 'HR@5': '0.1483', 'NDCG@5': '0.0961', 'HR@10': '0.2319', 'NDCG@10': '0.1231', 'HR@20': '0.3320', 'NDCG@20': '0.1483'}
2025-06-19 14:45:28,059 - Validation score increased.  Saving model ...
2025-06-19 14:45:38,916 - {'epoch': 75, 'rec_loss': '5.1845'}
2025-06-19 14:45:43,227 - {'Epoch': 75, 'HR@5': '0.1491', 'NDCG@5': '0.0961', 'HR@10': '0.2302', 'NDCG@10': '0.1222', 'HR@20': '0.3280', 'NDCG@20': '0.1469'}
2025-06-19 14:45:43,228 - EarlyStopping counter: 1 out of 10
2025-06-19 14:45:54,137 - {'epoch': 76, 'rec_loss': '5.1871'}
2025-06-19 14:45:58,452 - {'Epoch': 76, 'HR@5': '0.1499', 'NDCG@5': '0.0962', 'HR@10': '0.2321', 'NDCG@10': '0.1227', 'HR@20': '0.3291', 'NDCG@20': '0.1471'}
2025-06-19 14:45:58,452 - EarlyStopping counter: 2 out of 10
2025-06-19 14:46:09,312 - {'epoch': 77, 'rec_loss': '5.1809'}
2025-06-19 14:46:13,610 - {'Epoch': 77, 'HR@5': '0.1475', 'NDCG@5': '0.0954', 'HR@10': '0.2335', 'NDCG@10': '0.1231', 'HR@20': '0.3276', 'NDCG@20': '0.1468'}
2025-06-19 14:46:13,612 - EarlyStopping counter: 3 out of 10
2025-06-19 14:46:24,556 - {'epoch': 78, 'rec_loss': '5.1818'}
2025-06-19 14:46:28,872 - {'Epoch': 78, 'HR@5': '0.1503', 'NDCG@5': '0.0973', 'HR@10': '0.2321', 'NDCG@10': '0.1237', 'HR@20': '0.3280', 'NDCG@20': '0.1480'}
2025-06-19 14:46:28,873 - EarlyStopping counter: 4 out of 10
2025-06-19 14:46:39,766 - {'epoch': 79, 'rec_loss': '5.1688'}
2025-06-19 14:46:44,079 - {'Epoch': 79, 'HR@5': '0.1521', 'NDCG@5': '0.0976', 'HR@10': '0.2346', 'NDCG@10': '0.1243', 'HR@20': '0.3297', 'NDCG@20': '0.1483'}
2025-06-19 14:46:44,080 - Validation score increased.  Saving model ...
2025-06-19 14:46:55,000 - {'epoch': 80, 'rec_loss': '5.1662'}
2025-06-19 14:46:59,337 - {'Epoch': 80, 'HR@5': '0.1507', 'NDCG@5': '0.0971', 'HR@10': '0.2306', 'NDCG@10': '0.1228', 'HR@20': '0.3276', 'NDCG@20': '0.1474'}
2025-06-19 14:46:59,337 - EarlyStopping counter: 1 out of 10
2025-06-19 14:47:10,246 - {'epoch': 81, 'rec_loss': '5.1580'}
2025-06-19 14:47:14,578 - {'Epoch': 81, 'HR@5': '0.1470', 'NDCG@5': '0.0958', 'HR@10': '0.2329', 'NDCG@10': '0.1235', 'HR@20': '0.3304', 'NDCG@20': '0.1482'}
2025-06-19 14:47:14,579 - EarlyStopping counter: 2 out of 10
2025-06-19 14:47:25,447 - {'epoch': 82, 'rec_loss': '5.1556'}
2025-06-19 14:47:29,786 - {'Epoch': 82, 'HR@5': '0.1499', 'NDCG@5': '0.0969', 'HR@10': '0.2334', 'NDCG@10': '0.1238', 'HR@20': '0.3301', 'NDCG@20': '0.1482'}
2025-06-19 14:47:29,787 - EarlyStopping counter: 3 out of 10
2025-06-19 14:47:40,661 - {'epoch': 83, 'rec_loss': '5.1543'}
2025-06-19 14:47:44,928 - {'Epoch': 83, 'HR@5': '0.1512', 'NDCG@5': '0.0974', 'HR@10': '0.2330', 'NDCG@10': '0.1239', 'HR@20': '0.3294', 'NDCG@20': '0.1482'}
2025-06-19 14:47:44,931 - EarlyStopping counter: 4 out of 10
2025-06-19 14:47:55,838 - {'epoch': 84, 'rec_loss': '5.1467'}
2025-06-19 14:48:00,118 - {'Epoch': 84, 'HR@5': '0.1484', 'NDCG@5': '0.0961', 'HR@10': '0.2311', 'NDCG@10': '0.1227', 'HR@20': '0.3296', 'NDCG@20': '0.1476'}
2025-06-19 14:48:00,119 - EarlyStopping counter: 5 out of 10
2025-06-19 14:48:10,999 - {'epoch': 85, 'rec_loss': '5.1383'}
2025-06-19 14:48:15,305 - {'Epoch': 85, 'HR@5': '0.1494', 'NDCG@5': '0.0972', 'HR@10': '0.2344', 'NDCG@10': '0.1246', 'HR@20': '0.3332', 'NDCG@20': '0.1495'}
2025-06-19 14:48:15,306 - Validation score increased.  Saving model ...
2025-06-19 14:48:26,202 - {'epoch': 86, 'rec_loss': '5.1474'}
2025-06-19 14:48:30,552 - {'Epoch': 86, 'HR@5': '0.1482', 'NDCG@5': '0.0955', 'HR@10': '0.2302', 'NDCG@10': '0.1220', 'HR@20': '0.3291', 'NDCG@20': '0.1470'}
2025-06-19 14:48:30,553 - EarlyStopping counter: 1 out of 10
2025-06-19 14:48:41,442 - {'epoch': 87, 'rec_loss': '5.1364'}
2025-06-19 14:48:45,730 - {'Epoch': 87, 'HR@5': '0.1496', 'NDCG@5': '0.0967', 'HR@10': '0.2321', 'NDCG@10': '0.1234', 'HR@20': '0.3303', 'NDCG@20': '0.1482'}
2025-06-19 14:48:45,731 - EarlyStopping counter: 2 out of 10
2025-06-19 14:48:56,610 - {'epoch': 88, 'rec_loss': '5.1321'}
2025-06-19 14:49:00,948 - {'Epoch': 88, 'HR@5': '0.1494', 'NDCG@5': '0.0962', 'HR@10': '0.2329', 'NDCG@10': '0.1232', 'HR@20': '0.3317', 'NDCG@20': '0.1481'}
2025-06-19 14:49:00,949 - EarlyStopping counter: 3 out of 10
2025-06-19 14:49:11,893 - {'epoch': 89, 'rec_loss': '5.1278'}
2025-06-19 14:49:16,172 - {'Epoch': 89, 'HR@5': '0.1540', 'NDCG@5': '0.0996', 'HR@10': '0.2344', 'NDCG@10': '0.1254', 'HR@20': '0.3313', 'NDCG@20': '0.1499'}
2025-06-19 14:49:16,174 - Validation score increased.  Saving model ...
2025-06-19 14:49:27,034 - {'epoch': 90, 'rec_loss': '5.1169'}
2025-06-19 14:49:31,322 - {'Epoch': 90, 'HR@5': '0.1509', 'NDCG@5': '0.0978', 'HR@10': '0.2333', 'NDCG@10': '0.1244', 'HR@20': '0.3276', 'NDCG@20': '0.1481'}
2025-06-19 14:49:31,325 - EarlyStopping counter: 1 out of 10
2025-06-19 14:49:42,255 - {'epoch': 91, 'rec_loss': '5.1271'}
2025-06-19 14:49:46,495 - {'Epoch': 91, 'HR@5': '0.1526', 'NDCG@5': '0.0986', 'HR@10': '0.2333', 'NDCG@10': '0.1246', 'HR@20': '0.3269', 'NDCG@20': '0.1481'}
2025-06-19 14:49:46,497 - EarlyStopping counter: 2 out of 10
2025-06-19 14:49:57,403 - {'epoch': 92, 'rec_loss': '5.1223'}
2025-06-19 14:50:01,681 - {'Epoch': 92, 'HR@5': '0.1533', 'NDCG@5': '0.0990', 'HR@10': '0.2330', 'NDCG@10': '0.1247', 'HR@20': '0.3286', 'NDCG@20': '0.1489'}
2025-06-19 14:50:01,683 - EarlyStopping counter: 3 out of 10
2025-06-19 14:50:12,604 - {'epoch': 93, 'rec_loss': '5.1146'}
2025-06-19 14:50:16,898 - {'Epoch': 93, 'HR@5': '0.1506', 'NDCG@5': '0.0972', 'HR@10': '0.2325', 'NDCG@10': '0.1236', 'HR@20': '0.3301', 'NDCG@20': '0.1482'}
2025-06-19 14:50:16,899 - EarlyStopping counter: 4 out of 10
2025-06-19 14:50:27,778 - {'epoch': 94, 'rec_loss': '5.1152'}
2025-06-19 14:50:32,072 - {'Epoch': 94, 'HR@5': '0.1545', 'NDCG@5': '0.0989', 'HR@10': '0.2336', 'NDCG@10': '0.1244', 'HR@20': '0.3276', 'NDCG@20': '0.1481'}
2025-06-19 14:50:32,073 - EarlyStopping counter: 5 out of 10
2025-06-19 14:50:42,981 - {'epoch': 95, 'rec_loss': '5.1144'}
2025-06-19 14:50:47,251 - {'Epoch': 95, 'HR@5': '0.1525', 'NDCG@5': '0.0979', 'HR@10': '0.2325', 'NDCG@10': '0.1237', 'HR@20': '0.3292', 'NDCG@20': '0.1481'}
2025-06-19 14:50:47,252 - EarlyStopping counter: 6 out of 10
2025-06-19 14:50:58,175 - {'epoch': 96, 'rec_loss': '5.1032'}
2025-06-19 14:51:02,475 - {'Epoch': 96, 'HR@5': '0.1536', 'NDCG@5': '0.0991', 'HR@10': '0.2363', 'NDCG@10': '0.1257', 'HR@20': '0.3286', 'NDCG@20': '0.1490'}
2025-06-19 14:51:02,480 - EarlyStopping counter: 7 out of 10
2025-06-19 14:51:13,369 - {'epoch': 97, 'rec_loss': '5.1004'}
2025-06-19 14:51:17,679 - {'Epoch': 97, 'HR@5': '0.1535', 'NDCG@5': '0.0995', 'HR@10': '0.2327', 'NDCG@10': '0.1251', 'HR@20': '0.3275', 'NDCG@20': '0.1491'}
2025-06-19 14:51:17,680 - EarlyStopping counter: 8 out of 10
2025-06-19 14:51:28,621 - {'epoch': 98, 'rec_loss': '5.0922'}
2025-06-19 14:51:32,937 - {'Epoch': 98, 'HR@5': '0.1519', 'NDCG@5': '0.0972', 'HR@10': '0.2354', 'NDCG@10': '0.1240', 'HR@20': '0.3314', 'NDCG@20': '0.1481'}
2025-06-19 14:51:32,938 - EarlyStopping counter: 9 out of 10
2025-06-19 14:51:43,827 - {'epoch': 99, 'rec_loss': '5.1008'}
2025-06-19 14:51:48,099 - {'Epoch': 99, 'HR@5': '0.1503', 'NDCG@5': '0.0973', 'HR@10': '0.2331', 'NDCG@10': '0.1239', 'HR@20': '0.3275', 'NDCG@20': '0.1477'}
2025-06-19 14:51:48,100 - EarlyStopping counter: 10 out of 10
2025-06-19 14:51:48,100 - Early stopping
2025-06-19 14:51:48,100 - ---------------Test Score---------------
2025-06-19 14:51:52,423 - {'Epoch': 0, 'HR@5': '0.1222', 'NDCG@5': '0.0787', 'HR@10': '0.1924', 'NDCG@10': '0.1013', 'HR@20': '0.2763', 'NDCG@20': '0.1225'}
2025-06-19 14:51:52,424 - BERT4Rec_Diginetica_43
2025-06-19 14:51:52,424 - {'Epoch': 0, 'HR@5': '0.1222', 'NDCG@5': '0.0787', 'HR@10': '0.1924', 'NDCG@10': '0.1013', 'HR@20': '0.2763', 'NDCG@20': '0.1225'}
