2025-06-19 14:17:26,720 - Namespace(data_dir='data/', output_dir='output/BERT4Rec/', data_name='LastFM', do_eval=False, load_model=None, train_name='BERT4Rec_LastFM_44', num_items=10, num_users=1091, lr=0.001, batch_size=256, epochs=200, no_cuda=False, log_freq=1, patience=10, num_workers=4, seed=44, weight_decay=0.0, adam_beta1=0.9, adam_beta2=0.999, gpu_id='0', variance=5, model_type='BERT4Rec', max_seq_length=50, hidden_size=64, num_hidden_layers=2, hidden_act='gelu', num_attention_heads=2, attention_probs_dropout_prob=0.5, hidden_dropout_prob=0.5, initializer_range=0.02, mask_ratio=0.4, cuda_condition=True, data_file='data/LastFM.txt', item_size=3647, checkpoint_path='output/BERT4Rec/BERT4Rec_LastFM_44.pt', same_target_path='data/LastFM_same_target.npy')
2025-06-19 14:17:26,741 - BERT4RecModel(
  (item_embeddings): Embedding(3648, 64, padding_idx=0)
  (position_embeddings): Embedding(50, 64)
  (item_encoder): TransformerEncoder(
    (blocks): ModuleList(
      (0): TransformerBlock(
        (layer): MultiHeadAttention(
          (query): Linear(in_features=64, out_features=64, bias=True)
          (key): Linear(in_features=64, out_features=64, bias=True)
          (value): Linear(in_features=64, out_features=64, bias=True)
          (softmax): Softmax(dim=-1)
          (attn_dropout): Dropout(p=0.5, inplace=False)
          (dense): Linear(in_features=64, out_features=64, bias=True)
          (LayerNorm): LayerNorm((64,), eps=1e-12, elementwise_affine=True)
          (out_dropout): Dropout(p=0.5, inplace=False)
        )
        (feed_forward): FeedForward(
          (dense_1): Linear(in_features=64, out_features=256, bias=True)
          (dense_2): Linear(in_features=256, out_features=64, bias=True)
          (LayerNorm): LayerNorm()
          (dropout): Dropout(p=0.5, inplace=False)
        )
      )
      (1): TransformerBlock(
        (layer): MultiHeadAttention(
          (query): Linear(in_features=64, out_features=64, bias=True)
          (key): Linear(in_features=64, out_features=64, bias=True)
          (value): Linear(in_features=64, out_features=64, bias=True)
          (softmax): Softmax(dim=-1)
          (attn_dropout): Dropout(p=0.5, inplace=False)
          (dense): Linear(in_features=64, out_features=64, bias=True)
          (LayerNorm): LayerNorm((64,), eps=1e-12, elementwise_affine=True)
          (out_dropout): Dropout(p=0.5, inplace=False)
        )
        (feed_forward): FeedForward(
          (dense_1): Linear(in_features=64, out_features=256, bias=True)
          (dense_2): Linear(in_features=256, out_features=64, bias=True)
          (LayerNorm): LayerNorm()
          (dropout): Dropout(p=0.5, inplace=False)
        )
      )
    )
  )
  (LayerNorm): LayerNorm()
  (dropout): Dropout(p=0.5, inplace=False)
)
2025-06-19 14:17:29,890 - Total Parameters: 336768
2025-06-19 14:17:34,129 - {'epoch': 0, 'rec_loss': '7.9756'}
2025-06-19 14:17:34,686 - {'Epoch': 0, 'HR@5': '0.0165', 'NDCG@5': '0.0106', 'HR@10': '0.0239', 'NDCG@10': '0.0130', 'HR@20': '0.0394', 'NDCG@20': '0.0169'}
2025-06-19 14:17:34,687 - Validation score increased.  Saving model ...
2025-06-19 14:17:38,066 - {'epoch': 1, 'rec_loss': '7.7366'}
2025-06-19 14:17:38,636 - {'Epoch': 1, 'HR@5': '0.0138', 'NDCG@5': '0.0078', 'HR@10': '0.0275', 'NDCG@10': '0.0123', 'HR@20': '0.0459', 'NDCG@20': '0.0170'}
2025-06-19 14:17:38,637 - Validation score increased.  Saving model ...
2025-06-19 14:17:42,020 - {'epoch': 2, 'rec_loss': '7.6617'}
2025-06-19 14:17:42,568 - {'Epoch': 2, 'HR@5': '0.0248', 'NDCG@5': '0.0158', 'HR@10': '0.0404', 'NDCG@10': '0.0209', 'HR@20': '0.0615', 'NDCG@20': '0.0261'}
2025-06-19 14:17:42,568 - Validation score increased.  Saving model ...
2025-06-19 14:17:45,958 - {'epoch': 3, 'rec_loss': '7.5912'}
2025-06-19 14:17:46,505 - {'Epoch': 3, 'HR@5': '0.0239', 'NDCG@5': '0.0165', 'HR@10': '0.0413', 'NDCG@10': '0.0222', 'HR@20': '0.0688', 'NDCG@20': '0.0291'}
2025-06-19 14:17:46,506 - Validation score increased.  Saving model ...
2025-06-19 14:17:49,877 - {'epoch': 4, 'rec_loss': '7.5284'}
2025-06-19 14:17:50,426 - {'Epoch': 4, 'HR@5': '0.0229', 'NDCG@5': '0.0166', 'HR@10': '0.0468', 'NDCG@10': '0.0243', 'HR@20': '0.0780', 'NDCG@20': '0.0323'}
2025-06-19 14:17:50,426 - Validation score increased.  Saving model ...
2025-06-19 14:17:53,805 - {'epoch': 5, 'rec_loss': '7.4691'}
2025-06-19 14:17:54,360 - {'Epoch': 5, 'HR@5': '0.0303', 'NDCG@5': '0.0195', 'HR@10': '0.0514', 'NDCG@10': '0.0263', 'HR@20': '0.0761', 'NDCG@20': '0.0325'}
2025-06-19 14:17:54,361 - Validation score increased.  Saving model ...
2025-06-19 14:17:57,742 - {'epoch': 6, 'rec_loss': '7.4177'}
2025-06-19 14:17:58,284 - {'Epoch': 6, 'HR@5': '0.0220', 'NDCG@5': '0.0151', 'HR@10': '0.0394', 'NDCG@10': '0.0208', 'HR@20': '0.0661', 'NDCG@20': '0.0275'}
2025-06-19 14:17:58,285 - EarlyStopping counter: 1 out of 10
2025-06-19 14:18:01,690 - {'epoch': 7, 'rec_loss': '7.3672'}
2025-06-19 14:18:02,240 - {'Epoch': 7, 'HR@5': '0.0147', 'NDCG@5': '0.0104', 'HR@10': '0.0450', 'NDCG@10': '0.0202', 'HR@20': '0.0688', 'NDCG@20': '0.0260'}
2025-06-19 14:18:02,240 - EarlyStopping counter: 2 out of 10
2025-06-19 14:18:05,634 - {'epoch': 8, 'rec_loss': '7.3085'}
2025-06-19 14:18:06,186 - {'Epoch': 8, 'HR@5': '0.0284', 'NDCG@5': '0.0187', 'HR@10': '0.0440', 'NDCG@10': '0.0235', 'HR@20': '0.0725', 'NDCG@20': '0.0306'}
2025-06-19 14:18:06,187 - EarlyStopping counter: 3 out of 10
2025-06-19 14:18:09,577 - {'epoch': 9, 'rec_loss': '7.2435'}
2025-06-19 14:18:10,146 - {'Epoch': 9, 'HR@5': '0.0275', 'NDCG@5': '0.0178', 'HR@10': '0.0468', 'NDCG@10': '0.0239', 'HR@20': '0.0725', 'NDCG@20': '0.0302'}
2025-06-19 14:18:10,147 - EarlyStopping counter: 4 out of 10
2025-06-19 14:18:13,536 - {'epoch': 10, 'rec_loss': '7.1980'}
2025-06-19 14:18:14,088 - {'Epoch': 10, 'HR@5': '0.0349', 'NDCG@5': '0.0218', 'HR@10': '0.0477', 'NDCG@10': '0.0260', 'HR@20': '0.0789', 'NDCG@20': '0.0340'}
2025-06-19 14:18:14,089 - Validation score increased.  Saving model ...
2025-06-19 14:18:17,457 - {'epoch': 11, 'rec_loss': '7.1609'}
2025-06-19 14:18:18,013 - {'Epoch': 11, 'HR@5': '0.0248', 'NDCG@5': '0.0148', 'HR@10': '0.0431', 'NDCG@10': '0.0206', 'HR@20': '0.0706', 'NDCG@20': '0.0276'}
2025-06-19 14:18:18,014 - EarlyStopping counter: 1 out of 10
2025-06-19 14:18:21,389 - {'epoch': 12, 'rec_loss': '7.1147'}
2025-06-19 14:18:21,952 - {'Epoch': 12, 'HR@5': '0.0303', 'NDCG@5': '0.0193', 'HR@10': '0.0468', 'NDCG@10': '0.0246', 'HR@20': '0.0734', 'NDCG@20': '0.0313'}
2025-06-19 14:18:21,952 - EarlyStopping counter: 2 out of 10
2025-06-19 14:18:25,362 - {'epoch': 13, 'rec_loss': '7.0910'}
2025-06-19 14:18:25,903 - {'Epoch': 13, 'HR@5': '0.0239', 'NDCG@5': '0.0152', 'HR@10': '0.0422', 'NDCG@10': '0.0210', 'HR@20': '0.0642', 'NDCG@20': '0.0265'}
2025-06-19 14:18:25,903 - EarlyStopping counter: 3 out of 10
2025-06-19 14:18:29,276 - {'epoch': 14, 'rec_loss': '7.0559'}
2025-06-19 14:18:29,823 - {'Epoch': 14, 'HR@5': '0.0312', 'NDCG@5': '0.0208', 'HR@10': '0.0459', 'NDCG@10': '0.0256', 'HR@20': '0.0661', 'NDCG@20': '0.0307'}
2025-06-19 14:18:29,823 - EarlyStopping counter: 4 out of 10
2025-06-19 14:18:33,205 - {'epoch': 15, 'rec_loss': '7.0298'}
2025-06-19 14:18:33,801 - {'Epoch': 15, 'HR@5': '0.0321', 'NDCG@5': '0.0206', 'HR@10': '0.0486', 'NDCG@10': '0.0260', 'HR@20': '0.0761', 'NDCG@20': '0.0331'}
2025-06-19 14:18:33,802 - EarlyStopping counter: 5 out of 10
2025-06-19 14:18:37,185 - {'epoch': 16, 'rec_loss': '6.9944'}
2025-06-19 14:18:37,750 - {'Epoch': 16, 'HR@5': '0.0321', 'NDCG@5': '0.0186', 'HR@10': '0.0514', 'NDCG@10': '0.0249', 'HR@20': '0.0771', 'NDCG@20': '0.0314'}
2025-06-19 14:18:37,751 - EarlyStopping counter: 6 out of 10
2025-06-19 14:18:41,101 - {'epoch': 17, 'rec_loss': '6.9713'}
2025-06-19 14:18:41,644 - {'Epoch': 17, 'HR@5': '0.0220', 'NDCG@5': '0.0131', 'HR@10': '0.0468', 'NDCG@10': '0.0211', 'HR@20': '0.0771', 'NDCG@20': '0.0288'}
2025-06-19 14:18:41,645 - EarlyStopping counter: 7 out of 10
2025-06-19 14:18:45,011 - {'epoch': 18, 'rec_loss': '6.9490'}
2025-06-19 14:18:45,550 - {'Epoch': 18, 'HR@5': '0.0349', 'NDCG@5': '0.0205', 'HR@10': '0.0550', 'NDCG@10': '0.0268', 'HR@20': '0.0798', 'NDCG@20': '0.0332'}
2025-06-19 14:18:45,550 - EarlyStopping counter: 8 out of 10
2025-06-19 14:18:48,963 - {'epoch': 19, 'rec_loss': '6.9150'}
2025-06-19 14:18:49,504 - {'Epoch': 19, 'HR@5': '0.0294', 'NDCG@5': '0.0193', 'HR@10': '0.0495', 'NDCG@10': '0.0257', 'HR@20': '0.0817', 'NDCG@20': '0.0338'}
2025-06-19 14:18:49,504 - EarlyStopping counter: 9 out of 10
2025-06-19 14:18:52,895 - {'epoch': 20, 'rec_loss': '6.8795'}
2025-06-19 14:18:53,457 - {'Epoch': 20, 'HR@5': '0.0303', 'NDCG@5': '0.0205', 'HR@10': '0.0541', 'NDCG@10': '0.0279', 'HR@20': '0.0743', 'NDCG@20': '0.0329'}
2025-06-19 14:18:53,458 - EarlyStopping counter: 10 out of 10
2025-06-19 14:18:53,458 - Early stopping
2025-06-19 14:18:53,458 - ---------------Test Score---------------
2025-06-19 14:18:54,032 - {'Epoch': 0, 'HR@5': '0.0239', 'NDCG@5': '0.0154', 'HR@10': '0.0431', 'NDCG@10': '0.0215', 'HR@20': '0.0706', 'NDCG@20': '0.0285'}
2025-06-19 14:18:54,033 - BERT4Rec_LastFM_44
2025-06-19 14:18:54,033 - {'Epoch': 0, 'HR@5': '0.0239', 'NDCG@5': '0.0154', 'HR@10': '0.0431', 'NDCG@10': '0.0215', 'HR@20': '0.0706', 'NDCG@20': '0.0285'}
