2025-06-19 14:26:24,820 - Namespace(data_dir='data/self_processed/', output_dir='output/BERT4Rec/', data_name='Diginetica', do_eval=False, load_model=None, train_name='BERT4Rec_Diginetica_42', num_items=10, num_users=14829, lr=0.001, batch_size=256, epochs=200, no_cuda=False, log_freq=1, patience=10, num_workers=4, seed=42, weight_decay=0.0, adam_beta1=0.9, adam_beta2=0.999, gpu_id='0', variance=5, model_type='BERT4Rec', max_seq_length=50, hidden_size=64, num_hidden_layers=2, hidden_act='gelu', num_attention_heads=4, attention_probs_dropout_prob=0.5, hidden_dropout_prob=0.5, initializer_range=0.02, mask_ratio=0.2, cuda_condition=True, data_file='data/self_processed/Diginetica.txt', item_size=9441, checkpoint_path='output/BERT4Rec/BERT4Rec_Diginetica_42.pt', same_target_path='data/self_processed/Diginetica_same_target.npy')
2025-06-19 14:26:24,843 - BERT4RecModel(
  (item_embeddings): Embedding(9442, 64, padding_idx=0)
  (position_embeddings): Embedding(50, 64)
  (item_encoder): TransformerEncoder(
    (blocks): ModuleList(
      (0): TransformerBlock(
        (layer): MultiHeadAttention(
          (query): Linear(in_features=64, out_features=64, bias=True)
          (key): Linear(in_features=64, out_features=64, bias=True)
          (value): Linear(in_features=64, out_features=64, bias=True)
          (softmax): Softmax(dim=-1)
          (attn_dropout): Dropout(p=0.5, inplace=False)
          (dense): Linear(in_features=64, out_features=64, bias=True)
          (LayerNorm): LayerNorm((64,), eps=1e-12, elementwise_affine=True)
          (out_dropout): Dropout(p=0.5, inplace=False)
        )
        (feed_forward): FeedForward(
          (dense_1): Linear(in_features=64, out_features=256, bias=True)
          (dense_2): Linear(in_features=256, out_features=64, bias=True)
          (LayerNorm): LayerNorm()
          (dropout): Dropout(p=0.5, inplace=False)
        )
      )
      (1): TransformerBlock(
        (layer): MultiHeadAttention(
          (query): Linear(in_features=64, out_features=64, bias=True)
          (key): Linear(in_features=64, out_features=64, bias=True)
          (value): Linear(in_features=64, out_features=64, bias=True)
          (softmax): Softmax(dim=-1)
          (attn_dropout): Dropout(p=0.5, inplace=False)
          (dense): Linear(in_features=64, out_features=64, bias=True)
          (LayerNorm): LayerNorm((64,), eps=1e-12, elementwise_affine=True)
          (out_dropout): Dropout(p=0.5, inplace=False)
        )
        (feed_forward): FeedForward(
          (dense_1): Linear(in_features=64, out_features=256, bias=True)
          (dense_2): Linear(in_features=256, out_features=64, bias=True)
          (LayerNorm): LayerNorm()
          (dropout): Dropout(p=0.5, inplace=False)
        )
      )
    )
  )
  (LayerNorm): LayerNorm()
  (dropout): Dropout(p=0.5, inplace=False)
)
2025-06-19 14:26:26,983 - Total Parameters: 707584
2025-06-19 14:26:38,403 - {'epoch': 0, 'rec_loss': '8.8946'}
2025-06-19 14:26:42,867 - {'Epoch': 0, 'HR@5': '0.0036', 'NDCG@5': '0.0023', 'HR@10': '0.0059', 'NDCG@10': '0.0030', 'HR@20': '0.0096', 'NDCG@20': '0.0039'}
2025-06-19 14:26:42,869 - Validation score increased.  Saving model ...
2025-06-19 14:26:53,726 - {'epoch': 1, 'rec_loss': '8.5265'}
2025-06-19 14:26:57,964 - {'Epoch': 1, 'HR@5': '0.0049', 'NDCG@5': '0.0028', 'HR@10': '0.0110', 'NDCG@10': '0.0048', 'HR@20': '0.0203', 'NDCG@20': '0.0071'}
2025-06-19 14:26:57,969 - Validation score increased.  Saving model ...
2025-06-19 14:27:08,837 - {'epoch': 2, 'rec_loss': '8.1796'}
2025-06-19 14:27:13,112 - {'Epoch': 2, 'HR@5': '0.0098', 'NDCG@5': '0.0061', 'HR@10': '0.0181', 'NDCG@10': '0.0088', 'HR@20': '0.0337', 'NDCG@20': '0.0127'}
2025-06-19 14:27:13,114 - Validation score increased.  Saving model ...
2025-06-19 14:27:23,976 - {'epoch': 3, 'rec_loss': '7.9362'}
2025-06-19 14:27:28,165 - {'Epoch': 3, 'HR@5': '0.0130', 'NDCG@5': '0.0082', 'HR@10': '0.0256', 'NDCG@10': '0.0123', 'HR@20': '0.0430', 'NDCG@20': '0.0166'}
2025-06-19 14:27:28,167 - Validation score increased.  Saving model ...
2025-06-19 14:27:39,018 - {'epoch': 4, 'rec_loss': '7.7120'}
2025-06-19 14:27:43,255 - {'Epoch': 4, 'HR@5': '0.0204', 'NDCG@5': '0.0128', 'HR@10': '0.0359', 'NDCG@10': '0.0177', 'HR@20': '0.0616', 'NDCG@20': '0.0242'}
2025-06-19 14:27:43,256 - Validation score increased.  Saving model ...
2025-06-19 14:27:54,123 - {'epoch': 5, 'rec_loss': '7.4569'}
2025-06-19 14:27:58,368 - {'Epoch': 5, 'HR@5': '0.0319', 'NDCG@5': '0.0202', 'HR@10': '0.0548', 'NDCG@10': '0.0275', 'HR@20': '0.0885', 'NDCG@20': '0.0359'}
2025-06-19 14:27:58,369 - Validation score increased.  Saving model ...
2025-06-19 14:28:09,192 - {'epoch': 6, 'rec_loss': '7.2131'}
2025-06-19 14:28:13,451 - {'Epoch': 6, 'HR@5': '0.0406', 'NDCG@5': '0.0248', 'HR@10': '0.0697', 'NDCG@10': '0.0341', 'HR@20': '0.1136', 'NDCG@20': '0.0451'}
2025-06-19 14:28:13,454 - Validation score increased.  Saving model ...
2025-06-19 14:28:24,316 - {'epoch': 7, 'rec_loss': '7.0158'}
2025-06-19 14:28:28,494 - {'Epoch': 7, 'HR@5': '0.0480', 'NDCG@5': '0.0297', 'HR@10': '0.0801', 'NDCG@10': '0.0400', 'HR@20': '0.1293', 'NDCG@20': '0.0524'}
2025-06-19 14:28:28,495 - Validation score increased.  Saving model ...
2025-06-19 14:28:39,370 - {'epoch': 8, 'rec_loss': '6.8509'}
2025-06-19 14:28:43,650 - {'Epoch': 8, 'HR@5': '0.0576', 'NDCG@5': '0.0361', 'HR@10': '0.0999', 'NDCG@10': '0.0496', 'HR@20': '0.1547', 'NDCG@20': '0.0634'}
2025-06-19 14:28:43,650 - Validation score increased.  Saving model ...
2025-06-19 14:28:54,503 - {'epoch': 9, 'rec_loss': '6.7160'}
2025-06-19 14:28:58,756 - {'Epoch': 9, 'HR@5': '0.0612', 'NDCG@5': '0.0386', 'HR@10': '0.1045', 'NDCG@10': '0.0525', 'HR@20': '0.1652', 'NDCG@20': '0.0677'}
2025-06-19 14:28:58,757 - Validation score increased.  Saving model ...
2025-06-19 14:29:09,651 - {'epoch': 10, 'rec_loss': '6.5873'}
2025-06-19 14:29:13,909 - {'Epoch': 10, 'HR@5': '0.0710', 'NDCG@5': '0.0456', 'HR@10': '0.1167', 'NDCG@10': '0.0603', 'HR@20': '0.1857', 'NDCG@20': '0.0777'}
2025-06-19 14:29:13,909 - Validation score increased.  Saving model ...
2025-06-19 14:29:24,741 - {'epoch': 11, 'rec_loss': '6.4801'}
2025-06-19 14:29:28,977 - {'Epoch': 11, 'HR@5': '0.0758', 'NDCG@5': '0.0480', 'HR@10': '0.1265', 'NDCG@10': '0.0643', 'HR@20': '0.2014', 'NDCG@20': '0.0831'}
2025-06-19 14:29:28,978 - Validation score increased.  Saving model ...
2025-06-19 14:29:39,844 - {'epoch': 12, 'rec_loss': '6.3875'}
2025-06-19 14:29:44,083 - {'Epoch': 12, 'HR@5': '0.0827', 'NDCG@5': '0.0523', 'HR@10': '0.1343', 'NDCG@10': '0.0688', 'HR@20': '0.2107', 'NDCG@20': '0.0880'}
2025-06-19 14:29:44,083 - Validation score increased.  Saving model ...
2025-06-19 14:29:54,935 - {'epoch': 13, 'rec_loss': '6.2972'}
2025-06-19 14:29:59,178 - {'Epoch': 13, 'HR@5': '0.0863', 'NDCG@5': '0.0548', 'HR@10': '0.1418', 'NDCG@10': '0.0726', 'HR@20': '0.2262', 'NDCG@20': '0.0939'}
2025-06-19 14:29:59,179 - Validation score increased.  Saving model ...
2025-06-19 14:30:09,972 - {'epoch': 14, 'rec_loss': '6.2206'}
2025-06-19 14:30:14,241 - {'Epoch': 14, 'HR@5': '0.0912', 'NDCG@5': '0.0577', 'HR@10': '0.1507', 'NDCG@10': '0.0768', 'HR@20': '0.2361', 'NDCG@20': '0.0983'}
2025-06-19 14:30:14,241 - Validation score increased.  Saving model ...
2025-06-19 14:30:25,109 - {'epoch': 15, 'rec_loss': '6.1551'}
2025-06-19 14:30:29,400 - {'Epoch': 15, 'HR@5': '0.0946', 'NDCG@5': '0.0602', 'HR@10': '0.1565', 'NDCG@10': '0.0800', 'HR@20': '0.2444', 'NDCG@20': '0.1021'}
2025-06-19 14:30:29,403 - Validation score increased.  Saving model ...
2025-06-19 14:30:40,277 - {'epoch': 16, 'rec_loss': '6.1033'}
2025-06-19 14:30:44,523 - {'Epoch': 16, 'HR@5': '0.1016', 'NDCG@5': '0.0632', 'HR@10': '0.1644', 'NDCG@10': '0.0834', 'HR@20': '0.2507', 'NDCG@20': '0.1052'}
2025-06-19 14:30:44,524 - Validation score increased.  Saving model ...
2025-06-19 14:30:55,398 - {'epoch': 17, 'rec_loss': '6.0510'}
2025-06-19 14:30:59,695 - {'Epoch': 17, 'HR@5': '0.1001', 'NDCG@5': '0.0638', 'HR@10': '0.1675', 'NDCG@10': '0.0853', 'HR@20': '0.2585', 'NDCG@20': '0.1082'}
2025-06-19 14:30:59,696 - Validation score increased.  Saving model ...
2025-06-19 14:31:10,480 - {'epoch': 18, 'rec_loss': '6.0006'}
2025-06-19 14:31:14,683 - {'Epoch': 18, 'HR@5': '0.1072', 'NDCG@5': '0.0680', 'HR@10': '0.1703', 'NDCG@10': '0.0883', 'HR@20': '0.2656', 'NDCG@20': '0.1123'}
2025-06-19 14:31:14,684 - Validation score increased.  Saving model ...
2025-06-19 14:31:25,548 - {'epoch': 19, 'rec_loss': '5.9664'}
2025-06-19 14:31:29,815 - {'Epoch': 19, 'HR@5': '0.1102', 'NDCG@5': '0.0702', 'HR@10': '0.1755', 'NDCG@10': '0.0912', 'HR@20': '0.2707', 'NDCG@20': '0.1152'}
2025-06-19 14:31:29,816 - Validation score increased.  Saving model ...
2025-06-19 14:31:40,709 - {'epoch': 20, 'rec_loss': '5.9264'}
2025-06-19 14:31:44,969 - {'Epoch': 20, 'HR@5': '0.1105', 'NDCG@5': '0.0696', 'HR@10': '0.1815', 'NDCG@10': '0.0923', 'HR@20': '0.2755', 'NDCG@20': '0.1161'}
2025-06-19 14:31:44,969 - Validation score increased.  Saving model ...
2025-06-19 14:31:55,792 - {'epoch': 21, 'rec_loss': '5.8880'}
2025-06-19 14:32:00,074 - {'Epoch': 21, 'HR@5': '0.1105', 'NDCG@5': '0.0698', 'HR@10': '0.1832', 'NDCG@10': '0.0932', 'HR@20': '0.2781', 'NDCG@20': '0.1171'}
2025-06-19 14:32:00,075 - Validation score increased.  Saving model ...
2025-06-19 14:32:10,937 - {'epoch': 22, 'rec_loss': '5.8537'}
2025-06-19 14:32:15,208 - {'Epoch': 22, 'HR@5': '0.1168', 'NDCG@5': '0.0746', 'HR@10': '0.1850', 'NDCG@10': '0.0964', 'HR@20': '0.2800', 'NDCG@20': '0.1204'}
2025-06-19 14:32:15,209 - Validation score increased.  Saving model ...
2025-06-19 14:32:26,094 - {'epoch': 23, 'rec_loss': '5.8242'}
2025-06-19 14:32:30,354 - {'Epoch': 23, 'HR@5': '0.1175', 'NDCG@5': '0.0758', 'HR@10': '0.1862', 'NDCG@10': '0.0979', 'HR@20': '0.2860', 'NDCG@20': '0.1231'}
2025-06-19 14:32:30,354 - Validation score increased.  Saving model ...
2025-06-19 14:32:41,218 - {'epoch': 24, 'rec_loss': '5.7906'}
2025-06-19 14:32:45,526 - {'Epoch': 24, 'HR@5': '0.1191', 'NDCG@5': '0.0762', 'HR@10': '0.1883', 'NDCG@10': '0.0984', 'HR@20': '0.2886', 'NDCG@20': '0.1237'}
2025-06-19 14:32:45,526 - Validation score increased.  Saving model ...
2025-06-19 14:32:56,344 - {'epoch': 25, 'rec_loss': '5.7607'}
2025-06-19 14:33:00,640 - {'Epoch': 25, 'HR@5': '0.1190', 'NDCG@5': '0.0747', 'HR@10': '0.1927', 'NDCG@10': '0.0984', 'HR@20': '0.2892', 'NDCG@20': '0.1228'}
2025-06-19 14:33:00,641 - EarlyStopping counter: 1 out of 10
2025-06-19 14:33:11,491 - {'epoch': 26, 'rec_loss': '5.7291'}
2025-06-19 14:33:15,790 - {'Epoch': 26, 'HR@5': '0.1201', 'NDCG@5': '0.0765', 'HR@10': '0.1948', 'NDCG@10': '0.1005', 'HR@20': '0.2950', 'NDCG@20': '0.1257'}
2025-06-19 14:33:15,793 - Validation score increased.  Saving model ...
2025-06-19 14:33:26,659 - {'epoch': 27, 'rec_loss': '5.7129'}
2025-06-19 14:33:30,917 - {'Epoch': 27, 'HR@5': '0.1228', 'NDCG@5': '0.0787', 'HR@10': '0.1976', 'NDCG@10': '0.1028', 'HR@20': '0.2966', 'NDCG@20': '0.1278'}
2025-06-19 14:33:30,918 - Validation score increased.  Saving model ...
2025-06-19 14:33:41,786 - {'epoch': 28, 'rec_loss': '5.6839'}
2025-06-19 14:33:46,012 - {'Epoch': 28, 'HR@5': '0.1256', 'NDCG@5': '0.0794', 'HR@10': '0.2000', 'NDCG@10': '0.1033', 'HR@20': '0.2995', 'NDCG@20': '0.1284'}
2025-06-19 14:33:46,014 - Validation score increased.  Saving model ...
2025-06-19 14:33:56,889 - {'epoch': 29, 'rec_loss': '5.6680'}
2025-06-19 14:34:01,105 - {'Epoch': 29, 'HR@5': '0.1269', 'NDCG@5': '0.0810', 'HR@10': '0.2035', 'NDCG@10': '0.1056', 'HR@20': '0.3027', 'NDCG@20': '0.1307'}
2025-06-19 14:34:01,107 - Validation score increased.  Saving model ...
2025-06-19 14:34:11,957 - {'epoch': 30, 'rec_loss': '5.6414'}
2025-06-19 14:34:16,139 - {'Epoch': 30, 'HR@5': '0.1273', 'NDCG@5': '0.0811', 'HR@10': '0.2060', 'NDCG@10': '0.1063', 'HR@20': '0.3021', 'NDCG@20': '0.1306'}
2025-06-19 14:34:16,141 - EarlyStopping counter: 1 out of 10
2025-06-19 14:34:26,952 - {'epoch': 31, 'rec_loss': '5.6285'}
2025-06-19 14:34:31,184 - {'Epoch': 31, 'HR@5': '0.1276', 'NDCG@5': '0.0816', 'HR@10': '0.2036', 'NDCG@10': '0.1060', 'HR@20': '0.3060', 'NDCG@20': '0.1318'}
2025-06-19 14:34:31,185 - Validation score increased.  Saving model ...
2025-06-19 14:34:42,057 - {'epoch': 32, 'rec_loss': '5.6113'}
2025-06-19 14:34:46,273 - {'Epoch': 32, 'HR@5': '0.1291', 'NDCG@5': '0.0818', 'HR@10': '0.2047', 'NDCG@10': '0.1061', 'HR@20': '0.3050', 'NDCG@20': '0.1314'}
2025-06-19 14:34:46,275 - EarlyStopping counter: 1 out of 10
2025-06-19 14:34:57,103 - {'epoch': 33, 'rec_loss': '5.5855'}
2025-06-19 14:35:01,389 - {'Epoch': 33, 'HR@5': '0.1322', 'NDCG@5': '0.0840', 'HR@10': '0.2083', 'NDCG@10': '0.1084', 'HR@20': '0.3087', 'NDCG@20': '0.1337'}
2025-06-19 14:35:01,391 - Validation score increased.  Saving model ...
2025-06-19 14:35:12,200 - {'epoch': 34, 'rec_loss': '5.5669'}
2025-06-19 14:35:16,449 - {'Epoch': 34, 'HR@5': '0.1305', 'NDCG@5': '0.0844', 'HR@10': '0.2093', 'NDCG@10': '0.1097', 'HR@20': '0.3108', 'NDCG@20': '0.1353'}
2025-06-19 14:35:16,450 - Validation score increased.  Saving model ...
2025-06-19 14:35:27,276 - {'epoch': 35, 'rec_loss': '5.5649'}
2025-06-19 14:35:31,515 - {'Epoch': 35, 'HR@5': '0.1316', 'NDCG@5': '0.0844', 'HR@10': '0.2098', 'NDCG@10': '0.1096', 'HR@20': '0.3080', 'NDCG@20': '0.1344'}
2025-06-19 14:35:31,516 - EarlyStopping counter: 1 out of 10
2025-06-19 14:35:42,326 - {'epoch': 36, 'rec_loss': '5.5440'}
2025-06-19 14:35:46,605 - {'Epoch': 36, 'HR@5': '0.1329', 'NDCG@5': '0.0853', 'HR@10': '0.2096', 'NDCG@10': '0.1099', 'HR@20': '0.3101', 'NDCG@20': '0.1351'}
2025-06-19 14:35:46,607 - EarlyStopping counter: 2 out of 10
2025-06-19 14:35:57,494 - {'epoch': 37, 'rec_loss': '5.5321'}
2025-06-19 14:36:01,700 - {'Epoch': 37, 'HR@5': '0.1304', 'NDCG@5': '0.0838', 'HR@10': '0.2108', 'NDCG@10': '0.1097', 'HR@20': '0.3107', 'NDCG@20': '0.1349'}
2025-06-19 14:36:01,702 - EarlyStopping counter: 3 out of 10
2025-06-19 14:36:12,528 - {'epoch': 38, 'rec_loss': '5.5176'}
2025-06-19 14:36:16,748 - {'Epoch': 38, 'HR@5': '0.1329', 'NDCG@5': '0.0857', 'HR@10': '0.2131', 'NDCG@10': '0.1115', 'HR@20': '0.3111', 'NDCG@20': '0.1362'}
2025-06-19 14:36:16,749 - Validation score increased.  Saving model ...
2025-06-19 14:36:27,645 - {'epoch': 39, 'rec_loss': '5.5059'}
2025-06-19 14:36:31,923 - {'Epoch': 39, 'HR@5': '0.1335', 'NDCG@5': '0.0862', 'HR@10': '0.2155', 'NDCG@10': '0.1126', 'HR@20': '0.3179', 'NDCG@20': '0.1385'}
2025-06-19 14:36:31,924 - Validation score increased.  Saving model ...
2025-06-19 14:36:42,773 - {'epoch': 40, 'rec_loss': '5.4855'}
2025-06-19 14:36:47,083 - {'Epoch': 40, 'HR@5': '0.1341', 'NDCG@5': '0.0868', 'HR@10': '0.2174', 'NDCG@10': '0.1136', 'HR@20': '0.3150', 'NDCG@20': '0.1383'}
2025-06-19 14:36:47,090 - EarlyStopping counter: 1 out of 10
2025-06-19 14:36:57,914 - {'epoch': 41, 'rec_loss': '5.4821'}
2025-06-19 14:37:02,179 - {'Epoch': 41, 'HR@5': '0.1345', 'NDCG@5': '0.0868', 'HR@10': '0.2151', 'NDCG@10': '0.1127', 'HR@20': '0.3160', 'NDCG@20': '0.1382'}
2025-06-19 14:37:02,181 - EarlyStopping counter: 2 out of 10
2025-06-19 14:37:12,990 - {'epoch': 42, 'rec_loss': '5.4721'}
2025-06-19 14:37:17,228 - {'Epoch': 42, 'HR@5': '0.1375', 'NDCG@5': '0.0880', 'HR@10': '0.2203', 'NDCG@10': '0.1146', 'HR@20': '0.3180', 'NDCG@20': '0.1393'}
2025-06-19 14:37:17,229 - Validation score increased.  Saving model ...
2025-06-19 14:37:28,036 - {'epoch': 43, 'rec_loss': '5.4538'}
2025-06-19 14:37:32,312 - {'Epoch': 43, 'HR@5': '0.1396', 'NDCG@5': '0.0896', 'HR@10': '0.2181', 'NDCG@10': '0.1148', 'HR@20': '0.3173', 'NDCG@20': '0.1398'}
2025-06-19 14:37:32,315 - Validation score increased.  Saving model ...
2025-06-19 14:37:43,125 - {'epoch': 44, 'rec_loss': '5.4473'}
2025-06-19 14:37:47,331 - {'Epoch': 44, 'HR@5': '0.1368', 'NDCG@5': '0.0880', 'HR@10': '0.2167', 'NDCG@10': '0.1137', 'HR@20': '0.3152', 'NDCG@20': '0.1385'}
2025-06-19 14:37:47,333 - EarlyStopping counter: 1 out of 10
2025-06-19 14:37:58,169 - {'epoch': 45, 'rec_loss': '5.4460'}
2025-06-19 14:38:02,423 - {'Epoch': 45, 'HR@5': '0.1376', 'NDCG@5': '0.0875', 'HR@10': '0.2202', 'NDCG@10': '0.1142', 'HR@20': '0.3154', 'NDCG@20': '0.1382'}
2025-06-19 14:38:02,425 - EarlyStopping counter: 2 out of 10
2025-06-19 14:38:13,232 - {'epoch': 46, 'rec_loss': '5.4258'}
2025-06-19 14:38:17,514 - {'Epoch': 46, 'HR@5': '0.1395', 'NDCG@5': '0.0888', 'HR@10': '0.2197', 'NDCG@10': '0.1146', 'HR@20': '0.3154', 'NDCG@20': '0.1388'}
2025-06-19 14:38:17,516 - EarlyStopping counter: 3 out of 10
2025-06-19 14:38:28,375 - {'epoch': 47, 'rec_loss': '5.4115'}
2025-06-19 14:38:32,591 - {'Epoch': 47, 'HR@5': '0.1372', 'NDCG@5': '0.0869', 'HR@10': '0.2200', 'NDCG@10': '0.1135', 'HR@20': '0.3207', 'NDCG@20': '0.1389'}
2025-06-19 14:38:32,592 - EarlyStopping counter: 4 out of 10
2025-06-19 14:38:43,426 - {'epoch': 48, 'rec_loss': '5.4092'}
2025-06-19 14:38:47,660 - {'Epoch': 48, 'HR@5': '0.1389', 'NDCG@5': '0.0886', 'HR@10': '0.2183', 'NDCG@10': '0.1141', 'HR@20': '0.3198', 'NDCG@20': '0.1398'}
2025-06-19 14:38:47,662 - EarlyStopping counter: 5 out of 10
2025-06-19 14:38:58,496 - {'epoch': 49, 'rec_loss': '5.3990'}
2025-06-19 14:39:02,740 - {'Epoch': 49, 'HR@5': '0.1396', 'NDCG@5': '0.0899', 'HR@10': '0.2199', 'NDCG@10': '0.1157', 'HR@20': '0.3211', 'NDCG@20': '0.1413'}
2025-06-19 14:39:02,742 - Validation score increased.  Saving model ...
2025-06-19 14:39:13,561 - {'epoch': 50, 'rec_loss': '5.3869'}
2025-06-19 14:39:17,797 - {'Epoch': 50, 'HR@5': '0.1421', 'NDCG@5': '0.0901', 'HR@10': '0.2221', 'NDCG@10': '0.1158', 'HR@20': '0.3209', 'NDCG@20': '0.1408'}
2025-06-19 14:39:17,800 - EarlyStopping counter: 1 out of 10
2025-06-19 14:39:28,628 - {'epoch': 51, 'rec_loss': '5.3735'}
2025-06-19 14:39:32,883 - {'Epoch': 51, 'HR@5': '0.1399', 'NDCG@5': '0.0896', 'HR@10': '0.2198', 'NDCG@10': '0.1153', 'HR@20': '0.3190', 'NDCG@20': '0.1403'}
2025-06-19 14:39:32,884 - EarlyStopping counter: 2 out of 10
2025-06-19 14:39:43,761 - {'epoch': 52, 'rec_loss': '5.3714'}
2025-06-19 14:39:48,026 - {'Epoch': 52, 'HR@5': '0.1463', 'NDCG@5': '0.0920', 'HR@10': '0.2253', 'NDCG@10': '0.1175', 'HR@20': '0.3236', 'NDCG@20': '0.1423'}
2025-06-19 14:39:48,027 - Validation score increased.  Saving model ...
2025-06-19 14:39:58,897 - {'epoch': 53, 'rec_loss': '5.3631'}
2025-06-19 14:40:03,164 - {'Epoch': 53, 'HR@5': '0.1421', 'NDCG@5': '0.0912', 'HR@10': '0.2267', 'NDCG@10': '0.1184', 'HR@20': '0.3254', 'NDCG@20': '0.1434'}
2025-06-19 14:40:03,167 - Validation score increased.  Saving model ...
2025-06-19 14:40:13,996 - {'epoch': 54, 'rec_loss': '5.3512'}
2025-06-19 14:40:18,220 - {'Epoch': 54, 'HR@5': '0.1424', 'NDCG@5': '0.0912', 'HR@10': '0.2258', 'NDCG@10': '0.1180', 'HR@20': '0.3224', 'NDCG@20': '0.1424'}
2025-06-19 14:40:18,221 - EarlyStopping counter: 1 out of 10
2025-06-19 14:40:29,100 - {'epoch': 55, 'rec_loss': '5.3339'}
2025-06-19 14:40:33,338 - {'Epoch': 55, 'HR@5': '0.1433', 'NDCG@5': '0.0923', 'HR@10': '0.2250', 'NDCG@10': '0.1186', 'HR@20': '0.3255', 'NDCG@20': '0.1440'}
2025-06-19 14:40:33,338 - Validation score increased.  Saving model ...
2025-06-19 14:40:44,132 - {'epoch': 56, 'rec_loss': '5.3383'}
2025-06-19 14:40:48,421 - {'Epoch': 56, 'HR@5': '0.1449', 'NDCG@5': '0.0927', 'HR@10': '0.2250', 'NDCG@10': '0.1186', 'HR@20': '0.3238', 'NDCG@20': '0.1435'}
2025-06-19 14:40:48,422 - EarlyStopping counter: 1 out of 10
2025-06-19 14:40:59,263 - {'epoch': 57, 'rec_loss': '5.3239'}
2025-06-19 14:41:03,539 - {'Epoch': 57, 'HR@5': '0.1420', 'NDCG@5': '0.0911', 'HR@10': '0.2251', 'NDCG@10': '0.1179', 'HR@20': '0.3254', 'NDCG@20': '0.1433'}
2025-06-19 14:41:03,540 - EarlyStopping counter: 2 out of 10
2025-06-19 14:41:14,366 - {'epoch': 58, 'rec_loss': '5.3214'}
2025-06-19 14:41:18,704 - {'Epoch': 58, 'HR@5': '0.1451', 'NDCG@5': '0.0920', 'HR@10': '0.2245', 'NDCG@10': '0.1176', 'HR@20': '0.3234', 'NDCG@20': '0.1426'}
2025-06-19 14:41:18,704 - EarlyStopping counter: 3 out of 10
2025-06-19 14:41:29,516 - {'epoch': 59, 'rec_loss': '5.3122'}
2025-06-19 14:41:33,760 - {'Epoch': 59, 'HR@5': '0.1460', 'NDCG@5': '0.0924', 'HR@10': '0.2237', 'NDCG@10': '0.1175', 'HR@20': '0.3263', 'NDCG@20': '0.1435'}
2025-06-19 14:41:33,761 - EarlyStopping counter: 4 out of 10
2025-06-19 14:41:44,603 - {'epoch': 60, 'rec_loss': '5.2984'}
2025-06-19 14:41:48,876 - {'Epoch': 60, 'HR@5': '0.1430', 'NDCG@5': '0.0909', 'HR@10': '0.2263', 'NDCG@10': '0.1177', 'HR@20': '0.3232', 'NDCG@20': '0.1421'}
2025-06-19 14:41:48,879 - EarlyStopping counter: 5 out of 10
2025-06-19 14:41:59,735 - {'epoch': 61, 'rec_loss': '5.2976'}
2025-06-19 14:42:04,013 - {'Epoch': 61, 'HR@5': '0.1453', 'NDCG@5': '0.0925', 'HR@10': '0.2294', 'NDCG@10': '0.1195', 'HR@20': '0.3276', 'NDCG@20': '0.1443'}
2025-06-19 14:42:04,015 - Validation score increased.  Saving model ...
2025-06-19 14:42:14,840 - {'epoch': 62, 'rec_loss': '5.2780'}
2025-06-19 14:42:19,085 - {'Epoch': 62, 'HR@5': '0.1482', 'NDCG@5': '0.0943', 'HR@10': '0.2300', 'NDCG@10': '0.1206', 'HR@20': '0.3294', 'NDCG@20': '0.1457'}
2025-06-19 14:42:19,088 - Validation score increased.  Saving model ...
2025-06-19 14:42:29,940 - {'epoch': 63, 'rec_loss': '5.2797'}
2025-06-19 14:42:34,201 - {'Epoch': 63, 'HR@5': '0.1461', 'NDCG@5': '0.0942', 'HR@10': '0.2284', 'NDCG@10': '0.1207', 'HR@20': '0.3294', 'NDCG@20': '0.1462'}
2025-06-19 14:42:34,202 - Validation score increased.  Saving model ...
2025-06-19 14:42:45,028 - {'epoch': 64, 'rec_loss': '5.2732'}
2025-06-19 14:42:49,314 - {'Epoch': 64, 'HR@5': '0.1457', 'NDCG@5': '0.0933', 'HR@10': '0.2276', 'NDCG@10': '0.1197', 'HR@20': '0.3262', 'NDCG@20': '0.1446'}
2025-06-19 14:42:49,314 - EarlyStopping counter: 1 out of 10
2025-06-19 14:43:00,133 - {'epoch': 65, 'rec_loss': '5.2627'}
2025-06-19 14:43:04,440 - {'Epoch': 65, 'HR@5': '0.1442', 'NDCG@5': '0.0933', 'HR@10': '0.2252', 'NDCG@10': '0.1195', 'HR@20': '0.3278', 'NDCG@20': '0.1454'}
2025-06-19 14:43:04,443 - EarlyStopping counter: 2 out of 10
2025-06-19 14:43:15,247 - {'epoch': 66, 'rec_loss': '5.2590'}
2025-06-19 14:43:19,551 - {'Epoch': 66, 'HR@5': '0.1462', 'NDCG@5': '0.0935', 'HR@10': '0.2280', 'NDCG@10': '0.1199', 'HR@20': '0.3278', 'NDCG@20': '0.1451'}
2025-06-19 14:43:19,553 - EarlyStopping counter: 3 out of 10
2025-06-19 14:43:30,349 - {'epoch': 67, 'rec_loss': '5.2483'}
2025-06-19 14:43:34,651 - {'Epoch': 67, 'HR@5': '0.1464', 'NDCG@5': '0.0938', 'HR@10': '0.2263', 'NDCG@10': '0.1196', 'HR@20': '0.3265', 'NDCG@20': '0.1449'}
2025-06-19 14:43:34,652 - EarlyStopping counter: 4 out of 10
2025-06-19 14:43:45,449 - {'epoch': 68, 'rec_loss': '5.2475'}
2025-06-19 14:43:49,770 - {'Epoch': 68, 'HR@5': '0.1476', 'NDCG@5': '0.0944', 'HR@10': '0.2305', 'NDCG@10': '0.1211', 'HR@20': '0.3284', 'NDCG@20': '0.1458'}
2025-06-19 14:43:49,772 - EarlyStopping counter: 5 out of 10
2025-06-19 14:44:00,634 - {'epoch': 69, 'rec_loss': '5.2356'}
2025-06-19 14:44:04,939 - {'Epoch': 69, 'HR@5': '0.1505', 'NDCG@5': '0.0961', 'HR@10': '0.2315', 'NDCG@10': '0.1222', 'HR@20': '0.3264', 'NDCG@20': '0.1461'}
2025-06-19 14:44:04,940 - EarlyStopping counter: 6 out of 10
2025-06-19 14:44:15,797 - {'epoch': 70, 'rec_loss': '5.2286'}
2025-06-19 14:44:20,100 - {'Epoch': 70, 'HR@5': '0.1457', 'NDCG@5': '0.0933', 'HR@10': '0.2280', 'NDCG@10': '0.1198', 'HR@20': '0.3261', 'NDCG@20': '0.1446'}
2025-06-19 14:44:20,101 - EarlyStopping counter: 7 out of 10
2025-06-19 14:44:30,915 - {'epoch': 71, 'rec_loss': '5.2205'}
2025-06-19 14:44:35,192 - {'Epoch': 71, 'HR@5': '0.1459', 'NDCG@5': '0.0942', 'HR@10': '0.2310', 'NDCG@10': '0.1218', 'HR@20': '0.3276', 'NDCG@20': '0.1462'}
2025-06-19 14:44:35,195 - Validation score increased.  Saving model ...
2025-06-19 14:44:45,992 - {'epoch': 72, 'rec_loss': '5.2212'}
2025-06-19 14:44:50,259 - {'Epoch': 72, 'HR@5': '0.1506', 'NDCG@5': '0.0976', 'HR@10': '0.2306', 'NDCG@10': '0.1234', 'HR@20': '0.3275', 'NDCG@20': '0.1478'}
2025-06-19 14:44:50,260 - Validation score increased.  Saving model ...
2025-06-19 14:45:01,164 - {'epoch': 73, 'rec_loss': '5.2099'}
2025-06-19 14:45:05,499 - {'Epoch': 73, 'HR@5': '0.1475', 'NDCG@5': '0.0943', 'HR@10': '0.2306', 'NDCG@10': '0.1210', 'HR@20': '0.3311', 'NDCG@20': '0.1464'}
2025-06-19 14:45:05,500 - EarlyStopping counter: 1 out of 10
2025-06-19 14:45:16,333 - {'epoch': 74, 'rec_loss': '5.2050'}
2025-06-19 14:45:20,583 - {'Epoch': 74, 'HR@5': '0.1444', 'NDCG@5': '0.0932', 'HR@10': '0.2312', 'NDCG@10': '0.1212', 'HR@20': '0.3290', 'NDCG@20': '0.1459'}
2025-06-19 14:45:20,584 - EarlyStopping counter: 2 out of 10
2025-06-19 14:45:31,432 - {'epoch': 75, 'rec_loss': '5.2079'}
2025-06-19 14:45:35,724 - {'Epoch': 75, 'HR@5': '0.1472', 'NDCG@5': '0.0956', 'HR@10': '0.2309', 'NDCG@10': '0.1226', 'HR@20': '0.3283', 'NDCG@20': '0.1473'}
2025-06-19 14:45:35,734 - EarlyStopping counter: 3 out of 10
2025-06-19 14:45:46,792 - {'epoch': 76, 'rec_loss': '5.1974'}
2025-06-19 14:45:51,084 - {'Epoch': 76, 'HR@5': '0.1499', 'NDCG@5': '0.0960', 'HR@10': '0.2316', 'NDCG@10': '0.1223', 'HR@20': '0.3289', 'NDCG@20': '0.1468'}
2025-06-19 14:45:51,087 - EarlyStopping counter: 4 out of 10
2025-06-19 14:46:02,065 - {'epoch': 77, 'rec_loss': '5.2013'}
2025-06-19 14:46:06,336 - {'Epoch': 77, 'HR@5': '0.1479', 'NDCG@5': '0.0944', 'HR@10': '0.2316', 'NDCG@10': '0.1214', 'HR@20': '0.3292', 'NDCG@20': '0.1460'}
2025-06-19 14:46:06,339 - EarlyStopping counter: 5 out of 10
2025-06-19 14:46:17,192 - {'epoch': 78, 'rec_loss': '5.1849'}
2025-06-19 14:46:21,504 - {'Epoch': 78, 'HR@5': '0.1486', 'NDCG@5': '0.0948', 'HR@10': '0.2309', 'NDCG@10': '0.1213', 'HR@20': '0.3269', 'NDCG@20': '0.1455'}
2025-06-19 14:46:21,506 - EarlyStopping counter: 6 out of 10
2025-06-19 14:46:32,326 - {'epoch': 79, 'rec_loss': '5.1772'}
2025-06-19 14:46:36,625 - {'Epoch': 79, 'HR@5': '0.1493', 'NDCG@5': '0.0948', 'HR@10': '0.2305', 'NDCG@10': '0.1210', 'HR@20': '0.3255', 'NDCG@20': '0.1450'}
2025-06-19 14:46:36,625 - EarlyStopping counter: 7 out of 10
2025-06-19 14:46:47,442 - {'epoch': 80, 'rec_loss': '5.1811'}
2025-06-19 14:46:51,703 - {'Epoch': 80, 'HR@5': '0.1509', 'NDCG@5': '0.0958', 'HR@10': '0.2339', 'NDCG@10': '0.1226', 'HR@20': '0.3296', 'NDCG@20': '0.1468'}
2025-06-19 14:46:51,704 - EarlyStopping counter: 8 out of 10
2025-06-19 14:47:02,523 - {'epoch': 81, 'rec_loss': '5.1782'}
2025-06-19 14:47:06,776 - {'Epoch': 81, 'HR@5': '0.1519', 'NDCG@5': '0.0968', 'HR@10': '0.2353', 'NDCG@10': '0.1237', 'HR@20': '0.3302', 'NDCG@20': '0.1477'}
2025-06-19 14:47:06,778 - EarlyStopping counter: 9 out of 10
2025-06-19 14:47:17,564 - {'epoch': 82, 'rec_loss': '5.1621'}
2025-06-19 14:47:21,800 - {'Epoch': 82, 'HR@5': '0.1511', 'NDCG@5': '0.0968', 'HR@10': '0.2345', 'NDCG@10': '0.1237', 'HR@20': '0.3323', 'NDCG@20': '0.1484'}
2025-06-19 14:47:21,801 - Validation score increased.  Saving model ...
2025-06-19 14:47:32,645 - {'epoch': 83, 'rec_loss': '5.1606'}
2025-06-19 14:47:36,915 - {'Epoch': 83, 'HR@5': '0.1506', 'NDCG@5': '0.0975', 'HR@10': '0.2329', 'NDCG@10': '0.1241', 'HR@20': '0.3290', 'NDCG@20': '0.1485'}
2025-06-19 14:47:36,917 - Validation score increased.  Saving model ...
2025-06-19 14:47:47,701 - {'epoch': 84, 'rec_loss': '5.1567'}
2025-06-19 14:47:52,002 - {'Epoch': 84, 'HR@5': '0.1471', 'NDCG@5': '0.0940', 'HR@10': '0.2321', 'NDCG@10': '0.1214', 'HR@20': '0.3298', 'NDCG@20': '0.1461'}
2025-06-19 14:47:52,004 - EarlyStopping counter: 1 out of 10
2025-06-19 14:48:02,829 - {'epoch': 85, 'rec_loss': '5.1508'}
2025-06-19 14:48:07,129 - {'Epoch': 85, 'HR@5': '0.1512', 'NDCG@5': '0.0968', 'HR@10': '0.2321', 'NDCG@10': '0.1229', 'HR@20': '0.3311', 'NDCG@20': '0.1479'}
2025-06-19 14:48:07,131 - EarlyStopping counter: 2 out of 10
2025-06-19 14:48:17,895 - {'epoch': 86, 'rec_loss': '5.1465'}
2025-06-19 14:48:22,193 - {'Epoch': 86, 'HR@5': '0.1535', 'NDCG@5': '0.0972', 'HR@10': '0.2327', 'NDCG@10': '0.1227', 'HR@20': '0.3315', 'NDCG@20': '0.1477'}
2025-06-19 14:48:22,194 - EarlyStopping counter: 3 out of 10
2025-06-19 14:48:32,978 - {'epoch': 87, 'rec_loss': '5.1449'}
2025-06-19 14:48:37,267 - {'Epoch': 87, 'HR@5': '0.1530', 'NDCG@5': '0.0964', 'HR@10': '0.2322', 'NDCG@10': '0.1220', 'HR@20': '0.3294', 'NDCG@20': '0.1466'}
2025-06-19 14:48:37,269 - EarlyStopping counter: 4 out of 10
2025-06-19 14:48:48,082 - {'epoch': 88, 'rec_loss': '5.1396'}
2025-06-19 14:48:52,371 - {'Epoch': 88, 'HR@5': '0.1515', 'NDCG@5': '0.0969', 'HR@10': '0.2319', 'NDCG@10': '0.1228', 'HR@20': '0.3325', 'NDCG@20': '0.1483'}
2025-06-19 14:48:52,373 - EarlyStopping counter: 5 out of 10
2025-06-19 14:49:03,160 - {'epoch': 89, 'rec_loss': '5.1351'}
2025-06-19 14:49:07,439 - {'Epoch': 89, 'HR@5': '0.1499', 'NDCG@5': '0.0968', 'HR@10': '0.2316', 'NDCG@10': '0.1231', 'HR@20': '0.3313', 'NDCG@20': '0.1483'}
2025-06-19 14:49:07,440 - EarlyStopping counter: 6 out of 10
2025-06-19 14:49:18,267 - {'epoch': 90, 'rec_loss': '5.1253'}
2025-06-19 14:49:22,587 - {'Epoch': 90, 'HR@5': '0.1503', 'NDCG@5': '0.0978', 'HR@10': '0.2327', 'NDCG@10': '0.1242', 'HR@20': '0.3314', 'NDCG@20': '0.1491'}
2025-06-19 14:49:22,589 - Validation score increased.  Saving model ...
2025-06-19 14:49:33,435 - {'epoch': 91, 'rec_loss': '5.1218'}
2025-06-19 14:49:37,714 - {'Epoch': 91, 'HR@5': '0.1513', 'NDCG@5': '0.0978', 'HR@10': '0.2319', 'NDCG@10': '0.1238', 'HR@20': '0.3302', 'NDCG@20': '0.1486'}
2025-06-19 14:49:37,715 - EarlyStopping counter: 1 out of 10
2025-06-19 14:49:48,540 - {'epoch': 92, 'rec_loss': '5.1229'}
2025-06-19 14:49:52,859 - {'Epoch': 92, 'HR@5': '0.1484', 'NDCG@5': '0.0963', 'HR@10': '0.2331', 'NDCG@10': '0.1235', 'HR@20': '0.3330', 'NDCG@20': '0.1488'}
2025-06-19 14:49:52,861 - EarlyStopping counter: 2 out of 10
2025-06-19 14:50:03,680 - {'epoch': 93, 'rec_loss': '5.1208'}
2025-06-19 14:50:07,980 - {'Epoch': 93, 'HR@5': '0.1492', 'NDCG@5': '0.0959', 'HR@10': '0.2314', 'NDCG@10': '0.1224', 'HR@20': '0.3336', 'NDCG@20': '0.1482'}
2025-06-19 14:50:07,982 - EarlyStopping counter: 3 out of 10
2025-06-19 14:50:18,810 - {'epoch': 94, 'rec_loss': '5.1212'}
2025-06-19 14:50:23,123 - {'Epoch': 94, 'HR@5': '0.1478', 'NDCG@5': '0.0950', 'HR@10': '0.2327', 'NDCG@10': '0.1224', 'HR@20': '0.3297', 'NDCG@20': '0.1469'}
2025-06-19 14:50:23,125 - EarlyStopping counter: 4 out of 10
2025-06-19 14:50:33,931 - {'epoch': 95, 'rec_loss': '5.1179'}
2025-06-19 14:50:38,208 - {'Epoch': 95, 'HR@5': '0.1504', 'NDCG@5': '0.0961', 'HR@10': '0.2323', 'NDCG@10': '0.1224', 'HR@20': '0.3300', 'NDCG@20': '0.1471'}
2025-06-19 14:50:38,209 - EarlyStopping counter: 5 out of 10
2025-06-19 14:50:49,036 - {'epoch': 96, 'rec_loss': '5.1113'}
2025-06-19 14:50:53,316 - {'Epoch': 96, 'HR@5': '0.1502', 'NDCG@5': '0.0962', 'HR@10': '0.2325', 'NDCG@10': '0.1227', 'HR@20': '0.3296', 'NDCG@20': '0.1472'}
2025-06-19 14:50:53,318 - EarlyStopping counter: 6 out of 10
2025-06-19 14:51:04,145 - {'epoch': 97, 'rec_loss': '5.1162'}
2025-06-19 14:51:08,406 - {'Epoch': 97, 'HR@5': '0.1502', 'NDCG@5': '0.0978', 'HR@10': '0.2289', 'NDCG@10': '0.1232', 'HR@20': '0.3289', 'NDCG@20': '0.1485'}
2025-06-19 14:51:08,408 - EarlyStopping counter: 7 out of 10
2025-06-19 14:51:19,231 - {'epoch': 98, 'rec_loss': '5.1130'}
2025-06-19 14:51:23,520 - {'Epoch': 98, 'HR@5': '0.1517', 'NDCG@5': '0.0969', 'HR@10': '0.2333', 'NDCG@10': '0.1233', 'HR@20': '0.3318', 'NDCG@20': '0.1481'}
2025-06-19 14:51:23,522 - EarlyStopping counter: 8 out of 10
2025-06-19 14:51:34,316 - {'epoch': 99, 'rec_loss': '5.0999'}
2025-06-19 14:51:38,592 - {'Epoch': 99, 'HR@5': '0.1503', 'NDCG@5': '0.0967', 'HR@10': '0.2311', 'NDCG@10': '0.1228', 'HR@20': '0.3317', 'NDCG@20': '0.1482'}
2025-06-19 14:51:38,593 - EarlyStopping counter: 9 out of 10
2025-06-19 14:51:49,421 - {'epoch': 100, 'rec_loss': '5.0926'}
2025-06-19 14:51:53,717 - {'Epoch': 100, 'HR@5': '0.1511', 'NDCG@5': '0.0973', 'HR@10': '0.2312', 'NDCG@10': '0.1231', 'HR@20': '0.3327', 'NDCG@20': '0.1487'}
2025-06-19 14:51:53,720 - EarlyStopping counter: 10 out of 10
2025-06-19 14:51:53,720 - Early stopping
2025-06-19 14:51:53,720 - ---------------Test Score---------------
2025-06-19 14:51:58,040 - {'Epoch': 0, 'HR@5': '0.1216', 'NDCG@5': '0.0781', 'HR@10': '0.1919', 'NDCG@10': '0.1007', 'HR@20': '0.2793', 'NDCG@20': '0.1228'}
2025-06-19 14:51:58,041 - BERT4Rec_Diginetica_42
2025-06-19 14:51:58,041 - {'Epoch': 0, 'HR@5': '0.1216', 'NDCG@5': '0.0781', 'HR@10': '0.1919', 'NDCG@10': '0.1007', 'HR@20': '0.2793', 'NDCG@20': '0.1228'}
