2025-06-13 19:57:34,898 - Namespace(data_dir='data/self_processed/', output_dir='hparam_search/', data_name='Diginetica', train_name='BERT4Rec_Diginetica', num_items=10, num_users=14829, lr=0.001, batch_size=256, epochs=200, no_cuda=False, log_freq=1, patience=10, num_workers=4, seed=42, weight_decay=0.0, adam_beta1=0.9, adam_beta2=0.999, gpu_id='0', variance=5, model_type='BERT4Rec', max_seq_length=50, hidden_size=64, num_hidden_layers=2, hidden_act='gelu', num_attention_heads=2, attention_probs_dropout_prob=0.5, hidden_dropout_prob=0.5, initializer_range=0.02, mask_ratio=0.2, cuda_condition=True, data_file='data/self_processed/Diginetica.txt', item_size=9441, checkpoint_path=PosixPath('/gpfs/home3/scur2771/BSARec/BSARec/src/hparam_search/BERT4Rec_Diginetica/12362289_4/model.pt'), same_target_path='data/self_processed/Diginetica_same_target.npy')
2025-06-13 19:57:34,921 - BERT4RecModel(
  (item_embeddings): Embedding(9442, 64, padding_idx=0)
  (position_embeddings): Embedding(50, 64)
  (item_encoder): TransformerEncoder(
    (blocks): ModuleList(
      (0): TransformerBlock(
        (layer): MultiHeadAttention(
          (query): Linear(in_features=64, out_features=64, bias=True)
          (key): Linear(in_features=64, out_features=64, bias=True)
          (value): Linear(in_features=64, out_features=64, bias=True)
          (softmax): Softmax(dim=-1)
          (attn_dropout): Dropout(p=0.5, inplace=False)
          (dense): Linear(in_features=64, out_features=64, bias=True)
          (LayerNorm): LayerNorm((64,), eps=1e-12, elementwise_affine=True)
          (out_dropout): Dropout(p=0.5, inplace=False)
        )
        (feed_forward): FeedForward(
          (dense_1): Linear(in_features=64, out_features=256, bias=True)
          (dense_2): Linear(in_features=256, out_features=64, bias=True)
          (LayerNorm): LayerNorm()
          (dropout): Dropout(p=0.5, inplace=False)
        )
      )
      (1): TransformerBlock(
        (layer): MultiHeadAttention(
          (query): Linear(in_features=64, out_features=64, bias=True)
          (key): Linear(in_features=64, out_features=64, bias=True)
          (value): Linear(in_features=64, out_features=64, bias=True)
          (softmax): Softmax(dim=-1)
          (attn_dropout): Dropout(p=0.5, inplace=False)
          (dense): Linear(in_features=64, out_features=64, bias=True)
          (LayerNorm): LayerNorm((64,), eps=1e-12, elementwise_affine=True)
          (out_dropout): Dropout(p=0.5, inplace=False)
        )
        (feed_forward): FeedForward(
          (dense_1): Linear(in_features=64, out_features=256, bias=True)
          (dense_2): Linear(in_features=256, out_features=64, bias=True)
          (LayerNorm): LayerNorm()
          (dropout): Dropout(p=0.5, inplace=False)
        )
      )
    )
  )
  (LayerNorm): LayerNorm()
  (dropout): Dropout(p=0.5, inplace=False)
)
2025-06-13 19:57:37,029 - Total Parameters: 707584
2025-06-13 19:57:49,421 - {'epoch': 0, 'rec_loss': '8.9000'}
2025-06-13 19:57:54,199 - {'Epoch': 0, 'HR@5': '0.0034', 'NDCG@5': '0.0019', 'HR@10': '0.0053', 'NDCG@10': '0.0026', 'HR@20': '0.0094', 'NDCG@20': '0.0036'}
2025-06-13 19:57:54,200 - Validation score increased.  Saving model ...
2025-06-13 19:58:06,047 - {'epoch': 1, 'rec_loss': '8.5480'}
2025-06-13 19:58:10,749 - {'Epoch': 1, 'HR@5': '0.0051', 'NDCG@5': '0.0029', 'HR@10': '0.0094', 'NDCG@10': '0.0043', 'HR@20': '0.0171', 'NDCG@20': '0.0062'}
2025-06-13 19:58:10,754 - Validation score increased.  Saving model ...
2025-06-13 19:58:22,542 - {'epoch': 2, 'rec_loss': '8.2071'}
2025-06-13 19:58:27,129 - {'Epoch': 2, 'HR@5': '0.0111', 'NDCG@5': '0.0063', 'HR@10': '0.0188', 'NDCG@10': '0.0087', 'HR@20': '0.0319', 'NDCG@20': '0.0120'}
2025-06-13 19:58:27,132 - Validation score increased.  Saving model ...
2025-06-13 19:58:39,004 - {'epoch': 3, 'rec_loss': '7.9688'}
2025-06-13 19:58:43,611 - {'Epoch': 3, 'HR@5': '0.0156', 'NDCG@5': '0.0091', 'HR@10': '0.0282', 'NDCG@10': '0.0132', 'HR@20': '0.0455', 'NDCG@20': '0.0175'}
2025-06-13 19:58:43,613 - Validation score increased.  Saving model ...
2025-06-13 19:58:55,481 - {'epoch': 4, 'rec_loss': '7.7579'}
2025-06-13 19:58:59,979 - {'Epoch': 4, 'HR@5': '0.0233', 'NDCG@5': '0.0145', 'HR@10': '0.0381', 'NDCG@10': '0.0192', 'HR@20': '0.0637', 'NDCG@20': '0.0256'}
2025-06-13 19:58:59,981 - Validation score increased.  Saving model ...
2025-06-13 19:59:11,846 - {'epoch': 5, 'rec_loss': '7.5672'}
2025-06-13 19:59:16,374 - {'Epoch': 5, 'HR@5': '0.0284', 'NDCG@5': '0.0173', 'HR@10': '0.0484', 'NDCG@10': '0.0237', 'HR@20': '0.0792', 'NDCG@20': '0.0314'}
2025-06-13 19:59:16,375 - Validation score increased.  Saving model ...
2025-06-13 19:59:28,119 - {'epoch': 6, 'rec_loss': '7.3848'}
2025-06-13 19:59:32,569 - {'Epoch': 6, 'HR@5': '0.0349', 'NDCG@5': '0.0217', 'HR@10': '0.0602', 'NDCG@10': '0.0299', 'HR@20': '0.0986', 'NDCG@20': '0.0395'}
2025-06-13 19:59:32,571 - Validation score increased.  Saving model ...
2025-06-13 19:59:44,363 - {'epoch': 7, 'rec_loss': '7.1982'}
2025-06-13 19:59:48,862 - {'Epoch': 7, 'HR@5': '0.0446', 'NDCG@5': '0.0277', 'HR@10': '0.0764', 'NDCG@10': '0.0379', 'HR@20': '0.1213', 'NDCG@20': '0.0492'}
2025-06-13 19:59:48,864 - Validation score increased.  Saving model ...
2025-06-13 20:00:00,650 - {'epoch': 8, 'rec_loss': '7.0239'}
2025-06-13 20:00:05,256 - {'Epoch': 8, 'HR@5': '0.0531', 'NDCG@5': '0.0333', 'HR@10': '0.0908', 'NDCG@10': '0.0454', 'HR@20': '0.1437', 'NDCG@20': '0.0587'}
2025-06-13 20:00:05,257 - Validation score increased.  Saving model ...
2025-06-13 20:00:17,035 - {'epoch': 9, 'rec_loss': '6.8687'}
2025-06-13 20:00:21,580 - {'Epoch': 9, 'HR@5': '0.0577', 'NDCG@5': '0.0362', 'HR@10': '0.1001', 'NDCG@10': '0.0498', 'HR@20': '0.1602', 'NDCG@20': '0.0650'}
2025-06-13 20:00:21,581 - Validation score increased.  Saving model ...
2025-06-13 20:00:33,438 - {'epoch': 10, 'rec_loss': '6.7427'}
2025-06-13 20:00:37,923 - {'Epoch': 10, 'HR@5': '0.0691', 'NDCG@5': '0.0435', 'HR@10': '0.1127', 'NDCG@10': '0.0575', 'HR@20': '0.1722', 'NDCG@20': '0.0725'}
2025-06-13 20:00:37,928 - Validation score increased.  Saving model ...
2025-06-13 20:00:49,686 - {'epoch': 11, 'rec_loss': '6.6390'}
2025-06-13 20:00:54,195 - {'Epoch': 11, 'HR@5': '0.0691', 'NDCG@5': '0.0435', 'HR@10': '0.1165', 'NDCG@10': '0.0588', 'HR@20': '0.1856', 'NDCG@20': '0.0762'}
2025-06-13 20:00:54,214 - Validation score increased.  Saving model ...
2025-06-13 20:01:06,077 - {'epoch': 12, 'rec_loss': '6.5515'}
2025-06-13 20:01:10,702 - {'Epoch': 12, 'HR@5': '0.0753', 'NDCG@5': '0.0469', 'HR@10': '0.1252', 'NDCG@10': '0.0630', 'HR@20': '0.1950', 'NDCG@20': '0.0806'}
2025-06-13 20:01:10,703 - Validation score increased.  Saving model ...
2025-06-13 20:01:22,431 - {'epoch': 13, 'rec_loss': '6.4667'}
2025-06-13 20:01:26,940 - {'Epoch': 13, 'HR@5': '0.0778', 'NDCG@5': '0.0492', 'HR@10': '0.1310', 'NDCG@10': '0.0662', 'HR@20': '0.2074', 'NDCG@20': '0.0854'}
2025-06-13 20:01:26,942 - Validation score increased.  Saving model ...
2025-06-13 20:01:38,779 - {'epoch': 14, 'rec_loss': '6.3903'}
2025-06-13 20:01:43,404 - {'Epoch': 14, 'HR@5': '0.0842', 'NDCG@5': '0.0538', 'HR@10': '0.1356', 'NDCG@10': '0.0703', 'HR@20': '0.2137', 'NDCG@20': '0.0899'}
2025-06-13 20:01:43,405 - Validation score increased.  Saving model ...
2025-06-13 20:01:55,241 - {'epoch': 15, 'rec_loss': '6.3207'}
2025-06-13 20:01:59,786 - {'Epoch': 15, 'HR@5': '0.0877', 'NDCG@5': '0.0547', 'HR@10': '0.1438', 'NDCG@10': '0.0728', 'HR@20': '0.2240', 'NDCG@20': '0.0929'}
2025-06-13 20:01:59,786 - Validation score increased.  Saving model ...
2025-06-13 20:02:11,619 - {'epoch': 16, 'rec_loss': '6.2656'}
2025-06-13 20:02:16,139 - {'Epoch': 16, 'HR@5': '0.0904', 'NDCG@5': '0.0564', 'HR@10': '0.1515', 'NDCG@10': '0.0760', 'HR@20': '0.2326', 'NDCG@20': '0.0964'}
2025-06-13 20:02:16,139 - Validation score increased.  Saving model ...
2025-06-13 20:02:27,903 - {'epoch': 17, 'rec_loss': '6.2007'}
2025-06-13 20:02:32,443 - {'Epoch': 17, 'HR@5': '0.0930', 'NDCG@5': '0.0583', 'HR@10': '0.1550', 'NDCG@10': '0.0782', 'HR@20': '0.2378', 'NDCG@20': '0.0991'}
2025-06-13 20:02:32,449 - Validation score increased.  Saving model ...
2025-06-13 20:02:44,206 - {'epoch': 18, 'rec_loss': '6.1475'}
2025-06-13 20:02:48,749 - {'Epoch': 18, 'HR@5': '0.0975', 'NDCG@5': '0.0623', 'HR@10': '0.1569', 'NDCG@10': '0.0814', 'HR@20': '0.2476', 'NDCG@20': '0.1042'}
2025-06-13 20:02:48,752 - Validation score increased.  Saving model ...
2025-06-13 20:03:00,533 - {'epoch': 19, 'rec_loss': '6.0972'}
2025-06-13 20:03:05,055 - {'Epoch': 19, 'HR@5': '0.1014', 'NDCG@5': '0.0646', 'HR@10': '0.1654', 'NDCG@10': '0.0852', 'HR@20': '0.2557', 'NDCG@20': '0.1079'}
2025-06-13 20:03:05,056 - Validation score increased.  Saving model ...
2025-06-13 20:03:16,824 - {'epoch': 20, 'rec_loss': '6.0498'}
2025-06-13 20:03:21,383 - {'Epoch': 20, 'HR@5': '0.1045', 'NDCG@5': '0.0666', 'HR@10': '0.1686', 'NDCG@10': '0.0872', 'HR@20': '0.2625', 'NDCG@20': '0.1108'}
2025-06-13 20:03:21,384 - Validation score increased.  Saving model ...
2025-06-13 20:03:33,159 - {'epoch': 21, 'rec_loss': '5.9962'}
2025-06-13 20:03:37,672 - {'Epoch': 21, 'HR@5': '0.1055', 'NDCG@5': '0.0672', 'HR@10': '0.1763', 'NDCG@10': '0.0898', 'HR@20': '0.2671', 'NDCG@20': '0.1127'}
2025-06-13 20:03:37,678 - Validation score increased.  Saving model ...
2025-06-13 20:03:49,533 - {'epoch': 22, 'rec_loss': '5.9593'}
2025-06-13 20:03:54,096 - {'Epoch': 22, 'HR@5': '0.1089', 'NDCG@5': '0.0681', 'HR@10': '0.1774', 'NDCG@10': '0.0901', 'HR@20': '0.2738', 'NDCG@20': '0.1144'}
2025-06-13 20:03:54,098 - Validation score increased.  Saving model ...
2025-06-13 20:04:05,921 - {'epoch': 23, 'rec_loss': '5.9223'}
2025-06-13 20:04:10,435 - {'Epoch': 23, 'HR@5': '0.1099', 'NDCG@5': '0.0698', 'HR@10': '0.1794', 'NDCG@10': '0.0921', 'HR@20': '0.2778', 'NDCG@20': '0.1170'}
2025-06-13 20:04:10,436 - Validation score increased.  Saving model ...
2025-06-13 20:04:22,228 - {'epoch': 24, 'rec_loss': '5.8897'}
2025-06-13 20:04:26,762 - {'Epoch': 24, 'HR@5': '0.1140', 'NDCG@5': '0.0723', 'HR@10': '0.1849', 'NDCG@10': '0.0950', 'HR@20': '0.2810', 'NDCG@20': '0.1191'}
2025-06-13 20:04:26,763 - Validation score increased.  Saving model ...
2025-06-13 20:04:38,600 - {'epoch': 25, 'rec_loss': '5.8629'}
2025-06-13 20:04:43,094 - {'Epoch': 25, 'HR@5': '0.1129', 'NDCG@5': '0.0718', 'HR@10': '0.1869', 'NDCG@10': '0.0955', 'HR@20': '0.2822', 'NDCG@20': '0.1196'}
2025-06-13 20:04:43,097 - Validation score increased.  Saving model ...
2025-06-13 20:04:54,847 - {'epoch': 26, 'rec_loss': '5.8302'}
2025-06-13 20:04:59,415 - {'Epoch': 26, 'HR@5': '0.1153', 'NDCG@5': '0.0734', 'HR@10': '0.1896', 'NDCG@10': '0.0973', 'HR@20': '0.2869', 'NDCG@20': '0.1217'}
2025-06-13 20:04:59,416 - Validation score increased.  Saving model ...
2025-06-13 20:05:11,262 - {'epoch': 27, 'rec_loss': '5.8002'}
2025-06-13 20:05:15,842 - {'Epoch': 27, 'HR@5': '0.1180', 'NDCG@5': '0.0756', 'HR@10': '0.1927', 'NDCG@10': '0.0996', 'HR@20': '0.2911', 'NDCG@20': '0.1244'}
2025-06-13 20:05:15,845 - Validation score increased.  Saving model ...
2025-06-13 20:05:27,626 - {'epoch': 28, 'rec_loss': '5.7754'}
2025-06-13 20:05:32,117 - {'Epoch': 28, 'HR@5': '0.1219', 'NDCG@5': '0.0766', 'HR@10': '0.1932', 'NDCG@10': '0.0996', 'HR@20': '0.2909', 'NDCG@20': '0.1242'}
2025-06-13 20:05:32,119 - EarlyStopping counter: 1 out of 10
2025-06-13 20:05:43,920 - {'epoch': 29, 'rec_loss': '5.7542'}
2025-06-13 20:05:48,450 - {'Epoch': 29, 'HR@5': '0.1239', 'NDCG@5': '0.0780', 'HR@10': '0.1993', 'NDCG@10': '0.1023', 'HR@20': '0.2965', 'NDCG@20': '0.1267'}
2025-06-13 20:05:48,452 - Validation score increased.  Saving model ...
2025-06-13 20:06:00,273 - {'epoch': 30, 'rec_loss': '5.7269'}
2025-06-13 20:06:04,823 - {'Epoch': 30, 'HR@5': '0.1231', 'NDCG@5': '0.0779', 'HR@10': '0.1966', 'NDCG@10': '0.1015', 'HR@20': '0.2948', 'NDCG@20': '0.1262'}
2025-06-13 20:06:04,826 - EarlyStopping counter: 1 out of 10
2025-06-13 20:06:16,652 - {'epoch': 31, 'rec_loss': '5.7131'}
2025-06-13 20:06:21,227 - {'Epoch': 31, 'HR@5': '0.1251', 'NDCG@5': '0.0788', 'HR@10': '0.2024', 'NDCG@10': '0.1037', 'HR@20': '0.3029', 'NDCG@20': '0.1290'}
2025-06-13 20:06:21,229 - Validation score increased.  Saving model ...
2025-06-13 20:06:32,965 - {'epoch': 32, 'rec_loss': '5.6913'}
2025-06-13 20:06:37,545 - {'Epoch': 32, 'HR@5': '0.1274', 'NDCG@5': '0.0807', 'HR@10': '0.1998', 'NDCG@10': '0.1040', 'HR@20': '0.2990', 'NDCG@20': '0.1290'}
2025-06-13 20:06:37,547 - EarlyStopping counter: 1 out of 10
2025-06-13 20:06:49,314 - {'epoch': 33, 'rec_loss': '5.6596'}
2025-06-13 20:06:53,952 - {'Epoch': 33, 'HR@5': '0.1277', 'NDCG@5': '0.0809', 'HR@10': '0.2054', 'NDCG@10': '0.1059', 'HR@20': '0.3044', 'NDCG@20': '0.1309'}
2025-06-13 20:06:53,953 - Validation score increased.  Saving model ...
2025-06-13 20:07:05,739 - {'epoch': 34, 'rec_loss': '5.6405'}
2025-06-13 20:07:10,316 - {'Epoch': 34, 'HR@5': '0.1292', 'NDCG@5': '0.0826', 'HR@10': '0.2066', 'NDCG@10': '0.1074', 'HR@20': '0.3051', 'NDCG@20': '0.1323'}
2025-06-13 20:07:10,318 - Validation score increased.  Saving model ...
2025-06-13 20:07:22,080 - {'epoch': 35, 'rec_loss': '5.6344'}
2025-06-13 20:07:26,648 - {'Epoch': 35, 'HR@5': '0.1266', 'NDCG@5': '0.0807', 'HR@10': '0.2037', 'NDCG@10': '0.1055', 'HR@20': '0.3046', 'NDCG@20': '0.1309'}
2025-06-13 20:07:26,650 - EarlyStopping counter: 1 out of 10
2025-06-13 20:07:38,454 - {'epoch': 36, 'rec_loss': '5.6086'}
2025-06-13 20:07:43,008 - {'Epoch': 36, 'HR@5': '0.1271', 'NDCG@5': '0.0812', 'HR@10': '0.2058', 'NDCG@10': '0.1066', 'HR@20': '0.3054', 'NDCG@20': '0.1317'}
2025-06-13 20:07:43,009 - EarlyStopping counter: 2 out of 10
2025-06-13 20:07:54,806 - {'epoch': 37, 'rec_loss': '5.5953'}
2025-06-13 20:07:59,354 - {'Epoch': 37, 'HR@5': '0.1287', 'NDCG@5': '0.0818', 'HR@10': '0.2066', 'NDCG@10': '0.1068', 'HR@20': '0.3083', 'NDCG@20': '0.1325'}
2025-06-13 20:07:59,355 - Validation score increased.  Saving model ...
2025-06-13 20:08:11,169 - {'epoch': 38, 'rec_loss': '5.5816'}
2025-06-13 20:08:15,708 - {'Epoch': 38, 'HR@5': '0.1310', 'NDCG@5': '0.0827', 'HR@10': '0.2068', 'NDCG@10': '0.1069', 'HR@20': '0.3075', 'NDCG@20': '0.1323'}
2025-06-13 20:08:15,711 - EarlyStopping counter: 1 out of 10
2025-06-13 20:08:27,554 - {'epoch': 39, 'rec_loss': '5.5658'}
2025-06-13 20:08:32,130 - {'Epoch': 39, 'HR@5': '0.1325', 'NDCG@5': '0.0844', 'HR@10': '0.2101', 'NDCG@10': '0.1093', 'HR@20': '0.3073', 'NDCG@20': '0.1338'}
2025-06-13 20:08:32,132 - Validation score increased.  Saving model ...
2025-06-13 20:08:43,916 - {'epoch': 40, 'rec_loss': '5.5390'}
2025-06-13 20:08:48,499 - {'Epoch': 40, 'HR@5': '0.1332', 'NDCG@5': '0.0850', 'HR@10': '0.2122', 'NDCG@10': '0.1104', 'HR@20': '0.3102', 'NDCG@20': '0.1351'}
2025-06-13 20:08:48,501 - Validation score increased.  Saving model ...
2025-06-13 20:09:00,315 - {'epoch': 41, 'rec_loss': '5.5349'}
2025-06-13 20:09:04,881 - {'Epoch': 41, 'HR@5': '0.1358', 'NDCG@5': '0.0868', 'HR@10': '0.2154', 'NDCG@10': '0.1123', 'HR@20': '0.3127', 'NDCG@20': '0.1369'}
2025-06-13 20:09:04,884 - Validation score increased.  Saving model ...
2025-06-13 20:09:16,697 - {'epoch': 42, 'rec_loss': '5.5127'}
2025-06-13 20:09:21,280 - {'Epoch': 42, 'HR@5': '0.1358', 'NDCG@5': '0.0863', 'HR@10': '0.2155', 'NDCG@10': '0.1119', 'HR@20': '0.3131', 'NDCG@20': '0.1365'}
2025-06-13 20:09:21,281 - EarlyStopping counter: 1 out of 10
2025-06-13 20:09:33,029 - {'epoch': 43, 'rec_loss': '5.5031'}
2025-06-13 20:09:37,569 - {'Epoch': 43, 'HR@5': '0.1383', 'NDCG@5': '0.0884', 'HR@10': '0.2170', 'NDCG@10': '0.1139', 'HR@20': '0.3139', 'NDCG@20': '0.1382'}
2025-06-13 20:09:37,569 - Validation score increased.  Saving model ...
2025-06-13 20:09:49,379 - {'epoch': 44, 'rec_loss': '5.4884'}
2025-06-13 20:09:53,953 - {'Epoch': 44, 'HR@5': '0.1372', 'NDCG@5': '0.0884', 'HR@10': '0.2164', 'NDCG@10': '0.1139', 'HR@20': '0.3157', 'NDCG@20': '0.1389'}
2025-06-13 20:09:53,955 - Validation score increased.  Saving model ...
2025-06-13 20:10:05,860 - {'epoch': 45, 'rec_loss': '5.4821'}
2025-06-13 20:10:10,459 - {'Epoch': 45, 'HR@5': '0.1391', 'NDCG@5': '0.0887', 'HR@10': '0.2155', 'NDCG@10': '0.1133', 'HR@20': '0.3138', 'NDCG@20': '0.1381'}
2025-06-13 20:10:10,460 - EarlyStopping counter: 1 out of 10
2025-06-13 20:10:22,275 - {'epoch': 46, 'rec_loss': '5.4648'}
2025-06-13 20:10:26,836 - {'Epoch': 46, 'HR@5': '0.1395', 'NDCG@5': '0.0887', 'HR@10': '0.2184', 'NDCG@10': '0.1140', 'HR@20': '0.3141', 'NDCG@20': '0.1382'}
2025-06-13 20:10:26,838 - EarlyStopping counter: 2 out of 10
2025-06-13 20:10:38,830 - {'epoch': 47, 'rec_loss': '5.4527'}
2025-06-13 20:10:43,399 - {'Epoch': 47, 'HR@5': '0.1356', 'NDCG@5': '0.0865', 'HR@10': '0.2147', 'NDCG@10': '0.1120', 'HR@20': '0.3168', 'NDCG@20': '0.1377'}
2025-06-13 20:10:43,401 - EarlyStopping counter: 3 out of 10
2025-06-13 20:10:55,282 - {'epoch': 48, 'rec_loss': '5.4407'}
2025-06-13 20:10:59,844 - {'Epoch': 48, 'HR@5': '0.1398', 'NDCG@5': '0.0899', 'HR@10': '0.2200', 'NDCG@10': '0.1157', 'HR@20': '0.3174', 'NDCG@20': '0.1403'}
2025-06-13 20:10:59,846 - Validation score increased.  Saving model ...
2025-06-13 20:11:11,663 - {'epoch': 49, 'rec_loss': '5.4326'}
2025-06-13 20:11:16,211 - {'Epoch': 49, 'HR@5': '0.1374', 'NDCG@5': '0.0881', 'HR@10': '0.2178', 'NDCG@10': '0.1138', 'HR@20': '0.3146', 'NDCG@20': '0.1383'}
2025-06-13 20:11:16,214 - EarlyStopping counter: 1 out of 10
2025-06-13 20:11:28,082 - {'epoch': 50, 'rec_loss': '5.4157'}
2025-06-13 20:11:32,699 - {'Epoch': 50, 'HR@5': '0.1397', 'NDCG@5': '0.0897', 'HR@10': '0.2226', 'NDCG@10': '0.1164', 'HR@20': '0.3191', 'NDCG@20': '0.1407'}
2025-06-13 20:11:32,702 - Validation score increased.  Saving model ...
2025-06-13 20:11:44,503 - {'epoch': 51, 'rec_loss': '5.4094'}
2025-06-13 20:11:49,129 - {'Epoch': 51, 'HR@5': '0.1398', 'NDCG@5': '0.0892', 'HR@10': '0.2169', 'NDCG@10': '0.1140', 'HR@20': '0.3178', 'NDCG@20': '0.1394'}
2025-06-13 20:11:49,131 - EarlyStopping counter: 1 out of 10
2025-06-13 20:12:00,958 - {'epoch': 52, 'rec_loss': '5.4002'}
2025-06-13 20:12:05,568 - {'Epoch': 52, 'HR@5': '0.1417', 'NDCG@5': '0.0904', 'HR@10': '0.2215', 'NDCG@10': '0.1160', 'HR@20': '0.3175', 'NDCG@20': '0.1402'}
2025-06-13 20:12:05,571 - EarlyStopping counter: 2 out of 10
2025-06-13 20:12:17,396 - {'epoch': 53, 'rec_loss': '5.3968'}
2025-06-13 20:12:21,985 - {'Epoch': 53, 'HR@5': '0.1421', 'NDCG@5': '0.0913', 'HR@10': '0.2232', 'NDCG@10': '0.1173', 'HR@20': '0.3236', 'NDCG@20': '0.1426'}
2025-06-13 20:12:21,987 - Validation score increased.  Saving model ...
2025-06-13 20:12:33,809 - {'epoch': 54, 'rec_loss': '5.3892'}
2025-06-13 20:12:38,365 - {'Epoch': 54, 'HR@5': '0.1420', 'NDCG@5': '0.0917', 'HR@10': '0.2260', 'NDCG@10': '0.1186', 'HR@20': '0.3219', 'NDCG@20': '0.1428'}
2025-06-13 20:12:38,367 - Validation score increased.  Saving model ...
2025-06-13 20:12:50,142 - {'epoch': 55, 'rec_loss': '5.3718'}
2025-06-13 20:12:54,771 - {'Epoch': 55, 'HR@5': '0.1432', 'NDCG@5': '0.0916', 'HR@10': '0.2226', 'NDCG@10': '0.1172', 'HR@20': '0.3200', 'NDCG@20': '0.1418'}
2025-06-13 20:12:54,772 - EarlyStopping counter: 1 out of 10
2025-06-13 20:13:06,556 - {'epoch': 56, 'rec_loss': '5.3688'}
2025-06-13 20:13:11,135 - {'Epoch': 56, 'HR@5': '0.1443', 'NDCG@5': '0.0924', 'HR@10': '0.2240', 'NDCG@10': '0.1180', 'HR@20': '0.3201', 'NDCG@20': '0.1423'}
2025-06-13 20:13:11,137 - EarlyStopping counter: 2 out of 10
2025-06-13 20:13:22,956 - {'epoch': 57, 'rec_loss': '5.3624'}
2025-06-13 20:13:27,625 - {'Epoch': 57, 'HR@5': '0.1429', 'NDCG@5': '0.0918', 'HR@10': '0.2226', 'NDCG@10': '0.1175', 'HR@20': '0.3224', 'NDCG@20': '0.1427'}
2025-06-13 20:13:27,626 - EarlyStopping counter: 3 out of 10
2025-06-13 20:13:39,416 - {'epoch': 58, 'rec_loss': '5.3514'}
2025-06-13 20:13:44,025 - {'Epoch': 58, 'HR@5': '0.1443', 'NDCG@5': '0.0921', 'HR@10': '0.2235', 'NDCG@10': '0.1176', 'HR@20': '0.3235', 'NDCG@20': '0.1428'}
2025-06-13 20:13:44,026 - EarlyStopping counter: 4 out of 10
2025-06-13 20:13:55,743 - {'epoch': 59, 'rec_loss': '5.3450'}
2025-06-13 20:14:00,405 - {'Epoch': 59, 'HR@5': '0.1446', 'NDCG@5': '0.0918', 'HR@10': '0.2261', 'NDCG@10': '0.1181', 'HR@20': '0.3239', 'NDCG@20': '0.1428'}
2025-06-13 20:14:00,406 - EarlyStopping counter: 5 out of 10
2025-06-13 20:14:12,251 - {'epoch': 60, 'rec_loss': '5.3291'}
2025-06-13 20:14:16,824 - {'Epoch': 60, 'HR@5': '0.1444', 'NDCG@5': '0.0928', 'HR@10': '0.2273', 'NDCG@10': '0.1196', 'HR@20': '0.3263', 'NDCG@20': '0.1445'}
2025-06-13 20:14:16,825 - Validation score increased.  Saving model ...
2025-06-13 20:14:28,698 - {'epoch': 61, 'rec_loss': '5.3225'}
2025-06-13 20:14:33,403 - {'Epoch': 61, 'HR@5': '0.1464', 'NDCG@5': '0.0924', 'HR@10': '0.2275', 'NDCG@10': '0.1185', 'HR@20': '0.3263', 'NDCG@20': '0.1435'}
2025-06-13 20:14:33,409 - EarlyStopping counter: 1 out of 10
2025-06-13 20:14:45,208 - {'epoch': 62, 'rec_loss': '5.3166'}
2025-06-13 20:14:49,813 - {'Epoch': 62, 'HR@5': '0.1451', 'NDCG@5': '0.0930', 'HR@10': '0.2278', 'NDCG@10': '0.1196', 'HR@20': '0.3259', 'NDCG@20': '0.1444'}
2025-06-13 20:14:49,814 - EarlyStopping counter: 2 out of 10
2025-06-13 20:15:01,575 - {'epoch': 63, 'rec_loss': '5.3172'}
2025-06-13 20:15:06,192 - {'Epoch': 63, 'HR@5': '0.1457', 'NDCG@5': '0.0941', 'HR@10': '0.2293', 'NDCG@10': '0.1210', 'HR@20': '0.3252', 'NDCG@20': '0.1452'}
2025-06-13 20:15:06,193 - Validation score increased.  Saving model ...
2025-06-13 20:15:17,988 - {'epoch': 64, 'rec_loss': '5.3061'}
2025-06-13 20:15:22,568 - {'Epoch': 64, 'HR@5': '0.1476', 'NDCG@5': '0.0936', 'HR@10': '0.2297', 'NDCG@10': '0.1199', 'HR@20': '0.3263', 'NDCG@20': '0.1443'}
2025-06-13 20:15:22,569 - EarlyStopping counter: 1 out of 10
2025-06-13 20:15:34,389 - {'epoch': 65, 'rec_loss': '5.2977'}
2025-06-13 20:15:38,984 - {'Epoch': 65, 'HR@5': '0.1441', 'NDCG@5': '0.0933', 'HR@10': '0.2258', 'NDCG@10': '0.1196', 'HR@20': '0.3259', 'NDCG@20': '0.1448'}
2025-06-13 20:15:38,985 - EarlyStopping counter: 2 out of 10
2025-06-13 20:15:50,735 - {'epoch': 66, 'rec_loss': '5.2962'}
2025-06-13 20:15:55,293 - {'Epoch': 66, 'HR@5': '0.1450', 'NDCG@5': '0.0936', 'HR@10': '0.2292', 'NDCG@10': '0.1206', 'HR@20': '0.3255', 'NDCG@20': '0.1449'}
2025-06-13 20:15:55,294 - EarlyStopping counter: 3 out of 10
2025-06-13 20:16:07,121 - {'epoch': 67, 'rec_loss': '5.2855'}
2025-06-13 20:16:11,773 - {'Epoch': 67, 'HR@5': '0.1469', 'NDCG@5': '0.0945', 'HR@10': '0.2258', 'NDCG@10': '0.1200', 'HR@20': '0.3230', 'NDCG@20': '0.1445'}
2025-06-13 20:16:11,774 - EarlyStopping counter: 4 out of 10
2025-06-13 20:16:23,607 - {'epoch': 68, 'rec_loss': '5.2839'}
2025-06-13 20:16:28,213 - {'Epoch': 68, 'HR@5': '0.1471', 'NDCG@5': '0.0945', 'HR@10': '0.2308', 'NDCG@10': '0.1214', 'HR@20': '0.3294', 'NDCG@20': '0.1463'}
2025-06-13 20:16:28,213 - Validation score increased.  Saving model ...
2025-06-13 20:16:39,977 - {'epoch': 69, 'rec_loss': '5.2702'}
2025-06-13 20:16:44,611 - {'Epoch': 69, 'HR@5': '0.1494', 'NDCG@5': '0.0957', 'HR@10': '0.2327', 'NDCG@10': '0.1225', 'HR@20': '0.3265', 'NDCG@20': '0.1462'}
2025-06-13 20:16:44,617 - EarlyStopping counter: 1 out of 10
2025-06-13 20:16:56,384 - {'epoch': 70, 'rec_loss': '5.2642'}
2025-06-13 20:17:01,073 - {'Epoch': 70, 'HR@5': '0.1462', 'NDCG@5': '0.0944', 'HR@10': '0.2275', 'NDCG@10': '0.1206', 'HR@20': '0.3249', 'NDCG@20': '0.1451'}
2025-06-13 20:17:01,074 - EarlyStopping counter: 2 out of 10
2025-06-13 20:17:12,889 - {'epoch': 71, 'rec_loss': '5.2630'}
2025-06-13 20:17:17,462 - {'Epoch': 71, 'HR@5': '0.1462', 'NDCG@5': '0.0942', 'HR@10': '0.2303', 'NDCG@10': '0.1212', 'HR@20': '0.3274', 'NDCG@20': '0.1457'}
2025-06-13 20:17:17,463 - EarlyStopping counter: 3 out of 10
2025-06-13 20:17:29,288 - {'epoch': 72, 'rec_loss': '5.2443'}
2025-06-13 20:17:33,918 - {'Epoch': 72, 'HR@5': '0.1492', 'NDCG@5': '0.0970', 'HR@10': '0.2300', 'NDCG@10': '0.1231', 'HR@20': '0.3275', 'NDCG@20': '0.1477'}
2025-06-13 20:17:33,920 - Validation score increased.  Saving model ...
2025-06-13 20:17:45,661 - {'epoch': 73, 'rec_loss': '5.2411'}
2025-06-13 20:17:50,221 - {'Epoch': 73, 'HR@5': '0.1480', 'NDCG@5': '0.0952', 'HR@10': '0.2279', 'NDCG@10': '0.1210', 'HR@20': '0.3256', 'NDCG@20': '0.1456'}
2025-06-13 20:17:50,223 - EarlyStopping counter: 1 out of 10
2025-06-13 20:18:01,962 - {'epoch': 74, 'rec_loss': '5.2431'}
2025-06-13 20:18:06,579 - {'Epoch': 74, 'HR@5': '0.1461', 'NDCG@5': '0.0933', 'HR@10': '0.2268', 'NDCG@10': '0.1193', 'HR@20': '0.3250', 'NDCG@20': '0.1441'}
2025-06-13 20:18:06,580 - EarlyStopping counter: 2 out of 10
2025-06-13 20:18:18,387 - {'epoch': 75, 'rec_loss': '5.2425'}
2025-06-13 20:18:22,948 - {'Epoch': 75, 'HR@5': '0.1474', 'NDCG@5': '0.0963', 'HR@10': '0.2284', 'NDCG@10': '0.1223', 'HR@20': '0.3267', 'NDCG@20': '0.1471'}
2025-06-13 20:18:22,950 - EarlyStopping counter: 3 out of 10
2025-06-13 20:18:34,816 - {'epoch': 76, 'rec_loss': '5.2322'}
2025-06-13 20:18:39,474 - {'Epoch': 76, 'HR@5': '0.1485', 'NDCG@5': '0.0961', 'HR@10': '0.2304', 'NDCG@10': '0.1224', 'HR@20': '0.3255', 'NDCG@20': '0.1465'}
2025-06-13 20:18:39,475 - EarlyStopping counter: 4 out of 10
2025-06-13 20:18:51,258 - {'epoch': 77, 'rec_loss': '5.2255'}
2025-06-13 20:18:55,844 - {'Epoch': 77, 'HR@5': '0.1478', 'NDCG@5': '0.0959', 'HR@10': '0.2325', 'NDCG@10': '0.1232', 'HR@20': '0.3300', 'NDCG@20': '0.1478'}
2025-06-13 20:18:55,847 - Validation score increased.  Saving model ...
2025-06-13 20:19:07,812 - {'epoch': 78, 'rec_loss': '5.2210'}
2025-06-13 20:19:12,485 - {'Epoch': 78, 'HR@5': '0.1482', 'NDCG@5': '0.0954', 'HR@10': '0.2303', 'NDCG@10': '0.1219', 'HR@20': '0.3288', 'NDCG@20': '0.1468'}
2025-06-13 20:19:12,486 - EarlyStopping counter: 1 out of 10
2025-06-13 20:19:24,306 - {'epoch': 79, 'rec_loss': '5.2126'}
2025-06-13 20:19:28,861 - {'Epoch': 79, 'HR@5': '0.1494', 'NDCG@5': '0.0947', 'HR@10': '0.2328', 'NDCG@10': '0.1215', 'HR@20': '0.3285', 'NDCG@20': '0.1458'}
2025-06-13 20:19:28,863 - EarlyStopping counter: 2 out of 10
2025-06-13 20:19:40,866 - {'epoch': 80, 'rec_loss': '5.2094'}
2025-06-13 20:19:45,393 - {'Epoch': 80, 'HR@5': '0.1489', 'NDCG@5': '0.0953', 'HR@10': '0.2330', 'NDCG@10': '0.1223', 'HR@20': '0.3294', 'NDCG@20': '0.1466'}
2025-06-13 20:19:45,394 - EarlyStopping counter: 3 out of 10
2025-06-13 20:19:57,208 - {'epoch': 81, 'rec_loss': '5.2121'}
2025-06-13 20:20:01,835 - {'Epoch': 81, 'HR@5': '0.1492', 'NDCG@5': '0.0959', 'HR@10': '0.2294', 'NDCG@10': '0.1217', 'HR@20': '0.3280', 'NDCG@20': '0.1466'}
2025-06-13 20:20:01,838 - EarlyStopping counter: 4 out of 10
2025-06-13 20:20:13,745 - {'epoch': 82, 'rec_loss': '5.1950'}
2025-06-13 20:20:18,457 - {'Epoch': 82, 'HR@5': '0.1499', 'NDCG@5': '0.0962', 'HR@10': '0.2317', 'NDCG@10': '0.1226', 'HR@20': '0.3290', 'NDCG@20': '0.1472'}
2025-06-13 20:20:18,459 - EarlyStopping counter: 5 out of 10
2025-06-13 20:20:30,259 - {'epoch': 83, 'rec_loss': '5.2069'}
2025-06-13 20:20:34,937 - {'Epoch': 83, 'HR@5': '0.1511', 'NDCG@5': '0.0978', 'HR@10': '0.2280', 'NDCG@10': '0.1225', 'HR@20': '0.3285', 'NDCG@20': '0.1478'}
2025-06-13 20:20:34,939 - Validation score increased.  Saving model ...
2025-06-13 20:20:46,858 - {'epoch': 84, 'rec_loss': '5.1892'}
2025-06-13 20:20:51,369 - {'Epoch': 84, 'HR@5': '0.1489', 'NDCG@5': '0.0964', 'HR@10': '0.2295', 'NDCG@10': '0.1223', 'HR@20': '0.3274', 'NDCG@20': '0.1470'}
2025-06-13 20:20:51,372 - EarlyStopping counter: 1 out of 10
2025-06-13 20:21:03,193 - {'epoch': 85, 'rec_loss': '5.1887'}
2025-06-13 20:21:07,749 - {'Epoch': 85, 'HR@5': '0.1481', 'NDCG@5': '0.0971', 'HR@10': '0.2315', 'NDCG@10': '0.1239', 'HR@20': '0.3257', 'NDCG@20': '0.1478'}
2025-06-13 20:21:07,750 - EarlyStopping counter: 2 out of 10
2025-06-13 20:21:19,545 - {'epoch': 86, 'rec_loss': '5.1860'}
2025-06-13 20:21:24,062 - {'Epoch': 86, 'HR@5': '0.1488', 'NDCG@5': '0.0969', 'HR@10': '0.2316', 'NDCG@10': '0.1235', 'HR@20': '0.3256', 'NDCG@20': '0.1473'}
2025-06-13 20:21:24,063 - EarlyStopping counter: 3 out of 10
2025-06-13 20:21:35,898 - {'epoch': 87, 'rec_loss': '5.1810'}
2025-06-13 20:21:40,462 - {'Epoch': 87, 'HR@5': '0.1504', 'NDCG@5': '0.0967', 'HR@10': '0.2319', 'NDCG@10': '0.1229', 'HR@20': '0.3269', 'NDCG@20': '0.1469'}
2025-06-13 20:21:40,464 - EarlyStopping counter: 4 out of 10
2025-06-13 20:21:52,285 - {'epoch': 88, 'rec_loss': '5.1792'}
2025-06-13 20:21:56,902 - {'Epoch': 88, 'HR@5': '0.1496', 'NDCG@5': '0.0971', 'HR@10': '0.2328', 'NDCG@10': '0.1238', 'HR@20': '0.3295', 'NDCG@20': '0.1482'}
2025-06-13 20:21:56,905 - Validation score increased.  Saving model ...
2025-06-13 20:22:08,771 - {'epoch': 89, 'rec_loss': '5.1657'}
2025-06-13 20:22:13,363 - {'Epoch': 89, 'HR@5': '0.1515', 'NDCG@5': '0.0977', 'HR@10': '0.2296', 'NDCG@10': '0.1229', 'HR@20': '0.3276', 'NDCG@20': '0.1476'}
2025-06-13 20:22:13,364 - EarlyStopping counter: 1 out of 10
2025-06-13 20:22:25,171 - {'epoch': 90, 'rec_loss': '5.1563'}
2025-06-13 20:22:29,804 - {'Epoch': 90, 'HR@5': '0.1501', 'NDCG@5': '0.0981', 'HR@10': '0.2310', 'NDCG@10': '0.1242', 'HR@20': '0.3275', 'NDCG@20': '0.1485'}
2025-06-13 20:22:29,808 - Validation score increased.  Saving model ...
2025-06-13 20:22:41,627 - {'epoch': 91, 'rec_loss': '5.1518'}
2025-06-13 20:22:46,185 - {'Epoch': 91, 'HR@5': '0.1485', 'NDCG@5': '0.0970', 'HR@10': '0.2320', 'NDCG@10': '0.1239', 'HR@20': '0.3290', 'NDCG@20': '0.1484'}
2025-06-13 20:22:46,186 - EarlyStopping counter: 1 out of 10
2025-06-13 20:22:58,077 - {'epoch': 92, 'rec_loss': '5.1574'}
2025-06-13 20:23:02,672 - {'Epoch': 92, 'HR@5': '0.1486', 'NDCG@5': '0.0970', 'HR@10': '0.2299', 'NDCG@10': '0.1232', 'HR@20': '0.3280', 'NDCG@20': '0.1478'}
2025-06-13 20:23:02,673 - EarlyStopping counter: 2 out of 10
2025-06-13 20:23:14,561 - {'epoch': 93, 'rec_loss': '5.1504'}
2025-06-13 20:23:19,166 - {'Epoch': 93, 'HR@5': '0.1493', 'NDCG@5': '0.0961', 'HR@10': '0.2319', 'NDCG@10': '0.1228', 'HR@20': '0.3282', 'NDCG@20': '0.1471'}
2025-06-13 20:23:19,168 - EarlyStopping counter: 3 out of 10
2025-06-13 20:23:31,014 - {'epoch': 94, 'rec_loss': '5.1577'}
2025-06-13 20:23:35,658 - {'Epoch': 94, 'HR@5': '0.1515', 'NDCG@5': '0.0981', 'HR@10': '0.2308', 'NDCG@10': '0.1237', 'HR@20': '0.3308', 'NDCG@20': '0.1490'}
2025-06-13 20:23:35,661 - Validation score increased.  Saving model ...
2025-06-13 20:23:47,475 - {'epoch': 95, 'rec_loss': '5.1479'}
2025-06-13 20:23:51,995 - {'Epoch': 95, 'HR@5': '0.1528', 'NDCG@5': '0.0980', 'HR@10': '0.2294', 'NDCG@10': '0.1227', 'HR@20': '0.3284', 'NDCG@20': '0.1477'}
2025-06-13 20:23:51,997 - EarlyStopping counter: 1 out of 10
2025-06-13 20:24:03,832 - {'epoch': 96, 'rec_loss': '5.1471'}
2025-06-13 20:24:08,450 - {'Epoch': 96, 'HR@5': '0.1538', 'NDCG@5': '0.0997', 'HR@10': '0.2306', 'NDCG@10': '0.1244', 'HR@20': '0.3261', 'NDCG@20': '0.1486'}
2025-06-13 20:24:08,451 - EarlyStopping counter: 2 out of 10
2025-06-13 20:24:20,196 - {'epoch': 97, 'rec_loss': '5.1401'}
2025-06-13 20:24:24,740 - {'Epoch': 97, 'HR@5': '0.1517', 'NDCG@5': '0.0991', 'HR@10': '0.2315', 'NDCG@10': '0.1249', 'HR@20': '0.3254', 'NDCG@20': '0.1486'}
2025-06-13 20:24:24,742 - EarlyStopping counter: 3 out of 10
2025-06-13 20:24:36,513 - {'epoch': 98, 'rec_loss': '5.1404'}
2025-06-13 20:24:41,053 - {'Epoch': 98, 'HR@5': '0.1505', 'NDCG@5': '0.0961', 'HR@10': '0.2323', 'NDCG@10': '0.1224', 'HR@20': '0.3313', 'NDCG@20': '0.1475'}
2025-06-13 20:24:41,054 - EarlyStopping counter: 4 out of 10
2025-06-13 20:24:52,853 - {'epoch': 99, 'rec_loss': '5.1298'}
2025-06-13 20:24:57,485 - {'Epoch': 99, 'HR@5': '0.1494', 'NDCG@5': '0.0963', 'HR@10': '0.2296', 'NDCG@10': '0.1222', 'HR@20': '0.3281', 'NDCG@20': '0.1471'}
2025-06-13 20:24:57,489 - EarlyStopping counter: 5 out of 10
2025-06-13 20:25:09,333 - {'epoch': 100, 'rec_loss': '5.1234'}
2025-06-13 20:25:13,939 - {'Epoch': 100, 'HR@5': '0.1505', 'NDCG@5': '0.0969', 'HR@10': '0.2301', 'NDCG@10': '0.1226', 'HR@20': '0.3271', 'NDCG@20': '0.1471'}
2025-06-13 20:25:13,940 - EarlyStopping counter: 6 out of 10
2025-06-13 20:25:25,719 - {'epoch': 101, 'rec_loss': '5.1198'}
2025-06-13 20:25:30,285 - {'Epoch': 101, 'HR@5': '0.1505', 'NDCG@5': '0.0972', 'HR@10': '0.2284', 'NDCG@10': '0.1223', 'HR@20': '0.3296', 'NDCG@20': '0.1479'}
2025-06-13 20:25:30,286 - EarlyStopping counter: 7 out of 10
2025-06-13 20:25:42,096 - {'epoch': 102, 'rec_loss': '5.1184'}
2025-06-13 20:25:46,684 - {'Epoch': 102, 'HR@5': '0.1505', 'NDCG@5': '0.0972', 'HR@10': '0.2316', 'NDCG@10': '0.1233', 'HR@20': '0.3270', 'NDCG@20': '0.1474'}
2025-06-13 20:25:46,685 - EarlyStopping counter: 8 out of 10
2025-06-13 20:25:58,464 - {'epoch': 103, 'rec_loss': '5.1091'}
2025-06-13 20:26:03,066 - {'Epoch': 103, 'HR@5': '0.1494', 'NDCG@5': '0.0983', 'HR@10': '0.2301', 'NDCG@10': '0.1243', 'HR@20': '0.3288', 'NDCG@20': '0.1492'}
2025-06-13 20:26:03,066 - Validation score increased.  Saving model ...
2025-06-13 20:26:14,887 - {'epoch': 104, 'rec_loss': '5.1191'}
2025-06-13 20:26:19,528 - {'Epoch': 104, 'HR@5': '0.1519', 'NDCG@5': '0.0972', 'HR@10': '0.2315', 'NDCG@10': '0.1229', 'HR@20': '0.3247', 'NDCG@20': '0.1464'}
2025-06-13 20:26:19,529 - EarlyStopping counter: 1 out of 10
2025-06-13 20:26:31,313 - {'epoch': 105, 'rec_loss': '5.1081'}
2025-06-13 20:26:36,010 - {'Epoch': 105, 'HR@5': '0.1497', 'NDCG@5': '0.0958', 'HR@10': '0.2268', 'NDCG@10': '0.1205', 'HR@20': '0.3288', 'NDCG@20': '0.1463'}
2025-06-13 20:26:36,013 - EarlyStopping counter: 2 out of 10
2025-06-13 20:26:47,779 - {'epoch': 106, 'rec_loss': '5.1055'}
2025-06-13 20:26:52,454 - {'Epoch': 106, 'HR@5': '0.1510', 'NDCG@5': '0.0980', 'HR@10': '0.2282', 'NDCG@10': '0.1229', 'HR@20': '0.3276', 'NDCG@20': '0.1480'}
2025-06-13 20:26:52,456 - EarlyStopping counter: 3 out of 10
2025-06-13 20:27:04,260 - {'epoch': 107, 'rec_loss': '5.0938'}
2025-06-13 20:27:08,836 - {'Epoch': 107, 'HR@5': '0.1507', 'NDCG@5': '0.0979', 'HR@10': '0.2302', 'NDCG@10': '0.1235', 'HR@20': '0.3278', 'NDCG@20': '0.1481'}
2025-06-13 20:27:08,838 - EarlyStopping counter: 4 out of 10
2025-06-13 20:27:20,703 - {'epoch': 108, 'rec_loss': '5.1000'}
2025-06-13 20:27:25,356 - {'Epoch': 108, 'HR@5': '0.1513', 'NDCG@5': '0.0973', 'HR@10': '0.2315', 'NDCG@10': '0.1230', 'HR@20': '0.3303', 'NDCG@20': '0.1479'}
2025-06-13 20:27:25,359 - EarlyStopping counter: 5 out of 10
2025-06-13 20:27:37,134 - {'epoch': 109, 'rec_loss': '5.0931'}
2025-06-13 20:27:41,764 - {'Epoch': 109, 'HR@5': '0.1513', 'NDCG@5': '0.0980', 'HR@10': '0.2317', 'NDCG@10': '0.1239', 'HR@20': '0.3273', 'NDCG@20': '0.1480'}
2025-06-13 20:27:41,766 - EarlyStopping counter: 6 out of 10
2025-06-13 20:27:53,520 - {'epoch': 110, 'rec_loss': '5.0903'}
2025-06-13 20:27:58,136 - {'Epoch': 110, 'HR@5': '0.1479', 'NDCG@5': '0.0958', 'HR@10': '0.2292', 'NDCG@10': '0.1221', 'HR@20': '0.3294', 'NDCG@20': '0.1474'}
2025-06-13 20:27:58,139 - EarlyStopping counter: 7 out of 10
2025-06-13 20:28:09,902 - {'epoch': 111, 'rec_loss': '5.0860'}
2025-06-13 20:28:14,482 - {'Epoch': 111, 'HR@5': '0.1499', 'NDCG@5': '0.0983', 'HR@10': '0.2298', 'NDCG@10': '0.1241', 'HR@20': '0.3269', 'NDCG@20': '0.1486'}
2025-06-13 20:28:14,483 - EarlyStopping counter: 8 out of 10
2025-06-13 20:28:26,246 - {'epoch': 112, 'rec_loss': '5.0837'}
2025-06-13 20:28:30,792 - {'Epoch': 112, 'HR@5': '0.1482', 'NDCG@5': '0.0963', 'HR@10': '0.2261', 'NDCG@10': '0.1214', 'HR@20': '0.3266', 'NDCG@20': '0.1468'}
2025-06-13 20:28:30,794 - EarlyStopping counter: 9 out of 10
2025-06-13 20:28:42,604 - {'epoch': 113, 'rec_loss': '5.0767'}
2025-06-13 20:28:47,202 - {'Epoch': 113, 'HR@5': '0.1541', 'NDCG@5': '0.0998', 'HR@10': '0.2319', 'NDCG@10': '0.1248', 'HR@20': '0.3285', 'NDCG@20': '0.1492'}
2025-06-13 20:28:47,203 - Validation score increased.  Saving model ...
2025-06-13 20:28:58,951 - {'epoch': 114, 'rec_loss': '5.0790'}
2025-06-13 20:29:03,562 - {'Epoch': 114, 'HR@5': '0.1521', 'NDCG@5': '0.0975', 'HR@10': '0.2317', 'NDCG@10': '0.1232', 'HR@20': '0.3250', 'NDCG@20': '0.1467'}
2025-06-13 20:29:03,563 - EarlyStopping counter: 1 out of 10
2025-06-13 20:29:15,380 - {'epoch': 115, 'rec_loss': '5.0721'}
2025-06-13 20:29:20,019 - {'Epoch': 115, 'HR@5': '0.1490', 'NDCG@5': '0.0968', 'HR@10': '0.2341', 'NDCG@10': '0.1242', 'HR@20': '0.3305', 'NDCG@20': '0.1485'}
2025-06-13 20:29:20,020 - EarlyStopping counter: 2 out of 10
2025-06-13 20:29:31,854 - {'epoch': 116, 'rec_loss': '5.0710'}
2025-06-13 20:29:36,588 - {'Epoch': 116, 'HR@5': '0.1500', 'NDCG@5': '0.0966', 'HR@10': '0.2282', 'NDCG@10': '0.1218', 'HR@20': '0.3272', 'NDCG@20': '0.1468'}
2025-06-13 20:29:36,590 - EarlyStopping counter: 3 out of 10
2025-06-13 20:29:48,292 - {'epoch': 117, 'rec_loss': '5.0786'}
2025-06-13 20:29:52,875 - {'Epoch': 117, 'HR@5': '0.1484', 'NDCG@5': '0.0964', 'HR@10': '0.2328', 'NDCG@10': '0.1236', 'HR@20': '0.3290', 'NDCG@20': '0.1479'}
2025-06-13 20:29:52,876 - EarlyStopping counter: 4 out of 10
2025-06-13 20:30:04,730 - {'epoch': 118, 'rec_loss': '5.0611'}
2025-06-13 20:30:09,354 - {'Epoch': 118, 'HR@5': '0.1505', 'NDCG@5': '0.0979', 'HR@10': '0.2323', 'NDCG@10': '0.1242', 'HR@20': '0.3314', 'NDCG@20': '0.1492'}
2025-06-13 20:30:09,356 - Validation score increased.  Saving model ...
2025-06-13 20:30:21,136 - {'epoch': 119, 'rec_loss': '5.0655'}
2025-06-13 20:30:25,661 - {'Epoch': 119, 'HR@5': '0.1497', 'NDCG@5': '0.0976', 'HR@10': '0.2323', 'NDCG@10': '0.1242', 'HR@20': '0.3317', 'NDCG@20': '0.1492'}
2025-06-13 20:30:25,662 - Validation score increased.  Saving model ...
2025-06-13 20:30:37,504 - {'epoch': 120, 'rec_loss': '5.0601'}
2025-06-13 20:30:42,054 - {'Epoch': 120, 'HR@5': '0.1516', 'NDCG@5': '0.0986', 'HR@10': '0.2289', 'NDCG@10': '0.1234', 'HR@20': '0.3289', 'NDCG@20': '0.1486'}
2025-06-13 20:30:42,055 - EarlyStopping counter: 1 out of 10
2025-06-13 20:30:53,807 - {'epoch': 121, 'rec_loss': '5.0550'}
2025-06-13 20:30:58,386 - {'Epoch': 121, 'HR@5': '0.1523', 'NDCG@5': '0.0989', 'HR@10': '0.2355', 'NDCG@10': '0.1256', 'HR@20': '0.3304', 'NDCG@20': '0.1496'}
2025-06-13 20:30:58,389 - Validation score increased.  Saving model ...
2025-06-13 20:31:10,228 - {'epoch': 122, 'rec_loss': '5.0489'}
2025-06-13 20:31:14,800 - {'Epoch': 122, 'HR@5': '0.1499', 'NDCG@5': '0.0973', 'HR@10': '0.2319', 'NDCG@10': '0.1238', 'HR@20': '0.3313', 'NDCG@20': '0.1489'}
2025-06-13 20:31:14,801 - EarlyStopping counter: 1 out of 10
2025-06-13 20:31:26,598 - {'epoch': 123, 'rec_loss': '5.0599'}
2025-06-13 20:31:31,223 - {'Epoch': 123, 'HR@5': '0.1523', 'NDCG@5': '0.0975', 'HR@10': '0.2306', 'NDCG@10': '0.1228', 'HR@20': '0.3291', 'NDCG@20': '0.1476'}
2025-06-13 20:31:31,224 - EarlyStopping counter: 2 out of 10
2025-06-13 20:31:43,017 - {'epoch': 124, 'rec_loss': '5.0560'}
2025-06-13 20:31:47,574 - {'Epoch': 124, 'HR@5': '0.1512', 'NDCG@5': '0.0973', 'HR@10': '0.2304', 'NDCG@10': '0.1229', 'HR@20': '0.3331', 'NDCG@20': '0.1488'}
2025-06-13 20:31:47,576 - EarlyStopping counter: 3 out of 10
2025-06-13 20:31:59,433 - {'epoch': 125, 'rec_loss': '5.0554'}
2025-06-13 20:32:04,080 - {'Epoch': 125, 'HR@5': '0.1521', 'NDCG@5': '0.0980', 'HR@10': '0.2322', 'NDCG@10': '0.1239', 'HR@20': '0.3312', 'NDCG@20': '0.1489'}
2025-06-13 20:32:04,081 - EarlyStopping counter: 4 out of 10
2025-06-13 20:32:15,891 - {'epoch': 126, 'rec_loss': '5.0482'}
2025-06-13 20:32:20,488 - {'Epoch': 126, 'HR@5': '0.1507', 'NDCG@5': '0.0974', 'HR@10': '0.2340', 'NDCG@10': '0.1243', 'HR@20': '0.3325', 'NDCG@20': '0.1492'}
2025-06-13 20:32:20,490 - EarlyStopping counter: 5 out of 10
2025-06-13 20:32:32,272 - {'epoch': 127, 'rec_loss': '5.0472'}
2025-06-13 20:32:36,969 - {'Epoch': 127, 'HR@5': '0.1523', 'NDCG@5': '0.0986', 'HR@10': '0.2355', 'NDCG@10': '0.1254', 'HR@20': '0.3308', 'NDCG@20': '0.1494'}
2025-06-13 20:32:36,970 - EarlyStopping counter: 6 out of 10
2025-06-13 20:32:48,829 - {'epoch': 128, 'rec_loss': '5.0501'}
2025-06-13 20:32:53,419 - {'Epoch': 128, 'HR@5': '0.1510', 'NDCG@5': '0.0970', 'HR@10': '0.2321', 'NDCG@10': '0.1231', 'HR@20': '0.3325', 'NDCG@20': '0.1485'}
2025-06-13 20:32:53,420 - EarlyStopping counter: 7 out of 10
2025-06-13 20:33:05,270 - {'epoch': 129, 'rec_loss': '5.0426'}
2025-06-13 20:33:09,925 - {'Epoch': 129, 'HR@5': '0.1530', 'NDCG@5': '0.0984', 'HR@10': '0.2331', 'NDCG@10': '0.1240', 'HR@20': '0.3304', 'NDCG@20': '0.1486'}
2025-06-13 20:33:09,926 - EarlyStopping counter: 8 out of 10
2025-06-13 20:33:21,740 - {'epoch': 130, 'rec_loss': '5.0298'}
2025-06-13 20:33:26,317 - {'Epoch': 130, 'HR@5': '0.1516', 'NDCG@5': '0.0980', 'HR@10': '0.2331', 'NDCG@10': '0.1243', 'HR@20': '0.3319', 'NDCG@20': '0.1492'}
2025-06-13 20:33:26,320 - EarlyStopping counter: 9 out of 10
2025-06-13 20:33:38,150 - {'epoch': 131, 'rec_loss': '5.0400'}
2025-06-13 20:33:42,742 - {'Epoch': 131, 'HR@5': '0.1503', 'NDCG@5': '0.0982', 'HR@10': '0.2339', 'NDCG@10': '0.1251', 'HR@20': '0.3283', 'NDCG@20': '0.1489'}
2025-06-13 20:33:42,743 - EarlyStopping counter: 10 out of 10
2025-06-13 20:33:42,743 - Early stopping
2025-06-13 20:33:42,743 - ---------------Validation Score---------------
2025-06-13 20:33:47,311 - {'Epoch': 0, 'HR@5': '0.1523', 'NDCG@5': '0.0989', 'HR@10': '0.2355', 'NDCG@10': '0.1256', 'HR@20': '0.3304', 'NDCG@20': '0.1496'}
2025-06-13 20:33:47,313 - BERT4Rec_Diginetica
2025-06-13 20:33:47,313 - {'Epoch': 0, 'HR@5': '0.1523', 'NDCG@5': '0.0989', 'HR@10': '0.2355', 'NDCG@10': '0.1256', 'HR@20': '0.3304', 'NDCG@20': '0.1496'}
