2025-06-14 00:48:45,713 - Namespace(data_dir='data/self_processed/', output_dir='hparam_search/', data_name='Diginetica', train_name='BSARec_Diginetica', num_items=10, num_users=14829, lr=0.0005, batch_size=256, epochs=200, no_cuda=False, log_freq=1, patience=10, num_workers=4, seed=42, weight_decay=0.0, adam_beta1=0.9, adam_beta2=0.999, gpu_id='0', variance=5, model_type='BSARec', max_seq_length=50, hidden_size=64, num_hidden_layers=2, hidden_act='gelu', num_attention_heads=4, attention_probs_dropout_prob=0.5, hidden_dropout_prob=0.5, initializer_range=0.02, c=5, alpha=0.3, cuda_condition=True, data_file='data/self_processed/Diginetica.txt', item_size=9441, checkpoint_path=PosixPath('/gpfs/home3/scur2771/BSARec/BSARec/src/hparam_search/BSARec_Diginetica/12367757_137/model.pt'), same_target_path='data/self_processed/Diginetica_same_target.npy')
2025-06-14 00:48:45,731 - BSARecModel(
  (item_embeddings): Embedding(9441, 64, padding_idx=0)
  (position_embeddings): Embedding(50, 64)
  (LayerNorm): LayerNorm()
  (dropout): Dropout(p=0.5, inplace=False)
  (item_encoder): BSARecEncoder(
    (blocks): ModuleList(
      (0): BSARecBlock(
        (layer): BSARecLayer(
          (filter_layer): FrequencyLayer(
            (out_dropout): Dropout(p=0.5, inplace=False)
            (LayerNorm): LayerNorm()
          )
          (attention_layer): MultiHeadAttention(
            (query): Linear(in_features=64, out_features=64, bias=True)
            (key): Linear(in_features=64, out_features=64, bias=True)
            (value): Linear(in_features=64, out_features=64, bias=True)
            (softmax): Softmax(dim=-1)
            (attn_dropout): Dropout(p=0.5, inplace=False)
            (dense): Linear(in_features=64, out_features=64, bias=True)
            (LayerNorm): LayerNorm((64,), eps=1e-12, elementwise_affine=True)
            (out_dropout): Dropout(p=0.5, inplace=False)
          )
        )
        (feed_forward): FeedForward(
          (dense_1): Linear(in_features=64, out_features=256, bias=True)
          (dense_2): Linear(in_features=256, out_features=64, bias=True)
          (LayerNorm): LayerNorm()
          (dropout): Dropout(p=0.5, inplace=False)
        )
      )
      (1): BSARecBlock(
        (layer): BSARecLayer(
          (filter_layer): FrequencyLayer(
            (out_dropout): Dropout(p=0.5, inplace=False)
            (LayerNorm): LayerNorm()
          )
          (attention_layer): MultiHeadAttention(
            (query): Linear(in_features=64, out_features=64, bias=True)
            (key): Linear(in_features=64, out_features=64, bias=True)
            (value): Linear(in_features=64, out_features=64, bias=True)
            (softmax): Softmax(dim=-1)
            (attn_dropout): Dropout(p=0.5, inplace=False)
            (dense): Linear(in_features=64, out_features=64, bias=True)
            (LayerNorm): LayerNorm((64,), eps=1e-12, elementwise_affine=True)
            (out_dropout): Dropout(p=0.5, inplace=False)
          )
        )
        (feed_forward): FeedForward(
          (dense_1): Linear(in_features=64, out_features=256, bias=True)
          (dense_2): Linear(in_features=256, out_features=64, bias=True)
          (LayerNorm): LayerNorm()
          (dropout): Dropout(p=0.5, inplace=False)
        )
      )
    )
  )
)
2025-06-14 00:48:48,021 - Total Parameters: 707904
2025-06-14 00:48:56,582 - {'epoch': 0, 'rec_loss': '8.8026'}
2025-06-14 00:49:00,732 - {'Epoch': 0, 'HR@5': '0.0070', 'NDCG@5': '0.0046', 'HR@10': '0.0108', 'NDCG@10': '0.0059', 'HR@20': '0.0174', 'NDCG@20': '0.0075'}
2025-06-14 00:49:00,734 - Validation score increased.  Saving model ...
2025-06-14 00:49:08,306 - {'epoch': 1, 'rec_loss': '8.3316'}
2025-06-14 00:49:12,477 - {'Epoch': 1, 'HR@5': '0.0463', 'NDCG@5': '0.0318', 'HR@10': '0.0657', 'NDCG@10': '0.0380', 'HR@20': '0.0905', 'NDCG@20': '0.0442'}
2025-06-14 00:49:12,479 - Validation score increased.  Saving model ...
2025-06-14 00:49:19,911 - {'epoch': 2, 'rec_loss': '7.6382'}
2025-06-14 00:49:24,081 - {'Epoch': 2, 'HR@5': '0.0855', 'NDCG@5': '0.0570', 'HR@10': '0.1271', 'NDCG@10': '0.0703', 'HR@20': '0.1820', 'NDCG@20': '0.0842'}
2025-06-14 00:49:24,082 - Validation score increased.  Saving model ...
2025-06-14 00:49:31,562 - {'epoch': 3, 'rec_loss': '6.8356'}
2025-06-14 00:49:35,804 - {'Epoch': 3, 'HR@5': '0.1122', 'NDCG@5': '0.0741', 'HR@10': '0.1699', 'NDCG@10': '0.0926', 'HR@20': '0.2349', 'NDCG@20': '0.1090'}
2025-06-14 00:49:35,807 - Validation score increased.  Saving model ...
2025-06-14 00:49:43,373 - {'epoch': 4, 'rec_loss': '6.1906'}
2025-06-14 00:49:47,637 - {'Epoch': 4, 'HR@5': '0.1274', 'NDCG@5': '0.0840', 'HR@10': '0.1951', 'NDCG@10': '0.1058', 'HR@20': '0.2747', 'NDCG@20': '0.1259'}
2025-06-14 00:49:47,639 - Validation score increased.  Saving model ...
2025-06-14 00:49:55,174 - {'epoch': 5, 'rec_loss': '5.7306'}
2025-06-14 00:49:59,504 - {'Epoch': 5, 'HR@5': '0.1426', 'NDCG@5': '0.0938', 'HR@10': '0.2149', 'NDCG@10': '0.1171', 'HR@20': '0.2988', 'NDCG@20': '0.1382'}
2025-06-14 00:49:59,506 - Validation score increased.  Saving model ...
2025-06-14 00:50:06,897 - {'epoch': 6, 'rec_loss': '5.4130'}
2025-06-14 00:50:11,299 - {'Epoch': 6, 'HR@5': '0.1505', 'NDCG@5': '0.0992', 'HR@10': '0.2263', 'NDCG@10': '0.1237', 'HR@20': '0.3168', 'NDCG@20': '0.1466'}
2025-06-14 00:50:11,300 - Validation score increased.  Saving model ...
2025-06-14 00:50:18,811 - {'epoch': 7, 'rec_loss': '5.1943'}
2025-06-14 00:50:23,187 - {'Epoch': 7, 'HR@5': '0.1569', 'NDCG@5': '0.1034', 'HR@10': '0.2371', 'NDCG@10': '0.1293', 'HR@20': '0.3316', 'NDCG@20': '0.1531'}
2025-06-14 00:50:23,189 - Validation score increased.  Saving model ...
2025-06-14 00:50:30,597 - {'epoch': 8, 'rec_loss': '5.0406'}
2025-06-14 00:50:34,918 - {'Epoch': 8, 'HR@5': '0.1642', 'NDCG@5': '0.1079', 'HR@10': '0.2459', 'NDCG@10': '0.1344', 'HR@20': '0.3410', 'NDCG@20': '0.1584'}
2025-06-14 00:50:34,920 - Validation score increased.  Saving model ...
2025-06-14 00:50:42,344 - {'epoch': 9, 'rec_loss': '4.9286'}
2025-06-14 00:50:46,634 - {'Epoch': 9, 'HR@5': '0.1699', 'NDCG@5': '0.1109', 'HR@10': '0.2506', 'NDCG@10': '0.1368', 'HR@20': '0.3470', 'NDCG@20': '0.1612'}
2025-06-14 00:50:46,636 - Validation score increased.  Saving model ...
2025-06-14 00:50:54,137 - {'epoch': 10, 'rec_loss': '4.8500'}
2025-06-14 00:50:58,505 - {'Epoch': 10, 'HR@5': '0.1697', 'NDCG@5': '0.1108', 'HR@10': '0.2537', 'NDCG@10': '0.1378', 'HR@20': '0.3517', 'NDCG@20': '0.1627'}
2025-06-14 00:50:58,507 - Validation score increased.  Saving model ...
2025-06-14 00:51:05,902 - {'epoch': 11, 'rec_loss': '4.7959'}
2025-06-14 00:51:10,331 - {'Epoch': 11, 'HR@5': '0.1702', 'NDCG@5': '0.1123', 'HR@10': '0.2576', 'NDCG@10': '0.1405', 'HR@20': '0.3528', 'NDCG@20': '0.1646'}
2025-06-14 00:51:10,333 - Validation score increased.  Saving model ...
2025-06-14 00:51:17,820 - {'epoch': 12, 'rec_loss': '4.7471'}
2025-06-14 00:51:22,180 - {'Epoch': 12, 'HR@5': '0.1708', 'NDCG@5': '0.1127', 'HR@10': '0.2590', 'NDCG@10': '0.1412', 'HR@20': '0.3588', 'NDCG@20': '0.1663'}
2025-06-14 00:51:22,182 - Validation score increased.  Saving model ...
2025-06-14 00:51:29,580 - {'epoch': 13, 'rec_loss': '4.7128'}
2025-06-14 00:51:33,957 - {'Epoch': 13, 'HR@5': '0.1723', 'NDCG@5': '0.1138', 'HR@10': '0.2603', 'NDCG@10': '0.1422', 'HR@20': '0.3591', 'NDCG@20': '0.1671'}
2025-06-14 00:51:33,959 - Validation score increased.  Saving model ...
2025-06-14 00:51:41,413 - {'epoch': 14, 'rec_loss': '4.6810'}
2025-06-14 00:51:45,857 - {'Epoch': 14, 'HR@5': '0.1710', 'NDCG@5': '0.1138', 'HR@10': '0.2597', 'NDCG@10': '0.1424', 'HR@20': '0.3602', 'NDCG@20': '0.1678'}
2025-06-14 00:51:45,859 - Validation score increased.  Saving model ...
2025-06-14 00:51:53,334 - {'epoch': 15, 'rec_loss': '4.6628'}
2025-06-14 00:51:57,634 - {'Epoch': 15, 'HR@5': '0.1723', 'NDCG@5': '0.1144', 'HR@10': '0.2604', 'NDCG@10': '0.1428', 'HR@20': '0.3622', 'NDCG@20': '0.1685'}
2025-06-14 00:51:57,636 - Validation score increased.  Saving model ...
2025-06-14 00:52:05,052 - {'epoch': 16, 'rec_loss': '4.6404'}
2025-06-14 00:52:09,403 - {'Epoch': 16, 'HR@5': '0.1725', 'NDCG@5': '0.1142', 'HR@10': '0.2598', 'NDCG@10': '0.1424', 'HR@20': '0.3631', 'NDCG@20': '0.1685'}
2025-06-14 00:52:09,405 - EarlyStopping counter: 1 out of 10
2025-06-14 00:52:16,863 - {'epoch': 17, 'rec_loss': '4.6267'}
2025-06-14 00:52:21,292 - {'Epoch': 17, 'HR@5': '0.1767', 'NDCG@5': '0.1157', 'HR@10': '0.2617', 'NDCG@10': '0.1431', 'HR@20': '0.3629', 'NDCG@20': '0.1686'}
2025-06-14 00:52:21,294 - Validation score increased.  Saving model ...
2025-06-14 00:52:28,757 - {'epoch': 18, 'rec_loss': '4.6086'}
2025-06-14 00:52:33,150 - {'Epoch': 18, 'HR@5': '0.1744', 'NDCG@5': '0.1150', 'HR@10': '0.2615', 'NDCG@10': '0.1431', 'HR@20': '0.3614', 'NDCG@20': '0.1684'}
2025-06-14 00:52:33,152 - EarlyStopping counter: 1 out of 10
2025-06-14 00:52:40,576 - {'epoch': 19, 'rec_loss': '4.5946'}
2025-06-14 00:52:45,027 - {'Epoch': 19, 'HR@5': '0.1753', 'NDCG@5': '0.1152', 'HR@10': '0.2607', 'NDCG@10': '0.1427', 'HR@20': '0.3625', 'NDCG@20': '0.1685'}
2025-06-14 00:52:45,028 - EarlyStopping counter: 2 out of 10
2025-06-14 00:52:52,467 - {'epoch': 20, 'rec_loss': '4.5831'}
2025-06-14 00:52:56,815 - {'Epoch': 20, 'HR@5': '0.1756', 'NDCG@5': '0.1155', 'HR@10': '0.2634', 'NDCG@10': '0.1437', 'HR@20': '0.3639', 'NDCG@20': '0.1691'}
2025-06-14 00:52:56,816 - Validation score increased.  Saving model ...
2025-06-14 00:53:04,215 - {'epoch': 21, 'rec_loss': '4.5751'}
2025-06-14 00:53:08,640 - {'Epoch': 21, 'HR@5': '0.1756', 'NDCG@5': '0.1148', 'HR@10': '0.2618', 'NDCG@10': '0.1426', 'HR@20': '0.3651', 'NDCG@20': '0.1687'}
2025-06-14 00:53:08,642 - EarlyStopping counter: 1 out of 10
2025-06-14 00:53:16,125 - {'epoch': 22, 'rec_loss': '4.5706'}
2025-06-14 00:53:20,462 - {'Epoch': 22, 'HR@5': '0.1759', 'NDCG@5': '0.1156', 'HR@10': '0.2627', 'NDCG@10': '0.1437', 'HR@20': '0.3669', 'NDCG@20': '0.1700'}
2025-06-14 00:53:20,463 - Validation score increased.  Saving model ...
2025-06-14 00:53:28,005 - {'epoch': 23, 'rec_loss': '4.5585'}
2025-06-14 00:53:32,328 - {'Epoch': 23, 'HR@5': '0.1743', 'NDCG@5': '0.1138', 'HR@10': '0.2613', 'NDCG@10': '0.1419', 'HR@20': '0.3640', 'NDCG@20': '0.1678'}
2025-06-14 00:53:32,330 - EarlyStopping counter: 1 out of 10
2025-06-14 00:53:39,870 - {'epoch': 24, 'rec_loss': '4.5528'}
2025-06-14 00:53:44,271 - {'Epoch': 24, 'HR@5': '0.1741', 'NDCG@5': '0.1145', 'HR@10': '0.2632', 'NDCG@10': '0.1433', 'HR@20': '0.3634', 'NDCG@20': '0.1686'}
2025-06-14 00:53:44,272 - EarlyStopping counter: 2 out of 10
2025-06-14 00:53:51,834 - {'epoch': 25, 'rec_loss': '4.5379'}
2025-06-14 00:53:56,155 - {'Epoch': 25, 'HR@5': '0.1776', 'NDCG@5': '0.1168', 'HR@10': '0.2622', 'NDCG@10': '0.1441', 'HR@20': '0.3635', 'NDCG@20': '0.1697'}
2025-06-14 00:53:56,156 - EarlyStopping counter: 3 out of 10
2025-06-14 00:54:03,661 - {'epoch': 26, 'rec_loss': '4.5350'}
2025-06-14 00:54:08,014 - {'Epoch': 26, 'HR@5': '0.1768', 'NDCG@5': '0.1165', 'HR@10': '0.2642', 'NDCG@10': '0.1446', 'HR@20': '0.3649', 'NDCG@20': '0.1700'}
2025-06-14 00:54:08,016 - Validation score increased.  Saving model ...
2025-06-14 00:54:15,510 - {'epoch': 27, 'rec_loss': '4.5308'}
2025-06-14 00:54:19,790 - {'Epoch': 27, 'HR@5': '0.1751', 'NDCG@5': '0.1154', 'HR@10': '0.2642', 'NDCG@10': '0.1441', 'HR@20': '0.3651', 'NDCG@20': '0.1696'}
2025-06-14 00:54:19,792 - EarlyStopping counter: 1 out of 10
2025-06-14 00:54:27,131 - {'epoch': 28, 'rec_loss': '4.5227'}
2025-06-14 00:54:31,501 - {'Epoch': 28, 'HR@5': '0.1782', 'NDCG@5': '0.1166', 'HR@10': '0.2627', 'NDCG@10': '0.1437', 'HR@20': '0.3655', 'NDCG@20': '0.1698'}
2025-06-14 00:54:31,503 - EarlyStopping counter: 2 out of 10
2025-06-14 00:54:39,059 - {'epoch': 29, 'rec_loss': '4.5125'}
2025-06-14 00:54:43,367 - {'Epoch': 29, 'HR@5': '0.1758', 'NDCG@5': '0.1165', 'HR@10': '0.2615', 'NDCG@10': '0.1441', 'HR@20': '0.3651', 'NDCG@20': '0.1703'}
2025-06-14 00:54:43,368 - Validation score increased.  Saving model ...
2025-06-14 00:54:50,802 - {'epoch': 30, 'rec_loss': '4.5066'}
2025-06-14 00:54:55,149 - {'Epoch': 30, 'HR@5': '0.1751', 'NDCG@5': '0.1154', 'HR@10': '0.2641', 'NDCG@10': '0.1441', 'HR@20': '0.3659', 'NDCG@20': '0.1698'}
2025-06-14 00:54:55,151 - EarlyStopping counter: 1 out of 10
2025-06-14 00:55:02,574 - {'epoch': 31, 'rec_loss': '4.5005'}
2025-06-14 00:55:06,949 - {'Epoch': 31, 'HR@5': '0.1740', 'NDCG@5': '0.1150', 'HR@10': '0.2640', 'NDCG@10': '0.1440', 'HR@20': '0.3643', 'NDCG@20': '0.1693'}
2025-06-14 00:55:06,952 - EarlyStopping counter: 2 out of 10
2025-06-14 00:55:14,322 - {'epoch': 32, 'rec_loss': '4.4972'}
2025-06-14 00:55:18,617 - {'Epoch': 32, 'HR@5': '0.1739', 'NDCG@5': '0.1146', 'HR@10': '0.2637', 'NDCG@10': '0.1436', 'HR@20': '0.3636', 'NDCG@20': '0.1688'}
2025-06-14 00:55:18,618 - EarlyStopping counter: 3 out of 10
2025-06-14 00:55:25,956 - {'epoch': 33, 'rec_loss': '4.4868'}
2025-06-14 00:55:30,287 - {'Epoch': 33, 'HR@5': '0.1762', 'NDCG@5': '0.1153', 'HR@10': '0.2640', 'NDCG@10': '0.1435', 'HR@20': '0.3646', 'NDCG@20': '0.1689'}
2025-06-14 00:55:30,288 - EarlyStopping counter: 4 out of 10
2025-06-14 00:55:37,677 - {'epoch': 34, 'rec_loss': '4.4836'}
2025-06-14 00:55:42,025 - {'Epoch': 34, 'HR@5': '0.1753', 'NDCG@5': '0.1156', 'HR@10': '0.2659', 'NDCG@10': '0.1448', 'HR@20': '0.3631', 'NDCG@20': '0.1693'}
2025-06-14 00:55:42,027 - EarlyStopping counter: 5 out of 10
2025-06-14 00:55:49,451 - {'epoch': 35, 'rec_loss': '4.4807'}
2025-06-14 00:55:53,723 - {'Epoch': 35, 'HR@5': '0.1750', 'NDCG@5': '0.1154', 'HR@10': '0.2639', 'NDCG@10': '0.1441', 'HR@20': '0.3641', 'NDCG@20': '0.1694'}
2025-06-14 00:55:53,726 - EarlyStopping counter: 6 out of 10
2025-06-14 00:56:01,086 - {'epoch': 36, 'rec_loss': '4.4795'}
2025-06-14 00:56:05,459 - {'Epoch': 36, 'HR@5': '0.1751', 'NDCG@5': '0.1151', 'HR@10': '0.2631', 'NDCG@10': '0.1434', 'HR@20': '0.3651', 'NDCG@20': '0.1692'}
2025-06-14 00:56:05,460 - EarlyStopping counter: 7 out of 10
2025-06-14 00:56:12,977 - {'epoch': 37, 'rec_loss': '4.4726'}
2025-06-14 00:56:17,367 - {'Epoch': 37, 'HR@5': '0.1745', 'NDCG@5': '0.1148', 'HR@10': '0.2648', 'NDCG@10': '0.1439', 'HR@20': '0.3657', 'NDCG@20': '0.1694'}
2025-06-14 00:56:17,369 - EarlyStopping counter: 8 out of 10
2025-06-14 00:56:24,950 - {'epoch': 38, 'rec_loss': '4.4649'}
2025-06-14 00:56:29,222 - {'Epoch': 38, 'HR@5': '0.1739', 'NDCG@5': '0.1151', 'HR@10': '0.2621', 'NDCG@10': '0.1436', 'HR@20': '0.3634', 'NDCG@20': '0.1693'}
2025-06-14 00:56:29,224 - EarlyStopping counter: 9 out of 10
2025-06-14 00:56:36,660 - {'epoch': 39, 'rec_loss': '4.4666'}
2025-06-14 00:56:40,986 - {'Epoch': 39, 'HR@5': '0.1741', 'NDCG@5': '0.1148', 'HR@10': '0.2621', 'NDCG@10': '0.1432', 'HR@20': '0.3642', 'NDCG@20': '0.1691'}
2025-06-14 00:56:40,989 - EarlyStopping counter: 10 out of 10
2025-06-14 00:56:40,989 - Early stopping
2025-06-14 00:56:40,989 - ---------------Validation Score---------------
2025-06-14 00:56:45,327 - {'Epoch': 0, 'HR@5': '0.1758', 'NDCG@5': '0.1165', 'HR@10': '0.2615', 'NDCG@10': '0.1441', 'HR@20': '0.3651', 'NDCG@20': '0.1703'}
2025-06-14 00:56:45,329 - BSARec_Diginetica
2025-06-14 00:56:45,329 - {'Epoch': 0, 'HR@5': '0.1758', 'NDCG@5': '0.1165', 'HR@10': '0.2615', 'NDCG@10': '0.1441', 'HR@20': '0.3651', 'NDCG@20': '0.1703'}
