2025-06-14 00:44:05,984 - Namespace(data_dir='data/self_processed/', output_dir='hparam_search/', data_name='Diginetica', train_name='BSARec_Diginetica', num_items=10, num_users=14829, lr=0.0005, batch_size=256, epochs=200, no_cuda=False, log_freq=1, patience=10, num_workers=4, seed=42, weight_decay=0.0, adam_beta1=0.9, adam_beta2=0.999, gpu_id='0', variance=5, model_type='BSARec', max_seq_length=50, hidden_size=64, num_hidden_layers=2, hidden_act='gelu', num_attention_heads=4, attention_probs_dropout_prob=0.5, hidden_dropout_prob=0.5, initializer_range=0.02, c=3, alpha=0.5, cuda_condition=True, data_file='data/self_processed/Diginetica.txt', item_size=9441, checkpoint_path=PosixPath('/gpfs/home3/scur2771/BSARec/BSARec/src/hparam_search/BSARec_Diginetica/12367757_133/model.pt'), same_target_path='data/self_processed/Diginetica_same_target.npy')
2025-06-14 00:44:06,022 - BSARecModel(
  (item_embeddings): Embedding(9441, 64, padding_idx=0)
  (position_embeddings): Embedding(50, 64)
  (LayerNorm): LayerNorm()
  (dropout): Dropout(p=0.5, inplace=False)
  (item_encoder): BSARecEncoder(
    (blocks): ModuleList(
      (0): BSARecBlock(
        (layer): BSARecLayer(
          (filter_layer): FrequencyLayer(
            (out_dropout): Dropout(p=0.5, inplace=False)
            (LayerNorm): LayerNorm()
          )
          (attention_layer): MultiHeadAttention(
            (query): Linear(in_features=64, out_features=64, bias=True)
            (key): Linear(in_features=64, out_features=64, bias=True)
            (value): Linear(in_features=64, out_features=64, bias=True)
            (softmax): Softmax(dim=-1)
            (attn_dropout): Dropout(p=0.5, inplace=False)
            (dense): Linear(in_features=64, out_features=64, bias=True)
            (LayerNorm): LayerNorm((64,), eps=1e-12, elementwise_affine=True)
            (out_dropout): Dropout(p=0.5, inplace=False)
          )
        )
        (feed_forward): FeedForward(
          (dense_1): Linear(in_features=64, out_features=256, bias=True)
          (dense_2): Linear(in_features=256, out_features=64, bias=True)
          (LayerNorm): LayerNorm()
          (dropout): Dropout(p=0.5, inplace=False)
        )
      )
      (1): BSARecBlock(
        (layer): BSARecLayer(
          (filter_layer): FrequencyLayer(
            (out_dropout): Dropout(p=0.5, inplace=False)
            (LayerNorm): LayerNorm()
          )
          (attention_layer): MultiHeadAttention(
            (query): Linear(in_features=64, out_features=64, bias=True)
            (key): Linear(in_features=64, out_features=64, bias=True)
            (value): Linear(in_features=64, out_features=64, bias=True)
            (softmax): Softmax(dim=-1)
            (attn_dropout): Dropout(p=0.5, inplace=False)
            (dense): Linear(in_features=64, out_features=64, bias=True)
            (LayerNorm): LayerNorm((64,), eps=1e-12, elementwise_affine=True)
            (out_dropout): Dropout(p=0.5, inplace=False)
          )
        )
        (feed_forward): FeedForward(
          (dense_1): Linear(in_features=64, out_features=256, bias=True)
          (dense_2): Linear(in_features=256, out_features=64, bias=True)
          (LayerNorm): LayerNorm()
          (dropout): Dropout(p=0.5, inplace=False)
        )
      )
    )
  )
)
2025-06-14 00:44:09,470 - Total Parameters: 707904
2025-06-14 00:44:18,415 - {'epoch': 0, 'rec_loss': '8.8119'}
2025-06-14 00:44:22,603 - {'Epoch': 0, 'HR@5': '0.0066', 'NDCG@5': '0.0043', 'HR@10': '0.0110', 'NDCG@10': '0.0057', 'HR@20': '0.0177', 'NDCG@20': '0.0073'}
2025-06-14 00:44:22,605 - Validation score increased.  Saving model ...
2025-06-14 00:44:30,096 - {'epoch': 1, 'rec_loss': '8.3605'}
2025-06-14 00:44:34,295 - {'Epoch': 1, 'HR@5': '0.0392', 'NDCG@5': '0.0260', 'HR@10': '0.0561', 'NDCG@10': '0.0315', 'HR@20': '0.0776', 'NDCG@20': '0.0369'}
2025-06-14 00:44:34,296 - Validation score increased.  Saving model ...
2025-06-14 00:44:41,756 - {'epoch': 2, 'rec_loss': '7.7204'}
2025-06-14 00:44:45,945 - {'Epoch': 2, 'HR@5': '0.0789', 'NDCG@5': '0.0525', 'HR@10': '0.1194', 'NDCG@10': '0.0655', 'HR@20': '0.1692', 'NDCG@20': '0.0781'}
2025-06-14 00:44:45,947 - Validation score increased.  Saving model ...
2025-06-14 00:44:53,461 - {'epoch': 3, 'rec_loss': '6.9362'}
2025-06-14 00:44:57,709 - {'Epoch': 3, 'HR@5': '0.1072', 'NDCG@5': '0.0712', 'HR@10': '0.1634', 'NDCG@10': '0.0892', 'HR@20': '0.2263', 'NDCG@20': '0.1051'}
2025-06-14 00:44:57,712 - Validation score increased.  Saving model ...
2025-06-14 00:45:05,237 - {'epoch': 4, 'rec_loss': '6.2769'}
2025-06-14 00:45:09,638 - {'Epoch': 4, 'HR@5': '0.1260', 'NDCG@5': '0.0828', 'HR@10': '0.1914', 'NDCG@10': '0.1038', 'HR@20': '0.2656', 'NDCG@20': '0.1225'}
2025-06-14 00:45:09,639 - Validation score increased.  Saving model ...
2025-06-14 00:45:17,176 - {'epoch': 5, 'rec_loss': '5.7963'}
2025-06-14 00:45:21,594 - {'Epoch': 5, 'HR@5': '0.1398', 'NDCG@5': '0.0921', 'HR@10': '0.2118', 'NDCG@10': '0.1153', 'HR@20': '0.2941', 'NDCG@20': '0.1360'}
2025-06-14 00:45:21,595 - Validation score increased.  Saving model ...
2025-06-14 00:45:29,136 - {'epoch': 6, 'rec_loss': '5.4604'}
2025-06-14 00:45:33,486 - {'Epoch': 6, 'HR@5': '0.1499', 'NDCG@5': '0.0983', 'HR@10': '0.2251', 'NDCG@10': '0.1226', 'HR@20': '0.3144', 'NDCG@20': '0.1451'}
2025-06-14 00:45:33,486 - Validation score increased.  Saving model ...
2025-06-14 00:45:41,041 - {'epoch': 7, 'rec_loss': '5.2272'}
2025-06-14 00:45:45,361 - {'Epoch': 7, 'HR@5': '0.1573', 'NDCG@5': '0.1034', 'HR@10': '0.2361', 'NDCG@10': '0.1288', 'HR@20': '0.3282', 'NDCG@20': '0.1521'}
2025-06-14 00:45:45,363 - Validation score increased.  Saving model ...
2025-06-14 00:45:52,877 - {'epoch': 8, 'rec_loss': '5.0644'}
2025-06-14 00:45:57,278 - {'Epoch': 8, 'HR@5': '0.1658', 'NDCG@5': '0.1082', 'HR@10': '0.2441', 'NDCG@10': '0.1335', 'HR@20': '0.3386', 'NDCG@20': '0.1574'}
2025-06-14 00:45:57,279 - Validation score increased.  Saving model ...
2025-06-14 00:46:04,828 - {'epoch': 9, 'rec_loss': '4.9464'}
2025-06-14 00:46:09,153 - {'Epoch': 9, 'HR@5': '0.1685', 'NDCG@5': '0.1103', 'HR@10': '0.2482', 'NDCG@10': '0.1360', 'HR@20': '0.3470', 'NDCG@20': '0.1610'}
2025-06-14 00:46:09,154 - Validation score increased.  Saving model ...
2025-06-14 00:46:16,629 - {'epoch': 10, 'rec_loss': '4.8626'}
2025-06-14 00:46:21,035 - {'Epoch': 10, 'HR@5': '0.1681', 'NDCG@5': '0.1104', 'HR@10': '0.2545', 'NDCG@10': '0.1383', 'HR@20': '0.3506', 'NDCG@20': '0.1626'}
2025-06-14 00:46:21,037 - Validation score increased.  Saving model ...
2025-06-14 00:46:28,516 - {'epoch': 11, 'rec_loss': '4.8061'}
2025-06-14 00:46:32,901 - {'Epoch': 11, 'HR@5': '0.1714', 'NDCG@5': '0.1126', 'HR@10': '0.2583', 'NDCG@10': '0.1407', 'HR@20': '0.3535', 'NDCG@20': '0.1646'}
2025-06-14 00:46:32,903 - Validation score increased.  Saving model ...
2025-06-14 00:46:40,393 - {'epoch': 12, 'rec_loss': '4.7542'}
2025-06-14 00:46:44,809 - {'Epoch': 12, 'HR@5': '0.1704', 'NDCG@5': '0.1127', 'HR@10': '0.2583', 'NDCG@10': '0.1411', 'HR@20': '0.3579', 'NDCG@20': '0.1662'}
2025-06-14 00:46:44,811 - Validation score increased.  Saving model ...
2025-06-14 00:46:52,308 - {'epoch': 13, 'rec_loss': '4.7197'}
2025-06-14 00:46:56,711 - {'Epoch': 13, 'HR@5': '0.1716', 'NDCG@5': '0.1134', 'HR@10': '0.2599', 'NDCG@10': '0.1419', 'HR@20': '0.3574', 'NDCG@20': '0.1665'}
2025-06-14 00:46:56,713 - Validation score increased.  Saving model ...
2025-06-14 00:47:04,316 - {'epoch': 14, 'rec_loss': '4.6866'}
2025-06-14 00:47:08,757 - {'Epoch': 14, 'HR@5': '0.1722', 'NDCG@5': '0.1143', 'HR@10': '0.2595', 'NDCG@10': '0.1424', 'HR@20': '0.3599', 'NDCG@20': '0.1678'}
2025-06-14 00:47:08,759 - Validation score increased.  Saving model ...
2025-06-14 00:47:16,318 - {'epoch': 15, 'rec_loss': '4.6670'}
2025-06-14 00:47:20,721 - {'Epoch': 15, 'HR@5': '0.1724', 'NDCG@5': '0.1148', 'HR@10': '0.2606', 'NDCG@10': '0.1433', 'HR@20': '0.3605', 'NDCG@20': '0.1685'}
2025-06-14 00:47:20,722 - Validation score increased.  Saving model ...
2025-06-14 00:47:28,256 - {'epoch': 16, 'rec_loss': '4.6447'}
2025-06-14 00:47:32,644 - {'Epoch': 16, 'HR@5': '0.1749', 'NDCG@5': '0.1154', 'HR@10': '0.2615', 'NDCG@10': '0.1432', 'HR@20': '0.3624', 'NDCG@20': '0.1687'}
2025-06-14 00:47:32,648 - Validation score increased.  Saving model ...
2025-06-14 00:47:40,213 - {'epoch': 17, 'rec_loss': '4.6304'}
2025-06-14 00:47:44,584 - {'Epoch': 17, 'HR@5': '0.1766', 'NDCG@5': '0.1158', 'HR@10': '0.2617', 'NDCG@10': '0.1432', 'HR@20': '0.3634', 'NDCG@20': '0.1689'}
2025-06-14 00:47:44,585 - Validation score increased.  Saving model ...
2025-06-14 00:47:52,122 - {'epoch': 18, 'rec_loss': '4.6109'}
2025-06-14 00:47:56,476 - {'Epoch': 18, 'HR@5': '0.1755', 'NDCG@5': '0.1158', 'HR@10': '0.2615', 'NDCG@10': '0.1435', 'HR@20': '0.3613', 'NDCG@20': '0.1688'}
2025-06-14 00:47:56,478 - EarlyStopping counter: 1 out of 10
2025-06-14 00:48:04,024 - {'epoch': 19, 'rec_loss': '4.5968'}
2025-06-14 00:48:08,336 - {'Epoch': 19, 'HR@5': '0.1761', 'NDCG@5': '0.1160', 'HR@10': '0.2617', 'NDCG@10': '0.1435', 'HR@20': '0.3617', 'NDCG@20': '0.1687'}
2025-06-14 00:48:08,338 - EarlyStopping counter: 2 out of 10
2025-06-14 00:48:15,848 - {'epoch': 20, 'rec_loss': '4.5841'}
2025-06-14 00:48:20,257 - {'Epoch': 20, 'HR@5': '0.1771', 'NDCG@5': '0.1161', 'HR@10': '0.2637', 'NDCG@10': '0.1440', 'HR@20': '0.3655', 'NDCG@20': '0.1697'}
2025-06-14 00:48:20,259 - Validation score increased.  Saving model ...
2025-06-14 00:48:27,705 - {'epoch': 21, 'rec_loss': '4.5763'}
2025-06-14 00:48:32,063 - {'Epoch': 21, 'HR@5': '0.1751', 'NDCG@5': '0.1151', 'HR@10': '0.2636', 'NDCG@10': '0.1436', 'HR@20': '0.3655', 'NDCG@20': '0.1693'}
2025-06-14 00:48:32,065 - EarlyStopping counter: 1 out of 10
2025-06-14 00:48:39,551 - {'epoch': 22, 'rec_loss': '4.5696'}
2025-06-14 00:48:43,883 - {'Epoch': 22, 'HR@5': '0.1753', 'NDCG@5': '0.1160', 'HR@10': '0.2632', 'NDCG@10': '0.1444', 'HR@20': '0.3650', 'NDCG@20': '0.1701'}
2025-06-14 00:48:43,884 - Validation score increased.  Saving model ...
2025-06-14 00:48:51,342 - {'epoch': 23, 'rec_loss': '4.5563'}
2025-06-14 00:48:55,663 - {'Epoch': 23, 'HR@5': '0.1770', 'NDCG@5': '0.1157', 'HR@10': '0.2615', 'NDCG@10': '0.1429', 'HR@20': '0.3633', 'NDCG@20': '0.1686'}
2025-06-14 00:48:55,665 - EarlyStopping counter: 1 out of 10
2025-06-14 00:49:03,186 - {'epoch': 24, 'rec_loss': '4.5515'}
2025-06-14 00:49:07,575 - {'Epoch': 24, 'HR@5': '0.1757', 'NDCG@5': '0.1155', 'HR@10': '0.2654', 'NDCG@10': '0.1444', 'HR@20': '0.3640', 'NDCG@20': '0.1692'}
2025-06-14 00:49:07,577 - EarlyStopping counter: 2 out of 10
2025-06-14 00:49:15,047 - {'epoch': 25, 'rec_loss': '4.5386'}
2025-06-14 00:49:19,480 - {'Epoch': 25, 'HR@5': '0.1764', 'NDCG@5': '0.1163', 'HR@10': '0.2636', 'NDCG@10': '0.1444', 'HR@20': '0.3624', 'NDCG@20': '0.1695'}
2025-06-14 00:49:19,483 - EarlyStopping counter: 3 out of 10
2025-06-14 00:49:27,049 - {'epoch': 26, 'rec_loss': '4.5347'}
2025-06-14 00:49:31,390 - {'Epoch': 26, 'HR@5': '0.1766', 'NDCG@5': '0.1159', 'HR@10': '0.2641', 'NDCG@10': '0.1442', 'HR@20': '0.3637', 'NDCG@20': '0.1694'}
2025-06-14 00:49:31,392 - EarlyStopping counter: 4 out of 10
2025-06-14 00:49:38,973 - {'epoch': 27, 'rec_loss': '4.5279'}
2025-06-14 00:49:43,329 - {'Epoch': 27, 'HR@5': '0.1762', 'NDCG@5': '0.1161', 'HR@10': '0.2643', 'NDCG@10': '0.1445', 'HR@20': '0.3644', 'NDCG@20': '0.1698'}
2025-06-14 00:49:43,330 - EarlyStopping counter: 5 out of 10
2025-06-14 00:49:50,803 - {'epoch': 28, 'rec_loss': '4.5187'}
2025-06-14 00:49:55,186 - {'Epoch': 28, 'HR@5': '0.1751', 'NDCG@5': '0.1157', 'HR@10': '0.2632', 'NDCG@10': '0.1441', 'HR@20': '0.3659', 'NDCG@20': '0.1701'}
2025-06-14 00:49:55,186 - Validation score increased.  Saving model ...
2025-06-14 00:50:02,737 - {'epoch': 29, 'rec_loss': '4.5115'}
2025-06-14 00:50:07,113 - {'Epoch': 29, 'HR@5': '0.1763', 'NDCG@5': '0.1165', 'HR@10': '0.2649', 'NDCG@10': '0.1451', 'HR@20': '0.3627', 'NDCG@20': '0.1698'}
2025-06-14 00:50:07,114 - EarlyStopping counter: 1 out of 10
2025-06-14 00:50:14,653 - {'epoch': 30, 'rec_loss': '4.5052'}
2025-06-14 00:50:19,066 - {'Epoch': 30, 'HR@5': '0.1751', 'NDCG@5': '0.1154', 'HR@10': '0.2643', 'NDCG@10': '0.1442', 'HR@20': '0.3655', 'NDCG@20': '0.1697'}
2025-06-14 00:50:19,069 - EarlyStopping counter: 2 out of 10
2025-06-14 00:50:26,531 - {'epoch': 31, 'rec_loss': '4.4999'}
2025-06-14 00:50:30,921 - {'Epoch': 31, 'HR@5': '0.1767', 'NDCG@5': '0.1161', 'HR@10': '0.2639', 'NDCG@10': '0.1442', 'HR@20': '0.3647', 'NDCG@20': '0.1697'}
2025-06-14 00:50:30,923 - EarlyStopping counter: 3 out of 10
2025-06-14 00:50:38,548 - {'epoch': 32, 'rec_loss': '4.4938'}
2025-06-14 00:50:42,884 - {'Epoch': 32, 'HR@5': '0.1749', 'NDCG@5': '0.1151', 'HR@10': '0.2643', 'NDCG@10': '0.1440', 'HR@20': '0.3650', 'NDCG@20': '0.1694'}
2025-06-14 00:50:42,886 - EarlyStopping counter: 4 out of 10
2025-06-14 00:50:50,432 - {'epoch': 33, 'rec_loss': '4.4824'}
2025-06-14 00:50:54,825 - {'Epoch': 33, 'HR@5': '0.1743', 'NDCG@5': '0.1147', 'HR@10': '0.2665', 'NDCG@10': '0.1444', 'HR@20': '0.3633', 'NDCG@20': '0.1689'}
2025-06-14 00:50:54,827 - EarlyStopping counter: 5 out of 10
2025-06-14 00:51:02,368 - {'epoch': 34, 'rec_loss': '4.4802'}
2025-06-14 00:51:06,773 - {'Epoch': 34, 'HR@5': '0.1762', 'NDCG@5': '0.1158', 'HR@10': '0.2650', 'NDCG@10': '0.1445', 'HR@20': '0.3636', 'NDCG@20': '0.1694'}
2025-06-14 00:51:06,775 - EarlyStopping counter: 6 out of 10
2025-06-14 00:51:14,382 - {'epoch': 35, 'rec_loss': '4.4770'}
2025-06-14 00:51:18,689 - {'Epoch': 35, 'HR@5': '0.1762', 'NDCG@5': '0.1161', 'HR@10': '0.2644', 'NDCG@10': '0.1446', 'HR@20': '0.3639', 'NDCG@20': '0.1697'}
2025-06-14 00:51:18,691 - EarlyStopping counter: 7 out of 10
2025-06-14 00:51:26,217 - {'epoch': 36, 'rec_loss': '4.4749'}
2025-06-14 00:51:30,606 - {'Epoch': 36, 'HR@5': '0.1757', 'NDCG@5': '0.1162', 'HR@10': '0.2635', 'NDCG@10': '0.1445', 'HR@20': '0.3642', 'NDCG@20': '0.1700'}
2025-06-14 00:51:30,608 - EarlyStopping counter: 8 out of 10
2025-06-14 00:51:38,306 - {'epoch': 37, 'rec_loss': '4.4711'}
2025-06-14 00:51:42,697 - {'Epoch': 37, 'HR@5': '0.1760', 'NDCG@5': '0.1154', 'HR@10': '0.2650', 'NDCG@10': '0.1441', 'HR@20': '0.3651', 'NDCG@20': '0.1694'}
2025-06-14 00:51:42,700 - EarlyStopping counter: 9 out of 10
2025-06-14 00:51:50,200 - {'epoch': 38, 'rec_loss': '4.4626'}
2025-06-14 00:51:54,632 - {'Epoch': 38, 'HR@5': '0.1749', 'NDCG@5': '0.1160', 'HR@10': '0.2642', 'NDCG@10': '0.1448', 'HR@20': '0.3650', 'NDCG@20': '0.1702'}
2025-06-14 00:51:54,633 - Validation score increased.  Saving model ...
2025-06-14 00:52:02,122 - {'epoch': 39, 'rec_loss': '4.4639'}
2025-06-14 00:52:06,570 - {'Epoch': 39, 'HR@5': '0.1757', 'NDCG@5': '0.1152', 'HR@10': '0.2646', 'NDCG@10': '0.1438', 'HR@20': '0.3669', 'NDCG@20': '0.1696'}
2025-06-14 00:52:06,571 - EarlyStopping counter: 1 out of 10
2025-06-14 00:52:13,968 - {'epoch': 40, 'rec_loss': '4.4534'}
2025-06-14 00:52:18,347 - {'Epoch': 40, 'HR@5': '0.1750', 'NDCG@5': '0.1146', 'HR@10': '0.2625', 'NDCG@10': '0.1428', 'HR@20': '0.3638', 'NDCG@20': '0.1685'}
2025-06-14 00:52:18,348 - EarlyStopping counter: 2 out of 10
2025-06-14 00:52:25,834 - {'epoch': 41, 'rec_loss': '4.4506'}
2025-06-14 00:52:30,146 - {'Epoch': 41, 'HR@5': '0.1737', 'NDCG@5': '0.1148', 'HR@10': '0.2613', 'NDCG@10': '0.1432', 'HR@20': '0.3657', 'NDCG@20': '0.1696'}
2025-06-14 00:52:30,148 - EarlyStopping counter: 3 out of 10
2025-06-14 00:52:37,752 - {'epoch': 42, 'rec_loss': '4.4472'}
2025-06-14 00:52:42,118 - {'Epoch': 42, 'HR@5': '0.1739', 'NDCG@5': '0.1152', 'HR@10': '0.2632', 'NDCG@10': '0.1440', 'HR@20': '0.3651', 'NDCG@20': '0.1698'}
2025-06-14 00:52:42,120 - EarlyStopping counter: 4 out of 10
2025-06-14 00:52:49,649 - {'epoch': 43, 'rec_loss': '4.4425'}
2025-06-14 00:52:53,961 - {'Epoch': 43, 'HR@5': '0.1748', 'NDCG@5': '0.1150', 'HR@10': '0.2638', 'NDCG@10': '0.1437', 'HR@20': '0.3624', 'NDCG@20': '0.1686'}
2025-06-14 00:52:53,962 - EarlyStopping counter: 5 out of 10
2025-06-14 00:53:01,444 - {'epoch': 44, 'rec_loss': '4.4403'}
2025-06-14 00:53:05,787 - {'Epoch': 44, 'HR@5': '0.1738', 'NDCG@5': '0.1142', 'HR@10': '0.2619', 'NDCG@10': '0.1426', 'HR@20': '0.3654', 'NDCG@20': '0.1688'}
2025-06-14 00:53:05,790 - EarlyStopping counter: 6 out of 10
2025-06-14 00:53:13,222 - {'epoch': 45, 'rec_loss': '4.4282'}
2025-06-14 00:53:17,587 - {'Epoch': 45, 'HR@5': '0.1747', 'NDCG@5': '0.1161', 'HR@10': '0.2636', 'NDCG@10': '0.1447', 'HR@20': '0.3637', 'NDCG@20': '0.1701'}
2025-06-14 00:53:17,588 - EarlyStopping counter: 7 out of 10
2025-06-14 00:53:25,133 - {'epoch': 46, 'rec_loss': '4.4303'}
2025-06-14 00:53:29,532 - {'Epoch': 46, 'HR@5': '0.1745', 'NDCG@5': '0.1152', 'HR@10': '0.2658', 'NDCG@10': '0.1446', 'HR@20': '0.3631', 'NDCG@20': '0.1692'}
2025-06-14 00:53:29,534 - EarlyStopping counter: 8 out of 10
2025-06-14 00:53:37,069 - {'epoch': 47, 'rec_loss': '4.4311'}
2025-06-14 00:53:41,439 - {'Epoch': 47, 'HR@5': '0.1762', 'NDCG@5': '0.1156', 'HR@10': '0.2641', 'NDCG@10': '0.1441', 'HR@20': '0.3636', 'NDCG@20': '0.1692'}
2025-06-14 00:53:41,441 - EarlyStopping counter: 9 out of 10
2025-06-14 00:53:48,936 - {'epoch': 48, 'rec_loss': '4.4204'}
2025-06-14 00:53:53,255 - {'Epoch': 48, 'HR@5': '0.1743', 'NDCG@5': '0.1144', 'HR@10': '0.2642', 'NDCG@10': '0.1433', 'HR@20': '0.3629', 'NDCG@20': '0.1683'}
2025-06-14 00:53:53,257 - EarlyStopping counter: 10 out of 10
2025-06-14 00:53:53,257 - Early stopping
2025-06-14 00:53:53,257 - ---------------Validation Score---------------
2025-06-14 00:53:57,592 - {'Epoch': 0, 'HR@5': '0.1749', 'NDCG@5': '0.1160', 'HR@10': '0.2642', 'NDCG@10': '0.1448', 'HR@20': '0.3650', 'NDCG@20': '0.1702'}
2025-06-14 00:53:57,592 - BSARec_Diginetica
2025-06-14 00:53:57,593 - {'Epoch': 0, 'HR@5': '0.1749', 'NDCG@5': '0.1160', 'HR@10': '0.2642', 'NDCG@10': '0.1448', 'HR@20': '0.3650', 'NDCG@20': '0.1702'}
