2025-06-14 16:54:19,240 - Namespace(data_dir='data/self_processed/', output_dir='hparam_search/', data_name='Diginetica', train_name='FEARec_Diginetica', num_items=10, num_users=14829, lr=0.001, batch_size=256, epochs=200, no_cuda=False, log_freq=1, patience=10, num_workers=4, seed=42, weight_decay=0.0, adam_beta1=0.9, adam_beta2=0.999, gpu_id='0', variance=5, model_type='FEARec', max_seq_length=50, hidden_size=64, num_hidden_layers=2, hidden_act='gelu', num_attention_heads=4, attention_probs_dropout_prob=0.5, hidden_dropout_prob=0.5, initializer_range=0.02, tau=1.0, lmd=0.1, lmd_sem=0.1, ssl='us_x', sim='dot', spatial_ratio=0.1, global_ratio=0.6, fredom_type='us_x', fredom='True', cuda_condition=True, data_file='data/self_processed/Diginetica.txt', item_size=9441, checkpoint_path=PosixPath('/gpfs/home3/scur2771/BSARec/BSARec/src/hparam_search/FEARec_Diginetica/12373668_3/model.pt'), same_target_path='data/self_processed/Diginetica_same_target.npy')
2025-06-14 16:54:19,270 - FEARecModel(
  (item_embeddings): Embedding(9441, 64, padding_idx=0)
  (position_embeddings): Embedding(50, 64)
  (LayerNorm): LayerNorm()
  (dropout): Dropout(p=0.5, inplace=False)
  (item_encoder): FEARecEncoder(
    (blocks): ModuleList(
      (0): FEARecBlock(
        (layer): FEARecLayer(
          (dropout): Dropout(p=0.1, inplace=False)
          (attn_dropout): Dropout(p=0.5, inplace=False)
          (LayerNorm): LayerNorm()
          (out_dropout): Dropout(p=0.5, inplace=False)
          (dense): Linear(in_features=64, out_features=64, bias=True)
          (query): Linear(in_features=64, out_features=64, bias=True)
          (key): Linear(in_features=64, out_features=64, bias=True)
          (value): Linear(in_features=64, out_features=64, bias=True)
        )
        (feed_forward): FeedForward(
          (dense_1): Linear(in_features=64, out_features=256, bias=True)
          (dense_2): Linear(in_features=256, out_features=64, bias=True)
          (LayerNorm): LayerNorm()
          (dropout): Dropout(p=0.5, inplace=False)
        )
      )
      (1): FEARecBlock(
        (layer): FEARecLayer(
          (dropout): Dropout(p=0.1, inplace=False)
          (attn_dropout): Dropout(p=0.5, inplace=False)
          (LayerNorm): LayerNorm()
          (out_dropout): Dropout(p=0.5, inplace=False)
          (dense): Linear(in_features=64, out_features=64, bias=True)
          (query): Linear(in_features=64, out_features=64, bias=True)
          (key): Linear(in_features=64, out_features=64, bias=True)
          (value): Linear(in_features=64, out_features=64, bias=True)
        )
        (feed_forward): FeedForward(
          (dense_1): Linear(in_features=64, out_features=256, bias=True)
          (dense_2): Linear(in_features=256, out_features=64, bias=True)
          (LayerNorm): LayerNorm()
          (dropout): Dropout(p=0.5, inplace=False)
        )
      )
    )
  )
  (aug_nce_fct): CrossEntropyLoss()
)
2025-06-14 16:54:22,309 - Total Parameters: 707520
2025-06-14 16:55:43,732 - {'epoch': 0, 'rec_loss': '9.7129'}
2025-06-14 16:55:49,166 - {'Epoch': 0, 'HR@5': '0.0031', 'NDCG@5': '0.0019', 'HR@10': '0.0054', 'NDCG@10': '0.0026', 'HR@20': '0.0095', 'NDCG@20': '0.0036'}
2025-06-14 16:55:49,170 - Validation score increased.  Saving model ...
2025-06-14 16:57:09,543 - {'epoch': 1, 'rec_loss': '9.4366'}
2025-06-14 16:57:15,158 - {'Epoch': 1, 'HR@5': '0.0034', 'NDCG@5': '0.0020', 'HR@10': '0.0055', 'NDCG@10': '0.0027', 'HR@20': '0.0098', 'NDCG@20': '0.0038'}
2025-06-14 16:57:15,162 - Validation score increased.  Saving model ...
2025-06-14 16:58:35,337 - {'epoch': 2, 'rec_loss': '9.1552'}
2025-06-14 16:58:40,997 - {'Epoch': 2, 'HR@5': '0.0057', 'NDCG@5': '0.0038', 'HR@10': '0.0107', 'NDCG@10': '0.0054', 'HR@20': '0.0175', 'NDCG@20': '0.0072'}
2025-06-14 16:58:41,001 - Validation score increased.  Saving model ...
2025-06-14 17:00:01,414 - {'epoch': 3, 'rec_loss': '8.6510'}
2025-06-14 17:00:07,190 - {'Epoch': 3, 'HR@5': '0.0453', 'NDCG@5': '0.0305', 'HR@10': '0.0652', 'NDCG@10': '0.0369', 'HR@20': '0.0918', 'NDCG@20': '0.0437'}
2025-06-14 17:00:07,195 - Validation score increased.  Saving model ...
2025-06-14 17:01:27,481 - {'epoch': 4, 'rec_loss': '8.0442'}
2025-06-14 17:01:33,153 - {'Epoch': 4, 'HR@5': '0.0809', 'NDCG@5': '0.0531', 'HR@10': '0.1274', 'NDCG@10': '0.0680', 'HR@20': '0.1853', 'NDCG@20': '0.0827'}
2025-06-14 17:01:33,156 - Validation score increased.  Saving model ...
2025-06-14 17:02:53,609 - {'epoch': 5, 'rec_loss': '7.5322'}
2025-06-14 17:02:59,248 - {'Epoch': 5, 'HR@5': '0.1041', 'NDCG@5': '0.0677', 'HR@10': '0.1615', 'NDCG@10': '0.0861', 'HR@20': '0.2348', 'NDCG@20': '0.1046'}
2025-06-14 17:02:59,251 - Validation score increased.  Saving model ...
2025-06-14 17:04:19,670 - {'epoch': 6, 'rec_loss': '7.1433'}
2025-06-14 17:04:25,304 - {'Epoch': 6, 'HR@5': '0.1154', 'NDCG@5': '0.0749', 'HR@10': '0.1792', 'NDCG@10': '0.0954', 'HR@20': '0.2619', 'NDCG@20': '0.1163'}
2025-06-14 17:04:25,307 - Validation score increased.  Saving model ...
2025-06-14 17:05:45,692 - {'epoch': 7, 'rec_loss': '6.8544'}
2025-06-14 17:05:51,299 - {'Epoch': 7, 'HR@5': '0.1261', 'NDCG@5': '0.0821', 'HR@10': '0.1978', 'NDCG@10': '0.1051', 'HR@20': '0.2840', 'NDCG@20': '0.1268'}
2025-06-14 17:05:51,304 - Validation score increased.  Saving model ...
2025-06-14 17:07:11,677 - {'epoch': 8, 'rec_loss': '6.6391'}
2025-06-14 17:07:17,302 - {'Epoch': 8, 'HR@5': '0.1320', 'NDCG@5': '0.0863', 'HR@10': '0.2075', 'NDCG@10': '0.1106', 'HR@20': '0.2966', 'NDCG@20': '0.1330'}
2025-06-14 17:07:17,306 - Validation score increased.  Saving model ...
2025-06-14 17:08:37,696 - {'epoch': 9, 'rec_loss': '6.4559'}
2025-06-14 17:08:43,297 - {'Epoch': 9, 'HR@5': '0.1385', 'NDCG@5': '0.0908', 'HR@10': '0.2126', 'NDCG@10': '0.1146', 'HR@20': '0.3071', 'NDCG@20': '0.1385'}
2025-06-14 17:08:43,301 - Validation score increased.  Saving model ...
2025-06-14 17:10:03,603 - {'epoch': 10, 'rec_loss': '6.3091'}
2025-06-14 17:10:09,277 - {'Epoch': 10, 'HR@5': '0.1452', 'NDCG@5': '0.0950', 'HR@10': '0.2201', 'NDCG@10': '0.1191', 'HR@20': '0.3144', 'NDCG@20': '0.1429'}
2025-06-14 17:10:09,281 - Validation score increased.  Saving model ...
2025-06-14 17:11:29,597 - {'epoch': 11, 'rec_loss': '6.1864'}
2025-06-14 17:11:35,193 - {'Epoch': 11, 'HR@5': '0.1474', 'NDCG@5': '0.0967', 'HR@10': '0.2248', 'NDCG@10': '0.1217', 'HR@20': '0.3196', 'NDCG@20': '0.1456'}
2025-06-14 17:11:35,197 - Validation score increased.  Saving model ...
2025-06-14 17:12:55,561 - {'epoch': 12, 'rec_loss': '6.0857'}
2025-06-14 17:13:01,181 - {'Epoch': 12, 'HR@5': '0.1507', 'NDCG@5': '0.0992', 'HR@10': '0.2321', 'NDCG@10': '0.1254', 'HR@20': '0.3265', 'NDCG@20': '0.1493'}
2025-06-14 17:13:01,186 - Validation score increased.  Saving model ...
2025-06-14 17:14:21,499 - {'epoch': 13, 'rec_loss': '5.9929'}
2025-06-14 17:14:27,073 - {'Epoch': 13, 'HR@5': '0.1515', 'NDCG@5': '0.0990', 'HR@10': '0.2364', 'NDCG@10': '0.1264', 'HR@20': '0.3309', 'NDCG@20': '0.1503'}
2025-06-14 17:14:27,078 - Validation score increased.  Saving model ...
2025-06-14 17:15:47,416 - {'epoch': 14, 'rec_loss': '5.9133'}
2025-06-14 17:15:52,923 - {'Epoch': 14, 'HR@5': '0.1560', 'NDCG@5': '0.1017', 'HR@10': '0.2391', 'NDCG@10': '0.1285', 'HR@20': '0.3344', 'NDCG@20': '0.1526'}
2025-06-14 17:15:52,927 - Validation score increased.  Saving model ...
2025-06-14 17:17:13,232 - {'epoch': 15, 'rec_loss': '5.8386'}
2025-06-14 17:17:18,844 - {'Epoch': 15, 'HR@5': '0.1617', 'NDCG@5': '0.1060', 'HR@10': '0.2458', 'NDCG@10': '0.1331', 'HR@20': '0.3400', 'NDCG@20': '0.1569'}
2025-06-14 17:17:18,848 - Validation score increased.  Saving model ...
2025-06-14 17:18:39,428 - {'epoch': 16, 'rec_loss': '5.7763'}
2025-06-14 17:18:45,061 - {'Epoch': 16, 'HR@5': '0.1619', 'NDCG@5': '0.1057', 'HR@10': '0.2461', 'NDCG@10': '0.1328', 'HR@20': '0.3425', 'NDCG@20': '0.1572'}
2025-06-14 17:18:45,065 - Validation score increased.  Saving model ...
2025-06-14 17:20:05,345 - {'epoch': 17, 'rec_loss': '5.7169'}
2025-06-14 17:20:10,946 - {'Epoch': 17, 'HR@5': '0.1643', 'NDCG@5': '0.1074', 'HR@10': '0.2500', 'NDCG@10': '0.1349', 'HR@20': '0.3437', 'NDCG@20': '0.1586'}
2025-06-14 17:20:10,952 - Validation score increased.  Saving model ...
2025-06-14 17:21:31,385 - {'epoch': 18, 'rec_loss': '5.6651'}
2025-06-14 17:21:36,997 - {'Epoch': 18, 'HR@5': '0.1663', 'NDCG@5': '0.1084', 'HR@10': '0.2511', 'NDCG@10': '0.1357', 'HR@20': '0.3462', 'NDCG@20': '0.1598'}
2025-06-14 17:21:37,003 - Validation score increased.  Saving model ...
2025-06-14 17:22:57,072 - {'epoch': 19, 'rec_loss': '5.6167'}
2025-06-14 17:23:02,729 - {'Epoch': 19, 'HR@5': '0.1683', 'NDCG@5': '0.1093', 'HR@10': '0.2513', 'NDCG@10': '0.1359', 'HR@20': '0.3503', 'NDCG@20': '0.1609'}
2025-06-14 17:23:02,733 - Validation score increased.  Saving model ...
2025-06-14 17:24:22,941 - {'epoch': 20, 'rec_loss': '5.5721'}
2025-06-14 17:24:28,547 - {'Epoch': 20, 'HR@5': '0.1681', 'NDCG@5': '0.1105', 'HR@10': '0.2540', 'NDCG@10': '0.1382', 'HR@20': '0.3522', 'NDCG@20': '0.1630'}
2025-06-14 17:24:28,551 - Validation score increased.  Saving model ...
2025-06-14 17:25:48,987 - {'epoch': 21, 'rec_loss': '5.5360'}
2025-06-14 17:25:54,631 - {'Epoch': 21, 'HR@5': '0.1683', 'NDCG@5': '0.1103', 'HR@10': '0.2527', 'NDCG@10': '0.1375', 'HR@20': '0.3523', 'NDCG@20': '0.1628'}
2025-06-14 17:25:54,634 - EarlyStopping counter: 1 out of 10
2025-06-14 17:27:14,908 - {'epoch': 22, 'rec_loss': '5.4968'}
2025-06-14 17:27:20,615 - {'Epoch': 22, 'HR@5': '0.1687', 'NDCG@5': '0.1112', 'HR@10': '0.2574', 'NDCG@10': '0.1397', 'HR@20': '0.3548', 'NDCG@20': '0.1643'}
2025-06-14 17:27:20,620 - Validation score increased.  Saving model ...
2025-06-14 17:28:40,836 - {'epoch': 23, 'rec_loss': '5.4661'}
2025-06-14 17:28:46,526 - {'Epoch': 23, 'HR@5': '0.1706', 'NDCG@5': '0.1116', 'HR@10': '0.2567', 'NDCG@10': '0.1393', 'HR@20': '0.3557', 'NDCG@20': '0.1643'}
2025-06-14 17:28:46,529 - EarlyStopping counter: 1 out of 10
2025-06-14 17:30:06,913 - {'epoch': 24, 'rec_loss': '5.4309'}
2025-06-14 17:30:12,616 - {'Epoch': 24, 'HR@5': '0.1716', 'NDCG@5': '0.1121', 'HR@10': '0.2569', 'NDCG@10': '0.1396', 'HR@20': '0.3592', 'NDCG@20': '0.1654'}
2025-06-14 17:30:12,618 - Validation score increased.  Saving model ...
2025-06-14 17:31:32,906 - {'epoch': 25, 'rec_loss': '5.3988'}
2025-06-14 17:31:38,657 - {'Epoch': 25, 'HR@5': '0.1721', 'NDCG@5': '0.1126', 'HR@10': '0.2578', 'NDCG@10': '0.1402', 'HR@20': '0.3582', 'NDCG@20': '0.1656'}
2025-06-14 17:31:38,661 - Validation score increased.  Saving model ...
2025-06-14 17:32:59,014 - {'epoch': 26, 'rec_loss': '5.3731'}
2025-06-14 17:33:04,619 - {'Epoch': 26, 'HR@5': '0.1728', 'NDCG@5': '0.1125', 'HR@10': '0.2584', 'NDCG@10': '0.1402', 'HR@20': '0.3597', 'NDCG@20': '0.1658'}
2025-06-14 17:33:04,622 - Validation score increased.  Saving model ...
2025-06-14 17:34:24,917 - {'epoch': 27, 'rec_loss': '5.3505'}
2025-06-14 17:34:30,615 - {'Epoch': 27, 'HR@5': '0.1744', 'NDCG@5': '0.1136', 'HR@10': '0.2617', 'NDCG@10': '0.1418', 'HR@20': '0.3621', 'NDCG@20': '0.1671'}
2025-06-14 17:34:30,617 - Validation score increased.  Saving model ...
2025-06-14 17:35:51,122 - {'epoch': 28, 'rec_loss': '5.3250'}
2025-06-14 17:35:56,794 - {'Epoch': 28, 'HR@5': '0.1763', 'NDCG@5': '0.1145', 'HR@10': '0.2622', 'NDCG@10': '0.1422', 'HR@20': '0.3617', 'NDCG@20': '0.1673'}
2025-06-14 17:35:56,799 - Validation score increased.  Saving model ...
2025-06-14 17:37:17,087 - {'epoch': 29, 'rec_loss': '5.3050'}
2025-06-14 17:37:22,765 - {'Epoch': 29, 'HR@5': '0.1755', 'NDCG@5': '0.1141', 'HR@10': '0.2617', 'NDCG@10': '0.1419', 'HR@20': '0.3618', 'NDCG@20': '0.1672'}
2025-06-14 17:37:22,769 - EarlyStopping counter: 1 out of 10
2025-06-14 17:38:43,127 - {'epoch': 30, 'rec_loss': '5.2806'}
2025-06-14 17:38:48,852 - {'Epoch': 30, 'HR@5': '0.1747', 'NDCG@5': '0.1138', 'HR@10': '0.2625', 'NDCG@10': '0.1422', 'HR@20': '0.3611', 'NDCG@20': '0.1671'}
2025-06-14 17:38:48,857 - EarlyStopping counter: 2 out of 10
2025-06-14 17:40:09,025 - {'epoch': 31, 'rec_loss': '5.2610'}
2025-06-14 17:40:14,749 - {'Epoch': 31, 'HR@5': '0.1760', 'NDCG@5': '0.1146', 'HR@10': '0.2628', 'NDCG@10': '0.1425', 'HR@20': '0.3632', 'NDCG@20': '0.1679'}
2025-06-14 17:40:14,752 - Validation score increased.  Saving model ...
2025-06-14 17:41:35,234 - {'epoch': 32, 'rec_loss': '5.2389'}
2025-06-14 17:41:40,903 - {'Epoch': 32, 'HR@5': '0.1761', 'NDCG@5': '0.1144', 'HR@10': '0.2632', 'NDCG@10': '0.1425', 'HR@20': '0.3638', 'NDCG@20': '0.1679'}
2025-06-14 17:41:40,906 - Validation score increased.  Saving model ...
2025-06-14 17:43:01,101 - {'epoch': 33, 'rec_loss': '5.2276'}
2025-06-14 17:43:06,748 - {'Epoch': 33, 'HR@5': '0.1761', 'NDCG@5': '0.1150', 'HR@10': '0.2635', 'NDCG@10': '0.1432', 'HR@20': '0.3634', 'NDCG@20': '0.1684'}
2025-06-14 17:43:06,752 - Validation score increased.  Saving model ...
2025-06-14 17:44:27,065 - {'epoch': 34, 'rec_loss': '5.2059'}
2025-06-14 17:44:32,719 - {'Epoch': 34, 'HR@5': '0.1762', 'NDCG@5': '0.1143', 'HR@10': '0.2655', 'NDCG@10': '0.1431', 'HR@20': '0.3634', 'NDCG@20': '0.1679'}
2025-06-14 17:44:32,723 - EarlyStopping counter: 1 out of 10
2025-06-14 17:45:53,166 - {'epoch': 35, 'rec_loss': '5.1925'}
2025-06-14 17:45:58,894 - {'Epoch': 35, 'HR@5': '0.1759', 'NDCG@5': '0.1154', 'HR@10': '0.2651', 'NDCG@10': '0.1442', 'HR@20': '0.3633', 'NDCG@20': '0.1690'}
2025-06-14 17:45:58,898 - Validation score increased.  Saving model ...
2025-06-14 17:47:19,052 - {'epoch': 36, 'rec_loss': '5.1728'}
2025-06-14 17:47:24,750 - {'Epoch': 36, 'HR@5': '0.1770', 'NDCG@5': '0.1153', 'HR@10': '0.2652', 'NDCG@10': '0.1438', 'HR@20': '0.3639', 'NDCG@20': '0.1687'}
2025-06-14 17:47:24,754 - EarlyStopping counter: 1 out of 10
2025-06-14 17:48:45,111 - {'epoch': 37, 'rec_loss': '5.1594'}
2025-06-14 17:48:50,811 - {'Epoch': 37, 'HR@5': '0.1753', 'NDCG@5': '0.1150', 'HR@10': '0.2636', 'NDCG@10': '0.1436', 'HR@20': '0.3657', 'NDCG@20': '0.1695'}
2025-06-14 17:48:50,815 - Validation score increased.  Saving model ...
2025-06-14 17:50:11,445 - {'epoch': 38, 'rec_loss': '5.1433'}
2025-06-14 17:50:17,176 - {'Epoch': 38, 'HR@5': '0.1753', 'NDCG@5': '0.1156', 'HR@10': '0.2644', 'NDCG@10': '0.1444', 'HR@20': '0.3651', 'NDCG@20': '0.1700'}
2025-06-14 17:50:17,180 - Validation score increased.  Saving model ...
2025-06-14 17:51:37,698 - {'epoch': 39, 'rec_loss': '5.1330'}
2025-06-14 17:51:43,459 - {'Epoch': 39, 'HR@5': '0.1778', 'NDCG@5': '0.1164', 'HR@10': '0.2642', 'NDCG@10': '0.1442', 'HR@20': '0.3646', 'NDCG@20': '0.1697'}
2025-06-14 17:51:43,464 - EarlyStopping counter: 1 out of 10
2025-06-14 17:53:03,813 - {'epoch': 40, 'rec_loss': '5.1201'}
2025-06-14 17:53:09,479 - {'Epoch': 40, 'HR@5': '0.1763', 'NDCG@5': '0.1153', 'HR@10': '0.2647', 'NDCG@10': '0.1439', 'HR@20': '0.3657', 'NDCG@20': '0.1694'}
2025-06-14 17:53:09,483 - EarlyStopping counter: 2 out of 10
2025-06-14 17:54:29,822 - {'epoch': 41, 'rec_loss': '5.1016'}
2025-06-14 17:54:35,602 - {'Epoch': 41, 'HR@5': '0.1775', 'NDCG@5': '0.1160', 'HR@10': '0.2654', 'NDCG@10': '0.1443', 'HR@20': '0.3648', 'NDCG@20': '0.1695'}
2025-06-14 17:54:35,606 - EarlyStopping counter: 3 out of 10
2025-06-14 17:55:55,861 - {'epoch': 42, 'rec_loss': '5.0934'}
2025-06-14 17:56:01,625 - {'Epoch': 42, 'HR@5': '0.1764', 'NDCG@5': '0.1151', 'HR@10': '0.2652', 'NDCG@10': '0.1438', 'HR@20': '0.3659', 'NDCG@20': '0.1692'}
2025-06-14 17:56:01,629 - EarlyStopping counter: 4 out of 10
2025-06-14 17:57:22,048 - {'epoch': 43, 'rec_loss': '5.0815'}
2025-06-14 17:57:27,819 - {'Epoch': 43, 'HR@5': '0.1741', 'NDCG@5': '0.1149', 'HR@10': '0.2670', 'NDCG@10': '0.1449', 'HR@20': '0.3649', 'NDCG@20': '0.1696'}
2025-06-14 17:57:27,823 - EarlyStopping counter: 5 out of 10
2025-06-14 17:58:48,054 - {'epoch': 44, 'rec_loss': '5.0691'}
2025-06-14 17:58:53,801 - {'Epoch': 44, 'HR@5': '0.1756', 'NDCG@5': '0.1142', 'HR@10': '0.2651', 'NDCG@10': '0.1430', 'HR@20': '0.3648', 'NDCG@20': '0.1683'}
2025-06-14 17:58:53,805 - EarlyStopping counter: 6 out of 10
2025-06-14 18:00:14,156 - {'epoch': 45, 'rec_loss': '5.0620'}
2025-06-14 18:00:19,851 - {'Epoch': 45, 'HR@5': '0.1754', 'NDCG@5': '0.1150', 'HR@10': '0.2666', 'NDCG@10': '0.1445', 'HR@20': '0.3650', 'NDCG@20': '0.1694'}
2025-06-14 18:00:19,855 - EarlyStopping counter: 7 out of 10
2025-06-14 18:01:40,358 - {'epoch': 46, 'rec_loss': '5.0528'}
2025-06-14 18:01:46,055 - {'Epoch': 46, 'HR@5': '0.1751', 'NDCG@5': '0.1144', 'HR@10': '0.2665', 'NDCG@10': '0.1439', 'HR@20': '0.3655', 'NDCG@20': '0.1689'}
2025-06-14 18:01:46,058 - EarlyStopping counter: 8 out of 10
2025-06-14 18:03:06,467 - {'epoch': 47, 'rec_loss': '5.0412'}
2025-06-14 18:03:12,223 - {'Epoch': 47, 'HR@5': '0.1758', 'NDCG@5': '0.1155', 'HR@10': '0.2654', 'NDCG@10': '0.1445', 'HR@20': '0.3660', 'NDCG@20': '0.1700'}
2025-06-14 18:03:12,226 - Validation score increased.  Saving model ...
2025-06-14 18:04:32,559 - {'epoch': 48, 'rec_loss': '5.0251'}
2025-06-14 18:04:38,267 - {'Epoch': 48, 'HR@5': '0.1772', 'NDCG@5': '0.1164', 'HR@10': '0.2667', 'NDCG@10': '0.1453', 'HR@20': '0.3654', 'NDCG@20': '0.1703'}
2025-06-14 18:04:38,271 - Validation score increased.  Saving model ...
2025-06-14 18:05:58,578 - {'epoch': 49, 'rec_loss': '5.0200'}
2025-06-14 18:06:04,354 - {'Epoch': 49, 'HR@5': '0.1774', 'NDCG@5': '0.1146', 'HR@10': '0.2677', 'NDCG@10': '0.1437', 'HR@20': '0.3643', 'NDCG@20': '0.1681'}
2025-06-14 18:06:04,358 - EarlyStopping counter: 1 out of 10
2025-06-14 18:07:24,720 - {'epoch': 50, 'rec_loss': '5.0094'}
2025-06-14 18:07:30,603 - {'Epoch': 50, 'HR@5': '0.1755', 'NDCG@5': '0.1150', 'HR@10': '0.2657', 'NDCG@10': '0.1441', 'HR@20': '0.3653', 'NDCG@20': '0.1693'}
2025-06-14 18:07:30,608 - EarlyStopping counter: 2 out of 10
2025-06-14 18:08:51,266 - {'epoch': 51, 'rec_loss': '5.0062'}
2025-06-14 18:08:57,029 - {'Epoch': 51, 'HR@5': '0.1760', 'NDCG@5': '0.1155', 'HR@10': '0.2670', 'NDCG@10': '0.1448', 'HR@20': '0.3658', 'NDCG@20': '0.1698'}
2025-06-14 18:08:57,033 - EarlyStopping counter: 3 out of 10
2025-06-14 18:10:17,336 - {'epoch': 52, 'rec_loss': '4.9958'}
2025-06-14 18:10:23,115 - {'Epoch': 52, 'HR@5': '0.1749', 'NDCG@5': '0.1152', 'HR@10': '0.2664', 'NDCG@10': '0.1448', 'HR@20': '0.3670', 'NDCG@20': '0.1702'}
2025-06-14 18:10:23,119 - EarlyStopping counter: 4 out of 10
2025-06-14 18:11:43,564 - {'epoch': 53, 'rec_loss': '4.9929'}
2025-06-14 18:11:49,305 - {'Epoch': 53, 'HR@5': '0.1745', 'NDCG@5': '0.1139', 'HR@10': '0.2654', 'NDCG@10': '0.1433', 'HR@20': '0.3669', 'NDCG@20': '0.1689'}
2025-06-14 18:11:49,308 - EarlyStopping counter: 5 out of 10
2025-06-14 18:13:09,473 - {'epoch': 54, 'rec_loss': '4.9792'}
2025-06-14 18:13:15,172 - {'Epoch': 54, 'HR@5': '0.1759', 'NDCG@5': '0.1146', 'HR@10': '0.2656', 'NDCG@10': '0.1436', 'HR@20': '0.3660', 'NDCG@20': '0.1690'}
2025-06-14 18:13:15,176 - EarlyStopping counter: 6 out of 10
2025-06-14 18:14:35,612 - {'epoch': 55, 'rec_loss': '4.9705'}
2025-06-14 18:14:41,251 - {'Epoch': 55, 'HR@5': '0.1753', 'NDCG@5': '0.1149', 'HR@10': '0.2665', 'NDCG@10': '0.1444', 'HR@20': '0.3670', 'NDCG@20': '0.1698'}
2025-06-14 18:14:41,255 - EarlyStopping counter: 7 out of 10
2025-06-14 18:16:01,748 - {'epoch': 56, 'rec_loss': '4.9686'}
2025-06-14 18:16:07,523 - {'Epoch': 56, 'HR@5': '0.1747', 'NDCG@5': '0.1140', 'HR@10': '0.2656', 'NDCG@10': '0.1434', 'HR@20': '0.3646', 'NDCG@20': '0.1685'}
2025-06-14 18:16:07,527 - EarlyStopping counter: 8 out of 10
2025-06-14 18:17:28,045 - {'epoch': 57, 'rec_loss': '4.9587'}
2025-06-14 18:17:33,812 - {'Epoch': 57, 'HR@5': '0.1776', 'NDCG@5': '0.1161', 'HR@10': '0.2672', 'NDCG@10': '0.1448', 'HR@20': '0.3672', 'NDCG@20': '0.1701'}
2025-06-14 18:17:33,815 - EarlyStopping counter: 9 out of 10
2025-06-14 18:18:54,387 - {'epoch': 58, 'rec_loss': '4.9540'}
2025-06-14 18:19:00,117 - {'Epoch': 58, 'HR@5': '0.1771', 'NDCG@5': '0.1159', 'HR@10': '0.2645', 'NDCG@10': '0.1441', 'HR@20': '0.3665', 'NDCG@20': '0.1699'}
2025-06-14 18:19:00,122 - EarlyStopping counter: 10 out of 10
2025-06-14 18:19:00,122 - Early stopping
2025-06-14 18:19:00,122 - ---------------Validation Score---------------
2025-06-14 18:19:05,793 - {'Epoch': 0, 'HR@5': '0.1772', 'NDCG@5': '0.1164', 'HR@10': '0.2667', 'NDCG@10': '0.1453', 'HR@20': '0.3654', 'NDCG@20': '0.1703'}
2025-06-14 18:19:05,797 - FEARec_Diginetica
2025-06-14 18:19:05,797 - {'Epoch': 0, 'HR@5': '0.1772', 'NDCG@5': '0.1164', 'HR@10': '0.2667', 'NDCG@10': '0.1453', 'HR@20': '0.3654', 'NDCG@20': '0.1703'}
