2025-06-13 20:00:56,947 - Namespace(data_dir='data/self_processed/', output_dir='hparam_search/', data_name='Diginetica', train_name='BERT4Rec_Diginetica', num_items=10, num_users=14829, lr=0.001, batch_size=256, epochs=200, no_cuda=False, log_freq=1, patience=10, num_workers=4, seed=42, weight_decay=0.0, adam_beta1=0.9, adam_beta2=0.999, gpu_id='0', variance=5, model_type='BERT4Rec', max_seq_length=50, hidden_size=64, num_hidden_layers=2, hidden_act='gelu', num_attention_heads=2, attention_probs_dropout_prob=0.5, hidden_dropout_prob=0.5, initializer_range=0.02, mask_ratio=0.6, cuda_condition=True, data_file='data/self_processed/Diginetica.txt', item_size=9441, checkpoint_path=PosixPath('/gpfs/home3/scur2771/BSARec/BSARec/src/hparam_search/BERT4Rec_Diginetica/12362289_6/model.pt'), same_target_path='data/self_processed/Diginetica_same_target.npy')
2025-06-13 20:00:56,970 - BERT4RecModel(
  (item_embeddings): Embedding(9442, 64, padding_idx=0)
  (position_embeddings): Embedding(50, 64)
  (item_encoder): TransformerEncoder(
    (blocks): ModuleList(
      (0): TransformerBlock(
        (layer): MultiHeadAttention(
          (query): Linear(in_features=64, out_features=64, bias=True)
          (key): Linear(in_features=64, out_features=64, bias=True)
          (value): Linear(in_features=64, out_features=64, bias=True)
          (softmax): Softmax(dim=-1)
          (attn_dropout): Dropout(p=0.5, inplace=False)
          (dense): Linear(in_features=64, out_features=64, bias=True)
          (LayerNorm): LayerNorm((64,), eps=1e-12, elementwise_affine=True)
          (out_dropout): Dropout(p=0.5, inplace=False)
        )
        (feed_forward): FeedForward(
          (dense_1): Linear(in_features=64, out_features=256, bias=True)
          (dense_2): Linear(in_features=256, out_features=64, bias=True)
          (LayerNorm): LayerNorm()
          (dropout): Dropout(p=0.5, inplace=False)
        )
      )
      (1): TransformerBlock(
        (layer): MultiHeadAttention(
          (query): Linear(in_features=64, out_features=64, bias=True)
          (key): Linear(in_features=64, out_features=64, bias=True)
          (value): Linear(in_features=64, out_features=64, bias=True)
          (softmax): Softmax(dim=-1)
          (attn_dropout): Dropout(p=0.5, inplace=False)
          (dense): Linear(in_features=64, out_features=64, bias=True)
          (LayerNorm): LayerNorm((64,), eps=1e-12, elementwise_affine=True)
          (out_dropout): Dropout(p=0.5, inplace=False)
        )
        (feed_forward): FeedForward(
          (dense_1): Linear(in_features=64, out_features=256, bias=True)
          (dense_2): Linear(in_features=256, out_features=64, bias=True)
          (LayerNorm): LayerNorm()
          (dropout): Dropout(p=0.5, inplace=False)
        )
      )
    )
  )
  (LayerNorm): LayerNorm()
  (dropout): Dropout(p=0.5, inplace=False)
)
2025-06-13 20:00:59,124 - Total Parameters: 707584
2025-06-13 20:01:12,818 - {'epoch': 0, 'rec_loss': '8.9421'}
2025-06-13 20:01:17,627 - {'Epoch': 0, 'HR@5': '0.0033', 'NDCG@5': '0.0019', 'HR@10': '0.0056', 'NDCG@10': '0.0026', 'HR@20': '0.0092', 'NDCG@20': '0.0035'}
2025-06-13 20:01:17,629 - Validation score increased.  Saving model ...
2025-06-13 20:01:29,927 - {'epoch': 1, 'rec_loss': '8.7441'}
2025-06-13 20:01:34,523 - {'Epoch': 1, 'HR@5': '0.0031', 'NDCG@5': '0.0019', 'HR@10': '0.0063', 'NDCG@10': '0.0029', 'HR@20': '0.0123', 'NDCG@20': '0.0044'}
2025-06-13 20:01:34,524 - Validation score increased.  Saving model ...
2025-06-13 20:01:46,783 - {'epoch': 2, 'rec_loss': '8.5481'}
2025-06-13 20:01:51,381 - {'Epoch': 2, 'HR@5': '0.0063', 'NDCG@5': '0.0036', 'HR@10': '0.0107', 'NDCG@10': '0.0049', 'HR@20': '0.0185', 'NDCG@20': '0.0069'}
2025-06-13 20:01:51,384 - Validation score increased.  Saving model ...
2025-06-13 20:02:03,637 - {'epoch': 3, 'rec_loss': '8.3539'}
2025-06-13 20:02:08,249 - {'Epoch': 3, 'HR@5': '0.0071', 'NDCG@5': '0.0044', 'HR@10': '0.0137', 'NDCG@10': '0.0064', 'HR@20': '0.0257', 'NDCG@20': '0.0095'}
2025-06-13 20:02:08,253 - Validation score increased.  Saving model ...
2025-06-13 20:02:20,456 - {'epoch': 4, 'rec_loss': '8.2033'}
2025-06-13 20:02:25,012 - {'Epoch': 4, 'HR@5': '0.0096', 'NDCG@5': '0.0058', 'HR@10': '0.0185', 'NDCG@10': '0.0086', 'HR@20': '0.0321', 'NDCG@20': '0.0121'}
2025-06-13 20:02:25,014 - Validation score increased.  Saving model ...
2025-06-13 20:02:37,224 - {'epoch': 5, 'rec_loss': '8.0883'}
2025-06-13 20:02:41,722 - {'Epoch': 5, 'HR@5': '0.0132', 'NDCG@5': '0.0077', 'HR@10': '0.0243', 'NDCG@10': '0.0112', 'HR@20': '0.0421', 'NDCG@20': '0.0157'}
2025-06-13 20:02:41,724 - Validation score increased.  Saving model ...
2025-06-13 20:02:53,961 - {'epoch': 6, 'rec_loss': '7.9668'}
2025-06-13 20:02:58,455 - {'Epoch': 6, 'HR@5': '0.0186', 'NDCG@5': '0.0110', 'HR@10': '0.0322', 'NDCG@10': '0.0154', 'HR@20': '0.0553', 'NDCG@20': '0.0211'}
2025-06-13 20:02:58,456 - Validation score increased.  Saving model ...
2025-06-13 20:03:10,678 - {'epoch': 7, 'rec_loss': '7.8608'}
2025-06-13 20:03:15,281 - {'Epoch': 7, 'HR@5': '0.0242', 'NDCG@5': '0.0143', 'HR@10': '0.0430', 'NDCG@10': '0.0203', 'HR@20': '0.0691', 'NDCG@20': '0.0269'}
2025-06-13 20:03:15,282 - Validation score increased.  Saving model ...
2025-06-13 20:03:27,589 - {'epoch': 8, 'rec_loss': '7.7414'}
2025-06-13 20:03:32,168 - {'Epoch': 8, 'HR@5': '0.0307', 'NDCG@5': '0.0197', 'HR@10': '0.0535', 'NDCG@10': '0.0270', 'HR@20': '0.0890', 'NDCG@20': '0.0359'}
2025-06-13 20:03:32,171 - Validation score increased.  Saving model ...
2025-06-13 20:03:44,476 - {'epoch': 9, 'rec_loss': '7.6229'}
2025-06-13 20:03:49,119 - {'Epoch': 9, 'HR@5': '0.0373', 'NDCG@5': '0.0234', 'HR@10': '0.0645', 'NDCG@10': '0.0321', 'HR@20': '0.1042', 'NDCG@20': '0.0420'}
2025-06-13 20:03:49,120 - Validation score increased.  Saving model ...
2025-06-13 20:04:01,354 - {'epoch': 10, 'rec_loss': '7.5345'}
2025-06-13 20:04:05,897 - {'Epoch': 10, 'HR@5': '0.0410', 'NDCG@5': '0.0257', 'HR@10': '0.0685', 'NDCG@10': '0.0346', 'HR@20': '0.1103', 'NDCG@20': '0.0451'}
2025-06-13 20:04:05,901 - Validation score increased.  Saving model ...
2025-06-13 20:04:18,136 - {'epoch': 11, 'rec_loss': '7.4564'}
2025-06-13 20:04:22,653 - {'Epoch': 11, 'HR@5': '0.0420', 'NDCG@5': '0.0261', 'HR@10': '0.0769', 'NDCG@10': '0.0373', 'HR@20': '0.1233', 'NDCG@20': '0.0490'}
2025-06-13 20:04:22,654 - Validation score increased.  Saving model ...
2025-06-13 20:04:34,955 - {'epoch': 12, 'rec_loss': '7.3910'}
2025-06-13 20:04:39,474 - {'Epoch': 12, 'HR@5': '0.0477', 'NDCG@5': '0.0294', 'HR@10': '0.0830', 'NDCG@10': '0.0408', 'HR@20': '0.1358', 'NDCG@20': '0.0540'}
2025-06-13 20:04:39,475 - Validation score increased.  Saving model ...
2025-06-13 20:04:51,682 - {'epoch': 13, 'rec_loss': '7.3261'}
2025-06-13 20:04:56,211 - {'Epoch': 13, 'HR@5': '0.0538', 'NDCG@5': '0.0333', 'HR@10': '0.0894', 'NDCG@10': '0.0447', 'HR@20': '0.1438', 'NDCG@20': '0.0583'}
2025-06-13 20:04:56,213 - Validation score increased.  Saving model ...
2025-06-13 20:05:08,431 - {'epoch': 14, 'rec_loss': '7.2668'}
2025-06-13 20:05:12,968 - {'Epoch': 14, 'HR@5': '0.0551', 'NDCG@5': '0.0348', 'HR@10': '0.0941', 'NDCG@10': '0.0473', 'HR@20': '0.1490', 'NDCG@20': '0.0611'}
2025-06-13 20:05:12,970 - Validation score increased.  Saving model ...
2025-06-13 20:05:25,312 - {'epoch': 15, 'rec_loss': '7.2080'}
2025-06-13 20:05:29,879 - {'Epoch': 15, 'HR@5': '0.0565', 'NDCG@5': '0.0353', 'HR@10': '0.0963', 'NDCG@10': '0.0480', 'HR@20': '0.1581', 'NDCG@20': '0.0635'}
2025-06-13 20:05:29,880 - Validation score increased.  Saving model ...
2025-06-13 20:05:42,148 - {'epoch': 16, 'rec_loss': '7.1559'}
2025-06-13 20:05:46,673 - {'Epoch': 16, 'HR@5': '0.0594', 'NDCG@5': '0.0365', 'HR@10': '0.1014', 'NDCG@10': '0.0499', 'HR@20': '0.1649', 'NDCG@20': '0.0659'}
2025-06-13 20:05:46,676 - Validation score increased.  Saving model ...
2025-06-13 20:05:58,980 - {'epoch': 17, 'rec_loss': '7.1089'}
2025-06-13 20:06:03,542 - {'Epoch': 17, 'HR@5': '0.0609', 'NDCG@5': '0.0384', 'HR@10': '0.1041', 'NDCG@10': '0.0523', 'HR@20': '0.1716', 'NDCG@20': '0.0692'}
2025-06-13 20:06:03,545 - Validation score increased.  Saving model ...
2025-06-13 20:06:15,727 - {'epoch': 18, 'rec_loss': '7.0690'}
2025-06-13 20:06:20,339 - {'Epoch': 18, 'HR@5': '0.0672', 'NDCG@5': '0.0416', 'HR@10': '0.1117', 'NDCG@10': '0.0559', 'HR@20': '0.1778', 'NDCG@20': '0.0724'}
2025-06-13 20:06:20,339 - Validation score increased.  Saving model ...
2025-06-13 20:06:32,620 - {'epoch': 19, 'rec_loss': '7.0149'}
2025-06-13 20:06:37,216 - {'Epoch': 19, 'HR@5': '0.0688', 'NDCG@5': '0.0425', 'HR@10': '0.1184', 'NDCG@10': '0.0584', 'HR@20': '0.1856', 'NDCG@20': '0.0753'}
2025-06-13 20:06:37,216 - Validation score increased.  Saving model ...
2025-06-13 20:06:49,442 - {'epoch': 20, 'rec_loss': '6.9794'}
2025-06-13 20:06:54,114 - {'Epoch': 20, 'HR@5': '0.0732', 'NDCG@5': '0.0465', 'HR@10': '0.1224', 'NDCG@10': '0.0623', 'HR@20': '0.1951', 'NDCG@20': '0.0806'}
2025-06-13 20:06:54,120 - Validation score increased.  Saving model ...
2025-06-13 20:07:06,288 - {'epoch': 21, 'rec_loss': '6.9365'}
2025-06-13 20:07:10,934 - {'Epoch': 21, 'HR@5': '0.0738', 'NDCG@5': '0.0463', 'HR@10': '0.1229', 'NDCG@10': '0.0621', 'HR@20': '0.1939', 'NDCG@20': '0.0798'}
2025-06-13 20:07:10,936 - EarlyStopping counter: 1 out of 10
2025-06-13 20:07:23,213 - {'epoch': 22, 'rec_loss': '6.9006'}
2025-06-13 20:07:27,751 - {'Epoch': 22, 'HR@5': '0.0758', 'NDCG@5': '0.0482', 'HR@10': '0.1248', 'NDCG@10': '0.0639', 'HR@20': '0.2055', 'NDCG@20': '0.0843'}
2025-06-13 20:07:27,753 - Validation score increased.  Saving model ...
2025-06-13 20:07:39,929 - {'epoch': 23, 'rec_loss': '6.8758'}
2025-06-13 20:07:44,554 - {'Epoch': 23, 'HR@5': '0.0770', 'NDCG@5': '0.0486', 'HR@10': '0.1311', 'NDCG@10': '0.0659', 'HR@20': '0.2101', 'NDCG@20': '0.0858'}
2025-06-13 20:07:44,555 - Validation score increased.  Saving model ...
2025-06-13 20:07:56,772 - {'epoch': 24, 'rec_loss': '6.8479'}
2025-06-13 20:08:01,365 - {'Epoch': 24, 'HR@5': '0.0803', 'NDCG@5': '0.0503', 'HR@10': '0.1337', 'NDCG@10': '0.0674', 'HR@20': '0.2126', 'NDCG@20': '0.0872'}
2025-06-13 20:08:01,366 - Validation score increased.  Saving model ...
2025-06-13 20:08:13,609 - {'epoch': 25, 'rec_loss': '6.8206'}
2025-06-13 20:08:18,262 - {'Epoch': 25, 'HR@5': '0.0801', 'NDCG@5': '0.0507', 'HR@10': '0.1354', 'NDCG@10': '0.0685', 'HR@20': '0.2176', 'NDCG@20': '0.0891'}
2025-06-13 20:08:18,264 - Validation score increased.  Saving model ...
2025-06-13 20:08:30,531 - {'epoch': 26, 'rec_loss': '6.7940'}
2025-06-13 20:08:35,156 - {'Epoch': 26, 'HR@5': '0.0817', 'NDCG@5': '0.0513', 'HR@10': '0.1402', 'NDCG@10': '0.0701', 'HR@20': '0.2199', 'NDCG@20': '0.0901'}
2025-06-13 20:08:35,157 - Validation score increased.  Saving model ...
2025-06-13 20:08:47,372 - {'epoch': 27, 'rec_loss': '6.7593'}
2025-06-13 20:08:51,951 - {'Epoch': 27, 'HR@5': '0.0883', 'NDCG@5': '0.0544', 'HR@10': '0.1473', 'NDCG@10': '0.0732', 'HR@20': '0.2314', 'NDCG@20': '0.0944'}
2025-06-13 20:08:51,953 - Validation score increased.  Saving model ...
2025-06-13 20:09:04,190 - {'epoch': 28, 'rec_loss': '6.7328'}
2025-06-13 20:09:08,810 - {'Epoch': 28, 'HR@5': '0.0881', 'NDCG@5': '0.0554', 'HR@10': '0.1478', 'NDCG@10': '0.0746', 'HR@20': '0.2329', 'NDCG@20': '0.0960'}
2025-06-13 20:09:08,812 - Validation score increased.  Saving model ...
2025-06-13 20:09:21,055 - {'epoch': 29, 'rec_loss': '6.7136'}
2025-06-13 20:09:25,679 - {'Epoch': 29, 'HR@5': '0.0917', 'NDCG@5': '0.0572', 'HR@10': '0.1532', 'NDCG@10': '0.0769', 'HR@20': '0.2412', 'NDCG@20': '0.0990'}
2025-06-13 20:09:25,680 - Validation score increased.  Saving model ...
2025-06-13 20:09:37,997 - {'epoch': 30, 'rec_loss': '6.6667'}
2025-06-13 20:09:42,623 - {'Epoch': 30, 'HR@5': '0.0917', 'NDCG@5': '0.0576', 'HR@10': '0.1532', 'NDCG@10': '0.0773', 'HR@20': '0.2402', 'NDCG@20': '0.0993'}
2025-06-13 20:09:42,624 - Validation score increased.  Saving model ...
2025-06-13 20:09:54,910 - {'epoch': 31, 'rec_loss': '6.6610'}
2025-06-13 20:09:59,514 - {'Epoch': 31, 'HR@5': '0.0920', 'NDCG@5': '0.0578', 'HR@10': '0.1583', 'NDCG@10': '0.0790', 'HR@20': '0.2480', 'NDCG@20': '0.1016'}
2025-06-13 20:09:59,516 - Validation score increased.  Saving model ...
2025-06-13 20:10:11,826 - {'epoch': 32, 'rec_loss': '6.6450'}
2025-06-13 20:10:16,357 - {'Epoch': 32, 'HR@5': '0.0970', 'NDCG@5': '0.0609', 'HR@10': '0.1585', 'NDCG@10': '0.0807', 'HR@20': '0.2492', 'NDCG@20': '0.1036'}
2025-06-13 20:10:16,358 - Validation score increased.  Saving model ...
2025-06-13 20:10:28,635 - {'epoch': 33, 'rec_loss': '6.6170'}
2025-06-13 20:10:33,261 - {'Epoch': 33, 'HR@5': '0.0952', 'NDCG@5': '0.0595', 'HR@10': '0.1606', 'NDCG@10': '0.0806', 'HR@20': '0.2478', 'NDCG@20': '0.1026'}
2025-06-13 20:10:33,262 - EarlyStopping counter: 1 out of 10
2025-06-13 20:10:45,587 - {'epoch': 34, 'rec_loss': '6.5983'}
2025-06-13 20:10:50,211 - {'Epoch': 34, 'HR@5': '0.0996', 'NDCG@5': '0.0624', 'HR@10': '0.1668', 'NDCG@10': '0.0840', 'HR@20': '0.2537', 'NDCG@20': '0.1058'}
2025-06-13 20:10:50,213 - Validation score increased.  Saving model ...
2025-06-13 20:11:02,515 - {'epoch': 35, 'rec_loss': '6.5818'}
2025-06-13 20:11:07,129 - {'Epoch': 35, 'HR@5': '0.1006', 'NDCG@5': '0.0626', 'HR@10': '0.1651', 'NDCG@10': '0.0833', 'HR@20': '0.2567', 'NDCG@20': '0.1064'}
2025-06-13 20:11:07,130 - Validation score increased.  Saving model ...
2025-06-13 20:11:19,404 - {'epoch': 36, 'rec_loss': '6.5549'}
2025-06-13 20:11:24,027 - {'Epoch': 36, 'HR@5': '0.1010', 'NDCG@5': '0.0641', 'HR@10': '0.1678', 'NDCG@10': '0.0855', 'HR@20': '0.2588', 'NDCG@20': '0.1083'}
2025-06-13 20:11:24,028 - Validation score increased.  Saving model ...
2025-06-13 20:11:36,357 - {'epoch': 37, 'rec_loss': '6.5498'}
2025-06-13 20:11:40,969 - {'Epoch': 37, 'HR@5': '0.1019', 'NDCG@5': '0.0643', 'HR@10': '0.1689', 'NDCG@10': '0.0858', 'HR@20': '0.2632', 'NDCG@20': '0.1096'}
2025-06-13 20:11:40,971 - Validation score increased.  Saving model ...
2025-06-13 20:11:53,203 - {'epoch': 38, 'rec_loss': '6.5351'}
2025-06-13 20:11:57,786 - {'Epoch': 38, 'HR@5': '0.1057', 'NDCG@5': '0.0664', 'HR@10': '0.1730', 'NDCG@10': '0.0881', 'HR@20': '0.2677', 'NDCG@20': '0.1119'}
2025-06-13 20:11:57,789 - Validation score increased.  Saving model ...
2025-06-13 20:12:10,022 - {'epoch': 39, 'rec_loss': '6.5115'}
2025-06-13 20:12:14,571 - {'Epoch': 39, 'HR@5': '0.1036', 'NDCG@5': '0.0647', 'HR@10': '0.1745', 'NDCG@10': '0.0875', 'HR@20': '0.2707', 'NDCG@20': '0.1117'}
2025-06-13 20:12:14,572 - EarlyStopping counter: 1 out of 10
2025-06-13 20:12:26,899 - {'epoch': 40, 'rec_loss': '6.5070'}
2025-06-13 20:12:31,614 - {'Epoch': 40, 'HR@5': '0.1096', 'NDCG@5': '0.0695', 'HR@10': '0.1762', 'NDCG@10': '0.0909', 'HR@20': '0.2679', 'NDCG@20': '0.1140'}
2025-06-13 20:12:31,615 - Validation score increased.  Saving model ...
2025-06-13 20:12:43,972 - {'epoch': 41, 'rec_loss': '6.4831'}
2025-06-13 20:12:48,627 - {'Epoch': 41, 'HR@5': '0.1102', 'NDCG@5': '0.0699', 'HR@10': '0.1788', 'NDCG@10': '0.0920', 'HR@20': '0.2719', 'NDCG@20': '0.1154'}
2025-06-13 20:12:48,630 - Validation score increased.  Saving model ...
2025-06-13 20:13:00,925 - {'epoch': 42, 'rec_loss': '6.4798'}
2025-06-13 20:13:05,541 - {'Epoch': 42, 'HR@5': '0.1090', 'NDCG@5': '0.0690', 'HR@10': '0.1799', 'NDCG@10': '0.0918', 'HR@20': '0.2732', 'NDCG@20': '0.1154'}
2025-06-13 20:13:05,542 - Validation score increased.  Saving model ...
2025-06-13 20:13:17,839 - {'epoch': 43, 'rec_loss': '6.4614'}
2025-06-13 20:13:22,461 - {'Epoch': 43, 'HR@5': '0.1114', 'NDCG@5': '0.0708', 'HR@10': '0.1797', 'NDCG@10': '0.0927', 'HR@20': '0.2750', 'NDCG@20': '0.1166'}
2025-06-13 20:13:22,462 - Validation score increased.  Saving model ...
2025-06-13 20:13:34,753 - {'epoch': 44, 'rec_loss': '6.4450'}
2025-06-13 20:13:39,388 - {'Epoch': 44, 'HR@5': '0.1105', 'NDCG@5': '0.0697', 'HR@10': '0.1818', 'NDCG@10': '0.0926', 'HR@20': '0.2756', 'NDCG@20': '0.1163'}
2025-06-13 20:13:39,392 - EarlyStopping counter: 1 out of 10
2025-06-13 20:13:51,679 - {'epoch': 45, 'rec_loss': '6.4452'}
2025-06-13 20:13:56,286 - {'Epoch': 45, 'HR@5': '0.1146', 'NDCG@5': '0.0713', 'HR@10': '0.1821', 'NDCG@10': '0.0930', 'HR@20': '0.2746', 'NDCG@20': '0.1163'}
2025-06-13 20:13:56,288 - EarlyStopping counter: 2 out of 10
2025-06-13 20:14:08,504 - {'epoch': 46, 'rec_loss': '6.4254'}
2025-06-13 20:14:13,093 - {'Epoch': 46, 'HR@5': '0.1128', 'NDCG@5': '0.0701', 'HR@10': '0.1836', 'NDCG@10': '0.0928', 'HR@20': '0.2749', 'NDCG@20': '0.1158'}
2025-06-13 20:14:13,094 - EarlyStopping counter: 3 out of 10
2025-06-13 20:14:25,376 - {'epoch': 47, 'rec_loss': '6.4087'}
2025-06-13 20:14:29,990 - {'Epoch': 47, 'HR@5': '0.1108', 'NDCG@5': '0.0692', 'HR@10': '0.1824', 'NDCG@10': '0.0922', 'HR@20': '0.2797', 'NDCG@20': '0.1168'}
2025-06-13 20:14:29,991 - Validation score increased.  Saving model ...
2025-06-13 20:14:42,212 - {'epoch': 48, 'rec_loss': '6.4198'}
2025-06-13 20:14:46,864 - {'Epoch': 48, 'HR@5': '0.1126', 'NDCG@5': '0.0712', 'HR@10': '0.1868', 'NDCG@10': '0.0950', 'HR@20': '0.2814', 'NDCG@20': '0.1188'}
2025-06-13 20:14:46,866 - Validation score increased.  Saving model ...
2025-06-13 20:14:59,183 - {'epoch': 49, 'rec_loss': '6.4079'}
2025-06-13 20:15:03,765 - {'Epoch': 49, 'HR@5': '0.1118', 'NDCG@5': '0.0700', 'HR@10': '0.1836', 'NDCG@10': '0.0931', 'HR@20': '0.2779', 'NDCG@20': '0.1169'}
2025-06-13 20:15:03,766 - EarlyStopping counter: 1 out of 10
2025-06-13 20:15:16,029 - {'epoch': 50, 'rec_loss': '6.3757'}
2025-06-13 20:15:20,605 - {'Epoch': 50, 'HR@5': '0.1151', 'NDCG@5': '0.0727', 'HR@10': '0.1882', 'NDCG@10': '0.0962', 'HR@20': '0.2801', 'NDCG@20': '0.1193'}
2025-06-13 20:15:20,609 - Validation score increased.  Saving model ...
2025-06-13 20:15:32,880 - {'epoch': 51, 'rec_loss': '6.3850'}
2025-06-13 20:15:37,432 - {'Epoch': 51, 'HR@5': '0.1158', 'NDCG@5': '0.0723', 'HR@10': '0.1888', 'NDCG@10': '0.0957', 'HR@20': '0.2816', 'NDCG@20': '0.1191'}
2025-06-13 20:15:37,433 - EarlyStopping counter: 1 out of 10
2025-06-13 20:15:49,797 - {'epoch': 52, 'rec_loss': '6.3816'}
2025-06-13 20:15:54,497 - {'Epoch': 52, 'HR@5': '0.1165', 'NDCG@5': '0.0740', 'HR@10': '0.1907', 'NDCG@10': '0.0979', 'HR@20': '0.2868', 'NDCG@20': '0.1222'}
2025-06-13 20:15:54,498 - Validation score increased.  Saving model ...
2025-06-13 20:16:06,811 - {'epoch': 53, 'rec_loss': '6.3620'}
2025-06-13 20:16:11,442 - {'Epoch': 53, 'HR@5': '0.1198', 'NDCG@5': '0.0761', 'HR@10': '0.1926', 'NDCG@10': '0.0995', 'HR@20': '0.2926', 'NDCG@20': '0.1247'}
2025-06-13 20:16:11,448 - Validation score increased.  Saving model ...
2025-06-13 20:16:23,643 - {'epoch': 54, 'rec_loss': '6.3681'}
2025-06-13 20:16:28,312 - {'Epoch': 54, 'HR@5': '0.1178', 'NDCG@5': '0.0746', 'HR@10': '0.1930', 'NDCG@10': '0.0988', 'HR@20': '0.2873', 'NDCG@20': '0.1226'}
2025-06-13 20:16:28,314 - EarlyStopping counter: 1 out of 10
2025-06-13 20:16:40,553 - {'epoch': 55, 'rec_loss': '6.3519'}
2025-06-13 20:16:45,090 - {'Epoch': 55, 'HR@5': '0.1170', 'NDCG@5': '0.0738', 'HR@10': '0.1917', 'NDCG@10': '0.0978', 'HR@20': '0.2896', 'NDCG@20': '0.1225'}
2025-06-13 20:16:45,092 - EarlyStopping counter: 2 out of 10
2025-06-13 20:16:57,367 - {'epoch': 56, 'rec_loss': '6.3506'}
2025-06-13 20:17:02,047 - {'Epoch': 56, 'HR@5': '0.1175', 'NDCG@5': '0.0738', 'HR@10': '0.1908', 'NDCG@10': '0.0973', 'HR@20': '0.2866', 'NDCG@20': '0.1215'}
2025-06-13 20:17:02,048 - EarlyStopping counter: 3 out of 10
2025-06-13 20:17:14,289 - {'epoch': 57, 'rec_loss': '6.3415'}
2025-06-13 20:17:18,962 - {'Epoch': 57, 'HR@5': '0.1195', 'NDCG@5': '0.0752', 'HR@10': '0.1934', 'NDCG@10': '0.0989', 'HR@20': '0.2890', 'NDCG@20': '0.1230'}
2025-06-13 20:17:18,963 - EarlyStopping counter: 4 out of 10
2025-06-13 20:17:31,187 - {'epoch': 58, 'rec_loss': '6.3457'}
2025-06-13 20:17:35,729 - {'Epoch': 58, 'HR@5': '0.1192', 'NDCG@5': '0.0754', 'HR@10': '0.1941', 'NDCG@10': '0.0995', 'HR@20': '0.2890', 'NDCG@20': '0.1234'}
2025-06-13 20:17:35,730 - EarlyStopping counter: 5 out of 10
2025-06-13 20:17:47,994 - {'epoch': 59, 'rec_loss': '6.3298'}
2025-06-13 20:17:52,597 - {'Epoch': 59, 'HR@5': '0.1192', 'NDCG@5': '0.0751', 'HR@10': '0.1964', 'NDCG@10': '0.1000', 'HR@20': '0.2914', 'NDCG@20': '0.1238'}
2025-06-13 20:17:52,602 - EarlyStopping counter: 6 out of 10
2025-06-13 20:18:04,892 - {'epoch': 60, 'rec_loss': '6.3152'}
2025-06-13 20:18:09,484 - {'Epoch': 60, 'HR@5': '0.1200', 'NDCG@5': '0.0758', 'HR@10': '0.1954', 'NDCG@10': '0.1001', 'HR@20': '0.2917', 'NDCG@20': '0.1243'}
2025-06-13 20:18:09,485 - EarlyStopping counter: 7 out of 10
2025-06-13 20:18:21,724 - {'epoch': 61, 'rec_loss': '6.3088'}
2025-06-13 20:18:26,369 - {'Epoch': 61, 'HR@5': '0.1191', 'NDCG@5': '0.0752', 'HR@10': '0.1964', 'NDCG@10': '0.1001', 'HR@20': '0.2934', 'NDCG@20': '0.1245'}
2025-06-13 20:18:26,370 - EarlyStopping counter: 8 out of 10
2025-06-13 20:18:38,567 - {'epoch': 62, 'rec_loss': '6.3045'}
2025-06-13 20:18:43,166 - {'Epoch': 62, 'HR@5': '0.1236', 'NDCG@5': '0.0773', 'HR@10': '0.1963', 'NDCG@10': '0.1007', 'HR@20': '0.2953', 'NDCG@20': '0.1257'}
2025-06-13 20:18:43,172 - Validation score increased.  Saving model ...
2025-06-13 20:18:55,444 - {'epoch': 63, 'rec_loss': '6.2846'}
2025-06-13 20:19:00,186 - {'Epoch': 63, 'HR@5': '0.1204', 'NDCG@5': '0.0761', 'HR@10': '0.1977', 'NDCG@10': '0.1009', 'HR@20': '0.2975', 'NDCG@20': '0.1259'}
2025-06-13 20:19:00,187 - Validation score increased.  Saving model ...
2025-06-13 20:19:12,415 - {'epoch': 64, 'rec_loss': '6.2897'}
2025-06-13 20:19:16,988 - {'Epoch': 64, 'HR@5': '0.1219', 'NDCG@5': '0.0767', 'HR@10': '0.1959', 'NDCG@10': '0.1005', 'HR@20': '0.2964', 'NDCG@20': '0.1258'}
2025-06-13 20:19:16,989 - EarlyStopping counter: 1 out of 10
2025-06-13 20:19:29,250 - {'epoch': 65, 'rec_loss': '6.2839'}
2025-06-13 20:19:33,963 - {'Epoch': 65, 'HR@5': '0.1209', 'NDCG@5': '0.0763', 'HR@10': '0.1960', 'NDCG@10': '0.1004', 'HR@20': '0.2969', 'NDCG@20': '0.1258'}
2025-06-13 20:19:33,964 - EarlyStopping counter: 2 out of 10
2025-06-13 20:19:46,239 - {'epoch': 66, 'rec_loss': '6.2732'}
2025-06-13 20:19:50,833 - {'Epoch': 66, 'HR@5': '0.1206', 'NDCG@5': '0.0756', 'HR@10': '0.1947', 'NDCG@10': '0.0996', 'HR@20': '0.2930', 'NDCG@20': '0.1244'}
2025-06-13 20:19:50,835 - EarlyStopping counter: 3 out of 10
2025-06-13 20:20:03,157 - {'epoch': 67, 'rec_loss': '6.2828'}
2025-06-13 20:20:07,786 - {'Epoch': 67, 'HR@5': '0.1227', 'NDCG@5': '0.0769', 'HR@10': '0.2005', 'NDCG@10': '0.1019', 'HR@20': '0.2965', 'NDCG@20': '0.1261'}
2025-06-13 20:20:07,787 - Validation score increased.  Saving model ...
2025-06-13 20:20:20,049 - {'epoch': 68, 'rec_loss': '6.2691'}
2025-06-13 20:20:24,665 - {'Epoch': 68, 'HR@5': '0.1250', 'NDCG@5': '0.0788', 'HR@10': '0.1987', 'NDCG@10': '0.1025', 'HR@20': '0.2999', 'NDCG@20': '0.1281'}
2025-06-13 20:20:24,667 - Validation score increased.  Saving model ...
2025-06-13 20:20:36,942 - {'epoch': 69, 'rec_loss': '6.2559'}
2025-06-13 20:20:41,525 - {'Epoch': 69, 'HR@5': '0.1230', 'NDCG@5': '0.0785', 'HR@10': '0.1979', 'NDCG@10': '0.1026', 'HR@20': '0.2973', 'NDCG@20': '0.1276'}
2025-06-13 20:20:41,526 - EarlyStopping counter: 1 out of 10
2025-06-13 20:20:53,780 - {'epoch': 70, 'rec_loss': '6.2638'}
2025-06-13 20:20:58,437 - {'Epoch': 70, 'HR@5': '0.1244', 'NDCG@5': '0.0774', 'HR@10': '0.1981', 'NDCG@10': '0.1011', 'HR@20': '0.2970', 'NDCG@20': '0.1260'}
2025-06-13 20:20:58,439 - EarlyStopping counter: 2 out of 10
2025-06-13 20:21:10,776 - {'epoch': 71, 'rec_loss': '6.2539'}
2025-06-13 20:21:15,381 - {'Epoch': 71, 'HR@5': '0.1211', 'NDCG@5': '0.0759', 'HR@10': '0.1952', 'NDCG@10': '0.0997', 'HR@20': '0.2959', 'NDCG@20': '0.1251'}
2025-06-13 20:21:15,382 - EarlyStopping counter: 3 out of 10
2025-06-13 20:21:27,626 - {'epoch': 72, 'rec_loss': '6.2570'}
2025-06-13 20:21:32,248 - {'Epoch': 72, 'HR@5': '0.1229', 'NDCG@5': '0.0788', 'HR@10': '0.2006', 'NDCG@10': '0.1038', 'HR@20': '0.2977', 'NDCG@20': '0.1283'}
2025-06-13 20:21:32,250 - Validation score increased.  Saving model ...
2025-06-13 20:21:44,573 - {'epoch': 73, 'rec_loss': '6.2456'}
2025-06-13 20:21:49,168 - {'Epoch': 73, 'HR@5': '0.1252', 'NDCG@5': '0.0790', 'HR@10': '0.2015', 'NDCG@10': '0.1035', 'HR@20': '0.2988', 'NDCG@20': '0.1280'}
2025-06-13 20:21:49,170 - EarlyStopping counter: 1 out of 10
2025-06-13 20:22:01,431 - {'epoch': 74, 'rec_loss': '6.2369'}
2025-06-13 20:22:06,014 - {'Epoch': 74, 'HR@5': '0.1231', 'NDCG@5': '0.0779', 'HR@10': '0.1949', 'NDCG@10': '0.1011', 'HR@20': '0.2988', 'NDCG@20': '0.1273'}
2025-06-13 20:22:06,015 - EarlyStopping counter: 2 out of 10
2025-06-13 20:22:18,287 - {'epoch': 75, 'rec_loss': '6.2403'}
2025-06-13 20:22:22,837 - {'Epoch': 75, 'HR@5': '0.1221', 'NDCG@5': '0.0781', 'HR@10': '0.1965', 'NDCG@10': '0.1021', 'HR@20': '0.2976', 'NDCG@20': '0.1275'}
2025-06-13 20:22:22,838 - EarlyStopping counter: 3 out of 10
2025-06-13 20:22:35,145 - {'epoch': 76, 'rec_loss': '6.2315'}
2025-06-13 20:22:39,729 - {'Epoch': 76, 'HR@5': '0.1254', 'NDCG@5': '0.0794', 'HR@10': '0.2039', 'NDCG@10': '0.1046', 'HR@20': '0.3023', 'NDCG@20': '0.1294'}
2025-06-13 20:22:39,730 - Validation score increased.  Saving model ...
2025-06-13 20:22:51,991 - {'epoch': 77, 'rec_loss': '6.2364'}
2025-06-13 20:22:56,632 - {'Epoch': 77, 'HR@5': '0.1261', 'NDCG@5': '0.0808', 'HR@10': '0.2019', 'NDCG@10': '0.1051', 'HR@20': '0.2977', 'NDCG@20': '0.1292'}
2025-06-13 20:22:56,633 - EarlyStopping counter: 1 out of 10
2025-06-13 20:23:08,890 - {'epoch': 78, 'rec_loss': '6.2210'}
2025-06-13 20:23:13,500 - {'Epoch': 78, 'HR@5': '0.1217', 'NDCG@5': '0.0766', 'HR@10': '0.1994', 'NDCG@10': '0.1016', 'HR@20': '0.2981', 'NDCG@20': '0.1265'}
2025-06-13 20:23:13,503 - EarlyStopping counter: 2 out of 10
2025-06-13 20:23:25,737 - {'epoch': 79, 'rec_loss': '6.2086'}
2025-06-13 20:23:30,415 - {'Epoch': 79, 'HR@5': '0.1240', 'NDCG@5': '0.0783', 'HR@10': '0.2022', 'NDCG@10': '0.1035', 'HR@20': '0.2975', 'NDCG@20': '0.1275'}
2025-06-13 20:23:30,417 - EarlyStopping counter: 3 out of 10
2025-06-13 20:23:42,732 - {'epoch': 80, 'rec_loss': '6.2266'}
2025-06-13 20:23:47,287 - {'Epoch': 80, 'HR@5': '0.1219', 'NDCG@5': '0.0772', 'HR@10': '0.2013', 'NDCG@10': '0.1027', 'HR@20': '0.3011', 'NDCG@20': '0.1279'}
2025-06-13 20:23:47,288 - EarlyStopping counter: 4 out of 10
2025-06-13 20:23:59,611 - {'epoch': 81, 'rec_loss': '6.2115'}
2025-06-13 20:24:04,229 - {'Epoch': 81, 'HR@5': '0.1284', 'NDCG@5': '0.0815', 'HR@10': '0.2042', 'NDCG@10': '0.1058', 'HR@20': '0.3038', 'NDCG@20': '0.1309'}
2025-06-13 20:24:04,231 - Validation score increased.  Saving model ...
2025-06-13 20:24:16,480 - {'epoch': 82, 'rec_loss': '6.2048'}
2025-06-13 20:24:21,087 - {'Epoch': 82, 'HR@5': '0.1258', 'NDCG@5': '0.0784', 'HR@10': '0.2036', 'NDCG@10': '0.1034', 'HR@20': '0.2996', 'NDCG@20': '0.1276'}
2025-06-13 20:24:21,090 - EarlyStopping counter: 1 out of 10
2025-06-13 20:24:33,326 - {'epoch': 83, 'rec_loss': '6.2033'}
2025-06-13 20:24:38,013 - {'Epoch': 83, 'HR@5': '0.1267', 'NDCG@5': '0.0802', 'HR@10': '0.2025', 'NDCG@10': '0.1046', 'HR@20': '0.3013', 'NDCG@20': '0.1295'}
2025-06-13 20:24:38,015 - EarlyStopping counter: 2 out of 10
2025-06-13 20:24:50,219 - {'epoch': 84, 'rec_loss': '6.1948'}
2025-06-13 20:24:54,818 - {'Epoch': 84, 'HR@5': '0.1251', 'NDCG@5': '0.0787', 'HR@10': '0.2023', 'NDCG@10': '0.1035', 'HR@20': '0.3018', 'NDCG@20': '0.1286'}
2025-06-13 20:24:54,819 - EarlyStopping counter: 3 out of 10
2025-06-13 20:25:07,036 - {'epoch': 85, 'rec_loss': '6.1789'}
2025-06-13 20:25:11,640 - {'Epoch': 85, 'HR@5': '0.1285', 'NDCG@5': '0.0817', 'HR@10': '0.2031', 'NDCG@10': '0.1057', 'HR@20': '0.2992', 'NDCG@20': '0.1299'}
2025-06-13 20:25:11,641 - EarlyStopping counter: 4 out of 10
2025-06-13 20:25:23,859 - {'epoch': 86, 'rec_loss': '6.1851'}
2025-06-13 20:25:28,594 - {'Epoch': 86, 'HR@5': '0.1286', 'NDCG@5': '0.0818', 'HR@10': '0.2043', 'NDCG@10': '0.1060', 'HR@20': '0.3050', 'NDCG@20': '0.1313'}
2025-06-13 20:25:28,596 - Validation score increased.  Saving model ...
2025-06-13 20:25:40,877 - {'epoch': 87, 'rec_loss': '6.1729'}
2025-06-13 20:25:45,527 - {'Epoch': 87, 'HR@5': '0.1278', 'NDCG@5': '0.0806', 'HR@10': '0.2030', 'NDCG@10': '0.1047', 'HR@20': '0.3001', 'NDCG@20': '0.1292'}
2025-06-13 20:25:45,530 - EarlyStopping counter: 1 out of 10
2025-06-13 20:25:57,743 - {'epoch': 88, 'rec_loss': '6.1801'}
2025-06-13 20:26:02,379 - {'Epoch': 88, 'HR@5': '0.1237', 'NDCG@5': '0.0786', 'HR@10': '0.2004', 'NDCG@10': '0.1033', 'HR@20': '0.3005', 'NDCG@20': '0.1285'}
2025-06-13 20:26:02,380 - EarlyStopping counter: 2 out of 10
2025-06-13 20:26:14,610 - {'epoch': 89, 'rec_loss': '6.1709'}
2025-06-13 20:26:19,243 - {'Epoch': 89, 'HR@5': '0.1297', 'NDCG@5': '0.0825', 'HR@10': '0.2051', 'NDCG@10': '0.1067', 'HR@20': '0.3053', 'NDCG@20': '0.1319'}
2025-06-13 20:26:19,245 - Validation score increased.  Saving model ...
2025-06-13 20:26:31,568 - {'epoch': 90, 'rec_loss': '6.1541'}
2025-06-13 20:26:36,320 - {'Epoch': 90, 'HR@5': '0.1295', 'NDCG@5': '0.0834', 'HR@10': '0.2058', 'NDCG@10': '0.1079', 'HR@20': '0.3000', 'NDCG@20': '0.1317'}
2025-06-13 20:26:36,323 - EarlyStopping counter: 1 out of 10
2025-06-13 20:26:48,628 - {'epoch': 91, 'rec_loss': '6.1740'}
2025-06-13 20:26:53,237 - {'Epoch': 91, 'HR@5': '0.1273', 'NDCG@5': '0.0820', 'HR@10': '0.2047', 'NDCG@10': '0.1070', 'HR@20': '0.3019', 'NDCG@20': '0.1315'}
2025-06-13 20:26:53,239 - EarlyStopping counter: 2 out of 10
2025-06-13 20:27:05,489 - {'epoch': 92, 'rec_loss': '6.1587'}
2025-06-13 20:27:10,211 - {'Epoch': 92, 'HR@5': '0.1279', 'NDCG@5': '0.0795', 'HR@10': '0.1996', 'NDCG@10': '0.1026', 'HR@20': '0.2976', 'NDCG@20': '0.1273'}
2025-06-13 20:27:10,212 - EarlyStopping counter: 3 out of 10
2025-06-13 20:27:22,423 - {'epoch': 93, 'rec_loss': '6.1517'}
2025-06-13 20:27:27,147 - {'Epoch': 93, 'HR@5': '0.1238', 'NDCG@5': '0.0779', 'HR@10': '0.2021', 'NDCG@10': '0.1030', 'HR@20': '0.2994', 'NDCG@20': '0.1275'}
2025-06-13 20:27:27,149 - EarlyStopping counter: 4 out of 10
2025-06-13 20:27:39,428 - {'epoch': 94, 'rec_loss': '6.1538'}
2025-06-13 20:27:44,041 - {'Epoch': 94, 'HR@5': '0.1226', 'NDCG@5': '0.0779', 'HR@10': '0.2010', 'NDCG@10': '0.1031', 'HR@20': '0.3006', 'NDCG@20': '0.1282'}
2025-06-13 20:27:44,044 - EarlyStopping counter: 5 out of 10
2025-06-13 20:27:56,270 - {'epoch': 95, 'rec_loss': '6.1454'}
2025-06-13 20:28:00,910 - {'Epoch': 95, 'HR@5': '0.1271', 'NDCG@5': '0.0808', 'HR@10': '0.2065', 'NDCG@10': '0.1062', 'HR@20': '0.3056', 'NDCG@20': '0.1312'}
2025-06-13 20:28:00,912 - EarlyStopping counter: 6 out of 10
2025-06-13 20:28:13,248 - {'epoch': 96, 'rec_loss': '6.1404'}
2025-06-13 20:28:17,827 - {'Epoch': 96, 'HR@5': '0.1283', 'NDCG@5': '0.0811', 'HR@10': '0.2035', 'NDCG@10': '0.1053', 'HR@20': '0.3013', 'NDCG@20': '0.1299'}
2025-06-13 20:28:17,829 - EarlyStopping counter: 7 out of 10
2025-06-13 20:28:30,159 - {'epoch': 97, 'rec_loss': '6.1434'}
2025-06-13 20:28:34,786 - {'Epoch': 97, 'HR@5': '0.1293', 'NDCG@5': '0.0829', 'HR@10': '0.2050', 'NDCG@10': '0.1073', 'HR@20': '0.3000', 'NDCG@20': '0.1313'}
2025-06-13 20:28:34,789 - EarlyStopping counter: 8 out of 10
2025-06-13 20:28:46,993 - {'epoch': 98, 'rec_loss': '6.1445'}
2025-06-13 20:28:51,705 - {'Epoch': 98, 'HR@5': '0.1276', 'NDCG@5': '0.0810', 'HR@10': '0.2089', 'NDCG@10': '0.1073', 'HR@20': '0.3042', 'NDCG@20': '0.1313'}
2025-06-13 20:28:51,706 - EarlyStopping counter: 9 out of 10
2025-06-13 20:29:03,956 - {'epoch': 99, 'rec_loss': '6.1312'}
2025-06-13 20:29:08,505 - {'Epoch': 99, 'HR@5': '0.1277', 'NDCG@5': '0.0806', 'HR@10': '0.2051', 'NDCG@10': '0.1055', 'HR@20': '0.3050', 'NDCG@20': '0.1307'}
2025-06-13 20:29:08,507 - EarlyStopping counter: 10 out of 10
2025-06-13 20:29:08,507 - Early stopping
2025-06-13 20:29:08,507 - ---------------Validation Score---------------
2025-06-13 20:29:13,045 - {'Epoch': 0, 'HR@5': '0.1297', 'NDCG@5': '0.0825', 'HR@10': '0.2051', 'NDCG@10': '0.1067', 'HR@20': '0.3053', 'NDCG@20': '0.1319'}
2025-06-13 20:29:13,046 - BERT4Rec_Diginetica
2025-06-13 20:29:13,046 - {'Epoch': 0, 'HR@5': '0.1297', 'NDCG@5': '0.0825', 'HR@10': '0.2051', 'NDCG@10': '0.1067', 'HR@20': '0.3053', 'NDCG@20': '0.1319'}
