2025-06-13 20:16:36,137 - Namespace(data_dir='data/self_processed/', output_dir='hparam_search/', data_name='Diginetica', train_name='DuoRec_Diginetica', num_items=10, num_users=14829, lr=0.001, batch_size=256, epochs=200, no_cuda=False, log_freq=1, patience=10, num_workers=4, seed=42, weight_decay=0.0, adam_beta1=0.9, adam_beta2=0.999, gpu_id='0', variance=5, model_type='DuoRec', max_seq_length=50, hidden_size=64, num_hidden_layers=2, hidden_act='gelu', num_attention_heads=1, attention_probs_dropout_prob=0.5, hidden_dropout_prob=0.5, initializer_range=0.02, tau=1.0, lmd=0.1, lmd_sem=0.1, ssl='us_x', sim='dot', cuda_condition=True, data_file='data/self_processed/Diginetica.txt', item_size=9441, checkpoint_path=PosixPath('/gpfs/home3/scur2771/BSARec/BSARec/src/hparam_search/DuoRec_Diginetica/12364443_1/model.pt'), same_target_path='data/self_processed/Diginetica_same_target.npy')
2025-06-13 20:16:36,170 - DuoRecModel(
  (item_embeddings): Embedding(9441, 64, padding_idx=0)
  (position_embeddings): Embedding(50, 64)
  (LayerNorm): LayerNorm()
  (dropout): Dropout(p=0.5, inplace=False)
  (item_encoder): TransformerEncoder(
    (blocks): ModuleList(
      (0): TransformerBlock(
        (layer): MultiHeadAttention(
          (query): Linear(in_features=64, out_features=64, bias=True)
          (key): Linear(in_features=64, out_features=64, bias=True)
          (value): Linear(in_features=64, out_features=64, bias=True)
          (softmax): Softmax(dim=-1)
          (attn_dropout): Dropout(p=0.5, inplace=False)
          (dense): Linear(in_features=64, out_features=64, bias=True)
          (LayerNorm): LayerNorm((64,), eps=1e-12, elementwise_affine=True)
          (out_dropout): Dropout(p=0.5, inplace=False)
        )
        (feed_forward): FeedForward(
          (dense_1): Linear(in_features=64, out_features=256, bias=True)
          (dense_2): Linear(in_features=256, out_features=64, bias=True)
          (LayerNorm): LayerNorm()
          (dropout): Dropout(p=0.5, inplace=False)
        )
      )
      (1): TransformerBlock(
        (layer): MultiHeadAttention(
          (query): Linear(in_features=64, out_features=64, bias=True)
          (key): Linear(in_features=64, out_features=64, bias=True)
          (value): Linear(in_features=64, out_features=64, bias=True)
          (softmax): Softmax(dim=-1)
          (attn_dropout): Dropout(p=0.5, inplace=False)
          (dense): Linear(in_features=64, out_features=64, bias=True)
          (LayerNorm): LayerNorm((64,), eps=1e-12, elementwise_affine=True)
          (out_dropout): Dropout(p=0.5, inplace=False)
        )
        (feed_forward): FeedForward(
          (dense_1): Linear(in_features=64, out_features=256, bias=True)
          (dense_2): Linear(in_features=256, out_features=64, bias=True)
          (LayerNorm): LayerNorm()
          (dropout): Dropout(p=0.5, inplace=False)
        )
      )
    )
  )
  (aug_nce_fct): CrossEntropyLoss()
)
2025-06-13 20:16:39,378 - Total Parameters: 707520
2025-06-13 20:16:51,432 - {'epoch': 0, 'rec_loss': '9.6792'}
2025-06-13 20:16:55,677 - {'Epoch': 0, 'HR@5': '0.0032', 'NDCG@5': '0.0019', 'HR@10': '0.0055', 'NDCG@10': '0.0026', 'HR@20': '0.0092', 'NDCG@20': '0.0036'}
2025-06-13 20:16:55,679 - Validation score increased.  Saving model ...
2025-06-13 20:17:06,720 - {'epoch': 1, 'rec_loss': '9.4194'}
2025-06-13 20:17:11,047 - {'Epoch': 1, 'HR@5': '0.0036', 'NDCG@5': '0.0023', 'HR@10': '0.0073', 'NDCG@10': '0.0034', 'HR@20': '0.0111', 'NDCG@20': '0.0044'}
2025-06-13 20:17:11,049 - Validation score increased.  Saving model ...
2025-06-13 20:17:22,102 - {'epoch': 2, 'rec_loss': '9.1594'}
2025-06-13 20:17:26,384 - {'Epoch': 2, 'HR@5': '0.0193', 'NDCG@5': '0.0129', 'HR@10': '0.0287', 'NDCG@10': '0.0159', 'HR@20': '0.0442', 'NDCG@20': '0.0198'}
2025-06-13 20:17:26,386 - Validation score increased.  Saving model ...
2025-06-13 20:17:37,599 - {'epoch': 3, 'rec_loss': '8.6420'}
2025-06-13 20:17:41,851 - {'Epoch': 3, 'HR@5': '0.0649', 'NDCG@5': '0.0428', 'HR@10': '0.0986', 'NDCG@10': '0.0536', 'HR@20': '0.1430', 'NDCG@20': '0.0648'}
2025-06-13 20:17:41,852 - Validation score increased.  Saving model ...
2025-06-13 20:17:53,112 - {'epoch': 4, 'rec_loss': '8.0384'}
2025-06-13 20:17:57,463 - {'Epoch': 4, 'HR@5': '0.0901', 'NDCG@5': '0.0584', 'HR@10': '0.1401', 'NDCG@10': '0.0745', 'HR@20': '0.2037', 'NDCG@20': '0.0905'}
2025-06-13 20:17:57,465 - Validation score increased.  Saving model ...
2025-06-13 20:18:08,748 - {'epoch': 5, 'rec_loss': '7.5311'}
2025-06-13 20:18:12,984 - {'Epoch': 5, 'HR@5': '0.1078', 'NDCG@5': '0.0703', 'HR@10': '0.1659', 'NDCG@10': '0.0889', 'HR@20': '0.2384', 'NDCG@20': '0.1072'}
2025-06-13 20:18:12,986 - Validation score increased.  Saving model ...
2025-06-13 20:18:24,228 - {'epoch': 6, 'rec_loss': '7.1474'}
2025-06-13 20:18:28,512 - {'Epoch': 6, 'HR@5': '0.1151', 'NDCG@5': '0.0750', 'HR@10': '0.1788', 'NDCG@10': '0.0955', 'HR@20': '0.2601', 'NDCG@20': '0.1160'}
2025-06-13 20:18:28,513 - Validation score increased.  Saving model ...
2025-06-13 20:18:39,720 - {'epoch': 7, 'rec_loss': '6.8621'}
2025-06-13 20:18:43,926 - {'Epoch': 7, 'HR@5': '0.1252', 'NDCG@5': '0.0815', 'HR@10': '0.1925', 'NDCG@10': '0.1031', 'HR@20': '0.2809', 'NDCG@20': '0.1254'}
2025-06-13 20:18:43,927 - Validation score increased.  Saving model ...
2025-06-13 20:18:55,198 - {'epoch': 8, 'rec_loss': '6.6493'}
2025-06-13 20:18:59,456 - {'Epoch': 8, 'HR@5': '0.1289', 'NDCG@5': '0.0842', 'HR@10': '0.2022', 'NDCG@10': '0.1077', 'HR@20': '0.2920', 'NDCG@20': '0.1303'}
2025-06-13 20:18:59,459 - Validation score increased.  Saving model ...
2025-06-13 20:19:10,673 - {'epoch': 9, 'rec_loss': '6.4723'}
2025-06-13 20:19:14,860 - {'Epoch': 9, 'HR@5': '0.1351', 'NDCG@5': '0.0890', 'HR@10': '0.2111', 'NDCG@10': '0.1133', 'HR@20': '0.3000', 'NDCG@20': '0.1358'}
2025-06-13 20:19:14,862 - Validation score increased.  Saving model ...
2025-06-13 20:19:26,078 - {'epoch': 10, 'rec_loss': '6.3211'}
2025-06-13 20:19:30,307 - {'Epoch': 10, 'HR@5': '0.1399', 'NDCG@5': '0.0923', 'HR@10': '0.2174', 'NDCG@10': '0.1172', 'HR@20': '0.3085', 'NDCG@20': '0.1402'}
2025-06-13 20:19:30,309 - Validation score increased.  Saving model ...
2025-06-13 20:19:41,515 - {'epoch': 11, 'rec_loss': '6.2018'}
2025-06-13 20:19:45,729 - {'Epoch': 11, 'HR@5': '0.1438', 'NDCG@5': '0.0944', 'HR@10': '0.2231', 'NDCG@10': '0.1199', 'HR@20': '0.3158', 'NDCG@20': '0.1433'}
2025-06-13 20:19:45,730 - Validation score increased.  Saving model ...
2025-06-13 20:19:57,027 - {'epoch': 12, 'rec_loss': '6.0973'}
2025-06-13 20:20:01,299 - {'Epoch': 12, 'HR@5': '0.1482', 'NDCG@5': '0.0977', 'HR@10': '0.2250', 'NDCG@10': '0.1224', 'HR@20': '0.3202', 'NDCG@20': '0.1464'}
2025-06-13 20:20:01,302 - Validation score increased.  Saving model ...
2025-06-13 20:20:12,467 - {'epoch': 13, 'rec_loss': '6.0064'}
2025-06-13 20:20:16,696 - {'Epoch': 13, 'HR@5': '0.1512', 'NDCG@5': '0.0992', 'HR@10': '0.2308', 'NDCG@10': '0.1248', 'HR@20': '0.3245', 'NDCG@20': '0.1484'}
2025-06-13 20:20:16,698 - Validation score increased.  Saving model ...
2025-06-13 20:20:27,872 - {'epoch': 14, 'rec_loss': '5.9178'}
2025-06-13 20:20:32,233 - {'Epoch': 14, 'HR@5': '0.1528', 'NDCG@5': '0.1002', 'HR@10': '0.2333', 'NDCG@10': '0.1262', 'HR@20': '0.3312', 'NDCG@20': '0.1509'}
2025-06-13 20:20:32,235 - Validation score increased.  Saving model ...
2025-06-13 20:20:43,460 - {'epoch': 15, 'rec_loss': '5.8547'}
2025-06-13 20:20:47,719 - {'Epoch': 15, 'HR@5': '0.1550', 'NDCG@5': '0.1024', 'HR@10': '0.2382', 'NDCG@10': '0.1291', 'HR@20': '0.3346', 'NDCG@20': '0.1534'}
2025-06-13 20:20:47,720 - Validation score increased.  Saving model ...
2025-06-13 20:20:58,966 - {'epoch': 16, 'rec_loss': '5.7898'}
2025-06-13 20:21:03,270 - {'Epoch': 16, 'HR@5': '0.1561', 'NDCG@5': '0.1033', 'HR@10': '0.2391', 'NDCG@10': '0.1300', 'HR@20': '0.3379', 'NDCG@20': '0.1550'}
2025-06-13 20:21:03,271 - Validation score increased.  Saving model ...
2025-06-13 20:21:14,553 - {'epoch': 17, 'rec_loss': '5.7325'}
2025-06-13 20:21:18,872 - {'Epoch': 17, 'HR@5': '0.1584', 'NDCG@5': '0.1040', 'HR@10': '0.2423', 'NDCG@10': '0.1310', 'HR@20': '0.3394', 'NDCG@20': '0.1555'}
2025-06-13 20:21:18,875 - Validation score increased.  Saving model ...
2025-06-13 20:21:30,203 - {'epoch': 18, 'rec_loss': '5.6741'}
2025-06-13 20:21:34,580 - {'Epoch': 18, 'HR@5': '0.1596', 'NDCG@5': '0.1052', 'HR@10': '0.2447', 'NDCG@10': '0.1326', 'HR@20': '0.3443', 'NDCG@20': '0.1576'}
2025-06-13 20:21:34,582 - Validation score increased.  Saving model ...
2025-06-13 20:21:45,722 - {'epoch': 19, 'rec_loss': '5.6368'}
2025-06-13 20:21:49,988 - {'Epoch': 19, 'HR@5': '0.1612', 'NDCG@5': '0.1059', 'HR@10': '0.2458', 'NDCG@10': '0.1331', 'HR@20': '0.3440', 'NDCG@20': '0.1579'}
2025-06-13 20:21:49,989 - Validation score increased.  Saving model ...
2025-06-13 20:22:01,226 - {'epoch': 20, 'rec_loss': '5.5879'}
2025-06-13 20:22:05,581 - {'Epoch': 20, 'HR@5': '0.1606', 'NDCG@5': '0.1058', 'HR@10': '0.2455', 'NDCG@10': '0.1333', 'HR@20': '0.3455', 'NDCG@20': '0.1585'}
2025-06-13 20:22:05,584 - Validation score increased.  Saving model ...
2025-06-13 20:22:16,729 - {'epoch': 21, 'rec_loss': '5.5497'}
2025-06-13 20:22:21,034 - {'Epoch': 21, 'HR@5': '0.1638', 'NDCG@5': '0.1077', 'HR@10': '0.2478', 'NDCG@10': '0.1348', 'HR@20': '0.3483', 'NDCG@20': '0.1601'}
2025-06-13 20:22:21,036 - Validation score increased.  Saving model ...
2025-06-13 20:22:32,256 - {'epoch': 22, 'rec_loss': '5.5125'}
2025-06-13 20:22:36,532 - {'Epoch': 22, 'HR@5': '0.1648', 'NDCG@5': '0.1081', 'HR@10': '0.2489', 'NDCG@10': '0.1352', 'HR@20': '0.3489', 'NDCG@20': '0.1605'}
2025-06-13 20:22:36,534 - Validation score increased.  Saving model ...
2025-06-13 20:22:47,689 - {'epoch': 23, 'rec_loss': '5.4760'}
2025-06-13 20:22:51,984 - {'Epoch': 23, 'HR@5': '0.1644', 'NDCG@5': '0.1081', 'HR@10': '0.2494', 'NDCG@10': '0.1355', 'HR@20': '0.3503', 'NDCG@20': '0.1610'}
2025-06-13 20:22:51,985 - Validation score increased.  Saving model ...
2025-06-13 20:23:03,261 - {'epoch': 24, 'rec_loss': '5.4430'}
2025-06-13 20:23:07,561 - {'Epoch': 24, 'HR@5': '0.1641', 'NDCG@5': '0.1080', 'HR@10': '0.2491', 'NDCG@10': '0.1354', 'HR@20': '0.3527', 'NDCG@20': '0.1616'}
2025-06-13 20:23:07,562 - Validation score increased.  Saving model ...
2025-06-13 20:23:18,754 - {'epoch': 25, 'rec_loss': '5.4207'}
2025-06-13 20:23:23,117 - {'Epoch': 25, 'HR@5': '0.1664', 'NDCG@5': '0.1099', 'HR@10': '0.2524', 'NDCG@10': '0.1376', 'HR@20': '0.3511', 'NDCG@20': '0.1626'}
2025-06-13 20:23:23,117 - Validation score increased.  Saving model ...
2025-06-13 20:23:34,386 - {'epoch': 26, 'rec_loss': '5.3921'}
2025-06-13 20:23:38,752 - {'Epoch': 26, 'HR@5': '0.1637', 'NDCG@5': '0.1076', 'HR@10': '0.2523', 'NDCG@10': '0.1362', 'HR@20': '0.3504', 'NDCG@20': '0.1610'}
2025-06-13 20:23:38,755 - EarlyStopping counter: 1 out of 10
2025-06-13 20:23:49,935 - {'epoch': 27, 'rec_loss': '5.3676'}
2025-06-13 20:23:54,353 - {'Epoch': 27, 'HR@5': '0.1663', 'NDCG@5': '0.1097', 'HR@10': '0.2522', 'NDCG@10': '0.1374', 'HR@20': '0.3541', 'NDCG@20': '0.1631'}
2025-06-13 20:23:54,355 - Validation score increased.  Saving model ...
2025-06-13 20:24:05,525 - {'epoch': 28, 'rec_loss': '5.3382'}
2025-06-13 20:24:09,835 - {'Epoch': 28, 'HR@5': '0.1648', 'NDCG@5': '0.1091', 'HR@10': '0.2540', 'NDCG@10': '0.1379', 'HR@20': '0.3561', 'NDCG@20': '0.1637'}
2025-06-13 20:24:09,837 - Validation score increased.  Saving model ...
2025-06-13 20:24:21,170 - {'epoch': 29, 'rec_loss': '5.3220'}
2025-06-13 20:24:25,507 - {'Epoch': 29, 'HR@5': '0.1658', 'NDCG@5': '0.1099', 'HR@10': '0.2556', 'NDCG@10': '0.1389', 'HR@20': '0.3559', 'NDCG@20': '0.1643'}
2025-06-13 20:24:25,509 - Validation score increased.  Saving model ...
2025-06-13 20:24:36,844 - {'epoch': 30, 'rec_loss': '5.2985'}
2025-06-13 20:24:41,156 - {'Epoch': 30, 'HR@5': '0.1686', 'NDCG@5': '0.1109', 'HR@10': '0.2535', 'NDCG@10': '0.1383', 'HR@20': '0.3545', 'NDCG@20': '0.1640'}
2025-06-13 20:24:41,157 - EarlyStopping counter: 1 out of 10
2025-06-13 20:24:52,406 - {'epoch': 31, 'rec_loss': '5.2804'}
2025-06-13 20:24:56,716 - {'Epoch': 31, 'HR@5': '0.1677', 'NDCG@5': '0.1098', 'HR@10': '0.2539', 'NDCG@10': '0.1376', 'HR@20': '0.3557', 'NDCG@20': '0.1634'}
2025-06-13 20:24:56,718 - EarlyStopping counter: 2 out of 10
2025-06-13 20:25:07,969 - {'epoch': 32, 'rec_loss': '5.2616'}
2025-06-13 20:25:12,219 - {'Epoch': 32, 'HR@5': '0.1675', 'NDCG@5': '0.1112', 'HR@10': '0.2545', 'NDCG@10': '0.1392', 'HR@20': '0.3564', 'NDCG@20': '0.1650'}
2025-06-13 20:25:12,220 - Validation score increased.  Saving model ...
2025-06-13 20:25:23,554 - {'epoch': 33, 'rec_loss': '5.2415'}
2025-06-13 20:25:27,872 - {'Epoch': 33, 'HR@5': '0.1683', 'NDCG@5': '0.1110', 'HR@10': '0.2567', 'NDCG@10': '0.1394', 'HR@20': '0.3573', 'NDCG@20': '0.1649'}
2025-06-13 20:25:27,873 - EarlyStopping counter: 1 out of 10
2025-06-13 20:25:39,059 - {'epoch': 34, 'rec_loss': '5.2222'}
2025-06-13 20:25:43,352 - {'Epoch': 34, 'HR@5': '0.1702', 'NDCG@5': '0.1119', 'HR@10': '0.2565', 'NDCG@10': '0.1398', 'HR@20': '0.3570', 'NDCG@20': '0.1652'}
2025-06-13 20:25:43,354 - Validation score increased.  Saving model ...
2025-06-13 20:25:54,734 - {'epoch': 35, 'rec_loss': '5.2078'}
2025-06-13 20:25:59,122 - {'Epoch': 35, 'HR@5': '0.1679', 'NDCG@5': '0.1111', 'HR@10': '0.2575', 'NDCG@10': '0.1401', 'HR@20': '0.3574', 'NDCG@20': '0.1653'}
2025-06-13 20:25:59,123 - Validation score increased.  Saving model ...
2025-06-13 20:26:10,485 - {'epoch': 36, 'rec_loss': '5.1909'}
2025-06-13 20:26:14,801 - {'Epoch': 36, 'HR@5': '0.1714', 'NDCG@5': '0.1123', 'HR@10': '0.2577', 'NDCG@10': '0.1400', 'HR@20': '0.3593', 'NDCG@20': '0.1657'}
2025-06-13 20:26:14,802 - Validation score increased.  Saving model ...
2025-06-13 20:26:26,039 - {'epoch': 37, 'rec_loss': '5.1742'}
2025-06-13 20:26:30,326 - {'Epoch': 37, 'HR@5': '0.1691', 'NDCG@5': '0.1113', 'HR@10': '0.2596', 'NDCG@10': '0.1404', 'HR@20': '0.3593', 'NDCG@20': '0.1656'}
2025-06-13 20:26:30,328 - EarlyStopping counter: 1 out of 10
2025-06-13 20:26:41,581 - {'epoch': 38, 'rec_loss': '5.1623'}
2025-06-13 20:26:45,877 - {'Epoch': 38, 'HR@5': '0.1678', 'NDCG@5': '0.1109', 'HR@10': '0.2557', 'NDCG@10': '0.1392', 'HR@20': '0.3586', 'NDCG@20': '0.1653'}
2025-06-13 20:26:45,880 - EarlyStopping counter: 2 out of 10
2025-06-13 20:26:57,299 - {'epoch': 39, 'rec_loss': '5.1461'}
2025-06-13 20:27:01,577 - {'Epoch': 39, 'HR@5': '0.1711', 'NDCG@5': '0.1130', 'HR@10': '0.2576', 'NDCG@10': '0.1409', 'HR@20': '0.3582', 'NDCG@20': '0.1663'}
2025-06-13 20:27:01,578 - Validation score increased.  Saving model ...
2025-06-13 20:27:12,602 - {'epoch': 40, 'rec_loss': '5.1393'}
2025-06-13 20:27:16,909 - {'Epoch': 40, 'HR@5': '0.1693', 'NDCG@5': '0.1124', 'HR@10': '0.2586', 'NDCG@10': '0.1411', 'HR@20': '0.3588', 'NDCG@20': '0.1664'}
2025-06-13 20:27:16,911 - Validation score increased.  Saving model ...
2025-06-13 20:27:28,096 - {'epoch': 41, 'rec_loss': '5.1263'}
2025-06-13 20:27:32,303 - {'Epoch': 41, 'HR@5': '0.1712', 'NDCG@5': '0.1126', 'HR@10': '0.2588', 'NDCG@10': '0.1408', 'HR@20': '0.3599', 'NDCG@20': '0.1664'}
2025-06-13 20:27:32,305 - Validation score increased.  Saving model ...
2025-06-13 20:27:43,682 - {'epoch': 42, 'rec_loss': '5.1154'}
2025-06-13 20:27:48,029 - {'Epoch': 42, 'HR@5': '0.1709', 'NDCG@5': '0.1132', 'HR@10': '0.2592', 'NDCG@10': '0.1416', 'HR@20': '0.3611', 'NDCG@20': '0.1674'}
2025-06-13 20:27:48,032 - Validation score increased.  Saving model ...
2025-06-13 20:27:59,148 - {'epoch': 43, 'rec_loss': '5.1087'}
2025-06-13 20:28:03,538 - {'Epoch': 43, 'HR@5': '0.1719', 'NDCG@5': '0.1132', 'HR@10': '0.2592', 'NDCG@10': '0.1413', 'HR@20': '0.3584', 'NDCG@20': '0.1665'}
2025-06-13 20:28:03,540 - EarlyStopping counter: 1 out of 10
2025-06-13 20:28:14,746 - {'epoch': 44, 'rec_loss': '5.0943'}
2025-06-13 20:28:19,007 - {'Epoch': 44, 'HR@5': '0.1691', 'NDCG@5': '0.1127', 'HR@10': '0.2591', 'NDCG@10': '0.1417', 'HR@20': '0.3607', 'NDCG@20': '0.1674'}
2025-06-13 20:28:19,009 - Validation score increased.  Saving model ...
2025-06-13 20:28:30,225 - {'epoch': 45, 'rec_loss': '5.0780'}
2025-06-13 20:28:34,653 - {'Epoch': 45, 'HR@5': '0.1705', 'NDCG@5': '0.1124', 'HR@10': '0.2582', 'NDCG@10': '0.1407', 'HR@20': '0.3634', 'NDCG@20': '0.1673'}
2025-06-13 20:28:34,655 - EarlyStopping counter: 1 out of 10
2025-06-13 20:28:45,862 - {'epoch': 46, 'rec_loss': '5.0686'}
2025-06-13 20:28:50,206 - {'Epoch': 46, 'HR@5': '0.1702', 'NDCG@5': '0.1122', 'HR@10': '0.2596', 'NDCG@10': '0.1411', 'HR@20': '0.3612', 'NDCG@20': '0.1667'}
2025-06-13 20:28:50,207 - EarlyStopping counter: 2 out of 10
2025-06-13 20:29:01,567 - {'epoch': 47, 'rec_loss': '5.0632'}
2025-06-13 20:29:05,933 - {'Epoch': 47, 'HR@5': '0.1704', 'NDCG@5': '0.1128', 'HR@10': '0.2596', 'NDCG@10': '0.1415', 'HR@20': '0.3606', 'NDCG@20': '0.1671'}
2025-06-13 20:29:05,936 - EarlyStopping counter: 3 out of 10
2025-06-13 20:29:17,470 - {'epoch': 48, 'rec_loss': '5.0544'}
2025-06-13 20:29:21,779 - {'Epoch': 48, 'HR@5': '0.1705', 'NDCG@5': '0.1125', 'HR@10': '0.2598', 'NDCG@10': '0.1413', 'HR@20': '0.3631', 'NDCG@20': '0.1674'}
2025-06-13 20:29:21,780 - EarlyStopping counter: 4 out of 10
2025-06-13 20:29:33,220 - {'epoch': 49, 'rec_loss': '5.0425'}
2025-06-13 20:29:37,540 - {'Epoch': 49, 'HR@5': '0.1722', 'NDCG@5': '0.1135', 'HR@10': '0.2598', 'NDCG@10': '0.1417', 'HR@20': '0.3611', 'NDCG@20': '0.1673'}
2025-06-13 20:29:37,543 - EarlyStopping counter: 5 out of 10
2025-06-13 20:29:48,990 - {'epoch': 50, 'rec_loss': '5.0346'}
2025-06-13 20:29:53,217 - {'Epoch': 50, 'HR@5': '0.1720', 'NDCG@5': '0.1132', 'HR@10': '0.2603', 'NDCG@10': '0.1416', 'HR@20': '0.3628', 'NDCG@20': '0.1676'}
2025-06-13 20:29:53,218 - Validation score increased.  Saving model ...
2025-06-13 20:30:04,634 - {'epoch': 51, 'rec_loss': '5.0288'}
2025-06-13 20:30:08,934 - {'Epoch': 51, 'HR@5': '0.1724', 'NDCG@5': '0.1145', 'HR@10': '0.2600', 'NDCG@10': '0.1427', 'HR@20': '0.3633', 'NDCG@20': '0.1689'}
2025-06-13 20:30:08,935 - Validation score increased.  Saving model ...
2025-06-13 20:30:20,431 - {'epoch': 52, 'rec_loss': '5.0191'}
2025-06-13 20:30:24,764 - {'Epoch': 52, 'HR@5': '0.1718', 'NDCG@5': '0.1129', 'HR@10': '0.2603', 'NDCG@10': '0.1414', 'HR@20': '0.3630', 'NDCG@20': '0.1674'}
2025-06-13 20:30:24,765 - EarlyStopping counter: 1 out of 10
2025-06-13 20:30:36,183 - {'epoch': 53, 'rec_loss': '5.0124'}
2025-06-13 20:30:40,538 - {'Epoch': 53, 'HR@5': '0.1705', 'NDCG@5': '0.1124', 'HR@10': '0.2608', 'NDCG@10': '0.1414', 'HR@20': '0.3599', 'NDCG@20': '0.1665'}
2025-06-13 20:30:40,540 - EarlyStopping counter: 2 out of 10
2025-06-13 20:30:51,965 - {'epoch': 54, 'rec_loss': '5.0037'}
2025-06-13 20:30:56,285 - {'Epoch': 54, 'HR@5': '0.1695', 'NDCG@5': '0.1110', 'HR@10': '0.2589', 'NDCG@10': '0.1399', 'HR@20': '0.3609', 'NDCG@20': '0.1657'}
2025-06-13 20:30:56,288 - EarlyStopping counter: 3 out of 10
2025-06-13 20:31:07,572 - {'epoch': 55, 'rec_loss': '4.9961'}
2025-06-13 20:31:11,823 - {'Epoch': 55, 'HR@5': '0.1715', 'NDCG@5': '0.1125', 'HR@10': '0.2620', 'NDCG@10': '0.1417', 'HR@20': '0.3621', 'NDCG@20': '0.1670'}
2025-06-13 20:31:11,825 - EarlyStopping counter: 4 out of 10
2025-06-13 20:31:23,026 - {'epoch': 56, 'rec_loss': '4.9879'}
2025-06-13 20:31:27,343 - {'Epoch': 56, 'HR@5': '0.1723', 'NDCG@5': '0.1133', 'HR@10': '0.2603', 'NDCG@10': '0.1416', 'HR@20': '0.3627', 'NDCG@20': '0.1675'}
2025-06-13 20:31:27,346 - EarlyStopping counter: 5 out of 10
2025-06-13 20:31:38,592 - {'epoch': 57, 'rec_loss': '4.9866'}
2025-06-13 20:31:42,857 - {'Epoch': 57, 'HR@5': '0.1708', 'NDCG@5': '0.1128', 'HR@10': '0.2604', 'NDCG@10': '0.1417', 'HR@20': '0.3628', 'NDCG@20': '0.1676'}
2025-06-13 20:31:42,859 - EarlyStopping counter: 6 out of 10
2025-06-13 20:31:54,110 - {'epoch': 58, 'rec_loss': '4.9795'}
2025-06-13 20:31:58,389 - {'Epoch': 58, 'HR@5': '0.1723', 'NDCG@5': '0.1137', 'HR@10': '0.2611', 'NDCG@10': '0.1423', 'HR@20': '0.3630', 'NDCG@20': '0.1681'}
2025-06-13 20:31:58,391 - EarlyStopping counter: 7 out of 10
2025-06-13 20:32:09,627 - {'epoch': 59, 'rec_loss': '4.9721'}
2025-06-13 20:32:13,974 - {'Epoch': 59, 'HR@5': '0.1702', 'NDCG@5': '0.1123', 'HR@10': '0.2629', 'NDCG@10': '0.1421', 'HR@20': '0.3634', 'NDCG@20': '0.1675'}
2025-06-13 20:32:13,976 - EarlyStopping counter: 8 out of 10
2025-06-13 20:32:25,283 - {'epoch': 60, 'rec_loss': '4.9630'}
2025-06-13 20:32:29,652 - {'Epoch': 60, 'HR@5': '0.1697', 'NDCG@5': '0.1121', 'HR@10': '0.2602', 'NDCG@10': '0.1414', 'HR@20': '0.3632', 'NDCG@20': '0.1675'}
2025-06-13 20:32:29,653 - EarlyStopping counter: 9 out of 10
2025-06-13 20:32:40,870 - {'epoch': 61, 'rec_loss': '4.9597'}
2025-06-13 20:32:45,189 - {'Epoch': 61, 'HR@5': '0.1726', 'NDCG@5': '0.1140', 'HR@10': '0.2611', 'NDCG@10': '0.1426', 'HR@20': '0.3626', 'NDCG@20': '0.1683'}
2025-06-13 20:32:45,191 - EarlyStopping counter: 10 out of 10
2025-06-13 20:32:45,191 - Early stopping
2025-06-13 20:32:45,191 - ---------------Validation Score---------------
2025-06-13 20:32:49,604 - {'Epoch': 0, 'HR@5': '0.1724', 'NDCG@5': '0.1145', 'HR@10': '0.2600', 'NDCG@10': '0.1427', 'HR@20': '0.3633', 'NDCG@20': '0.1689'}
2025-06-13 20:32:49,606 - DuoRec_Diginetica
2025-06-13 20:32:49,607 - {'Epoch': 0, 'HR@5': '0.1724', 'NDCG@5': '0.1145', 'HR@10': '0.2600', 'NDCG@10': '0.1427', 'HR@20': '0.3633', 'NDCG@20': '0.1689'}
