2025-06-13 22:42:38,300 - Namespace(data_dir='data/self_processed/', output_dir='hparam_search/', data_name='Diginetica', train_name='BSARec_Diginetica', num_items=10, num_users=14829, lr=0.001, batch_size=256, epochs=200, no_cuda=False, log_freq=1, patience=10, num_workers=4, seed=42, weight_decay=0.0, adam_beta1=0.9, adam_beta2=0.999, gpu_id='0', variance=5, model_type='BSARec', max_seq_length=50, hidden_size=64, num_hidden_layers=2, hidden_act='gelu', num_attention_heads=1, attention_probs_dropout_prob=0.5, hidden_dropout_prob=0.5, initializer_range=0.02, c=3, alpha=0.3, cuda_condition=True, data_file='data/self_processed/Diginetica.txt', item_size=9441, checkpoint_path=PosixPath('/gpfs/home3/scur2771/BSARec/BSARec/src/hparam_search/BSARec_Diginetica/12367757_7/model.pt'), same_target_path='data/self_processed/Diginetica_same_target.npy')
2025-06-13 22:42:38,318 - BSARecModel(
  (item_embeddings): Embedding(9441, 64, padding_idx=0)
  (position_embeddings): Embedding(50, 64)
  (LayerNorm): LayerNorm()
  (dropout): Dropout(p=0.5, inplace=False)
  (item_encoder): BSARecEncoder(
    (blocks): ModuleList(
      (0): BSARecBlock(
        (layer): BSARecLayer(
          (filter_layer): FrequencyLayer(
            (out_dropout): Dropout(p=0.5, inplace=False)
            (LayerNorm): LayerNorm()
          )
          (attention_layer): MultiHeadAttention(
            (query): Linear(in_features=64, out_features=64, bias=True)
            (key): Linear(in_features=64, out_features=64, bias=True)
            (value): Linear(in_features=64, out_features=64, bias=True)
            (softmax): Softmax(dim=-1)
            (attn_dropout): Dropout(p=0.5, inplace=False)
            (dense): Linear(in_features=64, out_features=64, bias=True)
            (LayerNorm): LayerNorm((64,), eps=1e-12, elementwise_affine=True)
            (out_dropout): Dropout(p=0.5, inplace=False)
          )
        )
        (feed_forward): FeedForward(
          (dense_1): Linear(in_features=64, out_features=256, bias=True)
          (dense_2): Linear(in_features=256, out_features=64, bias=True)
          (LayerNorm): LayerNorm()
          (dropout): Dropout(p=0.5, inplace=False)
        )
      )
      (1): BSARecBlock(
        (layer): BSARecLayer(
          (filter_layer): FrequencyLayer(
            (out_dropout): Dropout(p=0.5, inplace=False)
            (LayerNorm): LayerNorm()
          )
          (attention_layer): MultiHeadAttention(
            (query): Linear(in_features=64, out_features=64, bias=True)
            (key): Linear(in_features=64, out_features=64, bias=True)
            (value): Linear(in_features=64, out_features=64, bias=True)
            (softmax): Softmax(dim=-1)
            (attn_dropout): Dropout(p=0.5, inplace=False)
            (dense): Linear(in_features=64, out_features=64, bias=True)
            (LayerNorm): LayerNorm((64,), eps=1e-12, elementwise_affine=True)
            (out_dropout): Dropout(p=0.5, inplace=False)
          )
        )
        (feed_forward): FeedForward(
          (dense_1): Linear(in_features=64, out_features=256, bias=True)
          (dense_2): Linear(in_features=256, out_features=64, bias=True)
          (LayerNorm): LayerNorm()
          (dropout): Dropout(p=0.5, inplace=False)
        )
      )
    )
  )
)
2025-06-13 22:42:40,592 - Total Parameters: 707904
2025-06-13 22:42:49,107 - {'epoch': 0, 'rec_loss': '8.6730'}
2025-06-13 22:42:53,399 - {'Epoch': 0, 'HR@5': '0.0334', 'NDCG@5': '0.0231', 'HR@10': '0.0481', 'NDCG@10': '0.0279', 'HR@20': '0.0659', 'NDCG@20': '0.0323'}
2025-06-13 22:42:53,401 - Validation score increased.  Saving model ...
2025-06-13 22:43:00,830 - {'epoch': 1, 'rec_loss': '7.4938'}
2025-06-13 22:43:05,149 - {'Epoch': 1, 'HR@5': '0.0997', 'NDCG@5': '0.0660', 'HR@10': '0.1508', 'NDCG@10': '0.0824', 'HR@20': '0.2114', 'NDCG@20': '0.0977'}
2025-06-13 22:43:05,152 - Validation score increased.  Saving model ...
2025-06-13 22:43:12,516 - {'epoch': 2, 'rec_loss': '6.2444'}
2025-06-13 22:43:16,843 - {'Epoch': 2, 'HR@5': '0.1366', 'NDCG@5': '0.0887', 'HR@10': '0.2033', 'NDCG@10': '0.1101', 'HR@20': '0.2843', 'NDCG@20': '0.1306'}
2025-06-13 22:43:16,845 - Validation score increased.  Saving model ...
2025-06-13 22:43:24,218 - {'epoch': 3, 'rec_loss': '5.5391'}
2025-06-13 22:43:28,484 - {'Epoch': 3, 'HR@5': '0.1517', 'NDCG@5': '0.1002', 'HR@10': '0.2277', 'NDCG@10': '0.1246', 'HR@20': '0.3198', 'NDCG@20': '0.1479'}
2025-06-13 22:43:28,485 - Validation score increased.  Saving model ...
2025-06-13 22:43:35,978 - {'epoch': 4, 'rec_loss': '5.2020'}
2025-06-13 22:43:40,408 - {'Epoch': 4, 'HR@5': '0.1610', 'NDCG@5': '0.1056', 'HR@10': '0.2432', 'NDCG@10': '0.1321', 'HR@20': '0.3403', 'NDCG@20': '0.1565'}
2025-06-13 22:43:40,410 - Validation score increased.  Saving model ...
2025-06-13 22:43:47,871 - {'epoch': 5, 'rec_loss': '5.0363'}
2025-06-13 22:43:52,312 - {'Epoch': 5, 'HR@5': '0.1660', 'NDCG@5': '0.1084', 'HR@10': '0.2474', 'NDCG@10': '0.1346', 'HR@20': '0.3468', 'NDCG@20': '0.1597'}
2025-06-13 22:43:52,312 - Validation score increased.  Saving model ...
2025-06-13 22:43:59,685 - {'epoch': 6, 'rec_loss': '4.9452'}
2025-06-13 22:44:04,023 - {'Epoch': 6, 'HR@5': '0.1682', 'NDCG@5': '0.1106', 'HR@10': '0.2529', 'NDCG@10': '0.1379', 'HR@20': '0.3516', 'NDCG@20': '0.1629'}
2025-06-13 22:44:04,026 - Validation score increased.  Saving model ...
2025-06-13 22:44:11,507 - {'epoch': 7, 'rec_loss': '4.8858'}
2025-06-13 22:44:15,895 - {'Epoch': 7, 'HR@5': '0.1693', 'NDCG@5': '0.1117', 'HR@10': '0.2541', 'NDCG@10': '0.1389', 'HR@20': '0.3564', 'NDCG@20': '0.1649'}
2025-06-13 22:44:15,896 - Validation score increased.  Saving model ...
2025-06-13 22:44:23,343 - {'epoch': 8, 'rec_loss': '4.8365'}
2025-06-13 22:44:27,730 - {'Epoch': 8, 'HR@5': '0.1691', 'NDCG@5': '0.1103', 'HR@10': '0.2551', 'NDCG@10': '0.1380', 'HR@20': '0.3574', 'NDCG@20': '0.1639'}
2025-06-13 22:44:27,731 - EarlyStopping counter: 1 out of 10
2025-06-13 22:44:35,159 - {'epoch': 9, 'rec_loss': '4.8006'}
2025-06-13 22:44:39,584 - {'Epoch': 9, 'HR@5': '0.1724', 'NDCG@5': '0.1124', 'HR@10': '0.2553', 'NDCG@10': '0.1390', 'HR@20': '0.3576', 'NDCG@20': '0.1649'}
2025-06-13 22:44:39,587 - Validation score increased.  Saving model ...
2025-06-13 22:44:46,969 - {'epoch': 10, 'rec_loss': '4.7721'}
2025-06-13 22:44:51,382 - {'Epoch': 10, 'HR@5': '0.1682', 'NDCG@5': '0.1104', 'HR@10': '0.2562', 'NDCG@10': '0.1387', 'HR@20': '0.3604', 'NDCG@20': '0.1650'}
2025-06-13 22:44:51,383 - Validation score increased.  Saving model ...
2025-06-13 22:44:58,720 - {'epoch': 11, 'rec_loss': '4.7445'}
2025-06-13 22:45:03,103 - {'Epoch': 11, 'HR@5': '0.1709', 'NDCG@5': '0.1131', 'HR@10': '0.2558', 'NDCG@10': '0.1405', 'HR@20': '0.3596', 'NDCG@20': '0.1667'}
2025-06-13 22:45:03,106 - Validation score increased.  Saving model ...
2025-06-13 22:45:10,518 - {'epoch': 12, 'rec_loss': '4.7256'}
2025-06-13 22:45:15,000 - {'Epoch': 12, 'HR@5': '0.1706', 'NDCG@5': '0.1112', 'HR@10': '0.2573', 'NDCG@10': '0.1391', 'HR@20': '0.3610', 'NDCG@20': '0.1653'}
2025-06-13 22:45:15,001 - EarlyStopping counter: 1 out of 10
2025-06-13 22:45:22,338 - {'epoch': 13, 'rec_loss': '4.7098'}
2025-06-13 22:45:26,778 - {'Epoch': 13, 'HR@5': '0.1720', 'NDCG@5': '0.1119', 'HR@10': '0.2585', 'NDCG@10': '0.1398', 'HR@20': '0.3608', 'NDCG@20': '0.1657'}
2025-06-13 22:45:26,780 - EarlyStopping counter: 2 out of 10
2025-06-13 22:45:34,039 - {'epoch': 14, 'rec_loss': '4.6899'}
2025-06-13 22:45:38,475 - {'Epoch': 14, 'HR@5': '0.1714', 'NDCG@5': '0.1120', 'HR@10': '0.2590', 'NDCG@10': '0.1401', 'HR@20': '0.3597', 'NDCG@20': '0.1655'}
2025-06-13 22:45:38,478 - EarlyStopping counter: 3 out of 10
2025-06-13 22:45:45,875 - {'epoch': 15, 'rec_loss': '4.6816'}
2025-06-13 22:45:50,363 - {'Epoch': 15, 'HR@5': '0.1699', 'NDCG@5': '0.1114', 'HR@10': '0.2589', 'NDCG@10': '0.1401', 'HR@20': '0.3591', 'NDCG@20': '0.1655'}
2025-06-13 22:45:50,365 - EarlyStopping counter: 4 out of 10
2025-06-13 22:45:57,690 - {'epoch': 16, 'rec_loss': '4.6606'}
2025-06-13 22:46:02,097 - {'Epoch': 16, 'HR@5': '0.1694', 'NDCG@5': '0.1105', 'HR@10': '0.2547', 'NDCG@10': '0.1380', 'HR@20': '0.3592', 'NDCG@20': '0.1644'}
2025-06-13 22:46:02,099 - EarlyStopping counter: 5 out of 10
2025-06-13 22:46:09,473 - {'epoch': 17, 'rec_loss': '4.6492'}
2025-06-13 22:46:13,789 - {'Epoch': 17, 'HR@5': '0.1736', 'NDCG@5': '0.1128', 'HR@10': '0.2582', 'NDCG@10': '0.1401', 'HR@20': '0.3576', 'NDCG@20': '0.1652'}
2025-06-13 22:46:13,791 - EarlyStopping counter: 6 out of 10
2025-06-13 22:46:21,223 - {'epoch': 18, 'rec_loss': '4.6356'}
2025-06-13 22:46:25,572 - {'Epoch': 18, 'HR@5': '0.1720', 'NDCG@5': '0.1127', 'HR@10': '0.2579', 'NDCG@10': '0.1405', 'HR@20': '0.3589', 'NDCG@20': '0.1659'}
2025-06-13 22:46:25,574 - EarlyStopping counter: 7 out of 10
2025-06-13 22:46:32,885 - {'epoch': 19, 'rec_loss': '4.6282'}
2025-06-13 22:46:37,354 - {'Epoch': 19, 'HR@5': '0.1702', 'NDCG@5': '0.1112', 'HR@10': '0.2582', 'NDCG@10': '0.1396', 'HR@20': '0.3580', 'NDCG@20': '0.1648'}
2025-06-13 22:46:37,355 - EarlyStopping counter: 8 out of 10
2025-06-13 22:46:44,741 - {'epoch': 20, 'rec_loss': '4.6194'}
2025-06-13 22:46:49,172 - {'Epoch': 20, 'HR@5': '0.1759', 'NDCG@5': '0.1146', 'HR@10': '0.2580', 'NDCG@10': '0.1410', 'HR@20': '0.3607', 'NDCG@20': '0.1670'}
2025-06-13 22:46:49,174 - Validation score increased.  Saving model ...
2025-06-13 22:46:56,498 - {'epoch': 21, 'rec_loss': '4.6107'}
2025-06-13 22:47:00,932 - {'Epoch': 21, 'HR@5': '0.1726', 'NDCG@5': '0.1121', 'HR@10': '0.2599', 'NDCG@10': '0.1402', 'HR@20': '0.3597', 'NDCG@20': '0.1655'}
2025-06-13 22:47:00,933 - EarlyStopping counter: 1 out of 10
2025-06-13 22:47:08,427 - {'epoch': 22, 'rec_loss': '4.6019'}
2025-06-13 22:47:12,793 - {'Epoch': 22, 'HR@5': '0.1728', 'NDCG@5': '0.1126', 'HR@10': '0.2611', 'NDCG@10': '0.1410', 'HR@20': '0.3615', 'NDCG@20': '0.1664'}
2025-06-13 22:47:12,797 - EarlyStopping counter: 2 out of 10
2025-06-13 22:47:20,099 - {'epoch': 23, 'rec_loss': '4.5892'}
2025-06-13 22:47:24,551 - {'Epoch': 23, 'HR@5': '0.1724', 'NDCG@5': '0.1113', 'HR@10': '0.2577', 'NDCG@10': '0.1388', 'HR@20': '0.3601', 'NDCG@20': '0.1646'}
2025-06-13 22:47:24,553 - EarlyStopping counter: 3 out of 10
2025-06-13 22:47:31,969 - {'epoch': 24, 'rec_loss': '4.5841'}
2025-06-13 22:47:36,331 - {'Epoch': 24, 'HR@5': '0.1710', 'NDCG@5': '0.1120', 'HR@10': '0.2585', 'NDCG@10': '0.1403', 'HR@20': '0.3593', 'NDCG@20': '0.1658'}
2025-06-13 22:47:36,333 - EarlyStopping counter: 4 out of 10
2025-06-13 22:47:43,640 - {'epoch': 25, 'rec_loss': '4.5712'}
2025-06-13 22:47:47,987 - {'Epoch': 25, 'HR@5': '0.1756', 'NDCG@5': '0.1149', 'HR@10': '0.2584', 'NDCG@10': '0.1417', 'HR@20': '0.3620', 'NDCG@20': '0.1679'}
2025-06-13 22:47:47,991 - Validation score increased.  Saving model ...
2025-06-13 22:47:55,498 - {'epoch': 26, 'rec_loss': '4.5672'}
2025-06-13 22:47:59,915 - {'Epoch': 26, 'HR@5': '0.1716', 'NDCG@5': '0.1124', 'HR@10': '0.2587', 'NDCG@10': '0.1406', 'HR@20': '0.3595', 'NDCG@20': '0.1660'}
2025-06-13 22:47:59,917 - EarlyStopping counter: 1 out of 10
2025-06-13 22:48:07,404 - {'epoch': 27, 'rec_loss': '4.5607'}
2025-06-13 22:48:11,773 - {'Epoch': 27, 'HR@5': '0.1715', 'NDCG@5': '0.1130', 'HR@10': '0.2612', 'NDCG@10': '0.1418', 'HR@20': '0.3612', 'NDCG@20': '0.1671'}
2025-06-13 22:48:11,774 - EarlyStopping counter: 2 out of 10
2025-06-13 22:48:19,145 - {'epoch': 28, 'rec_loss': '4.5528'}
2025-06-13 22:48:23,511 - {'Epoch': 28, 'HR@5': '0.1741', 'NDCG@5': '0.1145', 'HR@10': '0.2612', 'NDCG@10': '0.1426', 'HR@20': '0.3618', 'NDCG@20': '0.1680'}
2025-06-13 22:48:23,513 - Validation score increased.  Saving model ...
2025-06-13 22:48:30,887 - {'epoch': 29, 'rec_loss': '4.5438'}
2025-06-13 22:48:35,286 - {'Epoch': 29, 'HR@5': '0.1707', 'NDCG@5': '0.1136', 'HR@10': '0.2578', 'NDCG@10': '0.1416', 'HR@20': '0.3578', 'NDCG@20': '0.1669'}
2025-06-13 22:48:35,288 - EarlyStopping counter: 1 out of 10
2025-06-13 22:48:42,572 - {'epoch': 30, 'rec_loss': '4.5384'}
2025-06-13 22:48:46,987 - {'Epoch': 30, 'HR@5': '0.1718', 'NDCG@5': '0.1123', 'HR@10': '0.2608', 'NDCG@10': '0.1409', 'HR@20': '0.3607', 'NDCG@20': '0.1662'}
2025-06-13 22:48:46,987 - EarlyStopping counter: 2 out of 10
2025-06-13 22:48:54,317 - {'epoch': 31, 'rec_loss': '4.5355'}
2025-06-13 22:48:58,766 - {'Epoch': 31, 'HR@5': '0.1730', 'NDCG@5': '0.1137', 'HR@10': '0.2609', 'NDCG@10': '0.1419', 'HR@20': '0.3622', 'NDCG@20': '0.1675'}
2025-06-13 22:48:58,766 - EarlyStopping counter: 3 out of 10
2025-06-13 22:49:06,172 - {'epoch': 32, 'rec_loss': '4.5281'}
2025-06-13 22:49:10,585 - {'Epoch': 32, 'HR@5': '0.1697', 'NDCG@5': '0.1111', 'HR@10': '0.2594', 'NDCG@10': '0.1401', 'HR@20': '0.3614', 'NDCG@20': '0.1658'}
2025-06-13 22:49:10,587 - EarlyStopping counter: 4 out of 10
2025-06-13 22:49:17,899 - {'epoch': 33, 'rec_loss': '4.5200'}
2025-06-13 22:49:22,232 - {'Epoch': 33, 'HR@5': '0.1714', 'NDCG@5': '0.1125', 'HR@10': '0.2588', 'NDCG@10': '0.1406', 'HR@20': '0.3615', 'NDCG@20': '0.1666'}
2025-06-13 22:49:22,233 - EarlyStopping counter: 5 out of 10
2025-06-13 22:49:29,586 - {'epoch': 34, 'rec_loss': '4.5194'}
2025-06-13 22:49:34,056 - {'Epoch': 34, 'HR@5': '0.1754', 'NDCG@5': '0.1143', 'HR@10': '0.2613', 'NDCG@10': '0.1420', 'HR@20': '0.3600', 'NDCG@20': '0.1669'}
2025-06-13 22:49:34,058 - EarlyStopping counter: 6 out of 10
2025-06-13 22:49:41,428 - {'epoch': 35, 'rec_loss': '4.5108'}
2025-06-13 22:49:45,865 - {'Epoch': 35, 'HR@5': '0.1715', 'NDCG@5': '0.1114', 'HR@10': '0.2572', 'NDCG@10': '0.1390', 'HR@20': '0.3597', 'NDCG@20': '0.1649'}
2025-06-13 22:49:45,868 - EarlyStopping counter: 7 out of 10
2025-06-13 22:49:53,268 - {'epoch': 36, 'rec_loss': '4.5085'}
2025-06-13 22:49:57,632 - {'Epoch': 36, 'HR@5': '0.1712', 'NDCG@5': '0.1121', 'HR@10': '0.2580', 'NDCG@10': '0.1401', 'HR@20': '0.3620', 'NDCG@20': '0.1664'}
2025-06-13 22:49:57,634 - EarlyStopping counter: 8 out of 10
2025-06-13 22:50:04,947 - {'epoch': 37, 'rec_loss': '4.5017'}
2025-06-13 22:50:09,349 - {'Epoch': 37, 'HR@5': '0.1745', 'NDCG@5': '0.1133', 'HR@10': '0.2592', 'NDCG@10': '0.1406', 'HR@20': '0.3606', 'NDCG@20': '0.1663'}
2025-06-13 22:50:09,351 - EarlyStopping counter: 9 out of 10
2025-06-13 22:50:16,728 - {'epoch': 38, 'rec_loss': '4.4910'}
2025-06-13 22:50:21,074 - {'Epoch': 38, 'HR@5': '0.1696', 'NDCG@5': '0.1122', 'HR@10': '0.2576', 'NDCG@10': '0.1406', 'HR@20': '0.3618', 'NDCG@20': '0.1669'}
2025-06-13 22:50:21,075 - EarlyStopping counter: 10 out of 10
2025-06-13 22:50:21,076 - Early stopping
2025-06-13 22:50:21,076 - ---------------Validation Score---------------
2025-06-13 22:50:25,391 - {'Epoch': 0, 'HR@5': '0.1741', 'NDCG@5': '0.1145', 'HR@10': '0.2612', 'NDCG@10': '0.1426', 'HR@20': '0.3618', 'NDCG@20': '0.1680'}
2025-06-13 22:50:25,392 - BSARec_Diginetica
2025-06-13 22:50:25,392 - {'Epoch': 0, 'HR@5': '0.1741', 'NDCG@5': '0.1145', 'HR@10': '0.2612', 'NDCG@10': '0.1426', 'HR@20': '0.3618', 'NDCG@20': '0.1680'}
