2025-06-13 20:21:20,450 - Namespace(data_dir='./data/', output_dir='hparam_search/', data_name='LastFM', train_name='DuoRec_LastFM', num_items=10, num_users=1091, lr=0.001, batch_size=256, epochs=200, no_cuda=False, log_freq=1, patience=10, num_workers=4, seed=42, weight_decay=0.0, adam_beta1=0.9, adam_beta2=0.999, gpu_id='0', variance=5, model_type='DuoRec', max_seq_length=50, hidden_size=64, num_hidden_layers=2, hidden_act='gelu', num_attention_heads=4, attention_probs_dropout_prob=0.5, hidden_dropout_prob=0.5, initializer_range=0.02, tau=1.0, lmd=0.1, lmd_sem=0.1, ssl='us_x', sim='dot', cuda_condition=True, data_file='./data/LastFM.txt', item_size=3647, checkpoint_path=PosixPath('/gpfs/home3/scur2771/BSARec/BSARec/src/hparam_search/DuoRec_LastFM/12364640_3/model.pt'), same_target_path='./data/LastFM_same_target.npy')
2025-06-13 20:21:20,465 - DuoRecModel(
  (item_embeddings): Embedding(3647, 64, padding_idx=0)
  (position_embeddings): Embedding(50, 64)
  (LayerNorm): LayerNorm()
  (dropout): Dropout(p=0.5, inplace=False)
  (item_encoder): TransformerEncoder(
    (blocks): ModuleList(
      (0): TransformerBlock(
        (layer): MultiHeadAttention(
          (query): Linear(in_features=64, out_features=64, bias=True)
          (key): Linear(in_features=64, out_features=64, bias=True)
          (value): Linear(in_features=64, out_features=64, bias=True)
          (softmax): Softmax(dim=-1)
          (attn_dropout): Dropout(p=0.5, inplace=False)
          (dense): Linear(in_features=64, out_features=64, bias=True)
          (LayerNorm): LayerNorm((64,), eps=1e-12, elementwise_affine=True)
          (out_dropout): Dropout(p=0.5, inplace=False)
        )
        (feed_forward): FeedForward(
          (dense_1): Linear(in_features=64, out_features=256, bias=True)
          (dense_2): Linear(in_features=256, out_features=64, bias=True)
          (LayerNorm): LayerNorm()
          (dropout): Dropout(p=0.5, inplace=False)
        )
      )
      (1): TransformerBlock(
        (layer): MultiHeadAttention(
          (query): Linear(in_features=64, out_features=64, bias=True)
          (key): Linear(in_features=64, out_features=64, bias=True)
          (value): Linear(in_features=64, out_features=64, bias=True)
          (softmax): Softmax(dim=-1)
          (attn_dropout): Dropout(p=0.5, inplace=False)
          (dense): Linear(in_features=64, out_features=64, bias=True)
          (LayerNorm): LayerNorm((64,), eps=1e-12, elementwise_affine=True)
          (out_dropout): Dropout(p=0.5, inplace=False)
        )
        (feed_forward): FeedForward(
          (dense_1): Linear(in_features=64, out_features=256, bias=True)
          (dense_2): Linear(in_features=256, out_features=64, bias=True)
          (LayerNorm): LayerNorm()
          (dropout): Dropout(p=0.5, inplace=False)
        )
      )
    )
  )
  (aug_nce_fct): CrossEntropyLoss()
)
2025-06-13 20:21:23,195 - Total Parameters: 336704
2025-06-13 20:21:27,650 - {'epoch': 0, 'rec_loss': '8.8540'}
2025-06-13 20:21:28,341 - {'Epoch': 0, 'HR@5': '0.0183', 'NDCG@5': '0.0113', 'HR@10': '0.0376', 'NDCG@10': '0.0176', 'HR@20': '0.0569', 'NDCG@20': '0.0224'}
2025-06-13 20:21:28,342 - Validation score increased.  Saving model ...
2025-06-13 20:21:32,080 - {'epoch': 1, 'rec_loss': '8.5149'}
2025-06-13 20:21:32,852 - {'Epoch': 1, 'HR@5': '0.0183', 'NDCG@5': '0.0110', 'HR@10': '0.0376', 'NDCG@10': '0.0173', 'HR@20': '0.0615', 'NDCG@20': '0.0232'}
2025-06-13 20:21:32,852 - Validation score increased.  Saving model ...
2025-06-13 20:21:36,538 - {'epoch': 2, 'rec_loss': '8.4757'}
2025-06-13 20:21:37,292 - {'Epoch': 2, 'HR@5': '0.0211', 'NDCG@5': '0.0125', 'HR@10': '0.0385', 'NDCG@10': '0.0182', 'HR@20': '0.0615', 'NDCG@20': '0.0238'}
2025-06-13 20:21:37,292 - Validation score increased.  Saving model ...
2025-06-13 20:21:41,033 - {'epoch': 3, 'rec_loss': '8.4533'}
2025-06-13 20:21:41,779 - {'Epoch': 3, 'HR@5': '0.0165', 'NDCG@5': '0.0127', 'HR@10': '0.0367', 'NDCG@10': '0.0193', 'HR@20': '0.0624', 'NDCG@20': '0.0257'}
2025-06-13 20:21:41,780 - Validation score increased.  Saving model ...
2025-06-13 20:21:45,613 - {'epoch': 4, 'rec_loss': '8.4323'}
2025-06-13 20:21:46,349 - {'Epoch': 4, 'HR@5': '0.0248', 'NDCG@5': '0.0152', 'HR@10': '0.0330', 'NDCG@10': '0.0179', 'HR@20': '0.0606', 'NDCG@20': '0.0249'}
2025-06-13 20:21:46,349 - EarlyStopping counter: 1 out of 10
2025-06-13 20:21:50,037 - {'epoch': 5, 'rec_loss': '8.3881'}
2025-06-13 20:21:50,825 - {'Epoch': 5, 'HR@5': '0.0220', 'NDCG@5': '0.0126', 'HR@10': '0.0404', 'NDCG@10': '0.0187', 'HR@20': '0.0587', 'NDCG@20': '0.0233'}
2025-06-13 20:21:50,826 - EarlyStopping counter: 2 out of 10
2025-06-13 20:21:54,486 - {'epoch': 6, 'rec_loss': '8.3294'}
2025-06-13 20:21:55,259 - {'Epoch': 6, 'HR@5': '0.0257', 'NDCG@5': '0.0169', 'HR@10': '0.0413', 'NDCG@10': '0.0221', 'HR@20': '0.0615', 'NDCG@20': '0.0271'}
2025-06-13 20:21:55,259 - Validation score increased.  Saving model ...
2025-06-13 20:21:58,925 - {'epoch': 7, 'rec_loss': '8.2715'}
2025-06-13 20:21:59,633 - {'Epoch': 7, 'HR@5': '0.0248', 'NDCG@5': '0.0142', 'HR@10': '0.0440', 'NDCG@10': '0.0206', 'HR@20': '0.0624', 'NDCG@20': '0.0251'}
2025-06-13 20:21:59,633 - EarlyStopping counter: 1 out of 10
2025-06-13 20:22:03,369 - {'epoch': 8, 'rec_loss': '8.2170'}
2025-06-13 20:22:04,120 - {'Epoch': 8, 'HR@5': '0.0312', 'NDCG@5': '0.0187', 'HR@10': '0.0431', 'NDCG@10': '0.0226', 'HR@20': '0.0670', 'NDCG@20': '0.0285'}
2025-06-13 20:22:04,121 - Validation score increased.  Saving model ...
2025-06-13 20:22:07,804 - {'epoch': 9, 'rec_loss': '8.1549'}
2025-06-13 20:22:08,624 - {'Epoch': 9, 'HR@5': '0.0284', 'NDCG@5': '0.0188', 'HR@10': '0.0468', 'NDCG@10': '0.0249', 'HR@20': '0.0743', 'NDCG@20': '0.0318'}
2025-06-13 20:22:08,624 - Validation score increased.  Saving model ...
2025-06-13 20:22:12,332 - {'epoch': 10, 'rec_loss': '8.0817'}
2025-06-13 20:22:13,181 - {'Epoch': 10, 'HR@5': '0.0330', 'NDCG@5': '0.0206', 'HR@10': '0.0550', 'NDCG@10': '0.0275', 'HR@20': '0.0862', 'NDCG@20': '0.0353'}
2025-06-13 20:22:13,182 - Validation score increased.  Saving model ...
2025-06-13 20:22:16,910 - {'epoch': 11, 'rec_loss': '8.0102'}
2025-06-13 20:22:17,586 - {'Epoch': 11, 'HR@5': '0.0349', 'NDCG@5': '0.0214', 'HR@10': '0.0560', 'NDCG@10': '0.0282', 'HR@20': '0.0844', 'NDCG@20': '0.0355'}
2025-06-13 20:22:17,586 - Validation score increased.  Saving model ...
2025-06-13 20:22:21,306 - {'epoch': 12, 'rec_loss': '7.9341'}
2025-06-13 20:22:22,028 - {'Epoch': 12, 'HR@5': '0.0385', 'NDCG@5': '0.0244', 'HR@10': '0.0550', 'NDCG@10': '0.0299', 'HR@20': '0.0862', 'NDCG@20': '0.0376'}
2025-06-13 20:22:22,028 - Validation score increased.  Saving model ...
2025-06-13 20:22:25,738 - {'epoch': 13, 'rec_loss': '7.8639'}
2025-06-13 20:22:26,507 - {'Epoch': 13, 'HR@5': '0.0431', 'NDCG@5': '0.0261', 'HR@10': '0.0596', 'NDCG@10': '0.0315', 'HR@20': '0.0872', 'NDCG@20': '0.0385'}
2025-06-13 20:22:26,507 - Validation score increased.  Saving model ...
2025-06-13 20:22:30,277 - {'epoch': 14, 'rec_loss': '7.7947'}
2025-06-13 20:22:31,011 - {'Epoch': 14, 'HR@5': '0.0431', 'NDCG@5': '0.0262', 'HR@10': '0.0624', 'NDCG@10': '0.0323', 'HR@20': '0.0927', 'NDCG@20': '0.0401'}
2025-06-13 20:22:31,012 - Validation score increased.  Saving model ...
2025-06-13 20:22:34,743 - {'epoch': 15, 'rec_loss': '7.7268'}
2025-06-13 20:22:35,456 - {'Epoch': 15, 'HR@5': '0.0422', 'NDCG@5': '0.0255', 'HR@10': '0.0578', 'NDCG@10': '0.0306', 'HR@20': '0.0936', 'NDCG@20': '0.0397'}
2025-06-13 20:22:35,457 - EarlyStopping counter: 1 out of 10
2025-06-13 20:22:39,196 - {'epoch': 16, 'rec_loss': '7.6580'}
2025-06-13 20:22:40,008 - {'Epoch': 16, 'HR@5': '0.0459', 'NDCG@5': '0.0286', 'HR@10': '0.0624', 'NDCG@10': '0.0339', 'HR@20': '0.0936', 'NDCG@20': '0.0417'}
2025-06-13 20:22:40,009 - Validation score increased.  Saving model ...
2025-06-13 20:22:43,699 - {'epoch': 17, 'rec_loss': '7.5877'}
2025-06-13 20:22:44,476 - {'Epoch': 17, 'HR@5': '0.0450', 'NDCG@5': '0.0269', 'HR@10': '0.0615', 'NDCG@10': '0.0321', 'HR@20': '0.0908', 'NDCG@20': '0.0395'}
2025-06-13 20:22:44,477 - EarlyStopping counter: 1 out of 10
2025-06-13 20:22:48,254 - {'epoch': 18, 'rec_loss': '7.5219'}
2025-06-13 20:22:48,967 - {'Epoch': 18, 'HR@5': '0.0477', 'NDCG@5': '0.0308', 'HR@10': '0.0651', 'NDCG@10': '0.0366', 'HR@20': '0.0954', 'NDCG@20': '0.0440'}
2025-06-13 20:22:48,967 - Validation score increased.  Saving model ...
2025-06-13 20:22:52,685 - {'epoch': 19, 'rec_loss': '7.4587'}
2025-06-13 20:22:53,448 - {'Epoch': 19, 'HR@5': '0.0385', 'NDCG@5': '0.0259', 'HR@10': '0.0651', 'NDCG@10': '0.0345', 'HR@20': '0.1009', 'NDCG@20': '0.0435'}
2025-06-13 20:22:53,448 - EarlyStopping counter: 1 out of 10
2025-06-13 20:22:57,192 - {'epoch': 20, 'rec_loss': '7.3973'}
2025-06-13 20:22:57,940 - {'Epoch': 20, 'HR@5': '0.0431', 'NDCG@5': '0.0267', 'HR@10': '0.0670', 'NDCG@10': '0.0345', 'HR@20': '0.0963', 'NDCG@20': '0.0418'}
2025-06-13 20:22:57,941 - EarlyStopping counter: 2 out of 10
2025-06-13 20:23:01,594 - {'epoch': 21, 'rec_loss': '7.3414'}
2025-06-13 20:23:02,265 - {'Epoch': 21, 'HR@5': '0.0486', 'NDCG@5': '0.0315', 'HR@10': '0.0688', 'NDCG@10': '0.0382', 'HR@20': '0.1000', 'NDCG@20': '0.0460'}
2025-06-13 20:23:02,265 - Validation score increased.  Saving model ...
2025-06-13 20:23:05,962 - {'epoch': 22, 'rec_loss': '7.2838'}
2025-06-13 20:23:06,685 - {'Epoch': 22, 'HR@5': '0.0459', 'NDCG@5': '0.0289', 'HR@10': '0.0697', 'NDCG@10': '0.0366', 'HR@20': '0.1092', 'NDCG@20': '0.0465'}
2025-06-13 20:23:06,686 - Validation score increased.  Saving model ...
2025-06-13 20:23:10,511 - {'epoch': 23, 'rec_loss': '7.2235'}
2025-06-13 20:23:11,203 - {'Epoch': 23, 'HR@5': '0.0450', 'NDCG@5': '0.0286', 'HR@10': '0.0734', 'NDCG@10': '0.0377', 'HR@20': '0.1092', 'NDCG@20': '0.0466'}
2025-06-13 20:23:11,204 - Validation score increased.  Saving model ...
2025-06-13 20:23:14,988 - {'epoch': 24, 'rec_loss': '7.1668'}
2025-06-13 20:23:15,717 - {'Epoch': 24, 'HR@5': '0.0431', 'NDCG@5': '0.0297', 'HR@10': '0.0716', 'NDCG@10': '0.0390', 'HR@20': '0.1046', 'NDCG@20': '0.0473'}
2025-06-13 20:23:15,718 - Validation score increased.  Saving model ...
2025-06-13 20:23:19,394 - {'epoch': 25, 'rec_loss': '7.1198'}
2025-06-13 20:23:20,084 - {'Epoch': 25, 'HR@5': '0.0450', 'NDCG@5': '0.0292', 'HR@10': '0.0752', 'NDCG@10': '0.0389', 'HR@20': '0.1174', 'NDCG@20': '0.0493'}
2025-06-13 20:23:20,085 - Validation score increased.  Saving model ...
2025-06-13 20:23:23,759 - {'epoch': 26, 'rec_loss': '7.0721'}
2025-06-13 20:23:24,538 - {'Epoch': 26, 'HR@5': '0.0477', 'NDCG@5': '0.0296', 'HR@10': '0.0734', 'NDCG@10': '0.0379', 'HR@20': '0.1110', 'NDCG@20': '0.0472'}
2025-06-13 20:23:24,538 - EarlyStopping counter: 1 out of 10
2025-06-13 20:23:28,284 - {'epoch': 27, 'rec_loss': '7.0236'}
2025-06-13 20:23:29,001 - {'Epoch': 27, 'HR@5': '0.0505', 'NDCG@5': '0.0329', 'HR@10': '0.0734', 'NDCG@10': '0.0403', 'HR@20': '0.1110', 'NDCG@20': '0.0498'}
2025-06-13 20:23:29,002 - Validation score increased.  Saving model ...
2025-06-13 20:23:32,718 - {'epoch': 28, 'rec_loss': '6.9720'}
2025-06-13 20:23:33,431 - {'Epoch': 28, 'HR@5': '0.0541', 'NDCG@5': '0.0326', 'HR@10': '0.0761', 'NDCG@10': '0.0399', 'HR@20': '0.1119', 'NDCG@20': '0.0489'}
2025-06-13 20:23:33,431 - EarlyStopping counter: 1 out of 10
2025-06-13 20:23:37,092 - {'epoch': 29, 'rec_loss': '6.9295'}
2025-06-13 20:23:37,843 - {'Epoch': 29, 'HR@5': '0.0541', 'NDCG@5': '0.0341', 'HR@10': '0.0734', 'NDCG@10': '0.0404', 'HR@20': '0.1156', 'NDCG@20': '0.0512'}
2025-06-13 20:23:37,844 - Validation score increased.  Saving model ...
2025-06-13 20:23:41,570 - {'epoch': 30, 'rec_loss': '6.8886'}
2025-06-13 20:23:42,252 - {'Epoch': 30, 'HR@5': '0.0468', 'NDCG@5': '0.0307', 'HR@10': '0.0743', 'NDCG@10': '0.0397', 'HR@20': '0.1092', 'NDCG@20': '0.0487'}
2025-06-13 20:23:42,253 - EarlyStopping counter: 1 out of 10
2025-06-13 20:23:45,932 - {'epoch': 31, 'rec_loss': '6.8483'}
2025-06-13 20:23:46,790 - {'Epoch': 31, 'HR@5': '0.0560', 'NDCG@5': '0.0355', 'HR@10': '0.0771', 'NDCG@10': '0.0423', 'HR@20': '0.1147', 'NDCG@20': '0.0518'}
2025-06-13 20:23:46,791 - Validation score increased.  Saving model ...
2025-06-13 20:23:50,424 - {'epoch': 32, 'rec_loss': '6.8080'}
2025-06-13 20:23:51,112 - {'Epoch': 32, 'HR@5': '0.0541', 'NDCG@5': '0.0346', 'HR@10': '0.0761', 'NDCG@10': '0.0417', 'HR@20': '0.1183', 'NDCG@20': '0.0523'}
2025-06-13 20:23:51,112 - Validation score increased.  Saving model ...
2025-06-13 20:23:54,745 - {'epoch': 33, 'rec_loss': '6.7682'}
2025-06-13 20:23:55,428 - {'Epoch': 33, 'HR@5': '0.0550', 'NDCG@5': '0.0365', 'HR@10': '0.0789', 'NDCG@10': '0.0441', 'HR@20': '0.1156', 'NDCG@20': '0.0533'}
2025-06-13 20:23:55,429 - Validation score increased.  Saving model ...
2025-06-13 20:23:59,078 - {'epoch': 34, 'rec_loss': '6.7244'}
2025-06-13 20:23:59,758 - {'Epoch': 34, 'HR@5': '0.0477', 'NDCG@5': '0.0324', 'HR@10': '0.0817', 'NDCG@10': '0.0435', 'HR@20': '0.1128', 'NDCG@20': '0.0513'}
2025-06-13 20:23:59,759 - EarlyStopping counter: 1 out of 10
2025-06-13 20:24:03,449 - {'epoch': 35, 'rec_loss': '6.6945'}
2025-06-13 20:24:04,233 - {'Epoch': 35, 'HR@5': '0.0532', 'NDCG@5': '0.0355', 'HR@10': '0.0752', 'NDCG@10': '0.0427', 'HR@20': '0.1119', 'NDCG@20': '0.0519'}
2025-06-13 20:24:04,234 - EarlyStopping counter: 2 out of 10
2025-06-13 20:24:07,933 - {'epoch': 36, 'rec_loss': '6.6468'}
2025-06-13 20:24:08,667 - {'Epoch': 36, 'HR@5': '0.0606', 'NDCG@5': '0.0389', 'HR@10': '0.0807', 'NDCG@10': '0.0454', 'HR@20': '0.1138', 'NDCG@20': '0.0537'}
2025-06-13 20:24:08,668 - Validation score increased.  Saving model ...
2025-06-13 20:24:12,393 - {'epoch': 37, 'rec_loss': '6.6242'}
2025-06-13 20:24:13,075 - {'Epoch': 37, 'HR@5': '0.0550', 'NDCG@5': '0.0367', 'HR@10': '0.0872', 'NDCG@10': '0.0470', 'HR@20': '0.1174', 'NDCG@20': '0.0546'}
2025-06-13 20:24:13,076 - Validation score increased.  Saving model ...
2025-06-13 20:24:16,837 - {'epoch': 38, 'rec_loss': '6.5883'}
2025-06-13 20:24:17,539 - {'Epoch': 38, 'HR@5': '0.0541', 'NDCG@5': '0.0362', 'HR@10': '0.0835', 'NDCG@10': '0.0456', 'HR@20': '0.1193', 'NDCG@20': '0.0547'}
2025-06-13 20:24:17,540 - Validation score increased.  Saving model ...
2025-06-13 20:24:21,318 - {'epoch': 39, 'rec_loss': '6.5570'}
2025-06-13 20:24:22,065 - {'Epoch': 39, 'HR@5': '0.0550', 'NDCG@5': '0.0375', 'HR@10': '0.0826', 'NDCG@10': '0.0465', 'HR@20': '0.1220', 'NDCG@20': '0.0564'}
2025-06-13 20:24:22,066 - Validation score increased.  Saving model ...
2025-06-13 20:24:25,720 - {'epoch': 40, 'rec_loss': '6.5295'}
2025-06-13 20:24:26,420 - {'Epoch': 40, 'HR@5': '0.0569', 'NDCG@5': '0.0375', 'HR@10': '0.0817', 'NDCG@10': '0.0454', 'HR@20': '0.1211', 'NDCG@20': '0.0554'}
2025-06-13 20:24:26,421 - EarlyStopping counter: 1 out of 10
2025-06-13 20:24:30,120 - {'epoch': 41, 'rec_loss': '6.4920'}
2025-06-13 20:24:30,841 - {'Epoch': 41, 'HR@5': '0.0578', 'NDCG@5': '0.0380', 'HR@10': '0.0798', 'NDCG@10': '0.0451', 'HR@20': '0.1193', 'NDCG@20': '0.0550'}
2025-06-13 20:24:30,842 - EarlyStopping counter: 2 out of 10
2025-06-13 20:24:34,471 - {'epoch': 42, 'rec_loss': '6.4698'}
2025-06-13 20:24:35,261 - {'Epoch': 42, 'HR@5': '0.0596', 'NDCG@5': '0.0391', 'HR@10': '0.0771', 'NDCG@10': '0.0446', 'HR@20': '0.1202', 'NDCG@20': '0.0555'}
2025-06-13 20:24:35,262 - EarlyStopping counter: 3 out of 10
2025-06-13 20:24:38,949 - {'epoch': 43, 'rec_loss': '6.4360'}
2025-06-13 20:24:39,727 - {'Epoch': 43, 'HR@5': '0.0560', 'NDCG@5': '0.0382', 'HR@10': '0.0853', 'NDCG@10': '0.0476', 'HR@20': '0.1174', 'NDCG@20': '0.0557'}
2025-06-13 20:24:39,728 - EarlyStopping counter: 4 out of 10
2025-06-13 20:24:43,465 - {'epoch': 44, 'rec_loss': '6.4142'}
2025-06-13 20:24:44,185 - {'Epoch': 44, 'HR@5': '0.0578', 'NDCG@5': '0.0384', 'HR@10': '0.0807', 'NDCG@10': '0.0458', 'HR@20': '0.1183', 'NDCG@20': '0.0552'}
2025-06-13 20:24:44,186 - EarlyStopping counter: 5 out of 10
2025-06-13 20:24:47,961 - {'epoch': 45, 'rec_loss': '6.3822'}
2025-06-13 20:24:48,721 - {'Epoch': 45, 'HR@5': '0.0578', 'NDCG@5': '0.0377', 'HR@10': '0.0835', 'NDCG@10': '0.0459', 'HR@20': '0.1239', 'NDCG@20': '0.0560'}
2025-06-13 20:24:48,721 - EarlyStopping counter: 6 out of 10
2025-06-13 20:24:52,441 - {'epoch': 46, 'rec_loss': '6.3610'}
2025-06-13 20:24:53,169 - {'Epoch': 46, 'HR@5': '0.0569', 'NDCG@5': '0.0386', 'HR@10': '0.0835', 'NDCG@10': '0.0470', 'HR@20': '0.1248', 'NDCG@20': '0.0572'}
2025-06-13 20:24:53,170 - Validation score increased.  Saving model ...
2025-06-13 20:24:56,867 - {'epoch': 47, 'rec_loss': '6.3326'}
2025-06-13 20:24:57,567 - {'Epoch': 47, 'HR@5': '0.0514', 'NDCG@5': '0.0365', 'HR@10': '0.0789', 'NDCG@10': '0.0453', 'HR@20': '0.1202', 'NDCG@20': '0.0557'}
2025-06-13 20:24:57,568 - EarlyStopping counter: 1 out of 10
2025-06-13 20:25:01,310 - {'epoch': 48, 'rec_loss': '6.3121'}
2025-06-13 20:25:01,973 - {'Epoch': 48, 'HR@5': '0.0560', 'NDCG@5': '0.0384', 'HR@10': '0.0826', 'NDCG@10': '0.0469', 'HR@20': '0.1193', 'NDCG@20': '0.0562'}
2025-06-13 20:25:01,974 - EarlyStopping counter: 2 out of 10
2025-06-13 20:25:05,543 - {'epoch': 49, 'rec_loss': '6.2930'}
2025-06-13 20:25:06,329 - {'Epoch': 49, 'HR@5': '0.0550', 'NDCG@5': '0.0381', 'HR@10': '0.0844', 'NDCG@10': '0.0474', 'HR@20': '0.1257', 'NDCG@20': '0.0578'}
2025-06-13 20:25:06,329 - Validation score increased.  Saving model ...
2025-06-13 20:25:10,019 - {'epoch': 50, 'rec_loss': '6.2630'}
2025-06-13 20:25:10,761 - {'Epoch': 50, 'HR@5': '0.0541', 'NDCG@5': '0.0385', 'HR@10': '0.0872', 'NDCG@10': '0.0490', 'HR@20': '0.1183', 'NDCG@20': '0.0568'}
2025-06-13 20:25:10,762 - EarlyStopping counter: 1 out of 10
2025-06-13 20:25:14,413 - {'epoch': 51, 'rec_loss': '6.2522'}
2025-06-13 20:25:15,215 - {'Epoch': 51, 'HR@5': '0.0550', 'NDCG@5': '0.0399', 'HR@10': '0.0798', 'NDCG@10': '0.0477', 'HR@20': '0.1257', 'NDCG@20': '0.0594'}
2025-06-13 20:25:15,216 - Validation score increased.  Saving model ...
2025-06-13 20:25:19,003 - {'epoch': 52, 'rec_loss': '6.2197'}
2025-06-13 20:25:19,718 - {'Epoch': 52, 'HR@5': '0.0523', 'NDCG@5': '0.0370', 'HR@10': '0.0798', 'NDCG@10': '0.0460', 'HR@20': '0.1275', 'NDCG@20': '0.0580'}
2025-06-13 20:25:19,718 - EarlyStopping counter: 1 out of 10
2025-06-13 20:25:23,352 - {'epoch': 53, 'rec_loss': '6.2080'}
2025-06-13 20:25:24,129 - {'Epoch': 53, 'HR@5': '0.0569', 'NDCG@5': '0.0406', 'HR@10': '0.0780', 'NDCG@10': '0.0473', 'HR@20': '0.1229', 'NDCG@20': '0.0587'}
2025-06-13 20:25:24,130 - EarlyStopping counter: 2 out of 10
2025-06-13 20:25:27,860 - {'epoch': 54, 'rec_loss': '6.1829'}
2025-06-13 20:25:28,587 - {'Epoch': 54, 'HR@5': '0.0560', 'NDCG@5': '0.0393', 'HR@10': '0.0826', 'NDCG@10': '0.0478', 'HR@20': '0.1266', 'NDCG@20': '0.0588'}
2025-06-13 20:25:28,588 - EarlyStopping counter: 3 out of 10
2025-06-13 20:25:32,199 - {'epoch': 55, 'rec_loss': '6.1608'}
2025-06-13 20:25:32,913 - {'Epoch': 55, 'HR@5': '0.0550', 'NDCG@5': '0.0387', 'HR@10': '0.0817', 'NDCG@10': '0.0471', 'HR@20': '0.1275', 'NDCG@20': '0.0585'}
2025-06-13 20:25:32,914 - EarlyStopping counter: 4 out of 10
2025-06-13 20:25:36,614 - {'epoch': 56, 'rec_loss': '6.1465'}
2025-06-13 20:25:37,338 - {'Epoch': 56, 'HR@5': '0.0569', 'NDCG@5': '0.0387', 'HR@10': '0.0817', 'NDCG@10': '0.0467', 'HR@20': '0.1193', 'NDCG@20': '0.0560'}
2025-06-13 20:25:37,339 - EarlyStopping counter: 5 out of 10
2025-06-13 20:25:40,956 - {'epoch': 57, 'rec_loss': '6.1174'}
2025-06-13 20:25:41,768 - {'Epoch': 57, 'HR@5': '0.0569', 'NDCG@5': '0.0392', 'HR@10': '0.0807', 'NDCG@10': '0.0468', 'HR@20': '0.1202', 'NDCG@20': '0.0567'}
2025-06-13 20:25:41,769 - EarlyStopping counter: 6 out of 10
2025-06-13 20:25:45,448 - {'epoch': 58, 'rec_loss': '6.0992'}
2025-06-13 20:25:46,152 - {'Epoch': 58, 'HR@5': '0.0587', 'NDCG@5': '0.0408', 'HR@10': '0.0844', 'NDCG@10': '0.0492', 'HR@20': '0.1321', 'NDCG@20': '0.0609'}
2025-06-13 20:25:46,153 - Validation score increased.  Saving model ...
2025-06-13 20:25:49,899 - {'epoch': 59, 'rec_loss': '6.0878'}
2025-06-13 20:25:50,662 - {'Epoch': 59, 'HR@5': '0.0569', 'NDCG@5': '0.0394', 'HR@10': '0.0872', 'NDCG@10': '0.0490', 'HR@20': '0.1312', 'NDCG@20': '0.0599'}
2025-06-13 20:25:50,662 - EarlyStopping counter: 1 out of 10
2025-06-13 20:25:54,378 - {'epoch': 60, 'rec_loss': '6.0641'}
2025-06-13 20:25:55,114 - {'Epoch': 60, 'HR@5': '0.0550', 'NDCG@5': '0.0385', 'HR@10': '0.0862', 'NDCG@10': '0.0487', 'HR@20': '0.1303', 'NDCG@20': '0.0595'}
2025-06-13 20:25:55,114 - EarlyStopping counter: 2 out of 10
2025-06-13 20:25:58,724 - {'epoch': 61, 'rec_loss': '6.0538'}
2025-06-13 20:25:59,467 - {'Epoch': 61, 'HR@5': '0.0532', 'NDCG@5': '0.0383', 'HR@10': '0.0835', 'NDCG@10': '0.0482', 'HR@20': '0.1275', 'NDCG@20': '0.0592'}
2025-06-13 20:25:59,468 - EarlyStopping counter: 3 out of 10
2025-06-13 20:26:03,141 - {'epoch': 62, 'rec_loss': '6.0427'}
2025-06-13 20:26:03,902 - {'Epoch': 62, 'HR@5': '0.0569', 'NDCG@5': '0.0388', 'HR@10': '0.0835', 'NDCG@10': '0.0473', 'HR@20': '0.1266', 'NDCG@20': '0.0580'}
2025-06-13 20:26:03,902 - EarlyStopping counter: 4 out of 10
2025-06-13 20:26:07,546 - {'epoch': 63, 'rec_loss': '6.0235'}
2025-06-13 20:26:08,351 - {'Epoch': 63, 'HR@5': '0.0550', 'NDCG@5': '0.0393', 'HR@10': '0.0807', 'NDCG@10': '0.0476', 'HR@20': '0.1257', 'NDCG@20': '0.0589'}
2025-06-13 20:26:08,352 - EarlyStopping counter: 5 out of 10
2025-06-13 20:26:11,994 - {'epoch': 64, 'rec_loss': '6.0138'}
2025-06-13 20:26:12,791 - {'Epoch': 64, 'HR@5': '0.0569', 'NDCG@5': '0.0406', 'HR@10': '0.0881', 'NDCG@10': '0.0507', 'HR@20': '0.1284', 'NDCG@20': '0.0608'}
2025-06-13 20:26:12,792 - EarlyStopping counter: 6 out of 10
2025-06-13 20:26:16,427 - {'epoch': 65, 'rec_loss': '5.9901'}
2025-06-13 20:26:17,214 - {'Epoch': 65, 'HR@5': '0.0560', 'NDCG@5': '0.0391', 'HR@10': '0.0862', 'NDCG@10': '0.0489', 'HR@20': '0.1248', 'NDCG@20': '0.0585'}
2025-06-13 20:26:17,215 - EarlyStopping counter: 7 out of 10
2025-06-13 20:26:20,898 - {'epoch': 66, 'rec_loss': '5.9835'}
2025-06-13 20:26:21,620 - {'Epoch': 66, 'HR@5': '0.0569', 'NDCG@5': '0.0398', 'HR@10': '0.0853', 'NDCG@10': '0.0488', 'HR@20': '0.1294', 'NDCG@20': '0.0598'}
2025-06-13 20:26:21,620 - EarlyStopping counter: 8 out of 10
2025-06-13 20:26:25,306 - {'epoch': 67, 'rec_loss': '5.9607'}
2025-06-13 20:26:26,083 - {'Epoch': 67, 'HR@5': '0.0606', 'NDCG@5': '0.0416', 'HR@10': '0.0862', 'NDCG@10': '0.0498', 'HR@20': '0.1294', 'NDCG@20': '0.0605'}
2025-06-13 20:26:26,084 - EarlyStopping counter: 9 out of 10
2025-06-13 20:26:29,695 - {'epoch': 68, 'rec_loss': '5.9525'}
2025-06-13 20:26:30,467 - {'Epoch': 68, 'HR@5': '0.0578', 'NDCG@5': '0.0412', 'HR@10': '0.0853', 'NDCG@10': '0.0500', 'HR@20': '0.1303', 'NDCG@20': '0.0612'}
2025-06-13 20:26:30,468 - Validation score increased.  Saving model ...
2025-06-13 20:26:34,124 - {'epoch': 69, 'rec_loss': '5.9307'}
2025-06-13 20:26:34,965 - {'Epoch': 69, 'HR@5': '0.0587', 'NDCG@5': '0.0414', 'HR@10': '0.0908', 'NDCG@10': '0.0515', 'HR@20': '0.1303', 'NDCG@20': '0.0612'}
2025-06-13 20:26:34,966 - EarlyStopping counter: 1 out of 10
2025-06-13 20:26:38,642 - {'epoch': 70, 'rec_loss': '5.9186'}
2025-06-13 20:26:39,348 - {'Epoch': 70, 'HR@5': '0.0569', 'NDCG@5': '0.0410', 'HR@10': '0.0835', 'NDCG@10': '0.0496', 'HR@20': '0.1312', 'NDCG@20': '0.0615'}
2025-06-13 20:26:39,348 - Validation score increased.  Saving model ...
2025-06-13 20:26:43,099 - {'epoch': 71, 'rec_loss': '5.9169'}
2025-06-13 20:26:43,880 - {'Epoch': 71, 'HR@5': '0.0596', 'NDCG@5': '0.0409', 'HR@10': '0.0872', 'NDCG@10': '0.0497', 'HR@20': '0.1303', 'NDCG@20': '0.0603'}
2025-06-13 20:26:43,881 - EarlyStopping counter: 1 out of 10
2025-06-13 20:26:47,597 - {'epoch': 72, 'rec_loss': '5.9008'}
2025-06-13 20:26:48,320 - {'Epoch': 72, 'HR@5': '0.0606', 'NDCG@5': '0.0422', 'HR@10': '0.0890', 'NDCG@10': '0.0513', 'HR@20': '0.1312', 'NDCG@20': '0.0618'}
2025-06-13 20:26:48,320 - Validation score increased.  Saving model ...
2025-06-13 20:26:52,042 - {'epoch': 73, 'rec_loss': '5.8832'}
2025-06-13 20:26:52,894 - {'Epoch': 73, 'HR@5': '0.0624', 'NDCG@5': '0.0417', 'HR@10': '0.0890', 'NDCG@10': '0.0502', 'HR@20': '0.1284', 'NDCG@20': '0.0599'}
2025-06-13 20:26:52,894 - EarlyStopping counter: 1 out of 10
2025-06-13 20:26:56,609 - {'epoch': 74, 'rec_loss': '5.8728'}
2025-06-13 20:26:57,316 - {'Epoch': 74, 'HR@5': '0.0587', 'NDCG@5': '0.0399', 'HR@10': '0.0881', 'NDCG@10': '0.0495', 'HR@20': '0.1284', 'NDCG@20': '0.0598'}
2025-06-13 20:26:57,317 - EarlyStopping counter: 2 out of 10
2025-06-13 20:27:00,938 - {'epoch': 75, 'rec_loss': '5.8685'}
2025-06-13 20:27:01,656 - {'Epoch': 75, 'HR@5': '0.0606', 'NDCG@5': '0.0414', 'HR@10': '0.0908', 'NDCG@10': '0.0511', 'HR@20': '0.1303', 'NDCG@20': '0.0610'}
2025-06-13 20:27:01,657 - EarlyStopping counter: 3 out of 10
2025-06-13 20:27:05,267 - {'epoch': 76, 'rec_loss': '5.8491'}
2025-06-13 20:27:06,016 - {'Epoch': 76, 'HR@5': '0.0606', 'NDCG@5': '0.0414', 'HR@10': '0.0881', 'NDCG@10': '0.0502', 'HR@20': '0.1330', 'NDCG@20': '0.0614'}
2025-06-13 20:27:06,017 - EarlyStopping counter: 4 out of 10
2025-06-13 20:27:09,775 - {'epoch': 77, 'rec_loss': '5.8501'}
2025-06-13 20:27:10,558 - {'Epoch': 77, 'HR@5': '0.0578', 'NDCG@5': '0.0409', 'HR@10': '0.0853', 'NDCG@10': '0.0499', 'HR@20': '0.1303', 'NDCG@20': '0.0613'}
2025-06-13 20:27:10,559 - EarlyStopping counter: 5 out of 10
2025-06-13 20:27:14,309 - {'epoch': 78, 'rec_loss': '5.8209'}
2025-06-13 20:27:15,202 - {'Epoch': 78, 'HR@5': '0.0606', 'NDCG@5': '0.0404', 'HR@10': '0.0853', 'NDCG@10': '0.0485', 'HR@20': '0.1330', 'NDCG@20': '0.0604'}
2025-06-13 20:27:15,203 - EarlyStopping counter: 6 out of 10
2025-06-13 20:27:18,876 - {'epoch': 79, 'rec_loss': '5.8094'}
2025-06-13 20:27:19,685 - {'Epoch': 79, 'HR@5': '0.0578', 'NDCG@5': '0.0412', 'HR@10': '0.0872', 'NDCG@10': '0.0507', 'HR@20': '0.1321', 'NDCG@20': '0.0620'}
2025-06-13 20:27:19,686 - Validation score increased.  Saving model ...
2025-06-13 20:27:23,316 - {'epoch': 80, 'rec_loss': '5.8024'}
2025-06-13 20:27:24,057 - {'Epoch': 80, 'HR@5': '0.0560', 'NDCG@5': '0.0390', 'HR@10': '0.0872', 'NDCG@10': '0.0492', 'HR@20': '0.1339', 'NDCG@20': '0.0609'}
2025-06-13 20:27:24,057 - EarlyStopping counter: 1 out of 10
2025-06-13 20:27:27,724 - {'epoch': 81, 'rec_loss': '5.8015'}
2025-06-13 20:27:28,498 - {'Epoch': 81, 'HR@5': '0.0569', 'NDCG@5': '0.0397', 'HR@10': '0.0826', 'NDCG@10': '0.0480', 'HR@20': '0.1294', 'NDCG@20': '0.0598'}
2025-06-13 20:27:28,499 - EarlyStopping counter: 2 out of 10
2025-06-13 20:27:32,259 - {'epoch': 82, 'rec_loss': '5.7742'}
2025-06-13 20:27:32,942 - {'Epoch': 82, 'HR@5': '0.0606', 'NDCG@5': '0.0415', 'HR@10': '0.0872', 'NDCG@10': '0.0501', 'HR@20': '0.1303', 'NDCG@20': '0.0608'}
2025-06-13 20:27:32,943 - EarlyStopping counter: 3 out of 10
2025-06-13 20:27:36,541 - {'epoch': 83, 'rec_loss': '5.7753'}
2025-06-13 20:27:37,303 - {'Epoch': 83, 'HR@5': '0.0606', 'NDCG@5': '0.0408', 'HR@10': '0.0862', 'NDCG@10': '0.0491', 'HR@20': '0.1367', 'NDCG@20': '0.0616'}
2025-06-13 20:27:37,304 - EarlyStopping counter: 4 out of 10
2025-06-13 20:27:40,904 - {'epoch': 84, 'rec_loss': '5.7646'}
2025-06-13 20:27:41,605 - {'Epoch': 84, 'HR@5': '0.0633', 'NDCG@5': '0.0428', 'HR@10': '0.0890', 'NDCG@10': '0.0511', 'HR@20': '0.1303', 'NDCG@20': '0.0615'}
2025-06-13 20:27:41,605 - EarlyStopping counter: 5 out of 10
2025-06-13 20:27:45,244 - {'epoch': 85, 'rec_loss': '5.7579'}
2025-06-13 20:27:45,947 - {'Epoch': 85, 'HR@5': '0.0615', 'NDCG@5': '0.0412', 'HR@10': '0.0890', 'NDCG@10': '0.0502', 'HR@20': '0.1303', 'NDCG@20': '0.0605'}
2025-06-13 20:27:45,948 - EarlyStopping counter: 6 out of 10
2025-06-13 20:27:49,729 - {'epoch': 86, 'rec_loss': '5.7423'}
2025-06-13 20:27:50,505 - {'Epoch': 86, 'HR@5': '0.0642', 'NDCG@5': '0.0428', 'HR@10': '0.0899', 'NDCG@10': '0.0510', 'HR@20': '0.1321', 'NDCG@20': '0.0617'}
2025-06-13 20:27:50,506 - EarlyStopping counter: 7 out of 10
2025-06-13 20:27:54,134 - {'epoch': 87, 'rec_loss': '5.7390'}
2025-06-13 20:27:54,915 - {'Epoch': 87, 'HR@5': '0.0624', 'NDCG@5': '0.0438', 'HR@10': '0.0881', 'NDCG@10': '0.0520', 'HR@20': '0.1312', 'NDCG@20': '0.0629'}
2025-06-13 20:27:54,916 - Validation score increased.  Saving model ...
2025-06-13 20:27:58,505 - {'epoch': 88, 'rec_loss': '5.7264'}
2025-06-13 20:27:59,313 - {'Epoch': 88, 'HR@5': '0.0642', 'NDCG@5': '0.0420', 'HR@10': '0.0890', 'NDCG@10': '0.0498', 'HR@20': '0.1312', 'NDCG@20': '0.0604'}
2025-06-13 20:27:59,314 - EarlyStopping counter: 1 out of 10
2025-06-13 20:28:02,963 - {'epoch': 89, 'rec_loss': '5.7163'}
2025-06-13 20:28:03,725 - {'Epoch': 89, 'HR@5': '0.0651', 'NDCG@5': '0.0426', 'HR@10': '0.0899', 'NDCG@10': '0.0504', 'HR@20': '0.1312', 'NDCG@20': '0.0607'}
2025-06-13 20:28:03,726 - EarlyStopping counter: 2 out of 10
2025-06-13 20:28:07,366 - {'epoch': 90, 'rec_loss': '5.7089'}
2025-06-13 20:28:08,096 - {'Epoch': 90, 'HR@5': '0.0661', 'NDCG@5': '0.0446', 'HR@10': '0.0890', 'NDCG@10': '0.0520', 'HR@20': '0.1330', 'NDCG@20': '0.0630'}
2025-06-13 20:28:08,097 - Validation score increased.  Saving model ...
2025-06-13 20:28:11,820 - {'epoch': 91, 'rec_loss': '5.7035'}
2025-06-13 20:28:12,565 - {'Epoch': 91, 'HR@5': '0.0661', 'NDCG@5': '0.0441', 'HR@10': '0.0908', 'NDCG@10': '0.0521', 'HR@20': '0.1339', 'NDCG@20': '0.0629'}
2025-06-13 20:28:12,565 - EarlyStopping counter: 1 out of 10
2025-06-13 20:28:16,188 - {'epoch': 92, 'rec_loss': '5.6957'}
2025-06-13 20:28:17,038 - {'Epoch': 92, 'HR@5': '0.0679', 'NDCG@5': '0.0445', 'HR@10': '0.0890', 'NDCG@10': '0.0514', 'HR@20': '0.1349', 'NDCG@20': '0.0628'}
2025-06-13 20:28:17,039 - EarlyStopping counter: 2 out of 10
2025-06-13 20:28:20,633 - {'epoch': 93, 'rec_loss': '5.6921'}
2025-06-13 20:28:21,355 - {'Epoch': 93, 'HR@5': '0.0642', 'NDCG@5': '0.0436', 'HR@10': '0.0908', 'NDCG@10': '0.0522', 'HR@20': '0.1330', 'NDCG@20': '0.0627'}
2025-06-13 20:28:21,356 - EarlyStopping counter: 3 out of 10
2025-06-13 20:28:24,948 - {'epoch': 94, 'rec_loss': '5.6756'}
2025-06-13 20:28:25,686 - {'Epoch': 94, 'HR@5': '0.0670', 'NDCG@5': '0.0456', 'HR@10': '0.0927', 'NDCG@10': '0.0538', 'HR@20': '0.1376', 'NDCG@20': '0.0648'}
2025-06-13 20:28:25,686 - Validation score increased.  Saving model ...
2025-06-13 20:28:29,362 - {'epoch': 95, 'rec_loss': '5.6631'}
2025-06-13 20:28:30,091 - {'Epoch': 95, 'HR@5': '0.0651', 'NDCG@5': '0.0421', 'HR@10': '0.0908', 'NDCG@10': '0.0502', 'HR@20': '0.1339', 'NDCG@20': '0.0610'}
2025-06-13 20:28:30,091 - EarlyStopping counter: 1 out of 10
2025-06-13 20:28:33,692 - {'epoch': 96, 'rec_loss': '5.6672'}
2025-06-13 20:28:34,423 - {'Epoch': 96, 'HR@5': '0.0633', 'NDCG@5': '0.0435', 'HR@10': '0.0899', 'NDCG@10': '0.0521', 'HR@20': '0.1339', 'NDCG@20': '0.0631'}
2025-06-13 20:28:34,424 - EarlyStopping counter: 2 out of 10
2025-06-13 20:28:38,073 - {'epoch': 97, 'rec_loss': '5.6511'}
2025-06-13 20:28:38,761 - {'Epoch': 97, 'HR@5': '0.0642', 'NDCG@5': '0.0431', 'HR@10': '0.0936', 'NDCG@10': '0.0524', 'HR@20': '0.1376', 'NDCG@20': '0.0633'}
2025-06-13 20:28:38,762 - EarlyStopping counter: 3 out of 10
2025-06-13 20:28:42,391 - {'epoch': 98, 'rec_loss': '5.6488'}
2025-06-13 20:28:43,101 - {'Epoch': 98, 'HR@5': '0.0615', 'NDCG@5': '0.0429', 'HR@10': '0.0844', 'NDCG@10': '0.0506', 'HR@20': '0.1330', 'NDCG@20': '0.0629'}
2025-06-13 20:28:43,102 - EarlyStopping counter: 4 out of 10
2025-06-13 20:28:46,810 - {'epoch': 99, 'rec_loss': '5.6393'}
2025-06-13 20:28:47,594 - {'Epoch': 99, 'HR@5': '0.0642', 'NDCG@5': '0.0430', 'HR@10': '0.0890', 'NDCG@10': '0.0511', 'HR@20': '0.1330', 'NDCG@20': '0.0623'}
2025-06-13 20:28:47,595 - EarlyStopping counter: 5 out of 10
2025-06-13 20:28:51,230 - {'epoch': 100, 'rec_loss': '5.6306'}
2025-06-13 20:28:51,977 - {'Epoch': 100, 'HR@5': '0.0688', 'NDCG@5': '0.0458', 'HR@10': '0.0927', 'NDCG@10': '0.0535', 'HR@20': '0.1358', 'NDCG@20': '0.0641'}
2025-06-13 20:28:51,978 - EarlyStopping counter: 6 out of 10
2025-06-13 20:28:55,600 - {'epoch': 101, 'rec_loss': '5.6211'}
2025-06-13 20:28:56,333 - {'Epoch': 101, 'HR@5': '0.0642', 'NDCG@5': '0.0434', 'HR@10': '0.0936', 'NDCG@10': '0.0528', 'HR@20': '0.1330', 'NDCG@20': '0.0626'}
2025-06-13 20:28:56,333 - EarlyStopping counter: 7 out of 10
2025-06-13 20:28:59,892 - {'epoch': 102, 'rec_loss': '5.6189'}
2025-06-13 20:29:00,689 - {'Epoch': 102, 'HR@5': '0.0606', 'NDCG@5': '0.0416', 'HR@10': '0.0954', 'NDCG@10': '0.0527', 'HR@20': '0.1367', 'NDCG@20': '0.0630'}
2025-06-13 20:29:00,690 - EarlyStopping counter: 8 out of 10
2025-06-13 20:29:04,342 - {'epoch': 103, 'rec_loss': '5.6067'}
2025-06-13 20:29:05,039 - {'Epoch': 103, 'HR@5': '0.0661', 'NDCG@5': '0.0443', 'HR@10': '0.0917', 'NDCG@10': '0.0526', 'HR@20': '0.1349', 'NDCG@20': '0.0636'}
2025-06-13 20:29:05,039 - EarlyStopping counter: 9 out of 10
2025-06-13 20:29:08,629 - {'epoch': 104, 'rec_loss': '5.5965'}
2025-06-13 20:29:09,311 - {'Epoch': 104, 'HR@5': '0.0615', 'NDCG@5': '0.0429', 'HR@10': '0.0908', 'NDCG@10': '0.0523', 'HR@20': '0.1312', 'NDCG@20': '0.0624'}
2025-06-13 20:29:09,312 - EarlyStopping counter: 10 out of 10
2025-06-13 20:29:09,312 - Early stopping
2025-06-13 20:29:09,312 - ---------------Validation Score---------------
2025-06-13 20:29:10,031 - {'Epoch': 0, 'HR@5': '0.0670', 'NDCG@5': '0.0456', 'HR@10': '0.0927', 'NDCG@10': '0.0538', 'HR@20': '0.1376', 'NDCG@20': '0.0648'}
2025-06-13 20:29:10,032 - DuoRec_LastFM
2025-06-13 20:29:10,032 - {'Epoch': 0, 'HR@5': '0.0670', 'NDCG@5': '0.0456', 'HR@10': '0.0927', 'NDCG@10': '0.0538', 'HR@20': '0.1376', 'NDCG@20': '0.0648'}
