2025-06-13 21:21:19,717 - Namespace(data_dir='data/self_processed/', output_dir='hparam_search/', data_name='Diginetica', train_name='BERT4Rec_Diginetica', num_items=10, num_users=14829, lr=0.0005, batch_size=256, epochs=200, no_cuda=False, log_freq=1, patience=10, num_workers=4, seed=42, weight_decay=0.0, adam_beta1=0.9, adam_beta2=0.999, gpu_id='0', variance=5, model_type='BERT4Rec', max_seq_length=50, hidden_size=64, num_hidden_layers=2, hidden_act='gelu', num_attention_heads=4, attention_probs_dropout_prob=0.5, hidden_dropout_prob=0.5, initializer_range=0.02, mask_ratio=0.6, cuda_condition=True, data_file='data/self_processed/Diginetica.txt', item_size=9441, checkpoint_path=PosixPath('/gpfs/home3/scur2771/BSARec/BSARec/src/hparam_search/BERT4Rec_Diginetica/12362289_18/model.pt'), same_target_path='data/self_processed/Diginetica_same_target.npy')
2025-06-13 21:21:19,741 - BERT4RecModel(
  (item_embeddings): Embedding(9442, 64, padding_idx=0)
  (position_embeddings): Embedding(50, 64)
  (item_encoder): TransformerEncoder(
    (blocks): ModuleList(
      (0): TransformerBlock(
        (layer): MultiHeadAttention(
          (query): Linear(in_features=64, out_features=64, bias=True)
          (key): Linear(in_features=64, out_features=64, bias=True)
          (value): Linear(in_features=64, out_features=64, bias=True)
          (softmax): Softmax(dim=-1)
          (attn_dropout): Dropout(p=0.5, inplace=False)
          (dense): Linear(in_features=64, out_features=64, bias=True)
          (LayerNorm): LayerNorm((64,), eps=1e-12, elementwise_affine=True)
          (out_dropout): Dropout(p=0.5, inplace=False)
        )
        (feed_forward): FeedForward(
          (dense_1): Linear(in_features=64, out_features=256, bias=True)
          (dense_2): Linear(in_features=256, out_features=64, bias=True)
          (LayerNorm): LayerNorm()
          (dropout): Dropout(p=0.5, inplace=False)
        )
      )
      (1): TransformerBlock(
        (layer): MultiHeadAttention(
          (query): Linear(in_features=64, out_features=64, bias=True)
          (key): Linear(in_features=64, out_features=64, bias=True)
          (value): Linear(in_features=64, out_features=64, bias=True)
          (softmax): Softmax(dim=-1)
          (attn_dropout): Dropout(p=0.5, inplace=False)
          (dense): Linear(in_features=64, out_features=64, bias=True)
          (LayerNorm): LayerNorm((64,), eps=1e-12, elementwise_affine=True)
          (out_dropout): Dropout(p=0.5, inplace=False)
        )
        (feed_forward): FeedForward(
          (dense_1): Linear(in_features=64, out_features=256, bias=True)
          (dense_2): Linear(in_features=256, out_features=64, bias=True)
          (LayerNorm): LayerNorm()
          (dropout): Dropout(p=0.5, inplace=False)
        )
      )
    )
  )
  (LayerNorm): LayerNorm()
  (dropout): Dropout(p=0.5, inplace=False)
)
2025-06-13 21:21:22,128 - Total Parameters: 707584
2025-06-13 21:21:35,720 - {'epoch': 0, 'rec_loss': '8.9529'}
2025-06-13 21:21:40,844 - {'Epoch': 0, 'HR@5': '0.0029', 'NDCG@5': '0.0016', 'HR@10': '0.0045', 'NDCG@10': '0.0021', 'HR@20': '0.0078', 'NDCG@20': '0.0029'}
2025-06-13 21:21:40,846 - Validation score increased.  Saving model ...
2025-06-13 21:21:53,715 - {'epoch': 1, 'rec_loss': '8.7822'}
2025-06-13 21:21:58,581 - {'Epoch': 1, 'HR@5': '0.0030', 'NDCG@5': '0.0016', 'HR@10': '0.0053', 'NDCG@10': '0.0023', 'HR@20': '0.0097', 'NDCG@20': '0.0034'}
2025-06-13 21:21:58,582 - Validation score increased.  Saving model ...
2025-06-13 21:22:11,514 - {'epoch': 2, 'rec_loss': '8.6888'}
2025-06-13 21:22:16,340 - {'Epoch': 2, 'HR@5': '0.0034', 'NDCG@5': '0.0020', 'HR@10': '0.0061', 'NDCG@10': '0.0028', 'HR@20': '0.0103', 'NDCG@20': '0.0039'}
2025-06-13 21:22:16,342 - Validation score increased.  Saving model ...
2025-06-13 21:22:29,351 - {'epoch': 3, 'rec_loss': '8.5774'}
2025-06-13 21:22:34,488 - {'Epoch': 3, 'HR@5': '0.0032', 'NDCG@5': '0.0018', 'HR@10': '0.0061', 'NDCG@10': '0.0027', 'HR@20': '0.0119', 'NDCG@20': '0.0041'}
2025-06-13 21:22:34,490 - Validation score increased.  Saving model ...
2025-06-13 21:22:47,453 - {'epoch': 4, 'rec_loss': '8.4832'}
2025-06-13 21:22:52,487 - {'Epoch': 4, 'HR@5': '0.0048', 'NDCG@5': '0.0028', 'HR@10': '0.0091', 'NDCG@10': '0.0042', 'HR@20': '0.0159', 'NDCG@20': '0.0059'}
2025-06-13 21:22:52,488 - Validation score increased.  Saving model ...
2025-06-13 21:23:05,362 - {'epoch': 5, 'rec_loss': '8.3768'}
2025-06-13 21:23:10,520 - {'Epoch': 5, 'HR@5': '0.0061', 'NDCG@5': '0.0035', 'HR@10': '0.0113', 'NDCG@10': '0.0052', 'HR@20': '0.0214', 'NDCG@20': '0.0077'}
2025-06-13 21:23:10,521 - Validation score increased.  Saving model ...
2025-06-13 21:23:23,386 - {'epoch': 6, 'rec_loss': '8.2537'}
2025-06-13 21:23:28,354 - {'Epoch': 6, 'HR@5': '0.0086', 'NDCG@5': '0.0051', 'HR@10': '0.0169', 'NDCG@10': '0.0077', 'HR@20': '0.0295', 'NDCG@20': '0.0109'}
2025-06-13 21:23:28,357 - Validation score increased.  Saving model ...
2025-06-13 21:23:41,309 - {'epoch': 7, 'rec_loss': '8.1452'}
2025-06-13 21:23:46,292 - {'Epoch': 7, 'HR@5': '0.0142', 'NDCG@5': '0.0084', 'HR@10': '0.0228', 'NDCG@10': '0.0111', 'HR@20': '0.0362', 'NDCG@20': '0.0145'}
2025-06-13 21:23:46,293 - Validation score increased.  Saving model ...
2025-06-13 21:23:59,256 - {'epoch': 8, 'rec_loss': '8.0348'}
2025-06-13 21:24:04,176 - {'Epoch': 8, 'HR@5': '0.0172', 'NDCG@5': '0.0108', 'HR@10': '0.0299', 'NDCG@10': '0.0149', 'HR@20': '0.0479', 'NDCG@20': '0.0195'}
2025-06-13 21:24:04,178 - Validation score increased.  Saving model ...
2025-06-13 21:24:17,087 - {'epoch': 9, 'rec_loss': '7.9427'}
2025-06-13 21:24:21,893 - {'Epoch': 9, 'HR@5': '0.0189', 'NDCG@5': '0.0116', 'HR@10': '0.0332', 'NDCG@10': '0.0162', 'HR@20': '0.0560', 'NDCG@20': '0.0219'}
2025-06-13 21:24:21,894 - Validation score increased.  Saving model ...
2025-06-13 21:24:34,786 - {'epoch': 10, 'rec_loss': '7.8616'}
2025-06-13 21:24:39,719 - {'Epoch': 10, 'HR@5': '0.0221', 'NDCG@5': '0.0139', 'HR@10': '0.0371', 'NDCG@10': '0.0187', 'HR@20': '0.0644', 'NDCG@20': '0.0255'}
2025-06-13 21:24:39,720 - Validation score increased.  Saving model ...
2025-06-13 21:24:52,522 - {'epoch': 11, 'rec_loss': '7.7916'}
2025-06-13 21:24:57,287 - {'Epoch': 11, 'HR@5': '0.0238', 'NDCG@5': '0.0150', 'HR@10': '0.0408', 'NDCG@10': '0.0205', 'HR@20': '0.0711', 'NDCG@20': '0.0281'}
2025-06-13 21:24:57,291 - Validation score increased.  Saving model ...
2025-06-13 21:25:10,138 - {'epoch': 12, 'rec_loss': '7.7351'}
2025-06-13 21:25:15,091 - {'Epoch': 12, 'HR@5': '0.0293', 'NDCG@5': '0.0179', 'HR@10': '0.0491', 'NDCG@10': '0.0242', 'HR@20': '0.0844', 'NDCG@20': '0.0331'}
2025-06-13 21:25:15,093 - Validation score increased.  Saving model ...
2025-06-13 21:25:28,022 - {'epoch': 13, 'rec_loss': '7.6748'}
2025-06-13 21:25:32,966 - {'Epoch': 13, 'HR@5': '0.0315', 'NDCG@5': '0.0197', 'HR@10': '0.0554', 'NDCG@10': '0.0274', 'HR@20': '0.0872', 'NDCG@20': '0.0354'}
2025-06-13 21:25:32,968 - Validation score increased.  Saving model ...
2025-06-13 21:25:45,877 - {'epoch': 14, 'rec_loss': '7.6140'}
2025-06-13 21:25:50,739 - {'Epoch': 14, 'HR@5': '0.0330', 'NDCG@5': '0.0199', 'HR@10': '0.0569', 'NDCG@10': '0.0276', 'HR@20': '0.0938', 'NDCG@20': '0.0369'}
2025-06-13 21:25:50,740 - Validation score increased.  Saving model ...
2025-06-13 21:26:03,589 - {'epoch': 15, 'rec_loss': '7.5522'}
2025-06-13 21:26:08,557 - {'Epoch': 15, 'HR@5': '0.0370', 'NDCG@5': '0.0226', 'HR@10': '0.0604', 'NDCG@10': '0.0300', 'HR@20': '0.0989', 'NDCG@20': '0.0398'}
2025-06-13 21:26:08,559 - Validation score increased.  Saving model ...
2025-06-13 21:26:21,484 - {'epoch': 16, 'rec_loss': '7.4979'}
2025-06-13 21:26:26,288 - {'Epoch': 16, 'HR@5': '0.0380', 'NDCG@5': '0.0242', 'HR@10': '0.0662', 'NDCG@10': '0.0333', 'HR@20': '0.1064', 'NDCG@20': '0.0434'}
2025-06-13 21:26:26,288 - Validation score increased.  Saving model ...
2025-06-13 21:26:39,254 - {'epoch': 17, 'rec_loss': '7.4425'}
2025-06-13 21:26:44,155 - {'Epoch': 17, 'HR@5': '0.0433', 'NDCG@5': '0.0267', 'HR@10': '0.0711', 'NDCG@10': '0.0356', 'HR@20': '0.1138', 'NDCG@20': '0.0464'}
2025-06-13 21:26:44,160 - Validation score increased.  Saving model ...
2025-06-13 21:26:57,134 - {'epoch': 18, 'rec_loss': '7.3957'}
2025-06-13 21:27:02,069 - {'Epoch': 18, 'HR@5': '0.0450', 'NDCG@5': '0.0287', 'HR@10': '0.0799', 'NDCG@10': '0.0399', 'HR@20': '0.1264', 'NDCG@20': '0.0516'}
2025-06-13 21:27:02,070 - Validation score increased.  Saving model ...
2025-06-13 21:27:15,014 - {'epoch': 19, 'rec_loss': '7.3329'}
2025-06-13 21:27:19,881 - {'Epoch': 19, 'HR@5': '0.0518', 'NDCG@5': '0.0320', 'HR@10': '0.0831', 'NDCG@10': '0.0421', 'HR@20': '0.1331', 'NDCG@20': '0.0546'}
2025-06-13 21:27:19,886 - Validation score increased.  Saving model ...
2025-06-13 21:27:32,794 - {'epoch': 20, 'rec_loss': '7.2886'}
2025-06-13 21:27:37,811 - {'Epoch': 20, 'HR@5': '0.0554', 'NDCG@5': '0.0348', 'HR@10': '0.0882', 'NDCG@10': '0.0453', 'HR@20': '0.1390', 'NDCG@20': '0.0581'}
2025-06-13 21:27:37,812 - Validation score increased.  Saving model ...
2025-06-13 21:27:50,750 - {'epoch': 21, 'rec_loss': '7.2381'}
2025-06-13 21:27:55,537 - {'Epoch': 21, 'HR@5': '0.0552', 'NDCG@5': '0.0336', 'HR@10': '0.0921', 'NDCG@10': '0.0455', 'HR@20': '0.1450', 'NDCG@20': '0.0588'}
2025-06-13 21:27:55,539 - Validation score increased.  Saving model ...
2025-06-13 21:28:08,405 - {'epoch': 22, 'rec_loss': '7.1861'}
2025-06-13 21:28:13,400 - {'Epoch': 22, 'HR@5': '0.0593', 'NDCG@5': '0.0378', 'HR@10': '0.0958', 'NDCG@10': '0.0495', 'HR@20': '0.1507', 'NDCG@20': '0.0634'}
2025-06-13 21:28:13,402 - Validation score increased.  Saving model ...
2025-06-13 21:28:26,397 - {'epoch': 23, 'rec_loss': '7.1497'}
2025-06-13 21:28:31,392 - {'Epoch': 23, 'HR@5': '0.0610', 'NDCG@5': '0.0387', 'HR@10': '0.1010', 'NDCG@10': '0.0515', 'HR@20': '0.1601', 'NDCG@20': '0.0664'}
2025-06-13 21:28:31,393 - Validation score increased.  Saving model ...
2025-06-13 21:28:44,265 - {'epoch': 24, 'rec_loss': '7.0990'}
2025-06-13 21:28:49,176 - {'Epoch': 24, 'HR@5': '0.0647', 'NDCG@5': '0.0405', 'HR@10': '0.1069', 'NDCG@10': '0.0540', 'HR@20': '0.1682', 'NDCG@20': '0.0695'}
2025-06-13 21:28:49,177 - Validation score increased.  Saving model ...
2025-06-13 21:29:02,135 - {'epoch': 25, 'rec_loss': '7.0562'}
2025-06-13 21:29:07,120 - {'Epoch': 25, 'HR@5': '0.0665', 'NDCG@5': '0.0421', 'HR@10': '0.1090', 'NDCG@10': '0.0558', 'HR@20': '0.1716', 'NDCG@20': '0.0715'}
2025-06-13 21:29:07,121 - Validation score increased.  Saving model ...
2025-06-13 21:29:20,015 - {'epoch': 26, 'rec_loss': '7.0166'}
2025-06-13 21:29:25,006 - {'Epoch': 26, 'HR@5': '0.0681', 'NDCG@5': '0.0424', 'HR@10': '0.1128', 'NDCG@10': '0.0567', 'HR@20': '0.1817', 'NDCG@20': '0.0740'}
2025-06-13 21:29:25,007 - Validation score increased.  Saving model ...
2025-06-13 21:29:37,971 - {'epoch': 27, 'rec_loss': '6.9732'}
2025-06-13 21:29:42,908 - {'Epoch': 27, 'HR@5': '0.0734', 'NDCG@5': '0.0452', 'HR@10': '0.1194', 'NDCG@10': '0.0599', 'HR@20': '0.1886', 'NDCG@20': '0.0774'}
2025-06-13 21:29:42,909 - Validation score increased.  Saving model ...
2025-06-13 21:29:55,854 - {'epoch': 28, 'rec_loss': '6.9305'}
2025-06-13 21:30:00,814 - {'Epoch': 28, 'HR@5': '0.0756', 'NDCG@5': '0.0466', 'HR@10': '0.1242', 'NDCG@10': '0.0622', 'HR@20': '0.1978', 'NDCG@20': '0.0807'}
2025-06-13 21:30:00,815 - Validation score increased.  Saving model ...
2025-06-13 21:30:13,605 - {'epoch': 29, 'rec_loss': '6.8976'}
2025-06-13 21:30:18,456 - {'Epoch': 29, 'HR@5': '0.0784', 'NDCG@5': '0.0490', 'HR@10': '0.1308', 'NDCG@10': '0.0658', 'HR@20': '0.2056', 'NDCG@20': '0.0846'}
2025-06-13 21:30:18,457 - Validation score increased.  Saving model ...
2025-06-13 21:30:31,412 - {'epoch': 30, 'rec_loss': '6.8517'}
2025-06-13 21:30:36,340 - {'Epoch': 30, 'HR@5': '0.0802', 'NDCG@5': '0.0506', 'HR@10': '0.1296', 'NDCG@10': '0.0665', 'HR@20': '0.2064', 'NDCG@20': '0.0858'}
2025-06-13 21:30:36,342 - Validation score increased.  Saving model ...
2025-06-13 21:30:49,296 - {'epoch': 31, 'rec_loss': '6.8308'}
2025-06-13 21:30:54,195 - {'Epoch': 31, 'HR@5': '0.0805', 'NDCG@5': '0.0506', 'HR@10': '0.1375', 'NDCG@10': '0.0689', 'HR@20': '0.2132', 'NDCG@20': '0.0879'}
2025-06-13 21:30:54,197 - Validation score increased.  Saving model ...
2025-06-13 21:31:07,126 - {'epoch': 32, 'rec_loss': '6.8037'}
2025-06-13 21:31:12,048 - {'Epoch': 32, 'HR@5': '0.0835', 'NDCG@5': '0.0538', 'HR@10': '0.1399', 'NDCG@10': '0.0718', 'HR@20': '0.2183', 'NDCG@20': '0.0914'}
2025-06-13 21:31:12,051 - Validation score increased.  Saving model ...
2025-06-13 21:31:24,988 - {'epoch': 33, 'rec_loss': '6.7718'}
2025-06-13 21:31:29,992 - {'Epoch': 33, 'HR@5': '0.0838', 'NDCG@5': '0.0523', 'HR@10': '0.1416', 'NDCG@10': '0.0708', 'HR@20': '0.2215', 'NDCG@20': '0.0909'}
2025-06-13 21:31:29,994 - EarlyStopping counter: 1 out of 10
2025-06-13 21:31:42,830 - {'epoch': 34, 'rec_loss': '6.7503'}
2025-06-13 21:31:47,790 - {'Epoch': 34, 'HR@5': '0.0876', 'NDCG@5': '0.0564', 'HR@10': '0.1449', 'NDCG@10': '0.0748', 'HR@20': '0.2286', 'NDCG@20': '0.0958'}
2025-06-13 21:31:47,792 - Validation score increased.  Saving model ...
2025-06-13 21:32:00,729 - {'epoch': 35, 'rec_loss': '6.7271'}
2025-06-13 21:32:05,566 - {'Epoch': 35, 'HR@5': '0.0906', 'NDCG@5': '0.0565', 'HR@10': '0.1496', 'NDCG@10': '0.0755', 'HR@20': '0.2335', 'NDCG@20': '0.0966'}
2025-06-13 21:32:05,567 - Validation score increased.  Saving model ...
2025-06-13 21:32:18,379 - {'epoch': 36, 'rec_loss': '6.6933'}
2025-06-13 21:32:23,291 - {'Epoch': 36, 'HR@5': '0.0898', 'NDCG@5': '0.0569', 'HR@10': '0.1486', 'NDCG@10': '0.0758', 'HR@20': '0.2340', 'NDCG@20': '0.0973'}
2025-06-13 21:32:23,293 - Validation score increased.  Saving model ...
2025-06-13 21:32:36,165 - {'epoch': 37, 'rec_loss': '6.6778'}
2025-06-13 21:32:41,104 - {'Epoch': 37, 'HR@5': '0.0927', 'NDCG@5': '0.0591', 'HR@10': '0.1545', 'NDCG@10': '0.0787', 'HR@20': '0.2393', 'NDCG@20': '0.1001'}
2025-06-13 21:32:41,106 - Validation score increased.  Saving model ...
2025-06-13 21:32:54,073 - {'epoch': 38, 'rec_loss': '6.6641'}
2025-06-13 21:32:58,958 - {'Epoch': 38, 'HR@5': '0.0941', 'NDCG@5': '0.0604', 'HR@10': '0.1526', 'NDCG@10': '0.0791', 'HR@20': '0.2414', 'NDCG@20': '0.1014'}
2025-06-13 21:32:58,959 - Validation score increased.  Saving model ...
2025-06-13 21:33:11,770 - {'epoch': 39, 'rec_loss': '6.6317'}
2025-06-13 21:33:16,619 - {'Epoch': 39, 'HR@5': '0.0950', 'NDCG@5': '0.0608', 'HR@10': '0.1581', 'NDCG@10': '0.0810', 'HR@20': '0.2487', 'NDCG@20': '0.1038'}
2025-06-13 21:33:16,620 - Validation score increased.  Saving model ...
2025-06-13 21:33:29,546 - {'epoch': 40, 'rec_loss': '6.6228'}
2025-06-13 21:33:34,499 - {'Epoch': 40, 'HR@5': '0.0976', 'NDCG@5': '0.0628', 'HR@10': '0.1624', 'NDCG@10': '0.0836', 'HR@20': '0.2491', 'NDCG@20': '0.1055'}
2025-06-13 21:33:34,503 - Validation score increased.  Saving model ...
2025-06-13 21:33:47,315 - {'epoch': 41, 'rec_loss': '6.5955'}
2025-06-13 21:33:52,253 - {'Epoch': 41, 'HR@5': '0.0995', 'NDCG@5': '0.0632', 'HR@10': '0.1611', 'NDCG@10': '0.0829', 'HR@20': '0.2504', 'NDCG@20': '0.1054'}
2025-06-13 21:33:52,255 - EarlyStopping counter: 1 out of 10
2025-06-13 21:34:05,213 - {'epoch': 42, 'rec_loss': '6.5889'}
2025-06-13 21:34:10,229 - {'Epoch': 42, 'HR@5': '0.0990', 'NDCG@5': '0.0629', 'HR@10': '0.1664', 'NDCG@10': '0.0845', 'HR@20': '0.2544', 'NDCG@20': '0.1066'}
2025-06-13 21:34:10,231 - Validation score increased.  Saving model ...
2025-06-13 21:34:23,167 - {'epoch': 43, 'rec_loss': '6.5631'}
2025-06-13 21:34:28,137 - {'Epoch': 43, 'HR@5': '0.1041', 'NDCG@5': '0.0665', 'HR@10': '0.1667', 'NDCG@10': '0.0866', 'HR@20': '0.2580', 'NDCG@20': '0.1095'}
2025-06-13 21:34:28,139 - Validation score increased.  Saving model ...
2025-06-13 21:34:41,051 - {'epoch': 44, 'rec_loss': '6.5496'}
2025-06-13 21:34:45,930 - {'Epoch': 44, 'HR@5': '0.1062', 'NDCG@5': '0.0677', 'HR@10': '0.1695', 'NDCG@10': '0.0880', 'HR@20': '0.2622', 'NDCG@20': '0.1113'}
2025-06-13 21:34:45,931 - Validation score increased.  Saving model ...
2025-06-13 21:34:58,843 - {'epoch': 45, 'rec_loss': '6.5403'}
2025-06-13 21:35:03,748 - {'Epoch': 45, 'HR@5': '0.1042', 'NDCG@5': '0.0656', 'HR@10': '0.1726', 'NDCG@10': '0.0876', 'HR@20': '0.2596', 'NDCG@20': '0.1094'}
2025-06-13 21:35:03,749 - EarlyStopping counter: 1 out of 10
2025-06-13 21:35:16,528 - {'epoch': 46, 'rec_loss': '6.5162'}
2025-06-13 21:35:21,505 - {'Epoch': 46, 'HR@5': '0.1081', 'NDCG@5': '0.0676', 'HR@10': '0.1769', 'NDCG@10': '0.0897', 'HR@20': '0.2646', 'NDCG@20': '0.1117'}
2025-06-13 21:35:21,509 - Validation score increased.  Saving model ...
2025-06-13 21:35:34,436 - {'epoch': 47, 'rec_loss': '6.4998'}
2025-06-13 21:35:39,370 - {'Epoch': 47, 'HR@5': '0.1057', 'NDCG@5': '0.0669', 'HR@10': '0.1752', 'NDCG@10': '0.0893', 'HR@20': '0.2664', 'NDCG@20': '0.1122'}
2025-06-13 21:35:39,371 - Validation score increased.  Saving model ...
2025-06-13 21:35:52,323 - {'epoch': 48, 'rec_loss': '6.5055'}
2025-06-13 21:35:57,341 - {'Epoch': 48, 'HR@5': '0.1082', 'NDCG@5': '0.0681', 'HR@10': '0.1807', 'NDCG@10': '0.0915', 'HR@20': '0.2720', 'NDCG@20': '0.1145'}
2025-06-13 21:35:57,342 - Validation score increased.  Saving model ...
2025-06-13 21:36:10,179 - {'epoch': 49, 'rec_loss': '6.4818'}
2025-06-13 21:36:15,052 - {'Epoch': 49, 'HR@5': '0.1064', 'NDCG@5': '0.0676', 'HR@10': '0.1770', 'NDCG@10': '0.0903', 'HR@20': '0.2697', 'NDCG@20': '0.1137'}
2025-06-13 21:36:15,053 - EarlyStopping counter: 1 out of 10
2025-06-13 21:36:28,039 - {'epoch': 50, 'rec_loss': '6.4553'}
2025-06-13 21:36:32,958 - {'Epoch': 50, 'HR@5': '0.1128', 'NDCG@5': '0.0719', 'HR@10': '0.1793', 'NDCG@10': '0.0931', 'HR@20': '0.2722', 'NDCG@20': '0.1165'}
2025-06-13 21:36:32,959 - Validation score increased.  Saving model ...
2025-06-13 21:36:45,700 - {'epoch': 51, 'rec_loss': '6.4570'}
2025-06-13 21:36:50,613 - {'Epoch': 51, 'HR@5': '0.1109', 'NDCG@5': '0.0700', 'HR@10': '0.1798', 'NDCG@10': '0.0921', 'HR@20': '0.2748', 'NDCG@20': '0.1161'}
2025-06-13 21:36:50,614 - EarlyStopping counter: 1 out of 10
2025-06-13 21:37:03,553 - {'epoch': 52, 'rec_loss': '6.4491'}
2025-06-13 21:37:08,499 - {'Epoch': 52, 'HR@5': '0.1136', 'NDCG@5': '0.0718', 'HR@10': '0.1835', 'NDCG@10': '0.0942', 'HR@20': '0.2770', 'NDCG@20': '0.1178'}
2025-06-13 21:37:08,500 - Validation score increased.  Saving model ...
2025-06-13 21:37:21,505 - {'epoch': 53, 'rec_loss': '6.4351'}
2025-06-13 21:37:26,431 - {'Epoch': 53, 'HR@5': '0.1139', 'NDCG@5': '0.0723', 'HR@10': '0.1845', 'NDCG@10': '0.0950', 'HR@20': '0.2775', 'NDCG@20': '0.1185'}
2025-06-13 21:37:26,433 - Validation score increased.  Saving model ...
2025-06-13 21:37:39,261 - {'epoch': 54, 'rec_loss': '6.4283'}
2025-06-13 21:37:44,239 - {'Epoch': 54, 'HR@5': '0.1142', 'NDCG@5': '0.0734', 'HR@10': '0.1853', 'NDCG@10': '0.0962', 'HR@20': '0.2796', 'NDCG@20': '0.1200'}
2025-06-13 21:37:44,240 - Validation score increased.  Saving model ...
2025-06-13 21:37:57,222 - {'epoch': 55, 'rec_loss': '6.4096'}
2025-06-13 21:38:02,171 - {'Epoch': 55, 'HR@5': '0.1148', 'NDCG@5': '0.0726', 'HR@10': '0.1870', 'NDCG@10': '0.0958', 'HR@20': '0.2828', 'NDCG@20': '0.1200'}
2025-06-13 21:38:02,173 - EarlyStopping counter: 1 out of 10
2025-06-13 21:38:14,977 - {'epoch': 56, 'rec_loss': '6.4106'}
2025-06-13 21:38:19,867 - {'Epoch': 56, 'HR@5': '0.1141', 'NDCG@5': '0.0729', 'HR@10': '0.1871', 'NDCG@10': '0.0963', 'HR@20': '0.2777', 'NDCG@20': '0.1191'}
2025-06-13 21:38:19,870 - EarlyStopping counter: 2 out of 10
2025-06-13 21:38:32,763 - {'epoch': 57, 'rec_loss': '6.4027'}
2025-06-13 21:38:37,694 - {'Epoch': 57, 'HR@5': '0.1137', 'NDCG@5': '0.0727', 'HR@10': '0.1895', 'NDCG@10': '0.0970', 'HR@20': '0.2816', 'NDCG@20': '0.1203'}
2025-06-13 21:38:37,698 - Validation score increased.  Saving model ...
2025-06-13 21:38:50,730 - {'epoch': 58, 'rec_loss': '6.4071'}
2025-06-13 21:38:55,579 - {'Epoch': 58, 'HR@5': '0.1180', 'NDCG@5': '0.0753', 'HR@10': '0.1886', 'NDCG@10': '0.0981', 'HR@20': '0.2854', 'NDCG@20': '0.1224'}
2025-06-13 21:38:55,580 - Validation score increased.  Saving model ...
2025-06-13 21:39:08,454 - {'epoch': 59, 'rec_loss': '6.3887'}
2025-06-13 21:39:13,490 - {'Epoch': 59, 'HR@5': '0.1182', 'NDCG@5': '0.0738', 'HR@10': '0.1909', 'NDCG@10': '0.0972', 'HR@20': '0.2847', 'NDCG@20': '0.1208'}
2025-06-13 21:39:13,495 - EarlyStopping counter: 1 out of 10
2025-06-13 21:39:26,404 - {'epoch': 60, 'rec_loss': '6.3666'}
2025-06-13 21:39:31,228 - {'Epoch': 60, 'HR@5': '0.1186', 'NDCG@5': '0.0752', 'HR@10': '0.1892', 'NDCG@10': '0.0978', 'HR@20': '0.2853', 'NDCG@20': '0.1220'}
2025-06-13 21:39:31,230 - EarlyStopping counter: 2 out of 10
2025-06-13 21:39:44,112 - {'epoch': 61, 'rec_loss': '6.3678'}
2025-06-13 21:39:49,085 - {'Epoch': 61, 'HR@5': '0.1152', 'NDCG@5': '0.0737', 'HR@10': '0.1907', 'NDCG@10': '0.0980', 'HR@20': '0.2853', 'NDCG@20': '0.1218'}
2025-06-13 21:39:49,086 - EarlyStopping counter: 3 out of 10
2025-06-13 21:40:02,029 - {'epoch': 62, 'rec_loss': '6.3529'}
2025-06-13 21:40:06,938 - {'Epoch': 62, 'HR@5': '0.1206', 'NDCG@5': '0.0768', 'HR@10': '0.1934', 'NDCG@10': '0.1003', 'HR@20': '0.2884', 'NDCG@20': '0.1242'}
2025-06-13 21:40:06,942 - Validation score increased.  Saving model ...
2025-06-13 21:40:19,919 - {'epoch': 63, 'rec_loss': '6.3416'}
2025-06-13 21:40:24,734 - {'Epoch': 63, 'HR@5': '0.1186', 'NDCG@5': '0.0755', 'HR@10': '0.1937', 'NDCG@10': '0.0997', 'HR@20': '0.2882', 'NDCG@20': '0.1235'}
2025-06-13 21:40:24,736 - EarlyStopping counter: 1 out of 10
2025-06-13 21:40:37,591 - {'epoch': 64, 'rec_loss': '6.3385'}
2025-06-13 21:40:42,538 - {'Epoch': 64, 'HR@5': '0.1188', 'NDCG@5': '0.0755', 'HR@10': '0.1904', 'NDCG@10': '0.0986', 'HR@20': '0.2909', 'NDCG@20': '0.1239'}
2025-06-13 21:40:42,539 - EarlyStopping counter: 2 out of 10
2025-06-13 21:40:55,501 - {'epoch': 65, 'rec_loss': '6.3391'}
2025-06-13 21:41:00,346 - {'Epoch': 65, 'HR@5': '0.1205', 'NDCG@5': '0.0776', 'HR@10': '0.1959', 'NDCG@10': '0.1018', 'HR@20': '0.2907', 'NDCG@20': '0.1257'}
2025-06-13 21:41:00,347 - Validation score increased.  Saving model ...
2025-06-13 21:41:13,197 - {'epoch': 66, 'rec_loss': '6.3197'}
2025-06-13 21:41:18,227 - {'Epoch': 66, 'HR@5': '0.1223', 'NDCG@5': '0.0768', 'HR@10': '0.1962', 'NDCG@10': '0.1004', 'HR@20': '0.2909', 'NDCG@20': '0.1243'}
2025-06-13 21:41:18,227 - EarlyStopping counter: 1 out of 10
2025-06-13 21:41:31,187 - {'epoch': 67, 'rec_loss': '6.3267'}
2025-06-13 21:41:36,140 - {'Epoch': 67, 'HR@5': '0.1216', 'NDCG@5': '0.0773', 'HR@10': '0.1987', 'NDCG@10': '0.1020', 'HR@20': '0.2912', 'NDCG@20': '0.1254'}
2025-06-13 21:41:36,141 - EarlyStopping counter: 2 out of 10
2025-06-13 21:41:49,110 - {'epoch': 68, 'rec_loss': '6.3148'}
2025-06-13 21:41:53,944 - {'Epoch': 68, 'HR@5': '0.1213', 'NDCG@5': '0.0775', 'HR@10': '0.1981', 'NDCG@10': '0.1021', 'HR@20': '0.2930', 'NDCG@20': '0.1260'}
2025-06-13 21:41:53,950 - Validation score increased.  Saving model ...
2025-06-13 21:42:06,856 - {'epoch': 69, 'rec_loss': '6.3035'}
2025-06-13 21:42:11,802 - {'Epoch': 69, 'HR@5': '0.1231', 'NDCG@5': '0.0791', 'HR@10': '0.1969', 'NDCG@10': '0.1029', 'HR@20': '0.2946', 'NDCG@20': '0.1275'}
2025-06-13 21:42:11,803 - Validation score increased.  Saving model ...
2025-06-13 21:42:24,693 - {'epoch': 70, 'rec_loss': '6.3006'}
2025-06-13 21:42:29,490 - {'Epoch': 70, 'HR@5': '0.1237', 'NDCG@5': '0.0783', 'HR@10': '0.1961', 'NDCG@10': '0.1016', 'HR@20': '0.2921', 'NDCG@20': '0.1258'}
2025-06-13 21:42:29,494 - EarlyStopping counter: 1 out of 10
2025-06-13 21:42:42,357 - {'epoch': 71, 'rec_loss': '6.2927'}
2025-06-13 21:42:47,290 - {'Epoch': 71, 'HR@5': '0.1199', 'NDCG@5': '0.0765', 'HR@10': '0.2001', 'NDCG@10': '0.1022', 'HR@20': '0.2940', 'NDCG@20': '0.1259'}
2025-06-13 21:42:47,292 - EarlyStopping counter: 2 out of 10
2025-06-13 21:43:00,273 - {'epoch': 72, 'rec_loss': '6.2994'}
2025-06-13 21:43:05,208 - {'Epoch': 72, 'HR@5': '0.1259', 'NDCG@5': '0.0806', 'HR@10': '0.2005', 'NDCG@10': '0.1047', 'HR@20': '0.2971', 'NDCG@20': '0.1291'}
2025-06-13 21:43:05,210 - Validation score increased.  Saving model ...
2025-06-13 21:43:18,106 - {'epoch': 73, 'rec_loss': '6.2882'}
2025-06-13 21:43:22,913 - {'Epoch': 73, 'HR@5': '0.1241', 'NDCG@5': '0.0790', 'HR@10': '0.2011', 'NDCG@10': '0.1037', 'HR@20': '0.2955', 'NDCG@20': '0.1275'}
2025-06-13 21:43:22,915 - EarlyStopping counter: 1 out of 10
2025-06-13 21:43:35,852 - {'epoch': 74, 'rec_loss': '6.2679'}
2025-06-13 21:43:40,838 - {'Epoch': 74, 'HR@5': '0.1235', 'NDCG@5': '0.0778', 'HR@10': '0.2013', 'NDCG@10': '0.1028', 'HR@20': '0.2945', 'NDCG@20': '0.1263'}
2025-06-13 21:43:40,840 - EarlyStopping counter: 2 out of 10
2025-06-13 21:43:53,693 - {'epoch': 75, 'rec_loss': '6.2793'}
2025-06-13 21:43:58,560 - {'Epoch': 75, 'HR@5': '0.1228', 'NDCG@5': '0.0785', 'HR@10': '0.1999', 'NDCG@10': '0.1033', 'HR@20': '0.2988', 'NDCG@20': '0.1283'}
2025-06-13 21:43:58,562 - EarlyStopping counter: 3 out of 10
2025-06-13 21:44:11,422 - {'epoch': 76, 'rec_loss': '6.2735'}
2025-06-13 21:44:16,350 - {'Epoch': 76, 'HR@5': '0.1243', 'NDCG@5': '0.0789', 'HR@10': '0.2003', 'NDCG@10': '0.1034', 'HR@20': '0.2982', 'NDCG@20': '0.1282'}
2025-06-13 21:44:16,352 - EarlyStopping counter: 4 out of 10
2025-06-13 21:44:29,366 - {'epoch': 77, 'rec_loss': '6.2753'}
2025-06-13 21:44:34,431 - {'Epoch': 77, 'HR@5': '0.1250', 'NDCG@5': '0.0797', 'HR@10': '0.2026', 'NDCG@10': '0.1046', 'HR@20': '0.3009', 'NDCG@20': '0.1293'}
2025-06-13 21:44:34,432 - Validation score increased.  Saving model ...
2025-06-13 21:44:47,278 - {'epoch': 78, 'rec_loss': '6.2522'}
2025-06-13 21:44:52,135 - {'Epoch': 78, 'HR@5': '0.1273', 'NDCG@5': '0.0802', 'HR@10': '0.2014', 'NDCG@10': '0.1039', 'HR@20': '0.2994', 'NDCG@20': '0.1286'}
2025-06-13 21:44:52,136 - EarlyStopping counter: 1 out of 10
2025-06-13 21:45:05,119 - {'epoch': 79, 'rec_loss': '6.2418'}
2025-06-13 21:45:10,088 - {'Epoch': 79, 'HR@5': '0.1241', 'NDCG@5': '0.0786', 'HR@10': '0.2025', 'NDCG@10': '0.1039', 'HR@20': '0.2989', 'NDCG@20': '0.1282'}
2025-06-13 21:45:10,089 - EarlyStopping counter: 2 out of 10
2025-06-13 21:45:22,944 - {'epoch': 80, 'rec_loss': '6.2614'}
2025-06-13 21:45:27,824 - {'Epoch': 80, 'HR@5': '0.1256', 'NDCG@5': '0.0793', 'HR@10': '0.2029', 'NDCG@10': '0.1043', 'HR@20': '0.2996', 'NDCG@20': '0.1286'}
2025-06-13 21:45:27,828 - EarlyStopping counter: 3 out of 10
2025-06-13 21:45:40,708 - {'epoch': 81, 'rec_loss': '6.2455'}
2025-06-13 21:45:45,638 - {'Epoch': 81, 'HR@5': '0.1308', 'NDCG@5': '0.0823', 'HR@10': '0.2076', 'NDCG@10': '0.1070', 'HR@20': '0.3025', 'NDCG@20': '0.1309'}
2025-06-13 21:45:45,640 - Validation score increased.  Saving model ...
2025-06-13 21:45:58,593 - {'epoch': 82, 'rec_loss': '6.2409'}
2025-06-13 21:46:03,691 - {'Epoch': 82, 'HR@5': '0.1272', 'NDCG@5': '0.0797', 'HR@10': '0.2049', 'NDCG@10': '0.1046', 'HR@20': '0.3019', 'NDCG@20': '0.1290'}
2025-06-13 21:46:03,693 - EarlyStopping counter: 1 out of 10
2025-06-13 21:46:16,454 - {'epoch': 83, 'rec_loss': '6.2399'}
2025-06-13 21:46:21,459 - {'Epoch': 83, 'HR@5': '0.1284', 'NDCG@5': '0.0812', 'HR@10': '0.2039', 'NDCG@10': '0.1055', 'HR@20': '0.3001', 'NDCG@20': '0.1298'}
2025-06-13 21:46:21,460 - EarlyStopping counter: 2 out of 10
2025-06-13 21:46:34,419 - {'epoch': 84, 'rec_loss': '6.2251'}
2025-06-13 21:46:39,488 - {'Epoch': 84, 'HR@5': '0.1254', 'NDCG@5': '0.0797', 'HR@10': '0.2064', 'NDCG@10': '0.1057', 'HR@20': '0.3014', 'NDCG@20': '0.1297'}
2025-06-13 21:46:39,489 - EarlyStopping counter: 3 out of 10
2025-06-13 21:46:52,304 - {'epoch': 85, 'rec_loss': '6.2222'}
2025-06-13 21:46:57,282 - {'Epoch': 85, 'HR@5': '0.1289', 'NDCG@5': '0.0826', 'HR@10': '0.2046', 'NDCG@10': '0.1069', 'HR@20': '0.3012', 'NDCG@20': '0.1313'}
2025-06-13 21:46:57,283 - Validation score increased.  Saving model ...
2025-06-13 21:47:10,298 - {'epoch': 86, 'rec_loss': '6.2191'}
2025-06-13 21:47:15,328 - {'Epoch': 86, 'HR@5': '0.1306', 'NDCG@5': '0.0831', 'HR@10': '0.2046', 'NDCG@10': '0.1069', 'HR@20': '0.3019', 'NDCG@20': '0.1315'}
2025-06-13 21:47:15,334 - Validation score increased.  Saving model ...
2025-06-13 21:47:28,375 - {'epoch': 87, 'rec_loss': '6.2133'}
2025-06-13 21:47:33,301 - {'Epoch': 87, 'HR@5': '0.1308', 'NDCG@5': '0.0826', 'HR@10': '0.2066', 'NDCG@10': '0.1070', 'HR@20': '0.3014', 'NDCG@20': '0.1308'}
2025-06-13 21:47:33,302 - EarlyStopping counter: 1 out of 10
2025-06-13 21:47:46,270 - {'epoch': 88, 'rec_loss': '6.2076'}
2025-06-13 21:47:51,282 - {'Epoch': 88, 'HR@5': '0.1267', 'NDCG@5': '0.0810', 'HR@10': '0.2033', 'NDCG@10': '0.1055', 'HR@20': '0.3016', 'NDCG@20': '0.1304'}
2025-06-13 21:47:51,283 - EarlyStopping counter: 2 out of 10
2025-06-13 21:48:04,290 - {'epoch': 89, 'rec_loss': '6.2088'}
2025-06-13 21:48:09,296 - {'Epoch': 89, 'HR@5': '0.1337', 'NDCG@5': '0.0843', 'HR@10': '0.2085', 'NDCG@10': '0.1085', 'HR@20': '0.3044', 'NDCG@20': '0.1327'}
2025-06-13 21:48:09,301 - Validation score increased.  Saving model ...
2025-06-13 21:48:22,151 - {'epoch': 90, 'rec_loss': '6.1965'}
2025-06-13 21:48:27,104 - {'Epoch': 90, 'HR@5': '0.1306', 'NDCG@5': '0.0825', 'HR@10': '0.2072', 'NDCG@10': '0.1072', 'HR@20': '0.3003', 'NDCG@20': '0.1308'}
2025-06-13 21:48:27,105 - EarlyStopping counter: 1 out of 10
2025-06-13 21:48:40,153 - {'epoch': 91, 'rec_loss': '6.2170'}
2025-06-13 21:48:45,072 - {'Epoch': 91, 'HR@5': '0.1298', 'NDCG@5': '0.0827', 'HR@10': '0.2045', 'NDCG@10': '0.1067', 'HR@20': '0.3021', 'NDCG@20': '0.1313'}
2025-06-13 21:48:45,077 - EarlyStopping counter: 2 out of 10
2025-06-13 21:48:58,065 - {'epoch': 92, 'rec_loss': '6.1958'}
2025-06-13 21:49:02,873 - {'Epoch': 92, 'HR@5': '0.1296', 'NDCG@5': '0.0821', 'HR@10': '0.2064', 'NDCG@10': '0.1069', 'HR@20': '0.3035', 'NDCG@20': '0.1314'}
2025-06-13 21:49:02,874 - EarlyStopping counter: 3 out of 10
2025-06-13 21:49:15,938 - {'epoch': 93, 'rec_loss': '6.1857'}
2025-06-13 21:49:20,877 - {'Epoch': 93, 'HR@5': '0.1300', 'NDCG@5': '0.0821', 'HR@10': '0.2063', 'NDCG@10': '0.1066', 'HR@20': '0.3020', 'NDCG@20': '0.1307'}
2025-06-13 21:49:20,879 - EarlyStopping counter: 4 out of 10
2025-06-13 21:49:33,873 - {'epoch': 94, 'rec_loss': '6.1815'}
2025-06-13 21:49:38,721 - {'Epoch': 94, 'HR@5': '0.1279', 'NDCG@5': '0.0824', 'HR@10': '0.2050', 'NDCG@10': '0.1072', 'HR@20': '0.3026', 'NDCG@20': '0.1319'}
2025-06-13 21:49:38,722 - EarlyStopping counter: 5 out of 10
2025-06-13 21:49:51,688 - {'epoch': 95, 'rec_loss': '6.1831'}
2025-06-13 21:49:56,654 - {'Epoch': 95, 'HR@5': '0.1307', 'NDCG@5': '0.0824', 'HR@10': '0.2088', 'NDCG@10': '0.1075', 'HR@20': '0.3040', 'NDCG@20': '0.1315'}
2025-06-13 21:49:56,655 - EarlyStopping counter: 6 out of 10
2025-06-13 21:50:09,776 - {'epoch': 96, 'rec_loss': '6.1779'}
2025-06-13 21:50:14,708 - {'Epoch': 96, 'HR@5': '0.1318', 'NDCG@5': '0.0828', 'HR@10': '0.2077', 'NDCG@10': '0.1072', 'HR@20': '0.3031', 'NDCG@20': '0.1312'}
2025-06-13 21:50:14,712 - EarlyStopping counter: 7 out of 10
2025-06-13 21:50:27,669 - {'epoch': 97, 'rec_loss': '6.1755'}
2025-06-13 21:50:32,522 - {'Epoch': 97, 'HR@5': '0.1324', 'NDCG@5': '0.0849', 'HR@10': '0.2093', 'NDCG@10': '0.1097', 'HR@20': '0.3058', 'NDCG@20': '0.1340'}
2025-06-13 21:50:32,524 - Validation score increased.  Saving model ...
2025-06-13 21:50:45,543 - {'epoch': 98, 'rec_loss': '6.1790'}
2025-06-13 21:50:50,502 - {'Epoch': 98, 'HR@5': '0.1326', 'NDCG@5': '0.0850', 'HR@10': '0.2097', 'NDCG@10': '0.1099', 'HR@20': '0.3062', 'NDCG@20': '0.1342'}
2025-06-13 21:50:50,505 - Validation score increased.  Saving model ...
2025-06-13 21:51:03,508 - {'epoch': 99, 'rec_loss': '6.1629'}
2025-06-13 21:51:08,339 - {'Epoch': 99, 'HR@5': '0.1302', 'NDCG@5': '0.0834', 'HR@10': '0.2096', 'NDCG@10': '0.1090', 'HR@20': '0.3062', 'NDCG@20': '0.1334'}
2025-06-13 21:51:08,340 - EarlyStopping counter: 1 out of 10
2025-06-13 21:51:21,398 - {'epoch': 100, 'rec_loss': '6.1655'}
2025-06-13 21:51:26,340 - {'Epoch': 100, 'HR@5': '0.1310', 'NDCG@5': '0.0833', 'HR@10': '0.2067', 'NDCG@10': '0.1077', 'HR@20': '0.3029', 'NDCG@20': '0.1320'}
2025-06-13 21:51:26,343 - EarlyStopping counter: 2 out of 10
2025-06-13 21:51:39,346 - {'epoch': 101, 'rec_loss': '6.1564'}
2025-06-13 21:51:44,267 - {'Epoch': 101, 'HR@5': '0.1308', 'NDCG@5': '0.0833', 'HR@10': '0.2085', 'NDCG@10': '0.1083', 'HR@20': '0.3053', 'NDCG@20': '0.1327'}
2025-06-13 21:51:44,269 - EarlyStopping counter: 3 out of 10
2025-06-13 21:51:57,218 - {'epoch': 102, 'rec_loss': '6.1454'}
2025-06-13 21:52:02,104 - {'Epoch': 102, 'HR@5': '0.1337', 'NDCG@5': '0.0854', 'HR@10': '0.2083', 'NDCG@10': '0.1094', 'HR@20': '0.3050', 'NDCG@20': '0.1338'}
2025-06-13 21:52:02,105 - EarlyStopping counter: 4 out of 10
2025-06-13 21:52:15,126 - {'epoch': 103, 'rec_loss': '6.1565'}
2025-06-13 21:52:20,087 - {'Epoch': 103, 'HR@5': '0.1315', 'NDCG@5': '0.0843', 'HR@10': '0.2079', 'NDCG@10': '0.1088', 'HR@20': '0.3015', 'NDCG@20': '0.1326'}
2025-06-13 21:52:20,088 - EarlyStopping counter: 5 out of 10
2025-06-13 21:52:33,160 - {'epoch': 104, 'rec_loss': '6.1503'}
2025-06-13 21:52:37,957 - {'Epoch': 104, 'HR@5': '0.1335', 'NDCG@5': '0.0850', 'HR@10': '0.2119', 'NDCG@10': '0.1102', 'HR@20': '0.3055', 'NDCG@20': '0.1339'}
2025-06-13 21:52:37,960 - EarlyStopping counter: 6 out of 10
2025-06-13 21:52:51,034 - {'epoch': 105, 'rec_loss': '6.1473'}
2025-06-13 21:52:55,973 - {'Epoch': 105, 'HR@5': '0.1372', 'NDCG@5': '0.0869', 'HR@10': '0.2113', 'NDCG@10': '0.1106', 'HR@20': '0.3069', 'NDCG@20': '0.1347'}
2025-06-13 21:52:55,976 - Validation score increased.  Saving model ...
2025-06-13 21:53:09,020 - {'epoch': 106, 'rec_loss': '6.1446'}
2025-06-13 21:53:13,892 - {'Epoch': 106, 'HR@5': '0.1339', 'NDCG@5': '0.0850', 'HR@10': '0.2120', 'NDCG@10': '0.1101', 'HR@20': '0.3097', 'NDCG@20': '0.1348'}
2025-06-13 21:53:13,893 - Validation score increased.  Saving model ...
2025-06-13 21:53:26,879 - {'epoch': 107, 'rec_loss': '6.1298'}
2025-06-13 21:53:31,913 - {'Epoch': 107, 'HR@5': '0.1329', 'NDCG@5': '0.0857', 'HR@10': '0.2105', 'NDCG@10': '0.1107', 'HR@20': '0.3064', 'NDCG@20': '0.1348'}
2025-06-13 21:53:31,914 - Validation score increased.  Saving model ...
2025-06-13 21:53:45,009 - {'epoch': 108, 'rec_loss': '6.1461'}
2025-06-13 21:53:50,044 - {'Epoch': 108, 'HR@5': '0.1343', 'NDCG@5': '0.0861', 'HR@10': '0.2112', 'NDCG@10': '0.1108', 'HR@20': '0.3058', 'NDCG@20': '0.1347'}
2025-06-13 21:53:50,048 - EarlyStopping counter: 1 out of 10
2025-06-13 21:54:03,101 - {'epoch': 109, 'rec_loss': '6.1344'}
2025-06-13 21:54:07,903 - {'Epoch': 109, 'HR@5': '0.1347', 'NDCG@5': '0.0864', 'HR@10': '0.2128', 'NDCG@10': '0.1115', 'HR@20': '0.3061', 'NDCG@20': '0.1350'}
2025-06-13 21:54:07,904 - Validation score increased.  Saving model ...
2025-06-13 21:54:20,940 - {'epoch': 110, 'rec_loss': '6.1288'}
2025-06-13 21:54:25,878 - {'Epoch': 110, 'HR@5': '0.1338', 'NDCG@5': '0.0859', 'HR@10': '0.2123', 'NDCG@10': '0.1110', 'HR@20': '0.3079', 'NDCG@20': '0.1351'}
2025-06-13 21:54:25,881 - Validation score increased.  Saving model ...
2025-06-13 21:54:38,917 - {'epoch': 111, 'rec_loss': '6.1360'}
2025-06-13 21:54:43,761 - {'Epoch': 111, 'HR@5': '0.1358', 'NDCG@5': '0.0864', 'HR@10': '0.2112', 'NDCG@10': '0.1107', 'HR@20': '0.3045', 'NDCG@20': '0.1342'}
2025-06-13 21:54:43,763 - EarlyStopping counter: 1 out of 10
2025-06-13 21:54:56,795 - {'epoch': 112, 'rec_loss': '6.1328'}
2025-06-13 21:55:01,670 - {'Epoch': 112, 'HR@5': '0.1360', 'NDCG@5': '0.0872', 'HR@10': '0.2118', 'NDCG@10': '0.1116', 'HR@20': '0.3084', 'NDCG@20': '0.1359'}
2025-06-13 21:55:01,671 - Validation score increased.  Saving model ...
2025-06-13 21:55:14,671 - {'epoch': 113, 'rec_loss': '6.1168'}
2025-06-13 21:55:19,664 - {'Epoch': 113, 'HR@5': '0.1343', 'NDCG@5': '0.0861', 'HR@10': '0.2131', 'NDCG@10': '0.1116', 'HR@20': '0.3078', 'NDCG@20': '0.1355'}
2025-06-13 21:55:19,665 - EarlyStopping counter: 1 out of 10
2025-06-13 21:55:32,558 - {'epoch': 114, 'rec_loss': '6.1238'}
2025-06-13 21:55:37,438 - {'Epoch': 114, 'HR@5': '0.1329', 'NDCG@5': '0.0857', 'HR@10': '0.2132', 'NDCG@10': '0.1116', 'HR@20': '0.3078', 'NDCG@20': '0.1355'}
2025-06-13 21:55:37,442 - EarlyStopping counter: 2 out of 10
2025-06-13 21:55:50,291 - {'epoch': 115, 'rec_loss': '6.1237'}
2025-06-13 21:55:55,153 - {'Epoch': 115, 'HR@5': '0.1357', 'NDCG@5': '0.0863', 'HR@10': '0.2134', 'NDCG@10': '0.1113', 'HR@20': '0.3083', 'NDCG@20': '0.1352'}
2025-06-13 21:55:55,155 - EarlyStopping counter: 3 out of 10
2025-06-13 21:56:08,114 - {'epoch': 116, 'rec_loss': '6.1087'}
2025-06-13 21:56:13,027 - {'Epoch': 116, 'HR@5': '0.1366', 'NDCG@5': '0.0867', 'HR@10': '0.2132', 'NDCG@10': '0.1114', 'HR@20': '0.3064', 'NDCG@20': '0.1349'}
2025-06-13 21:56:13,029 - EarlyStopping counter: 4 out of 10
2025-06-13 21:56:25,922 - {'epoch': 117, 'rec_loss': '6.1098'}
2025-06-13 21:56:30,914 - {'Epoch': 117, 'HR@5': '0.1350', 'NDCG@5': '0.0869', 'HR@10': '0.2114', 'NDCG@10': '0.1116', 'HR@20': '0.3099', 'NDCG@20': '0.1364'}
2025-06-13 21:56:30,915 - Validation score increased.  Saving model ...
2025-06-13 21:56:43,944 - {'epoch': 118, 'rec_loss': '6.1022'}
2025-06-13 21:56:49,005 - {'Epoch': 118, 'HR@5': '0.1360', 'NDCG@5': '0.0869', 'HR@10': '0.2151', 'NDCG@10': '0.1124', 'HR@20': '0.3129', 'NDCG@20': '0.1370'}
2025-06-13 21:56:49,007 - Validation score increased.  Saving model ...
2025-06-13 21:57:02,065 - {'epoch': 119, 'rec_loss': '6.1016'}
2025-06-13 21:57:06,934 - {'Epoch': 119, 'HR@5': '0.1387', 'NDCG@5': '0.0888', 'HR@10': '0.2157', 'NDCG@10': '0.1136', 'HR@20': '0.3102', 'NDCG@20': '0.1374'}
2025-06-13 21:57:06,937 - Validation score increased.  Saving model ...
2025-06-13 21:57:19,828 - {'epoch': 120, 'rec_loss': '6.1079'}
2025-06-13 21:57:24,761 - {'Epoch': 120, 'HR@5': '0.1367', 'NDCG@5': '0.0872', 'HR@10': '0.2151', 'NDCG@10': '0.1124', 'HR@20': '0.3075', 'NDCG@20': '0.1357'}
2025-06-13 21:57:24,762 - EarlyStopping counter: 1 out of 10
2025-06-13 21:57:37,815 - {'epoch': 121, 'rec_loss': '6.0822'}
2025-06-13 21:57:42,732 - {'Epoch': 121, 'HR@5': '0.1333', 'NDCG@5': '0.0850', 'HR@10': '0.2143', 'NDCG@10': '0.1112', 'HR@20': '0.3119', 'NDCG@20': '0.1359'}
2025-06-13 21:57:42,735 - EarlyStopping counter: 2 out of 10
2025-06-13 21:57:55,594 - {'epoch': 122, 'rec_loss': '6.0876'}
2025-06-13 21:58:00,541 - {'Epoch': 122, 'HR@5': '0.1341', 'NDCG@5': '0.0844', 'HR@10': '0.2170', 'NDCG@10': '0.1110', 'HR@20': '0.3114', 'NDCG@20': '0.1349'}
2025-06-13 21:58:00,542 - EarlyStopping counter: 3 out of 10
2025-06-13 21:58:13,524 - {'epoch': 123, 'rec_loss': '6.0918'}
2025-06-13 21:58:18,518 - {'Epoch': 123, 'HR@5': '0.1339', 'NDCG@5': '0.0847', 'HR@10': '0.2155', 'NDCG@10': '0.1110', 'HR@20': '0.3090', 'NDCG@20': '0.1346'}
2025-06-13 21:58:18,524 - EarlyStopping counter: 4 out of 10
2025-06-13 21:58:31,516 - {'epoch': 124, 'rec_loss': '6.0951'}
2025-06-13 21:58:36,306 - {'Epoch': 124, 'HR@5': '0.1331', 'NDCG@5': '0.0858', 'HR@10': '0.2158', 'NDCG@10': '0.1123', 'HR@20': '0.3127', 'NDCG@20': '0.1368'}
2025-06-13 21:58:36,308 - EarlyStopping counter: 5 out of 10
2025-06-13 21:58:49,208 - {'epoch': 125, 'rec_loss': '6.0880'}
2025-06-13 21:58:54,168 - {'Epoch': 125, 'HR@5': '0.1354', 'NDCG@5': '0.0869', 'HR@10': '0.2176', 'NDCG@10': '0.1133', 'HR@20': '0.3116', 'NDCG@20': '0.1371'}
2025-06-13 21:58:54,169 - EarlyStopping counter: 6 out of 10
2025-06-13 21:59:07,102 - {'epoch': 126, 'rec_loss': '6.0844'}
2025-06-13 21:59:11,934 - {'Epoch': 126, 'HR@5': '0.1394', 'NDCG@5': '0.0876', 'HR@10': '0.2180', 'NDCG@10': '0.1130', 'HR@20': '0.3126', 'NDCG@20': '0.1369'}
2025-06-13 21:59:11,935 - EarlyStopping counter: 7 out of 10
2025-06-13 21:59:24,853 - {'epoch': 127, 'rec_loss': '6.0884'}
2025-06-13 21:59:29,916 - {'Epoch': 127, 'HR@5': '0.1356', 'NDCG@5': '0.0880', 'HR@10': '0.2147', 'NDCG@10': '0.1135', 'HR@20': '0.3133', 'NDCG@20': '0.1384'}
2025-06-13 21:59:29,917 - Validation score increased.  Saving model ...
2025-06-13 21:59:42,808 - {'epoch': 128, 'rec_loss': '6.0949'}
2025-06-13 21:59:47,925 - {'Epoch': 128, 'HR@5': '0.1374', 'NDCG@5': '0.0883', 'HR@10': '0.2182', 'NDCG@10': '0.1144', 'HR@20': '0.3141', 'NDCG@20': '0.1386'}
2025-06-13 21:59:47,926 - Validation score increased.  Saving model ...
2025-06-13 22:00:00,926 - {'epoch': 129, 'rec_loss': '6.0883'}
2025-06-13 22:00:05,732 - {'Epoch': 129, 'HR@5': '0.1379', 'NDCG@5': '0.0892', 'HR@10': '0.2191', 'NDCG@10': '0.1153', 'HR@20': '0.3119', 'NDCG@20': '0.1387'}
2025-06-13 22:00:05,733 - Validation score increased.  Saving model ...
2025-06-13 22:00:18,700 - {'epoch': 130, 'rec_loss': '6.0898'}
2025-06-13 22:00:23,710 - {'Epoch': 130, 'HR@5': '0.1329', 'NDCG@5': '0.0863', 'HR@10': '0.2165', 'NDCG@10': '0.1132', 'HR@20': '0.3114', 'NDCG@20': '0.1371'}
2025-06-13 22:00:23,711 - EarlyStopping counter: 1 out of 10
2025-06-13 22:00:36,752 - {'epoch': 131, 'rec_loss': '6.0766'}
2025-06-13 22:00:41,698 - {'Epoch': 131, 'HR@5': '0.1360', 'NDCG@5': '0.0866', 'HR@10': '0.2163', 'NDCG@10': '0.1126', 'HR@20': '0.3106', 'NDCG@20': '0.1364'}
2025-06-13 22:00:41,698 - EarlyStopping counter: 2 out of 10
2025-06-13 22:00:54,689 - {'epoch': 132, 'rec_loss': '6.0725'}
2025-06-13 22:00:59,610 - {'Epoch': 132, 'HR@5': '0.1383', 'NDCG@5': '0.0890', 'HR@10': '0.2149', 'NDCG@10': '0.1136', 'HR@20': '0.3125', 'NDCG@20': '0.1383'}
2025-06-13 22:00:59,612 - EarlyStopping counter: 3 out of 10
2025-06-13 22:01:12,612 - {'epoch': 133, 'rec_loss': '6.0728'}
2025-06-13 22:01:17,539 - {'Epoch': 133, 'HR@5': '0.1369', 'NDCG@5': '0.0871', 'HR@10': '0.2162', 'NDCG@10': '0.1125', 'HR@20': '0.3122', 'NDCG@20': '0.1367'}
2025-06-13 22:01:17,541 - EarlyStopping counter: 4 out of 10
2025-06-13 22:01:30,471 - {'epoch': 134, 'rec_loss': '6.0732'}
2025-06-13 22:01:35,266 - {'Epoch': 134, 'HR@5': '0.1376', 'NDCG@5': '0.0873', 'HR@10': '0.2168', 'NDCG@10': '0.1127', 'HR@20': '0.3124', 'NDCG@20': '0.1368'}
2025-06-13 22:01:35,267 - EarlyStopping counter: 5 out of 10
2025-06-13 22:01:48,237 - {'epoch': 135, 'rec_loss': '6.0682'}
2025-06-13 22:01:53,230 - {'Epoch': 135, 'HR@5': '0.1385', 'NDCG@5': '0.0885', 'HR@10': '0.2184', 'NDCG@10': '0.1142', 'HR@20': '0.3148', 'NDCG@20': '0.1385'}
2025-06-13 22:01:53,232 - EarlyStopping counter: 6 out of 10
2025-06-13 22:02:06,144 - {'epoch': 136, 'rec_loss': '6.0612'}
2025-06-13 22:02:10,936 - {'Epoch': 136, 'HR@5': '0.1370', 'NDCG@5': '0.0865', 'HR@10': '0.2161', 'NDCG@10': '0.1120', 'HR@20': '0.3108', 'NDCG@20': '0.1358'}
2025-06-13 22:02:10,937 - EarlyStopping counter: 7 out of 10
2025-06-13 22:02:23,861 - {'epoch': 137, 'rec_loss': '6.0691'}
2025-06-13 22:02:28,874 - {'Epoch': 137, 'HR@5': '0.1397', 'NDCG@5': '0.0887', 'HR@10': '0.2181', 'NDCG@10': '0.1140', 'HR@20': '0.3123', 'NDCG@20': '0.1377'}
2025-06-13 22:02:28,875 - EarlyStopping counter: 8 out of 10
2025-06-13 22:02:41,785 - {'epoch': 138, 'rec_loss': '6.0532'}
2025-06-13 22:02:46,764 - {'Epoch': 138, 'HR@5': '0.1368', 'NDCG@5': '0.0875', 'HR@10': '0.2201', 'NDCG@10': '0.1144', 'HR@20': '0.3148', 'NDCG@20': '0.1382'}
2025-06-13 22:02:46,767 - EarlyStopping counter: 9 out of 10
2025-06-13 22:02:59,637 - {'epoch': 139, 'rec_loss': '6.0605'}
2025-06-13 22:03:04,498 - {'Epoch': 139, 'HR@5': '0.1383', 'NDCG@5': '0.0878', 'HR@10': '0.2187', 'NDCG@10': '0.1137', 'HR@20': '0.3129', 'NDCG@20': '0.1375'}
2025-06-13 22:03:04,501 - EarlyStopping counter: 10 out of 10
2025-06-13 22:03:04,501 - Early stopping
2025-06-13 22:03:04,501 - ---------------Validation Score---------------
2025-06-13 22:03:09,440 - {'Epoch': 0, 'HR@5': '0.1379', 'NDCG@5': '0.0892', 'HR@10': '0.2191', 'NDCG@10': '0.1153', 'HR@20': '0.3119', 'NDCG@20': '0.1387'}
2025-06-13 22:03:09,443 - BERT4Rec_Diginetica
2025-06-13 22:03:09,443 - {'Epoch': 0, 'HR@5': '0.1379', 'NDCG@5': '0.0892', 'HR@10': '0.2191', 'NDCG@10': '0.1153', 'HR@20': '0.3119', 'NDCG@20': '0.1387'}
