2025-06-13 20:53:32,052 - Namespace(data_dir='data/self_processed/', output_dir='hparam_search/', data_name='Diginetica', train_name='BERT4Rec_Diginetica', num_items=10, num_users=14829, lr=0.0005, batch_size=256, epochs=200, no_cuda=False, log_freq=1, patience=10, num_workers=4, seed=42, weight_decay=0.0, adam_beta1=0.9, adam_beta2=0.999, gpu_id='0', variance=5, model_type='BERT4Rec', max_seq_length=50, hidden_size=64, num_hidden_layers=2, hidden_act='gelu', num_attention_heads=2, attention_probs_dropout_prob=0.5, hidden_dropout_prob=0.5, initializer_range=0.02, mask_ratio=0.4, cuda_condition=True, data_file='data/self_processed/Diginetica.txt', item_size=9441, checkpoint_path=PosixPath('/gpfs/home3/scur2771/BSARec/BSARec/src/hparam_search/BERT4Rec_Diginetica/12362289_14/model.pt'), same_target_path='data/self_processed/Diginetica_same_target.npy')
2025-06-13 20:53:32,075 - BERT4RecModel(
  (item_embeddings): Embedding(9442, 64, padding_idx=0)
  (position_embeddings): Embedding(50, 64)
  (item_encoder): TransformerEncoder(
    (blocks): ModuleList(
      (0): TransformerBlock(
        (layer): MultiHeadAttention(
          (query): Linear(in_features=64, out_features=64, bias=True)
          (key): Linear(in_features=64, out_features=64, bias=True)
          (value): Linear(in_features=64, out_features=64, bias=True)
          (softmax): Softmax(dim=-1)
          (attn_dropout): Dropout(p=0.5, inplace=False)
          (dense): Linear(in_features=64, out_features=64, bias=True)
          (LayerNorm): LayerNorm((64,), eps=1e-12, elementwise_affine=True)
          (out_dropout): Dropout(p=0.5, inplace=False)
        )
        (feed_forward): FeedForward(
          (dense_1): Linear(in_features=64, out_features=256, bias=True)
          (dense_2): Linear(in_features=256, out_features=64, bias=True)
          (LayerNorm): LayerNorm()
          (dropout): Dropout(p=0.5, inplace=False)
        )
      )
      (1): TransformerBlock(
        (layer): MultiHeadAttention(
          (query): Linear(in_features=64, out_features=64, bias=True)
          (key): Linear(in_features=64, out_features=64, bias=True)
          (value): Linear(in_features=64, out_features=64, bias=True)
          (softmax): Softmax(dim=-1)
          (attn_dropout): Dropout(p=0.5, inplace=False)
          (dense): Linear(in_features=64, out_features=64, bias=True)
          (LayerNorm): LayerNorm((64,), eps=1e-12, elementwise_affine=True)
          (out_dropout): Dropout(p=0.5, inplace=False)
        )
        (feed_forward): FeedForward(
          (dense_1): Linear(in_features=64, out_features=256, bias=True)
          (dense_2): Linear(in_features=256, out_features=64, bias=True)
          (LayerNorm): LayerNorm()
          (dropout): Dropout(p=0.5, inplace=False)
        )
      )
    )
  )
  (LayerNorm): LayerNorm()
  (dropout): Dropout(p=0.5, inplace=False)
)
2025-06-13 20:53:34,202 - Total Parameters: 707584
2025-06-13 20:53:47,063 - {'epoch': 0, 'rec_loss': '8.9431'}
2025-06-13 20:53:51,741 - {'Epoch': 0, 'HR@5': '0.0031', 'NDCG@5': '0.0018', 'HR@10': '0.0051', 'NDCG@10': '0.0024', 'HR@20': '0.0086', 'NDCG@20': '0.0033'}
2025-06-13 20:53:51,744 - Validation score increased.  Saving model ...
2025-06-13 20:54:04,029 - {'epoch': 1, 'rec_loss': '8.7419'}
2025-06-13 20:54:08,753 - {'Epoch': 1, 'HR@5': '0.0036', 'NDCG@5': '0.0022', 'HR@10': '0.0061', 'NDCG@10': '0.0030', 'HR@20': '0.0105', 'NDCG@20': '0.0041'}
2025-06-13 20:54:08,755 - Validation score increased.  Saving model ...
2025-06-13 20:54:21,055 - {'epoch': 2, 'rec_loss': '8.6016'}
2025-06-13 20:54:25,760 - {'Epoch': 2, 'HR@5': '0.0037', 'NDCG@5': '0.0024', 'HR@10': '0.0084', 'NDCG@10': '0.0039', 'HR@20': '0.0131', 'NDCG@20': '0.0051'}
2025-06-13 20:54:25,762 - Validation score increased.  Saving model ...
2025-06-13 20:54:38,001 - {'epoch': 3, 'rec_loss': '8.4743'}
2025-06-13 20:54:42,792 - {'Epoch': 3, 'HR@5': '0.0042', 'NDCG@5': '0.0026', 'HR@10': '0.0080', 'NDCG@10': '0.0037', 'HR@20': '0.0156', 'NDCG@20': '0.0056'}
2025-06-13 20:54:42,794 - Validation score increased.  Saving model ...
2025-06-13 20:54:54,983 - {'epoch': 4, 'rec_loss': '8.3471'}
2025-06-13 20:54:59,767 - {'Epoch': 4, 'HR@5': '0.0057', 'NDCG@5': '0.0035', 'HR@10': '0.0113', 'NDCG@10': '0.0053', 'HR@20': '0.0206', 'NDCG@20': '0.0076'}
2025-06-13 20:54:59,770 - Validation score increased.  Saving model ...
2025-06-13 20:55:12,030 - {'epoch': 5, 'rec_loss': '8.2019'}
2025-06-13 20:55:16,731 - {'Epoch': 5, 'HR@5': '0.0081', 'NDCG@5': '0.0051', 'HR@10': '0.0150', 'NDCG@10': '0.0073', 'HR@20': '0.0288', 'NDCG@20': '0.0107'}
2025-06-13 20:55:16,734 - Validation score increased.  Saving model ...
2025-06-13 20:55:28,950 - {'epoch': 6, 'rec_loss': '8.0726'}
2025-06-13 20:55:33,534 - {'Epoch': 6, 'HR@5': '0.0105', 'NDCG@5': '0.0065', 'HR@10': '0.0208', 'NDCG@10': '0.0098', 'HR@20': '0.0377', 'NDCG@20': '0.0141'}
2025-06-13 20:55:33,536 - Validation score increased.  Saving model ...
2025-06-13 20:55:45,742 - {'epoch': 7, 'rec_loss': '7.9495'}
2025-06-13 20:55:50,181 - {'Epoch': 7, 'HR@5': '0.0151', 'NDCG@5': '0.0089', 'HR@10': '0.0278', 'NDCG@10': '0.0130', 'HR@20': '0.0455', 'NDCG@20': '0.0174'}
2025-06-13 20:55:50,182 - Validation score increased.  Saving model ...
2025-06-13 20:56:02,446 - {'epoch': 8, 'rec_loss': '7.8309'}
2025-06-13 20:56:06,967 - {'Epoch': 8, 'HR@5': '0.0209', 'NDCG@5': '0.0127', 'HR@10': '0.0340', 'NDCG@10': '0.0169', 'HR@20': '0.0572', 'NDCG@20': '0.0227'}
2025-06-13 20:56:06,969 - Validation score increased.  Saving model ...
2025-06-13 20:56:19,232 - {'epoch': 9, 'rec_loss': '7.7196'}
2025-06-13 20:56:23,888 - {'Epoch': 9, 'HR@5': '0.0228', 'NDCG@5': '0.0141', 'HR@10': '0.0397', 'NDCG@10': '0.0195', 'HR@20': '0.0672', 'NDCG@20': '0.0264'}
2025-06-13 20:56:23,891 - Validation score increased.  Saving model ...
2025-06-13 20:56:36,076 - {'epoch': 10, 'rec_loss': '7.6183'}
2025-06-13 20:56:40,595 - {'Epoch': 10, 'HR@5': '0.0257', 'NDCG@5': '0.0160', 'HR@10': '0.0442', 'NDCG@10': '0.0220', 'HR@20': '0.0749', 'NDCG@20': '0.0297'}
2025-06-13 20:56:40,597 - Validation score increased.  Saving model ...
2025-06-13 20:56:52,827 - {'epoch': 11, 'rec_loss': '7.5274'}
2025-06-13 20:56:57,403 - {'Epoch': 11, 'HR@5': '0.0286', 'NDCG@5': '0.0176', 'HR@10': '0.0502', 'NDCG@10': '0.0245', 'HR@20': '0.0841', 'NDCG@20': '0.0329'}
2025-06-13 20:56:57,404 - Validation score increased.  Saving model ...
2025-06-13 20:57:09,689 - {'epoch': 12, 'rec_loss': '7.4445'}
2025-06-13 20:57:14,302 - {'Epoch': 12, 'HR@5': '0.0318', 'NDCG@5': '0.0197', 'HR@10': '0.0552', 'NDCG@10': '0.0272', 'HR@20': '0.0904', 'NDCG@20': '0.0360'}
2025-06-13 20:57:14,304 - Validation score increased.  Saving model ...
2025-06-13 20:57:26,567 - {'epoch': 13, 'rec_loss': '7.3709'}
2025-06-13 20:57:31,122 - {'Epoch': 13, 'HR@5': '0.0345', 'NDCG@5': '0.0216', 'HR@10': '0.0608', 'NDCG@10': '0.0301', 'HR@20': '0.0954', 'NDCG@20': '0.0388'}
2025-06-13 20:57:31,124 - Validation score increased.  Saving model ...
2025-06-13 20:57:43,347 - {'epoch': 14, 'rec_loss': '7.2924'}
2025-06-13 20:57:47,926 - {'Epoch': 14, 'HR@5': '0.0362', 'NDCG@5': '0.0227', 'HR@10': '0.0635', 'NDCG@10': '0.0315', 'HR@20': '0.1033', 'NDCG@20': '0.0414'}
2025-06-13 20:57:47,927 - Validation score increased.  Saving model ...
2025-06-13 20:58:00,214 - {'epoch': 15, 'rec_loss': '7.2211'}
2025-06-13 20:58:04,790 - {'Epoch': 15, 'HR@5': '0.0410', 'NDCG@5': '0.0256', 'HR@10': '0.0668', 'NDCG@10': '0.0339', 'HR@20': '0.1113', 'NDCG@20': '0.0451'}
2025-06-13 20:58:04,794 - Validation score increased.  Saving model ...
2025-06-13 20:58:17,014 - {'epoch': 16, 'rec_loss': '7.1559'}
2025-06-13 20:58:21,570 - {'Epoch': 16, 'HR@5': '0.0435', 'NDCG@5': '0.0274', 'HR@10': '0.0732', 'NDCG@10': '0.0370', 'HR@20': '0.1178', 'NDCG@20': '0.0482'}
2025-06-13 20:58:21,573 - Validation score increased.  Saving model ...
2025-06-13 20:58:33,829 - {'epoch': 17, 'rec_loss': '7.0865'}
2025-06-13 20:58:38,398 - {'Epoch': 17, 'HR@5': '0.0497', 'NDCG@5': '0.0309', 'HR@10': '0.0798', 'NDCG@10': '0.0406', 'HR@20': '0.1282', 'NDCG@20': '0.0527'}
2025-06-13 20:58:38,400 - Validation score increased.  Saving model ...
2025-06-13 20:58:50,665 - {'epoch': 18, 'rec_loss': '7.0274'}
2025-06-13 20:58:55,238 - {'Epoch': 18, 'HR@5': '0.0516', 'NDCG@5': '0.0322', 'HR@10': '0.0887', 'NDCG@10': '0.0441', 'HR@20': '0.1383', 'NDCG@20': '0.0566'}
2025-06-13 20:58:55,239 - Validation score increased.  Saving model ...
2025-06-13 20:59:07,510 - {'epoch': 19, 'rec_loss': '6.9582'}
2025-06-13 20:59:12,001 - {'Epoch': 19, 'HR@5': '0.0594', 'NDCG@5': '0.0375', 'HR@10': '0.0963', 'NDCG@10': '0.0492', 'HR@20': '0.1482', 'NDCG@20': '0.0622'}
2025-06-13 20:59:12,004 - Validation score increased.  Saving model ...
2025-06-13 20:59:24,293 - {'epoch': 20, 'rec_loss': '6.8974'}
2025-06-13 20:59:28,905 - {'Epoch': 20, 'HR@5': '0.0624', 'NDCG@5': '0.0391', 'HR@10': '0.1010', 'NDCG@10': '0.0515', 'HR@20': '0.1617', 'NDCG@20': '0.0667'}
2025-06-13 20:59:28,907 - Validation score increased.  Saving model ...
2025-06-13 20:59:41,098 - {'epoch': 21, 'rec_loss': '6.8390'}
2025-06-13 20:59:45,669 - {'Epoch': 21, 'HR@5': '0.0647', 'NDCG@5': '0.0402', 'HR@10': '0.1060', 'NDCG@10': '0.0535', 'HR@20': '0.1681', 'NDCG@20': '0.0691'}
2025-06-13 20:59:45,672 - Validation score increased.  Saving model ...
2025-06-13 20:59:57,903 - {'epoch': 22, 'rec_loss': '6.7877'}
2025-06-13 21:00:02,405 - {'Epoch': 22, 'HR@5': '0.0682', 'NDCG@5': '0.0431', 'HR@10': '0.1097', 'NDCG@10': '0.0563', 'HR@20': '0.1753', 'NDCG@20': '0.0728'}
2025-06-13 21:00:02,406 - Validation score increased.  Saving model ...
2025-06-13 21:00:14,610 - {'epoch': 23, 'rec_loss': '6.7328'}
2025-06-13 21:00:19,135 - {'Epoch': 23, 'HR@5': '0.0702', 'NDCG@5': '0.0445', 'HR@10': '0.1172', 'NDCG@10': '0.0596', 'HR@20': '0.1837', 'NDCG@20': '0.0763'}
2025-06-13 21:00:19,137 - Validation score increased.  Saving model ...
2025-06-13 21:00:31,411 - {'epoch': 24, 'rec_loss': '6.7006'}
2025-06-13 21:00:35,966 - {'Epoch': 24, 'HR@5': '0.0738', 'NDCG@5': '0.0467', 'HR@10': '0.1203', 'NDCG@10': '0.0616', 'HR@20': '0.1898', 'NDCG@20': '0.0791'}
2025-06-13 21:00:35,969 - Validation score increased.  Saving model ...
2025-06-13 21:00:48,313 - {'epoch': 25, 'rec_loss': '6.6589'}
2025-06-13 21:00:52,763 - {'Epoch': 25, 'HR@5': '0.0741', 'NDCG@5': '0.0478', 'HR@10': '0.1241', 'NDCG@10': '0.0639', 'HR@20': '0.1929', 'NDCG@20': '0.0811'}
2025-06-13 21:00:52,765 - Validation score increased.  Saving model ...
2025-06-13 21:01:05,013 - {'epoch': 26, 'rec_loss': '6.6109'}
2025-06-13 21:01:09,548 - {'Epoch': 26, 'HR@5': '0.0767', 'NDCG@5': '0.0488', 'HR@10': '0.1259', 'NDCG@10': '0.0646', 'HR@20': '0.1996', 'NDCG@20': '0.0831'}
2025-06-13 21:01:09,550 - Validation score increased.  Saving model ...
2025-06-13 21:01:21,839 - {'epoch': 27, 'rec_loss': '6.5682'}
2025-06-13 21:01:26,324 - {'Epoch': 27, 'HR@5': '0.0804', 'NDCG@5': '0.0502', 'HR@10': '0.1329', 'NDCG@10': '0.0671', 'HR@20': '0.2071', 'NDCG@20': '0.0858'}
2025-06-13 21:01:26,325 - Validation score increased.  Saving model ...
2025-06-13 21:01:38,566 - {'epoch': 28, 'rec_loss': '6.5281'}
2025-06-13 21:01:43,004 - {'Epoch': 28, 'HR@5': '0.0832', 'NDCG@5': '0.0530', 'HR@10': '0.1331', 'NDCG@10': '0.0691', 'HR@20': '0.2097', 'NDCG@20': '0.0883'}
2025-06-13 21:01:43,005 - Validation score increased.  Saving model ...
2025-06-13 21:01:55,329 - {'epoch': 29, 'rec_loss': '6.4930'}
2025-06-13 21:01:59,881 - {'Epoch': 29, 'HR@5': '0.0857', 'NDCG@5': '0.0553', 'HR@10': '0.1426', 'NDCG@10': '0.0736', 'HR@20': '0.2186', 'NDCG@20': '0.0928'}
2025-06-13 21:01:59,883 - Validation score increased.  Saving model ...
2025-06-13 21:02:12,150 - {'epoch': 30, 'rec_loss': '6.4437'}
2025-06-13 21:02:16,681 - {'Epoch': 30, 'HR@5': '0.0888', 'NDCG@5': '0.0556', 'HR@10': '0.1450', 'NDCG@10': '0.0736', 'HR@20': '0.2261', 'NDCG@20': '0.0940'}
2025-06-13 21:02:16,684 - Validation score increased.  Saving model ...
2025-06-13 21:02:28,915 - {'epoch': 31, 'rec_loss': '6.4111'}
2025-06-13 21:02:33,533 - {'Epoch': 31, 'HR@5': '0.0891', 'NDCG@5': '0.0559', 'HR@10': '0.1483', 'NDCG@10': '0.0749', 'HR@20': '0.2322', 'NDCG@20': '0.0960'}
2025-06-13 21:02:33,537 - Validation score increased.  Saving model ...
2025-06-13 21:02:45,786 - {'epoch': 32, 'rec_loss': '6.3786'}
2025-06-13 21:02:50,350 - {'Epoch': 32, 'HR@5': '0.0920', 'NDCG@5': '0.0590', 'HR@10': '0.1496', 'NDCG@10': '0.0775', 'HR@20': '0.2350', 'NDCG@20': '0.0989'}
2025-06-13 21:02:50,353 - Validation score increased.  Saving model ...
2025-06-13 21:03:02,550 - {'epoch': 33, 'rec_loss': '6.3398'}
2025-06-13 21:03:07,192 - {'Epoch': 33, 'HR@5': '0.0942', 'NDCG@5': '0.0601', 'HR@10': '0.1532', 'NDCG@10': '0.0791', 'HR@20': '0.2374', 'NDCG@20': '0.1003'}
2025-06-13 21:03:07,195 - Validation score increased.  Saving model ...
2025-06-13 21:03:19,429 - {'epoch': 34, 'rec_loss': '6.3065'}
2025-06-13 21:03:23,931 - {'Epoch': 34, 'HR@5': '0.0970', 'NDCG@5': '0.0618', 'HR@10': '0.1610', 'NDCG@10': '0.0824', 'HR@20': '0.2465', 'NDCG@20': '0.1039'}
2025-06-13 21:03:23,934 - Validation score increased.  Saving model ...
2025-06-13 21:03:36,192 - {'epoch': 35, 'rec_loss': '6.2811'}
2025-06-13 21:03:40,777 - {'Epoch': 35, 'HR@5': '0.0983', 'NDCG@5': '0.0623', 'HR@10': '0.1627', 'NDCG@10': '0.0830', 'HR@20': '0.2481', 'NDCG@20': '0.1046'}
2025-06-13 21:03:40,778 - Validation score increased.  Saving model ...
2025-06-13 21:03:52,948 - {'epoch': 36, 'rec_loss': '6.2499'}
2025-06-13 21:03:57,444 - {'Epoch': 36, 'HR@5': '0.1019', 'NDCG@5': '0.0647', 'HR@10': '0.1632', 'NDCG@10': '0.0845', 'HR@20': '0.2534', 'NDCG@20': '0.1071'}
2025-06-13 21:03:57,450 - Validation score increased.  Saving model ...
2025-06-13 21:04:09,747 - {'epoch': 37, 'rec_loss': '6.2247'}
2025-06-13 21:04:14,284 - {'Epoch': 37, 'HR@5': '0.1023', 'NDCG@5': '0.0647', 'HR@10': '0.1669', 'NDCG@10': '0.0854', 'HR@20': '0.2559', 'NDCG@20': '0.1079'}
2025-06-13 21:04:14,285 - Validation score increased.  Saving model ...
2025-06-13 21:04:26,466 - {'epoch': 38, 'rec_loss': '6.2131'}
2025-06-13 21:04:31,028 - {'Epoch': 38, 'HR@5': '0.1062', 'NDCG@5': '0.0677', 'HR@10': '0.1716', 'NDCG@10': '0.0887', 'HR@20': '0.2621', 'NDCG@20': '0.1116'}
2025-06-13 21:04:31,034 - Validation score increased.  Saving model ...
2025-06-13 21:04:43,275 - {'epoch': 39, 'rec_loss': '6.1782'}
2025-06-13 21:04:47,796 - {'Epoch': 39, 'HR@5': '0.1080', 'NDCG@5': '0.0688', 'HR@10': '0.1741', 'NDCG@10': '0.0899', 'HR@20': '0.2637', 'NDCG@20': '0.1125'}
2025-06-13 21:04:47,798 - Validation score increased.  Saving model ...
2025-06-13 21:05:00,017 - {'epoch': 40, 'rec_loss': '6.1613'}
2025-06-13 21:05:04,564 - {'Epoch': 40, 'HR@5': '0.1098', 'NDCG@5': '0.0708', 'HR@10': '0.1757', 'NDCG@10': '0.0920', 'HR@20': '0.2688', 'NDCG@20': '0.1154'}
2025-06-13 21:05:04,566 - Validation score increased.  Saving model ...
2025-06-13 21:05:16,815 - {'epoch': 41, 'rec_loss': '6.1383'}
2025-06-13 21:05:21,306 - {'Epoch': 41, 'HR@5': '0.1093', 'NDCG@5': '0.0703', 'HR@10': '0.1805', 'NDCG@10': '0.0931', 'HR@20': '0.2731', 'NDCG@20': '0.1164'}
2025-06-13 21:05:21,308 - Validation score increased.  Saving model ...
2025-06-13 21:05:33,524 - {'epoch': 42, 'rec_loss': '6.1165'}
2025-06-13 21:05:38,066 - {'Epoch': 42, 'HR@5': '0.1138', 'NDCG@5': '0.0720', 'HR@10': '0.1838', 'NDCG@10': '0.0945', 'HR@20': '0.2777', 'NDCG@20': '0.1181'}
2025-06-13 21:05:38,069 - Validation score increased.  Saving model ...
2025-06-13 21:05:50,285 - {'epoch': 43, 'rec_loss': '6.0940'}
2025-06-13 21:05:54,694 - {'Epoch': 43, 'HR@5': '0.1161', 'NDCG@5': '0.0745', 'HR@10': '0.1864', 'NDCG@10': '0.0970', 'HR@20': '0.2764', 'NDCG@20': '0.1196'}
2025-06-13 21:05:54,696 - Validation score increased.  Saving model ...
2025-06-13 21:06:06,994 - {'epoch': 44, 'rec_loss': '6.0791'}
2025-06-13 21:06:11,502 - {'Epoch': 44, 'HR@5': '0.1171', 'NDCG@5': '0.0737', 'HR@10': '0.1907', 'NDCG@10': '0.0973', 'HR@20': '0.2839', 'NDCG@20': '0.1207'}
2025-06-13 21:06:11,504 - Validation score increased.  Saving model ...
2025-06-13 21:06:23,720 - {'epoch': 45, 'rec_loss': '6.0687'}
2025-06-13 21:06:28,244 - {'Epoch': 45, 'HR@5': '0.1161', 'NDCG@5': '0.0737', 'HR@10': '0.1896', 'NDCG@10': '0.0973', 'HR@20': '0.2825', 'NDCG@20': '0.1207'}
2025-06-13 21:06:28,247 - EarlyStopping counter: 1 out of 10
2025-06-13 21:06:40,465 - {'epoch': 46, 'rec_loss': '6.0414'}
2025-06-13 21:06:44,974 - {'Epoch': 46, 'HR@5': '0.1163', 'NDCG@5': '0.0734', 'HR@10': '0.1893', 'NDCG@10': '0.0970', 'HR@20': '0.2841', 'NDCG@20': '0.1209'}
2025-06-13 21:06:44,976 - Validation score increased.  Saving model ...
2025-06-13 21:06:57,229 - {'epoch': 47, 'rec_loss': '6.0299'}
2025-06-13 21:07:01,868 - {'Epoch': 47, 'HR@5': '0.1161', 'NDCG@5': '0.0732', 'HR@10': '0.1914', 'NDCG@10': '0.0973', 'HR@20': '0.2866', 'NDCG@20': '0.1213'}
2025-06-13 21:07:01,871 - Validation score increased.  Saving model ...
2025-06-13 21:07:14,081 - {'epoch': 48, 'rec_loss': '6.0066'}
2025-06-13 21:07:18,725 - {'Epoch': 48, 'HR@5': '0.1192', 'NDCG@5': '0.0761', 'HR@10': '0.1904', 'NDCG@10': '0.0990', 'HR@20': '0.2901', 'NDCG@20': '0.1242'}
2025-06-13 21:07:18,726 - Validation score increased.  Saving model ...
2025-06-13 21:07:31,031 - {'epoch': 49, 'rec_loss': '5.9968'}
2025-06-13 21:07:35,597 - {'Epoch': 49, 'HR@5': '0.1171', 'NDCG@5': '0.0739', 'HR@10': '0.1965', 'NDCG@10': '0.0994', 'HR@20': '0.2917', 'NDCG@20': '0.1233'}
2025-06-13 21:07:35,602 - EarlyStopping counter: 1 out of 10
2025-06-13 21:07:47,843 - {'epoch': 50, 'rec_loss': '5.9684'}
2025-06-13 21:07:52,437 - {'Epoch': 50, 'HR@5': '0.1201', 'NDCG@5': '0.0770', 'HR@10': '0.1966', 'NDCG@10': '0.1015', 'HR@20': '0.2917', 'NDCG@20': '0.1254'}
2025-06-13 21:07:52,438 - Validation score increased.  Saving model ...
2025-06-13 21:08:04,653 - {'epoch': 51, 'rec_loss': '5.9615'}
2025-06-13 21:08:09,298 - {'Epoch': 51, 'HR@5': '0.1243', 'NDCG@5': '0.0790', 'HR@10': '0.1948', 'NDCG@10': '0.1017', 'HR@20': '0.2942', 'NDCG@20': '0.1267'}
2025-06-13 21:08:09,299 - Validation score increased.  Saving model ...
2025-06-13 21:08:21,588 - {'epoch': 52, 'rec_loss': '5.9525'}
2025-06-13 21:08:26,187 - {'Epoch': 52, 'HR@5': '0.1286', 'NDCG@5': '0.0812', 'HR@10': '0.2009', 'NDCG@10': '0.1044', 'HR@20': '0.2946', 'NDCG@20': '0.1280'}
2025-06-13 21:08:26,189 - Validation score increased.  Saving model ...
2025-06-13 21:08:38,474 - {'epoch': 53, 'rec_loss': '5.9424'}
2025-06-13 21:08:43,027 - {'Epoch': 53, 'HR@5': '0.1234', 'NDCG@5': '0.0794', 'HR@10': '0.2018', 'NDCG@10': '0.1046', 'HR@20': '0.2946', 'NDCG@20': '0.1280'}
2025-06-13 21:08:43,029 - Validation score increased.  Saving model ...
2025-06-13 21:08:55,214 - {'epoch': 54, 'rec_loss': '5.9302'}
2025-06-13 21:08:59,869 - {'Epoch': 54, 'HR@5': '0.1248', 'NDCG@5': '0.0795', 'HR@10': '0.2043', 'NDCG@10': '0.1052', 'HR@20': '0.3000', 'NDCG@20': '0.1293'}
2025-06-13 21:08:59,870 - Validation score increased.  Saving model ...
2025-06-13 21:09:12,087 - {'epoch': 55, 'rec_loss': '5.9123'}
2025-06-13 21:09:16,714 - {'Epoch': 55, 'HR@5': '0.1261', 'NDCG@5': '0.0804', 'HR@10': '0.2054', 'NDCG@10': '0.1058', 'HR@20': '0.3004', 'NDCG@20': '0.1298'}
2025-06-13 21:09:16,715 - Validation score increased.  Saving model ...
2025-06-13 21:09:28,934 - {'epoch': 56, 'rec_loss': '5.9052'}
2025-06-13 21:09:33,632 - {'Epoch': 56, 'HR@5': '0.1293', 'NDCG@5': '0.0822', 'HR@10': '0.2054', 'NDCG@10': '0.1066', 'HR@20': '0.3015', 'NDCG@20': '0.1309'}
2025-06-13 21:09:33,634 - Validation score increased.  Saving model ...
2025-06-13 21:09:45,828 - {'epoch': 57, 'rec_loss': '5.8911'}
2025-06-13 21:09:50,507 - {'Epoch': 57, 'HR@5': '0.1285', 'NDCG@5': '0.0814', 'HR@10': '0.2066', 'NDCG@10': '0.1066', 'HR@20': '0.3040', 'NDCG@20': '0.1311'}
2025-06-13 21:09:50,510 - Validation score increased.  Saving model ...
2025-06-13 21:10:02,631 - {'epoch': 58, 'rec_loss': '5.8829'}
2025-06-13 21:10:07,222 - {'Epoch': 58, 'HR@5': '0.1296', 'NDCG@5': '0.0831', 'HR@10': '0.2092', 'NDCG@10': '0.1088', 'HR@20': '0.3062', 'NDCG@20': '0.1331'}
2025-06-13 21:10:07,224 - Validation score increased.  Saving model ...
2025-06-13 21:10:19,397 - {'epoch': 59, 'rec_loss': '5.8637'}
2025-06-13 21:10:24,035 - {'Epoch': 59, 'HR@5': '0.1298', 'NDCG@5': '0.0820', 'HR@10': '0.2095', 'NDCG@10': '0.1077', 'HR@20': '0.3064', 'NDCG@20': '0.1321'}
2025-06-13 21:10:24,038 - EarlyStopping counter: 1 out of 10
2025-06-13 21:10:36,237 - {'epoch': 60, 'rec_loss': '5.8582'}
2025-06-13 21:10:40,805 - {'Epoch': 60, 'HR@5': '0.1293', 'NDCG@5': '0.0827', 'HR@10': '0.2105', 'NDCG@10': '0.1089', 'HR@20': '0.3078', 'NDCG@20': '0.1334'}
2025-06-13 21:10:40,806 - Validation score increased.  Saving model ...
2025-06-13 21:10:52,981 - {'epoch': 61, 'rec_loss': '5.8392'}
2025-06-13 21:10:57,564 - {'Epoch': 61, 'HR@5': '0.1306', 'NDCG@5': '0.0834', 'HR@10': '0.2079', 'NDCG@10': '0.1083', 'HR@20': '0.3104', 'NDCG@20': '0.1342'}
2025-06-13 21:10:57,566 - Validation score increased.  Saving model ...
2025-06-13 21:11:09,758 - {'epoch': 62, 'rec_loss': '5.8309'}
2025-06-13 21:11:14,453 - {'Epoch': 62, 'HR@5': '0.1349', 'NDCG@5': '0.0862', 'HR@10': '0.2129', 'NDCG@10': '0.1113', 'HR@20': '0.3102', 'NDCG@20': '0.1358'}
2025-06-13 21:11:14,458 - Validation score increased.  Saving model ...
2025-06-13 21:11:26,695 - {'epoch': 63, 'rec_loss': '5.8253'}
2025-06-13 21:11:31,354 - {'Epoch': 63, 'HR@5': '0.1318', 'NDCG@5': '0.0840', 'HR@10': '0.2103', 'NDCG@10': '0.1092', 'HR@20': '0.3120', 'NDCG@20': '0.1348'}
2025-06-13 21:11:31,356 - EarlyStopping counter: 1 out of 10
2025-06-13 21:11:43,619 - {'epoch': 64, 'rec_loss': '5.8115'}
2025-06-13 21:11:48,243 - {'Epoch': 64, 'HR@5': '0.1346', 'NDCG@5': '0.0856', 'HR@10': '0.2148', 'NDCG@10': '0.1114', 'HR@20': '0.3092', 'NDCG@20': '0.1352'}
2025-06-13 21:11:48,245 - EarlyStopping counter: 2 out of 10
2025-06-13 21:12:00,477 - {'epoch': 65, 'rec_loss': '5.8124'}
2025-06-13 21:12:05,044 - {'Epoch': 65, 'HR@5': '0.1341', 'NDCG@5': '0.0858', 'HR@10': '0.2115', 'NDCG@10': '0.1108', 'HR@20': '0.3094', 'NDCG@20': '0.1356'}
2025-06-13 21:12:05,046 - EarlyStopping counter: 3 out of 10
2025-06-13 21:12:17,249 - {'epoch': 66, 'rec_loss': '5.7992'}
2025-06-13 21:12:21,909 - {'Epoch': 66, 'HR@5': '0.1322', 'NDCG@5': '0.0847', 'HR@10': '0.2160', 'NDCG@10': '0.1117', 'HR@20': '0.3121', 'NDCG@20': '0.1359'}
2025-06-13 21:12:21,911 - Validation score increased.  Saving model ...
2025-06-13 21:12:34,089 - {'epoch': 67, 'rec_loss': '5.7931'}
2025-06-13 21:12:38,612 - {'Epoch': 67, 'HR@5': '0.1356', 'NDCG@5': '0.0862', 'HR@10': '0.2139', 'NDCG@10': '0.1114', 'HR@20': '0.3139', 'NDCG@20': '0.1368'}
2025-06-13 21:12:38,613 - Validation score increased.  Saving model ...
2025-06-13 21:12:50,887 - {'epoch': 68, 'rec_loss': '5.7813'}
2025-06-13 21:12:55,467 - {'Epoch': 68, 'HR@5': '0.1345', 'NDCG@5': '0.0853', 'HR@10': '0.2153', 'NDCG@10': '0.1113', 'HR@20': '0.3133', 'NDCG@20': '0.1361'}
2025-06-13 21:12:55,467 - EarlyStopping counter: 1 out of 10
2025-06-13 21:13:07,721 - {'epoch': 69, 'rec_loss': '5.7758'}
2025-06-13 21:13:12,381 - {'Epoch': 69, 'HR@5': '0.1353', 'NDCG@5': '0.0861', 'HR@10': '0.2149', 'NDCG@10': '0.1116', 'HR@20': '0.3113', 'NDCG@20': '0.1360'}
2025-06-13 21:13:12,382 - EarlyStopping counter: 2 out of 10
2025-06-13 21:13:24,604 - {'epoch': 70, 'rec_loss': '5.7707'}
2025-06-13 21:13:29,184 - {'Epoch': 70, 'HR@5': '0.1378', 'NDCG@5': '0.0873', 'HR@10': '0.2141', 'NDCG@10': '0.1119', 'HR@20': '0.3129', 'NDCG@20': '0.1369'}
2025-06-13 21:13:29,185 - Validation score increased.  Saving model ...
2025-06-13 21:13:41,419 - {'epoch': 71, 'rec_loss': '5.7564'}
2025-06-13 21:13:45,989 - {'Epoch': 71, 'HR@5': '0.1355', 'NDCG@5': '0.0859', 'HR@10': '0.2149', 'NDCG@10': '0.1115', 'HR@20': '0.3144', 'NDCG@20': '0.1367'}
2025-06-13 21:13:45,990 - EarlyStopping counter: 1 out of 10
2025-06-13 21:13:58,250 - {'epoch': 72, 'rec_loss': '5.7559'}
2025-06-13 21:14:02,792 - {'Epoch': 72, 'HR@5': '0.1405', 'NDCG@5': '0.0906', 'HR@10': '0.2165', 'NDCG@10': '0.1150', 'HR@20': '0.3177', 'NDCG@20': '0.1406'}
2025-06-13 21:14:02,795 - Validation score increased.  Saving model ...
2025-06-13 21:14:15,008 - {'epoch': 73, 'rec_loss': '5.7403'}
2025-06-13 21:14:19,663 - {'Epoch': 73, 'HR@5': '0.1385', 'NDCG@5': '0.0885', 'HR@10': '0.2186', 'NDCG@10': '0.1142', 'HR@20': '0.3160', 'NDCG@20': '0.1388'}
2025-06-13 21:14:19,665 - EarlyStopping counter: 1 out of 10
2025-06-13 21:14:31,894 - {'epoch': 74, 'rec_loss': '5.7279'}
2025-06-13 21:14:36,495 - {'Epoch': 74, 'HR@5': '0.1375', 'NDCG@5': '0.0891', 'HR@10': '0.2186', 'NDCG@10': '0.1152', 'HR@20': '0.3167', 'NDCG@20': '0.1400'}
2025-06-13 21:14:36,497 - EarlyStopping counter: 2 out of 10
2025-06-13 21:14:48,794 - {'epoch': 75, 'rec_loss': '5.7406'}
2025-06-13 21:14:53,463 - {'Epoch': 75, 'HR@5': '0.1370', 'NDCG@5': '0.0892', 'HR@10': '0.2195', 'NDCG@10': '0.1157', 'HR@20': '0.3184', 'NDCG@20': '0.1407'}
2025-06-13 21:14:53,466 - Validation score increased.  Saving model ...
2025-06-13 21:15:05,698 - {'epoch': 76, 'rec_loss': '5.7242'}
2025-06-13 21:15:10,219 - {'Epoch': 76, 'HR@5': '0.1394', 'NDCG@5': '0.0900', 'HR@10': '0.2182', 'NDCG@10': '0.1154', 'HR@20': '0.3166', 'NDCG@20': '0.1403'}
2025-06-13 21:15:10,220 - EarlyStopping counter: 1 out of 10
2025-06-13 21:15:22,431 - {'epoch': 77, 'rec_loss': '5.7252'}
2025-06-13 21:15:27,158 - {'Epoch': 77, 'HR@5': '0.1393', 'NDCG@5': '0.0896', 'HR@10': '0.2191', 'NDCG@10': '0.1154', 'HR@20': '0.3176', 'NDCG@20': '0.1403'}
2025-06-13 21:15:27,160 - EarlyStopping counter: 2 out of 10
2025-06-13 21:15:39,366 - {'epoch': 78, 'rec_loss': '5.7150'}
2025-06-13 21:15:43,975 - {'Epoch': 78, 'HR@5': '0.1389', 'NDCG@5': '0.0891', 'HR@10': '0.2205', 'NDCG@10': '0.1153', 'HR@20': '0.3192', 'NDCG@20': '0.1402'}
2025-06-13 21:15:43,976 - EarlyStopping counter: 3 out of 10
2025-06-13 21:15:56,217 - {'epoch': 79, 'rec_loss': '5.7032'}
2025-06-13 21:16:00,824 - {'Epoch': 79, 'HR@5': '0.1404', 'NDCG@5': '0.0898', 'HR@10': '0.2207', 'NDCG@10': '0.1155', 'HR@20': '0.3166', 'NDCG@20': '0.1398'}
2025-06-13 21:16:00,830 - EarlyStopping counter: 4 out of 10
2025-06-13 21:16:13,044 - {'epoch': 80, 'rec_loss': '5.7083'}
2025-06-13 21:16:17,585 - {'Epoch': 80, 'HR@5': '0.1378', 'NDCG@5': '0.0886', 'HR@10': '0.2217', 'NDCG@10': '0.1156', 'HR@20': '0.3198', 'NDCG@20': '0.1403'}
2025-06-13 21:16:17,586 - EarlyStopping counter: 5 out of 10
2025-06-13 21:16:29,803 - {'epoch': 81, 'rec_loss': '5.6980'}
2025-06-13 21:16:34,365 - {'Epoch': 81, 'HR@5': '0.1401', 'NDCG@5': '0.0905', 'HR@10': '0.2244', 'NDCG@10': '0.1176', 'HR@20': '0.3217', 'NDCG@20': '0.1422'}
2025-06-13 21:16:34,367 - Validation score increased.  Saving model ...
2025-06-13 21:16:46,650 - {'epoch': 82, 'rec_loss': '5.6929'}
2025-06-13 21:16:51,276 - {'Epoch': 82, 'HR@5': '0.1404', 'NDCG@5': '0.0898', 'HR@10': '0.2219', 'NDCG@10': '0.1159', 'HR@20': '0.3221', 'NDCG@20': '0.1412'}
2025-06-13 21:16:51,277 - EarlyStopping counter: 1 out of 10
2025-06-13 21:17:03,475 - {'epoch': 83, 'rec_loss': '5.6862'}
2025-06-13 21:17:08,051 - {'Epoch': 83, 'HR@5': '0.1399', 'NDCG@5': '0.0903', 'HR@10': '0.2203', 'NDCG@10': '0.1163', 'HR@20': '0.3191', 'NDCG@20': '0.1412'}
2025-06-13 21:17:08,056 - EarlyStopping counter: 2 out of 10
2025-06-13 21:17:20,191 - {'epoch': 84, 'rec_loss': '5.6800'}
2025-06-13 21:17:24,729 - {'Epoch': 84, 'HR@5': '0.1392', 'NDCG@5': '0.0900', 'HR@10': '0.2213', 'NDCG@10': '0.1165', 'HR@20': '0.3197', 'NDCG@20': '0.1414'}
2025-06-13 21:17:24,731 - EarlyStopping counter: 3 out of 10
2025-06-13 21:17:36,991 - {'epoch': 85, 'rec_loss': '5.6659'}
2025-06-13 21:17:41,566 - {'Epoch': 85, 'HR@5': '0.1434', 'NDCG@5': '0.0919', 'HR@10': '0.2242', 'NDCG@10': '0.1178', 'HR@20': '0.3218', 'NDCG@20': '0.1424'}
2025-06-13 21:17:41,566 - Validation score increased.  Saving model ...
2025-06-13 21:17:53,846 - {'epoch': 86, 'rec_loss': '5.6689'}
2025-06-13 21:17:58,555 - {'Epoch': 86, 'HR@5': '0.1407', 'NDCG@5': '0.0904', 'HR@10': '0.2201', 'NDCG@10': '0.1161', 'HR@20': '0.3214', 'NDCG@20': '0.1417'}
2025-06-13 21:17:58,561 - EarlyStopping counter: 1 out of 10
2025-06-13 21:18:10,766 - {'epoch': 87, 'rec_loss': '5.6630'}
2025-06-13 21:18:15,403 - {'Epoch': 87, 'HR@5': '0.1387', 'NDCG@5': '0.0891', 'HR@10': '0.2219', 'NDCG@10': '0.1159', 'HR@20': '0.3216', 'NDCG@20': '0.1410'}
2025-06-13 21:18:15,405 - EarlyStopping counter: 2 out of 10
2025-06-13 21:18:27,668 - {'epoch': 88, 'rec_loss': '5.6636'}
2025-06-13 21:18:32,324 - {'Epoch': 88, 'HR@5': '0.1403', 'NDCG@5': '0.0905', 'HR@10': '0.2197', 'NDCG@10': '0.1160', 'HR@20': '0.3210', 'NDCG@20': '0.1417'}
2025-06-13 21:18:32,326 - EarlyStopping counter: 3 out of 10
2025-06-13 21:18:44,538 - {'epoch': 89, 'rec_loss': '5.6554'}
2025-06-13 21:18:49,206 - {'Epoch': 89, 'HR@5': '0.1423', 'NDCG@5': '0.0921', 'HR@10': '0.2226', 'NDCG@10': '0.1179', 'HR@20': '0.3211', 'NDCG@20': '0.1428'}
2025-06-13 21:18:49,209 - Validation score increased.  Saving model ...
2025-06-13 21:19:01,487 - {'epoch': 90, 'rec_loss': '5.6408'}
2025-06-13 21:19:06,087 - {'Epoch': 90, 'HR@5': '0.1394', 'NDCG@5': '0.0900', 'HR@10': '0.2241', 'NDCG@10': '0.1173', 'HR@20': '0.3228', 'NDCG@20': '0.1421'}
2025-06-13 21:19:06,089 - EarlyStopping counter: 1 out of 10
2025-06-13 21:19:18,228 - {'epoch': 91, 'rec_loss': '5.6490'}
2025-06-13 21:19:22,817 - {'Epoch': 91, 'HR@5': '0.1399', 'NDCG@5': '0.0905', 'HR@10': '0.2218', 'NDCG@10': '0.1168', 'HR@20': '0.3221', 'NDCG@20': '0.1421'}
2025-06-13 21:19:22,818 - EarlyStopping counter: 2 out of 10
2025-06-13 21:19:35,046 - {'epoch': 92, 'rec_loss': '5.6415'}
2025-06-13 21:19:39,735 - {'Epoch': 92, 'HR@5': '0.1411', 'NDCG@5': '0.0905', 'HR@10': '0.2203', 'NDCG@10': '0.1160', 'HR@20': '0.3226', 'NDCG@20': '0.1418'}
2025-06-13 21:19:39,738 - EarlyStopping counter: 3 out of 10
2025-06-13 21:19:51,913 - {'epoch': 93, 'rec_loss': '5.6389'}
2025-06-13 21:19:56,574 - {'Epoch': 93, 'HR@5': '0.1409', 'NDCG@5': '0.0901', 'HR@10': '0.2227', 'NDCG@10': '0.1163', 'HR@20': '0.3246', 'NDCG@20': '0.1420'}
2025-06-13 21:19:56,575 - EarlyStopping counter: 4 out of 10
2025-06-13 21:20:08,768 - {'epoch': 94, 'rec_loss': '5.6285'}
2025-06-13 21:20:13,392 - {'Epoch': 94, 'HR@5': '0.1391', 'NDCG@5': '0.0900', 'HR@10': '0.2215', 'NDCG@10': '0.1164', 'HR@20': '0.3199', 'NDCG@20': '0.1412'}
2025-06-13 21:20:13,394 - EarlyStopping counter: 5 out of 10
2025-06-13 21:20:25,552 - {'epoch': 95, 'rec_loss': '5.6347'}
2025-06-13 21:20:30,175 - {'Epoch': 95, 'HR@5': '0.1411', 'NDCG@5': '0.0902', 'HR@10': '0.2222', 'NDCG@10': '0.1163', 'HR@20': '0.3215', 'NDCG@20': '0.1414'}
2025-06-13 21:20:30,177 - EarlyStopping counter: 6 out of 10
2025-06-13 21:20:42,416 - {'epoch': 96, 'rec_loss': '5.6226'}
2025-06-13 21:20:47,040 - {'Epoch': 96, 'HR@5': '0.1403', 'NDCG@5': '0.0894', 'HR@10': '0.2260', 'NDCG@10': '0.1168', 'HR@20': '0.3222', 'NDCG@20': '0.1411'}
2025-06-13 21:20:47,041 - EarlyStopping counter: 7 out of 10
2025-06-13 21:20:59,215 - {'epoch': 97, 'rec_loss': '5.6241'}
2025-06-13 21:21:03,849 - {'Epoch': 97, 'HR@5': '0.1430', 'NDCG@5': '0.0912', 'HR@10': '0.2242', 'NDCG@10': '0.1173', 'HR@20': '0.3240', 'NDCG@20': '0.1425'}
2025-06-13 21:21:03,851 - EarlyStopping counter: 8 out of 10
2025-06-13 21:21:16,014 - {'epoch': 98, 'rec_loss': '5.6201'}
2025-06-13 21:21:20,683 - {'Epoch': 98, 'HR@5': '0.1413', 'NDCG@5': '0.0907', 'HR@10': '0.2254', 'NDCG@10': '0.1177', 'HR@20': '0.3226', 'NDCG@20': '0.1423'}
2025-06-13 21:21:20,685 - EarlyStopping counter: 9 out of 10
2025-06-13 21:21:32,911 - {'epoch': 99, 'rec_loss': '5.6050'}
2025-06-13 21:21:37,566 - {'Epoch': 99, 'HR@5': '0.1415', 'NDCG@5': '0.0912', 'HR@10': '0.2259', 'NDCG@10': '0.1183', 'HR@20': '0.3254', 'NDCG@20': '0.1433'}
2025-06-13 21:21:37,567 - Validation score increased.  Saving model ...
2025-06-13 21:21:49,746 - {'epoch': 100, 'rec_loss': '5.6098'}
2025-06-13 21:21:54,401 - {'Epoch': 100, 'HR@5': '0.1422', 'NDCG@5': '0.0905', 'HR@10': '0.2257', 'NDCG@10': '0.1173', 'HR@20': '0.3233', 'NDCG@20': '0.1419'}
2025-06-13 21:21:54,405 - EarlyStopping counter: 1 out of 10
2025-06-13 21:22:06,698 - {'epoch': 101, 'rec_loss': '5.6027'}
2025-06-13 21:22:11,334 - {'Epoch': 101, 'HR@5': '0.1444', 'NDCG@5': '0.0926', 'HR@10': '0.2235', 'NDCG@10': '0.1181', 'HR@20': '0.3241', 'NDCG@20': '0.1434'}
2025-06-13 21:22:11,336 - Validation score increased.  Saving model ...
2025-06-13 21:22:23,524 - {'epoch': 102, 'rec_loss': '5.5957'}
2025-06-13 21:22:28,112 - {'Epoch': 102, 'HR@5': '0.1423', 'NDCG@5': '0.0919', 'HR@10': '0.2250', 'NDCG@10': '0.1186', 'HR@20': '0.3257', 'NDCG@20': '0.1441'}
2025-06-13 21:22:28,113 - Validation score increased.  Saving model ...
2025-06-13 21:22:40,270 - {'epoch': 103, 'rec_loss': '5.5884'}
2025-06-13 21:22:44,901 - {'Epoch': 103, 'HR@5': '0.1409', 'NDCG@5': '0.0917', 'HR@10': '0.2242', 'NDCG@10': '0.1186', 'HR@20': '0.3258', 'NDCG@20': '0.1443'}
2025-06-13 21:22:44,902 - Validation score increased.  Saving model ...
2025-06-13 21:22:57,094 - {'epoch': 104, 'rec_loss': '5.5940'}
2025-06-13 21:23:01,707 - {'Epoch': 104, 'HR@5': '0.1446', 'NDCG@5': '0.0926', 'HR@10': '0.2281', 'NDCG@10': '0.1194', 'HR@20': '0.3240', 'NDCG@20': '0.1436'}
2025-06-13 21:23:01,710 - EarlyStopping counter: 1 out of 10
2025-06-13 21:23:13,891 - {'epoch': 105, 'rec_loss': '5.5874'}
2025-06-13 21:23:18,500 - {'Epoch': 105, 'HR@5': '0.1447', 'NDCG@5': '0.0926', 'HR@10': '0.2255', 'NDCG@10': '0.1186', 'HR@20': '0.3256', 'NDCG@20': '0.1439'}
2025-06-13 21:23:18,501 - EarlyStopping counter: 2 out of 10
2025-06-13 21:23:30,746 - {'epoch': 106, 'rec_loss': '5.5808'}
2025-06-13 21:23:35,399 - {'Epoch': 106, 'HR@5': '0.1447', 'NDCG@5': '0.0928', 'HR@10': '0.2264', 'NDCG@10': '0.1191', 'HR@20': '0.3270', 'NDCG@20': '0.1445'}
2025-06-13 21:23:35,401 - Validation score increased.  Saving model ...
2025-06-13 21:23:47,537 - {'epoch': 107, 'rec_loss': '5.5808'}
2025-06-13 21:23:52,211 - {'Epoch': 107, 'HR@5': '0.1447', 'NDCG@5': '0.0932', 'HR@10': '0.2248', 'NDCG@10': '0.1189', 'HR@20': '0.3270', 'NDCG@20': '0.1448'}
2025-06-13 21:23:52,211 - Validation score increased.  Saving model ...
2025-06-13 21:24:04,501 - {'epoch': 108, 'rec_loss': '5.5855'}
2025-06-13 21:24:09,116 - {'Epoch': 108, 'HR@5': '0.1438', 'NDCG@5': '0.0917', 'HR@10': '0.2252', 'NDCG@10': '0.1179', 'HR@20': '0.3238', 'NDCG@20': '0.1428'}
2025-06-13 21:24:09,119 - EarlyStopping counter: 1 out of 10
2025-06-13 21:24:21,306 - {'epoch': 109, 'rec_loss': '5.5789'}
2025-06-13 21:24:25,918 - {'Epoch': 109, 'HR@5': '0.1441', 'NDCG@5': '0.0917', 'HR@10': '0.2245', 'NDCG@10': '0.1177', 'HR@20': '0.3236', 'NDCG@20': '0.1427'}
2025-06-13 21:24:25,920 - EarlyStopping counter: 2 out of 10
2025-06-13 21:24:38,176 - {'epoch': 110, 'rec_loss': '5.5683'}
2025-06-13 21:24:42,883 - {'Epoch': 110, 'HR@5': '0.1442', 'NDCG@5': '0.0924', 'HR@10': '0.2252', 'NDCG@10': '0.1185', 'HR@20': '0.3251', 'NDCG@20': '0.1437'}
2025-06-13 21:24:42,885 - EarlyStopping counter: 3 out of 10
2025-06-13 21:24:55,131 - {'epoch': 111, 'rec_loss': '5.5735'}
2025-06-13 21:24:59,765 - {'Epoch': 111, 'HR@5': '0.1445', 'NDCG@5': '0.0932', 'HR@10': '0.2244', 'NDCG@10': '0.1189', 'HR@20': '0.3231', 'NDCG@20': '0.1438'}
2025-06-13 21:24:59,766 - EarlyStopping counter: 4 out of 10
2025-06-13 21:25:11,956 - {'epoch': 112, 'rec_loss': '5.5610'}
2025-06-13 21:25:16,581 - {'Epoch': 112, 'HR@5': '0.1443', 'NDCG@5': '0.0928', 'HR@10': '0.2248', 'NDCG@10': '0.1187', 'HR@20': '0.3257', 'NDCG@20': '0.1441'}
2025-06-13 21:25:16,582 - EarlyStopping counter: 5 out of 10
2025-06-13 21:25:28,856 - {'epoch': 113, 'rec_loss': '5.5525'}
2025-06-13 21:25:33,499 - {'Epoch': 113, 'HR@5': '0.1456', 'NDCG@5': '0.0934', 'HR@10': '0.2297', 'NDCG@10': '0.1205', 'HR@20': '0.3259', 'NDCG@20': '0.1448'}
2025-06-13 21:25:33,501 - Validation score increased.  Saving model ...
2025-06-13 21:25:45,741 - {'epoch': 114, 'rec_loss': '5.5628'}
2025-06-13 21:25:50,387 - {'Epoch': 114, 'HR@5': '0.1454', 'NDCG@5': '0.0933', 'HR@10': '0.2281', 'NDCG@10': '0.1200', 'HR@20': '0.3275', 'NDCG@20': '0.1451'}
2025-06-13 21:25:50,389 - Validation score increased.  Saving model ...
2025-06-13 21:26:02,596 - {'epoch': 115, 'rec_loss': '5.5582'}
2025-06-13 21:26:07,189 - {'Epoch': 115, 'HR@5': '0.1463', 'NDCG@5': '0.0935', 'HR@10': '0.2287', 'NDCG@10': '0.1200', 'HR@20': '0.3252', 'NDCG@20': '0.1444'}
2025-06-13 21:26:07,193 - EarlyStopping counter: 1 out of 10
2025-06-13 21:26:19,316 - {'epoch': 116, 'rec_loss': '5.5556'}
2025-06-13 21:26:23,838 - {'Epoch': 116, 'HR@5': '0.1466', 'NDCG@5': '0.0941', 'HR@10': '0.2255', 'NDCG@10': '0.1195', 'HR@20': '0.3240', 'NDCG@20': '0.1444'}
2025-06-13 21:26:23,840 - EarlyStopping counter: 2 out of 10
2025-06-13 21:26:36,029 - {'epoch': 117, 'rec_loss': '5.5466'}
2025-06-13 21:26:40,594 - {'Epoch': 117, 'HR@5': '0.1450', 'NDCG@5': '0.0924', 'HR@10': '0.2268', 'NDCG@10': '0.1188', 'HR@20': '0.3252', 'NDCG@20': '0.1436'}
2025-06-13 21:26:40,595 - EarlyStopping counter: 3 out of 10
2025-06-13 21:26:52,809 - {'epoch': 118, 'rec_loss': '5.5412'}
2025-06-13 21:26:57,472 - {'Epoch': 118, 'HR@5': '0.1450', 'NDCG@5': '0.0936', 'HR@10': '0.2285', 'NDCG@10': '0.1204', 'HR@20': '0.3262', 'NDCG@20': '0.1451'}
2025-06-13 21:26:57,473 - Validation score increased.  Saving model ...
2025-06-13 21:27:09,641 - {'epoch': 119, 'rec_loss': '5.5492'}
2025-06-13 21:27:14,267 - {'Epoch': 119, 'HR@5': '0.1459', 'NDCG@5': '0.0938', 'HR@10': '0.2281', 'NDCG@10': '0.1203', 'HR@20': '0.3272', 'NDCG@20': '0.1454'}
2025-06-13 21:27:14,268 - Validation score increased.  Saving model ...
2025-06-13 21:27:26,510 - {'epoch': 120, 'rec_loss': '5.5472'}
2025-06-13 21:27:31,128 - {'Epoch': 120, 'HR@5': '0.1463', 'NDCG@5': '0.0939', 'HR@10': '0.2291', 'NDCG@10': '0.1206', 'HR@20': '0.3257', 'NDCG@20': '0.1449'}
2025-06-13 21:27:31,130 - EarlyStopping counter: 1 out of 10
2025-06-13 21:27:43,435 - {'epoch': 121, 'rec_loss': '5.5290'}
2025-06-13 21:27:48,097 - {'Epoch': 121, 'HR@5': '0.1467', 'NDCG@5': '0.0946', 'HR@10': '0.2269', 'NDCG@10': '0.1205', 'HR@20': '0.3243', 'NDCG@20': '0.1452'}
2025-06-13 21:27:48,100 - EarlyStopping counter: 2 out of 10
2025-06-13 21:28:00,270 - {'epoch': 122, 'rec_loss': '5.5315'}
2025-06-13 21:28:04,908 - {'Epoch': 122, 'HR@5': '0.1480', 'NDCG@5': '0.0948', 'HR@10': '0.2306', 'NDCG@10': '0.1215', 'HR@20': '0.3263', 'NDCG@20': '0.1456'}
2025-06-13 21:28:04,910 - Validation score increased.  Saving model ...
2025-06-13 21:28:17,134 - {'epoch': 123, 'rec_loss': '5.5330'}
2025-06-13 21:28:21,827 - {'Epoch': 123, 'HR@5': '0.1470', 'NDCG@5': '0.0943', 'HR@10': '0.2304', 'NDCG@10': '0.1212', 'HR@20': '0.3275', 'NDCG@20': '0.1456'}
2025-06-13 21:28:21,830 - EarlyStopping counter: 1 out of 10
2025-06-13 21:28:34,131 - {'epoch': 124, 'rec_loss': '5.5344'}
2025-06-13 21:28:38,897 - {'Epoch': 124, 'HR@5': '0.1474', 'NDCG@5': '0.0937', 'HR@10': '0.2308', 'NDCG@10': '0.1205', 'HR@20': '0.3274', 'NDCG@20': '0.1449'}
2025-06-13 21:28:38,899 - EarlyStopping counter: 2 out of 10
2025-06-13 21:28:51,154 - {'epoch': 125, 'rec_loss': '5.5278'}
2025-06-13 21:28:55,784 - {'Epoch': 125, 'HR@5': '0.1476', 'NDCG@5': '0.0940', 'HR@10': '0.2296', 'NDCG@10': '0.1203', 'HR@20': '0.3284', 'NDCG@20': '0.1453'}
2025-06-13 21:28:55,786 - EarlyStopping counter: 3 out of 10
2025-06-13 21:29:08,006 - {'epoch': 126, 'rec_loss': '5.5276'}
2025-06-13 21:29:12,611 - {'Epoch': 126, 'HR@5': '0.1482', 'NDCG@5': '0.0952', 'HR@10': '0.2310', 'NDCG@10': '0.1219', 'HR@20': '0.3282', 'NDCG@20': '0.1464'}
2025-06-13 21:29:12,612 - Validation score increased.  Saving model ...
2025-06-13 21:29:24,821 - {'epoch': 127, 'rec_loss': '5.5220'}
2025-06-13 21:29:29,447 - {'Epoch': 127, 'HR@5': '0.1472', 'NDCG@5': '0.0951', 'HR@10': '0.2317', 'NDCG@10': '0.1223', 'HR@20': '0.3269', 'NDCG@20': '0.1463'}
2025-06-13 21:29:29,448 - EarlyStopping counter: 1 out of 10
2025-06-13 21:29:41,662 - {'epoch': 128, 'rec_loss': '5.5250'}
2025-06-13 21:29:46,338 - {'Epoch': 128, 'HR@5': '0.1490', 'NDCG@5': '0.0946', 'HR@10': '0.2323', 'NDCG@10': '0.1215', 'HR@20': '0.3287', 'NDCG@20': '0.1457'}
2025-06-13 21:29:46,339 - EarlyStopping counter: 2 out of 10
2025-06-13 21:29:58,568 - {'epoch': 129, 'rec_loss': '5.5310'}
2025-06-13 21:30:03,263 - {'Epoch': 129, 'HR@5': '0.1478', 'NDCG@5': '0.0953', 'HR@10': '0.2307', 'NDCG@10': '0.1220', 'HR@20': '0.3249', 'NDCG@20': '0.1457'}
2025-06-13 21:30:03,266 - EarlyStopping counter: 3 out of 10
2025-06-13 21:30:15,462 - {'epoch': 130, 'rec_loss': '5.5192'}
2025-06-13 21:30:20,084 - {'Epoch': 130, 'HR@5': '0.1493', 'NDCG@5': '0.0956', 'HR@10': '0.2317', 'NDCG@10': '0.1221', 'HR@20': '0.3261', 'NDCG@20': '0.1459'}
2025-06-13 21:30:20,086 - EarlyStopping counter: 4 out of 10
2025-06-13 21:30:32,281 - {'epoch': 131, 'rec_loss': '5.5172'}
2025-06-13 21:30:36,923 - {'Epoch': 131, 'HR@5': '0.1500', 'NDCG@5': '0.0962', 'HR@10': '0.2327', 'NDCG@10': '0.1229', 'HR@20': '0.3286', 'NDCG@20': '0.1471'}
2025-06-13 21:30:36,924 - Validation score increased.  Saving model ...
2025-06-13 21:30:49,143 - {'epoch': 132, 'rec_loss': '5.5111'}
2025-06-13 21:30:53,820 - {'Epoch': 132, 'HR@5': '0.1484', 'NDCG@5': '0.0941', 'HR@10': '0.2321', 'NDCG@10': '0.1212', 'HR@20': '0.3287', 'NDCG@20': '0.1456'}
2025-06-13 21:30:53,821 - EarlyStopping counter: 1 out of 10
2025-06-13 21:31:06,019 - {'epoch': 133, 'rec_loss': '5.5114'}
2025-06-13 21:31:10,707 - {'Epoch': 133, 'HR@5': '0.1510', 'NDCG@5': '0.0950', 'HR@10': '0.2325', 'NDCG@10': '0.1213', 'HR@20': '0.3276', 'NDCG@20': '0.1453'}
2025-06-13 21:31:10,711 - EarlyStopping counter: 2 out of 10
2025-06-13 21:31:22,953 - {'epoch': 134, 'rec_loss': '5.4954'}
2025-06-13 21:31:27,576 - {'Epoch': 134, 'HR@5': '0.1487', 'NDCG@5': '0.0950', 'HR@10': '0.2339', 'NDCG@10': '0.1224', 'HR@20': '0.3287', 'NDCG@20': '0.1463'}
2025-06-13 21:31:27,577 - EarlyStopping counter: 3 out of 10
2025-06-13 21:31:39,823 - {'epoch': 135, 'rec_loss': '5.4970'}
2025-06-13 21:31:44,341 - {'Epoch': 135, 'HR@5': '0.1488', 'NDCG@5': '0.0961', 'HR@10': '0.2316', 'NDCG@10': '0.1227', 'HR@20': '0.3292', 'NDCG@20': '0.1474'}
2025-06-13 21:31:44,342 - Validation score increased.  Saving model ...
2025-06-13 21:31:56,560 - {'epoch': 136, 'rec_loss': '5.5048'}
2025-06-13 21:32:01,241 - {'Epoch': 136, 'HR@5': '0.1456', 'NDCG@5': '0.0931', 'HR@10': '0.2286', 'NDCG@10': '0.1198', 'HR@20': '0.3289', 'NDCG@20': '0.1452'}
2025-06-13 21:32:01,242 - EarlyStopping counter: 1 out of 10
2025-06-13 21:32:13,435 - {'epoch': 137, 'rec_loss': '5.4944'}
2025-06-13 21:32:18,088 - {'Epoch': 137, 'HR@5': '0.1511', 'NDCG@5': '0.0967', 'HR@10': '0.2335', 'NDCG@10': '0.1233', 'HR@20': '0.3323', 'NDCG@20': '0.1482'}
2025-06-13 21:32:18,090 - Validation score increased.  Saving model ...
2025-06-13 21:32:30,335 - {'epoch': 138, 'rec_loss': '5.4890'}
2025-06-13 21:32:34,898 - {'Epoch': 138, 'HR@5': '0.1484', 'NDCG@5': '0.0954', 'HR@10': '0.2322', 'NDCG@10': '0.1223', 'HR@20': '0.3295', 'NDCG@20': '0.1469'}
2025-06-13 21:32:34,899 - EarlyStopping counter: 1 out of 10
2025-06-13 21:32:47,034 - {'epoch': 139, 'rec_loss': '5.4831'}
2025-06-13 21:32:51,694 - {'Epoch': 139, 'HR@5': '0.1484', 'NDCG@5': '0.0946', 'HR@10': '0.2315', 'NDCG@10': '0.1214', 'HR@20': '0.3286', 'NDCG@20': '0.1458'}
2025-06-13 21:32:51,694 - EarlyStopping counter: 2 out of 10
2025-06-13 21:33:03,977 - {'epoch': 140, 'rec_loss': '5.4818'}
2025-06-13 21:33:08,534 - {'Epoch': 140, 'HR@5': '0.1462', 'NDCG@5': '0.0942', 'HR@10': '0.2281', 'NDCG@10': '0.1206', 'HR@20': '0.3270', 'NDCG@20': '0.1455'}
2025-06-13 21:33:08,536 - EarlyStopping counter: 3 out of 10
2025-06-13 21:33:20,712 - {'epoch': 141, 'rec_loss': '5.4917'}
2025-06-13 21:33:25,288 - {'Epoch': 141, 'HR@5': '0.1478', 'NDCG@5': '0.0943', 'HR@10': '0.2302', 'NDCG@10': '0.1209', 'HR@20': '0.3294', 'NDCG@20': '0.1459'}
2025-06-13 21:33:25,289 - EarlyStopping counter: 4 out of 10
2025-06-13 21:33:37,611 - {'epoch': 142, 'rec_loss': '5.4963'}
2025-06-13 21:33:42,202 - {'Epoch': 142, 'HR@5': '0.1475', 'NDCG@5': '0.0947', 'HR@10': '0.2291', 'NDCG@10': '0.1211', 'HR@20': '0.3286', 'NDCG@20': '0.1462'}
2025-06-13 21:33:42,205 - EarlyStopping counter: 5 out of 10
2025-06-13 21:33:54,358 - {'epoch': 143, 'rec_loss': '5.4841'}
2025-06-13 21:33:58,879 - {'Epoch': 143, 'HR@5': '0.1462', 'NDCG@5': '0.0947', 'HR@10': '0.2296', 'NDCG@10': '0.1216', 'HR@20': '0.3284', 'NDCG@20': '0.1466'}
2025-06-13 21:33:58,881 - EarlyStopping counter: 6 out of 10
2025-06-13 21:34:10,978 - {'epoch': 144, 'rec_loss': '5.4903'}
2025-06-13 21:34:15,580 - {'Epoch': 144, 'HR@5': '0.1462', 'NDCG@5': '0.0945', 'HR@10': '0.2310', 'NDCG@10': '0.1219', 'HR@20': '0.3301', 'NDCG@20': '0.1468'}
2025-06-13 21:34:15,581 - EarlyStopping counter: 7 out of 10
2025-06-13 21:34:27,771 - {'epoch': 145, 'rec_loss': '5.4801'}
2025-06-13 21:34:32,462 - {'Epoch': 145, 'HR@5': '0.1528', 'NDCG@5': '0.0975', 'HR@10': '0.2320', 'NDCG@10': '0.1230', 'HR@20': '0.3315', 'NDCG@20': '0.1481'}
2025-06-13 21:34:32,464 - EarlyStopping counter: 8 out of 10
2025-06-13 21:34:44,612 - {'epoch': 146, 'rec_loss': '5.4696'}
2025-06-13 21:34:49,229 - {'Epoch': 146, 'HR@5': '0.1486', 'NDCG@5': '0.0952', 'HR@10': '0.2310', 'NDCG@10': '0.1218', 'HR@20': '0.3331', 'NDCG@20': '0.1476'}
2025-06-13 21:34:49,231 - EarlyStopping counter: 9 out of 10
2025-06-13 21:35:01,432 - {'epoch': 147, 'rec_loss': '5.4897'}
2025-06-13 21:35:06,000 - {'Epoch': 147, 'HR@5': '0.1473', 'NDCG@5': '0.0943', 'HR@10': '0.2315', 'NDCG@10': '0.1215', 'HR@20': '0.3284', 'NDCG@20': '0.1460'}
2025-06-13 21:35:06,001 - EarlyStopping counter: 10 out of 10
2025-06-13 21:35:06,001 - Early stopping
2025-06-13 21:35:06,001 - ---------------Validation Score---------------
2025-06-13 21:35:10,630 - {'Epoch': 0, 'HR@5': '0.1511', 'NDCG@5': '0.0967', 'HR@10': '0.2335', 'NDCG@10': '0.1233', 'HR@20': '0.3323', 'NDCG@20': '0.1482'}
2025-06-13 21:35:10,632 - BERT4Rec_Diginetica
2025-06-13 21:35:10,632 - {'Epoch': 0, 'HR@5': '0.1511', 'NDCG@5': '0.0967', 'HR@10': '0.2335', 'NDCG@10': '0.1233', 'HR@20': '0.3323', 'NDCG@20': '0.1482'}
