2025-06-13 20:39:52,536 - Namespace(data_dir='data/self_processed/', output_dir='hparam_search/', data_name='Diginetica', train_name='BERT4Rec_Diginetica', num_items=10, num_users=14829, lr=0.0005, batch_size=256, epochs=200, no_cuda=False, log_freq=1, patience=10, num_workers=4, seed=42, weight_decay=0.0, adam_beta1=0.9, adam_beta2=0.999, gpu_id='0', variance=5, model_type='BERT4Rec', max_seq_length=50, hidden_size=64, num_hidden_layers=2, hidden_act='gelu', num_attention_heads=1, attention_probs_dropout_prob=0.5, hidden_dropout_prob=0.5, initializer_range=0.02, mask_ratio=0.6, cuda_condition=True, data_file='data/self_processed/Diginetica.txt', item_size=9441, checkpoint_path=PosixPath('/gpfs/home3/scur2771/BSARec/BSARec/src/hparam_search/BERT4Rec_Diginetica/12362289_12/model.pt'), same_target_path='data/self_processed/Diginetica_same_target.npy')
2025-06-13 20:39:52,560 - BERT4RecModel(
  (item_embeddings): Embedding(9442, 64, padding_idx=0)
  (position_embeddings): Embedding(50, 64)
  (item_encoder): TransformerEncoder(
    (blocks): ModuleList(
      (0): TransformerBlock(
        (layer): MultiHeadAttention(
          (query): Linear(in_features=64, out_features=64, bias=True)
          (key): Linear(in_features=64, out_features=64, bias=True)
          (value): Linear(in_features=64, out_features=64, bias=True)
          (softmax): Softmax(dim=-1)
          (attn_dropout): Dropout(p=0.5, inplace=False)
          (dense): Linear(in_features=64, out_features=64, bias=True)
          (LayerNorm): LayerNorm((64,), eps=1e-12, elementwise_affine=True)
          (out_dropout): Dropout(p=0.5, inplace=False)
        )
        (feed_forward): FeedForward(
          (dense_1): Linear(in_features=64, out_features=256, bias=True)
          (dense_2): Linear(in_features=256, out_features=64, bias=True)
          (LayerNorm): LayerNorm()
          (dropout): Dropout(p=0.5, inplace=False)
        )
      )
      (1): TransformerBlock(
        (layer): MultiHeadAttention(
          (query): Linear(in_features=64, out_features=64, bias=True)
          (key): Linear(in_features=64, out_features=64, bias=True)
          (value): Linear(in_features=64, out_features=64, bias=True)
          (softmax): Softmax(dim=-1)
          (attn_dropout): Dropout(p=0.5, inplace=False)
          (dense): Linear(in_features=64, out_features=64, bias=True)
          (LayerNorm): LayerNorm((64,), eps=1e-12, elementwise_affine=True)
          (out_dropout): Dropout(p=0.5, inplace=False)
        )
        (feed_forward): FeedForward(
          (dense_1): Linear(in_features=64, out_features=256, bias=True)
          (dense_2): Linear(in_features=256, out_features=64, bias=True)
          (LayerNorm): LayerNorm()
          (dropout): Dropout(p=0.5, inplace=False)
        )
      )
    )
  )
  (LayerNorm): LayerNorm()
  (dropout): Dropout(p=0.5, inplace=False)
)
2025-06-13 20:39:54,901 - Total Parameters: 707584
2025-06-13 20:40:08,131 - {'epoch': 0, 'rec_loss': '8.9540'}
2025-06-13 20:40:13,295 - {'Epoch': 0, 'HR@5': '0.0031', 'NDCG@5': '0.0016', 'HR@10': '0.0047', 'NDCG@10': '0.0021', 'HR@20': '0.0082', 'NDCG@20': '0.0030'}
2025-06-13 20:40:13,297 - Validation score increased.  Saving model ...
2025-06-13 20:40:25,872 - {'epoch': 1, 'rec_loss': '8.7940'}
2025-06-13 20:40:30,842 - {'Epoch': 1, 'HR@5': '0.0030', 'NDCG@5': '0.0016', 'HR@10': '0.0056', 'NDCG@10': '0.0025', 'HR@20': '0.0092', 'NDCG@20': '0.0034'}
2025-06-13 20:40:30,843 - Validation score increased.  Saving model ...
2025-06-13 20:40:43,526 - {'epoch': 2, 'rec_loss': '8.7310'}
2025-06-13 20:40:48,547 - {'Epoch': 2, 'HR@5': '0.0037', 'NDCG@5': '0.0021', 'HR@10': '0.0065', 'NDCG@10': '0.0030', 'HR@20': '0.0111', 'NDCG@20': '0.0042'}
2025-06-13 20:40:48,549 - Validation score increased.  Saving model ...
2025-06-13 20:41:01,123 - {'epoch': 3, 'rec_loss': '8.6352'}
2025-06-13 20:41:06,341 - {'Epoch': 3, 'HR@5': '0.0038', 'NDCG@5': '0.0023', 'HR@10': '0.0067', 'NDCG@10': '0.0032', 'HR@20': '0.0123', 'NDCG@20': '0.0046'}
2025-06-13 20:41:06,342 - Validation score increased.  Saving model ...
2025-06-13 20:41:18,793 - {'epoch': 4, 'rec_loss': '8.5420'}
2025-06-13 20:41:23,823 - {'Epoch': 4, 'HR@5': '0.0042', 'NDCG@5': '0.0026', 'HR@10': '0.0074', 'NDCG@10': '0.0036', 'HR@20': '0.0137', 'NDCG@20': '0.0051'}
2025-06-13 20:41:23,824 - Validation score increased.  Saving model ...
2025-06-13 20:41:36,376 - {'epoch': 5, 'rec_loss': '8.4537'}
2025-06-13 20:41:41,502 - {'Epoch': 5, 'HR@5': '0.0051', 'NDCG@5': '0.0032', 'HR@10': '0.0100', 'NDCG@10': '0.0047', 'HR@20': '0.0191', 'NDCG@20': '0.0070'}
2025-06-13 20:41:41,505 - Validation score increased.  Saving model ...
2025-06-13 20:41:53,977 - {'epoch': 6, 'rec_loss': '8.3391'}
2025-06-13 20:41:58,976 - {'Epoch': 6, 'HR@5': '0.0069', 'NDCG@5': '0.0043', 'HR@10': '0.0133', 'NDCG@10': '0.0064', 'HR@20': '0.0227', 'NDCG@20': '0.0088'}
2025-06-13 20:41:58,977 - Validation score increased.  Saving model ...
2025-06-13 20:42:11,572 - {'epoch': 7, 'rec_loss': '8.2474'}
2025-06-13 20:42:16,603 - {'Epoch': 7, 'HR@5': '0.0091', 'NDCG@5': '0.0054', 'HR@10': '0.0172', 'NDCG@10': '0.0080', 'HR@20': '0.0297', 'NDCG@20': '0.0111'}
2025-06-13 20:42:16,605 - Validation score increased.  Saving model ...
2025-06-13 20:42:29,141 - {'epoch': 8, 'rec_loss': '8.1601'}
2025-06-13 20:42:34,094 - {'Epoch': 8, 'HR@5': '0.0117', 'NDCG@5': '0.0072', 'HR@10': '0.0212', 'NDCG@10': '0.0103', 'HR@20': '0.0353', 'NDCG@20': '0.0138'}
2025-06-13 20:42:34,095 - Validation score increased.  Saving model ...
2025-06-13 20:42:46,512 - {'epoch': 9, 'rec_loss': '8.0799'}
2025-06-13 20:42:51,475 - {'Epoch': 9, 'HR@5': '0.0136', 'NDCG@5': '0.0085', 'HR@10': '0.0239', 'NDCG@10': '0.0118', 'HR@20': '0.0418', 'NDCG@20': '0.0162'}
2025-06-13 20:42:51,476 - Validation score increased.  Saving model ...
2025-06-13 20:43:04,066 - {'epoch': 10, 'rec_loss': '8.0027'}
2025-06-13 20:43:08,980 - {'Epoch': 10, 'HR@5': '0.0179', 'NDCG@5': '0.0110', 'HR@10': '0.0287', 'NDCG@10': '0.0145', 'HR@20': '0.0492', 'NDCG@20': '0.0196'}
2025-06-13 20:43:08,985 - Validation score increased.  Saving model ...
2025-06-13 20:43:21,518 - {'epoch': 11, 'rec_loss': '7.9274'}
2025-06-13 20:43:26,332 - {'Epoch': 11, 'HR@5': '0.0202', 'NDCG@5': '0.0129', 'HR@10': '0.0339', 'NDCG@10': '0.0173', 'HR@20': '0.0575', 'NDCG@20': '0.0232'}
2025-06-13 20:43:26,334 - Validation score increased.  Saving model ...
2025-06-13 20:43:38,946 - {'epoch': 12, 'rec_loss': '7.8627'}
2025-06-13 20:43:43,965 - {'Epoch': 12, 'HR@5': '0.0228', 'NDCG@5': '0.0141', 'HR@10': '0.0382', 'NDCG@10': '0.0191', 'HR@20': '0.0688', 'NDCG@20': '0.0268'}
2025-06-13 20:43:43,967 - Validation score increased.  Saving model ...
2025-06-13 20:43:56,493 - {'epoch': 13, 'rec_loss': '7.8079'}
2025-06-13 20:44:01,431 - {'Epoch': 13, 'HR@5': '0.0263', 'NDCG@5': '0.0161', 'HR@10': '0.0437', 'NDCG@10': '0.0217', 'HR@20': '0.0716', 'NDCG@20': '0.0286'}
2025-06-13 20:44:01,434 - Validation score increased.  Saving model ...
2025-06-13 20:44:13,859 - {'epoch': 14, 'rec_loss': '7.7445'}
2025-06-13 20:44:18,660 - {'Epoch': 14, 'HR@5': '0.0258', 'NDCG@5': '0.0159', 'HR@10': '0.0456', 'NDCG@10': '0.0222', 'HR@20': '0.0792', 'NDCG@20': '0.0306'}
2025-06-13 20:44:18,662 - Validation score increased.  Saving model ...
2025-06-13 20:44:31,153 - {'epoch': 15, 'rec_loss': '7.6877'}
2025-06-13 20:44:36,081 - {'Epoch': 15, 'HR@5': '0.0297', 'NDCG@5': '0.0179', 'HR@10': '0.0526', 'NDCG@10': '0.0253', 'HR@20': '0.0870', 'NDCG@20': '0.0338'}
2025-06-13 20:44:36,083 - Validation score increased.  Saving model ...
2025-06-13 20:44:48,617 - {'epoch': 16, 'rec_loss': '7.6358'}
2025-06-13 20:44:53,357 - {'Epoch': 16, 'HR@5': '0.0298', 'NDCG@5': '0.0183', 'HR@10': '0.0548', 'NDCG@10': '0.0264', 'HR@20': '0.0885', 'NDCG@20': '0.0348'}
2025-06-13 20:44:53,359 - Validation score increased.  Saving model ...
2025-06-13 20:45:05,884 - {'epoch': 17, 'rec_loss': '7.5883'}
2025-06-13 20:45:10,853 - {'Epoch': 17, 'HR@5': '0.0332', 'NDCG@5': '0.0201', 'HR@10': '0.0578', 'NDCG@10': '0.0280', 'HR@20': '0.0972', 'NDCG@20': '0.0379'}
2025-06-13 20:45:10,854 - Validation score increased.  Saving model ...
2025-06-13 20:45:23,413 - {'epoch': 18, 'rec_loss': '7.5483'}
2025-06-13 20:45:28,360 - {'Epoch': 18, 'HR@5': '0.0374', 'NDCG@5': '0.0234', 'HR@10': '0.0645', 'NDCG@10': '0.0321', 'HR@20': '0.1046', 'NDCG@20': '0.0421'}
2025-06-13 20:45:28,363 - Validation score increased.  Saving model ...
2025-06-13 20:45:40,865 - {'epoch': 19, 'rec_loss': '7.4908'}
2025-06-13 20:45:45,635 - {'Epoch': 19, 'HR@5': '0.0400', 'NDCG@5': '0.0247', 'HR@10': '0.0696', 'NDCG@10': '0.0342', 'HR@20': '0.1103', 'NDCG@20': '0.0444'}
2025-06-13 20:45:45,637 - Validation score increased.  Saving model ...
2025-06-13 20:45:58,148 - {'epoch': 20, 'rec_loss': '7.4521'}
2025-06-13 20:46:03,173 - {'Epoch': 20, 'HR@5': '0.0438', 'NDCG@5': '0.0277', 'HR@10': '0.0730', 'NDCG@10': '0.0370', 'HR@20': '0.1188', 'NDCG@20': '0.0485'}
2025-06-13 20:46:03,175 - Validation score increased.  Saving model ...
2025-06-13 20:46:15,699 - {'epoch': 21, 'rec_loss': '7.4083'}
2025-06-13 20:46:20,469 - {'Epoch': 21, 'HR@5': '0.0467', 'NDCG@5': '0.0281', 'HR@10': '0.0788', 'NDCG@10': '0.0384', 'HR@20': '0.1252', 'NDCG@20': '0.0500'}
2025-06-13 20:46:20,470 - Validation score increased.  Saving model ...
2025-06-13 20:46:32,923 - {'epoch': 22, 'rec_loss': '7.3708'}
2025-06-13 20:46:37,875 - {'Epoch': 22, 'HR@5': '0.0499', 'NDCG@5': '0.0310', 'HR@10': '0.0801', 'NDCG@10': '0.0407', 'HR@20': '0.1284', 'NDCG@20': '0.0528'}
2025-06-13 20:46:37,879 - Validation score increased.  Saving model ...
2025-06-13 20:46:50,523 - {'epoch': 23, 'rec_loss': '7.3392'}
2025-06-13 20:46:55,394 - {'Epoch': 23, 'HR@5': '0.0500', 'NDCG@5': '0.0315', 'HR@10': '0.0831', 'NDCG@10': '0.0421', 'HR@20': '0.1347', 'NDCG@20': '0.0552'}
2025-06-13 20:46:55,396 - Validation score increased.  Saving model ...
2025-06-13 20:47:07,833 - {'epoch': 24, 'rec_loss': '7.3052'}
2025-06-13 20:47:12,623 - {'Epoch': 24, 'HR@5': '0.0518', 'NDCG@5': '0.0322', 'HR@10': '0.0860', 'NDCG@10': '0.0432', 'HR@20': '0.1406', 'NDCG@20': '0.0569'}
2025-06-13 20:47:12,624 - Validation score increased.  Saving model ...
2025-06-13 20:47:25,178 - {'epoch': 25, 'rec_loss': '7.2672'}
2025-06-13 20:47:30,048 - {'Epoch': 25, 'HR@5': '0.0560', 'NDCG@5': '0.0347', 'HR@10': '0.0914', 'NDCG@10': '0.0461', 'HR@20': '0.1434', 'NDCG@20': '0.0591'}
2025-06-13 20:47:30,050 - Validation score increased.  Saving model ...
2025-06-13 20:47:42,505 - {'epoch': 26, 'rec_loss': '7.2360'}
2025-06-13 20:47:47,312 - {'Epoch': 26, 'HR@5': '0.0551', 'NDCG@5': '0.0343', 'HR@10': '0.0939', 'NDCG@10': '0.0468', 'HR@20': '0.1514', 'NDCG@20': '0.0612'}
2025-06-13 20:47:47,314 - Validation score increased.  Saving model ...
2025-06-13 20:47:59,776 - {'epoch': 27, 'rec_loss': '7.2030'}
2025-06-13 20:48:04,649 - {'Epoch': 27, 'HR@5': '0.0578', 'NDCG@5': '0.0363', 'HR@10': '0.0970', 'NDCG@10': '0.0488', 'HR@20': '0.1554', 'NDCG@20': '0.0635'}
2025-06-13 20:48:04,651 - Validation score increased.  Saving model ...
2025-06-13 20:48:17,161 - {'epoch': 28, 'rec_loss': '7.1612'}
2025-06-13 20:48:22,055 - {'Epoch': 28, 'HR@5': '0.0613', 'NDCG@5': '0.0379', 'HR@10': '0.1027', 'NDCG@10': '0.0512', 'HR@20': '0.1597', 'NDCG@20': '0.0656'}
2025-06-13 20:48:22,056 - Validation score increased.  Saving model ...
2025-06-13 20:48:34,604 - {'epoch': 29, 'rec_loss': '7.1311'}
2025-06-13 20:48:39,489 - {'Epoch': 29, 'HR@5': '0.0646', 'NDCG@5': '0.0401', 'HR@10': '0.1065', 'NDCG@10': '0.0535', 'HR@20': '0.1713', 'NDCG@20': '0.0698'}
2025-06-13 20:48:39,495 - Validation score increased.  Saving model ...
2025-06-13 20:48:51,926 - {'epoch': 30, 'rec_loss': '7.0849'}
2025-06-13 20:48:56,840 - {'Epoch': 30, 'HR@5': '0.0664', 'NDCG@5': '0.0420', 'HR@10': '0.1096', 'NDCG@10': '0.0560', 'HR@20': '0.1730', 'NDCG@20': '0.0719'}
2025-06-13 20:48:56,841 - Validation score increased.  Saving model ...
2025-06-13 20:49:09,392 - {'epoch': 31, 'rec_loss': '7.0629'}
2025-06-13 20:49:14,377 - {'Epoch': 31, 'HR@5': '0.0691', 'NDCG@5': '0.0428', 'HR@10': '0.1132', 'NDCG@10': '0.0569', 'HR@20': '0.1802', 'NDCG@20': '0.0737'}
2025-06-13 20:49:14,382 - Validation score increased.  Saving model ...
2025-06-13 20:49:26,904 - {'epoch': 32, 'rec_loss': '7.0347'}
2025-06-13 20:49:31,779 - {'Epoch': 32, 'HR@5': '0.0702', 'NDCG@5': '0.0440', 'HR@10': '0.1146', 'NDCG@10': '0.0583', 'HR@20': '0.1855', 'NDCG@20': '0.0762'}
2025-06-13 20:49:31,781 - Validation score increased.  Saving model ...
2025-06-13 20:49:44,318 - {'epoch': 33, 'rec_loss': '7.0082'}
2025-06-13 20:49:49,183 - {'Epoch': 33, 'HR@5': '0.0709', 'NDCG@5': '0.0443', 'HR@10': '0.1185', 'NDCG@10': '0.0596', 'HR@20': '0.1913', 'NDCG@20': '0.0778'}
2025-06-13 20:49:49,183 - Validation score increased.  Saving model ...
2025-06-13 20:50:01,722 - {'epoch': 34, 'rec_loss': '6.9701'}
2025-06-13 20:50:06,498 - {'Epoch': 34, 'HR@5': '0.0746', 'NDCG@5': '0.0473', 'HR@10': '0.1249', 'NDCG@10': '0.0635', 'HR@20': '0.1975', 'NDCG@20': '0.0817'}
2025-06-13 20:50:06,503 - Validation score increased.  Saving model ...
2025-06-13 20:50:19,007 - {'epoch': 35, 'rec_loss': '6.9529'}
2025-06-13 20:50:23,850 - {'Epoch': 35, 'HR@5': '0.0771', 'NDCG@5': '0.0485', 'HR@10': '0.1280', 'NDCG@10': '0.0649', 'HR@20': '0.2012', 'NDCG@20': '0.0833'}
2025-06-13 20:50:23,851 - Validation score increased.  Saving model ...
2025-06-13 20:50:36,427 - {'epoch': 36, 'rec_loss': '6.9214'}
2025-06-13 20:50:41,349 - {'Epoch': 36, 'HR@5': '0.0781', 'NDCG@5': '0.0490', 'HR@10': '0.1276', 'NDCG@10': '0.0649', 'HR@20': '0.2043', 'NDCG@20': '0.0842'}
2025-06-13 20:50:41,350 - Validation score increased.  Saving model ...
2025-06-13 20:50:53,836 - {'epoch': 37, 'rec_loss': '6.9047'}
2025-06-13 20:50:58,711 - {'Epoch': 37, 'HR@5': '0.0798', 'NDCG@5': '0.0496', 'HR@10': '0.1316', 'NDCG@10': '0.0662', 'HR@20': '0.2048', 'NDCG@20': '0.0846'}
2025-06-13 20:50:58,712 - Validation score increased.  Saving model ...
2025-06-13 20:51:11,250 - {'epoch': 38, 'rec_loss': '6.8851'}
2025-06-13 20:51:16,132 - {'Epoch': 38, 'HR@5': '0.0810', 'NDCG@5': '0.0520', 'HR@10': '0.1345', 'NDCG@10': '0.0691', 'HR@20': '0.2107', 'NDCG@20': '0.0881'}
2025-06-13 20:51:16,133 - Validation score increased.  Saving model ...
2025-06-13 20:51:28,717 - {'epoch': 39, 'rec_loss': '6.8531'}
2025-06-13 20:51:33,526 - {'Epoch': 39, 'HR@5': '0.0830', 'NDCG@5': '0.0517', 'HR@10': '0.1330', 'NDCG@10': '0.0677', 'HR@20': '0.2136', 'NDCG@20': '0.0880'}
2025-06-13 20:51:33,531 - EarlyStopping counter: 1 out of 10
2025-06-13 20:51:46,029 - {'epoch': 40, 'rec_loss': '6.8424'}
2025-06-13 20:51:50,970 - {'Epoch': 40, 'HR@5': '0.0853', 'NDCG@5': '0.0541', 'HR@10': '0.1368', 'NDCG@10': '0.0707', 'HR@20': '0.2170', 'NDCG@20': '0.0908'}
2025-06-13 20:51:50,970 - Validation score increased.  Saving model ...
2025-06-13 20:52:03,573 - {'epoch': 41, 'rec_loss': '6.8174'}
2025-06-13 20:52:08,561 - {'Epoch': 41, 'HR@5': '0.0825', 'NDCG@5': '0.0520', 'HR@10': '0.1408', 'NDCG@10': '0.0707', 'HR@20': '0.2224', 'NDCG@20': '0.0912'}
2025-06-13 20:52:08,564 - Validation score increased.  Saving model ...
2025-06-13 20:52:21,023 - {'epoch': 42, 'rec_loss': '6.8106'}
2025-06-13 20:52:25,954 - {'Epoch': 42, 'HR@5': '0.0851', 'NDCG@5': '0.0537', 'HR@10': '0.1405', 'NDCG@10': '0.0714', 'HR@20': '0.2264', 'NDCG@20': '0.0931'}
2025-06-13 20:52:25,955 - Validation score increased.  Saving model ...
2025-06-13 20:52:38,481 - {'epoch': 43, 'rec_loss': '6.7796'}
2025-06-13 20:52:43,364 - {'Epoch': 43, 'HR@5': '0.0933', 'NDCG@5': '0.0583', 'HR@10': '0.1476', 'NDCG@10': '0.0757', 'HR@20': '0.2310', 'NDCG@20': '0.0966'}
2025-06-13 20:52:43,367 - Validation score increased.  Saving model ...
2025-06-13 20:52:55,960 - {'epoch': 44, 'rec_loss': '6.7644'}
2025-06-13 20:53:00,749 - {'Epoch': 44, 'HR@5': '0.0889', 'NDCG@5': '0.0562', 'HR@10': '0.1476', 'NDCG@10': '0.0750', 'HR@20': '0.2355', 'NDCG@20': '0.0972'}
2025-06-13 20:53:00,751 - Validation score increased.  Saving model ...
2025-06-13 20:53:13,211 - {'epoch': 45, 'rec_loss': '6.7545'}
2025-06-13 20:53:18,095 - {'Epoch': 45, 'HR@5': '0.0923', 'NDCG@5': '0.0574', 'HR@10': '0.1511', 'NDCG@10': '0.0763', 'HR@20': '0.2351', 'NDCG@20': '0.0973'}
2025-06-13 20:53:18,096 - Validation score increased.  Saving model ...
2025-06-13 20:53:30,597 - {'epoch': 46, 'rec_loss': '6.7304'}
2025-06-13 20:53:35,564 - {'Epoch': 46, 'HR@5': '0.0931', 'NDCG@5': '0.0578', 'HR@10': '0.1516', 'NDCG@10': '0.0766', 'HR@20': '0.2379', 'NDCG@20': '0.0982'}
2025-06-13 20:53:35,571 - Validation score increased.  Saving model ...
2025-06-13 20:53:47,929 - {'epoch': 47, 'rec_loss': '6.7098'}
2025-06-13 20:53:52,833 - {'Epoch': 47, 'HR@5': '0.0925', 'NDCG@5': '0.0583', 'HR@10': '0.1511', 'NDCG@10': '0.0772', 'HR@20': '0.2403', 'NDCG@20': '0.0997'}
2025-06-13 20:53:52,835 - Validation score increased.  Saving model ...
2025-06-13 20:54:05,437 - {'epoch': 48, 'rec_loss': '6.7119'}
2025-06-13 20:54:10,306 - {'Epoch': 48, 'HR@5': '0.0925', 'NDCG@5': '0.0587', 'HR@10': '0.1561', 'NDCG@10': '0.0790', 'HR@20': '0.2459', 'NDCG@20': '0.1017'}
2025-06-13 20:54:10,308 - Validation score increased.  Saving model ...
2025-06-13 20:54:22,918 - {'epoch': 49, 'rec_loss': '6.6865'}
2025-06-13 20:54:27,754 - {'Epoch': 49, 'HR@5': '0.0943', 'NDCG@5': '0.0594', 'HR@10': '0.1577', 'NDCG@10': '0.0797', 'HR@20': '0.2460', 'NDCG@20': '0.1019'}
2025-06-13 20:54:27,755 - Validation score increased.  Saving model ...
2025-06-13 20:54:40,302 - {'epoch': 50, 'rec_loss': '6.6540'}
2025-06-13 20:54:45,172 - {'Epoch': 50, 'HR@5': '0.0975', 'NDCG@5': '0.0611', 'HR@10': '0.1613', 'NDCG@10': '0.0816', 'HR@20': '0.2485', 'NDCG@20': '0.1036'}
2025-06-13 20:54:45,179 - Validation score increased.  Saving model ...
2025-06-13 20:54:57,748 - {'epoch': 51, 'rec_loss': '6.6621'}
2025-06-13 20:55:02,584 - {'Epoch': 51, 'HR@5': '0.0977', 'NDCG@5': '0.0621', 'HR@10': '0.1618', 'NDCG@10': '0.0826', 'HR@20': '0.2539', 'NDCG@20': '0.1057'}
2025-06-13 20:55:02,585 - Validation score increased.  Saving model ...
2025-06-13 20:55:15,078 - {'epoch': 52, 'rec_loss': '6.6393'}
2025-06-13 20:55:19,982 - {'Epoch': 52, 'HR@5': '0.0981', 'NDCG@5': '0.0620', 'HR@10': '0.1652', 'NDCG@10': '0.0835', 'HR@20': '0.2546', 'NDCG@20': '0.1060'}
2025-06-13 20:55:19,983 - Validation score increased.  Saving model ...
2025-06-13 20:55:32,579 - {'epoch': 53, 'rec_loss': '6.6220'}
2025-06-13 20:55:37,495 - {'Epoch': 53, 'HR@5': '0.1014', 'NDCG@5': '0.0637', 'HR@10': '0.1695', 'NDCG@10': '0.0856', 'HR@20': '0.2590', 'NDCG@20': '0.1081'}
2025-06-13 20:55:37,496 - Validation score increased.  Saving model ...
2025-06-13 20:55:50,036 - {'epoch': 54, 'rec_loss': '6.6115'}
2025-06-13 20:55:54,873 - {'Epoch': 54, 'HR@5': '0.1039', 'NDCG@5': '0.0660', 'HR@10': '0.1690', 'NDCG@10': '0.0869', 'HR@20': '0.2582', 'NDCG@20': '0.1093'}
2025-06-13 20:55:54,874 - Validation score increased.  Saving model ...
2025-06-13 20:56:07,330 - {'epoch': 55, 'rec_loss': '6.5968'}
2025-06-13 20:56:12,170 - {'Epoch': 55, 'HR@5': '0.1068', 'NDCG@5': '0.0669', 'HR@10': '0.1706', 'NDCG@10': '0.0874', 'HR@20': '0.2616', 'NDCG@20': '0.1103'}
2025-06-13 20:56:12,172 - Validation score increased.  Saving model ...
2025-06-13 20:56:24,782 - {'epoch': 56, 'rec_loss': '6.5863'}
2025-06-13 20:56:29,595 - {'Epoch': 56, 'HR@5': '0.1041', 'NDCG@5': '0.0655', 'HR@10': '0.1701', 'NDCG@10': '0.0868', 'HR@20': '0.2623', 'NDCG@20': '0.1100'}
2025-06-13 20:56:29,596 - EarlyStopping counter: 1 out of 10
2025-06-13 20:56:42,026 - {'epoch': 57, 'rec_loss': '6.5759'}
2025-06-13 20:56:47,012 - {'Epoch': 57, 'HR@5': '0.1075', 'NDCG@5': '0.0680', 'HR@10': '0.1722', 'NDCG@10': '0.0888', 'HR@20': '0.2619', 'NDCG@20': '0.1114'}
2025-06-13 20:56:47,013 - Validation score increased.  Saving model ...
2025-06-13 20:56:59,611 - {'epoch': 58, 'rec_loss': '6.5750'}
2025-06-13 20:57:04,517 - {'Epoch': 58, 'HR@5': '0.1070', 'NDCG@5': '0.0676', 'HR@10': '0.1749', 'NDCG@10': '0.0895', 'HR@20': '0.2672', 'NDCG@20': '0.1127'}
2025-06-13 20:57:04,520 - Validation score increased.  Saving model ...
2025-06-13 20:57:17,037 - {'epoch': 59, 'rec_loss': '6.5535'}
2025-06-13 20:57:22,036 - {'Epoch': 59, 'HR@5': '0.1086', 'NDCG@5': '0.0677', 'HR@10': '0.1738', 'NDCG@10': '0.0885', 'HR@20': '0.2656', 'NDCG@20': '0.1117'}
2025-06-13 20:57:22,037 - EarlyStopping counter: 1 out of 10
2025-06-13 20:57:34,461 - {'epoch': 60, 'rec_loss': '6.5270'}
2025-06-13 20:57:39,351 - {'Epoch': 60, 'HR@5': '0.1073', 'NDCG@5': '0.0680', 'HR@10': '0.1768', 'NDCG@10': '0.0902', 'HR@20': '0.2710', 'NDCG@20': '0.1139'}
2025-06-13 20:57:39,357 - Validation score increased.  Saving model ...
2025-06-13 20:57:51,906 - {'epoch': 61, 'rec_loss': '6.5218'}
2025-06-13 20:57:56,712 - {'Epoch': 61, 'HR@5': '0.1101', 'NDCG@5': '0.0695', 'HR@10': '0.1792', 'NDCG@10': '0.0917', 'HR@20': '0.2758', 'NDCG@20': '0.1161'}
2025-06-13 20:57:56,714 - Validation score increased.  Saving model ...
2025-06-13 20:58:09,316 - {'epoch': 62, 'rec_loss': '6.5075'}
2025-06-13 20:58:14,304 - {'Epoch': 62, 'HR@5': '0.1126', 'NDCG@5': '0.0712', 'HR@10': '0.1789', 'NDCG@10': '0.0925', 'HR@20': '0.2743', 'NDCG@20': '0.1165'}
2025-06-13 20:58:14,306 - Validation score increased.  Saving model ...
2025-06-13 20:58:26,937 - {'epoch': 63, 'rec_loss': '6.4970'}
2025-06-13 20:58:31,834 - {'Epoch': 63, 'HR@5': '0.1112', 'NDCG@5': '0.0712', 'HR@10': '0.1813', 'NDCG@10': '0.0938', 'HR@20': '0.2784', 'NDCG@20': '0.1182'}
2025-06-13 20:58:31,835 - Validation score increased.  Saving model ...
2025-06-13 20:58:44,349 - {'epoch': 64, 'rec_loss': '6.4849'}
2025-06-13 20:58:49,182 - {'Epoch': 64, 'HR@5': '0.1112', 'NDCG@5': '0.0701', 'HR@10': '0.1817', 'NDCG@10': '0.0926', 'HR@20': '0.2782', 'NDCG@20': '0.1169'}
2025-06-13 20:58:49,187 - EarlyStopping counter: 1 out of 10
2025-06-13 20:59:01,677 - {'epoch': 65, 'rec_loss': '6.4842'}
2025-06-13 20:59:06,559 - {'Epoch': 65, 'HR@5': '0.1096', 'NDCG@5': '0.0707', 'HR@10': '0.1820', 'NDCG@10': '0.0940', 'HR@20': '0.2776', 'NDCG@20': '0.1181'}
2025-06-13 20:59:06,560 - EarlyStopping counter: 2 out of 10
2025-06-13 20:59:19,022 - {'epoch': 66, 'rec_loss': '6.4690'}
2025-06-13 20:59:23,814 - {'Epoch': 66, 'HR@5': '0.1121', 'NDCG@5': '0.0704', 'HR@10': '0.1834', 'NDCG@10': '0.0933', 'HR@20': '0.2809', 'NDCG@20': '0.1178'}
2025-06-13 20:59:23,819 - EarlyStopping counter: 3 out of 10
2025-06-13 20:59:36,289 - {'epoch': 67, 'rec_loss': '6.4686'}
2025-06-13 20:59:41,111 - {'Epoch': 67, 'HR@5': '0.1136', 'NDCG@5': '0.0723', 'HR@10': '0.1851', 'NDCG@10': '0.0952', 'HR@20': '0.2839', 'NDCG@20': '0.1202'}
2025-06-13 20:59:41,113 - Validation score increased.  Saving model ...
2025-06-13 20:59:53,776 - {'epoch': 68, 'rec_loss': '6.4496'}
2025-06-13 20:59:58,739 - {'Epoch': 68, 'HR@5': '0.1124', 'NDCG@5': '0.0722', 'HR@10': '0.1874', 'NDCG@10': '0.0962', 'HR@20': '0.2885', 'NDCG@20': '0.1217'}
2025-06-13 20:59:58,740 - Validation score increased.  Saving model ...
2025-06-13 21:00:11,289 - {'epoch': 69, 'rec_loss': '6.4316'}
2025-06-13 21:00:16,225 - {'Epoch': 69, 'HR@5': '0.1170', 'NDCG@5': '0.0744', 'HR@10': '0.1894', 'NDCG@10': '0.0976', 'HR@20': '0.2865', 'NDCG@20': '0.1221'}
2025-06-13 21:00:16,229 - Validation score increased.  Saving model ...
2025-06-13 21:00:28,742 - {'epoch': 70, 'rec_loss': '6.4374'}
2025-06-13 21:00:33,674 - {'Epoch': 70, 'HR@5': '0.1161', 'NDCG@5': '0.0739', 'HR@10': '0.1878', 'NDCG@10': '0.0969', 'HR@20': '0.2884', 'NDCG@20': '0.1223'}
2025-06-13 21:00:33,676 - Validation score increased.  Saving model ...
2025-06-13 21:00:46,128 - {'epoch': 71, 'rec_loss': '6.4255'}
2025-06-13 21:00:50,858 - {'Epoch': 71, 'HR@5': '0.1173', 'NDCG@5': '0.0744', 'HR@10': '0.1902', 'NDCG@10': '0.0978', 'HR@20': '0.2874', 'NDCG@20': '0.1223'}
2025-06-13 21:00:50,860 - Validation score increased.  Saving model ...
2025-06-13 21:01:03,395 - {'epoch': 72, 'rec_loss': '6.4306'}
2025-06-13 21:01:08,300 - {'Epoch': 72, 'HR@5': '0.1209', 'NDCG@5': '0.0778', 'HR@10': '0.1929', 'NDCG@10': '0.1009', 'HR@20': '0.2904', 'NDCG@20': '0.1255'}
2025-06-13 21:01:08,303 - Validation score increased.  Saving model ...
2025-06-13 21:01:20,890 - {'epoch': 73, 'rec_loss': '6.4188'}
2025-06-13 21:01:25,852 - {'Epoch': 73, 'HR@5': '0.1189', 'NDCG@5': '0.0760', 'HR@10': '0.1941', 'NDCG@10': '0.1002', 'HR@20': '0.2898', 'NDCG@20': '0.1243'}
2025-06-13 21:01:25,853 - EarlyStopping counter: 1 out of 10
2025-06-13 21:01:38,361 - {'epoch': 74, 'rec_loss': '6.3962'}
2025-06-13 21:01:43,295 - {'Epoch': 74, 'HR@5': '0.1191', 'NDCG@5': '0.0753', 'HR@10': '0.1971', 'NDCG@10': '0.1003', 'HR@20': '0.2925', 'NDCG@20': '0.1244'}
2025-06-13 21:01:43,297 - EarlyStopping counter: 2 out of 10
2025-06-13 21:01:55,809 - {'epoch': 75, 'rec_loss': '6.4052'}
2025-06-13 21:02:00,708 - {'Epoch': 75, 'HR@5': '0.1211', 'NDCG@5': '0.0770', 'HR@10': '0.1945', 'NDCG@10': '0.1005', 'HR@20': '0.2917', 'NDCG@20': '0.1251'}
2025-06-13 21:02:00,709 - EarlyStopping counter: 3 out of 10
2025-06-13 21:02:13,173 - {'epoch': 76, 'rec_loss': '6.3972'}
2025-06-13 21:02:17,892 - {'Epoch': 76, 'HR@5': '0.1223', 'NDCG@5': '0.0784', 'HR@10': '0.1958', 'NDCG@10': '0.1020', 'HR@20': '0.2945', 'NDCG@20': '0.1270'}
2025-06-13 21:02:17,896 - Validation score increased.  Saving model ...
2025-06-13 21:02:30,389 - {'epoch': 77, 'rec_loss': '6.4004'}
2025-06-13 21:02:35,269 - {'Epoch': 77, 'HR@5': '0.1241', 'NDCG@5': '0.0791', 'HR@10': '0.1959', 'NDCG@10': '0.1021', 'HR@20': '0.2946', 'NDCG@20': '0.1270'}
2025-06-13 21:02:35,270 - Validation score increased.  Saving model ...
2025-06-13 21:02:47,791 - {'epoch': 78, 'rec_loss': '6.3804'}
2025-06-13 21:02:52,771 - {'Epoch': 78, 'HR@5': '0.1190', 'NDCG@5': '0.0763', 'HR@10': '0.1950', 'NDCG@10': '0.1007', 'HR@20': '0.2924', 'NDCG@20': '0.1253'}
2025-06-13 21:02:52,777 - EarlyStopping counter: 1 out of 10
2025-06-13 21:03:05,349 - {'epoch': 79, 'rec_loss': '6.3643'}
2025-06-13 21:03:10,224 - {'Epoch': 79, 'HR@5': '0.1227', 'NDCG@5': '0.0770', 'HR@10': '0.1983', 'NDCG@10': '0.1012', 'HR@20': '0.2944', 'NDCG@20': '0.1254'}
2025-06-13 21:03:10,225 - EarlyStopping counter: 2 out of 10
2025-06-13 21:03:22,677 - {'epoch': 80, 'rec_loss': '6.3848'}
2025-06-13 21:03:27,562 - {'Epoch': 80, 'HR@5': '0.1234', 'NDCG@5': '0.0777', 'HR@10': '0.1994', 'NDCG@10': '0.1022', 'HR@20': '0.2959', 'NDCG@20': '0.1266'}
2025-06-13 21:03:27,563 - EarlyStopping counter: 3 out of 10
2025-06-13 21:03:40,045 - {'epoch': 81, 'rec_loss': '6.3638'}
2025-06-13 21:03:44,848 - {'Epoch': 81, 'HR@5': '0.1247', 'NDCG@5': '0.0795', 'HR@10': '0.1997', 'NDCG@10': '0.1037', 'HR@20': '0.2972', 'NDCG@20': '0.1282'}
2025-06-13 21:03:44,849 - Validation score increased.  Saving model ...
2025-06-13 21:03:57,420 - {'epoch': 82, 'rec_loss': '6.3647'}
2025-06-13 21:04:02,309 - {'Epoch': 82, 'HR@5': '0.1244', 'NDCG@5': '0.0780', 'HR@10': '0.2008', 'NDCG@10': '0.1026', 'HR@20': '0.2979', 'NDCG@20': '0.1270'}
2025-06-13 21:04:02,312 - EarlyStopping counter: 1 out of 10
2025-06-13 21:04:14,822 - {'epoch': 83, 'rec_loss': '6.3564'}
2025-06-13 21:04:19,763 - {'Epoch': 83, 'HR@5': '0.1273', 'NDCG@5': '0.0806', 'HR@10': '0.2005', 'NDCG@10': '0.1041', 'HR@20': '0.2968', 'NDCG@20': '0.1285'}
2025-06-13 21:04:19,765 - Validation score increased.  Saving model ...
2025-06-13 21:04:32,401 - {'epoch': 84, 'rec_loss': '6.3480'}
2025-06-13 21:04:37,348 - {'Epoch': 84, 'HR@5': '0.1231', 'NDCG@5': '0.0786', 'HR@10': '0.1998', 'NDCG@10': '0.1032', 'HR@20': '0.2948', 'NDCG@20': '0.1272'}
2025-06-13 21:04:37,350 - EarlyStopping counter: 1 out of 10
2025-06-13 21:04:49,764 - {'epoch': 85, 'rec_loss': '6.3364'}
2025-06-13 21:04:54,647 - {'Epoch': 85, 'HR@5': '0.1278', 'NDCG@5': '0.0822', 'HR@10': '0.2006', 'NDCG@10': '0.1055', 'HR@20': '0.2955', 'NDCG@20': '0.1295'}
2025-06-13 21:04:54,648 - Validation score increased.  Saving model ...
2025-06-13 21:05:07,164 - {'epoch': 86, 'rec_loss': '6.3429'}
2025-06-13 21:05:12,090 - {'Epoch': 86, 'HR@5': '0.1271', 'NDCG@5': '0.0807', 'HR@10': '0.2002', 'NDCG@10': '0.1042', 'HR@20': '0.3005', 'NDCG@20': '0.1295'}
2025-06-13 21:05:12,093 - Validation score increased.  Saving model ...
2025-06-13 21:05:24,691 - {'epoch': 87, 'rec_loss': '6.3272'}
2025-06-13 21:05:29,595 - {'Epoch': 87, 'HR@5': '0.1272', 'NDCG@5': '0.0806', 'HR@10': '0.2048', 'NDCG@10': '0.1056', 'HR@20': '0.2986', 'NDCG@20': '0.1292'}
2025-06-13 21:05:29,595 - EarlyStopping counter: 1 out of 10
2025-06-13 21:05:42,156 - {'epoch': 88, 'rec_loss': '6.3321'}
2025-06-13 21:05:47,053 - {'Epoch': 88, 'HR@5': '0.1265', 'NDCG@5': '0.0810', 'HR@10': '0.2019', 'NDCG@10': '0.1051', 'HR@20': '0.2988', 'NDCG@20': '0.1296'}
2025-06-13 21:05:47,054 - Validation score increased.  Saving model ...
2025-06-13 21:05:59,670 - {'epoch': 89, 'rec_loss': '6.3256'}
2025-06-13 21:06:04,695 - {'Epoch': 89, 'HR@5': '0.1291', 'NDCG@5': '0.0823', 'HR@10': '0.2062', 'NDCG@10': '0.1070', 'HR@20': '0.2997', 'NDCG@20': '0.1305'}
2025-06-13 21:06:04,696 - Validation score increased.  Saving model ...
2025-06-13 21:06:17,148 - {'epoch': 90, 'rec_loss': '6.3152'}
2025-06-13 21:06:22,153 - {'Epoch': 90, 'HR@5': '0.1284', 'NDCG@5': '0.0815', 'HR@10': '0.2061', 'NDCG@10': '0.1065', 'HR@20': '0.2990', 'NDCG@20': '0.1300'}
2025-06-13 21:06:22,154 - EarlyStopping counter: 1 out of 10
2025-06-13 21:06:34,654 - {'epoch': 91, 'rec_loss': '6.3362'}
2025-06-13 21:06:39,421 - {'Epoch': 91, 'HR@5': '0.1281', 'NDCG@5': '0.0823', 'HR@10': '0.2050', 'NDCG@10': '0.1070', 'HR@20': '0.2995', 'NDCG@20': '0.1308'}
2025-06-13 21:06:39,423 - Validation score increased.  Saving model ...
2025-06-13 21:06:51,965 - {'epoch': 92, 'rec_loss': '6.3112'}
2025-06-13 21:06:56,950 - {'Epoch': 92, 'HR@5': '0.1252', 'NDCG@5': '0.0797', 'HR@10': '0.2018', 'NDCG@10': '0.1044', 'HR@20': '0.3010', 'NDCG@20': '0.1294'}
2025-06-13 21:06:56,953 - EarlyStopping counter: 1 out of 10
2025-06-13 21:07:09,535 - {'epoch': 93, 'rec_loss': '6.2991'}
2025-06-13 21:07:14,527 - {'Epoch': 93, 'HR@5': '0.1263', 'NDCG@5': '0.0798', 'HR@10': '0.2014', 'NDCG@10': '0.1040', 'HR@20': '0.3020', 'NDCG@20': '0.1293'}
2025-06-13 21:07:14,529 - EarlyStopping counter: 2 out of 10
2025-06-13 21:07:27,136 - {'epoch': 94, 'rec_loss': '6.3015'}
2025-06-13 21:07:32,022 - {'Epoch': 94, 'HR@5': '0.1240', 'NDCG@5': '0.0805', 'HR@10': '0.2021', 'NDCG@10': '0.1056', 'HR@20': '0.3002', 'NDCG@20': '0.1304'}
2025-06-13 21:07:32,023 - EarlyStopping counter: 3 out of 10
2025-06-13 21:07:44,496 - {'epoch': 95, 'rec_loss': '6.3042'}
2025-06-13 21:07:49,442 - {'Epoch': 95, 'HR@5': '0.1309', 'NDCG@5': '0.0824', 'HR@10': '0.2075', 'NDCG@10': '0.1070', 'HR@20': '0.3027', 'NDCG@20': '0.1310'}
2025-06-13 21:07:49,444 - Validation score increased.  Saving model ...
2025-06-13 21:08:01,899 - {'epoch': 96, 'rec_loss': '6.2914'}
2025-06-13 21:08:06,616 - {'Epoch': 96, 'HR@5': '0.1270', 'NDCG@5': '0.0809', 'HR@10': '0.2065', 'NDCG@10': '0.1065', 'HR@20': '0.3044', 'NDCG@20': '0.1312'}
2025-06-13 21:08:06,616 - Validation score increased.  Saving model ...
2025-06-13 21:08:19,197 - {'epoch': 97, 'rec_loss': '6.2962'}
2025-06-13 21:08:24,285 - {'Epoch': 97, 'HR@5': '0.1295', 'NDCG@5': '0.0833', 'HR@10': '0.2047', 'NDCG@10': '0.1076', 'HR@20': '0.3035', 'NDCG@20': '0.1325'}
2025-06-13 21:08:24,289 - Validation score increased.  Saving model ...
2025-06-13 21:08:36,834 - {'epoch': 98, 'rec_loss': '6.2896'}
2025-06-13 21:08:41,756 - {'Epoch': 98, 'HR@5': '0.1309', 'NDCG@5': '0.0825', 'HR@10': '0.2075', 'NDCG@10': '0.1071', 'HR@20': '0.3016', 'NDCG@20': '0.1309'}
2025-06-13 21:08:41,758 - EarlyStopping counter: 1 out of 10
2025-06-13 21:08:54,353 - {'epoch': 99, 'rec_loss': '6.2832'}
2025-06-13 21:08:59,186 - {'Epoch': 99, 'HR@5': '0.1306', 'NDCG@5': '0.0816', 'HR@10': '0.2067', 'NDCG@10': '0.1061', 'HR@20': '0.3029', 'NDCG@20': '0.1304'}
2025-06-13 21:08:59,187 - EarlyStopping counter: 2 out of 10
2025-06-13 21:09:11,660 - {'epoch': 100, 'rec_loss': '6.2841'}
2025-06-13 21:09:16,533 - {'Epoch': 100, 'HR@5': '0.1296', 'NDCG@5': '0.0825', 'HR@10': '0.2064', 'NDCG@10': '0.1073', 'HR@20': '0.3017', 'NDCG@20': '0.1313'}
2025-06-13 21:09:16,534 - EarlyStopping counter: 3 out of 10
2025-06-13 21:09:29,051 - {'epoch': 101, 'rec_loss': '6.2770'}
2025-06-13 21:09:33,871 - {'Epoch': 101, 'HR@5': '0.1275', 'NDCG@5': '0.0808', 'HR@10': '0.2061', 'NDCG@10': '0.1062', 'HR@20': '0.3037', 'NDCG@20': '0.1308'}
2025-06-13 21:09:33,874 - EarlyStopping counter: 4 out of 10
2025-06-13 21:09:46,384 - {'epoch': 102, 'rec_loss': '6.2605'}
2025-06-13 21:09:51,354 - {'Epoch': 102, 'HR@5': '0.1291', 'NDCG@5': '0.0829', 'HR@10': '0.2083', 'NDCG@10': '0.1084', 'HR@20': '0.3051', 'NDCG@20': '0.1328'}
2025-06-13 21:09:51,355 - Validation score increased.  Saving model ...
2025-06-13 21:10:03,904 - {'epoch': 103, 'rec_loss': '6.2682'}
2025-06-13 21:10:08,826 - {'Epoch': 103, 'HR@5': '0.1272', 'NDCG@5': '0.0818', 'HR@10': '0.2061', 'NDCG@10': '0.1072', 'HR@20': '0.3037', 'NDCG@20': '0.1319'}
2025-06-13 21:10:08,828 - EarlyStopping counter: 1 out of 10
2025-06-13 21:10:21,299 - {'epoch': 104, 'rec_loss': '6.2717'}
2025-06-13 21:10:26,229 - {'Epoch': 104, 'HR@5': '0.1312', 'NDCG@5': '0.0833', 'HR@10': '0.2107', 'NDCG@10': '0.1089', 'HR@20': '0.3056', 'NDCG@20': '0.1328'}
2025-06-13 21:10:26,231 - Validation score increased.  Saving model ...
2025-06-13 21:10:38,609 - {'epoch': 105, 'rec_loss': '6.2702'}
2025-06-13 21:10:43,558 - {'Epoch': 105, 'HR@5': '0.1306', 'NDCG@5': '0.0835', 'HR@10': '0.2087', 'NDCG@10': '0.1085', 'HR@20': '0.3037', 'NDCG@20': '0.1325'}
2025-06-13 21:10:43,559 - EarlyStopping counter: 1 out of 10
2025-06-13 21:10:56,101 - {'epoch': 106, 'rec_loss': '6.2613'}
2025-06-13 21:11:00,924 - {'Epoch': 106, 'HR@5': '0.1308', 'NDCG@5': '0.0826', 'HR@10': '0.2121', 'NDCG@10': '0.1087', 'HR@20': '0.3090', 'NDCG@20': '0.1331'}
2025-06-13 21:11:00,929 - Validation score increased.  Saving model ...
2025-06-13 21:11:13,310 - {'epoch': 107, 'rec_loss': '6.2526'}
2025-06-13 21:11:18,255 - {'Epoch': 107, 'HR@5': '0.1306', 'NDCG@5': '0.0835', 'HR@10': '0.2087', 'NDCG@10': '0.1087', 'HR@20': '0.3079', 'NDCG@20': '0.1336'}
2025-06-13 21:11:18,256 - Validation score increased.  Saving model ...
2025-06-13 21:11:30,832 - {'epoch': 108, 'rec_loss': '6.2560'}
2025-06-13 21:11:35,791 - {'Epoch': 108, 'HR@5': '0.1306', 'NDCG@5': '0.0830', 'HR@10': '0.2080', 'NDCG@10': '0.1078', 'HR@20': '0.3089', 'NDCG@20': '0.1333'}
2025-06-13 21:11:35,796 - EarlyStopping counter: 1 out of 10
2025-06-13 21:11:48,374 - {'epoch': 109, 'rec_loss': '6.2539'}
2025-06-13 21:11:53,387 - {'Epoch': 109, 'HR@5': '0.1322', 'NDCG@5': '0.0831', 'HR@10': '0.2096', 'NDCG@10': '0.1079', 'HR@20': '0.3078', 'NDCG@20': '0.1326'}
2025-06-13 21:11:53,388 - EarlyStopping counter: 2 out of 10
2025-06-13 21:12:05,854 - {'epoch': 110, 'rec_loss': '6.2459'}
2025-06-13 21:12:10,783 - {'Epoch': 110, 'HR@5': '0.1294', 'NDCG@5': '0.0825', 'HR@10': '0.2076', 'NDCG@10': '0.1078', 'HR@20': '0.3062', 'NDCG@20': '0.1327'}
2025-06-13 21:12:10,783 - EarlyStopping counter: 3 out of 10
2025-06-13 21:12:23,336 - {'epoch': 111, 'rec_loss': '6.2550'}
2025-06-13 21:12:28,185 - {'Epoch': 111, 'HR@5': '0.1321', 'NDCG@5': '0.0847', 'HR@10': '0.2089', 'NDCG@10': '0.1094', 'HR@20': '0.3062', 'NDCG@20': '0.1340'}
2025-06-13 21:12:28,186 - Validation score increased.  Saving model ...
2025-06-13 21:12:40,694 - {'epoch': 112, 'rec_loss': '6.2479'}
2025-06-13 21:12:45,740 - {'Epoch': 112, 'HR@5': '0.1320', 'NDCG@5': '0.0835', 'HR@10': '0.2088', 'NDCG@10': '0.1082', 'HR@20': '0.3077', 'NDCG@20': '0.1332'}
2025-06-13 21:12:45,741 - EarlyStopping counter: 1 out of 10
2025-06-13 21:12:58,295 - {'epoch': 113, 'rec_loss': '6.2375'}
2025-06-13 21:13:03,319 - {'Epoch': 113, 'HR@5': '0.1343', 'NDCG@5': '0.0848', 'HR@10': '0.2101', 'NDCG@10': '0.1092', 'HR@20': '0.3099', 'NDCG@20': '0.1344'}
2025-06-13 21:13:03,320 - Validation score increased.  Saving model ...
2025-06-13 21:13:15,816 - {'epoch': 114, 'rec_loss': '6.2363'}
2025-06-13 21:13:20,804 - {'Epoch': 114, 'HR@5': '0.1336', 'NDCG@5': '0.0836', 'HR@10': '0.2114', 'NDCG@10': '0.1087', 'HR@20': '0.3104', 'NDCG@20': '0.1336'}
2025-06-13 21:13:20,805 - EarlyStopping counter: 1 out of 10
2025-06-13 21:13:33,246 - {'epoch': 115, 'rec_loss': '6.2410'}
2025-06-13 21:13:38,183 - {'Epoch': 115, 'HR@5': '0.1320', 'NDCG@5': '0.0827', 'HR@10': '0.2090', 'NDCG@10': '0.1075', 'HR@20': '0.3075', 'NDCG@20': '0.1324'}
2025-06-13 21:13:38,184 - EarlyStopping counter: 2 out of 10
2025-06-13 21:13:50,755 - {'epoch': 116, 'rec_loss': '6.2301'}
2025-06-13 21:13:55,590 - {'Epoch': 116, 'HR@5': '0.1315', 'NDCG@5': '0.0837', 'HR@10': '0.2087', 'NDCG@10': '0.1086', 'HR@20': '0.3045', 'NDCG@20': '0.1327'}
2025-06-13 21:13:55,592 - EarlyStopping counter: 3 out of 10
2025-06-13 21:14:08,028 - {'epoch': 117, 'rec_loss': '6.2280'}
2025-06-13 21:14:12,842 - {'Epoch': 117, 'HR@5': '0.1273', 'NDCG@5': '0.0810', 'HR@10': '0.2061', 'NDCG@10': '0.1065', 'HR@20': '0.3048', 'NDCG@20': '0.1314'}
2025-06-13 21:14:12,844 - EarlyStopping counter: 4 out of 10
2025-06-13 21:14:25,312 - {'epoch': 118, 'rec_loss': '6.2251'}
2025-06-13 21:14:30,231 - {'Epoch': 118, 'HR@5': '0.1351', 'NDCG@5': '0.0856', 'HR@10': '0.2139', 'NDCG@10': '0.1110', 'HR@20': '0.3092', 'NDCG@20': '0.1351'}
2025-06-13 21:14:30,231 - Validation score increased.  Saving model ...
2025-06-13 21:14:42,708 - {'epoch': 119, 'rec_loss': '6.2225'}
2025-06-13 21:14:47,642 - {'Epoch': 119, 'HR@5': '0.1314', 'NDCG@5': '0.0840', 'HR@10': '0.2103', 'NDCG@10': '0.1094', 'HR@20': '0.3092', 'NDCG@20': '0.1343'}
2025-06-13 21:14:47,643 - EarlyStopping counter: 1 out of 10
2025-06-13 21:15:00,202 - {'epoch': 120, 'rec_loss': '6.2316'}
2025-06-13 21:15:05,027 - {'Epoch': 120, 'HR@5': '0.1303', 'NDCG@5': '0.0832', 'HR@10': '0.2088', 'NDCG@10': '0.1085', 'HR@20': '0.3068', 'NDCG@20': '0.1333'}
2025-06-13 21:15:05,028 - EarlyStopping counter: 2 out of 10
2025-06-13 21:15:17,452 - {'epoch': 121, 'rec_loss': '6.2100'}
2025-06-13 21:15:22,441 - {'Epoch': 121, 'HR@5': '0.1284', 'NDCG@5': '0.0818', 'HR@10': '0.2105', 'NDCG@10': '0.1083', 'HR@20': '0.3102', 'NDCG@20': '0.1334'}
2025-06-13 21:15:22,443 - EarlyStopping counter: 3 out of 10
2025-06-13 21:15:34,807 - {'epoch': 122, 'rec_loss': '6.2138'}
2025-06-13 21:15:39,575 - {'Epoch': 122, 'HR@5': '0.1330', 'NDCG@5': '0.0833', 'HR@10': '0.2126', 'NDCG@10': '0.1089', 'HR@20': '0.3089', 'NDCG@20': '0.1332'}
2025-06-13 21:15:39,577 - EarlyStopping counter: 4 out of 10
2025-06-13 21:15:52,107 - {'epoch': 123, 'rec_loss': '6.2068'}
2025-06-13 21:15:57,089 - {'Epoch': 123, 'HR@5': '0.1316', 'NDCG@5': '0.0831', 'HR@10': '0.2133', 'NDCG@10': '0.1095', 'HR@20': '0.3086', 'NDCG@20': '0.1335'}
2025-06-13 21:15:57,091 - EarlyStopping counter: 5 out of 10
2025-06-13 21:16:09,594 - {'epoch': 124, 'rec_loss': '6.2075'}
2025-06-13 21:16:14,463 - {'Epoch': 124, 'HR@5': '0.1301', 'NDCG@5': '0.0821', 'HR@10': '0.2108', 'NDCG@10': '0.1081', 'HR@20': '0.3097', 'NDCG@20': '0.1331'}
2025-06-13 21:16:14,466 - EarlyStopping counter: 6 out of 10
2025-06-13 21:16:27,106 - {'epoch': 125, 'rec_loss': '6.2062'}
2025-06-13 21:16:32,024 - {'Epoch': 125, 'HR@5': '0.1310', 'NDCG@5': '0.0824', 'HR@10': '0.2130', 'NDCG@10': '0.1089', 'HR@20': '0.3091', 'NDCG@20': '0.1331'}
2025-06-13 21:16:32,026 - EarlyStopping counter: 7 out of 10
2025-06-13 21:16:44,489 - {'epoch': 126, 'rec_loss': '6.2023'}
2025-06-13 21:16:49,359 - {'Epoch': 126, 'HR@5': '0.1337', 'NDCG@5': '0.0837', 'HR@10': '0.2135', 'NDCG@10': '0.1094', 'HR@20': '0.3106', 'NDCG@20': '0.1340'}
2025-06-13 21:16:49,362 - EarlyStopping counter: 8 out of 10
2025-06-13 21:17:01,901 - {'epoch': 127, 'rec_loss': '6.2045'}
2025-06-13 21:17:06,843 - {'Epoch': 127, 'HR@5': '0.1347', 'NDCG@5': '0.0863', 'HR@10': '0.2124', 'NDCG@10': '0.1112', 'HR@20': '0.3087', 'NDCG@20': '0.1355'}
2025-06-13 21:17:06,844 - Validation score increased.  Saving model ...
2025-06-13 21:17:19,376 - {'epoch': 128, 'rec_loss': '6.2125'}
2025-06-13 21:17:24,337 - {'Epoch': 128, 'HR@5': '0.1342', 'NDCG@5': '0.0848', 'HR@10': '0.2143', 'NDCG@10': '0.1106', 'HR@20': '0.3103', 'NDCG@20': '0.1349'}
2025-06-13 21:17:24,338 - EarlyStopping counter: 1 out of 10
2025-06-13 21:17:36,851 - {'epoch': 129, 'rec_loss': '6.2054'}
2025-06-13 21:17:41,795 - {'Epoch': 129, 'HR@5': '0.1356', 'NDCG@5': '0.0863', 'HR@10': '0.2130', 'NDCG@10': '0.1112', 'HR@20': '0.3077', 'NDCG@20': '0.1351'}
2025-06-13 21:17:41,802 - EarlyStopping counter: 2 out of 10
2025-06-13 21:17:54,393 - {'epoch': 130, 'rec_loss': '6.2002'}
2025-06-13 21:17:59,290 - {'Epoch': 130, 'HR@5': '0.1327', 'NDCG@5': '0.0853', 'HR@10': '0.2134', 'NDCG@10': '0.1114', 'HR@20': '0.3110', 'NDCG@20': '0.1360'}
2025-06-13 21:17:59,293 - Validation score increased.  Saving model ...
2025-06-13 21:18:11,761 - {'epoch': 131, 'rec_loss': '6.1903'}
2025-06-13 21:18:16,538 - {'Epoch': 131, 'HR@5': '0.1349', 'NDCG@5': '0.0847', 'HR@10': '0.2128', 'NDCG@10': '0.1099', 'HR@20': '0.3095', 'NDCG@20': '0.1343'}
2025-06-13 21:18:16,540 - EarlyStopping counter: 1 out of 10
2025-06-13 21:18:29,092 - {'epoch': 132, 'rec_loss': '6.1867'}
2025-06-13 21:18:34,005 - {'Epoch': 132, 'HR@5': '0.1366', 'NDCG@5': '0.0864', 'HR@10': '0.2122', 'NDCG@10': '0.1107', 'HR@20': '0.3117', 'NDCG@20': '0.1358'}
2025-06-13 21:18:34,007 - EarlyStopping counter: 2 out of 10
2025-06-13 21:18:46,436 - {'epoch': 133, 'rec_loss': '6.1967'}
2025-06-13 21:18:51,272 - {'Epoch': 133, 'HR@5': '0.1343', 'NDCG@5': '0.0853', 'HR@10': '0.2144', 'NDCG@10': '0.1111', 'HR@20': '0.3118', 'NDCG@20': '0.1357'}
2025-06-13 21:18:51,273 - EarlyStopping counter: 3 out of 10
2025-06-13 21:19:03,725 - {'epoch': 134, 'rec_loss': '6.1871'}
2025-06-13 21:19:08,766 - {'Epoch': 134, 'HR@5': '0.1325', 'NDCG@5': '0.0844', 'HR@10': '0.2106', 'NDCG@10': '0.1096', 'HR@20': '0.3098', 'NDCG@20': '0.1347'}
2025-06-13 21:19:08,767 - EarlyStopping counter: 4 out of 10
2025-06-13 21:19:21,245 - {'epoch': 135, 'rec_loss': '6.1805'}
2025-06-13 21:19:26,230 - {'Epoch': 135, 'HR@5': '0.1341', 'NDCG@5': '0.0855', 'HR@10': '0.2132', 'NDCG@10': '0.1111', 'HR@20': '0.3091', 'NDCG@20': '0.1353'}
2025-06-13 21:19:26,231 - EarlyStopping counter: 5 out of 10
2025-06-13 21:19:38,741 - {'epoch': 136, 'rec_loss': '6.1738'}
2025-06-13 21:19:43,631 - {'Epoch': 136, 'HR@5': '0.1330', 'NDCG@5': '0.0839', 'HR@10': '0.2114', 'NDCG@10': '0.1091', 'HR@20': '0.3085', 'NDCG@20': '0.1336'}
2025-06-13 21:19:43,632 - EarlyStopping counter: 6 out of 10
2025-06-13 21:19:56,096 - {'epoch': 137, 'rec_loss': '6.1919'}
2025-06-13 21:20:01,046 - {'Epoch': 137, 'HR@5': '0.1352', 'NDCG@5': '0.0858', 'HR@10': '0.2134', 'NDCG@10': '0.1111', 'HR@20': '0.3105', 'NDCG@20': '0.1355'}
2025-06-13 21:20:01,047 - EarlyStopping counter: 7 out of 10
2025-06-13 21:20:13,586 - {'epoch': 138, 'rec_loss': '6.1748'}
2025-06-13 21:20:18,428 - {'Epoch': 138, 'HR@5': '0.1349', 'NDCG@5': '0.0861', 'HR@10': '0.2150', 'NDCG@10': '0.1118', 'HR@20': '0.3106', 'NDCG@20': '0.1359'}
2025-06-13 21:20:18,429 - EarlyStopping counter: 8 out of 10
2025-06-13 21:20:30,862 - {'epoch': 139, 'rec_loss': '6.1719'}
2025-06-13 21:20:35,883 - {'Epoch': 139, 'HR@5': '0.1336', 'NDCG@5': '0.0845', 'HR@10': '0.2125', 'NDCG@10': '0.1099', 'HR@20': '0.3104', 'NDCG@20': '0.1346'}
2025-06-13 21:20:35,884 - EarlyStopping counter: 9 out of 10
2025-06-13 21:20:48,419 - {'epoch': 140, 'rec_loss': '6.1730'}
2025-06-13 21:20:53,371 - {'Epoch': 140, 'HR@5': '0.1341', 'NDCG@5': '0.0857', 'HR@10': '0.2134', 'NDCG@10': '0.1112', 'HR@20': '0.3108', 'NDCG@20': '0.1357'}
2025-06-13 21:20:53,377 - EarlyStopping counter: 10 out of 10
2025-06-13 21:20:53,378 - Early stopping
2025-06-13 21:20:53,378 - ---------------Validation Score---------------
2025-06-13 21:20:58,312 - {'Epoch': 0, 'HR@5': '0.1327', 'NDCG@5': '0.0853', 'HR@10': '0.2134', 'NDCG@10': '0.1114', 'HR@20': '0.3110', 'NDCG@20': '0.1360'}
2025-06-13 21:20:58,315 - BERT4Rec_Diginetica
2025-06-13 21:20:58,315 - {'Epoch': 0, 'HR@5': '0.1327', 'NDCG@5': '0.0853', 'HR@10': '0.2134', 'NDCG@10': '0.1114', 'HR@20': '0.3110', 'NDCG@20': '0.1360'}
