2025-06-13 23:14:52,416 - Namespace(data_dir='data/self_processed/', output_dir='hparam_search/', data_name='Diginetica', train_name='BSARec_Diginetica', num_items=10, num_users=14829, lr=0.001, batch_size=256, epochs=200, no_cuda=False, log_freq=1, patience=10, num_workers=4, seed=42, weight_decay=0.0, adam_beta1=0.9, adam_beta2=0.999, gpu_id='0', variance=5, model_type='BSARec', max_seq_length=50, hidden_size=64, num_hidden_layers=2, hidden_act='gelu', num_attention_heads=2, attention_probs_dropout_prob=0.5, hidden_dropout_prob=0.5, initializer_range=0.02, c=5, alpha=0.5, cuda_condition=True, data_file='data/self_processed/Diginetica.txt', item_size=9441, checkpoint_path=PosixPath('/gpfs/home3/scur2771/BSARec/BSARec/src/hparam_search/BSARec_Diginetica/12367757_38/model.pt'), same_target_path='data/self_processed/Diginetica_same_target.npy')
2025-06-13 23:14:52,434 - BSARecModel(
  (item_embeddings): Embedding(9441, 64, padding_idx=0)
  (position_embeddings): Embedding(50, 64)
  (LayerNorm): LayerNorm()
  (dropout): Dropout(p=0.5, inplace=False)
  (item_encoder): BSARecEncoder(
    (blocks): ModuleList(
      (0): BSARecBlock(
        (layer): BSARecLayer(
          (filter_layer): FrequencyLayer(
            (out_dropout): Dropout(p=0.5, inplace=False)
            (LayerNorm): LayerNorm()
          )
          (attention_layer): MultiHeadAttention(
            (query): Linear(in_features=64, out_features=64, bias=True)
            (key): Linear(in_features=64, out_features=64, bias=True)
            (value): Linear(in_features=64, out_features=64, bias=True)
            (softmax): Softmax(dim=-1)
            (attn_dropout): Dropout(p=0.5, inplace=False)
            (dense): Linear(in_features=64, out_features=64, bias=True)
            (LayerNorm): LayerNorm((64,), eps=1e-12, elementwise_affine=True)
            (out_dropout): Dropout(p=0.5, inplace=False)
          )
        )
        (feed_forward): FeedForward(
          (dense_1): Linear(in_features=64, out_features=256, bias=True)
          (dense_2): Linear(in_features=256, out_features=64, bias=True)
          (LayerNorm): LayerNorm()
          (dropout): Dropout(p=0.5, inplace=False)
        )
      )
      (1): BSARecBlock(
        (layer): BSARecLayer(
          (filter_layer): FrequencyLayer(
            (out_dropout): Dropout(p=0.5, inplace=False)
            (LayerNorm): LayerNorm()
          )
          (attention_layer): MultiHeadAttention(
            (query): Linear(in_features=64, out_features=64, bias=True)
            (key): Linear(in_features=64, out_features=64, bias=True)
            (value): Linear(in_features=64, out_features=64, bias=True)
            (softmax): Softmax(dim=-1)
            (attn_dropout): Dropout(p=0.5, inplace=False)
            (dense): Linear(in_features=64, out_features=64, bias=True)
            (LayerNorm): LayerNorm((64,), eps=1e-12, elementwise_affine=True)
            (out_dropout): Dropout(p=0.5, inplace=False)
          )
        )
        (feed_forward): FeedForward(
          (dense_1): Linear(in_features=64, out_features=256, bias=True)
          (dense_2): Linear(in_features=256, out_features=64, bias=True)
          (LayerNorm): LayerNorm()
          (dropout): Dropout(p=0.5, inplace=False)
        )
      )
    )
  )
)
2025-06-13 23:14:54,596 - Total Parameters: 707904
2025-06-13 23:15:03,287 - {'epoch': 0, 'rec_loss': '8.6802'}
2025-06-13 23:15:07,458 - {'Epoch': 0, 'HR@5': '0.0298', 'NDCG@5': '0.0208', 'HR@10': '0.0437', 'NDCG@10': '0.0253', 'HR@20': '0.0614', 'NDCG@20': '0.0298'}
2025-06-13 23:15:07,460 - Validation score increased.  Saving model ...
2025-06-13 23:15:14,998 - {'epoch': 1, 'rec_loss': '7.5183'}
2025-06-13 23:15:19,124 - {'Epoch': 1, 'HR@5': '0.0979', 'NDCG@5': '0.0640', 'HR@10': '0.1461', 'NDCG@10': '0.0795', 'HR@20': '0.2073', 'NDCG@20': '0.0949'}
2025-06-13 23:15:19,125 - Validation score increased.  Saving model ...
2025-06-13 23:15:26,757 - {'epoch': 2, 'rec_loss': '6.2481'}
2025-06-13 23:15:30,962 - {'Epoch': 2, 'HR@5': '0.1325', 'NDCG@5': '0.0875', 'HR@10': '0.2025', 'NDCG@10': '0.1101', 'HR@20': '0.2821', 'NDCG@20': '0.1302'}
2025-06-13 23:15:30,964 - Validation score increased.  Saving model ...
2025-06-13 23:15:38,569 - {'epoch': 3, 'rec_loss': '5.5278'}
2025-06-13 23:15:42,809 - {'Epoch': 3, 'HR@5': '0.1513', 'NDCG@5': '0.0994', 'HR@10': '0.2267', 'NDCG@10': '0.1237', 'HR@20': '0.3229', 'NDCG@20': '0.1479'}
2025-06-13 23:15:42,811 - Validation score increased.  Saving model ...
2025-06-13 23:15:50,322 - {'epoch': 4, 'rec_loss': '5.1780'}
2025-06-13 23:15:54,668 - {'Epoch': 4, 'HR@5': '0.1575', 'NDCG@5': '0.1037', 'HR@10': '0.2424', 'NDCG@10': '0.1311', 'HR@20': '0.3400', 'NDCG@20': '0.1557'}
2025-06-13 23:15:54,670 - Validation score increased.  Saving model ...
2025-06-13 23:16:02,084 - {'epoch': 5, 'rec_loss': '5.0162'}
2025-06-13 23:16:06,438 - {'Epoch': 5, 'HR@5': '0.1641', 'NDCG@5': '0.1077', 'HR@10': '0.2474', 'NDCG@10': '0.1345', 'HR@20': '0.3491', 'NDCG@20': '0.1601'}
2025-06-13 23:16:06,439 - Validation score increased.  Saving model ...
2025-06-13 23:16:13,978 - {'epoch': 6, 'rec_loss': '4.9188'}
2025-06-13 23:16:18,318 - {'Epoch': 6, 'HR@5': '0.1683', 'NDCG@5': '0.1101', 'HR@10': '0.2544', 'NDCG@10': '0.1378', 'HR@20': '0.3524', 'NDCG@20': '0.1626'}
2025-06-13 23:16:18,319 - Validation score increased.  Saving model ...
2025-06-13 23:16:25,760 - {'epoch': 7, 'rec_loss': '4.8577'}
2025-06-13 23:16:30,134 - {'Epoch': 7, 'HR@5': '0.1669', 'NDCG@5': '0.1092', 'HR@10': '0.2552', 'NDCG@10': '0.1376', 'HR@20': '0.3562', 'NDCG@20': '0.1632'}
2025-06-13 23:16:30,135 - Validation score increased.  Saving model ...
2025-06-13 23:16:37,637 - {'epoch': 8, 'rec_loss': '4.8182'}
2025-06-13 23:16:42,056 - {'Epoch': 8, 'HR@5': '0.1691', 'NDCG@5': '0.1102', 'HR@10': '0.2578', 'NDCG@10': '0.1387', 'HR@20': '0.3576', 'NDCG@20': '0.1639'}
2025-06-13 23:16:42,059 - Validation score increased.  Saving model ...
2025-06-13 23:16:49,540 - {'epoch': 9, 'rec_loss': '4.7807'}
2025-06-13 23:16:53,859 - {'Epoch': 9, 'HR@5': '0.1696', 'NDCG@5': '0.1108', 'HR@10': '0.2569', 'NDCG@10': '0.1390', 'HR@20': '0.3584', 'NDCG@20': '0.1646'}
2025-06-13 23:16:53,861 - Validation score increased.  Saving model ...
2025-06-13 23:17:01,411 - {'epoch': 10, 'rec_loss': '4.7538'}
2025-06-13 23:17:05,769 - {'Epoch': 10, 'HR@5': '0.1649', 'NDCG@5': '0.1093', 'HR@10': '0.2577', 'NDCG@10': '0.1393', 'HR@20': '0.3605', 'NDCG@20': '0.1653'}
2025-06-13 23:17:05,772 - Validation score increased.  Saving model ...
2025-06-13 23:17:13,198 - {'epoch': 11, 'rec_loss': '4.7267'}
2025-06-13 23:17:17,499 - {'Epoch': 11, 'HR@5': '0.1684', 'NDCG@5': '0.1105', 'HR@10': '0.2560', 'NDCG@10': '0.1386', 'HR@20': '0.3574', 'NDCG@20': '0.1643'}
2025-06-13 23:17:17,501 - EarlyStopping counter: 1 out of 10
2025-06-13 23:17:25,010 - {'epoch': 12, 'rec_loss': '4.7020'}
2025-06-13 23:17:29,311 - {'Epoch': 12, 'HR@5': '0.1682', 'NDCG@5': '0.1104', 'HR@10': '0.2596', 'NDCG@10': '0.1398', 'HR@20': '0.3600', 'NDCG@20': '0.1652'}
2025-06-13 23:17:29,313 - EarlyStopping counter: 2 out of 10
2025-06-13 23:17:36,777 - {'epoch': 13, 'rec_loss': '4.6924'}
2025-06-13 23:17:41,051 - {'Epoch': 13, 'HR@5': '0.1682', 'NDCG@5': '0.1110', 'HR@10': '0.2588', 'NDCG@10': '0.1401', 'HR@20': '0.3609', 'NDCG@20': '0.1660'}
2025-06-13 23:17:41,052 - Validation score increased.  Saving model ...
2025-06-13 23:17:48,524 - {'epoch': 14, 'rec_loss': '4.6710'}
2025-06-13 23:17:52,922 - {'Epoch': 14, 'HR@5': '0.1713', 'NDCG@5': '0.1119', 'HR@10': '0.2577', 'NDCG@10': '0.1397', 'HR@20': '0.3586', 'NDCG@20': '0.1652'}
2025-06-13 23:17:52,924 - EarlyStopping counter: 1 out of 10
2025-06-13 23:18:00,379 - {'epoch': 15, 'rec_loss': '4.6624'}
2025-06-13 23:18:04,762 - {'Epoch': 15, 'HR@5': '0.1692', 'NDCG@5': '0.1114', 'HR@10': '0.2580', 'NDCG@10': '0.1401', 'HR@20': '0.3622', 'NDCG@20': '0.1664'}
2025-06-13 23:18:04,763 - Validation score increased.  Saving model ...
2025-06-13 23:18:12,186 - {'epoch': 16, 'rec_loss': '4.6420'}
2025-06-13 23:18:16,539 - {'Epoch': 16, 'HR@5': '0.1689', 'NDCG@5': '0.1108', 'HR@10': '0.2553', 'NDCG@10': '0.1387', 'HR@20': '0.3600', 'NDCG@20': '0.1651'}
2025-06-13 23:18:16,539 - EarlyStopping counter: 1 out of 10
2025-06-13 23:18:24,089 - {'epoch': 17, 'rec_loss': '4.6301'}
2025-06-13 23:18:28,447 - {'Epoch': 17, 'HR@5': '0.1722', 'NDCG@5': '0.1126', 'HR@10': '0.2581', 'NDCG@10': '0.1402', 'HR@20': '0.3593', 'NDCG@20': '0.1658'}
2025-06-13 23:18:28,451 - EarlyStopping counter: 2 out of 10
2025-06-13 23:18:35,906 - {'epoch': 18, 'rec_loss': '4.6163'}
2025-06-13 23:18:40,146 - {'Epoch': 18, 'HR@5': '0.1722', 'NDCG@5': '0.1138', 'HR@10': '0.2593', 'NDCG@10': '0.1419', 'HR@20': '0.3600', 'NDCG@20': '0.1673'}
2025-06-13 23:18:40,147 - Validation score increased.  Saving model ...
2025-06-13 23:18:47,605 - {'epoch': 19, 'rec_loss': '4.6086'}
2025-06-13 23:18:51,990 - {'Epoch': 19, 'HR@5': '0.1709', 'NDCG@5': '0.1113', 'HR@10': '0.2563', 'NDCG@10': '0.1388', 'HR@20': '0.3585', 'NDCG@20': '0.1647'}
2025-06-13 23:18:51,992 - EarlyStopping counter: 1 out of 10
2025-06-13 23:18:59,505 - {'epoch': 20, 'rec_loss': '4.5942'}
2025-06-13 23:19:03,853 - {'Epoch': 20, 'HR@5': '0.1733', 'NDCG@5': '0.1131', 'HR@10': '0.2595', 'NDCG@10': '0.1409', 'HR@20': '0.3622', 'NDCG@20': '0.1669'}
2025-06-13 23:19:03,855 - EarlyStopping counter: 2 out of 10
2025-06-13 23:19:11,302 - {'epoch': 21, 'rec_loss': '4.5850'}
2025-06-13 23:19:15,651 - {'Epoch': 21, 'HR@5': '0.1731', 'NDCG@5': '0.1130', 'HR@10': '0.2619', 'NDCG@10': '0.1415', 'HR@20': '0.3611', 'NDCG@20': '0.1666'}
2025-06-13 23:19:15,653 - EarlyStopping counter: 3 out of 10
2025-06-13 23:19:23,202 - {'epoch': 22, 'rec_loss': '4.5808'}
2025-06-13 23:19:27,570 - {'Epoch': 22, 'HR@5': '0.1722', 'NDCG@5': '0.1131', 'HR@10': '0.2625', 'NDCG@10': '0.1422', 'HR@20': '0.3656', 'NDCG@20': '0.1682'}
2025-06-13 23:19:27,572 - Validation score increased.  Saving model ...
2025-06-13 23:19:35,015 - {'epoch': 23, 'rec_loss': '4.5675'}
2025-06-13 23:19:39,420 - {'Epoch': 23, 'HR@5': '0.1710', 'NDCG@5': '0.1119', 'HR@10': '0.2591', 'NDCG@10': '0.1402', 'HR@20': '0.3611', 'NDCG@20': '0.1659'}
2025-06-13 23:19:39,423 - EarlyStopping counter: 1 out of 10
2025-06-13 23:19:46,885 - {'epoch': 24, 'rec_loss': '4.5626'}
2025-06-13 23:19:51,258 - {'Epoch': 24, 'HR@5': '0.1721', 'NDCG@5': '0.1117', 'HR@10': '0.2603', 'NDCG@10': '0.1401', 'HR@20': '0.3588', 'NDCG@20': '0.1651'}
2025-06-13 23:19:51,261 - EarlyStopping counter: 2 out of 10
2025-06-13 23:19:58,849 - {'epoch': 25, 'rec_loss': '4.5512'}
2025-06-13 23:20:03,135 - {'Epoch': 25, 'HR@5': '0.1735', 'NDCG@5': '0.1149', 'HR@10': '0.2605', 'NDCG@10': '0.1430', 'HR@20': '0.3591', 'NDCG@20': '0.1679'}
2025-06-13 23:20:03,136 - EarlyStopping counter: 3 out of 10
2025-06-13 23:20:10,637 - {'epoch': 26, 'rec_loss': '4.5436'}
2025-06-13 23:20:15,049 - {'Epoch': 26, 'HR@5': '0.1727', 'NDCG@5': '0.1130', 'HR@10': '0.2599', 'NDCG@10': '0.1410', 'HR@20': '0.3613', 'NDCG@20': '0.1666'}
2025-06-13 23:20:15,051 - EarlyStopping counter: 4 out of 10
2025-06-13 23:20:22,576 - {'epoch': 27, 'rec_loss': '4.5433'}
2025-06-13 23:20:26,932 - {'Epoch': 27, 'HR@5': '0.1728', 'NDCG@5': '0.1131', 'HR@10': '0.2592', 'NDCG@10': '0.1409', 'HR@20': '0.3603', 'NDCG@20': '0.1664'}
2025-06-13 23:20:26,934 - EarlyStopping counter: 5 out of 10
2025-06-13 23:20:34,435 - {'epoch': 28, 'rec_loss': '4.5274'}
2025-06-13 23:20:38,719 - {'Epoch': 28, 'HR@5': '0.1739', 'NDCG@5': '0.1148', 'HR@10': '0.2613', 'NDCG@10': '0.1430', 'HR@20': '0.3622', 'NDCG@20': '0.1685'}
2025-06-13 23:20:38,721 - Validation score increased.  Saving model ...
2025-06-13 23:20:46,175 - {'epoch': 29, 'rec_loss': '4.5231'}
2025-06-13 23:20:50,486 - {'Epoch': 29, 'HR@5': '0.1688', 'NDCG@5': '0.1129', 'HR@10': '0.2553', 'NDCG@10': '0.1408', 'HR@20': '0.3583', 'NDCG@20': '0.1668'}
2025-06-13 23:20:50,488 - EarlyStopping counter: 1 out of 10
2025-06-13 23:20:58,034 - {'epoch': 30, 'rec_loss': '4.5200'}
2025-06-13 23:21:02,398 - {'Epoch': 30, 'HR@5': '0.1733', 'NDCG@5': '0.1129', 'HR@10': '0.2586', 'NDCG@10': '0.1405', 'HR@20': '0.3595', 'NDCG@20': '0.1660'}
2025-06-13 23:21:02,401 - EarlyStopping counter: 2 out of 10
2025-06-13 23:21:09,865 - {'epoch': 31, 'rec_loss': '4.5096'}
2025-06-13 23:21:14,209 - {'Epoch': 31, 'HR@5': '0.1750', 'NDCG@5': '0.1145', 'HR@10': '0.2592', 'NDCG@10': '0.1416', 'HR@20': '0.3608', 'NDCG@20': '0.1672'}
2025-06-13 23:21:14,210 - EarlyStopping counter: 3 out of 10
2025-06-13 23:21:21,727 - {'epoch': 32, 'rec_loss': '4.5059'}
2025-06-13 23:21:26,007 - {'Epoch': 32, 'HR@5': '0.1720', 'NDCG@5': '0.1120', 'HR@10': '0.2609', 'NDCG@10': '0.1406', 'HR@20': '0.3591', 'NDCG@20': '0.1654'}
2025-06-13 23:21:26,009 - EarlyStopping counter: 4 out of 10
2025-06-13 23:21:33,557 - {'epoch': 33, 'rec_loss': '4.4980'}
2025-06-13 23:21:37,973 - {'Epoch': 33, 'HR@5': '0.1742', 'NDCG@5': '0.1139', 'HR@10': '0.2601', 'NDCG@10': '0.1415', 'HR@20': '0.3609', 'NDCG@20': '0.1669'}
2025-06-13 23:21:37,974 - EarlyStopping counter: 5 out of 10
2025-06-13 23:21:45,443 - {'epoch': 34, 'rec_loss': '4.4917'}
2025-06-13 23:21:49,735 - {'Epoch': 34, 'HR@5': '0.1774', 'NDCG@5': '0.1156', 'HR@10': '0.2623', 'NDCG@10': '0.1429', 'HR@20': '0.3631', 'NDCG@20': '0.1683'}
2025-06-13 23:21:49,736 - EarlyStopping counter: 6 out of 10
2025-06-13 23:21:57,341 - {'epoch': 35, 'rec_loss': '4.4915'}
2025-06-13 23:22:01,691 - {'Epoch': 35, 'HR@5': '0.1734', 'NDCG@5': '0.1132', 'HR@10': '0.2613', 'NDCG@10': '0.1415', 'HR@20': '0.3608', 'NDCG@20': '0.1665'}
2025-06-13 23:22:01,692 - EarlyStopping counter: 7 out of 10
2025-06-13 23:22:09,133 - {'epoch': 36, 'rec_loss': '4.4766'}
2025-06-13 23:22:13,567 - {'Epoch': 36, 'HR@5': '0.1724', 'NDCG@5': '0.1132', 'HR@10': '0.2589', 'NDCG@10': '0.1411', 'HR@20': '0.3615', 'NDCG@20': '0.1669'}
2025-06-13 23:22:13,570 - EarlyStopping counter: 8 out of 10
2025-06-13 23:22:21,160 - {'epoch': 37, 'rec_loss': '4.4770'}
2025-06-13 23:22:25,491 - {'Epoch': 37, 'HR@5': '0.1725', 'NDCG@5': '0.1124', 'HR@10': '0.2596', 'NDCG@10': '0.1405', 'HR@20': '0.3595', 'NDCG@20': '0.1657'}
2025-06-13 23:22:25,493 - EarlyStopping counter: 9 out of 10
2025-06-13 23:22:33,082 - {'epoch': 38, 'rec_loss': '4.4729'}
2025-06-13 23:22:37,430 - {'Epoch': 38, 'HR@5': '0.1715', 'NDCG@5': '0.1122', 'HR@10': '0.2587', 'NDCG@10': '0.1403', 'HR@20': '0.3603', 'NDCG@20': '0.1660'}
2025-06-13 23:22:37,431 - EarlyStopping counter: 10 out of 10
2025-06-13 23:22:37,431 - Early stopping
2025-06-13 23:22:37,431 - ---------------Validation Score---------------
2025-06-13 23:22:41,766 - {'Epoch': 0, 'HR@5': '0.1739', 'NDCG@5': '0.1148', 'HR@10': '0.2613', 'NDCG@10': '0.1430', 'HR@20': '0.3622', 'NDCG@20': '0.1685'}
2025-06-13 23:22:41,768 - BSARec_Diginetica
2025-06-13 23:22:41,768 - {'Epoch': 0, 'HR@5': '0.1739', 'NDCG@5': '0.1148', 'HR@10': '0.2613', 'NDCG@10': '0.1430', 'HR@20': '0.3622', 'NDCG@20': '0.1685'}
