2025-06-13 20:21:26,605 - Namespace(data_dir='./data/', output_dir='hparam_search/', data_name='LastFM', train_name='FEARec_LastFM', num_items=10, num_users=1091, lr=0.001, batch_size=256, epochs=200, no_cuda=False, log_freq=1, patience=10, num_workers=4, seed=42, weight_decay=0.0, adam_beta1=0.9, adam_beta2=0.999, gpu_id='0', variance=5, model_type='FEARec', max_seq_length=50, hidden_size=64, num_hidden_layers=2, hidden_act='gelu', num_attention_heads=1, attention_probs_dropout_prob=0.5, hidden_dropout_prob=0.5, initializer_range=0.02, tau=1.0, lmd=0.1, lmd_sem=0.1, ssl='us_x', sim='dot', spatial_ratio=0.1, global_ratio=0.6, fredom_type='us_x', fredom='True', cuda_condition=True, data_file='./data/LastFM.txt', item_size=3647, checkpoint_path=PosixPath('/gpfs/home3/scur2771/BSARec/BSARec/src/hparam_search/FEARec_LastFM/12364666_1/model.pt'), same_target_path='./data/LastFM_same_target.npy')
2025-06-13 20:21:26,618 - FEARecModel(
  (item_embeddings): Embedding(3647, 64, padding_idx=0)
  (position_embeddings): Embedding(50, 64)
  (LayerNorm): LayerNorm()
  (dropout): Dropout(p=0.5, inplace=False)
  (item_encoder): FEARecEncoder(
    (blocks): ModuleList(
      (0): FEARecBlock(
        (layer): FEARecLayer(
          (dropout): Dropout(p=0.1, inplace=False)
          (attn_dropout): Dropout(p=0.5, inplace=False)
          (LayerNorm): LayerNorm()
          (out_dropout): Dropout(p=0.5, inplace=False)
          (dense): Linear(in_features=64, out_features=64, bias=True)
          (query): Linear(in_features=64, out_features=64, bias=True)
          (key): Linear(in_features=64, out_features=64, bias=True)
          (value): Linear(in_features=64, out_features=64, bias=True)
        )
        (feed_forward): FeedForward(
          (dense_1): Linear(in_features=64, out_features=256, bias=True)
          (dense_2): Linear(in_features=256, out_features=64, bias=True)
          (LayerNorm): LayerNorm()
          (dropout): Dropout(p=0.5, inplace=False)
        )
      )
      (1): FEARecBlock(
        (layer): FEARecLayer(
          (dropout): Dropout(p=0.1, inplace=False)
          (attn_dropout): Dropout(p=0.5, inplace=False)
          (LayerNorm): LayerNorm()
          (out_dropout): Dropout(p=0.5, inplace=False)
          (dense): Linear(in_features=64, out_features=64, bias=True)
          (query): Linear(in_features=64, out_features=64, bias=True)
          (key): Linear(in_features=64, out_features=64, bias=True)
          (value): Linear(in_features=64, out_features=64, bias=True)
        )
        (feed_forward): FeedForward(
          (dense_1): Linear(in_features=64, out_features=256, bias=True)
          (dense_2): Linear(in_features=256, out_features=64, bias=True)
          (LayerNorm): LayerNorm()
          (dropout): Dropout(p=0.5, inplace=False)
        )
      )
    )
  )
  (aug_nce_fct): CrossEntropyLoss()
)
2025-06-13 20:21:28,791 - Total Parameters: 336704
2025-06-13 20:21:53,453 - {'epoch': 0, 'rec_loss': '8.9168'}
2025-06-13 20:21:54,368 - {'Epoch': 0, 'HR@5': '0.0275', 'NDCG@5': '0.0174', 'HR@10': '0.0431', 'NDCG@10': '0.0223', 'HR@20': '0.0651', 'NDCG@20': '0.0277'}
2025-06-13 20:21:54,370 - Validation score increased.  Saving model ...
2025-06-13 20:22:18,027 - {'epoch': 1, 'rec_loss': '8.5608'}
2025-06-13 20:22:18,922 - {'Epoch': 1, 'HR@5': '0.0229', 'NDCG@5': '0.0135', 'HR@10': '0.0385', 'NDCG@10': '0.0185', 'HR@20': '0.0587', 'NDCG@20': '0.0236'}
2025-06-13 20:22:18,924 - EarlyStopping counter: 1 out of 10
2025-06-13 20:22:42,630 - {'epoch': 2, 'rec_loss': '8.5141'}
2025-06-13 20:22:43,543 - {'Epoch': 2, 'HR@5': '0.0193', 'NDCG@5': '0.0144', 'HR@10': '0.0349', 'NDCG@10': '0.0193', 'HR@20': '0.0624', 'NDCG@20': '0.0263'}
2025-06-13 20:22:43,545 - EarlyStopping counter: 2 out of 10
2025-06-13 20:23:07,276 - {'epoch': 3, 'rec_loss': '8.4890'}
2025-06-13 20:23:08,159 - {'Epoch': 3, 'HR@5': '0.0211', 'NDCG@5': '0.0125', 'HR@10': '0.0367', 'NDCG@10': '0.0176', 'HR@20': '0.0642', 'NDCG@20': '0.0245'}
2025-06-13 20:23:08,162 - EarlyStopping counter: 3 out of 10
2025-06-13 20:23:31,807 - {'epoch': 4, 'rec_loss': '8.4701'}
2025-06-13 20:23:32,706 - {'Epoch': 4, 'HR@5': '0.0202', 'NDCG@5': '0.0135', 'HR@10': '0.0321', 'NDCG@10': '0.0173', 'HR@20': '0.0651', 'NDCG@20': '0.0257'}
2025-06-13 20:23:32,709 - EarlyStopping counter: 4 out of 10
2025-06-13 20:23:56,403 - {'epoch': 5, 'rec_loss': '8.4583'}
2025-06-13 20:23:57,446 - {'Epoch': 5, 'HR@5': '0.0211', 'NDCG@5': '0.0135', 'HR@10': '0.0376', 'NDCG@10': '0.0189', 'HR@20': '0.0615', 'NDCG@20': '0.0248'}
2025-06-13 20:23:57,449 - EarlyStopping counter: 5 out of 10
2025-06-13 20:24:21,049 - {'epoch': 6, 'rec_loss': '8.4416'}
2025-06-13 20:24:21,923 - {'Epoch': 6, 'HR@5': '0.0193', 'NDCG@5': '0.0131', 'HR@10': '0.0358', 'NDCG@10': '0.0184', 'HR@20': '0.0651', 'NDCG@20': '0.0257'}
2025-06-13 20:24:21,926 - EarlyStopping counter: 6 out of 10
2025-06-13 20:24:45,668 - {'epoch': 7, 'rec_loss': '8.4097'}
2025-06-13 20:24:46,559 - {'Epoch': 7, 'HR@5': '0.0229', 'NDCG@5': '0.0146', 'HR@10': '0.0367', 'NDCG@10': '0.0189', 'HR@20': '0.0642', 'NDCG@20': '0.0259'}
2025-06-13 20:24:46,561 - EarlyStopping counter: 7 out of 10
2025-06-13 20:25:10,121 - {'epoch': 8, 'rec_loss': '8.3544'}
2025-06-13 20:25:11,089 - {'Epoch': 8, 'HR@5': '0.0220', 'NDCG@5': '0.0110', 'HR@10': '0.0358', 'NDCG@10': '0.0155', 'HR@20': '0.0596', 'NDCG@20': '0.0215'}
2025-06-13 20:25:11,091 - EarlyStopping counter: 8 out of 10
2025-06-13 20:25:34,757 - {'epoch': 9, 'rec_loss': '8.2979'}
2025-06-13 20:25:35,604 - {'Epoch': 9, 'HR@5': '0.0239', 'NDCG@5': '0.0128', 'HR@10': '0.0413', 'NDCG@10': '0.0184', 'HR@20': '0.0596', 'NDCG@20': '0.0229'}
2025-06-13 20:25:35,607 - EarlyStopping counter: 9 out of 10
2025-06-13 20:25:59,209 - {'epoch': 10, 'rec_loss': '8.2371'}
2025-06-13 20:26:00,154 - {'Epoch': 10, 'HR@5': '0.0229', 'NDCG@5': '0.0134', 'HR@10': '0.0413', 'NDCG@10': '0.0193', 'HR@20': '0.0615', 'NDCG@20': '0.0243'}
2025-06-13 20:26:00,156 - EarlyStopping counter: 10 out of 10
2025-06-13 20:26:00,157 - Early stopping
2025-06-13 20:26:00,157 - ---------------Validation Score---------------
2025-06-13 20:26:01,067 - {'Epoch': 0, 'HR@5': '0.0275', 'NDCG@5': '0.0174', 'HR@10': '0.0431', 'NDCG@10': '0.0223', 'HR@20': '0.0651', 'NDCG@20': '0.0277'}
2025-06-13 20:26:01,069 - FEARec_LastFM
2025-06-13 20:26:01,069 - {'Epoch': 0, 'HR@5': '0.0275', 'NDCG@5': '0.0174', 'HR@10': '0.0431', 'NDCG@10': '0.0223', 'HR@20': '0.0651', 'NDCG@20': '0.0277'}
