2025-06-13 20:57:29,455 - Namespace(data_dir='data/self_processed/', output_dir='hparam_search/', data_name='Diginetica', train_name='BERT4Rec_Diginetica', num_items=10, num_users=14829, lr=0.0005, batch_size=256, epochs=200, no_cuda=False, log_freq=1, patience=10, num_workers=4, seed=42, weight_decay=0.0, adam_beta1=0.9, adam_beta2=0.999, gpu_id='0', variance=5, model_type='BERT4Rec', max_seq_length=50, hidden_size=64, num_hidden_layers=2, hidden_act='gelu', num_attention_heads=2, attention_probs_dropout_prob=0.5, hidden_dropout_prob=0.5, initializer_range=0.02, mask_ratio=0.6, cuda_condition=True, data_file='data/self_processed/Diginetica.txt', item_size=9441, checkpoint_path=PosixPath('/gpfs/home3/scur2771/BSARec/BSARec/src/hparam_search/BERT4Rec_Diginetica/12362289_15/model.pt'), same_target_path='data/self_processed/Diginetica_same_target.npy')
2025-06-13 20:57:29,479 - BERT4RecModel(
  (item_embeddings): Embedding(9442, 64, padding_idx=0)
  (position_embeddings): Embedding(50, 64)
  (item_encoder): TransformerEncoder(
    (blocks): ModuleList(
      (0): TransformerBlock(
        (layer): MultiHeadAttention(
          (query): Linear(in_features=64, out_features=64, bias=True)
          (key): Linear(in_features=64, out_features=64, bias=True)
          (value): Linear(in_features=64, out_features=64, bias=True)
          (softmax): Softmax(dim=-1)
          (attn_dropout): Dropout(p=0.5, inplace=False)
          (dense): Linear(in_features=64, out_features=64, bias=True)
          (LayerNorm): LayerNorm((64,), eps=1e-12, elementwise_affine=True)
          (out_dropout): Dropout(p=0.5, inplace=False)
        )
        (feed_forward): FeedForward(
          (dense_1): Linear(in_features=64, out_features=256, bias=True)
          (dense_2): Linear(in_features=256, out_features=64, bias=True)
          (LayerNorm): LayerNorm()
          (dropout): Dropout(p=0.5, inplace=False)
        )
      )
      (1): TransformerBlock(
        (layer): MultiHeadAttention(
          (query): Linear(in_features=64, out_features=64, bias=True)
          (key): Linear(in_features=64, out_features=64, bias=True)
          (value): Linear(in_features=64, out_features=64, bias=True)
          (softmax): Softmax(dim=-1)
          (attn_dropout): Dropout(p=0.5, inplace=False)
          (dense): Linear(in_features=64, out_features=64, bias=True)
          (LayerNorm): LayerNorm((64,), eps=1e-12, elementwise_affine=True)
          (out_dropout): Dropout(p=0.5, inplace=False)
        )
        (feed_forward): FeedForward(
          (dense_1): Linear(in_features=64, out_features=256, bias=True)
          (dense_2): Linear(in_features=256, out_features=64, bias=True)
          (LayerNorm): LayerNorm()
          (dropout): Dropout(p=0.5, inplace=False)
        )
      )
    )
  )
  (LayerNorm): LayerNorm()
  (dropout): Dropout(p=0.5, inplace=False)
)
2025-06-13 20:57:31,651 - Total Parameters: 707584
2025-06-13 20:57:44,567 - {'epoch': 0, 'rec_loss': '8.9527'}
2025-06-13 20:57:49,390 - {'Epoch': 0, 'HR@5': '0.0030', 'NDCG@5': '0.0017', 'HR@10': '0.0046', 'NDCG@10': '0.0022', 'HR@20': '0.0084', 'NDCG@20': '0.0031'}
2025-06-13 20:57:49,391 - Validation score increased.  Saving model ...
2025-06-13 20:58:01,672 - {'epoch': 1, 'rec_loss': '8.7860'}
2025-06-13 20:58:06,324 - {'Epoch': 1, 'HR@5': '0.0027', 'NDCG@5': '0.0014', 'HR@10': '0.0049', 'NDCG@10': '0.0022', 'HR@20': '0.0089', 'NDCG@20': '0.0032'}
2025-06-13 20:58:06,325 - Validation score increased.  Saving model ...
2025-06-13 20:58:18,599 - {'epoch': 2, 'rec_loss': '8.7143'}
2025-06-13 20:58:23,070 - {'Epoch': 2, 'HR@5': '0.0030', 'NDCG@5': '0.0018', 'HR@10': '0.0056', 'NDCG@10': '0.0026', 'HR@20': '0.0104', 'NDCG@20': '0.0038'}
2025-06-13 20:58:23,071 - Validation score increased.  Saving model ...
2025-06-13 20:58:35,386 - {'epoch': 3, 'rec_loss': '8.6116'}
2025-06-13 20:58:40,021 - {'Epoch': 3, 'HR@5': '0.0031', 'NDCG@5': '0.0019', 'HR@10': '0.0063', 'NDCG@10': '0.0029', 'HR@20': '0.0121', 'NDCG@20': '0.0044'}
2025-06-13 20:58:40,023 - Validation score increased.  Saving model ...
2025-06-13 20:58:52,339 - {'epoch': 4, 'rec_loss': '8.5225'}
2025-06-13 20:58:57,031 - {'Epoch': 4, 'HR@5': '0.0043', 'NDCG@5': '0.0025', 'HR@10': '0.0074', 'NDCG@10': '0.0035', 'HR@20': '0.0135', 'NDCG@20': '0.0050'}
2025-06-13 20:58:57,032 - Validation score increased.  Saving model ...
2025-06-13 20:59:09,255 - {'epoch': 5, 'rec_loss': '8.4514'}
2025-06-13 20:59:13,892 - {'Epoch': 5, 'HR@5': '0.0055', 'NDCG@5': '0.0032', 'HR@10': '0.0098', 'NDCG@10': '0.0046', 'HR@20': '0.0158', 'NDCG@20': '0.0061'}
2025-06-13 20:59:13,894 - Validation score increased.  Saving model ...
2025-06-13 20:59:26,124 - {'epoch': 6, 'rec_loss': '8.3497'}
2025-06-13 20:59:30,859 - {'Epoch': 6, 'HR@5': '0.0061', 'NDCG@5': '0.0039', 'HR@10': '0.0113', 'NDCG@10': '0.0056', 'HR@20': '0.0228', 'NDCG@20': '0.0084'}
2025-06-13 20:59:30,860 - Validation score increased.  Saving model ...
2025-06-13 20:59:43,191 - {'epoch': 7, 'rec_loss': '8.2462'}
2025-06-13 20:59:47,850 - {'Epoch': 7, 'HR@5': '0.0083', 'NDCG@5': '0.0051', 'HR@10': '0.0169', 'NDCG@10': '0.0079', 'HR@20': '0.0287', 'NDCG@20': '0.0109'}
2025-06-13 20:59:47,851 - Validation score increased.  Saving model ...
2025-06-13 21:00:00,182 - {'epoch': 8, 'rec_loss': '8.1354'}
2025-06-13 21:00:04,707 - {'Epoch': 8, 'HR@5': '0.0136', 'NDCG@5': '0.0083', 'HR@10': '0.0239', 'NDCG@10': '0.0117', 'HR@20': '0.0401', 'NDCG@20': '0.0157'}
2025-06-13 21:00:04,710 - Validation score increased.  Saving model ...
2025-06-13 21:00:16,935 - {'epoch': 9, 'rec_loss': '8.0357'}
2025-06-13 21:00:21,468 - {'Epoch': 9, 'HR@5': '0.0163', 'NDCG@5': '0.0101', 'HR@10': '0.0279', 'NDCG@10': '0.0138', 'HR@20': '0.0461', 'NDCG@20': '0.0184'}
2025-06-13 21:00:21,469 - Validation score increased.  Saving model ...
2025-06-13 21:00:33,727 - {'epoch': 10, 'rec_loss': '7.9502'}
2025-06-13 21:00:38,222 - {'Epoch': 10, 'HR@5': '0.0192', 'NDCG@5': '0.0117', 'HR@10': '0.0324', 'NDCG@10': '0.0159', 'HR@20': '0.0571', 'NDCG@20': '0.0221'}
2025-06-13 21:00:38,223 - Validation score increased.  Saving model ...
2025-06-13 21:00:50,508 - {'epoch': 11, 'rec_loss': '7.8705'}
2025-06-13 21:00:54,985 - {'Epoch': 11, 'HR@5': '0.0216', 'NDCG@5': '0.0136', 'HR@10': '0.0367', 'NDCG@10': '0.0184', 'HR@20': '0.0636', 'NDCG@20': '0.0251'}
2025-06-13 21:00:54,987 - Validation score increased.  Saving model ...
2025-06-13 21:01:07,298 - {'epoch': 12, 'rec_loss': '7.8071'}
2025-06-13 21:01:11,858 - {'Epoch': 12, 'HR@5': '0.0248', 'NDCG@5': '0.0154', 'HR@10': '0.0424', 'NDCG@10': '0.0210', 'HR@20': '0.0736', 'NDCG@20': '0.0288'}
2025-06-13 21:01:11,859 - Validation score increased.  Saving model ...
2025-06-13 21:01:24,198 - {'epoch': 13, 'rec_loss': '7.7481'}
2025-06-13 21:01:28,693 - {'Epoch': 13, 'HR@5': '0.0272', 'NDCG@5': '0.0170', 'HR@10': '0.0482', 'NDCG@10': '0.0237', 'HR@20': '0.0804', 'NDCG@20': '0.0318'}
2025-06-13 21:01:28,694 - Validation score increased.  Saving model ...
2025-06-13 21:01:40,892 - {'epoch': 14, 'rec_loss': '7.6855'}
2025-06-13 21:01:45,413 - {'Epoch': 14, 'HR@5': '0.0283', 'NDCG@5': '0.0173', 'HR@10': '0.0486', 'NDCG@10': '0.0238', 'HR@20': '0.0864', 'NDCG@20': '0.0333'}
2025-06-13 21:01:45,414 - Validation score increased.  Saving model ...
2025-06-13 21:01:57,739 - {'epoch': 15, 'rec_loss': '7.6273'}
2025-06-13 21:02:02,223 - {'Epoch': 15, 'HR@5': '0.0337', 'NDCG@5': '0.0201', 'HR@10': '0.0565', 'NDCG@10': '0.0275', 'HR@20': '0.0937', 'NDCG@20': '0.0368'}
2025-06-13 21:02:02,223 - Validation score increased.  Saving model ...
2025-06-13 21:02:14,469 - {'epoch': 16, 'rec_loss': '7.5760'}
2025-06-13 21:02:18,953 - {'Epoch': 16, 'HR@5': '0.0360', 'NDCG@5': '0.0220', 'HR@10': '0.0591', 'NDCG@10': '0.0294', 'HR@20': '0.0968', 'NDCG@20': '0.0388'}
2025-06-13 21:02:18,956 - Validation score increased.  Saving model ...
2025-06-13 21:02:31,253 - {'epoch': 17, 'rec_loss': '7.5252'}
2025-06-13 21:02:35,673 - {'Epoch': 17, 'HR@5': '0.0377', 'NDCG@5': '0.0227', 'HR@10': '0.0644', 'NDCG@10': '0.0313', 'HR@20': '0.1053', 'NDCG@20': '0.0416'}
2025-06-13 21:02:35,673 - Validation score increased.  Saving model ...
2025-06-13 21:02:47,914 - {'epoch': 18, 'rec_loss': '7.4799'}
2025-06-13 21:02:52,425 - {'Epoch': 18, 'HR@5': '0.0404', 'NDCG@5': '0.0252', 'HR@10': '0.0691', 'NDCG@10': '0.0345', 'HR@20': '0.1109', 'NDCG@20': '0.0450'}
2025-06-13 21:02:52,428 - Validation score increased.  Saving model ...
2025-06-13 21:03:04,752 - {'epoch': 19, 'rec_loss': '7.4199'}
2025-06-13 21:03:09,284 - {'Epoch': 19, 'HR@5': '0.0440', 'NDCG@5': '0.0279', 'HR@10': '0.0751', 'NDCG@10': '0.0379', 'HR@20': '0.1195', 'NDCG@20': '0.0490'}
2025-06-13 21:03:09,285 - Validation score increased.  Saving model ...
2025-06-13 21:03:21,532 - {'epoch': 20, 'rec_loss': '7.3755'}
2025-06-13 21:03:26,049 - {'Epoch': 20, 'HR@5': '0.0465', 'NDCG@5': '0.0293', 'HR@10': '0.0782', 'NDCG@10': '0.0395', 'HR@20': '0.1279', 'NDCG@20': '0.0520'}
2025-06-13 21:03:26,051 - Validation score increased.  Saving model ...
2025-06-13 21:03:38,445 - {'epoch': 21, 'rec_loss': '7.3241'}
2025-06-13 21:03:42,914 - {'Epoch': 21, 'HR@5': '0.0502', 'NDCG@5': '0.0306', 'HR@10': '0.0836', 'NDCG@10': '0.0413', 'HR@20': '0.1339', 'NDCG@20': '0.0540'}
2025-06-13 21:03:42,916 - Validation score increased.  Saving model ...
2025-06-13 21:03:55,242 - {'epoch': 22, 'rec_loss': '7.2757'}
2025-06-13 21:03:59,722 - {'Epoch': 22, 'HR@5': '0.0528', 'NDCG@5': '0.0331', 'HR@10': '0.0870', 'NDCG@10': '0.0441', 'HR@20': '0.1372', 'NDCG@20': '0.0568'}
2025-06-13 21:03:59,724 - Validation score increased.  Saving model ...
2025-06-13 21:04:12,061 - {'epoch': 23, 'rec_loss': '7.2429'}
2025-06-13 21:04:16,579 - {'Epoch': 23, 'HR@5': '0.0537', 'NDCG@5': '0.0338', 'HR@10': '0.0889', 'NDCG@10': '0.0451', 'HR@20': '0.1428', 'NDCG@20': '0.0586'}
2025-06-13 21:04:16,581 - Validation score increased.  Saving model ...
2025-06-13 21:04:28,904 - {'epoch': 24, 'rec_loss': '7.2055'}
2025-06-13 21:04:33,394 - {'Epoch': 24, 'HR@5': '0.0562', 'NDCG@5': '0.0354', 'HR@10': '0.0962', 'NDCG@10': '0.0483', 'HR@20': '0.1523', 'NDCG@20': '0.0624'}
2025-06-13 21:04:33,395 - Validation score increased.  Saving model ...
2025-06-13 21:04:45,707 - {'epoch': 25, 'rec_loss': '7.1677'}
2025-06-13 21:04:50,197 - {'Epoch': 25, 'HR@5': '0.0581', 'NDCG@5': '0.0365', 'HR@10': '0.0997', 'NDCG@10': '0.0500', 'HR@20': '0.1567', 'NDCG@20': '0.0643'}
2025-06-13 21:04:50,198 - Validation score increased.  Saving model ...
2025-06-13 21:05:02,451 - {'epoch': 26, 'rec_loss': '7.1317'}
2025-06-13 21:05:07,003 - {'Epoch': 26, 'HR@5': '0.0600', 'NDCG@5': '0.0378', 'HR@10': '0.1021', 'NDCG@10': '0.0513', 'HR@20': '0.1610', 'NDCG@20': '0.0661'}
2025-06-13 21:05:07,003 - Validation score increased.  Saving model ...
2025-06-13 21:05:19,287 - {'epoch': 27, 'rec_loss': '7.0981'}
2025-06-13 21:05:23,794 - {'Epoch': 27, 'HR@5': '0.0642', 'NDCG@5': '0.0399', 'HR@10': '0.1039', 'NDCG@10': '0.0525', 'HR@20': '0.1660', 'NDCG@20': '0.0682'}
2025-06-13 21:05:23,795 - Validation score increased.  Saving model ...
2025-06-13 21:05:36,057 - {'epoch': 28, 'rec_loss': '7.0624'}
2025-06-13 21:05:40,562 - {'Epoch': 28, 'HR@5': '0.0644', 'NDCG@5': '0.0407', 'HR@10': '0.1077', 'NDCG@10': '0.0546', 'HR@20': '0.1712', 'NDCG@20': '0.0706'}
2025-06-13 21:05:40,563 - Validation score increased.  Saving model ...
2025-06-13 21:05:52,800 - {'epoch': 29, 'rec_loss': '7.0378'}
2025-06-13 21:05:57,242 - {'Epoch': 29, 'HR@5': '0.0669', 'NDCG@5': '0.0417', 'HR@10': '0.1129', 'NDCG@10': '0.0565', 'HR@20': '0.1823', 'NDCG@20': '0.0739'}
2025-06-13 21:05:57,243 - Validation score increased.  Saving model ...
2025-06-13 21:06:09,456 - {'epoch': 30, 'rec_loss': '6.9919'}
2025-06-13 21:06:13,987 - {'Epoch': 30, 'HR@5': '0.0699', 'NDCG@5': '0.0439', 'HR@10': '0.1132', 'NDCG@10': '0.0578', 'HR@20': '0.1852', 'NDCG@20': '0.0759'}
2025-06-13 21:06:13,990 - Validation score increased.  Saving model ...
2025-06-13 21:06:26,221 - {'epoch': 31, 'rec_loss': '6.9650'}
2025-06-13 21:06:30,738 - {'Epoch': 31, 'HR@5': '0.0702', 'NDCG@5': '0.0438', 'HR@10': '0.1198', 'NDCG@10': '0.0597', 'HR@20': '0.1873', 'NDCG@20': '0.0766'}
2025-06-13 21:06:30,739 - Validation score increased.  Saving model ...
2025-06-13 21:06:42,996 - {'epoch': 32, 'rec_loss': '6.9440'}
2025-06-13 21:06:47,526 - {'Epoch': 32, 'HR@5': '0.0720', 'NDCG@5': '0.0457', 'HR@10': '0.1179', 'NDCG@10': '0.0605', 'HR@20': '0.1953', 'NDCG@20': '0.0799'}
2025-06-13 21:06:47,527 - Validation score increased.  Saving model ...
2025-06-13 21:06:59,733 - {'epoch': 33, 'rec_loss': '6.9092'}
2025-06-13 21:07:04,246 - {'Epoch': 33, 'HR@5': '0.0716', 'NDCG@5': '0.0449', 'HR@10': '0.1267', 'NDCG@10': '0.0625', 'HR@20': '0.1998', 'NDCG@20': '0.0808'}
2025-06-13 21:07:04,248 - Validation score increased.  Saving model ...
2025-06-13 21:07:16,444 - {'epoch': 34, 'rec_loss': '6.8853'}
2025-06-13 21:07:20,984 - {'Epoch': 34, 'HR@5': '0.0751', 'NDCG@5': '0.0472', 'HR@10': '0.1267', 'NDCG@10': '0.0638', 'HR@20': '0.2040', 'NDCG@20': '0.0832'}
2025-06-13 21:07:20,985 - Validation score increased.  Saving model ...
2025-06-13 21:07:33,237 - {'epoch': 35, 'rec_loss': '6.8667'}
2025-06-13 21:07:37,775 - {'Epoch': 35, 'HR@5': '0.0810', 'NDCG@5': '0.0505', 'HR@10': '0.1334', 'NDCG@10': '0.0672', 'HR@20': '0.2086', 'NDCG@20': '0.0862'}
2025-06-13 21:07:37,778 - Validation score increased.  Saving model ...
2025-06-13 21:07:49,946 - {'epoch': 36, 'rec_loss': '6.8301'}
2025-06-13 21:07:54,538 - {'Epoch': 36, 'HR@5': '0.0766', 'NDCG@5': '0.0482', 'HR@10': '0.1332', 'NDCG@10': '0.0664', 'HR@20': '0.2099', 'NDCG@20': '0.0857'}
2025-06-13 21:07:54,539 - EarlyStopping counter: 1 out of 10
2025-06-13 21:08:06,915 - {'epoch': 37, 'rec_loss': '6.8155'}
2025-06-13 21:08:11,453 - {'Epoch': 37, 'HR@5': '0.0827', 'NDCG@5': '0.0515', 'HR@10': '0.1332', 'NDCG@10': '0.0677', 'HR@20': '0.2157', 'NDCG@20': '0.0884'}
2025-06-13 21:08:11,455 - Validation score increased.  Saving model ...
2025-06-13 21:08:23,668 - {'epoch': 38, 'rec_loss': '6.8019'}
2025-06-13 21:08:28,190 - {'Epoch': 38, 'HR@5': '0.0831', 'NDCG@5': '0.0531', 'HR@10': '0.1365', 'NDCG@10': '0.0702', 'HR@20': '0.2191', 'NDCG@20': '0.0910'}
2025-06-13 21:08:28,191 - Validation score increased.  Saving model ...
2025-06-13 21:08:40,388 - {'epoch': 39, 'rec_loss': '6.7645'}
2025-06-13 21:08:44,966 - {'Epoch': 39, 'HR@5': '0.0854', 'NDCG@5': '0.0532', 'HR@10': '0.1417', 'NDCG@10': '0.0713', 'HR@20': '0.2254', 'NDCG@20': '0.0922'}
2025-06-13 21:08:44,968 - Validation score increased.  Saving model ...
2025-06-13 21:08:57,285 - {'epoch': 40, 'rec_loss': '6.7522'}
2025-06-13 21:09:01,846 - {'Epoch': 40, 'HR@5': '0.0891', 'NDCG@5': '0.0571', 'HR@10': '0.1431', 'NDCG@10': '0.0745', 'HR@20': '0.2250', 'NDCG@20': '0.0951'}
2025-06-13 21:09:01,847 - Validation score increased.  Saving model ...
2025-06-13 21:09:14,095 - {'epoch': 41, 'rec_loss': '6.7256'}
2025-06-13 21:09:18,657 - {'Epoch': 41, 'HR@5': '0.0885', 'NDCG@5': '0.0566', 'HR@10': '0.1449', 'NDCG@10': '0.0747', 'HR@20': '0.2317', 'NDCG@20': '0.0965'}
2025-06-13 21:09:18,657 - Validation score increased.  Saving model ...
2025-06-13 21:09:30,949 - {'epoch': 42, 'rec_loss': '6.7181'}
2025-06-13 21:09:35,477 - {'Epoch': 42, 'HR@5': '0.0920', 'NDCG@5': '0.0590', 'HR@10': '0.1499', 'NDCG@10': '0.0775', 'HR@20': '0.2363', 'NDCG@20': '0.0993'}
2025-06-13 21:09:35,477 - Validation score increased.  Saving model ...
2025-06-13 21:09:47,759 - {'epoch': 43, 'rec_loss': '6.6854'}
2025-06-13 21:09:52,258 - {'Epoch': 43, 'HR@5': '0.0963', 'NDCG@5': '0.0608', 'HR@10': '0.1522', 'NDCG@10': '0.0787', 'HR@20': '0.2397', 'NDCG@20': '0.1006'}
2025-06-13 21:09:52,259 - Validation score increased.  Saving model ...
2025-06-13 21:10:04,514 - {'epoch': 44, 'rec_loss': '6.6701'}
2025-06-13 21:10:09,096 - {'Epoch': 44, 'HR@5': '0.0968', 'NDCG@5': '0.0609', 'HR@10': '0.1557', 'NDCG@10': '0.0798', 'HR@20': '0.2418', 'NDCG@20': '0.1014'}
2025-06-13 21:10:09,098 - Validation score increased.  Saving model ...
2025-06-13 21:10:21,353 - {'epoch': 45, 'rec_loss': '6.6583'}
2025-06-13 21:10:25,916 - {'Epoch': 45, 'HR@5': '0.0987', 'NDCG@5': '0.0621', 'HR@10': '0.1590', 'NDCG@10': '0.0815', 'HR@20': '0.2429', 'NDCG@20': '0.1025'}
2025-06-13 21:10:25,917 - Validation score increased.  Saving model ...
2025-06-13 21:10:38,197 - {'epoch': 46, 'rec_loss': '6.6323'}
2025-06-13 21:10:42,669 - {'Epoch': 46, 'HR@5': '0.0966', 'NDCG@5': '0.0605', 'HR@10': '0.1574', 'NDCG@10': '0.0800', 'HR@20': '0.2455', 'NDCG@20': '0.1022'}
2025-06-13 21:10:42,670 - EarlyStopping counter: 1 out of 10
2025-06-13 21:10:54,958 - {'epoch': 47, 'rec_loss': '6.6130'}
2025-06-13 21:10:59,575 - {'Epoch': 47, 'HR@5': '0.0978', 'NDCG@5': '0.0621', 'HR@10': '0.1593', 'NDCG@10': '0.0819', 'HR@20': '0.2509', 'NDCG@20': '0.1049'}
2025-06-13 21:10:59,576 - Validation score increased.  Saving model ...
2025-06-13 21:11:11,809 - {'epoch': 48, 'rec_loss': '6.6095'}
2025-06-13 21:11:16,322 - {'Epoch': 48, 'HR@5': '0.0998', 'NDCG@5': '0.0631', 'HR@10': '0.1647', 'NDCG@10': '0.0838', 'HR@20': '0.2563', 'NDCG@20': '0.1069'}
2025-06-13 21:11:16,324 - Validation score increased.  Saving model ...
2025-06-13 21:11:28,619 - {'epoch': 49, 'rec_loss': '6.5890'}
2025-06-13 21:11:33,134 - {'Epoch': 49, 'HR@5': '0.0998', 'NDCG@5': '0.0626', 'HR@10': '0.1654', 'NDCG@10': '0.0836', 'HR@20': '0.2565', 'NDCG@20': '0.1064'}
2025-06-13 21:11:33,136 - EarlyStopping counter: 1 out of 10
2025-06-13 21:11:45,386 - {'epoch': 50, 'rec_loss': '6.5573'}
2025-06-13 21:11:49,945 - {'Epoch': 50, 'HR@5': '0.1056', 'NDCG@5': '0.0660', 'HR@10': '0.1700', 'NDCG@10': '0.0867', 'HR@20': '0.2575', 'NDCG@20': '0.1087'}
2025-06-13 21:11:49,946 - Validation score increased.  Saving model ...
2025-06-13 21:12:02,246 - {'epoch': 51, 'rec_loss': '6.5550'}
2025-06-13 21:12:06,741 - {'Epoch': 51, 'HR@5': '0.1018', 'NDCG@5': '0.0643', 'HR@10': '0.1715', 'NDCG@10': '0.0866', 'HR@20': '0.2619', 'NDCG@20': '0.1094'}
2025-06-13 21:12:06,742 - Validation score increased.  Saving model ...
2025-06-13 21:12:18,995 - {'epoch': 52, 'rec_loss': '6.5359'}
2025-06-13 21:12:23,475 - {'Epoch': 52, 'HR@5': '0.1057', 'NDCG@5': '0.0664', 'HR@10': '0.1737', 'NDCG@10': '0.0882', 'HR@20': '0.2631', 'NDCG@20': '0.1107'}
2025-06-13 21:12:23,476 - Validation score increased.  Saving model ...
2025-06-13 21:12:35,774 - {'epoch': 53, 'rec_loss': '6.5239'}
2025-06-13 21:12:40,319 - {'Epoch': 53, 'HR@5': '0.1086', 'NDCG@5': '0.0690', 'HR@10': '0.1732', 'NDCG@10': '0.0897', 'HR@20': '0.2696', 'NDCG@20': '0.1140'}
2025-06-13 21:12:40,319 - Validation score increased.  Saving model ...
2025-06-13 21:12:52,664 - {'epoch': 54, 'rec_loss': '6.5068'}
2025-06-13 21:12:57,189 - {'Epoch': 54, 'HR@5': '0.1084', 'NDCG@5': '0.0695', 'HR@10': '0.1802', 'NDCG@10': '0.0926', 'HR@20': '0.2719', 'NDCG@20': '0.1156'}
2025-06-13 21:12:57,191 - Validation score increased.  Saving model ...
2025-06-13 21:13:09,456 - {'epoch': 55, 'rec_loss': '6.4931'}
2025-06-13 21:13:13,988 - {'Epoch': 55, 'HR@5': '0.1107', 'NDCG@5': '0.0702', 'HR@10': '0.1797', 'NDCG@10': '0.0923', 'HR@20': '0.2698', 'NDCG@20': '0.1150'}
2025-06-13 21:13:13,989 - EarlyStopping counter: 1 out of 10
2025-06-13 21:13:26,264 - {'epoch': 56, 'rec_loss': '6.4861'}
2025-06-13 21:13:30,774 - {'Epoch': 56, 'HR@5': '0.1126', 'NDCG@5': '0.0702', 'HR@10': '0.1776', 'NDCG@10': '0.0911', 'HR@20': '0.2710', 'NDCG@20': '0.1146'}
2025-06-13 21:13:30,776 - EarlyStopping counter: 2 out of 10
2025-06-13 21:13:42,992 - {'epoch': 57, 'rec_loss': '6.4793'}
2025-06-13 21:13:47,558 - {'Epoch': 57, 'HR@5': '0.1118', 'NDCG@5': '0.0715', 'HR@10': '0.1811', 'NDCG@10': '0.0938', 'HR@20': '0.2743', 'NDCG@20': '0.1172'}
2025-06-13 21:13:47,559 - Validation score increased.  Saving model ...
2025-06-13 21:13:59,863 - {'epoch': 58, 'rec_loss': '6.4711'}
2025-06-13 21:14:04,566 - {'Epoch': 58, 'HR@5': '0.1144', 'NDCG@5': '0.0727', 'HR@10': '0.1846', 'NDCG@10': '0.0953', 'HR@20': '0.2760', 'NDCG@20': '0.1183'}
2025-06-13 21:14:04,567 - Validation score increased.  Saving model ...
2025-06-13 21:14:16,780 - {'epoch': 59, 'rec_loss': '6.4594'}
2025-06-13 21:14:21,406 - {'Epoch': 59, 'HR@5': '0.1164', 'NDCG@5': '0.0727', 'HR@10': '0.1834', 'NDCG@10': '0.0943', 'HR@20': '0.2760', 'NDCG@20': '0.1177'}
2025-06-13 21:14:21,407 - EarlyStopping counter: 1 out of 10
2025-06-13 21:14:33,643 - {'epoch': 60, 'rec_loss': '6.4377'}
2025-06-13 21:14:38,158 - {'Epoch': 60, 'HR@5': '0.1139', 'NDCG@5': '0.0715', 'HR@10': '0.1851', 'NDCG@10': '0.0944', 'HR@20': '0.2789', 'NDCG@20': '0.1181'}
2025-06-13 21:14:38,159 - EarlyStopping counter: 2 out of 10
2025-06-13 21:14:50,362 - {'epoch': 61, 'rec_loss': '6.4290'}
2025-06-13 21:14:54,934 - {'Epoch': 61, 'HR@5': '0.1149', 'NDCG@5': '0.0731', 'HR@10': '0.1852', 'NDCG@10': '0.0957', 'HR@20': '0.2799', 'NDCG@20': '0.1196'}
2025-06-13 21:14:54,938 - Validation score increased.  Saving model ...
2025-06-13 21:15:07,266 - {'epoch': 62, 'rec_loss': '6.4139'}
2025-06-13 21:15:11,817 - {'Epoch': 62, 'HR@5': '0.1177', 'NDCG@5': '0.0750', 'HR@10': '0.1884', 'NDCG@10': '0.0977', 'HR@20': '0.2810', 'NDCG@20': '0.1210'}
2025-06-13 21:15:11,819 - Validation score increased.  Saving model ...
2025-06-13 21:15:24,076 - {'epoch': 63, 'rec_loss': '6.3966'}
2025-06-13 21:15:28,644 - {'Epoch': 63, 'HR@5': '0.1198', 'NDCG@5': '0.0758', 'HR@10': '0.1911', 'NDCG@10': '0.0986', 'HR@20': '0.2831', 'NDCG@20': '0.1218'}
2025-06-13 21:15:28,645 - Validation score increased.  Saving model ...
2025-06-13 21:15:40,932 - {'epoch': 64, 'rec_loss': '6.3966'}
2025-06-13 21:15:45,474 - {'Epoch': 64, 'HR@5': '0.1178', 'NDCG@5': '0.0746', 'HR@10': '0.1910', 'NDCG@10': '0.0981', 'HR@20': '0.2872', 'NDCG@20': '0.1224'}
2025-06-13 21:15:45,476 - Validation score increased.  Saving model ...
2025-06-13 21:15:57,746 - {'epoch': 65, 'rec_loss': '6.3936'}
2025-06-13 21:16:02,269 - {'Epoch': 65, 'HR@5': '0.1184', 'NDCG@5': '0.0757', 'HR@10': '0.1882', 'NDCG@10': '0.0982', 'HR@20': '0.2821', 'NDCG@20': '0.1219'}
2025-06-13 21:16:02,270 - EarlyStopping counter: 1 out of 10
2025-06-13 21:16:14,484 - {'epoch': 66, 'rec_loss': '6.3806'}
2025-06-13 21:16:19,031 - {'Epoch': 66, 'HR@5': '0.1168', 'NDCG@5': '0.0744', 'HR@10': '0.1893', 'NDCG@10': '0.0977', 'HR@20': '0.2876', 'NDCG@20': '0.1225'}
2025-06-13 21:16:19,033 - Validation score increased.  Saving model ...
2025-06-13 21:16:31,368 - {'epoch': 67, 'rec_loss': '6.3793'}
2025-06-13 21:16:35,912 - {'Epoch': 67, 'HR@5': '0.1207', 'NDCG@5': '0.0760', 'HR@10': '0.1934', 'NDCG@10': '0.0993', 'HR@20': '0.2876', 'NDCG@20': '0.1231'}
2025-06-13 21:16:35,914 - Validation score increased.  Saving model ...
2025-06-13 21:16:48,136 - {'epoch': 68, 'rec_loss': '6.3670'}
2025-06-13 21:16:52,642 - {'Epoch': 68, 'HR@5': '0.1211', 'NDCG@5': '0.0766', 'HR@10': '0.1951', 'NDCG@10': '0.1004', 'HR@20': '0.2882', 'NDCG@20': '0.1238'}
2025-06-13 21:16:52,643 - Validation score increased.  Saving model ...
2025-06-13 21:17:04,938 - {'epoch': 69, 'rec_loss': '6.3458'}
2025-06-13 21:17:09,470 - {'Epoch': 69, 'HR@5': '0.1201', 'NDCG@5': '0.0761', 'HR@10': '0.1929', 'NDCG@10': '0.0995', 'HR@20': '0.2859', 'NDCG@20': '0.1230'}
2025-06-13 21:17:09,472 - EarlyStopping counter: 1 out of 10
2025-06-13 21:17:21,753 - {'epoch': 70, 'rec_loss': '6.3581'}
2025-06-13 21:17:26,328 - {'Epoch': 70, 'HR@5': '0.1221', 'NDCG@5': '0.0774', 'HR@10': '0.1941', 'NDCG@10': '0.1005', 'HR@20': '0.2899', 'NDCG@20': '0.1247'}
2025-06-13 21:17:26,330 - Validation score increased.  Saving model ...
2025-06-13 21:17:38,681 - {'epoch': 71, 'rec_loss': '6.3484'}
2025-06-13 21:17:43,157 - {'Epoch': 71, 'HR@5': '0.1209', 'NDCG@5': '0.0766', 'HR@10': '0.1928', 'NDCG@10': '0.0996', 'HR@20': '0.2897', 'NDCG@20': '0.1242'}
2025-06-13 21:17:43,158 - EarlyStopping counter: 1 out of 10
2025-06-13 21:17:55,385 - {'epoch': 72, 'rec_loss': '6.3514'}
2025-06-13 21:17:59,960 - {'Epoch': 72, 'HR@5': '0.1233', 'NDCG@5': '0.0783', 'HR@10': '0.1956', 'NDCG@10': '0.1015', 'HR@20': '0.2944', 'NDCG@20': '0.1264'}
2025-06-13 21:17:59,961 - Validation score increased.  Saving model ...
2025-06-13 21:18:12,161 - {'epoch': 73, 'rec_loss': '6.3427'}
2025-06-13 21:18:16,712 - {'Epoch': 73, 'HR@5': '0.1231', 'NDCG@5': '0.0789', 'HR@10': '0.1973', 'NDCG@10': '0.1028', 'HR@20': '0.2915', 'NDCG@20': '0.1265'}
2025-06-13 21:18:16,715 - Validation score increased.  Saving model ...
2025-06-13 21:18:28,978 - {'epoch': 74, 'rec_loss': '6.3188'}
2025-06-13 21:18:33,476 - {'Epoch': 74, 'HR@5': '0.1199', 'NDCG@5': '0.0758', 'HR@10': '0.1977', 'NDCG@10': '0.1009', 'HR@20': '0.2941', 'NDCG@20': '0.1251'}
2025-06-13 21:18:33,478 - EarlyStopping counter: 1 out of 10
2025-06-13 21:18:45,681 - {'epoch': 75, 'rec_loss': '6.3267'}
2025-06-13 21:18:50,240 - {'Epoch': 75, 'HR@5': '0.1219', 'NDCG@5': '0.0783', 'HR@10': '0.1962', 'NDCG@10': '0.1021', 'HR@20': '0.2942', 'NDCG@20': '0.1269'}
2025-06-13 21:18:50,241 - Validation score increased.  Saving model ...
2025-06-13 21:19:02,584 - {'epoch': 76, 'rec_loss': '6.3200'}
2025-06-13 21:19:07,150 - {'Epoch': 76, 'HR@5': '0.1221', 'NDCG@5': '0.0788', 'HR@10': '0.1976', 'NDCG@10': '0.1031', 'HR@20': '0.2950', 'NDCG@20': '0.1276'}
2025-06-13 21:19:07,151 - Validation score increased.  Saving model ...
2025-06-13 21:19:19,430 - {'epoch': 77, 'rec_loss': '6.3204'}
2025-06-13 21:19:24,029 - {'Epoch': 77, 'HR@5': '0.1237', 'NDCG@5': '0.0794', 'HR@10': '0.1979', 'NDCG@10': '0.1032', 'HR@20': '0.2977', 'NDCG@20': '0.1284'}
2025-06-13 21:19:24,029 - Validation score increased.  Saving model ...
2025-06-13 21:19:36,256 - {'epoch': 78, 'rec_loss': '6.3064'}
2025-06-13 21:19:40,888 - {'Epoch': 78, 'HR@5': '0.1234', 'NDCG@5': '0.0780', 'HR@10': '0.1975', 'NDCG@10': '0.1019', 'HR@20': '0.2959', 'NDCG@20': '0.1267'}
2025-06-13 21:19:40,888 - EarlyStopping counter: 1 out of 10
2025-06-13 21:19:53,160 - {'epoch': 79, 'rec_loss': '6.2867'}
2025-06-13 21:19:57,730 - {'Epoch': 79, 'HR@5': '0.1246', 'NDCG@5': '0.0790', 'HR@10': '0.1983', 'NDCG@10': '0.1027', 'HR@20': '0.2982', 'NDCG@20': '0.1278'}
2025-06-13 21:19:57,731 - EarlyStopping counter: 2 out of 10
2025-06-13 21:20:09,983 - {'epoch': 80, 'rec_loss': '6.3053'}
2025-06-13 21:20:14,590 - {'Epoch': 80, 'HR@5': '0.1215', 'NDCG@5': '0.0767', 'HR@10': '0.1978', 'NDCG@10': '0.1014', 'HR@20': '0.2965', 'NDCG@20': '0.1264'}
2025-06-13 21:20:14,594 - EarlyStopping counter: 3 out of 10
2025-06-13 21:20:26,827 - {'epoch': 81, 'rec_loss': '6.2881'}
2025-06-13 21:20:31,439 - {'Epoch': 81, 'HR@5': '0.1269', 'NDCG@5': '0.0807', 'HR@10': '0.2045', 'NDCG@10': '0.1056', 'HR@20': '0.2992', 'NDCG@20': '0.1295'}
2025-06-13 21:20:31,439 - Validation score increased.  Saving model ...
2025-06-13 21:20:43,635 - {'epoch': 82, 'rec_loss': '6.2849'}
2025-06-13 21:20:48,228 - {'Epoch': 82, 'HR@5': '0.1258', 'NDCG@5': '0.0785', 'HR@10': '0.2032', 'NDCG@10': '0.1034', 'HR@20': '0.2953', 'NDCG@20': '0.1267'}
2025-06-13 21:20:48,228 - EarlyStopping counter: 1 out of 10
2025-06-13 21:21:00,465 - {'epoch': 83, 'rec_loss': '6.2779'}
2025-06-13 21:21:05,051 - {'Epoch': 83, 'HR@5': '0.1275', 'NDCG@5': '0.0811', 'HR@10': '0.2021', 'NDCG@10': '0.1051', 'HR@20': '0.2996', 'NDCG@20': '0.1297'}
2025-06-13 21:21:05,052 - Validation score increased.  Saving model ...
2025-06-13 21:21:17,217 - {'epoch': 84, 'rec_loss': '6.2662'}
2025-06-13 21:21:21,863 - {'Epoch': 84, 'HR@5': '0.1277', 'NDCG@5': '0.0804', 'HR@10': '0.2015', 'NDCG@10': '0.1041', 'HR@20': '0.2996', 'NDCG@20': '0.1288'}
2025-06-13 21:21:21,865 - EarlyStopping counter: 1 out of 10
2025-06-13 21:21:34,172 - {'epoch': 85, 'rec_loss': '6.2590'}
2025-06-13 21:21:38,745 - {'Epoch': 85, 'HR@5': '0.1275', 'NDCG@5': '0.0817', 'HR@10': '0.2012', 'NDCG@10': '0.1054', 'HR@20': '0.2974', 'NDCG@20': '0.1297'}
2025-06-13 21:21:38,746 - Validation score increased.  Saving model ...
2025-06-13 21:21:50,995 - {'epoch': 86, 'rec_loss': '6.2598'}
2025-06-13 21:21:55,637 - {'Epoch': 86, 'HR@5': '0.1299', 'NDCG@5': '0.0831', 'HR@10': '0.2048', 'NDCG@10': '0.1072', 'HR@20': '0.3018', 'NDCG@20': '0.1316'}
2025-06-13 21:21:55,638 - Validation score increased.  Saving model ...
2025-06-13 21:22:07,852 - {'epoch': 87, 'rec_loss': '6.2542'}
2025-06-13 21:22:12,438 - {'Epoch': 87, 'HR@5': '0.1269', 'NDCG@5': '0.0807', 'HR@10': '0.2045', 'NDCG@10': '0.1056', 'HR@20': '0.3015', 'NDCG@20': '0.1301'}
2025-06-13 21:22:12,441 - EarlyStopping counter: 1 out of 10
2025-06-13 21:22:24,718 - {'epoch': 88, 'rec_loss': '6.2535'}
2025-06-13 21:22:29,307 - {'Epoch': 88, 'HR@5': '0.1275', 'NDCG@5': '0.0813', 'HR@10': '0.2033', 'NDCG@10': '0.1057', 'HR@20': '0.2993', 'NDCG@20': '0.1300'}
2025-06-13 21:22:29,308 - EarlyStopping counter: 2 out of 10
2025-06-13 21:22:41,565 - {'epoch': 89, 'rec_loss': '6.2436'}
2025-06-13 21:22:46,154 - {'Epoch': 89, 'HR@5': '0.1312', 'NDCG@5': '0.0838', 'HR@10': '0.2060', 'NDCG@10': '0.1079', 'HR@20': '0.3020', 'NDCG@20': '0.1321'}
2025-06-13 21:22:46,155 - Validation score increased.  Saving model ...
2025-06-13 21:22:58,404 - {'epoch': 90, 'rec_loss': '6.2348'}
2025-06-13 21:23:02,997 - {'Epoch': 90, 'HR@5': '0.1272', 'NDCG@5': '0.0813', 'HR@10': '0.2049', 'NDCG@10': '0.1064', 'HR@20': '0.3022', 'NDCG@20': '0.1309'}
2025-06-13 21:23:02,998 - EarlyStopping counter: 1 out of 10
2025-06-13 21:23:15,265 - {'epoch': 91, 'rec_loss': '6.2497'}
2025-06-13 21:23:19,750 - {'Epoch': 91, 'HR@5': '0.1279', 'NDCG@5': '0.0823', 'HR@10': '0.2027', 'NDCG@10': '0.1064', 'HR@20': '0.3015', 'NDCG@20': '0.1313'}
2025-06-13 21:23:19,754 - EarlyStopping counter: 2 out of 10
2025-06-13 21:23:32,056 - {'epoch': 92, 'rec_loss': '6.2352'}
2025-06-13 21:23:36,618 - {'Epoch': 92, 'HR@5': '0.1302', 'NDCG@5': '0.0822', 'HR@10': '0.2058', 'NDCG@10': '0.1065', 'HR@20': '0.3021', 'NDCG@20': '0.1308'}
2025-06-13 21:23:36,619 - EarlyStopping counter: 3 out of 10
2025-06-13 21:23:48,851 - {'epoch': 93, 'rec_loss': '6.2282'}
2025-06-13 21:23:53,409 - {'Epoch': 93, 'HR@5': '0.1285', 'NDCG@5': '0.0815', 'HR@10': '0.2060', 'NDCG@10': '0.1063', 'HR@20': '0.3029', 'NDCG@20': '0.1308'}
2025-06-13 21:23:53,409 - EarlyStopping counter: 4 out of 10
2025-06-13 21:24:05,709 - {'epoch': 94, 'rec_loss': '6.2253'}
2025-06-13 21:24:10,371 - {'Epoch': 94, 'HR@5': '0.1241', 'NDCG@5': '0.0799', 'HR@10': '0.2023', 'NDCG@10': '0.1051', 'HR@20': '0.3017', 'NDCG@20': '0.1301'}
2025-06-13 21:24:10,372 - EarlyStopping counter: 5 out of 10
2025-06-13 21:24:22,572 - {'epoch': 95, 'rec_loss': '6.2262'}
2025-06-13 21:24:27,094 - {'Epoch': 95, 'HR@5': '0.1279', 'NDCG@5': '0.0810', 'HR@10': '0.2042', 'NDCG@10': '0.1056', 'HR@20': '0.3035', 'NDCG@20': '0.1306'}
2025-06-13 21:24:27,096 - EarlyStopping counter: 6 out of 10
2025-06-13 21:24:39,352 - {'epoch': 96, 'rec_loss': '6.2163'}
2025-06-13 21:24:43,863 - {'Epoch': 96, 'HR@5': '0.1289', 'NDCG@5': '0.0808', 'HR@10': '0.2061', 'NDCG@10': '0.1056', 'HR@20': '0.3037', 'NDCG@20': '0.1303'}
2025-06-13 21:24:43,864 - EarlyStopping counter: 7 out of 10
2025-06-13 21:24:56,075 - {'epoch': 97, 'rec_loss': '6.2234'}
2025-06-13 21:25:00,632 - {'Epoch': 97, 'HR@5': '0.1322', 'NDCG@5': '0.0837', 'HR@10': '0.2073', 'NDCG@10': '0.1078', 'HR@20': '0.3024', 'NDCG@20': '0.1319'}
2025-06-13 21:25:00,633 - EarlyStopping counter: 8 out of 10
2025-06-13 21:25:12,838 - {'epoch': 98, 'rec_loss': '6.2225'}
2025-06-13 21:25:17,404 - {'Epoch': 98, 'HR@5': '0.1281', 'NDCG@5': '0.0813', 'HR@10': '0.2081', 'NDCG@10': '0.1070', 'HR@20': '0.3039', 'NDCG@20': '0.1311'}
2025-06-13 21:25:17,407 - EarlyStopping counter: 9 out of 10
2025-06-13 21:25:29,702 - {'epoch': 99, 'rec_loss': '6.2039'}
2025-06-13 21:25:34,297 - {'Epoch': 99, 'HR@5': '0.1280', 'NDCG@5': '0.0808', 'HR@10': '0.2067', 'NDCG@10': '0.1060', 'HR@20': '0.3044', 'NDCG@20': '0.1307'}
2025-06-13 21:25:34,298 - EarlyStopping counter: 10 out of 10
2025-06-13 21:25:34,298 - Early stopping
2025-06-13 21:25:34,298 - ---------------Validation Score---------------
2025-06-13 21:25:38,857 - {'Epoch': 0, 'HR@5': '0.1312', 'NDCG@5': '0.0838', 'HR@10': '0.2060', 'NDCG@10': '0.1079', 'HR@20': '0.3020', 'NDCG@20': '0.1321'}
2025-06-13 21:25:38,858 - BERT4Rec_Diginetica
2025-06-13 21:25:38,859 - {'Epoch': 0, 'HR@5': '0.1312', 'NDCG@5': '0.0838', 'HR@10': '0.2060', 'NDCG@10': '0.1079', 'HR@20': '0.3020', 'NDCG@20': '0.1321'}
