2025-06-13 23:58:04,346 - Namespace(data_dir='data/self_processed/', output_dir='hparam_search/', data_name='Diginetica', train_name='BSARec_Diginetica', num_items=10, num_users=14829, lr=0.0005, batch_size=256, epochs=200, no_cuda=False, log_freq=1, patience=10, num_workers=4, seed=42, weight_decay=0.0, adam_beta1=0.9, adam_beta2=0.999, gpu_id='0', variance=5, model_type='BSARec', max_seq_length=50, hidden_size=64, num_hidden_layers=2, hidden_act='gelu', num_attention_heads=1, attention_probs_dropout_prob=0.5, hidden_dropout_prob=0.5, initializer_range=0.02, c=5, alpha=0.1, cuda_condition=True, data_file='data/self_processed/Diginetica.txt', item_size=9441, checkpoint_path=PosixPath('/gpfs/home3/scur2771/BSARec/BSARec/src/hparam_search/BSARec_Diginetica/12367757_86/model.pt'), same_target_path='data/self_processed/Diginetica_same_target.npy')
2025-06-13 23:58:04,366 - BSARecModel(
  (item_embeddings): Embedding(9441, 64, padding_idx=0)
  (position_embeddings): Embedding(50, 64)
  (LayerNorm): LayerNorm()
  (dropout): Dropout(p=0.5, inplace=False)
  (item_encoder): BSARecEncoder(
    (blocks): ModuleList(
      (0): BSARecBlock(
        (layer): BSARecLayer(
          (filter_layer): FrequencyLayer(
            (out_dropout): Dropout(p=0.5, inplace=False)
            (LayerNorm): LayerNorm()
          )
          (attention_layer): MultiHeadAttention(
            (query): Linear(in_features=64, out_features=64, bias=True)
            (key): Linear(in_features=64, out_features=64, bias=True)
            (value): Linear(in_features=64, out_features=64, bias=True)
            (softmax): Softmax(dim=-1)
            (attn_dropout): Dropout(p=0.5, inplace=False)
            (dense): Linear(in_features=64, out_features=64, bias=True)
            (LayerNorm): LayerNorm((64,), eps=1e-12, elementwise_affine=True)
            (out_dropout): Dropout(p=0.5, inplace=False)
          )
        )
        (feed_forward): FeedForward(
          (dense_1): Linear(in_features=64, out_features=256, bias=True)
          (dense_2): Linear(in_features=256, out_features=64, bias=True)
          (LayerNorm): LayerNorm()
          (dropout): Dropout(p=0.5, inplace=False)
        )
      )
      (1): BSARecBlock(
        (layer): BSARecLayer(
          (filter_layer): FrequencyLayer(
            (out_dropout): Dropout(p=0.5, inplace=False)
            (LayerNorm): LayerNorm()
          )
          (attention_layer): MultiHeadAttention(
            (query): Linear(in_features=64, out_features=64, bias=True)
            (key): Linear(in_features=64, out_features=64, bias=True)
            (value): Linear(in_features=64, out_features=64, bias=True)
            (softmax): Softmax(dim=-1)
            (attn_dropout): Dropout(p=0.5, inplace=False)
            (dense): Linear(in_features=64, out_features=64, bias=True)
            (LayerNorm): LayerNorm((64,), eps=1e-12, elementwise_affine=True)
            (out_dropout): Dropout(p=0.5, inplace=False)
          )
        )
        (feed_forward): FeedForward(
          (dense_1): Linear(in_features=64, out_features=256, bias=True)
          (dense_2): Linear(in_features=256, out_features=64, bias=True)
          (LayerNorm): LayerNorm()
          (dropout): Dropout(p=0.5, inplace=False)
        )
      )
    )
  )
)
2025-06-13 23:58:06,534 - Total Parameters: 707904
2025-06-13 23:58:15,228 - {'epoch': 0, 'rec_loss': '8.8018'}
2025-06-13 23:58:19,345 - {'Epoch': 0, 'HR@5': '0.0083', 'NDCG@5': '0.0057', 'HR@10': '0.0127', 'NDCG@10': '0.0071', 'HR@20': '0.0198', 'NDCG@20': '0.0089'}
2025-06-13 23:58:19,346 - Validation score increased.  Saving model ...
2025-06-13 23:58:26,806 - {'epoch': 1, 'rec_loss': '8.3151'}
2025-06-13 23:58:30,948 - {'Epoch': 1, 'HR@5': '0.0513', 'NDCG@5': '0.0356', 'HR@10': '0.0753', 'NDCG@10': '0.0434', 'HR@20': '0.0995', 'NDCG@20': '0.0494'}
2025-06-13 23:58:30,949 - Validation score increased.  Saving model ...
2025-06-13 23:58:38,412 - {'epoch': 2, 'rec_loss': '7.6004'}
2025-06-13 23:58:42,678 - {'Epoch': 2, 'HR@5': '0.0921', 'NDCG@5': '0.0607', 'HR@10': '0.1389', 'NDCG@10': '0.0758', 'HR@20': '0.1929', 'NDCG@20': '0.0894'}
2025-06-13 23:58:42,680 - Validation score increased.  Saving model ...
2025-06-13 23:58:50,060 - {'epoch': 3, 'rec_loss': '6.8044'}
2025-06-13 23:58:54,277 - {'Epoch': 3, 'HR@5': '0.1152', 'NDCG@5': '0.0757', 'HR@10': '0.1745', 'NDCG@10': '0.0948', 'HR@20': '0.2414', 'NDCG@20': '0.1117'}
2025-06-13 23:58:54,278 - Validation score increased.  Saving model ...
2025-06-13 23:59:01,704 - {'epoch': 4, 'rec_loss': '6.1717'}
2025-06-13 23:59:06,024 - {'Epoch': 4, 'HR@5': '0.1291', 'NDCG@5': '0.0850', 'HR@10': '0.1982', 'NDCG@10': '0.1073', 'HR@20': '0.2770', 'NDCG@20': '0.1271'}
2025-06-13 23:59:06,026 - Validation score increased.  Saving model ...
2025-06-13 23:59:13,544 - {'epoch': 5, 'rec_loss': '5.7212'}
2025-06-13 23:59:17,871 - {'Epoch': 5, 'HR@5': '0.1455', 'NDCG@5': '0.0946', 'HR@10': '0.2150', 'NDCG@10': '0.1170', 'HR@20': '0.3015', 'NDCG@20': '0.1387'}
2025-06-13 23:59:17,873 - Validation score increased.  Saving model ...
2025-06-13 23:59:25,340 - {'epoch': 6, 'rec_loss': '5.4141'}
2025-06-13 23:59:29,700 - {'Epoch': 6, 'HR@5': '0.1528', 'NDCG@5': '0.1004', 'HR@10': '0.2283', 'NDCG@10': '0.1247', 'HR@20': '0.3207', 'NDCG@20': '0.1480'}
2025-06-13 23:59:29,701 - Validation score increased.  Saving model ...
2025-06-13 23:59:37,125 - {'epoch': 7, 'rec_loss': '5.1973'}
2025-06-13 23:59:41,466 - {'Epoch': 7, 'HR@5': '0.1574', 'NDCG@5': '0.1035', 'HR@10': '0.2379', 'NDCG@10': '0.1294', 'HR@20': '0.3340', 'NDCG@20': '0.1537'}
2025-06-13 23:59:41,467 - Validation score increased.  Saving model ...
2025-06-13 23:59:48,914 - {'epoch': 8, 'rec_loss': '5.0475'}
2025-06-13 23:59:53,221 - {'Epoch': 8, 'HR@5': '0.1642', 'NDCG@5': '0.1078', 'HR@10': '0.2467', 'NDCG@10': '0.1343', 'HR@20': '0.3421', 'NDCG@20': '0.1584'}
2025-06-13 23:59:53,223 - Validation score increased.  Saving model ...
2025-06-14 00:00:00,767 - {'epoch': 9, 'rec_loss': '4.9413'}
2025-06-14 00:00:05,114 - {'Epoch': 9, 'HR@5': '0.1689', 'NDCG@5': '0.1098', 'HR@10': '0.2501', 'NDCG@10': '0.1358', 'HR@20': '0.3494', 'NDCG@20': '0.1609'}
2025-06-14 00:00:05,116 - Validation score increased.  Saving model ...
2025-06-14 00:00:12,542 - {'epoch': 10, 'rec_loss': '4.8616'}
2025-06-14 00:00:16,936 - {'Epoch': 10, 'HR@5': '0.1679', 'NDCG@5': '0.1097', 'HR@10': '0.2525', 'NDCG@10': '0.1369', 'HR@20': '0.3539', 'NDCG@20': '0.1626'}
2025-06-14 00:00:16,937 - Validation score increased.  Saving model ...
2025-06-14 00:00:24,467 - {'epoch': 11, 'rec_loss': '4.8012'}
2025-06-14 00:00:28,777 - {'Epoch': 11, 'HR@5': '0.1703', 'NDCG@5': '0.1127', 'HR@10': '0.2576', 'NDCG@10': '0.1407', 'HR@20': '0.3558', 'NDCG@20': '0.1655'}
2025-06-14 00:00:28,778 - Validation score increased.  Saving model ...
2025-06-14 00:00:36,204 - {'epoch': 12, 'rec_loss': '4.7614'}
2025-06-14 00:00:40,579 - {'Epoch': 12, 'HR@5': '0.1721', 'NDCG@5': '0.1122', 'HR@10': '0.2594', 'NDCG@10': '0.1402', 'HR@20': '0.3580', 'NDCG@20': '0.1652'}
2025-06-14 00:00:40,580 - EarlyStopping counter: 1 out of 10
2025-06-14 00:00:48,111 - {'epoch': 13, 'rec_loss': '4.7267'}
2025-06-14 00:00:52,422 - {'Epoch': 13, 'HR@5': '0.1709', 'NDCG@5': '0.1128', 'HR@10': '0.2596', 'NDCG@10': '0.1415', 'HR@20': '0.3599', 'NDCG@20': '0.1669'}
2025-06-14 00:00:52,423 - Validation score increased.  Saving model ...
2025-06-14 00:00:59,884 - {'epoch': 14, 'rec_loss': '4.7002'}
2025-06-14 00:01:04,203 - {'Epoch': 14, 'HR@5': '0.1725', 'NDCG@5': '0.1135', 'HR@10': '0.2618', 'NDCG@10': '0.1422', 'HR@20': '0.3608', 'NDCG@20': '0.1672'}
2025-06-14 00:01:04,204 - Validation score increased.  Saving model ...
2025-06-14 00:01:11,790 - {'epoch': 15, 'rec_loss': '4.6810'}
2025-06-14 00:01:16,098 - {'Epoch': 15, 'HR@5': '0.1700', 'NDCG@5': '0.1136', 'HR@10': '0.2596', 'NDCG@10': '0.1425', 'HR@20': '0.3623', 'NDCG@20': '0.1685'}
2025-06-14 00:01:16,099 - Validation score increased.  Saving model ...
2025-06-14 00:01:23,707 - {'epoch': 16, 'rec_loss': '4.6614'}
2025-06-14 00:01:28,046 - {'Epoch': 16, 'HR@5': '0.1729', 'NDCG@5': '0.1134', 'HR@10': '0.2615', 'NDCG@10': '0.1420', 'HR@20': '0.3618', 'NDCG@20': '0.1673'}
2025-06-14 00:01:28,048 - EarlyStopping counter: 1 out of 10
2025-06-14 00:01:35,563 - {'epoch': 17, 'rec_loss': '4.6418'}
2025-06-14 00:01:39,928 - {'Epoch': 17, 'HR@5': '0.1741', 'NDCG@5': '0.1139', 'HR@10': '0.2620', 'NDCG@10': '0.1422', 'HR@20': '0.3637', 'NDCG@20': '0.1678'}
2025-06-14 00:01:39,930 - EarlyStopping counter: 2 out of 10
2025-06-14 00:01:47,413 - {'epoch': 18, 'rec_loss': '4.6268'}
2025-06-14 00:01:51,728 - {'Epoch': 18, 'HR@5': '0.1749', 'NDCG@5': '0.1146', 'HR@10': '0.2615', 'NDCG@10': '0.1425', 'HR@20': '0.3643', 'NDCG@20': '0.1685'}
2025-06-14 00:01:51,730 - EarlyStopping counter: 3 out of 10
2025-06-14 00:01:59,149 - {'epoch': 19, 'rec_loss': '4.6183'}
2025-06-14 00:02:03,476 - {'Epoch': 19, 'HR@5': '0.1753', 'NDCG@5': '0.1142', 'HR@10': '0.2629', 'NDCG@10': '0.1424', 'HR@20': '0.3638', 'NDCG@20': '0.1679'}
2025-06-14 00:02:03,477 - EarlyStopping counter: 4 out of 10
2025-06-14 00:02:10,942 - {'epoch': 20, 'rec_loss': '4.6034'}
2025-06-14 00:02:15,381 - {'Epoch': 20, 'HR@5': '0.1759', 'NDCG@5': '0.1153', 'HR@10': '0.2640', 'NDCG@10': '0.1437', 'HR@20': '0.3652', 'NDCG@20': '0.1693'}
2025-06-14 00:02:15,382 - Validation score increased.  Saving model ...
2025-06-14 00:02:22,913 - {'epoch': 21, 'rec_loss': '4.5957'}
2025-06-14 00:02:27,308 - {'Epoch': 21, 'HR@5': '0.1756', 'NDCG@5': '0.1146', 'HR@10': '0.2631', 'NDCG@10': '0.1428', 'HR@20': '0.3657', 'NDCG@20': '0.1687'}
2025-06-14 00:02:27,310 - EarlyStopping counter: 1 out of 10
2025-06-14 00:02:34,754 - {'epoch': 22, 'rec_loss': '4.5874'}
2025-06-14 00:02:39,146 - {'Epoch': 22, 'HR@5': '0.1763', 'NDCG@5': '0.1153', 'HR@10': '0.2651', 'NDCG@10': '0.1439', 'HR@20': '0.3667', 'NDCG@20': '0.1697'}
2025-06-14 00:02:39,148 - Validation score increased.  Saving model ...
2025-06-14 00:02:46,575 - {'epoch': 23, 'rec_loss': '4.5777'}
2025-06-14 00:02:50,916 - {'Epoch': 23, 'HR@5': '0.1743', 'NDCG@5': '0.1130', 'HR@10': '0.2612', 'NDCG@10': '0.1410', 'HR@20': '0.3659', 'NDCG@20': '0.1675'}
2025-06-14 00:02:50,918 - EarlyStopping counter: 1 out of 10
2025-06-14 00:02:58,397 - {'epoch': 24, 'rec_loss': '4.5722'}
2025-06-14 00:03:02,774 - {'Epoch': 24, 'HR@5': '0.1743', 'NDCG@5': '0.1136', 'HR@10': '0.2630', 'NDCG@10': '0.1423', 'HR@20': '0.3661', 'NDCG@20': '0.1683'}
2025-06-14 00:03:02,775 - EarlyStopping counter: 2 out of 10
2025-06-14 00:03:10,269 - {'epoch': 25, 'rec_loss': '4.5566'}
2025-06-14 00:03:14,589 - {'Epoch': 25, 'HR@5': '0.1762', 'NDCG@5': '0.1159', 'HR@10': '0.2632', 'NDCG@10': '0.1440', 'HR@20': '0.3678', 'NDCG@20': '0.1705'}
2025-06-14 00:03:14,591 - Validation score increased.  Saving model ...
2025-06-14 00:03:21,965 - {'epoch': 26, 'rec_loss': '4.5568'}
2025-06-14 00:03:26,251 - {'Epoch': 26, 'HR@5': '0.1768', 'NDCG@5': '0.1158', 'HR@10': '0.2622', 'NDCG@10': '0.1433', 'HR@20': '0.3667', 'NDCG@20': '0.1698'}
2025-06-14 00:03:26,253 - EarlyStopping counter: 1 out of 10
2025-06-14 00:03:33,801 - {'epoch': 27, 'rec_loss': '4.5491'}
2025-06-14 00:03:38,120 - {'Epoch': 27, 'HR@5': '0.1743', 'NDCG@5': '0.1145', 'HR@10': '0.2636', 'NDCG@10': '0.1434', 'HR@20': '0.3645', 'NDCG@20': '0.1690'}
2025-06-14 00:03:38,122 - EarlyStopping counter: 2 out of 10
2025-06-14 00:03:45,544 - {'epoch': 28, 'rec_loss': '4.5443'}
2025-06-14 00:03:49,926 - {'Epoch': 28, 'HR@5': '0.1751', 'NDCG@5': '0.1146', 'HR@10': '0.2635', 'NDCG@10': '0.1431', 'HR@20': '0.3683', 'NDCG@20': '0.1696'}
2025-06-14 00:03:49,928 - EarlyStopping counter: 3 out of 10
2025-06-14 00:03:57,367 - {'epoch': 29, 'rec_loss': '4.5332'}
2025-06-14 00:04:01,689 - {'Epoch': 29, 'HR@5': '0.1761', 'NDCG@5': '0.1160', 'HR@10': '0.2636', 'NDCG@10': '0.1441', 'HR@20': '0.3638', 'NDCG@20': '0.1694'}
2025-06-14 00:04:01,690 - EarlyStopping counter: 4 out of 10
2025-06-14 00:04:09,150 - {'epoch': 30, 'rec_loss': '4.5298'}
2025-06-14 00:04:13,463 - {'Epoch': 30, 'HR@5': '0.1770', 'NDCG@5': '0.1156', 'HR@10': '0.2633', 'NDCG@10': '0.1434', 'HR@20': '0.3673', 'NDCG@20': '0.1696'}
2025-06-14 00:04:13,465 - EarlyStopping counter: 5 out of 10
2025-06-14 00:04:20,925 - {'epoch': 31, 'rec_loss': '4.5257'}
2025-06-14 00:04:25,293 - {'Epoch': 31, 'HR@5': '0.1740', 'NDCG@5': '0.1145', 'HR@10': '0.2648', 'NDCG@10': '0.1438', 'HR@20': '0.3659', 'NDCG@20': '0.1694'}
2025-06-14 00:04:25,294 - EarlyStopping counter: 6 out of 10
2025-06-14 00:04:32,789 - {'epoch': 32, 'rec_loss': '4.5213'}
2025-06-14 00:04:37,102 - {'Epoch': 32, 'HR@5': '0.1739', 'NDCG@5': '0.1133', 'HR@10': '0.2651', 'NDCG@10': '0.1428', 'HR@20': '0.3645', 'NDCG@20': '0.1679'}
2025-06-14 00:04:37,104 - EarlyStopping counter: 7 out of 10
2025-06-14 00:04:44,591 - {'epoch': 33, 'rec_loss': '4.5138'}
2025-06-14 00:04:48,860 - {'Epoch': 33, 'HR@5': '0.1741', 'NDCG@5': '0.1138', 'HR@10': '0.2644', 'NDCG@10': '0.1428', 'HR@20': '0.3673', 'NDCG@20': '0.1687'}
2025-06-14 00:04:48,861 - EarlyStopping counter: 8 out of 10
2025-06-14 00:04:56,370 - {'epoch': 34, 'rec_loss': '4.5098'}
2025-06-14 00:05:00,730 - {'Epoch': 34, 'HR@5': '0.1768', 'NDCG@5': '0.1153', 'HR@10': '0.2644', 'NDCG@10': '0.1435', 'HR@20': '0.3641', 'NDCG@20': '0.1686'}
2025-06-14 00:05:00,731 - EarlyStopping counter: 9 out of 10
2025-06-14 00:05:08,224 - {'epoch': 35, 'rec_loss': '4.5054'}
2025-06-14 00:05:12,582 - {'Epoch': 35, 'HR@5': '0.1743', 'NDCG@5': '0.1148', 'HR@10': '0.2621', 'NDCG@10': '0.1430', 'HR@20': '0.3630', 'NDCG@20': '0.1686'}
2025-06-14 00:05:12,583 - EarlyStopping counter: 10 out of 10
2025-06-14 00:05:12,583 - Early stopping
2025-06-14 00:05:12,583 - ---------------Validation Score---------------
2025-06-14 00:05:16,969 - {'Epoch': 0, 'HR@5': '0.1762', 'NDCG@5': '0.1159', 'HR@10': '0.2632', 'NDCG@10': '0.1440', 'HR@20': '0.3678', 'NDCG@20': '0.1705'}
2025-06-14 00:05:16,970 - BSARec_Diginetica
2025-06-14 00:05:16,971 - {'Epoch': 0, 'HR@5': '0.1762', 'NDCG@5': '0.1159', 'HR@10': '0.2632', 'NDCG@10': '0.1440', 'HR@20': '0.3678', 'NDCG@20': '0.1705'}
