2025-06-13 20:16:35,103 - Namespace(data_dir='data/self_processed/', output_dir='hparam_search/', data_name='Diginetica', train_name='DuoRec_Diginetica', num_items=10, num_users=14829, lr=0.001, batch_size=256, epochs=200, no_cuda=False, log_freq=1, patience=10, num_workers=4, seed=42, weight_decay=0.0, adam_beta1=0.9, adam_beta2=0.999, gpu_id='0', variance=5, model_type='DuoRec', max_seq_length=50, hidden_size=64, num_hidden_layers=2, hidden_act='gelu', num_attention_heads=4, attention_probs_dropout_prob=0.5, hidden_dropout_prob=0.5, initializer_range=0.02, tau=1.0, lmd=0.1, lmd_sem=0.1, ssl='us_x', sim='dot', cuda_condition=True, data_file='data/self_processed/Diginetica.txt', item_size=9441, checkpoint_path=PosixPath('/gpfs/home3/scur2771/BSARec/BSARec/src/hparam_search/DuoRec_Diginetica/12364443_3/model.pt'), same_target_path='data/self_processed/Diginetica_same_target.npy')
2025-06-13 20:16:35,129 - DuoRecModel(
  (item_embeddings): Embedding(9441, 64, padding_idx=0)
  (position_embeddings): Embedding(50, 64)
  (LayerNorm): LayerNorm()
  (dropout): Dropout(p=0.5, inplace=False)
  (item_encoder): TransformerEncoder(
    (blocks): ModuleList(
      (0): TransformerBlock(
        (layer): MultiHeadAttention(
          (query): Linear(in_features=64, out_features=64, bias=True)
          (key): Linear(in_features=64, out_features=64, bias=True)
          (value): Linear(in_features=64, out_features=64, bias=True)
          (softmax): Softmax(dim=-1)
          (attn_dropout): Dropout(p=0.5, inplace=False)
          (dense): Linear(in_features=64, out_features=64, bias=True)
          (LayerNorm): LayerNorm((64,), eps=1e-12, elementwise_affine=True)
          (out_dropout): Dropout(p=0.5, inplace=False)
        )
        (feed_forward): FeedForward(
          (dense_1): Linear(in_features=64, out_features=256, bias=True)
          (dense_2): Linear(in_features=256, out_features=64, bias=True)
          (LayerNorm): LayerNorm()
          (dropout): Dropout(p=0.5, inplace=False)
        )
      )
      (1): TransformerBlock(
        (layer): MultiHeadAttention(
          (query): Linear(in_features=64, out_features=64, bias=True)
          (key): Linear(in_features=64, out_features=64, bias=True)
          (value): Linear(in_features=64, out_features=64, bias=True)
          (softmax): Softmax(dim=-1)
          (attn_dropout): Dropout(p=0.5, inplace=False)
          (dense): Linear(in_features=64, out_features=64, bias=True)
          (LayerNorm): LayerNorm((64,), eps=1e-12, elementwise_affine=True)
          (out_dropout): Dropout(p=0.5, inplace=False)
        )
        (feed_forward): FeedForward(
          (dense_1): Linear(in_features=64, out_features=256, bias=True)
          (dense_2): Linear(in_features=256, out_features=64, bias=True)
          (LayerNorm): LayerNorm()
          (dropout): Dropout(p=0.5, inplace=False)
        )
      )
    )
  )
  (aug_nce_fct): CrossEntropyLoss()
)
2025-06-13 20:16:37,371 - Total Parameters: 707520
2025-06-13 20:16:49,515 - {'epoch': 0, 'rec_loss': '9.6695'}
2025-06-13 20:16:53,954 - {'Epoch': 0, 'HR@5': '0.0033', 'NDCG@5': '0.0019', 'HR@10': '0.0055', 'NDCG@10': '0.0026', 'HR@20': '0.0095', 'NDCG@20': '0.0036'}
2025-06-13 20:16:53,955 - Validation score increased.  Saving model ...
2025-06-13 20:17:05,666 - {'epoch': 1, 'rec_loss': '9.3840'}
2025-06-13 20:17:10,063 - {'Epoch': 1, 'HR@5': '0.0039', 'NDCG@5': '0.0024', 'HR@10': '0.0074', 'NDCG@10': '0.0035', 'HR@20': '0.0139', 'NDCG@20': '0.0051'}
2025-06-13 20:17:10,066 - Validation score increased.  Saving model ...
2025-06-13 20:17:21,661 - {'epoch': 2, 'rec_loss': '9.1086'}
2025-06-13 20:17:26,128 - {'Epoch': 2, 'HR@5': '0.0185', 'NDCG@5': '0.0134', 'HR@10': '0.0276', 'NDCG@10': '0.0163', 'HR@20': '0.0436', 'NDCG@20': '0.0203'}
2025-06-13 20:17:26,129 - Validation score increased.  Saving model ...
2025-06-13 20:17:37,790 - {'epoch': 3, 'rec_loss': '8.6010'}
2025-06-13 20:17:42,131 - {'Epoch': 3, 'HR@5': '0.0669', 'NDCG@5': '0.0443', 'HR@10': '0.1011', 'NDCG@10': '0.0553', 'HR@20': '0.1429', 'NDCG@20': '0.0659'}
2025-06-13 20:17:42,133 - Validation score increased.  Saving model ...
2025-06-13 20:17:53,687 - {'epoch': 4, 'rec_loss': '8.0112'}
2025-06-13 20:17:58,002 - {'Epoch': 4, 'HR@5': '0.0920', 'NDCG@5': '0.0597', 'HR@10': '0.1425', 'NDCG@10': '0.0758', 'HR@20': '0.2089', 'NDCG@20': '0.0925'}
2025-06-13 20:17:58,003 - Validation score increased.  Saving model ...
2025-06-13 20:18:09,678 - {'epoch': 5, 'rec_loss': '7.5156'}
2025-06-13 20:18:14,065 - {'Epoch': 5, 'HR@5': '0.1069', 'NDCG@5': '0.0698', 'HR@10': '0.1660', 'NDCG@10': '0.0888', 'HR@20': '0.2420', 'NDCG@20': '0.1079'}
2025-06-13 20:18:14,069 - Validation score increased.  Saving model ...
2025-06-13 20:18:25,639 - {'epoch': 6, 'rec_loss': '7.1351'}
2025-06-13 20:18:29,905 - {'Epoch': 6, 'HR@5': '0.1171', 'NDCG@5': '0.0768', 'HR@10': '0.1819', 'NDCG@10': '0.0976', 'HR@20': '0.2623', 'NDCG@20': '0.1179'}
2025-06-13 20:18:29,907 - Validation score increased.  Saving model ...
2025-06-13 20:18:41,521 - {'epoch': 7, 'rec_loss': '6.8558'}
2025-06-13 20:18:45,834 - {'Epoch': 7, 'HR@5': '0.1269', 'NDCG@5': '0.0834', 'HR@10': '0.1952', 'NDCG@10': '0.1054', 'HR@20': '0.2812', 'NDCG@20': '0.1271'}
2025-06-13 20:18:45,836 - Validation score increased.  Saving model ...
2025-06-13 20:18:57,614 - {'epoch': 8, 'rec_loss': '6.6419'}
2025-06-13 20:19:01,792 - {'Epoch': 8, 'HR@5': '0.1331', 'NDCG@5': '0.0871', 'HR@10': '0.2034', 'NDCG@10': '0.1097', 'HR@20': '0.2917', 'NDCG@20': '0.1320'}
2025-06-13 20:19:01,795 - Validation score increased.  Saving model ...
2025-06-13 20:19:13,454 - {'epoch': 9, 'rec_loss': '6.4605'}
2025-06-13 20:19:17,736 - {'Epoch': 9, 'HR@5': '0.1380', 'NDCG@5': '0.0908', 'HR@10': '0.2126', 'NDCG@10': '0.1149', 'HR@20': '0.3023', 'NDCG@20': '0.1375'}
2025-06-13 20:19:17,738 - Validation score increased.  Saving model ...
2025-06-13 20:19:29,409 - {'epoch': 10, 'rec_loss': '6.3155'}
2025-06-13 20:19:33,774 - {'Epoch': 10, 'HR@5': '0.1441', 'NDCG@5': '0.0951', 'HR@10': '0.2192', 'NDCG@10': '0.1193', 'HR@20': '0.3101', 'NDCG@20': '0.1422'}
2025-06-13 20:19:33,776 - Validation score increased.  Saving model ...
2025-06-13 20:19:45,404 - {'epoch': 11, 'rec_loss': '6.1896'}
2025-06-13 20:19:49,666 - {'Epoch': 11, 'HR@5': '0.1467', 'NDCG@5': '0.0962', 'HR@10': '0.2247', 'NDCG@10': '0.1213', 'HR@20': '0.3162', 'NDCG@20': '0.1444'}
2025-06-13 20:19:49,668 - Validation score increased.  Saving model ...
2025-06-13 20:20:01,297 - {'epoch': 12, 'rec_loss': '6.0889'}
2025-06-13 20:20:05,646 - {'Epoch': 12, 'HR@5': '0.1530', 'NDCG@5': '0.1005', 'HR@10': '0.2255', 'NDCG@10': '0.1238', 'HR@20': '0.3211', 'NDCG@20': '0.1480'}
2025-06-13 20:20:05,648 - Validation score increased.  Saving model ...
2025-06-13 20:20:17,398 - {'epoch': 13, 'rec_loss': '5.9967'}
2025-06-13 20:20:21,701 - {'Epoch': 13, 'HR@5': '0.1546', 'NDCG@5': '0.1020', 'HR@10': '0.2331', 'NDCG@10': '0.1272', 'HR@20': '0.3267', 'NDCG@20': '0.1508'}
2025-06-13 20:20:21,702 - Validation score increased.  Saving model ...
2025-06-13 20:20:33,558 - {'epoch': 14, 'rec_loss': '5.9158'}
2025-06-13 20:20:37,828 - {'Epoch': 14, 'HR@5': '0.1546', 'NDCG@5': '0.1017', 'HR@10': '0.2358', 'NDCG@10': '0.1278', 'HR@20': '0.3284', 'NDCG@20': '0.1513'}
2025-06-13 20:20:37,830 - Validation score increased.  Saving model ...
2025-06-13 20:20:49,488 - {'epoch': 15, 'rec_loss': '5.8500'}
2025-06-13 20:20:53,782 - {'Epoch': 15, 'HR@5': '0.1584', 'NDCG@5': '0.1044', 'HR@10': '0.2386', 'NDCG@10': '0.1301', 'HR@20': '0.3327', 'NDCG@20': '0.1539'}
2025-06-13 20:20:53,784 - Validation score increased.  Saving model ...
2025-06-13 20:21:05,566 - {'epoch': 16, 'rec_loss': '5.7843'}
2025-06-13 20:21:09,830 - {'Epoch': 16, 'HR@5': '0.1579', 'NDCG@5': '0.1042', 'HR@10': '0.2404', 'NDCG@10': '0.1307', 'HR@20': '0.3352', 'NDCG@20': '0.1547'}
2025-06-13 20:21:09,832 - Validation score increased.  Saving model ...
2025-06-13 20:21:21,472 - {'epoch': 17, 'rec_loss': '5.7259'}
2025-06-13 20:21:25,810 - {'Epoch': 17, 'HR@5': '0.1604', 'NDCG@5': '0.1055', 'HR@10': '0.2425', 'NDCG@10': '0.1320', 'HR@20': '0.3379', 'NDCG@20': '0.1560'}
2025-06-13 20:21:25,811 - Validation score increased.  Saving model ...
2025-06-13 20:21:37,444 - {'epoch': 18, 'rec_loss': '5.6721'}
2025-06-13 20:21:41,813 - {'Epoch': 18, 'HR@5': '0.1620', 'NDCG@5': '0.1065', 'HR@10': '0.2438', 'NDCG@10': '0.1329', 'HR@20': '0.3397', 'NDCG@20': '0.1571'}
2025-06-13 20:21:41,815 - Validation score increased.  Saving model ...
2025-06-13 20:21:53,537 - {'epoch': 19, 'rec_loss': '5.6342'}
2025-06-13 20:21:57,827 - {'Epoch': 19, 'HR@5': '0.1617', 'NDCG@5': '0.1072', 'HR@10': '0.2468', 'NDCG@10': '0.1346', 'HR@20': '0.3423', 'NDCG@20': '0.1587'}
2025-06-13 20:21:57,830 - Validation score increased.  Saving model ...
2025-06-13 20:22:09,612 - {'epoch': 20, 'rec_loss': '5.5844'}
2025-06-13 20:22:13,926 - {'Epoch': 20, 'HR@5': '0.1634', 'NDCG@5': '0.1072', 'HR@10': '0.2457', 'NDCG@10': '0.1337', 'HR@20': '0.3414', 'NDCG@20': '0.1580'}
2025-06-13 20:22:13,928 - EarlyStopping counter: 1 out of 10
2025-06-13 20:22:25,559 - {'epoch': 21, 'rec_loss': '5.5432'}
2025-06-13 20:22:29,896 - {'Epoch': 21, 'HR@5': '0.1650', 'NDCG@5': '0.1087', 'HR@10': '0.2480', 'NDCG@10': '0.1355', 'HR@20': '0.3452', 'NDCG@20': '0.1600'}
2025-06-13 20:22:29,898 - Validation score increased.  Saving model ...
2025-06-13 20:22:41,572 - {'epoch': 22, 'rec_loss': '5.5097'}
2025-06-13 20:22:45,876 - {'Epoch': 22, 'HR@5': '0.1630', 'NDCG@5': '0.1076', 'HR@10': '0.2499', 'NDCG@10': '0.1355', 'HR@20': '0.3449', 'NDCG@20': '0.1596'}
2025-06-13 20:22:45,878 - EarlyStopping counter: 1 out of 10
2025-06-13 20:22:57,536 - {'epoch': 23, 'rec_loss': '5.4712'}
2025-06-13 20:23:01,920 - {'Epoch': 23, 'HR@5': '0.1647', 'NDCG@5': '0.1085', 'HR@10': '0.2508', 'NDCG@10': '0.1363', 'HR@20': '0.3469', 'NDCG@20': '0.1606'}
2025-06-13 20:23:01,921 - Validation score increased.  Saving model ...
2025-06-13 20:23:13,637 - {'epoch': 24, 'rec_loss': '5.4386'}
2025-06-13 20:23:17,985 - {'Epoch': 24, 'HR@5': '0.1659', 'NDCG@5': '0.1095', 'HR@10': '0.2522', 'NDCG@10': '0.1373', 'HR@20': '0.3499', 'NDCG@20': '0.1619'}
2025-06-13 20:23:17,987 - Validation score increased.  Saving model ...
2025-06-13 20:23:29,606 - {'epoch': 25, 'rec_loss': '5.4094'}
2025-06-13 20:23:33,955 - {'Epoch': 25, 'HR@5': '0.1668', 'NDCG@5': '0.1099', 'HR@10': '0.2518', 'NDCG@10': '0.1373', 'HR@20': '0.3513', 'NDCG@20': '0.1625'}
2025-06-13 20:23:33,957 - Validation score increased.  Saving model ...
2025-06-13 20:23:45,611 - {'epoch': 26, 'rec_loss': '5.3806'}
2025-06-13 20:23:49,901 - {'Epoch': 26, 'HR@5': '0.1650', 'NDCG@5': '0.1089', 'HR@10': '0.2523', 'NDCG@10': '0.1371', 'HR@20': '0.3510', 'NDCG@20': '0.1620'}
2025-06-13 20:23:49,902 - EarlyStopping counter: 1 out of 10
2025-06-13 20:24:01,517 - {'epoch': 27, 'rec_loss': '5.3547'}
2025-06-13 20:24:05,950 - {'Epoch': 27, 'HR@5': '0.1656', 'NDCG@5': '0.1101', 'HR@10': '0.2523', 'NDCG@10': '0.1381', 'HR@20': '0.3528', 'NDCG@20': '0.1635'}
2025-06-13 20:24:05,954 - Validation score increased.  Saving model ...
2025-06-13 20:24:17,383 - {'epoch': 28, 'rec_loss': '5.3326'}
2025-06-13 20:24:21,712 - {'Epoch': 28, 'HR@5': '0.1666', 'NDCG@5': '0.1103', 'HR@10': '0.2550', 'NDCG@10': '0.1388', 'HR@20': '0.3525', 'NDCG@20': '0.1634'}
2025-06-13 20:24:21,713 - EarlyStopping counter: 1 out of 10
2025-06-13 20:24:33,409 - {'epoch': 29, 'rec_loss': '5.3097'}
2025-06-13 20:24:37,731 - {'Epoch': 29, 'HR@5': '0.1672', 'NDCG@5': '0.1111', 'HR@10': '0.2542', 'NDCG@10': '0.1391', 'HR@20': '0.3552', 'NDCG@20': '0.1646'}
2025-06-13 20:24:37,733 - Validation score increased.  Saving model ...
2025-06-13 20:24:49,186 - {'epoch': 30, 'rec_loss': '5.2891'}
2025-06-13 20:24:53,473 - {'Epoch': 30, 'HR@5': '0.1670', 'NDCG@5': '0.1105', 'HR@10': '0.2551', 'NDCG@10': '0.1389', 'HR@20': '0.3540', 'NDCG@20': '0.1639'}
2025-06-13 20:24:53,474 - EarlyStopping counter: 1 out of 10
2025-06-13 20:25:05,136 - {'epoch': 31, 'rec_loss': '5.2681'}
2025-06-13 20:25:09,418 - {'Epoch': 31, 'HR@5': '0.1697', 'NDCG@5': '0.1114', 'HR@10': '0.2557', 'NDCG@10': '0.1390', 'HR@20': '0.3557', 'NDCG@20': '0.1643'}
2025-06-13 20:25:09,420 - EarlyStopping counter: 2 out of 10
2025-06-13 20:25:20,928 - {'epoch': 32, 'rec_loss': '5.2453'}
2025-06-13 20:25:25,292 - {'Epoch': 32, 'HR@5': '0.1704', 'NDCG@5': '0.1123', 'HR@10': '0.2553', 'NDCG@10': '0.1396', 'HR@20': '0.3549', 'NDCG@20': '0.1648'}
2025-06-13 20:25:25,294 - Validation score increased.  Saving model ...
2025-06-13 20:25:36,908 - {'epoch': 33, 'rec_loss': '5.2352'}
2025-06-13 20:25:41,168 - {'Epoch': 33, 'HR@5': '0.1708', 'NDCG@5': '0.1127', 'HR@10': '0.2576', 'NDCG@10': '0.1405', 'HR@20': '0.3564', 'NDCG@20': '0.1656'}
2025-06-13 20:25:41,169 - Validation score increased.  Saving model ...
2025-06-13 20:25:52,768 - {'epoch': 34, 'rec_loss': '5.2148'}
2025-06-13 20:25:57,021 - {'Epoch': 34, 'HR@5': '0.1702', 'NDCG@5': '0.1126', 'HR@10': '0.2584', 'NDCG@10': '0.1410', 'HR@20': '0.3558', 'NDCG@20': '0.1656'}
2025-06-13 20:25:57,023 - Validation score increased.  Saving model ...
2025-06-13 20:26:08,631 - {'epoch': 35, 'rec_loss': '5.2015'}
2025-06-13 20:26:12,928 - {'Epoch': 35, 'HR@5': '0.1709', 'NDCG@5': '0.1125', 'HR@10': '0.2589', 'NDCG@10': '0.1407', 'HR@20': '0.3563', 'NDCG@20': '0.1653'}
2025-06-13 20:26:12,929 - EarlyStopping counter: 1 out of 10
2025-06-13 20:26:24,435 - {'epoch': 36, 'rec_loss': '5.1811'}
2025-06-13 20:26:28,708 - {'Epoch': 36, 'HR@5': '0.1705', 'NDCG@5': '0.1124', 'HR@10': '0.2594', 'NDCG@10': '0.1410', 'HR@20': '0.3575', 'NDCG@20': '0.1658'}
2025-06-13 20:26:28,710 - Validation score increased.  Saving model ...
2025-06-13 20:26:40,283 - {'epoch': 37, 'rec_loss': '5.1655'}
2025-06-13 20:26:44,562 - {'Epoch': 37, 'HR@5': '0.1708', 'NDCG@5': '0.1126', 'HR@10': '0.2591', 'NDCG@10': '0.1409', 'HR@20': '0.3574', 'NDCG@20': '0.1658'}
2025-06-13 20:26:44,563 - Validation score increased.  Saving model ...
2025-06-13 20:26:56,062 - {'epoch': 38, 'rec_loss': '5.1531'}
2025-06-13 20:27:00,303 - {'Epoch': 38, 'HR@5': '0.1672', 'NDCG@5': '0.1112', 'HR@10': '0.2578', 'NDCG@10': '0.1404', 'HR@20': '0.3588', 'NDCG@20': '0.1659'}
2025-06-13 20:27:00,306 - Validation score increased.  Saving model ...
2025-06-13 20:27:11,839 - {'epoch': 39, 'rec_loss': '5.1386'}
2025-06-13 20:27:16,187 - {'Epoch': 39, 'HR@5': '0.1696', 'NDCG@5': '0.1127', 'HR@10': '0.2580', 'NDCG@10': '0.1412', 'HR@20': '0.3582', 'NDCG@20': '0.1666'}
2025-06-13 20:27:16,189 - Validation score increased.  Saving model ...
2025-06-13 20:27:27,708 - {'epoch': 40, 'rec_loss': '5.1271'}
2025-06-13 20:27:32,053 - {'Epoch': 40, 'HR@5': '0.1710', 'NDCG@5': '0.1135', 'HR@10': '0.2579', 'NDCG@10': '0.1415', 'HR@20': '0.3581', 'NDCG@20': '0.1669'}
2025-06-13 20:27:32,057 - Validation score increased.  Saving model ...
2025-06-13 20:27:43,628 - {'epoch': 41, 'rec_loss': '5.1149'}
2025-06-13 20:27:47,889 - {'Epoch': 41, 'HR@5': '0.1696', 'NDCG@5': '0.1124', 'HR@10': '0.2588', 'NDCG@10': '0.1412', 'HR@20': '0.3599', 'NDCG@20': '0.1668'}
2025-06-13 20:27:47,890 - EarlyStopping counter: 1 out of 10
2025-06-13 20:27:59,438 - {'epoch': 42, 'rec_loss': '5.1034'}
2025-06-13 20:28:03,823 - {'Epoch': 42, 'HR@5': '0.1704', 'NDCG@5': '0.1134', 'HR@10': '0.2591', 'NDCG@10': '0.1420', 'HR@20': '0.3597', 'NDCG@20': '0.1674'}
2025-06-13 20:28:03,825 - Validation score increased.  Saving model ...
2025-06-13 20:28:15,414 - {'epoch': 43, 'rec_loss': '5.0936'}
2025-06-13 20:28:19,687 - {'Epoch': 43, 'HR@5': '0.1704', 'NDCG@5': '0.1130', 'HR@10': '0.2574', 'NDCG@10': '0.1410', 'HR@20': '0.3581', 'NDCG@20': '0.1666'}
2025-06-13 20:28:19,688 - EarlyStopping counter: 1 out of 10
2025-06-13 20:28:31,168 - {'epoch': 44, 'rec_loss': '5.0843'}
2025-06-13 20:28:35,564 - {'Epoch': 44, 'HR@5': '0.1705', 'NDCG@5': '0.1133', 'HR@10': '0.2588', 'NDCG@10': '0.1417', 'HR@20': '0.3597', 'NDCG@20': '0.1672'}
2025-06-13 20:28:35,566 - EarlyStopping counter: 2 out of 10
2025-06-13 20:28:47,061 - {'epoch': 45, 'rec_loss': '5.0698'}
2025-06-13 20:28:51,396 - {'Epoch': 45, 'HR@5': '0.1698', 'NDCG@5': '0.1127', 'HR@10': '0.2595', 'NDCG@10': '0.1416', 'HR@20': '0.3597', 'NDCG@20': '0.1669'}
2025-06-13 20:28:51,398 - EarlyStopping counter: 3 out of 10
2025-06-13 20:29:02,896 - {'epoch': 46, 'rec_loss': '5.0613'}
2025-06-13 20:29:07,219 - {'Epoch': 46, 'HR@5': '0.1706', 'NDCG@5': '0.1131', 'HR@10': '0.2581', 'NDCG@10': '0.1414', 'HR@20': '0.3603', 'NDCG@20': '0.1672'}
2025-06-13 20:29:07,220 - EarlyStopping counter: 4 out of 10
2025-06-13 20:29:18,670 - {'epoch': 47, 'rec_loss': '5.0521'}
2025-06-13 20:29:23,072 - {'Epoch': 47, 'HR@5': '0.1720', 'NDCG@5': '0.1143', 'HR@10': '0.2591', 'NDCG@10': '0.1424', 'HR@20': '0.3612', 'NDCG@20': '0.1682'}
2025-06-13 20:29:23,073 - Validation score increased.  Saving model ...
2025-06-13 20:29:34,705 - {'epoch': 48, 'rec_loss': '5.0407'}
2025-06-13 20:29:39,100 - {'Epoch': 48, 'HR@5': '0.1730', 'NDCG@5': '0.1141', 'HR@10': '0.2609', 'NDCG@10': '0.1424', 'HR@20': '0.3613', 'NDCG@20': '0.1679'}
2025-06-13 20:29:39,102 - EarlyStopping counter: 1 out of 10
2025-06-13 20:29:50,682 - {'epoch': 49, 'rec_loss': '5.0347'}
2025-06-13 20:29:54,977 - {'Epoch': 49, 'HR@5': '0.1720', 'NDCG@5': '0.1143', 'HR@10': '0.2615', 'NDCG@10': '0.1432', 'HR@20': '0.3609', 'NDCG@20': '0.1683'}
2025-06-13 20:29:54,978 - Validation score increased.  Saving model ...
2025-06-13 20:30:06,491 - {'epoch': 50, 'rec_loss': '5.0228'}
2025-06-13 20:30:10,734 - {'Epoch': 50, 'HR@5': '0.1722', 'NDCG@5': '0.1136', 'HR@10': '0.2611', 'NDCG@10': '0.1422', 'HR@20': '0.3617', 'NDCG@20': '0.1676'}
2025-06-13 20:30:10,737 - EarlyStopping counter: 1 out of 10
2025-06-13 20:30:22,108 - {'epoch': 51, 'rec_loss': '5.0153'}
2025-06-13 20:30:26,400 - {'Epoch': 51, 'HR@5': '0.1731', 'NDCG@5': '0.1145', 'HR@10': '0.2608', 'NDCG@10': '0.1428', 'HR@20': '0.3622', 'NDCG@20': '0.1684'}
2025-06-13 20:30:26,402 - Validation score increased.  Saving model ...
2025-06-13 20:30:37,992 - {'epoch': 52, 'rec_loss': '5.0083'}
2025-06-13 20:30:42,361 - {'Epoch': 52, 'HR@5': '0.1728', 'NDCG@5': '0.1132', 'HR@10': '0.2620', 'NDCG@10': '0.1420', 'HR@20': '0.3611', 'NDCG@20': '0.1670'}
2025-06-13 20:30:42,364 - EarlyStopping counter: 1 out of 10
2025-06-13 20:30:53,798 - {'epoch': 53, 'rec_loss': '4.9987'}
2025-06-13 20:30:58,124 - {'Epoch': 53, 'HR@5': '0.1724', 'NDCG@5': '0.1141', 'HR@10': '0.2609', 'NDCG@10': '0.1426', 'HR@20': '0.3618', 'NDCG@20': '0.1681'}
2025-06-13 20:30:58,126 - EarlyStopping counter: 2 out of 10
2025-06-13 20:31:09,600 - {'epoch': 54, 'rec_loss': '4.9974'}
2025-06-13 20:31:13,892 - {'Epoch': 54, 'HR@5': '0.1726', 'NDCG@5': '0.1135', 'HR@10': '0.2603', 'NDCG@10': '0.1418', 'HR@20': '0.3609', 'NDCG@20': '0.1672'}
2025-06-13 20:31:13,895 - EarlyStopping counter: 3 out of 10
2025-06-13 20:31:25,387 - {'epoch': 55, 'rec_loss': '4.9804'}
2025-06-13 20:31:29,760 - {'Epoch': 55, 'HR@5': '0.1716', 'NDCG@5': '0.1133', 'HR@10': '0.2621', 'NDCG@10': '0.1424', 'HR@20': '0.3626', 'NDCG@20': '0.1679'}
2025-06-13 20:31:29,761 - EarlyStopping counter: 4 out of 10
2025-06-13 20:31:41,170 - {'epoch': 56, 'rec_loss': '4.9770'}
2025-06-13 20:31:45,539 - {'Epoch': 56, 'HR@5': '0.1716', 'NDCG@5': '0.1132', 'HR@10': '0.2616', 'NDCG@10': '0.1422', 'HR@20': '0.3622', 'NDCG@20': '0.1676'}
2025-06-13 20:31:45,539 - EarlyStopping counter: 5 out of 10
2025-06-13 20:31:56,991 - {'epoch': 57, 'rec_loss': '4.9738'}
2025-06-13 20:32:01,291 - {'Epoch': 57, 'HR@5': '0.1722', 'NDCG@5': '0.1138', 'HR@10': '0.2610', 'NDCG@10': '0.1423', 'HR@20': '0.3624', 'NDCG@20': '0.1679'}
2025-06-13 20:32:01,292 - EarlyStopping counter: 6 out of 10
2025-06-13 20:32:12,770 - {'epoch': 58, 'rec_loss': '4.9625'}
2025-06-13 20:32:17,102 - {'Epoch': 58, 'HR@5': '0.1699', 'NDCG@5': '0.1134', 'HR@10': '0.2624', 'NDCG@10': '0.1432', 'HR@20': '0.3629', 'NDCG@20': '0.1685'}
2025-06-13 20:32:17,102 - Validation score increased.  Saving model ...
2025-06-13 20:32:28,580 - {'epoch': 59, 'rec_loss': '4.9595'}
2025-06-13 20:32:32,936 - {'Epoch': 59, 'HR@5': '0.1736', 'NDCG@5': '0.1149', 'HR@10': '0.2616', 'NDCG@10': '0.1432', 'HR@20': '0.3630', 'NDCG@20': '0.1687'}
2025-06-13 20:32:32,938 - Validation score increased.  Saving model ...
2025-06-13 20:32:44,427 - {'epoch': 60, 'rec_loss': '4.9510'}
2025-06-13 20:32:48,708 - {'Epoch': 60, 'HR@5': '0.1724', 'NDCG@5': '0.1137', 'HR@10': '0.2631', 'NDCG@10': '0.1430', 'HR@20': '0.3632', 'NDCG@20': '0.1683'}
2025-06-13 20:32:48,710 - EarlyStopping counter: 1 out of 10
2025-06-13 20:33:00,195 - {'epoch': 61, 'rec_loss': '4.9445'}
2025-06-13 20:33:04,571 - {'Epoch': 61, 'HR@5': '0.1736', 'NDCG@5': '0.1149', 'HR@10': '0.2600', 'NDCG@10': '0.1428', 'HR@20': '0.3650', 'NDCG@20': '0.1693'}
2025-06-13 20:33:04,575 - Validation score increased.  Saving model ...
2025-06-13 20:33:16,123 - {'epoch': 62, 'rec_loss': '4.9388'}
2025-06-13 20:33:20,514 - {'Epoch': 62, 'HR@5': '0.1725', 'NDCG@5': '0.1140', 'HR@10': '0.2617', 'NDCG@10': '0.1428', 'HR@20': '0.3630', 'NDCG@20': '0.1683'}
2025-06-13 20:33:20,517 - EarlyStopping counter: 1 out of 10
2025-06-13 20:33:31,923 - {'epoch': 63, 'rec_loss': '4.9340'}
2025-06-13 20:33:36,335 - {'Epoch': 63, 'HR@5': '0.1732', 'NDCG@5': '0.1144', 'HR@10': '0.2624', 'NDCG@10': '0.1431', 'HR@20': '0.3628', 'NDCG@20': '0.1685'}
2025-06-13 20:33:36,336 - EarlyStopping counter: 2 out of 10
2025-06-13 20:33:47,791 - {'epoch': 64, 'rec_loss': '4.9242'}
2025-06-13 20:33:52,060 - {'Epoch': 64, 'HR@5': '0.1739', 'NDCG@5': '0.1144', 'HR@10': '0.2635', 'NDCG@10': '0.1433', 'HR@20': '0.3622', 'NDCG@20': '0.1682'}
2025-06-13 20:33:52,064 - EarlyStopping counter: 3 out of 10
2025-06-13 20:34:03,710 - {'epoch': 65, 'rec_loss': '4.9250'}
2025-06-13 20:34:08,016 - {'Epoch': 65, 'HR@5': '0.1743', 'NDCG@5': '0.1150', 'HR@10': '0.2621', 'NDCG@10': '0.1432', 'HR@20': '0.3622', 'NDCG@20': '0.1685'}
2025-06-13 20:34:08,018 - EarlyStopping counter: 4 out of 10
2025-06-13 20:34:19,518 - {'epoch': 66, 'rec_loss': '4.9221'}
2025-06-13 20:34:23,812 - {'Epoch': 66, 'HR@5': '0.1730', 'NDCG@5': '0.1144', 'HR@10': '0.2628', 'NDCG@10': '0.1432', 'HR@20': '0.3638', 'NDCG@20': '0.1687'}
2025-06-13 20:34:23,814 - EarlyStopping counter: 5 out of 10
2025-06-13 20:34:35,265 - {'epoch': 67, 'rec_loss': '4.9162'}
2025-06-13 20:34:39,648 - {'Epoch': 67, 'HR@5': '0.1747', 'NDCG@5': '0.1152', 'HR@10': '0.2627', 'NDCG@10': '0.1435', 'HR@20': '0.3630', 'NDCG@20': '0.1688'}
2025-06-13 20:34:39,650 - EarlyStopping counter: 6 out of 10
2025-06-13 20:34:51,044 - {'epoch': 68, 'rec_loss': '4.9085'}
2025-06-13 20:34:55,404 - {'Epoch': 68, 'HR@5': '0.1732', 'NDCG@5': '0.1144', 'HR@10': '0.2616', 'NDCG@10': '0.1429', 'HR@20': '0.3630', 'NDCG@20': '0.1685'}
2025-06-13 20:34:55,405 - EarlyStopping counter: 7 out of 10
2025-06-13 20:35:07,030 - {'epoch': 69, 'rec_loss': '4.9011'}
2025-06-13 20:35:11,335 - {'Epoch': 69, 'HR@5': '0.1736', 'NDCG@5': '0.1147', 'HR@10': '0.2619', 'NDCG@10': '0.1431', 'HR@20': '0.3649', 'NDCG@20': '0.1692'}
2025-06-13 20:35:11,337 - EarlyStopping counter: 8 out of 10
2025-06-13 20:35:22,903 - {'epoch': 70, 'rec_loss': '4.8988'}
2025-06-13 20:35:27,187 - {'Epoch': 70, 'HR@5': '0.1734', 'NDCG@5': '0.1138', 'HR@10': '0.2627', 'NDCG@10': '0.1426', 'HR@20': '0.3642', 'NDCG@20': '0.1682'}
2025-06-13 20:35:27,188 - EarlyStopping counter: 9 out of 10
2025-06-13 20:35:38,731 - {'epoch': 71, 'rec_loss': '4.8921'}
2025-06-13 20:35:43,022 - {'Epoch': 71, 'HR@5': '0.1725', 'NDCG@5': '0.1139', 'HR@10': '0.2629', 'NDCG@10': '0.1430', 'HR@20': '0.3646', 'NDCG@20': '0.1686'}
2025-06-13 20:35:43,024 - EarlyStopping counter: 10 out of 10
2025-06-13 20:35:43,024 - Early stopping
2025-06-13 20:35:43,024 - ---------------Validation Score---------------
2025-06-13 20:35:47,387 - {'Epoch': 0, 'HR@5': '0.1736', 'NDCG@5': '0.1149', 'HR@10': '0.2600', 'NDCG@10': '0.1428', 'HR@20': '0.3650', 'NDCG@20': '0.1693'}
2025-06-13 20:35:47,388 - DuoRec_Diginetica
2025-06-13 20:35:47,388 - {'Epoch': 0, 'HR@5': '0.1736', 'NDCG@5': '0.1149', 'HR@10': '0.2600', 'NDCG@10': '0.1428', 'HR@20': '0.3650', 'NDCG@20': '0.1693'}
