2025-06-13 20:16:34,829 - Namespace(data_dir='data/self_processed/', output_dir='hparam_search/', data_name='Diginetica', train_name='DuoRec_Diginetica', num_items=10, num_users=14829, lr=0.0005, batch_size=256, epochs=200, no_cuda=False, log_freq=1, patience=10, num_workers=4, seed=42, weight_decay=0.0, adam_beta1=0.9, adam_beta2=0.999, gpu_id='0', variance=5, model_type='DuoRec', max_seq_length=50, hidden_size=64, num_hidden_layers=2, hidden_act='gelu', num_attention_heads=4, attention_probs_dropout_prob=0.5, hidden_dropout_prob=0.5, initializer_range=0.02, tau=1.0, lmd=0.1, lmd_sem=0.1, ssl='us_x', sim='dot', cuda_condition=True, data_file='data/self_processed/Diginetica.txt', item_size=9441, checkpoint_path=PosixPath('/gpfs/home3/scur2771/BSARec/BSARec/src/hparam_search/DuoRec_Diginetica/12364443_6/model.pt'), same_target_path='data/self_processed/Diginetica_same_target.npy')
2025-06-13 20:16:34,859 - DuoRecModel(
  (item_embeddings): Embedding(9441, 64, padding_idx=0)
  (position_embeddings): Embedding(50, 64)
  (LayerNorm): LayerNorm()
  (dropout): Dropout(p=0.5, inplace=False)
  (item_encoder): TransformerEncoder(
    (blocks): ModuleList(
      (0): TransformerBlock(
        (layer): MultiHeadAttention(
          (query): Linear(in_features=64, out_features=64, bias=True)
          (key): Linear(in_features=64, out_features=64, bias=True)
          (value): Linear(in_features=64, out_features=64, bias=True)
          (softmax): Softmax(dim=-1)
          (attn_dropout): Dropout(p=0.5, inplace=False)
          (dense): Linear(in_features=64, out_features=64, bias=True)
          (LayerNorm): LayerNorm((64,), eps=1e-12, elementwise_affine=True)
          (out_dropout): Dropout(p=0.5, inplace=False)
        )
        (feed_forward): FeedForward(
          (dense_1): Linear(in_features=64, out_features=256, bias=True)
          (dense_2): Linear(in_features=256, out_features=64, bias=True)
          (LayerNorm): LayerNorm()
          (dropout): Dropout(p=0.5, inplace=False)
        )
      )
      (1): TransformerBlock(
        (layer): MultiHeadAttention(
          (query): Linear(in_features=64, out_features=64, bias=True)
          (key): Linear(in_features=64, out_features=64, bias=True)
          (value): Linear(in_features=64, out_features=64, bias=True)
          (softmax): Softmax(dim=-1)
          (attn_dropout): Dropout(p=0.5, inplace=False)
          (dense): Linear(in_features=64, out_features=64, bias=True)
          (LayerNorm): LayerNorm((64,), eps=1e-12, elementwise_affine=True)
          (out_dropout): Dropout(p=0.5, inplace=False)
        )
        (feed_forward): FeedForward(
          (dense_1): Linear(in_features=64, out_features=256, bias=True)
          (dense_2): Linear(in_features=256, out_features=64, bias=True)
          (LayerNorm): LayerNorm()
          (dropout): Dropout(p=0.5, inplace=False)
        )
      )
    )
  )
  (aug_nce_fct): CrossEntropyLoss()
)
2025-06-13 20:16:37,049 - Total Parameters: 707520
2025-06-13 20:16:48,936 - {'epoch': 0, 'rec_loss': '9.7343'}
2025-06-13 20:16:53,316 - {'Epoch': 0, 'HR@5': '0.0032', 'NDCG@5': '0.0019', 'HR@10': '0.0053', 'NDCG@10': '0.0025', 'HR@20': '0.0092', 'NDCG@20': '0.0035'}
2025-06-13 20:16:53,317 - Validation score increased.  Saving model ...
2025-06-13 20:17:04,850 - {'epoch': 1, 'rec_loss': '9.4965'}
2025-06-13 20:17:09,201 - {'Epoch': 1, 'HR@5': '0.0033', 'NDCG@5': '0.0019', 'HR@10': '0.0050', 'NDCG@10': '0.0024', 'HR@20': '0.0093', 'NDCG@20': '0.0035'}
2025-06-13 20:17:09,203 - EarlyStopping counter: 1 out of 10
2025-06-13 20:17:20,566 - {'epoch': 2, 'rec_loss': '9.4552'}
2025-06-13 20:17:24,972 - {'Epoch': 2, 'HR@5': '0.0034', 'NDCG@5': '0.0019', 'HR@10': '0.0054', 'NDCG@10': '0.0026', 'HR@20': '0.0092', 'NDCG@20': '0.0035'}
2025-06-13 20:17:24,974 - Validation score increased.  Saving model ...
2025-06-13 20:17:36,338 - {'epoch': 3, 'rec_loss': '9.3772'}
2025-06-13 20:17:40,659 - {'Epoch': 3, 'HR@5': '0.0035', 'NDCG@5': '0.0021', 'HR@10': '0.0063', 'NDCG@10': '0.0030', 'HR@20': '0.0104', 'NDCG@20': '0.0041'}
2025-06-13 20:17:40,661 - Validation score increased.  Saving model ...
2025-06-13 20:17:52,066 - {'epoch': 4, 'rec_loss': '9.2177'}
2025-06-13 20:17:56,438 - {'Epoch': 4, 'HR@5': '0.0073', 'NDCG@5': '0.0050', 'HR@10': '0.0132', 'NDCG@10': '0.0069', 'HR@20': '0.0226', 'NDCG@20': '0.0092'}
2025-06-13 20:17:56,440 - Validation score increased.  Saving model ...
2025-06-13 20:18:08,199 - {'epoch': 5, 'rec_loss': '8.9526'}
2025-06-13 20:18:12,534 - {'Epoch': 5, 'HR@5': '0.0262', 'NDCG@5': '0.0183', 'HR@10': '0.0409', 'NDCG@10': '0.0230', 'HR@20': '0.0602', 'NDCG@20': '0.0278'}
2025-06-13 20:18:12,536 - Validation score increased.  Saving model ...
2025-06-13 20:18:23,826 - {'epoch': 6, 'rec_loss': '8.6472'}
2025-06-13 20:18:28,196 - {'Epoch': 6, 'HR@5': '0.0512', 'NDCG@5': '0.0344', 'HR@10': '0.0765', 'NDCG@10': '0.0426', 'HR@20': '0.1076', 'NDCG@20': '0.0505'}
2025-06-13 20:18:28,197 - Validation score increased.  Saving model ...
2025-06-13 20:18:39,569 - {'epoch': 7, 'rec_loss': '8.3630'}
2025-06-13 20:18:43,889 - {'Epoch': 7, 'HR@5': '0.0726', 'NDCG@5': '0.0466', 'HR@10': '0.1086', 'NDCG@10': '0.0582', 'HR@20': '0.1543', 'NDCG@20': '0.0698'}
2025-06-13 20:18:43,891 - Validation score increased.  Saving model ...
2025-06-13 20:18:55,256 - {'epoch': 8, 'rec_loss': '8.1000'}
2025-06-13 20:18:59,663 - {'Epoch': 8, 'HR@5': '0.0792', 'NDCG@5': '0.0517', 'HR@10': '0.1260', 'NDCG@10': '0.0667', 'HR@20': '0.1797', 'NDCG@20': '0.0803'}
2025-06-13 20:18:59,665 - Validation score increased.  Saving model ...
2025-06-13 20:19:11,046 - {'epoch': 9, 'rec_loss': '7.8473'}
2025-06-13 20:19:15,376 - {'Epoch': 9, 'HR@5': '0.0888', 'NDCG@5': '0.0579', 'HR@10': '0.1393', 'NDCG@10': '0.0742', 'HR@20': '0.2025', 'NDCG@20': '0.0901'}
2025-06-13 20:19:15,378 - Validation score increased.  Saving model ...
2025-06-13 20:19:26,761 - {'epoch': 10, 'rec_loss': '7.6254'}
2025-06-13 20:19:30,996 - {'Epoch': 10, 'HR@5': '0.0956', 'NDCG@5': '0.0626', 'HR@10': '0.1490', 'NDCG@10': '0.0798', 'HR@20': '0.2172', 'NDCG@20': '0.0969'}
2025-06-13 20:19:30,997 - Validation score increased.  Saving model ...
2025-06-13 20:19:42,388 - {'epoch': 11, 'rec_loss': '7.4274'}
2025-06-13 20:19:46,765 - {'Epoch': 11, 'HR@5': '0.1028', 'NDCG@5': '0.0674', 'HR@10': '0.1575', 'NDCG@10': '0.0850', 'HR@20': '0.2301', 'NDCG@20': '0.1033'}
2025-06-13 20:19:46,767 - Validation score increased.  Saving model ...
2025-06-13 20:19:58,158 - {'epoch': 12, 'rec_loss': '7.2609'}
2025-06-13 20:20:02,401 - {'Epoch': 12, 'HR@5': '0.1096', 'NDCG@5': '0.0723', 'HR@10': '0.1650', 'NDCG@10': '0.0901', 'HR@20': '0.2432', 'NDCG@20': '0.1098'}
2025-06-13 20:20:02,404 - Validation score increased.  Saving model ...
2025-06-13 20:20:13,797 - {'epoch': 13, 'rec_loss': '7.1091'}
2025-06-13 20:20:18,054 - {'Epoch': 13, 'HR@5': '0.1130', 'NDCG@5': '0.0747', 'HR@10': '0.1717', 'NDCG@10': '0.0936', 'HR@20': '0.2523', 'NDCG@20': '0.1139'}
2025-06-13 20:20:18,056 - Validation score increased.  Saving model ...
2025-06-13 20:20:29,324 - {'epoch': 14, 'rec_loss': '6.9717'}
2025-06-13 20:20:33,611 - {'Epoch': 14, 'HR@5': '0.1186', 'NDCG@5': '0.0784', 'HR@10': '0.1804', 'NDCG@10': '0.0983', 'HR@20': '0.2631', 'NDCG@20': '0.1191'}
2025-06-13 20:20:33,613 - Validation score increased.  Saving model ...
2025-06-13 20:20:45,028 - {'epoch': 15, 'rec_loss': '6.8578'}
2025-06-13 20:20:49,285 - {'Epoch': 15, 'HR@5': '0.1215', 'NDCG@5': '0.0807', 'HR@10': '0.1860', 'NDCG@10': '0.1015', 'HR@20': '0.2709', 'NDCG@20': '0.1229'}
2025-06-13 20:20:49,287 - Validation score increased.  Saving model ...
2025-06-13 20:21:00,684 - {'epoch': 16, 'rec_loss': '6.7462'}
2025-06-13 20:21:05,066 - {'Epoch': 16, 'HR@5': '0.1252', 'NDCG@5': '0.0833', 'HR@10': '0.1923', 'NDCG@10': '0.1047', 'HR@20': '0.2772', 'NDCG@20': '0.1262'}
2025-06-13 20:21:05,068 - Validation score increased.  Saving model ...
2025-06-13 20:21:16,508 - {'epoch': 17, 'rec_loss': '6.6465'}
2025-06-13 20:21:20,854 - {'Epoch': 17, 'HR@5': '0.1281', 'NDCG@5': '0.0849', 'HR@10': '0.1968', 'NDCG@10': '0.1070', 'HR@20': '0.2833', 'NDCG@20': '0.1289'}
2025-06-13 20:21:20,855 - Validation score increased.  Saving model ...
2025-06-13 20:21:32,323 - {'epoch': 18, 'rec_loss': '6.5534'}
2025-06-13 20:21:36,735 - {'Epoch': 18, 'HR@5': '0.1320', 'NDCG@5': '0.0874', 'HR@10': '0.2019', 'NDCG@10': '0.1100', 'HR@20': '0.2895', 'NDCG@20': '0.1321'}
2025-06-13 20:21:36,736 - Validation score increased.  Saving model ...
2025-06-13 20:21:48,182 - {'epoch': 19, 'rec_loss': '6.4803'}
2025-06-13 20:21:52,488 - {'Epoch': 19, 'HR@5': '0.1347', 'NDCG@5': '0.0895', 'HR@10': '0.2064', 'NDCG@10': '0.1126', 'HR@20': '0.2956', 'NDCG@20': '0.1351'}
2025-06-13 20:21:52,489 - Validation score increased.  Saving model ...
2025-06-13 20:22:03,949 - {'epoch': 20, 'rec_loss': '6.4005'}
2025-06-13 20:22:08,309 - {'Epoch': 20, 'HR@5': '0.1378', 'NDCG@5': '0.0912', 'HR@10': '0.2087', 'NDCG@10': '0.1140', 'HR@20': '0.2988', 'NDCG@20': '0.1368'}
2025-06-13 20:22:08,311 - Validation score increased.  Saving model ...
2025-06-13 20:22:19,790 - {'epoch': 21, 'rec_loss': '6.3312'}
2025-06-13 20:22:24,116 - {'Epoch': 21, 'HR@5': '0.1390', 'NDCG@5': '0.0927', 'HR@10': '0.2143', 'NDCG@10': '0.1169', 'HR@20': '0.3040', 'NDCG@20': '0.1396'}
2025-06-13 20:22:24,119 - Validation score increased.  Saving model ...
2025-06-13 20:22:35,785 - {'epoch': 22, 'rec_loss': '6.2698'}
2025-06-13 20:22:40,089 - {'Epoch': 22, 'HR@5': '0.1416', 'NDCG@5': '0.0937', 'HR@10': '0.2184', 'NDCG@10': '0.1184', 'HR@20': '0.3070', 'NDCG@20': '0.1407'}
2025-06-13 20:22:40,090 - Validation score increased.  Saving model ...
2025-06-13 20:22:51,622 - {'epoch': 23, 'rec_loss': '6.2094'}
2025-06-13 20:22:55,932 - {'Epoch': 23, 'HR@5': '0.1447', 'NDCG@5': '0.0956', 'HR@10': '0.2209', 'NDCG@10': '0.1200', 'HR@20': '0.3100', 'NDCG@20': '0.1425'}
2025-06-13 20:22:55,933 - Validation score increased.  Saving model ...
2025-06-13 20:23:07,391 - {'epoch': 24, 'rec_loss': '6.1480'}
2025-06-13 20:23:11,747 - {'Epoch': 24, 'HR@5': '0.1469', 'NDCG@5': '0.0970', 'HR@10': '0.2224', 'NDCG@10': '0.1213', 'HR@20': '0.3137', 'NDCG@20': '0.1443'}
2025-06-13 20:23:11,749 - Validation score increased.  Saving model ...
2025-06-13 20:23:23,222 - {'epoch': 25, 'rec_loss': '6.0966'}
2025-06-13 20:23:27,580 - {'Epoch': 25, 'HR@5': '0.1488', 'NDCG@5': '0.0985', 'HR@10': '0.2255', 'NDCG@10': '0.1231', 'HR@20': '0.3172', 'NDCG@20': '0.1463'}
2025-06-13 20:23:27,584 - Validation score increased.  Saving model ...
2025-06-13 20:23:39,058 - {'epoch': 26, 'rec_loss': '6.0480'}
2025-06-13 20:23:43,372 - {'Epoch': 26, 'HR@5': '0.1492', 'NDCG@5': '0.0987', 'HR@10': '0.2271', 'NDCG@10': '0.1237', 'HR@20': '0.3197', 'NDCG@20': '0.1471'}
2025-06-13 20:23:43,373 - Validation score increased.  Saving model ...
2025-06-13 20:23:54,654 - {'epoch': 27, 'rec_loss': '6.0076'}
2025-06-13 20:23:59,025 - {'Epoch': 27, 'HR@5': '0.1511', 'NDCG@5': '0.1003', 'HR@10': '0.2308', 'NDCG@10': '0.1259', 'HR@20': '0.3224', 'NDCG@20': '0.1490'}
2025-06-13 20:23:59,028 - Validation score increased.  Saving model ...
2025-06-13 20:24:10,561 - {'epoch': 28, 'rec_loss': '5.9600'}
2025-06-13 20:24:14,828 - {'Epoch': 28, 'HR@5': '0.1540', 'NDCG@5': '0.1016', 'HR@10': '0.2325', 'NDCG@10': '0.1269', 'HR@20': '0.3243', 'NDCG@20': '0.1500'}
2025-06-13 20:24:14,830 - Validation score increased.  Saving model ...
2025-06-13 20:24:26,150 - {'epoch': 29, 'rec_loss': '5.9197'}
2025-06-13 20:24:30,514 - {'Epoch': 29, 'HR@5': '0.1536', 'NDCG@5': '0.1016', 'HR@10': '0.2338', 'NDCG@10': '0.1275', 'HR@20': '0.3271', 'NDCG@20': '0.1510'}
2025-06-13 20:24:30,514 - Validation score increased.  Saving model ...
2025-06-13 20:24:41,908 - {'epoch': 30, 'rec_loss': '5.8848'}
2025-06-13 20:24:46,268 - {'Epoch': 30, 'HR@5': '0.1557', 'NDCG@5': '0.1029', 'HR@10': '0.2335', 'NDCG@10': '0.1279', 'HR@20': '0.3288', 'NDCG@20': '0.1520'}
2025-06-13 20:24:46,269 - Validation score increased.  Saving model ...
2025-06-13 20:24:57,673 - {'epoch': 31, 'rec_loss': '5.8477'}
2025-06-13 20:25:02,061 - {'Epoch': 31, 'HR@5': '0.1555', 'NDCG@5': '0.1026', 'HR@10': '0.2357', 'NDCG@10': '0.1285', 'HR@20': '0.3300', 'NDCG@20': '0.1523'}
2025-06-13 20:25:02,086 - Validation score increased.  Saving model ...
2025-06-13 20:25:13,414 - {'epoch': 32, 'rec_loss': '5.8116'}
2025-06-13 20:25:17,742 - {'Epoch': 32, 'HR@5': '0.1572', 'NDCG@5': '0.1038', 'HR@10': '0.2381', 'NDCG@10': '0.1299', 'HR@20': '0.3334', 'NDCG@20': '0.1539'}
2025-06-13 20:25:17,744 - Validation score increased.  Saving model ...
2025-06-13 20:25:29,103 - {'epoch': 33, 'rec_loss': '5.7852'}
2025-06-13 20:25:33,405 - {'Epoch': 33, 'HR@5': '0.1590', 'NDCG@5': '0.1044', 'HR@10': '0.2397', 'NDCG@10': '0.1304', 'HR@20': '0.3346', 'NDCG@20': '0.1543'}
2025-06-13 20:25:33,407 - Validation score increased.  Saving model ...
2025-06-13 20:25:44,805 - {'epoch': 34, 'rec_loss': '5.7482'}
2025-06-13 20:25:49,172 - {'Epoch': 34, 'HR@5': '0.1584', 'NDCG@5': '0.1051', 'HR@10': '0.2404', 'NDCG@10': '0.1315', 'HR@20': '0.3352', 'NDCG@20': '0.1554'}
2025-06-13 20:25:49,173 - Validation score increased.  Saving model ...
2025-06-13 20:26:00,623 - {'epoch': 35, 'rec_loss': '5.7234'}
2025-06-13 20:26:05,005 - {'Epoch': 35, 'HR@5': '0.1599', 'NDCG@5': '0.1056', 'HR@10': '0.2401', 'NDCG@10': '0.1314', 'HR@20': '0.3386', 'NDCG@20': '0.1563'}
2025-06-13 20:26:05,007 - Validation score increased.  Saving model ...
2025-06-13 20:26:16,444 - {'epoch': 36, 'rec_loss': '5.6909'}
2025-06-13 20:26:20,858 - {'Epoch': 36, 'HR@5': '0.1600', 'NDCG@5': '0.1056', 'HR@10': '0.2416', 'NDCG@10': '0.1319', 'HR@20': '0.3404', 'NDCG@20': '0.1569'}
2025-06-13 20:26:20,859 - Validation score increased.  Saving model ...
2025-06-13 20:26:32,345 - {'epoch': 37, 'rec_loss': '5.6685'}
2025-06-13 20:26:36,723 - {'Epoch': 37, 'HR@5': '0.1611', 'NDCG@5': '0.1064', 'HR@10': '0.2432', 'NDCG@10': '0.1329', 'HR@20': '0.3407', 'NDCG@20': '0.1575'}
2025-06-13 20:26:36,724 - Validation score increased.  Saving model ...
2025-06-13 20:26:48,116 - {'epoch': 38, 'rec_loss': '5.6374'}
2025-06-13 20:26:52,439 - {'Epoch': 38, 'HR@5': '0.1604', 'NDCG@5': '0.1063', 'HR@10': '0.2426', 'NDCG@10': '0.1328', 'HR@20': '0.3403', 'NDCG@20': '0.1576'}
2025-06-13 20:26:52,441 - Validation score increased.  Saving model ...
2025-06-13 20:27:03,827 - {'epoch': 39, 'rec_loss': '5.6175'}
2025-06-13 20:27:08,161 - {'Epoch': 39, 'HR@5': '0.1600', 'NDCG@5': '0.1068', 'HR@10': '0.2438', 'NDCG@10': '0.1339', 'HR@20': '0.3406', 'NDCG@20': '0.1584'}
2025-06-13 20:27:08,163 - Validation score increased.  Saving model ...
2025-06-13 20:27:19,438 - {'epoch': 40, 'rec_loss': '5.5905'}
2025-06-13 20:27:23,796 - {'Epoch': 40, 'HR@5': '0.1625', 'NDCG@5': '0.1076', 'HR@10': '0.2460', 'NDCG@10': '0.1345', 'HR@20': '0.3423', 'NDCG@20': '0.1588'}
2025-06-13 20:27:23,798 - Validation score increased.  Saving model ...
2025-06-13 20:27:35,254 - {'epoch': 41, 'rec_loss': '5.5671'}
2025-06-13 20:27:39,581 - {'Epoch': 41, 'HR@5': '0.1617', 'NDCG@5': '0.1078', 'HR@10': '0.2462', 'NDCG@10': '0.1351', 'HR@20': '0.3437', 'NDCG@20': '0.1598'}
2025-06-13 20:27:39,581 - Validation score increased.  Saving model ...
2025-06-13 20:27:51,033 - {'epoch': 42, 'rec_loss': '5.5521'}
2025-06-13 20:27:55,328 - {'Epoch': 42, 'HR@5': '0.1639', 'NDCG@5': '0.1081', 'HR@10': '0.2469', 'NDCG@10': '0.1348', 'HR@20': '0.3445', 'NDCG@20': '0.1595'}
2025-06-13 20:27:55,328 - EarlyStopping counter: 1 out of 10
2025-06-13 20:28:06,790 - {'epoch': 43, 'rec_loss': '5.5284'}
2025-06-13 20:28:11,169 - {'Epoch': 43, 'HR@5': '0.1654', 'NDCG@5': '0.1089', 'HR@10': '0.2485', 'NDCG@10': '0.1355', 'HR@20': '0.3454', 'NDCG@20': '0.1600'}
2025-06-13 20:28:11,170 - Validation score increased.  Saving model ...
2025-06-13 20:28:22,565 - {'epoch': 44, 'rec_loss': '5.5114'}
2025-06-13 20:28:26,935 - {'Epoch': 44, 'HR@5': '0.1650', 'NDCG@5': '0.1095', 'HR@10': '0.2484', 'NDCG@10': '0.1363', 'HR@20': '0.3466', 'NDCG@20': '0.1611'}
2025-06-13 20:28:26,937 - Validation score increased.  Saving model ...
2025-06-13 20:28:38,292 - {'epoch': 45, 'rec_loss': '5.4901'}
2025-06-13 20:28:42,590 - {'Epoch': 45, 'HR@5': '0.1631', 'NDCG@5': '0.1086', 'HR@10': '0.2485', 'NDCG@10': '0.1362', 'HR@20': '0.3475', 'NDCG@20': '0.1612'}
2025-06-13 20:28:42,591 - Validation score increased.  Saving model ...
2025-06-13 20:28:53,936 - {'epoch': 46, 'rec_loss': '5.4700'}
2025-06-13 20:28:58,246 - {'Epoch': 46, 'HR@5': '0.1652', 'NDCG@5': '0.1093', 'HR@10': '0.2504', 'NDCG@10': '0.1367', 'HR@20': '0.3479', 'NDCG@20': '0.1614'}
2025-06-13 20:28:58,247 - Validation score increased.  Saving model ...
2025-06-13 20:29:09,629 - {'epoch': 47, 'rec_loss': '5.4585'}
2025-06-13 20:29:13,951 - {'Epoch': 47, 'HR@5': '0.1655', 'NDCG@5': '0.1101', 'HR@10': '0.2506', 'NDCG@10': '0.1375', 'HR@20': '0.3485', 'NDCG@20': '0.1622'}
2025-06-13 20:29:13,953 - Validation score increased.  Saving model ...
2025-06-13 20:29:25,251 - {'epoch': 48, 'rec_loss': '5.4361'}
2025-06-13 20:29:29,562 - {'Epoch': 48, 'HR@5': '0.1666', 'NDCG@5': '0.1104', 'HR@10': '0.2509', 'NDCG@10': '0.1376', 'HR@20': '0.3493', 'NDCG@20': '0.1625'}
2025-06-13 20:29:29,564 - Validation score increased.  Saving model ...
2025-06-13 20:29:41,034 - {'epoch': 49, 'rec_loss': '5.4238'}
2025-06-13 20:29:45,380 - {'Epoch': 49, 'HR@5': '0.1662', 'NDCG@5': '0.1106', 'HR@10': '0.2499', 'NDCG@10': '0.1376', 'HR@20': '0.3483', 'NDCG@20': '0.1624'}
2025-06-13 20:29:45,381 - EarlyStopping counter: 1 out of 10
2025-06-13 20:29:56,770 - {'epoch': 50, 'rec_loss': '5.4042'}
2025-06-13 20:30:01,160 - {'Epoch': 50, 'HR@5': '0.1684', 'NDCG@5': '0.1110', 'HR@10': '0.2513', 'NDCG@10': '0.1376', 'HR@20': '0.3517', 'NDCG@20': '0.1630'}
2025-06-13 20:30:01,161 - Validation score increased.  Saving model ...
2025-06-13 20:30:12,628 - {'epoch': 51, 'rec_loss': '5.3941'}
2025-06-13 20:30:16,965 - {'Epoch': 51, 'HR@5': '0.1676', 'NDCG@5': '0.1113', 'HR@10': '0.2509', 'NDCG@10': '0.1381', 'HR@20': '0.3520', 'NDCG@20': '0.1636'}
2025-06-13 20:30:16,967 - Validation score increased.  Saving model ...
2025-06-13 20:30:28,471 - {'epoch': 52, 'rec_loss': '5.3753'}
2025-06-13 20:30:32,751 - {'Epoch': 52, 'HR@5': '0.1673', 'NDCG@5': '0.1107', 'HR@10': '0.2524', 'NDCG@10': '0.1381', 'HR@20': '0.3526', 'NDCG@20': '0.1634'}
2025-06-13 20:30:32,752 - EarlyStopping counter: 1 out of 10
2025-06-13 20:30:44,027 - {'epoch': 53, 'rec_loss': '5.3598'}
2025-06-13 20:30:48,353 - {'Epoch': 53, 'HR@5': '0.1681', 'NDCG@5': '0.1114', 'HR@10': '0.2527', 'NDCG@10': '0.1387', 'HR@20': '0.3537', 'NDCG@20': '0.1641'}
2025-06-13 20:30:48,354 - Validation score increased.  Saving model ...
2025-06-13 20:30:59,817 - {'epoch': 54, 'rec_loss': '5.3493'}
2025-06-13 20:31:04,188 - {'Epoch': 54, 'HR@5': '0.1679', 'NDCG@5': '0.1113', 'HR@10': '0.2522', 'NDCG@10': '0.1385', 'HR@20': '0.3540', 'NDCG@20': '0.1642'}
2025-06-13 20:31:04,190 - Validation score increased.  Saving model ...
2025-06-13 20:31:15,504 - {'epoch': 55, 'rec_loss': '5.3338'}
2025-06-13 20:31:19,848 - {'Epoch': 55, 'HR@5': '0.1687', 'NDCG@5': '0.1114', 'HR@10': '0.2542', 'NDCG@10': '0.1390', 'HR@20': '0.3541', 'NDCG@20': '0.1642'}
2025-06-13 20:31:19,849 - Validation score increased.  Saving model ...
2025-06-13 20:31:31,198 - {'epoch': 56, 'rec_loss': '5.3193'}
2025-06-13 20:31:35,567 - {'Epoch': 56, 'HR@5': '0.1678', 'NDCG@5': '0.1114', 'HR@10': '0.2532', 'NDCG@10': '0.1390', 'HR@20': '0.3537', 'NDCG@20': '0.1644'}
2025-06-13 20:31:35,569 - Validation score increased.  Saving model ...
2025-06-13 20:31:46,972 - {'epoch': 57, 'rec_loss': '5.3134'}
2025-06-13 20:31:51,291 - {'Epoch': 57, 'HR@5': '0.1679', 'NDCG@5': '0.1115', 'HR@10': '0.2542', 'NDCG@10': '0.1393', 'HR@20': '0.3555', 'NDCG@20': '0.1648'}
2025-06-13 20:31:51,293 - Validation score increased.  Saving model ...
2025-06-13 20:32:02,900 - {'epoch': 58, 'rec_loss': '5.2958'}
2025-06-13 20:32:07,272 - {'Epoch': 58, 'HR@5': '0.1682', 'NDCG@5': '0.1119', 'HR@10': '0.2553', 'NDCG@10': '0.1399', 'HR@20': '0.3555', 'NDCG@20': '0.1652'}
2025-06-13 20:32:07,273 - Validation score increased.  Saving model ...
2025-06-13 20:32:18,723 - {'epoch': 59, 'rec_loss': '5.2867'}
2025-06-13 20:32:23,116 - {'Epoch': 59, 'HR@5': '0.1683', 'NDCG@5': '0.1119', 'HR@10': '0.2545', 'NDCG@10': '0.1397', 'HR@20': '0.3557', 'NDCG@20': '0.1653'}
2025-06-13 20:32:23,119 - Validation score increased.  Saving model ...
2025-06-13 20:32:34,490 - {'epoch': 60, 'rec_loss': '5.2719'}
2025-06-13 20:32:38,860 - {'Epoch': 60, 'HR@5': '0.1693', 'NDCG@5': '0.1121', 'HR@10': '0.2556', 'NDCG@10': '0.1398', 'HR@20': '0.3574', 'NDCG@20': '0.1655'}
2025-06-13 20:32:38,861 - Validation score increased.  Saving model ...
2025-06-13 20:32:50,258 - {'epoch': 61, 'rec_loss': '5.2653'}
2025-06-13 20:32:54,679 - {'Epoch': 61, 'HR@5': '0.1691', 'NDCG@5': '0.1126', 'HR@10': '0.2547', 'NDCG@10': '0.1401', 'HR@20': '0.3568', 'NDCG@20': '0.1659'}
2025-06-13 20:32:54,681 - Validation score increased.  Saving model ...
2025-06-13 20:33:06,147 - {'epoch': 62, 'rec_loss': '5.2503'}
2025-06-13 20:33:10,547 - {'Epoch': 62, 'HR@5': '0.1695', 'NDCG@5': '0.1126', 'HR@10': '0.2544', 'NDCG@10': '0.1399', 'HR@20': '0.3563', 'NDCG@20': '0.1657'}
2025-06-13 20:33:10,548 - EarlyStopping counter: 1 out of 10
2025-06-13 20:33:21,885 - {'epoch': 63, 'rec_loss': '5.2386'}
2025-06-13 20:33:26,298 - {'Epoch': 63, 'HR@5': '0.1698', 'NDCG@5': '0.1128', 'HR@10': '0.2561', 'NDCG@10': '0.1406', 'HR@20': '0.3574', 'NDCG@20': '0.1662'}
2025-06-13 20:33:26,299 - Validation score increased.  Saving model ...
2025-06-13 20:33:37,706 - {'epoch': 64, 'rec_loss': '5.2286'}
2025-06-13 20:33:42,065 - {'Epoch': 64, 'HR@5': '0.1704', 'NDCG@5': '0.1130', 'HR@10': '0.2563', 'NDCG@10': '0.1406', 'HR@20': '0.3575', 'NDCG@20': '0.1662'}
2025-06-13 20:33:42,066 - Validation score increased.  Saving model ...
2025-06-13 20:33:53,381 - {'epoch': 65, 'rec_loss': '5.2214'}
2025-06-13 20:33:57,804 - {'Epoch': 65, 'HR@5': '0.1700', 'NDCG@5': '0.1129', 'HR@10': '0.2563', 'NDCG@10': '0.1407', 'HR@20': '0.3565', 'NDCG@20': '0.1660'}
2025-06-13 20:33:57,808 - EarlyStopping counter: 1 out of 10
2025-06-13 20:34:09,388 - {'epoch': 66, 'rec_loss': '5.2130'}
2025-06-13 20:34:13,735 - {'Epoch': 66, 'HR@5': '0.1689', 'NDCG@5': '0.1123', 'HR@10': '0.2547', 'NDCG@10': '0.1401', 'HR@20': '0.3569', 'NDCG@20': '0.1660'}
2025-06-13 20:34:13,737 - EarlyStopping counter: 2 out of 10
2025-06-13 20:34:25,238 - {'epoch': 67, 'rec_loss': '5.2032'}
2025-06-13 20:34:29,592 - {'Epoch': 67, 'HR@5': '0.1701', 'NDCG@5': '0.1133', 'HR@10': '0.2555', 'NDCG@10': '0.1408', 'HR@20': '0.3574', 'NDCG@20': '0.1666'}
2025-06-13 20:34:29,595 - Validation score increased.  Saving model ...
2025-06-13 20:34:40,991 - {'epoch': 68, 'rec_loss': '5.1956'}
2025-06-13 20:34:45,323 - {'Epoch': 68, 'HR@5': '0.1706', 'NDCG@5': '0.1126', 'HR@10': '0.2559', 'NDCG@10': '0.1400', 'HR@20': '0.3570', 'NDCG@20': '0.1656'}
2025-06-13 20:34:45,325 - EarlyStopping counter: 1 out of 10
2025-06-13 20:34:56,722 - {'epoch': 69, 'rec_loss': '5.1835'}
2025-06-13 20:35:01,077 - {'Epoch': 69, 'HR@5': '0.1709', 'NDCG@5': '0.1130', 'HR@10': '0.2555', 'NDCG@10': '0.1402', 'HR@20': '0.3584', 'NDCG@20': '0.1663'}
2025-06-13 20:35:01,078 - EarlyStopping counter: 2 out of 10
2025-06-13 20:35:13,001 - {'epoch': 70, 'rec_loss': '5.1758'}
2025-06-13 20:35:17,390 - {'Epoch': 70, 'HR@5': '0.1710', 'NDCG@5': '0.1133', 'HR@10': '0.2563', 'NDCG@10': '0.1407', 'HR@20': '0.3581', 'NDCG@20': '0.1665'}
2025-06-13 20:35:17,391 - EarlyStopping counter: 3 out of 10
2025-06-13 20:35:29,112 - {'epoch': 71, 'rec_loss': '5.1683'}
2025-06-13 20:35:33,487 - {'Epoch': 71, 'HR@5': '0.1706', 'NDCG@5': '0.1133', 'HR@10': '0.2565', 'NDCG@10': '0.1409', 'HR@20': '0.3584', 'NDCG@20': '0.1667'}
2025-06-13 20:35:33,490 - Validation score increased.  Saving model ...
2025-06-13 20:35:45,218 - {'epoch': 72, 'rec_loss': '5.1531'}
2025-06-13 20:35:49,596 - {'Epoch': 72, 'HR@5': '0.1704', 'NDCG@5': '0.1132', 'HR@10': '0.2557', 'NDCG@10': '0.1407', 'HR@20': '0.3576', 'NDCG@20': '0.1665'}
2025-06-13 20:35:49,597 - EarlyStopping counter: 1 out of 10
2025-06-13 20:36:00,999 - {'epoch': 73, 'rec_loss': '5.1520'}
2025-06-13 20:36:05,411 - {'Epoch': 73, 'HR@5': '0.1710', 'NDCG@5': '0.1133', 'HR@10': '0.2580', 'NDCG@10': '0.1412', 'HR@20': '0.3597', 'NDCG@20': '0.1669'}
2025-06-13 20:36:05,412 - Validation score increased.  Saving model ...
2025-06-13 20:36:16,844 - {'epoch': 74, 'rec_loss': '5.1455'}
2025-06-13 20:36:21,190 - {'Epoch': 74, 'HR@5': '0.1707', 'NDCG@5': '0.1128', 'HR@10': '0.2570', 'NDCG@10': '0.1407', 'HR@20': '0.3589', 'NDCG@20': '0.1665'}
2025-06-13 20:36:21,193 - EarlyStopping counter: 1 out of 10
2025-06-13 20:36:32,655 - {'epoch': 75, 'rec_loss': '5.1330'}
2025-06-13 20:36:37,054 - {'Epoch': 75, 'HR@5': '0.1715', 'NDCG@5': '0.1137', 'HR@10': '0.2576', 'NDCG@10': '0.1414', 'HR@20': '0.3591', 'NDCG@20': '0.1671'}
2025-06-13 20:36:37,056 - Validation score increased.  Saving model ...
2025-06-13 20:36:48,478 - {'epoch': 76, 'rec_loss': '5.1267'}
2025-06-13 20:36:52,742 - {'Epoch': 76, 'HR@5': '0.1712', 'NDCG@5': '0.1135', 'HR@10': '0.2572', 'NDCG@10': '0.1413', 'HR@20': '0.3582', 'NDCG@20': '0.1669'}
2025-06-13 20:36:52,743 - EarlyStopping counter: 1 out of 10
2025-06-13 20:37:04,263 - {'epoch': 77, 'rec_loss': '5.1210'}
2025-06-13 20:37:08,648 - {'Epoch': 77, 'HR@5': '0.1727', 'NDCG@5': '0.1136', 'HR@10': '0.2582', 'NDCG@10': '0.1410', 'HR@20': '0.3580', 'NDCG@20': '0.1663'}
2025-06-13 20:37:08,650 - EarlyStopping counter: 2 out of 10
2025-06-13 20:37:20,020 - {'epoch': 78, 'rec_loss': '5.1113'}
2025-06-13 20:37:24,348 - {'Epoch': 78, 'HR@5': '0.1708', 'NDCG@5': '0.1133', 'HR@10': '0.2582', 'NDCG@10': '0.1414', 'HR@20': '0.3584', 'NDCG@20': '0.1667'}
2025-06-13 20:37:24,350 - EarlyStopping counter: 3 out of 10
2025-06-13 20:37:35,691 - {'epoch': 79, 'rec_loss': '5.1049'}
2025-06-13 20:37:40,060 - {'Epoch': 79, 'HR@5': '0.1724', 'NDCG@5': '0.1138', 'HR@10': '0.2569', 'NDCG@10': '0.1410', 'HR@20': '0.3586', 'NDCG@20': '0.1668'}
2025-06-13 20:37:40,062 - EarlyStopping counter: 4 out of 10
2025-06-13 20:37:51,514 - {'epoch': 80, 'rec_loss': '5.1019'}
2025-06-13 20:37:55,950 - {'Epoch': 80, 'HR@5': '0.1719', 'NDCG@5': '0.1137', 'HR@10': '0.2581', 'NDCG@10': '0.1415', 'HR@20': '0.3593', 'NDCG@20': '0.1670'}
2025-06-13 20:37:55,951 - EarlyStopping counter: 5 out of 10
2025-06-13 20:38:07,479 - {'epoch': 81, 'rec_loss': '5.0940'}
2025-06-13 20:38:11,946 - {'Epoch': 81, 'HR@5': '0.1724', 'NDCG@5': '0.1138', 'HR@10': '0.2576', 'NDCG@10': '0.1412', 'HR@20': '0.3605', 'NDCG@20': '0.1673'}
2025-06-13 20:38:11,948 - Validation score increased.  Saving model ...
2025-06-13 20:38:23,321 - {'epoch': 82, 'rec_loss': '5.0867'}
2025-06-13 20:38:27,687 - {'Epoch': 82, 'HR@5': '0.1726', 'NDCG@5': '0.1145', 'HR@10': '0.2585', 'NDCG@10': '0.1420', 'HR@20': '0.3602', 'NDCG@20': '0.1677'}
2025-06-13 20:38:27,688 - Validation score increased.  Saving model ...
2025-06-13 20:38:39,160 - {'epoch': 83, 'rec_loss': '5.0754'}
2025-06-13 20:38:43,576 - {'Epoch': 83, 'HR@5': '0.1721', 'NDCG@5': '0.1140', 'HR@10': '0.2589', 'NDCG@10': '0.1418', 'HR@20': '0.3595', 'NDCG@20': '0.1672'}
2025-06-13 20:38:43,578 - EarlyStopping counter: 1 out of 10
2025-06-13 20:38:54,985 - {'epoch': 84, 'rec_loss': '5.0763'}
2025-06-13 20:38:59,370 - {'Epoch': 84, 'HR@5': '0.1734', 'NDCG@5': '0.1147', 'HR@10': '0.2597', 'NDCG@10': '0.1424', 'HR@20': '0.3598', 'NDCG@20': '0.1676'}
2025-06-13 20:38:59,371 - EarlyStopping counter: 2 out of 10
2025-06-13 20:39:10,769 - {'epoch': 85, 'rec_loss': '5.0719'}
2025-06-13 20:39:15,124 - {'Epoch': 85, 'HR@5': '0.1733', 'NDCG@5': '0.1147', 'HR@10': '0.2582', 'NDCG@10': '0.1421', 'HR@20': '0.3588', 'NDCG@20': '0.1675'}
2025-06-13 20:39:15,125 - EarlyStopping counter: 3 out of 10
2025-06-13 20:39:26,549 - {'epoch': 86, 'rec_loss': '5.0576'}
2025-06-13 20:39:30,937 - {'Epoch': 86, 'HR@5': '0.1718', 'NDCG@5': '0.1134', 'HR@10': '0.2605', 'NDCG@10': '0.1420', 'HR@20': '0.3593', 'NDCG@20': '0.1670'}
2025-06-13 20:39:30,938 - EarlyStopping counter: 4 out of 10
2025-06-13 20:39:42,349 - {'epoch': 87, 'rec_loss': '5.0561'}
2025-06-13 20:39:46,680 - {'Epoch': 87, 'HR@5': '0.1732', 'NDCG@5': '0.1146', 'HR@10': '0.2588', 'NDCG@10': '0.1422', 'HR@20': '0.3603', 'NDCG@20': '0.1678'}
2025-06-13 20:39:46,681 - Validation score increased.  Saving model ...
2025-06-13 20:39:58,092 - {'epoch': 88, 'rec_loss': '5.0513'}
2025-06-13 20:40:02,511 - {'Epoch': 88, 'HR@5': '0.1723', 'NDCG@5': '0.1140', 'HR@10': '0.2581', 'NDCG@10': '0.1417', 'HR@20': '0.3593', 'NDCG@20': '0.1673'}
2025-06-13 20:40:02,513 - EarlyStopping counter: 1 out of 10
2025-06-13 20:40:13,873 - {'epoch': 89, 'rec_loss': '5.0459'}
2025-06-13 20:40:18,222 - {'Epoch': 89, 'HR@5': '0.1716', 'NDCG@5': '0.1137', 'HR@10': '0.2594', 'NDCG@10': '0.1420', 'HR@20': '0.3593', 'NDCG@20': '0.1672'}
2025-06-13 20:40:18,223 - EarlyStopping counter: 2 out of 10
2025-06-13 20:40:29,678 - {'epoch': 90, 'rec_loss': '5.0426'}
2025-06-13 20:40:34,189 - {'Epoch': 90, 'HR@5': '0.1720', 'NDCG@5': '0.1142', 'HR@10': '0.2591', 'NDCG@10': '0.1422', 'HR@20': '0.3599', 'NDCG@20': '0.1676'}
2025-06-13 20:40:34,191 - EarlyStopping counter: 3 out of 10
2025-06-13 20:40:45,593 - {'epoch': 91, 'rec_loss': '5.0382'}
2025-06-13 20:40:49,958 - {'Epoch': 91, 'HR@5': '0.1734', 'NDCG@5': '0.1150', 'HR@10': '0.2584', 'NDCG@10': '0.1423', 'HR@20': '0.3587', 'NDCG@20': '0.1677'}
2025-06-13 20:40:49,959 - EarlyStopping counter: 4 out of 10
2025-06-13 20:41:01,304 - {'epoch': 92, 'rec_loss': '5.0281'}
2025-06-13 20:41:05,726 - {'Epoch': 92, 'HR@5': '0.1722', 'NDCG@5': '0.1146', 'HR@10': '0.2600', 'NDCG@10': '0.1429', 'HR@20': '0.3595', 'NDCG@20': '0.1680'}
2025-06-13 20:41:05,728 - Validation score increased.  Saving model ...
2025-06-13 20:41:17,076 - {'epoch': 93, 'rec_loss': '5.0240'}
2025-06-13 20:41:21,550 - {'Epoch': 93, 'HR@5': '0.1706', 'NDCG@5': '0.1132', 'HR@10': '0.2597', 'NDCG@10': '0.1420', 'HR@20': '0.3592', 'NDCG@20': '0.1671'}
2025-06-13 20:41:21,551 - EarlyStopping counter: 1 out of 10
2025-06-13 20:41:32,966 - {'epoch': 94, 'rec_loss': '5.0186'}
2025-06-13 20:41:37,339 - {'Epoch': 94, 'HR@5': '0.1721', 'NDCG@5': '0.1139', 'HR@10': '0.2607', 'NDCG@10': '0.1424', 'HR@20': '0.3604', 'NDCG@20': '0.1676'}
2025-06-13 20:41:37,341 - EarlyStopping counter: 2 out of 10
2025-06-13 20:41:48,747 - {'epoch': 95, 'rec_loss': '5.0204'}
2025-06-13 20:41:53,145 - {'Epoch': 95, 'HR@5': '0.1731', 'NDCG@5': '0.1140', 'HR@10': '0.2609', 'NDCG@10': '0.1422', 'HR@20': '0.3602', 'NDCG@20': '0.1673'}
2025-06-13 20:41:53,148 - EarlyStopping counter: 3 out of 10
2025-06-13 20:42:04,815 - {'epoch': 96, 'rec_loss': '5.0139'}
2025-06-13 20:42:09,220 - {'Epoch': 96, 'HR@5': '0.1718', 'NDCG@5': '0.1138', 'HR@10': '0.2617', 'NDCG@10': '0.1427', 'HR@20': '0.3609', 'NDCG@20': '0.1678'}
2025-06-13 20:42:09,222 - EarlyStopping counter: 4 out of 10
2025-06-13 20:42:20,661 - {'epoch': 97, 'rec_loss': '5.0051'}
2025-06-13 20:42:25,096 - {'Epoch': 97, 'HR@5': '0.1728', 'NDCG@5': '0.1146', 'HR@10': '0.2605', 'NDCG@10': '0.1429', 'HR@20': '0.3602', 'NDCG@20': '0.1681'}
2025-06-13 20:42:25,097 - Validation score increased.  Saving model ...
2025-06-13 20:42:36,448 - {'epoch': 98, 'rec_loss': '5.0058'}
2025-06-13 20:42:40,797 - {'Epoch': 98, 'HR@5': '0.1718', 'NDCG@5': '0.1141', 'HR@10': '0.2611', 'NDCG@10': '0.1430', 'HR@20': '0.3597', 'NDCG@20': '0.1679'}
2025-06-13 20:42:40,798 - EarlyStopping counter: 1 out of 10
2025-06-13 20:42:52,187 - {'epoch': 99, 'rec_loss': '4.9982'}
2025-06-13 20:42:56,586 - {'Epoch': 99, 'HR@5': '0.1741', 'NDCG@5': '0.1146', 'HR@10': '0.2608', 'NDCG@10': '0.1424', 'HR@20': '0.3606', 'NDCG@20': '0.1676'}
2025-06-13 20:42:56,590 - EarlyStopping counter: 2 out of 10
2025-06-13 20:43:08,095 - {'epoch': 100, 'rec_loss': '4.9912'}
2025-06-13 20:43:12,446 - {'Epoch': 100, 'HR@5': '0.1742', 'NDCG@5': '0.1148', 'HR@10': '0.2614', 'NDCG@10': '0.1428', 'HR@20': '0.3619', 'NDCG@20': '0.1682'}
2025-06-13 20:43:12,449 - Validation score increased.  Saving model ...
2025-06-13 20:43:23,896 - {'epoch': 101, 'rec_loss': '4.9893'}
2025-06-13 20:43:28,299 - {'Epoch': 101, 'HR@5': '0.1728', 'NDCG@5': '0.1140', 'HR@10': '0.2600', 'NDCG@10': '0.1421', 'HR@20': '0.3597', 'NDCG@20': '0.1673'}
2025-06-13 20:43:28,301 - EarlyStopping counter: 1 out of 10
2025-06-13 20:43:39,669 - {'epoch': 102, 'rec_loss': '4.9839'}
2025-06-13 20:43:44,035 - {'Epoch': 102, 'HR@5': '0.1722', 'NDCG@5': '0.1141', 'HR@10': '0.2595', 'NDCG@10': '0.1422', 'HR@20': '0.3596', 'NDCG@20': '0.1675'}
2025-06-13 20:43:44,037 - EarlyStopping counter: 2 out of 10
2025-06-13 20:43:55,444 - {'epoch': 103, 'rec_loss': '4.9807'}
2025-06-13 20:43:59,870 - {'Epoch': 103, 'HR@5': '0.1726', 'NDCG@5': '0.1141', 'HR@10': '0.2598', 'NDCG@10': '0.1423', 'HR@20': '0.3593', 'NDCG@20': '0.1675'}
2025-06-13 20:43:59,873 - EarlyStopping counter: 3 out of 10
2025-06-13 20:44:11,365 - {'epoch': 104, 'rec_loss': '4.9763'}
2025-06-13 20:44:15,755 - {'Epoch': 104, 'HR@5': '0.1724', 'NDCG@5': '0.1142', 'HR@10': '0.2602', 'NDCG@10': '0.1425', 'HR@20': '0.3615', 'NDCG@20': '0.1682'}
2025-06-13 20:44:15,757 - EarlyStopping counter: 4 out of 10
2025-06-13 20:44:27,128 - {'epoch': 105, 'rec_loss': '4.9696'}
2025-06-13 20:44:31,476 - {'Epoch': 105, 'HR@5': '0.1727', 'NDCG@5': '0.1144', 'HR@10': '0.2606', 'NDCG@10': '0.1427', 'HR@20': '0.3603', 'NDCG@20': '0.1679'}
2025-06-13 20:44:31,478 - EarlyStopping counter: 5 out of 10
2025-06-13 20:44:42,936 - {'epoch': 106, 'rec_loss': '4.9680'}
2025-06-13 20:44:47,302 - {'Epoch': 106, 'HR@5': '0.1712', 'NDCG@5': '0.1137', 'HR@10': '0.2610', 'NDCG@10': '0.1427', 'HR@20': '0.3612', 'NDCG@20': '0.1680'}
2025-06-13 20:44:47,303 - EarlyStopping counter: 6 out of 10
2025-06-13 20:44:58,668 - {'epoch': 107, 'rec_loss': '4.9603'}
2025-06-13 20:45:03,073 - {'Epoch': 107, 'HR@5': '0.1730', 'NDCG@5': '0.1147', 'HR@10': '0.2624', 'NDCG@10': '0.1434', 'HR@20': '0.3601', 'NDCG@20': '0.1681'}
2025-06-13 20:45:03,075 - EarlyStopping counter: 7 out of 10
2025-06-13 20:45:14,417 - {'epoch': 108, 'rec_loss': '4.9569'}
2025-06-13 20:45:18,819 - {'Epoch': 108, 'HR@5': '0.1733', 'NDCG@5': '0.1148', 'HR@10': '0.2606', 'NDCG@10': '0.1430', 'HR@20': '0.3610', 'NDCG@20': '0.1684'}
2025-06-13 20:45:18,821 - Validation score increased.  Saving model ...
2025-06-13 20:45:30,211 - {'epoch': 109, 'rec_loss': '4.9510'}
2025-06-13 20:45:34,640 - {'Epoch': 109, 'HR@5': '0.1731', 'NDCG@5': '0.1142', 'HR@10': '0.2598', 'NDCG@10': '0.1422', 'HR@20': '0.3609', 'NDCG@20': '0.1677'}
2025-06-13 20:45:34,643 - EarlyStopping counter: 1 out of 10
2025-06-13 20:45:46,009 - {'epoch': 110, 'rec_loss': '4.9482'}
2025-06-13 20:45:50,438 - {'Epoch': 110, 'HR@5': '0.1731', 'NDCG@5': '0.1144', 'HR@10': '0.2609', 'NDCG@10': '0.1426', 'HR@20': '0.3617', 'NDCG@20': '0.1681'}
2025-06-13 20:45:50,440 - EarlyStopping counter: 2 out of 10
2025-06-13 20:46:01,792 - {'epoch': 111, 'rec_loss': '4.9530'}
2025-06-13 20:46:06,192 - {'Epoch': 111, 'HR@5': '0.1717', 'NDCG@5': '0.1142', 'HR@10': '0.2603', 'NDCG@10': '0.1427', 'HR@20': '0.3615', 'NDCG@20': '0.1683'}
2025-06-13 20:46:06,194 - EarlyStopping counter: 3 out of 10
2025-06-13 20:46:17,646 - {'epoch': 112, 'rec_loss': '4.9406'}
2025-06-13 20:46:22,080 - {'Epoch': 112, 'HR@5': '0.1727', 'NDCG@5': '0.1146', 'HR@10': '0.2603', 'NDCG@10': '0.1428', 'HR@20': '0.3610', 'NDCG@20': '0.1683'}
2025-06-13 20:46:22,082 - EarlyStopping counter: 4 out of 10
2025-06-13 20:46:33,573 - {'epoch': 113, 'rec_loss': '4.9392'}
2025-06-13 20:46:37,912 - {'Epoch': 113, 'HR@5': '0.1743', 'NDCG@5': '0.1152', 'HR@10': '0.2612', 'NDCG@10': '0.1431', 'HR@20': '0.3622', 'NDCG@20': '0.1687'}
2025-06-13 20:46:37,914 - Validation score increased.  Saving model ...
2025-06-13 20:46:49,295 - {'epoch': 114, 'rec_loss': '4.9351'}
2025-06-13 20:46:53,738 - {'Epoch': 114, 'HR@5': '0.1746', 'NDCG@5': '0.1153', 'HR@10': '0.2612', 'NDCG@10': '0.1432', 'HR@20': '0.3619', 'NDCG@20': '0.1687'}
2025-06-13 20:46:53,739 - Validation score increased.  Saving model ...
2025-06-13 20:47:05,565 - {'epoch': 115, 'rec_loss': '4.9318'}
2025-06-13 20:47:09,968 - {'Epoch': 115, 'HR@5': '0.1728', 'NDCG@5': '0.1145', 'HR@10': '0.2609', 'NDCG@10': '0.1428', 'HR@20': '0.3611', 'NDCG@20': '0.1682'}
2025-06-13 20:47:09,970 - EarlyStopping counter: 1 out of 10
2025-06-13 20:47:21,331 - {'epoch': 116, 'rec_loss': '4.9253'}
2025-06-13 20:47:25,759 - {'Epoch': 116, 'HR@5': '0.1741', 'NDCG@5': '0.1149', 'HR@10': '0.2601', 'NDCG@10': '0.1426', 'HR@20': '0.3617', 'NDCG@20': '0.1683'}
2025-06-13 20:47:25,760 - EarlyStopping counter: 2 out of 10
2025-06-13 20:47:37,170 - {'epoch': 117, 'rec_loss': '4.9273'}
2025-06-13 20:47:41,501 - {'Epoch': 117, 'HR@5': '0.1751', 'NDCG@5': '0.1152', 'HR@10': '0.2615', 'NDCG@10': '0.1430', 'HR@20': '0.3618', 'NDCG@20': '0.1683'}
2025-06-13 20:47:41,503 - EarlyStopping counter: 3 out of 10
2025-06-13 20:47:52,984 - {'epoch': 118, 'rec_loss': '4.9256'}
2025-06-13 20:47:57,345 - {'Epoch': 118, 'HR@5': '0.1745', 'NDCG@5': '0.1152', 'HR@10': '0.2623', 'NDCG@10': '0.1435', 'HR@20': '0.3617', 'NDCG@20': '0.1686'}
2025-06-13 20:47:57,345 - EarlyStopping counter: 4 out of 10
2025-06-13 20:48:09,042 - {'epoch': 119, 'rec_loss': '4.9170'}
2025-06-13 20:48:13,549 - {'Epoch': 119, 'HR@5': '0.1739', 'NDCG@5': '0.1142', 'HR@10': '0.2607', 'NDCG@10': '0.1422', 'HR@20': '0.3615', 'NDCG@20': '0.1676'}
2025-06-13 20:48:13,550 - EarlyStopping counter: 5 out of 10
2025-06-13 20:48:24,903 - {'epoch': 120, 'rec_loss': '4.9187'}
2025-06-13 20:48:29,271 - {'Epoch': 120, 'HR@5': '0.1732', 'NDCG@5': '0.1144', 'HR@10': '0.2612', 'NDCG@10': '0.1427', 'HR@20': '0.3606', 'NDCG@20': '0.1678'}
2025-06-13 20:48:29,272 - EarlyStopping counter: 6 out of 10
2025-06-13 20:48:40,708 - {'epoch': 121, 'rec_loss': '4.9127'}
2025-06-13 20:48:45,143 - {'Epoch': 121, 'HR@5': '0.1748', 'NDCG@5': '0.1149', 'HR@10': '0.2615', 'NDCG@10': '0.1427', 'HR@20': '0.3627', 'NDCG@20': '0.1683'}
2025-06-13 20:48:45,145 - EarlyStopping counter: 7 out of 10
2025-06-13 20:48:56,578 - {'epoch': 122, 'rec_loss': '4.9099'}
2025-06-13 20:49:00,995 - {'Epoch': 122, 'HR@5': '0.1743', 'NDCG@5': '0.1150', 'HR@10': '0.2616', 'NDCG@10': '0.1431', 'HR@20': '0.3630', 'NDCG@20': '0.1688'}
2025-06-13 20:49:00,997 - Validation score increased.  Saving model ...
2025-06-13 20:49:12,658 - {'epoch': 123, 'rec_loss': '4.9089'}
2025-06-13 20:49:17,110 - {'Epoch': 123, 'HR@5': '0.1743', 'NDCG@5': '0.1155', 'HR@10': '0.2629', 'NDCG@10': '0.1439', 'HR@20': '0.3628', 'NDCG@20': '0.1691'}
2025-06-13 20:49:17,112 - Validation score increased.  Saving model ...
2025-06-13 20:49:28,674 - {'epoch': 124, 'rec_loss': '4.9047'}
2025-06-13 20:49:33,065 - {'Epoch': 124, 'HR@5': '0.1738', 'NDCG@5': '0.1146', 'HR@10': '0.2632', 'NDCG@10': '0.1434', 'HR@20': '0.3624', 'NDCG@20': '0.1683'}
2025-06-13 20:49:33,067 - EarlyStopping counter: 1 out of 10
2025-06-13 20:49:44,421 - {'epoch': 125, 'rec_loss': '4.8961'}
2025-06-13 20:49:48,841 - {'Epoch': 125, 'HR@5': '0.1731', 'NDCG@5': '0.1145', 'HR@10': '0.2622', 'NDCG@10': '0.1432', 'HR@20': '0.3624', 'NDCG@20': '0.1685'}
2025-06-13 20:49:48,843 - EarlyStopping counter: 2 out of 10
2025-06-13 20:50:00,236 - {'epoch': 126, 'rec_loss': '4.8962'}
2025-06-13 20:50:04,640 - {'Epoch': 126, 'HR@5': '0.1739', 'NDCG@5': '0.1143', 'HR@10': '0.2619', 'NDCG@10': '0.1426', 'HR@20': '0.3633', 'NDCG@20': '0.1683'}
2025-06-13 20:50:04,642 - EarlyStopping counter: 3 out of 10
2025-06-13 20:50:16,025 - {'epoch': 127, 'rec_loss': '4.8978'}
2025-06-13 20:50:20,375 - {'Epoch': 127, 'HR@5': '0.1747', 'NDCG@5': '0.1148', 'HR@10': '0.2640', 'NDCG@10': '0.1435', 'HR@20': '0.3619', 'NDCG@20': '0.1682'}
2025-06-13 20:50:20,376 - EarlyStopping counter: 4 out of 10
2025-06-13 20:50:31,761 - {'epoch': 128, 'rec_loss': '4.8921'}
2025-06-13 20:50:36,231 - {'Epoch': 128, 'HR@5': '0.1745', 'NDCG@5': '0.1148', 'HR@10': '0.2634', 'NDCG@10': '0.1433', 'HR@20': '0.3632', 'NDCG@20': '0.1685'}
2025-06-13 20:50:36,232 - EarlyStopping counter: 5 out of 10
2025-06-13 20:50:47,560 - {'epoch': 129, 'rec_loss': '4.8867'}
2025-06-13 20:50:51,948 - {'Epoch': 129, 'HR@5': '0.1740', 'NDCG@5': '0.1144', 'HR@10': '0.2621', 'NDCG@10': '0.1427', 'HR@20': '0.3624', 'NDCG@20': '0.1681'}
2025-06-13 20:50:51,950 - EarlyStopping counter: 6 out of 10
2025-06-13 20:51:03,429 - {'epoch': 130, 'rec_loss': '4.8899'}
2025-06-13 20:51:07,879 - {'Epoch': 130, 'HR@5': '0.1739', 'NDCG@5': '0.1143', 'HR@10': '0.2640', 'NDCG@10': '0.1433', 'HR@20': '0.3630', 'NDCG@20': '0.1682'}
2025-06-13 20:51:07,881 - EarlyStopping counter: 7 out of 10
2025-06-13 20:51:19,278 - {'epoch': 131, 'rec_loss': '4.8799'}
2025-06-13 20:51:23,715 - {'Epoch': 131, 'HR@5': '0.1743', 'NDCG@5': '0.1149', 'HR@10': '0.2617', 'NDCG@10': '0.1430', 'HR@20': '0.3630', 'NDCG@20': '0.1686'}
2025-06-13 20:51:23,717 - EarlyStopping counter: 8 out of 10
2025-06-13 20:51:35,048 - {'epoch': 132, 'rec_loss': '4.8793'}
2025-06-13 20:51:39,480 - {'Epoch': 132, 'HR@5': '0.1748', 'NDCG@5': '0.1151', 'HR@10': '0.2627', 'NDCG@10': '0.1433', 'HR@20': '0.3611', 'NDCG@20': '0.1682'}
2025-06-13 20:51:39,482 - EarlyStopping counter: 9 out of 10
2025-06-13 20:51:50,886 - {'epoch': 133, 'rec_loss': '4.8755'}
2025-06-13 20:51:55,311 - {'Epoch': 133, 'HR@5': '0.1751', 'NDCG@5': '0.1152', 'HR@10': '0.2629', 'NDCG@10': '0.1434', 'HR@20': '0.3645', 'NDCG@20': '0.1690'}
2025-06-13 20:51:55,313 - EarlyStopping counter: 10 out of 10
2025-06-13 20:51:55,313 - Early stopping
2025-06-13 20:51:55,313 - ---------------Validation Score---------------
2025-06-13 20:51:59,777 - {'Epoch': 0, 'HR@5': '0.1743', 'NDCG@5': '0.1155', 'HR@10': '0.2629', 'NDCG@10': '0.1439', 'HR@20': '0.3628', 'NDCG@20': '0.1691'}
2025-06-13 20:51:59,779 - DuoRec_Diginetica
2025-06-13 20:51:59,779 - {'Epoch': 0, 'HR@5': '0.1743', 'NDCG@5': '0.1155', 'HR@10': '0.2629', 'NDCG@10': '0.1439', 'HR@20': '0.3628', 'NDCG@20': '0.1691'}
