2025-06-13 23:22:59,197 - Namespace(data_dir='data/self_processed/', output_dir='hparam_search/', data_name='Diginetica', train_name='BSARec_Diginetica', num_items=10, num_users=14829, lr=0.001, batch_size=256, epochs=200, no_cuda=False, log_freq=1, patience=10, num_workers=4, seed=42, weight_decay=0.0, adam_beta1=0.9, adam_beta2=0.999, gpu_id='0', variance=5, model_type='BSARec', max_seq_length=50, hidden_size=64, num_hidden_layers=2, hidden_act='gelu', num_attention_heads=2, attention_probs_dropout_prob=0.5, hidden_dropout_prob=0.5, initializer_range=0.02, c=9, alpha=0.7, cuda_condition=True, data_file='data/self_processed/Diginetica.txt', item_size=9441, checkpoint_path=PosixPath('/gpfs/home3/scur2771/BSARec/BSARec/src/hparam_search/BSARec_Diginetica/12367757_49/model.pt'), same_target_path='data/self_processed/Diginetica_same_target.npy')
2025-06-13 23:22:59,215 - BSARecModel(
  (item_embeddings): Embedding(9441, 64, padding_idx=0)
  (position_embeddings): Embedding(50, 64)
  (LayerNorm): LayerNorm()
  (dropout): Dropout(p=0.5, inplace=False)
  (item_encoder): BSARecEncoder(
    (blocks): ModuleList(
      (0): BSARecBlock(
        (layer): BSARecLayer(
          (filter_layer): FrequencyLayer(
            (out_dropout): Dropout(p=0.5, inplace=False)
            (LayerNorm): LayerNorm()
          )
          (attention_layer): MultiHeadAttention(
            (query): Linear(in_features=64, out_features=64, bias=True)
            (key): Linear(in_features=64, out_features=64, bias=True)
            (value): Linear(in_features=64, out_features=64, bias=True)
            (softmax): Softmax(dim=-1)
            (attn_dropout): Dropout(p=0.5, inplace=False)
            (dense): Linear(in_features=64, out_features=64, bias=True)
            (LayerNorm): LayerNorm((64,), eps=1e-12, elementwise_affine=True)
            (out_dropout): Dropout(p=0.5, inplace=False)
          )
        )
        (feed_forward): FeedForward(
          (dense_1): Linear(in_features=64, out_features=256, bias=True)
          (dense_2): Linear(in_features=256, out_features=64, bias=True)
          (LayerNorm): LayerNorm()
          (dropout): Dropout(p=0.5, inplace=False)
        )
      )
      (1): BSARecBlock(
        (layer): BSARecLayer(
          (filter_layer): FrequencyLayer(
            (out_dropout): Dropout(p=0.5, inplace=False)
            (LayerNorm): LayerNorm()
          )
          (attention_layer): MultiHeadAttention(
            (query): Linear(in_features=64, out_features=64, bias=True)
            (key): Linear(in_features=64, out_features=64, bias=True)
            (value): Linear(in_features=64, out_features=64, bias=True)
            (softmax): Softmax(dim=-1)
            (attn_dropout): Dropout(p=0.5, inplace=False)
            (dense): Linear(in_features=64, out_features=64, bias=True)
            (LayerNorm): LayerNorm((64,), eps=1e-12, elementwise_affine=True)
            (out_dropout): Dropout(p=0.5, inplace=False)
          )
        )
        (feed_forward): FeedForward(
          (dense_1): Linear(in_features=64, out_features=256, bias=True)
          (dense_2): Linear(in_features=256, out_features=64, bias=True)
          (LayerNorm): LayerNorm()
          (dropout): Dropout(p=0.5, inplace=False)
        )
      )
    )
  )
)
2025-06-13 23:23:01,419 - Total Parameters: 707904
2025-06-13 23:23:09,908 - {'epoch': 0, 'rec_loss': '8.6980'}
2025-06-13 23:23:14,018 - {'Epoch': 0, 'HR@5': '0.0245', 'NDCG@5': '0.0170', 'HR@10': '0.0357', 'NDCG@10': '0.0206', 'HR@20': '0.0533', 'NDCG@20': '0.0250'}
2025-06-13 23:23:14,020 - Validation score increased.  Saving model ...
2025-06-13 23:23:21,590 - {'epoch': 1, 'rec_loss': '7.6116'}
2025-06-13 23:23:25,825 - {'Epoch': 1, 'HR@5': '0.0933', 'NDCG@5': '0.0609', 'HR@10': '0.1396', 'NDCG@10': '0.0758', 'HR@20': '0.2010', 'NDCG@20': '0.0913'}
2025-06-13 23:23:25,827 - Validation score increased.  Saving model ...
2025-06-13 23:23:33,274 - {'epoch': 2, 'rec_loss': '6.3364'}
2025-06-13 23:23:37,681 - {'Epoch': 2, 'HR@5': '0.1317', 'NDCG@5': '0.0866', 'HR@10': '0.1983', 'NDCG@10': '0.1081', 'HR@20': '0.2764', 'NDCG@20': '0.1278'}
2025-06-13 23:23:37,683 - Validation score increased.  Saving model ...
2025-06-13 23:23:45,215 - {'epoch': 3, 'rec_loss': '5.5859'}
2025-06-13 23:23:49,538 - {'Epoch': 3, 'HR@5': '0.1486', 'NDCG@5': '0.0978', 'HR@10': '0.2277', 'NDCG@10': '0.1233', 'HR@20': '0.3197', 'NDCG@20': '0.1465'}
2025-06-13 23:23:49,540 - Validation score increased.  Saving model ...
2025-06-13 23:23:57,043 - {'epoch': 4, 'rec_loss': '5.2189'}
2025-06-13 23:24:01,428 - {'Epoch': 4, 'HR@5': '0.1579', 'NDCG@5': '0.1032', 'HR@10': '0.2418', 'NDCG@10': '0.1300', 'HR@20': '0.3373', 'NDCG@20': '0.1542'}
2025-06-13 23:24:01,430 - Validation score increased.  Saving model ...
2025-06-13 23:24:08,886 - {'epoch': 5, 'rec_loss': '5.0415'}
2025-06-13 23:24:13,261 - {'Epoch': 5, 'HR@5': '0.1631', 'NDCG@5': '0.1072', 'HR@10': '0.2479', 'NDCG@10': '0.1344', 'HR@20': '0.3445', 'NDCG@20': '0.1589'}
2025-06-13 23:24:13,264 - Validation score increased.  Saving model ...
2025-06-13 23:24:20,679 - {'epoch': 6, 'rec_loss': '4.9397'}
2025-06-13 23:24:25,161 - {'Epoch': 6, 'HR@5': '0.1669', 'NDCG@5': '0.1098', 'HR@10': '0.2511', 'NDCG@10': '0.1369', 'HR@20': '0.3533', 'NDCG@20': '0.1627'}
2025-06-13 23:24:25,163 - Validation score increased.  Saving model ...
2025-06-13 23:24:32,736 - {'epoch': 7, 'rec_loss': '4.8792'}
2025-06-13 23:24:37,026 - {'Epoch': 7, 'HR@5': '0.1671', 'NDCG@5': '0.1096', 'HR@10': '0.2529', 'NDCG@10': '0.1372', 'HR@20': '0.3555', 'NDCG@20': '0.1632'}
2025-06-13 23:24:37,027 - Validation score increased.  Saving model ...
2025-06-13 23:24:44,553 - {'epoch': 8, 'rec_loss': '4.8330'}
2025-06-13 23:24:48,904 - {'Epoch': 8, 'HR@5': '0.1688', 'NDCG@5': '0.1106', 'HR@10': '0.2541', 'NDCG@10': '0.1381', 'HR@20': '0.3586', 'NDCG@20': '0.1645'}
2025-06-13 23:24:48,907 - Validation score increased.  Saving model ...
2025-06-13 23:24:56,473 - {'epoch': 9, 'rec_loss': '4.7935'}
2025-06-13 23:25:00,869 - {'Epoch': 9, 'HR@5': '0.1686', 'NDCG@5': '0.1099', 'HR@10': '0.2559', 'NDCG@10': '0.1379', 'HR@20': '0.3564', 'NDCG@20': '0.1634'}
2025-06-13 23:25:00,871 - EarlyStopping counter: 1 out of 10
2025-06-13 23:25:08,331 - {'epoch': 10, 'rec_loss': '4.7649'}
2025-06-13 23:25:12,768 - {'Epoch': 10, 'HR@5': '0.1662', 'NDCG@5': '0.1101', 'HR@10': '0.2562', 'NDCG@10': '0.1391', 'HR@20': '0.3602', 'NDCG@20': '0.1654'}
2025-06-13 23:25:12,770 - Validation score increased.  Saving model ...
2025-06-13 23:25:20,262 - {'epoch': 11, 'rec_loss': '4.7349'}
2025-06-13 23:25:24,641 - {'Epoch': 11, 'HR@5': '0.1689', 'NDCG@5': '0.1110', 'HR@10': '0.2552', 'NDCG@10': '0.1387', 'HR@20': '0.3595', 'NDCG@20': '0.1650'}
2025-06-13 23:25:24,642 - EarlyStopping counter: 1 out of 10
2025-06-13 23:25:32,094 - {'epoch': 12, 'rec_loss': '4.7095'}
2025-06-13 23:25:36,438 - {'Epoch': 12, 'HR@5': '0.1685', 'NDCG@5': '0.1107', 'HR@10': '0.2568', 'NDCG@10': '0.1391', 'HR@20': '0.3596', 'NDCG@20': '0.1652'}
2025-06-13 23:25:36,441 - EarlyStopping counter: 2 out of 10
2025-06-13 23:25:43,910 - {'epoch': 13, 'rec_loss': '4.7028'}
2025-06-13 23:25:48,301 - {'Epoch': 13, 'HR@5': '0.1693', 'NDCG@5': '0.1110', 'HR@10': '0.2562', 'NDCG@10': '0.1389', 'HR@20': '0.3622', 'NDCG@20': '0.1657'}
2025-06-13 23:25:48,302 - Validation score increased.  Saving model ...
2025-06-13 23:25:55,741 - {'epoch': 14, 'rec_loss': '4.6755'}
2025-06-13 23:26:00,220 - {'Epoch': 14, 'HR@5': '0.1710', 'NDCG@5': '0.1117', 'HR@10': '0.2583', 'NDCG@10': '0.1398', 'HR@20': '0.3588', 'NDCG@20': '0.1653'}
2025-06-13 23:26:00,222 - EarlyStopping counter: 1 out of 10
2025-06-13 23:26:07,632 - {'epoch': 15, 'rec_loss': '4.6644'}
2025-06-13 23:26:11,934 - {'Epoch': 15, 'HR@5': '0.1695', 'NDCG@5': '0.1121', 'HR@10': '0.2585', 'NDCG@10': '0.1407', 'HR@20': '0.3615', 'NDCG@20': '0.1668'}
2025-06-13 23:26:11,934 - Validation score increased.  Saving model ...
2025-06-13 23:26:19,362 - {'epoch': 16, 'rec_loss': '4.6420'}
2025-06-13 23:26:23,878 - {'Epoch': 16, 'HR@5': '0.1675', 'NDCG@5': '0.1097', 'HR@10': '0.2542', 'NDCG@10': '0.1378', 'HR@20': '0.3601', 'NDCG@20': '0.1646'}
2025-06-13 23:26:23,880 - EarlyStopping counter: 1 out of 10
2025-06-13 23:26:31,346 - {'epoch': 17, 'rec_loss': '4.6346'}
2025-06-13 23:26:35,739 - {'Epoch': 17, 'HR@5': '0.1724', 'NDCG@5': '0.1122', 'HR@10': '0.2575', 'NDCG@10': '0.1397', 'HR@20': '0.3600', 'NDCG@20': '0.1656'}
2025-06-13 23:26:35,741 - EarlyStopping counter: 2 out of 10
2025-06-13 23:26:43,157 - {'epoch': 18, 'rec_loss': '4.6192'}
2025-06-13 23:26:47,562 - {'Epoch': 18, 'HR@5': '0.1728', 'NDCG@5': '0.1133', 'HR@10': '0.2589', 'NDCG@10': '0.1411', 'HR@20': '0.3607', 'NDCG@20': '0.1668'}
2025-06-13 23:26:47,564 - Validation score increased.  Saving model ...
2025-06-13 23:26:55,092 - {'epoch': 19, 'rec_loss': '4.6107'}
2025-06-13 23:26:59,508 - {'Epoch': 19, 'HR@5': '0.1692', 'NDCG@5': '0.1111', 'HR@10': '0.2567', 'NDCG@10': '0.1393', 'HR@20': '0.3601', 'NDCG@20': '0.1654'}
2025-06-13 23:26:59,509 - EarlyStopping counter: 1 out of 10
2025-06-13 23:27:06,962 - {'epoch': 20, 'rec_loss': '4.5972'}
2025-06-13 23:27:11,280 - {'Epoch': 20, 'HR@5': '0.1738', 'NDCG@5': '0.1124', 'HR@10': '0.2598', 'NDCG@10': '0.1401', 'HR@20': '0.3612', 'NDCG@20': '0.1657'}
2025-06-13 23:27:11,282 - EarlyStopping counter: 2 out of 10
2025-06-13 23:27:18,734 - {'epoch': 21, 'rec_loss': '4.5891'}
2025-06-13 23:27:23,170 - {'Epoch': 21, 'HR@5': '0.1743', 'NDCG@5': '0.1132', 'HR@10': '0.2636', 'NDCG@10': '0.1418', 'HR@20': '0.3601', 'NDCG@20': '0.1662'}
2025-06-13 23:27:23,172 - EarlyStopping counter: 3 out of 10
2025-06-13 23:27:30,565 - {'epoch': 22, 'rec_loss': '4.5779'}
2025-06-13 23:27:34,881 - {'Epoch': 22, 'HR@5': '0.1722', 'NDCG@5': '0.1128', 'HR@10': '0.2615', 'NDCG@10': '0.1416', 'HR@20': '0.3620', 'NDCG@20': '0.1670'}
2025-06-13 23:27:34,883 - Validation score increased.  Saving model ...
2025-06-13 23:27:42,351 - {'epoch': 23, 'rec_loss': '4.5661'}
2025-06-13 23:27:46,769 - {'Epoch': 23, 'HR@5': '0.1696', 'NDCG@5': '0.1103', 'HR@10': '0.2600', 'NDCG@10': '0.1394', 'HR@20': '0.3601', 'NDCG@20': '0.1647'}
2025-06-13 23:27:46,771 - EarlyStopping counter: 1 out of 10
2025-06-13 23:27:54,178 - {'epoch': 24, 'rec_loss': '4.5584'}
2025-06-13 23:27:58,604 - {'Epoch': 24, 'HR@5': '0.1714', 'NDCG@5': '0.1105', 'HR@10': '0.2588', 'NDCG@10': '0.1387', 'HR@20': '0.3599', 'NDCG@20': '0.1642'}
2025-06-13 23:27:58,607 - EarlyStopping counter: 2 out of 10
2025-06-13 23:28:06,109 - {'epoch': 25, 'rec_loss': '4.5510'}
2025-06-13 23:28:10,407 - {'Epoch': 25, 'HR@5': '0.1753', 'NDCG@5': '0.1151', 'HR@10': '0.2615', 'NDCG@10': '0.1428', 'HR@20': '0.3598', 'NDCG@20': '0.1676'}
2025-06-13 23:28:10,409 - Validation score increased.  Saving model ...
2025-06-13 23:28:17,924 - {'epoch': 26, 'rec_loss': '4.5403'}
2025-06-13 23:28:22,325 - {'Epoch': 26, 'HR@5': '0.1714', 'NDCG@5': '0.1122', 'HR@10': '0.2615', 'NDCG@10': '0.1412', 'HR@20': '0.3611', 'NDCG@20': '0.1663'}
2025-06-13 23:28:22,327 - EarlyStopping counter: 1 out of 10
2025-06-13 23:28:29,770 - {'epoch': 27, 'rec_loss': '4.5357'}
2025-06-13 23:28:34,164 - {'Epoch': 27, 'HR@5': '0.1749', 'NDCG@5': '0.1141', 'HR@10': '0.2596', 'NDCG@10': '0.1413', 'HR@20': '0.3595', 'NDCG@20': '0.1666'}
2025-06-13 23:28:34,166 - EarlyStopping counter: 2 out of 10
2025-06-13 23:28:41,698 - {'epoch': 28, 'rec_loss': '4.5241'}
2025-06-13 23:28:46,080 - {'Epoch': 28, 'HR@5': '0.1730', 'NDCG@5': '0.1137', 'HR@10': '0.2603', 'NDCG@10': '0.1419', 'HR@20': '0.3597', 'NDCG@20': '0.1671'}
2025-06-13 23:28:46,082 - EarlyStopping counter: 3 out of 10
2025-06-13 23:28:53,548 - {'epoch': 29, 'rec_loss': '4.5215'}
2025-06-13 23:28:57,867 - {'Epoch': 29, 'HR@5': '0.1691', 'NDCG@5': '0.1117', 'HR@10': '0.2557', 'NDCG@10': '0.1395', 'HR@20': '0.3584', 'NDCG@20': '0.1654'}
2025-06-13 23:28:57,869 - EarlyStopping counter: 4 out of 10
2025-06-13 23:29:05,322 - {'epoch': 30, 'rec_loss': '4.5196'}
2025-06-13 23:29:09,704 - {'Epoch': 30, 'HR@5': '0.1716', 'NDCG@5': '0.1124', 'HR@10': '0.2590', 'NDCG@10': '0.1406', 'HR@20': '0.3625', 'NDCG@20': '0.1667'}
2025-06-13 23:29:09,706 - EarlyStopping counter: 5 out of 10
2025-06-13 23:29:17,175 - {'epoch': 31, 'rec_loss': '4.5044'}
2025-06-13 23:29:21,538 - {'Epoch': 31, 'HR@5': '0.1712', 'NDCG@5': '0.1131', 'HR@10': '0.2575', 'NDCG@10': '0.1409', 'HR@20': '0.3600', 'NDCG@20': '0.1668'}
2025-06-13 23:29:21,541 - EarlyStopping counter: 6 out of 10
2025-06-13 23:29:29,230 - {'epoch': 32, 'rec_loss': '4.5004'}
2025-06-13 23:29:33,654 - {'Epoch': 32, 'HR@5': '0.1717', 'NDCG@5': '0.1113', 'HR@10': '0.2572', 'NDCG@10': '0.1389', 'HR@20': '0.3578', 'NDCG@20': '0.1643'}
2025-06-13 23:29:33,655 - EarlyStopping counter: 7 out of 10
2025-06-13 23:29:41,087 - {'epoch': 33, 'rec_loss': '4.4907'}
2025-06-13 23:29:45,532 - {'Epoch': 33, 'HR@5': '0.1708', 'NDCG@5': '0.1120', 'HR@10': '0.2592', 'NDCG@10': '0.1405', 'HR@20': '0.3565', 'NDCG@20': '0.1651'}
2025-06-13 23:29:45,535 - EarlyStopping counter: 8 out of 10
2025-06-13 23:29:53,023 - {'epoch': 34, 'rec_loss': '4.4863'}
2025-06-13 23:29:57,382 - {'Epoch': 34, 'HR@5': '0.1745', 'NDCG@5': '0.1137', 'HR@10': '0.2619', 'NDCG@10': '0.1418', 'HR@20': '0.3601', 'NDCG@20': '0.1667'}
2025-06-13 23:29:57,384 - EarlyStopping counter: 9 out of 10
2025-06-13 23:30:05,013 - {'epoch': 35, 'rec_loss': '4.4804'}
2025-06-13 23:30:09,346 - {'Epoch': 35, 'HR@5': '0.1704', 'NDCG@5': '0.1118', 'HR@10': '0.2586', 'NDCG@10': '0.1402', 'HR@20': '0.3577', 'NDCG@20': '0.1653'}
2025-06-13 23:30:09,348 - EarlyStopping counter: 10 out of 10
2025-06-13 23:30:09,348 - Early stopping
2025-06-13 23:30:09,348 - ---------------Validation Score---------------
2025-06-13 23:30:13,817 - {'Epoch': 0, 'HR@5': '0.1753', 'NDCG@5': '0.1151', 'HR@10': '0.2615', 'NDCG@10': '0.1428', 'HR@20': '0.3598', 'NDCG@20': '0.1676'}
2025-06-13 23:30:13,819 - BSARec_Diginetica
2025-06-13 23:30:13,819 - {'Epoch': 0, 'HR@5': '0.1753', 'NDCG@5': '0.1151', 'HR@10': '0.2615', 'NDCG@10': '0.1428', 'HR@20': '0.3598', 'NDCG@20': '0.1676'}
