2025-06-14 00:31:56,183 - Namespace(data_dir='data/self_processed/', output_dir='hparam_search/', data_name='Diginetica', train_name='BSARec_Diginetica', num_items=10, num_users=14829, lr=0.0005, batch_size=256, epochs=200, no_cuda=False, log_freq=1, patience=10, num_workers=4, seed=42, weight_decay=0.0, adam_beta1=0.9, adam_beta2=0.999, gpu_id='0', variance=5, model_type='BSARec', max_seq_length=50, hidden_size=64, num_hidden_layers=2, hidden_act='gelu', num_attention_heads=2, attention_probs_dropout_prob=0.5, hidden_dropout_prob=0.5, initializer_range=0.02, c=7, alpha=0.9, cuda_condition=True, data_file='data/self_processed/Diginetica.txt', item_size=9441, checkpoint_path=PosixPath('/gpfs/home3/scur2771/BSARec/BSARec/src/hparam_search/BSARec_Diginetica/12367757_120/model.pt'), same_target_path='data/self_processed/Diginetica_same_target.npy')
2025-06-14 00:31:56,201 - BSARecModel(
  (item_embeddings): Embedding(9441, 64, padding_idx=0)
  (position_embeddings): Embedding(50, 64)
  (LayerNorm): LayerNorm()
  (dropout): Dropout(p=0.5, inplace=False)
  (item_encoder): BSARecEncoder(
    (blocks): ModuleList(
      (0): BSARecBlock(
        (layer): BSARecLayer(
          (filter_layer): FrequencyLayer(
            (out_dropout): Dropout(p=0.5, inplace=False)
            (LayerNorm): LayerNorm()
          )
          (attention_layer): MultiHeadAttention(
            (query): Linear(in_features=64, out_features=64, bias=True)
            (key): Linear(in_features=64, out_features=64, bias=True)
            (value): Linear(in_features=64, out_features=64, bias=True)
            (softmax): Softmax(dim=-1)
            (attn_dropout): Dropout(p=0.5, inplace=False)
            (dense): Linear(in_features=64, out_features=64, bias=True)
            (LayerNorm): LayerNorm((64,), eps=1e-12, elementwise_affine=True)
            (out_dropout): Dropout(p=0.5, inplace=False)
          )
        )
        (feed_forward): FeedForward(
          (dense_1): Linear(in_features=64, out_features=256, bias=True)
          (dense_2): Linear(in_features=256, out_features=64, bias=True)
          (LayerNorm): LayerNorm()
          (dropout): Dropout(p=0.5, inplace=False)
        )
      )
      (1): BSARecBlock(
        (layer): BSARecLayer(
          (filter_layer): FrequencyLayer(
            (out_dropout): Dropout(p=0.5, inplace=False)
            (LayerNorm): LayerNorm()
          )
          (attention_layer): MultiHeadAttention(
            (query): Linear(in_features=64, out_features=64, bias=True)
            (key): Linear(in_features=64, out_features=64, bias=True)
            (value): Linear(in_features=64, out_features=64, bias=True)
            (softmax): Softmax(dim=-1)
            (attn_dropout): Dropout(p=0.5, inplace=False)
            (dense): Linear(in_features=64, out_features=64, bias=True)
            (LayerNorm): LayerNorm((64,), eps=1e-12, elementwise_affine=True)
            (out_dropout): Dropout(p=0.5, inplace=False)
          )
        )
        (feed_forward): FeedForward(
          (dense_1): Linear(in_features=64, out_features=256, bias=True)
          (dense_2): Linear(in_features=256, out_features=64, bias=True)
          (LayerNorm): LayerNorm()
          (dropout): Dropout(p=0.5, inplace=False)
        )
      )
    )
  )
)
2025-06-14 00:31:58,389 - Total Parameters: 707904
2025-06-14 00:32:06,844 - {'epoch': 0, 'rec_loss': '8.8441'}
2025-06-14 00:32:11,016 - {'Epoch': 0, 'HR@5': '0.0045', 'NDCG@5': '0.0026', 'HR@10': '0.0085', 'NDCG@10': '0.0039', 'HR@20': '0.0135', 'NDCG@20': '0.0051'}
2025-06-14 00:32:11,017 - Validation score increased.  Saving model ...
2025-06-14 00:32:18,593 - {'epoch': 1, 'rec_loss': '8.4554'}
2025-06-14 00:32:22,785 - {'Epoch': 1, 'HR@5': '0.0204', 'NDCG@5': '0.0141', 'HR@10': '0.0305', 'NDCG@10': '0.0174', 'HR@20': '0.0432', 'NDCG@20': '0.0206'}
2025-06-14 00:32:22,788 - Validation score increased.  Saving model ...
2025-06-14 00:32:30,239 - {'epoch': 2, 'rec_loss': '7.9412'}
2025-06-14 00:32:34,536 - {'Epoch': 2, 'HR@5': '0.0603', 'NDCG@5': '0.0394', 'HR@10': '0.0917', 'NDCG@10': '0.0495', 'HR@20': '0.1281', 'NDCG@20': '0.0587'}
2025-06-14 00:32:34,538 - Validation score increased.  Saving model ...
2025-06-14 00:32:41,911 - {'epoch': 3, 'rec_loss': '7.2145'}
2025-06-14 00:32:46,187 - {'Epoch': 3, 'HR@5': '0.0935', 'NDCG@5': '0.0616', 'HR@10': '0.1438', 'NDCG@10': '0.0777', 'HR@20': '0.2045', 'NDCG@20': '0.0930'}
2025-06-14 00:32:46,189 - Validation score increased.  Saving model ...
2025-06-14 00:32:53,713 - {'epoch': 4, 'rec_loss': '6.5180'}
2025-06-14 00:32:58,010 - {'Epoch': 4, 'HR@5': '0.1171', 'NDCG@5': '0.0769', 'HR@10': '0.1766', 'NDCG@10': '0.0960', 'HR@20': '0.2484', 'NDCG@20': '0.1141'}
2025-06-14 00:32:58,011 - Validation score increased.  Saving model ...
2025-06-14 00:33:05,544 - {'epoch': 5, 'rec_loss': '5.9870'}
2025-06-14 00:33:09,975 - {'Epoch': 5, 'HR@5': '0.1327', 'NDCG@5': '0.0874', 'HR@10': '0.1992', 'NDCG@10': '0.1089', 'HR@20': '0.2787', 'NDCG@20': '0.1290'}
2025-06-14 00:33:09,977 - Validation score increased.  Saving model ...
2025-06-14 00:33:17,673 - {'epoch': 6, 'rec_loss': '5.6052'}
2025-06-14 00:33:22,010 - {'Epoch': 6, 'HR@5': '0.1433', 'NDCG@5': '0.0943', 'HR@10': '0.2158', 'NDCG@10': '0.1177', 'HR@20': '0.3037', 'NDCG@20': '0.1399'}
2025-06-14 00:33:22,011 - Validation score increased.  Saving model ...
2025-06-14 00:33:29,675 - {'epoch': 7, 'rec_loss': '5.3368'}
2025-06-14 00:33:34,050 - {'Epoch': 7, 'HR@5': '0.1539', 'NDCG@5': '0.1004', 'HR@10': '0.2290', 'NDCG@10': '0.1247', 'HR@20': '0.3209', 'NDCG@20': '0.1479'}
2025-06-14 00:33:34,052 - Validation score increased.  Saving model ...
2025-06-14 00:33:41,642 - {'epoch': 8, 'rec_loss': '5.1540'}
2025-06-14 00:33:46,007 - {'Epoch': 8, 'HR@5': '0.1574', 'NDCG@5': '0.1040', 'HR@10': '0.2405', 'NDCG@10': '0.1308', 'HR@20': '0.3318', 'NDCG@20': '0.1539'}
2025-06-14 00:33:46,009 - Validation score increased.  Saving model ...
2025-06-14 00:33:53,693 - {'epoch': 9, 'rec_loss': '5.0141'}
2025-06-14 00:33:58,151 - {'Epoch': 9, 'HR@5': '0.1643', 'NDCG@5': '0.1079', 'HR@10': '0.2458', 'NDCG@10': '0.1341', 'HR@20': '0.3423', 'NDCG@20': '0.1585'}
2025-06-14 00:33:58,152 - Validation score increased.  Saving model ...
2025-06-14 00:34:05,678 - {'epoch': 10, 'rec_loss': '4.9170'}
2025-06-14 00:34:10,121 - {'Epoch': 10, 'HR@5': '0.1664', 'NDCG@5': '0.1089', 'HR@10': '0.2527', 'NDCG@10': '0.1367', 'HR@20': '0.3490', 'NDCG@20': '0.1610'}
2025-06-14 00:34:10,123 - Validation score increased.  Saving model ...
2025-06-14 00:34:17,724 - {'epoch': 11, 'rec_loss': '4.8428'}
2025-06-14 00:34:22,150 - {'Epoch': 11, 'HR@5': '0.1695', 'NDCG@5': '0.1111', 'HR@10': '0.2553', 'NDCG@10': '0.1387', 'HR@20': '0.3525', 'NDCG@20': '0.1632'}
2025-06-14 00:34:22,150 - Validation score increased.  Saving model ...
2025-06-14 00:34:29,624 - {'epoch': 12, 'rec_loss': '4.7878'}
2025-06-14 00:34:34,115 - {'Epoch': 12, 'HR@5': '0.1704', 'NDCG@5': '0.1121', 'HR@10': '0.2561', 'NDCG@10': '0.1398', 'HR@20': '0.3563', 'NDCG@20': '0.1651'}
2025-06-14 00:34:34,118 - Validation score increased.  Saving model ...
2025-06-14 00:34:41,656 - {'epoch': 13, 'rec_loss': '4.7545'}
2025-06-14 00:34:46,113 - {'Epoch': 13, 'HR@5': '0.1706', 'NDCG@5': '0.1126', 'HR@10': '0.2574', 'NDCG@10': '0.1406', 'HR@20': '0.3572', 'NDCG@20': '0.1658'}
2025-06-14 00:34:46,115 - Validation score increased.  Saving model ...
2025-06-14 00:34:53,770 - {'epoch': 14, 'rec_loss': '4.7115'}
2025-06-14 00:34:58,313 - {'Epoch': 14, 'HR@5': '0.1739', 'NDCG@5': '0.1139', 'HR@10': '0.2592', 'NDCG@10': '0.1414', 'HR@20': '0.3597', 'NDCG@20': '0.1667'}
2025-06-14 00:34:58,315 - Validation score increased.  Saving model ...
2025-06-14 00:35:05,766 - {'epoch': 15, 'rec_loss': '4.6924'}
2025-06-14 00:35:10,127 - {'Epoch': 15, 'HR@5': '0.1722', 'NDCG@5': '0.1138', 'HR@10': '0.2584', 'NDCG@10': '0.1415', 'HR@20': '0.3611', 'NDCG@20': '0.1675'}
2025-06-14 00:35:10,128 - Validation score increased.  Saving model ...
2025-06-14 00:35:17,753 - {'epoch': 16, 'rec_loss': '4.6647'}
2025-06-14 00:35:22,102 - {'Epoch': 16, 'HR@5': '0.1724', 'NDCG@5': '0.1136', 'HR@10': '0.2580', 'NDCG@10': '0.1411', 'HR@20': '0.3626', 'NDCG@20': '0.1675'}
2025-06-14 00:35:22,106 - Validation score increased.  Saving model ...
2025-06-14 00:35:29,575 - {'epoch': 17, 'rec_loss': '4.6459'}
2025-06-14 00:35:34,119 - {'Epoch': 17, 'HR@5': '0.1757', 'NDCG@5': '0.1155', 'HR@10': '0.2606', 'NDCG@10': '0.1429', 'HR@20': '0.3601', 'NDCG@20': '0.1680'}
2025-06-14 00:35:34,121 - Validation score increased.  Saving model ...
2025-06-14 00:35:41,662 - {'epoch': 18, 'rec_loss': '4.6284'}
2025-06-14 00:35:46,068 - {'Epoch': 18, 'HR@5': '0.1750', 'NDCG@5': '0.1152', 'HR@10': '0.2609', 'NDCG@10': '0.1429', 'HR@20': '0.3650', 'NDCG@20': '0.1692'}
2025-06-14 00:35:46,070 - Validation score increased.  Saving model ...
2025-06-14 00:35:53,650 - {'epoch': 19, 'rec_loss': '4.6156'}
2025-06-14 00:35:58,031 - {'Epoch': 19, 'HR@5': '0.1751', 'NDCG@5': '0.1151', 'HR@10': '0.2607', 'NDCG@10': '0.1427', 'HR@20': '0.3632', 'NDCG@20': '0.1685'}
2025-06-14 00:35:58,032 - EarlyStopping counter: 1 out of 10
2025-06-14 00:36:05,527 - {'epoch': 20, 'rec_loss': '4.5991'}
2025-06-14 00:36:09,957 - {'Epoch': 20, 'HR@5': '0.1758', 'NDCG@5': '0.1156', 'HR@10': '0.2624', 'NDCG@10': '0.1434', 'HR@20': '0.3653', 'NDCG@20': '0.1694'}
2025-06-14 00:36:09,960 - Validation score increased.  Saving model ...
2025-06-14 00:36:17,490 - {'epoch': 21, 'rec_loss': '4.5882'}
2025-06-14 00:36:21,954 - {'Epoch': 21, 'HR@5': '0.1756', 'NDCG@5': '0.1151', 'HR@10': '0.2619', 'NDCG@10': '0.1428', 'HR@20': '0.3644', 'NDCG@20': '0.1688'}
2025-06-14 00:36:21,956 - EarlyStopping counter: 1 out of 10
2025-06-14 00:36:29,620 - {'epoch': 22, 'rec_loss': '4.5773'}
2025-06-14 00:36:34,092 - {'Epoch': 22, 'HR@5': '0.1750', 'NDCG@5': '0.1155', 'HR@10': '0.2639', 'NDCG@10': '0.1441', 'HR@20': '0.3646', 'NDCG@20': '0.1696'}
2025-06-14 00:36:34,093 - Validation score increased.  Saving model ...
2025-06-14 00:36:41,622 - {'epoch': 23, 'rec_loss': '4.5647'}
2025-06-14 00:36:45,999 - {'Epoch': 23, 'HR@5': '0.1741', 'NDCG@5': '0.1139', 'HR@10': '0.2605', 'NDCG@10': '0.1418', 'HR@20': '0.3626', 'NDCG@20': '0.1676'}
2025-06-14 00:36:46,001 - EarlyStopping counter: 1 out of 10
2025-06-14 00:36:53,459 - {'epoch': 24, 'rec_loss': '4.5578'}
2025-06-14 00:36:57,887 - {'Epoch': 24, 'HR@5': '0.1739', 'NDCG@5': '0.1140', 'HR@10': '0.2608', 'NDCG@10': '0.1420', 'HR@20': '0.3630', 'NDCG@20': '0.1678'}
2025-06-14 00:36:57,888 - EarlyStopping counter: 2 out of 10
2025-06-14 00:37:05,457 - {'epoch': 25, 'rec_loss': '4.5463'}
2025-06-14 00:37:09,874 - {'Epoch': 25, 'HR@5': '0.1764', 'NDCG@5': '0.1156', 'HR@10': '0.2618', 'NDCG@10': '0.1431', 'HR@20': '0.3615', 'NDCG@20': '0.1683'}
2025-06-14 00:37:09,875 - EarlyStopping counter: 3 out of 10
2025-06-14 00:37:17,462 - {'epoch': 26, 'rec_loss': '4.5381'}
2025-06-14 00:37:21,826 - {'Epoch': 26, 'HR@5': '0.1761', 'NDCG@5': '0.1156', 'HR@10': '0.2618', 'NDCG@10': '0.1432', 'HR@20': '0.3626', 'NDCG@20': '0.1687'}
2025-06-14 00:37:21,829 - EarlyStopping counter: 4 out of 10
2025-06-14 00:37:29,415 - {'epoch': 27, 'rec_loss': '4.5316'}
2025-06-14 00:37:33,832 - {'Epoch': 27, 'HR@5': '0.1746', 'NDCG@5': '0.1143', 'HR@10': '0.2621', 'NDCG@10': '0.1425', 'HR@20': '0.3638', 'NDCG@20': '0.1682'}
2025-06-14 00:37:33,834 - EarlyStopping counter: 5 out of 10
2025-06-14 00:37:41,339 - {'epoch': 28, 'rec_loss': '4.5213'}
2025-06-14 00:37:45,723 - {'Epoch': 28, 'HR@5': '0.1755', 'NDCG@5': '0.1150', 'HR@10': '0.2621', 'NDCG@10': '0.1429', 'HR@20': '0.3619', 'NDCG@20': '0.1681'}
2025-06-14 00:37:45,724 - EarlyStopping counter: 6 out of 10
2025-06-14 00:37:53,199 - {'epoch': 29, 'rec_loss': '4.5164'}
2025-06-14 00:37:57,565 - {'Epoch': 29, 'HR@5': '0.1733', 'NDCG@5': '0.1153', 'HR@10': '0.2608', 'NDCG@10': '0.1435', 'HR@20': '0.3632', 'NDCG@20': '0.1693'}
2025-06-14 00:37:57,567 - EarlyStopping counter: 7 out of 10
2025-06-14 00:38:05,156 - {'epoch': 30, 'rec_loss': '4.5123'}
2025-06-14 00:38:09,704 - {'Epoch': 30, 'HR@5': '0.1749', 'NDCG@5': '0.1150', 'HR@10': '0.2611', 'NDCG@10': '0.1427', 'HR@20': '0.3638', 'NDCG@20': '0.1686'}
2025-06-14 00:38:09,705 - EarlyStopping counter: 8 out of 10
2025-06-14 00:38:17,268 - {'epoch': 31, 'rec_loss': '4.5012'}
2025-06-14 00:38:21,707 - {'Epoch': 31, 'HR@5': '0.1735', 'NDCG@5': '0.1147', 'HR@10': '0.2617', 'NDCG@10': '0.1431', 'HR@20': '0.3635', 'NDCG@20': '0.1688'}
2025-06-14 00:38:21,710 - EarlyStopping counter: 9 out of 10
2025-06-14 00:38:29,305 - {'epoch': 32, 'rec_loss': '4.4925'}
2025-06-14 00:38:33,695 - {'Epoch': 32, 'HR@5': '0.1739', 'NDCG@5': '0.1139', 'HR@10': '0.2609', 'NDCG@10': '0.1418', 'HR@20': '0.3632', 'NDCG@20': '0.1677'}
2025-06-14 00:38:33,697 - EarlyStopping counter: 10 out of 10
2025-06-14 00:38:33,697 - Early stopping
2025-06-14 00:38:33,697 - ---------------Validation Score---------------
2025-06-14 00:38:38,150 - {'Epoch': 0, 'HR@5': '0.1750', 'NDCG@5': '0.1155', 'HR@10': '0.2639', 'NDCG@10': '0.1441', 'HR@20': '0.3646', 'NDCG@20': '0.1696'}
2025-06-14 00:38:38,151 - BSARec_Diginetica
2025-06-14 00:38:38,151 - {'Epoch': 0, 'HR@5': '0.1750', 'NDCG@5': '0.1155', 'HR@10': '0.2639', 'NDCG@10': '0.1441', 'HR@20': '0.3646', 'NDCG@20': '0.1696'}
