2025-06-14 00:24:55,237 - Namespace(data_dir='data/self_processed/', output_dir='hparam_search/', data_name='Diginetica', train_name='BSARec_Diginetica', num_items=10, num_users=14829, lr=0.0005, batch_size=256, epochs=200, no_cuda=False, log_freq=1, patience=10, num_workers=4, seed=42, weight_decay=0.0, adam_beta1=0.9, adam_beta2=0.999, gpu_id='0', variance=5, model_type='BSARec', max_seq_length=50, hidden_size=64, num_hidden_layers=2, hidden_act='gelu', num_attention_heads=2, attention_probs_dropout_prob=0.5, hidden_dropout_prob=0.5, initializer_range=0.02, c=5, alpha=0.5, cuda_condition=True, data_file='data/self_processed/Diginetica.txt', item_size=9441, checkpoint_path=PosixPath('/gpfs/home3/scur2771/BSARec/BSARec/src/hparam_search/BSARec_Diginetica/12367757_113/model.pt'), same_target_path='data/self_processed/Diginetica_same_target.npy')
2025-06-14 00:24:55,255 - BSARecModel(
  (item_embeddings): Embedding(9441, 64, padding_idx=0)
  (position_embeddings): Embedding(50, 64)
  (LayerNorm): LayerNorm()
  (dropout): Dropout(p=0.5, inplace=False)
  (item_encoder): BSARecEncoder(
    (blocks): ModuleList(
      (0): BSARecBlock(
        (layer): BSARecLayer(
          (filter_layer): FrequencyLayer(
            (out_dropout): Dropout(p=0.5, inplace=False)
            (LayerNorm): LayerNorm()
          )
          (attention_layer): MultiHeadAttention(
            (query): Linear(in_features=64, out_features=64, bias=True)
            (key): Linear(in_features=64, out_features=64, bias=True)
            (value): Linear(in_features=64, out_features=64, bias=True)
            (softmax): Softmax(dim=-1)
            (attn_dropout): Dropout(p=0.5, inplace=False)
            (dense): Linear(in_features=64, out_features=64, bias=True)
            (LayerNorm): LayerNorm((64,), eps=1e-12, elementwise_affine=True)
            (out_dropout): Dropout(p=0.5, inplace=False)
          )
        )
        (feed_forward): FeedForward(
          (dense_1): Linear(in_features=64, out_features=256, bias=True)
          (dense_2): Linear(in_features=256, out_features=64, bias=True)
          (LayerNorm): LayerNorm()
          (dropout): Dropout(p=0.5, inplace=False)
        )
      )
      (1): BSARecBlock(
        (layer): BSARecLayer(
          (filter_layer): FrequencyLayer(
            (out_dropout): Dropout(p=0.5, inplace=False)
            (LayerNorm): LayerNorm()
          )
          (attention_layer): MultiHeadAttention(
            (query): Linear(in_features=64, out_features=64, bias=True)
            (key): Linear(in_features=64, out_features=64, bias=True)
            (value): Linear(in_features=64, out_features=64, bias=True)
            (softmax): Softmax(dim=-1)
            (attn_dropout): Dropout(p=0.5, inplace=False)
            (dense): Linear(in_features=64, out_features=64, bias=True)
            (LayerNorm): LayerNorm((64,), eps=1e-12, elementwise_affine=True)
            (out_dropout): Dropout(p=0.5, inplace=False)
          )
        )
        (feed_forward): FeedForward(
          (dense_1): Linear(in_features=64, out_features=256, bias=True)
          (dense_2): Linear(in_features=256, out_features=64, bias=True)
          (LayerNorm): LayerNorm()
          (dropout): Dropout(p=0.5, inplace=False)
        )
      )
    )
  )
)
2025-06-14 00:24:58,142 - Total Parameters: 707904
2025-06-14 00:25:06,862 - {'epoch': 0, 'rec_loss': '8.8123'}
2025-06-14 00:25:10,910 - {'Epoch': 0, 'HR@5': '0.0067', 'NDCG@5': '0.0045', 'HR@10': '0.0114', 'NDCG@10': '0.0060', 'HR@20': '0.0167', 'NDCG@20': '0.0073'}
2025-06-14 00:25:10,911 - Validation score increased.  Saving model ...
2025-06-14 00:25:18,534 - {'epoch': 1, 'rec_loss': '8.3378'}
2025-06-14 00:25:22,723 - {'Epoch': 1, 'HR@5': '0.0407', 'NDCG@5': '0.0277', 'HR@10': '0.0609', 'NDCG@10': '0.0342', 'HR@20': '0.0856', 'NDCG@20': '0.0405'}
2025-06-14 00:25:22,725 - Validation score increased.  Saving model ...
2025-06-14 00:25:30,216 - {'epoch': 2, 'rec_loss': '7.6663'}
2025-06-14 00:25:34,421 - {'Epoch': 2, 'HR@5': '0.0785', 'NDCG@5': '0.0512', 'HR@10': '0.1209', 'NDCG@10': '0.0649', 'HR@20': '0.1685', 'NDCG@20': '0.0769'}
2025-06-14 00:25:34,422 - Validation score increased.  Saving model ...
2025-06-14 00:25:42,014 - {'epoch': 3, 'rec_loss': '6.8947'}
2025-06-14 00:25:46,309 - {'Epoch': 3, 'HR@5': '0.1049', 'NDCG@5': '0.0694', 'HR@10': '0.1630', 'NDCG@10': '0.0881', 'HR@20': '0.2286', 'NDCG@20': '0.1047'}
2025-06-14 00:25:46,311 - Validation score increased.  Saving model ...
2025-06-14 00:25:53,871 - {'epoch': 4, 'rec_loss': '6.2462'}
2025-06-14 00:25:58,144 - {'Epoch': 4, 'HR@5': '0.1240', 'NDCG@5': '0.0822', 'HR@10': '0.1900', 'NDCG@10': '0.1034', 'HR@20': '0.2676', 'NDCG@20': '0.1230'}
2025-06-14 00:25:58,146 - Validation score increased.  Saving model ...
2025-06-14 00:26:05,689 - {'epoch': 5, 'rec_loss': '5.7713'}
2025-06-14 00:26:10,045 - {'Epoch': 5, 'HR@5': '0.1371', 'NDCG@5': '0.0904', 'HR@10': '0.2098', 'NDCG@10': '0.1139', 'HR@20': '0.2943', 'NDCG@20': '0.1352'}
2025-06-14 00:26:10,049 - Validation score increased.  Saving model ...
2025-06-14 00:26:17,527 - {'epoch': 6, 'rec_loss': '5.4368'}
2025-06-14 00:26:21,975 - {'Epoch': 6, 'HR@5': '0.1489', 'NDCG@5': '0.0985', 'HR@10': '0.2255', 'NDCG@10': '0.1232', 'HR@20': '0.3147', 'NDCG@20': '0.1457'}
2025-06-14 00:26:21,977 - Validation score increased.  Saving model ...
2025-06-14 00:26:29,386 - {'epoch': 7, 'rec_loss': '5.2037'}
2025-06-14 00:26:33,669 - {'Epoch': 7, 'HR@5': '0.1554', 'NDCG@5': '0.1023', 'HR@10': '0.2347', 'NDCG@10': '0.1279', 'HR@20': '0.3309', 'NDCG@20': '0.1522'}
2025-06-14 00:26:33,671 - Validation score increased.  Saving model ...
2025-06-14 00:26:41,207 - {'epoch': 8, 'rec_loss': '5.0464'}
2025-06-14 00:26:45,612 - {'Epoch': 8, 'HR@5': '0.1604', 'NDCG@5': '0.1065', 'HR@10': '0.2444', 'NDCG@10': '0.1336', 'HR@20': '0.3385', 'NDCG@20': '0.1574'}
2025-06-14 00:26:45,613 - Validation score increased.  Saving model ...
2025-06-14 00:26:53,266 - {'epoch': 9, 'rec_loss': '4.9291'}
2025-06-14 00:26:57,704 - {'Epoch': 9, 'HR@5': '0.1670', 'NDCG@5': '0.1099', 'HR@10': '0.2474', 'NDCG@10': '0.1357', 'HR@20': '0.3495', 'NDCG@20': '0.1615'}
2025-06-14 00:26:57,705 - Validation score increased.  Saving model ...
2025-06-14 00:27:05,150 - {'epoch': 10, 'rec_loss': '4.8467'}
2025-06-14 00:27:09,591 - {'Epoch': 10, 'HR@5': '0.1675', 'NDCG@5': '0.1100', 'HR@10': '0.2521', 'NDCG@10': '0.1372', 'HR@20': '0.3518', 'NDCG@20': '0.1624'}
2025-06-14 00:27:09,595 - Validation score increased.  Saving model ...
2025-06-14 00:27:17,083 - {'epoch': 11, 'rec_loss': '4.7841'}
2025-06-14 00:27:21,445 - {'Epoch': 11, 'HR@5': '0.1680', 'NDCG@5': '0.1109', 'HR@10': '0.2557', 'NDCG@10': '0.1392', 'HR@20': '0.3548', 'NDCG@20': '0.1643'}
2025-06-14 00:27:21,446 - Validation score increased.  Saving model ...
2025-06-14 00:27:28,921 - {'epoch': 12, 'rec_loss': '4.7328'}
2025-06-14 00:27:33,236 - {'Epoch': 12, 'HR@5': '0.1712', 'NDCG@5': '0.1127', 'HR@10': '0.2564', 'NDCG@10': '0.1402', 'HR@20': '0.3591', 'NDCG@20': '0.1661'}
2025-06-14 00:27:33,237 - Validation score increased.  Saving model ...
2025-06-14 00:27:40,718 - {'epoch': 13, 'rec_loss': '4.7073'}
2025-06-14 00:27:45,050 - {'Epoch': 13, 'HR@5': '0.1718', 'NDCG@5': '0.1136', 'HR@10': '0.2589', 'NDCG@10': '0.1417', 'HR@20': '0.3581', 'NDCG@20': '0.1668'}
2025-06-14 00:27:45,052 - Validation score increased.  Saving model ...
2025-06-14 00:27:52,592 - {'epoch': 14, 'rec_loss': '4.6710'}
2025-06-14 00:27:57,015 - {'Epoch': 14, 'HR@5': '0.1747', 'NDCG@5': '0.1149', 'HR@10': '0.2598', 'NDCG@10': '0.1422', 'HR@20': '0.3597', 'NDCG@20': '0.1675'}
2025-06-14 00:27:57,016 - Validation score increased.  Saving model ...
2025-06-14 00:28:04,465 - {'epoch': 15, 'rec_loss': '4.6557'}
2025-06-14 00:28:08,956 - {'Epoch': 15, 'HR@5': '0.1736', 'NDCG@5': '0.1141', 'HR@10': '0.2615', 'NDCG@10': '0.1423', 'HR@20': '0.3609', 'NDCG@20': '0.1674'}
2025-06-14 00:28:08,958 - EarlyStopping counter: 1 out of 10
2025-06-14 00:28:16,427 - {'epoch': 16, 'rec_loss': '4.6302'}
2025-06-14 00:28:20,792 - {'Epoch': 16, 'HR@5': '0.1726', 'NDCG@5': '0.1139', 'HR@10': '0.2596', 'NDCG@10': '0.1419', 'HR@20': '0.3622', 'NDCG@20': '0.1678'}
2025-06-14 00:28:20,794 - Validation score increased.  Saving model ...
2025-06-14 00:28:28,380 - {'epoch': 17, 'rec_loss': '4.6137'}
2025-06-14 00:28:32,828 - {'Epoch': 17, 'HR@5': '0.1755', 'NDCG@5': '0.1145', 'HR@10': '0.2616', 'NDCG@10': '0.1423', 'HR@20': '0.3625', 'NDCG@20': '0.1678'}
2025-06-14 00:28:32,831 - EarlyStopping counter: 1 out of 10
2025-06-14 00:28:40,266 - {'epoch': 18, 'rec_loss': '4.5965'}
2025-06-14 00:28:44,692 - {'Epoch': 18, 'HR@5': '0.1753', 'NDCG@5': '0.1156', 'HR@10': '0.2621', 'NDCG@10': '0.1436', 'HR@20': '0.3634', 'NDCG@20': '0.1692'}
2025-06-14 00:28:44,694 - Validation score increased.  Saving model ...
2025-06-14 00:28:52,190 - {'epoch': 19, 'rec_loss': '4.5828'}
2025-06-14 00:28:56,630 - {'Epoch': 19, 'HR@5': '0.1755', 'NDCG@5': '0.1148', 'HR@10': '0.2612', 'NDCG@10': '0.1423', 'HR@20': '0.3620', 'NDCG@20': '0.1678'}
2025-06-14 00:28:56,631 - EarlyStopping counter: 1 out of 10
2025-06-14 00:29:04,159 - {'epoch': 20, 'rec_loss': '4.5759'}
2025-06-14 00:29:08,524 - {'Epoch': 20, 'HR@5': '0.1769', 'NDCG@5': '0.1162', 'HR@10': '0.2619', 'NDCG@10': '0.1435', 'HR@20': '0.3636', 'NDCG@20': '0.1693'}
2025-06-14 00:29:08,525 - Validation score increased.  Saving model ...
2025-06-14 00:29:16,011 - {'epoch': 21, 'rec_loss': '4.5609'}
2025-06-14 00:29:20,422 - {'Epoch': 21, 'HR@5': '0.1754', 'NDCG@5': '0.1149', 'HR@10': '0.2639', 'NDCG@10': '0.1434', 'HR@20': '0.3659', 'NDCG@20': '0.1692'}
2025-06-14 00:29:20,424 - EarlyStopping counter: 1 out of 10
2025-06-14 00:29:27,841 - {'epoch': 22, 'rec_loss': '4.5536'}
2025-06-14 00:29:32,270 - {'Epoch': 22, 'HR@5': '0.1779', 'NDCG@5': '0.1168', 'HR@10': '0.2630', 'NDCG@10': '0.1442', 'HR@20': '0.3655', 'NDCG@20': '0.1701'}
2025-06-14 00:29:32,271 - Validation score increased.  Saving model ...
2025-06-14 00:29:39,772 - {'epoch': 23, 'rec_loss': '4.5405'}
2025-06-14 00:29:44,243 - {'Epoch': 23, 'HR@5': '0.1741', 'NDCG@5': '0.1142', 'HR@10': '0.2607', 'NDCG@10': '0.1421', 'HR@20': '0.3636', 'NDCG@20': '0.1681'}
2025-06-14 00:29:44,246 - EarlyStopping counter: 1 out of 10
2025-06-14 00:29:51,683 - {'epoch': 24, 'rec_loss': '4.5384'}
2025-06-14 00:29:56,106 - {'Epoch': 24, 'HR@5': '0.1727', 'NDCG@5': '0.1145', 'HR@10': '0.2618', 'NDCG@10': '0.1433', 'HR@20': '0.3627', 'NDCG@20': '0.1689'}
2025-06-14 00:29:56,108 - EarlyStopping counter: 2 out of 10
2025-06-14 00:30:03,578 - {'epoch': 25, 'rec_loss': '4.5248'}
2025-06-14 00:30:08,005 - {'Epoch': 25, 'HR@5': '0.1770', 'NDCG@5': '0.1164', 'HR@10': '0.2617', 'NDCG@10': '0.1437', 'HR@20': '0.3644', 'NDCG@20': '0.1697'}
2025-06-14 00:30:08,006 - EarlyStopping counter: 3 out of 10
2025-06-14 00:30:15,445 - {'epoch': 26, 'rec_loss': '4.5185'}
2025-06-14 00:30:19,933 - {'Epoch': 26, 'HR@5': '0.1773', 'NDCG@5': '0.1164', 'HR@10': '0.2617', 'NDCG@10': '0.1436', 'HR@20': '0.3644', 'NDCG@20': '0.1696'}
2025-06-14 00:30:19,935 - EarlyStopping counter: 4 out of 10
2025-06-14 00:30:27,478 - {'epoch': 27, 'rec_loss': '4.5155'}
2025-06-14 00:30:31,945 - {'Epoch': 27, 'HR@5': '0.1741', 'NDCG@5': '0.1152', 'HR@10': '0.2603', 'NDCG@10': '0.1431', 'HR@20': '0.3647', 'NDCG@20': '0.1695'}
2025-06-14 00:30:31,946 - EarlyStopping counter: 5 out of 10
2025-06-14 00:30:39,311 - {'epoch': 28, 'rec_loss': '4.5021'}
2025-06-14 00:30:43,791 - {'Epoch': 28, 'HR@5': '0.1759', 'NDCG@5': '0.1157', 'HR@10': '0.2630', 'NDCG@10': '0.1438', 'HR@20': '0.3629', 'NDCG@20': '0.1690'}
2025-06-14 00:30:43,792 - EarlyStopping counter: 6 out of 10
2025-06-14 00:30:51,260 - {'epoch': 29, 'rec_loss': '4.5007'}
2025-06-14 00:30:55,713 - {'Epoch': 29, 'HR@5': '0.1745', 'NDCG@5': '0.1150', 'HR@10': '0.2606', 'NDCG@10': '0.1428', 'HR@20': '0.3617', 'NDCG@20': '0.1684'}
2025-06-14 00:30:55,715 - EarlyStopping counter: 7 out of 10
2025-06-14 00:31:03,185 - {'epoch': 30, 'rec_loss': '4.4963'}
2025-06-14 00:31:07,577 - {'Epoch': 30, 'HR@5': '0.1759', 'NDCG@5': '0.1159', 'HR@10': '0.2632', 'NDCG@10': '0.1440', 'HR@20': '0.3642', 'NDCG@20': '0.1695'}
2025-06-14 00:31:07,579 - EarlyStopping counter: 8 out of 10
2025-06-14 00:31:15,050 - {'epoch': 31, 'rec_loss': '4.4892'}
2025-06-14 00:31:19,481 - {'Epoch': 31, 'HR@5': '0.1752', 'NDCG@5': '0.1156', 'HR@10': '0.2617', 'NDCG@10': '0.1436', 'HR@20': '0.3653', 'NDCG@20': '0.1698'}
2025-06-14 00:31:19,482 - EarlyStopping counter: 9 out of 10
2025-06-14 00:31:26,892 - {'epoch': 32, 'rec_loss': '4.4814'}
2025-06-14 00:31:31,384 - {'Epoch': 32, 'HR@5': '0.1764', 'NDCG@5': '0.1154', 'HR@10': '0.2638', 'NDCG@10': '0.1436', 'HR@20': '0.3649', 'NDCG@20': '0.1691'}
2025-06-14 00:31:31,385 - EarlyStopping counter: 10 out of 10
2025-06-14 00:31:31,385 - Early stopping
2025-06-14 00:31:31,385 - ---------------Validation Score---------------
2025-06-14 00:31:35,962 - {'Epoch': 0, 'HR@5': '0.1779', 'NDCG@5': '0.1168', 'HR@10': '0.2630', 'NDCG@10': '0.1442', 'HR@20': '0.3655', 'NDCG@20': '0.1701'}
2025-06-14 00:31:35,963 - BSARec_Diginetica
2025-06-14 00:31:35,963 - {'Epoch': 0, 'HR@5': '0.1779', 'NDCG@5': '0.1168', 'HR@10': '0.2630', 'NDCG@10': '0.1442', 'HR@20': '0.3655', 'NDCG@20': '0.1701'}
